2025-09-12 16:31:45 - [BENIGN] - INFO - Starting benign traffic for 200 seconds...
2025-09-12 16:31:45 - [BENIGN] - INFO - Protocol separation: h2↔h5 (ICMP), h3↔h5 (TCP/UDP)
2025-09-12 16:31:45 - [BENIGN] - DEBUG - Generated ICMP traffic h2↔h5 0 [len=84B]
2025-09-12 16:31:45 - [BENIGN] - DEBUG - Generated TCP SYN from h3:60944 -> h5:12345 [len=54B]
2025-09-12 16:31:46 - [BENIGN] - DEBUG - Generated TCP SYN-ACK from h5:12345 <- h3:60944 [len=54B]
2025-09-12 16:31:47 - [BENIGN] - DEBUG - Generated TCP ACK from h3:60944 -> h5:12345 [len=54B]
2025-09-12 16:31:48 - [BENIGN] - DEBUG - Generated TCP data traffic from h3:60944 -> h5:12345 [content='TCP data'] [Session 1] [len=1335B]
2025-09-12 16:31:48 - [BENIGN] - DEBUG - Generated TCP ACK reply from h5:12345 <- h3:60944 [len=54B]
2025-09-12 16:31:49 - [BENIGN] - DEBUG - Generated UDP traffic from h3:1195 -> h5:12346 [content='271b51f1d85d5f808353f0ebd647940b4f093c36...'] [Session 2] [len=1352B]
2025-09-12 16:31:50 - [BENIGN] - DEBUG - Generated Telnet SYN from h3:8352 -> h5:23 [len=54B]
2025-09-12 16:31:50 - [BENIGN] - DEBUG - Generated Telnet SYN-ACK from h5:23 <- h3:8352 [len=54B]
2025-09-12 16:31:51 - [BENIGN] - DEBUG - Generated Telnet ACK from h3:8352 -> h5:23 [len=54B]
2025-09-12 16:31:52 - [BENIGN] - DEBUG - Generated Telnet data traffic from h3:8352 -> h5:23 [content='Telnet command'] [Session 3] [len=976B]
2025-09-12 16:31:52 - [BENIGN] - DEBUG - Generated Telnet ACK reply from h5:23 <- h3:8352 [len=54B]
2025-09-12 16:31:53 - [BENIGN] - DEBUG - Generated SSH SYN from h3:34566 -> h5:22 [len=54B]
2025-09-12 16:31:54 - [BENIGN] - DEBUG - Generated SSH SYN-ACK from h5:22 <- h3:34566 [len=54B]
2025-09-12 16:31:54 - [BENIGN] - DEBUG - Generated SSH ACK from h3:34566 -> h5:22 [len=54B]
2025-09-12 16:31:55 - [BENIGN] - DEBUG - Generated SSH data traffic from h3:34566 -> h5:22 [content='SSH encrypted data'] [Session 4] [len=189B]
2025-09-12 16:31:56 - [BENIGN] - DEBUG - Generated SSH ACK reply from h5:22 <- h3:34566 [len=54B]
2025-09-12 16:31:56 - [BENIGN] - DEBUG - Generated FTP SYN from h3:23473 -> h5:21 [len=54B]
2025-09-12 16:31:57 - [BENIGN] - DEBUG - Generated FTP SYN-ACK from h5:21 <- h3:23473 [len=54B]
2025-09-12 16:31:58 - [BENIGN] - DEBUG - Generated FTP ACK from h3:23473 -> h5:21 [len=54B]
2025-09-12 16:31:58 - [BENIGN] - DEBUG - Generated FTP data traffic from h3:23473 -> h5:21 [content='FTP file transfer'] [Session 5] [len=1231B]
2025-09-12 16:31:59 - [BENIGN] - DEBUG - Generated FTP ACK reply from h5:21 <- h3:23473 [len=54B]
2025-09-12 16:31:59 - [BENIGN] - DEBUG - Generated HTTP SYN from h3:3493 -> h5:80 [len=54B]
2025-09-12 16:32:00 - [BENIGN] - DEBUG - Generated HTTP SYN-ACK from h5:80 <- h3:3493 [len=54B]
2025-09-12 16:32:01 - [BENIGN] - DEBUG - Generated HTTP ACK from h3:3493 -> h5:80 [len=54B]
2025-09-12 16:32:01 - [BENIGN] - DEBUG - Generated HTTP data traffic from h3:3493 -> h5:80 [content='GET /index.html HTTP/1.1'] [Session 6] [len=590B]
2025-09-12 16:32:02 - [BENIGN] - DEBUG - Generated HTTP ACK reply from h5:80 <- h3:3493 [len=54B]
2025-09-12 16:32:03 - [BENIGN] - DEBUG - Generated HTTPS SYN from h3:24729 -> h5:443 [len=54B]
2025-09-12 16:32:03 - [BENIGN] - DEBUG - Generated HTTPS SYN-ACK from h5:443 <- h3:24729 [len=54B]
2025-09-12 16:32:04 - [BENIGN] - DEBUG - Generated HTTPS ACK from h3:24729 -> h5:443 [len=54B]
2025-09-12 16:32:05 - [BENIGN] - DEBUG - Generated HTTPS data traffic from h3:24729 -> h5:443 [content='Encrypted Application Data'] [Session 7] [len=436B]
2025-09-12 16:32:05 - [BENIGN] - DEBUG - Generated HTTPS ACK reply from h5:443 <- h3:24729 [len=54B]
2025-09-12 16:32:06 - [BENIGN] - DEBUG - Generated DNS query from h3:14326 -> h5:53 [qname='example.com'] [Session 8] [len=71B]
2025-09-12 16:32:06 - [BENIGN] - DEBUG - Generated ICMP traffic h2↔h5 1 [len=84B]
2025-09-12 16:32:07 - [BENIGN] - DEBUG - Generated TCP SYN from h3:21015 -> h5:12345 [len=54B]
2025-09-12 16:32:07 - [BENIGN] - DEBUG - Generated TCP SYN-ACK from h5:12345 <- h3:21015 [len=54B]
2025-09-12 16:32:08 - [BENIGN] - DEBUG - Generated TCP ACK from h3:21015 -> h5:12345 [len=54B]
2025-09-12 16:32:08 - [BENIGN] - DEBUG - Generated TCP data traffic from h3:21015 -> h5:12345 [content='TCP data'] [Session 9] [len=1080B]
2025-09-12 16:32:09 - [BENIGN] - DEBUG - Generated TCP ACK reply from h5:12345 <- h3:21015 [len=54B]
2025-09-12 16:32:10 - [BENIGN] - DEBUG - Generated UDP traffic from h3:43103 -> h5:12346 [content='294c2291f317a50da44c6cd9841bbb9c04c98700...'] [Session 10] [len=1392B]
2025-09-12 16:32:10 - [BENIGN] - DEBUG - Generated Telnet SYN from h3:32983 -> h5:23 [len=54B]
2025-09-12 16:32:11 - [BENIGN] - DEBUG - Generated Telnet SYN-ACK from h5:23 <- h3:32983 [len=54B]
2025-09-12 16:32:12 - [BENIGN] - DEBUG - Generated Telnet ACK from h3:32983 -> h5:23 [len=54B]
2025-09-12 16:32:12 - [BENIGN] - DEBUG - Generated Telnet data traffic from h3:32983 -> h5:23 [content='Telnet command'] [Session 11] [len=329B]
2025-09-12 16:32:13 - [BENIGN] - DEBUG - Generated Telnet ACK reply from h5:23 <- h3:32983 [len=54B]
2025-09-12 16:32:14 - [BENIGN] - DEBUG - Generated SSH SYN from h3:26491 -> h5:22 [len=54B]
2025-09-12 16:32:14 - [BENIGN] - DEBUG - Generated SSH SYN-ACK from h5:22 <- h3:26491 [len=54B]
2025-09-12 16:32:15 - [BENIGN] - DEBUG - Generated SSH ACK from h3:26491 -> h5:22 [len=54B]
2025-09-12 16:32:15 - [BENIGN] - DEBUG - Generated SSH data traffic from h3:26491 -> h5:22 [content='SSH encrypted data'] [Session 12] [len=1124B]
2025-09-12 16:32:16 - [BENIGN] - DEBUG - Generated SSH ACK reply from h5:22 <- h3:26491 [len=54B]
2025-09-12 16:32:17 - [BENIGN] - DEBUG - Generated FTP SYN from h3:22169 -> h5:21 [len=54B]
2025-09-12 16:32:17 - [BENIGN] - DEBUG - Generated FTP SYN-ACK from h5:21 <- h3:22169 [len=54B]
2025-09-12 16:32:18 - [BENIGN] - DEBUG - Generated FTP ACK from h3:22169 -> h5:21 [len=54B]
2025-09-12 16:32:19 - [BENIGN] - DEBUG - Generated FTP data traffic from h3:22169 -> h5:21 [content='FTP file transfer'] [Session 13] [len=880B]
2025-09-12 16:32:19 - [BENIGN] - DEBUG - Generated FTP ACK reply from h5:21 <- h3:22169 [len=54B]
2025-09-12 16:32:20 - [BENIGN] - DEBUG - Generated HTTP SYN from h3:27036 -> h5:80 [len=54B]
2025-09-12 16:32:20 - [BENIGN] - DEBUG - Generated HTTP SYN-ACK from h5:80 <- h3:27036 [len=54B]
2025-09-12 16:32:21 - [BENIGN] - DEBUG - Generated HTTP ACK from h3:27036 -> h5:80 [len=54B]
2025-09-12 16:32:22 - [BENIGN] - DEBUG - Generated HTTP data traffic from h3:27036 -> h5:80 [content='GET /index.html HTTP/1.1'] [Session 14] [len=522B]
2025-09-12 16:32:22 - [BENIGN] - DEBUG - Generated HTTP ACK reply from h5:80 <- h3:27036 [len=54B]
2025-09-12 16:32:23 - [BENIGN] - DEBUG - Generated HTTPS SYN from h3:30835 -> h5:443 [len=54B]
2025-09-12 16:32:24 - [BENIGN] - DEBUG - Generated HTTPS SYN-ACK from h5:443 <- h3:30835 [len=54B]
2025-09-12 16:32:24 - [BENIGN] - DEBUG - Generated HTTPS ACK from h3:30835 -> h5:443 [len=54B]
2025-09-12 16:32:25 - [BENIGN] - DEBUG - Generated HTTPS data traffic from h3:30835 -> h5:443 [content='Encrypted Application Data'] [Session 15] [len=356B]
2025-09-12 16:32:26 - [BENIGN] - DEBUG - Generated HTTPS ACK reply from h5:443 <- h3:30835 [len=54B]
2025-09-12 16:32:26 - [BENIGN] - DEBUG - Generated DNS query from h3:37377 -> h5:53 [qname='example.com'] [Session 16] [len=71B]
2025-09-12 16:32:26 - [BENIGN] - DEBUG - Generated ICMP traffic h2↔h5 2 [len=84B]
2025-09-12 16:32:27 - [BENIGN] - DEBUG - Generated TCP SYN from h3:4917 -> h5:12345 [len=54B]
2025-09-12 16:32:27 - [BENIGN] - DEBUG - Generated TCP SYN-ACK from h5:12345 <- h3:4917 [len=54B]
2025-09-12 16:32:28 - [BENIGN] - DEBUG - Generated TCP ACK from h3:4917 -> h5:12345 [len=54B]
2025-09-12 16:32:29 - [BENIGN] - DEBUG - Generated TCP data traffic from h3:4917 -> h5:12345 [content='TCP data'] [Session 17] [len=1524B]
2025-09-12 16:32:30 - [BENIGN] - DEBUG - Generated TCP ACK reply from h5:12345 <- h3:4917 [len=54B]
2025-09-12 16:32:30 - [BENIGN] - DEBUG - Generated UDP traffic from h3:60162 -> h5:12346 [content='b0f6614f6cc27bd2ab468aa673273f3093b254a2...'] [Session 18] [len=207B]
2025-09-12 16:32:31 - [BENIGN] - DEBUG - Generated Telnet SYN from h3:50122 -> h5:23 [len=54B]
2025-09-12 16:32:31 - [BENIGN] - DEBUG - Generated Telnet SYN-ACK from h5:23 <- h3:50122 [len=54B]
2025-09-12 16:32:32 - [BENIGN] - DEBUG - Generated Telnet ACK from h3:50122 -> h5:23 [len=54B]
2025-09-12 16:32:33 - [BENIGN] - DEBUG - Generated Telnet data traffic from h3:50122 -> h5:23 [content='Telnet command'] [Session 19] [len=1226B]
2025-09-12 16:32:33 - [BENIGN] - DEBUG - Generated Telnet ACK reply from h5:23 <- h3:50122 [len=54B]
2025-09-12 16:32:34 - [BENIGN] - DEBUG - Generated SSH SYN from h3:50357 -> h5:22 [len=54B]
2025-09-12 16:32:35 - [BENIGN] - DEBUG - Generated SSH SYN-ACK from h5:22 <- h3:50357 [len=54B]
2025-09-12 16:32:35 - [BENIGN] - DEBUG - Generated SSH ACK from h3:50357 -> h5:22 [len=54B]
2025-09-12 16:32:36 - [BENIGN] - DEBUG - Generated SSH data traffic from h3:50357 -> h5:22 [content='SSH encrypted data'] [Session 20] [len=1243B]
2025-09-12 16:32:37 - [BENIGN] - DEBUG - Generated SSH ACK reply from h5:22 <- h3:50357 [len=54B]
2025-09-12 16:32:37 - [BENIGN] - DEBUG - Generated FTP SYN from h3:52064 -> h5:21 [len=54B]
2025-09-12 16:32:38 - [BENIGN] - DEBUG - Generated FTP SYN-ACK from h5:21 <- h3:52064 [len=54B]
2025-09-12 16:32:39 - [BENIGN] - DEBUG - Generated FTP ACK from h3:52064 -> h5:21 [len=54B]
2025-09-12 16:32:39 - [BENIGN] - DEBUG - Generated FTP data traffic from h3:52064 -> h5:21 [content='FTP file transfer'] [Session 21] [len=1261B]
2025-09-12 16:32:40 - [BENIGN] - DEBUG - Generated FTP ACK reply from h5:21 <- h3:52064 [len=54B]
2025-09-12 16:32:40 - [BENIGN] - DEBUG - Generated HTTP SYN from h3:59501 -> h5:80 [len=54B]
2025-09-12 16:32:41 - [BENIGN] - DEBUG - Generated HTTP SYN-ACK from h5:80 <- h3:59501 [len=54B]
2025-09-12 16:32:42 - [BENIGN] - DEBUG - Generated HTTP ACK from h3:59501 -> h5:80 [len=54B]
2025-09-12 16:32:42 - [BENIGN] - DEBUG - Generated HTTP data traffic from h3:59501 -> h5:80 [content='GET /index.html HTTP/1.1'] [Session 22] [len=291B]
2025-09-12 16:32:43 - [BENIGN] - DEBUG - Generated HTTP ACK reply from h5:80 <- h3:59501 [len=54B]
2025-09-12 16:32:44 - [BENIGN] - DEBUG - Generated HTTPS SYN from h3:13815 -> h5:443 [len=54B]
2025-09-12 16:32:44 - [BENIGN] - DEBUG - Generated HTTPS SYN-ACK from h5:443 <- h3:13815 [len=54B]
2025-09-12 16:32:45 - [BENIGN] - DEBUG - Generated HTTPS ACK from h3:13815 -> h5:443 [len=54B]
2025-09-12 16:32:46 - [BENIGN] - DEBUG - Generated HTTPS data traffic from h3:13815 -> h5:443 [content='Encrypted Application Data'] [Session 23] [len=337B]
2025-09-12 16:32:46 - [BENIGN] - DEBUG - Generated HTTPS ACK reply from h5:443 <- h3:13815 [len=54B]
2025-09-12 16:32:47 - [BENIGN] - DEBUG - Generated DNS query from h3:48852 -> h5:53 [qname='example.com'] [Session 24] [len=71B]
2025-09-12 16:32:47 - [BENIGN] - DEBUG - Generated ICMP traffic h2↔h5 3 [len=84B]
2025-09-12 16:32:48 - [BENIGN] - DEBUG - Generated TCP SYN from h3:3464 -> h5:12345 [len=54B]
2025-09-12 16:32:48 - [BENIGN] - DEBUG - Generated TCP SYN-ACK from h5:12345 <- h3:3464 [len=54B]
2025-09-12 16:32:49 - [BENIGN] - DEBUG - Generated TCP ACK from h3:3464 -> h5:12345 [len=54B]
2025-09-12 16:32:49 - [BENIGN] - DEBUG - Generated TCP data traffic from h3:3464 -> h5:12345 [content='TCP data'] [Session 25] [len=275B]
2025-09-12 16:32:50 - [BENIGN] - DEBUG - Generated TCP ACK reply from h5:12345 <- h3:3464 [len=54B]
2025-09-12 16:32:51 - [BENIGN] - DEBUG - Generated UDP traffic from h3:52812 -> h5:12346 [content='4cd1c5b4115765e2d16a04aa42d94c9c056ef601...'] [Session 26] [len=1307B]
2025-09-12 16:32:51 - [BENIGN] - DEBUG - Generated Telnet SYN from h3:30593 -> h5:23 [len=54B]
2025-09-12 16:32:52 - [BENIGN] - DEBUG - Generated Telnet SYN-ACK from h5:23 <- h3:30593 [len=54B]
2025-09-12 16:32:53 - [BENIGN] - DEBUG - Generated Telnet ACK from h3:30593 -> h5:23 [len=54B]
2025-09-12 16:32:53 - [BENIGN] - DEBUG - Generated Telnet data traffic from h3:30593 -> h5:23 [content='Telnet command'] [Session 27] [len=851B]
2025-09-12 16:32:54 - [BENIGN] - DEBUG - Generated Telnet ACK reply from h5:23 <- h3:30593 [len=54B]
2025-09-12 16:32:54 - [BENIGN] - DEBUG - Generated SSH SYN from h3:35422 -> h5:22 [len=54B]
2025-09-12 16:32:55 - [BENIGN] - DEBUG - Generated SSH SYN-ACK from h5:22 <- h3:35422 [len=54B]
2025-09-12 16:32:56 - [BENIGN] - DEBUG - Generated SSH ACK from h3:35422 -> h5:22 [len=54B]
2025-09-12 16:32:56 - [BENIGN] - DEBUG - Generated SSH data traffic from h3:35422 -> h5:22 [content='SSH encrypted data'] [Session 28] [len=1437B]
2025-09-12 16:32:57 - [BENIGN] - DEBUG - Generated SSH ACK reply from h5:22 <- h3:35422 [len=54B]
2025-09-12 16:32:58 - [BENIGN] - DEBUG - Generated FTP SYN from h3:22461 -> h5:21 [len=54B]
2025-09-12 16:32:58 - [BENIGN] - DEBUG - Generated FTP SYN-ACK from h5:21 <- h3:22461 [len=54B]
2025-09-12 16:32:59 - [BENIGN] - DEBUG - Generated FTP ACK from h3:22461 -> h5:21 [len=54B]
2025-09-12 16:32:59 - [BENIGN] - DEBUG - Generated FTP data traffic from h3:22461 -> h5:21 [content='FTP file transfer'] [Session 29] [len=778B]
2025-09-12 16:33:00 - [BENIGN] - DEBUG - Generated FTP ACK reply from h5:21 <- h3:22461 [len=54B]
2025-09-12 16:33:01 - [BENIGN] - DEBUG - Generated HTTP SYN from h3:54048 -> h5:80 [len=54B]
2025-09-12 16:33:01 - [BENIGN] - DEBUG - Generated HTTP SYN-ACK from h5:80 <- h3:54048 [len=54B]
2025-09-12 16:33:02 - [BENIGN] - DEBUG - Generated HTTP ACK from h3:54048 -> h5:80 [len=54B]
2025-09-12 16:33:03 - [BENIGN] - DEBUG - Generated HTTP data traffic from h3:54048 -> h5:80 [content='GET /index.html HTTP/1.1'] [Session 30] [len=573B]
2025-09-12 16:33:03 - [BENIGN] - DEBUG - Generated HTTP ACK reply from h5:80 <- h3:54048 [len=54B]
2025-09-12 16:33:04 - [BENIGN] - DEBUG - Generated HTTPS SYN from h3:4216 -> h5:443 [len=54B]
2025-09-12 16:33:04 - [BENIGN] - DEBUG - Generated HTTPS SYN-ACK from h5:443 <- h3:4216 [len=54B]
2025-09-12 16:33:05 - [BENIGN] - DEBUG - Generated HTTPS ACK from h3:4216 -> h5:443 [len=54B]
2025-09-12 16:33:06 - [BENIGN] - DEBUG - Generated HTTPS data traffic from h3:4216 -> h5:443 [content='Encrypted Application Data'] [Session 31] [len=239B]
2025-09-12 16:33:06 - [BENIGN] - DEBUG - Generated HTTPS ACK reply from h5:443 <- h3:4216 [len=54B]
2025-09-12 16:33:07 - [BENIGN] - DEBUG - Generated DNS query from h3:13078 -> h5:53 [qname='example.com'] [Session 32] [len=71B]
2025-09-12 16:33:07 - [BENIGN] - DEBUG - Generated ICMP traffic h2↔h5 4 [len=84B]
2025-09-12 16:33:08 - [BENIGN] - DEBUG - Generated TCP SYN from h3:37193 -> h5:12345 [len=54B]
2025-09-12 16:33:08 - [BENIGN] - DEBUG - Generated TCP SYN-ACK from h5:12345 <- h3:37193 [len=54B]
2025-09-12 16:33:09 - [BENIGN] - DEBUG - Generated TCP ACK from h3:37193 -> h5:12345 [len=54B]
2025-09-12 16:33:10 - [BENIGN] - DEBUG - Generated TCP data traffic from h3:37193 -> h5:12345 [content='TCP data'] [Session 33] [len=222B]
2025-09-12 16:33:10 - [BENIGN] - DEBUG - Generated TCP ACK reply from h5:12345 <- h3:37193 [len=54B]
2025-09-12 16:33:11 - [BENIGN] - DEBUG - Generated UDP traffic from h3:19142 -> h5:12346 [content='98cc32fda72fc95c436ad85df3aa6476724e4496...'] [Session 34] [len=686B]
2025-09-12 16:33:11 - [BENIGN] - DEBUG - Generated Telnet SYN from h3:36119 -> h5:23 [len=54B]
2025-09-12 16:33:12 - [BENIGN] - DEBUG - Generated Telnet SYN-ACK from h5:23 <- h3:36119 [len=54B]
2025-09-12 16:33:13 - [BENIGN] - DEBUG - Generated Telnet ACK from h3:36119 -> h5:23 [len=54B]
2025-09-12 16:33:13 - [BENIGN] - DEBUG - Generated Telnet data traffic from h3:36119 -> h5:23 [content='Telnet command'] [Session 35] [len=562B]
2025-09-12 16:33:14 - [BENIGN] - DEBUG - Generated Telnet ACK reply from h5:23 <- h3:36119 [len=54B]
2025-09-12 16:33:15 - [BENIGN] - DEBUG - Generated SSH SYN from h3:12658 -> h5:22 [len=54B]
2025-09-12 16:33:15 - [BENIGN] - DEBUG - Generated SSH SYN-ACK from h5:22 <- h3:12658 [len=54B]
2025-09-12 16:33:16 - [BENIGN] - DEBUG - Generated SSH ACK from h3:12658 -> h5:22 [len=54B]
2025-09-12 16:33:17 - [BENIGN] - DEBUG - Generated SSH data traffic from h3:12658 -> h5:22 [content='SSH encrypted data'] [Session 36] [len=448B]
2025-09-12 16:33:17 - [BENIGN] - DEBUG - Generated SSH ACK reply from h5:22 <- h3:12658 [len=54B]
2025-09-12 16:33:18 - [BENIGN] - DEBUG - Generated FTP SYN from h3:34382 -> h5:21 [len=54B]
2025-09-12 16:33:18 - [BENIGN] - DEBUG - Generated FTP SYN-ACK from h5:21 <- h3:34382 [len=54B]
2025-09-12 16:33:19 - [BENIGN] - DEBUG - Generated FTP ACK from h3:34382 -> h5:21 [len=54B]
2025-09-12 16:33:20 - [BENIGN] - DEBUG - Generated FTP data traffic from h3:34382 -> h5:21 [content='FTP file transfer'] [Session 37] [len=1515B]
2025-09-12 16:33:20 - [BENIGN] - DEBUG - Generated FTP ACK reply from h5:21 <- h3:34382 [len=54B]
2025-09-12 16:33:21 - [BENIGN] - DEBUG - Generated HTTP SYN from h3:34179 -> h5:80 [len=54B]
2025-09-12 16:33:22 - [BENIGN] - DEBUG - Generated HTTP SYN-ACK from h5:80 <- h3:34179 [len=54B]
2025-09-12 16:33:22 - [BENIGN] - DEBUG - Generated HTTP ACK from h3:34179 -> h5:80 [len=54B]
2025-09-12 16:33:23 - [BENIGN] - DEBUG - Generated HTTP data traffic from h3:34179 -> h5:80 [content='GET /index.html HTTP/1.1'] [Session 38] [len=619B]
2025-09-12 16:33:24 - [BENIGN] - DEBUG - Generated HTTP ACK reply from h5:80 <- h3:34179 [len=54B]
2025-09-12 16:33:24 - [BENIGN] - DEBUG - Generated HTTPS SYN from h3:30598 -> h5:443 [len=54B]
2025-09-12 16:33:25 - [BENIGN] - DEBUG - Generated HTTPS SYN-ACK from h5:443 <- h3:30598 [len=54B]
2025-09-12 16:33:25 - [BENIGN] - DEBUG - Generated HTTPS ACK from h3:30598 -> h5:443 [len=54B]
2025-09-12 16:33:26 - [BENIGN] - DEBUG - Generated HTTPS data traffic from h3:30598 -> h5:443 [content='Encrypted Application Data'] [Session 39] [len=211B]
2025-09-12 16:33:27 - [BENIGN] - DEBUG - Generated HTTPS ACK reply from h5:443 <- h3:30598 [len=54B]
2025-09-12 16:33:27 - [BENIGN] - DEBUG - Generated DNS query from h3:41914 -> h5:53 [qname='example.com'] [Session 40] [len=71B]
2025-09-12 16:33:27 - [BENIGN] - DEBUG - Generated ICMP traffic h2↔h5 5 [len=84B]
2025-09-12 16:33:28 - [BENIGN] - DEBUG - Generated TCP SYN from h3:21081 -> h5:12345 [len=54B]
2025-09-12 16:33:29 - [BENIGN] - DEBUG - Generated TCP SYN-ACK from h5:12345 <- h3:21081 [len=54B]
2025-09-12 16:33:29 - [BENIGN] - DEBUG - Generated TCP ACK from h3:21081 -> h5:12345 [len=54B]
2025-09-12 16:33:30 - [BENIGN] - DEBUG - Generated TCP data traffic from h3:21081 -> h5:12345 [content='TCP data'] [Session 41] [len=911B]
2025-09-12 16:33:31 - [BENIGN] - DEBUG - Generated TCP ACK reply from h5:12345 <- h3:21081 [len=54B]
2025-09-12 16:33:31 - [BENIGN] - DEBUG - Generated UDP traffic from h3:23771 -> h5:12346 [content='875632fde8fd60d721e40bd57c2c55fcb562d8d7...'] [Session 42] [len=1020B]
2025-09-12 16:33:32 - [BENIGN] - DEBUG - Generated Telnet SYN from h3:10030 -> h5:23 [len=54B]
2025-09-12 16:33:32 - [BENIGN] - DEBUG - Generated Telnet SYN-ACK from h5:23 <- h3:10030 [len=54B]
2025-09-12 16:33:33 - [BENIGN] - DEBUG - Generated Telnet ACK from h3:10030 -> h5:23 [len=54B]
2025-09-12 16:33:34 - [BENIGN] - DEBUG - Generated Telnet data traffic from h3:10030 -> h5:23 [content='Telnet command'] [Session 43] [len=493B]
2025-09-12 16:33:34 - [BENIGN] - DEBUG - Generated Telnet ACK reply from h5:23 <- h3:10030 [len=54B]
2025-09-12 16:33:35 - [BENIGN] - DEBUG - Generated SSH SYN from h3:41291 -> h5:22 [len=54B]
2025-09-12 16:33:36 - [BENIGN] - DEBUG - Generated SSH SYN-ACK from h5:22 <- h3:41291 [len=54B]
2025-09-12 16:33:36 - [BENIGN] - DEBUG - Generated SSH ACK from h3:41291 -> h5:22 [len=54B]
2025-09-12 16:33:37 - [BENIGN] - DEBUG - Generated SSH data traffic from h3:41291 -> h5:22 [content='SSH encrypted data'] [Session 44] [len=1227B]
2025-09-12 16:33:37 - [BENIGN] - DEBUG - Generated SSH ACK reply from h5:22 <- h3:41291 [len=54B]
2025-09-12 16:33:38 - [BENIGN] - DEBUG - Generated FTP SYN from h3:57523 -> h5:21 [len=54B]
2025-09-12 16:33:39 - [BENIGN] - DEBUG - Generated FTP SYN-ACK from h5:21 <- h3:57523 [len=54B]
2025-09-12 16:33:39 - [BENIGN] - DEBUG - Generated FTP ACK from h3:57523 -> h5:21 [len=54B]
2025-09-12 16:33:40 - [BENIGN] - DEBUG - Generated FTP data traffic from h3:57523 -> h5:21 [content='FTP file transfer'] [Session 45] [len=519B]
2025-09-12 16:33:41 - [BENIGN] - DEBUG - Generated FTP ACK reply from h5:21 <- h3:57523 [len=54B]
2025-09-12 16:33:41 - [BENIGN] - DEBUG - Generated HTTP SYN from h3:32251 -> h5:80 [len=54B]
2025-09-12 16:33:42 - [BENIGN] - DEBUG - Generated HTTP SYN-ACK from h5:80 <- h3:32251 [len=54B]
2025-09-12 16:33:43 - [BENIGN] - DEBUG - Generated HTTP ACK from h3:32251 -> h5:80 [len=54B]
2025-09-12 16:33:43 - [BENIGN] - DEBUG - Generated HTTP data traffic from h3:32251 -> h5:80 [content='GET /index.html HTTP/1.1'] [Session 46] [len=434B]
2025-09-12 16:33:44 - [BENIGN] - DEBUG - Generated HTTP ACK reply from h5:80 <- h3:32251 [len=54B]
2025-09-12 16:33:44 - [BENIGN] - DEBUG - Generated HTTPS SYN from h3:27524 -> h5:443 [len=54B]
2025-09-12 16:33:45 - [BENIGN] - DEBUG - Generated HTTPS SYN-ACK from h5:443 <- h3:27524 [len=54B]
2025-09-12 16:33:46 - [BENIGN] - DEBUG - Generated HTTPS ACK from h3:27524 -> h5:443 [len=54B]
2025-09-12 16:33:46 - [BENIGN] - DEBUG - Generated HTTPS data traffic from h3:27524 -> h5:443 [content='Encrypted Application Data'] [Session 47] [len=667B]
2025-09-12 16:33:47 - [BENIGN] - DEBUG - Generated HTTPS ACK reply from h5:443 <- h3:27524 [len=54B]
2025-09-12 16:33:48 - [BENIGN] - DEBUG - Generated DNS query from h3:39665 -> h5:53 [qname='example.com'] [Session 48] [len=71B]
2025-09-12 16:33:48 - [BENIGN] - DEBUG - Generated ICMP traffic h2↔h5 6 [len=84B]
2025-09-12 16:33:48 - [BENIGN] - DEBUG - Generated TCP SYN from h3:32901 -> h5:12345 [len=54B]
2025-09-12 16:33:49 - [BENIGN] - DEBUG - Generated TCP SYN-ACK from h5:12345 <- h3:32901 [len=54B]
2025-09-12 16:33:50 - [BENIGN] - DEBUG - Generated TCP ACK from h3:32901 -> h5:12345 [len=54B]
2025-09-12 16:33:50 - [BENIGN] - DEBUG - Generated TCP data traffic from h3:32901 -> h5:12345 [content='TCP data'] [Session 49] [len=1016B]
2025-09-12 16:33:51 - [BENIGN] - DEBUG - Generated TCP ACK reply from h5:12345 <- h3:32901 [len=54B]
2025-09-12 16:33:52 - [BENIGN] - DEBUG - Generated UDP traffic from h3:39377 -> h5:12346 [content='3c949591da6dec7174c7b19aa6ae5745d9078af8...'] [Session 50] [len=882B]
2025-09-12 16:33:52 - [BENIGN] - DEBUG - Generated Telnet SYN from h3:26747 -> h5:23 [len=54B]
2025-09-12 16:33:53 - [BENIGN] - DEBUG - Generated Telnet SYN-ACK from h5:23 <- h3:26747 [len=54B]
2025-09-12 16:33:53 - [BENIGN] - DEBUG - Generated Telnet ACK from h3:26747 -> h5:23 [len=54B]
2025-09-12 16:33:54 - [BENIGN] - DEBUG - Generated Telnet data traffic from h3:26747 -> h5:23 [content='Telnet command'] [Session 51] [len=428B]
2025-09-12 16:33:55 - [BENIGN] - DEBUG - Generated Telnet ACK reply from h5:23 <- h3:26747 [len=54B]
2025-09-12 16:33:55 - [BENIGN] - DEBUG - Generated SSH SYN from h3:16361 -> h5:22 [len=54B]
2025-09-12 16:33:56 - [BENIGN] - DEBUG - Generated SSH SYN-ACK from h5:22 <- h3:16361 [len=54B]
2025-09-12 16:33:57 - [BENIGN] - DEBUG - Generated SSH ACK from h3:16361 -> h5:22 [len=54B]
2025-09-12 16:33:57 - [BENIGN] - DEBUG - Generated SSH data traffic from h3:16361 -> h5:22 [content='SSH encrypted data'] [Session 52] [len=432B]
2025-09-12 16:33:58 - [BENIGN] - DEBUG - Generated SSH ACK reply from h5:22 <- h3:16361 [len=54B]
2025-09-12 16:33:58 - [BENIGN] - DEBUG - Generated FTP SYN from h3:23044 -> h5:21 [len=54B]
2025-09-12 16:33:59 - [BENIGN] - DEBUG - Generated FTP SYN-ACK from h5:21 <- h3:23044 [len=54B]
2025-09-12 16:34:00 - [BENIGN] - DEBUG - Generated FTP ACK from h3:23044 -> h5:21 [len=54B]
2025-09-12 16:34:00 - [BENIGN] - DEBUG - Generated FTP data traffic from h3:23044 -> h5:21 [content='FTP file transfer'] [Session 53] [len=417B]
2025-09-12 16:34:01 - [BENIGN] - DEBUG - Generated FTP ACK reply from h5:21 <- h3:23044 [len=54B]
2025-09-12 16:34:02 - [BENIGN] - DEBUG - Generated HTTP SYN from h3:5259 -> h5:80 [len=54B]
2025-09-12 16:34:02 - [BENIGN] - DEBUG - Generated HTTP SYN-ACK from h5:80 <- h3:5259 [len=54B]
2025-09-12 16:34:03 - [BENIGN] - DEBUG - Generated HTTP ACK from h3:5259 -> h5:80 [len=54B]
2025-09-12 16:34:04 - [BENIGN] - DEBUG - Generated HTTP data traffic from h3:5259 -> h5:80 [content='GET /index.html HTTP/1.1'] [Session 54] [len=304B]
2025-09-12 16:34:04 - [BENIGN] - DEBUG - Generated HTTP ACK reply from h5:80 <- h3:5259 [len=54B]
2025-09-12 16:34:05 - [BENIGN] - DEBUG - Generated HTTPS SYN from h3:27146 -> h5:443 [len=54B]
2025-09-12 16:34:05 - [BENIGN] - DEBUG - Generated HTTPS SYN-ACK from h5:443 <- h3:27146 [len=54B]
2025-09-12 16:34:06 - [BENIGN] - DEBUG - Generated HTTPS ACK from h3:27146 -> h5:443 [len=54B]
2025-09-12 16:34:07 - [BENIGN] - DEBUG - Generated HTTPS data traffic from h3:27146 -> h5:443 [content='Encrypted Application Data'] [Session 55] [len=585B]
2025-09-12 16:34:07 - [BENIGN] - DEBUG - Generated HTTPS ACK reply from h5:443 <- h3:27146 [len=54B]
2025-09-12 16:34:08 - [BENIGN] - DEBUG - Generated DNS query from h3:21397 -> h5:53 [qname='example.com'] [Session 56] [len=71B]
2025-09-12 16:34:08 - [BENIGN] - DEBUG - Generated ICMP traffic h2↔h5 7 [len=84B]
2025-09-12 16:34:09 - [BENIGN] - DEBUG - Generated TCP SYN from h3:29569 -> h5:12345 [len=54B]
2025-09-12 16:34:09 - [BENIGN] - DEBUG - Generated TCP SYN-ACK from h5:12345 <- h3:29569 [len=54B]
2025-09-12 16:34:10 - [BENIGN] - DEBUG - Generated TCP ACK from h3:29569 -> h5:12345 [len=54B]
2025-09-12 16:34:11 - [BENIGN] - DEBUG - Generated TCP data traffic from h3:29569 -> h5:12345 [content='TCP data'] [Session 57] [len=546B]
2025-09-12 16:34:11 - [BENIGN] - DEBUG - Generated TCP ACK reply from h5:12345 <- h3:29569 [len=54B]
2025-09-12 16:34:12 - [BENIGN] - DEBUG - Generated UDP traffic from h3:17366 -> h5:12346 [content='d477510b0271a465c27278958a1edc38ce8599f8...'] [Session 58] [len=214B]
2025-09-12 16:34:13 - [BENIGN] - DEBUG - Generated Telnet SYN from h3:13646 -> h5:23 [len=54B]
2025-09-12 16:34:13 - [BENIGN] - DEBUG - Generated Telnet SYN-ACK from h5:23 <- h3:13646 [len=54B]
2025-09-12 16:34:14 - [BENIGN] - DEBUG - Generated Telnet ACK from h3:13646 -> h5:23 [len=54B]
2025-09-12 16:34:15 - [BENIGN] - DEBUG - Generated Telnet data traffic from h3:13646 -> h5:23 [content='Telnet command'] [Session 59] [len=782B]
2025-09-12 16:34:15 - [BENIGN] - DEBUG - Generated Telnet ACK reply from h5:23 <- h3:13646 [len=54B]
2025-09-12 16:34:16 - [BENIGN] - DEBUG - Generated SSH SYN from h3:65020 -> h5:22 [len=54B]
2025-09-12 16:34:16 - [BENIGN] - DEBUG - Generated SSH SYN-ACK from h5:22 <- h3:65020 [len=54B]
2025-09-12 16:34:17 - [BENIGN] - DEBUG - Generated SSH ACK from h3:65020 -> h5:22 [len=54B]
2025-09-12 16:34:18 - [BENIGN] - DEBUG - Generated SSH data traffic from h3:65020 -> h5:22 [content='SSH encrypted data'] [Session 60] [len=1085B]
2025-09-12 16:34:18 - [BENIGN] - DEBUG - Generated SSH ACK reply from h5:22 <- h3:65020 [len=54B]
2025-09-12 16:34:19 - [BENIGN] - DEBUG - Generated FTP SYN from h3:21120 -> h5:21 [len=54B]
2025-09-12 16:34:20 - [BENIGN] - DEBUG - Generated FTP SYN-ACK from h5:21 <- h3:21120 [len=54B]
2025-09-12 16:34:20 - [BENIGN] - DEBUG - Generated FTP ACK from h3:21120 -> h5:21 [len=54B]
2025-09-12 16:34:21 - [BENIGN] - DEBUG - Generated FTP data traffic from h3:21120 -> h5:21 [content='FTP file transfer'] [Session 61] [len=1293B]
2025-09-12 16:34:22 - [BENIGN] - DEBUG - Generated FTP ACK reply from h5:21 <- h3:21120 [len=54B]
2025-09-12 16:34:22 - [BENIGN] - DEBUG - Generated HTTP SYN from h3:60052 -> h5:80 [len=54B]
2025-09-12 16:34:23 - [BENIGN] - DEBUG - Generated HTTP SYN-ACK from h5:80 <- h3:60052 [len=54B]
2025-09-12 16:34:23 - [BENIGN] - DEBUG - Generated HTTP ACK from h3:60052 -> h5:80 [len=54B]
2025-09-12 16:34:24 - [BENIGN] - DEBUG - Generated HTTP data traffic from h3:60052 -> h5:80 [content='GET /index.html HTTP/1.1'] [Session 62] [len=445B]
2025-09-12 16:34:25 - [BENIGN] - DEBUG - Generated HTTP ACK reply from h5:80 <- h3:60052 [len=54B]
2025-09-12 16:34:25 - [BENIGN] - DEBUG - Generated HTTPS SYN from h3:60469 -> h5:443 [len=54B]
2025-09-12 16:34:26 - [BENIGN] - DEBUG - Generated HTTPS SYN-ACK from h5:443 <- h3:60469 [len=54B]
2025-09-12 16:34:27 - [BENIGN] - DEBUG - Generated HTTPS ACK from h3:60469 -> h5:443 [len=54B]
2025-09-12 16:34:27 - [BENIGN] - DEBUG - Generated HTTPS data traffic from h3:60469 -> h5:443 [content='Encrypted Application Data'] [Session 63] [len=316B]
2025-09-12 16:34:28 - [BENIGN] - DEBUG - Generated HTTPS ACK reply from h5:443 <- h3:60469 [len=54B]
2025-09-12 16:34:28 - [BENIGN] - DEBUG - Generated DNS query from h3:59059 -> h5:53 [qname='example.com'] [Session 64] [len=71B]
2025-09-12 16:34:29 - [BENIGN] - DEBUG - Generated ICMP traffic h2↔h5 8 [len=84B]
2025-09-12 16:34:29 - [BENIGN] - DEBUG - Generated TCP SYN from h3:47598 -> h5:12345 [len=54B]
2025-09-12 16:34:30 - [BENIGN] - DEBUG - Generated TCP SYN-ACK from h5:12345 <- h3:47598 [len=54B]
2025-09-12 16:34:30 - [BENIGN] - DEBUG - Generated TCP ACK from h3:47598 -> h5:12345 [len=54B]
2025-09-12 16:34:31 - [BENIGN] - DEBUG - Generated TCP data traffic from h3:47598 -> h5:12345 [content='TCP data'] [Session 65] [len=1285B]
2025-09-12 16:34:32 - [BENIGN] - DEBUG - Generated TCP ACK reply from h5:12345 <- h3:47598 [len=54B]
2025-09-12 16:34:32 - [BENIGN] - DEBUG - Generated UDP traffic from h3:6720 -> h5:12346 [content='2e0eaae2bbebd16171eff1555b266f084ec61dc5...'] [Session 66] [len=1529B]
2025-09-12 16:34:33 - [BENIGN] - DEBUG - Generated Telnet SYN from h3:60259 -> h5:23 [len=54B]
2025-09-12 16:34:34 - [BENIGN] - DEBUG - Generated Telnet SYN-ACK from h5:23 <- h3:60259 [len=54B]
2025-09-12 16:34:34 - [BENIGN] - DEBUG - Generated Telnet ACK from h3:60259 -> h5:23 [len=54B]
2025-09-12 16:34:35 - [BENIGN] - DEBUG - Generated Telnet data traffic from h3:60259 -> h5:23 [content='Telnet command'] [Session 67] [len=850B]
2025-09-12 16:34:35 - [BENIGN] - DEBUG - Generated Telnet ACK reply from h5:23 <- h3:60259 [len=54B]
2025-09-12 16:34:36 - [BENIGN] - DEBUG - Generated SSH SYN from h3:19921 -> h5:22 [len=54B]
2025-09-12 16:34:37 - [BENIGN] - DEBUG - Generated SSH SYN-ACK from h5:22 <- h3:19921 [len=54B]
2025-09-12 16:34:37 - [BENIGN] - DEBUG - Generated SSH ACK from h3:19921 -> h5:22 [len=54B]
2025-09-12 16:34:38 - [BENIGN] - DEBUG - Generated SSH data traffic from h3:19921 -> h5:22 [content='SSH encrypted data'] [Session 68] [len=1066B]
2025-09-12 16:34:39 - [BENIGN] - DEBUG - Generated SSH ACK reply from h5:22 <- h3:19921 [len=54B]
2025-09-12 16:34:39 - [BENIGN] - DEBUG - Generated FTP SYN from h3:35582 -> h5:21 [len=54B]
2025-09-12 16:34:40 - [BENIGN] - DEBUG - Generated FTP SYN-ACK from h5:21 <- h3:35582 [len=54B]
2025-09-12 16:34:40 - [BENIGN] - DEBUG - Generated FTP ACK from h3:35582 -> h5:21 [len=54B]
2025-09-12 16:34:41 - [BENIGN] - DEBUG - Generated FTP data traffic from h3:35582 -> h5:21 [content='FTP file transfer'] [Session 69] [len=310B]
2025-09-12 16:34:42 - [BENIGN] - DEBUG - Generated FTP ACK reply from h5:21 <- h3:35582 [len=54B]
2025-09-12 16:34:42 - [BENIGN] - DEBUG - Generated HTTP SYN from h3:1916 -> h5:80 [len=54B]
2025-09-12 16:34:43 - [BENIGN] - DEBUG - Generated HTTP SYN-ACK from h5:80 <- h3:1916 [len=54B]
2025-09-12 16:34:44 - [BENIGN] - DEBUG - Generated HTTP ACK from h3:1916 -> h5:80 [len=54B]
2025-09-12 16:34:44 - [BENIGN] - DEBUG - Generated HTTP data traffic from h3:1916 -> h5:80 [content='GET /index.html HTTP/1.1'] [Session 70] [len=505B]
2025-09-12 16:34:45 - [BENIGN] - DEBUG - Generated HTTP ACK reply from h5:80 <- h3:1916 [len=54B]
2025-09-12 16:34:45 - [BENIGN] - DEBUG - Generated HTTPS SYN from h3:49239 -> h5:443 [len=54B]
2025-09-12 16:34:46 - [BENIGN] - DEBUG - Generated HTTPS SYN-ACK from h5:443 <- h3:49239 [len=54B]
2025-09-12 16:34:47 - [BENIGN] - DEBUG - Generated HTTPS ACK from h3:49239 -> h5:443 [len=54B]
2025-09-12 16:34:47 - [BENIGN] - DEBUG - Generated HTTPS data traffic from h3:49239 -> h5:443 [content='Encrypted Application Data'] [Session 71] [len=621B]
2025-09-12 16:34:48 - [BENIGN] - DEBUG - Generated HTTPS ACK reply from h5:443 <- h3:49239 [len=54B]
2025-09-12 16:34:49 - [BENIGN] - DEBUG - Generated DNS query from h3:25875 -> h5:53 [qname='example.com'] [Session 72] [len=71B]
2025-09-12 16:34:49 - [BENIGN] - DEBUG - Generated ICMP traffic h2↔h5 9 [len=84B]
2025-09-12 16:34:49 - [BENIGN] - DEBUG - Generated TCP SYN from h3:32834 -> h5:12345 [len=54B]
2025-09-12 16:34:50 - [BENIGN] - DEBUG - Generated TCP SYN-ACK from h5:12345 <- h3:32834 [len=54B]
2025-09-12 16:34:51 - [BENIGN] - DEBUG - Generated TCP ACK from h3:32834 -> h5:12345 [len=54B]
2025-09-12 16:34:51 - [BENIGN] - DEBUG - Generated TCP data traffic from h3:32834 -> h5:12345 [content='TCP data'] [Session 73] [len=276B]
2025-09-12 16:34:52 - [BENIGN] - DEBUG - Generated TCP ACK reply from h5:12345 <- h3:32834 [len=54B]
2025-09-12 16:34:52 - [BENIGN] - DEBUG - Generated UDP traffic from h3:15691 -> h5:12346 [content='ab48ea575a398cc0a82ef68d541119c6b97a9b2e...'] [Session 74] [len=1312B]
2025-09-12 16:34:53 - [BENIGN] - DEBUG - Generated Telnet SYN from h3:59900 -> h5:23 [len=54B]
2025-09-12 16:34:54 - [BENIGN] - DEBUG - Generated Telnet SYN-ACK from h5:23 <- h3:59900 [len=54B]
2025-09-12 16:34:54 - [BENIGN] - DEBUG - Generated Telnet ACK from h3:59900 -> h5:23 [len=54B]
2025-09-12 16:34:55 - [BENIGN] - DEBUG - Generated Telnet data traffic from h3:59900 -> h5:23 [content='Telnet command'] [Session 75] [len=1478B]
2025-09-12 16:34:56 - [BENIGN] - DEBUG - Generated Telnet ACK reply from h5:23 <- h3:59900 [len=54B]
2025-09-12 16:34:56 - [BENIGN] - DEBUG - Generated SSH SYN from h3:5363 -> h5:22 [len=54B]
2025-09-12 16:34:57 - [BENIGN] - DEBUG - Generated SSH SYN-ACK from h5:22 <- h3:5363 [len=54B]
2025-09-12 16:34:58 - [BENIGN] - DEBUG - Generated SSH ACK from h3:5363 -> h5:22 [len=54B]
2025-09-12 16:34:58 - [BENIGN] - DEBUG - Generated SSH data traffic from h3:5363 -> h5:22 [content='SSH encrypted data'] [Session 76] [len=769B]
2025-09-12 16:34:59 - [BENIGN] - DEBUG - Generated SSH ACK reply from h5:22 <- h3:5363 [len=54B]
2025-09-12 16:34:59 - [BENIGN] - DEBUG - Generated FTP SYN from h3:41478 -> h5:21 [len=54B]
2025-09-12 16:35:00 - [BENIGN] - DEBUG - Generated FTP SYN-ACK from h5:21 <- h3:41478 [len=54B]
2025-09-12 16:35:01 - [BENIGN] - DEBUG - Generated FTP ACK from h3:41478 -> h5:21 [len=54B]
2025-09-12 16:35:01 - [BENIGN] - DEBUG - Generated FTP data traffic from h3:41478 -> h5:21 [content='FTP file transfer'] [Session 77] [len=437B]
2025-09-12 16:35:02 - [BENIGN] - DEBUG - Generated FTP ACK reply from h5:21 <- h3:41478 [len=54B]
2025-09-12 16:35:03 - [BENIGN] - DEBUG - Generated HTTP SYN from h3:47416 -> h5:80 [len=54B]
2025-09-12 16:35:03 - [BENIGN] - DEBUG - Generated HTTP SYN-ACK from h5:80 <- h3:47416 [len=54B]
2025-09-12 16:35:04 - [BENIGN] - DEBUG - Generated HTTP ACK from h3:47416 -> h5:80 [len=54B]
2025-09-12 16:35:04 - [BENIGN] - DEBUG - Generated HTTP data traffic from h3:47416 -> h5:80 [content='GET /index.html HTTP/1.1'] [Session 78] [len=550B]
2025-09-12 16:35:05 - [BENIGN] - DEBUG - Generated HTTP ACK reply from h5:80 <- h3:47416 [len=54B]
2025-09-12 16:35:06 - [BENIGN] - DEBUG - Generated HTTPS SYN from h3:25983 -> h5:443 [len=54B]
2025-09-12 16:35:06 - [BENIGN] - DEBUG - Generated HTTPS SYN-ACK from h5:443 <- h3:25983 [len=54B]
2025-09-12 16:35:07 - [BENIGN] - DEBUG - Generated HTTPS ACK from h3:25983 -> h5:443 [len=54B]
2025-09-12 16:35:08 - [BENIGN] - DEBUG - Generated HTTPS data traffic from h3:25983 -> h5:443 [content='Encrypted Application Data'] [Session 79] [len=339B]
2025-09-12 16:35:08 - [BENIGN] - DEBUG - Generated HTTPS ACK reply from h5:443 <- h3:25983 [len=54B]
2025-09-12 16:35:09 - [BENIGN] - DEBUG - Generated DNS query from h3:6783 -> h5:53 [qname='example.com'] [Session 80] [len=71B]
2025-09-12 16:35:09 - [BENIGN] - INFO - Benign traffic finished.
2025-09-12 16:35:09 - [BENIGN] - INFO - Summary: 80 protocol sessions with protocol separation:
2025-09-12 16:35:09 - [BENIGN] - INFO -   - h2↔h5: ICMP ping traffic
2025-09-12 16:35:09 - [BENIGN] - INFO -   - h3↔h5: TCP/UDP traffic [TCP, UDP, Telnet, SSH, FTP, HTTP, HTTPS, DNS]
2025-09-12 16:35:09 - [BENIGN] - INFO - Total packets sent: 340
