2025-09-12 18:41:40,565 - attack_logger - INFO - Attack: Enhanced SYN Flood (11s) | h1 -> h6
2025-09-12 18:41:43,080 - attack_logger - INFO - [syn_flood] [Run ID: 404daf8e-c94b-48a4-be33-1235728b90b9] Starting Enhanced SYN Flood from h1 to 192.168.30.10 for 11 seconds.
2025-09-12 18:41:43,080 - attack_logger - INFO - [syn_flood] [Run ID: 404daf8e-c94b-48a4-be33-1235728b90b9] Attack Phase: Enhanced Traditional SYN Flood - Attacker: h1, Target: 192.168.30.10:80, Duration: 11s
2025-09-12 18:41:43,080 - attack_logger - INFO - [syn_flood] [Run ID: 404daf8e-c94b-48a4-be33-1235728b90b9] Enhanced Features: Human-like timing, protocol compliance, network delay simulation
2025-09-12 18:41:43,080 - attack_logger - INFO - [syn_flood] [Run ID: 404daf8e-c94b-48a4-be33-1235728b90b9] Session pattern: 1 phases, Circadian factor: 0.70, Workday factor: 0.70
2025-09-12 18:41:43,080 - attack_logger - DEBUG - [syn_flood] [Run ID: 404daf8e-c94b-48a4-be33-1235728b90b9] Starting enhanced SYN packet generation with human-like timing
2025-09-12 18:41:43,080 - attack_logger - INFO - [syn_flood] [Run ID: 404daf8e-c94b-48a4-be33-1235728b90b9] Stress phase: 3s, Advanced phase: 8s
2025-09-12 18:41:46,642 - attack_logger - INFO - [syn_flood] [Run ID: 404daf8e-c94b-48a4-be33-1235728b90b9] Stress phase completed
2025-09-12 18:41:46,650 - attack_logger - INFO - [syn_flood] [Run ID: 404daf8e-c94b-48a4-be33-1235728b90b9] Enhanced SYN flood process started (PID: 8251)
2025-09-12 18:41:47,686 - attack_logger - INFO - [syn_flood] [Run ID: 404daf8e-c94b-48a4-be33-1235728b90b9] Attack progress: 1.0s elapsed, ~9 packets sent, Rate: 8.6 pps, Phase: active (intensity: 0.72)
2025-09-12 18:41:47,687 - attack_logger - DEBUG - [syn_flood] [Run ID: 404daf8e-c94b-48a4-be33-1235728b90b9] Process stats - CPU: 0.0%, Memory: 60.4MB
2025-09-12 18:41:47,687 - attack_logger - DEBUG - [syn_flood] [Run ID: 404daf8e-c94b-48a4-be33-1235728b90b9] Timing factors - Circadian: 0.70, Workday: 0.70, Adjusted rate: 9.2 pps
2025-09-12 18:41:48,706 - attack_logger - INFO - [syn_flood] [Run ID: 404daf8e-c94b-48a4-be33-1235728b90b9] Attack progress: 2.1s elapsed, ~14 packets sent, Rate: 6.8 pps, Phase: active (intensity: 0.72)
2025-09-12 18:41:48,706 - attack_logger - DEBUG - [syn_flood] [Run ID: 404daf8e-c94b-48a4-be33-1235728b90b9] Process stats - CPU: 0.0%, Memory: 60.4MB
2025-09-12 18:41:48,707 - attack_logger - DEBUG - [syn_flood] [Run ID: 404daf8e-c94b-48a4-be33-1235728b90b9] Timing factors - Circadian: 0.70, Workday: 0.70, Adjusted rate: 7.0 pps
2025-09-12 18:41:49,788 - attack_logger - INFO - [syn_flood] [Run ID: 404daf8e-c94b-48a4-be33-1235728b90b9] Attack progress: 3.1s elapsed, ~28 packets sent, Rate: 8.9 pps, Phase: active (intensity: 0.72)
2025-09-12 18:41:49,788 - attack_logger - DEBUG - [syn_flood] [Run ID: 404daf8e-c94b-48a4-be33-1235728b90b9] Process stats - CPU: 0.0%, Memory: 60.4MB
2025-09-12 18:41:49,788 - attack_logger - DEBUG - [syn_flood] [Run ID: 404daf8e-c94b-48a4-be33-1235728b90b9] Timing factors - Circadian: 0.70, Workday: 0.70, Adjusted rate: 9.2 pps
2025-09-12 18:41:50,851 - attack_logger - INFO - [syn_flood] [Run ID: 404daf8e-c94b-48a4-be33-1235728b90b9] Attack progress: 4.2s elapsed, ~40 packets sent, Rate: 9.5 pps, Phase: active (intensity: 0.72)
2025-09-12 18:41:50,851 - attack_logger - DEBUG - [syn_flood] [Run ID: 404daf8e-c94b-48a4-be33-1235728b90b9] Process stats - CPU: 0.0%, Memory: 60.4MB
2025-09-12 18:41:50,851 - attack_logger - DEBUG - [syn_flood] [Run ID: 404daf8e-c94b-48a4-be33-1235728b90b9] Timing factors - Circadian: 0.70, Workday: 0.70, Adjusted rate: 9.7 pps
2025-09-12 18:41:51,856 - attack_logger - INFO - [syn_flood] [Run ID: 404daf8e-c94b-48a4-be33-1235728b90b9] Attack progress: 5.2s elapsed, ~52 packets sent, Rate: 10.0 pps, Phase: active (intensity: 0.72)
2025-09-12 18:41:51,857 - attack_logger - DEBUG - [syn_flood] [Run ID: 404daf8e-c94b-48a4-be33-1235728b90b9] Process stats - CPU: 0.0%, Memory: 60.4MB
2025-09-12 18:41:51,857 - attack_logger - DEBUG - [syn_flood] [Run ID: 404daf8e-c94b-48a4-be33-1235728b90b9] Timing factors - Circadian: 0.70, Workday: 0.70, Adjusted rate: 10.0 pps
2025-09-12 18:41:52,936 - attack_logger - INFO - [syn_flood] [Run ID: 404daf8e-c94b-48a4-be33-1235728b90b9] Attack progress: 6.3s elapsed, ~55 packets sent, Rate: 8.7 pps, Phase: active (intensity: 0.72)
2025-09-12 18:41:52,936 - attack_logger - DEBUG - [syn_flood] [Run ID: 404daf8e-c94b-48a4-be33-1235728b90b9] Process stats - CPU: 0.0%, Memory: 60.4MB
2025-09-12 18:41:52,936 - attack_logger - DEBUG - [syn_flood] [Run ID: 404daf8e-c94b-48a4-be33-1235728b90b9] Timing factors - Circadian: 0.70, Workday: 0.70, Adjusted rate: 8.9 pps
2025-09-12 18:41:53,946 - attack_logger - INFO - [syn_flood] [Run ID: 404daf8e-c94b-48a4-be33-1235728b90b9] Attack progress: 7.3s elapsed, ~59 packets sent, Rate: 8.1 pps, Phase: active (intensity: 0.72)
2025-09-12 18:41:53,946 - attack_logger - DEBUG - [syn_flood] [Run ID: 404daf8e-c94b-48a4-be33-1235728b90b9] Process stats - CPU: 0.0%, Memory: 60.4MB
2025-09-12 18:41:53,946 - attack_logger - DEBUG - [syn_flood] [Run ID: 404daf8e-c94b-48a4-be33-1235728b90b9] Timing factors - Circadian: 0.70, Workday: 0.70, Adjusted rate: 8.1 pps
2025-09-12 18:41:54,743 - attack_logger - DEBUG - [syn_flood] [Run ID: 404daf8e-c94b-48a4-be33-1235728b90b9] Sent SIGINT to SYN flood process 8251
2025-09-12 18:41:55,245 - attack_logger - INFO - [syn_flood] [Run ID: 404daf8e-c94b-48a4-be33-1235728b90b9] Enhanced SYN Flood from h1 to 192.168.30.10 finished.
2025-09-12 18:41:55,245 - attack_logger - INFO - [syn_flood] [Run ID: 404daf8e-c94b-48a4-be33-1235728b90b9] Attack completed. Total packets sent = 105, Average rate = 12.96 packets/sec.
2025-09-12 18:41:55,245 - attack_logger - INFO - [syn_flood] [Run ID: 404daf8e-c94b-48a4-be33-1235728b90b9] --- Enhanced Attack Summary ---
2025-09-12 18:41:55,245 - attack_logger - INFO - [syn_flood] [Run ID: 404daf8e-c94b-48a4-be33-1235728b90b9] Total packets sent: 105
2025-09-12 18:41:55,245 - attack_logger - INFO - [syn_flood] [Run ID: 404daf8e-c94b-48a4-be33-1235728b90b9] Actual duration: 8.10s
2025-09-12 18:41:55,245 - attack_logger - INFO - [syn_flood] [Run ID: 404daf8e-c94b-48a4-be33-1235728b90b9] Average rate: 12.96 packets/sec
2025-09-12 18:41:55,245 - attack_logger - INFO - [syn_flood] [Run ID: 404daf8e-c94b-48a4-be33-1235728b90b9] Base rate: 26.7 pps
2025-09-12 18:41:55,245 - attack_logger - INFO - [syn_flood] [Run ID: 404daf8e-c94b-48a4-be33-1235728b90b9] Circadian factor: 0.70
2025-09-12 18:41:55,245 - attack_logger - INFO - [syn_flood] [Run ID: 404daf8e-c94b-48a4-be33-1235728b90b9] Workday factor: 0.70
2025-09-12 18:41:55,245 - attack_logger - INFO - [syn_flood] [Run ID: 404daf8e-c94b-48a4-be33-1235728b90b9] Session phases: 1
2025-09-12 18:41:55,245 - attack_logger - INFO - [syn_flood] [Run ID: 404daf8e-c94b-48a4-be33-1235728b90b9] Target port: 80
2025-09-12 18:41:55,245 - attack_logger - INFO - [syn_flood] [Run ID: 404daf8e-c94b-48a4-be33-1235728b90b9] Attack method: Enhanced SYN Flood with Human-like Timing
2025-09-12 18:41:55,245 - attack_logger - INFO - [syn_flood] [Run ID: 404daf8e-c94b-48a4-be33-1235728b90b9] Enhancement features: Human timing patterns, protocol compliance, network delay simulation
2025-09-12 18:41:55,245 - attack_logger - INFO - [syn_flood] [Run ID: 404daf8e-c94b-48a4-be33-1235728b90b9] TCP options: MSS, WScale, Timestamp, SAckOK
2025-09-12 18:41:55,246 - attack_logger - INFO - [syn_flood] [Run ID: 404daf8e-c94b-48a4-be33-1235728b90b9] ----------------------------------------
2025-09-12 18:41:55,318 - attack_logger - INFO - Attack: Enhanced SYN Flood completed.
2025-09-12 18:41:55,318 - attack_logger - INFO - Attack: Enhanced UDP Flood (22s) | h1 -> h6
2025-09-12 18:41:57,833 - attack_logger - INFO - [udp_flood] [Run ID: 78717349-69e8-4920-a0ef-c22347a99be8] Starting Enhanced UDP Flood from h1 to 192.168.30.10 for 22 seconds.
2025-09-12 18:41:57,833 - attack_logger - INFO - [udp_flood] [Run ID: 78717349-69e8-4920-a0ef-c22347a99be8] Attack Phase: Enhanced Traditional UDP Flood - Attacker: h1, Target: 192.168.30.10:53, Duration: 22s
2025-09-12 18:41:57,833 - attack_logger - INFO - [udp_flood] [Run ID: 78717349-69e8-4920-a0ef-c22347a99be8] Enhanced Features: Human-like timing, protocol compliance, network delay simulation
2025-09-12 18:41:57,833 - attack_logger - INFO - [udp_flood] [Run ID: 78717349-69e8-4920-a0ef-c22347a99be8] Stress phase: 6s, Advanced phase: 16s
2025-09-12 18:42:04,409 - attack_logger - INFO - [udp_flood] [Run ID: 78717349-69e8-4920-a0ef-c22347a99be8] Stress phase completed
2025-09-12 18:42:04,409 - attack_logger - INFO - [udp_flood] [Run ID: 78717349-69e8-4920-a0ef-c22347a99be8] Session pattern: 1 phases, Circadian factor: 0.70, Workday factor: 0.70
2025-09-12 18:42:04,409 - attack_logger - DEBUG - [udp_flood] [Run ID: 78717349-69e8-4920-a0ef-c22347a99be8] Starting enhanced UDP packet generation with human-like timing
2025-09-12 18:42:04,416 - attack_logger - INFO - [udp_flood] [Run ID: 78717349-69e8-4920-a0ef-c22347a99be8] Enhanced UDP flood process started (PID: 8260)
2025-09-12 18:42:07,480 - attack_logger - INFO - [udp_flood] [Run ID: 78717349-69e8-4920-a0ef-c22347a99be8] Attack progress: 3.1s elapsed, ~29 packets sent, Rate: 9.4 pps, Phase: active (intensity: 0.84)
2025-09-12 18:42:07,480 - attack_logger - DEBUG - [udp_flood] [Run ID: 78717349-69e8-4920-a0ef-c22347a99be8] Process stats - CPU: 0.0%, Memory: 60.2MB
2025-09-12 18:42:07,480 - attack_logger - DEBUG - [udp_flood] [Run ID: 78717349-69e8-4920-a0ef-c22347a99be8] Timing factors - Circadian: 0.70, Workday: 0.70, Adjusted rate: 9.7 pps
2025-09-12 18:42:10,485 - attack_logger - INFO - [udp_flood] [Run ID: 78717349-69e8-4920-a0ef-c22347a99be8] Attack progress: 6.1s elapsed, ~68 packets sent, Rate: 11.2 pps, Phase: active (intensity: 0.84)
2025-09-12 18:42:10,485 - attack_logger - DEBUG - [udp_flood] [Run ID: 78717349-69e8-4920-a0ef-c22347a99be8] Process stats - CPU: 0.0%, Memory: 60.4MB
2025-09-12 18:42:10,485 - attack_logger - DEBUG - [udp_flood] [Run ID: 78717349-69e8-4920-a0ef-c22347a99be8] Timing factors - Circadian: 0.70, Workday: 0.70, Adjusted rate: 11.2 pps
2025-09-12 18:42:13,579 - attack_logger - INFO - [udp_flood] [Run ID: 78717349-69e8-4920-a0ef-c22347a99be8] Attack progress: 9.2s elapsed, ~80 packets sent, Rate: 8.7 pps, Phase: active (intensity: 0.84)
2025-09-12 18:42:13,579 - attack_logger - DEBUG - [udp_flood] [Run ID: 78717349-69e8-4920-a0ef-c22347a99be8] Process stats - CPU: 0.0%, Memory: 60.4MB
2025-09-12 18:42:13,579 - attack_logger - DEBUG - [udp_flood] [Run ID: 78717349-69e8-4920-a0ef-c22347a99be8] Timing factors - Circadian: 0.70, Workday: 0.70, Adjusted rate: 8.8 pps
2025-09-12 18:42:16,633 - attack_logger - INFO - [udp_flood] [Run ID: 78717349-69e8-4920-a0ef-c22347a99be8] Attack progress: 12.2s elapsed, ~125 packets sent, Rate: 10.2 pps, Phase: active (intensity: 0.84)
2025-09-12 18:42:16,633 - attack_logger - DEBUG - [udp_flood] [Run ID: 78717349-69e8-4920-a0ef-c22347a99be8] Process stats - CPU: 0.0%, Memory: 60.4MB
2025-09-12 18:42:16,633 - attack_logger - DEBUG - [udp_flood] [Run ID: 78717349-69e8-4920-a0ef-c22347a99be8] Timing factors - Circadian: 0.70, Workday: 0.70, Adjusted rate: 10.3 pps
2025-09-12 18:42:19,688 - attack_logger - INFO - [udp_flood] [Run ID: 78717349-69e8-4920-a0ef-c22347a99be8] Attack progress: 15.3s elapsed, ~155 packets sent, Rate: 10.1 pps, Phase: active (intensity: 0.84)
2025-09-12 18:42:19,688 - attack_logger - DEBUG - [udp_flood] [Run ID: 78717349-69e8-4920-a0ef-c22347a99be8] Process stats - CPU: 0.0%, Memory: 60.4MB
2025-09-12 18:42:19,688 - attack_logger - DEBUG - [udp_flood] [Run ID: 78717349-69e8-4920-a0ef-c22347a99be8] Timing factors - Circadian: 0.70, Workday: 0.70, Adjusted rate: 10.2 pps
2025-09-12 18:42:20,486 - attack_logger - DEBUG - [udp_flood] [Run ID: 78717349-69e8-4920-a0ef-c22347a99be8] Sent SIGINT to UDP flood process 8260
2025-09-12 18:42:20,988 - attack_logger - INFO - [udp_flood] [Run ID: 78717349-69e8-4920-a0ef-c22347a99be8] Enhanced UDP Flood from h1 to 192.168.30.10 finished.
2025-09-12 18:42:20,989 - attack_logger - INFO - [udp_flood] [Run ID: 78717349-69e8-4920-a0ef-c22347a99be8] Attack completed. Total packets sent = 213, Average rate = 13.25 packets/sec.
2025-09-12 18:42:20,989 - attack_logger - INFO - [udp_flood] [Run ID: 78717349-69e8-4920-a0ef-c22347a99be8] --- Enhanced Attack Summary ---
2025-09-12 18:42:20,989 - attack_logger - INFO - [udp_flood] [Run ID: 78717349-69e8-4920-a0ef-c22347a99be8] Total packets sent: 213
2025-09-12 18:42:20,989 - attack_logger - INFO - [udp_flood] [Run ID: 78717349-69e8-4920-a0ef-c22347a99be8] Actual duration: 16.08s
2025-09-12 18:42:20,989 - attack_logger - INFO - [udp_flood] [Run ID: 78717349-69e8-4920-a0ef-c22347a99be8] Average rate: 13.25 packets/sec
2025-09-12 18:42:20,989 - attack_logger - INFO - [udp_flood] [Run ID: 78717349-69e8-4920-a0ef-c22347a99be8] Base rate: 27.1 pps
2025-09-12 18:42:20,989 - attack_logger - INFO - [udp_flood] [Run ID: 78717349-69e8-4920-a0ef-c22347a99be8] Circadian factor: 0.70
2025-09-12 18:42:20,989 - attack_logger - INFO - [udp_flood] [Run ID: 78717349-69e8-4920-a0ef-c22347a99be8] Workday factor: 0.70
2025-09-12 18:42:20,989 - attack_logger - INFO - [udp_flood] [Run ID: 78717349-69e8-4920-a0ef-c22347a99be8] Session phases: 1
2025-09-12 18:42:20,989 - attack_logger - INFO - [udp_flood] [Run ID: 78717349-69e8-4920-a0ef-c22347a99be8] Target port: 53 (DNS)
2025-09-12 18:42:20,989 - attack_logger - INFO - [udp_flood] [Run ID: 78717349-69e8-4920-a0ef-c22347a99be8] Attack method: Enhanced UDP Flood with Human-like Timing
2025-09-12 18:42:20,989 - attack_logger - INFO - [udp_flood] [Run ID: 78717349-69e8-4920-a0ef-c22347a99be8] Enhancement features: Human timing patterns, protocol compliance, network delay simulation
2025-09-12 18:42:20,989 - attack_logger - INFO - [udp_flood] [Run ID: 78717349-69e8-4920-a0ef-c22347a99be8] DNS payloads: Realistic query patterns with varied domains
2025-09-12 18:42:20,989 - attack_logger - INFO - [udp_flood] [Run ID: 78717349-69e8-4920-a0ef-c22347a99be8] ----------------------------------------
2025-09-12 18:42:21,122 - attack_logger - INFO - Attack: Enhanced UDP Flood completed.
2025-09-12 18:42:21,122 - attack_logger - INFO - Attack: Enhanced ICMP Flood (11s) | h1 -> h4
2025-09-12 18:42:23,638 - attack_logger - INFO - [icmp_flood] [Run ID: 5ac0e3af-c5e2-4ae4-8a5b-bc61fff38f12] Starting Enhanced ICMP Flood with RFC 1918 IP Rotation from h1 to 192.168.20.12 for 11 seconds.
2025-09-12 18:42:23,639 - attack_logger - INFO - [icmp_flood] [Run ID: 5ac0e3af-c5e2-4ae4-8a5b-bc61fff38f12] Attack Phase: Enhanced Traditional ICMP Flood - Attacker: h1, Target: 192.168.20.12, Duration: 11s
2025-09-12 18:42:23,639 - attack_logger - INFO - [icmp_flood] [Run ID: 5ac0e3af-c5e2-4ae4-8a5b-bc61fff38f12] Enhanced Features: RFC 1918 IP rotation, human-like timing, protocol compliance, network delay simulation
2025-09-12 18:42:23,639 - attack_logger - INFO - [icmp_flood] [Run ID: 5ac0e3af-c5e2-4ae4-8a5b-bc61fff38f12] IP Pool Size: 50 source IPs from RFC 1918 ranges (10.0.0.0/8, 172.16.0.0/12, 192.168.0.0/16)
2025-09-12 18:42:23,639 - attack_logger - INFO - [icmp_flood] [Run ID: 5ac0e3af-c5e2-4ae4-8a5b-bc61fff38f12] Stress phase total: 3s (host: 1s, gateway: 2s), Advanced phase: 8s
2025-09-12 18:42:25,189 - attack_logger - INFO - [icmp_flood] [Run ID: 5ac0e3af-c5e2-4ae4-8a5b-bc61fff38f12] Host stress sub-phase completed
2025-09-12 18:42:27,790 - attack_logger - INFO - [icmp_flood] [Run ID: 5ac0e3af-c5e2-4ae4-8a5b-bc61fff38f12] Gateway stress sub-phase completed
2025-09-12 18:42:27,791 - attack_logger - INFO - [icmp_flood] [Run ID: 5ac0e3af-c5e2-4ae4-8a5b-bc61fff38f12] Session pattern: 1 phases, Circadian factor: 0.70, Workday factor: 0.70
2025-09-12 18:42:27,791 - attack_logger - DEBUG - [icmp_flood] [Run ID: 5ac0e3af-c5e2-4ae4-8a5b-bc61fff38f12] Starting enhanced ICMP packet generation with IP rotation and human-like timing
2025-09-12 18:42:27,798 - attack_logger - INFO - [icmp_flood] [Run ID: 5ac0e3af-c5e2-4ae4-8a5b-bc61fff38f12] Enhanced ICMP flood with IP rotation process started (PID: 8274)
2025-09-12 18:42:28,875 - attack_logger - INFO - [icmp_flood] [Run ID: 5ac0e3af-c5e2-4ae4-8a5b-bc61fff38f12] Attack progress: 1.1s elapsed, ~10 packets sent, Rate: 9.2 pps, IP rotations: ~0, Phase: active (intensity: 0.77)
2025-09-12 18:42:28,875 - attack_logger - DEBUG - [icmp_flood] [Run ID: 5ac0e3af-c5e2-4ae4-8a5b-bc61fff38f12] Process stats - CPU: 0.0%, Memory: 60.2MB
2025-09-12 18:42:28,875 - attack_logger - DEBUG - [icmp_flood] [Run ID: 5ac0e3af-c5e2-4ae4-8a5b-bc61fff38f12] Timing factors - Circadian: 0.70, Workday: 0.70, Adjusted rate: 9.4 pps
2025-09-12 18:42:29,919 - attack_logger - INFO - [icmp_flood] [Run ID: 5ac0e3af-c5e2-4ae4-8a5b-bc61fff38f12] Attack progress: 2.1s elapsed, ~21 packets sent, Rate: 9.9 pps, IP rotations: ~1, Phase: active (intensity: 0.77)
2025-09-12 18:42:29,920 - attack_logger - DEBUG - [icmp_flood] [Run ID: 5ac0e3af-c5e2-4ae4-8a5b-bc61fff38f12] Process stats - CPU: 0.0%, Memory: 60.2MB
2025-09-12 18:42:29,920 - attack_logger - DEBUG - [icmp_flood] [Run ID: 5ac0e3af-c5e2-4ae4-8a5b-bc61fff38f12] Timing factors - Circadian: 0.70, Workday: 0.70, Adjusted rate: 10.3 pps
2025-09-12 18:42:30,945 - attack_logger - INFO - [icmp_flood] [Run ID: 5ac0e3af-c5e2-4ae4-8a5b-bc61fff38f12] Attack progress: 3.2s elapsed, ~29 packets sent, Rate: 9.2 pps, IP rotations: ~1, Phase: active (intensity: 0.77)
2025-09-12 18:42:30,945 - attack_logger - DEBUG - [icmp_flood] [Run ID: 5ac0e3af-c5e2-4ae4-8a5b-bc61fff38f12] Process stats - CPU: 0.0%, Memory: 60.2MB
2025-09-12 18:42:30,945 - attack_logger - DEBUG - [icmp_flood] [Run ID: 5ac0e3af-c5e2-4ae4-8a5b-bc61fff38f12] Timing factors - Circadian: 0.70, Workday: 0.70, Adjusted rate: 9.5 pps
2025-09-12 18:42:32,030 - attack_logger - INFO - [icmp_flood] [Run ID: 5ac0e3af-c5e2-4ae4-8a5b-bc61fff38f12] Attack progress: 4.2s elapsed, ~43 packets sent, Rate: 10.1 pps, IP rotations: ~2, Phase: active (intensity: 0.77)
2025-09-12 18:42:32,030 - attack_logger - DEBUG - [icmp_flood] [Run ID: 5ac0e3af-c5e2-4ae4-8a5b-bc61fff38f12] Process stats - CPU: 0.0%, Memory: 60.4MB
2025-09-12 18:42:32,030 - attack_logger - DEBUG - [icmp_flood] [Run ID: 5ac0e3af-c5e2-4ae4-8a5b-bc61fff38f12] Timing factors - Circadian: 0.70, Workday: 0.70, Adjusted rate: 10.3 pps
2025-09-12 18:42:33,091 - attack_logger - INFO - [icmp_flood] [Run ID: 5ac0e3af-c5e2-4ae4-8a5b-bc61fff38f12] Attack progress: 5.3s elapsed, ~55 packets sent, Rate: 10.4 pps, IP rotations: ~3, Phase: active (intensity: 0.77)
2025-09-12 18:42:33,092 - attack_logger - DEBUG - [icmp_flood] [Run ID: 5ac0e3af-c5e2-4ae4-8a5b-bc61fff38f12] Process stats - CPU: 0.0%, Memory: 60.4MB
2025-09-12 18:42:33,092 - attack_logger - DEBUG - [icmp_flood] [Run ID: 5ac0e3af-c5e2-4ae4-8a5b-bc61fff38f12] Timing factors - Circadian: 0.70, Workday: 0.70, Adjusted rate: 10.5 pps
2025-09-12 18:42:34,167 - attack_logger - INFO - [icmp_flood] [Run ID: 5ac0e3af-c5e2-4ae4-8a5b-bc61fff38f12] Attack progress: 6.4s elapsed, ~66 packets sent, Rate: 10.4 pps, IP rotations: ~4, Phase: active (intensity: 0.77)
2025-09-12 18:42:34,167 - attack_logger - DEBUG - [icmp_flood] [Run ID: 5ac0e3af-c5e2-4ae4-8a5b-bc61fff38f12] Process stats - CPU: 0.0%, Memory: 60.4MB
2025-09-12 18:42:34,167 - attack_logger - DEBUG - [icmp_flood] [Run ID: 5ac0e3af-c5e2-4ae4-8a5b-bc61fff38f12] Timing factors - Circadian: 0.70, Workday: 0.70, Adjusted rate: 10.4 pps
2025-09-12 18:42:35,196 - attack_logger - INFO - [icmp_flood] [Run ID: 5ac0e3af-c5e2-4ae4-8a5b-bc61fff38f12] Attack progress: 7.4s elapsed, ~65 packets sent, Rate: 8.8 pps, IP rotations: ~4, Phase: active (intensity: 0.77)
2025-09-12 18:42:35,196 - attack_logger - DEBUG - [icmp_flood] [Run ID: 5ac0e3af-c5e2-4ae4-8a5b-bc61fff38f12] Process stats - CPU: 0.0%, Memory: 60.4MB
2025-09-12 18:42:35,196 - attack_logger - DEBUG - [icmp_flood] [Run ID: 5ac0e3af-c5e2-4ae4-8a5b-bc61fff38f12] Timing factors - Circadian: 0.70, Workday: 0.70, Adjusted rate: 8.8 pps
2025-09-12 18:42:35,830 - attack_logger - DEBUG - [icmp_flood] [Run ID: 5ac0e3af-c5e2-4ae4-8a5b-bc61fff38f12] Sent SIGINT to ICMP flood process 8274
2025-09-12 18:42:36,333 - attack_logger - INFO - [icmp_flood] [Run ID: 5ac0e3af-c5e2-4ae4-8a5b-bc61fff38f12] Enhanced ICMP Flood with RFC 1918 IP Rotation from h1 to 192.168.20.12 finished.
2025-09-12 18:42:36,333 - attack_logger - INFO - [icmp_flood] [Run ID: 5ac0e3af-c5e2-4ae4-8a5b-bc61fff38f12] Attack completed. Total packets sent = 96, Average rate = 11.94 packets/sec.
2025-09-12 18:42:36,333 - attack_logger - INFO - [icmp_flood] [Run ID: 5ac0e3af-c5e2-4ae4-8a5b-bc61fff38f12] --- Enhanced Attack Summary ---
2025-09-12 18:42:36,333 - attack_logger - INFO - [icmp_flood] [Run ID: 5ac0e3af-c5e2-4ae4-8a5b-bc61fff38f12] Total packets sent: 96
2025-09-12 18:42:36,333 - attack_logger - INFO - [icmp_flood] [Run ID: 5ac0e3af-c5e2-4ae4-8a5b-bc61fff38f12] Total IP rotations: ~6
2025-09-12 18:42:36,333 - attack_logger - INFO - [icmp_flood] [Run ID: 5ac0e3af-c5e2-4ae4-8a5b-bc61fff38f12] RFC 1918 IP pool size: 50
2025-09-12 18:42:36,333 - attack_logger - INFO - [icmp_flood] [Run ID: 5ac0e3af-c5e2-4ae4-8a5b-bc61fff38f12] IP ranges used: 10.0.0.0/8, 172.16.0.0/12, 192.168.0.0/16
2025-09-12 18:42:36,333 - attack_logger - INFO - [icmp_flood] [Run ID: 5ac0e3af-c5e2-4ae4-8a5b-bc61fff38f12] Actual duration: 8.04s
2025-09-12 18:42:36,333 - attack_logger - INFO - [icmp_flood] [Run ID: 5ac0e3af-c5e2-4ae4-8a5b-bc61fff38f12] Average rate: 11.94 packets/sec
2025-09-12 18:42:36,333 - attack_logger - INFO - [icmp_flood] [Run ID: 5ac0e3af-c5e2-4ae4-8a5b-bc61fff38f12] Base rate: 24.6 pps
2025-09-12 18:42:36,333 - attack_logger - INFO - [icmp_flood] [Run ID: 5ac0e3af-c5e2-4ae4-8a5b-bc61fff38f12] Circadian factor: 0.70
2025-09-12 18:42:36,333 - attack_logger - INFO - [icmp_flood] [Run ID: 5ac0e3af-c5e2-4ae4-8a5b-bc61fff38f12] Workday factor: 0.70
2025-09-12 18:42:36,333 - attack_logger - INFO - [icmp_flood] [Run ID: 5ac0e3af-c5e2-4ae4-8a5b-bc61fff38f12] Session phases: 1
2025-09-12 18:42:36,333 - attack_logger - INFO - [icmp_flood] [Run ID: 5ac0e3af-c5e2-4ae4-8a5b-bc61fff38f12] ICMP type: Echo Request (8) with ID/Seq variations
2025-09-12 18:42:36,333 - attack_logger - INFO - [icmp_flood] [Run ID: 5ac0e3af-c5e2-4ae4-8a5b-bc61fff38f12] Attack method: Enhanced ICMP Flood with RFC 1918 IP Rotation
2025-09-12 18:42:36,333 - attack_logger - INFO - [icmp_flood] [Run ID: 5ac0e3af-c5e2-4ae4-8a5b-bc61fff38f12] Enhancement features: RFC 1918 IP rotation, human timing patterns, protocol compliance, network delay simulation
2025-09-12 18:42:36,333 - attack_logger - INFO - [icmp_flood] [Run ID: 5ac0e3af-c5e2-4ae4-8a5b-bc61fff38f12] ----------------------------------------
2025-09-12 18:42:36,403 - attack_logger - INFO - Attack: Enhanced ICMP Flood completed.
2025-09-12 18:42:36,929 - attack_logger - INFO - Attack: ENHANCED Adversarial TCP State Exhaustion (8s) | h1 -> h6
2025-09-12 18:42:48,151 - attack_logger - INFO - Attack: ENHANCED Adversarial Application Layer (3s) | h1 -> h6
2025-09-12 18:42:54,465 - attack_logger - INFO - Attack: ENHANCED Adversarial Slow Read (9s) | h1 -> h6
2025-09-12 18:43:06,721 - attack_logger - INFO - Attack: ENHANCED Adversarial Slow Read completed.
