2025-09-12 18:38:18 - [BENIGN] - INFO - Starting benign traffic for 200 seconds...
2025-09-12 18:38:18 - [BENIGN] - INFO - Protocol separation: h2↔h5 (ICMP), h3↔h5 (TCP/UDP)
2025-09-12 18:38:18 - [BENIGN] - DEBUG - Generated ICMP traffic h2↔h5 0 [len=84B]
2025-09-12 18:38:19 - [BENIGN] - DEBUG - Generated TCP SYN from h3:19635 -> h5:12345 [len=54B]
2025-09-12 18:38:20 - [BENIGN] - DEBUG - Generated TCP SYN-ACK from h5:12345 <- h3:19635 [len=54B]
2025-09-12 18:38:20 - [BENIGN] - DEBUG - Generated TCP ACK from h3:19635 -> h5:12345 [len=54B]
2025-09-12 18:38:21 - [BENIGN] - DEBUG - Generated TCP data traffic from h3:19635 -> h5:12345 [content='TCP data'] [Session 1] [len=170B]
2025-09-12 18:38:21 - [BENIGN] - DEBUG - Generated TCP ACK reply from h5:12345 <- h3:19635 [len=54B]
2025-09-12 18:38:22 - [BENIGN] - DEBUG - Generated UDP traffic from h3:38931 -> h5:12346 [content='903c22ce27ad11d17d1cbb2e655556f37b6f03df...'] [Session 2] [len=1357B]
2025-09-12 18:38:23 - [BENIGN] - DEBUG - Generated Telnet SYN from h3:9010 -> h5:23 [len=54B]
2025-09-12 18:38:23 - [BENIGN] - DEBUG - Generated Telnet SYN-ACK from h5:23 <- h3:9010 [len=54B]
2025-09-12 18:38:24 - [BENIGN] - DEBUG - Generated Telnet ACK from h3:9010 -> h5:23 [len=54B]
2025-09-12 18:38:25 - [BENIGN] - DEBUG - Generated Telnet data traffic from h3:9010 -> h5:23 [content='Telnet command'] [Session 3] [len=320B]
2025-09-12 18:38:25 - [BENIGN] - DEBUG - Generated Telnet ACK reply from h5:23 <- h3:9010 [len=54B]
2025-09-12 18:38:26 - [BENIGN] - DEBUG - Generated SSH SYN from h3:28131 -> h5:22 [len=54B]
2025-09-12 18:38:27 - [BENIGN] - DEBUG - Generated SSH SYN-ACK from h5:22 <- h3:28131 [len=54B]
2025-09-12 18:38:27 - [BENIGN] - DEBUG - Generated SSH ACK from h3:28131 -> h5:22 [len=54B]
2025-09-12 18:38:28 - [BENIGN] - DEBUG - Generated SSH data traffic from h3:28131 -> h5:22 [content='SSH encrypted data'] [Session 4] [len=787B]
2025-09-12 18:38:28 - [BENIGN] - DEBUG - Generated SSH ACK reply from h5:22 <- h3:28131 [len=54B]
2025-09-12 18:38:29 - [BENIGN] - DEBUG - Generated FTP SYN from h3:48861 -> h5:21 [len=54B]
2025-09-12 18:38:30 - [BENIGN] - DEBUG - Generated FTP SYN-ACK from h5:21 <- h3:48861 [len=54B]
2025-09-12 18:38:30 - [BENIGN] - DEBUG - Generated FTP ACK from h3:48861 -> h5:21 [len=54B]
2025-09-12 18:38:31 - [BENIGN] - DEBUG - Generated FTP data traffic from h3:48861 -> h5:21 [content='FTP file transfer'] [Session 5] [len=278B]
2025-09-12 18:38:32 - [BENIGN] - DEBUG - Generated FTP ACK reply from h5:21 <- h3:48861 [len=54B]
2025-09-12 18:38:32 - [BENIGN] - DEBUG - Generated HTTP SYN from h3:3045 -> h5:80 [len=54B]
2025-09-12 18:38:33 - [BENIGN] - DEBUG - Generated HTTP SYN-ACK from h5:80 <- h3:3045 [len=54B]
2025-09-12 18:38:34 - [BENIGN] - DEBUG - Generated HTTP ACK from h3:3045 -> h5:80 [len=54B]
2025-09-12 18:38:34 - [BENIGN] - DEBUG - Generated HTTP data traffic from h3:3045 -> h5:80 [content='GET /index.html HTTP/1.1'] [Session 6] [len=605B]
2025-09-12 18:38:35 - [BENIGN] - DEBUG - Generated HTTP ACK reply from h5:80 <- h3:3045 [len=54B]
2025-09-12 18:38:35 - [BENIGN] - DEBUG - Generated HTTPS SYN from h3:33727 -> h5:443 [len=54B]
2025-09-12 18:38:36 - [BENIGN] - DEBUG - Generated HTTPS SYN-ACK from h5:443 <- h3:33727 [len=54B]
2025-09-12 18:38:37 - [BENIGN] - DEBUG - Generated HTTPS ACK from h3:33727 -> h5:443 [len=54B]
2025-09-12 18:38:37 - [BENIGN] - DEBUG - Generated HTTPS data traffic from h3:33727 -> h5:443 [content='Encrypted Application Data'] [Session 7] [len=720B]
2025-09-12 18:38:38 - [BENIGN] - DEBUG - Generated HTTPS ACK reply from h5:443 <- h3:33727 [len=54B]
2025-09-12 18:38:39 - [BENIGN] - DEBUG - Generated DNS query from h3:11050 -> h5:53 [qname='example.com'] [Session 8] [len=71B]
2025-09-12 18:38:39 - [BENIGN] - DEBUG - Generated ICMP traffic h2↔h5 1 [len=84B]
2025-09-12 18:38:39 - [BENIGN] - DEBUG - Generated TCP SYN from h3:39083 -> h5:12345 [len=54B]
2025-09-12 18:38:40 - [BENIGN] - DEBUG - Generated TCP SYN-ACK from h5:12345 <- h3:39083 [len=54B]
2025-09-12 18:38:41 - [BENIGN] - DEBUG - Generated TCP ACK from h3:39083 -> h5:12345 [len=54B]
2025-09-12 18:38:41 - [BENIGN] - DEBUG - Generated TCP data traffic from h3:39083 -> h5:12345 [content='TCP data'] [Session 9] [len=625B]
2025-09-12 18:38:42 - [BENIGN] - DEBUG - Generated TCP ACK reply from h5:12345 <- h3:39083 [len=54B]
2025-09-12 18:38:42 - [BENIGN] - DEBUG - Generated UDP traffic from h3:54677 -> h5:12346 [content='17bdd82c995b5fb18096cfb4cdc51705cf69b54a...'] [Session 10] [len=978B]
2025-09-12 18:38:43 - [BENIGN] - DEBUG - Generated Telnet SYN from h3:49972 -> h5:23 [len=54B]
2025-09-12 18:38:44 - [BENIGN] - DEBUG - Generated Telnet SYN-ACK from h5:23 <- h3:49972 [len=54B]
2025-09-12 18:38:44 - [BENIGN] - DEBUG - Generated Telnet ACK from h3:49972 -> h5:23 [len=54B]
2025-09-12 18:38:45 - [BENIGN] - DEBUG - Generated Telnet data traffic from h3:49972 -> h5:23 [content='Telnet command'] [Session 11] [len=895B]
2025-09-12 18:38:46 - [BENIGN] - DEBUG - Generated Telnet ACK reply from h5:23 <- h3:49972 [len=54B]
2025-09-12 18:38:46 - [BENIGN] - DEBUG - Generated SSH SYN from h3:53970 -> h5:22 [len=54B]
2025-09-12 18:38:47 - [BENIGN] - DEBUG - Generated SSH SYN-ACK from h5:22 <- h3:53970 [len=54B]
2025-09-12 18:38:48 - [BENIGN] - DEBUG - Generated SSH ACK from h3:53970 -> h5:22 [len=54B]
2025-09-12 18:38:48 - [BENIGN] - DEBUG - Generated SSH data traffic from h3:53970 -> h5:22 [content='SSH encrypted data'] [Session 12] [len=1531B]
2025-09-12 18:38:49 - [BENIGN] - DEBUG - Generated SSH ACK reply from h5:22 <- h3:53970 [len=54B]
2025-09-12 18:38:50 - [BENIGN] - DEBUG - Generated FTP SYN from h3:21454 -> h5:21 [len=54B]
2025-09-12 18:38:50 - [BENIGN] - DEBUG - Generated FTP SYN-ACK from h5:21 <- h3:21454 [len=54B]
2025-09-12 18:38:51 - [BENIGN] - DEBUG - Generated FTP ACK from h3:21454 -> h5:21 [len=54B]
2025-09-12 18:38:51 - [BENIGN] - DEBUG - Generated FTP data traffic from h3:21454 -> h5:21 [content='FTP file transfer'] [Session 13] [len=812B]
2025-09-12 18:38:52 - [BENIGN] - DEBUG - Generated FTP ACK reply from h5:21 <- h3:21454 [len=54B]
2025-09-12 18:38:53 - [BENIGN] - DEBUG - Generated HTTP SYN from h3:38963 -> h5:80 [len=54B]
2025-09-12 18:38:53 - [BENIGN] - DEBUG - Generated HTTP SYN-ACK from h5:80 <- h3:38963 [len=54B]
2025-09-12 18:38:54 - [BENIGN] - DEBUG - Generated HTTP ACK from h3:38963 -> h5:80 [len=54B]
2025-09-12 18:38:55 - [BENIGN] - DEBUG - Generated HTTP data traffic from h3:38963 -> h5:80 [content='GET /index.html HTTP/1.1'] [Session 14] [len=406B]
2025-09-12 18:38:55 - [BENIGN] - DEBUG - Generated HTTP ACK reply from h5:80 <- h3:38963 [len=54B]
2025-09-12 18:38:56 - [BENIGN] - DEBUG - Generated HTTPS SYN from h3:65383 -> h5:443 [len=54B]
2025-09-12 18:38:56 - [BENIGN] - DEBUG - Generated HTTPS SYN-ACK from h5:443 <- h3:65383 [len=54B]
2025-09-12 18:38:57 - [BENIGN] - DEBUG - Generated HTTPS ACK from h3:65383 -> h5:443 [len=54B]
2025-09-12 18:38:58 - [BENIGN] - DEBUG - Generated HTTPS data traffic from h3:65383 -> h5:443 [content='Encrypted Application Data'] [Session 15] [len=712B]
2025-09-12 18:38:58 - [BENIGN] - DEBUG - Generated HTTPS ACK reply from h5:443 <- h3:65383 [len=54B]
2025-09-12 18:38:59 - [BENIGN] - DEBUG - Generated DNS query from h3:27831 -> h5:53 [qname='example.com'] [Session 16] [len=71B]
2025-09-12 18:38:59 - [BENIGN] - DEBUG - Generated ICMP traffic h2↔h5 2 [len=84B]
2025-09-12 18:39:00 - [BENIGN] - DEBUG - Generated TCP SYN from h3:51655 -> h5:12345 [len=54B]
2025-09-12 18:39:00 - [BENIGN] - DEBUG - Generated TCP SYN-ACK from h5:12345 <- h3:51655 [len=54B]
2025-09-12 18:39:01 - [BENIGN] - DEBUG - Generated TCP ACK from h3:51655 -> h5:12345 [len=54B]
2025-09-12 18:39:02 - [BENIGN] - DEBUG - Generated TCP data traffic from h3:51655 -> h5:12345 [content='TCP data'] [Session 17] [len=1209B]
2025-09-12 18:39:02 - [BENIGN] - DEBUG - Generated TCP ACK reply from h5:12345 <- h3:51655 [len=54B]
2025-09-12 18:39:03 - [BENIGN] - DEBUG - Generated UDP traffic from h3:1403 -> h5:12346 [content='4d4a934648014b8600644d1507605cf4cb5d73aa...'] [Session 18] [len=308B]
2025-09-12 18:39:03 - [BENIGN] - DEBUG - Generated Telnet SYN from h3:57299 -> h5:23 [len=54B]
2025-09-12 18:39:04 - [BENIGN] - DEBUG - Generated Telnet SYN-ACK from h5:23 <- h3:57299 [len=54B]
2025-09-12 18:39:05 - [BENIGN] - DEBUG - Generated Telnet ACK from h3:57299 -> h5:23 [len=54B]
2025-09-12 18:39:05 - [BENIGN] - DEBUG - Generated Telnet data traffic from h3:57299 -> h5:23 [content='Telnet command'] [Session 19] [len=1095B]
2025-09-12 18:39:06 - [BENIGN] - DEBUG - Generated Telnet ACK reply from h5:23 <- h3:57299 [len=54B]
2025-09-12 18:39:07 - [BENIGN] - DEBUG - Generated SSH SYN from h3:5421 -> h5:22 [len=54B]
2025-09-12 18:39:07 - [BENIGN] - DEBUG - Generated SSH SYN-ACK from h5:22 <- h3:5421 [len=54B]
2025-09-12 18:39:08 - [BENIGN] - DEBUG - Generated SSH ACK from h3:5421 -> h5:22 [len=54B]
2025-09-12 18:39:09 - [BENIGN] - DEBUG - Generated SSH data traffic from h3:5421 -> h5:22 [content='SSH encrypted data'] [Session 20] [len=1388B]
2025-09-12 18:39:09 - [BENIGN] - DEBUG - Generated SSH ACK reply from h5:22 <- h3:5421 [len=54B]
2025-09-12 18:39:10 - [BENIGN] - DEBUG - Generated FTP SYN from h3:58437 -> h5:21 [len=54B]
2025-09-12 18:39:10 - [BENIGN] - DEBUG - Generated FTP SYN-ACK from h5:21 <- h3:58437 [len=54B]
2025-09-12 18:39:11 - [BENIGN] - DEBUG - Generated FTP ACK from h3:58437 -> h5:21 [len=54B]
2025-09-12 18:39:12 - [BENIGN] - DEBUG - Generated FTP data traffic from h3:58437 -> h5:21 [content='FTP file transfer'] [Session 21] [len=1145B]
2025-09-12 18:39:12 - [BENIGN] - DEBUG - Generated FTP ACK reply from h5:21 <- h3:58437 [len=54B]
2025-09-12 18:39:13 - [BENIGN] - DEBUG - Generated HTTP SYN from h3:52379 -> h5:80 [len=54B]
2025-09-12 18:39:14 - [BENIGN] - DEBUG - Generated HTTP SYN-ACK from h5:80 <- h3:52379 [len=54B]
2025-09-12 18:39:14 - [BENIGN] - DEBUG - Generated HTTP ACK from h3:52379 -> h5:80 [len=54B]
2025-09-12 18:39:15 - [BENIGN] - DEBUG - Generated HTTP data traffic from h3:52379 -> h5:80 [content='GET /index.html HTTP/1.1'] [Session 22] [len=397B]
2025-09-12 18:39:15 - [BENIGN] - DEBUG - Generated HTTP ACK reply from h5:80 <- h3:52379 [len=54B]
2025-09-12 18:39:16 - [BENIGN] - DEBUG - Generated HTTPS SYN from h3:9917 -> h5:443 [len=54B]
2025-09-12 18:39:17 - [BENIGN] - DEBUG - Generated HTTPS SYN-ACK from h5:443 <- h3:9917 [len=54B]
2025-09-12 18:39:17 - [BENIGN] - DEBUG - Generated HTTPS ACK from h3:9917 -> h5:443 [len=54B]
2025-09-12 18:39:18 - [BENIGN] - DEBUG - Generated HTTPS data traffic from h3:9917 -> h5:443 [content='Encrypted Application Data'] [Session 23] [len=334B]
2025-09-12 18:39:18 - [BENIGN] - DEBUG - Generated HTTPS ACK reply from h5:443 <- h3:9917 [len=54B]
2025-09-12 18:39:19 - [BENIGN] - DEBUG - Generated DNS query from h3:32667 -> h5:53 [qname='example.com'] [Session 24] [len=71B]
2025-09-12 18:39:19 - [BENIGN] - DEBUG - Generated ICMP traffic h2↔h5 3 [len=84B]
2025-09-12 18:39:20 - [BENIGN] - DEBUG - Generated TCP SYN from h3:17041 -> h5:12345 [len=54B]
2025-09-12 18:39:20 - [BENIGN] - DEBUG - Generated TCP SYN-ACK from h5:12345 <- h3:17041 [len=54B]
2025-09-12 18:39:21 - [BENIGN] - DEBUG - Generated TCP ACK from h3:17041 -> h5:12345 [len=54B]
2025-09-12 18:39:22 - [BENIGN] - DEBUG - Generated TCP data traffic from h3:17041 -> h5:12345 [content='TCP data'] [Session 25] [len=266B]
2025-09-12 18:39:22 - [BENIGN] - DEBUG - Generated TCP ACK reply from h5:12345 <- h3:17041 [len=54B]
2025-09-12 18:39:23 - [BENIGN] - DEBUG - Generated UDP traffic from h3:41568 -> h5:12346 [content='c9a696e846c5cfa762b879d7f51f02e0b3eb346b...'] [Session 26] [len=846B]
2025-09-12 18:39:24 - [BENIGN] - DEBUG - Generated Telnet SYN from h3:20364 -> h5:23 [len=54B]
2025-09-12 18:39:24 - [BENIGN] - DEBUG - Generated Telnet SYN-ACK from h5:23 <- h3:20364 [len=54B]
2025-09-12 18:39:25 - [BENIGN] - DEBUG - Generated Telnet ACK from h3:20364 -> h5:23 [len=54B]
2025-09-12 18:39:25 - [BENIGN] - DEBUG - Generated Telnet data traffic from h3:20364 -> h5:23 [content='Telnet command'] [Session 27] [len=749B]
2025-09-12 18:39:26 - [BENIGN] - DEBUG - Generated Telnet ACK reply from h5:23 <- h3:20364 [len=54B]
2025-09-12 18:39:27 - [BENIGN] - DEBUG - Generated SSH SYN from h3:41610 -> h5:22 [len=54B]
2025-09-12 18:39:27 - [BENIGN] - DEBUG - Generated SSH SYN-ACK from h5:22 <- h3:41610 [len=54B]
2025-09-12 18:39:28 - [BENIGN] - DEBUG - Generated SSH ACK from h3:41610 -> h5:22 [len=54B]
2025-09-12 18:39:28 - [BENIGN] - DEBUG - Generated SSH data traffic from h3:41610 -> h5:22 [content='SSH encrypted data'] [Session 28] [len=860B]
2025-09-12 18:39:29 - [BENIGN] - DEBUG - Generated SSH ACK reply from h5:22 <- h3:41610 [len=54B]
2025-09-12 18:39:30 - [BENIGN] - DEBUG - Generated FTP SYN from h3:64722 -> h5:21 [len=54B]
2025-09-12 18:39:30 - [BENIGN] - DEBUG - Generated FTP SYN-ACK from h5:21 <- h3:64722 [len=54B]
2025-09-12 18:39:31 - [BENIGN] - DEBUG - Generated FTP ACK from h3:64722 -> h5:21 [len=54B]
2025-09-12 18:39:32 - [BENIGN] - DEBUG - Generated FTP data traffic from h3:64722 -> h5:21 [content='FTP file transfer'] [Session 29] [len=1260B]
2025-09-12 18:39:32 - [BENIGN] - DEBUG - Generated FTP ACK reply from h5:21 <- h3:64722 [len=54B]
2025-09-12 18:39:33 - [BENIGN] - DEBUG - Generated HTTP SYN from h3:58069 -> h5:80 [len=54B]
2025-09-12 18:39:33 - [BENIGN] - DEBUG - Generated HTTP SYN-ACK from h5:80 <- h3:58069 [len=54B]
2025-09-12 18:39:34 - [BENIGN] - DEBUG - Generated HTTP ACK from h3:58069 -> h5:80 [len=54B]
2025-09-12 18:39:35 - [BENIGN] - DEBUG - Generated HTTP data traffic from h3:58069 -> h5:80 [content='GET /index.html HTTP/1.1'] [Session 30] [len=475B]
2025-09-12 18:39:35 - [BENIGN] - DEBUG - Generated HTTP ACK reply from h5:80 <- h3:58069 [len=54B]
2025-09-12 18:39:36 - [BENIGN] - DEBUG - Generated HTTPS SYN from h3:37379 -> h5:443 [len=54B]
2025-09-12 18:39:37 - [BENIGN] - DEBUG - Generated HTTPS SYN-ACK from h5:443 <- h3:37379 [len=54B]
2025-09-12 18:39:37 - [BENIGN] - DEBUG - Generated HTTPS ACK from h3:37379 -> h5:443 [len=54B]
2025-09-12 18:39:38 - [BENIGN] - DEBUG - Generated HTTPS data traffic from h3:37379 -> h5:443 [content='Encrypted Application Data'] [Session 31] [len=745B]
2025-09-12 18:39:38 - [BENIGN] - DEBUG - Generated HTTPS ACK reply from h5:443 <- h3:37379 [len=54B]
2025-09-12 18:39:39 - [BENIGN] - DEBUG - Generated DNS query from h3:13356 -> h5:53 [qname='example.com'] [Session 32] [len=71B]
2025-09-12 18:39:39 - [BENIGN] - DEBUG - Generated ICMP traffic h2↔h5 4 [len=84B]
2025-09-12 18:39:40 - [BENIGN] - DEBUG - Generated TCP SYN from h3:21701 -> h5:12345 [len=54B]
2025-09-12 18:39:40 - [BENIGN] - DEBUG - Generated TCP SYN-ACK from h5:12345 <- h3:21701 [len=54B]
2025-09-12 18:39:41 - [BENIGN] - DEBUG - Generated TCP ACK from h3:21701 -> h5:12345 [len=54B]
2025-09-12 18:39:42 - [BENIGN] - DEBUG - Generated TCP data traffic from h3:21701 -> h5:12345 [content='TCP data'] [Session 33] [len=938B]
2025-09-12 18:39:42 - [BENIGN] - DEBUG - Generated TCP ACK reply from h5:12345 <- h3:21701 [len=54B]
2025-09-12 18:39:43 - [BENIGN] - DEBUG - Generated UDP traffic from h3:56113 -> h5:12346 [content='3ebb84807295a34e797e93eccb666d0ae2154b05...'] [Session 34] [len=198B]
2025-09-12 18:39:44 - [BENIGN] - DEBUG - Generated Telnet SYN from h3:64066 -> h5:23 [len=54B]
2025-09-12 18:39:44 - [BENIGN] - DEBUG - Generated Telnet SYN-ACK from h5:23 <- h3:64066 [len=54B]
2025-09-12 18:39:45 - [BENIGN] - DEBUG - Generated Telnet ACK from h3:64066 -> h5:23 [len=54B]
2025-09-12 18:39:45 - [BENIGN] - DEBUG - Generated Telnet data traffic from h3:64066 -> h5:23 [content='Telnet command'] [Session 35] [len=310B]
2025-09-12 18:39:46 - [BENIGN] - DEBUG - Generated Telnet ACK reply from h5:23 <- h3:64066 [len=54B]
2025-09-12 18:39:47 - [BENIGN] - DEBUG - Generated SSH SYN from h3:59756 -> h5:22 [len=54B]
2025-09-12 18:39:47 - [BENIGN] - DEBUG - Generated SSH SYN-ACK from h5:22 <- h3:59756 [len=54B]
2025-09-12 18:39:48 - [BENIGN] - DEBUG - Generated SSH ACK from h3:59756 -> h5:22 [len=54B]
2025-09-12 18:39:49 - [BENIGN] - DEBUG - Generated SSH data traffic from h3:59756 -> h5:22 [content='SSH encrypted data'] [Session 36] [len=896B]
2025-09-12 18:39:49 - [BENIGN] - DEBUG - Generated SSH ACK reply from h5:22 <- h3:59756 [len=54B]
2025-09-12 18:39:50 - [BENIGN] - DEBUG - Generated FTP SYN from h3:9722 -> h5:21 [len=54B]
2025-09-12 18:39:50 - [BENIGN] - DEBUG - Generated FTP SYN-ACK from h5:21 <- h3:9722 [len=54B]
2025-09-12 18:39:51 - [BENIGN] - DEBUG - Generated FTP ACK from h3:9722 -> h5:21 [len=54B]
2025-09-12 18:39:52 - [BENIGN] - DEBUG - Generated FTP data traffic from h3:9722 -> h5:21 [content='FTP file transfer'] [Session 37] [len=675B]
2025-09-12 18:39:52 - [BENIGN] - DEBUG - Generated FTP ACK reply from h5:21 <- h3:9722 [len=54B]
2025-09-12 18:39:53 - [BENIGN] - DEBUG - Generated HTTP SYN from h3:28928 -> h5:80 [len=54B]
2025-09-12 18:39:54 - [BENIGN] - DEBUG - Generated HTTP SYN-ACK from h5:80 <- h3:28928 [len=54B]
2025-09-12 18:39:54 - [BENIGN] - DEBUG - Generated HTTP ACK from h3:28928 -> h5:80 [len=54B]
2025-09-12 18:39:55 - [BENIGN] - DEBUG - Generated HTTP data traffic from h3:28928 -> h5:80 [content='GET /index.html HTTP/1.1'] [Session 38] [len=429B]
2025-09-12 18:39:56 - [BENIGN] - DEBUG - Generated HTTP ACK reply from h5:80 <- h3:28928 [len=54B]
2025-09-12 18:39:56 - [BENIGN] - DEBUG - Generated HTTPS SYN from h3:3546 -> h5:443 [len=54B]
2025-09-12 18:39:57 - [BENIGN] - DEBUG - Generated HTTPS SYN-ACK from h5:443 <- h3:3546 [len=54B]
2025-09-12 18:39:57 - [BENIGN] - DEBUG - Generated HTTPS ACK from h3:3546 -> h5:443 [len=54B]
2025-09-12 18:39:58 - [BENIGN] - DEBUG - Generated HTTPS data traffic from h3:3546 -> h5:443 [content='Encrypted Application Data'] [Session 39] [len=487B]
2025-09-12 18:39:59 - [BENIGN] - DEBUG - Generated HTTPS ACK reply from h5:443 <- h3:3546 [len=54B]
2025-09-12 18:39:59 - [BENIGN] - DEBUG - Generated DNS query from h3:55141 -> h5:53 [qname='example.com'] [Session 40] [len=71B]
2025-09-12 18:39:59 - [BENIGN] - DEBUG - Generated ICMP traffic h2↔h5 5 [len=84B]
2025-09-12 18:40:00 - [BENIGN] - DEBUG - Generated TCP SYN from h3:63576 -> h5:12345 [len=54B]
2025-09-12 18:40:01 - [BENIGN] - DEBUG - Generated TCP SYN-ACK from h5:12345 <- h3:63576 [len=54B]
2025-09-12 18:40:01 - [BENIGN] - DEBUG - Generated TCP ACK from h3:63576 -> h5:12345 [len=54B]
2025-09-12 18:40:02 - [BENIGN] - DEBUG - Generated TCP data traffic from h3:63576 -> h5:12345 [content='TCP data'] [Session 41] [len=1123B]
2025-09-12 18:40:03 - [BENIGN] - DEBUG - Generated TCP ACK reply from h5:12345 <- h3:63576 [len=54B]
2025-09-12 18:40:03 - [BENIGN] - DEBUG - Generated UDP traffic from h3:61821 -> h5:12346 [content='9e80cc0930d1cc946c546fd627422413f0dc593f...'] [Session 42] [len=700B]
2025-09-12 18:40:04 - [BENIGN] - DEBUG - Generated Telnet SYN from h3:49202 -> h5:23 [len=54B]
2025-09-12 18:40:04 - [BENIGN] - DEBUG - Generated Telnet SYN-ACK from h5:23 <- h3:49202 [len=54B]
2025-09-12 18:40:05 - [BENIGN] - DEBUG - Generated Telnet ACK from h3:49202 -> h5:23 [len=54B]
2025-09-12 18:40:06 - [BENIGN] - DEBUG - Generated Telnet data traffic from h3:49202 -> h5:23 [content='Telnet command'] [Session 43] [len=904B]
2025-09-12 18:40:06 - [BENIGN] - DEBUG - Generated Telnet ACK reply from h5:23 <- h3:49202 [len=54B]
2025-09-12 18:40:07 - [BENIGN] - DEBUG - Generated SSH SYN from h3:35481 -> h5:22 [len=54B]
2025-09-12 18:40:08 - [BENIGN] - DEBUG - Generated SSH SYN-ACK from h5:22 <- h3:35481 [len=54B]
2025-09-12 18:40:08 - [BENIGN] - DEBUG - Generated SSH ACK from h3:35481 -> h5:22 [len=54B]
2025-09-12 18:40:09 - [BENIGN] - DEBUG - Generated SSH data traffic from h3:35481 -> h5:22 [content='SSH encrypted data'] [Session 44] [len=1433B]
2025-09-12 18:40:09 - [BENIGN] - DEBUG - Generated SSH ACK reply from h5:22 <- h3:35481 [len=54B]
2025-09-12 18:40:10 - [BENIGN] - DEBUG - Generated FTP SYN from h3:4727 -> h5:21 [len=54B]
2025-09-12 18:40:11 - [BENIGN] - DEBUG - Generated FTP SYN-ACK from h5:21 <- h3:4727 [len=54B]
2025-09-12 18:40:11 - [BENIGN] - DEBUG - Generated FTP ACK from h3:4727 -> h5:21 [len=54B]
2025-09-12 18:40:12 - [BENIGN] - DEBUG - Generated FTP data traffic from h3:4727 -> h5:21 [content='FTP file transfer'] [Session 45] [len=156B]
2025-09-12 18:40:13 - [BENIGN] - DEBUG - Generated FTP ACK reply from h5:21 <- h3:4727 [len=54B]
2025-09-12 18:40:13 - [BENIGN] - DEBUG - Generated HTTP SYN from h3:1809 -> h5:80 [len=54B]
2025-09-12 18:40:14 - [BENIGN] - DEBUG - Generated HTTP SYN-ACK from h5:80 <- h3:1809 [len=54B]
2025-09-12 18:40:14 - [BENIGN] - DEBUG - Generated HTTP ACK from h3:1809 -> h5:80 [len=54B]
2025-09-12 18:40:15 - [BENIGN] - DEBUG - Generated HTTP data traffic from h3:1809 -> h5:80 [content='GET /index.html HTTP/1.1'] [Session 46] [len=599B]
2025-09-12 18:40:16 - [BENIGN] - DEBUG - Generated HTTP ACK reply from h5:80 <- h3:1809 [len=54B]
2025-09-12 18:40:16 - [BENIGN] - DEBUG - Generated HTTPS SYN from h3:52794 -> h5:443 [len=54B]
2025-09-12 18:40:17 - [BENIGN] - DEBUG - Generated HTTPS SYN-ACK from h5:443 <- h3:52794 [len=54B]
2025-09-12 18:40:18 - [BENIGN] - DEBUG - Generated HTTPS ACK from h3:52794 -> h5:443 [len=54B]
2025-09-12 18:40:18 - [BENIGN] - DEBUG - Generated HTTPS data traffic from h3:52794 -> h5:443 [content='Encrypted Application Data'] [Session 47] [len=791B]
2025-09-12 18:40:19 - [BENIGN] - DEBUG - Generated HTTPS ACK reply from h5:443 <- h3:52794 [len=54B]
2025-09-12 18:40:20 - [BENIGN] - DEBUG - Generated DNS query from h3:18828 -> h5:53 [qname='example.com'] [Session 48] [len=71B]
2025-09-12 18:40:20 - [BENIGN] - DEBUG - Generated ICMP traffic h2↔h5 6 [len=84B]
2025-09-12 18:40:20 - [BENIGN] - DEBUG - Generated TCP SYN from h3:47690 -> h5:12345 [len=54B]
2025-09-12 18:40:21 - [BENIGN] - DEBUG - Generated TCP SYN-ACK from h5:12345 <- h3:47690 [len=54B]
2025-09-12 18:40:22 - [BENIGN] - DEBUG - Generated TCP ACK from h3:47690 -> h5:12345 [len=54B]
2025-09-12 18:40:22 - [BENIGN] - DEBUG - Generated TCP data traffic from h3:47690 -> h5:12345 [content='TCP data'] [Session 49] [len=1538B]
2025-09-12 18:40:23 - [BENIGN] - DEBUG - Generated TCP ACK reply from h5:12345 <- h3:47690 [len=54B]
2025-09-12 18:40:23 - [BENIGN] - DEBUG - Generated UDP traffic from h3:21382 -> h5:12346 [content='6363ae83c3bd29d0a7aeb5784e989c7c64fe6ae4...'] [Session 50] [len=112B]
2025-09-12 18:40:24 - [BENIGN] - DEBUG - Generated Telnet SYN from h3:61441 -> h5:23 [len=54B]
2025-09-12 18:40:25 - [BENIGN] - DEBUG - Generated Telnet SYN-ACK from h5:23 <- h3:61441 [len=54B]
2025-09-12 18:40:25 - [BENIGN] - DEBUG - Generated Telnet ACK from h3:61441 -> h5:23 [len=54B]
2025-09-12 18:40:26 - [BENIGN] - DEBUG - Generated Telnet data traffic from h3:61441 -> h5:23 [content='Telnet command'] [Session 51] [len=1219B]
2025-09-12 18:40:27 - [BENIGN] - DEBUG - Generated Telnet ACK reply from h5:23 <- h3:61441 [len=54B]
2025-09-12 18:40:27 - [BENIGN] - DEBUG - Generated SSH SYN from h3:56073 -> h5:22 [len=54B]
2025-09-12 18:40:28 - [BENIGN] - DEBUG - Generated SSH SYN-ACK from h5:22 <- h3:56073 [len=54B]
2025-09-12 18:40:28 - [BENIGN] - DEBUG - Generated SSH ACK from h3:56073 -> h5:22 [len=54B]
2025-09-12 18:40:29 - [BENIGN] - DEBUG - Generated SSH data traffic from h3:56073 -> h5:22 [content='SSH encrypted data'] [Session 52] [len=1521B]
2025-09-12 18:40:30 - [BENIGN] - DEBUG - Generated SSH ACK reply from h5:22 <- h3:56073 [len=54B]
2025-09-12 18:40:30 - [BENIGN] - DEBUG - Generated FTP SYN from h3:29118 -> h5:21 [len=54B]
2025-09-12 18:40:31 - [BENIGN] - DEBUG - Generated FTP SYN-ACK from h5:21 <- h3:29118 [len=54B]
2025-09-12 18:40:32 - [BENIGN] - DEBUG - Generated FTP ACK from h3:29118 -> h5:21 [len=54B]
2025-09-12 18:40:32 - [BENIGN] - DEBUG - Generated FTP data traffic from h3:29118 -> h5:21 [content='FTP file transfer'] [Session 53] [len=305B]
2025-09-12 18:40:33 - [BENIGN] - DEBUG - Generated FTP ACK reply from h5:21 <- h3:29118 [len=54B]
2025-09-12 18:40:33 - [BENIGN] - DEBUG - Generated HTTP SYN from h3:15506 -> h5:80 [len=54B]
2025-09-12 18:40:34 - [BENIGN] - DEBUG - Generated HTTP SYN-ACK from h5:80 <- h3:15506 [len=54B]
2025-09-12 18:40:35 - [BENIGN] - DEBUG - Generated HTTP ACK from h3:15506 -> h5:80 [len=54B]
2025-09-12 18:40:35 - [BENIGN] - DEBUG - Generated HTTP data traffic from h3:15506 -> h5:80 [content='GET /index.html HTTP/1.1'] [Session 54] [len=510B]
2025-09-12 18:40:36 - [BENIGN] - DEBUG - Generated HTTP ACK reply from h5:80 <- h3:15506 [len=54B]
2025-09-12 18:40:37 - [BENIGN] - DEBUG - Generated HTTPS SYN from h3:22702 -> h5:443 [len=54B]
2025-09-12 18:40:37 - [BENIGN] - DEBUG - Generated HTTPS SYN-ACK from h5:443 <- h3:22702 [len=54B]
2025-09-12 18:40:38 - [BENIGN] - DEBUG - Generated HTTPS ACK from h3:22702 -> h5:443 [len=54B]
2025-09-12 18:40:38 - [BENIGN] - DEBUG - Generated HTTPS data traffic from h3:22702 -> h5:443 [content='Encrypted Application Data'] [Session 55] [len=767B]
2025-09-12 18:40:39 - [BENIGN] - DEBUG - Generated HTTPS ACK reply from h5:443 <- h3:22702 [len=54B]
2025-09-12 18:40:40 - [BENIGN] - DEBUG - Generated DNS query from h3:3842 -> h5:53 [qname='example.com'] [Session 56] [len=71B]
2025-09-12 18:40:40 - [BENIGN] - DEBUG - Generated ICMP traffic h2↔h5 7 [len=84B]
2025-09-12 18:40:40 - [BENIGN] - DEBUG - Generated TCP SYN from h3:33690 -> h5:12345 [len=54B]
2025-09-12 18:40:41 - [BENIGN] - DEBUG - Generated TCP SYN-ACK from h5:12345 <- h3:33690 [len=54B]
2025-09-12 18:40:42 - [BENIGN] - DEBUG - Generated TCP ACK from h3:33690 -> h5:12345 [len=54B]
2025-09-12 18:40:42 - [BENIGN] - DEBUG - Generated TCP data traffic from h3:33690 -> h5:12345 [content='TCP data'] [Session 57] [len=1123B]
2025-09-12 18:40:43 - [BENIGN] - DEBUG - Generated TCP ACK reply from h5:12345 <- h3:33690 [len=54B]
2025-09-12 18:40:44 - [BENIGN] - DEBUG - Generated UDP traffic from h3:23284 -> h5:12346 [content='b653f0eb13a1a99877c900337a09a9106dcac8be...'] [Session 58] [len=291B]
2025-09-12 18:40:44 - [BENIGN] - DEBUG - Generated Telnet SYN from h3:1089 -> h5:23 [len=54B]
2025-09-12 18:40:45 - [BENIGN] - DEBUG - Generated Telnet SYN-ACK from h5:23 <- h3:1089 [len=54B]
2025-09-12 18:40:45 - [BENIGN] - DEBUG - Generated Telnet ACK from h3:1089 -> h5:23 [len=54B]
2025-09-12 18:40:46 - [BENIGN] - DEBUG - Generated Telnet data traffic from h3:1089 -> h5:23 [content='Telnet command'] [Session 59] [len=397B]
2025-09-12 18:40:47 - [BENIGN] - DEBUG - Generated Telnet ACK reply from h5:23 <- h3:1089 [len=54B]
2025-09-12 18:40:47 - [BENIGN] - DEBUG - Generated SSH SYN from h3:43424 -> h5:22 [len=54B]
2025-09-12 18:40:48 - [BENIGN] - DEBUG - Generated SSH SYN-ACK from h5:22 <- h3:43424 [len=54B]
2025-09-12 18:40:49 - [BENIGN] - DEBUG - Generated SSH ACK from h3:43424 -> h5:22 [len=54B]
2025-09-12 18:40:49 - [BENIGN] - DEBUG - Generated SSH data traffic from h3:43424 -> h5:22 [content='SSH encrypted data'] [Session 60] [len=1454B]
2025-09-12 18:40:50 - [BENIGN] - DEBUG - Generated SSH ACK reply from h5:22 <- h3:43424 [len=54B]
2025-09-12 18:40:50 - [BENIGN] - DEBUG - Generated FTP SYN from h3:15792 -> h5:21 [len=54B]
2025-09-12 18:40:51 - [BENIGN] - DEBUG - Generated FTP SYN-ACK from h5:21 <- h3:15792 [len=54B]
2025-09-12 18:40:52 - [BENIGN] - DEBUG - Generated FTP ACK from h3:15792 -> h5:21 [len=54B]
2025-09-12 18:40:52 - [BENIGN] - DEBUG - Generated FTP data traffic from h3:15792 -> h5:21 [content='FTP file transfer'] [Session 61] [len=439B]
2025-09-12 18:40:53 - [BENIGN] - DEBUG - Generated FTP ACK reply from h5:21 <- h3:15792 [len=54B]
2025-09-12 18:40:53 - [BENIGN] - DEBUG - Generated HTTP SYN from h3:39326 -> h5:80 [len=54B]
2025-09-12 18:40:54 - [BENIGN] - DEBUG - Generated HTTP SYN-ACK from h5:80 <- h3:39326 [len=54B]
2025-09-12 18:40:55 - [BENIGN] - DEBUG - Generated HTTP ACK from h3:39326 -> h5:80 [len=54B]
2025-09-12 18:40:55 - [BENIGN] - DEBUG - Generated HTTP data traffic from h3:39326 -> h5:80 [content='GET /index.html HTTP/1.1'] [Session 62] [len=316B]
2025-09-12 18:40:56 - [BENIGN] - DEBUG - Generated HTTP ACK reply from h5:80 <- h3:39326 [len=54B]
2025-09-12 18:40:57 - [BENIGN] - DEBUG - Generated HTTPS SYN from h3:44012 -> h5:443 [len=54B]
2025-09-12 18:40:57 - [BENIGN] - DEBUG - Generated HTTPS SYN-ACK from h5:443 <- h3:44012 [len=54B]
2025-09-12 18:40:58 - [BENIGN] - DEBUG - Generated HTTPS ACK from h3:44012 -> h5:443 [len=54B]
2025-09-12 18:40:58 - [BENIGN] - DEBUG - Generated HTTPS data traffic from h3:44012 -> h5:443 [content='Encrypted Application Data'] [Session 63] [len=217B]
2025-09-12 18:40:59 - [BENIGN] - DEBUG - Generated HTTPS ACK reply from h5:443 <- h3:44012 [len=54B]
2025-09-12 18:41:00 - [BENIGN] - DEBUG - Generated DNS query from h3:32496 -> h5:53 [qname='example.com'] [Session 64] [len=71B]
2025-09-12 18:41:00 - [BENIGN] - DEBUG - Generated ICMP traffic h2↔h5 8 [len=84B]
2025-09-12 18:41:00 - [BENIGN] - DEBUG - Generated TCP SYN from h3:31077 -> h5:12345 [len=54B]
2025-09-12 18:41:01 - [BENIGN] - DEBUG - Generated TCP SYN-ACK from h5:12345 <- h3:31077 [len=54B]
2025-09-12 18:41:02 - [BENIGN] - DEBUG - Generated TCP ACK from h3:31077 -> h5:12345 [len=54B]
2025-09-12 18:41:02 - [BENIGN] - DEBUG - Generated TCP data traffic from h3:31077 -> h5:12345 [content='TCP data'] [Session 65] [len=1409B]
2025-09-12 18:41:03 - [BENIGN] - DEBUG - Generated TCP ACK reply from h5:12345 <- h3:31077 [len=54B]
2025-09-12 18:41:04 - [BENIGN] - DEBUG - Generated UDP traffic from h3:62083 -> h5:12346 [content='76cd976986fd0784610723d7b43afcb98577cb84...'] [Session 66] [len=589B]
2025-09-12 18:41:04 - [BENIGN] - DEBUG - Generated Telnet SYN from h3:21079 -> h5:23 [len=54B]
2025-09-12 18:41:05 - [BENIGN] - DEBUG - Generated Telnet SYN-ACK from h5:23 <- h3:21079 [len=54B]
2025-09-12 18:41:06 - [BENIGN] - DEBUG - Generated Telnet ACK from h3:21079 -> h5:23 [len=54B]
2025-09-12 18:41:06 - [BENIGN] - DEBUG - Generated Telnet data traffic from h3:21079 -> h5:23 [content='Telnet command'] [Session 67] [len=1166B]
2025-09-12 18:41:07 - [BENIGN] - DEBUG - Generated Telnet ACK reply from h5:23 <- h3:21079 [len=54B]
2025-09-12 18:41:07 - [BENIGN] - DEBUG - Generated SSH SYN from h3:52445 -> h5:22 [len=54B]
2025-09-12 18:41:08 - [BENIGN] - DEBUG - Generated SSH SYN-ACK from h5:22 <- h3:52445 [len=54B]
2025-09-12 18:41:09 - [BENIGN] - DEBUG - Generated SSH ACK from h3:52445 -> h5:22 [len=54B]
2025-09-12 18:41:09 - [BENIGN] - DEBUG - Generated SSH data traffic from h3:52445 -> h5:22 [content='SSH encrypted data'] [Session 68] [len=1396B]
2025-09-12 18:41:10 - [BENIGN] - DEBUG - Generated SSH ACK reply from h5:22 <- h3:52445 [len=54B]
2025-09-12 18:41:11 - [BENIGN] - DEBUG - Generated FTP SYN from h3:25524 -> h5:21 [len=54B]
2025-09-12 18:41:11 - [BENIGN] - DEBUG - Generated FTP SYN-ACK from h5:21 <- h3:25524 [len=54B]
2025-09-12 18:41:12 - [BENIGN] - DEBUG - Generated FTP ACK from h3:25524 -> h5:21 [len=54B]
2025-09-12 18:41:13 - [BENIGN] - DEBUG - Generated FTP data traffic from h3:25524 -> h5:21 [content='FTP file transfer'] [Session 69] [len=974B]
2025-09-12 18:41:13 - [BENIGN] - DEBUG - Generated FTP ACK reply from h5:21 <- h3:25524 [len=54B]
2025-09-12 18:41:14 - [BENIGN] - DEBUG - Generated HTTP SYN from h3:43693 -> h5:80 [len=54B]
2025-09-12 18:41:14 - [BENIGN] - DEBUG - Generated HTTP SYN-ACK from h5:80 <- h3:43693 [len=54B]
2025-09-12 18:41:15 - [BENIGN] - DEBUG - Generated HTTP ACK from h3:43693 -> h5:80 [len=54B]
2025-09-12 18:41:16 - [BENIGN] - DEBUG - Generated HTTP data traffic from h3:43693 -> h5:80 [content='GET /index.html HTTP/1.1'] [Session 70] [len=350B]
2025-09-12 18:41:16 - [BENIGN] - DEBUG - Generated HTTP ACK reply from h5:80 <- h3:43693 [len=54B]
2025-09-12 18:41:17 - [BENIGN] - DEBUG - Generated HTTPS SYN from h3:17303 -> h5:443 [len=54B]
2025-09-12 18:41:17 - [BENIGN] - DEBUG - Generated HTTPS SYN-ACK from h5:443 <- h3:17303 [len=54B]
2025-09-12 18:41:18 - [BENIGN] - DEBUG - Generated HTTPS ACK from h3:17303 -> h5:443 [len=54B]
2025-09-12 18:41:19 - [BENIGN] - DEBUG - Generated HTTPS data traffic from h3:17303 -> h5:443 [content='Encrypted Application Data'] [Session 71] [len=755B]
2025-09-12 18:41:19 - [BENIGN] - DEBUG - Generated HTTPS ACK reply from h5:443 <- h3:17303 [len=54B]
2025-09-12 18:41:20 - [BENIGN] - DEBUG - Generated DNS query from h3:7876 -> h5:53 [qname='example.com'] [Session 72] [len=71B]
2025-09-12 18:41:20 - [BENIGN] - DEBUG - Generated ICMP traffic h2↔h5 9 [len=84B]
2025-09-12 18:41:21 - [BENIGN] - DEBUG - Generated TCP SYN from h3:37129 -> h5:12345 [len=54B]
2025-09-12 18:41:21 - [BENIGN] - DEBUG - Generated TCP SYN-ACK from h5:12345 <- h3:37129 [len=54B]
2025-09-12 18:41:22 - [BENIGN] - DEBUG - Generated TCP ACK from h3:37129 -> h5:12345 [len=54B]
2025-09-12 18:41:22 - [BENIGN] - DEBUG - Generated TCP data traffic from h3:37129 -> h5:12345 [content='TCP data'] [Session 73] [len=1456B]
2025-09-12 18:41:23 - [BENIGN] - DEBUG - Generated TCP ACK reply from h5:12345 <- h3:37129 [len=54B]
2025-09-12 18:41:24 - [BENIGN] - DEBUG - Generated UDP traffic from h3:51305 -> h5:12346 [content='2692cbd29ed65929a714694a94adffe4a5cb7cfd...'] [Session 74] [len=1043B]
2025-09-12 18:41:24 - [BENIGN] - DEBUG - Generated Telnet SYN from h3:28323 -> h5:23 [len=54B]
2025-09-12 18:41:25 - [BENIGN] - DEBUG - Generated Telnet SYN-ACK from h5:23 <- h3:28323 [len=54B]
2025-09-12 18:41:26 - [BENIGN] - DEBUG - Generated Telnet ACK from h3:28323 -> h5:23 [len=54B]
2025-09-12 18:41:26 - [BENIGN] - DEBUG - Generated Telnet data traffic from h3:28323 -> h5:23 [content='Telnet command'] [Session 75] [len=1006B]
2025-09-12 18:41:27 - [BENIGN] - DEBUG - Generated Telnet ACK reply from h5:23 <- h3:28323 [len=54B]
2025-09-12 18:41:27 - [BENIGN] - DEBUG - Generated SSH SYN from h3:13316 -> h5:22 [len=54B]
2025-09-12 18:41:28 - [BENIGN] - DEBUG - Generated SSH SYN-ACK from h5:22 <- h3:13316 [len=54B]
2025-09-12 18:41:29 - [BENIGN] - DEBUG - Generated SSH ACK from h3:13316 -> h5:22 [len=54B]
2025-09-12 18:41:29 - [BENIGN] - DEBUG - Generated SSH data traffic from h3:13316 -> h5:22 [content='SSH encrypted data'] [Session 76] [len=382B]
2025-09-12 18:41:30 - [BENIGN] - DEBUG - Generated SSH ACK reply from h5:22 <- h3:13316 [len=54B]
2025-09-12 18:41:30 - [BENIGN] - DEBUG - Generated FTP SYN from h3:13620 -> h5:21 [len=54B]
2025-09-12 18:41:31 - [BENIGN] - DEBUG - Generated FTP SYN-ACK from h5:21 <- h3:13620 [len=54B]
2025-09-12 18:41:32 - [BENIGN] - DEBUG - Generated FTP ACK from h3:13620 -> h5:21 [len=54B]
2025-09-12 18:41:32 - [BENIGN] - DEBUG - Generated FTP data traffic from h3:13620 -> h5:21 [content='FTP file transfer'] [Session 77] [len=1202B]
2025-09-12 18:41:33 - [BENIGN] - DEBUG - Generated FTP ACK reply from h5:21 <- h3:13620 [len=54B]
2025-09-12 18:41:34 - [BENIGN] - DEBUG - Generated HTTP SYN from h3:5324 -> h5:80 [len=54B]
2025-09-12 18:41:34 - [BENIGN] - DEBUG - Generated HTTP SYN-ACK from h5:80 <- h3:5324 [len=54B]
2025-09-12 18:41:35 - [BENIGN] - DEBUG - Generated HTTP ACK from h3:5324 -> h5:80 [len=54B]
2025-09-12 18:41:36 - [BENIGN] - DEBUG - Generated HTTP data traffic from h3:5324 -> h5:80 [content='GET /index.html HTTP/1.1'] [Session 78] [len=593B]
2025-09-12 18:41:36 - [BENIGN] - DEBUG - Generated HTTP ACK reply from h5:80 <- h3:5324 [len=54B]
2025-09-12 18:41:37 - [BENIGN] - DEBUG - Generated HTTPS SYN from h3:53024 -> h5:443 [len=54B]
2025-09-12 18:41:37 - [BENIGN] - DEBUG - Generated HTTPS SYN-ACK from h5:443 <- h3:53024 [len=54B]
2025-09-12 18:41:38 - [BENIGN] - DEBUG - Generated HTTPS ACK from h3:53024 -> h5:443 [len=54B]
2025-09-12 18:41:39 - [BENIGN] - DEBUG - Generated HTTPS data traffic from h3:53024 -> h5:443 [content='Encrypted Application Data'] [Session 79] [len=275B]
2025-09-12 18:41:39 - [BENIGN] - DEBUG - Generated HTTPS ACK reply from h5:443 <- h3:53024 [len=54B]
2025-09-12 18:41:40 - [BENIGN] - DEBUG - Generated DNS query from h3:21729 -> h5:53 [qname='example.com'] [Session 80] [len=71B]
2025-09-12 18:41:40 - [BENIGN] - INFO - Benign traffic finished.
2025-09-12 18:41:40 - [BENIGN] - INFO - Summary: 80 protocol sessions with protocol separation:
2025-09-12 18:41:40 - [BENIGN] - INFO -   - h2↔h5: ICMP ping traffic
2025-09-12 18:41:40 - [BENIGN] - INFO -   - h3↔h5: TCP/UDP traffic [TCP, UDP, Telnet, SSH, FTP, HTTP, HTTPS, DNS]
2025-09-12 18:41:40 - [BENIGN] - INFO - Total packets sent: 340
