2025-09-12 17:57:50,778 - attack_logger - INFO - Attack: Enhanced SYN Flood (11s) | h1 -> h6
2025-09-12 17:57:53,292 - attack_logger - INFO - [syn_flood] [Run ID: e32212db-f684-4faf-844d-d36a17787acb] Starting Enhanced SYN Flood from h1 to 192.168.30.10 for 11 seconds.
2025-09-12 17:57:53,292 - attack_logger - INFO - [syn_flood] [Run ID: e32212db-f684-4faf-844d-d36a17787acb] Attack Phase: Enhanced Traditional SYN Flood - Attacker: h1, Target: 192.168.30.10:80, Duration: 11s
2025-09-12 17:57:53,292 - attack_logger - INFO - [syn_flood] [Run ID: e32212db-f684-4faf-844d-d36a17787acb] Enhanced Features: Human-like timing, protocol compliance, network delay simulation
2025-09-12 17:57:53,293 - attack_logger - INFO - [syn_flood] [Run ID: e32212db-f684-4faf-844d-d36a17787acb] Session pattern: 1 phases, Circadian factor: 0.80, Workday factor: 0.96
2025-09-12 17:57:53,293 - attack_logger - DEBUG - [syn_flood] [Run ID: e32212db-f684-4faf-844d-d36a17787acb] Starting enhanced SYN packet generation with human-like timing
2025-09-12 17:57:53,293 - attack_logger - INFO - [syn_flood] [Run ID: e32212db-f684-4faf-844d-d36a17787acb] Stress phase: 3s, Advanced phase: 8s
2025-09-12 17:57:56,916 - attack_logger - INFO - [syn_flood] [Run ID: e32212db-f684-4faf-844d-d36a17787acb] Stress phase completed
2025-09-12 17:57:56,923 - attack_logger - INFO - [syn_flood] [Run ID: e32212db-f684-4faf-844d-d36a17787acb] Enhanced SYN flood process started (PID: 123681)
2025-09-12 17:57:57,967 - attack_logger - INFO - [syn_flood] [Run ID: e32212db-f684-4faf-844d-d36a17787acb] Attack progress: 1.1s elapsed, ~17 packets sent, Rate: 16.2 pps, Phase: active (intensity: 0.95)
2025-09-12 17:57:57,967 - attack_logger - DEBUG - [syn_flood] [Run ID: e32212db-f684-4faf-844d-d36a17787acb] Process stats - CPU: 0.0%, Memory: 60.3MB
2025-09-12 17:57:57,967 - attack_logger - DEBUG - [syn_flood] [Run ID: e32212db-f684-4faf-844d-d36a17787acb] Timing factors - Circadian: 0.80, Workday: 0.96, Adjusted rate: 16.9 pps
2025-09-12 17:57:59,045 - attack_logger - INFO - [syn_flood] [Run ID: e32212db-f684-4faf-844d-d36a17787acb] Attack progress: 2.1s elapsed, ~32 packets sent, Rate: 15.0 pps, Phase: active (intensity: 0.95)
2025-09-12 17:57:59,045 - attack_logger - DEBUG - [syn_flood] [Run ID: e32212db-f684-4faf-844d-d36a17787acb] Process stats - CPU: 0.0%, Memory: 60.5MB
2025-09-12 17:57:59,045 - attack_logger - DEBUG - [syn_flood] [Run ID: e32212db-f684-4faf-844d-d36a17787acb] Timing factors - Circadian: 0.80, Workday: 0.96, Adjusted rate: 15.5 pps
2025-09-12 17:58:00,052 - attack_logger - INFO - [syn_flood] [Run ID: e32212db-f684-4faf-844d-d36a17787acb] Attack progress: 3.1s elapsed, ~57 packets sent, Rate: 18.2 pps, Phase: active (intensity: 0.95)
2025-09-12 17:58:00,052 - attack_logger - DEBUG - [syn_flood] [Run ID: e32212db-f684-4faf-844d-d36a17787acb] Process stats - CPU: 0.0%, Memory: 60.5MB
2025-09-12 17:58:00,052 - attack_logger - DEBUG - [syn_flood] [Run ID: e32212db-f684-4faf-844d-d36a17787acb] Timing factors - Circadian: 0.80, Workday: 0.96, Adjusted rate: 18.4 pps
2025-09-12 17:58:01,150 - attack_logger - INFO - [syn_flood] [Run ID: e32212db-f684-4faf-844d-d36a17787acb] Attack progress: 4.2s elapsed, ~85 packets sent, Rate: 20.1 pps, Phase: active (intensity: 0.95)
2025-09-12 17:58:01,150 - attack_logger - DEBUG - [syn_flood] [Run ID: e32212db-f684-4faf-844d-d36a17787acb] Process stats - CPU: 0.0%, Memory: 60.5MB
2025-09-12 17:58:01,150 - attack_logger - DEBUG - [syn_flood] [Run ID: e32212db-f684-4faf-844d-d36a17787acb] Timing factors - Circadian: 0.80, Workday: 0.96, Adjusted rate: 20.1 pps
2025-09-12 17:58:02,232 - attack_logger - INFO - [syn_flood] [Run ID: e32212db-f684-4faf-844d-d36a17787acb] Attack progress: 5.3s elapsed, ~89 packets sent, Rate: 16.7 pps, Phase: active (intensity: 0.95)
2025-09-12 17:58:02,232 - attack_logger - DEBUG - [syn_flood] [Run ID: e32212db-f684-4faf-844d-d36a17787acb] Process stats - CPU: 0.0%, Memory: 60.5MB
2025-09-12 17:58:02,232 - attack_logger - DEBUG - [syn_flood] [Run ID: e32212db-f684-4faf-844d-d36a17787acb] Timing factors - Circadian: 0.80, Workday: 0.96, Adjusted rate: 16.8 pps
2025-09-12 17:58:03,279 - attack_logger - INFO - [syn_flood] [Run ID: e32212db-f684-4faf-844d-d36a17787acb] Attack progress: 6.4s elapsed, ~113 packets sent, Rate: 17.8 pps, Phase: active (intensity: 0.95)
2025-09-12 17:58:03,279 - attack_logger - DEBUG - [syn_flood] [Run ID: e32212db-f684-4faf-844d-d36a17787acb] Process stats - CPU: 0.0%, Memory: 60.5MB
2025-09-12 17:58:03,279 - attack_logger - DEBUG - [syn_flood] [Run ID: e32212db-f684-4faf-844d-d36a17787acb] Timing factors - Circadian: 0.80, Workday: 0.96, Adjusted rate: 17.9 pps
2025-09-12 17:58:04,364 - attack_logger - INFO - [syn_flood] [Run ID: e32212db-f684-4faf-844d-d36a17787acb] Attack progress: 7.4s elapsed, ~112 packets sent, Rate: 15.0 pps, Phase: active (intensity: 0.95)
2025-09-12 17:58:04,364 - attack_logger - DEBUG - [syn_flood] [Run ID: e32212db-f684-4faf-844d-d36a17787acb] Process stats - CPU: 0.0%, Memory: 60.5MB
2025-09-12 17:58:04,364 - attack_logger - DEBUG - [syn_flood] [Run ID: e32212db-f684-4faf-844d-d36a17787acb] Timing factors - Circadian: 0.80, Workday: 0.96, Adjusted rate: 15.1 pps
2025-09-12 17:58:04,947 - attack_logger - DEBUG - [syn_flood] [Run ID: e32212db-f684-4faf-844d-d36a17787acb] Sent SIGINT to SYN flood process 123681
2025-09-12 17:58:05,448 - attack_logger - INFO - [syn_flood] [Run ID: e32212db-f684-4faf-844d-d36a17787acb] Enhanced SYN Flood from h1 to 192.168.30.10 finished.
2025-09-12 17:58:05,448 - attack_logger - INFO - [syn_flood] [Run ID: e32212db-f684-4faf-844d-d36a17787acb] Attack completed. Total packets sent = 180, Average rate = 22.41 packets/sec.
2025-09-12 17:58:05,448 - attack_logger - INFO - [syn_flood] [Run ID: e32212db-f684-4faf-844d-d36a17787acb] --- Enhanced Attack Summary ---
2025-09-12 17:58:05,448 - attack_logger - INFO - [syn_flood] [Run ID: e32212db-f684-4faf-844d-d36a17787acb] Total packets sent: 180
2025-09-12 17:58:05,448 - attack_logger - INFO - [syn_flood] [Run ID: e32212db-f684-4faf-844d-d36a17787acb] Actual duration: 8.03s
2025-09-12 17:58:05,448 - attack_logger - INFO - [syn_flood] [Run ID: e32212db-f684-4faf-844d-d36a17787acb] Average rate: 22.41 packets/sec
2025-09-12 17:58:05,448 - attack_logger - INFO - [syn_flood] [Run ID: e32212db-f684-4faf-844d-d36a17787acb] Base rate: 29.2 pps
2025-09-12 17:58:05,448 - attack_logger - INFO - [syn_flood] [Run ID: e32212db-f684-4faf-844d-d36a17787acb] Circadian factor: 0.80
2025-09-12 17:58:05,448 - attack_logger - INFO - [syn_flood] [Run ID: e32212db-f684-4faf-844d-d36a17787acb] Workday factor: 0.96
2025-09-12 17:58:05,448 - attack_logger - INFO - [syn_flood] [Run ID: e32212db-f684-4faf-844d-d36a17787acb] Session phases: 1
2025-09-12 17:58:05,448 - attack_logger - INFO - [syn_flood] [Run ID: e32212db-f684-4faf-844d-d36a17787acb] Target port: 80
2025-09-12 17:58:05,448 - attack_logger - INFO - [syn_flood] [Run ID: e32212db-f684-4faf-844d-d36a17787acb] Attack method: Enhanced SYN Flood with Human-like Timing
2025-09-12 17:58:05,448 - attack_logger - INFO - [syn_flood] [Run ID: e32212db-f684-4faf-844d-d36a17787acb] Enhancement features: Human timing patterns, protocol compliance, network delay simulation
2025-09-12 17:58:05,448 - attack_logger - INFO - [syn_flood] [Run ID: e32212db-f684-4faf-844d-d36a17787acb] TCP options: MSS, WScale, Timestamp, SAckOK
2025-09-12 17:58:05,448 - attack_logger - INFO - [syn_flood] [Run ID: e32212db-f684-4faf-844d-d36a17787acb] ----------------------------------------
2025-09-12 17:58:05,519 - attack_logger - INFO - Attack: Enhanced SYN Flood completed.
2025-09-12 17:58:05,519 - attack_logger - INFO - Attack: Enhanced UDP Flood (22s) | h1 -> h6
2025-09-12 17:58:08,033 - attack_logger - INFO - [udp_flood] [Run ID: 6f65d85b-a128-4b65-87e6-cb868b288ce8] Starting Enhanced UDP Flood from h1 to 192.168.30.10 for 22 seconds.
2025-09-12 17:58:08,033 - attack_logger - INFO - [udp_flood] [Run ID: 6f65d85b-a128-4b65-87e6-cb868b288ce8] Attack Phase: Enhanced Traditional UDP Flood - Attacker: h1, Target: 192.168.30.10:53, Duration: 22s
2025-09-12 17:58:08,033 - attack_logger - INFO - [udp_flood] [Run ID: 6f65d85b-a128-4b65-87e6-cb868b288ce8] Enhanced Features: Human-like timing, protocol compliance, network delay simulation
2025-09-12 17:58:08,033 - attack_logger - INFO - [udp_flood] [Run ID: 6f65d85b-a128-4b65-87e6-cb868b288ce8] Stress phase: 6s, Advanced phase: 16s
2025-09-12 17:58:14,640 - attack_logger - INFO - [udp_flood] [Run ID: 6f65d85b-a128-4b65-87e6-cb868b288ce8] Stress phase completed
2025-09-12 17:58:14,640 - attack_logger - INFO - [udp_flood] [Run ID: 6f65d85b-a128-4b65-87e6-cb868b288ce8] Session pattern: 1 phases, Circadian factor: 0.80, Workday factor: 0.96
2025-09-12 17:58:14,640 - attack_logger - DEBUG - [udp_flood] [Run ID: 6f65d85b-a128-4b65-87e6-cb868b288ce8] Starting enhanced UDP packet generation with human-like timing
2025-09-12 17:58:14,648 - attack_logger - INFO - [udp_flood] [Run ID: 6f65d85b-a128-4b65-87e6-cb868b288ce8] Enhanced UDP flood process started (PID: 123690)
2025-09-12 17:58:17,702 - attack_logger - INFO - [udp_flood] [Run ID: 6f65d85b-a128-4b65-87e6-cb868b288ce8] Attack progress: 3.1s elapsed, ~40 packets sent, Rate: 13.1 pps, Phase: active (intensity: 0.80)
2025-09-12 17:58:17,702 - attack_logger - DEBUG - [udp_flood] [Run ID: 6f65d85b-a128-4b65-87e6-cb868b288ce8] Process stats - CPU: 0.0%, Memory: 60.2MB
2025-09-12 17:58:17,702 - attack_logger - DEBUG - [udp_flood] [Run ID: 6f65d85b-a128-4b65-87e6-cb868b288ce8] Timing factors - Circadian: 0.80, Workday: 0.96, Adjusted rate: 13.2 pps
2025-09-12 17:58:20,735 - attack_logger - INFO - [udp_flood] [Run ID: 6f65d85b-a128-4b65-87e6-cb868b288ce8] Attack progress: 6.1s elapsed, ~93 packets sent, Rate: 15.3 pps, Phase: active (intensity: 0.80)
2025-09-12 17:58:20,735 - attack_logger - DEBUG - [udp_flood] [Run ID: 6f65d85b-a128-4b65-87e6-cb868b288ce8] Process stats - CPU: 0.0%, Memory: 60.4MB
2025-09-12 17:58:20,735 - attack_logger - DEBUG - [udp_flood] [Run ID: 6f65d85b-a128-4b65-87e6-cb868b288ce8] Timing factors - Circadian: 0.80, Workday: 0.96, Adjusted rate: 15.4 pps
2025-09-12 17:58:23,742 - attack_logger - INFO - [udp_flood] [Run ID: 6f65d85b-a128-4b65-87e6-cb868b288ce8] Attack progress: 9.1s elapsed, ~142 packets sent, Rate: 15.6 pps, Phase: active (intensity: 0.80)
2025-09-12 17:58:23,742 - attack_logger - DEBUG - [udp_flood] [Run ID: 6f65d85b-a128-4b65-87e6-cb868b288ce8] Process stats - CPU: 0.0%, Memory: 60.5MB
2025-09-12 17:58:23,742 - attack_logger - DEBUG - [udp_flood] [Run ID: 6f65d85b-a128-4b65-87e6-cb868b288ce8] Timing factors - Circadian: 0.80, Workday: 0.96, Adjusted rate: 15.6 pps
2025-09-12 17:58:26,806 - attack_logger - INFO - [udp_flood] [Run ID: 6f65d85b-a128-4b65-87e6-cb868b288ce8] Attack progress: 12.2s elapsed, ~183 packets sent, Rate: 15.0 pps, Phase: active (intensity: 0.80)
2025-09-12 17:58:26,806 - attack_logger - DEBUG - [udp_flood] [Run ID: 6f65d85b-a128-4b65-87e6-cb868b288ce8] Process stats - CPU: 0.0%, Memory: 60.5MB
2025-09-12 17:58:26,806 - attack_logger - DEBUG - [udp_flood] [Run ID: 6f65d85b-a128-4b65-87e6-cb868b288ce8] Timing factors - Circadian: 0.80, Workday: 0.96, Adjusted rate: 15.1 pps
2025-09-12 17:58:29,893 - attack_logger - INFO - [udp_flood] [Run ID: 6f65d85b-a128-4b65-87e6-cb868b288ce8] Attack progress: 15.3s elapsed, ~256 packets sent, Rate: 16.8 pps, Phase: active (intensity: 0.80)
2025-09-12 17:58:29,893 - attack_logger - DEBUG - [udp_flood] [Run ID: 6f65d85b-a128-4b65-87e6-cb868b288ce8] Process stats - CPU: 0.0%, Memory: 60.5MB
2025-09-12 17:58:29,893 - attack_logger - DEBUG - [udp_flood] [Run ID: 6f65d85b-a128-4b65-87e6-cb868b288ce8] Timing factors - Circadian: 0.80, Workday: 0.96, Adjusted rate: 16.8 pps
2025-09-12 17:58:30,744 - attack_logger - DEBUG - [udp_flood] [Run ID: 6f65d85b-a128-4b65-87e6-cb868b288ce8] Sent SIGINT to UDP flood process 123690
2025-09-12 17:58:31,246 - attack_logger - INFO - [udp_flood] [Run ID: 6f65d85b-a128-4b65-87e6-cb868b288ce8] Enhanced UDP Flood from h1 to 192.168.30.10 finished.
2025-09-12 17:58:31,247 - attack_logger - INFO - [udp_flood] [Run ID: 6f65d85b-a128-4b65-87e6-cb868b288ce8] Attack completed. Total packets sent = 308, Average rate = 19.13 packets/sec.
2025-09-12 17:58:31,247 - attack_logger - INFO - [udp_flood] [Run ID: 6f65d85b-a128-4b65-87e6-cb868b288ce8] --- Enhanced Attack Summary ---
2025-09-12 17:58:31,247 - attack_logger - INFO - [udp_flood] [Run ID: 6f65d85b-a128-4b65-87e6-cb868b288ce8] Total packets sent: 308
2025-09-12 17:58:31,247 - attack_logger - INFO - [udp_flood] [Run ID: 6f65d85b-a128-4b65-87e6-cb868b288ce8] Actual duration: 16.10s
2025-09-12 17:58:31,247 - attack_logger - INFO - [udp_flood] [Run ID: 6f65d85b-a128-4b65-87e6-cb868b288ce8] Average rate: 19.13 packets/sec
2025-09-12 17:58:31,247 - attack_logger - INFO - [udp_flood] [Run ID: 6f65d85b-a128-4b65-87e6-cb868b288ce8] Base rate: 25.0 pps
2025-09-12 17:58:31,247 - attack_logger - INFO - [udp_flood] [Run ID: 6f65d85b-a128-4b65-87e6-cb868b288ce8] Circadian factor: 0.80
2025-09-12 17:58:31,247 - attack_logger - INFO - [udp_flood] [Run ID: 6f65d85b-a128-4b65-87e6-cb868b288ce8] Workday factor: 0.96
2025-09-12 17:58:31,247 - attack_logger - INFO - [udp_flood] [Run ID: 6f65d85b-a128-4b65-87e6-cb868b288ce8] Session phases: 1
2025-09-12 17:58:31,247 - attack_logger - INFO - [udp_flood] [Run ID: 6f65d85b-a128-4b65-87e6-cb868b288ce8] Target port: 53 (DNS)
2025-09-12 17:58:31,247 - attack_logger - INFO - [udp_flood] [Run ID: 6f65d85b-a128-4b65-87e6-cb868b288ce8] Attack method: Enhanced UDP Flood with Human-like Timing
2025-09-12 17:58:31,247 - attack_logger - INFO - [udp_flood] [Run ID: 6f65d85b-a128-4b65-87e6-cb868b288ce8] Enhancement features: Human timing patterns, protocol compliance, network delay simulation
2025-09-12 17:58:31,247 - attack_logger - INFO - [udp_flood] [Run ID: 6f65d85b-a128-4b65-87e6-cb868b288ce8] DNS payloads: Realistic query patterns with varied domains
2025-09-12 17:58:31,247 - attack_logger - INFO - [udp_flood] [Run ID: 6f65d85b-a128-4b65-87e6-cb868b288ce8] ----------------------------------------
2025-09-12 17:58:31,289 - attack_logger - INFO - Attack: Enhanced UDP Flood completed.
2025-09-12 17:58:31,289 - attack_logger - INFO - Attack: Enhanced ICMP Flood (11s) | h1 -> h4
2025-09-12 17:58:33,804 - attack_logger - INFO - [icmp_flood] [Run ID: 604b3cf3-e5af-43d2-a8fb-a5b15d865df9] Starting Enhanced ICMP Flood with RFC 1918 IP Rotation from h1 to 192.168.20.12 for 11 seconds.
2025-09-12 17:58:33,804 - attack_logger - INFO - [icmp_flood] [Run ID: 604b3cf3-e5af-43d2-a8fb-a5b15d865df9] Attack Phase: Enhanced Traditional ICMP Flood - Attacker: h1, Target: 192.168.20.12, Duration: 11s
2025-09-12 17:58:33,804 - attack_logger - INFO - [icmp_flood] [Run ID: 604b3cf3-e5af-43d2-a8fb-a5b15d865df9] Enhanced Features: RFC 1918 IP rotation, human-like timing, protocol compliance, network delay simulation
2025-09-12 17:58:33,804 - attack_logger - INFO - [icmp_flood] [Run ID: 604b3cf3-e5af-43d2-a8fb-a5b15d865df9] IP Pool Size: 50 source IPs from RFC 1918 ranges (10.0.0.0/8, 172.16.0.0/12, 192.168.0.0/16)
2025-09-12 17:58:33,804 - attack_logger - INFO - [icmp_flood] [Run ID: 604b3cf3-e5af-43d2-a8fb-a5b15d865df9] Stress phase total: 3s (host: 1s, gateway: 2s), Advanced phase: 8s
2025-09-12 17:58:35,389 - attack_logger - INFO - [icmp_flood] [Run ID: 604b3cf3-e5af-43d2-a8fb-a5b15d865df9] Host stress sub-phase completed
2025-09-12 17:58:37,964 - attack_logger - INFO - [icmp_flood] [Run ID: 604b3cf3-e5af-43d2-a8fb-a5b15d865df9] Gateway stress sub-phase completed
2025-09-12 17:58:37,964 - attack_logger - INFO - [icmp_flood] [Run ID: 604b3cf3-e5af-43d2-a8fb-a5b15d865df9] Session pattern: 1 phases, Circadian factor: 0.80, Workday factor: 0.96
2025-09-12 17:58:37,964 - attack_logger - DEBUG - [icmp_flood] [Run ID: 604b3cf3-e5af-43d2-a8fb-a5b15d865df9] Starting enhanced ICMP packet generation with IP rotation and human-like timing
2025-09-12 17:58:37,972 - attack_logger - INFO - [icmp_flood] [Run ID: 604b3cf3-e5af-43d2-a8fb-a5b15d865df9] Enhanced ICMP flood with IP rotation process started (PID: 123704)
2025-09-12 17:58:39,006 - attack_logger - INFO - [icmp_flood] [Run ID: 604b3cf3-e5af-43d2-a8fb-a5b15d865df9] Attack progress: 1.0s elapsed, ~16 packets sent, Rate: 15.4 pps, IP rotations: ~1, Phase: active (intensity: 0.74)
2025-09-12 17:58:39,006 - attack_logger - DEBUG - [icmp_flood] [Run ID: 604b3cf3-e5af-43d2-a8fb-a5b15d865df9] Process stats - CPU: 0.0%, Memory: 60.1MB
2025-09-12 17:58:39,006 - attack_logger - DEBUG - [icmp_flood] [Run ID: 604b3cf3-e5af-43d2-a8fb-a5b15d865df9] Timing factors - Circadian: 0.80, Workday: 0.96, Adjusted rate: 15.7 pps
2025-09-12 17:58:40,090 - attack_logger - INFO - [icmp_flood] [Run ID: 604b3cf3-e5af-43d2-a8fb-a5b15d865df9] Attack progress: 2.1s elapsed, ~33 packets sent, Rate: 15.5 pps, IP rotations: ~2, Phase: active (intensity: 0.74)
2025-09-12 17:58:40,090 - attack_logger - DEBUG - [icmp_flood] [Run ID: 604b3cf3-e5af-43d2-a8fb-a5b15d865df9] Process stats - CPU: 0.0%, Memory: 60.1MB
2025-09-12 17:58:40,090 - attack_logger - DEBUG - [icmp_flood] [Run ID: 604b3cf3-e5af-43d2-a8fb-a5b15d865df9] Timing factors - Circadian: 0.80, Workday: 0.96, Adjusted rate: 15.6 pps
2025-09-12 17:58:41,169 - attack_logger - INFO - [icmp_flood] [Run ID: 604b3cf3-e5af-43d2-a8fb-a5b15d865df9] Attack progress: 3.2s elapsed, ~45 packets sent, Rate: 14.0 pps, IP rotations: ~3, Phase: active (intensity: 0.74)
2025-09-12 17:58:41,169 - attack_logger - DEBUG - [icmp_flood] [Run ID: 604b3cf3-e5af-43d2-a8fb-a5b15d865df9] Process stats - CPU: 0.0%, Memory: 60.1MB
2025-09-12 17:58:41,169 - attack_logger - DEBUG - [icmp_flood] [Run ID: 604b3cf3-e5af-43d2-a8fb-a5b15d865df9] Timing factors - Circadian: 0.80, Workday: 0.96, Adjusted rate: 14.1 pps
2025-09-12 17:58:42,211 - attack_logger - INFO - [icmp_flood] [Run ID: 604b3cf3-e5af-43d2-a8fb-a5b15d865df9] Attack progress: 4.2s elapsed, ~56 packets sent, Rate: 13.2 pps, IP rotations: ~3, Phase: active (intensity: 0.74)
2025-09-12 17:58:42,212 - attack_logger - DEBUG - [icmp_flood] [Run ID: 604b3cf3-e5af-43d2-a8fb-a5b15d865df9] Process stats - CPU: 0.0%, Memory: 60.1MB
2025-09-12 17:58:42,212 - attack_logger - DEBUG - [icmp_flood] [Run ID: 604b3cf3-e5af-43d2-a8fb-a5b15d865df9] Timing factors - Circadian: 0.80, Workday: 0.96, Adjusted rate: 13.3 pps
2025-09-12 17:58:43,219 - attack_logger - INFO - [icmp_flood] [Run ID: 604b3cf3-e5af-43d2-a8fb-a5b15d865df9] Attack progress: 5.3s elapsed, ~74 packets sent, Rate: 14.1 pps, IP rotations: ~4, Phase: active (intensity: 0.74)
2025-09-12 17:58:43,219 - attack_logger - DEBUG - [icmp_flood] [Run ID: 604b3cf3-e5af-43d2-a8fb-a5b15d865df9] Process stats - CPU: 0.0%, Memory: 60.1MB
2025-09-12 17:58:43,219 - attack_logger - DEBUG - [icmp_flood] [Run ID: 604b3cf3-e5af-43d2-a8fb-a5b15d865df9] Timing factors - Circadian: 0.80, Workday: 0.96, Adjusted rate: 14.1 pps
2025-09-12 17:58:44,282 - attack_logger - INFO - [icmp_flood] [Run ID: 604b3cf3-e5af-43d2-a8fb-a5b15d865df9] Attack progress: 6.3s elapsed, ~100 packets sent, Rate: 15.8 pps, IP rotations: ~6, Phase: active (intensity: 0.74)
2025-09-12 17:58:44,282 - attack_logger - DEBUG - [icmp_flood] [Run ID: 604b3cf3-e5af-43d2-a8fb-a5b15d865df9] Process stats - CPU: 0.0%, Memory: 60.1MB
2025-09-12 17:58:44,282 - attack_logger - DEBUG - [icmp_flood] [Run ID: 604b3cf3-e5af-43d2-a8fb-a5b15d865df9] Timing factors - Circadian: 0.80, Workday: 0.96, Adjusted rate: 16.0 pps
2025-09-12 17:58:45,383 - attack_logger - INFO - [icmp_flood] [Run ID: 604b3cf3-e5af-43d2-a8fb-a5b15d865df9] Attack progress: 7.4s elapsed, ~87 packets sent, Rate: 11.7 pps, IP rotations: ~5, Phase: active (intensity: 0.74)
2025-09-12 17:58:45,384 - attack_logger - DEBUG - [icmp_flood] [Run ID: 604b3cf3-e5af-43d2-a8fb-a5b15d865df9] Process stats - CPU: 0.0%, Memory: 60.1MB
2025-09-12 17:58:45,384 - attack_logger - DEBUG - [icmp_flood] [Run ID: 604b3cf3-e5af-43d2-a8fb-a5b15d865df9] Timing factors - Circadian: 0.80, Workday: 0.96, Adjusted rate: 11.8 pps
2025-09-12 17:58:46,062 - attack_logger - DEBUG - [icmp_flood] [Run ID: 604b3cf3-e5af-43d2-a8fb-a5b15d865df9] Sent SIGINT to ICMP flood process 123704
2025-09-12 17:58:46,565 - attack_logger - INFO - [icmp_flood] [Run ID: 604b3cf3-e5af-43d2-a8fb-a5b15d865df9] Enhanced ICMP Flood with RFC 1918 IP Rotation from h1 to 192.168.20.12 finished.
2025-09-12 17:58:46,565 - attack_logger - INFO - [icmp_flood] [Run ID: 604b3cf3-e5af-43d2-a8fb-a5b15d865df9] Attack completed. Total packets sent = 147, Average rate = 18.15 packets/sec.
2025-09-12 17:58:46,565 - attack_logger - INFO - [icmp_flood] [Run ID: 604b3cf3-e5af-43d2-a8fb-a5b15d865df9] --- Enhanced Attack Summary ---
2025-09-12 17:58:46,565 - attack_logger - INFO - [icmp_flood] [Run ID: 604b3cf3-e5af-43d2-a8fb-a5b15d865df9] Total packets sent: 147
2025-09-12 17:58:46,565 - attack_logger - INFO - [icmp_flood] [Run ID: 604b3cf3-e5af-43d2-a8fb-a5b15d865df9] Total IP rotations: ~9
2025-09-12 17:58:46,565 - attack_logger - INFO - [icmp_flood] [Run ID: 604b3cf3-e5af-43d2-a8fb-a5b15d865df9] RFC 1918 IP pool size: 50
2025-09-12 17:58:46,565 - attack_logger - INFO - [icmp_flood] [Run ID: 604b3cf3-e5af-43d2-a8fb-a5b15d865df9] IP ranges used: 10.0.0.0/8, 172.16.0.0/12, 192.168.0.0/16
2025-09-12 17:58:46,565 - attack_logger - INFO - [icmp_flood] [Run ID: 604b3cf3-e5af-43d2-a8fb-a5b15d865df9] Actual duration: 8.10s
2025-09-12 17:58:46,565 - attack_logger - INFO - [icmp_flood] [Run ID: 604b3cf3-e5af-43d2-a8fb-a5b15d865df9] Average rate: 18.15 packets/sec
2025-09-12 17:58:46,565 - attack_logger - INFO - [icmp_flood] [Run ID: 604b3cf3-e5af-43d2-a8fb-a5b15d865df9] Base rate: 23.8 pps
2025-09-12 17:58:46,565 - attack_logger - INFO - [icmp_flood] [Run ID: 604b3cf3-e5af-43d2-a8fb-a5b15d865df9] Circadian factor: 0.80
2025-09-12 17:58:46,565 - attack_logger - INFO - [icmp_flood] [Run ID: 604b3cf3-e5af-43d2-a8fb-a5b15d865df9] Workday factor: 0.96
2025-09-12 17:58:46,565 - attack_logger - INFO - [icmp_flood] [Run ID: 604b3cf3-e5af-43d2-a8fb-a5b15d865df9] Session phases: 1
2025-09-12 17:58:46,565 - attack_logger - INFO - [icmp_flood] [Run ID: 604b3cf3-e5af-43d2-a8fb-a5b15d865df9] ICMP type: Echo Request (8) with ID/Seq variations
2025-09-12 17:58:46,565 - attack_logger - INFO - [icmp_flood] [Run ID: 604b3cf3-e5af-43d2-a8fb-a5b15d865df9] Attack method: Enhanced ICMP Flood with RFC 1918 IP Rotation
2025-09-12 17:58:46,565 - attack_logger - INFO - [icmp_flood] [Run ID: 604b3cf3-e5af-43d2-a8fb-a5b15d865df9] Enhancement features: RFC 1918 IP rotation, human timing patterns, protocol compliance, network delay simulation
2025-09-12 17:58:46,565 - attack_logger - INFO - [icmp_flood] [Run ID: 604b3cf3-e5af-43d2-a8fb-a5b15d865df9] ----------------------------------------
2025-09-12 17:58:46,632 - attack_logger - INFO - Attack: Enhanced ICMP Flood completed.
2025-09-12 17:58:47,145 - attack_logger - INFO - Attack: ENHANCED Adversarial TCP State Exhaustion (8s) | h1 -> h6
2025-09-12 17:58:58,290 - attack_logger - INFO - Attack: ENHANCED Adversarial Application Layer (3s) | h1 -> h6
2025-09-12 17:59:04,479 - attack_logger - INFO - Attack: ENHANCED Adversarial Slow Read (9s) | h1 -> h6
2025-09-12 17:59:16,771 - attack_logger - INFO - Attack: ENHANCED Adversarial Slow Read completed.
