2025-09-12 17:54:28 - [BENIGN] - INFO - Starting benign traffic for 200 seconds...
2025-09-12 17:54:28 - [BENIGN] - INFO - Protocol separation: h2↔h5 (ICMP), h3↔h5 (TCP/UDP)
2025-09-12 17:54:28 - [BENIGN] - DEBUG - Generated ICMP traffic h2↔h5 0 [len=84B]
2025-09-12 17:54:28 - [BENIGN] - DEBUG - Generated TCP SYN from h3:53717 -> h5:12345 [len=54B]
2025-09-12 17:54:29 - [BENIGN] - DEBUG - Generated TCP SYN-ACK from h5:12345 <- h3:53717 [len=54B]
2025-09-12 17:54:30 - [BENIGN] - DEBUG - Generated TCP ACK from h3:53717 -> h5:12345 [len=54B]
2025-09-12 17:54:30 - [BENIGN] - DEBUG - Generated TCP data traffic from h3:53717 -> h5:12345 [content='TCP data'] [Session 1] [len=284B]
2025-09-12 17:54:31 - [BENIGN] - DEBUG - Generated TCP ACK reply from h5:12345 <- h3:53717 [len=54B]
2025-09-12 17:54:32 - [BENIGN] - DEBUG - Generated UDP traffic from h3:12024 -> h5:12346 [content='116b59b6bbe5f747f64cefe7659c244ecaf031ef...'] [Session 2] [len=756B]
2025-09-12 17:54:32 - [BENIGN] - DEBUG - Generated Telnet SYN from h3:7943 -> h5:23 [len=54B]
2025-09-12 17:54:33 - [BENIGN] - DEBUG - Generated Telnet SYN-ACK from h5:23 <- h3:7943 [len=54B]
2025-09-12 17:54:34 - [BENIGN] - DEBUG - Generated Telnet ACK from h3:7943 -> h5:23 [len=54B]
2025-09-12 17:54:34 - [BENIGN] - DEBUG - Generated Telnet data traffic from h3:7943 -> h5:23 [content='Telnet command'] [Session 3] [len=162B]
2025-09-12 17:54:35 - [BENIGN] - DEBUG - Generated Telnet ACK reply from h5:23 <- h3:7943 [len=54B]
2025-09-12 17:54:36 - [BENIGN] - DEBUG - Generated SSH SYN from h3:19555 -> h5:22 [len=54B]
2025-09-12 17:54:36 - [BENIGN] - DEBUG - Generated SSH SYN-ACK from h5:22 <- h3:19555 [len=54B]
2025-09-12 17:54:37 - [BENIGN] - DEBUG - Generated SSH ACK from h3:19555 -> h5:22 [len=54B]
2025-09-12 17:54:38 - [BENIGN] - DEBUG - Generated SSH data traffic from h3:19555 -> h5:22 [content='SSH encrypted data'] [Session 4] [len=499B]
2025-09-12 17:54:38 - [BENIGN] - DEBUG - Generated SSH ACK reply from h5:22 <- h3:19555 [len=54B]
2025-09-12 17:54:39 - [BENIGN] - DEBUG - Generated FTP SYN from h3:60348 -> h5:21 [len=54B]
2025-09-12 17:54:39 - [BENIGN] - DEBUG - Generated FTP SYN-ACK from h5:21 <- h3:60348 [len=54B]
2025-09-12 17:54:40 - [BENIGN] - DEBUG - Generated FTP ACK from h3:60348 -> h5:21 [len=54B]
2025-09-12 17:54:41 - [BENIGN] - DEBUG - Generated FTP data traffic from h3:60348 -> h5:21 [content='FTP file transfer'] [Session 5] [len=1321B]
2025-09-12 17:54:41 - [BENIGN] - DEBUG - Generated FTP ACK reply from h5:21 <- h3:60348 [len=54B]
2025-09-12 17:54:42 - [BENIGN] - DEBUG - Generated HTTP SYN from h3:49933 -> h5:80 [len=54B]
2025-09-12 17:54:43 - [BENIGN] - DEBUG - Generated HTTP SYN-ACK from h5:80 <- h3:49933 [len=54B]
2025-09-12 17:54:43 - [BENIGN] - DEBUG - Generated HTTP ACK from h3:49933 -> h5:80 [len=54B]
2025-09-12 17:54:44 - [BENIGN] - DEBUG - Generated HTTP data traffic from h3:49933 -> h5:80 [content='GET /index.html HTTP/1.1'] [Session 6] [len=649B]
2025-09-12 17:54:45 - [BENIGN] - DEBUG - Generated HTTP ACK reply from h5:80 <- h3:49933 [len=54B]
2025-09-12 17:54:45 - [BENIGN] - DEBUG - Generated HTTPS SYN from h3:29393 -> h5:443 [len=54B]
2025-09-12 17:54:46 - [BENIGN] - DEBUG - Generated HTTPS SYN-ACK from h5:443 <- h3:29393 [len=54B]
2025-09-12 17:54:46 - [BENIGN] - DEBUG - Generated HTTPS ACK from h3:29393 -> h5:443 [len=54B]
2025-09-12 17:54:47 - [BENIGN] - DEBUG - Generated HTTPS data traffic from h3:29393 -> h5:443 [content='Encrypted Application Data'] [Session 7] [len=339B]
2025-09-12 17:54:48 - [BENIGN] - DEBUG - Generated HTTPS ACK reply from h5:443 <- h3:29393 [len=54B]
2025-09-12 17:54:48 - [BENIGN] - DEBUG - Generated DNS query from h3:13501 -> h5:53 [qname='example.com'] [Session 8] [len=71B]
2025-09-12 17:54:48 - [BENIGN] - DEBUG - Generated ICMP traffic h2↔h5 1 [len=84B]
2025-09-12 17:54:49 - [BENIGN] - DEBUG - Generated TCP SYN from h3:45605 -> h5:12345 [len=54B]
2025-09-12 17:54:50 - [BENIGN] - DEBUG - Generated TCP SYN-ACK from h5:12345 <- h3:45605 [len=54B]
2025-09-12 17:54:50 - [BENIGN] - DEBUG - Generated TCP ACK from h3:45605 -> h5:12345 [len=54B]
2025-09-12 17:54:51 - [BENIGN] - DEBUG - Generated TCP data traffic from h3:45605 -> h5:12345 [content='TCP data'] [Session 9] [len=273B]
2025-09-12 17:54:52 - [BENIGN] - DEBUG - Generated TCP ACK reply from h5:12345 <- h3:45605 [len=54B]
2025-09-12 17:54:52 - [BENIGN] - DEBUG - Generated UDP traffic from h3:27095 -> h5:12346 [content='8ec4e132c11f5691518015c55ac30e26812a3792...'] [Session 10] [len=227B]
2025-09-12 17:54:53 - [BENIGN] - DEBUG - Generated Telnet SYN from h3:58658 -> h5:23 [len=54B]
2025-09-12 17:54:53 - [BENIGN] - DEBUG - Generated Telnet SYN-ACK from h5:23 <- h3:58658 [len=54B]
2025-09-12 17:54:54 - [BENIGN] - DEBUG - Generated Telnet ACK from h3:58658 -> h5:23 [len=54B]
2025-09-12 17:54:55 - [BENIGN] - DEBUG - Generated Telnet data traffic from h3:58658 -> h5:23 [content='Telnet command'] [Session 11] [len=1084B]
2025-09-12 17:54:55 - [BENIGN] - DEBUG - Generated Telnet ACK reply from h5:23 <- h3:58658 [len=54B]
2025-09-12 17:54:56 - [BENIGN] - DEBUG - Generated SSH SYN from h3:40841 -> h5:22 [len=54B]
2025-09-12 17:54:57 - [BENIGN] - DEBUG - Generated SSH SYN-ACK from h5:22 <- h3:40841 [len=54B]
2025-09-12 17:54:57 - [BENIGN] - DEBUG - Generated SSH ACK from h3:40841 -> h5:22 [len=54B]
2025-09-12 17:54:58 - [BENIGN] - DEBUG - Generated SSH data traffic from h3:40841 -> h5:22 [content='SSH encrypted data'] [Session 12] [len=1304B]
2025-09-12 17:54:58 - [BENIGN] - DEBUG - Generated SSH ACK reply from h5:22 <- h3:40841 [len=54B]
2025-09-12 17:54:59 - [BENIGN] - DEBUG - Generated FTP SYN from h3:49282 -> h5:21 [len=54B]
2025-09-12 17:55:00 - [BENIGN] - DEBUG - Generated FTP SYN-ACK from h5:21 <- h3:49282 [len=54B]
2025-09-12 17:55:00 - [BENIGN] - DEBUG - Generated FTP ACK from h3:49282 -> h5:21 [len=54B]
2025-09-12 17:55:01 - [BENIGN] - DEBUG - Generated FTP data traffic from h3:49282 -> h5:21 [content='FTP file transfer'] [Session 13] [len=244B]
2025-09-12 17:55:02 - [BENIGN] - DEBUG - Generated FTP ACK reply from h5:21 <- h3:49282 [len=54B]
2025-09-12 17:55:02 - [BENIGN] - DEBUG - Generated HTTP SYN from h3:36930 -> h5:80 [len=54B]
2025-09-12 17:55:03 - [BENIGN] - DEBUG - Generated HTTP SYN-ACK from h5:80 <- h3:36930 [len=54B]
2025-09-12 17:55:03 - [BENIGN] - DEBUG - Generated HTTP ACK from h3:36930 -> h5:80 [len=54B]
2025-09-12 17:55:04 - [BENIGN] - DEBUG - Generated HTTP data traffic from h3:36930 -> h5:80 [content='GET /index.html HTTP/1.1'] [Session 14] [len=634B]
2025-09-12 17:55:05 - [BENIGN] - DEBUG - Generated HTTP ACK reply from h5:80 <- h3:36930 [len=54B]
2025-09-12 17:55:05 - [BENIGN] - DEBUG - Generated HTTPS SYN from h3:24404 -> h5:443 [len=54B]
2025-09-12 17:55:06 - [BENIGN] - DEBUG - Generated HTTPS SYN-ACK from h5:443 <- h3:24404 [len=54B]
2025-09-12 17:55:07 - [BENIGN] - DEBUG - Generated HTTPS ACK from h3:24404 -> h5:443 [len=54B]
2025-09-12 17:55:07 - [BENIGN] - DEBUG - Generated HTTPS data traffic from h3:24404 -> h5:443 [content='Encrypted Application Data'] [Session 15] [len=813B]
2025-09-12 17:55:08 - [BENIGN] - DEBUG - Generated HTTPS ACK reply from h5:443 <- h3:24404 [len=54B]
2025-09-12 17:55:08 - [BENIGN] - DEBUG - Generated DNS query from h3:17207 -> h5:53 [qname='example.com'] [Session 16] [len=71B]
2025-09-12 17:55:08 - [BENIGN] - DEBUG - Generated ICMP traffic h2↔h5 2 [len=84B]
2025-09-12 17:55:09 - [BENIGN] - DEBUG - Generated TCP SYN from h3:38613 -> h5:12345 [len=54B]
2025-09-12 17:55:10 - [BENIGN] - DEBUG - Generated TCP SYN-ACK from h5:12345 <- h3:38613 [len=54B]
2025-09-12 17:55:10 - [BENIGN] - DEBUG - Generated TCP ACK from h3:38613 -> h5:12345 [len=54B]
2025-09-12 17:55:11 - [BENIGN] - DEBUG - Generated TCP data traffic from h3:38613 -> h5:12345 [content='TCP data'] [Session 17] [len=785B]
2025-09-12 17:55:12 - [BENIGN] - DEBUG - Generated TCP ACK reply from h5:12345 <- h3:38613 [len=54B]
2025-09-12 17:55:12 - [BENIGN] - DEBUG - Generated UDP traffic from h3:63580 -> h5:12346 [content='1a8dd688b0523f4d614ddd32b8c1a4d80633b3fe...'] [Session 18] [len=511B]
2025-09-12 17:55:13 - [BENIGN] - DEBUG - Generated Telnet SYN from h3:27718 -> h5:23 [len=54B]
2025-09-12 17:55:13 - [BENIGN] - DEBUG - Generated Telnet SYN-ACK from h5:23 <- h3:27718 [len=54B]
2025-09-12 17:55:14 - [BENIGN] - DEBUG - Generated Telnet ACK from h3:27718 -> h5:23 [len=54B]
2025-09-12 17:55:15 - [BENIGN] - DEBUG - Generated Telnet data traffic from h3:27718 -> h5:23 [content='Telnet command'] [Session 19] [len=520B]
2025-09-12 17:55:15 - [BENIGN] - DEBUG - Generated Telnet ACK reply from h5:23 <- h3:27718 [len=54B]
2025-09-12 17:55:16 - [BENIGN] - DEBUG - Generated SSH SYN from h3:14933 -> h5:22 [len=54B]
2025-09-12 17:55:17 - [BENIGN] - DEBUG - Generated SSH SYN-ACK from h5:22 <- h3:14933 [len=54B]
2025-09-12 17:55:17 - [BENIGN] - DEBUG - Generated SSH ACK from h3:14933 -> h5:22 [len=54B]
2025-09-12 17:55:18 - [BENIGN] - DEBUG - Generated SSH data traffic from h3:14933 -> h5:22 [content='SSH encrypted data'] [Session 20] [len=784B]
2025-09-12 17:55:18 - [BENIGN] - DEBUG - Generated SSH ACK reply from h5:22 <- h3:14933 [len=54B]
2025-09-12 17:55:19 - [BENIGN] - DEBUG - Generated FTP SYN from h3:22595 -> h5:21 [len=54B]
2025-09-12 17:55:20 - [BENIGN] - DEBUG - Generated FTP SYN-ACK from h5:21 <- h3:22595 [len=54B]
2025-09-12 17:55:20 - [BENIGN] - DEBUG - Generated FTP ACK from h3:22595 -> h5:21 [len=54B]
2025-09-12 17:55:21 - [BENIGN] - DEBUG - Generated FTP data traffic from h3:22595 -> h5:21 [content='FTP file transfer'] [Session 21] [len=1015B]
2025-09-12 17:55:22 - [BENIGN] - DEBUG - Generated FTP ACK reply from h5:21 <- h3:22595 [len=54B]
2025-09-12 17:55:22 - [BENIGN] - DEBUG - Generated HTTP SYN from h3:52014 -> h5:80 [len=54B]
2025-09-12 17:55:23 - [BENIGN] - DEBUG - Generated HTTP SYN-ACK from h5:80 <- h3:52014 [len=54B]
2025-09-12 17:55:23 - [BENIGN] - DEBUG - Generated HTTP ACK from h3:52014 -> h5:80 [len=54B]
2025-09-12 17:55:24 - [BENIGN] - DEBUG - Generated HTTP data traffic from h3:52014 -> h5:80 [content='GET /index.html HTTP/1.1'] [Session 22] [len=555B]
2025-09-12 17:55:25 - [BENIGN] - DEBUG - Generated HTTP ACK reply from h5:80 <- h3:52014 [len=54B]
2025-09-12 17:55:25 - [BENIGN] - DEBUG - Generated HTTPS SYN from h3:6698 -> h5:443 [len=54B]
2025-09-12 17:55:26 - [BENIGN] - DEBUG - Generated HTTPS SYN-ACK from h5:443 <- h3:6698 [len=54B]
2025-09-12 17:55:27 - [BENIGN] - DEBUG - Generated HTTPS ACK from h3:6698 -> h5:443 [len=54B]
2025-09-12 17:55:27 - [BENIGN] - DEBUG - Generated HTTPS data traffic from h3:6698 -> h5:443 [content='Encrypted Application Data'] [Session 23] [len=479B]
2025-09-12 17:55:28 - [BENIGN] - DEBUG - Generated HTTPS ACK reply from h5:443 <- h3:6698 [len=54B]
2025-09-12 17:55:28 - [BENIGN] - DEBUG - Generated DNS query from h3:63078 -> h5:53 [qname='example.com'] [Session 24] [len=71B]
2025-09-12 17:55:28 - [BENIGN] - DEBUG - Generated ICMP traffic h2↔h5 3 [len=84B]
2025-09-12 17:55:29 - [BENIGN] - DEBUG - Generated TCP SYN from h3:56506 -> h5:12345 [len=54B]
2025-09-12 17:55:30 - [BENIGN] - DEBUG - Generated TCP SYN-ACK from h5:12345 <- h3:56506 [len=54B]
2025-09-12 17:55:30 - [BENIGN] - DEBUG - Generated TCP ACK from h3:56506 -> h5:12345 [len=54B]
2025-09-12 17:55:31 - [BENIGN] - DEBUG - Generated TCP data traffic from h3:56506 -> h5:12345 [content='TCP data'] [Session 25] [len=1302B]
2025-09-12 17:55:32 - [BENIGN] - DEBUG - Generated TCP ACK reply from h5:12345 <- h3:56506 [len=54B]
2025-09-12 17:55:32 - [BENIGN] - DEBUG - Generated UDP traffic from h3:58015 -> h5:12346 [content='eec4ff1d2cbc1b24b268f0e4a315b6c84993c8d1...'] [Session 26] [len=893B]
2025-09-12 17:55:33 - [BENIGN] - DEBUG - Generated Telnet SYN from h3:4899 -> h5:23 [len=54B]
2025-09-12 17:55:33 - [BENIGN] - DEBUG - Generated Telnet SYN-ACK from h5:23 <- h3:4899 [len=54B]
2025-09-12 17:55:34 - [BENIGN] - DEBUG - Generated Telnet ACK from h3:4899 -> h5:23 [len=54B]
2025-09-12 17:55:35 - [BENIGN] - DEBUG - Generated Telnet data traffic from h3:4899 -> h5:23 [content='Telnet command'] [Session 27] [len=817B]
2025-09-12 17:55:35 - [BENIGN] - DEBUG - Generated Telnet ACK reply from h5:23 <- h3:4899 [len=54B]
2025-09-12 17:55:36 - [BENIGN] - DEBUG - Generated SSH SYN from h3:15276 -> h5:22 [len=54B]
2025-09-12 17:55:37 - [BENIGN] - DEBUG - Generated SSH SYN-ACK from h5:22 <- h3:15276 [len=54B]
2025-09-12 17:55:37 - [BENIGN] - DEBUG - Generated SSH ACK from h3:15276 -> h5:22 [len=54B]
2025-09-12 17:55:38 - [BENIGN] - DEBUG - Generated SSH data traffic from h3:15276 -> h5:22 [content='SSH encrypted data'] [Session 28] [len=246B]
2025-09-12 17:55:38 - [BENIGN] - DEBUG - Generated SSH ACK reply from h5:22 <- h3:15276 [len=54B]
2025-09-12 17:55:39 - [BENIGN] - DEBUG - Generated FTP SYN from h3:45893 -> h5:21 [len=54B]
2025-09-12 17:55:40 - [BENIGN] - DEBUG - Generated FTP SYN-ACK from h5:21 <- h3:45893 [len=54B]
2025-09-12 17:55:40 - [BENIGN] - DEBUG - Generated FTP ACK from h3:45893 -> h5:21 [len=54B]
2025-09-12 17:55:41 - [BENIGN] - DEBUG - Generated FTP data traffic from h3:45893 -> h5:21 [content='FTP file transfer'] [Session 29] [len=550B]
2025-09-12 17:55:42 - [BENIGN] - DEBUG - Generated FTP ACK reply from h5:21 <- h3:45893 [len=54B]
2025-09-12 17:55:42 - [BENIGN] - DEBUG - Generated HTTP SYN from h3:27540 -> h5:80 [len=54B]
2025-09-12 17:55:43 - [BENIGN] - DEBUG - Generated HTTP SYN-ACK from h5:80 <- h3:27540 [len=54B]
2025-09-12 17:55:43 - [BENIGN] - DEBUG - Generated HTTP ACK from h3:27540 -> h5:80 [len=54B]
2025-09-12 17:55:44 - [BENIGN] - DEBUG - Generated HTTP data traffic from h3:27540 -> h5:80 [content='GET /index.html HTTP/1.1'] [Session 30] [len=490B]
2025-09-12 17:55:45 - [BENIGN] - DEBUG - Generated HTTP ACK reply from h5:80 <- h3:27540 [len=54B]
2025-09-12 17:55:45 - [BENIGN] - DEBUG - Generated HTTPS SYN from h3:56108 -> h5:443 [len=54B]
2025-09-12 17:55:46 - [BENIGN] - DEBUG - Generated HTTPS SYN-ACK from h5:443 <- h3:56108 [len=54B]
2025-09-12 17:55:47 - [BENIGN] - DEBUG - Generated HTTPS ACK from h3:56108 -> h5:443 [len=54B]
2025-09-12 17:55:47 - [BENIGN] - DEBUG - Generated HTTPS data traffic from h3:56108 -> h5:443 [content='Encrypted Application Data'] [Session 31] [len=498B]
2025-09-12 17:55:48 - [BENIGN] - DEBUG - Generated HTTPS ACK reply from h5:443 <- h3:56108 [len=54B]
2025-09-12 17:55:48 - [BENIGN] - DEBUG - Generated DNS query from h3:38505 -> h5:53 [qname='example.com'] [Session 32] [len=71B]
2025-09-12 17:55:49 - [BENIGN] - DEBUG - Generated ICMP traffic h2↔h5 4 [len=84B]
2025-09-12 17:55:49 - [BENIGN] - DEBUG - Generated TCP SYN from h3:21901 -> h5:12345 [len=54B]
2025-09-12 17:55:50 - [BENIGN] - DEBUG - Generated TCP SYN-ACK from h5:12345 <- h3:21901 [len=54B]
2025-09-12 17:55:50 - [BENIGN] - DEBUG - Generated TCP ACK from h3:21901 -> h5:12345 [len=54B]
2025-09-12 17:55:51 - [BENIGN] - DEBUG - Generated TCP data traffic from h3:21901 -> h5:12345 [content='TCP data'] [Session 33] [len=231B]
2025-09-12 17:55:52 - [BENIGN] - DEBUG - Generated TCP ACK reply from h5:12345 <- h3:21901 [len=54B]
2025-09-12 17:55:52 - [BENIGN] - DEBUG - Generated UDP traffic from h3:10516 -> h5:12346 [content='dd6a5bb19c9e5a2e9a5351b162faf433cedb79d9...'] [Session 34] [len=385B]
2025-09-12 17:55:53 - [BENIGN] - DEBUG - Generated Telnet SYN from h3:43242 -> h5:23 [len=54B]
2025-09-12 17:55:54 - [BENIGN] - DEBUG - Generated Telnet SYN-ACK from h5:23 <- h3:43242 [len=54B]
2025-09-12 17:55:54 - [BENIGN] - DEBUG - Generated Telnet ACK from h3:43242 -> h5:23 [len=54B]
2025-09-12 17:55:55 - [BENIGN] - DEBUG - Generated Telnet data traffic from h3:43242 -> h5:23 [content='Telnet command'] [Session 35] [len=1447B]
2025-09-12 17:55:55 - [BENIGN] - DEBUG - Generated Telnet ACK reply from h5:23 <- h3:43242 [len=54B]
2025-09-12 17:55:56 - [BENIGN] - DEBUG - Generated SSH SYN from h3:34572 -> h5:22 [len=54B]
2025-09-12 17:55:57 - [BENIGN] - DEBUG - Generated SSH SYN-ACK from h5:22 <- h3:34572 [len=54B]
2025-09-12 17:55:57 - [BENIGN] - DEBUG - Generated SSH ACK from h3:34572 -> h5:22 [len=54B]
2025-09-12 17:55:58 - [BENIGN] - DEBUG - Generated SSH data traffic from h3:34572 -> h5:22 [content='SSH encrypted data'] [Session 36] [len=646B]
2025-09-12 17:55:59 - [BENIGN] - DEBUG - Generated SSH ACK reply from h5:22 <- h3:34572 [len=54B]
2025-09-12 17:55:59 - [BENIGN] - DEBUG - Generated FTP SYN from h3:62140 -> h5:21 [len=54B]
2025-09-12 17:56:00 - [BENIGN] - DEBUG - Generated FTP SYN-ACK from h5:21 <- h3:62140 [len=54B]
2025-09-12 17:56:00 - [BENIGN] - DEBUG - Generated FTP ACK from h3:62140 -> h5:21 [len=54B]
2025-09-12 17:56:01 - [BENIGN] - DEBUG - Generated FTP data traffic from h3:62140 -> h5:21 [content='FTP file transfer'] [Session 37] [len=631B]
2025-09-12 17:56:02 - [BENIGN] - DEBUG - Generated FTP ACK reply from h5:21 <- h3:62140 [len=54B]
2025-09-12 17:56:02 - [BENIGN] - DEBUG - Generated HTTP SYN from h3:63315 -> h5:80 [len=54B]
2025-09-12 17:56:03 - [BENIGN] - DEBUG - Generated HTTP SYN-ACK from h5:80 <- h3:63315 [len=54B]
2025-09-12 17:56:04 - [BENIGN] - DEBUG - Generated HTTP ACK from h3:63315 -> h5:80 [len=54B]
2025-09-12 17:56:04 - [BENIGN] - DEBUG - Generated HTTP data traffic from h3:63315 -> h5:80 [content='GET /index.html HTTP/1.1'] [Session 38] [len=340B]
2025-09-12 17:56:05 - [BENIGN] - DEBUG - Generated HTTP ACK reply from h5:80 <- h3:63315 [len=54B]
2025-09-12 17:56:05 - [BENIGN] - DEBUG - Generated HTTPS SYN from h3:16025 -> h5:443 [len=54B]
2025-09-12 17:56:06 - [BENIGN] - DEBUG - Generated HTTPS SYN-ACK from h5:443 <- h3:16025 [len=54B]
2025-09-12 17:56:07 - [BENIGN] - DEBUG - Generated HTTPS ACK from h3:16025 -> h5:443 [len=54B]
2025-09-12 17:56:07 - [BENIGN] - DEBUG - Generated HTTPS data traffic from h3:16025 -> h5:443 [content='Encrypted Application Data'] [Session 39] [len=542B]
2025-09-12 17:56:08 - [BENIGN] - DEBUG - Generated HTTPS ACK reply from h5:443 <- h3:16025 [len=54B]
2025-09-12 17:56:09 - [BENIGN] - DEBUG - Generated DNS query from h3:53358 -> h5:53 [qname='example.com'] [Session 40] [len=71B]
2025-09-12 17:56:09 - [BENIGN] - DEBUG - Generated ICMP traffic h2↔h5 5 [len=84B]
2025-09-12 17:56:09 - [BENIGN] - DEBUG - Generated TCP SYN from h3:31850 -> h5:12345 [len=54B]
2025-09-12 17:56:10 - [BENIGN] - DEBUG - Generated TCP SYN-ACK from h5:12345 <- h3:31850 [len=54B]
2025-09-12 17:56:11 - [BENIGN] - DEBUG - Generated TCP ACK from h3:31850 -> h5:12345 [len=54B]
2025-09-12 17:56:11 - [BENIGN] - DEBUG - Generated TCP data traffic from h3:31850 -> h5:12345 [content='TCP data'] [Session 41] [len=250B]
2025-09-12 17:56:12 - [BENIGN] - DEBUG - Generated TCP ACK reply from h5:12345 <- h3:31850 [len=54B]
2025-09-12 17:56:12 - [BENIGN] - DEBUG - Generated UDP traffic from h3:34118 -> h5:12346 [content='56c398b4fefc14947e42cf215e6fb96f6991fa7c...'] [Session 42] [len=821B]
2025-09-12 17:56:13 - [BENIGN] - DEBUG - Generated Telnet SYN from h3:34188 -> h5:23 [len=54B]
2025-09-12 17:56:14 - [BENIGN] - DEBUG - Generated Telnet SYN-ACK from h5:23 <- h3:34188 [len=54B]
2025-09-12 17:56:14 - [BENIGN] - DEBUG - Generated Telnet ACK from h3:34188 -> h5:23 [len=54B]
2025-09-12 17:56:15 - [BENIGN] - DEBUG - Generated Telnet data traffic from h3:34188 -> h5:23 [content='Telnet command'] [Session 43] [len=980B]
2025-09-12 17:56:16 - [BENIGN] - DEBUG - Generated Telnet ACK reply from h5:23 <- h3:34188 [len=54B]
2025-09-12 17:56:16 - [BENIGN] - DEBUG - Generated SSH SYN from h3:6349 -> h5:22 [len=54B]
2025-09-12 17:56:17 - [BENIGN] - DEBUG - Generated SSH SYN-ACK from h5:22 <- h3:6349 [len=54B]
2025-09-12 17:56:17 - [BENIGN] - DEBUG - Generated SSH ACK from h3:6349 -> h5:22 [len=54B]
2025-09-12 17:56:18 - [BENIGN] - DEBUG - Generated SSH data traffic from h3:6349 -> h5:22 [content='SSH encrypted data'] [Session 44] [len=1270B]
2025-09-12 17:56:19 - [BENIGN] - DEBUG - Generated SSH ACK reply from h5:22 <- h3:6349 [len=54B]
2025-09-12 17:56:19 - [BENIGN] - DEBUG - Generated FTP SYN from h3:41051 -> h5:21 [len=54B]
2025-09-12 17:56:20 - [BENIGN] - DEBUG - Generated FTP SYN-ACK from h5:21 <- h3:41051 [len=54B]
2025-09-12 17:56:21 - [BENIGN] - DEBUG - Generated FTP ACK from h3:41051 -> h5:21 [len=54B]
2025-09-12 17:56:21 - [BENIGN] - DEBUG - Generated FTP data traffic from h3:41051 -> h5:21 [content='FTP file transfer'] [Session 45] [len=215B]
2025-09-12 17:56:22 - [BENIGN] - DEBUG - Generated FTP ACK reply from h5:21 <- h3:41051 [len=54B]
2025-09-12 17:56:22 - [BENIGN] - DEBUG - Generated HTTP SYN from h3:49859 -> h5:80 [len=54B]
2025-09-12 17:56:23 - [BENIGN] - DEBUG - Generated HTTP SYN-ACK from h5:80 <- h3:49859 [len=54B]
2025-09-12 17:56:24 - [BENIGN] - DEBUG - Generated HTTP ACK from h3:49859 -> h5:80 [len=54B]
2025-09-12 17:56:24 - [BENIGN] - DEBUG - Generated HTTP data traffic from h3:49859 -> h5:80 [content='GET /index.html HTTP/1.1'] [Session 46] [len=640B]
2025-09-12 17:56:25 - [BENIGN] - DEBUG - Generated HTTP ACK reply from h5:80 <- h3:49859 [len=54B]
2025-09-12 17:56:26 - [BENIGN] - DEBUG - Generated HTTPS SYN from h3:13460 -> h5:443 [len=54B]
2025-09-12 17:56:26 - [BENIGN] - DEBUG - Generated HTTPS SYN-ACK from h5:443 <- h3:13460 [len=54B]
2025-09-12 17:56:27 - [BENIGN] - DEBUG - Generated HTTPS ACK from h3:13460 -> h5:443 [len=54B]
2025-09-12 17:56:27 - [BENIGN] - DEBUG - Generated HTTPS data traffic from h3:13460 -> h5:443 [content='Encrypted Application Data'] [Session 47] [len=634B]
2025-09-12 17:56:28 - [BENIGN] - DEBUG - Generated HTTPS ACK reply from h5:443 <- h3:13460 [len=54B]
2025-09-12 17:56:29 - [BENIGN] - DEBUG - Generated DNS query from h3:31160 -> h5:53 [qname='example.com'] [Session 48] [len=71B]
2025-09-12 17:56:29 - [BENIGN] - DEBUG - Generated ICMP traffic h2↔h5 6 [len=84B]
2025-09-12 17:56:29 - [BENIGN] - DEBUG - Generated TCP SYN from h3:11635 -> h5:12345 [len=54B]
2025-09-12 17:56:30 - [BENIGN] - DEBUG - Generated TCP SYN-ACK from h5:12345 <- h3:11635 [len=54B]
2025-09-12 17:56:31 - [BENIGN] - DEBUG - Generated TCP ACK from h3:11635 -> h5:12345 [len=54B]
2025-09-12 17:56:31 - [BENIGN] - DEBUG - Generated TCP data traffic from h3:11635 -> h5:12345 [content='TCP data'] [Session 49] [len=1163B]
2025-09-12 17:56:32 - [BENIGN] - DEBUG - Generated TCP ACK reply from h5:12345 <- h3:11635 [len=54B]
2025-09-12 17:56:33 - [BENIGN] - DEBUG - Generated UDP traffic from h3:38302 -> h5:12346 [content='29d1eb36db629ff769446955c650eaf3db72527a...'] [Session 50] [len=1426B]
2025-09-12 17:56:33 - [BENIGN] - DEBUG - Generated Telnet SYN from h3:28132 -> h5:23 [len=54B]
2025-09-12 17:56:34 - [BENIGN] - DEBUG - Generated Telnet SYN-ACK from h5:23 <- h3:28132 [len=54B]
2025-09-12 17:56:34 - [BENIGN] - DEBUG - Generated Telnet ACK from h3:28132 -> h5:23 [len=54B]
2025-09-12 17:56:35 - [BENIGN] - DEBUG - Generated Telnet data traffic from h3:28132 -> h5:23 [content='Telnet command'] [Session 51] [len=288B]
2025-09-12 17:56:36 - [BENIGN] - DEBUG - Generated Telnet ACK reply from h5:23 <- h3:28132 [len=54B]
2025-09-12 17:56:36 - [BENIGN] - DEBUG - Generated SSH SYN from h3:52049 -> h5:22 [len=54B]
2025-09-12 17:56:37 - [BENIGN] - DEBUG - Generated SSH SYN-ACK from h5:22 <- h3:52049 [len=54B]
2025-09-12 17:56:38 - [BENIGN] - DEBUG - Generated SSH ACK from h3:52049 -> h5:22 [len=54B]
2025-09-12 17:56:38 - [BENIGN] - DEBUG - Generated SSH data traffic from h3:52049 -> h5:22 [content='SSH encrypted data'] [Session 52] [len=1026B]
2025-09-12 17:56:39 - [BENIGN] - DEBUG - Generated SSH ACK reply from h5:22 <- h3:52049 [len=54B]
2025-09-12 17:56:40 - [BENIGN] - DEBUG - Generated FTP SYN from h3:5573 -> h5:21 [len=54B]
2025-09-12 17:56:40 - [BENIGN] - DEBUG - Generated FTP SYN-ACK from h5:21 <- h3:5573 [len=54B]
2025-09-12 17:56:41 - [BENIGN] - DEBUG - Generated FTP ACK from h3:5573 -> h5:21 [len=54B]
2025-09-12 17:56:42 - [BENIGN] - DEBUG - Generated FTP data traffic from h3:5573 -> h5:21 [content='FTP file transfer'] [Session 53] [len=1008B]
2025-09-12 17:56:42 - [BENIGN] - DEBUG - Generated FTP ACK reply from h5:21 <- h3:5573 [len=54B]
2025-09-12 17:56:43 - [BENIGN] - DEBUG - Generated HTTP SYN from h3:38655 -> h5:80 [len=54B]
2025-09-12 17:56:44 - [BENIGN] - DEBUG - Generated HTTP SYN-ACK from h5:80 <- h3:38655 [len=54B]
2025-09-12 17:56:44 - [BENIGN] - DEBUG - Generated HTTP ACK from h3:38655 -> h5:80 [len=54B]
2025-09-12 17:56:45 - [BENIGN] - DEBUG - Generated HTTP data traffic from h3:38655 -> h5:80 [content='GET /index.html HTTP/1.1'] [Session 54] [len=414B]
2025-09-12 17:56:45 - [BENIGN] - DEBUG - Generated HTTP ACK reply from h5:80 <- h3:38655 [len=54B]
2025-09-12 17:56:46 - [BENIGN] - DEBUG - Generated HTTPS SYN from h3:35773 -> h5:443 [len=54B]
2025-09-12 17:56:47 - [BENIGN] - DEBUG - Generated HTTPS SYN-ACK from h5:443 <- h3:35773 [len=54B]
2025-09-12 17:56:47 - [BENIGN] - DEBUG - Generated HTTPS ACK from h3:35773 -> h5:443 [len=54B]
2025-09-12 17:56:48 - [BENIGN] - DEBUG - Generated HTTPS data traffic from h3:35773 -> h5:443 [content='Encrypted Application Data'] [Session 55] [len=691B]
2025-09-12 17:56:49 - [BENIGN] - DEBUG - Generated HTTPS ACK reply from h5:443 <- h3:35773 [len=54B]
2025-09-12 17:56:49 - [BENIGN] - DEBUG - Generated DNS query from h3:40001 -> h5:53 [qname='example.com'] [Session 56] [len=71B]
2025-09-12 17:56:49 - [BENIGN] - DEBUG - Generated ICMP traffic h2↔h5 7 [len=84B]
2025-09-12 17:56:50 - [BENIGN] - DEBUG - Generated TCP SYN from h3:18343 -> h5:12345 [len=54B]
2025-09-12 17:56:51 - [BENIGN] - DEBUG - Generated TCP SYN-ACK from h5:12345 <- h3:18343 [len=54B]
2025-09-12 17:56:51 - [BENIGN] - DEBUG - Generated TCP ACK from h3:18343 -> h5:12345 [len=54B]
2025-09-12 17:56:52 - [BENIGN] - DEBUG - Generated TCP data traffic from h3:18343 -> h5:12345 [content='TCP data'] [Session 57] [len=1465B]
2025-09-12 17:56:53 - [BENIGN] - DEBUG - Generated TCP ACK reply from h5:12345 <- h3:18343 [len=54B]
2025-09-12 17:56:53 - [BENIGN] - DEBUG - Generated UDP traffic from h3:65523 -> h5:12346 [content='0755588f952f1430b6ed7b50db0345bc8bea429c...'] [Session 58] [len=1329B]
2025-09-12 17:56:54 - [BENIGN] - DEBUG - Generated Telnet SYN from h3:2417 -> h5:23 [len=54B]
2025-09-12 17:56:55 - [BENIGN] - DEBUG - Generated Telnet SYN-ACK from h5:23 <- h3:2417 [len=54B]
2025-09-12 17:56:55 - [BENIGN] - DEBUG - Generated Telnet ACK from h3:2417 -> h5:23 [len=54B]
2025-09-12 17:56:56 - [BENIGN] - DEBUG - Generated Telnet data traffic from h3:2417 -> h5:23 [content='Telnet command'] [Session 59] [len=1021B]
2025-09-12 17:56:57 - [BENIGN] - DEBUG - Generated Telnet ACK reply from h5:23 <- h3:2417 [len=54B]
2025-09-12 17:56:57 - [BENIGN] - DEBUG - Generated SSH SYN from h3:30278 -> h5:22 [len=54B]
2025-09-12 17:56:58 - [BENIGN] - DEBUG - Generated SSH SYN-ACK from h5:22 <- h3:30278 [len=54B]
2025-09-12 17:56:58 - [BENIGN] - DEBUG - Generated SSH ACK from h3:30278 -> h5:22 [len=54B]
2025-09-12 17:56:59 - [BENIGN] - DEBUG - Generated SSH data traffic from h3:30278 -> h5:22 [content='SSH encrypted data'] [Session 60] [len=1480B]
2025-09-12 17:57:00 - [BENIGN] - DEBUG - Generated SSH ACK reply from h5:22 <- h3:30278 [len=54B]
2025-09-12 17:57:00 - [BENIGN] - DEBUG - Generated FTP SYN from h3:3656 -> h5:21 [len=54B]
2025-09-12 17:57:01 - [BENIGN] - DEBUG - Generated FTP SYN-ACK from h5:21 <- h3:3656 [len=54B]
2025-09-12 17:57:02 - [BENIGN] - DEBUG - Generated FTP ACK from h3:3656 -> h5:21 [len=54B]
2025-09-12 17:57:02 - [BENIGN] - DEBUG - Generated FTP data traffic from h3:3656 -> h5:21 [content='FTP file transfer'] [Session 61] [len=728B]
2025-09-12 17:57:03 - [BENIGN] - DEBUG - Generated FTP ACK reply from h5:21 <- h3:3656 [len=54B]
2025-09-12 17:57:04 - [BENIGN] - DEBUG - Generated HTTP SYN from h3:30132 -> h5:80 [len=54B]
2025-09-12 17:57:04 - [BENIGN] - DEBUG - Generated HTTP SYN-ACK from h5:80 <- h3:30132 [len=54B]
2025-09-12 17:57:05 - [BENIGN] - DEBUG - Generated HTTP ACK from h3:30132 -> h5:80 [len=54B]
2025-09-12 17:57:05 - [BENIGN] - DEBUG - Generated HTTP data traffic from h3:30132 -> h5:80 [content='GET /index.html HTTP/1.1'] [Session 62] [len=381B]
2025-09-12 17:57:06 - [BENIGN] - DEBUG - Generated HTTP ACK reply from h5:80 <- h3:30132 [len=54B]
2025-09-12 17:57:07 - [BENIGN] - DEBUG - Generated HTTPS SYN from h3:26546 -> h5:443 [len=54B]
2025-09-12 17:57:07 - [BENIGN] - DEBUG - Generated HTTPS SYN-ACK from h5:443 <- h3:26546 [len=54B]
2025-09-12 17:57:08 - [BENIGN] - DEBUG - Generated HTTPS ACK from h3:26546 -> h5:443 [len=54B]
2025-09-12 17:57:09 - [BENIGN] - DEBUG - Generated HTTPS data traffic from h3:26546 -> h5:443 [content='Encrypted Application Data'] [Session 63] [len=558B]
2025-09-12 17:57:09 - [BENIGN] - DEBUG - Generated HTTPS ACK reply from h5:443 <- h3:26546 [len=54B]
2025-09-12 17:57:10 - [BENIGN] - DEBUG - Generated DNS query from h3:1700 -> h5:53 [qname='example.com'] [Session 64] [len=71B]
2025-09-12 17:57:10 - [BENIGN] - DEBUG - Generated ICMP traffic h2↔h5 8 [len=84B]
2025-09-12 17:57:11 - [BENIGN] - DEBUG - Generated TCP SYN from h3:12111 -> h5:12345 [len=54B]
2025-09-12 17:57:11 - [BENIGN] - DEBUG - Generated TCP SYN-ACK from h5:12345 <- h3:12111 [len=54B]
2025-09-12 17:57:12 - [BENIGN] - DEBUG - Generated TCP ACK from h3:12111 -> h5:12345 [len=54B]
2025-09-12 17:57:12 - [BENIGN] - DEBUG - Generated TCP data traffic from h3:12111 -> h5:12345 [content='TCP data'] [Session 65] [len=140B]
2025-09-12 17:57:13 - [BENIGN] - DEBUG - Generated TCP ACK reply from h5:12345 <- h3:12111 [len=54B]
2025-09-12 17:57:14 - [BENIGN] - DEBUG - Generated UDP traffic from h3:23625 -> h5:12346 [content='7272ffb5df8633b03a871a13fd8a7b090c694e63...'] [Session 66] [len=400B]
2025-09-12 17:57:14 - [BENIGN] - DEBUG - Generated Telnet SYN from h3:8661 -> h5:23 [len=54B]
2025-09-12 17:57:15 - [BENIGN] - DEBUG - Generated Telnet SYN-ACK from h5:23 <- h3:8661 [len=54B]
2025-09-12 17:57:16 - [BENIGN] - DEBUG - Generated Telnet ACK from h3:8661 -> h5:23 [len=54B]
2025-09-12 17:57:16 - [BENIGN] - DEBUG - Generated Telnet data traffic from h3:8661 -> h5:23 [content='Telnet command'] [Session 67] [len=580B]
2025-09-12 17:57:17 - [BENIGN] - DEBUG - Generated Telnet ACK reply from h5:23 <- h3:8661 [len=54B]
2025-09-12 17:57:18 - [BENIGN] - DEBUG - Generated SSH SYN from h3:31778 -> h5:22 [len=54B]
2025-09-12 17:57:18 - [BENIGN] - DEBUG - Generated SSH SYN-ACK from h5:22 <- h3:31778 [len=54B]
2025-09-12 17:57:19 - [BENIGN] - DEBUG - Generated SSH ACK from h3:31778 -> h5:22 [len=54B]
2025-09-12 17:57:20 - [BENIGN] - DEBUG - Generated SSH data traffic from h3:31778 -> h5:22 [content='SSH encrypted data'] [Session 68] [len=753B]
2025-09-12 17:57:20 - [BENIGN] - DEBUG - Generated SSH ACK reply from h5:22 <- h3:31778 [len=54B]
2025-09-12 17:57:21 - [BENIGN] - DEBUG - Generated FTP SYN from h3:43650 -> h5:21 [len=54B]
2025-09-12 17:57:21 - [BENIGN] - DEBUG - Generated FTP SYN-ACK from h5:21 <- h3:43650 [len=54B]
2025-09-12 17:57:22 - [BENIGN] - DEBUG - Generated FTP ACK from h3:43650 -> h5:21 [len=54B]
2025-09-12 17:57:23 - [BENIGN] - DEBUG - Generated FTP data traffic from h3:43650 -> h5:21 [content='FTP file transfer'] [Session 69] [len=1128B]
2025-09-12 17:57:23 - [BENIGN] - DEBUG - Generated FTP ACK reply from h5:21 <- h3:43650 [len=54B]
2025-09-12 17:57:24 - [BENIGN] - DEBUG - Generated HTTP SYN from h3:56663 -> h5:80 [len=54B]
2025-09-12 17:57:24 - [BENIGN] - DEBUG - Generated HTTP SYN-ACK from h5:80 <- h3:56663 [len=54B]
2025-09-12 17:57:25 - [BENIGN] - DEBUG - Generated HTTP ACK from h3:56663 -> h5:80 [len=54B]
2025-09-12 17:57:26 - [BENIGN] - DEBUG - Generated HTTP data traffic from h3:56663 -> h5:80 [content='GET /index.html HTTP/1.1'] [Session 70] [len=513B]
2025-09-12 17:57:26 - [BENIGN] - DEBUG - Generated HTTP ACK reply from h5:80 <- h3:56663 [len=54B]
2025-09-12 17:57:27 - [BENIGN] - DEBUG - Generated HTTPS SYN from h3:59012 -> h5:443 [len=54B]
2025-09-12 17:57:28 - [BENIGN] - DEBUG - Generated HTTPS SYN-ACK from h5:443 <- h3:59012 [len=54B]
2025-09-12 17:57:28 - [BENIGN] - DEBUG - Generated HTTPS ACK from h3:59012 -> h5:443 [len=54B]
2025-09-12 17:57:29 - [BENIGN] - DEBUG - Generated HTTPS data traffic from h3:59012 -> h5:443 [content='Encrypted Application Data'] [Session 71] [len=293B]
2025-09-12 17:57:29 - [BENIGN] - DEBUG - Generated HTTPS ACK reply from h5:443 <- h3:59012 [len=54B]
2025-09-12 17:57:30 - [BENIGN] - DEBUG - Generated DNS query from h3:17210 -> h5:53 [qname='example.com'] [Session 72] [len=71B]
2025-09-12 17:57:30 - [BENIGN] - DEBUG - Generated ICMP traffic h2↔h5 9 [len=84B]
2025-09-12 17:57:31 - [BENIGN] - DEBUG - Generated TCP SYN from h3:13073 -> h5:12345 [len=54B]
2025-09-12 17:57:31 - [BENIGN] - DEBUG - Generated TCP SYN-ACK from h5:12345 <- h3:13073 [len=54B]
2025-09-12 17:57:32 - [BENIGN] - DEBUG - Generated TCP ACK from h3:13073 -> h5:12345 [len=54B]
2025-09-12 17:57:33 - [BENIGN] - DEBUG - Generated TCP data traffic from h3:13073 -> h5:12345 [content='TCP data'] [Session 73] [len=811B]
2025-09-12 17:57:33 - [BENIGN] - DEBUG - Generated TCP ACK reply from h5:12345 <- h3:13073 [len=54B]
2025-09-12 17:57:34 - [BENIGN] - DEBUG - Generated UDP traffic from h3:61302 -> h5:12346 [content='2b604a29206c61c146f83aa33cd8808ac82410a5...'] [Session 74] [len=755B]
2025-09-12 17:57:35 - [BENIGN] - DEBUG - Generated Telnet SYN from h3:28475 -> h5:23 [len=54B]
2025-09-12 17:57:35 - [BENIGN] - DEBUG - Generated Telnet SYN-ACK from h5:23 <- h3:28475 [len=54B]
2025-09-12 17:57:36 - [BENIGN] - DEBUG - Generated Telnet ACK from h3:28475 -> h5:23 [len=54B]
2025-09-12 17:57:36 - [BENIGN] - DEBUG - Generated Telnet data traffic from h3:28475 -> h5:23 [content='Telnet command'] [Session 75] [len=681B]
2025-09-12 17:57:37 - [BENIGN] - DEBUG - Generated Telnet ACK reply from h5:23 <- h3:28475 [len=54B]
2025-09-12 17:57:38 - [BENIGN] - DEBUG - Generated SSH SYN from h3:27876 -> h5:22 [len=54B]
2025-09-12 17:57:38 - [BENIGN] - DEBUG - Generated SSH SYN-ACK from h5:22 <- h3:27876 [len=54B]
2025-09-12 17:57:39 - [BENIGN] - DEBUG - Generated SSH ACK from h3:27876 -> h5:22 [len=54B]
2025-09-12 17:57:40 - [BENIGN] - DEBUG - Generated SSH data traffic from h3:27876 -> h5:22 [content='SSH encrypted data'] [Session 76] [len=1304B]
2025-09-12 17:57:40 - [BENIGN] - DEBUG - Generated SSH ACK reply from h5:22 <- h3:27876 [len=54B]
2025-09-12 17:57:41 - [BENIGN] - DEBUG - Generated FTP SYN from h3:21093 -> h5:21 [len=54B]
2025-09-12 17:57:41 - [BENIGN] - DEBUG - Generated FTP SYN-ACK from h5:21 <- h3:21093 [len=54B]
2025-09-12 17:57:42 - [BENIGN] - DEBUG - Generated FTP ACK from h3:21093 -> h5:21 [len=54B]
2025-09-12 17:57:43 - [BENIGN] - DEBUG - Generated FTP data traffic from h3:21093 -> h5:21 [content='FTP file transfer'] [Session 77] [len=390B]
2025-09-12 17:57:43 - [BENIGN] - DEBUG - Generated FTP ACK reply from h5:21 <- h3:21093 [len=54B]
2025-09-12 17:57:44 - [BENIGN] - DEBUG - Generated HTTP SYN from h3:48229 -> h5:80 [len=54B]
2025-09-12 17:57:45 - [BENIGN] - DEBUG - Generated HTTP SYN-ACK from h5:80 <- h3:48229 [len=54B]
2025-09-12 17:57:45 - [BENIGN] - DEBUG - Generated HTTP ACK from h3:48229 -> h5:80 [len=54B]
2025-09-12 17:57:46 - [BENIGN] - DEBUG - Generated HTTP data traffic from h3:48229 -> h5:80 [content='GET /index.html HTTP/1.1'] [Session 78] [len=328B]
2025-09-12 17:57:46 - [BENIGN] - DEBUG - Generated HTTP ACK reply from h5:80 <- h3:48229 [len=54B]
2025-09-12 17:57:47 - [BENIGN] - DEBUG - Generated HTTPS SYN from h3:11575 -> h5:443 [len=54B]
2025-09-12 17:57:48 - [BENIGN] - DEBUG - Generated HTTPS SYN-ACK from h5:443 <- h3:11575 [len=54B]
2025-09-12 17:57:48 - [BENIGN] - DEBUG - Generated HTTPS ACK from h3:11575 -> h5:443 [len=54B]
2025-09-12 17:57:49 - [BENIGN] - DEBUG - Generated HTTPS data traffic from h3:11575 -> h5:443 [content='Encrypted Application Data'] [Session 79] [len=372B]
2025-09-12 17:57:50 - [BENIGN] - DEBUG - Generated HTTPS ACK reply from h5:443 <- h3:11575 [len=54B]
2025-09-12 17:57:50 - [BENIGN] - DEBUG - Generated DNS query from h3:48791 -> h5:53 [qname='example.com'] [Session 80] [len=71B]
2025-09-12 17:57:50 - [BENIGN] - INFO - Benign traffic finished.
2025-09-12 17:57:50 - [BENIGN] - INFO - Summary: 80 protocol sessions with protocol separation:
2025-09-12 17:57:50 - [BENIGN] - INFO -   - h2↔h5: ICMP ping traffic
2025-09-12 17:57:50 - [BENIGN] - INFO -   - h3↔h5: TCP/UDP traffic [TCP, UDP, Telnet, SSH, FTP, HTTP, HTTPS, DNS]
2025-09-12 17:57:50 - [BENIGN] - INFO - Total packets sent: 340
