2025-09-12 19:03:36,380 - attack_logger - INFO - Attack: Enhanced SYN Flood (11s) | h1 -> h6
2025-09-12 19:03:38,895 - attack_logger - INFO - [syn_flood] [Run ID: 41eafc56-dba8-418d-9359-4075a0b2e857] Starting Enhanced SYN Flood from h1 to 192.168.30.10 for 11 seconds.
2025-09-12 19:03:38,895 - attack_logger - INFO - [syn_flood] [Run ID: 41eafc56-dba8-418d-9359-4075a0b2e857] Attack Phase: Enhanced Traditional SYN Flood - Attacker: h1, Target: 192.168.30.10:80, Duration: 11s
2025-09-12 19:03:38,895 - attack_logger - INFO - [syn_flood] [Run ID: 41eafc56-dba8-418d-9359-4075a0b2e857] Enhanced Features: Human-like timing, protocol compliance, network delay simulation
2025-09-12 19:03:38,895 - attack_logger - INFO - [syn_flood] [Run ID: 41eafc56-dba8-418d-9359-4075a0b2e857] Session pattern: 1 phases, Circadian factor: 0.60, Workday factor: 0.60
2025-09-12 19:03:38,895 - attack_logger - DEBUG - [syn_flood] [Run ID: 41eafc56-dba8-418d-9359-4075a0b2e857] Starting enhanced SYN packet generation with human-like timing
2025-09-12 19:03:38,895 - attack_logger - INFO - [syn_flood] [Run ID: 41eafc56-dba8-418d-9359-4075a0b2e857] Stress phase: 3s, Advanced phase: 8s
2025-09-12 19:03:42,484 - attack_logger - INFO - [syn_flood] [Run ID: 41eafc56-dba8-418d-9359-4075a0b2e857] Stress phase completed
2025-09-12 19:03:42,496 - attack_logger - INFO - [syn_flood] [Run ID: 41eafc56-dba8-418d-9359-4075a0b2e857] Enhanced SYN flood process started (PID: 16054)
2025-09-12 19:03:43,582 - attack_logger - INFO - [syn_flood] [Run ID: 41eafc56-dba8-418d-9359-4075a0b2e857] Attack progress: 1.1s elapsed, ~10 packets sent, Rate: 9.1 pps, Phase: active (intensity: 0.91)
2025-09-12 19:03:43,582 - attack_logger - DEBUG - [syn_flood] [Run ID: 41eafc56-dba8-418d-9359-4075a0b2e857] Process stats - CPU: 0.0%, Memory: 59.9MB
2025-09-12 19:03:43,582 - attack_logger - DEBUG - [syn_flood] [Run ID: 41eafc56-dba8-418d-9359-4075a0b2e857] Timing factors - Circadian: 0.60, Workday: 0.60, Adjusted rate: 9.6 pps
2025-09-12 19:03:44,686 - attack_logger - INFO - [syn_flood] [Run ID: 41eafc56-dba8-418d-9359-4075a0b2e857] Attack progress: 2.2s elapsed, ~18 packets sent, Rate: 8.2 pps, Phase: active (intensity: 0.91)
2025-09-12 19:03:44,686 - attack_logger - DEBUG - [syn_flood] [Run ID: 41eafc56-dba8-418d-9359-4075a0b2e857] Process stats - CPU: 0.0%, Memory: 59.9MB
2025-09-12 19:03:44,686 - attack_logger - DEBUG - [syn_flood] [Run ID: 41eafc56-dba8-418d-9359-4075a0b2e857] Timing factors - Circadian: 0.60, Workday: 0.60, Adjusted rate: 8.4 pps
2025-09-12 19:03:45,737 - attack_logger - INFO - [syn_flood] [Run ID: 41eafc56-dba8-418d-9359-4075a0b2e857] Attack progress: 3.3s elapsed, ~31 packets sent, Rate: 9.5 pps, Phase: active (intensity: 0.91)
2025-09-12 19:03:45,737 - attack_logger - DEBUG - [syn_flood] [Run ID: 41eafc56-dba8-418d-9359-4075a0b2e857] Process stats - CPU: 0.0%, Memory: 59.9MB
2025-09-12 19:03:45,737 - attack_logger - DEBUG - [syn_flood] [Run ID: 41eafc56-dba8-418d-9359-4075a0b2e857] Timing factors - Circadian: 0.60, Workday: 0.60, Adjusted rate: 9.7 pps
2025-09-12 19:03:46,765 - attack_logger - INFO - [syn_flood] [Run ID: 41eafc56-dba8-418d-9359-4075a0b2e857] Attack progress: 4.3s elapsed, ~32 packets sent, Rate: 7.5 pps, Phase: active (intensity: 0.91)
2025-09-12 19:03:46,765 - attack_logger - DEBUG - [syn_flood] [Run ID: 41eafc56-dba8-418d-9359-4075a0b2e857] Process stats - CPU: 0.0%, Memory: 59.9MB
2025-09-12 19:03:46,765 - attack_logger - DEBUG - [syn_flood] [Run ID: 41eafc56-dba8-418d-9359-4075a0b2e857] Timing factors - Circadian: 0.60, Workday: 0.60, Adjusted rate: 7.5 pps
2025-09-12 19:03:47,881 - attack_logger - INFO - [syn_flood] [Run ID: 41eafc56-dba8-418d-9359-4075a0b2e857] Attack progress: 5.4s elapsed, ~35 packets sent, Rate: 6.5 pps, Phase: active (intensity: 0.91)
2025-09-12 19:03:47,881 - attack_logger - DEBUG - [syn_flood] [Run ID: 41eafc56-dba8-418d-9359-4075a0b2e857] Process stats - CPU: 0.0%, Memory: 60.1MB
2025-09-12 19:03:47,881 - attack_logger - DEBUG - [syn_flood] [Run ID: 41eafc56-dba8-418d-9359-4075a0b2e857] Timing factors - Circadian: 0.60, Workday: 0.60, Adjusted rate: 6.6 pps
2025-09-12 19:03:48,921 - attack_logger - INFO - [syn_flood] [Run ID: 41eafc56-dba8-418d-9359-4075a0b2e857] Attack progress: 6.4s elapsed, ~52 packets sent, Rate: 8.1 pps, Phase: active (intensity: 0.91)
2025-09-12 19:03:48,921 - attack_logger - DEBUG - [syn_flood] [Run ID: 41eafc56-dba8-418d-9359-4075a0b2e857] Process stats - CPU: 0.0%, Memory: 60.1MB
2025-09-12 19:03:48,921 - attack_logger - DEBUG - [syn_flood] [Run ID: 41eafc56-dba8-418d-9359-4075a0b2e857] Timing factors - Circadian: 0.60, Workday: 0.60, Adjusted rate: 8.1 pps
2025-09-12 19:03:49,960 - attack_logger - INFO - [syn_flood] [Run ID: 41eafc56-dba8-418d-9359-4075a0b2e857] Attack progress: 7.5s elapsed, ~72 packets sent, Rate: 9.6 pps, Phase: active (intensity: 0.91)
2025-09-12 19:03:49,960 - attack_logger - DEBUG - [syn_flood] [Run ID: 41eafc56-dba8-418d-9359-4075a0b2e857] Process stats - CPU: 0.0%, Memory: 60.1MB
2025-09-12 19:03:49,960 - attack_logger - DEBUG - [syn_flood] [Run ID: 41eafc56-dba8-418d-9359-4075a0b2e857] Timing factors - Circadian: 0.60, Workday: 0.60, Adjusted rate: 9.7 pps
2025-09-12 19:03:50,578 - attack_logger - DEBUG - [syn_flood] [Run ID: 41eafc56-dba8-418d-9359-4075a0b2e857] Sent SIGINT to SYN flood process 16054
2025-09-12 19:03:51,080 - attack_logger - INFO - [syn_flood] [Run ID: 41eafc56-dba8-418d-9359-4075a0b2e857] Enhanced SYN Flood from h1 to 192.168.30.10 finished.
2025-09-12 19:03:51,080 - attack_logger - INFO - [syn_flood] [Run ID: 41eafc56-dba8-418d-9359-4075a0b2e857] Attack completed. Total packets sent = 87, Average rate = 10.75 packets/sec.
2025-09-12 19:03:51,080 - attack_logger - INFO - [syn_flood] [Run ID: 41eafc56-dba8-418d-9359-4075a0b2e857] --- Enhanced Attack Summary ---
2025-09-12 19:03:51,080 - attack_logger - INFO - [syn_flood] [Run ID: 41eafc56-dba8-418d-9359-4075a0b2e857] Total packets sent: 87
2025-09-12 19:03:51,080 - attack_logger - INFO - [syn_flood] [Run ID: 41eafc56-dba8-418d-9359-4075a0b2e857] Actual duration: 8.09s
2025-09-12 19:03:51,080 - attack_logger - INFO - [syn_flood] [Run ID: 41eafc56-dba8-418d-9359-4075a0b2e857] Average rate: 10.75 packets/sec
2025-09-12 19:03:51,080 - attack_logger - INFO - [syn_flood] [Run ID: 41eafc56-dba8-418d-9359-4075a0b2e857] Base rate: 30.0 pps
2025-09-12 19:03:51,080 - attack_logger - INFO - [syn_flood] [Run ID: 41eafc56-dba8-418d-9359-4075a0b2e857] Circadian factor: 0.60
2025-09-12 19:03:51,080 - attack_logger - INFO - [syn_flood] [Run ID: 41eafc56-dba8-418d-9359-4075a0b2e857] Workday factor: 0.60
2025-09-12 19:03:51,080 - attack_logger - INFO - [syn_flood] [Run ID: 41eafc56-dba8-418d-9359-4075a0b2e857] Session phases: 1
2025-09-12 19:03:51,080 - attack_logger - INFO - [syn_flood] [Run ID: 41eafc56-dba8-418d-9359-4075a0b2e857] Target port: 80
2025-09-12 19:03:51,080 - attack_logger - INFO - [syn_flood] [Run ID: 41eafc56-dba8-418d-9359-4075a0b2e857] Attack method: Enhanced SYN Flood with Human-like Timing
2025-09-12 19:03:51,080 - attack_logger - INFO - [syn_flood] [Run ID: 41eafc56-dba8-418d-9359-4075a0b2e857] Enhancement features: Human timing patterns, protocol compliance, network delay simulation
2025-09-12 19:03:51,080 - attack_logger - INFO - [syn_flood] [Run ID: 41eafc56-dba8-418d-9359-4075a0b2e857] TCP options: MSS, WScale, Timestamp, SAckOK
2025-09-12 19:03:51,080 - attack_logger - INFO - [syn_flood] [Run ID: 41eafc56-dba8-418d-9359-4075a0b2e857] ----------------------------------------
2025-09-12 19:03:51,151 - attack_logger - INFO - Attack: Enhanced SYN Flood completed.
2025-09-12 19:03:51,151 - attack_logger - INFO - Attack: Enhanced UDP Flood (22s) | h1 -> h6
2025-09-12 19:03:53,665 - attack_logger - INFO - [udp_flood] [Run ID: e9d155d1-d023-4f78-a4ab-522861f8eb9c] Starting Enhanced UDP Flood from h1 to 192.168.30.10 for 22 seconds.
2025-09-12 19:03:53,665 - attack_logger - INFO - [udp_flood] [Run ID: e9d155d1-d023-4f78-a4ab-522861f8eb9c] Attack Phase: Enhanced Traditional UDP Flood - Attacker: h1, Target: 192.168.30.10:53, Duration: 22s
2025-09-12 19:03:53,665 - attack_logger - INFO - [udp_flood] [Run ID: e9d155d1-d023-4f78-a4ab-522861f8eb9c] Enhanced Features: Human-like timing, protocol compliance, network delay simulation
2025-09-12 19:03:53,665 - attack_logger - INFO - [udp_flood] [Run ID: e9d155d1-d023-4f78-a4ab-522861f8eb9c] Stress phase: 6s, Advanced phase: 16s
2025-09-12 19:04:00,229 - attack_logger - INFO - [udp_flood] [Run ID: e9d155d1-d023-4f78-a4ab-522861f8eb9c] Stress phase completed
2025-09-12 19:04:00,229 - attack_logger - INFO - [udp_flood] [Run ID: e9d155d1-d023-4f78-a4ab-522861f8eb9c] Session pattern: 1 phases, Circadian factor: 0.60, Workday factor: 0.60
2025-09-12 19:04:00,229 - attack_logger - DEBUG - [udp_flood] [Run ID: e9d155d1-d023-4f78-a4ab-522861f8eb9c] Starting enhanced UDP packet generation with human-like timing
2025-09-12 19:04:00,237 - attack_logger - INFO - [udp_flood] [Run ID: e9d155d1-d023-4f78-a4ab-522861f8eb9c] Enhanced UDP flood process started (PID: 16063)
2025-09-12 19:04:03,276 - attack_logger - INFO - [udp_flood] [Run ID: e9d155d1-d023-4f78-a4ab-522861f8eb9c] Attack progress: 3.0s elapsed, ~27 packets sent, Rate: 8.9 pps, Phase: active (intensity: 0.85)
2025-09-12 19:04:03,276 - attack_logger - DEBUG - [udp_flood] [Run ID: e9d155d1-d023-4f78-a4ab-522861f8eb9c] Process stats - CPU: 0.0%, Memory: 60.2MB
2025-09-12 19:04:03,276 - attack_logger - DEBUG - [udp_flood] [Run ID: e9d155d1-d023-4f78-a4ab-522861f8eb9c] Timing factors - Circadian: 0.60, Workday: 0.60, Adjusted rate: 8.9 pps
2025-09-12 19:04:06,279 - attack_logger - INFO - [udp_flood] [Run ID: e9d155d1-d023-4f78-a4ab-522861f8eb9c] Attack progress: 6.0s elapsed, ~47 packets sent, Rate: 7.8 pps, Phase: active (intensity: 0.85)
2025-09-12 19:04:06,279 - attack_logger - DEBUG - [udp_flood] [Run ID: e9d155d1-d023-4f78-a4ab-522861f8eb9c] Process stats - CPU: 0.0%, Memory: 60.4MB
2025-09-12 19:04:06,279 - attack_logger - DEBUG - [udp_flood] [Run ID: e9d155d1-d023-4f78-a4ab-522861f8eb9c] Timing factors - Circadian: 0.60, Workday: 0.60, Adjusted rate: 7.8 pps
2025-09-12 19:04:09,312 - attack_logger - INFO - [udp_flood] [Run ID: e9d155d1-d023-4f78-a4ab-522861f8eb9c] Attack progress: 9.1s elapsed, ~81 packets sent, Rate: 8.9 pps, Phase: active (intensity: 0.85)
2025-09-12 19:04:09,312 - attack_logger - DEBUG - [udp_flood] [Run ID: e9d155d1-d023-4f78-a4ab-522861f8eb9c] Process stats - CPU: 0.0%, Memory: 60.4MB
2025-09-12 19:04:09,312 - attack_logger - DEBUG - [udp_flood] [Run ID: e9d155d1-d023-4f78-a4ab-522861f8eb9c] Timing factors - Circadian: 0.60, Workday: 0.60, Adjusted rate: 9.0 pps
2025-09-12 19:04:12,401 - attack_logger - INFO - [udp_flood] [Run ID: e9d155d1-d023-4f78-a4ab-522861f8eb9c] Attack progress: 12.2s elapsed, ~75 packets sent, Rate: 6.2 pps, Phase: active (intensity: 0.85)
2025-09-12 19:04:12,401 - attack_logger - DEBUG - [udp_flood] [Run ID: e9d155d1-d023-4f78-a4ab-522861f8eb9c] Process stats - CPU: 0.0%, Memory: 60.4MB
2025-09-12 19:04:12,401 - attack_logger - DEBUG - [udp_flood] [Run ID: e9d155d1-d023-4f78-a4ab-522861f8eb9c] Timing factors - Circadian: 0.60, Workday: 0.60, Adjusted rate: 6.2 pps
2025-09-12 19:04:15,420 - attack_logger - INFO - [udp_flood] [Run ID: e9d155d1-d023-4f78-a4ab-522861f8eb9c] Attack progress: 15.2s elapsed, ~106 packets sent, Rate: 7.0 pps, Phase: active (intensity: 0.85)
2025-09-12 19:04:15,420 - attack_logger - DEBUG - [udp_flood] [Run ID: e9d155d1-d023-4f78-a4ab-522861f8eb9c] Process stats - CPU: 0.0%, Memory: 60.4MB
2025-09-12 19:04:15,420 - attack_logger - DEBUG - [udp_flood] [Run ID: e9d155d1-d023-4f78-a4ab-522861f8eb9c] Timing factors - Circadian: 0.60, Workday: 0.60, Adjusted rate: 7.0 pps
2025-09-12 19:04:16,243 - attack_logger - DEBUG - [udp_flood] [Run ID: e9d155d1-d023-4f78-a4ab-522861f8eb9c] Sent SIGINT to UDP flood process 16063
2025-09-12 19:04:16,748 - attack_logger - INFO - [udp_flood] [Run ID: e9d155d1-d023-4f78-a4ab-522861f8eb9c] Enhanced UDP Flood from h1 to 192.168.30.10 finished.
2025-09-12 19:04:16,748 - attack_logger - INFO - [udp_flood] [Run ID: e9d155d1-d023-4f78-a4ab-522861f8eb9c] Attack completed. Total packets sent = 152, Average rate = 9.49 packets/sec.
2025-09-12 19:04:16,748 - attack_logger - INFO - [udp_flood] [Run ID: e9d155d1-d023-4f78-a4ab-522861f8eb9c] --- Enhanced Attack Summary ---
2025-09-12 19:04:16,748 - attack_logger - INFO - [udp_flood] [Run ID: e9d155d1-d023-4f78-a4ab-522861f8eb9c] Total packets sent: 152
2025-09-12 19:04:16,748 - attack_logger - INFO - [udp_flood] [Run ID: e9d155d1-d023-4f78-a4ab-522861f8eb9c] Actual duration: 16.01s
2025-09-12 19:04:16,748 - attack_logger - INFO - [udp_flood] [Run ID: e9d155d1-d023-4f78-a4ab-522861f8eb9c] Average rate: 9.49 packets/sec
2025-09-12 19:04:16,748 - attack_logger - INFO - [udp_flood] [Run ID: e9d155d1-d023-4f78-a4ab-522861f8eb9c] Base rate: 26.5 pps
2025-09-12 19:04:16,748 - attack_logger - INFO - [udp_flood] [Run ID: e9d155d1-d023-4f78-a4ab-522861f8eb9c] Circadian factor: 0.60
2025-09-12 19:04:16,748 - attack_logger - INFO - [udp_flood] [Run ID: e9d155d1-d023-4f78-a4ab-522861f8eb9c] Workday factor: 0.60
2025-09-12 19:04:16,748 - attack_logger - INFO - [udp_flood] [Run ID: e9d155d1-d023-4f78-a4ab-522861f8eb9c] Session phases: 1
2025-09-12 19:04:16,748 - attack_logger - INFO - [udp_flood] [Run ID: e9d155d1-d023-4f78-a4ab-522861f8eb9c] Target port: 53 (DNS)
2025-09-12 19:04:16,748 - attack_logger - INFO - [udp_flood] [Run ID: e9d155d1-d023-4f78-a4ab-522861f8eb9c] Attack method: Enhanced UDP Flood with Human-like Timing
2025-09-12 19:04:16,748 - attack_logger - INFO - [udp_flood] [Run ID: e9d155d1-d023-4f78-a4ab-522861f8eb9c] Enhancement features: Human timing patterns, protocol compliance, network delay simulation
2025-09-12 19:04:16,748 - attack_logger - INFO - [udp_flood] [Run ID: e9d155d1-d023-4f78-a4ab-522861f8eb9c] DNS payloads: Realistic query patterns with varied domains
2025-09-12 19:04:16,749 - attack_logger - INFO - [udp_flood] [Run ID: e9d155d1-d023-4f78-a4ab-522861f8eb9c] ----------------------------------------
2025-09-12 19:04:16,829 - attack_logger - INFO - Attack: Enhanced UDP Flood completed.
2025-09-12 19:04:16,829 - attack_logger - INFO - Attack: Enhanced ICMP Flood (11s) | h1 -> h4
2025-09-12 19:04:19,350 - attack_logger - INFO - [icmp_flood] [Run ID: af220b07-1f6f-4cf2-be4b-79865e283428] Starting Enhanced ICMP Flood with RFC 1918 IP Rotation from h1 to 192.168.20.12 for 11 seconds.
2025-09-12 19:04:19,350 - attack_logger - INFO - [icmp_flood] [Run ID: af220b07-1f6f-4cf2-be4b-79865e283428] Attack Phase: Enhanced Traditional ICMP Flood - Attacker: h1, Target: 192.168.20.12, Duration: 11s
2025-09-12 19:04:19,350 - attack_logger - INFO - [icmp_flood] [Run ID: af220b07-1f6f-4cf2-be4b-79865e283428] Enhanced Features: RFC 1918 IP rotation, human-like timing, protocol compliance, network delay simulation
2025-09-12 19:04:19,350 - attack_logger - INFO - [icmp_flood] [Run ID: af220b07-1f6f-4cf2-be4b-79865e283428] IP Pool Size: 50 source IPs from RFC 1918 ranges (10.0.0.0/8, 172.16.0.0/12, 192.168.0.0/16)
2025-09-12 19:04:19,350 - attack_logger - INFO - [icmp_flood] [Run ID: af220b07-1f6f-4cf2-be4b-79865e283428] Stress phase total: 3s (host: 1s, gateway: 2s), Advanced phase: 8s
2025-09-12 19:04:20,959 - attack_logger - INFO - [icmp_flood] [Run ID: af220b07-1f6f-4cf2-be4b-79865e283428] Host stress sub-phase completed
2025-09-12 19:04:23,582 - attack_logger - INFO - [icmp_flood] [Run ID: af220b07-1f6f-4cf2-be4b-79865e283428] Gateway stress sub-phase completed
2025-09-12 19:04:23,582 - attack_logger - INFO - [icmp_flood] [Run ID: af220b07-1f6f-4cf2-be4b-79865e283428] Session pattern: 1 phases, Circadian factor: 0.60, Workday factor: 0.60
2025-09-12 19:04:23,582 - attack_logger - DEBUG - [icmp_flood] [Run ID: af220b07-1f6f-4cf2-be4b-79865e283428] Starting enhanced ICMP packet generation with IP rotation and human-like timing
2025-09-12 19:04:23,591 - attack_logger - INFO - [icmp_flood] [Run ID: af220b07-1f6f-4cf2-be4b-79865e283428] Enhanced ICMP flood with IP rotation process started (PID: 16080)
2025-09-12 19:04:24,689 - attack_logger - INFO - [icmp_flood] [Run ID: af220b07-1f6f-4cf2-be4b-79865e283428] Attack progress: 1.1s elapsed, ~9 packets sent, Rate: 8.1 pps, IP rotations: ~0, Phase: active (intensity: 0.87)
2025-09-12 19:04:24,689 - attack_logger - DEBUG - [icmp_flood] [Run ID: af220b07-1f6f-4cf2-be4b-79865e283428] Process stats - CPU: 0.0%, Memory: 60.1MB
2025-09-12 19:04:24,689 - attack_logger - DEBUG - [icmp_flood] [Run ID: af220b07-1f6f-4cf2-be4b-79865e283428] Timing factors - Circadian: 0.60, Workday: 0.60, Adjusted rate: 8.4 pps
2025-09-12 19:04:25,743 - attack_logger - INFO - [icmp_flood] [Run ID: af220b07-1f6f-4cf2-be4b-79865e283428] Attack progress: 2.2s elapsed, ~14 packets sent, Rate: 6.5 pps, IP rotations: ~0, Phase: active (intensity: 0.87)
2025-09-12 19:04:25,743 - attack_logger - DEBUG - [icmp_flood] [Run ID: af220b07-1f6f-4cf2-be4b-79865e283428] Process stats - CPU: 0.0%, Memory: 60.1MB
2025-09-12 19:04:25,743 - attack_logger - DEBUG - [icmp_flood] [Run ID: af220b07-1f6f-4cf2-be4b-79865e283428] Timing factors - Circadian: 0.60, Workday: 0.60, Adjusted rate: 6.9 pps
2025-09-12 19:04:26,811 - attack_logger - INFO - [icmp_flood] [Run ID: af220b07-1f6f-4cf2-be4b-79865e283428] Attack progress: 3.2s elapsed, ~22 packets sent, Rate: 6.8 pps, IP rotations: ~1, Phase: active (intensity: 0.87)
2025-09-12 19:04:26,811 - attack_logger - DEBUG - [icmp_flood] [Run ID: af220b07-1f6f-4cf2-be4b-79865e283428] Process stats - CPU: 0.0%, Memory: 60.1MB
2025-09-12 19:04:26,811 - attack_logger - DEBUG - [icmp_flood] [Run ID: af220b07-1f6f-4cf2-be4b-79865e283428] Timing factors - Circadian: 0.60, Workday: 0.60, Adjusted rate: 6.9 pps
2025-09-12 19:04:27,818 - attack_logger - INFO - [icmp_flood] [Run ID: af220b07-1f6f-4cf2-be4b-79865e283428] Attack progress: 4.2s elapsed, ~31 packets sent, Rate: 7.3 pps, IP rotations: ~2, Phase: active (intensity: 0.87)
2025-09-12 19:04:27,818 - attack_logger - DEBUG - [icmp_flood] [Run ID: af220b07-1f6f-4cf2-be4b-79865e283428] Process stats - CPU: 0.0%, Memory: 60.1MB
2025-09-12 19:04:27,818 - attack_logger - DEBUG - [icmp_flood] [Run ID: af220b07-1f6f-4cf2-be4b-79865e283428] Timing factors - Circadian: 0.60, Workday: 0.60, Adjusted rate: 7.5 pps
2025-09-12 19:04:28,915 - attack_logger - INFO - [icmp_flood] [Run ID: af220b07-1f6f-4cf2-be4b-79865e283428] Attack progress: 5.3s elapsed, ~33 packets sent, Rate: 6.2 pps, IP rotations: ~2, Phase: active (intensity: 0.87)
2025-09-12 19:04:28,915 - attack_logger - DEBUG - [icmp_flood] [Run ID: af220b07-1f6f-4cf2-be4b-79865e283428] Process stats - CPU: 0.0%, Memory: 60.1MB
2025-09-12 19:04:28,916 - attack_logger - DEBUG - [icmp_flood] [Run ID: af220b07-1f6f-4cf2-be4b-79865e283428] Timing factors - Circadian: 0.60, Workday: 0.60, Adjusted rate: 6.4 pps
2025-09-12 19:04:29,947 - attack_logger - INFO - [icmp_flood] [Run ID: af220b07-1f6f-4cf2-be4b-79865e283428] Attack progress: 6.4s elapsed, ~46 packets sent, Rate: 7.2 pps, IP rotations: ~3, Phase: active (intensity: 0.87)
2025-09-12 19:04:29,947 - attack_logger - DEBUG - [icmp_flood] [Run ID: af220b07-1f6f-4cf2-be4b-79865e283428] Process stats - CPU: 0.0%, Memory: 60.1MB
2025-09-12 19:04:29,947 - attack_logger - DEBUG - [icmp_flood] [Run ID: af220b07-1f6f-4cf2-be4b-79865e283428] Timing factors - Circadian: 0.60, Workday: 0.60, Adjusted rate: 7.4 pps
2025-09-12 19:04:31,041 - attack_logger - INFO - [icmp_flood] [Run ID: af220b07-1f6f-4cf2-be4b-79865e283428] Attack progress: 7.5s elapsed, ~54 packets sent, Rate: 7.2 pps, IP rotations: ~3, Phase: active (intensity: 0.87)
2025-09-12 19:04:31,042 - attack_logger - DEBUG - [icmp_flood] [Run ID: af220b07-1f6f-4cf2-be4b-79865e283428] Process stats - CPU: 0.0%, Memory: 60.1MB
2025-09-12 19:04:31,042 - attack_logger - DEBUG - [icmp_flood] [Run ID: af220b07-1f6f-4cf2-be4b-79865e283428] Timing factors - Circadian: 0.60, Workday: 0.60, Adjusted rate: 7.3 pps
2025-09-12 19:04:31,661 - attack_logger - DEBUG - [icmp_flood] [Run ID: af220b07-1f6f-4cf2-be4b-79865e283428] Sent SIGINT to ICMP flood process 16080
2025-09-12 19:04:32,162 - attack_logger - INFO - [icmp_flood] [Run ID: af220b07-1f6f-4cf2-be4b-79865e283428] Enhanced ICMP Flood with RFC 1918 IP Rotation from h1 to 192.168.20.12 finished.
2025-09-12 19:04:32,162 - attack_logger - INFO - [icmp_flood] [Run ID: af220b07-1f6f-4cf2-be4b-79865e283428] Attack completed. Total packets sent = 66, Average rate = 8.17 packets/sec.
2025-09-12 19:04:32,162 - attack_logger - INFO - [icmp_flood] [Run ID: af220b07-1f6f-4cf2-be4b-79865e283428] --- Enhanced Attack Summary ---
2025-09-12 19:04:32,162 - attack_logger - INFO - [icmp_flood] [Run ID: af220b07-1f6f-4cf2-be4b-79865e283428] Total packets sent: 66
2025-09-12 19:04:32,162 - attack_logger - INFO - [icmp_flood] [Run ID: af220b07-1f6f-4cf2-be4b-79865e283428] Total IP rotations: ~4
2025-09-12 19:04:32,163 - attack_logger - INFO - [icmp_flood] [Run ID: af220b07-1f6f-4cf2-be4b-79865e283428] RFC 1918 IP pool size: 50
2025-09-12 19:04:32,163 - attack_logger - INFO - [icmp_flood] [Run ID: af220b07-1f6f-4cf2-be4b-79865e283428] IP ranges used: 10.0.0.0/8, 172.16.0.0/12, 192.168.0.0/16
2025-09-12 19:04:32,163 - attack_logger - INFO - [icmp_flood] [Run ID: af220b07-1f6f-4cf2-be4b-79865e283428] Actual duration: 8.08s
2025-09-12 19:04:32,163 - attack_logger - INFO - [icmp_flood] [Run ID: af220b07-1f6f-4cf2-be4b-79865e283428] Average rate: 8.17 packets/sec
2025-09-12 19:04:32,163 - attack_logger - INFO - [icmp_flood] [Run ID: af220b07-1f6f-4cf2-be4b-79865e283428] Base rate: 22.9 pps
2025-09-12 19:04:32,163 - attack_logger - INFO - [icmp_flood] [Run ID: af220b07-1f6f-4cf2-be4b-79865e283428] Circadian factor: 0.60
2025-09-12 19:04:32,163 - attack_logger - INFO - [icmp_flood] [Run ID: af220b07-1f6f-4cf2-be4b-79865e283428] Workday factor: 0.60
2025-09-12 19:04:32,163 - attack_logger - INFO - [icmp_flood] [Run ID: af220b07-1f6f-4cf2-be4b-79865e283428] Session phases: 1
2025-09-12 19:04:32,163 - attack_logger - INFO - [icmp_flood] [Run ID: af220b07-1f6f-4cf2-be4b-79865e283428] ICMP type: Echo Request (8) with ID/Seq variations
2025-09-12 19:04:32,163 - attack_logger - INFO - [icmp_flood] [Run ID: af220b07-1f6f-4cf2-be4b-79865e283428] Attack method: Enhanced ICMP Flood with RFC 1918 IP Rotation
2025-09-12 19:04:32,163 - attack_logger - INFO - [icmp_flood] [Run ID: af220b07-1f6f-4cf2-be4b-79865e283428] Enhancement features: RFC 1918 IP rotation, human timing patterns, protocol compliance, network delay simulation
2025-09-12 19:04:32,163 - attack_logger - INFO - [icmp_flood] [Run ID: af220b07-1f6f-4cf2-be4b-79865e283428] ----------------------------------------
2025-09-12 19:04:32,243 - attack_logger - INFO - Attack: Enhanced ICMP Flood completed.
2025-09-12 19:04:32,753 - attack_logger - INFO - Attack: ENHANCED Adversarial TCP State Exhaustion (8s) | h1 -> h6
2025-09-12 19:04:43,927 - attack_logger - INFO - Attack: ENHANCED Adversarial Application Layer (3s) | h1 -> h6
2025-09-12 19:04:50,140 - attack_logger - INFO - Attack: ENHANCED Adversarial Slow Read (9s) | h1 -> h6
2025-09-12 19:05:02,433 - attack_logger - INFO - Attack: ENHANCED Adversarial Slow Read completed.
