2025-09-12 19:00:13 - [BENIGN] - INFO - Starting benign traffic for 200 seconds...
2025-09-12 19:00:13 - [BENIGN] - INFO - Protocol separation: h2↔h5 (ICMP), h3↔h5 (TCP/UDP)
2025-09-12 19:00:13 - [BENIGN] - DEBUG - Generated ICMP traffic h2↔h5 0 [len=84B]
2025-09-12 19:00:14 - [BENIGN] - DEBUG - Generated TCP SYN from h3:41709 -> h5:12345 [len=54B]
2025-09-12 19:00:15 - [BENIGN] - DEBUG - Generated TCP SYN-ACK from h5:12345 <- h3:41709 [len=54B]
2025-09-12 19:00:15 - [BENIGN] - DEBUG - Generated TCP ACK from h3:41709 -> h5:12345 [len=54B]
2025-09-12 19:00:16 - [BENIGN] - DEBUG - Generated TCP data traffic from h3:41709 -> h5:12345 [content='TCP data'] [Session 1] [len=1044B]
2025-09-12 19:00:17 - [BENIGN] - DEBUG - Generated TCP ACK reply from h5:12345 <- h3:41709 [len=54B]
2025-09-12 19:00:17 - [BENIGN] - DEBUG - Generated UDP traffic from h3:13427 -> h5:12346 [content='d016b96fa58d11d80bd0e843f76440be4c6355f6...'] [Session 2] [len=513B]
2025-09-12 19:00:18 - [BENIGN] - DEBUG - Generated Telnet SYN from h3:26516 -> h5:23 [len=54B]
2025-09-12 19:00:19 - [BENIGN] - DEBUG - Generated Telnet SYN-ACK from h5:23 <- h3:26516 [len=54B]
2025-09-12 19:00:19 - [BENIGN] - DEBUG - Generated Telnet ACK from h3:26516 -> h5:23 [len=54B]
2025-09-12 19:00:20 - [BENIGN] - DEBUG - Generated Telnet data traffic from h3:26516 -> h5:23 [content='Telnet command'] [Session 3] [len=636B]
2025-09-12 19:00:21 - [BENIGN] - DEBUG - Generated Telnet ACK reply from h5:23 <- h3:26516 [len=54B]
2025-09-12 19:00:21 - [BENIGN] - DEBUG - Generated SSH SYN from h3:56575 -> h5:22 [len=54B]
2025-09-12 19:00:22 - [BENIGN] - DEBUG - Generated SSH SYN-ACK from h5:22 <- h3:56575 [len=54B]
2025-09-12 19:00:23 - [BENIGN] - DEBUG - Generated SSH ACK from h3:56575 -> h5:22 [len=54B]
2025-09-12 19:00:23 - [BENIGN] - DEBUG - Generated SSH data traffic from h3:56575 -> h5:22 [content='SSH encrypted data'] [Session 4] [len=180B]
2025-09-12 19:00:24 - [BENIGN] - DEBUG - Generated SSH ACK reply from h5:22 <- h3:56575 [len=54B]
2025-09-12 19:00:25 - [BENIGN] - DEBUG - Generated FTP SYN from h3:36261 -> h5:21 [len=54B]
2025-09-12 19:00:25 - [BENIGN] - DEBUG - Generated FTP SYN-ACK from h5:21 <- h3:36261 [len=54B]
2025-09-12 19:00:26 - [BENIGN] - DEBUG - Generated FTP ACK from h3:36261 -> h5:21 [len=54B]
2025-09-12 19:00:26 - [BENIGN] - DEBUG - Generated FTP data traffic from h3:36261 -> h5:21 [content='FTP file transfer'] [Session 5] [len=581B]
2025-09-12 19:00:27 - [BENIGN] - DEBUG - Generated FTP ACK reply from h5:21 <- h3:36261 [len=54B]
2025-09-12 19:00:28 - [BENIGN] - DEBUG - Generated HTTP SYN from h3:10394 -> h5:80 [len=54B]
2025-09-12 19:00:28 - [BENIGN] - DEBUG - Generated HTTP SYN-ACK from h5:80 <- h3:10394 [len=54B]
2025-09-12 19:00:29 - [BENIGN] - DEBUG - Generated HTTP ACK from h3:10394 -> h5:80 [len=54B]
2025-09-12 19:00:30 - [BENIGN] - DEBUG - Generated HTTP data traffic from h3:10394 -> h5:80 [content='GET /index.html HTTP/1.1'] [Session 6] [len=339B]
2025-09-12 19:00:30 - [BENIGN] - DEBUG - Generated HTTP ACK reply from h5:80 <- h3:10394 [len=54B]
2025-09-12 19:00:31 - [BENIGN] - DEBUG - Generated HTTPS SYN from h3:35817 -> h5:443 [len=54B]
2025-09-12 19:00:32 - [BENIGN] - DEBUG - Generated HTTPS SYN-ACK from h5:443 <- h3:35817 [len=54B]
2025-09-12 19:00:32 - [BENIGN] - DEBUG - Generated HTTPS ACK from h3:35817 -> h5:443 [len=54B]
2025-09-12 19:00:33 - [BENIGN] - DEBUG - Generated HTTPS data traffic from h3:35817 -> h5:443 [content='Encrypted Application Data'] [Session 7] [len=280B]
2025-09-12 19:00:33 - [BENIGN] - DEBUG - Generated HTTPS ACK reply from h5:443 <- h3:35817 [len=54B]
2025-09-12 19:00:34 - [BENIGN] - DEBUG - Generated DNS query from h3:36576 -> h5:53 [qname='example.com'] [Session 8] [len=71B]
2025-09-12 19:00:34 - [BENIGN] - DEBUG - Generated ICMP traffic h2↔h5 1 [len=84B]
2025-09-12 19:00:35 - [BENIGN] - DEBUG - Generated TCP SYN from h3:63243 -> h5:12345 [len=54B]
2025-09-12 19:00:35 - [BENIGN] - DEBUG - Generated TCP SYN-ACK from h5:12345 <- h3:63243 [len=54B]
2025-09-12 19:00:36 - [BENIGN] - DEBUG - Generated TCP ACK from h3:63243 -> h5:12345 [len=54B]
2025-09-12 19:00:37 - [BENIGN] - DEBUG - Generated TCP data traffic from h3:63243 -> h5:12345 [content='TCP data'] [Session 9] [len=1216B]
2025-09-12 19:00:37 - [BENIGN] - DEBUG - Generated TCP ACK reply from h5:12345 <- h3:63243 [len=54B]
2025-09-12 19:00:38 - [BENIGN] - DEBUG - Generated UDP traffic from h3:49153 -> h5:12346 [content='2dbaf97e775c7eace663bb9b5300f481e988dc9f...'] [Session 10] [len=751B]
2025-09-12 19:00:39 - [BENIGN] - DEBUG - Generated Telnet SYN from h3:1421 -> h5:23 [len=54B]
2025-09-12 19:00:39 - [BENIGN] - DEBUG - Generated Telnet SYN-ACK from h5:23 <- h3:1421 [len=54B]
2025-09-12 19:00:40 - [BENIGN] - DEBUG - Generated Telnet ACK from h3:1421 -> h5:23 [len=54B]
2025-09-12 19:00:41 - [BENIGN] - DEBUG - Generated Telnet data traffic from h3:1421 -> h5:23 [content='Telnet command'] [Session 11] [len=322B]
2025-09-12 19:00:41 - [BENIGN] - DEBUG - Generated Telnet ACK reply from h5:23 <- h3:1421 [len=54B]
2025-09-12 19:00:42 - [BENIGN] - DEBUG - Generated SSH SYN from h3:44663 -> h5:22 [len=54B]
2025-09-12 19:00:42 - [BENIGN] - DEBUG - Generated SSH SYN-ACK from h5:22 <- h3:44663 [len=54B]
2025-09-12 19:00:43 - [BENIGN] - DEBUG - Generated SSH ACK from h3:44663 -> h5:22 [len=54B]
2025-09-12 19:00:44 - [BENIGN] - DEBUG - Generated SSH data traffic from h3:44663 -> h5:22 [content='SSH encrypted data'] [Session 12] [len=609B]
2025-09-12 19:00:44 - [BENIGN] - DEBUG - Generated SSH ACK reply from h5:22 <- h3:44663 [len=54B]
2025-09-12 19:00:45 - [BENIGN] - DEBUG - Generated FTP SYN from h3:8484 -> h5:21 [len=54B]
2025-09-12 19:00:45 - [BENIGN] - DEBUG - Generated FTP SYN-ACK from h5:21 <- h3:8484 [len=54B]
2025-09-12 19:00:46 - [BENIGN] - DEBUG - Generated FTP ACK from h3:8484 -> h5:21 [len=54B]
2025-09-12 19:00:47 - [BENIGN] - DEBUG - Generated FTP data traffic from h3:8484 -> h5:21 [content='FTP file transfer'] [Session 13] [len=388B]
2025-09-12 19:00:47 - [BENIGN] - DEBUG - Generated FTP ACK reply from h5:21 <- h3:8484 [len=54B]
2025-09-12 19:00:48 - [BENIGN] - DEBUG - Generated HTTP SYN from h3:55802 -> h5:80 [len=54B]
2025-09-12 19:00:49 - [BENIGN] - DEBUG - Generated HTTP SYN-ACK from h5:80 <- h3:55802 [len=54B]
2025-09-12 19:00:49 - [BENIGN] - DEBUG - Generated HTTP ACK from h3:55802 -> h5:80 [len=54B]
2025-09-12 19:00:50 - [BENIGN] - DEBUG - Generated HTTP data traffic from h3:55802 -> h5:80 [content='GET /index.html HTTP/1.1'] [Session 14] [len=295B]
2025-09-12 19:00:50 - [BENIGN] - DEBUG - Generated HTTP ACK reply from h5:80 <- h3:55802 [len=54B]
2025-09-12 19:00:51 - [BENIGN] - DEBUG - Generated HTTPS SYN from h3:1718 -> h5:443 [len=54B]
2025-09-12 19:00:52 - [BENIGN] - DEBUG - Generated HTTPS SYN-ACK from h5:443 <- h3:1718 [len=54B]
2025-09-12 19:00:52 - [BENIGN] - DEBUG - Generated HTTPS ACK from h3:1718 -> h5:443 [len=54B]
2025-09-12 19:00:53 - [BENIGN] - DEBUG - Generated HTTPS data traffic from h3:1718 -> h5:443 [content='Encrypted Application Data'] [Session 15] [len=540B]
2025-09-12 19:00:54 - [BENIGN] - DEBUG - Generated HTTPS ACK reply from h5:443 <- h3:1718 [len=54B]
2025-09-12 19:00:54 - [BENIGN] - DEBUG - Generated DNS query from h3:16161 -> h5:53 [qname='example.com'] [Session 16] [len=71B]
2025-09-12 19:00:54 - [BENIGN] - DEBUG - Generated ICMP traffic h2↔h5 2 [len=84B]
2025-09-12 19:00:55 - [BENIGN] - DEBUG - Generated TCP SYN from h3:6880 -> h5:12345 [len=54B]
2025-09-12 19:00:56 - [BENIGN] - DEBUG - Generated TCP SYN-ACK from h5:12345 <- h3:6880 [len=54B]
2025-09-12 19:00:56 - [BENIGN] - DEBUG - Generated TCP ACK from h3:6880 -> h5:12345 [len=54B]
2025-09-12 19:00:57 - [BENIGN] - DEBUG - Generated TCP data traffic from h3:6880 -> h5:12345 [content='TCP data'] [Session 17] [len=828B]
2025-09-12 19:00:57 - [BENIGN] - DEBUG - Generated TCP ACK reply from h5:12345 <- h3:6880 [len=54B]
2025-09-12 19:00:58 - [BENIGN] - DEBUG - Generated UDP traffic from h3:5963 -> h5:12346 [content='331972c272523e34e44d2f6c810bd1895f601948...'] [Session 18] [len=1026B]
2025-09-12 19:00:59 - [BENIGN] - DEBUG - Generated Telnet SYN from h3:36180 -> h5:23 [len=54B]
2025-09-12 19:00:59 - [BENIGN] - DEBUG - Generated Telnet SYN-ACK from h5:23 <- h3:36180 [len=54B]
2025-09-12 19:01:00 - [BENIGN] - DEBUG - Generated Telnet ACK from h3:36180 -> h5:23 [len=54B]
2025-09-12 19:01:01 - [BENIGN] - DEBUG - Generated Telnet data traffic from h3:36180 -> h5:23 [content='Telnet command'] [Session 19] [len=761B]
2025-09-12 19:01:01 - [BENIGN] - DEBUG - Generated Telnet ACK reply from h5:23 <- h3:36180 [len=54B]
2025-09-12 19:01:02 - [BENIGN] - DEBUG - Generated SSH SYN from h3:12932 -> h5:22 [len=54B]
2025-09-12 19:01:02 - [BENIGN] - DEBUG - Generated SSH SYN-ACK from h5:22 <- h3:12932 [len=54B]
2025-09-12 19:01:03 - [BENIGN] - DEBUG - Generated SSH ACK from h3:12932 -> h5:22 [len=54B]
2025-09-12 19:01:04 - [BENIGN] - DEBUG - Generated SSH data traffic from h3:12932 -> h5:22 [content='SSH encrypted data'] [Session 20] [len=186B]
2025-09-12 19:01:04 - [BENIGN] - DEBUG - Generated SSH ACK reply from h5:22 <- h3:12932 [len=54B]
2025-09-12 19:01:05 - [BENIGN] - DEBUG - Generated FTP SYN from h3:26347 -> h5:21 [len=54B]
2025-09-12 19:01:06 - [BENIGN] - DEBUG - Generated FTP SYN-ACK from h5:21 <- h3:26347 [len=54B]
2025-09-12 19:01:06 - [BENIGN] - DEBUG - Generated FTP ACK from h3:26347 -> h5:21 [len=54B]
2025-09-12 19:01:07 - [BENIGN] - DEBUG - Generated FTP data traffic from h3:26347 -> h5:21 [content='FTP file transfer'] [Session 21] [len=269B]
2025-09-12 19:01:08 - [BENIGN] - DEBUG - Generated FTP ACK reply from h5:21 <- h3:26347 [len=54B]
2025-09-12 19:01:08 - [BENIGN] - DEBUG - Generated HTTP SYN from h3:11314 -> h5:80 [len=54B]
2025-09-12 19:01:09 - [BENIGN] - DEBUG - Generated HTTP SYN-ACK from h5:80 <- h3:11314 [len=54B]
2025-09-12 19:01:09 - [BENIGN] - DEBUG - Generated HTTP ACK from h3:11314 -> h5:80 [len=54B]
2025-09-12 19:01:10 - [BENIGN] - DEBUG - Generated HTTP data traffic from h3:11314 -> h5:80 [content='GET /index.html HTTP/1.1'] [Session 22] [len=297B]
2025-09-12 19:01:11 - [BENIGN] - DEBUG - Generated HTTP ACK reply from h5:80 <- h3:11314 [len=54B]
2025-09-12 19:01:11 - [BENIGN] - DEBUG - Generated HTTPS SYN from h3:20461 -> h5:443 [len=54B]
2025-09-12 19:01:12 - [BENIGN] - DEBUG - Generated HTTPS SYN-ACK from h5:443 <- h3:20461 [len=54B]
2025-09-12 19:01:13 - [BENIGN] - DEBUG - Generated HTTPS ACK from h3:20461 -> h5:443 [len=54B]
2025-09-12 19:01:13 - [BENIGN] - DEBUG - Generated HTTPS data traffic from h3:20461 -> h5:443 [content='Encrypted Application Data'] [Session 23] [len=481B]
2025-09-12 19:01:14 - [BENIGN] - DEBUG - Generated HTTPS ACK reply from h5:443 <- h3:20461 [len=54B]
2025-09-12 19:01:14 - [BENIGN] - DEBUG - Generated DNS query from h3:4350 -> h5:53 [qname='example.com'] [Session 24] [len=71B]
2025-09-12 19:01:15 - [BENIGN] - DEBUG - Generated ICMP traffic h2↔h5 3 [len=84B]
2025-09-12 19:01:15 - [BENIGN] - DEBUG - Generated TCP SYN from h3:2369 -> h5:12345 [len=54B]
2025-09-12 19:01:16 - [BENIGN] - DEBUG - Generated TCP SYN-ACK from h5:12345 <- h3:2369 [len=54B]
2025-09-12 19:01:16 - [BENIGN] - DEBUG - Generated TCP ACK from h3:2369 -> h5:12345 [len=54B]
2025-09-12 19:01:17 - [BENIGN] - DEBUG - Generated TCP data traffic from h3:2369 -> h5:12345 [content='TCP data'] [Session 25] [len=883B]
2025-09-12 19:01:18 - [BENIGN] - DEBUG - Generated TCP ACK reply from h5:12345 <- h3:2369 [len=54B]
2025-09-12 19:01:18 - [BENIGN] - DEBUG - Generated UDP traffic from h3:25386 -> h5:12346 [content='dbf1ae0dac9815b596711c280524c11f04ef5554...'] [Session 26] [len=576B]
2025-09-12 19:01:19 - [BENIGN] - DEBUG - Generated Telnet SYN from h3:9640 -> h5:23 [len=54B]
2025-09-12 19:01:20 - [BENIGN] - DEBUG - Generated Telnet SYN-ACK from h5:23 <- h3:9640 [len=54B]
2025-09-12 19:01:20 - [BENIGN] - DEBUG - Generated Telnet ACK from h3:9640 -> h5:23 [len=54B]
2025-09-12 19:01:21 - [BENIGN] - DEBUG - Generated Telnet data traffic from h3:9640 -> h5:23 [content='Telnet command'] [Session 27] [len=773B]
2025-09-12 19:01:22 - [BENIGN] - DEBUG - Generated Telnet ACK reply from h5:23 <- h3:9640 [len=54B]
2025-09-12 19:01:22 - [BENIGN] - DEBUG - Generated SSH SYN from h3:5416 -> h5:22 [len=54B]
2025-09-12 19:01:23 - [BENIGN] - DEBUG - Generated SSH SYN-ACK from h5:22 <- h3:5416 [len=54B]
2025-09-12 19:01:24 - [BENIGN] - DEBUG - Generated SSH ACK from h3:5416 -> h5:22 [len=54B]
2025-09-12 19:01:24 - [BENIGN] - DEBUG - Generated SSH data traffic from h3:5416 -> h5:22 [content='SSH encrypted data'] [Session 28] [len=1209B]
2025-09-12 19:01:25 - [BENIGN] - DEBUG - Generated SSH ACK reply from h5:22 <- h3:5416 [len=54B]
2025-09-12 19:01:25 - [BENIGN] - DEBUG - Generated FTP SYN from h3:42353 -> h5:21 [len=54B]
2025-09-12 19:01:26 - [BENIGN] - DEBUG - Generated FTP SYN-ACK from h5:21 <- h3:42353 [len=54B]
2025-09-12 19:01:27 - [BENIGN] - DEBUG - Generated FTP ACK from h3:42353 -> h5:21 [len=54B]
2025-09-12 19:01:27 - [BENIGN] - DEBUG - Generated FTP data traffic from h3:42353 -> h5:21 [content='FTP file transfer'] [Session 29] [len=627B]
2025-09-12 19:01:28 - [BENIGN] - DEBUG - Generated FTP ACK reply from h5:21 <- h3:42353 [len=54B]
2025-09-12 19:01:29 - [BENIGN] - DEBUG - Generated HTTP SYN from h3:61694 -> h5:80 [len=54B]
2025-09-12 19:01:29 - [BENIGN] - DEBUG - Generated HTTP SYN-ACK from h5:80 <- h3:61694 [len=54B]
2025-09-12 19:01:30 - [BENIGN] - DEBUG - Generated HTTP ACK from h3:61694 -> h5:80 [len=54B]
2025-09-12 19:01:31 - [BENIGN] - DEBUG - Generated HTTP data traffic from h3:61694 -> h5:80 [content='GET /index.html HTTP/1.1'] [Session 30] [len=308B]
2025-09-12 19:01:31 - [BENIGN] - DEBUG - Generated HTTP ACK reply from h5:80 <- h3:61694 [len=54B]
2025-09-12 19:01:32 - [BENIGN] - DEBUG - Generated HTTPS SYN from h3:55200 -> h5:443 [len=54B]
2025-09-12 19:01:32 - [BENIGN] - DEBUG - Generated HTTPS SYN-ACK from h5:443 <- h3:55200 [len=54B]
2025-09-12 19:01:33 - [BENIGN] - DEBUG - Generated HTTPS ACK from h3:55200 -> h5:443 [len=54B]
2025-09-12 19:01:34 - [BENIGN] - DEBUG - Generated HTTPS data traffic from h3:55200 -> h5:443 [content='Encrypted Application Data'] [Session 31] [len=800B]
2025-09-12 19:01:34 - [BENIGN] - DEBUG - Generated HTTPS ACK reply from h5:443 <- h3:55200 [len=54B]
2025-09-12 19:01:35 - [BENIGN] - DEBUG - Generated DNS query from h3:25204 -> h5:53 [qname='example.com'] [Session 32] [len=71B]
2025-09-12 19:01:35 - [BENIGN] - DEBUG - Generated ICMP traffic h2↔h5 4 [len=84B]
2025-09-12 19:01:36 - [BENIGN] - DEBUG - Generated TCP SYN from h3:45341 -> h5:12345 [len=54B]
2025-09-12 19:01:36 - [BENIGN] - DEBUG - Generated TCP SYN-ACK from h5:12345 <- h3:45341 [len=54B]
2025-09-12 19:01:37 - [BENIGN] - DEBUG - Generated TCP ACK from h3:45341 -> h5:12345 [len=54B]
2025-09-12 19:01:38 - [BENIGN] - DEBUG - Generated TCP data traffic from h3:45341 -> h5:12345 [content='TCP data'] [Session 33] [len=729B]
2025-09-12 19:01:38 - [BENIGN] - DEBUG - Generated TCP ACK reply from h5:12345 <- h3:45341 [len=54B]
2025-09-12 19:01:39 - [BENIGN] - DEBUG - Generated UDP traffic from h3:15967 -> h5:12346 [content='afc822d3889b43ea2c9c8ad979b8f792cc23881e...'] [Session 34] [len=1044B]
2025-09-12 19:01:39 - [BENIGN] - DEBUG - Generated Telnet SYN from h3:64921 -> h5:23 [len=54B]
2025-09-12 19:01:40 - [BENIGN] - DEBUG - Generated Telnet SYN-ACK from h5:23 <- h3:64921 [len=54B]
2025-09-12 19:01:41 - [BENIGN] - DEBUG - Generated Telnet ACK from h3:64921 -> h5:23 [len=54B]
2025-09-12 19:01:41 - [BENIGN] - DEBUG - Generated Telnet data traffic from h3:64921 -> h5:23 [content='Telnet command'] [Session 35] [len=184B]
2025-09-12 19:01:42 - [BENIGN] - DEBUG - Generated Telnet ACK reply from h5:23 <- h3:64921 [len=54B]
2025-09-12 19:01:43 - [BENIGN] - DEBUG - Generated SSH SYN from h3:28498 -> h5:22 [len=54B]
2025-09-12 19:01:43 - [BENIGN] - DEBUG - Generated SSH SYN-ACK from h5:22 <- h3:28498 [len=54B]
2025-09-12 19:01:44 - [BENIGN] - DEBUG - Generated SSH ACK from h3:28498 -> h5:22 [len=54B]
2025-09-12 19:01:44 - [BENIGN] - DEBUG - Generated SSH data traffic from h3:28498 -> h5:22 [content='SSH encrypted data'] [Session 36] [len=652B]
2025-09-12 19:01:45 - [BENIGN] - DEBUG - Generated SSH ACK reply from h5:22 <- h3:28498 [len=54B]
2025-09-12 19:01:46 - [BENIGN] - DEBUG - Generated FTP SYN from h3:64514 -> h5:21 [len=54B]
2025-09-12 19:01:46 - [BENIGN] - DEBUG - Generated FTP SYN-ACK from h5:21 <- h3:64514 [len=54B]
2025-09-12 19:01:47 - [BENIGN] - DEBUG - Generated FTP ACK from h3:64514 -> h5:21 [len=54B]
2025-09-12 19:01:48 - [BENIGN] - DEBUG - Generated FTP data traffic from h3:64514 -> h5:21 [content='FTP file transfer'] [Session 37] [len=1536B]
2025-09-12 19:01:48 - [BENIGN] - DEBUG - Generated FTP ACK reply from h5:21 <- h3:64514 [len=54B]
2025-09-12 19:01:49 - [BENIGN] - DEBUG - Generated HTTP SYN from h3:45917 -> h5:80 [len=54B]
2025-09-12 19:01:50 - [BENIGN] - DEBUG - Generated HTTP SYN-ACK from h5:80 <- h3:45917 [len=54B]
2025-09-12 19:01:50 - [BENIGN] - DEBUG - Generated HTTP ACK from h3:45917 -> h5:80 [len=54B]
2025-09-12 19:01:51 - [BENIGN] - DEBUG - Generated HTTP data traffic from h3:45917 -> h5:80 [content='GET /index.html HTTP/1.1'] [Session 38] [len=292B]
2025-09-12 19:01:51 - [BENIGN] - DEBUG - Generated HTTP ACK reply from h5:80 <- h3:45917 [len=54B]
2025-09-12 19:01:52 - [BENIGN] - DEBUG - Generated HTTPS SYN from h3:29193 -> h5:443 [len=54B]
2025-09-12 19:01:53 - [BENIGN] - DEBUG - Generated HTTPS SYN-ACK from h5:443 <- h3:29193 [len=54B]
2025-09-12 19:01:53 - [BENIGN] - DEBUG - Generated HTTPS ACK from h3:29193 -> h5:443 [len=54B]
2025-09-12 19:01:54 - [BENIGN] - DEBUG - Generated HTTPS data traffic from h3:29193 -> h5:443 [content='Encrypted Application Data'] [Session 39] [len=501B]
2025-09-12 19:01:55 - [BENIGN] - DEBUG - Generated HTTPS ACK reply from h5:443 <- h3:29193 [len=54B]
2025-09-12 19:01:55 - [BENIGN] - DEBUG - Generated DNS query from h3:34132 -> h5:53 [qname='example.com'] [Session 40] [len=71B]
2025-09-12 19:01:55 - [BENIGN] - DEBUG - Generated ICMP traffic h2↔h5 5 [len=84B]
2025-09-12 19:01:56 - [BENIGN] - DEBUG - Generated TCP SYN from h3:12827 -> h5:12345 [len=54B]
2025-09-12 19:01:57 - [BENIGN] - DEBUG - Generated TCP SYN-ACK from h5:12345 <- h3:12827 [len=54B]
2025-09-12 19:01:57 - [BENIGN] - DEBUG - Generated TCP ACK from h3:12827 -> h5:12345 [len=54B]
2025-09-12 19:01:58 - [BENIGN] - DEBUG - Generated TCP data traffic from h3:12827 -> h5:12345 [content='TCP data'] [Session 41] [len=1546B]
2025-09-12 19:01:58 - [BENIGN] - DEBUG - Generated TCP ACK reply from h5:12345 <- h3:12827 [len=54B]
2025-09-12 19:01:59 - [BENIGN] - DEBUG - Generated UDP traffic from h3:3784 -> h5:12346 [content='006ba80f1a3b27cee1bedc2feea6d50e0f292778...'] [Session 42] [len=808B]
2025-09-12 19:02:00 - [BENIGN] - DEBUG - Generated Telnet SYN from h3:51901 -> h5:23 [len=54B]
2025-09-12 19:02:00 - [BENIGN] - DEBUG - Generated Telnet SYN-ACK from h5:23 <- h3:51901 [len=54B]
2025-09-12 19:02:01 - [BENIGN] - DEBUG - Generated Telnet ACK from h3:51901 -> h5:23 [len=54B]
2025-09-12 19:02:01 - [BENIGN] - DEBUG - Generated Telnet data traffic from h3:51901 -> h5:23 [content='Telnet command'] [Session 43] [len=1171B]
2025-09-12 19:02:02 - [BENIGN] - DEBUG - Generated Telnet ACK reply from h5:23 <- h3:51901 [len=54B]
2025-09-12 19:02:03 - [BENIGN] - DEBUG - Generated SSH SYN from h3:39394 -> h5:22 [len=54B]
2025-09-12 19:02:03 - [BENIGN] - DEBUG - Generated SSH SYN-ACK from h5:22 <- h3:39394 [len=54B]
2025-09-12 19:02:04 - [BENIGN] - DEBUG - Generated SSH ACK from h3:39394 -> h5:22 [len=54B]
2025-09-12 19:02:05 - [BENIGN] - DEBUG - Generated SSH data traffic from h3:39394 -> h5:22 [content='SSH encrypted data'] [Session 44] [len=979B]
2025-09-12 19:02:05 - [BENIGN] - DEBUG - Generated SSH ACK reply from h5:22 <- h3:39394 [len=54B]
2025-09-12 19:02:06 - [BENIGN] - DEBUG - Generated FTP SYN from h3:2226 -> h5:21 [len=54B]
2025-09-12 19:02:06 - [BENIGN] - DEBUG - Generated FTP SYN-ACK from h5:21 <- h3:2226 [len=54B]
2025-09-12 19:02:07 - [BENIGN] - DEBUG - Generated FTP ACK from h3:2226 -> h5:21 [len=54B]
2025-09-12 19:02:08 - [BENIGN] - DEBUG - Generated FTP data traffic from h3:2226 -> h5:21 [content='FTP file transfer'] [Session 45] [len=526B]
2025-09-12 19:02:08 - [BENIGN] - DEBUG - Generated FTP ACK reply from h5:21 <- h3:2226 [len=54B]
2025-09-12 19:02:09 - [BENIGN] - DEBUG - Generated HTTP SYN from h3:31030 -> h5:80 [len=54B]
2025-09-12 19:02:10 - [BENIGN] - DEBUG - Generated HTTP SYN-ACK from h5:80 <- h3:31030 [len=54B]
2025-09-12 19:02:10 - [BENIGN] - DEBUG - Generated HTTP ACK from h3:31030 -> h5:80 [len=54B]
2025-09-12 19:02:11 - [BENIGN] - DEBUG - Generated HTTP data traffic from h3:31030 -> h5:80 [content='GET /index.html HTTP/1.1'] [Session 46] [len=378B]
2025-09-12 19:02:11 - [BENIGN] - DEBUG - Generated HTTP ACK reply from h5:80 <- h3:31030 [len=54B]
2025-09-12 19:02:12 - [BENIGN] - DEBUG - Generated HTTPS SYN from h3:25822 -> h5:443 [len=54B]
2025-09-12 19:02:13 - [BENIGN] - DEBUG - Generated HTTPS SYN-ACK from h5:443 <- h3:25822 [len=54B]
2025-09-12 19:02:13 - [BENIGN] - DEBUG - Generated HTTPS ACK from h3:25822 -> h5:443 [len=54B]
2025-09-12 19:02:14 - [BENIGN] - DEBUG - Generated HTTPS data traffic from h3:25822 -> h5:443 [content='Encrypted Application Data'] [Session 47] [len=656B]
2025-09-12 19:02:15 - [BENIGN] - DEBUG - Generated HTTPS ACK reply from h5:443 <- h3:25822 [len=54B]
2025-09-12 19:02:15 - [BENIGN] - DEBUG - Generated DNS query from h3:44977 -> h5:53 [qname='example.com'] [Session 48] [len=71B]
2025-09-12 19:02:15 - [BENIGN] - DEBUG - Generated ICMP traffic h2↔h5 6 [len=84B]
2025-09-12 19:02:16 - [BENIGN] - DEBUG - Generated TCP SYN from h3:11689 -> h5:12345 [len=54B]
2025-09-12 19:02:17 - [BENIGN] - DEBUG - Generated TCP SYN-ACK from h5:12345 <- h3:11689 [len=54B]
2025-09-12 19:02:17 - [BENIGN] - DEBUG - Generated TCP ACK from h3:11689 -> h5:12345 [len=54B]
2025-09-12 19:02:18 - [BENIGN] - DEBUG - Generated TCP data traffic from h3:11689 -> h5:12345 [content='TCP data'] [Session 49] [len=812B]
2025-09-12 19:02:18 - [BENIGN] - DEBUG - Generated TCP ACK reply from h5:12345 <- h3:11689 [len=54B]
2025-09-12 19:02:19 - [BENIGN] - DEBUG - Generated UDP traffic from h3:61063 -> h5:12346 [content='16794416ac2c88bb82aba6d93d477122e6a74d5f...'] [Session 50] [len=645B]
2025-09-12 19:02:20 - [BENIGN] - DEBUG - Generated Telnet SYN from h3:22751 -> h5:23 [len=54B]
2025-09-12 19:02:20 - [BENIGN] - DEBUG - Generated Telnet SYN-ACK from h5:23 <- h3:22751 [len=54B]
2025-09-12 19:02:21 - [BENIGN] - DEBUG - Generated Telnet ACK from h3:22751 -> h5:23 [len=54B]
2025-09-12 19:02:22 - [BENIGN] - DEBUG - Generated Telnet data traffic from h3:22751 -> h5:23 [content='Telnet command'] [Session 51] [len=371B]
2025-09-12 19:02:22 - [BENIGN] - DEBUG - Generated Telnet ACK reply from h5:23 <- h3:22751 [len=54B]
2025-09-12 19:02:23 - [BENIGN] - DEBUG - Generated SSH SYN from h3:22514 -> h5:22 [len=54B]
2025-09-12 19:02:24 - [BENIGN] - DEBUG - Generated SSH SYN-ACK from h5:22 <- h3:22514 [len=54B]
2025-09-12 19:02:24 - [BENIGN] - DEBUG - Generated SSH ACK from h3:22514 -> h5:22 [len=54B]
2025-09-12 19:02:25 - [BENIGN] - DEBUG - Generated SSH data traffic from h3:22514 -> h5:22 [content='SSH encrypted data'] [Session 52] [len=755B]
2025-09-12 19:02:25 - [BENIGN] - DEBUG - Generated SSH ACK reply from h5:22 <- h3:22514 [len=54B]
2025-09-12 19:02:26 - [BENIGN] - DEBUG - Generated FTP SYN from h3:60404 -> h5:21 [len=54B]
2025-09-12 19:02:27 - [BENIGN] - DEBUG - Generated FTP SYN-ACK from h5:21 <- h3:60404 [len=54B]
2025-09-12 19:02:27 - [BENIGN] - DEBUG - Generated FTP ACK from h3:60404 -> h5:21 [len=54B]
2025-09-12 19:02:28 - [BENIGN] - DEBUG - Generated FTP data traffic from h3:60404 -> h5:21 [content='FTP file transfer'] [Session 53] [len=1303B]
2025-09-12 19:02:29 - [BENIGN] - DEBUG - Generated FTP ACK reply from h5:21 <- h3:60404 [len=54B]
2025-09-12 19:02:29 - [BENIGN] - DEBUG - Generated HTTP SYN from h3:51840 -> h5:80 [len=54B]
2025-09-12 19:02:30 - [BENIGN] - DEBUG - Generated HTTP SYN-ACK from h5:80 <- h3:51840 [len=54B]
2025-09-12 19:02:30 - [BENIGN] - DEBUG - Generated HTTP ACK from h3:51840 -> h5:80 [len=54B]
2025-09-12 19:02:31 - [BENIGN] - DEBUG - Generated HTTP data traffic from h3:51840 -> h5:80 [content='GET /index.html HTTP/1.1'] [Session 54] [len=534B]
2025-09-12 19:02:32 - [BENIGN] - DEBUG - Generated HTTP ACK reply from h5:80 <- h3:51840 [len=54B]
2025-09-12 19:02:32 - [BENIGN] - DEBUG - Generated HTTPS SYN from h3:21724 -> h5:443 [len=54B]
2025-09-12 19:02:33 - [BENIGN] - DEBUG - Generated HTTPS SYN-ACK from h5:443 <- h3:21724 [len=54B]
2025-09-12 19:02:34 - [BENIGN] - DEBUG - Generated HTTPS ACK from h3:21724 -> h5:443 [len=54B]
2025-09-12 19:02:34 - [BENIGN] - DEBUG - Generated HTTPS data traffic from h3:21724 -> h5:443 [content='Encrypted Application Data'] [Session 55] [len=429B]
2025-09-12 19:02:35 - [BENIGN] - DEBUG - Generated HTTPS ACK reply from h5:443 <- h3:21724 [len=54B]
2025-09-12 19:02:35 - [BENIGN] - DEBUG - Generated DNS query from h3:42828 -> h5:53 [qname='example.com'] [Session 56] [len=71B]
2025-09-12 19:02:35 - [BENIGN] - DEBUG - Generated ICMP traffic h2↔h5 7 [len=84B]
2025-09-12 19:02:36 - [BENIGN] - DEBUG - Generated TCP SYN from h3:33326 -> h5:12345 [len=54B]
2025-09-12 19:02:37 - [BENIGN] - DEBUG - Generated TCP SYN-ACK from h5:12345 <- h3:33326 [len=54B]
2025-09-12 19:02:37 - [BENIGN] - DEBUG - Generated TCP ACK from h3:33326 -> h5:12345 [len=54B]
2025-09-12 19:02:38 - [BENIGN] - DEBUG - Generated TCP data traffic from h3:33326 -> h5:12345 [content='TCP data'] [Session 57] [len=1160B]
2025-09-12 19:02:39 - [BENIGN] - DEBUG - Generated TCP ACK reply from h5:12345 <- h3:33326 [len=54B]
2025-09-12 19:02:39 - [BENIGN] - DEBUG - Generated UDP traffic from h3:5400 -> h5:12346 [content='086a657b84e02b2cfa315a3098f66a3c4235e995...'] [Session 58] [len=1347B]
2025-09-12 19:02:40 - [BENIGN] - DEBUG - Generated Telnet SYN from h3:50816 -> h5:23 [len=54B]
2025-09-12 19:02:40 - [BENIGN] - DEBUG - Generated Telnet SYN-ACK from h5:23 <- h3:50816 [len=54B]
2025-09-12 19:02:41 - [BENIGN] - DEBUG - Generated Telnet ACK from h3:50816 -> h5:23 [len=54B]
2025-09-12 19:02:42 - [BENIGN] - DEBUG - Generated Telnet data traffic from h3:50816 -> h5:23 [content='Telnet command'] [Session 59] [len=1273B]
2025-09-12 19:02:42 - [BENIGN] - DEBUG - Generated Telnet ACK reply from h5:23 <- h3:50816 [len=54B]
2025-09-12 19:02:43 - [BENIGN] - DEBUG - Generated SSH SYN from h3:7170 -> h5:22 [len=54B]
2025-09-12 19:02:44 - [BENIGN] - DEBUG - Generated SSH SYN-ACK from h5:22 <- h3:7170 [len=54B]
2025-09-12 19:02:44 - [BENIGN] - DEBUG - Generated SSH ACK from h3:7170 -> h5:22 [len=54B]
2025-09-12 19:02:45 - [BENIGN] - DEBUG - Generated SSH data traffic from h3:7170 -> h5:22 [content='SSH encrypted data'] [Session 60] [len=342B]
2025-09-12 19:02:46 - [BENIGN] - DEBUG - Generated SSH ACK reply from h5:22 <- h3:7170 [len=54B]
2025-09-12 19:02:46 - [BENIGN] - DEBUG - Generated FTP SYN from h3:48628 -> h5:21 [len=54B]
2025-09-12 19:02:47 - [BENIGN] - DEBUG - Generated FTP SYN-ACK from h5:21 <- h3:48628 [len=54B]
2025-09-12 19:02:47 - [BENIGN] - DEBUG - Generated FTP ACK from h3:48628 -> h5:21 [len=54B]
2025-09-12 19:02:48 - [BENIGN] - DEBUG - Generated FTP data traffic from h3:48628 -> h5:21 [content='FTP file transfer'] [Session 61] [len=1268B]
2025-09-12 19:02:49 - [BENIGN] - DEBUG - Generated FTP ACK reply from h5:21 <- h3:48628 [len=54B]
2025-09-12 19:02:49 - [BENIGN] - DEBUG - Generated HTTP SYN from h3:24114 -> h5:80 [len=54B]
2025-09-12 19:02:50 - [BENIGN] - DEBUG - Generated HTTP SYN-ACK from h5:80 <- h3:24114 [len=54B]
2025-09-12 19:02:50 - [BENIGN] - DEBUG - Generated HTTP ACK from h3:24114 -> h5:80 [len=54B]
2025-09-12 19:02:51 - [BENIGN] - DEBUG - Generated HTTP data traffic from h3:24114 -> h5:80 [content='GET /index.html HTTP/1.1'] [Session 62] [len=393B]
2025-09-12 19:02:52 - [BENIGN] - DEBUG - Generated HTTP ACK reply from h5:80 <- h3:24114 [len=54B]
2025-09-12 19:02:52 - [BENIGN] - DEBUG - Generated HTTPS SYN from h3:57086 -> h5:443 [len=54B]
2025-09-12 19:02:53 - [BENIGN] - DEBUG - Generated HTTPS SYN-ACK from h5:443 <- h3:57086 [len=54B]
2025-09-12 19:02:54 - [BENIGN] - DEBUG - Generated HTTPS ACK from h3:57086 -> h5:443 [len=54B]
2025-09-12 19:02:54 - [BENIGN] - DEBUG - Generated HTTPS data traffic from h3:57086 -> h5:443 [content='Encrypted Application Data'] [Session 63] [len=623B]
2025-09-12 19:02:55 - [BENIGN] - DEBUG - Generated HTTPS ACK reply from h5:443 <- h3:57086 [len=54B]
2025-09-12 19:02:55 - [BENIGN] - DEBUG - Generated DNS query from h3:49745 -> h5:53 [qname='example.com'] [Session 64] [len=71B]
2025-09-12 19:02:56 - [BENIGN] - DEBUG - Generated ICMP traffic h2↔h5 8 [len=84B]
2025-09-12 19:02:56 - [BENIGN] - DEBUG - Generated TCP SYN from h3:27705 -> h5:12345 [len=54B]
2025-09-12 19:02:57 - [BENIGN] - DEBUG - Generated TCP SYN-ACK from h5:12345 <- h3:27705 [len=54B]
2025-09-12 19:02:57 - [BENIGN] - DEBUG - Generated TCP ACK from h3:27705 -> h5:12345 [len=54B]
2025-09-12 19:02:58 - [BENIGN] - DEBUG - Generated TCP data traffic from h3:27705 -> h5:12345 [content='TCP data'] [Session 65] [len=1170B]
2025-09-12 19:02:59 - [BENIGN] - DEBUG - Generated TCP ACK reply from h5:12345 <- h3:27705 [len=54B]
2025-09-12 19:02:59 - [BENIGN] - DEBUG - Generated UDP traffic from h3:64874 -> h5:12346 [content='100226242345661920fa2ce6409986cb101f06ee...'] [Session 66] [len=461B]
2025-09-12 19:03:00 - [BENIGN] - DEBUG - Generated Telnet SYN from h3:53817 -> h5:23 [len=54B]
2025-09-12 19:03:01 - [BENIGN] - DEBUG - Generated Telnet SYN-ACK from h5:23 <- h3:53817 [len=54B]
2025-09-12 19:03:01 - [BENIGN] - DEBUG - Generated Telnet ACK from h3:53817 -> h5:23 [len=54B]
2025-09-12 19:03:02 - [BENIGN] - DEBUG - Generated Telnet data traffic from h3:53817 -> h5:23 [content='Telnet command'] [Session 67] [len=294B]
2025-09-12 19:03:03 - [BENIGN] - DEBUG - Generated Telnet ACK reply from h5:23 <- h3:53817 [len=54B]
2025-09-12 19:03:03 - [BENIGN] - DEBUG - Generated SSH SYN from h3:13540 -> h5:22 [len=54B]
2025-09-12 19:03:04 - [BENIGN] - DEBUG - Generated SSH SYN-ACK from h5:22 <- h3:13540 [len=54B]
2025-09-12 19:03:04 - [BENIGN] - DEBUG - Generated SSH ACK from h3:13540 -> h5:22 [len=54B]
2025-09-12 19:03:05 - [BENIGN] - DEBUG - Generated SSH data traffic from h3:13540 -> h5:22 [content='SSH encrypted data'] [Session 68] [len=1228B]
2025-09-12 19:03:06 - [BENIGN] - DEBUG - Generated SSH ACK reply from h5:22 <- h3:13540 [len=54B]
2025-09-12 19:03:06 - [BENIGN] - DEBUG - Generated FTP SYN from h3:58594 -> h5:21 [len=54B]
2025-09-12 19:03:07 - [BENIGN] - DEBUG - Generated FTP SYN-ACK from h5:21 <- h3:58594 [len=54B]
2025-09-12 19:03:07 - [BENIGN] - DEBUG - Generated FTP ACK from h3:58594 -> h5:21 [len=54B]
2025-09-12 19:03:08 - [BENIGN] - DEBUG - Generated FTP data traffic from h3:58594 -> h5:21 [content='FTP file transfer'] [Session 69] [len=288B]
2025-09-12 19:03:09 - [BENIGN] - DEBUG - Generated FTP ACK reply from h5:21 <- h3:58594 [len=54B]
2025-09-12 19:03:09 - [BENIGN] - DEBUG - Generated HTTP SYN from h3:45441 -> h5:80 [len=54B]
2025-09-12 19:03:10 - [BENIGN] - DEBUG - Generated HTTP SYN-ACK from h5:80 <- h3:45441 [len=54B]
2025-09-12 19:03:11 - [BENIGN] - DEBUG - Generated HTTP ACK from h3:45441 -> h5:80 [len=54B]
2025-09-12 19:03:11 - [BENIGN] - DEBUG - Generated HTTP data traffic from h3:45441 -> h5:80 [content='GET /index.html HTTP/1.1'] [Session 70] [len=449B]
2025-09-12 19:03:12 - [BENIGN] - DEBUG - Generated HTTP ACK reply from h5:80 <- h3:45441 [len=54B]
2025-09-12 19:03:12 - [BENIGN] - DEBUG - Generated HTTPS SYN from h3:42562 -> h5:443 [len=54B]
2025-09-12 19:03:13 - [BENIGN] - DEBUG - Generated HTTPS SYN-ACK from h5:443 <- h3:42562 [len=54B]
2025-09-12 19:03:14 - [BENIGN] - DEBUG - Generated HTTPS ACK from h3:42562 -> h5:443 [len=54B]
2025-09-12 19:03:14 - [BENIGN] - DEBUG - Generated HTTPS data traffic from h3:42562 -> h5:443 [content='Encrypted Application Data'] [Session 71] [len=298B]
2025-09-12 19:03:15 - [BENIGN] - DEBUG - Generated HTTPS ACK reply from h5:443 <- h3:42562 [len=54B]
2025-09-12 19:03:16 - [BENIGN] - DEBUG - Generated DNS query from h3:12309 -> h5:53 [qname='example.com'] [Session 72] [len=71B]
2025-09-12 19:03:16 - [BENIGN] - DEBUG - Generated ICMP traffic h2↔h5 9 [len=84B]
2025-09-12 19:03:16 - [BENIGN] - DEBUG - Generated TCP SYN from h3:15639 -> h5:12345 [len=54B]
2025-09-12 19:03:17 - [BENIGN] - DEBUG - Generated TCP SYN-ACK from h5:12345 <- h3:15639 [len=54B]
2025-09-12 19:03:18 - [BENIGN] - DEBUG - Generated TCP ACK from h3:15639 -> h5:12345 [len=54B]
2025-09-12 19:03:18 - [BENIGN] - DEBUG - Generated TCP data traffic from h3:15639 -> h5:12345 [content='TCP data'] [Session 73] [len=1519B]
2025-09-12 19:03:19 - [BENIGN] - DEBUG - Generated TCP ACK reply from h5:12345 <- h3:15639 [len=54B]
2025-09-12 19:03:19 - [BENIGN] - DEBUG - Generated UDP traffic from h3:17636 -> h5:12346 [content='7360fb86f0555c984ab7773fd8f834a150ff9576...'] [Session 74] [len=1081B]
2025-09-12 19:03:20 - [BENIGN] - DEBUG - Generated Telnet SYN from h3:39283 -> h5:23 [len=54B]
2025-09-12 19:03:21 - [BENIGN] - DEBUG - Generated Telnet SYN-ACK from h5:23 <- h3:39283 [len=54B]
2025-09-12 19:03:21 - [BENIGN] - DEBUG - Generated Telnet ACK from h3:39283 -> h5:23 [len=54B]
2025-09-12 19:03:22 - [BENIGN] - DEBUG - Generated Telnet data traffic from h3:39283 -> h5:23 [content='Telnet command'] [Session 75] [len=1447B]
2025-09-12 19:03:22 - [BENIGN] - DEBUG - Generated Telnet ACK reply from h5:23 <- h3:39283 [len=54B]
2025-09-12 19:03:23 - [BENIGN] - DEBUG - Generated SSH SYN from h3:17317 -> h5:22 [len=54B]
2025-09-12 19:03:24 - [BENIGN] - DEBUG - Generated SSH SYN-ACK from h5:22 <- h3:17317 [len=54B]
2025-09-12 19:03:24 - [BENIGN] - DEBUG - Generated SSH ACK from h3:17317 -> h5:22 [len=54B]
2025-09-12 19:03:25 - [BENIGN] - DEBUG - Generated SSH data traffic from h3:17317 -> h5:22 [content='SSH encrypted data'] [Session 76] [len=196B]
2025-09-12 19:03:26 - [BENIGN] - DEBUG - Generated SSH ACK reply from h5:22 <- h3:17317 [len=54B]
2025-09-12 19:03:26 - [BENIGN] - DEBUG - Generated FTP SYN from h3:43569 -> h5:21 [len=54B]
2025-09-12 19:03:27 - [BENIGN] - DEBUG - Generated FTP SYN-ACK from h5:21 <- h3:43569 [len=54B]
2025-09-12 19:03:27 - [BENIGN] - DEBUG - Generated FTP ACK from h3:43569 -> h5:21 [len=54B]
2025-09-12 19:03:28 - [BENIGN] - DEBUG - Generated FTP data traffic from h3:43569 -> h5:21 [content='FTP file transfer'] [Session 77] [len=491B]
2025-09-12 19:03:29 - [BENIGN] - DEBUG - Generated FTP ACK reply from h5:21 <- h3:43569 [len=54B]
2025-09-12 19:03:29 - [BENIGN] - DEBUG - Generated HTTP SYN from h3:31436 -> h5:80 [len=54B]
2025-09-12 19:03:30 - [BENIGN] - DEBUG - Generated HTTP SYN-ACK from h5:80 <- h3:31436 [len=54B]
2025-09-12 19:03:31 - [BENIGN] - DEBUG - Generated HTTP ACK from h3:31436 -> h5:80 [len=54B]
2025-09-12 19:03:31 - [BENIGN] - DEBUG - Generated HTTP data traffic from h3:31436 -> h5:80 [content='GET /index.html HTTP/1.1'] [Session 78] [len=431B]
2025-09-12 19:03:32 - [BENIGN] - DEBUG - Generated HTTP ACK reply from h5:80 <- h3:31436 [len=54B]
2025-09-12 19:03:33 - [BENIGN] - DEBUG - Generated HTTPS SYN from h3:33652 -> h5:443 [len=54B]
2025-09-12 19:03:33 - [BENIGN] - DEBUG - Generated HTTPS SYN-ACK from h5:443 <- h3:33652 [len=54B]
2025-09-12 19:03:34 - [BENIGN] - DEBUG - Generated HTTPS ACK from h3:33652 -> h5:443 [len=54B]
2025-09-12 19:03:34 - [BENIGN] - DEBUG - Generated HTTPS data traffic from h3:33652 -> h5:443 [content='Encrypted Application Data'] [Session 79] [len=559B]
2025-09-12 19:03:35 - [BENIGN] - DEBUG - Generated HTTPS ACK reply from h5:443 <- h3:33652 [len=54B]
2025-09-12 19:03:36 - [BENIGN] - DEBUG - Generated DNS query from h3:65374 -> h5:53 [qname='example.com'] [Session 80] [len=71B]
2025-09-12 19:03:36 - [BENIGN] - INFO - Benign traffic finished.
2025-09-12 19:03:36 - [BENIGN] - INFO - Summary: 80 protocol sessions with protocol separation:
2025-09-12 19:03:36 - [BENIGN] - INFO -   - h2↔h5: ICMP ping traffic
2025-09-12 19:03:36 - [BENIGN] - INFO -   - h3↔h5: TCP/UDP traffic [TCP, UDP, Telnet, SSH, FTP, HTTP, HTTPS, DNS]
2025-09-12 19:03:36 - [BENIGN] - INFO - Total packets sent: 340
