2025-09-13 11:02:47,764 - attack_logger - INFO - Attack: Enhanced SYN Flood (88s) | h1 -> h6
2025-09-13 11:02:50,277 - attack_logger - INFO - [syn_flood] [Run ID: 6fc5df0a-56ab-42e7-8e17-f402038b6523] Starting Enhanced SYN Flood from h1 to 192.168.30.10 for 88 seconds.
2025-09-13 11:02:50,277 - attack_logger - INFO - [syn_flood] [Run ID: 6fc5df0a-56ab-42e7-8e17-f402038b6523] Attack Phase: Enhanced Traditional SYN Flood - Attacker: h1, Target: 192.168.30.10:80, Duration: 88s
2025-09-13 11:02:50,277 - attack_logger - INFO - [syn_flood] [Run ID: 6fc5df0a-56ab-42e7-8e17-f402038b6523] Enhanced Features: Human-like timing, protocol compliance, network delay simulation
2025-09-13 11:02:50,277 - attack_logger - INFO - [syn_flood] [Run ID: 6fc5df0a-56ab-42e7-8e17-f402038b6523] Session pattern: 3 phases, Circadian factor: 0.90, Workday factor: 0.54
2025-09-13 11:02:50,277 - attack_logger - DEBUG - [syn_flood] [Run ID: 6fc5df0a-56ab-42e7-8e17-f402038b6523] Starting enhanced SYN packet generation with human-like timing
2025-09-13 11:02:50,277 - attack_logger - INFO - [syn_flood] [Run ID: 6fc5df0a-56ab-42e7-8e17-f402038b6523] Stress phase: 26s, Advanced phase: 62s
2025-09-13 11:03:16,880 - attack_logger - INFO - [syn_flood] [Run ID: 6fc5df0a-56ab-42e7-8e17-f402038b6523] Stress phase completed
2025-09-13 11:03:16,887 - attack_logger - INFO - [syn_flood] [Run ID: 6fc5df0a-56ab-42e7-8e17-f402038b6523] Enhanced SYN flood process started (PID: 67573)
2025-09-13 11:03:28,941 - attack_logger - INFO - [syn_flood] [Run ID: 6fc5df0a-56ab-42e7-8e17-f402038b6523] Attack progress: 12.1s elapsed, ~32 packets sent, Rate: 2.7 pps, Phase: break (intensity: 0.20)
2025-09-13 11:03:28,941 - attack_logger - DEBUG - [syn_flood] [Run ID: 6fc5df0a-56ab-42e7-8e17-f402038b6523] Process stats - CPU: 0.0%, Memory: 60.6MB
2025-09-13 11:03:28,941 - attack_logger - DEBUG - [syn_flood] [Run ID: 6fc5df0a-56ab-42e7-8e17-f402038b6523] Timing factors - Circadian: 0.90, Workday: 0.54, Adjusted rate: 2.7 pps
2025-09-13 11:03:30,052 - attack_logger - DEBUG - [syn_flood] [Run ID: 6fc5df0a-56ab-42e7-8e17-f402038b6523] Entering active phase (intensity: 0.91)
2025-09-13 11:03:40,946 - attack_logger - INFO - [syn_flood] [Run ID: 6fc5df0a-56ab-42e7-8e17-f402038b6523] Attack progress: 24.1s elapsed, ~221 packets sent, Rate: 9.2 pps, Phase: active (intensity: 0.91)
2025-09-13 11:03:40,946 - attack_logger - DEBUG - [syn_flood] [Run ID: 6fc5df0a-56ab-42e7-8e17-f402038b6523] Process stats - CPU: 0.0%, Memory: 60.6MB
2025-09-13 11:03:40,946 - attack_logger - DEBUG - [syn_flood] [Run ID: 6fc5df0a-56ab-42e7-8e17-f402038b6523] Timing factors - Circadian: 0.90, Workday: 0.54, Adjusted rate: 9.2 pps
2025-09-13 11:03:52,980 - attack_logger - INFO - [syn_flood] [Run ID: 6fc5df0a-56ab-42e7-8e17-f402038b6523] Attack progress: 36.1s elapsed, ~418 packets sent, Rate: 11.6 pps, Phase: active (intensity: 0.91)
2025-09-13 11:03:52,980 - attack_logger - DEBUG - [syn_flood] [Run ID: 6fc5df0a-56ab-42e7-8e17-f402038b6523] Process stats - CPU: 0.0%, Memory: 60.7MB
2025-09-13 11:03:52,980 - attack_logger - DEBUG - [syn_flood] [Run ID: 6fc5df0a-56ab-42e7-8e17-f402038b6523] Timing factors - Circadian: 0.90, Workday: 0.54, Adjusted rate: 11.6 pps
2025-09-13 11:04:05,069 - attack_logger - INFO - [syn_flood] [Run ID: 6fc5df0a-56ab-42e7-8e17-f402038b6523] Attack progress: 48.2s elapsed, ~431 packets sent, Rate: 8.9 pps, Phase: active (intensity: 0.91)
2025-09-13 11:04:05,070 - attack_logger - DEBUG - [syn_flood] [Run ID: 6fc5df0a-56ab-42e7-8e17-f402038b6523] Process stats - CPU: 0.0%, Memory: 60.7MB
2025-09-13 11:04:05,070 - attack_logger - DEBUG - [syn_flood] [Run ID: 6fc5df0a-56ab-42e7-8e17-f402038b6523] Timing factors - Circadian: 0.90, Workday: 0.54, Adjusted rate: 8.9 pps
2025-09-13 11:04:12,594 - attack_logger - DEBUG - [syn_flood] [Run ID: 6fc5df0a-56ab-42e7-8e17-f402038b6523] Entering active phase (intensity: 0.95)
2025-09-13 11:04:17,135 - attack_logger - INFO - [syn_flood] [Run ID: 6fc5df0a-56ab-42e7-8e17-f402038b6523] Attack progress: 60.3s elapsed, ~801 packets sent, Rate: 13.3 pps, Phase: active (intensity: 0.95)
2025-09-13 11:04:17,135 - attack_logger - DEBUG - [syn_flood] [Run ID: 6fc5df0a-56ab-42e7-8e17-f402038b6523] Process stats - CPU: 0.0%, Memory: 60.7MB
2025-09-13 11:04:17,135 - attack_logger - DEBUG - [syn_flood] [Run ID: 6fc5df0a-56ab-42e7-8e17-f402038b6523] Timing factors - Circadian: 0.90, Workday: 0.54, Adjusted rate: 13.3 pps
2025-09-13 11:04:18,921 - attack_logger - DEBUG - [syn_flood] [Run ID: 6fc5df0a-56ab-42e7-8e17-f402038b6523] Sent SIGINT to SYN flood process 67573
2025-09-13 11:04:19,428 - attack_logger - INFO - [syn_flood] [Run ID: 6fc5df0a-56ab-42e7-8e17-f402038b6523] Enhanced SYN Flood from h1 to 192.168.30.10 finished.
2025-09-13 11:04:19,428 - attack_logger - INFO - [syn_flood] [Run ID: 6fc5df0a-56ab-42e7-8e17-f402038b6523] Attack completed. Total packets sent = 693, Average rate = 11.17 packets/sec.
2025-09-13 11:04:19,428 - attack_logger - INFO - [syn_flood] [Run ID: 6fc5df0a-56ab-42e7-8e17-f402038b6523] --- Enhanced Attack Summary ---
2025-09-13 11:04:19,428 - attack_logger - INFO - [syn_flood] [Run ID: 6fc5df0a-56ab-42e7-8e17-f402038b6523] Total packets sent: 693
2025-09-13 11:04:19,428 - attack_logger - INFO - [syn_flood] [Run ID: 6fc5df0a-56ab-42e7-8e17-f402038b6523] Actual duration: 62.04s
2025-09-13 11:04:19,428 - attack_logger - INFO - [syn_flood] [Run ID: 6fc5df0a-56ab-42e7-8e17-f402038b6523] Average rate: 11.17 packets/sec
2025-09-13 11:04:19,428 - attack_logger - INFO - [syn_flood] [Run ID: 6fc5df0a-56ab-42e7-8e17-f402038b6523] Base rate: 23.0 pps
2025-09-13 11:04:19,428 - attack_logger - INFO - [syn_flood] [Run ID: 6fc5df0a-56ab-42e7-8e17-f402038b6523] Circadian factor: 0.90
2025-09-13 11:04:19,428 - attack_logger - INFO - [syn_flood] [Run ID: 6fc5df0a-56ab-42e7-8e17-f402038b6523] Workday factor: 0.54
2025-09-13 11:04:19,428 - attack_logger - INFO - [syn_flood] [Run ID: 6fc5df0a-56ab-42e7-8e17-f402038b6523] Session phases: 3
2025-09-13 11:04:19,428 - attack_logger - INFO - [syn_flood] [Run ID: 6fc5df0a-56ab-42e7-8e17-f402038b6523] Target port: 80
2025-09-13 11:04:19,428 - attack_logger - INFO - [syn_flood] [Run ID: 6fc5df0a-56ab-42e7-8e17-f402038b6523] Attack method: Enhanced SYN Flood with Human-like Timing
2025-09-13 11:04:19,428 - attack_logger - INFO - [syn_flood] [Run ID: 6fc5df0a-56ab-42e7-8e17-f402038b6523] Enhancement features: Human timing patterns, protocol compliance, network delay simulation
2025-09-13 11:04:19,429 - attack_logger - INFO - [syn_flood] [Run ID: 6fc5df0a-56ab-42e7-8e17-f402038b6523] TCP options: MSS, WScale, Timestamp, SAckOK
2025-09-13 11:04:19,429 - attack_logger - INFO - [syn_flood] [Run ID: 6fc5df0a-56ab-42e7-8e17-f402038b6523] ----------------------------------------
2025-09-13 11:04:19,490 - attack_logger - INFO - Attack: Enhanced SYN Flood completed.
2025-09-13 11:04:19,490 - attack_logger - INFO - Attack: Enhanced UDP Flood (176s) | h1 -> h6
2025-09-13 11:04:22,005 - attack_logger - INFO - [udp_flood] [Run ID: cba9d6a3-a7e6-4e7d-b684-dbe86e27f811] Starting Enhanced UDP Flood from h1 to 192.168.30.10 for 176 seconds.
2025-09-13 11:04:22,005 - attack_logger - INFO - [udp_flood] [Run ID: cba9d6a3-a7e6-4e7d-b684-dbe86e27f811] Attack Phase: Enhanced Traditional UDP Flood - Attacker: h1, Target: 192.168.30.10:53, Duration: 176s
2025-09-13 11:04:22,005 - attack_logger - INFO - [udp_flood] [Run ID: cba9d6a3-a7e6-4e7d-b684-dbe86e27f811] Enhanced Features: Human-like timing, protocol compliance, network delay simulation
2025-09-13 11:04:22,005 - attack_logger - INFO - [udp_flood] [Run ID: cba9d6a3-a7e6-4e7d-b684-dbe86e27f811] Stress phase: 52s, Advanced phase: 124s
2025-09-13 11:05:14,626 - attack_logger - INFO - [udp_flood] [Run ID: cba9d6a3-a7e6-4e7d-b684-dbe86e27f811] Stress phase completed
2025-09-13 11:05:14,626 - attack_logger - INFO - [udp_flood] [Run ID: cba9d6a3-a7e6-4e7d-b684-dbe86e27f811] Session pattern: 3 phases, Circadian factor: 0.90, Workday factor: 0.54
2025-09-13 11:05:14,626 - attack_logger - DEBUG - [udp_flood] [Run ID: cba9d6a3-a7e6-4e7d-b684-dbe86e27f811] Starting enhanced UDP packet generation with human-like timing
2025-09-13 11:05:14,633 - attack_logger - INFO - [udp_flood] [Run ID: cba9d6a3-a7e6-4e7d-b684-dbe86e27f811] Enhanced UDP flood process started (PID: 67591)
2025-09-13 11:05:38,635 - attack_logger - INFO - [udp_flood] [Run ID: cba9d6a3-a7e6-4e7d-b684-dbe86e27f811] Attack progress: 24.0s elapsed, ~246 packets sent, Rate: 10.2 pps, Phase: active (intensity: 0.99)
2025-09-13 11:05:38,635 - attack_logger - DEBUG - [udp_flood] [Run ID: cba9d6a3-a7e6-4e7d-b684-dbe86e27f811] Process stats - CPU: 0.0%, Memory: 60.5MB
2025-09-13 11:05:38,635 - attack_logger - DEBUG - [udp_flood] [Run ID: cba9d6a3-a7e6-4e7d-b684-dbe86e27f811] Timing factors - Circadian: 0.90, Workday: 0.54, Adjusted rate: 10.3 pps
2025-09-13 11:06:02,673 - attack_logger - INFO - [udp_flood] [Run ID: cba9d6a3-a7e6-4e7d-b684-dbe86e27f811] Attack progress: 48.0s elapsed, ~525 packets sent, Rate: 10.9 pps, Phase: active (intensity: 0.99)
2025-09-13 11:06:02,673 - attack_logger - DEBUG - [udp_flood] [Run ID: cba9d6a3-a7e6-4e7d-b684-dbe86e27f811] Process stats - CPU: 0.0%, Memory: 60.5MB
2025-09-13 11:06:02,673 - attack_logger - DEBUG - [udp_flood] [Run ID: cba9d6a3-a7e6-4e7d-b684-dbe86e27f811] Timing factors - Circadian: 0.90, Workday: 0.54, Adjusted rate: 10.9 pps
2025-09-13 11:06:26,765 - attack_logger - INFO - [udp_flood] [Run ID: cba9d6a3-a7e6-4e7d-b684-dbe86e27f811] Attack progress: 72.1s elapsed, ~970 packets sent, Rate: 13.4 pps, Phase: active (intensity: 0.99)
2025-09-13 11:06:26,765 - attack_logger - DEBUG - [udp_flood] [Run ID: cba9d6a3-a7e6-4e7d-b684-dbe86e27f811] Process stats - CPU: 0.0%, Memory: 60.5MB
2025-09-13 11:06:26,765 - attack_logger - DEBUG - [udp_flood] [Run ID: cba9d6a3-a7e6-4e7d-b684-dbe86e27f811] Timing factors - Circadian: 0.90, Workday: 0.54, Adjusted rate: 13.5 pps
2025-09-13 11:06:40,365 - attack_logger - DEBUG - [udp_flood] [Run ID: cba9d6a3-a7e6-4e7d-b684-dbe86e27f811] Entering break phase (intensity: 0.28)
2025-09-13 11:06:50,790 - attack_logger - INFO - [udp_flood] [Run ID: cba9d6a3-a7e6-4e7d-b684-dbe86e27f811] Attack progress: 96.2s elapsed, ~284 packets sent, Rate: 3.0 pps, Phase: break (intensity: 0.28)
2025-09-13 11:06:50,791 - attack_logger - DEBUG - [udp_flood] [Run ID: cba9d6a3-a7e6-4e7d-b684-dbe86e27f811] Process stats - CPU: 0.0%, Memory: 60.5MB
2025-09-13 11:06:50,791 - attack_logger - DEBUG - [udp_flood] [Run ID: cba9d6a3-a7e6-4e7d-b684-dbe86e27f811] Timing factors - Circadian: 0.90, Workday: 0.54, Adjusted rate: 3.0 pps
2025-09-13 11:07:05,222 - attack_logger - DEBUG - [udp_flood] [Run ID: cba9d6a3-a7e6-4e7d-b684-dbe86e27f811] Entering active phase (intensity: 0.79)
2025-09-13 11:07:14,878 - attack_logger - INFO - [udp_flood] [Run ID: cba9d6a3-a7e6-4e7d-b684-dbe86e27f811] Attack progress: 120.3s elapsed, ~1288 packets sent, Rate: 10.7 pps, Phase: active (intensity: 0.79)
2025-09-13 11:07:14,878 - attack_logger - DEBUG - [udp_flood] [Run ID: cba9d6a3-a7e6-4e7d-b684-dbe86e27f811] Process stats - CPU: 0.0%, Memory: 60.5MB
2025-09-13 11:07:14,878 - attack_logger - DEBUG - [udp_flood] [Run ID: cba9d6a3-a7e6-4e7d-b684-dbe86e27f811] Timing factors - Circadian: 0.90, Workday: 0.54, Adjusted rate: 10.7 pps
2025-09-13 11:07:18,684 - attack_logger - DEBUG - [udp_flood] [Run ID: cba9d6a3-a7e6-4e7d-b684-dbe86e27f811] Sent SIGINT to UDP flood process 67591
2025-09-13 11:07:19,189 - attack_logger - INFO - [udp_flood] [Run ID: cba9d6a3-a7e6-4e7d-b684-dbe86e27f811] Enhanced UDP Flood from h1 to 192.168.30.10 finished.
2025-09-13 11:07:19,189 - attack_logger - INFO - [udp_flood] [Run ID: cba9d6a3-a7e6-4e7d-b684-dbe86e27f811] Attack completed. Total packets sent = 1564, Average rate = 12.61 packets/sec.
2025-09-13 11:07:19,189 - attack_logger - INFO - [udp_flood] [Run ID: cba9d6a3-a7e6-4e7d-b684-dbe86e27f811] --- Enhanced Attack Summary ---
2025-09-13 11:07:19,189 - attack_logger - INFO - [udp_flood] [Run ID: cba9d6a3-a7e6-4e7d-b684-dbe86e27f811] Total packets sent: 1564
2025-09-13 11:07:19,189 - attack_logger - INFO - [udp_flood] [Run ID: cba9d6a3-a7e6-4e7d-b684-dbe86e27f811] Actual duration: 124.06s
2025-09-13 11:07:19,189 - attack_logger - INFO - [udp_flood] [Run ID: cba9d6a3-a7e6-4e7d-b684-dbe86e27f811] Average rate: 12.61 packets/sec
2025-09-13 11:07:19,189 - attack_logger - INFO - [udp_flood] [Run ID: cba9d6a3-a7e6-4e7d-b684-dbe86e27f811] Base rate: 25.9 pps
2025-09-13 11:07:19,189 - attack_logger - INFO - [udp_flood] [Run ID: cba9d6a3-a7e6-4e7d-b684-dbe86e27f811] Circadian factor: 0.90
2025-09-13 11:07:19,189 - attack_logger - INFO - [udp_flood] [Run ID: cba9d6a3-a7e6-4e7d-b684-dbe86e27f811] Workday factor: 0.54
2025-09-13 11:07:19,189 - attack_logger - INFO - [udp_flood] [Run ID: cba9d6a3-a7e6-4e7d-b684-dbe86e27f811] Session phases: 3
2025-09-13 11:07:19,189 - attack_logger - INFO - [udp_flood] [Run ID: cba9d6a3-a7e6-4e7d-b684-dbe86e27f811] Target port: 53 (DNS)
2025-09-13 11:07:19,189 - attack_logger - INFO - [udp_flood] [Run ID: cba9d6a3-a7e6-4e7d-b684-dbe86e27f811] Attack method: Enhanced UDP Flood with Human-like Timing
2025-09-13 11:07:19,189 - attack_logger - INFO - [udp_flood] [Run ID: cba9d6a3-a7e6-4e7d-b684-dbe86e27f811] Enhancement features: Human timing patterns, protocol compliance, network delay simulation
2025-09-13 11:07:19,189 - attack_logger - INFO - [udp_flood] [Run ID: cba9d6a3-a7e6-4e7d-b684-dbe86e27f811] DNS payloads: Realistic query patterns with varied domains
2025-09-13 11:07:19,189 - attack_logger - INFO - [udp_flood] [Run ID: cba9d6a3-a7e6-4e7d-b684-dbe86e27f811] ----------------------------------------
2025-09-13 11:07:19,236 - attack_logger - INFO - Attack: Enhanced UDP Flood completed.
2025-09-13 11:07:19,236 - attack_logger - INFO - Attack: Enhanced ICMP Flood (88s) | h1 -> h4
2025-09-13 11:07:21,751 - attack_logger - INFO - [icmp_flood] [Run ID: 341891cf-c9d0-4706-9ce5-8636695b1d97] Starting Enhanced ICMP Flood with RFC 1918 IP Rotation from h1 to 192.168.20.12 for 88 seconds.
2025-09-13 11:07:21,751 - attack_logger - INFO - [icmp_flood] [Run ID: 341891cf-c9d0-4706-9ce5-8636695b1d97] Attack Phase: Enhanced Traditional ICMP Flood - Attacker: h1, Target: 192.168.20.12, Duration: 88s
2025-09-13 11:07:21,751 - attack_logger - INFO - [icmp_flood] [Run ID: 341891cf-c9d0-4706-9ce5-8636695b1d97] Enhanced Features: RFC 1918 IP rotation, human-like timing, protocol compliance, network delay simulation
2025-09-13 11:07:21,751 - attack_logger - INFO - [icmp_flood] [Run ID: 341891cf-c9d0-4706-9ce5-8636695b1d97] IP Pool Size: 50 source IPs from RFC 1918 ranges (10.0.0.0/8, 172.16.0.0/12, 192.168.0.0/16)
2025-09-13 11:07:21,751 - attack_logger - INFO - [icmp_flood] [Run ID: 341891cf-c9d0-4706-9ce5-8636695b1d97] Stress phase total: 26s (host: 13s, gateway: 13s), Advanced phase: 62s
2025-09-13 11:07:35,360 - attack_logger - INFO - [icmp_flood] [Run ID: 341891cf-c9d0-4706-9ce5-8636695b1d97] Host stress sub-phase completed
2025-09-13 11:07:48,970 - attack_logger - INFO - [icmp_flood] [Run ID: 341891cf-c9d0-4706-9ce5-8636695b1d97] Gateway stress sub-phase completed
2025-09-13 11:07:48,970 - attack_logger - INFO - [icmp_flood] [Run ID: 341891cf-c9d0-4706-9ce5-8636695b1d97] Session pattern: 2 phases, Circadian factor: 0.90, Workday factor: 0.54
2025-09-13 11:07:48,970 - attack_logger - DEBUG - [icmp_flood] [Run ID: 341891cf-c9d0-4706-9ce5-8636695b1d97] Starting enhanced ICMP packet generation with IP rotation and human-like timing
2025-09-13 11:07:48,977 - attack_logger - INFO - [icmp_flood] [Run ID: 341891cf-c9d0-4706-9ce5-8636695b1d97] Enhanced ICMP flood with IP rotation process started (PID: 67607)
2025-09-13 11:08:01,008 - attack_logger - INFO - [icmp_flood] [Run ID: 341891cf-c9d0-4706-9ce5-8636695b1d97] Attack progress: 12.0s elapsed, ~112 packets sent, Rate: 9.3 pps, IP rotations: ~7, Phase: active (intensity: 0.84)
2025-09-13 11:08:01,008 - attack_logger - DEBUG - [icmp_flood] [Run ID: 341891cf-c9d0-4706-9ce5-8636695b1d97] Process stats - CPU: 0.0%, Memory: 60.6MB
2025-09-13 11:08:01,008 - attack_logger - DEBUG - [icmp_flood] [Run ID: 341891cf-c9d0-4706-9ce5-8636695b1d97] Timing factors - Circadian: 0.90, Workday: 0.54, Adjusted rate: 9.4 pps
2025-09-13 11:08:13,022 - attack_logger - INFO - [icmp_flood] [Run ID: 341891cf-c9d0-4706-9ce5-8636695b1d97] Attack progress: 24.1s elapsed, ~290 packets sent, Rate: 12.1 pps, IP rotations: ~19, Phase: active (intensity: 0.84)
2025-09-13 11:08:13,022 - attack_logger - DEBUG - [icmp_flood] [Run ID: 341891cf-c9d0-4706-9ce5-8636695b1d97] Process stats - CPU: 0.0%, Memory: 60.8MB
2025-09-13 11:08:13,022 - attack_logger - DEBUG - [icmp_flood] [Run ID: 341891cf-c9d0-4706-9ce5-8636695b1d97] Timing factors - Circadian: 0.90, Workday: 0.54, Adjusted rate: 12.1 pps
2025-09-13 11:08:25,049 - attack_logger - INFO - [icmp_flood] [Run ID: 341891cf-c9d0-4706-9ce5-8636695b1d97] Attack progress: 36.1s elapsed, ~406 packets sent, Rate: 11.3 pps, IP rotations: ~27, Phase: active (intensity: 0.84)
2025-09-13 11:08:25,049 - attack_logger - DEBUG - [icmp_flood] [Run ID: 341891cf-c9d0-4706-9ce5-8636695b1d97] Process stats - CPU: 0.0%, Memory: 60.8MB
2025-09-13 11:08:25,049 - attack_logger - DEBUG - [icmp_flood] [Run ID: 341891cf-c9d0-4706-9ce5-8636695b1d97] Timing factors - Circadian: 0.90, Workday: 0.54, Adjusted rate: 11.3 pps
2025-09-13 11:08:34,953 - attack_logger - DEBUG - [icmp_flood] [Run ID: 341891cf-c9d0-4706-9ce5-8636695b1d97] Entering break phase (intensity: 0.20)
2025-09-13 11:08:37,108 - attack_logger - INFO - [icmp_flood] [Run ID: 341891cf-c9d0-4706-9ce5-8636695b1d97] Attack progress: 48.1s elapsed, ~93 packets sent, Rate: 1.9 pps, IP rotations: ~6, Phase: break (intensity: 0.20)
2025-09-13 11:08:37,108 - attack_logger - DEBUG - [icmp_flood] [Run ID: 341891cf-c9d0-4706-9ce5-8636695b1d97] Process stats - CPU: 0.0%, Memory: 60.8MB
2025-09-13 11:08:37,108 - attack_logger - DEBUG - [icmp_flood] [Run ID: 341891cf-c9d0-4706-9ce5-8636695b1d97] Timing factors - Circadian: 0.90, Workday: 0.54, Adjusted rate: 1.9 pps
2025-09-13 11:08:49,182 - attack_logger - INFO - [icmp_flood] [Run ID: 341891cf-c9d0-4706-9ce5-8636695b1d97] Attack progress: 60.2s elapsed, ~133 packets sent, Rate: 2.2 pps, IP rotations: ~8, Phase: break (intensity: 0.20)
2025-09-13 11:08:49,182 - attack_logger - DEBUG - [icmp_flood] [Run ID: 341891cf-c9d0-4706-9ce5-8636695b1d97] Process stats - CPU: 0.0%, Memory: 60.8MB
2025-09-13 11:08:49,182 - attack_logger - DEBUG - [icmp_flood] [Run ID: 341891cf-c9d0-4706-9ce5-8636695b1d97] Timing factors - Circadian: 0.90, Workday: 0.54, Adjusted rate: 2.2 pps
2025-09-13 11:08:51,004 - attack_logger - DEBUG - [icmp_flood] [Run ID: 341891cf-c9d0-4706-9ce5-8636695b1d97] Sent SIGINT to ICMP flood process 67607
2025-09-13 11:08:51,508 - attack_logger - INFO - [icmp_flood] [Run ID: 341891cf-c9d0-4706-9ce5-8636695b1d97] Enhanced ICMP Flood with RFC 1918 IP Rotation from h1 to 192.168.20.12 finished.
2025-09-13 11:08:51,508 - attack_logger - INFO - [icmp_flood] [Run ID: 341891cf-c9d0-4706-9ce5-8636695b1d97] Attack completed. Total packets sent = 829, Average rate = 13.36 packets/sec.
2025-09-13 11:08:51,508 - attack_logger - INFO - [icmp_flood] [Run ID: 341891cf-c9d0-4706-9ce5-8636695b1d97] --- Enhanced Attack Summary ---
2025-09-13 11:08:51,508 - attack_logger - INFO - [icmp_flood] [Run ID: 341891cf-c9d0-4706-9ce5-8636695b1d97] Total packets sent: 829
2025-09-13 11:08:51,508 - attack_logger - INFO - [icmp_flood] [Run ID: 341891cf-c9d0-4706-9ce5-8636695b1d97] Total IP rotations: ~55
2025-09-13 11:08:51,508 - attack_logger - INFO - [icmp_flood] [Run ID: 341891cf-c9d0-4706-9ce5-8636695b1d97] RFC 1918 IP pool size: 50
2025-09-13 11:08:51,508 - attack_logger - INFO - [icmp_flood] [Run ID: 341891cf-c9d0-4706-9ce5-8636695b1d97] IP ranges used: 10.0.0.0/8, 172.16.0.0/12, 192.168.0.0/16
2025-09-13 11:08:51,508 - attack_logger - INFO - [icmp_flood] [Run ID: 341891cf-c9d0-4706-9ce5-8636695b1d97] Actual duration: 62.03s
2025-09-13 11:08:51,508 - attack_logger - INFO - [icmp_flood] [Run ID: 341891cf-c9d0-4706-9ce5-8636695b1d97] Average rate: 13.36 packets/sec
2025-09-13 11:08:51,508 - attack_logger - INFO - [icmp_flood] [Run ID: 341891cf-c9d0-4706-9ce5-8636695b1d97] Base rate: 27.5 pps
2025-09-13 11:08:51,508 - attack_logger - INFO - [icmp_flood] [Run ID: 341891cf-c9d0-4706-9ce5-8636695b1d97] Circadian factor: 0.90
2025-09-13 11:08:51,508 - attack_logger - INFO - [icmp_flood] [Run ID: 341891cf-c9d0-4706-9ce5-8636695b1d97] Workday factor: 0.54
2025-09-13 11:08:51,508 - attack_logger - INFO - [icmp_flood] [Run ID: 341891cf-c9d0-4706-9ce5-8636695b1d97] Session phases: 2
2025-09-13 11:08:51,508 - attack_logger - INFO - [icmp_flood] [Run ID: 341891cf-c9d0-4706-9ce5-8636695b1d97] ICMP type: Echo Request (8) with ID/Seq variations
2025-09-13 11:08:51,508 - attack_logger - INFO - [icmp_flood] [Run ID: 341891cf-c9d0-4706-9ce5-8636695b1d97] Attack method: Enhanced ICMP Flood with RFC 1918 IP Rotation
2025-09-13 11:08:51,508 - attack_logger - INFO - [icmp_flood] [Run ID: 341891cf-c9d0-4706-9ce5-8636695b1d97] Enhancement features: RFC 1918 IP rotation, human timing patterns, protocol compliance, network delay simulation
2025-09-13 11:08:51,508 - attack_logger - INFO - [icmp_flood] [Run ID: 341891cf-c9d0-4706-9ce5-8636695b1d97] ----------------------------------------
2025-09-13 11:08:51,649 - attack_logger - INFO - Attack: Enhanced ICMP Flood completed.
2025-09-13 11:08:52,157 - attack_logger - INFO - Attack: ENHANCED Adversarial TCP State Exhaustion (72s) | h1 -> h6
2025-09-13 11:10:07,339 - attack_logger - INFO - Attack: ENHANCED Adversarial Application Layer (24s) | h1 -> h6
2025-09-13 11:10:34,728 - attack_logger - INFO - Attack: ENHANCED Adversarial Slow Read (72s) | h1 -> h6
2025-09-13 11:11:50,021 - attack_logger - INFO - Attack: ENHANCED Adversarial Slow Read completed.
