2025-09-12 18:36:12,773 - attack_logger - INFO - Attack: Enhanced SYN Flood (11s) | h1 -> h6
2025-09-12 18:36:15,285 - attack_logger - INFO - [syn_flood] [Run ID: f2979f2f-7d2f-4132-aef7-9e25f77ac095] Starting Enhanced SYN Flood from h1 to 192.168.30.10 for 11 seconds.
2025-09-12 18:36:15,286 - attack_logger - INFO - [syn_flood] [Run ID: f2979f2f-7d2f-4132-aef7-9e25f77ac095] Attack Phase: Enhanced Traditional SYN Flood - Attacker: h1, Target: 192.168.30.10:80, Duration: 11s
2025-09-12 18:36:15,286 - attack_logger - INFO - [syn_flood] [Run ID: f2979f2f-7d2f-4132-aef7-9e25f77ac095] Enhanced Features: Human-like timing, protocol compliance, network delay simulation
2025-09-12 18:36:15,286 - attack_logger - INFO - [syn_flood] [Run ID: f2979f2f-7d2f-4132-aef7-9e25f77ac095] Session pattern: 1 phases, Circadian factor: 0.70, Workday factor: 0.70
2025-09-12 18:36:15,286 - attack_logger - DEBUG - [syn_flood] [Run ID: f2979f2f-7d2f-4132-aef7-9e25f77ac095] Starting enhanced SYN packet generation with human-like timing
2025-09-12 18:36:15,286 - attack_logger - INFO - [syn_flood] [Run ID: f2979f2f-7d2f-4132-aef7-9e25f77ac095] Stress phase: 3s, Advanced phase: 8s
2025-09-12 18:36:18,858 - attack_logger - INFO - [syn_flood] [Run ID: f2979f2f-7d2f-4132-aef7-9e25f77ac095] Stress phase completed
2025-09-12 18:36:18,865 - attack_logger - INFO - [syn_flood] [Run ID: f2979f2f-7d2f-4132-aef7-9e25f77ac095] Enhanced SYN flood process started (PID: 6381)
2025-09-12 18:36:19,930 - attack_logger - INFO - [syn_flood] [Run ID: f2979f2f-7d2f-4132-aef7-9e25f77ac095] Attack progress: 1.1s elapsed, ~8 packets sent, Rate: 7.5 pps, Phase: active (intensity: 0.79)
2025-09-12 18:36:19,930 - attack_logger - DEBUG - [syn_flood] [Run ID: f2979f2f-7d2f-4132-aef7-9e25f77ac095] Process stats - CPU: 0.0%, Memory: 60.1MB
2025-09-12 18:36:19,930 - attack_logger - DEBUG - [syn_flood] [Run ID: f2979f2f-7d2f-4132-aef7-9e25f77ac095] Timing factors - Circadian: 0.70, Workday: 0.70, Adjusted rate: 8.3 pps
2025-09-12 18:36:20,936 - attack_logger - INFO - [syn_flood] [Run ID: f2979f2f-7d2f-4132-aef7-9e25f77ac095] Attack progress: 2.1s elapsed, ~19 packets sent, Rate: 9.1 pps, Phase: active (intensity: 0.79)
2025-09-12 18:36:20,936 - attack_logger - DEBUG - [syn_flood] [Run ID: f2979f2f-7d2f-4132-aef7-9e25f77ac095] Process stats - CPU: 0.0%, Memory: 60.3MB
2025-09-12 18:36:20,936 - attack_logger - DEBUG - [syn_flood] [Run ID: f2979f2f-7d2f-4132-aef7-9e25f77ac095] Timing factors - Circadian: 0.70, Workday: 0.70, Adjusted rate: 9.2 pps
2025-09-12 18:36:21,953 - attack_logger - INFO - [syn_flood] [Run ID: f2979f2f-7d2f-4132-aef7-9e25f77ac095] Attack progress: 3.1s elapsed, ~26 packets sent, Rate: 8.4 pps, Phase: active (intensity: 0.79)
2025-09-12 18:36:21,953 - attack_logger - DEBUG - [syn_flood] [Run ID: f2979f2f-7d2f-4132-aef7-9e25f77ac095] Process stats - CPU: 0.0%, Memory: 60.3MB
2025-09-12 18:36:21,953 - attack_logger - DEBUG - [syn_flood] [Run ID: f2979f2f-7d2f-4132-aef7-9e25f77ac095] Timing factors - Circadian: 0.70, Workday: 0.70, Adjusted rate: 8.6 pps
2025-09-12 18:36:23,040 - attack_logger - INFO - [syn_flood] [Run ID: f2979f2f-7d2f-4132-aef7-9e25f77ac095] Attack progress: 4.2s elapsed, ~44 packets sent, Rate: 10.5 pps, Phase: active (intensity: 0.79)
2025-09-12 18:36:23,040 - attack_logger - DEBUG - [syn_flood] [Run ID: f2979f2f-7d2f-4132-aef7-9e25f77ac095] Process stats - CPU: 0.0%, Memory: 60.3MB
2025-09-12 18:36:23,040 - attack_logger - DEBUG - [syn_flood] [Run ID: f2979f2f-7d2f-4132-aef7-9e25f77ac095] Timing factors - Circadian: 0.70, Workday: 0.70, Adjusted rate: 10.6 pps
2025-09-12 18:36:24,108 - attack_logger - INFO - [syn_flood] [Run ID: f2979f2f-7d2f-4132-aef7-9e25f77ac095] Attack progress: 5.2s elapsed, ~51 packets sent, Rate: 9.7 pps, Phase: active (intensity: 0.79)
2025-09-12 18:36:24,108 - attack_logger - DEBUG - [syn_flood] [Run ID: f2979f2f-7d2f-4132-aef7-9e25f77ac095] Process stats - CPU: 0.0%, Memory: 60.3MB
2025-09-12 18:36:24,108 - attack_logger - DEBUG - [syn_flood] [Run ID: f2979f2f-7d2f-4132-aef7-9e25f77ac095] Timing factors - Circadian: 0.70, Workday: 0.70, Adjusted rate: 9.8 pps
2025-09-12 18:36:25,187 - attack_logger - INFO - [syn_flood] [Run ID: f2979f2f-7d2f-4132-aef7-9e25f77ac095] Attack progress: 6.3s elapsed, ~72 packets sent, Rate: 11.4 pps, Phase: active (intensity: 0.79)
2025-09-12 18:36:25,187 - attack_logger - DEBUG - [syn_flood] [Run ID: f2979f2f-7d2f-4132-aef7-9e25f77ac095] Process stats - CPU: 0.0%, Memory: 60.3MB
2025-09-12 18:36:25,187 - attack_logger - DEBUG - [syn_flood] [Run ID: f2979f2f-7d2f-4132-aef7-9e25f77ac095] Timing factors - Circadian: 0.70, Workday: 0.70, Adjusted rate: 11.4 pps
2025-09-12 18:36:26,206 - attack_logger - INFO - [syn_flood] [Run ID: f2979f2f-7d2f-4132-aef7-9e25f77ac095] Attack progress: 7.3s elapsed, ~81 packets sent, Rate: 11.0 pps, Phase: active (intensity: 0.79)
2025-09-12 18:36:26,206 - attack_logger - DEBUG - [syn_flood] [Run ID: f2979f2f-7d2f-4132-aef7-9e25f77ac095] Process stats - CPU: 0.0%, Memory: 60.3MB
2025-09-12 18:36:26,206 - attack_logger - DEBUG - [syn_flood] [Run ID: f2979f2f-7d2f-4132-aef7-9e25f77ac095] Timing factors - Circadian: 0.70, Workday: 0.70, Adjusted rate: 11.1 pps
2025-09-12 18:36:26,959 - attack_logger - DEBUG - [syn_flood] [Run ID: f2979f2f-7d2f-4132-aef7-9e25f77ac095] Sent SIGINT to SYN flood process 6381
2025-09-12 18:36:27,462 - attack_logger - INFO - [syn_flood] [Run ID: f2979f2f-7d2f-4132-aef7-9e25f77ac095] Enhanced SYN Flood from h1 to 192.168.30.10 finished.
2025-09-12 18:36:27,462 - attack_logger - INFO - [syn_flood] [Run ID: f2979f2f-7d2f-4132-aef7-9e25f77ac095] Attack completed. Total packets sent = 109, Average rate = 13.45 packets/sec.
2025-09-12 18:36:27,462 - attack_logger - INFO - [syn_flood] [Run ID: f2979f2f-7d2f-4132-aef7-9e25f77ac095] --- Enhanced Attack Summary ---
2025-09-12 18:36:27,462 - attack_logger - INFO - [syn_flood] [Run ID: f2979f2f-7d2f-4132-aef7-9e25f77ac095] Total packets sent: 109
2025-09-12 18:36:27,462 - attack_logger - INFO - [syn_flood] [Run ID: f2979f2f-7d2f-4132-aef7-9e25f77ac095] Actual duration: 8.10s
2025-09-12 18:36:27,462 - attack_logger - INFO - [syn_flood] [Run ID: f2979f2f-7d2f-4132-aef7-9e25f77ac095] Average rate: 13.45 packets/sec
2025-09-12 18:36:27,462 - attack_logger - INFO - [syn_flood] [Run ID: f2979f2f-7d2f-4132-aef7-9e25f77ac095] Base rate: 27.6 pps
2025-09-12 18:36:27,462 - attack_logger - INFO - [syn_flood] [Run ID: f2979f2f-7d2f-4132-aef7-9e25f77ac095] Circadian factor: 0.70
2025-09-12 18:36:27,462 - attack_logger - INFO - [syn_flood] [Run ID: f2979f2f-7d2f-4132-aef7-9e25f77ac095] Workday factor: 0.70
2025-09-12 18:36:27,462 - attack_logger - INFO - [syn_flood] [Run ID: f2979f2f-7d2f-4132-aef7-9e25f77ac095] Session phases: 1
2025-09-12 18:36:27,462 - attack_logger - INFO - [syn_flood] [Run ID: f2979f2f-7d2f-4132-aef7-9e25f77ac095] Target port: 80
2025-09-12 18:36:27,462 - attack_logger - INFO - [syn_flood] [Run ID: f2979f2f-7d2f-4132-aef7-9e25f77ac095] Attack method: Enhanced SYN Flood with Human-like Timing
2025-09-12 18:36:27,462 - attack_logger - INFO - [syn_flood] [Run ID: f2979f2f-7d2f-4132-aef7-9e25f77ac095] Enhancement features: Human timing patterns, protocol compliance, network delay simulation
2025-09-12 18:36:27,462 - attack_logger - INFO - [syn_flood] [Run ID: f2979f2f-7d2f-4132-aef7-9e25f77ac095] TCP options: MSS, WScale, Timestamp, SAckOK
2025-09-12 18:36:27,462 - attack_logger - INFO - [syn_flood] [Run ID: f2979f2f-7d2f-4132-aef7-9e25f77ac095] ----------------------------------------
2025-09-12 18:36:27,536 - attack_logger - INFO - Attack: Enhanced SYN Flood completed.
2025-09-12 18:36:27,536 - attack_logger - INFO - Attack: Enhanced UDP Flood (22s) | h1 -> h6
2025-09-12 18:36:30,051 - attack_logger - INFO - [udp_flood] [Run ID: e1a75d8a-6297-4525-bd42-8861daa975c2] Starting Enhanced UDP Flood from h1 to 192.168.30.10 for 22 seconds.
2025-09-12 18:36:30,051 - attack_logger - INFO - [udp_flood] [Run ID: e1a75d8a-6297-4525-bd42-8861daa975c2] Attack Phase: Enhanced Traditional UDP Flood - Attacker: h1, Target: 192.168.30.10:53, Duration: 22s
2025-09-12 18:36:30,051 - attack_logger - INFO - [udp_flood] [Run ID: e1a75d8a-6297-4525-bd42-8861daa975c2] Enhanced Features: Human-like timing, protocol compliance, network delay simulation
2025-09-12 18:36:30,051 - attack_logger - INFO - [udp_flood] [Run ID: e1a75d8a-6297-4525-bd42-8861daa975c2] Stress phase: 6s, Advanced phase: 16s
2025-09-12 18:36:36,663 - attack_logger - INFO - [udp_flood] [Run ID: e1a75d8a-6297-4525-bd42-8861daa975c2] Stress phase completed
2025-09-12 18:36:36,664 - attack_logger - INFO - [udp_flood] [Run ID: e1a75d8a-6297-4525-bd42-8861daa975c2] Session pattern: 1 phases, Circadian factor: 0.70, Workday factor: 0.70
2025-09-12 18:36:36,664 - attack_logger - DEBUG - [udp_flood] [Run ID: e1a75d8a-6297-4525-bd42-8861daa975c2] Starting enhanced UDP packet generation with human-like timing
2025-09-12 18:36:36,671 - attack_logger - INFO - [udp_flood] [Run ID: e1a75d8a-6297-4525-bd42-8861daa975c2] Enhanced UDP flood process started (PID: 6391)
2025-09-12 18:36:39,695 - attack_logger - INFO - [udp_flood] [Run ID: e1a75d8a-6297-4525-bd42-8861daa975c2] Attack progress: 3.0s elapsed, ~30 packets sent, Rate: 9.9 pps, Phase: active (intensity: 0.76)
2025-09-12 18:36:39,696 - attack_logger - DEBUG - [udp_flood] [Run ID: e1a75d8a-6297-4525-bd42-8861daa975c2] Process stats - CPU: 0.0%, Memory: 60.2MB
2025-09-12 18:36:39,696 - attack_logger - DEBUG - [udp_flood] [Run ID: e1a75d8a-6297-4525-bd42-8861daa975c2] Timing factors - Circadian: 0.70, Workday: 0.70, Adjusted rate: 10.2 pps
2025-09-12 18:36:42,711 - attack_logger - INFO - [udp_flood] [Run ID: e1a75d8a-6297-4525-bd42-8861daa975c2] Attack progress: 6.0s elapsed, ~66 packets sent, Rate: 10.9 pps, Phase: active (intensity: 0.76)
2025-09-12 18:36:42,711 - attack_logger - DEBUG - [udp_flood] [Run ID: e1a75d8a-6297-4525-bd42-8861daa975c2] Process stats - CPU: 0.0%, Memory: 60.2MB
2025-09-12 18:36:42,712 - attack_logger - DEBUG - [udp_flood] [Run ID: e1a75d8a-6297-4525-bd42-8861daa975c2] Timing factors - Circadian: 0.70, Workday: 0.70, Adjusted rate: 11.0 pps
2025-09-12 18:36:45,734 - attack_logger - INFO - [udp_flood] [Run ID: e1a75d8a-6297-4525-bd42-8861daa975c2] Attack progress: 9.1s elapsed, ~69 packets sent, Rate: 7.6 pps, Phase: active (intensity: 0.76)
2025-09-12 18:36:45,734 - attack_logger - DEBUG - [udp_flood] [Run ID: e1a75d8a-6297-4525-bd42-8861daa975c2] Process stats - CPU: 0.0%, Memory: 60.2MB
2025-09-12 18:36:45,734 - attack_logger - DEBUG - [udp_flood] [Run ID: e1a75d8a-6297-4525-bd42-8861daa975c2] Timing factors - Circadian: 0.70, Workday: 0.70, Adjusted rate: 7.7 pps
2025-09-12 18:36:48,757 - attack_logger - INFO - [udp_flood] [Run ID: e1a75d8a-6297-4525-bd42-8861daa975c2] Attack progress: 12.1s elapsed, ~101 packets sent, Rate: 8.4 pps, Phase: active (intensity: 0.76)
2025-09-12 18:36:48,757 - attack_logger - DEBUG - [udp_flood] [Run ID: e1a75d8a-6297-4525-bd42-8861daa975c2] Process stats - CPU: 0.0%, Memory: 60.2MB
2025-09-12 18:36:48,757 - attack_logger - DEBUG - [udp_flood] [Run ID: e1a75d8a-6297-4525-bd42-8861daa975c2] Timing factors - Circadian: 0.70, Workday: 0.70, Adjusted rate: 8.4 pps
2025-09-12 18:36:51,840 - attack_logger - INFO - [udp_flood] [Run ID: e1a75d8a-6297-4525-bd42-8861daa975c2] Attack progress: 15.2s elapsed, ~131 packets sent, Rate: 8.6 pps, Phase: active (intensity: 0.76)
2025-09-12 18:36:51,840 - attack_logger - DEBUG - [udp_flood] [Run ID: e1a75d8a-6297-4525-bd42-8861daa975c2] Process stats - CPU: 0.0%, Memory: 60.2MB
2025-09-12 18:36:51,840 - attack_logger - DEBUG - [udp_flood] [Run ID: e1a75d8a-6297-4525-bd42-8861daa975c2] Timing factors - Circadian: 0.70, Workday: 0.70, Adjusted rate: 8.7 pps
2025-09-12 18:36:52,676 - attack_logger - DEBUG - [udp_flood] [Run ID: e1a75d8a-6297-4525-bd42-8861daa975c2] Sent SIGINT to UDP flood process 6391
2025-09-12 18:36:53,180 - attack_logger - INFO - [udp_flood] [Run ID: e1a75d8a-6297-4525-bd42-8861daa975c2] Enhanced UDP Flood from h1 to 192.168.30.10 finished.
2025-09-12 18:36:53,180 - attack_logger - INFO - [udp_flood] [Run ID: e1a75d8a-6297-4525-bd42-8861daa975c2] Attack completed. Total packets sent = 195, Average rate = 12.18 packets/sec.
2025-09-12 18:36:53,180 - attack_logger - INFO - [udp_flood] [Run ID: e1a75d8a-6297-4525-bd42-8861daa975c2] --- Enhanced Attack Summary ---
2025-09-12 18:36:53,180 - attack_logger - INFO - [udp_flood] [Run ID: e1a75d8a-6297-4525-bd42-8861daa975c2] Total packets sent: 195
2025-09-12 18:36:53,180 - attack_logger - INFO - [udp_flood] [Run ID: e1a75d8a-6297-4525-bd42-8861daa975c2] Actual duration: 16.01s
2025-09-12 18:36:53,180 - attack_logger - INFO - [udp_flood] [Run ID: e1a75d8a-6297-4525-bd42-8861daa975c2] Average rate: 12.18 packets/sec
2025-09-12 18:36:53,180 - attack_logger - INFO - [udp_flood] [Run ID: e1a75d8a-6297-4525-bd42-8861daa975c2] Base rate: 25.0 pps
2025-09-12 18:36:53,180 - attack_logger - INFO - [udp_flood] [Run ID: e1a75d8a-6297-4525-bd42-8861daa975c2] Circadian factor: 0.70
2025-09-12 18:36:53,180 - attack_logger - INFO - [udp_flood] [Run ID: e1a75d8a-6297-4525-bd42-8861daa975c2] Workday factor: 0.70
2025-09-12 18:36:53,180 - attack_logger - INFO - [udp_flood] [Run ID: e1a75d8a-6297-4525-bd42-8861daa975c2] Session phases: 1
2025-09-12 18:36:53,180 - attack_logger - INFO - [udp_flood] [Run ID: e1a75d8a-6297-4525-bd42-8861daa975c2] Target port: 53 (DNS)
2025-09-12 18:36:53,180 - attack_logger - INFO - [udp_flood] [Run ID: e1a75d8a-6297-4525-bd42-8861daa975c2] Attack method: Enhanced UDP Flood with Human-like Timing
2025-09-12 18:36:53,180 - attack_logger - INFO - [udp_flood] [Run ID: e1a75d8a-6297-4525-bd42-8861daa975c2] Enhancement features: Human timing patterns, protocol compliance, network delay simulation
2025-09-12 18:36:53,180 - attack_logger - INFO - [udp_flood] [Run ID: e1a75d8a-6297-4525-bd42-8861daa975c2] DNS payloads: Realistic query patterns with varied domains
2025-09-12 18:36:53,180 - attack_logger - INFO - [udp_flood] [Run ID: e1a75d8a-6297-4525-bd42-8861daa975c2] ----------------------------------------
2025-09-12 18:36:53,206 - attack_logger - INFO - Attack: Enhanced UDP Flood completed.
2025-09-12 18:36:53,206 - attack_logger - INFO - Attack: Enhanced ICMP Flood (11s) | h1 -> h4
2025-09-12 18:36:55,723 - attack_logger - INFO - [icmp_flood] [Run ID: 7f4b32e6-6ce1-40a2-9063-a6341afdfb36] Starting Enhanced ICMP Flood with RFC 1918 IP Rotation from h1 to 192.168.20.12 for 11 seconds.
2025-09-12 18:36:55,723 - attack_logger - INFO - [icmp_flood] [Run ID: 7f4b32e6-6ce1-40a2-9063-a6341afdfb36] Attack Phase: Enhanced Traditional ICMP Flood - Attacker: h1, Target: 192.168.20.12, Duration: 11s
2025-09-12 18:36:55,723 - attack_logger - INFO - [icmp_flood] [Run ID: 7f4b32e6-6ce1-40a2-9063-a6341afdfb36] Enhanced Features: RFC 1918 IP rotation, human-like timing, protocol compliance, network delay simulation
2025-09-12 18:36:55,723 - attack_logger - INFO - [icmp_flood] [Run ID: 7f4b32e6-6ce1-40a2-9063-a6341afdfb36] IP Pool Size: 50 source IPs from RFC 1918 ranges (10.0.0.0/8, 172.16.0.0/12, 192.168.0.0/16)
2025-09-12 18:36:55,723 - attack_logger - INFO - [icmp_flood] [Run ID: 7f4b32e6-6ce1-40a2-9063-a6341afdfb36] Stress phase total: 3s (host: 1s, gateway: 2s), Advanced phase: 8s
2025-09-12 18:36:57,329 - attack_logger - INFO - [icmp_flood] [Run ID: 7f4b32e6-6ce1-40a2-9063-a6341afdfb36] Host stress sub-phase completed
2025-09-12 18:36:59,916 - attack_logger - INFO - [icmp_flood] [Run ID: 7f4b32e6-6ce1-40a2-9063-a6341afdfb36] Gateway stress sub-phase completed
2025-09-12 18:36:59,916 - attack_logger - INFO - [icmp_flood] [Run ID: 7f4b32e6-6ce1-40a2-9063-a6341afdfb36] Session pattern: 1 phases, Circadian factor: 0.70, Workday factor: 0.70
2025-09-12 18:36:59,916 - attack_logger - DEBUG - [icmp_flood] [Run ID: 7f4b32e6-6ce1-40a2-9063-a6341afdfb36] Starting enhanced ICMP packet generation with IP rotation and human-like timing
2025-09-12 18:36:59,923 - attack_logger - INFO - [icmp_flood] [Run ID: 7f4b32e6-6ce1-40a2-9063-a6341afdfb36] Enhanced ICMP flood with IP rotation process started (PID: 6404)
2025-09-12 18:37:00,984 - attack_logger - INFO - [icmp_flood] [Run ID: 7f4b32e6-6ce1-40a2-9063-a6341afdfb36] Attack progress: 1.1s elapsed, ~12 packets sent, Rate: 11.2 pps, IP rotations: ~0, Phase: active (intensity: 0.98)
2025-09-12 18:37:00,985 - attack_logger - DEBUG - [icmp_flood] [Run ID: 7f4b32e6-6ce1-40a2-9063-a6341afdfb36] Process stats - CPU: 0.0%, Memory: 60.5MB
2025-09-12 18:37:00,985 - attack_logger - DEBUG - [icmp_flood] [Run ID: 7f4b32e6-6ce1-40a2-9063-a6341afdfb36] Timing factors - Circadian: 0.70, Workday: 0.70, Adjusted rate: 11.5 pps
2025-09-12 18:37:02,017 - attack_logger - INFO - [icmp_flood] [Run ID: 7f4b32e6-6ce1-40a2-9063-a6341afdfb36] Attack progress: 2.1s elapsed, ~21 packets sent, Rate: 10.0 pps, IP rotations: ~1, Phase: active (intensity: 0.98)
2025-09-12 18:37:02,017 - attack_logger - DEBUG - [icmp_flood] [Run ID: 7f4b32e6-6ce1-40a2-9063-a6341afdfb36] Process stats - CPU: 0.0%, Memory: 60.5MB
2025-09-12 18:37:02,017 - attack_logger - DEBUG - [icmp_flood] [Run ID: 7f4b32e6-6ce1-40a2-9063-a6341afdfb36] Timing factors - Circadian: 0.70, Workday: 0.70, Adjusted rate: 10.4 pps
2025-09-12 18:37:03,103 - attack_logger - INFO - [icmp_flood] [Run ID: 7f4b32e6-6ce1-40a2-9063-a6341afdfb36] Attack progress: 3.2s elapsed, ~32 packets sent, Rate: 10.0 pps, IP rotations: ~2, Phase: active (intensity: 0.98)
2025-09-12 18:37:03,103 - attack_logger - DEBUG - [icmp_flood] [Run ID: 7f4b32e6-6ce1-40a2-9063-a6341afdfb36] Process stats - CPU: 0.0%, Memory: 60.5MB
2025-09-12 18:37:03,103 - attack_logger - DEBUG - [icmp_flood] [Run ID: 7f4b32e6-6ce1-40a2-9063-a6341afdfb36] Timing factors - Circadian: 0.70, Workday: 0.70, Adjusted rate: 10.2 pps
2025-09-12 18:37:04,131 - attack_logger - INFO - [icmp_flood] [Run ID: 7f4b32e6-6ce1-40a2-9063-a6341afdfb36] Attack progress: 4.2s elapsed, ~59 packets sent, Rate: 14.0 pps, IP rotations: ~3, Phase: active (intensity: 0.98)
2025-09-12 18:37:04,131 - attack_logger - DEBUG - [icmp_flood] [Run ID: 7f4b32e6-6ce1-40a2-9063-a6341afdfb36] Process stats - CPU: 0.0%, Memory: 60.5MB
2025-09-12 18:37:04,131 - attack_logger - DEBUG - [icmp_flood] [Run ID: 7f4b32e6-6ce1-40a2-9063-a6341afdfb36] Timing factors - Circadian: 0.70, Workday: 0.70, Adjusted rate: 14.2 pps
2025-09-12 18:37:05,181 - attack_logger - INFO - [icmp_flood] [Run ID: 7f4b32e6-6ce1-40a2-9063-a6341afdfb36] Attack progress: 5.3s elapsed, ~68 packets sent, Rate: 12.9 pps, IP rotations: ~4, Phase: active (intensity: 0.98)
2025-09-12 18:37:05,181 - attack_logger - DEBUG - [icmp_flood] [Run ID: 7f4b32e6-6ce1-40a2-9063-a6341afdfb36] Process stats - CPU: 0.0%, Memory: 60.5MB
2025-09-12 18:37:05,181 - attack_logger - DEBUG - [icmp_flood] [Run ID: 7f4b32e6-6ce1-40a2-9063-a6341afdfb36] Timing factors - Circadian: 0.70, Workday: 0.70, Adjusted rate: 13.0 pps
2025-09-12 18:37:06,270 - attack_logger - INFO - [icmp_flood] [Run ID: 7f4b32e6-6ce1-40a2-9063-a6341afdfb36] Attack progress: 6.4s elapsed, ~80 packets sent, Rate: 12.6 pps, IP rotations: ~5, Phase: active (intensity: 0.98)
2025-09-12 18:37:06,270 - attack_logger - DEBUG - [icmp_flood] [Run ID: 7f4b32e6-6ce1-40a2-9063-a6341afdfb36] Process stats - CPU: 0.0%, Memory: 60.5MB
2025-09-12 18:37:06,270 - attack_logger - DEBUG - [icmp_flood] [Run ID: 7f4b32e6-6ce1-40a2-9063-a6341afdfb36] Timing factors - Circadian: 0.70, Workday: 0.70, Adjusted rate: 12.6 pps
2025-09-12 18:37:07,332 - attack_logger - INFO - [icmp_flood] [Run ID: 7f4b32e6-6ce1-40a2-9063-a6341afdfb36] Attack progress: 7.4s elapsed, ~89 packets sent, Rate: 12.0 pps, IP rotations: ~5, Phase: active (intensity: 0.98)
2025-09-12 18:37:07,332 - attack_logger - DEBUG - [icmp_flood] [Run ID: 7f4b32e6-6ce1-40a2-9063-a6341afdfb36] Process stats - CPU: 0.0%, Memory: 60.5MB
2025-09-12 18:37:07,332 - attack_logger - DEBUG - [icmp_flood] [Run ID: 7f4b32e6-6ce1-40a2-9063-a6341afdfb36] Timing factors - Circadian: 0.70, Workday: 0.70, Adjusted rate: 12.0 pps
2025-09-12 18:37:07,916 - attack_logger - DEBUG - [icmp_flood] [Run ID: 7f4b32e6-6ce1-40a2-9063-a6341afdfb36] Sent SIGINT to ICMP flood process 6404
2025-09-12 18:37:08,417 - attack_logger - INFO - [icmp_flood] [Run ID: 7f4b32e6-6ce1-40a2-9063-a6341afdfb36] Enhanced ICMP Flood with RFC 1918 IP Rotation from h1 to 192.168.20.12 finished.
2025-09-12 18:37:08,417 - attack_logger - INFO - [icmp_flood] [Run ID: 7f4b32e6-6ce1-40a2-9063-a6341afdfb36] Attack completed. Total packets sent = 93, Average rate = 11.62 packets/sec.
2025-09-12 18:37:08,417 - attack_logger - INFO - [icmp_flood] [Run ID: 7f4b32e6-6ce1-40a2-9063-a6341afdfb36] --- Enhanced Attack Summary ---
2025-09-12 18:37:08,417 - attack_logger - INFO - [icmp_flood] [Run ID: 7f4b32e6-6ce1-40a2-9063-a6341afdfb36] Total packets sent: 93
2025-09-12 18:37:08,417 - attack_logger - INFO - [icmp_flood] [Run ID: 7f4b32e6-6ce1-40a2-9063-a6341afdfb36] Total IP rotations: ~6
2025-09-12 18:37:08,417 - attack_logger - INFO - [icmp_flood] [Run ID: 7f4b32e6-6ce1-40a2-9063-a6341afdfb36] RFC 1918 IP pool size: 50
2025-09-12 18:37:08,417 - attack_logger - INFO - [icmp_flood] [Run ID: 7f4b32e6-6ce1-40a2-9063-a6341afdfb36] IP ranges used: 10.0.0.0/8, 172.16.0.0/12, 192.168.0.0/16
2025-09-12 18:37:08,417 - attack_logger - INFO - [icmp_flood] [Run ID: 7f4b32e6-6ce1-40a2-9063-a6341afdfb36] Actual duration: 8.00s
2025-09-12 18:37:08,417 - attack_logger - INFO - [icmp_flood] [Run ID: 7f4b32e6-6ce1-40a2-9063-a6341afdfb36] Average rate: 11.62 packets/sec
2025-09-12 18:37:08,417 - attack_logger - INFO - [icmp_flood] [Run ID: 7f4b32e6-6ce1-40a2-9063-a6341afdfb36] Base rate: 23.8 pps
2025-09-12 18:37:08,417 - attack_logger - INFO - [icmp_flood] [Run ID: 7f4b32e6-6ce1-40a2-9063-a6341afdfb36] Circadian factor: 0.70
2025-09-12 18:37:08,417 - attack_logger - INFO - [icmp_flood] [Run ID: 7f4b32e6-6ce1-40a2-9063-a6341afdfb36] Workday factor: 0.70
2025-09-12 18:37:08,418 - attack_logger - INFO - [icmp_flood] [Run ID: 7f4b32e6-6ce1-40a2-9063-a6341afdfb36] Session phases: 1
2025-09-12 18:37:08,418 - attack_logger - INFO - [icmp_flood] [Run ID: 7f4b32e6-6ce1-40a2-9063-a6341afdfb36] ICMP type: Echo Request (8) with ID/Seq variations
2025-09-12 18:37:08,418 - attack_logger - INFO - [icmp_flood] [Run ID: 7f4b32e6-6ce1-40a2-9063-a6341afdfb36] Attack method: Enhanced ICMP Flood with RFC 1918 IP Rotation
2025-09-12 18:37:08,418 - attack_logger - INFO - [icmp_flood] [Run ID: 7f4b32e6-6ce1-40a2-9063-a6341afdfb36] Enhancement features: RFC 1918 IP rotation, human timing patterns, protocol compliance, network delay simulation
2025-09-12 18:37:08,418 - attack_logger - INFO - [icmp_flood] [Run ID: 7f4b32e6-6ce1-40a2-9063-a6341afdfb36] ----------------------------------------
2025-09-12 18:37:08,491 - attack_logger - INFO - Attack: Enhanced ICMP Flood completed.
2025-09-12 18:37:09,003 - attack_logger - INFO - Attack: ENHANCED Adversarial TCP State Exhaustion (8s) | h1 -> h6
2025-09-12 18:37:20,237 - attack_logger - INFO - Attack: ENHANCED Adversarial Application Layer (3s) | h1 -> h6
2025-09-12 18:37:26,487 - attack_logger - INFO - Attack: ENHANCED Adversarial Slow Read (9s) | h1 -> h6
2025-09-12 18:37:38,759 - attack_logger - INFO - Attack: ENHANCED Adversarial Slow Read completed.
