2025-09-12 18:32:50 - [BENIGN] - INFO - Starting benign traffic for 200 seconds...
2025-09-12 18:32:50 - [BENIGN] - INFO - Protocol separation: h2↔h5 (ICMP), h3↔h5 (TCP/UDP)
2025-09-12 18:32:50 - [BENIGN] - DEBUG - Generated ICMP traffic h2↔h5 0 [len=84B]
2025-09-12 18:32:51 - [BENIGN] - DEBUG - Generated TCP SYN from h3:35759 -> h5:12345 [len=54B]
2025-09-12 18:32:52 - [BENIGN] - DEBUG - Generated TCP SYN-ACK from h5:12345 <- h3:35759 [len=54B]
2025-09-12 18:32:52 - [BENIGN] - DEBUG - Generated TCP ACK from h3:35759 -> h5:12345 [len=54B]
2025-09-12 18:32:53 - [BENIGN] - DEBUG - Generated TCP data traffic from h3:35759 -> h5:12345 [content='TCP data'] [Session 1] [len=104B]
2025-09-12 18:32:54 - [BENIGN] - DEBUG - Generated TCP ACK reply from h5:12345 <- h3:35759 [len=54B]
2025-09-12 18:32:54 - [BENIGN] - DEBUG - Generated UDP traffic from h3:63316 -> h5:12346 [content='3c9c726a85d88bf5400e44f407590872fcfbe847...'] [Session 2] [len=276B]
2025-09-12 18:32:55 - [BENIGN] - DEBUG - Generated Telnet SYN from h3:19246 -> h5:23 [len=54B]
2025-09-12 18:32:56 - [BENIGN] - DEBUG - Generated Telnet SYN-ACK from h5:23 <- h3:19246 [len=54B]
2025-09-12 18:32:56 - [BENIGN] - DEBUG - Generated Telnet ACK from h3:19246 -> h5:23 [len=54B]
2025-09-12 18:32:57 - [BENIGN] - DEBUG - Generated Telnet data traffic from h3:19246 -> h5:23 [content='Telnet command'] [Session 3] [len=360B]
2025-09-12 18:32:58 - [BENIGN] - DEBUG - Generated Telnet ACK reply from h5:23 <- h3:19246 [len=54B]
2025-09-12 18:32:58 - [BENIGN] - DEBUG - Generated SSH SYN from h3:52604 -> h5:22 [len=54B]
2025-09-12 18:32:59 - [BENIGN] - DEBUG - Generated SSH SYN-ACK from h5:22 <- h3:52604 [len=54B]
2025-09-12 18:32:59 - [BENIGN] - DEBUG - Generated SSH ACK from h3:52604 -> h5:22 [len=54B]
2025-09-12 18:33:00 - [BENIGN] - DEBUG - Generated SSH data traffic from h3:52604 -> h5:22 [content='SSH encrypted data'] [Session 4] [len=643B]
2025-09-12 18:33:01 - [BENIGN] - DEBUG - Generated SSH ACK reply from h5:22 <- h3:52604 [len=54B]
2025-09-12 18:33:01 - [BENIGN] - DEBUG - Generated FTP SYN from h3:30875 -> h5:21 [len=54B]
2025-09-12 18:33:02 - [BENIGN] - DEBUG - Generated FTP SYN-ACK from h5:21 <- h3:30875 [len=54B]
2025-09-12 18:33:03 - [BENIGN] - DEBUG - Generated FTP ACK from h3:30875 -> h5:21 [len=54B]
2025-09-12 18:33:03 - [BENIGN] - DEBUG - Generated FTP data traffic from h3:30875 -> h5:21 [content='FTP file transfer'] [Session 5] [len=768B]
2025-09-12 18:33:04 - [BENIGN] - DEBUG - Generated FTP ACK reply from h5:21 <- h3:30875 [len=54B]
2025-09-12 18:33:04 - [BENIGN] - DEBUG - Generated HTTP SYN from h3:46918 -> h5:80 [len=54B]
2025-09-12 18:33:05 - [BENIGN] - DEBUG - Generated HTTP SYN-ACK from h5:80 <- h3:46918 [len=54B]
2025-09-12 18:33:06 - [BENIGN] - DEBUG - Generated HTTP ACK from h3:46918 -> h5:80 [len=54B]
2025-09-12 18:33:06 - [BENIGN] - DEBUG - Generated HTTP data traffic from h3:46918 -> h5:80 [content='GET /index.html HTTP/1.1'] [Session 6] [len=313B]
2025-09-12 18:33:07 - [BENIGN] - DEBUG - Generated HTTP ACK reply from h5:80 <- h3:46918 [len=54B]
2025-09-12 18:33:08 - [BENIGN] - DEBUG - Generated HTTPS SYN from h3:34799 -> h5:443 [len=54B]
2025-09-12 18:33:08 - [BENIGN] - DEBUG - Generated HTTPS SYN-ACK from h5:443 <- h3:34799 [len=54B]
2025-09-12 18:33:09 - [BENIGN] - DEBUG - Generated HTTPS ACK from h3:34799 -> h5:443 [len=54B]
2025-09-12 18:33:09 - [BENIGN] - DEBUG - Generated HTTPS data traffic from h3:34799 -> h5:443 [content='Encrypted Application Data'] [Session 7] [len=429B]
2025-09-12 18:33:10 - [BENIGN] - DEBUG - Generated HTTPS ACK reply from h5:443 <- h3:34799 [len=54B]
2025-09-12 18:33:11 - [BENIGN] - DEBUG - Generated DNS query from h3:16178 -> h5:53 [qname='example.com'] [Session 8] [len=71B]
2025-09-12 18:33:11 - [BENIGN] - DEBUG - Generated ICMP traffic h2↔h5 1 [len=84B]
2025-09-12 18:33:11 - [BENIGN] - DEBUG - Generated TCP SYN from h3:42570 -> h5:12345 [len=54B]
2025-09-12 18:33:12 - [BENIGN] - DEBUG - Generated TCP SYN-ACK from h5:12345 <- h3:42570 [len=54B]
2025-09-12 18:33:13 - [BENIGN] - DEBUG - Generated TCP ACK from h3:42570 -> h5:12345 [len=54B]
2025-09-12 18:33:13 - [BENIGN] - DEBUG - Generated TCP data traffic from h3:42570 -> h5:12345 [content='TCP data'] [Session 9] [len=741B]
2025-09-12 18:33:14 - [BENIGN] - DEBUG - Generated TCP ACK reply from h5:12345 <- h3:42570 [len=54B]
2025-09-12 18:33:15 - [BENIGN] - DEBUG - Generated UDP traffic from h3:58694 -> h5:12346 [content='f6ab3dc1eee5aecbdbea7194a74f7af38378023c...'] [Session 10] [len=1229B]
2025-09-12 18:33:15 - [BENIGN] - DEBUG - Generated Telnet SYN from h3:55889 -> h5:23 [len=54B]
2025-09-12 18:33:16 - [BENIGN] - DEBUG - Generated Telnet SYN-ACK from h5:23 <- h3:55889 [len=54B]
2025-09-12 18:33:16 - [BENIGN] - DEBUG - Generated Telnet ACK from h3:55889 -> h5:23 [len=54B]
2025-09-12 18:33:17 - [BENIGN] - DEBUG - Generated Telnet data traffic from h3:55889 -> h5:23 [content='Telnet command'] [Session 11] [len=112B]
2025-09-12 18:33:18 - [BENIGN] - DEBUG - Generated Telnet ACK reply from h5:23 <- h3:55889 [len=54B]
2025-09-12 18:33:18 - [BENIGN] - DEBUG - Generated SSH SYN from h3:27331 -> h5:22 [len=54B]
2025-09-12 18:33:19 - [BENIGN] - DEBUG - Generated SSH SYN-ACK from h5:22 <- h3:27331 [len=54B]
2025-09-12 18:33:20 - [BENIGN] - DEBUG - Generated SSH ACK from h3:27331 -> h5:22 [len=54B]
2025-09-12 18:33:20 - [BENIGN] - DEBUG - Generated SSH data traffic from h3:27331 -> h5:22 [content='SSH encrypted data'] [Session 12] [len=1226B]
2025-09-12 18:33:21 - [BENIGN] - DEBUG - Generated SSH ACK reply from h5:22 <- h3:27331 [len=54B]
2025-09-12 18:33:21 - [BENIGN] - DEBUG - Generated FTP SYN from h3:22222 -> h5:21 [len=54B]
2025-09-12 18:33:22 - [BENIGN] - DEBUG - Generated FTP SYN-ACK from h5:21 <- h3:22222 [len=54B]
2025-09-12 18:33:23 - [BENIGN] - DEBUG - Generated FTP ACK from h3:22222 -> h5:21 [len=54B]
2025-09-12 18:33:23 - [BENIGN] - DEBUG - Generated FTP data traffic from h3:22222 -> h5:21 [content='FTP file transfer'] [Session 13] [len=410B]
2025-09-12 18:33:24 - [BENIGN] - DEBUG - Generated FTP ACK reply from h5:21 <- h3:22222 [len=54B]
2025-09-12 18:33:25 - [BENIGN] - DEBUG - Generated HTTP SYN from h3:17222 -> h5:80 [len=54B]
2025-09-12 18:33:25 - [BENIGN] - DEBUG - Generated HTTP SYN-ACK from h5:80 <- h3:17222 [len=54B]
2025-09-12 18:33:26 - [BENIGN] - DEBUG - Generated HTTP ACK from h3:17222 -> h5:80 [len=54B]
2025-09-12 18:33:26 - [BENIGN] - DEBUG - Generated HTTP data traffic from h3:17222 -> h5:80 [content='GET /index.html HTTP/1.1'] [Session 14] [len=614B]
2025-09-12 18:33:27 - [BENIGN] - DEBUG - Generated HTTP ACK reply from h5:80 <- h3:17222 [len=54B]
2025-09-12 18:33:28 - [BENIGN] - DEBUG - Generated HTTPS SYN from h3:62145 -> h5:443 [len=54B]
2025-09-12 18:33:28 - [BENIGN] - DEBUG - Generated HTTPS SYN-ACK from h5:443 <- h3:62145 [len=54B]
2025-09-12 18:33:29 - [BENIGN] - DEBUG - Generated HTTPS ACK from h3:62145 -> h5:443 [len=54B]
2025-09-12 18:33:30 - [BENIGN] - DEBUG - Generated HTTPS data traffic from h3:62145 -> h5:443 [content='Encrypted Application Data'] [Session 15] [len=640B]
2025-09-12 18:33:30 - [BENIGN] - DEBUG - Generated HTTPS ACK reply from h5:443 <- h3:62145 [len=54B]
2025-09-12 18:33:31 - [BENIGN] - DEBUG - Generated DNS query from h3:15084 -> h5:53 [qname='example.com'] [Session 16] [len=71B]
2025-09-12 18:33:31 - [BENIGN] - DEBUG - Generated ICMP traffic h2↔h5 2 [len=84B]
2025-09-12 18:33:32 - [BENIGN] - DEBUG - Generated TCP SYN from h3:55516 -> h5:12345 [len=54B]
2025-09-12 18:33:32 - [BENIGN] - DEBUG - Generated TCP SYN-ACK from h5:12345 <- h3:55516 [len=54B]
2025-09-12 18:33:33 - [BENIGN] - DEBUG - Generated TCP ACK from h3:55516 -> h5:12345 [len=54B]
2025-09-12 18:33:33 - [BENIGN] - DEBUG - Generated TCP data traffic from h3:55516 -> h5:12345 [content='TCP data'] [Session 17] [len=458B]
2025-09-12 18:33:34 - [BENIGN] - DEBUG - Generated TCP ACK reply from h5:12345 <- h3:55516 [len=54B]
2025-09-12 18:33:35 - [BENIGN] - DEBUG - Generated UDP traffic from h3:63299 -> h5:12346 [content='d069aa10536457db2fa7c4dc1ff1ab49c74737e8...'] [Session 18] [len=903B]
2025-09-12 18:33:35 - [BENIGN] - DEBUG - Generated Telnet SYN from h3:19483 -> h5:23 [len=54B]
2025-09-12 18:33:36 - [BENIGN] - DEBUG - Generated Telnet SYN-ACK from h5:23 <- h3:19483 [len=54B]
2025-09-12 18:33:37 - [BENIGN] - DEBUG - Generated Telnet ACK from h3:19483 -> h5:23 [len=54B]
2025-09-12 18:33:37 - [BENIGN] - DEBUG - Generated Telnet data traffic from h3:19483 -> h5:23 [content='Telnet command'] [Session 19] [len=419B]
2025-09-12 18:33:38 - [BENIGN] - DEBUG - Generated Telnet ACK reply from h5:23 <- h3:19483 [len=54B]
2025-09-12 18:33:39 - [BENIGN] - DEBUG - Generated SSH SYN from h3:11032 -> h5:22 [len=54B]
2025-09-12 18:33:39 - [BENIGN] - DEBUG - Generated SSH SYN-ACK from h5:22 <- h3:11032 [len=54B]
2025-09-12 18:33:40 - [BENIGN] - DEBUG - Generated SSH ACK from h3:11032 -> h5:22 [len=54B]
2025-09-12 18:33:40 - [BENIGN] - DEBUG - Generated SSH data traffic from h3:11032 -> h5:22 [content='SSH encrypted data'] [Session 20] [len=822B]
2025-09-12 18:33:41 - [BENIGN] - DEBUG - Generated SSH ACK reply from h5:22 <- h3:11032 [len=54B]
2025-09-12 18:33:42 - [BENIGN] - DEBUG - Generated FTP SYN from h3:38425 -> h5:21 [len=54B]
2025-09-12 18:33:42 - [BENIGN] - DEBUG - Generated FTP SYN-ACK from h5:21 <- h3:38425 [len=54B]
2025-09-12 18:33:43 - [BENIGN] - DEBUG - Generated FTP ACK from h3:38425 -> h5:21 [len=54B]
2025-09-12 18:33:44 - [BENIGN] - DEBUG - Generated FTP data traffic from h3:38425 -> h5:21 [content='FTP file transfer'] [Session 21] [len=283B]
2025-09-12 18:33:44 - [BENIGN] - DEBUG - Generated FTP ACK reply from h5:21 <- h3:38425 [len=54B]
2025-09-12 18:33:45 - [BENIGN] - DEBUG - Generated HTTP SYN from h3:3430 -> h5:80 [len=54B]
2025-09-12 18:33:45 - [BENIGN] - DEBUG - Generated HTTP SYN-ACK from h5:80 <- h3:3430 [len=54B]
2025-09-12 18:33:46 - [BENIGN] - DEBUG - Generated HTTP ACK from h3:3430 -> h5:80 [len=54B]
2025-09-12 18:33:47 - [BENIGN] - DEBUG - Generated HTTP data traffic from h3:3430 -> h5:80 [content='GET /index.html HTTP/1.1'] [Session 22] [len=435B]
2025-09-12 18:33:47 - [BENIGN] - DEBUG - Generated HTTP ACK reply from h5:80 <- h3:3430 [len=54B]
2025-09-12 18:33:48 - [BENIGN] - DEBUG - Generated HTTPS SYN from h3:61960 -> h5:443 [len=54B]
2025-09-12 18:33:49 - [BENIGN] - DEBUG - Generated HTTPS SYN-ACK from h5:443 <- h3:61960 [len=54B]
2025-09-12 18:33:49 - [BENIGN] - DEBUG - Generated HTTPS ACK from h3:61960 -> h5:443 [len=54B]
2025-09-12 18:33:50 - [BENIGN] - DEBUG - Generated HTTPS data traffic from h3:61960 -> h5:443 [content='Encrypted Application Data'] [Session 23] [len=466B]
2025-09-12 18:33:50 - [BENIGN] - DEBUG - Generated HTTPS ACK reply from h5:443 <- h3:61960 [len=54B]
2025-09-12 18:33:51 - [BENIGN] - DEBUG - Generated DNS query from h3:10275 -> h5:53 [qname='example.com'] [Session 24] [len=71B]
2025-09-12 18:33:51 - [BENIGN] - DEBUG - Generated ICMP traffic h2↔h5 3 [len=84B]
2025-09-12 18:33:52 - [BENIGN] - DEBUG - Generated TCP SYN from h3:7840 -> h5:12345 [len=54B]
2025-09-12 18:33:52 - [BENIGN] - DEBUG - Generated TCP SYN-ACK from h5:12345 <- h3:7840 [len=54B]
2025-09-12 18:33:53 - [BENIGN] - DEBUG - Generated TCP ACK from h3:7840 -> h5:12345 [len=54B]
2025-09-12 18:33:54 - [BENIGN] - DEBUG - Generated TCP data traffic from h3:7840 -> h5:12345 [content='TCP data'] [Session 25] [len=1340B]
2025-09-12 18:33:54 - [BENIGN] - DEBUG - Generated TCP ACK reply from h5:12345 <- h3:7840 [len=54B]
2025-09-12 18:33:55 - [BENIGN] - DEBUG - Generated UDP traffic from h3:16073 -> h5:12346 [content='265565ee9192bc303da5fd52c3cc5aba8b8725f3...'] [Session 26] [len=603B]
2025-09-12 18:33:56 - [BENIGN] - DEBUG - Generated Telnet SYN from h3:29404 -> h5:23 [len=54B]
2025-09-12 18:33:56 - [BENIGN] - DEBUG - Generated Telnet SYN-ACK from h5:23 <- h3:29404 [len=54B]
2025-09-12 18:33:57 - [BENIGN] - DEBUG - Generated Telnet ACK from h3:29404 -> h5:23 [len=54B]
2025-09-12 18:33:57 - [BENIGN] - DEBUG - Generated Telnet data traffic from h3:29404 -> h5:23 [content='Telnet command'] [Session 27] [len=1440B]
2025-09-12 18:33:58 - [BENIGN] - DEBUG - Generated Telnet ACK reply from h5:23 <- h3:29404 [len=54B]
2025-09-12 18:33:59 - [BENIGN] - DEBUG - Generated SSH SYN from h3:48259 -> h5:22 [len=54B]
2025-09-12 18:33:59 - [BENIGN] - DEBUG - Generated SSH SYN-ACK from h5:22 <- h3:48259 [len=54B]
2025-09-12 18:34:00 - [BENIGN] - DEBUG - Generated SSH ACK from h3:48259 -> h5:22 [len=54B]
2025-09-12 18:34:01 - [BENIGN] - DEBUG - Generated SSH data traffic from h3:48259 -> h5:22 [content='SSH encrypted data'] [Session 28] [len=212B]
2025-09-12 18:34:01 - [BENIGN] - DEBUG - Generated SSH ACK reply from h5:22 <- h3:48259 [len=54B]
2025-09-12 18:34:02 - [BENIGN] - DEBUG - Generated FTP SYN from h3:14802 -> h5:21 [len=54B]
2025-09-12 18:34:03 - [BENIGN] - DEBUG - Generated FTP SYN-ACK from h5:21 <- h3:14802 [len=54B]
2025-09-12 18:34:03 - [BENIGN] - DEBUG - Generated FTP ACK from h3:14802 -> h5:21 [len=54B]
2025-09-12 18:34:04 - [BENIGN] - DEBUG - Generated FTP data traffic from h3:14802 -> h5:21 [content='FTP file transfer'] [Session 29] [len=568B]
2025-09-12 18:34:04 - [BENIGN] - DEBUG - Generated FTP ACK reply from h5:21 <- h3:14802 [len=54B]
2025-09-12 18:34:05 - [BENIGN] - DEBUG - Generated HTTP SYN from h3:50807 -> h5:80 [len=54B]
2025-09-12 18:34:06 - [BENIGN] - DEBUG - Generated HTTP SYN-ACK from h5:80 <- h3:50807 [len=54B]
2025-09-12 18:34:06 - [BENIGN] - DEBUG - Generated HTTP ACK from h3:50807 -> h5:80 [len=54B]
2025-09-12 18:34:07 - [BENIGN] - DEBUG - Generated HTTP data traffic from h3:50807 -> h5:80 [content='GET /index.html HTTP/1.1'] [Session 30] [len=368B]
2025-09-12 18:34:08 - [BENIGN] - DEBUG - Generated HTTP ACK reply from h5:80 <- h3:50807 [len=54B]
2025-09-12 18:34:08 - [BENIGN] - DEBUG - Generated HTTPS SYN from h3:59459 -> h5:443 [len=54B]
2025-09-12 18:34:09 - [BENIGN] - DEBUG - Generated HTTPS SYN-ACK from h5:443 <- h3:59459 [len=54B]
2025-09-12 18:34:10 - [BENIGN] - DEBUG - Generated HTTPS ACK from h3:59459 -> h5:443 [len=54B]
2025-09-12 18:34:10 - [BENIGN] - DEBUG - Generated HTTPS data traffic from h3:59459 -> h5:443 [content='Encrypted Application Data'] [Session 31] [len=290B]
2025-09-12 18:34:11 - [BENIGN] - DEBUG - Generated HTTPS ACK reply from h5:443 <- h3:59459 [len=54B]
2025-09-12 18:34:11 - [BENIGN] - DEBUG - Generated DNS query from h3:6611 -> h5:53 [qname='example.com'] [Session 32] [len=71B]
2025-09-12 18:34:12 - [BENIGN] - DEBUG - Generated ICMP traffic h2↔h5 4 [len=84B]
2025-09-12 18:34:12 - [BENIGN] - DEBUG - Generated TCP SYN from h3:16843 -> h5:12345 [len=54B]
2025-09-12 18:34:13 - [BENIGN] - DEBUG - Generated TCP SYN-ACK from h5:12345 <- h3:16843 [len=54B]
2025-09-12 18:34:13 - [BENIGN] - DEBUG - Generated TCP ACK from h3:16843 -> h5:12345 [len=54B]
2025-09-12 18:34:14 - [BENIGN] - DEBUG - Generated TCP data traffic from h3:16843 -> h5:12345 [content='TCP data'] [Session 33] [len=135B]
2025-09-12 18:34:15 - [BENIGN] - DEBUG - Generated TCP ACK reply from h5:12345 <- h3:16843 [len=54B]
2025-09-12 18:34:15 - [BENIGN] - DEBUG - Generated UDP traffic from h3:46069 -> h5:12346 [content='480bbcad6257c3676e41f69afa110d6da3b11672...'] [Session 34] [len=1203B]
2025-09-12 18:34:16 - [BENIGN] - DEBUG - Generated Telnet SYN from h3:31207 -> h5:23 [len=54B]
2025-09-12 18:34:17 - [BENIGN] - DEBUG - Generated Telnet SYN-ACK from h5:23 <- h3:31207 [len=54B]
2025-09-12 18:34:17 - [BENIGN] - DEBUG - Generated Telnet ACK from h3:31207 -> h5:23 [len=54B]
2025-09-12 18:34:18 - [BENIGN] - DEBUG - Generated Telnet data traffic from h3:31207 -> h5:23 [content='Telnet command'] [Session 35] [len=200B]
2025-09-12 18:34:18 - [BENIGN] - DEBUG - Generated Telnet ACK reply from h5:23 <- h3:31207 [len=54B]
2025-09-12 18:34:19 - [BENIGN] - DEBUG - Generated SSH SYN from h3:36725 -> h5:22 [len=54B]
2025-09-12 18:34:20 - [BENIGN] - DEBUG - Generated SSH SYN-ACK from h5:22 <- h3:36725 [len=54B]
2025-09-12 18:34:20 - [BENIGN] - DEBUG - Generated SSH ACK from h3:36725 -> h5:22 [len=54B]
2025-09-12 18:34:21 - [BENIGN] - DEBUG - Generated SSH data traffic from h3:36725 -> h5:22 [content='SSH encrypted data'] [Session 36] [len=200B]
2025-09-12 18:34:22 - [BENIGN] - DEBUG - Generated SSH ACK reply from h5:22 <- h3:36725 [len=54B]
2025-09-12 18:34:22 - [BENIGN] - DEBUG - Generated FTP SYN from h3:60884 -> h5:21 [len=54B]
2025-09-12 18:34:23 - [BENIGN] - DEBUG - Generated FTP SYN-ACK from h5:21 <- h3:60884 [len=54B]
2025-09-12 18:34:23 - [BENIGN] - DEBUG - Generated FTP ACK from h3:60884 -> h5:21 [len=54B]
2025-09-12 18:34:24 - [BENIGN] - DEBUG - Generated FTP data traffic from h3:60884 -> h5:21 [content='FTP file transfer'] [Session 37] [len=1188B]
2025-09-12 18:34:25 - [BENIGN] - DEBUG - Generated FTP ACK reply from h5:21 <- h3:60884 [len=54B]
2025-09-12 18:34:25 - [BENIGN] - DEBUG - Generated HTTP SYN from h3:40530 -> h5:80 [len=54B]
2025-09-12 18:34:26 - [BENIGN] - DEBUG - Generated HTTP SYN-ACK from h5:80 <- h3:40530 [len=54B]
2025-09-12 18:34:27 - [BENIGN] - DEBUG - Generated HTTP ACK from h3:40530 -> h5:80 [len=54B]
2025-09-12 18:34:27 - [BENIGN] - DEBUG - Generated HTTP data traffic from h3:40530 -> h5:80 [content='GET /index.html HTTP/1.1'] [Session 38] [len=491B]
2025-09-12 18:34:28 - [BENIGN] - DEBUG - Generated HTTP ACK reply from h5:80 <- h3:40530 [len=54B]
2025-09-12 18:34:28 - [BENIGN] - DEBUG - Generated HTTPS SYN from h3:65426 -> h5:443 [len=54B]
2025-09-12 18:34:29 - [BENIGN] - DEBUG - Generated HTTPS SYN-ACK from h5:443 <- h3:65426 [len=54B]
2025-09-12 18:34:30 - [BENIGN] - DEBUG - Generated HTTPS ACK from h3:65426 -> h5:443 [len=54B]
2025-09-12 18:34:30 - [BENIGN] - DEBUG - Generated HTTPS data traffic from h3:65426 -> h5:443 [content='Encrypted Application Data'] [Session 39] [len=252B]
2025-09-12 18:34:31 - [BENIGN] - DEBUG - Generated HTTPS ACK reply from h5:443 <- h3:65426 [len=54B]
2025-09-12 18:34:32 - [BENIGN] - DEBUG - Generated DNS query from h3:25854 -> h5:53 [qname='example.com'] [Session 40] [len=71B]
2025-09-12 18:34:32 - [BENIGN] - DEBUG - Generated ICMP traffic h2↔h5 5 [len=84B]
2025-09-12 18:34:32 - [BENIGN] - DEBUG - Generated TCP SYN from h3:3939 -> h5:12345 [len=54B]
2025-09-12 18:34:33 - [BENIGN] - DEBUG - Generated TCP SYN-ACK from h5:12345 <- h3:3939 [len=54B]
2025-09-12 18:34:33 - [BENIGN] - DEBUG - Generated TCP ACK from h3:3939 -> h5:12345 [len=54B]
2025-09-12 18:34:34 - [BENIGN] - DEBUG - Generated TCP data traffic from h3:3939 -> h5:12345 [content='TCP data'] [Session 41] [len=929B]
2025-09-12 18:34:35 - [BENIGN] - DEBUG - Generated TCP ACK reply from h5:12345 <- h3:3939 [len=54B]
2025-09-12 18:34:35 - [BENIGN] - DEBUG - Generated UDP traffic from h3:63228 -> h5:12346 [content='45fdc05ef50b5ccd98605f1b9508cfbd3b0ee789...'] [Session 42] [len=1192B]
2025-09-12 18:34:36 - [BENIGN] - DEBUG - Generated Telnet SYN from h3:62459 -> h5:23 [len=54B]
2025-09-12 18:34:37 - [BENIGN] - DEBUG - Generated Telnet SYN-ACK from h5:23 <- h3:62459 [len=54B]
2025-09-12 18:34:37 - [BENIGN] - DEBUG - Generated Telnet ACK from h3:62459 -> h5:23 [len=54B]
2025-09-12 18:34:38 - [BENIGN] - DEBUG - Generated Telnet data traffic from h3:62459 -> h5:23 [content='Telnet command'] [Session 43] [len=1481B]
2025-09-12 18:34:38 - [BENIGN] - DEBUG - Generated Telnet ACK reply from h5:23 <- h3:62459 [len=54B]
2025-09-12 18:34:39 - [BENIGN] - DEBUG - Generated SSH SYN from h3:6566 -> h5:22 [len=54B]
2025-09-12 18:34:40 - [BENIGN] - DEBUG - Generated SSH SYN-ACK from h5:22 <- h3:6566 [len=54B]
2025-09-12 18:34:40 - [BENIGN] - DEBUG - Generated SSH ACK from h3:6566 -> h5:22 [len=54B]
2025-09-12 18:34:41 - [BENIGN] - DEBUG - Generated SSH data traffic from h3:6566 -> h5:22 [content='SSH encrypted data'] [Session 44] [len=924B]
2025-09-12 18:34:42 - [BENIGN] - DEBUG - Generated SSH ACK reply from h5:22 <- h3:6566 [len=54B]
2025-09-12 18:34:42 - [BENIGN] - DEBUG - Generated FTP SYN from h3:37197 -> h5:21 [len=54B]
2025-09-12 18:34:43 - [BENIGN] - DEBUG - Generated FTP SYN-ACK from h5:21 <- h3:37197 [len=54B]
2025-09-12 18:34:43 - [BENIGN] - DEBUG - Generated FTP ACK from h3:37197 -> h5:21 [len=54B]
2025-09-12 18:34:44 - [BENIGN] - DEBUG - Generated FTP data traffic from h3:37197 -> h5:21 [content='FTP file transfer'] [Session 45] [len=491B]
2025-09-12 18:34:45 - [BENIGN] - DEBUG - Generated FTP ACK reply from h5:21 <- h3:37197 [len=54B]
2025-09-12 18:34:45 - [BENIGN] - DEBUG - Generated HTTP SYN from h3:19031 -> h5:80 [len=54B]
2025-09-12 18:34:46 - [BENIGN] - DEBUG - Generated HTTP SYN-ACK from h5:80 <- h3:19031 [len=54B]
2025-09-12 18:34:47 - [BENIGN] - DEBUG - Generated HTTP ACK from h3:19031 -> h5:80 [len=54B]
2025-09-12 18:34:47 - [BENIGN] - DEBUG - Generated HTTP data traffic from h3:19031 -> h5:80 [content='GET /index.html HTTP/1.1'] [Session 46] [len=274B]
2025-09-12 18:34:48 - [BENIGN] - DEBUG - Generated HTTP ACK reply from h5:80 <- h3:19031 [len=54B]
2025-09-12 18:34:48 - [BENIGN] - DEBUG - Generated HTTPS SYN from h3:15272 -> h5:443 [len=54B]
2025-09-12 18:34:49 - [BENIGN] - DEBUG - Generated HTTPS SYN-ACK from h5:443 <- h3:15272 [len=54B]
2025-09-12 18:34:50 - [BENIGN] - DEBUG - Generated HTTPS ACK from h3:15272 -> h5:443 [len=54B]
2025-09-12 18:34:50 - [BENIGN] - DEBUG - Generated HTTPS data traffic from h3:15272 -> h5:443 [content='Encrypted Application Data'] [Session 47] [len=437B]
2025-09-12 18:34:51 - [BENIGN] - DEBUG - Generated HTTPS ACK reply from h5:443 <- h3:15272 [len=54B]
2025-09-12 18:34:52 - [BENIGN] - DEBUG - Generated DNS query from h3:1156 -> h5:53 [qname='example.com'] [Session 48] [len=71B]
2025-09-12 18:34:52 - [BENIGN] - DEBUG - Generated ICMP traffic h2↔h5 6 [len=84B]
2025-09-12 18:34:52 - [BENIGN] - DEBUG - Generated TCP SYN from h3:19516 -> h5:12345 [len=54B]
2025-09-12 18:34:53 - [BENIGN] - DEBUG - Generated TCP SYN-ACK from h5:12345 <- h3:19516 [len=54B]
2025-09-12 18:34:54 - [BENIGN] - DEBUG - Generated TCP ACK from h3:19516 -> h5:12345 [len=54B]
2025-09-12 18:34:54 - [BENIGN] - DEBUG - Generated TCP data traffic from h3:19516 -> h5:12345 [content='TCP data'] [Session 49] [len=698B]
2025-09-12 18:34:55 - [BENIGN] - DEBUG - Generated TCP ACK reply from h5:12345 <- h3:19516 [len=54B]
2025-09-12 18:34:55 - [BENIGN] - DEBUG - Generated UDP traffic from h3:20574 -> h5:12346 [content='a76f9c5b921f6f5c651046ff75242e53c321f6d5...'] [Session 50] [len=751B]
2025-09-12 18:34:56 - [BENIGN] - DEBUG - Generated Telnet SYN from h3:65412 -> h5:23 [len=54B]
2025-09-12 18:34:57 - [BENIGN] - DEBUG - Generated Telnet SYN-ACK from h5:23 <- h3:65412 [len=54B]
2025-09-12 18:34:57 - [BENIGN] - DEBUG - Generated Telnet ACK from h3:65412 -> h5:23 [len=54B]
2025-09-12 18:34:58 - [BENIGN] - DEBUG - Generated Telnet data traffic from h3:65412 -> h5:23 [content='Telnet command'] [Session 51] [len=266B]
2025-09-12 18:34:58 - [BENIGN] - DEBUG - Generated Telnet ACK reply from h5:23 <- h3:65412 [len=54B]
2025-09-12 18:34:59 - [BENIGN] - DEBUG - Generated SSH SYN from h3:50539 -> h5:22 [len=54B]
2025-09-12 18:35:00 - [BENIGN] - DEBUG - Generated SSH SYN-ACK from h5:22 <- h3:50539 [len=54B]
2025-09-12 18:35:00 - [BENIGN] - DEBUG - Generated SSH ACK from h3:50539 -> h5:22 [len=54B]
2025-09-12 18:35:01 - [BENIGN] - DEBUG - Generated SSH data traffic from h3:50539 -> h5:22 [content='SSH encrypted data'] [Session 52] [len=1162B]
2025-09-12 18:35:02 - [BENIGN] - DEBUG - Generated SSH ACK reply from h5:22 <- h3:50539 [len=54B]
2025-09-12 18:35:02 - [BENIGN] - DEBUG - Generated FTP SYN from h3:64770 -> h5:21 [len=54B]
2025-09-12 18:35:03 - [BENIGN] - DEBUG - Generated FTP SYN-ACK from h5:21 <- h3:64770 [len=54B]
2025-09-12 18:35:03 - [BENIGN] - DEBUG - Generated FTP ACK from h3:64770 -> h5:21 [len=54B]
2025-09-12 18:35:04 - [BENIGN] - DEBUG - Generated FTP data traffic from h3:64770 -> h5:21 [content='FTP file transfer'] [Session 53] [len=1064B]
2025-09-12 18:35:05 - [BENIGN] - DEBUG - Generated FTP ACK reply from h5:21 <- h3:64770 [len=54B]
2025-09-12 18:35:05 - [BENIGN] - DEBUG - Generated HTTP SYN from h3:7081 -> h5:80 [len=54B]
2025-09-12 18:35:06 - [BENIGN] - DEBUG - Generated HTTP SYN-ACK from h5:80 <- h3:7081 [len=54B]
2025-09-12 18:35:07 - [BENIGN] - DEBUG - Generated HTTP ACK from h3:7081 -> h5:80 [len=54B]
2025-09-12 18:35:07 - [BENIGN] - DEBUG - Generated HTTP data traffic from h3:7081 -> h5:80 [content='GET /index.html HTTP/1.1'] [Session 54] [len=412B]
2025-09-12 18:35:08 - [BENIGN] - DEBUG - Generated HTTP ACK reply from h5:80 <- h3:7081 [len=54B]
2025-09-12 18:35:08 - [BENIGN] - DEBUG - Generated HTTPS SYN from h3:25405 -> h5:443 [len=54B]
2025-09-12 18:35:09 - [BENIGN] - DEBUG - Generated HTTPS SYN-ACK from h5:443 <- h3:25405 [len=54B]
2025-09-12 18:35:10 - [BENIGN] - DEBUG - Generated HTTPS ACK from h3:25405 -> h5:443 [len=54B]
2025-09-12 18:35:10 - [BENIGN] - DEBUG - Generated HTTPS data traffic from h3:25405 -> h5:443 [content='Encrypted Application Data'] [Session 55] [len=736B]
2025-09-12 18:35:11 - [BENIGN] - DEBUG - Generated HTTPS ACK reply from h5:443 <- h3:25405 [len=54B]
2025-09-12 18:35:12 - [BENIGN] - DEBUG - Generated DNS query from h3:17649 -> h5:53 [qname='example.com'] [Session 56] [len=71B]
2025-09-12 18:35:12 - [BENIGN] - DEBUG - Generated ICMP traffic h2↔h5 7 [len=84B]
2025-09-12 18:35:12 - [BENIGN] - DEBUG - Generated TCP SYN from h3:5768 -> h5:12345 [len=54B]
2025-09-12 18:35:13 - [BENIGN] - DEBUG - Generated TCP SYN-ACK from h5:12345 <- h3:5768 [len=54B]
2025-09-12 18:35:14 - [BENIGN] - DEBUG - Generated TCP ACK from h3:5768 -> h5:12345 [len=54B]
2025-09-12 18:35:14 - [BENIGN] - DEBUG - Generated TCP data traffic from h3:5768 -> h5:12345 [content='TCP data'] [Session 57] [len=587B]
2025-09-12 18:35:15 - [BENIGN] - DEBUG - Generated TCP ACK reply from h5:12345 <- h3:5768 [len=54B]
2025-09-12 18:35:15 - [BENIGN] - DEBUG - Generated UDP traffic from h3:39276 -> h5:12346 [content='c2406f4ade90e7a66c0b7ed6966cf278626cac47...'] [Session 58] [len=179B]
2025-09-12 18:35:16 - [BENIGN] - DEBUG - Generated Telnet SYN from h3:7910 -> h5:23 [len=54B]
2025-09-12 18:35:17 - [BENIGN] - DEBUG - Generated Telnet SYN-ACK from h5:23 <- h3:7910 [len=54B]
2025-09-12 18:35:17 - [BENIGN] - DEBUG - Generated Telnet ACK from h3:7910 -> h5:23 [len=54B]
2025-09-12 18:35:18 - [BENIGN] - DEBUG - Generated Telnet data traffic from h3:7910 -> h5:23 [content='Telnet command'] [Session 59] [len=1171B]
2025-09-12 18:35:18 - [BENIGN] - DEBUG - Generated Telnet ACK reply from h5:23 <- h3:7910 [len=54B]
2025-09-12 18:35:19 - [BENIGN] - DEBUG - Generated SSH SYN from h3:26411 -> h5:22 [len=54B]
2025-09-12 18:35:20 - [BENIGN] - DEBUG - Generated SSH SYN-ACK from h5:22 <- h3:26411 [len=54B]
2025-09-12 18:35:20 - [BENIGN] - DEBUG - Generated SSH ACK from h3:26411 -> h5:22 [len=54B]
2025-09-12 18:35:21 - [BENIGN] - DEBUG - Generated SSH data traffic from h3:26411 -> h5:22 [content='SSH encrypted data'] [Session 60] [len=574B]
2025-09-12 18:35:22 - [BENIGN] - DEBUG - Generated SSH ACK reply from h5:22 <- h3:26411 [len=54B]
2025-09-12 18:35:22 - [BENIGN] - DEBUG - Generated FTP SYN from h3:48439 -> h5:21 [len=54B]
2025-09-12 18:35:23 - [BENIGN] - DEBUG - Generated FTP SYN-ACK from h5:21 <- h3:48439 [len=54B]
2025-09-12 18:35:23 - [BENIGN] - DEBUG - Generated FTP ACK from h3:48439 -> h5:21 [len=54B]
2025-09-12 18:35:24 - [BENIGN] - DEBUG - Generated FTP data traffic from h3:48439 -> h5:21 [content='FTP file transfer'] [Session 61] [len=477B]
2025-09-12 18:35:25 - [BENIGN] - DEBUG - Generated FTP ACK reply from h5:21 <- h3:48439 [len=54B]
2025-09-12 18:35:25 - [BENIGN] - DEBUG - Generated HTTP SYN from h3:10100 -> h5:80 [len=54B]
2025-09-12 18:35:26 - [BENIGN] - DEBUG - Generated HTTP SYN-ACK from h5:80 <- h3:10100 [len=54B]
2025-09-12 18:35:27 - [BENIGN] - DEBUG - Generated HTTP ACK from h3:10100 -> h5:80 [len=54B]
2025-09-12 18:35:27 - [BENIGN] - DEBUG - Generated HTTP data traffic from h3:10100 -> h5:80 [content='GET /index.html HTTP/1.1'] [Session 62] [len=647B]
2025-09-12 18:35:28 - [BENIGN] - DEBUG - Generated HTTP ACK reply from h5:80 <- h3:10100 [len=54B]
2025-09-12 18:35:28 - [BENIGN] - DEBUG - Generated HTTPS SYN from h3:48763 -> h5:443 [len=54B]
2025-09-12 18:35:29 - [BENIGN] - DEBUG - Generated HTTPS SYN-ACK from h5:443 <- h3:48763 [len=54B]
2025-09-12 18:35:30 - [BENIGN] - DEBUG - Generated HTTPS ACK from h3:48763 -> h5:443 [len=54B]
2025-09-12 18:35:30 - [BENIGN] - DEBUG - Generated HTTPS data traffic from h3:48763 -> h5:443 [content='Encrypted Application Data'] [Session 63] [len=507B]
2025-09-12 18:35:31 - [BENIGN] - DEBUG - Generated HTTPS ACK reply from h5:443 <- h3:48763 [len=54B]
2025-09-12 18:35:32 - [BENIGN] - DEBUG - Generated DNS query from h3:25185 -> h5:53 [qname='example.com'] [Session 64] [len=71B]
2025-09-12 18:35:32 - [BENIGN] - DEBUG - Generated ICMP traffic h2↔h5 8 [len=84B]
2025-09-12 18:35:32 - [BENIGN] - DEBUG - Generated TCP SYN from h3:63529 -> h5:12345 [len=54B]
2025-09-12 18:35:33 - [BENIGN] - DEBUG - Generated TCP SYN-ACK from h5:12345 <- h3:63529 [len=54B]
2025-09-12 18:35:34 - [BENIGN] - DEBUG - Generated TCP ACK from h3:63529 -> h5:12345 [len=54B]
2025-09-12 18:35:34 - [BENIGN] - DEBUG - Generated TCP data traffic from h3:63529 -> h5:12345 [content='TCP data'] [Session 65] [len=1181B]
2025-09-12 18:35:35 - [BENIGN] - DEBUG - Generated TCP ACK reply from h5:12345 <- h3:63529 [len=54B]
2025-09-12 18:35:35 - [BENIGN] - DEBUG - Generated UDP traffic from h3:7214 -> h5:12346 [content='0dbc8df4a97002a7edc37da5a474956c6d60e9ca...'] [Session 66] [len=1428B]
2025-09-12 18:35:36 - [BENIGN] - DEBUG - Generated Telnet SYN from h3:55671 -> h5:23 [len=54B]
2025-09-12 18:35:37 - [BENIGN] - DEBUG - Generated Telnet SYN-ACK from h5:23 <- h3:55671 [len=54B]
2025-09-12 18:35:37 - [BENIGN] - DEBUG - Generated Telnet ACK from h3:55671 -> h5:23 [len=54B]
2025-09-12 18:35:38 - [BENIGN] - DEBUG - Generated Telnet data traffic from h3:55671 -> h5:23 [content='Telnet command'] [Session 67] [len=726B]
2025-09-12 18:35:38 - [BENIGN] - DEBUG - Generated Telnet ACK reply from h5:23 <- h3:55671 [len=54B]
2025-09-12 18:35:39 - [BENIGN] - DEBUG - Generated SSH SYN from h3:29617 -> h5:22 [len=54B]
2025-09-12 18:35:40 - [BENIGN] - DEBUG - Generated SSH SYN-ACK from h5:22 <- h3:29617 [len=54B]
2025-09-12 18:35:40 - [BENIGN] - DEBUG - Generated SSH ACK from h3:29617 -> h5:22 [len=54B]
2025-09-12 18:35:41 - [BENIGN] - DEBUG - Generated SSH data traffic from h3:29617 -> h5:22 [content='SSH encrypted data'] [Session 68] [len=631B]
2025-09-12 18:35:42 - [BENIGN] - DEBUG - Generated SSH ACK reply from h5:22 <- h3:29617 [len=54B]
2025-09-12 18:35:42 - [BENIGN] - DEBUG - Generated FTP SYN from h3:18802 -> h5:21 [len=54B]
2025-09-12 18:35:43 - [BENIGN] - DEBUG - Generated FTP SYN-ACK from h5:21 <- h3:18802 [len=54B]
2025-09-12 18:35:44 - [BENIGN] - DEBUG - Generated FTP ACK from h3:18802 -> h5:21 [len=54B]
2025-09-12 18:35:44 - [BENIGN] - DEBUG - Generated FTP data traffic from h3:18802 -> h5:21 [content='FTP file transfer'] [Session 69] [len=247B]
2025-09-12 18:35:45 - [BENIGN] - DEBUG - Generated FTP ACK reply from h5:21 <- h3:18802 [len=54B]
2025-09-12 18:35:45 - [BENIGN] - DEBUG - Generated HTTP SYN from h3:23093 -> h5:80 [len=54B]
2025-09-12 18:35:46 - [BENIGN] - DEBUG - Generated HTTP SYN-ACK from h5:80 <- h3:23093 [len=54B]
2025-09-12 18:35:47 - [BENIGN] - DEBUG - Generated HTTP ACK from h3:23093 -> h5:80 [len=54B]
2025-09-12 18:35:47 - [BENIGN] - DEBUG - Generated HTTP data traffic from h3:23093 -> h5:80 [content='GET /index.html HTTP/1.1'] [Session 70] [len=529B]
2025-09-12 18:35:48 - [BENIGN] - DEBUG - Generated HTTP ACK reply from h5:80 <- h3:23093 [len=54B]
2025-09-12 18:35:48 - [BENIGN] - DEBUG - Generated HTTPS SYN from h3:5059 -> h5:443 [len=54B]
2025-09-12 18:35:49 - [BENIGN] - DEBUG - Generated HTTPS SYN-ACK from h5:443 <- h3:5059 [len=54B]
2025-09-12 18:35:50 - [BENIGN] - DEBUG - Generated HTTPS ACK from h3:5059 -> h5:443 [len=54B]
2025-09-12 18:35:50 - [BENIGN] - DEBUG - Generated HTTPS data traffic from h3:5059 -> h5:443 [content='Encrypted Application Data'] [Session 71] [len=792B]
2025-09-12 18:35:51 - [BENIGN] - DEBUG - Generated HTTPS ACK reply from h5:443 <- h3:5059 [len=54B]
2025-09-12 18:35:52 - [BENIGN] - DEBUG - Generated DNS query from h3:27250 -> h5:53 [qname='example.com'] [Session 72] [len=71B]
2025-09-12 18:35:52 - [BENIGN] - DEBUG - Generated ICMP traffic h2↔h5 9 [len=84B]
2025-09-12 18:35:52 - [BENIGN] - DEBUG - Generated TCP SYN from h3:38575 -> h5:12345 [len=54B]
2025-09-12 18:35:53 - [BENIGN] - DEBUG - Generated TCP SYN-ACK from h5:12345 <- h3:38575 [len=54B]
2025-09-12 18:35:54 - [BENIGN] - DEBUG - Generated TCP ACK from h3:38575 -> h5:12345 [len=54B]
2025-09-12 18:35:54 - [BENIGN] - DEBUG - Generated TCP data traffic from h3:38575 -> h5:12345 [content='TCP data'] [Session 73] [len=536B]
2025-09-12 18:35:55 - [BENIGN] - DEBUG - Generated TCP ACK reply from h5:12345 <- h3:38575 [len=54B]
2025-09-12 18:35:56 - [BENIGN] - DEBUG - Generated UDP traffic from h3:6377 -> h5:12346 [content='7c0b2c47211483cb7baec5b50c8b7d3fa6eb15f3...'] [Session 74] [len=573B]
2025-09-12 18:35:56 - [BENIGN] - DEBUG - Generated Telnet SYN from h3:61677 -> h5:23 [len=54B]
2025-09-12 18:35:57 - [BENIGN] - DEBUG - Generated Telnet SYN-ACK from h5:23 <- h3:61677 [len=54B]
2025-09-12 18:35:58 - [BENIGN] - DEBUG - Generated Telnet ACK from h3:61677 -> h5:23 [len=54B]
2025-09-12 18:35:58 - [BENIGN] - DEBUG - Generated Telnet data traffic from h3:61677 -> h5:23 [content='Telnet command'] [Session 75] [len=593B]
2025-09-12 18:35:59 - [BENIGN] - DEBUG - Generated Telnet ACK reply from h5:23 <- h3:61677 [len=54B]
2025-09-12 18:35:59 - [BENIGN] - DEBUG - Generated SSH SYN from h3:22406 -> h5:22 [len=54B]
2025-09-12 18:36:00 - [BENIGN] - DEBUG - Generated SSH SYN-ACK from h5:22 <- h3:22406 [len=54B]
2025-09-12 18:36:01 - [BENIGN] - DEBUG - Generated SSH ACK from h3:22406 -> h5:22 [len=54B]
2025-09-12 18:36:01 - [BENIGN] - DEBUG - Generated SSH data traffic from h3:22406 -> h5:22 [content='SSH encrypted data'] [Session 76] [len=938B]
2025-09-12 18:36:02 - [BENIGN] - DEBUG - Generated SSH ACK reply from h5:22 <- h3:22406 [len=54B]
2025-09-12 18:36:03 - [BENIGN] - DEBUG - Generated FTP SYN from h3:46681 -> h5:21 [len=54B]
2025-09-12 18:36:03 - [BENIGN] - DEBUG - Generated FTP SYN-ACK from h5:21 <- h3:46681 [len=54B]
2025-09-12 18:36:04 - [BENIGN] - DEBUG - Generated FTP ACK from h3:46681 -> h5:21 [len=54B]
2025-09-12 18:36:05 - [BENIGN] - DEBUG - Generated FTP data traffic from h3:46681 -> h5:21 [content='FTP file transfer'] [Session 77] [len=1333B]
2025-09-12 18:36:05 - [BENIGN] - DEBUG - Generated FTP ACK reply from h5:21 <- h3:46681 [len=54B]
2025-09-12 18:36:06 - [BENIGN] - DEBUG - Generated HTTP SYN from h3:61771 -> h5:80 [len=54B]
2025-09-12 18:36:06 - [BENIGN] - DEBUG - Generated HTTP SYN-ACK from h5:80 <- h3:61771 [len=54B]
2025-09-12 18:36:07 - [BENIGN] - DEBUG - Generated HTTP ACK from h3:61771 -> h5:80 [len=54B]
2025-09-12 18:36:08 - [BENIGN] - DEBUG - Generated HTTP data traffic from h3:61771 -> h5:80 [content='GET /index.html HTTP/1.1'] [Session 78] [len=261B]
2025-09-12 18:36:08 - [BENIGN] - DEBUG - Generated HTTP ACK reply from h5:80 <- h3:61771 [len=54B]
2025-09-12 18:36:09 - [BENIGN] - DEBUG - Generated HTTPS SYN from h3:62661 -> h5:443 [len=54B]
2025-09-12 18:36:10 - [BENIGN] - DEBUG - Generated HTTPS SYN-ACK from h5:443 <- h3:62661 [len=54B]
2025-09-12 18:36:10 - [BENIGN] - DEBUG - Generated HTTPS ACK from h3:62661 -> h5:443 [len=54B]
2025-09-12 18:36:11 - [BENIGN] - DEBUG - Generated HTTPS data traffic from h3:62661 -> h5:443 [content='Encrypted Application Data'] [Session 79] [len=421B]
2025-09-12 18:36:11 - [BENIGN] - DEBUG - Generated HTTPS ACK reply from h5:443 <- h3:62661 [len=54B]
2025-09-12 18:36:12 - [BENIGN] - DEBUG - Generated DNS query from h3:3908 -> h5:53 [qname='example.com'] [Session 80] [len=71B]
2025-09-12 18:36:12 - [BENIGN] - INFO - Benign traffic finished.
2025-09-12 18:36:12 - [BENIGN] - INFO - Summary: 80 protocol sessions with protocol separation:
2025-09-12 18:36:12 - [BENIGN] - INFO -   - h2↔h5: ICMP ping traffic
2025-09-12 18:36:12 - [BENIGN] - INFO -   - h3↔h5: TCP/UDP traffic [TCP, UDP, Telnet, SSH, FTP, HTTP, HTTPS, DNS]
2025-09-12 18:36:12 - [BENIGN] - INFO - Total packets sent: 340
