2025-09-13 13:29:41,723 - attack_logger - INFO - Attack: Enhanced SYN Flood (88s) | h1 -> h6
2025-09-13 13:29:44,237 - attack_logger - INFO - [syn_flood] [Run ID: da782dd1-e10a-4c3e-99e7-85845411be8c] Starting Enhanced SYN Flood from h1 to 192.168.30.10 for 88 seconds.
2025-09-13 13:29:44,237 - attack_logger - INFO - [syn_flood] [Run ID: da782dd1-e10a-4c3e-99e7-85845411be8c] Attack Phase: Enhanced Traditional SYN Flood - Attacker: h1, Target: 192.168.30.10:80, Duration: 88s
2025-09-13 13:29:44,237 - attack_logger - INFO - [syn_flood] [Run ID: da782dd1-e10a-4c3e-99e7-85845411be8c] Enhanced Features: Human-like timing, protocol compliance, network delay simulation
2025-09-13 13:29:44,237 - attack_logger - INFO - [syn_flood] [Run ID: da782dd1-e10a-4c3e-99e7-85845411be8c] Session pattern: 3 phases, Circadian factor: 0.80, Workday factor: 0.48
2025-09-13 13:29:44,237 - attack_logger - DEBUG - [syn_flood] [Run ID: da782dd1-e10a-4c3e-99e7-85845411be8c] Starting enhanced SYN packet generation with human-like timing
2025-09-13 13:29:44,237 - attack_logger - INFO - [syn_flood] [Run ID: da782dd1-e10a-4c3e-99e7-85845411be8c] Stress phase: 26s, Advanced phase: 62s
2025-09-13 13:30:10,829 - attack_logger - INFO - [syn_flood] [Run ID: da782dd1-e10a-4c3e-99e7-85845411be8c] Stress phase completed
2025-09-13 13:30:10,836 - attack_logger - INFO - [syn_flood] [Run ID: da782dd1-e10a-4c3e-99e7-85845411be8c] Enhanced SYN flood process started (PID: 111728)
2025-09-13 13:30:22,925 - attack_logger - INFO - [syn_flood] [Run ID: da782dd1-e10a-4c3e-99e7-85845411be8c] Attack progress: 12.1s elapsed, ~22 packets sent, Rate: 1.8 pps, Phase: break (intensity: 0.21)
2025-09-13 13:30:22,925 - attack_logger - DEBUG - [syn_flood] [Run ID: da782dd1-e10a-4c3e-99e7-85845411be8c] Process stats - CPU: 0.0%, Memory: 60.6MB
2025-09-13 13:30:22,925 - attack_logger - DEBUG - [syn_flood] [Run ID: da782dd1-e10a-4c3e-99e7-85845411be8c] Timing factors - Circadian: 0.80, Workday: 0.48, Adjusted rate: 1.8 pps
2025-09-13 13:30:30,492 - attack_logger - DEBUG - [syn_flood] [Run ID: da782dd1-e10a-4c3e-99e7-85845411be8c] Entering active phase (intensity: 0.77)
2025-09-13 13:30:34,966 - attack_logger - INFO - [syn_flood] [Run ID: da782dd1-e10a-4c3e-99e7-85845411be8c] Attack progress: 24.1s elapsed, ~212 packets sent, Rate: 8.8 pps, Phase: active (intensity: 0.77)
2025-09-13 13:30:34,966 - attack_logger - DEBUG - [syn_flood] [Run ID: da782dd1-e10a-4c3e-99e7-85845411be8c] Process stats - CPU: 0.0%, Memory: 60.6MB
2025-09-13 13:30:34,967 - attack_logger - DEBUG - [syn_flood] [Run ID: da782dd1-e10a-4c3e-99e7-85845411be8c] Timing factors - Circadian: 0.80, Workday: 0.48, Adjusted rate: 8.8 pps
2025-09-13 13:30:47,074 - attack_logger - INFO - [syn_flood] [Run ID: da782dd1-e10a-4c3e-99e7-85845411be8c] Attack progress: 36.2s elapsed, ~274 packets sent, Rate: 7.6 pps, Phase: active (intensity: 0.77)
2025-09-13 13:30:47,074 - attack_logger - DEBUG - [syn_flood] [Run ID: da782dd1-e10a-4c3e-99e7-85845411be8c] Process stats - CPU: 0.0%, Memory: 60.7MB
2025-09-13 13:30:47,074 - attack_logger - DEBUG - [syn_flood] [Run ID: da782dd1-e10a-4c3e-99e7-85845411be8c] Timing factors - Circadian: 0.80, Workday: 0.48, Adjusted rate: 7.6 pps
2025-09-13 13:30:59,116 - attack_logger - INFO - [syn_flood] [Run ID: da782dd1-e10a-4c3e-99e7-85845411be8c] Attack progress: 48.3s elapsed, ~407 packets sent, Rate: 8.4 pps, Phase: active (intensity: 0.77)
2025-09-13 13:30:59,116 - attack_logger - DEBUG - [syn_flood] [Run ID: da782dd1-e10a-4c3e-99e7-85845411be8c] Process stats - CPU: 0.0%, Memory: 60.7MB
2025-09-13 13:30:59,116 - attack_logger - DEBUG - [syn_flood] [Run ID: da782dd1-e10a-4c3e-99e7-85845411be8c] Timing factors - Circadian: 0.80, Workday: 0.48, Adjusted rate: 8.4 pps
2025-09-13 13:31:09,191 - attack_logger - DEBUG - [syn_flood] [Run ID: da782dd1-e10a-4c3e-99e7-85845411be8c] Entering active phase (intensity: 0.82)
2025-09-13 13:31:11,178 - attack_logger - INFO - [syn_flood] [Run ID: da782dd1-e10a-4c3e-99e7-85845411be8c] Attack progress: 60.3s elapsed, ~399 packets sent, Rate: 6.6 pps, Phase: active (intensity: 0.82)
2025-09-13 13:31:11,178 - attack_logger - DEBUG - [syn_flood] [Run ID: da782dd1-e10a-4c3e-99e7-85845411be8c] Process stats - CPU: 0.0%, Memory: 60.7MB
2025-09-13 13:31:11,178 - attack_logger - DEBUG - [syn_flood] [Run ID: da782dd1-e10a-4c3e-99e7-85845411be8c] Timing factors - Circadian: 0.80, Workday: 0.48, Adjusted rate: 6.6 pps
2025-09-13 13:31:12,859 - attack_logger - DEBUG - [syn_flood] [Run ID: da782dd1-e10a-4c3e-99e7-85845411be8c] Sent SIGINT to SYN flood process 111728
2025-09-13 13:31:13,364 - attack_logger - INFO - [syn_flood] [Run ID: da782dd1-e10a-4c3e-99e7-85845411be8c] Enhanced SYN Flood from h1 to 192.168.30.10 finished.
2025-09-13 13:31:13,364 - attack_logger - INFO - [syn_flood] [Run ID: da782dd1-e10a-4c3e-99e7-85845411be8c] Attack completed. Total packets sent = 551, Average rate = 8.88 packets/sec.
2025-09-13 13:31:13,364 - attack_logger - INFO - [syn_flood] [Run ID: da782dd1-e10a-4c3e-99e7-85845411be8c] --- Enhanced Attack Summary ---
2025-09-13 13:31:13,364 - attack_logger - INFO - [syn_flood] [Run ID: da782dd1-e10a-4c3e-99e7-85845411be8c] Total packets sent: 551
2025-09-13 13:31:13,364 - attack_logger - INFO - [syn_flood] [Run ID: da782dd1-e10a-4c3e-99e7-85845411be8c] Actual duration: 62.03s
2025-09-13 13:31:13,364 - attack_logger - INFO - [syn_flood] [Run ID: da782dd1-e10a-4c3e-99e7-85845411be8c] Average rate: 8.88 packets/sec
2025-09-13 13:31:13,364 - attack_logger - INFO - [syn_flood] [Run ID: da782dd1-e10a-4c3e-99e7-85845411be8c] Base rate: 23.2 pps
2025-09-13 13:31:13,364 - attack_logger - INFO - [syn_flood] [Run ID: da782dd1-e10a-4c3e-99e7-85845411be8c] Circadian factor: 0.80
2025-09-13 13:31:13,364 - attack_logger - INFO - [syn_flood] [Run ID: da782dd1-e10a-4c3e-99e7-85845411be8c] Workday factor: 0.48
2025-09-13 13:31:13,364 - attack_logger - INFO - [syn_flood] [Run ID: da782dd1-e10a-4c3e-99e7-85845411be8c] Session phases: 3
2025-09-13 13:31:13,364 - attack_logger - INFO - [syn_flood] [Run ID: da782dd1-e10a-4c3e-99e7-85845411be8c] Target port: 80
2025-09-13 13:31:13,364 - attack_logger - INFO - [syn_flood] [Run ID: da782dd1-e10a-4c3e-99e7-85845411be8c] Attack method: Enhanced SYN Flood with Human-like Timing
2025-09-13 13:31:13,364 - attack_logger - INFO - [syn_flood] [Run ID: da782dd1-e10a-4c3e-99e7-85845411be8c] Enhancement features: Human timing patterns, protocol compliance, network delay simulation
2025-09-13 13:31:13,364 - attack_logger - INFO - [syn_flood] [Run ID: da782dd1-e10a-4c3e-99e7-85845411be8c] TCP options: MSS, WScale, Timestamp, SAckOK
2025-09-13 13:31:13,364 - attack_logger - INFO - [syn_flood] [Run ID: da782dd1-e10a-4c3e-99e7-85845411be8c] ----------------------------------------
2025-09-13 13:31:13,467 - attack_logger - INFO - Attack: Enhanced SYN Flood completed.
2025-09-13 13:31:13,467 - attack_logger - INFO - Attack: Enhanced UDP Flood (176s) | h1 -> h6
2025-09-13 13:31:15,980 - attack_logger - INFO - [udp_flood] [Run ID: b6a45cdb-208a-4072-b459-a32f58db95f4] Starting Enhanced UDP Flood from h1 to 192.168.30.10 for 176 seconds.
2025-09-13 13:31:15,980 - attack_logger - INFO - [udp_flood] [Run ID: b6a45cdb-208a-4072-b459-a32f58db95f4] Attack Phase: Enhanced Traditional UDP Flood - Attacker: h1, Target: 192.168.30.10:53, Duration: 176s
2025-09-13 13:31:15,980 - attack_logger - INFO - [udp_flood] [Run ID: b6a45cdb-208a-4072-b459-a32f58db95f4] Enhanced Features: Human-like timing, protocol compliance, network delay simulation
2025-09-13 13:31:15,980 - attack_logger - INFO - [udp_flood] [Run ID: b6a45cdb-208a-4072-b459-a32f58db95f4] Stress phase: 52s, Advanced phase: 124s
2025-09-13 13:32:08,560 - attack_logger - INFO - [udp_flood] [Run ID: b6a45cdb-208a-4072-b459-a32f58db95f4] Stress phase completed
2025-09-13 13:32:08,560 - attack_logger - INFO - [udp_flood] [Run ID: b6a45cdb-208a-4072-b459-a32f58db95f4] Session pattern: 2 phases, Circadian factor: 0.80, Workday factor: 0.48
2025-09-13 13:32:08,560 - attack_logger - DEBUG - [udp_flood] [Run ID: b6a45cdb-208a-4072-b459-a32f58db95f4] Starting enhanced UDP packet generation with human-like timing
2025-09-13 13:32:08,567 - attack_logger - INFO - [udp_flood] [Run ID: b6a45cdb-208a-4072-b459-a32f58db95f4] Enhanced UDP flood process started (PID: 111740)
2025-09-13 13:32:32,645 - attack_logger - INFO - [udp_flood] [Run ID: b6a45cdb-208a-4072-b459-a32f58db95f4] Attack progress: 24.1s elapsed, ~205 packets sent, Rate: 8.5 pps, Phase: active (intensity: 0.94)
2025-09-13 13:32:32,646 - attack_logger - DEBUG - [udp_flood] [Run ID: b6a45cdb-208a-4072-b459-a32f58db95f4] Process stats - CPU: 0.0%, Memory: 60.4MB
2025-09-13 13:32:32,646 - attack_logger - DEBUG - [udp_flood] [Run ID: b6a45cdb-208a-4072-b459-a32f58db95f4] Timing factors - Circadian: 0.80, Workday: 0.48, Adjusted rate: 8.5 pps
2025-09-13 13:32:56,646 - attack_logger - INFO - [udp_flood] [Run ID: b6a45cdb-208a-4072-b459-a32f58db95f4] Attack progress: 48.1s elapsed, ~381 packets sent, Rate: 7.9 pps, Phase: active (intensity: 0.94)
2025-09-13 13:32:56,646 - attack_logger - DEBUG - [udp_flood] [Run ID: b6a45cdb-208a-4072-b459-a32f58db95f4] Process stats - CPU: 0.0%, Memory: 60.4MB
2025-09-13 13:32:56,646 - attack_logger - DEBUG - [udp_flood] [Run ID: b6a45cdb-208a-4072-b459-a32f58db95f4] Timing factors - Circadian: 0.80, Workday: 0.48, Adjusted rate: 7.9 pps
2025-09-13 13:33:20,701 - attack_logger - INFO - [udp_flood] [Run ID: b6a45cdb-208a-4072-b459-a32f58db95f4] Attack progress: 72.1s elapsed, ~574 packets sent, Rate: 8.0 pps, Phase: active (intensity: 0.94)
2025-09-13 13:33:20,701 - attack_logger - DEBUG - [udp_flood] [Run ID: b6a45cdb-208a-4072-b459-a32f58db95f4] Process stats - CPU: 0.0%, Memory: 60.4MB
2025-09-13 13:33:20,701 - attack_logger - DEBUG - [udp_flood] [Run ID: b6a45cdb-208a-4072-b459-a32f58db95f4] Timing factors - Circadian: 0.80, Workday: 0.48, Adjusted rate: 8.0 pps
2025-09-13 13:33:44,785 - attack_logger - INFO - [udp_flood] [Run ID: b6a45cdb-208a-4072-b459-a32f58db95f4] Attack progress: 96.2s elapsed, ~875 packets sent, Rate: 9.1 pps, Phase: active (intensity: 0.94)
2025-09-13 13:33:44,785 - attack_logger - DEBUG - [udp_flood] [Run ID: b6a45cdb-208a-4072-b459-a32f58db95f4] Process stats - CPU: 0.0%, Memory: 60.4MB
2025-09-13 13:33:44,785 - attack_logger - DEBUG - [udp_flood] [Run ID: b6a45cdb-208a-4072-b459-a32f58db95f4] Timing factors - Circadian: 0.80, Workday: 0.48, Adjusted rate: 9.1 pps
2025-09-13 13:33:47,084 - attack_logger - DEBUG - [udp_flood] [Run ID: b6a45cdb-208a-4072-b459-a32f58db95f4] Entering active phase (intensity: 0.94)
2025-09-13 13:34:08,816 - attack_logger - INFO - [udp_flood] [Run ID: b6a45cdb-208a-4072-b459-a32f58db95f4] Attack progress: 120.3s elapsed, ~1002 packets sent, Rate: 8.3 pps, Phase: active (intensity: 0.94)
2025-09-13 13:34:08,816 - attack_logger - DEBUG - [udp_flood] [Run ID: b6a45cdb-208a-4072-b459-a32f58db95f4] Process stats - CPU: 0.0%, Memory: 60.4MB
2025-09-13 13:34:08,816 - attack_logger - DEBUG - [udp_flood] [Run ID: b6a45cdb-208a-4072-b459-a32f58db95f4] Timing factors - Circadian: 0.80, Workday: 0.48, Adjusted rate: 8.3 pps
2025-09-13 13:34:12,628 - attack_logger - DEBUG - [udp_flood] [Run ID: b6a45cdb-208a-4072-b459-a32f58db95f4] Sent SIGINT to UDP flood process 111740
2025-09-13 13:34:13,134 - attack_logger - INFO - [udp_flood] [Run ID: b6a45cdb-208a-4072-b459-a32f58db95f4] Enhanced UDP Flood from h1 to 192.168.30.10 finished.
2025-09-13 13:34:13,134 - attack_logger - INFO - [udp_flood] [Run ID: b6a45cdb-208a-4072-b459-a32f58db95f4] Attack completed. Total packets sent = 1124, Average rate = 9.06 packets/sec.
2025-09-13 13:34:13,134 - attack_logger - INFO - [udp_flood] [Run ID: b6a45cdb-208a-4072-b459-a32f58db95f4] --- Enhanced Attack Summary ---
2025-09-13 13:34:13,134 - attack_logger - INFO - [udp_flood] [Run ID: b6a45cdb-208a-4072-b459-a32f58db95f4] Total packets sent: 1124
2025-09-13 13:34:13,134 - attack_logger - INFO - [udp_flood] [Run ID: b6a45cdb-208a-4072-b459-a32f58db95f4] Actual duration: 124.07s
2025-09-13 13:34:13,134 - attack_logger - INFO - [udp_flood] [Run ID: b6a45cdb-208a-4072-b459-a32f58db95f4] Average rate: 9.06 packets/sec
2025-09-13 13:34:13,134 - attack_logger - INFO - [udp_flood] [Run ID: b6a45cdb-208a-4072-b459-a32f58db95f4] Base rate: 23.6 pps
2025-09-13 13:34:13,134 - attack_logger - INFO - [udp_flood] [Run ID: b6a45cdb-208a-4072-b459-a32f58db95f4] Circadian factor: 0.80
2025-09-13 13:34:13,134 - attack_logger - INFO - [udp_flood] [Run ID: b6a45cdb-208a-4072-b459-a32f58db95f4] Workday factor: 0.48
2025-09-13 13:34:13,134 - attack_logger - INFO - [udp_flood] [Run ID: b6a45cdb-208a-4072-b459-a32f58db95f4] Session phases: 2
2025-09-13 13:34:13,134 - attack_logger - INFO - [udp_flood] [Run ID: b6a45cdb-208a-4072-b459-a32f58db95f4] Target port: 53 (DNS)
2025-09-13 13:34:13,134 - attack_logger - INFO - [udp_flood] [Run ID: b6a45cdb-208a-4072-b459-a32f58db95f4] Attack method: Enhanced UDP Flood with Human-like Timing
2025-09-13 13:34:13,134 - attack_logger - INFO - [udp_flood] [Run ID: b6a45cdb-208a-4072-b459-a32f58db95f4] Enhancement features: Human timing patterns, protocol compliance, network delay simulation
2025-09-13 13:34:13,134 - attack_logger - INFO - [udp_flood] [Run ID: b6a45cdb-208a-4072-b459-a32f58db95f4] DNS payloads: Realistic query patterns with varied domains
2025-09-13 13:34:13,134 - attack_logger - INFO - [udp_flood] [Run ID: b6a45cdb-208a-4072-b459-a32f58db95f4] ----------------------------------------
2025-09-13 13:34:13,216 - attack_logger - INFO - Attack: Enhanced UDP Flood completed.
2025-09-13 13:34:13,216 - attack_logger - INFO - Attack: Enhanced ICMP Flood (88s) | h1 -> h4
2025-09-13 13:34:15,738 - attack_logger - INFO - [icmp_flood] [Run ID: b8a099d8-258d-4c94-8fbf-6c86dd0f16d5] Starting Enhanced ICMP Flood with RFC 1918 IP Rotation from h1 to 192.168.20.12 for 88 seconds.
2025-09-13 13:34:15,738 - attack_logger - INFO - [icmp_flood] [Run ID: b8a099d8-258d-4c94-8fbf-6c86dd0f16d5] Attack Phase: Enhanced Traditional ICMP Flood - Attacker: h1, Target: 192.168.20.12, Duration: 88s
2025-09-13 13:34:15,738 - attack_logger - INFO - [icmp_flood] [Run ID: b8a099d8-258d-4c94-8fbf-6c86dd0f16d5] Enhanced Features: RFC 1918 IP rotation, human-like timing, protocol compliance, network delay simulation
2025-09-13 13:34:15,738 - attack_logger - INFO - [icmp_flood] [Run ID: b8a099d8-258d-4c94-8fbf-6c86dd0f16d5] IP Pool Size: 50 source IPs from RFC 1918 ranges (10.0.0.0/8, 172.16.0.0/12, 192.168.0.0/16)
2025-09-13 13:34:15,738 - attack_logger - INFO - [icmp_flood] [Run ID: b8a099d8-258d-4c94-8fbf-6c86dd0f16d5] Stress phase total: 26s (host: 13s, gateway: 13s), Advanced phase: 62s
2025-09-13 13:34:29,338 - attack_logger - INFO - [icmp_flood] [Run ID: b8a099d8-258d-4c94-8fbf-6c86dd0f16d5] Host stress sub-phase completed
2025-09-13 13:34:42,906 - attack_logger - INFO - [icmp_flood] [Run ID: b8a099d8-258d-4c94-8fbf-6c86dd0f16d5] Gateway stress sub-phase completed
2025-09-13 13:34:42,906 - attack_logger - INFO - [icmp_flood] [Run ID: b8a099d8-258d-4c94-8fbf-6c86dd0f16d5] Session pattern: 1 phases, Circadian factor: 0.80, Workday factor: 0.48
2025-09-13 13:34:42,906 - attack_logger - DEBUG - [icmp_flood] [Run ID: b8a099d8-258d-4c94-8fbf-6c86dd0f16d5] Starting enhanced ICMP packet generation with IP rotation and human-like timing
2025-09-13 13:34:42,914 - attack_logger - INFO - [icmp_flood] [Run ID: b8a099d8-258d-4c94-8fbf-6c86dd0f16d5] Enhanced ICMP flood with IP rotation process started (PID: 111768)
2025-09-13 13:34:55,035 - attack_logger - INFO - [icmp_flood] [Run ID: b8a099d8-258d-4c94-8fbf-6c86dd0f16d5] Attack progress: 12.1s elapsed, ~81 packets sent, Rate: 6.7 pps, IP rotations: ~5, Phase: active (intensity: 0.75)
2025-09-13 13:34:55,035 - attack_logger - DEBUG - [icmp_flood] [Run ID: b8a099d8-258d-4c94-8fbf-6c86dd0f16d5] Process stats - CPU: 0.0%, Memory: 60.4MB
2025-09-13 13:34:55,035 - attack_logger - DEBUG - [icmp_flood] [Run ID: b8a099d8-258d-4c94-8fbf-6c86dd0f16d5] Timing factors - Circadian: 0.80, Workday: 0.48, Adjusted rate: 6.7 pps
2025-09-13 13:35:07,103 - attack_logger - INFO - [icmp_flood] [Run ID: b8a099d8-258d-4c94-8fbf-6c86dd0f16d5] Attack progress: 24.2s elapsed, ~201 packets sent, Rate: 8.3 pps, IP rotations: ~13, Phase: active (intensity: 0.75)
2025-09-13 13:35:07,103 - attack_logger - DEBUG - [icmp_flood] [Run ID: b8a099d8-258d-4c94-8fbf-6c86dd0f16d5] Process stats - CPU: 0.0%, Memory: 60.7MB
2025-09-13 13:35:07,103 - attack_logger - DEBUG - [icmp_flood] [Run ID: b8a099d8-258d-4c94-8fbf-6c86dd0f16d5] Timing factors - Circadian: 0.80, Workday: 0.48, Adjusted rate: 8.3 pps
2025-09-13 13:35:19,135 - attack_logger - INFO - [icmp_flood] [Run ID: b8a099d8-258d-4c94-8fbf-6c86dd0f16d5] Attack progress: 36.2s elapsed, ~244 packets sent, Rate: 6.7 pps, IP rotations: ~16, Phase: active (intensity: 0.75)
2025-09-13 13:35:19,135 - attack_logger - DEBUG - [icmp_flood] [Run ID: b8a099d8-258d-4c94-8fbf-6c86dd0f16d5] Process stats - CPU: 0.0%, Memory: 60.7MB
2025-09-13 13:35:19,135 - attack_logger - DEBUG - [icmp_flood] [Run ID: b8a099d8-258d-4c94-8fbf-6c86dd0f16d5] Timing factors - Circadian: 0.80, Workday: 0.48, Adjusted rate: 6.7 pps
2025-09-13 13:35:31,191 - attack_logger - INFO - [icmp_flood] [Run ID: b8a099d8-258d-4c94-8fbf-6c86dd0f16d5] Attack progress: 48.3s elapsed, ~322 packets sent, Rate: 6.7 pps, IP rotations: ~21, Phase: active (intensity: 0.75)
2025-09-13 13:35:31,191 - attack_logger - DEBUG - [icmp_flood] [Run ID: b8a099d8-258d-4c94-8fbf-6c86dd0f16d5] Process stats - CPU: 0.0%, Memory: 60.7MB
2025-09-13 13:35:31,191 - attack_logger - DEBUG - [icmp_flood] [Run ID: b8a099d8-258d-4c94-8fbf-6c86dd0f16d5] Timing factors - Circadian: 0.80, Workday: 0.48, Adjusted rate: 6.7 pps
2025-09-13 13:35:43,207 - attack_logger - INFO - [icmp_flood] [Run ID: b8a099d8-258d-4c94-8fbf-6c86dd0f16d5] Attack progress: 60.3s elapsed, ~458 packets sent, Rate: 7.6 pps, IP rotations: ~30, Phase: active (intensity: 0.75)
2025-09-13 13:35:43,207 - attack_logger - DEBUG - [icmp_flood] [Run ID: b8a099d8-258d-4c94-8fbf-6c86dd0f16d5] Process stats - CPU: 0.0%, Memory: 60.7MB
2025-09-13 13:35:43,207 - attack_logger - DEBUG - [icmp_flood] [Run ID: b8a099d8-258d-4c94-8fbf-6c86dd0f16d5] Timing factors - Circadian: 0.80, Workday: 0.48, Adjusted rate: 7.6 pps
2025-09-13 13:35:44,996 - attack_logger - DEBUG - [icmp_flood] [Run ID: b8a099d8-258d-4c94-8fbf-6c86dd0f16d5] Sent SIGINT to ICMP flood process 111768
2025-09-13 13:35:45,498 - attack_logger - INFO - [icmp_flood] [Run ID: b8a099d8-258d-4c94-8fbf-6c86dd0f16d5] Enhanced ICMP Flood with RFC 1918 IP Rotation from h1 to 192.168.20.12 finished.
2025-09-13 13:35:45,498 - attack_logger - INFO - [icmp_flood] [Run ID: b8a099d8-258d-4c94-8fbf-6c86dd0f16d5] Attack completed. Total packets sent = 579, Average rate = 9.33 packets/sec.
2025-09-13 13:35:45,498 - attack_logger - INFO - [icmp_flood] [Run ID: b8a099d8-258d-4c94-8fbf-6c86dd0f16d5] --- Enhanced Attack Summary ---
2025-09-13 13:35:45,498 - attack_logger - INFO - [icmp_flood] [Run ID: b8a099d8-258d-4c94-8fbf-6c86dd0f16d5] Total packets sent: 579
2025-09-13 13:35:45,498 - attack_logger - INFO - [icmp_flood] [Run ID: b8a099d8-258d-4c94-8fbf-6c86dd0f16d5] Total IP rotations: ~38
2025-09-13 13:35:45,498 - attack_logger - INFO - [icmp_flood] [Run ID: b8a099d8-258d-4c94-8fbf-6c86dd0f16d5] RFC 1918 IP pool size: 50
2025-09-13 13:35:45,498 - attack_logger - INFO - [icmp_flood] [Run ID: b8a099d8-258d-4c94-8fbf-6c86dd0f16d5] IP ranges used: 10.0.0.0/8, 172.16.0.0/12, 192.168.0.0/16
2025-09-13 13:35:45,498 - attack_logger - INFO - [icmp_flood] [Run ID: b8a099d8-258d-4c94-8fbf-6c86dd0f16d5] Actual duration: 62.09s
2025-09-13 13:35:45,498 - attack_logger - INFO - [icmp_flood] [Run ID: b8a099d8-258d-4c94-8fbf-6c86dd0f16d5] Average rate: 9.33 packets/sec
2025-09-13 13:35:45,499 - attack_logger - INFO - [icmp_flood] [Run ID: b8a099d8-258d-4c94-8fbf-6c86dd0f16d5] Base rate: 24.3 pps
2025-09-13 13:35:45,499 - attack_logger - INFO - [icmp_flood] [Run ID: b8a099d8-258d-4c94-8fbf-6c86dd0f16d5] Circadian factor: 0.80
2025-09-13 13:35:45,499 - attack_logger - INFO - [icmp_flood] [Run ID: b8a099d8-258d-4c94-8fbf-6c86dd0f16d5] Workday factor: 0.48
2025-09-13 13:35:45,499 - attack_logger - INFO - [icmp_flood] [Run ID: b8a099d8-258d-4c94-8fbf-6c86dd0f16d5] Session phases: 1
2025-09-13 13:35:45,499 - attack_logger - INFO - [icmp_flood] [Run ID: b8a099d8-258d-4c94-8fbf-6c86dd0f16d5] ICMP type: Echo Request (8) with ID/Seq variations
2025-09-13 13:35:45,499 - attack_logger - INFO - [icmp_flood] [Run ID: b8a099d8-258d-4c94-8fbf-6c86dd0f16d5] Attack method: Enhanced ICMP Flood with RFC 1918 IP Rotation
2025-09-13 13:35:45,499 - attack_logger - INFO - [icmp_flood] [Run ID: b8a099d8-258d-4c94-8fbf-6c86dd0f16d5] Enhancement features: RFC 1918 IP rotation, human timing patterns, protocol compliance, network delay simulation
2025-09-13 13:35:45,499 - attack_logger - INFO - [icmp_flood] [Run ID: b8a099d8-258d-4c94-8fbf-6c86dd0f16d5] ----------------------------------------
2025-09-13 13:35:45,636 - attack_logger - INFO - Attack: Enhanced ICMP Flood completed.
2025-09-13 13:35:46,149 - attack_logger - INFO - Attack: ENHANCED Adversarial TCP State Exhaustion (72s) | h1 -> h6
2025-09-13 13:37:01,352 - attack_logger - INFO - Attack: ENHANCED Adversarial Application Layer (24s) | h1 -> h6
2025-09-13 13:37:28,648 - attack_logger - INFO - Attack: ENHANCED Adversarial Slow Read (72s) | h1 -> h6
2025-09-13 13:38:43,912 - attack_logger - INFO - Attack: ENHANCED Adversarial Slow Read completed.
