2025-07-18 06:14:46,127 - INFO - Reading packet data from dataset_generation/main_output/1607-1/cicflow_features_all.csv...
2025-07-18 06:14:46,209 - INFO - Converting timestamp column from string to numeric...
2025-07-18 06:14:46,213 - INFO - Parsing attack log from dataset_generation/main_output/1607-1/attack.log...
2025-07-18 06:14:46,256 - INFO - Found 6 attack types in log:
2025-07-18 06:14:46,256 - INFO -   syn_flood: 04:59:00 - 05:04:00 (300s)
2025-07-18 06:14:46,256 - INFO -   udp_flood: 05:04:07 - 05:09:07 (300s)
2025-07-18 06:14:46,256 - INFO -   icmp_flood: 05:09:12 - 05:14:12 (300s)
2025-07-18 06:14:46,257 - INFO -   ad_syn: 05:14:16 - 07:14:16 (7200s)
2025-07-18 06:14:46,257 - INFO -   ad_udp: 07:14:29 - 08:34:29 (4800s)
2025-07-18 06:14:46,257 - INFO -   ad_slow: 08:34:39 - 10:34:39 (7200s)
2025-07-18 06:14:46,257 - INFO - Classifying packets based on attack log timing...
2025-07-18 06:14:46,265 - INFO - Removing misclassified packets...
2025-07-18 06:14:46,266 - ERROR - Error processing dataset_generation/main_output/1607-1/cicflow_features_all.csv: 'ip_src'
2025-07-18 06:14:46,266 - ERROR - Packet classification fix failed!
2025-07-18 06:17:33,395 - INFO - Reading packet data from dataset_generation/main_output/1607-1/cicflow_features_all.csv...
2025-07-18 06:17:33,478 - INFO - Converting timestamp column from string to numeric...
2025-07-18 06:17:33,482 - INFO - Parsing attack log from dataset_generation/main_output/1607-1/attack.log...
2025-07-18 06:17:33,528 - INFO - Found 6 attack types in log:
2025-07-18 06:17:33,528 - INFO -   syn_flood: 04:59:00 - 05:04:00 (300s)
2025-07-18 06:17:33,529 - INFO -   udp_flood: 05:04:07 - 05:09:07 (300s)
2025-07-18 06:17:33,529 - INFO -   icmp_flood: 05:09:12 - 05:14:12 (300s)
2025-07-18 06:17:33,529 - INFO -   ad_syn: 05:14:16 - 07:14:16 (7200s)
2025-07-18 06:17:33,529 - INFO -   ad_udp: 07:14:29 - 08:34:29 (4800s)
2025-07-18 06:17:33,529 - INFO -   ad_slow: 08:34:39 - 10:34:39 (7200s)
2025-07-18 06:17:33,530 - INFO - Classifying packets based on attack log timing...
2025-07-18 06:17:33,541 - INFO - Removing misclassified packets...
2025-07-18 06:17:33,543 - INFO - Packet cleaning: 8564 -> 8564 (-0)
2025-07-18 06:17:33,543 - INFO - Final classification results:
2025-07-18 06:17:33,545 - INFO -   normal: 8564 packets
2025-07-18 06:17:33,545 - INFO - Saving corrected packet data to dataset_generation/main_output/1607-1/cicflow_features_all.csv...
2025-07-18 06:17:33,879 - INFO - Classification complete: 8564 -> 8564 packets
2025-07-18 06:17:33,880 - INFO - Packet classification fix completed successfully!
