2025-09-12 20:27:52 - [BENIGN] - INFO - Starting benign traffic for 200 seconds...
2025-09-12 20:27:52 - [BENIGN] - INFO - Protocol separation: h2↔h5 (ICMP), h3↔h5 (TCP/UDP)
2025-09-12 20:27:52 - [BENIGN] - DEBUG - Generated ICMP traffic h2↔h5 0 [len=84B]
2025-09-12 20:27:52 - [BENIGN] - DEBUG - Generated TCP SYN from h3:46343 -> h5:12345 [len=54B]
2025-09-12 20:27:53 - [BENIGN] - DEBUG - Generated TCP SYN-ACK from h5:12345 <- h3:46343 [len=54B]
2025-09-12 20:27:54 - [BENIGN] - DEBUG - Generated TCP ACK from h3:46343 -> h5:12345 [len=54B]
2025-09-12 20:27:54 - [BENIGN] - DEBUG - Generated TCP data traffic from h3:46343 -> h5:12345 [content='TCP data'] [Session 1] [len=533B]
2025-09-12 20:27:55 - [BENIGN] - DEBUG - Generated TCP ACK reply from h5:12345 <- h3:46343 [len=54B]
2025-09-12 20:27:56 - [BENIGN] - DEBUG - Generated UDP traffic from h3:40217 -> h5:12346 [content='41b3f2f05c2f2fe250242e252c565abe47ed9e8b...'] [Session 2] [len=1529B]
2025-09-12 20:27:56 - [BENIGN] - DEBUG - Generated Telnet SYN from h3:3333 -> h5:23 [len=54B]
2025-09-12 20:27:57 - [BENIGN] - DEBUG - Generated Telnet SYN-ACK from h5:23 <- h3:3333 [len=54B]
2025-09-12 20:27:58 - [BENIGN] - DEBUG - Generated Telnet ACK from h3:3333 -> h5:23 [len=54B]
2025-09-12 20:27:58 - [BENIGN] - DEBUG - Generated Telnet data traffic from h3:3333 -> h5:23 [content='Telnet command'] [Session 3] [len=464B]
2025-09-12 20:27:59 - [BENIGN] - DEBUG - Generated Telnet ACK reply from h5:23 <- h3:3333 [len=54B]
2025-09-12 20:27:59 - [BENIGN] - DEBUG - Generated SSH SYN from h3:39406 -> h5:22 [len=54B]
2025-09-12 20:28:00 - [BENIGN] - DEBUG - Generated SSH SYN-ACK from h5:22 <- h3:39406 [len=54B]
2025-09-12 20:28:01 - [BENIGN] - DEBUG - Generated SSH ACK from h3:39406 -> h5:22 [len=54B]
2025-09-12 20:28:01 - [BENIGN] - DEBUG - Generated SSH data traffic from h3:39406 -> h5:22 [content='SSH encrypted data'] [Session 4] [len=714B]
2025-09-12 20:28:02 - [BENIGN] - DEBUG - Generated SSH ACK reply from h5:22 <- h3:39406 [len=54B]
2025-09-12 20:28:03 - [BENIGN] - DEBUG - Generated FTP SYN from h3:31906 -> h5:21 [len=54B]
2025-09-12 20:28:03 - [BENIGN] - DEBUG - Generated FTP SYN-ACK from h5:21 <- h3:31906 [len=54B]
2025-09-12 20:28:04 - [BENIGN] - DEBUG - Generated FTP ACK from h3:31906 -> h5:21 [len=54B]
2025-09-12 20:28:05 - [BENIGN] - DEBUG - Generated FTP data traffic from h3:31906 -> h5:21 [content='FTP file transfer'] [Session 5] [len=723B]
2025-09-12 20:28:05 - [BENIGN] - DEBUG - Generated FTP ACK reply from h5:21 <- h3:31906 [len=54B]
2025-09-12 20:28:06 - [BENIGN] - DEBUG - Generated HTTP SYN from h3:64639 -> h5:80 [len=54B]
2025-09-12 20:28:06 - [BENIGN] - DEBUG - Generated HTTP SYN-ACK from h5:80 <- h3:64639 [len=54B]
2025-09-12 20:28:07 - [BENIGN] - DEBUG - Generated HTTP ACK from h3:64639 -> h5:80 [len=54B]
2025-09-12 20:28:08 - [BENIGN] - DEBUG - Generated HTTP data traffic from h3:64639 -> h5:80 [content='GET /index.html HTTP/1.1'] [Session 6] [len=528B]
2025-09-12 20:28:08 - [BENIGN] - DEBUG - Generated HTTP ACK reply from h5:80 <- h3:64639 [len=54B]
2025-09-12 20:28:09 - [BENIGN] - DEBUG - Generated HTTPS SYN from h3:45901 -> h5:443 [len=54B]
2025-09-12 20:28:10 - [BENIGN] - DEBUG - Generated HTTPS SYN-ACK from h5:443 <- h3:45901 [len=54B]
2025-09-12 20:28:10 - [BENIGN] - DEBUG - Generated HTTPS ACK from h3:45901 -> h5:443 [len=54B]
2025-09-12 20:28:11 - [BENIGN] - DEBUG - Generated HTTPS data traffic from h3:45901 -> h5:443 [content='Encrypted Application Data'] [Session 7] [len=719B]
2025-09-12 20:28:11 - [BENIGN] - DEBUG - Generated HTTPS ACK reply from h5:443 <- h3:45901 [len=54B]
2025-09-12 20:28:12 - [BENIGN] - DEBUG - Generated DNS query from h3:50163 -> h5:53 [qname='example.com'] [Session 8] [len=71B]
2025-09-12 20:28:12 - [BENIGN] - DEBUG - Generated ICMP traffic h2↔h5 1 [len=84B]
2025-09-12 20:28:13 - [BENIGN] - DEBUG - Generated TCP SYN from h3:12956 -> h5:12345 [len=54B]
2025-09-12 20:28:13 - [BENIGN] - DEBUG - Generated TCP SYN-ACK from h5:12345 <- h3:12956 [len=54B]
2025-09-12 20:28:14 - [BENIGN] - DEBUG - Generated TCP ACK from h3:12956 -> h5:12345 [len=54B]
2025-09-12 20:28:15 - [BENIGN] - DEBUG - Generated TCP data traffic from h3:12956 -> h5:12345 [content='TCP data'] [Session 9] [len=463B]
2025-09-12 20:28:15 - [BENIGN] - DEBUG - Generated TCP ACK reply from h5:12345 <- h3:12956 [len=54B]
2025-09-12 20:28:16 - [BENIGN] - DEBUG - Generated UDP traffic from h3:65316 -> h5:12346 [content='be25153c0b1a253d2ceaf1fb818d897a6a6ffa5f...'] [Session 10] [len=1081B]
2025-09-12 20:28:17 - [BENIGN] - DEBUG - Generated Telnet SYN from h3:17198 -> h5:23 [len=54B]
2025-09-12 20:28:17 - [BENIGN] - DEBUG - Generated Telnet SYN-ACK from h5:23 <- h3:17198 [len=54B]
2025-09-12 20:28:18 - [BENIGN] - DEBUG - Generated Telnet ACK from h3:17198 -> h5:23 [len=54B]
2025-09-12 20:28:18 - [BENIGN] - DEBUG - Generated Telnet data traffic from h3:17198 -> h5:23 [content='Telnet command'] [Session 11] [len=1118B]
2025-09-12 20:28:19 - [BENIGN] - DEBUG - Generated Telnet ACK reply from h5:23 <- h3:17198 [len=54B]
2025-09-12 20:28:20 - [BENIGN] - DEBUG - Generated SSH SYN from h3:44662 -> h5:22 [len=54B]
2025-09-12 20:28:20 - [BENIGN] - DEBUG - Generated SSH SYN-ACK from h5:22 <- h3:44662 [len=54B]
2025-09-12 20:28:21 - [BENIGN] - DEBUG - Generated SSH ACK from h3:44662 -> h5:22 [len=54B]
2025-09-12 20:28:22 - [BENIGN] - DEBUG - Generated SSH data traffic from h3:44662 -> h5:22 [content='SSH encrypted data'] [Session 12] [len=1106B]
2025-09-12 20:28:22 - [BENIGN] - DEBUG - Generated SSH ACK reply from h5:22 <- h3:44662 [len=54B]
2025-09-12 20:28:23 - [BENIGN] - DEBUG - Generated FTP SYN from h3:58828 -> h5:21 [len=54B]
2025-09-12 20:28:23 - [BENIGN] - DEBUG - Generated FTP SYN-ACK from h5:21 <- h3:58828 [len=54B]
2025-09-12 20:28:24 - [BENIGN] - DEBUG - Generated FTP ACK from h3:58828 -> h5:21 [len=54B]
2025-09-12 20:28:25 - [BENIGN] - DEBUG - Generated FTP data traffic from h3:58828 -> h5:21 [content='FTP file transfer'] [Session 13] [len=453B]
2025-09-12 20:28:25 - [BENIGN] - DEBUG - Generated FTP ACK reply from h5:21 <- h3:58828 [len=54B]
2025-09-12 20:28:26 - [BENIGN] - DEBUG - Generated HTTP SYN from h3:46777 -> h5:80 [len=54B]
2025-09-12 20:28:27 - [BENIGN] - DEBUG - Generated HTTP SYN-ACK from h5:80 <- h3:46777 [len=54B]
2025-09-12 20:28:27 - [BENIGN] - DEBUG - Generated HTTP ACK from h3:46777 -> h5:80 [len=54B]
2025-09-12 20:28:28 - [BENIGN] - DEBUG - Generated HTTP data traffic from h3:46777 -> h5:80 [content='GET /index.html HTTP/1.1'] [Session 14] [len=495B]
2025-09-12 20:28:28 - [BENIGN] - DEBUG - Generated HTTP ACK reply from h5:80 <- h3:46777 [len=54B]
2025-09-12 20:28:29 - [BENIGN] - DEBUG - Generated HTTPS SYN from h3:13821 -> h5:443 [len=54B]
2025-09-12 20:28:30 - [BENIGN] - DEBUG - Generated HTTPS SYN-ACK from h5:443 <- h3:13821 [len=54B]
2025-09-12 20:28:30 - [BENIGN] - DEBUG - Generated HTTPS ACK from h3:13821 -> h5:443 [len=54B]
2025-09-12 20:28:31 - [BENIGN] - DEBUG - Generated HTTPS data traffic from h3:13821 -> h5:443 [content='Encrypted Application Data'] [Session 15] [len=488B]
2025-09-12 20:28:32 - [BENIGN] - DEBUG - Generated HTTPS ACK reply from h5:443 <- h3:13821 [len=54B]
2025-09-12 20:28:32 - [BENIGN] - DEBUG - Generated DNS query from h3:62633 -> h5:53 [qname='example.com'] [Session 16] [len=71B]
2025-09-12 20:28:32 - [BENIGN] - DEBUG - Generated ICMP traffic h2↔h5 2 [len=84B]
2025-09-12 20:28:33 - [BENIGN] - DEBUG - Generated TCP SYN from h3:58584 -> h5:12345 [len=54B]
2025-09-12 20:28:34 - [BENIGN] - DEBUG - Generated TCP SYN-ACK from h5:12345 <- h3:58584 [len=54B]
2025-09-12 20:28:34 - [BENIGN] - DEBUG - Generated TCP ACK from h3:58584 -> h5:12345 [len=54B]
2025-09-12 20:28:35 - [BENIGN] - DEBUG - Generated TCP data traffic from h3:58584 -> h5:12345 [content='TCP data'] [Session 17] [len=974B]
2025-09-12 20:28:35 - [BENIGN] - DEBUG - Generated TCP ACK reply from h5:12345 <- h3:58584 [len=54B]
2025-09-12 20:28:36 - [BENIGN] - DEBUG - Generated UDP traffic from h3:13575 -> h5:12346 [content='ec83482b1910e2d8dc62dd4e108001bf593c005e...'] [Session 18] [len=704B]
2025-09-12 20:28:37 - [BENIGN] - DEBUG - Generated Telnet SYN from h3:59576 -> h5:23 [len=54B]
2025-09-12 20:28:37 - [BENIGN] - DEBUG - Generated Telnet SYN-ACK from h5:23 <- h3:59576 [len=54B]
2025-09-12 20:28:38 - [BENIGN] - DEBUG - Generated Telnet ACK from h3:59576 -> h5:23 [len=54B]
2025-09-12 20:28:39 - [BENIGN] - DEBUG - Generated Telnet data traffic from h3:59576 -> h5:23 [content='Telnet command'] [Session 19] [len=1050B]
2025-09-12 20:28:39 - [BENIGN] - DEBUG - Generated Telnet ACK reply from h5:23 <- h3:59576 [len=54B]
2025-09-12 20:28:40 - [BENIGN] - DEBUG - Generated SSH SYN from h3:11832 -> h5:22 [len=54B]
2025-09-12 20:28:40 - [BENIGN] - DEBUG - Generated SSH SYN-ACK from h5:22 <- h3:11832 [len=54B]
2025-09-12 20:28:41 - [BENIGN] - DEBUG - Generated SSH ACK from h3:11832 -> h5:22 [len=54B]
2025-09-12 20:28:42 - [BENIGN] - DEBUG - Generated SSH data traffic from h3:11832 -> h5:22 [content='SSH encrypted data'] [Session 20] [len=675B]
2025-09-12 20:28:42 - [BENIGN] - DEBUG - Generated SSH ACK reply from h5:22 <- h3:11832 [len=54B]
2025-09-12 20:28:43 - [BENIGN] - DEBUG - Generated FTP SYN from h3:38809 -> h5:21 [len=54B]
2025-09-12 20:28:44 - [BENIGN] - DEBUG - Generated FTP SYN-ACK from h5:21 <- h3:38809 [len=54B]
2025-09-12 20:28:44 - [BENIGN] - DEBUG - Generated FTP ACK from h3:38809 -> h5:21 [len=54B]
2025-09-12 20:28:45 - [BENIGN] - DEBUG - Generated FTP data traffic from h3:38809 -> h5:21 [content='FTP file transfer'] [Session 21] [len=185B]
2025-09-12 20:28:45 - [BENIGN] - DEBUG - Generated FTP ACK reply from h5:21 <- h3:38809 [len=54B]
2025-09-12 20:28:46 - [BENIGN] - DEBUG - Generated HTTP SYN from h3:14260 -> h5:80 [len=54B]
2025-09-12 20:28:47 - [BENIGN] - DEBUG - Generated HTTP SYN-ACK from h5:80 <- h3:14260 [len=54B]
2025-09-12 20:28:47 - [BENIGN] - DEBUG - Generated HTTP ACK from h3:14260 -> h5:80 [len=54B]
2025-09-12 20:28:48 - [BENIGN] - DEBUG - Generated HTTP data traffic from h3:14260 -> h5:80 [content='GET /index.html HTTP/1.1'] [Session 22] [len=297B]
2025-09-12 20:28:49 - [BENIGN] - DEBUG - Generated HTTP ACK reply from h5:80 <- h3:14260 [len=54B]
2025-09-12 20:28:49 - [BENIGN] - DEBUG - Generated HTTPS SYN from h3:28331 -> h5:443 [len=54B]
2025-09-12 20:28:50 - [BENIGN] - DEBUG - Generated HTTPS SYN-ACK from h5:443 <- h3:28331 [len=54B]
2025-09-12 20:28:51 - [BENIGN] - DEBUG - Generated HTTPS ACK from h3:28331 -> h5:443 [len=54B]
2025-09-12 20:28:51 - [BENIGN] - DEBUG - Generated HTTPS data traffic from h3:28331 -> h5:443 [content='Encrypted Application Data'] [Session 23] [len=301B]
2025-09-12 20:28:52 - [BENIGN] - DEBUG - Generated HTTPS ACK reply from h5:443 <- h3:28331 [len=54B]
2025-09-12 20:28:52 - [BENIGN] - DEBUG - Generated DNS query from h3:36132 -> h5:53 [qname='example.com'] [Session 24] [len=71B]
2025-09-12 20:28:52 - [BENIGN] - DEBUG - Generated ICMP traffic h2↔h5 3 [len=84B]
2025-09-12 20:28:53 - [BENIGN] - DEBUG - Generated TCP SYN from h3:47107 -> h5:12345 [len=54B]
2025-09-12 20:28:54 - [BENIGN] - DEBUG - Generated TCP SYN-ACK from h5:12345 <- h3:47107 [len=54B]
2025-09-12 20:28:54 - [BENIGN] - DEBUG - Generated TCP ACK from h3:47107 -> h5:12345 [len=54B]
2025-09-12 20:28:55 - [BENIGN] - DEBUG - Generated TCP data traffic from h3:47107 -> h5:12345 [content='TCP data'] [Session 25] [len=797B]
2025-09-12 20:28:56 - [BENIGN] - DEBUG - Generated TCP ACK reply from h5:12345 <- h3:47107 [len=54B]
2025-09-12 20:28:56 - [BENIGN] - DEBUG - Generated UDP traffic from h3:27040 -> h5:12346 [content='e973efd68343cb696910e7ea8e9ce45bbdc27705...'] [Session 26] [len=352B]
2025-09-12 20:28:57 - [BENIGN] - DEBUG - Generated Telnet SYN from h3:37830 -> h5:23 [len=54B]
2025-09-12 20:28:57 - [BENIGN] - DEBUG - Generated Telnet SYN-ACK from h5:23 <- h3:37830 [len=54B]
2025-09-12 20:28:58 - [BENIGN] - DEBUG - Generated Telnet ACK from h3:37830 -> h5:23 [len=54B]
2025-09-12 20:28:59 - [BENIGN] - DEBUG - Generated Telnet data traffic from h3:37830 -> h5:23 [content='Telnet command'] [Session 27] [len=1278B]
2025-09-12 20:28:59 - [BENIGN] - DEBUG - Generated Telnet ACK reply from h5:23 <- h3:37830 [len=54B]
2025-09-12 20:29:00 - [BENIGN] - DEBUG - Generated SSH SYN from h3:60640 -> h5:22 [len=54B]
2025-09-12 20:29:01 - [BENIGN] - DEBUG - Generated SSH SYN-ACK from h5:22 <- h3:60640 [len=54B]
2025-09-12 20:29:01 - [BENIGN] - DEBUG - Generated SSH ACK from h3:60640 -> h5:22 [len=54B]
2025-09-12 20:29:02 - [BENIGN] - DEBUG - Generated SSH data traffic from h3:60640 -> h5:22 [content='SSH encrypted data'] [Session 28] [len=884B]
2025-09-12 20:29:03 - [BENIGN] - DEBUG - Generated SSH ACK reply from h5:22 <- h3:60640 [len=54B]
2025-09-12 20:29:03 - [BENIGN] - DEBUG - Generated FTP SYN from h3:24247 -> h5:21 [len=54B]
2025-09-12 20:29:04 - [BENIGN] - DEBUG - Generated FTP SYN-ACK from h5:21 <- h3:24247 [len=54B]
2025-09-12 20:29:04 - [BENIGN] - DEBUG - Generated FTP ACK from h3:24247 -> h5:21 [len=54B]
2025-09-12 20:29:05 - [BENIGN] - DEBUG - Generated FTP data traffic from h3:24247 -> h5:21 [content='FTP file transfer'] [Session 29] [len=907B]
2025-09-12 20:29:06 - [BENIGN] - DEBUG - Generated FTP ACK reply from h5:21 <- h3:24247 [len=54B]
2025-09-12 20:29:06 - [BENIGN] - DEBUG - Generated HTTP SYN from h3:46622 -> h5:80 [len=54B]
2025-09-12 20:29:07 - [BENIGN] - DEBUG - Generated HTTP SYN-ACK from h5:80 <- h3:46622 [len=54B]
2025-09-12 20:29:08 - [BENIGN] - DEBUG - Generated HTTP ACK from h3:46622 -> h5:80 [len=54B]
2025-09-12 20:29:08 - [BENIGN] - DEBUG - Generated HTTP data traffic from h3:46622 -> h5:80 [content='GET /index.html HTTP/1.1'] [Session 30] [len=289B]
2025-09-12 20:29:09 - [BENIGN] - DEBUG - Generated HTTP ACK reply from h5:80 <- h3:46622 [len=54B]
2025-09-12 20:29:10 - [BENIGN] - DEBUG - Generated HTTPS SYN from h3:51507 -> h5:443 [len=54B]
2025-09-12 20:29:10 - [BENIGN] - DEBUG - Generated HTTPS SYN-ACK from h5:443 <- h3:51507 [len=54B]
2025-09-12 20:29:11 - [BENIGN] - DEBUG - Generated HTTPS ACK from h3:51507 -> h5:443 [len=54B]
2025-09-12 20:29:11 - [BENIGN] - DEBUG - Generated HTTPS data traffic from h3:51507 -> h5:443 [content='Encrypted Application Data'] [Session 31] [len=437B]
2025-09-12 20:29:12 - [BENIGN] - DEBUG - Generated HTTPS ACK reply from h5:443 <- h3:51507 [len=54B]
2025-09-12 20:29:13 - [BENIGN] - DEBUG - Generated DNS query from h3:10772 -> h5:53 [qname='example.com'] [Session 32] [len=71B]
2025-09-12 20:29:13 - [BENIGN] - DEBUG - Generated ICMP traffic h2↔h5 4 [len=84B]
2025-09-12 20:29:13 - [BENIGN] - DEBUG - Generated TCP SYN from h3:7971 -> h5:12345 [len=54B]
2025-09-12 20:29:14 - [BENIGN] - DEBUG - Generated TCP SYN-ACK from h5:12345 <- h3:7971 [len=54B]
2025-09-12 20:29:15 - [BENIGN] - DEBUG - Generated TCP ACK from h3:7971 -> h5:12345 [len=54B]
2025-09-12 20:29:15 - [BENIGN] - DEBUG - Generated TCP data traffic from h3:7971 -> h5:12345 [content='TCP data'] [Session 33] [len=1155B]
2025-09-12 20:29:16 - [BENIGN] - DEBUG - Generated TCP ACK reply from h5:12345 <- h3:7971 [len=54B]
2025-09-12 20:29:17 - [BENIGN] - DEBUG - Generated UDP traffic from h3:26659 -> h5:12346 [content='8781f019b264244ce7b0e181d904e1a6e77c10e0...'] [Session 34] [len=1252B]
2025-09-12 20:29:17 - [BENIGN] - DEBUG - Generated Telnet SYN from h3:48889 -> h5:23 [len=54B]
2025-09-12 20:29:18 - [BENIGN] - DEBUG - Generated Telnet SYN-ACK from h5:23 <- h3:48889 [len=54B]
2025-09-12 20:29:18 - [BENIGN] - DEBUG - Generated Telnet ACK from h3:48889 -> h5:23 [len=54B]
2025-09-12 20:29:19 - [BENIGN] - DEBUG - Generated Telnet data traffic from h3:48889 -> h5:23 [content='Telnet command'] [Session 35] [len=1381B]
2025-09-12 20:29:20 - [BENIGN] - DEBUG - Generated Telnet ACK reply from h5:23 <- h3:48889 [len=54B]
2025-09-12 20:29:20 - [BENIGN] - DEBUG - Generated SSH SYN from h3:11013 -> h5:22 [len=54B]
2025-09-12 20:29:21 - [BENIGN] - DEBUG - Generated SSH SYN-ACK from h5:22 <- h3:11013 [len=54B]
2025-09-12 20:29:22 - [BENIGN] - DEBUG - Generated SSH ACK from h3:11013 -> h5:22 [len=54B]
2025-09-12 20:29:22 - [BENIGN] - DEBUG - Generated SSH data traffic from h3:11013 -> h5:22 [content='SSH encrypted data'] [Session 36] [len=497B]
2025-09-12 20:29:23 - [BENIGN] - DEBUG - Generated SSH ACK reply from h5:22 <- h3:11013 [len=54B]
2025-09-12 20:29:23 - [BENIGN] - DEBUG - Generated FTP SYN from h3:21903 -> h5:21 [len=54B]
2025-09-12 20:29:24 - [BENIGN] - DEBUG - Generated FTP SYN-ACK from h5:21 <- h3:21903 [len=54B]
2025-09-12 20:29:25 - [BENIGN] - DEBUG - Generated FTP ACK from h3:21903 -> h5:21 [len=54B]
2025-09-12 20:29:25 - [BENIGN] - DEBUG - Generated FTP data traffic from h3:21903 -> h5:21 [content='FTP file transfer'] [Session 37] [len=830B]
2025-09-12 20:29:26 - [BENIGN] - DEBUG - Generated FTP ACK reply from h5:21 <- h3:21903 [len=54B]
2025-09-12 20:29:27 - [BENIGN] - DEBUG - Generated HTTP SYN from h3:23590 -> h5:80 [len=54B]
2025-09-12 20:29:27 - [BENIGN] - DEBUG - Generated HTTP SYN-ACK from h5:80 <- h3:23590 [len=54B]
2025-09-12 20:29:28 - [BENIGN] - DEBUG - Generated HTTP ACK from h3:23590 -> h5:80 [len=54B]
2025-09-12 20:29:29 - [BENIGN] - DEBUG - Generated HTTP data traffic from h3:23590 -> h5:80 [content='GET /index.html HTTP/1.1'] [Session 38] [len=574B]
2025-09-12 20:29:29 - [BENIGN] - DEBUG - Generated HTTP ACK reply from h5:80 <- h3:23590 [len=54B]
2025-09-12 20:29:30 - [BENIGN] - DEBUG - Generated HTTPS SYN from h3:59028 -> h5:443 [len=54B]
2025-09-12 20:29:31 - [BENIGN] - DEBUG - Generated HTTPS SYN-ACK from h5:443 <- h3:59028 [len=54B]
2025-09-12 20:29:31 - [BENIGN] - DEBUG - Generated HTTPS ACK from h3:59028 -> h5:443 [len=54B]
2025-09-12 20:29:32 - [BENIGN] - DEBUG - Generated HTTPS data traffic from h3:59028 -> h5:443 [content='Encrypted Application Data'] [Session 39] [len=807B]
2025-09-12 20:29:32 - [BENIGN] - DEBUG - Generated HTTPS ACK reply from h5:443 <- h3:59028 [len=54B]
2025-09-12 20:29:33 - [BENIGN] - DEBUG - Generated DNS query from h3:54874 -> h5:53 [qname='example.com'] [Session 40] [len=71B]
2025-09-12 20:29:33 - [BENIGN] - DEBUG - Generated ICMP traffic h2↔h5 5 [len=84B]
2025-09-12 20:29:34 - [BENIGN] - DEBUG - Generated TCP SYN from h3:48321 -> h5:12345 [len=54B]
2025-09-12 20:29:34 - [BENIGN] - DEBUG - Generated TCP SYN-ACK from h5:12345 <- h3:48321 [len=54B]
2025-09-12 20:29:35 - [BENIGN] - DEBUG - Generated TCP ACK from h3:48321 -> h5:12345 [len=54B]
2025-09-12 20:29:36 - [BENIGN] - DEBUG - Generated TCP data traffic from h3:48321 -> h5:12345 [content='TCP data'] [Session 41] [len=723B]
2025-09-12 20:29:36 - [BENIGN] - DEBUG - Generated TCP ACK reply from h5:12345 <- h3:48321 [len=54B]
2025-09-12 20:29:37 - [BENIGN] - DEBUG - Generated UDP traffic from h3:59782 -> h5:12346 [content='386f72409d4645c9921e40014a6f155f535f764f...'] [Session 42] [len=947B]
2025-09-12 20:29:38 - [BENIGN] - DEBUG - Generated Telnet SYN from h3:18308 -> h5:23 [len=54B]
2025-09-12 20:29:38 - [BENIGN] - DEBUG - Generated Telnet SYN-ACK from h5:23 <- h3:18308 [len=54B]
2025-09-12 20:29:39 - [BENIGN] - DEBUG - Generated Telnet ACK from h3:18308 -> h5:23 [len=54B]
2025-09-12 20:29:39 - [BENIGN] - DEBUG - Generated Telnet data traffic from h3:18308 -> h5:23 [content='Telnet command'] [Session 43] [len=1387B]
2025-09-12 20:29:40 - [BENIGN] - DEBUG - Generated Telnet ACK reply from h5:23 <- h3:18308 [len=54B]
2025-09-12 20:29:41 - [BENIGN] - DEBUG - Generated SSH SYN from h3:26324 -> h5:22 [len=54B]
2025-09-12 20:29:41 - [BENIGN] - DEBUG - Generated SSH SYN-ACK from h5:22 <- h3:26324 [len=54B]
2025-09-12 20:29:42 - [BENIGN] - DEBUG - Generated SSH ACK from h3:26324 -> h5:22 [len=54B]
2025-09-12 20:29:43 - [BENIGN] - DEBUG - Generated SSH data traffic from h3:26324 -> h5:22 [content='SSH encrypted data'] [Session 44] [len=1415B]
2025-09-12 20:29:43 - [BENIGN] - DEBUG - Generated SSH ACK reply from h5:22 <- h3:26324 [len=54B]
2025-09-12 20:29:44 - [BENIGN] - DEBUG - Generated FTP SYN from h3:64810 -> h5:21 [len=54B]
2025-09-12 20:29:44 - [BENIGN] - DEBUG - Generated FTP SYN-ACK from h5:21 <- h3:64810 [len=54B]
2025-09-12 20:29:45 - [BENIGN] - DEBUG - Generated FTP ACK from h3:64810 -> h5:21 [len=54B]
2025-09-12 20:29:46 - [BENIGN] - DEBUG - Generated FTP data traffic from h3:64810 -> h5:21 [content='FTP file transfer'] [Session 45] [len=668B]
2025-09-12 20:29:46 - [BENIGN] - DEBUG - Generated FTP ACK reply from h5:21 <- h3:64810 [len=54B]
2025-09-12 20:29:47 - [BENIGN] - DEBUG - Generated HTTP SYN from h3:34043 -> h5:80 [len=54B]
2025-09-12 20:29:48 - [BENIGN] - DEBUG - Generated HTTP SYN-ACK from h5:80 <- h3:34043 [len=54B]
2025-09-12 20:29:48 - [BENIGN] - DEBUG - Generated HTTP ACK from h3:34043 -> h5:80 [len=54B]
2025-09-12 20:29:49 - [BENIGN] - DEBUG - Generated HTTP data traffic from h3:34043 -> h5:80 [content='GET /index.html HTTP/1.1'] [Session 46] [len=458B]
2025-09-12 20:29:49 - [BENIGN] - DEBUG - Generated HTTP ACK reply from h5:80 <- h3:34043 [len=54B]
2025-09-12 20:29:50 - [BENIGN] - DEBUG - Generated HTTPS SYN from h3:54325 -> h5:443 [len=54B]
2025-09-12 20:29:51 - [BENIGN] - DEBUG - Generated HTTPS SYN-ACK from h5:443 <- h3:54325 [len=54B]
2025-09-12 20:29:51 - [BENIGN] - DEBUG - Generated HTTPS ACK from h3:54325 -> h5:443 [len=54B]
2025-09-12 20:29:52 - [BENIGN] - DEBUG - Generated HTTPS data traffic from h3:54325 -> h5:443 [content='Encrypted Application Data'] [Session 47] [len=714B]
2025-09-12 20:29:53 - [BENIGN] - DEBUG - Generated HTTPS ACK reply from h5:443 <- h3:54325 [len=54B]
2025-09-12 20:29:53 - [BENIGN] - DEBUG - Generated DNS query from h3:53472 -> h5:53 [qname='example.com'] [Session 48] [len=71B]
2025-09-12 20:29:53 - [BENIGN] - DEBUG - Generated ICMP traffic h2↔h5 6 [len=84B]
2025-09-12 20:29:54 - [BENIGN] - DEBUG - Generated TCP SYN from h3:54110 -> h5:12345 [len=54B]
2025-09-12 20:29:55 - [BENIGN] - DEBUG - Generated TCP SYN-ACK from h5:12345 <- h3:54110 [len=54B]
2025-09-12 20:29:55 - [BENIGN] - DEBUG - Generated TCP ACK from h3:54110 -> h5:12345 [len=54B]
2025-09-12 20:29:56 - [BENIGN] - DEBUG - Generated TCP data traffic from h3:54110 -> h5:12345 [content='TCP data'] [Session 49] [len=693B]
2025-09-12 20:29:56 - [BENIGN] - DEBUG - Generated TCP ACK reply from h5:12345 <- h3:54110 [len=54B]
2025-09-12 20:29:57 - [BENIGN] - DEBUG - Generated UDP traffic from h3:44514 -> h5:12346 [content='7d2788958dc1847c159e6f5b001b575799fff738...'] [Session 50] [len=638B]
2025-09-12 20:29:58 - [BENIGN] - DEBUG - Generated Telnet SYN from h3:41507 -> h5:23 [len=54B]
2025-09-12 20:29:58 - [BENIGN] - DEBUG - Generated Telnet SYN-ACK from h5:23 <- h3:41507 [len=54B]
2025-09-12 20:29:59 - [BENIGN] - DEBUG - Generated Telnet ACK from h3:41507 -> h5:23 [len=54B]
2025-09-12 20:29:59 - [BENIGN] - DEBUG - Generated Telnet data traffic from h3:41507 -> h5:23 [content='Telnet command'] [Session 51] [len=1272B]
2025-09-12 20:30:00 - [BENIGN] - DEBUG - Generated Telnet ACK reply from h5:23 <- h3:41507 [len=54B]
2025-09-12 20:30:01 - [BENIGN] - DEBUG - Generated SSH SYN from h3:31283 -> h5:22 [len=54B]
2025-09-12 20:30:01 - [BENIGN] - DEBUG - Generated SSH SYN-ACK from h5:22 <- h3:31283 [len=54B]
2025-09-12 20:30:02 - [BENIGN] - DEBUG - Generated SSH ACK from h3:31283 -> h5:22 [len=54B]
2025-09-12 20:30:03 - [BENIGN] - DEBUG - Generated SSH data traffic from h3:31283 -> h5:22 [content='SSH encrypted data'] [Session 52] [len=691B]
2025-09-12 20:30:03 - [BENIGN] - DEBUG - Generated SSH ACK reply from h5:22 <- h3:31283 [len=54B]
2025-09-12 20:30:04 - [BENIGN] - DEBUG - Generated FTP SYN from h3:8384 -> h5:21 [len=54B]
2025-09-12 20:30:04 - [BENIGN] - DEBUG - Generated FTP SYN-ACK from h5:21 <- h3:8384 [len=54B]
2025-09-12 20:30:05 - [BENIGN] - DEBUG - Generated FTP ACK from h3:8384 -> h5:21 [len=54B]
2025-09-12 20:30:06 - [BENIGN] - DEBUG - Generated FTP data traffic from h3:8384 -> h5:21 [content='FTP file transfer'] [Session 53] [len=112B]
2025-09-12 20:30:06 - [BENIGN] - DEBUG - Generated FTP ACK reply from h5:21 <- h3:8384 [len=54B]
2025-09-12 20:30:07 - [BENIGN] - DEBUG - Generated HTTP SYN from h3:9242 -> h5:80 [len=54B]
2025-09-12 20:30:08 - [BENIGN] - DEBUG - Generated HTTP SYN-ACK from h5:80 <- h3:9242 [len=54B]
2025-09-12 20:30:08 - [BENIGN] - DEBUG - Generated HTTP ACK from h3:9242 -> h5:80 [len=54B]
2025-09-12 20:30:09 - [BENIGN] - DEBUG - Generated HTTP data traffic from h3:9242 -> h5:80 [content='GET /index.html HTTP/1.1'] [Session 54] [len=349B]
2025-09-12 20:30:09 - [BENIGN] - DEBUG - Generated HTTP ACK reply from h5:80 <- h3:9242 [len=54B]
2025-09-12 20:30:10 - [BENIGN] - DEBUG - Generated HTTPS SYN from h3:32848 -> h5:443 [len=54B]
2025-09-12 20:30:11 - [BENIGN] - DEBUG - Generated HTTPS SYN-ACK from h5:443 <- h3:32848 [len=54B]
2025-09-12 20:30:11 - [BENIGN] - DEBUG - Generated HTTPS ACK from h3:32848 -> h5:443 [len=54B]
2025-09-12 20:30:12 - [BENIGN] - DEBUG - Generated HTTPS data traffic from h3:32848 -> h5:443 [content='Encrypted Application Data'] [Session 55] [len=609B]
2025-09-12 20:30:12 - [BENIGN] - DEBUG - Generated HTTPS ACK reply from h5:443 <- h3:32848 [len=54B]
2025-09-12 20:30:13 - [BENIGN] - DEBUG - Generated DNS query from h3:47539 -> h5:53 [qname='example.com'] [Session 56] [len=71B]
2025-09-12 20:30:13 - [BENIGN] - DEBUG - Generated ICMP traffic h2↔h5 7 [len=84B]
2025-09-12 20:30:14 - [BENIGN] - DEBUG - Generated TCP SYN from h3:57764 -> h5:12345 [len=54B]
2025-09-12 20:30:14 - [BENIGN] - DEBUG - Generated TCP SYN-ACK from h5:12345 <- h3:57764 [len=54B]
2025-09-12 20:30:15 - [BENIGN] - DEBUG - Generated TCP ACK from h3:57764 -> h5:12345 [len=54B]
2025-09-12 20:30:16 - [BENIGN] - DEBUG - Generated TCP data traffic from h3:57764 -> h5:12345 [content='TCP data'] [Session 57] [len=1217B]
2025-09-12 20:30:16 - [BENIGN] - DEBUG - Generated TCP ACK reply from h5:12345 <- h3:57764 [len=54B]
2025-09-12 20:30:17 - [BENIGN] - DEBUG - Generated UDP traffic from h3:13974 -> h5:12346 [content='d2a2ffa6f78e903df902a914a702c66604fde476...'] [Session 58] [len=407B]
2025-09-12 20:30:18 - [BENIGN] - DEBUG - Generated Telnet SYN from h3:23370 -> h5:23 [len=54B]
2025-09-12 20:30:18 - [BENIGN] - DEBUG - Generated Telnet SYN-ACK from h5:23 <- h3:23370 [len=54B]
2025-09-12 20:30:19 - [BENIGN] - DEBUG - Generated Telnet ACK from h3:23370 -> h5:23 [len=54B]
2025-09-12 20:30:19 - [BENIGN] - DEBUG - Generated Telnet data traffic from h3:23370 -> h5:23 [content='Telnet command'] [Session 59] [len=164B]
2025-09-12 20:30:20 - [BENIGN] - DEBUG - Generated Telnet ACK reply from h5:23 <- h3:23370 [len=54B]
2025-09-12 20:30:21 - [BENIGN] - DEBUG - Generated SSH SYN from h3:64982 -> h5:22 [len=54B]
2025-09-12 20:30:21 - [BENIGN] - DEBUG - Generated SSH SYN-ACK from h5:22 <- h3:64982 [len=54B]
2025-09-12 20:30:22 - [BENIGN] - DEBUG - Generated SSH ACK from h3:64982 -> h5:22 [len=54B]
2025-09-12 20:30:23 - [BENIGN] - DEBUG - Generated SSH data traffic from h3:64982 -> h5:22 [content='SSH encrypted data'] [Session 60] [len=1053B]
2025-09-12 20:30:23 - [BENIGN] - DEBUG - Generated SSH ACK reply from h5:22 <- h3:64982 [len=54B]
2025-09-12 20:30:24 - [BENIGN] - DEBUG - Generated FTP SYN from h3:30733 -> h5:21 [len=54B]
2025-09-12 20:30:24 - [BENIGN] - DEBUG - Generated FTP SYN-ACK from h5:21 <- h3:30733 [len=54B]
2025-09-12 20:30:25 - [BENIGN] - DEBUG - Generated FTP ACK from h3:30733 -> h5:21 [len=54B]
2025-09-12 20:30:26 - [BENIGN] - DEBUG - Generated FTP data traffic from h3:30733 -> h5:21 [content='FTP file transfer'] [Session 61] [len=466B]
2025-09-12 20:30:26 - [BENIGN] - DEBUG - Generated FTP ACK reply from h5:21 <- h3:30733 [len=54B]
2025-09-12 20:30:27 - [BENIGN] - DEBUG - Generated HTTP SYN from h3:32690 -> h5:80 [len=54B]
2025-09-12 20:30:28 - [BENIGN] - DEBUG - Generated HTTP SYN-ACK from h5:80 <- h3:32690 [len=54B]
2025-09-12 20:30:28 - [BENIGN] - DEBUG - Generated HTTP ACK from h3:32690 -> h5:80 [len=54B]
2025-09-12 20:30:29 - [BENIGN] - DEBUG - Generated HTTP data traffic from h3:32690 -> h5:80 [content='GET /index.html HTTP/1.1'] [Session 62] [len=323B]
2025-09-12 20:30:30 - [BENIGN] - DEBUG - Generated HTTP ACK reply from h5:80 <- h3:32690 [len=54B]
2025-09-12 20:30:30 - [BENIGN] - DEBUG - Generated HTTPS SYN from h3:8268 -> h5:443 [len=54B]
2025-09-12 20:30:31 - [BENIGN] - DEBUG - Generated HTTPS SYN-ACK from h5:443 <- h3:8268 [len=54B]
2025-09-12 20:30:31 - [BENIGN] - DEBUG - Generated HTTPS ACK from h3:8268 -> h5:443 [len=54B]
2025-09-12 20:30:32 - [BENIGN] - DEBUG - Generated HTTPS data traffic from h3:8268 -> h5:443 [content='Encrypted Application Data'] [Session 63] [len=610B]
2025-09-12 20:30:33 - [BENIGN] - DEBUG - Generated HTTPS ACK reply from h5:443 <- h3:8268 [len=54B]
2025-09-12 20:30:33 - [BENIGN] - DEBUG - Generated DNS query from h3:32908 -> h5:53 [qname='example.com'] [Session 64] [len=71B]
2025-09-12 20:30:33 - [BENIGN] - DEBUG - Generated ICMP traffic h2↔h5 8 [len=84B]
2025-09-12 20:30:34 - [BENIGN] - DEBUG - Generated TCP SYN from h3:5806 -> h5:12345 [len=54B]
2025-09-12 20:30:35 - [BENIGN] - DEBUG - Generated TCP SYN-ACK from h5:12345 <- h3:5806 [len=54B]
2025-09-12 20:30:35 - [BENIGN] - DEBUG - Generated TCP ACK from h3:5806 -> h5:12345 [len=54B]
2025-09-12 20:30:36 - [BENIGN] - DEBUG - Generated TCP data traffic from h3:5806 -> h5:12345 [content='TCP data'] [Session 65] [len=1050B]
2025-09-12 20:30:37 - [BENIGN] - DEBUG - Generated TCP ACK reply from h5:12345 <- h3:5806 [len=54B]
2025-09-12 20:30:37 - [BENIGN] - DEBUG - Generated UDP traffic from h3:5922 -> h5:12346 [content='db1efab8ab24b2c48bd7199fa523589a111088e1...'] [Session 66] [len=562B]
2025-09-12 20:30:38 - [BENIGN] - DEBUG - Generated Telnet SYN from h3:30013 -> h5:23 [len=54B]
2025-09-12 20:30:38 - [BENIGN] - DEBUG - Generated Telnet SYN-ACK from h5:23 <- h3:30013 [len=54B]
2025-09-12 20:30:39 - [BENIGN] - DEBUG - Generated Telnet ACK from h3:30013 -> h5:23 [len=54B]
2025-09-12 20:30:40 - [BENIGN] - DEBUG - Generated Telnet data traffic from h3:30013 -> h5:23 [content='Telnet command'] [Session 67] [len=508B]
2025-09-12 20:30:40 - [BENIGN] - DEBUG - Generated Telnet ACK reply from h5:23 <- h3:30013 [len=54B]
2025-09-12 20:30:41 - [BENIGN] - DEBUG - Generated SSH SYN from h3:29428 -> h5:22 [len=54B]
2025-09-12 20:30:41 - [BENIGN] - DEBUG - Generated SSH SYN-ACK from h5:22 <- h3:29428 [len=54B]
2025-09-12 20:30:42 - [BENIGN] - DEBUG - Generated SSH ACK from h3:29428 -> h5:22 [len=54B]
2025-09-12 20:30:43 - [BENIGN] - DEBUG - Generated SSH data traffic from h3:29428 -> h5:22 [content='SSH encrypted data'] [Session 68] [len=1246B]
2025-09-12 20:30:43 - [BENIGN] - DEBUG - Generated SSH ACK reply from h5:22 <- h3:29428 [len=54B]
2025-09-12 20:30:44 - [BENIGN] - DEBUG - Generated FTP SYN from h3:3400 -> h5:21 [len=54B]
2025-09-12 20:30:45 - [BENIGN] - DEBUG - Generated FTP SYN-ACK from h5:21 <- h3:3400 [len=54B]
2025-09-12 20:30:45 - [BENIGN] - DEBUG - Generated FTP ACK from h3:3400 -> h5:21 [len=54B]
2025-09-12 20:30:46 - [BENIGN] - DEBUG - Generated FTP data traffic from h3:3400 -> h5:21 [content='FTP file transfer'] [Session 69] [len=315B]
2025-09-12 20:30:46 - [BENIGN] - DEBUG - Generated FTP ACK reply from h5:21 <- h3:3400 [len=54B]
2025-09-12 20:30:47 - [BENIGN] - DEBUG - Generated HTTP SYN from h3:13116 -> h5:80 [len=54B]
2025-09-12 20:30:48 - [BENIGN] - DEBUG - Generated HTTP SYN-ACK from h5:80 <- h3:13116 [len=54B]
2025-09-12 20:30:48 - [BENIGN] - DEBUG - Generated HTTP ACK from h3:13116 -> h5:80 [len=54B]
2025-09-12 20:30:49 - [BENIGN] - DEBUG - Generated HTTP data traffic from h3:13116 -> h5:80 [content='GET /index.html HTTP/1.1'] [Session 70] [len=259B]
2025-09-12 20:30:50 - [BENIGN] - DEBUG - Generated HTTP ACK reply from h5:80 <- h3:13116 [len=54B]
2025-09-12 20:30:50 - [BENIGN] - DEBUG - Generated HTTPS SYN from h3:45013 -> h5:443 [len=54B]
2025-09-12 20:30:51 - [BENIGN] - DEBUG - Generated HTTPS SYN-ACK from h5:443 <- h3:45013 [len=54B]
2025-09-12 20:30:51 - [BENIGN] - DEBUG - Generated HTTPS ACK from h3:45013 -> h5:443 [len=54B]
2025-09-12 20:30:52 - [BENIGN] - DEBUG - Generated HTTPS data traffic from h3:45013 -> h5:443 [content='Encrypted Application Data'] [Session 71] [len=364B]
2025-09-12 20:30:53 - [BENIGN] - DEBUG - Generated HTTPS ACK reply from h5:443 <- h3:45013 [len=54B]
2025-09-12 20:30:53 - [BENIGN] - DEBUG - Generated DNS query from h3:17698 -> h5:53 [qname='example.com'] [Session 72] [len=71B]
2025-09-12 20:30:53 - [BENIGN] - DEBUG - Generated ICMP traffic h2↔h5 9 [len=84B]
2025-09-12 20:30:54 - [BENIGN] - DEBUG - Generated TCP SYN from h3:60220 -> h5:12345 [len=54B]
2025-09-12 20:30:55 - [BENIGN] - DEBUG - Generated TCP SYN-ACK from h5:12345 <- h3:60220 [len=54B]
2025-09-12 20:30:55 - [BENIGN] - DEBUG - Generated TCP ACK from h3:60220 -> h5:12345 [len=54B]
2025-09-12 20:30:56 - [BENIGN] - DEBUG - Generated TCP data traffic from h3:60220 -> h5:12345 [content='TCP data'] [Session 73] [len=1105B]
2025-09-12 20:30:57 - [BENIGN] - DEBUG - Generated TCP ACK reply from h5:12345 <- h3:60220 [len=54B]
2025-09-12 20:30:57 - [BENIGN] - DEBUG - Generated UDP traffic from h3:8648 -> h5:12346 [content='a6cab2d69edbc99bdc458d2a20fe370b5d2962c5...'] [Session 74] [len=529B]
2025-09-12 20:30:58 - [BENIGN] - DEBUG - Generated Telnet SYN from h3:51795 -> h5:23 [len=54B]
2025-09-12 20:30:58 - [BENIGN] - DEBUG - Generated Telnet SYN-ACK from h5:23 <- h3:51795 [len=54B]
2025-09-12 20:30:59 - [BENIGN] - DEBUG - Generated Telnet ACK from h3:51795 -> h5:23 [len=54B]
2025-09-12 20:31:00 - [BENIGN] - DEBUG - Generated Telnet data traffic from h3:51795 -> h5:23 [content='Telnet command'] [Session 75] [len=1180B]
2025-09-12 20:31:00 - [BENIGN] - DEBUG - Generated Telnet ACK reply from h5:23 <- h3:51795 [len=54B]
2025-09-12 20:31:01 - [BENIGN] - DEBUG - Generated SSH SYN from h3:24264 -> h5:22 [len=54B]
2025-09-12 20:31:02 - [BENIGN] - DEBUG - Generated SSH SYN-ACK from h5:22 <- h3:24264 [len=54B]
2025-09-12 20:31:02 - [BENIGN] - DEBUG - Generated SSH ACK from h3:24264 -> h5:22 [len=54B]
2025-09-12 20:31:03 - [BENIGN] - DEBUG - Generated SSH data traffic from h3:24264 -> h5:22 [content='SSH encrypted data'] [Session 76] [len=910B]
2025-09-12 20:31:03 - [BENIGN] - DEBUG - Generated SSH ACK reply from h5:22 <- h3:24264 [len=54B]
2025-09-12 20:31:04 - [BENIGN] - DEBUG - Generated FTP SYN from h3:2847 -> h5:21 [len=54B]
2025-09-12 20:31:05 - [BENIGN] - DEBUG - Generated FTP SYN-ACK from h5:21 <- h3:2847 [len=54B]
2025-09-12 20:31:05 - [BENIGN] - DEBUG - Generated FTP ACK from h3:2847 -> h5:21 [len=54B]
2025-09-12 20:31:06 - [BENIGN] - DEBUG - Generated FTP data traffic from h3:2847 -> h5:21 [content='FTP file transfer'] [Session 77] [len=243B]
2025-09-12 20:31:06 - [BENIGN] - DEBUG - Generated FTP ACK reply from h5:21 <- h3:2847 [len=54B]
2025-09-12 20:31:07 - [BENIGN] - DEBUG - Generated HTTP SYN from h3:49060 -> h5:80 [len=54B]
2025-09-12 20:31:08 - [BENIGN] - DEBUG - Generated HTTP SYN-ACK from h5:80 <- h3:49060 [len=54B]
2025-09-12 20:31:08 - [BENIGN] - DEBUG - Generated HTTP ACK from h3:49060 -> h5:80 [len=54B]
2025-09-12 20:31:09 - [BENIGN] - DEBUG - Generated HTTP data traffic from h3:49060 -> h5:80 [content='GET /index.html HTTP/1.1'] [Session 78] [len=490B]
2025-09-12 20:31:10 - [BENIGN] - DEBUG - Generated HTTP ACK reply from h5:80 <- h3:49060 [len=54B]
2025-09-12 20:31:10 - [BENIGN] - DEBUG - Generated HTTPS SYN from h3:4610 -> h5:443 [len=54B]
2025-09-12 20:31:11 - [BENIGN] - DEBUG - Generated HTTPS SYN-ACK from h5:443 <- h3:4610 [len=54B]
2025-09-12 20:31:12 - [BENIGN] - DEBUG - Generated HTTPS ACK from h3:4610 -> h5:443 [len=54B]
2025-09-12 20:31:12 - [BENIGN] - DEBUG - Generated HTTPS data traffic from h3:4610 -> h5:443 [content='Encrypted Application Data'] [Session 79] [len=351B]
2025-09-12 20:31:13 - [BENIGN] - DEBUG - Generated HTTPS ACK reply from h5:443 <- h3:4610 [len=54B]
2025-09-12 20:31:13 - [BENIGN] - DEBUG - Generated DNS query from h3:10040 -> h5:53 [qname='example.com'] [Session 80] [len=71B]
2025-09-12 20:31:13 - [BENIGN] - INFO - Benign traffic finished.
2025-09-12 20:31:13 - [BENIGN] - INFO - Summary: 80 protocol sessions with protocol separation:
2025-09-12 20:31:13 - [BENIGN] - INFO -   - h2↔h5: ICMP ping traffic
2025-09-12 20:31:13 - [BENIGN] - INFO -   - h3↔h5: TCP/UDP traffic [TCP, UDP, Telnet, SSH, FTP, HTTP, HTTPS, DNS]
2025-09-12 20:31:13 - [BENIGN] - INFO - Total packets sent: 340
