2025-09-12 17:08:09,303 - attack_logger - INFO - Attack: Enhanced SYN Flood (11s) | h1 -> h6
2025-09-12 17:08:11,818 - attack_logger - INFO - [syn_flood] [Run ID: 84a996a6-d5c4-4272-a71f-05067a250e36] Starting Enhanced SYN Flood from h1 to 192.168.30.10 for 11 seconds.
2025-09-12 17:08:11,818 - attack_logger - INFO - [syn_flood] [Run ID: 84a996a6-d5c4-4272-a71f-05067a250e36] Attack Phase: Enhanced Traditional SYN Flood - Attacker: h1, Target: 192.168.30.10:80, Duration: 11s
2025-09-12 17:08:11,818 - attack_logger - INFO - [syn_flood] [Run ID: 84a996a6-d5c4-4272-a71f-05067a250e36] Enhanced Features: Human-like timing, protocol compliance, network delay simulation
2025-09-12 17:08:11,818 - attack_logger - INFO - [syn_flood] [Run ID: 84a996a6-d5c4-4272-a71f-05067a250e36] Session pattern: 1 phases, Circadian factor: 0.80, Workday factor: 0.96
2025-09-12 17:08:11,818 - attack_logger - DEBUG - [syn_flood] [Run ID: 84a996a6-d5c4-4272-a71f-05067a250e36] Starting enhanced SYN packet generation with human-like timing
2025-09-12 17:08:11,818 - attack_logger - INFO - [syn_flood] [Run ID: 84a996a6-d5c4-4272-a71f-05067a250e36] Stress phase: 3s, Advanced phase: 8s
2025-09-12 17:08:15,394 - attack_logger - INFO - [syn_flood] [Run ID: 84a996a6-d5c4-4272-a71f-05067a250e36] Stress phase completed
2025-09-12 17:08:15,407 - attack_logger - INFO - [syn_flood] [Run ID: 84a996a6-d5c4-4272-a71f-05067a250e36] Enhanced SYN flood process started (PID: 106739)
2025-09-12 17:08:16,522 - attack_logger - INFO - [syn_flood] [Run ID: 84a996a6-d5c4-4272-a71f-05067a250e36] Attack progress: 1.1s elapsed, ~13 packets sent, Rate: 11.5 pps, Phase: active (intensity: 0.71)
2025-09-12 17:08:16,522 - attack_logger - DEBUG - [syn_flood] [Run ID: 84a996a6-d5c4-4272-a71f-05067a250e36] Process stats - CPU: 0.0%, Memory: 60.2MB
2025-09-12 17:08:16,522 - attack_logger - DEBUG - [syn_flood] [Run ID: 84a996a6-d5c4-4272-a71f-05067a250e36] Timing factors - Circadian: 0.80, Workday: 0.96, Adjusted rate: 12.0 pps
2025-09-12 17:08:17,545 - attack_logger - INFO - [syn_flood] [Run ID: 84a996a6-d5c4-4272-a71f-05067a250e36] Attack progress: 2.2s elapsed, ~34 packets sent, Rate: 15.8 pps, Phase: active (intensity: 0.71)
2025-09-12 17:08:17,545 - attack_logger - DEBUG - [syn_flood] [Run ID: 84a996a6-d5c4-4272-a71f-05067a250e36] Process stats - CPU: 0.0%, Memory: 60.2MB
2025-09-12 17:08:17,545 - attack_logger - DEBUG - [syn_flood] [Run ID: 84a996a6-d5c4-4272-a71f-05067a250e36] Timing factors - Circadian: 0.80, Workday: 0.96, Adjusted rate: 16.0 pps
2025-09-12 17:08:18,571 - attack_logger - INFO - [syn_flood] [Run ID: 84a996a6-d5c4-4272-a71f-05067a250e36] Attack progress: 3.2s elapsed, ~49 packets sent, Rate: 15.4 pps, Phase: active (intensity: 0.71)
2025-09-12 17:08:18,571 - attack_logger - DEBUG - [syn_flood] [Run ID: 84a996a6-d5c4-4272-a71f-05067a250e36] Process stats - CPU: 0.0%, Memory: 60.2MB
2025-09-12 17:08:18,571 - attack_logger - DEBUG - [syn_flood] [Run ID: 84a996a6-d5c4-4272-a71f-05067a250e36] Timing factors - Circadian: 0.80, Workday: 0.96, Adjusted rate: 15.5 pps
2025-09-12 17:08:19,573 - attack_logger - INFO - [syn_flood] [Run ID: 84a996a6-d5c4-4272-a71f-05067a250e36] Attack progress: 4.2s elapsed, ~61 packets sent, Rate: 14.6 pps, Phase: active (intensity: 0.71)
2025-09-12 17:08:19,573 - attack_logger - DEBUG - [syn_flood] [Run ID: 84a996a6-d5c4-4272-a71f-05067a250e36] Process stats - CPU: 0.0%, Memory: 60.2MB
2025-09-12 17:08:19,573 - attack_logger - DEBUG - [syn_flood] [Run ID: 84a996a6-d5c4-4272-a71f-05067a250e36] Timing factors - Circadian: 0.80, Workday: 0.96, Adjusted rate: 14.7 pps
2025-09-12 17:08:20,611 - attack_logger - INFO - [syn_flood] [Run ID: 84a996a6-d5c4-4272-a71f-05067a250e36] Attack progress: 5.2s elapsed, ~60 packets sent, Rate: 11.5 pps, Phase: active (intensity: 0.71)
2025-09-12 17:08:20,611 - attack_logger - DEBUG - [syn_flood] [Run ID: 84a996a6-d5c4-4272-a71f-05067a250e36] Process stats - CPU: 0.0%, Memory: 60.2MB
2025-09-12 17:08:20,611 - attack_logger - DEBUG - [syn_flood] [Run ID: 84a996a6-d5c4-4272-a71f-05067a250e36] Timing factors - Circadian: 0.80, Workday: 0.96, Adjusted rate: 11.5 pps
2025-09-12 17:08:21,676 - attack_logger - INFO - [syn_flood] [Run ID: 84a996a6-d5c4-4272-a71f-05067a250e36] Attack progress: 6.3s elapsed, ~86 packets sent, Rate: 13.7 pps, Phase: active (intensity: 0.71)
2025-09-12 17:08:21,676 - attack_logger - DEBUG - [syn_flood] [Run ID: 84a996a6-d5c4-4272-a71f-05067a250e36] Process stats - CPU: 0.0%, Memory: 60.2MB
2025-09-12 17:08:21,676 - attack_logger - DEBUG - [syn_flood] [Run ID: 84a996a6-d5c4-4272-a71f-05067a250e36] Timing factors - Circadian: 0.80, Workday: 0.96, Adjusted rate: 13.8 pps
2025-09-12 17:08:22,740 - attack_logger - INFO - [syn_flood] [Run ID: 84a996a6-d5c4-4272-a71f-05067a250e36] Attack progress: 7.3s elapsed, ~111 packets sent, Rate: 15.1 pps, Phase: active (intensity: 0.71)
2025-09-12 17:08:22,740 - attack_logger - DEBUG - [syn_flood] [Run ID: 84a996a6-d5c4-4272-a71f-05067a250e36] Process stats - CPU: 0.0%, Memory: 60.2MB
2025-09-12 17:08:22,740 - attack_logger - DEBUG - [syn_flood] [Run ID: 84a996a6-d5c4-4272-a71f-05067a250e36] Timing factors - Circadian: 0.80, Workday: 0.96, Adjusted rate: 15.2 pps
2025-09-12 17:08:23,423 - attack_logger - DEBUG - [syn_flood] [Run ID: 84a996a6-d5c4-4272-a71f-05067a250e36] Sent SIGINT to SYN flood process 106739
2025-09-12 17:08:23,925 - attack_logger - INFO - [syn_flood] [Run ID: 84a996a6-d5c4-4272-a71f-05067a250e36] Enhanced SYN Flood from h1 to 192.168.30.10 finished.
2025-09-12 17:08:23,925 - attack_logger - INFO - [syn_flood] [Run ID: 84a996a6-d5c4-4272-a71f-05067a250e36] Attack completed. Total packets sent = 152, Average rate = 18.93 packets/sec.
2025-09-12 17:08:23,925 - attack_logger - INFO - [syn_flood] [Run ID: 84a996a6-d5c4-4272-a71f-05067a250e36] --- Enhanced Attack Summary ---
2025-09-12 17:08:23,925 - attack_logger - INFO - [syn_flood] [Run ID: 84a996a6-d5c4-4272-a71f-05067a250e36] Total packets sent: 152
2025-09-12 17:08:23,925 - attack_logger - INFO - [syn_flood] [Run ID: 84a996a6-d5c4-4272-a71f-05067a250e36] Actual duration: 8.03s
2025-09-12 17:08:23,925 - attack_logger - INFO - [syn_flood] [Run ID: 84a996a6-d5c4-4272-a71f-05067a250e36] Average rate: 18.93 packets/sec
2025-09-12 17:08:23,925 - attack_logger - INFO - [syn_flood] [Run ID: 84a996a6-d5c4-4272-a71f-05067a250e36] Base rate: 24.7 pps
2025-09-12 17:08:23,925 - attack_logger - INFO - [syn_flood] [Run ID: 84a996a6-d5c4-4272-a71f-05067a250e36] Circadian factor: 0.80
2025-09-12 17:08:23,925 - attack_logger - INFO - [syn_flood] [Run ID: 84a996a6-d5c4-4272-a71f-05067a250e36] Workday factor: 0.96
2025-09-12 17:08:23,925 - attack_logger - INFO - [syn_flood] [Run ID: 84a996a6-d5c4-4272-a71f-05067a250e36] Session phases: 1
2025-09-12 17:08:23,925 - attack_logger - INFO - [syn_flood] [Run ID: 84a996a6-d5c4-4272-a71f-05067a250e36] Target port: 80
2025-09-12 17:08:23,925 - attack_logger - INFO - [syn_flood] [Run ID: 84a996a6-d5c4-4272-a71f-05067a250e36] Attack method: Enhanced SYN Flood with Human-like Timing
2025-09-12 17:08:23,925 - attack_logger - INFO - [syn_flood] [Run ID: 84a996a6-d5c4-4272-a71f-05067a250e36] Enhancement features: Human timing patterns, protocol compliance, network delay simulation
2025-09-12 17:08:23,925 - attack_logger - INFO - [syn_flood] [Run ID: 84a996a6-d5c4-4272-a71f-05067a250e36] TCP options: MSS, WScale, Timestamp, SAckOK
2025-09-12 17:08:23,925 - attack_logger - INFO - [syn_flood] [Run ID: 84a996a6-d5c4-4272-a71f-05067a250e36] ----------------------------------------
2025-09-12 17:08:23,997 - attack_logger - INFO - Attack: Enhanced SYN Flood completed.
2025-09-12 17:08:23,997 - attack_logger - INFO - Attack: Enhanced UDP Flood (22s) | h1 -> h6
2025-09-12 17:08:26,509 - attack_logger - INFO - [udp_flood] [Run ID: fa710791-d15d-4fe7-a8eb-6765b3190de3] Starting Enhanced UDP Flood from h1 to 192.168.30.10 for 22 seconds.
2025-09-12 17:08:26,509 - attack_logger - INFO - [udp_flood] [Run ID: fa710791-d15d-4fe7-a8eb-6765b3190de3] Attack Phase: Enhanced Traditional UDP Flood - Attacker: h1, Target: 192.168.30.10:53, Duration: 22s
2025-09-12 17:08:26,509 - attack_logger - INFO - [udp_flood] [Run ID: fa710791-d15d-4fe7-a8eb-6765b3190de3] Enhanced Features: Human-like timing, protocol compliance, network delay simulation
2025-09-12 17:08:26,509 - attack_logger - INFO - [udp_flood] [Run ID: fa710791-d15d-4fe7-a8eb-6765b3190de3] Stress phase: 6s, Advanced phase: 16s
2025-09-12 17:08:33,079 - attack_logger - INFO - [udp_flood] [Run ID: fa710791-d15d-4fe7-a8eb-6765b3190de3] Stress phase completed
2025-09-12 17:08:33,079 - attack_logger - INFO - [udp_flood] [Run ID: fa710791-d15d-4fe7-a8eb-6765b3190de3] Session pattern: 1 phases, Circadian factor: 0.80, Workday factor: 0.96
2025-09-12 17:08:33,079 - attack_logger - DEBUG - [udp_flood] [Run ID: fa710791-d15d-4fe7-a8eb-6765b3190de3] Starting enhanced UDP packet generation with human-like timing
2025-09-12 17:08:33,086 - attack_logger - INFO - [udp_flood] [Run ID: fa710791-d15d-4fe7-a8eb-6765b3190de3] Enhanced UDP flood process started (PID: 106748)
2025-09-12 17:08:36,123 - attack_logger - INFO - [udp_flood] [Run ID: fa710791-d15d-4fe7-a8eb-6765b3190de3] Attack progress: 3.0s elapsed, ~66 packets sent, Rate: 21.7 pps, Phase: active (intensity: 1.00)
2025-09-12 17:08:36,123 - attack_logger - DEBUG - [udp_flood] [Run ID: fa710791-d15d-4fe7-a8eb-6765b3190de3] Process stats - CPU: 0.0%, Memory: 60.4MB
2025-09-12 17:08:36,123 - attack_logger - DEBUG - [udp_flood] [Run ID: fa710791-d15d-4fe7-a8eb-6765b3190de3] Timing factors - Circadian: 0.80, Workday: 0.96, Adjusted rate: 21.8 pps
2025-09-12 17:08:39,184 - attack_logger - INFO - [udp_flood] [Run ID: fa710791-d15d-4fe7-a8eb-6765b3190de3] Attack progress: 6.1s elapsed, ~125 packets sent, Rate: 20.5 pps, Phase: active (intensity: 1.00)
2025-09-12 17:08:39,184 - attack_logger - DEBUG - [udp_flood] [Run ID: fa710791-d15d-4fe7-a8eb-6765b3190de3] Process stats - CPU: 0.0%, Memory: 60.6MB
2025-09-12 17:08:39,184 - attack_logger - DEBUG - [udp_flood] [Run ID: fa710791-d15d-4fe7-a8eb-6765b3190de3] Timing factors - Circadian: 0.80, Workday: 0.96, Adjusted rate: 20.6 pps
2025-09-12 17:08:42,199 - attack_logger - INFO - [udp_flood] [Run ID: fa710791-d15d-4fe7-a8eb-6765b3190de3] Attack progress: 9.1s elapsed, ~166 packets sent, Rate: 18.2 pps, Phase: active (intensity: 1.00)
2025-09-12 17:08:42,199 - attack_logger - DEBUG - [udp_flood] [Run ID: fa710791-d15d-4fe7-a8eb-6765b3190de3] Process stats - CPU: 0.0%, Memory: 60.6MB
2025-09-12 17:08:42,199 - attack_logger - DEBUG - [udp_flood] [Run ID: fa710791-d15d-4fe7-a8eb-6765b3190de3] Timing factors - Circadian: 0.80, Workday: 0.96, Adjusted rate: 18.3 pps
2025-09-12 17:08:45,266 - attack_logger - INFO - [udp_flood] [Run ID: fa710791-d15d-4fe7-a8eb-6765b3190de3] Attack progress: 12.2s elapsed, ~232 packets sent, Rate: 19.0 pps, Phase: active (intensity: 1.00)
2025-09-12 17:08:45,266 - attack_logger - DEBUG - [udp_flood] [Run ID: fa710791-d15d-4fe7-a8eb-6765b3190de3] Process stats - CPU: 0.0%, Memory: 60.6MB
2025-09-12 17:08:45,266 - attack_logger - DEBUG - [udp_flood] [Run ID: fa710791-d15d-4fe7-a8eb-6765b3190de3] Timing factors - Circadian: 0.80, Workday: 0.96, Adjusted rate: 19.1 pps
2025-09-12 17:08:48,300 - attack_logger - INFO - [udp_flood] [Run ID: fa710791-d15d-4fe7-a8eb-6765b3190de3] Attack progress: 15.2s elapsed, ~264 packets sent, Rate: 17.3 pps, Phase: active (intensity: 1.00)
2025-09-12 17:08:48,300 - attack_logger - DEBUG - [udp_flood] [Run ID: fa710791-d15d-4fe7-a8eb-6765b3190de3] Process stats - CPU: 0.0%, Memory: 60.6MB
2025-09-12 17:08:48,300 - attack_logger - DEBUG - [udp_flood] [Run ID: fa710791-d15d-4fe7-a8eb-6765b3190de3] Timing factors - Circadian: 0.80, Workday: 0.96, Adjusted rate: 17.4 pps
2025-09-12 17:08:49,111 - attack_logger - DEBUG - [udp_flood] [Run ID: fa710791-d15d-4fe7-a8eb-6765b3190de3] Sent SIGINT to UDP flood process 106748
2025-09-12 17:08:49,613 - attack_logger - INFO - [udp_flood] [Run ID: fa710791-d15d-4fe7-a8eb-6765b3190de3] Enhanced UDP Flood from h1 to 192.168.30.10 finished.
2025-09-12 17:08:49,613 - attack_logger - INFO - [udp_flood] [Run ID: fa710791-d15d-4fe7-a8eb-6765b3190de3] Attack completed. Total packets sent = 271, Average rate = 16.90 packets/sec.
2025-09-12 17:08:49,614 - attack_logger - INFO - [udp_flood] [Run ID: fa710791-d15d-4fe7-a8eb-6765b3190de3] --- Enhanced Attack Summary ---
2025-09-12 17:08:49,614 - attack_logger - INFO - [udp_flood] [Run ID: fa710791-d15d-4fe7-a8eb-6765b3190de3] Total packets sent: 271
2025-09-12 17:08:49,614 - attack_logger - INFO - [udp_flood] [Run ID: fa710791-d15d-4fe7-a8eb-6765b3190de3] Actual duration: 16.03s
2025-09-12 17:08:49,614 - attack_logger - INFO - [udp_flood] [Run ID: fa710791-d15d-4fe7-a8eb-6765b3190de3] Average rate: 16.90 packets/sec
2025-09-12 17:08:49,614 - attack_logger - INFO - [udp_flood] [Run ID: fa710791-d15d-4fe7-a8eb-6765b3190de3] Base rate: 22.0 pps
2025-09-12 17:08:49,614 - attack_logger - INFO - [udp_flood] [Run ID: fa710791-d15d-4fe7-a8eb-6765b3190de3] Circadian factor: 0.80
2025-09-12 17:08:49,614 - attack_logger - INFO - [udp_flood] [Run ID: fa710791-d15d-4fe7-a8eb-6765b3190de3] Workday factor: 0.96
2025-09-12 17:08:49,614 - attack_logger - INFO - [udp_flood] [Run ID: fa710791-d15d-4fe7-a8eb-6765b3190de3] Session phases: 1
2025-09-12 17:08:49,614 - attack_logger - INFO - [udp_flood] [Run ID: fa710791-d15d-4fe7-a8eb-6765b3190de3] Target port: 53 (DNS)
2025-09-12 17:08:49,614 - attack_logger - INFO - [udp_flood] [Run ID: fa710791-d15d-4fe7-a8eb-6765b3190de3] Attack method: Enhanced UDP Flood with Human-like Timing
2025-09-12 17:08:49,614 - attack_logger - INFO - [udp_flood] [Run ID: fa710791-d15d-4fe7-a8eb-6765b3190de3] Enhancement features: Human timing patterns, protocol compliance, network delay simulation
2025-09-12 17:08:49,614 - attack_logger - INFO - [udp_flood] [Run ID: fa710791-d15d-4fe7-a8eb-6765b3190de3] DNS payloads: Realistic query patterns with varied domains
2025-09-12 17:08:49,614 - attack_logger - INFO - [udp_flood] [Run ID: fa710791-d15d-4fe7-a8eb-6765b3190de3] ----------------------------------------
2025-09-12 17:08:49,658 - attack_logger - INFO - Attack: Enhanced UDP Flood completed.
2025-09-12 17:08:49,658 - attack_logger - INFO - Attack: Enhanced ICMP Flood (11s) | h1 -> h4
2025-09-12 17:08:52,171 - attack_logger - INFO - [icmp_flood] [Run ID: e275a8c1-d2e0-4452-aaef-abae8845e29b] Starting Enhanced ICMP Flood with RFC 1918 IP Rotation from h1 to 192.168.20.12 for 11 seconds.
2025-09-12 17:08:52,171 - attack_logger - INFO - [icmp_flood] [Run ID: e275a8c1-d2e0-4452-aaef-abae8845e29b] Attack Phase: Enhanced Traditional ICMP Flood - Attacker: h1, Target: 192.168.20.12, Duration: 11s
2025-09-12 17:08:52,171 - attack_logger - INFO - [icmp_flood] [Run ID: e275a8c1-d2e0-4452-aaef-abae8845e29b] Enhanced Features: RFC 1918 IP rotation, human-like timing, protocol compliance, network delay simulation
2025-09-12 17:08:52,171 - attack_logger - INFO - [icmp_flood] [Run ID: e275a8c1-d2e0-4452-aaef-abae8845e29b] IP Pool Size: 50 source IPs from RFC 1918 ranges (10.0.0.0/8, 172.16.0.0/12, 192.168.0.0/16)
2025-09-12 17:08:52,172 - attack_logger - INFO - [icmp_flood] [Run ID: e275a8c1-d2e0-4452-aaef-abae8845e29b] Stress phase total: 3s (host: 1s, gateway: 2s), Advanced phase: 8s
2025-09-12 17:08:53,726 - attack_logger - INFO - [icmp_flood] [Run ID: e275a8c1-d2e0-4452-aaef-abae8845e29b] Host stress sub-phase completed
2025-09-12 17:08:56,334 - attack_logger - INFO - [icmp_flood] [Run ID: e275a8c1-d2e0-4452-aaef-abae8845e29b] Gateway stress sub-phase completed
2025-09-12 17:08:56,334 - attack_logger - INFO - [icmp_flood] [Run ID: e275a8c1-d2e0-4452-aaef-abae8845e29b] Session pattern: 1 phases, Circadian factor: 0.80, Workday factor: 0.96
2025-09-12 17:08:56,334 - attack_logger - DEBUG - [icmp_flood] [Run ID: e275a8c1-d2e0-4452-aaef-abae8845e29b] Starting enhanced ICMP packet generation with IP rotation and human-like timing
2025-09-12 17:08:56,342 - attack_logger - INFO - [icmp_flood] [Run ID: e275a8c1-d2e0-4452-aaef-abae8845e29b] Enhanced ICMP flood with IP rotation process started (PID: 106763)
2025-09-12 17:08:57,348 - attack_logger - INFO - [icmp_flood] [Run ID: e275a8c1-d2e0-4452-aaef-abae8845e29b] Attack progress: 1.0s elapsed, ~16 packets sent, Rate: 15.8 pps, IP rotations: ~1, Phase: active (intensity: 0.75)
2025-09-12 17:08:57,348 - attack_logger - DEBUG - [icmp_flood] [Run ID: e275a8c1-d2e0-4452-aaef-abae8845e29b] Process stats - CPU: 0.0%, Memory: 60.0MB
2025-09-12 17:08:57,348 - attack_logger - DEBUG - [icmp_flood] [Run ID: e275a8c1-d2e0-4452-aaef-abae8845e29b] Timing factors - Circadian: 0.80, Workday: 0.96, Adjusted rate: 16.0 pps
2025-09-12 17:08:58,410 - attack_logger - INFO - [icmp_flood] [Run ID: e275a8c1-d2e0-4452-aaef-abae8845e29b] Attack progress: 2.1s elapsed, ~25 packets sent, Rate: 12.0 pps, IP rotations: ~1, Phase: active (intensity: 0.75)
2025-09-12 17:08:58,410 - attack_logger - DEBUG - [icmp_flood] [Run ID: e275a8c1-d2e0-4452-aaef-abae8845e29b] Process stats - CPU: 0.0%, Memory: 60.0MB
2025-09-12 17:08:58,410 - attack_logger - DEBUG - [icmp_flood] [Run ID: e275a8c1-d2e0-4452-aaef-abae8845e29b] Timing factors - Circadian: 0.80, Workday: 0.96, Adjusted rate: 12.2 pps
2025-09-12 17:08:59,442 - attack_logger - INFO - [icmp_flood] [Run ID: e275a8c1-d2e0-4452-aaef-abae8845e29b] Attack progress: 3.1s elapsed, ~43 packets sent, Rate: 13.8 pps, IP rotations: ~2, Phase: active (intensity: 0.75)
2025-09-12 17:08:59,442 - attack_logger - DEBUG - [icmp_flood] [Run ID: e275a8c1-d2e0-4452-aaef-abae8845e29b] Process stats - CPU: 0.0%, Memory: 60.2MB
2025-09-12 17:08:59,442 - attack_logger - DEBUG - [icmp_flood] [Run ID: e275a8c1-d2e0-4452-aaef-abae8845e29b] Timing factors - Circadian: 0.80, Workday: 0.96, Adjusted rate: 13.9 pps
2025-09-12 17:09:00,456 - attack_logger - INFO - [icmp_flood] [Run ID: e275a8c1-d2e0-4452-aaef-abae8845e29b] Attack progress: 4.1s elapsed, ~52 packets sent, Rate: 12.6 pps, IP rotations: ~3, Phase: active (intensity: 0.75)
2025-09-12 17:09:00,456 - attack_logger - DEBUG - [icmp_flood] [Run ID: e275a8c1-d2e0-4452-aaef-abae8845e29b] Process stats - CPU: 0.0%, Memory: 60.2MB
2025-09-12 17:09:00,456 - attack_logger - DEBUG - [icmp_flood] [Run ID: e275a8c1-d2e0-4452-aaef-abae8845e29b] Timing factors - Circadian: 0.80, Workday: 0.96, Adjusted rate: 12.7 pps
2025-09-12 17:09:01,462 - attack_logger - INFO - [icmp_flood] [Run ID: e275a8c1-d2e0-4452-aaef-abae8845e29b] Attack progress: 5.1s elapsed, ~69 packets sent, Rate: 13.5 pps, IP rotations: ~4, Phase: active (intensity: 0.75)
2025-09-12 17:09:01,462 - attack_logger - DEBUG - [icmp_flood] [Run ID: e275a8c1-d2e0-4452-aaef-abae8845e29b] Process stats - CPU: 0.0%, Memory: 60.2MB
2025-09-12 17:09:01,462 - attack_logger - DEBUG - [icmp_flood] [Run ID: e275a8c1-d2e0-4452-aaef-abae8845e29b] Timing factors - Circadian: 0.80, Workday: 0.96, Adjusted rate: 13.5 pps
2025-09-12 17:09:02,527 - attack_logger - INFO - [icmp_flood] [Run ID: e275a8c1-d2e0-4452-aaef-abae8845e29b] Attack progress: 6.2s elapsed, ~73 packets sent, Rate: 11.8 pps, IP rotations: ~4, Phase: active (intensity: 0.75)
2025-09-12 17:09:02,527 - attack_logger - DEBUG - [icmp_flood] [Run ID: e275a8c1-d2e0-4452-aaef-abae8845e29b] Process stats - CPU: 0.0%, Memory: 60.2MB
2025-09-12 17:09:02,527 - attack_logger - DEBUG - [icmp_flood] [Run ID: e275a8c1-d2e0-4452-aaef-abae8845e29b] Timing factors - Circadian: 0.80, Workday: 0.96, Adjusted rate: 11.9 pps
2025-09-12 17:09:03,527 - attack_logger - INFO - [icmp_flood] [Run ID: e275a8c1-d2e0-4452-aaef-abae8845e29b] Attack progress: 7.2s elapsed, ~108 packets sent, Rate: 15.0 pps, IP rotations: ~7, Phase: active (intensity: 0.75)
2025-09-12 17:09:03,527 - attack_logger - DEBUG - [icmp_flood] [Run ID: e275a8c1-d2e0-4452-aaef-abae8845e29b] Process stats - CPU: 0.0%, Memory: 60.2MB
2025-09-12 17:09:03,527 - attack_logger - DEBUG - [icmp_flood] [Run ID: e275a8c1-d2e0-4452-aaef-abae8845e29b] Timing factors - Circadian: 0.80, Workday: 0.96, Adjusted rate: 15.1 pps
2025-09-12 17:09:04,365 - attack_logger - DEBUG - [icmp_flood] [Run ID: e275a8c1-d2e0-4452-aaef-abae8845e29b] Sent SIGINT to ICMP flood process 106763
2025-09-12 17:09:04,868 - attack_logger - INFO - [icmp_flood] [Run ID: e275a8c1-d2e0-4452-aaef-abae8845e29b] Enhanced ICMP Flood with RFC 1918 IP Rotation from h1 to 192.168.20.12 finished.
2025-09-12 17:09:04,868 - attack_logger - INFO - [icmp_flood] [Run ID: e275a8c1-d2e0-4452-aaef-abae8845e29b] Attack completed. Total packets sent = 163, Average rate = 20.30 packets/sec.
2025-09-12 17:09:04,869 - attack_logger - INFO - [icmp_flood] [Run ID: e275a8c1-d2e0-4452-aaef-abae8845e29b] --- Enhanced Attack Summary ---
2025-09-12 17:09:04,869 - attack_logger - INFO - [icmp_flood] [Run ID: e275a8c1-d2e0-4452-aaef-abae8845e29b] Total packets sent: 163
2025-09-12 17:09:04,869 - attack_logger - INFO - [icmp_flood] [Run ID: e275a8c1-d2e0-4452-aaef-abae8845e29b] Total IP rotations: ~10
2025-09-12 17:09:04,869 - attack_logger - INFO - [icmp_flood] [Run ID: e275a8c1-d2e0-4452-aaef-abae8845e29b] RFC 1918 IP pool size: 50
2025-09-12 17:09:04,869 - attack_logger - INFO - [icmp_flood] [Run ID: e275a8c1-d2e0-4452-aaef-abae8845e29b] IP ranges used: 10.0.0.0/8, 172.16.0.0/12, 192.168.0.0/16
2025-09-12 17:09:04,869 - attack_logger - INFO - [icmp_flood] [Run ID: e275a8c1-d2e0-4452-aaef-abae8845e29b] Actual duration: 8.03s
2025-09-12 17:09:04,869 - attack_logger - INFO - [icmp_flood] [Run ID: e275a8c1-d2e0-4452-aaef-abae8845e29b] Average rate: 20.30 packets/sec
2025-09-12 17:09:04,869 - attack_logger - INFO - [icmp_flood] [Run ID: e275a8c1-d2e0-4452-aaef-abae8845e29b] Base rate: 26.5 pps
2025-09-12 17:09:04,869 - attack_logger - INFO - [icmp_flood] [Run ID: e275a8c1-d2e0-4452-aaef-abae8845e29b] Circadian factor: 0.80
2025-09-12 17:09:04,869 - attack_logger - INFO - [icmp_flood] [Run ID: e275a8c1-d2e0-4452-aaef-abae8845e29b] Workday factor: 0.96
2025-09-12 17:09:04,869 - attack_logger - INFO - [icmp_flood] [Run ID: e275a8c1-d2e0-4452-aaef-abae8845e29b] Session phases: 1
2025-09-12 17:09:04,869 - attack_logger - INFO - [icmp_flood] [Run ID: e275a8c1-d2e0-4452-aaef-abae8845e29b] ICMP type: Echo Request (8) with ID/Seq variations
2025-09-12 17:09:04,869 - attack_logger - INFO - [icmp_flood] [Run ID: e275a8c1-d2e0-4452-aaef-abae8845e29b] Attack method: Enhanced ICMP Flood with RFC 1918 IP Rotation
2025-09-12 17:09:04,869 - attack_logger - INFO - [icmp_flood] [Run ID: e275a8c1-d2e0-4452-aaef-abae8845e29b] Enhancement features: RFC 1918 IP rotation, human timing patterns, protocol compliance, network delay simulation
2025-09-12 17:09:04,869 - attack_logger - INFO - [icmp_flood] [Run ID: e275a8c1-d2e0-4452-aaef-abae8845e29b] ----------------------------------------
2025-09-12 17:09:04,944 - attack_logger - INFO - Attack: Enhanced ICMP Flood completed.
2025-09-12 17:09:05,454 - attack_logger - INFO - Attack: ENHANCED Adversarial TCP State Exhaustion (8s) | h1 -> h6
2025-09-12 17:09:16,640 - attack_logger - INFO - Attack: ENHANCED Adversarial Application Layer (3s) | h1 -> h6
2025-09-12 17:09:22,975 - attack_logger - INFO - Attack: ENHANCED Adversarial Slow Read (9s) | h1 -> h6
2025-09-12 17:09:35,261 - attack_logger - INFO - Attack: ENHANCED Adversarial Slow Read completed.
