2025-09-12 17:04:46 - [BENIGN] - INFO - Starting benign traffic for 200 seconds...
2025-09-12 17:04:46 - [BENIGN] - INFO - Protocol separation: h2↔h5 (ICMP), h3↔h5 (TCP/UDP)
2025-09-12 17:04:46 - [BENIGN] - DEBUG - Generated ICMP traffic h2↔h5 0 [len=84B]
2025-09-12 17:04:46 - [BENIGN] - DEBUG - Generated TCP SYN from h3:27688 -> h5:12345 [len=54B]
2025-09-12 17:04:47 - [BENIGN] - DEBUG - Generated TCP SYN-ACK from h5:12345 <- h3:27688 [len=54B]
2025-09-12 17:04:47 - [BENIGN] - DEBUG - Generated TCP ACK from h3:27688 -> h5:12345 [len=54B]
2025-09-12 17:04:48 - [BENIGN] - DEBUG - Generated TCP data traffic from h3:27688 -> h5:12345 [content='TCP data'] [Session 1] [len=354B]
2025-09-12 17:04:49 - [BENIGN] - DEBUG - Generated TCP ACK reply from h5:12345 <- h3:27688 [len=54B]
2025-09-12 17:04:49 - [BENIGN] - DEBUG - Generated UDP traffic from h3:53752 -> h5:12346 [content='8ed5ba606bcc4164c14bcdc8264448c112c729e4...'] [Session 2] [len=713B]
2025-09-12 17:04:50 - [BENIGN] - DEBUG - Generated Telnet SYN from h3:1370 -> h5:23 [len=54B]
2025-09-12 17:04:51 - [BENIGN] - DEBUG - Generated Telnet SYN-ACK from h5:23 <- h3:1370 [len=54B]
2025-09-12 17:04:51 - [BENIGN] - DEBUG - Generated Telnet ACK from h3:1370 -> h5:23 [len=54B]
2025-09-12 17:04:52 - [BENIGN] - DEBUG - Generated Telnet data traffic from h3:1370 -> h5:23 [content='Telnet command'] [Session 3] [len=996B]
2025-09-12 17:04:53 - [BENIGN] - DEBUG - Generated Telnet ACK reply from h5:23 <- h3:1370 [len=54B]
2025-09-12 17:04:53 - [BENIGN] - DEBUG - Generated SSH SYN from h3:53357 -> h5:22 [len=54B]
2025-09-12 17:04:54 - [BENIGN] - DEBUG - Generated SSH SYN-ACK from h5:22 <- h3:53357 [len=54B]
2025-09-12 17:04:55 - [BENIGN] - DEBUG - Generated SSH ACK from h3:53357 -> h5:22 [len=54B]
2025-09-12 17:04:55 - [BENIGN] - DEBUG - Generated SSH data traffic from h3:53357 -> h5:22 [content='SSH encrypted data'] [Session 4] [len=1061B]
2025-09-12 17:04:56 - [BENIGN] - DEBUG - Generated SSH ACK reply from h5:22 <- h3:53357 [len=54B]
2025-09-12 17:04:56 - [BENIGN] - DEBUG - Generated FTP SYN from h3:43582 -> h5:21 [len=54B]
2025-09-12 17:04:57 - [BENIGN] - DEBUG - Generated FTP SYN-ACK from h5:21 <- h3:43582 [len=54B]
2025-09-12 17:04:58 - [BENIGN] - DEBUG - Generated FTP ACK from h3:43582 -> h5:21 [len=54B]
2025-09-12 17:04:58 - [BENIGN] - DEBUG - Generated FTP data traffic from h3:43582 -> h5:21 [content='FTP file transfer'] [Session 5] [len=997B]
2025-09-12 17:04:59 - [BENIGN] - DEBUG - Generated FTP ACK reply from h5:21 <- h3:43582 [len=54B]
2025-09-12 17:04:59 - [BENIGN] - DEBUG - Generated HTTP SYN from h3:24802 -> h5:80 [len=54B]
2025-09-12 17:05:00 - [BENIGN] - DEBUG - Generated HTTP SYN-ACK from h5:80 <- h3:24802 [len=54B]
2025-09-12 17:05:01 - [BENIGN] - DEBUG - Generated HTTP ACK from h3:24802 -> h5:80 [len=54B]
2025-09-12 17:05:01 - [BENIGN] - DEBUG - Generated HTTP data traffic from h3:24802 -> h5:80 [content='GET /index.html HTTP/1.1'] [Session 6] [len=602B]
2025-09-12 17:05:02 - [BENIGN] - DEBUG - Generated HTTP ACK reply from h5:80 <- h3:24802 [len=54B]
2025-09-12 17:05:03 - [BENIGN] - DEBUG - Generated HTTPS SYN from h3:29760 -> h5:443 [len=54B]
2025-09-12 17:05:03 - [BENIGN] - DEBUG - Generated HTTPS SYN-ACK from h5:443 <- h3:29760 [len=54B]
2025-09-12 17:05:04 - [BENIGN] - DEBUG - Generated HTTPS ACK from h3:29760 -> h5:443 [len=54B]
2025-09-12 17:05:04 - [BENIGN] - DEBUG - Generated HTTPS data traffic from h3:29760 -> h5:443 [content='Encrypted Application Data'] [Session 7] [len=798B]
2025-09-12 17:05:05 - [BENIGN] - DEBUG - Generated HTTPS ACK reply from h5:443 <- h3:29760 [len=54B]
2025-09-12 17:05:06 - [BENIGN] - DEBUG - Generated DNS query from h3:15186 -> h5:53 [qname='example.com'] [Session 8] [len=71B]
2025-09-12 17:05:06 - [BENIGN] - DEBUG - Generated ICMP traffic h2↔h5 1 [len=84B]
2025-09-12 17:05:06 - [BENIGN] - DEBUG - Generated TCP SYN from h3:46104 -> h5:12345 [len=54B]
2025-09-12 17:05:07 - [BENIGN] - DEBUG - Generated TCP SYN-ACK from h5:12345 <- h3:46104 [len=54B]
2025-09-12 17:05:08 - [BENIGN] - DEBUG - Generated TCP ACK from h3:46104 -> h5:12345 [len=54B]
2025-09-12 17:05:08 - [BENIGN] - DEBUG - Generated TCP data traffic from h3:46104 -> h5:12345 [content='TCP data'] [Session 9] [len=949B]
2025-09-12 17:05:09 - [BENIGN] - DEBUG - Generated TCP ACK reply from h5:12345 <- h3:46104 [len=54B]
2025-09-12 17:05:10 - [BENIGN] - DEBUG - Generated UDP traffic from h3:61598 -> h5:12346 [content='2ff6a25d4a6715f003805f8ede87646a8b17a394...'] [Session 10] [len=953B]
2025-09-12 17:05:10 - [BENIGN] - DEBUG - Generated Telnet SYN from h3:39577 -> h5:23 [len=54B]
2025-09-12 17:05:11 - [BENIGN] - DEBUG - Generated Telnet SYN-ACK from h5:23 <- h3:39577 [len=54B]
2025-09-12 17:05:12 - [BENIGN] - DEBUG - Generated Telnet ACK from h3:39577 -> h5:23 [len=54B]
2025-09-12 17:05:12 - [BENIGN] - DEBUG - Generated Telnet data traffic from h3:39577 -> h5:23 [content='Telnet command'] [Session 11] [len=1184B]
2025-09-12 17:05:13 - [BENIGN] - DEBUG - Generated Telnet ACK reply from h5:23 <- h3:39577 [len=54B]
2025-09-12 17:05:13 - [BENIGN] - DEBUG - Generated SSH SYN from h3:25803 -> h5:22 [len=54B]
2025-09-12 17:05:14 - [BENIGN] - DEBUG - Generated SSH SYN-ACK from h5:22 <- h3:25803 [len=54B]
2025-09-12 17:05:15 - [BENIGN] - DEBUG - Generated SSH ACK from h3:25803 -> h5:22 [len=54B]
2025-09-12 17:05:15 - [BENIGN] - DEBUG - Generated SSH data traffic from h3:25803 -> h5:22 [content='SSH encrypted data'] [Session 12] [len=1036B]
2025-09-12 17:05:16 - [BENIGN] - DEBUG - Generated SSH ACK reply from h5:22 <- h3:25803 [len=54B]
2025-09-12 17:05:17 - [BENIGN] - DEBUG - Generated FTP SYN from h3:21660 -> h5:21 [len=54B]
2025-09-12 17:05:17 - [BENIGN] - DEBUG - Generated FTP SYN-ACK from h5:21 <- h3:21660 [len=54B]
2025-09-12 17:05:18 - [BENIGN] - DEBUG - Generated FTP ACK from h3:21660 -> h5:21 [len=54B]
2025-09-12 17:05:19 - [BENIGN] - DEBUG - Generated FTP data traffic from h3:21660 -> h5:21 [content='FTP file transfer'] [Session 13] [len=1002B]
2025-09-12 17:05:19 - [BENIGN] - DEBUG - Generated FTP ACK reply from h5:21 <- h3:21660 [len=54B]
2025-09-12 17:05:20 - [BENIGN] - DEBUG - Generated HTTP SYN from h3:21700 -> h5:80 [len=54B]
2025-09-12 17:05:20 - [BENIGN] - DEBUG - Generated HTTP SYN-ACK from h5:80 <- h3:21700 [len=54B]
2025-09-12 17:05:21 - [BENIGN] - DEBUG - Generated HTTP ACK from h3:21700 -> h5:80 [len=54B]
2025-09-12 17:05:22 - [BENIGN] - DEBUG - Generated HTTP data traffic from h3:21700 -> h5:80 [content='GET /index.html HTTP/1.1'] [Session 14] [len=431B]
2025-09-12 17:05:22 - [BENIGN] - DEBUG - Generated HTTP ACK reply from h5:80 <- h3:21700 [len=54B]
2025-09-12 17:05:23 - [BENIGN] - DEBUG - Generated HTTPS SYN from h3:55347 -> h5:443 [len=54B]
2025-09-12 17:05:24 - [BENIGN] - DEBUG - Generated HTTPS SYN-ACK from h5:443 <- h3:55347 [len=54B]
2025-09-12 17:05:24 - [BENIGN] - DEBUG - Generated HTTPS ACK from h3:55347 -> h5:443 [len=54B]
2025-09-12 17:05:25 - [BENIGN] - DEBUG - Generated HTTPS data traffic from h3:55347 -> h5:443 [content='Encrypted Application Data'] [Session 15] [len=612B]
2025-09-12 17:05:25 - [BENIGN] - DEBUG - Generated HTTPS ACK reply from h5:443 <- h3:55347 [len=54B]
2025-09-12 17:05:26 - [BENIGN] - DEBUG - Generated DNS query from h3:19400 -> h5:53 [qname='example.com'] [Session 16] [len=71B]
2025-09-12 17:05:26 - [BENIGN] - DEBUG - Generated ICMP traffic h2↔h5 2 [len=84B]
2025-09-12 17:05:27 - [BENIGN] - DEBUG - Generated TCP SYN from h3:33569 -> h5:12345 [len=54B]
2025-09-12 17:05:27 - [BENIGN] - DEBUG - Generated TCP SYN-ACK from h5:12345 <- h3:33569 [len=54B]
2025-09-12 17:05:28 - [BENIGN] - DEBUG - Generated TCP ACK from h3:33569 -> h5:12345 [len=54B]
2025-09-12 17:05:29 - [BENIGN] - DEBUG - Generated TCP data traffic from h3:33569 -> h5:12345 [content='TCP data'] [Session 17] [len=785B]
2025-09-12 17:05:29 - [BENIGN] - DEBUG - Generated TCP ACK reply from h5:12345 <- h3:33569 [len=54B]
2025-09-12 17:05:30 - [BENIGN] - DEBUG - Generated UDP traffic from h3:32444 -> h5:12346 [content='27d970c3e98ff07ddafe2a1d7495d7d8350249a5...'] [Session 18] [len=793B]
2025-09-12 17:05:31 - [BENIGN] - DEBUG - Generated Telnet SYN from h3:12233 -> h5:23 [len=54B]
2025-09-12 17:05:31 - [BENIGN] - DEBUG - Generated Telnet SYN-ACK from h5:23 <- h3:12233 [len=54B]
2025-09-12 17:05:32 - [BENIGN] - DEBUG - Generated Telnet ACK from h3:12233 -> h5:23 [len=54B]
2025-09-12 17:05:33 - [BENIGN] - DEBUG - Generated Telnet data traffic from h3:12233 -> h5:23 [content='Telnet command'] [Session 19] [len=787B]
2025-09-12 17:05:33 - [BENIGN] - DEBUG - Generated Telnet ACK reply from h5:23 <- h3:12233 [len=54B]
2025-09-12 17:05:34 - [BENIGN] - DEBUG - Generated SSH SYN from h3:56283 -> h5:22 [len=54B]
2025-09-12 17:05:34 - [BENIGN] - DEBUG - Generated SSH SYN-ACK from h5:22 <- h3:56283 [len=54B]
2025-09-12 17:05:35 - [BENIGN] - DEBUG - Generated SSH ACK from h3:56283 -> h5:22 [len=54B]
2025-09-12 17:05:36 - [BENIGN] - DEBUG - Generated SSH data traffic from h3:56283 -> h5:22 [content='SSH encrypted data'] [Session 20] [len=264B]
2025-09-12 17:05:36 - [BENIGN] - DEBUG - Generated SSH ACK reply from h5:22 <- h3:56283 [len=54B]
2025-09-12 17:05:37 - [BENIGN] - DEBUG - Generated FTP SYN from h3:45394 -> h5:21 [len=54B]
2025-09-12 17:05:38 - [BENIGN] - DEBUG - Generated FTP SYN-ACK from h5:21 <- h3:45394 [len=54B]
2025-09-12 17:05:38 - [BENIGN] - DEBUG - Generated FTP ACK from h3:45394 -> h5:21 [len=54B]
2025-09-12 17:05:39 - [BENIGN] - DEBUG - Generated FTP data traffic from h3:45394 -> h5:21 [content='FTP file transfer'] [Session 21] [len=674B]
2025-09-12 17:05:39 - [BENIGN] - DEBUG - Generated FTP ACK reply from h5:21 <- h3:45394 [len=54B]
2025-09-12 17:05:40 - [BENIGN] - DEBUG - Generated HTTP SYN from h3:46822 -> h5:80 [len=54B]
2025-09-12 17:05:41 - [BENIGN] - DEBUG - Generated HTTP SYN-ACK from h5:80 <- h3:46822 [len=54B]
2025-09-12 17:05:41 - [BENIGN] - DEBUG - Generated HTTP ACK from h3:46822 -> h5:80 [len=54B]
2025-09-12 17:05:42 - [BENIGN] - DEBUG - Generated HTTP data traffic from h3:46822 -> h5:80 [content='GET /index.html HTTP/1.1'] [Session 22] [len=456B]
2025-09-12 17:05:43 - [BENIGN] - DEBUG - Generated HTTP ACK reply from h5:80 <- h3:46822 [len=54B]
2025-09-12 17:05:43 - [BENIGN] - DEBUG - Generated HTTPS SYN from h3:11601 -> h5:443 [len=54B]
2025-09-12 17:05:44 - [BENIGN] - DEBUG - Generated HTTPS SYN-ACK from h5:443 <- h3:11601 [len=54B]
2025-09-12 17:05:44 - [BENIGN] - DEBUG - Generated HTTPS ACK from h3:11601 -> h5:443 [len=54B]
2025-09-12 17:05:45 - [BENIGN] - DEBUG - Generated HTTPS data traffic from h3:11601 -> h5:443 [content='Encrypted Application Data'] [Session 23] [len=548B]
2025-09-12 17:05:46 - [BENIGN] - DEBUG - Generated HTTPS ACK reply from h5:443 <- h3:11601 [len=54B]
2025-09-12 17:05:46 - [BENIGN] - DEBUG - Generated DNS query from h3:37115 -> h5:53 [qname='example.com'] [Session 24] [len=71B]
2025-09-12 17:05:46 - [BENIGN] - DEBUG - Generated ICMP traffic h2↔h5 3 [len=84B]
2025-09-12 17:05:47 - [BENIGN] - DEBUG - Generated TCP SYN from h3:3597 -> h5:12345 [len=54B]
2025-09-12 17:05:48 - [BENIGN] - DEBUG - Generated TCP SYN-ACK from h5:12345 <- h3:3597 [len=54B]
2025-09-12 17:05:48 - [BENIGN] - DEBUG - Generated TCP ACK from h3:3597 -> h5:12345 [len=54B]
2025-09-12 17:05:49 - [BENIGN] - DEBUG - Generated TCP data traffic from h3:3597 -> h5:12345 [content='TCP data'] [Session 25] [len=721B]
2025-09-12 17:05:50 - [BENIGN] - DEBUG - Generated TCP ACK reply from h5:12345 <- h3:3597 [len=54B]
2025-09-12 17:05:50 - [BENIGN] - DEBUG - Generated UDP traffic from h3:14137 -> h5:12346 [content='b8e71cadd237145bd25322bd584247e7220e0484...'] [Session 26] [len=887B]
2025-09-12 17:05:51 - [BENIGN] - DEBUG - Generated Telnet SYN from h3:30026 -> h5:23 [len=54B]
2025-09-12 17:05:51 - [BENIGN] - DEBUG - Generated Telnet SYN-ACK from h5:23 <- h3:30026 [len=54B]
2025-09-12 17:05:52 - [BENIGN] - DEBUG - Generated Telnet ACK from h3:30026 -> h5:23 [len=54B]
2025-09-12 17:05:53 - [BENIGN] - DEBUG - Generated Telnet data traffic from h3:30026 -> h5:23 [content='Telnet command'] [Session 27] [len=371B]
2025-09-12 17:05:53 - [BENIGN] - DEBUG - Generated Telnet ACK reply from h5:23 <- h3:30026 [len=54B]
2025-09-12 17:05:54 - [BENIGN] - DEBUG - Generated SSH SYN from h3:63804 -> h5:22 [len=54B]
2025-09-12 17:05:55 - [BENIGN] - DEBUG - Generated SSH SYN-ACK from h5:22 <- h3:63804 [len=54B]
2025-09-12 17:05:55 - [BENIGN] - DEBUG - Generated SSH ACK from h3:63804 -> h5:22 [len=54B]
2025-09-12 17:05:56 - [BENIGN] - DEBUG - Generated SSH data traffic from h3:63804 -> h5:22 [content='SSH encrypted data'] [Session 28] [len=1132B]
2025-09-12 17:05:56 - [BENIGN] - DEBUG - Generated SSH ACK reply from h5:22 <- h3:63804 [len=54B]
2025-09-12 17:05:57 - [BENIGN] - DEBUG - Generated FTP SYN from h3:65393 -> h5:21 [len=54B]
2025-09-12 17:05:58 - [BENIGN] - DEBUG - Generated FTP SYN-ACK from h5:21 <- h3:65393 [len=54B]
2025-09-12 17:05:58 - [BENIGN] - DEBUG - Generated FTP ACK from h3:65393 -> h5:21 [len=54B]
2025-09-12 17:05:59 - [BENIGN] - DEBUG - Generated FTP data traffic from h3:65393 -> h5:21 [content='FTP file transfer'] [Session 29] [len=533B]
2025-09-12 17:06:00 - [BENIGN] - DEBUG - Generated FTP ACK reply from h5:21 <- h3:65393 [len=54B]
2025-09-12 17:06:00 - [BENIGN] - DEBUG - Generated HTTP SYN from h3:3263 -> h5:80 [len=54B]
2025-09-12 17:06:01 - [BENIGN] - DEBUG - Generated HTTP SYN-ACK from h5:80 <- h3:3263 [len=54B]
2025-09-12 17:06:01 - [BENIGN] - DEBUG - Generated HTTP ACK from h3:3263 -> h5:80 [len=54B]
2025-09-12 17:06:02 - [BENIGN] - DEBUG - Generated HTTP data traffic from h3:3263 -> h5:80 [content='GET /index.html HTTP/1.1'] [Session 30] [len=375B]
2025-09-12 17:06:03 - [BENIGN] - DEBUG - Generated HTTP ACK reply from h5:80 <- h3:3263 [len=54B]
2025-09-12 17:06:03 - [BENIGN] - DEBUG - Generated HTTPS SYN from h3:54297 -> h5:443 [len=54B]
2025-09-12 17:06:04 - [BENIGN] - DEBUG - Generated HTTPS SYN-ACK from h5:443 <- h3:54297 [len=54B]
2025-09-12 17:06:05 - [BENIGN] - DEBUG - Generated HTTPS ACK from h3:54297 -> h5:443 [len=54B]
2025-09-12 17:06:05 - [BENIGN] - DEBUG - Generated HTTPS data traffic from h3:54297 -> h5:443 [content='Encrypted Application Data'] [Session 31] [len=667B]
2025-09-12 17:06:06 - [BENIGN] - DEBUG - Generated HTTPS ACK reply from h5:443 <- h3:54297 [len=54B]
2025-09-12 17:06:06 - [BENIGN] - DEBUG - Generated DNS query from h3:24929 -> h5:53 [qname='example.com'] [Session 32] [len=71B]
2025-09-12 17:06:07 - [BENIGN] - DEBUG - Generated ICMP traffic h2↔h5 4 [len=84B]
2025-09-12 17:06:07 - [BENIGN] - DEBUG - Generated TCP SYN from h3:26190 -> h5:12345 [len=54B]
2025-09-12 17:06:08 - [BENIGN] - DEBUG - Generated TCP SYN-ACK from h5:12345 <- h3:26190 [len=54B]
2025-09-12 17:06:09 - [BENIGN] - DEBUG - Generated TCP ACK from h3:26190 -> h5:12345 [len=54B]
2025-09-12 17:06:09 - [BENIGN] - DEBUG - Generated TCP data traffic from h3:26190 -> h5:12345 [content='TCP data'] [Session 33] [len=1288B]
2025-09-12 17:06:10 - [BENIGN] - DEBUG - Generated TCP ACK reply from h5:12345 <- h3:26190 [len=54B]
2025-09-12 17:06:11 - [BENIGN] - DEBUG - Generated UDP traffic from h3:34198 -> h5:12346 [content='72173aaa22fffbb87ad3f2a818ccc32ca7380f75...'] [Session 34] [len=1123B]
2025-09-12 17:06:11 - [BENIGN] - DEBUG - Generated Telnet SYN from h3:19018 -> h5:23 [len=54B]
2025-09-12 17:06:12 - [BENIGN] - DEBUG - Generated Telnet SYN-ACK from h5:23 <- h3:19018 [len=54B]
2025-09-12 17:06:12 - [BENIGN] - DEBUG - Generated Telnet ACK from h3:19018 -> h5:23 [len=54B]
2025-09-12 17:06:13 - [BENIGN] - DEBUG - Generated Telnet data traffic from h3:19018 -> h5:23 [content='Telnet command'] [Session 35] [len=287B]
2025-09-12 17:06:14 - [BENIGN] - DEBUG - Generated Telnet ACK reply from h5:23 <- h3:19018 [len=54B]
2025-09-12 17:06:14 - [BENIGN] - DEBUG - Generated SSH SYN from h3:53175 -> h5:22 [len=54B]
2025-09-12 17:06:15 - [BENIGN] - DEBUG - Generated SSH SYN-ACK from h5:22 <- h3:53175 [len=54B]
2025-09-12 17:06:16 - [BENIGN] - DEBUG - Generated SSH ACK from h3:53175 -> h5:22 [len=54B]
2025-09-12 17:06:16 - [BENIGN] - DEBUG - Generated SSH data traffic from h3:53175 -> h5:22 [content='SSH encrypted data'] [Session 36] [len=205B]
2025-09-12 17:06:17 - [BENIGN] - DEBUG - Generated SSH ACK reply from h5:22 <- h3:53175 [len=54B]
2025-09-12 17:06:18 - [BENIGN] - DEBUG - Generated FTP SYN from h3:10658 -> h5:21 [len=54B]
2025-09-12 17:06:18 - [BENIGN] - DEBUG - Generated FTP SYN-ACK from h5:21 <- h3:10658 [len=54B]
2025-09-12 17:06:19 - [BENIGN] - DEBUG - Generated FTP ACK from h3:10658 -> h5:21 [len=54B]
2025-09-12 17:06:20 - [BENIGN] - DEBUG - Generated FTP data traffic from h3:10658 -> h5:21 [content='FTP file transfer'] [Session 37] [len=1130B]
2025-09-12 17:06:20 - [BENIGN] - DEBUG - Generated FTP ACK reply from h5:21 <- h3:10658 [len=54B]
2025-09-12 17:06:21 - [BENIGN] - DEBUG - Generated HTTP SYN from h3:17645 -> h5:80 [len=54B]
2025-09-12 17:06:22 - [BENIGN] - DEBUG - Generated HTTP SYN-ACK from h5:80 <- h3:17645 [len=54B]
2025-09-12 17:06:22 - [BENIGN] - DEBUG - Generated HTTP ACK from h3:17645 -> h5:80 [len=54B]
2025-09-12 17:06:23 - [BENIGN] - DEBUG - Generated HTTP data traffic from h3:17645 -> h5:80 [content='GET /index.html HTTP/1.1'] [Session 38] [len=286B]
2025-09-12 17:06:23 - [BENIGN] - DEBUG - Generated HTTP ACK reply from h5:80 <- h3:17645 [len=54B]
2025-09-12 17:06:24 - [BENIGN] - DEBUG - Generated HTTPS SYN from h3:35110 -> h5:443 [len=54B]
2025-09-12 17:06:25 - [BENIGN] - DEBUG - Generated HTTPS SYN-ACK from h5:443 <- h3:35110 [len=54B]
2025-09-12 17:06:25 - [BENIGN] - DEBUG - Generated HTTPS ACK from h3:35110 -> h5:443 [len=54B]
2025-09-12 17:06:26 - [BENIGN] - DEBUG - Generated HTTPS data traffic from h3:35110 -> h5:443 [content='Encrypted Application Data'] [Session 39] [len=554B]
2025-09-12 17:06:27 - [BENIGN] - DEBUG - Generated HTTPS ACK reply from h5:443 <- h3:35110 [len=54B]
2025-09-12 17:06:27 - [BENIGN] - DEBUG - Generated DNS query from h3:46971 -> h5:53 [qname='example.com'] [Session 40] [len=71B]
2025-09-12 17:06:27 - [BENIGN] - DEBUG - Generated ICMP traffic h2↔h5 5 [len=84B]
2025-09-12 17:06:28 - [BENIGN] - DEBUG - Generated TCP SYN from h3:23384 -> h5:12345 [len=54B]
2025-09-12 17:06:29 - [BENIGN] - DEBUG - Generated TCP SYN-ACK from h5:12345 <- h3:23384 [len=54B]
2025-09-12 17:06:29 - [BENIGN] - DEBUG - Generated TCP ACK from h3:23384 -> h5:12345 [len=54B]
2025-09-12 17:06:30 - [BENIGN] - DEBUG - Generated TCP data traffic from h3:23384 -> h5:12345 [content='TCP data'] [Session 41] [len=1138B]
2025-09-12 17:06:31 - [BENIGN] - DEBUG - Generated TCP ACK reply from h5:12345 <- h3:23384 [len=54B]
2025-09-12 17:06:31 - [BENIGN] - DEBUG - Generated UDP traffic from h3:37691 -> h5:12346 [content='4a7663b5b35b60c69cc293ce98ce8660b4444c3f...'] [Session 42] [len=596B]
2025-09-12 17:06:32 - [BENIGN] - DEBUG - Generated Telnet SYN from h3:26561 -> h5:23 [len=54B]
2025-09-12 17:06:33 - [BENIGN] - DEBUG - Generated Telnet SYN-ACK from h5:23 <- h3:26561 [len=54B]
2025-09-12 17:06:33 - [BENIGN] - DEBUG - Generated Telnet ACK from h3:26561 -> h5:23 [len=54B]
2025-09-12 17:06:34 - [BENIGN] - DEBUG - Generated Telnet data traffic from h3:26561 -> h5:23 [content='Telnet command'] [Session 43] [len=1245B]
2025-09-12 17:06:35 - [BENIGN] - DEBUG - Generated Telnet ACK reply from h5:23 <- h3:26561 [len=54B]
2025-09-12 17:06:35 - [BENIGN] - DEBUG - Generated SSH SYN from h3:40029 -> h5:22 [len=54B]
2025-09-12 17:06:36 - [BENIGN] - DEBUG - Generated SSH SYN-ACK from h5:22 <- h3:40029 [len=54B]
2025-09-12 17:06:36 - [BENIGN] - DEBUG - Generated SSH ACK from h3:40029 -> h5:22 [len=54B]
2025-09-12 17:06:37 - [BENIGN] - DEBUG - Generated SSH data traffic from h3:40029 -> h5:22 [content='SSH encrypted data'] [Session 44] [len=933B]
2025-09-12 17:06:38 - [BENIGN] - DEBUG - Generated SSH ACK reply from h5:22 <- h3:40029 [len=54B]
2025-09-12 17:06:38 - [BENIGN] - DEBUG - Generated FTP SYN from h3:58659 -> h5:21 [len=54B]
2025-09-12 17:06:39 - [BENIGN] - DEBUG - Generated FTP SYN-ACK from h5:21 <- h3:58659 [len=54B]
2025-09-12 17:06:40 - [BENIGN] - DEBUG - Generated FTP ACK from h3:58659 -> h5:21 [len=54B]
2025-09-12 17:06:40 - [BENIGN] - DEBUG - Generated FTP data traffic from h3:58659 -> h5:21 [content='FTP file transfer'] [Session 45] [len=945B]
2025-09-12 17:06:41 - [BENIGN] - DEBUG - Generated FTP ACK reply from h5:21 <- h3:58659 [len=54B]
2025-09-12 17:06:41 - [BENIGN] - DEBUG - Generated HTTP SYN from h3:20789 -> h5:80 [len=54B]
2025-09-12 17:06:42 - [BENIGN] - DEBUG - Generated HTTP SYN-ACK from h5:80 <- h3:20789 [len=54B]
2025-09-12 17:06:43 - [BENIGN] - DEBUG - Generated HTTP ACK from h3:20789 -> h5:80 [len=54B]
2025-09-12 17:06:43 - [BENIGN] - DEBUG - Generated HTTP data traffic from h3:20789 -> h5:80 [content='GET /index.html HTTP/1.1'] [Session 46] [len=503B]
2025-09-12 17:06:44 - [BENIGN] - DEBUG - Generated HTTP ACK reply from h5:80 <- h3:20789 [len=54B]
2025-09-12 17:06:45 - [BENIGN] - DEBUG - Generated HTTPS SYN from h3:52570 -> h5:443 [len=54B]
2025-09-12 17:06:45 - [BENIGN] - DEBUG - Generated HTTPS SYN-ACK from h5:443 <- h3:52570 [len=54B]
2025-09-12 17:06:46 - [BENIGN] - DEBUG - Generated HTTPS ACK from h3:52570 -> h5:443 [len=54B]
2025-09-12 17:06:47 - [BENIGN] - DEBUG - Generated HTTPS data traffic from h3:52570 -> h5:443 [content='Encrypted Application Data'] [Session 47] [len=316B]
2025-09-12 17:06:47 - [BENIGN] - DEBUG - Generated HTTPS ACK reply from h5:443 <- h3:52570 [len=54B]
2025-09-12 17:06:48 - [BENIGN] - DEBUG - Generated DNS query from h3:15590 -> h5:53 [qname='example.com'] [Session 48] [len=71B]
2025-09-12 17:06:48 - [BENIGN] - DEBUG - Generated ICMP traffic h2↔h5 6 [len=84B]
2025-09-12 17:06:49 - [BENIGN] - DEBUG - Generated TCP SYN from h3:33676 -> h5:12345 [len=54B]
2025-09-12 17:06:49 - [BENIGN] - DEBUG - Generated TCP SYN-ACK from h5:12345 <- h3:33676 [len=54B]
2025-09-12 17:06:50 - [BENIGN] - DEBUG - Generated TCP ACK from h3:33676 -> h5:12345 [len=54B]
2025-09-12 17:06:50 - [BENIGN] - DEBUG - Generated TCP data traffic from h3:33676 -> h5:12345 [content='TCP data'] [Session 49] [len=907B]
2025-09-12 17:06:51 - [BENIGN] - DEBUG - Generated TCP ACK reply from h5:12345 <- h3:33676 [len=54B]
2025-09-12 17:06:52 - [BENIGN] - DEBUG - Generated UDP traffic from h3:8525 -> h5:12346 [content='670cd35ddb183d312206bdfd9e94921b2097e31f...'] [Session 50] [len=263B]
2025-09-12 17:06:52 - [BENIGN] - DEBUG - Generated Telnet SYN from h3:20618 -> h5:23 [len=54B]
2025-09-12 17:06:53 - [BENIGN] - DEBUG - Generated Telnet SYN-ACK from h5:23 <- h3:20618 [len=54B]
2025-09-12 17:06:54 - [BENIGN] - DEBUG - Generated Telnet ACK from h3:20618 -> h5:23 [len=54B]
2025-09-12 17:06:54 - [BENIGN] - DEBUG - Generated Telnet data traffic from h3:20618 -> h5:23 [content='Telnet command'] [Session 51] [len=1015B]
2025-09-12 17:06:55 - [BENIGN] - DEBUG - Generated Telnet ACK reply from h5:23 <- h3:20618 [len=54B]
2025-09-12 17:06:56 - [BENIGN] - DEBUG - Generated SSH SYN from h3:52985 -> h5:22 [len=54B]
2025-09-12 17:06:56 - [BENIGN] - DEBUG - Generated SSH SYN-ACK from h5:22 <- h3:52985 [len=54B]
2025-09-12 17:06:57 - [BENIGN] - DEBUG - Generated SSH ACK from h3:52985 -> h5:22 [len=54B]
2025-09-12 17:06:57 - [BENIGN] - DEBUG - Generated SSH data traffic from h3:52985 -> h5:22 [content='SSH encrypted data'] [Session 52] [len=912B]
2025-09-12 17:06:58 - [BENIGN] - DEBUG - Generated SSH ACK reply from h5:22 <- h3:52985 [len=54B]
2025-09-12 17:06:59 - [BENIGN] - DEBUG - Generated FTP SYN from h3:21574 -> h5:21 [len=54B]
2025-09-12 17:06:59 - [BENIGN] - DEBUG - Generated FTP SYN-ACK from h5:21 <- h3:21574 [len=54B]
2025-09-12 17:07:00 - [BENIGN] - DEBUG - Generated FTP ACK from h3:21574 -> h5:21 [len=54B]
2025-09-12 17:07:01 - [BENIGN] - DEBUG - Generated FTP data traffic from h3:21574 -> h5:21 [content='FTP file transfer'] [Session 53] [len=1176B]
2025-09-12 17:07:01 - [BENIGN] - DEBUG - Generated FTP ACK reply from h5:21 <- h3:21574 [len=54B]
2025-09-12 17:07:02 - [BENIGN] - DEBUG - Generated HTTP SYN from h3:36656 -> h5:80 [len=54B]
2025-09-12 17:07:03 - [BENIGN] - DEBUG - Generated HTTP SYN-ACK from h5:80 <- h3:36656 [len=54B]
2025-09-12 17:07:03 - [BENIGN] - DEBUG - Generated HTTP ACK from h3:36656 -> h5:80 [len=54B]
2025-09-12 17:07:04 - [BENIGN] - DEBUG - Generated HTTP data traffic from h3:36656 -> h5:80 [content='GET /index.html HTTP/1.1'] [Session 54] [len=517B]
2025-09-12 17:07:04 - [BENIGN] - DEBUG - Generated HTTP ACK reply from h5:80 <- h3:36656 [len=54B]
2025-09-12 17:07:05 - [BENIGN] - DEBUG - Generated HTTPS SYN from h3:22325 -> h5:443 [len=54B]
2025-09-12 17:07:06 - [BENIGN] - DEBUG - Generated HTTPS SYN-ACK from h5:443 <- h3:22325 [len=54B]
2025-09-12 17:07:06 - [BENIGN] - DEBUG - Generated HTTPS ACK from h3:22325 -> h5:443 [len=54B]
2025-09-12 17:07:07 - [BENIGN] - DEBUG - Generated HTTPS data traffic from h3:22325 -> h5:443 [content='Encrypted Application Data'] [Session 55] [len=499B]
2025-09-12 17:07:08 - [BENIGN] - DEBUG - Generated HTTPS ACK reply from h5:443 <- h3:22325 [len=54B]
2025-09-12 17:07:08 - [BENIGN] - DEBUG - Generated DNS query from h3:17786 -> h5:53 [qname='example.com'] [Session 56] [len=71B]
2025-09-12 17:07:08 - [BENIGN] - DEBUG - Generated ICMP traffic h2↔h5 7 [len=84B]
2025-09-12 17:07:09 - [BENIGN] - DEBUG - Generated TCP SYN from h3:7985 -> h5:12345 [len=54B]
2025-09-12 17:07:10 - [BENIGN] - DEBUG - Generated TCP SYN-ACK from h5:12345 <- h3:7985 [len=54B]
2025-09-12 17:07:10 - [BENIGN] - DEBUG - Generated TCP ACK from h3:7985 -> h5:12345 [len=54B]
2025-09-12 17:07:11 - [BENIGN] - DEBUG - Generated TCP data traffic from h3:7985 -> h5:12345 [content='TCP data'] [Session 57] [len=760B]
2025-09-12 17:07:11 - [BENIGN] - DEBUG - Generated TCP ACK reply from h5:12345 <- h3:7985 [len=54B]
2025-09-12 17:07:12 - [BENIGN] - DEBUG - Generated UDP traffic from h3:13906 -> h5:12346 [content='43b9715b275a4b0fbd050b1fce00e69da808bd74...'] [Session 58] [len=527B]
2025-09-12 17:07:13 - [BENIGN] - DEBUG - Generated Telnet SYN from h3:54079 -> h5:23 [len=54B]
2025-09-12 17:07:13 - [BENIGN] - DEBUG - Generated Telnet SYN-ACK from h5:23 <- h3:54079 [len=54B]
2025-09-12 17:07:14 - [BENIGN] - DEBUG - Generated Telnet ACK from h3:54079 -> h5:23 [len=54B]
2025-09-12 17:07:14 - [BENIGN] - DEBUG - Generated Telnet data traffic from h3:54079 -> h5:23 [content='Telnet command'] [Session 59] [len=329B]
2025-09-12 17:07:15 - [BENIGN] - DEBUG - Generated Telnet ACK reply from h5:23 <- h3:54079 [len=54B]
2025-09-12 17:07:16 - [BENIGN] - DEBUG - Generated SSH SYN from h3:21703 -> h5:22 [len=54B]
2025-09-12 17:07:16 - [BENIGN] - DEBUG - Generated SSH SYN-ACK from h5:22 <- h3:21703 [len=54B]
2025-09-12 17:07:17 - [BENIGN] - DEBUG - Generated SSH ACK from h3:21703 -> h5:22 [len=54B]
2025-09-12 17:07:18 - [BENIGN] - DEBUG - Generated SSH data traffic from h3:21703 -> h5:22 [content='SSH encrypted data'] [Session 60] [len=1157B]
2025-09-12 17:07:18 - [BENIGN] - DEBUG - Generated SSH ACK reply from h5:22 <- h3:21703 [len=54B]
2025-09-12 17:07:19 - [BENIGN] - DEBUG - Generated FTP SYN from h3:17121 -> h5:21 [len=54B]
2025-09-12 17:07:19 - [BENIGN] - DEBUG - Generated FTP SYN-ACK from h5:21 <- h3:17121 [len=54B]
2025-09-12 17:07:20 - [BENIGN] - DEBUG - Generated FTP ACK from h3:17121 -> h5:21 [len=54B]
2025-09-12 17:07:21 - [BENIGN] - DEBUG - Generated FTP data traffic from h3:17121 -> h5:21 [content='FTP file transfer'] [Session 61] [len=1104B]
2025-09-12 17:07:21 - [BENIGN] - DEBUG - Generated FTP ACK reply from h5:21 <- h3:17121 [len=54B]
2025-09-12 17:07:22 - [BENIGN] - DEBUG - Generated HTTP SYN from h3:55019 -> h5:80 [len=54B]
2025-09-12 17:07:23 - [BENIGN] - DEBUG - Generated HTTP SYN-ACK from h5:80 <- h3:55019 [len=54B]
2025-09-12 17:07:23 - [BENIGN] - DEBUG - Generated HTTP ACK from h3:55019 -> h5:80 [len=54B]
2025-09-12 17:07:24 - [BENIGN] - DEBUG - Generated HTTP data traffic from h3:55019 -> h5:80 [content='GET /index.html HTTP/1.1'] [Session 62] [len=495B]
2025-09-12 17:07:25 - [BENIGN] - DEBUG - Generated HTTP ACK reply from h5:80 <- h3:55019 [len=54B]
2025-09-12 17:07:25 - [BENIGN] - DEBUG - Generated HTTPS SYN from h3:42155 -> h5:443 [len=54B]
2025-09-12 17:07:26 - [BENIGN] - DEBUG - Generated HTTPS SYN-ACK from h5:443 <- h3:42155 [len=54B]
2025-09-12 17:07:26 - [BENIGN] - DEBUG - Generated HTTPS ACK from h3:42155 -> h5:443 [len=54B]
2025-09-12 17:07:27 - [BENIGN] - DEBUG - Generated HTTPS data traffic from h3:42155 -> h5:443 [content='Encrypted Application Data'] [Session 63] [len=658B]
2025-09-12 17:07:28 - [BENIGN] - DEBUG - Generated HTTPS ACK reply from h5:443 <- h3:42155 [len=54B]
2025-09-12 17:07:28 - [BENIGN] - DEBUG - Generated DNS query from h3:21747 -> h5:53 [qname='example.com'] [Session 64] [len=71B]
2025-09-12 17:07:28 - [BENIGN] - DEBUG - Generated ICMP traffic h2↔h5 8 [len=84B]
2025-09-12 17:07:29 - [BENIGN] - DEBUG - Generated TCP SYN from h3:31015 -> h5:12345 [len=54B]
2025-09-12 17:07:30 - [BENIGN] - DEBUG - Generated TCP SYN-ACK from h5:12345 <- h3:31015 [len=54B]
2025-09-12 17:07:30 - [BENIGN] - DEBUG - Generated TCP ACK from h3:31015 -> h5:12345 [len=54B]
2025-09-12 17:07:31 - [BENIGN] - DEBUG - Generated TCP data traffic from h3:31015 -> h5:12345 [content='TCP data'] [Session 65] [len=1359B]
2025-09-12 17:07:32 - [BENIGN] - DEBUG - Generated TCP ACK reply from h5:12345 <- h3:31015 [len=54B]
2025-09-12 17:07:32 - [BENIGN] - DEBUG - Generated UDP traffic from h3:41866 -> h5:12346 [content='ea111ea8676974c917512926eebab69ae25f595e...'] [Session 66] [len=712B]
2025-09-12 17:07:33 - [BENIGN] - DEBUG - Generated Telnet SYN from h3:21271 -> h5:23 [len=54B]
2025-09-12 17:07:33 - [BENIGN] - DEBUG - Generated Telnet SYN-ACK from h5:23 <- h3:21271 [len=54B]
2025-09-12 17:07:34 - [BENIGN] - DEBUG - Generated Telnet ACK from h3:21271 -> h5:23 [len=54B]
2025-09-12 17:07:35 - [BENIGN] - DEBUG - Generated Telnet data traffic from h3:21271 -> h5:23 [content='Telnet command'] [Session 67] [len=945B]
2025-09-12 17:07:35 - [BENIGN] - DEBUG - Generated Telnet ACK reply from h5:23 <- h3:21271 [len=54B]
2025-09-12 17:07:36 - [BENIGN] - DEBUG - Generated SSH SYN from h3:27618 -> h5:22 [len=54B]
2025-09-12 17:07:37 - [BENIGN] - DEBUG - Generated SSH SYN-ACK from h5:22 <- h3:27618 [len=54B]
2025-09-12 17:07:37 - [BENIGN] - DEBUG - Generated SSH ACK from h3:27618 -> h5:22 [len=54B]
2025-09-12 17:07:38 - [BENIGN] - DEBUG - Generated SSH data traffic from h3:27618 -> h5:22 [content='SSH encrypted data'] [Session 68] [len=955B]
2025-09-12 17:07:38 - [BENIGN] - DEBUG - Generated SSH ACK reply from h5:22 <- h3:27618 [len=54B]
2025-09-12 17:07:39 - [BENIGN] - DEBUG - Generated FTP SYN from h3:47722 -> h5:21 [len=54B]
2025-09-12 17:07:40 - [BENIGN] - DEBUG - Generated FTP SYN-ACK from h5:21 <- h3:47722 [len=54B]
2025-09-12 17:07:40 - [BENIGN] - DEBUG - Generated FTP ACK from h3:47722 -> h5:21 [len=54B]
2025-09-12 17:07:41 - [BENIGN] - DEBUG - Generated FTP data traffic from h3:47722 -> h5:21 [content='FTP file transfer'] [Session 69] [len=411B]
2025-09-12 17:07:42 - [BENIGN] - DEBUG - Generated FTP ACK reply from h5:21 <- h3:47722 [len=54B]
2025-09-12 17:07:42 - [BENIGN] - DEBUG - Generated HTTP SYN from h3:61617 -> h5:80 [len=54B]
2025-09-12 17:07:43 - [BENIGN] - DEBUG - Generated HTTP SYN-ACK from h5:80 <- h3:61617 [len=54B]
2025-09-12 17:07:43 - [BENIGN] - DEBUG - Generated HTTP ACK from h3:61617 -> h5:80 [len=54B]
2025-09-12 17:07:44 - [BENIGN] - DEBUG - Generated HTTP data traffic from h3:61617 -> h5:80 [content='GET /index.html HTTP/1.1'] [Session 70] [len=523B]
2025-09-12 17:07:45 - [BENIGN] - DEBUG - Generated HTTP ACK reply from h5:80 <- h3:61617 [len=54B]
2025-09-12 17:07:45 - [BENIGN] - DEBUG - Generated HTTPS SYN from h3:39965 -> h5:443 [len=54B]
2025-09-12 17:07:46 - [BENIGN] - DEBUG - Generated HTTPS SYN-ACK from h5:443 <- h3:39965 [len=54B]
2025-09-12 17:07:47 - [BENIGN] - DEBUG - Generated HTTPS ACK from h3:39965 -> h5:443 [len=54B]
2025-09-12 17:07:47 - [BENIGN] - DEBUG - Generated HTTPS data traffic from h3:39965 -> h5:443 [content='Encrypted Application Data'] [Session 71] [len=755B]
2025-09-12 17:07:48 - [BENIGN] - DEBUG - Generated HTTPS ACK reply from h5:443 <- h3:39965 [len=54B]
2025-09-12 17:07:48 - [BENIGN] - DEBUG - Generated DNS query from h3:29008 -> h5:53 [qname='example.com'] [Session 72] [len=71B]
2025-09-12 17:07:49 - [BENIGN] - DEBUG - Generated ICMP traffic h2↔h5 9 [len=84B]
2025-09-12 17:07:49 - [BENIGN] - DEBUG - Generated TCP SYN from h3:19679 -> h5:12345 [len=54B]
2025-09-12 17:07:50 - [BENIGN] - DEBUG - Generated TCP SYN-ACK from h5:12345 <- h3:19679 [len=54B]
2025-09-12 17:07:50 - [BENIGN] - DEBUG - Generated TCP ACK from h3:19679 -> h5:12345 [len=54B]
2025-09-12 17:07:51 - [BENIGN] - DEBUG - Generated TCP data traffic from h3:19679 -> h5:12345 [content='TCP data'] [Session 73] [len=600B]
2025-09-12 17:07:52 - [BENIGN] - DEBUG - Generated TCP ACK reply from h5:12345 <- h3:19679 [len=54B]
2025-09-12 17:07:52 - [BENIGN] - DEBUG - Generated UDP traffic from h3:4715 -> h5:12346 [content='b96bdc7c3f13d4473bbc9262588d1083b51a6786...'] [Session 74] [len=407B]
2025-09-12 17:07:53 - [BENIGN] - DEBUG - Generated Telnet SYN from h3:15714 -> h5:23 [len=54B]
2025-09-12 17:07:54 - [BENIGN] - DEBUG - Generated Telnet SYN-ACK from h5:23 <- h3:15714 [len=54B]
2025-09-12 17:07:54 - [BENIGN] - DEBUG - Generated Telnet ACK from h3:15714 -> h5:23 [len=54B]
2025-09-12 17:07:55 - [BENIGN] - DEBUG - Generated Telnet data traffic from h3:15714 -> h5:23 [content='Telnet command'] [Session 75] [len=1027B]
2025-09-12 17:07:55 - [BENIGN] - DEBUG - Generated Telnet ACK reply from h5:23 <- h3:15714 [len=54B]
2025-09-12 17:07:56 - [BENIGN] - DEBUG - Generated SSH SYN from h3:63956 -> h5:22 [len=54B]
2025-09-12 17:07:57 - [BENIGN] - DEBUG - Generated SSH SYN-ACK from h5:22 <- h3:63956 [len=54B]
2025-09-12 17:07:57 - [BENIGN] - DEBUG - Generated SSH ACK from h3:63956 -> h5:22 [len=54B]
2025-09-12 17:07:58 - [BENIGN] - DEBUG - Generated SSH data traffic from h3:63956 -> h5:22 [content='SSH encrypted data'] [Session 76] [len=396B]
2025-09-12 17:07:59 - [BENIGN] - DEBUG - Generated SSH ACK reply from h5:22 <- h3:63956 [len=54B]
2025-09-12 17:07:59 - [BENIGN] - DEBUG - Generated FTP SYN from h3:30969 -> h5:21 [len=54B]
2025-09-12 17:08:00 - [BENIGN] - DEBUG - Generated FTP SYN-ACK from h5:21 <- h3:30969 [len=54B]
2025-09-12 17:08:00 - [BENIGN] - DEBUG - Generated FTP ACK from h3:30969 -> h5:21 [len=54B]
2025-09-12 17:08:01 - [BENIGN] - DEBUG - Generated FTP data traffic from h3:30969 -> h5:21 [content='FTP file transfer'] [Session 77] [len=769B]
2025-09-12 17:08:02 - [BENIGN] - DEBUG - Generated FTP ACK reply from h5:21 <- h3:30969 [len=54B]
2025-09-12 17:08:02 - [BENIGN] - DEBUG - Generated HTTP SYN from h3:61012 -> h5:80 [len=54B]
2025-09-12 17:08:03 - [BENIGN] - DEBUG - Generated HTTP SYN-ACK from h5:80 <- h3:61012 [len=54B]
2025-09-12 17:08:04 - [BENIGN] - DEBUG - Generated HTTP ACK from h3:61012 -> h5:80 [len=54B]
2025-09-12 17:08:04 - [BENIGN] - DEBUG - Generated HTTP data traffic from h3:61012 -> h5:80 [content='GET /index.html HTTP/1.1'] [Session 78] [len=600B]
2025-09-12 17:08:05 - [BENIGN] - DEBUG - Generated HTTP ACK reply from h5:80 <- h3:61012 [len=54B]
2025-09-12 17:08:06 - [BENIGN] - DEBUG - Generated HTTPS SYN from h3:14587 -> h5:443 [len=54B]
2025-09-12 17:08:06 - [BENIGN] - DEBUG - Generated HTTPS SYN-ACK from h5:443 <- h3:14587 [len=54B]
2025-09-12 17:08:07 - [BENIGN] - DEBUG - Generated HTTPS ACK from h3:14587 -> h5:443 [len=54B]
2025-09-12 17:08:07 - [BENIGN] - DEBUG - Generated HTTPS data traffic from h3:14587 -> h5:443 [content='Encrypted Application Data'] [Session 79] [len=765B]
2025-09-12 17:08:08 - [BENIGN] - DEBUG - Generated HTTPS ACK reply from h5:443 <- h3:14587 [len=54B]
2025-09-12 17:08:09 - [BENIGN] - DEBUG - Generated DNS query from h3:4485 -> h5:53 [qname='example.com'] [Session 80] [len=71B]
2025-09-12 17:08:09 - [BENIGN] - INFO - Benign traffic finished.
2025-09-12 17:08:09 - [BENIGN] - INFO - Summary: 80 protocol sessions with protocol separation:
2025-09-12 17:08:09 - [BENIGN] - INFO -   - h2↔h5: ICMP ping traffic
2025-09-12 17:08:09 - [BENIGN] - INFO -   - h3↔h5: TCP/UDP traffic [TCP, UDP, Telnet, SSH, FTP, HTTP, HTTPS, DNS]
2025-09-12 17:08:09 - [BENIGN] - INFO - Total packets sent: 340
