2025-09-12 17:43:10 - [BENIGN] - INFO - Starting benign traffic for 200 seconds...
2025-09-12 17:43:10 - [BENIGN] - INFO - Protocol separation: h2↔h5 (ICMP), h3↔h5 (TCP/UDP)
2025-09-12 17:43:10 - [BENIGN] - DEBUG - Generated ICMP traffic h2↔h5 0 [len=84B]
2025-09-12 17:43:11 - [BENIGN] - DEBUG - Generated TCP SYN from h3:51243 -> h5:12345 [len=54B]
2025-09-12 17:43:12 - [BENIGN] - DEBUG - Generated TCP SYN-ACK from h5:12345 <- h3:51243 [len=54B]
2025-09-12 17:43:12 - [BENIGN] - DEBUG - Generated TCP ACK from h3:51243 -> h5:12345 [len=54B]
2025-09-12 17:43:13 - [BENIGN] - DEBUG - Generated TCP data traffic from h3:51243 -> h5:12345 [content='TCP data'] [Session 1] [len=654B]
2025-09-12 17:43:14 - [BENIGN] - DEBUG - Generated TCP ACK reply from h5:12345 <- h3:51243 [len=54B]
2025-09-12 17:43:14 - [BENIGN] - DEBUG - Generated UDP traffic from h3:29521 -> h5:12346 [content='1a838b020eef154fdbfd08f13c483da51f1814b6...'] [Session 2] [len=248B]
2025-09-12 17:43:15 - [BENIGN] - DEBUG - Generated Telnet SYN from h3:47068 -> h5:23 [len=54B]
2025-09-12 17:43:16 - [BENIGN] - DEBUG - Generated Telnet SYN-ACK from h5:23 <- h3:47068 [len=54B]
2025-09-12 17:43:16 - [BENIGN] - DEBUG - Generated Telnet ACK from h3:47068 -> h5:23 [len=54B]
2025-09-12 17:43:17 - [BENIGN] - DEBUG - Generated Telnet data traffic from h3:47068 -> h5:23 [content='Telnet command'] [Session 3] [len=1192B]
2025-09-12 17:43:18 - [BENIGN] - DEBUG - Generated Telnet ACK reply from h5:23 <- h3:47068 [len=54B]
2025-09-12 17:43:18 - [BENIGN] - DEBUG - Generated SSH SYN from h3:64110 -> h5:22 [len=54B]
2025-09-12 17:43:19 - [BENIGN] - DEBUG - Generated SSH SYN-ACK from h5:22 <- h3:64110 [len=54B]
2025-09-12 17:43:20 - [BENIGN] - DEBUG - Generated SSH ACK from h3:64110 -> h5:22 [len=54B]
2025-09-12 17:43:20 - [BENIGN] - DEBUG - Generated SSH data traffic from h3:64110 -> h5:22 [content='SSH encrypted data'] [Session 4] [len=242B]
2025-09-12 17:43:21 - [BENIGN] - DEBUG - Generated SSH ACK reply from h5:22 <- h3:64110 [len=54B]
2025-09-12 17:43:22 - [BENIGN] - DEBUG - Generated FTP SYN from h3:17537 -> h5:21 [len=54B]
2025-09-12 17:43:22 - [BENIGN] - DEBUG - Generated FTP SYN-ACK from h5:21 <- h3:17537 [len=54B]
2025-09-12 17:43:23 - [BENIGN] - DEBUG - Generated FTP ACK from h3:17537 -> h5:21 [len=54B]
2025-09-12 17:43:24 - [BENIGN] - DEBUG - Generated FTP data traffic from h3:17537 -> h5:21 [content='FTP file transfer'] [Session 5] [len=1454B]
2025-09-12 17:43:24 - [BENIGN] - DEBUG - Generated FTP ACK reply from h5:21 <- h3:17537 [len=54B]
2025-09-12 17:43:25 - [BENIGN] - DEBUG - Generated HTTP SYN from h3:44748 -> h5:80 [len=54B]
2025-09-12 17:43:25 - [BENIGN] - DEBUG - Generated HTTP SYN-ACK from h5:80 <- h3:44748 [len=54B]
2025-09-12 17:43:26 - [BENIGN] - DEBUG - Generated HTTP ACK from h3:44748 -> h5:80 [len=54B]
2025-09-12 17:43:27 - [BENIGN] - DEBUG - Generated HTTP data traffic from h3:44748 -> h5:80 [content='GET /index.html HTTP/1.1'] [Session 6] [len=495B]
2025-09-12 17:43:27 - [BENIGN] - DEBUG - Generated HTTP ACK reply from h5:80 <- h3:44748 [len=54B]
2025-09-12 17:43:28 - [BENIGN] - DEBUG - Generated HTTPS SYN from h3:18448 -> h5:443 [len=54B]
2025-09-12 17:43:29 - [BENIGN] - DEBUG - Generated HTTPS SYN-ACK from h5:443 <- h3:18448 [len=54B]
2025-09-12 17:43:29 - [BENIGN] - DEBUG - Generated HTTPS ACK from h3:18448 -> h5:443 [len=54B]
2025-09-12 17:43:30 - [BENIGN] - DEBUG - Generated HTTPS data traffic from h3:18448 -> h5:443 [content='Encrypted Application Data'] [Session 7] [len=284B]
2025-09-12 17:43:31 - [BENIGN] - DEBUG - Generated HTTPS ACK reply from h5:443 <- h3:18448 [len=54B]
2025-09-12 17:43:31 - [BENIGN] - DEBUG - Generated DNS query from h3:63576 -> h5:53 [qname='example.com'] [Session 8] [len=71B]
2025-09-12 17:43:31 - [BENIGN] - DEBUG - Generated ICMP traffic h2↔h5 1 [len=84B]
2025-09-12 17:43:32 - [BENIGN] - DEBUG - Generated TCP SYN from h3:27180 -> h5:12345 [len=54B]
2025-09-12 17:43:33 - [BENIGN] - DEBUG - Generated TCP SYN-ACK from h5:12345 <- h3:27180 [len=54B]
2025-09-12 17:43:33 - [BENIGN] - DEBUG - Generated TCP ACK from h3:27180 -> h5:12345 [len=54B]
2025-09-12 17:43:34 - [BENIGN] - DEBUG - Generated TCP data traffic from h3:27180 -> h5:12345 [content='TCP data'] [Session 9] [len=534B]
2025-09-12 17:43:35 - [BENIGN] - DEBUG - Generated TCP ACK reply from h5:12345 <- h3:27180 [len=54B]
2025-09-12 17:43:35 - [BENIGN] - DEBUG - Generated UDP traffic from h3:41419 -> h5:12346 [content='9747f0f75cf02d746db7dcd219b698950f299844...'] [Session 10] [len=1363B]
2025-09-12 17:43:36 - [BENIGN] - DEBUG - Generated Telnet SYN from h3:23222 -> h5:23 [len=54B]
2025-09-12 17:43:36 - [BENIGN] - DEBUG - Generated Telnet SYN-ACK from h5:23 <- h3:23222 [len=54B]
2025-09-12 17:43:37 - [BENIGN] - DEBUG - Generated Telnet ACK from h3:23222 -> h5:23 [len=54B]
2025-09-12 17:43:38 - [BENIGN] - DEBUG - Generated Telnet data traffic from h3:23222 -> h5:23 [content='Telnet command'] [Session 11] [len=1113B]
2025-09-12 17:43:38 - [BENIGN] - DEBUG - Generated Telnet ACK reply from h5:23 <- h3:23222 [len=54B]
2025-09-12 17:43:39 - [BENIGN] - DEBUG - Generated SSH SYN from h3:24912 -> h5:22 [len=54B]
2025-09-12 17:43:40 - [BENIGN] - DEBUG - Generated SSH SYN-ACK from h5:22 <- h3:24912 [len=54B]
2025-09-12 17:43:40 - [BENIGN] - DEBUG - Generated SSH ACK from h3:24912 -> h5:22 [len=54B]
2025-09-12 17:43:41 - [BENIGN] - DEBUG - Generated SSH data traffic from h3:24912 -> h5:22 [content='SSH encrypted data'] [Session 12] [len=287B]
2025-09-12 17:43:42 - [BENIGN] - DEBUG - Generated SSH ACK reply from h5:22 <- h3:24912 [len=54B]
2025-09-12 17:43:42 - [BENIGN] - DEBUG - Generated FTP SYN from h3:17855 -> h5:21 [len=54B]
2025-09-12 17:43:43 - [BENIGN] - DEBUG - Generated FTP SYN-ACK from h5:21 <- h3:17855 [len=54B]
2025-09-12 17:43:43 - [BENIGN] - DEBUG - Generated FTP ACK from h3:17855 -> h5:21 [len=54B]
2025-09-12 17:43:44 - [BENIGN] - DEBUG - Generated FTP data traffic from h3:17855 -> h5:21 [content='FTP file transfer'] [Session 13] [len=253B]
2025-09-12 17:43:45 - [BENIGN] - DEBUG - Generated FTP ACK reply from h5:21 <- h3:17855 [len=54B]
2025-09-12 17:43:45 - [BENIGN] - DEBUG - Generated HTTP SYN from h3:25719 -> h5:80 [len=54B]
2025-09-12 17:43:46 - [BENIGN] - DEBUG - Generated HTTP SYN-ACK from h5:80 <- h3:25719 [len=54B]
2025-09-12 17:43:47 - [BENIGN] - DEBUG - Generated HTTP ACK from h3:25719 -> h5:80 [len=54B]
2025-09-12 17:43:47 - [BENIGN] - DEBUG - Generated HTTP data traffic from h3:25719 -> h5:80 [content='GET /index.html HTTP/1.1'] [Session 14] [len=458B]
2025-09-12 17:43:48 - [BENIGN] - DEBUG - Generated HTTP ACK reply from h5:80 <- h3:25719 [len=54B]
2025-09-12 17:43:49 - [BENIGN] - DEBUG - Generated HTTPS SYN from h3:10490 -> h5:443 [len=54B]
2025-09-12 17:43:49 - [BENIGN] - DEBUG - Generated HTTPS SYN-ACK from h5:443 <- h3:10490 [len=54B]
2025-09-12 17:43:50 - [BENIGN] - DEBUG - Generated HTTPS ACK from h3:10490 -> h5:443 [len=54B]
2025-09-12 17:43:51 - [BENIGN] - DEBUG - Generated HTTPS data traffic from h3:10490 -> h5:443 [content='Encrypted Application Data'] [Session 15] [len=486B]
2025-09-12 17:43:51 - [BENIGN] - DEBUG - Generated HTTPS ACK reply from h5:443 <- h3:10490 [len=54B]
2025-09-12 17:43:52 - [BENIGN] - DEBUG - Generated DNS query from h3:11439 -> h5:53 [qname='example.com'] [Session 16] [len=71B]
2025-09-12 17:43:52 - [BENIGN] - DEBUG - Generated ICMP traffic h2↔h5 2 [len=84B]
2025-09-12 17:43:53 - [BENIGN] - DEBUG - Generated TCP SYN from h3:15836 -> h5:12345 [len=54B]
2025-09-12 17:43:53 - [BENIGN] - DEBUG - Generated TCP SYN-ACK from h5:12345 <- h3:15836 [len=54B]
2025-09-12 17:43:54 - [BENIGN] - DEBUG - Generated TCP ACK from h3:15836 -> h5:12345 [len=54B]
2025-09-12 17:43:54 - [BENIGN] - DEBUG - Generated TCP data traffic from h3:15836 -> h5:12345 [content='TCP data'] [Session 17] [len=927B]
2025-09-12 17:43:55 - [BENIGN] - DEBUG - Generated TCP ACK reply from h5:12345 <- h3:15836 [len=54B]
2025-09-12 17:43:56 - [BENIGN] - DEBUG - Generated UDP traffic from h3:5870 -> h5:12346 [content='8b1597bb022b827b6abb758a1680fb9b0c6b2e7d...'] [Session 18] [len=1203B]
2025-09-12 17:43:56 - [BENIGN] - DEBUG - Generated Telnet SYN from h3:40381 -> h5:23 [len=54B]
2025-09-12 17:43:57 - [BENIGN] - DEBUG - Generated Telnet SYN-ACK from h5:23 <- h3:40381 [len=54B]
2025-09-12 17:43:58 - [BENIGN] - DEBUG - Generated Telnet ACK from h3:40381 -> h5:23 [len=54B]
2025-09-12 17:43:58 - [BENIGN] - DEBUG - Generated Telnet data traffic from h3:40381 -> h5:23 [content='Telnet command'] [Session 19] [len=231B]
2025-09-12 17:43:59 - [BENIGN] - DEBUG - Generated Telnet ACK reply from h5:23 <- h3:40381 [len=54B]
2025-09-12 17:44:00 - [BENIGN] - DEBUG - Generated SSH SYN from h3:65353 -> h5:22 [len=54B]
2025-09-12 17:44:00 - [BENIGN] - DEBUG - Generated SSH SYN-ACK from h5:22 <- h3:65353 [len=54B]
2025-09-12 17:44:01 - [BENIGN] - DEBUG - Generated SSH ACK from h3:65353 -> h5:22 [len=54B]
2025-09-12 17:44:01 - [BENIGN] - DEBUG - Generated SSH data traffic from h3:65353 -> h5:22 [content='SSH encrypted data'] [Session 20] [len=1192B]
2025-09-12 17:44:02 - [BENIGN] - DEBUG - Generated SSH ACK reply from h5:22 <- h3:65353 [len=54B]
2025-09-12 17:44:03 - [BENIGN] - DEBUG - Generated FTP SYN from h3:9146 -> h5:21 [len=54B]
2025-09-12 17:44:03 - [BENIGN] - DEBUG - Generated FTP SYN-ACK from h5:21 <- h3:9146 [len=54B]
2025-09-12 17:44:04 - [BENIGN] - DEBUG - Generated FTP ACK from h3:9146 -> h5:21 [len=54B]
2025-09-12 17:44:05 - [BENIGN] - DEBUG - Generated FTP data traffic from h3:9146 -> h5:21 [content='FTP file transfer'] [Session 21] [len=885B]
2025-09-12 17:44:05 - [BENIGN] - DEBUG - Generated FTP ACK reply from h5:21 <- h3:9146 [len=54B]
2025-09-12 17:44:06 - [BENIGN] - DEBUG - Generated HTTP SYN from h3:40082 -> h5:80 [len=54B]
2025-09-12 17:44:06 - [BENIGN] - DEBUG - Generated HTTP SYN-ACK from h5:80 <- h3:40082 [len=54B]
2025-09-12 17:44:07 - [BENIGN] - DEBUG - Generated HTTP ACK from h3:40082 -> h5:80 [len=54B]
2025-09-12 17:44:08 - [BENIGN] - DEBUG - Generated HTTP data traffic from h3:40082 -> h5:80 [content='GET /index.html HTTP/1.1'] [Session 22] [len=538B]
2025-09-12 17:44:08 - [BENIGN] - DEBUG - Generated HTTP ACK reply from h5:80 <- h3:40082 [len=54B]
2025-09-12 17:44:09 - [BENIGN] - DEBUG - Generated HTTPS SYN from h3:33160 -> h5:443 [len=54B]
2025-09-12 17:44:10 - [BENIGN] - DEBUG - Generated HTTPS SYN-ACK from h5:443 <- h3:33160 [len=54B]
2025-09-12 17:44:10 - [BENIGN] - DEBUG - Generated HTTPS ACK from h3:33160 -> h5:443 [len=54B]
2025-09-12 17:44:11 - [BENIGN] - DEBUG - Generated HTTPS data traffic from h3:33160 -> h5:443 [content='Encrypted Application Data'] [Session 23] [len=759B]
2025-09-12 17:44:11 - [BENIGN] - DEBUG - Generated HTTPS ACK reply from h5:443 <- h3:33160 [len=54B]
2025-09-12 17:44:12 - [BENIGN] - DEBUG - Generated DNS query from h3:46336 -> h5:53 [qname='example.com'] [Session 24] [len=71B]
2025-09-12 17:44:12 - [BENIGN] - DEBUG - Generated ICMP traffic h2↔h5 3 [len=84B]
2025-09-12 17:44:13 - [BENIGN] - DEBUG - Generated TCP SYN from h3:46749 -> h5:12345 [len=54B]
2025-09-12 17:44:13 - [BENIGN] - DEBUG - Generated TCP SYN-ACK from h5:12345 <- h3:46749 [len=54B]
2025-09-12 17:44:14 - [BENIGN] - DEBUG - Generated TCP ACK from h3:46749 -> h5:12345 [len=54B]
2025-09-12 17:44:15 - [BENIGN] - DEBUG - Generated TCP data traffic from h3:46749 -> h5:12345 [content='TCP data'] [Session 25] [len=1479B]
2025-09-12 17:44:15 - [BENIGN] - DEBUG - Generated TCP ACK reply from h5:12345 <- h3:46749 [len=54B]
2025-09-12 17:44:16 - [BENIGN] - DEBUG - Generated UDP traffic from h3:6737 -> h5:12346 [content='2ad5aa3a001249d612db16758a7807db2bd4f134...'] [Session 26] [len=448B]
2025-09-12 17:44:16 - [BENIGN] - DEBUG - Generated Telnet SYN from h3:56940 -> h5:23 [len=54B]
2025-09-12 17:44:17 - [BENIGN] - DEBUG - Generated Telnet SYN-ACK from h5:23 <- h3:56940 [len=54B]
2025-09-12 17:44:18 - [BENIGN] - DEBUG - Generated Telnet ACK from h3:56940 -> h5:23 [len=54B]
2025-09-12 17:44:18 - [BENIGN] - DEBUG - Generated Telnet data traffic from h3:56940 -> h5:23 [content='Telnet command'] [Session 27] [len=201B]
2025-09-12 17:44:19 - [BENIGN] - DEBUG - Generated Telnet ACK reply from h5:23 <- h3:56940 [len=54B]
2025-09-12 17:44:20 - [BENIGN] - DEBUG - Generated SSH SYN from h3:16076 -> h5:22 [len=54B]
2025-09-12 17:44:20 - [BENIGN] - DEBUG - Generated SSH SYN-ACK from h5:22 <- h3:16076 [len=54B]
2025-09-12 17:44:21 - [BENIGN] - DEBUG - Generated SSH ACK from h3:16076 -> h5:22 [len=54B]
2025-09-12 17:44:21 - [BENIGN] - DEBUG - Generated SSH data traffic from h3:16076 -> h5:22 [content='SSH encrypted data'] [Session 28] [len=847B]
2025-09-12 17:44:22 - [BENIGN] - DEBUG - Generated SSH ACK reply from h5:22 <- h3:16076 [len=54B]
2025-09-12 17:44:23 - [BENIGN] - DEBUG - Generated FTP SYN from h3:41333 -> h5:21 [len=54B]
2025-09-12 17:44:23 - [BENIGN] - DEBUG - Generated FTP SYN-ACK from h5:21 <- h3:41333 [len=54B]
2025-09-12 17:44:24 - [BENIGN] - DEBUG - Generated FTP ACK from h3:41333 -> h5:21 [len=54B]
2025-09-12 17:44:25 - [BENIGN] - DEBUG - Generated FTP data traffic from h3:41333 -> h5:21 [content='FTP file transfer'] [Session 29] [len=1408B]
2025-09-12 17:44:25 - [BENIGN] - DEBUG - Generated FTP ACK reply from h5:21 <- h3:41333 [len=54B]
2025-09-12 17:44:26 - [BENIGN] - DEBUG - Generated HTTP SYN from h3:37043 -> h5:80 [len=54B]
2025-09-12 17:44:26 - [BENIGN] - DEBUG - Generated HTTP SYN-ACK from h5:80 <- h3:37043 [len=54B]
2025-09-12 17:44:27 - [BENIGN] - DEBUG - Generated HTTP ACK from h3:37043 -> h5:80 [len=54B]
2025-09-12 17:44:28 - [BENIGN] - DEBUG - Generated HTTP data traffic from h3:37043 -> h5:80 [content='GET /index.html HTTP/1.1'] [Session 30] [len=425B]
2025-09-12 17:44:28 - [BENIGN] - DEBUG - Generated HTTP ACK reply from h5:80 <- h3:37043 [len=54B]
2025-09-12 17:44:29 - [BENIGN] - DEBUG - Generated HTTPS SYN from h3:10074 -> h5:443 [len=54B]
2025-09-12 17:44:30 - [BENIGN] - DEBUG - Generated HTTPS SYN-ACK from h5:443 <- h3:10074 [len=54B]
2025-09-12 17:44:30 - [BENIGN] - DEBUG - Generated HTTPS ACK from h3:10074 -> h5:443 [len=54B]
2025-09-12 17:44:31 - [BENIGN] - DEBUG - Generated HTTPS data traffic from h3:10074 -> h5:443 [content='Encrypted Application Data'] [Session 31] [len=455B]
2025-09-12 17:44:32 - [BENIGN] - DEBUG - Generated HTTPS ACK reply from h5:443 <- h3:10074 [len=54B]
2025-09-12 17:44:32 - [BENIGN] - DEBUG - Generated DNS query from h3:15020 -> h5:53 [qname='example.com'] [Session 32] [len=71B]
2025-09-12 17:44:32 - [BENIGN] - DEBUG - Generated ICMP traffic h2↔h5 4 [len=84B]
2025-09-12 17:44:33 - [BENIGN] - DEBUG - Generated TCP SYN from h3:21815 -> h5:12345 [len=54B]
2025-09-12 17:44:34 - [BENIGN] - DEBUG - Generated TCP SYN-ACK from h5:12345 <- h3:21815 [len=54B]
2025-09-12 17:44:34 - [BENIGN] - DEBUG - Generated TCP ACK from h3:21815 -> h5:12345 [len=54B]
2025-09-12 17:44:35 - [BENIGN] - DEBUG - Generated TCP data traffic from h3:21815 -> h5:12345 [content='TCP data'] [Session 33] [len=491B]
2025-09-12 17:44:35 - [BENIGN] - DEBUG - Generated TCP ACK reply from h5:12345 <- h3:21815 [len=54B]
2025-09-12 17:44:36 - [BENIGN] - DEBUG - Generated UDP traffic from h3:49409 -> h5:12346 [content='75358fda66f738952f73df875a601e45ac75805a...'] [Session 34] [len=1530B]
2025-09-12 17:44:37 - [BENIGN] - DEBUG - Generated Telnet SYN from h3:38406 -> h5:23 [len=54B]
2025-09-12 17:44:37 - [BENIGN] - DEBUG - Generated Telnet SYN-ACK from h5:23 <- h3:38406 [len=54B]
2025-09-12 17:44:38 - [BENIGN] - DEBUG - Generated Telnet ACK from h3:38406 -> h5:23 [len=54B]
2025-09-12 17:44:39 - [BENIGN] - DEBUG - Generated Telnet data traffic from h3:38406 -> h5:23 [content='Telnet command'] [Session 35] [len=1102B]
2025-09-12 17:44:39 - [BENIGN] - DEBUG - Generated Telnet ACK reply from h5:23 <- h3:38406 [len=54B]
2025-09-12 17:44:40 - [BENIGN] - DEBUG - Generated SSH SYN from h3:44609 -> h5:22 [len=54B]
2025-09-12 17:44:40 - [BENIGN] - DEBUG - Generated SSH SYN-ACK from h5:22 <- h3:44609 [len=54B]
2025-09-12 17:44:41 - [BENIGN] - DEBUG - Generated SSH ACK from h3:44609 -> h5:22 [len=54B]
2025-09-12 17:44:42 - [BENIGN] - DEBUG - Generated SSH data traffic from h3:44609 -> h5:22 [content='SSH encrypted data'] [Session 36] [len=135B]
2025-09-12 17:44:42 - [BENIGN] - DEBUG - Generated SSH ACK reply from h5:22 <- h3:44609 [len=54B]
2025-09-12 17:44:43 - [BENIGN] - DEBUG - Generated FTP SYN from h3:46059 -> h5:21 [len=54B]
2025-09-12 17:44:44 - [BENIGN] - DEBUG - Generated FTP SYN-ACK from h5:21 <- h3:46059 [len=54B]
2025-09-12 17:44:44 - [BENIGN] - DEBUG - Generated FTP ACK from h3:46059 -> h5:21 [len=54B]
2025-09-12 17:44:45 - [BENIGN] - DEBUG - Generated FTP data traffic from h3:46059 -> h5:21 [content='FTP file transfer'] [Session 37] [len=848B]
2025-09-12 17:44:46 - [BENIGN] - DEBUG - Generated FTP ACK reply from h5:21 <- h3:46059 [len=54B]
2025-09-12 17:44:46 - [BENIGN] - DEBUG - Generated HTTP SYN from h3:61124 -> h5:80 [len=54B]
2025-09-12 17:44:47 - [BENIGN] - DEBUG - Generated HTTP SYN-ACK from h5:80 <- h3:61124 [len=54B]
2025-09-12 17:44:47 - [BENIGN] - DEBUG - Generated HTTP ACK from h3:61124 -> h5:80 [len=54B]
2025-09-12 17:44:48 - [BENIGN] - DEBUG - Generated HTTP data traffic from h3:61124 -> h5:80 [content='GET /index.html HTTP/1.1'] [Session 38] [len=560B]
2025-09-12 17:44:49 - [BENIGN] - DEBUG - Generated HTTP ACK reply from h5:80 <- h3:61124 [len=54B]
2025-09-12 17:44:49 - [BENIGN] - DEBUG - Generated HTTPS SYN from h3:59251 -> h5:443 [len=54B]
2025-09-12 17:44:50 - [BENIGN] - DEBUG - Generated HTTPS SYN-ACK from h5:443 <- h3:59251 [len=54B]
2025-09-12 17:44:50 - [BENIGN] - DEBUG - Generated HTTPS ACK from h3:59251 -> h5:443 [len=54B]
2025-09-12 17:44:51 - [BENIGN] - DEBUG - Generated HTTPS data traffic from h3:59251 -> h5:443 [content='Encrypted Application Data'] [Session 39] [len=279B]
2025-09-12 17:44:52 - [BENIGN] - DEBUG - Generated HTTPS ACK reply from h5:443 <- h3:59251 [len=54B]
2025-09-12 17:44:52 - [BENIGN] - DEBUG - Generated DNS query from h3:59700 -> h5:53 [qname='example.com'] [Session 40] [len=71B]
2025-09-12 17:44:52 - [BENIGN] - DEBUG - Generated ICMP traffic h2↔h5 5 [len=84B]
2025-09-12 17:44:53 - [BENIGN] - DEBUG - Generated TCP SYN from h3:13998 -> h5:12345 [len=54B]
2025-09-12 17:44:54 - [BENIGN] - DEBUG - Generated TCP SYN-ACK from h5:12345 <- h3:13998 [len=54B]
2025-09-12 17:44:54 - [BENIGN] - DEBUG - Generated TCP ACK from h3:13998 -> h5:12345 [len=54B]
2025-09-12 17:44:55 - [BENIGN] - DEBUG - Generated TCP data traffic from h3:13998 -> h5:12345 [content='TCP data'] [Session 41] [len=117B]
2025-09-12 17:44:56 - [BENIGN] - DEBUG - Generated TCP ACK reply from h5:12345 <- h3:13998 [len=54B]
2025-09-12 17:44:56 - [BENIGN] - DEBUG - Generated UDP traffic from h3:11179 -> h5:12346 [content='12f91fd1889b45efea275e30e652e72abe6ee76f...'] [Session 42] [len=168B]
2025-09-12 17:44:57 - [BENIGN] - DEBUG - Generated Telnet SYN from h3:1790 -> h5:23 [len=54B]
2025-09-12 17:44:57 - [BENIGN] - DEBUG - Generated Telnet SYN-ACK from h5:23 <- h3:1790 [len=54B]
2025-09-12 17:44:58 - [BENIGN] - DEBUG - Generated Telnet ACK from h3:1790 -> h5:23 [len=54B]
2025-09-12 17:44:59 - [BENIGN] - DEBUG - Generated Telnet data traffic from h3:1790 -> h5:23 [content='Telnet command'] [Session 43] [len=861B]
2025-09-12 17:44:59 - [BENIGN] - DEBUG - Generated Telnet ACK reply from h5:23 <- h3:1790 [len=54B]
2025-09-12 17:45:00 - [BENIGN] - DEBUG - Generated SSH SYN from h3:20817 -> h5:22 [len=54B]
2025-09-12 17:45:00 - [BENIGN] - DEBUG - Generated SSH SYN-ACK from h5:22 <- h3:20817 [len=54B]
2025-09-12 17:45:01 - [BENIGN] - DEBUG - Generated SSH ACK from h3:20817 -> h5:22 [len=54B]
2025-09-12 17:45:02 - [BENIGN] - DEBUG - Generated SSH data traffic from h3:20817 -> h5:22 [content='SSH encrypted data'] [Session 44] [len=914B]
2025-09-12 17:45:02 - [BENIGN] - DEBUG - Generated SSH ACK reply from h5:22 <- h3:20817 [len=54B]
2025-09-12 17:45:03 - [BENIGN] - DEBUG - Generated FTP SYN from h3:51999 -> h5:21 [len=54B]
2025-09-12 17:45:04 - [BENIGN] - DEBUG - Generated FTP SYN-ACK from h5:21 <- h3:51999 [len=54B]
2025-09-12 17:45:04 - [BENIGN] - DEBUG - Generated FTP ACK from h3:51999 -> h5:21 [len=54B]
2025-09-12 17:45:05 - [BENIGN] - DEBUG - Generated FTP data traffic from h3:51999 -> h5:21 [content='FTP file transfer'] [Session 45] [len=1257B]
2025-09-12 17:45:05 - [BENIGN] - DEBUG - Generated FTP ACK reply from h5:21 <- h3:51999 [len=54B]
2025-09-12 17:45:06 - [BENIGN] - DEBUG - Generated HTTP SYN from h3:21021 -> h5:80 [len=54B]
2025-09-12 17:45:07 - [BENIGN] - DEBUG - Generated HTTP SYN-ACK from h5:80 <- h3:21021 [len=54B]
2025-09-12 17:45:07 - [BENIGN] - DEBUG - Generated HTTP ACK from h3:21021 -> h5:80 [len=54B]
2025-09-12 17:45:08 - [BENIGN] - DEBUG - Generated HTTP data traffic from h3:21021 -> h5:80 [content='GET /index.html HTTP/1.1'] [Session 46] [len=449B]
2025-09-12 17:45:09 - [BENIGN] - DEBUG - Generated HTTP ACK reply from h5:80 <- h3:21021 [len=54B]
2025-09-12 17:45:09 - [BENIGN] - DEBUG - Generated HTTPS SYN from h3:11923 -> h5:443 [len=54B]
2025-09-12 17:45:10 - [BENIGN] - DEBUG - Generated HTTPS SYN-ACK from h5:443 <- h3:11923 [len=54B]
2025-09-12 17:45:11 - [BENIGN] - DEBUG - Generated HTTPS ACK from h3:11923 -> h5:443 [len=54B]
2025-09-12 17:45:11 - [BENIGN] - DEBUG - Generated HTTPS data traffic from h3:11923 -> h5:443 [content='Encrypted Application Data'] [Session 47] [len=633B]
2025-09-12 17:45:12 - [BENIGN] - DEBUG - Generated HTTPS ACK reply from h5:443 <- h3:11923 [len=54B]
2025-09-12 17:45:12 - [BENIGN] - DEBUG - Generated DNS query from h3:39242 -> h5:53 [qname='example.com'] [Session 48] [len=71B]
2025-09-12 17:45:13 - [BENIGN] - DEBUG - Generated ICMP traffic h2↔h5 6 [len=84B]
2025-09-12 17:45:13 - [BENIGN] - DEBUG - Generated TCP SYN from h3:46754 -> h5:12345 [len=54B]
2025-09-12 17:45:14 - [BENIGN] - DEBUG - Generated TCP SYN-ACK from h5:12345 <- h3:46754 [len=54B]
2025-09-12 17:45:14 - [BENIGN] - DEBUG - Generated TCP ACK from h3:46754 -> h5:12345 [len=54B]
2025-09-12 17:45:15 - [BENIGN] - DEBUG - Generated TCP data traffic from h3:46754 -> h5:12345 [content='TCP data'] [Session 49] [len=157B]
2025-09-12 17:45:16 - [BENIGN] - DEBUG - Generated TCP ACK reply from h5:12345 <- h3:46754 [len=54B]
2025-09-12 17:45:16 - [BENIGN] - DEBUG - Generated UDP traffic from h3:3704 -> h5:12346 [content='bad82faa6a0ad2b2a62510186fea5a4cc6bfa57d...'] [Session 50] [len=441B]
2025-09-12 17:45:17 - [BENIGN] - DEBUG - Generated Telnet SYN from h3:10545 -> h5:23 [len=54B]
2025-09-12 17:45:18 - [BENIGN] - DEBUG - Generated Telnet SYN-ACK from h5:23 <- h3:10545 [len=54B]
2025-09-12 17:45:18 - [BENIGN] - DEBUG - Generated Telnet ACK from h3:10545 -> h5:23 [len=54B]
2025-09-12 17:45:19 - [BENIGN] - DEBUG - Generated Telnet data traffic from h3:10545 -> h5:23 [content='Telnet command'] [Session 51] [len=564B]
2025-09-12 17:45:19 - [BENIGN] - DEBUG - Generated Telnet ACK reply from h5:23 <- h3:10545 [len=54B]
2025-09-12 17:45:20 - [BENIGN] - DEBUG - Generated SSH SYN from h3:58123 -> h5:22 [len=54B]
2025-09-12 17:45:21 - [BENIGN] - DEBUG - Generated SSH SYN-ACK from h5:22 <- h3:58123 [len=54B]
2025-09-12 17:45:21 - [BENIGN] - DEBUG - Generated SSH ACK from h3:58123 -> h5:22 [len=54B]
2025-09-12 17:45:22 - [BENIGN] - DEBUG - Generated SSH data traffic from h3:58123 -> h5:22 [content='SSH encrypted data'] [Session 52] [len=1539B]
2025-09-12 17:45:23 - [BENIGN] - DEBUG - Generated SSH ACK reply from h5:22 <- h3:58123 [len=54B]
2025-09-12 17:45:23 - [BENIGN] - DEBUG - Generated FTP SYN from h3:34772 -> h5:21 [len=54B]
2025-09-12 17:45:24 - [BENIGN] - DEBUG - Generated FTP SYN-ACK from h5:21 <- h3:34772 [len=54B]
2025-09-12 17:45:25 - [BENIGN] - DEBUG - Generated FTP ACK from h3:34772 -> h5:21 [len=54B]
2025-09-12 17:45:25 - [BENIGN] - DEBUG - Generated FTP data traffic from h3:34772 -> h5:21 [content='FTP file transfer'] [Session 53] [len=985B]
2025-09-12 17:45:26 - [BENIGN] - DEBUG - Generated FTP ACK reply from h5:21 <- h3:34772 [len=54B]
2025-09-12 17:45:27 - [BENIGN] - DEBUG - Generated HTTP SYN from h3:41956 -> h5:80 [len=54B]
2025-09-12 17:45:27 - [BENIGN] - DEBUG - Generated HTTP SYN-ACK from h5:80 <- h3:41956 [len=54B]
2025-09-12 17:45:28 - [BENIGN] - DEBUG - Generated HTTP ACK from h3:41956 -> h5:80 [len=54B]
2025-09-12 17:45:28 - [BENIGN] - DEBUG - Generated HTTP data traffic from h3:41956 -> h5:80 [content='GET /index.html HTTP/1.1'] [Session 54] [len=362B]
2025-09-12 17:45:29 - [BENIGN] - DEBUG - Generated HTTP ACK reply from h5:80 <- h3:41956 [len=54B]
2025-09-12 17:45:30 - [BENIGN] - DEBUG - Generated HTTPS SYN from h3:15779 -> h5:443 [len=54B]
2025-09-12 17:45:30 - [BENIGN] - DEBUG - Generated HTTPS SYN-ACK from h5:443 <- h3:15779 [len=54B]
2025-09-12 17:45:31 - [BENIGN] - DEBUG - Generated HTTPS ACK from h3:15779 -> h5:443 [len=54B]
2025-09-12 17:45:32 - [BENIGN] - DEBUG - Generated HTTPS data traffic from h3:15779 -> h5:443 [content='Encrypted Application Data'] [Session 55] [len=347B]
2025-09-12 17:45:32 - [BENIGN] - DEBUG - Generated HTTPS ACK reply from h5:443 <- h3:15779 [len=54B]
2025-09-12 17:45:33 - [BENIGN] - DEBUG - Generated DNS query from h3:56012 -> h5:53 [qname='example.com'] [Session 56] [len=71B]
2025-09-12 17:45:33 - [BENIGN] - DEBUG - Generated ICMP traffic h2↔h5 7 [len=84B]
2025-09-12 17:45:34 - [BENIGN] - DEBUG - Generated TCP SYN from h3:6708 -> h5:12345 [len=54B]
2025-09-12 17:45:34 - [BENIGN] - DEBUG - Generated TCP SYN-ACK from h5:12345 <- h3:6708 [len=54B]
2025-09-12 17:45:35 - [BENIGN] - DEBUG - Generated TCP ACK from h3:6708 -> h5:12345 [len=54B]
2025-09-12 17:45:36 - [BENIGN] - DEBUG - Generated TCP data traffic from h3:6708 -> h5:12345 [content='TCP data'] [Session 57] [len=469B]
2025-09-12 17:45:36 - [BENIGN] - DEBUG - Generated TCP ACK reply from h5:12345 <- h3:6708 [len=54B]
2025-09-12 17:45:37 - [BENIGN] - DEBUG - Generated UDP traffic from h3:34388 -> h5:12346 [content='205640b190afd250b05a3322f337f64fd63f9d19...'] [Session 58] [len=1378B]
2025-09-12 17:45:38 - [BENIGN] - DEBUG - Generated Telnet SYN from h3:51130 -> h5:23 [len=54B]
2025-09-12 17:45:38 - [BENIGN] - DEBUG - Generated Telnet SYN-ACK from h5:23 <- h3:51130 [len=54B]
2025-09-12 17:45:39 - [BENIGN] - DEBUG - Generated Telnet ACK from h3:51130 -> h5:23 [len=54B]
2025-09-12 17:45:39 - [BENIGN] - DEBUG - Generated Telnet data traffic from h3:51130 -> h5:23 [content='Telnet command'] [Session 59] [len=556B]
2025-09-12 17:45:40 - [BENIGN] - DEBUG - Generated Telnet ACK reply from h5:23 <- h3:51130 [len=54B]
2025-09-12 17:45:41 - [BENIGN] - DEBUG - Generated SSH SYN from h3:33690 -> h5:22 [len=54B]
2025-09-12 17:45:41 - [BENIGN] - DEBUG - Generated SSH SYN-ACK from h5:22 <- h3:33690 [len=54B]
2025-09-12 17:45:42 - [BENIGN] - DEBUG - Generated SSH ACK from h3:33690 -> h5:22 [len=54B]
2025-09-12 17:45:43 - [BENIGN] - DEBUG - Generated SSH data traffic from h3:33690 -> h5:22 [content='SSH encrypted data'] [Session 60] [len=902B]
2025-09-12 17:45:43 - [BENIGN] - DEBUG - Generated SSH ACK reply from h5:22 <- h3:33690 [len=54B]
2025-09-12 17:45:44 - [BENIGN] - DEBUG - Generated FTP SYN from h3:9756 -> h5:21 [len=54B]
2025-09-12 17:45:45 - [BENIGN] - DEBUG - Generated FTP SYN-ACK from h5:21 <- h3:9756 [len=54B]
2025-09-12 17:45:45 - [BENIGN] - DEBUG - Generated FTP ACK from h3:9756 -> h5:21 [len=54B]
2025-09-12 17:45:46 - [BENIGN] - DEBUG - Generated FTP data traffic from h3:9756 -> h5:21 [content='FTP file transfer'] [Session 61] [len=212B]
2025-09-12 17:45:46 - [BENIGN] - DEBUG - Generated FTP ACK reply from h5:21 <- h3:9756 [len=54B]
2025-09-12 17:45:47 - [BENIGN] - DEBUG - Generated HTTP SYN from h3:47240 -> h5:80 [len=54B]
2025-09-12 17:45:48 - [BENIGN] - DEBUG - Generated HTTP SYN-ACK from h5:80 <- h3:47240 [len=54B]
2025-09-12 17:45:48 - [BENIGN] - DEBUG - Generated HTTP ACK from h3:47240 -> h5:80 [len=54B]
2025-09-12 17:45:49 - [BENIGN] - DEBUG - Generated HTTP data traffic from h3:47240 -> h5:80 [content='GET /index.html HTTP/1.1'] [Session 62] [len=455B]
2025-09-12 17:45:50 - [BENIGN] - DEBUG - Generated HTTP ACK reply from h5:80 <- h3:47240 [len=54B]
2025-09-12 17:45:50 - [BENIGN] - DEBUG - Generated HTTPS SYN from h3:3072 -> h5:443 [len=54B]
2025-09-12 17:45:51 - [BENIGN] - DEBUG - Generated HTTPS SYN-ACK from h5:443 <- h3:3072 [len=54B]
2025-09-12 17:45:51 - [BENIGN] - DEBUG - Generated HTTPS ACK from h3:3072 -> h5:443 [len=54B]
2025-09-12 17:45:52 - [BENIGN] - DEBUG - Generated HTTPS data traffic from h3:3072 -> h5:443 [content='Encrypted Application Data'] [Session 63] [len=494B]
2025-09-12 17:45:53 - [BENIGN] - DEBUG - Generated HTTPS ACK reply from h5:443 <- h3:3072 [len=54B]
2025-09-12 17:45:53 - [BENIGN] - DEBUG - Generated DNS query from h3:7039 -> h5:53 [qname='example.com'] [Session 64] [len=71B]
2025-09-12 17:45:53 - [BENIGN] - DEBUG - Generated ICMP traffic h2↔h5 8 [len=84B]
2025-09-12 17:45:54 - [BENIGN] - DEBUG - Generated TCP SYN from h3:23423 -> h5:12345 [len=54B]
2025-09-12 17:45:55 - [BENIGN] - DEBUG - Generated TCP SYN-ACK from h5:12345 <- h3:23423 [len=54B]
2025-09-12 17:45:55 - [BENIGN] - DEBUG - Generated TCP ACK from h3:23423 -> h5:12345 [len=54B]
2025-09-12 17:45:56 - [BENIGN] - DEBUG - Generated TCP data traffic from h3:23423 -> h5:12345 [content='TCP data'] [Session 65] [len=1426B]
2025-09-12 17:45:56 - [BENIGN] - DEBUG - Generated TCP ACK reply from h5:12345 <- h3:23423 [len=54B]
2025-09-12 17:45:57 - [BENIGN] - DEBUG - Generated UDP traffic from h3:14809 -> h5:12346 [content='ffb8e8bf13b89e83aab2d146670580d7b22535ca...'] [Session 66] [len=1283B]
2025-09-12 17:45:58 - [BENIGN] - DEBUG - Generated Telnet SYN from h3:9281 -> h5:23 [len=54B]
2025-09-12 17:45:58 - [BENIGN] - DEBUG - Generated Telnet SYN-ACK from h5:23 <- h3:9281 [len=54B]
2025-09-12 17:45:59 - [BENIGN] - DEBUG - Generated Telnet ACK from h3:9281 -> h5:23 [len=54B]
2025-09-12 17:46:00 - [BENIGN] - DEBUG - Generated Telnet data traffic from h3:9281 -> h5:23 [content='Telnet command'] [Session 67] [len=859B]
2025-09-12 17:46:00 - [BENIGN] - DEBUG - Generated Telnet ACK reply from h5:23 <- h3:9281 [len=54B]
2025-09-12 17:46:01 - [BENIGN] - DEBUG - Generated SSH SYN from h3:6429 -> h5:22 [len=54B]
2025-09-12 17:46:02 - [BENIGN] - DEBUG - Generated SSH SYN-ACK from h5:22 <- h3:6429 [len=54B]
2025-09-12 17:46:02 - [BENIGN] - DEBUG - Generated SSH ACK from h3:6429 -> h5:22 [len=54B]
2025-09-12 17:46:03 - [BENIGN] - DEBUG - Generated SSH data traffic from h3:6429 -> h5:22 [content='SSH encrypted data'] [Session 68] [len=172B]
2025-09-12 17:46:03 - [BENIGN] - DEBUG - Generated SSH ACK reply from h5:22 <- h3:6429 [len=54B]
2025-09-12 17:46:04 - [BENIGN] - DEBUG - Generated FTP SYN from h3:1502 -> h5:21 [len=54B]
2025-09-12 17:46:05 - [BENIGN] - DEBUG - Generated FTP SYN-ACK from h5:21 <- h3:1502 [len=54B]
2025-09-12 17:46:05 - [BENIGN] - DEBUG - Generated FTP ACK from h3:1502 -> h5:21 [len=54B]
2025-09-12 17:46:06 - [BENIGN] - DEBUG - Generated FTP data traffic from h3:1502 -> h5:21 [content='FTP file transfer'] [Session 69] [len=1033B]
2025-09-12 17:46:07 - [BENIGN] - DEBUG - Generated FTP ACK reply from h5:21 <- h3:1502 [len=54B]
2025-09-12 17:46:07 - [BENIGN] - DEBUG - Generated HTTP SYN from h3:64904 -> h5:80 [len=54B]
2025-09-12 17:46:08 - [BENIGN] - DEBUG - Generated HTTP SYN-ACK from h5:80 <- h3:64904 [len=54B]
2025-09-12 17:46:08 - [BENIGN] - DEBUG - Generated HTTP ACK from h3:64904 -> h5:80 [len=54B]
2025-09-12 17:46:09 - [BENIGN] - DEBUG - Generated HTTP data traffic from h3:64904 -> h5:80 [content='GET /index.html HTTP/1.1'] [Session 70] [len=522B]
2025-09-12 17:46:10 - [BENIGN] - DEBUG - Generated HTTP ACK reply from h5:80 <- h3:64904 [len=54B]
2025-09-12 17:46:10 - [BENIGN] - DEBUG - Generated HTTPS SYN from h3:8699 -> h5:443 [len=54B]
2025-09-12 17:46:11 - [BENIGN] - DEBUG - Generated HTTPS SYN-ACK from h5:443 <- h3:8699 [len=54B]
2025-09-12 17:46:12 - [BENIGN] - DEBUG - Generated HTTPS ACK from h3:8699 -> h5:443 [len=54B]
2025-09-12 17:46:12 - [BENIGN] - DEBUG - Generated HTTPS data traffic from h3:8699 -> h5:443 [content='Encrypted Application Data'] [Session 71] [len=841B]
2025-09-12 17:46:13 - [BENIGN] - DEBUG - Generated HTTPS ACK reply from h5:443 <- h3:8699 [len=54B]
2025-09-12 17:46:13 - [BENIGN] - DEBUG - Generated DNS query from h3:49296 -> h5:53 [qname='example.com'] [Session 72] [len=71B]
2025-09-12 17:46:13 - [BENIGN] - DEBUG - Generated ICMP traffic h2↔h5 9 [len=84B]
2025-09-12 17:46:14 - [BENIGN] - DEBUG - Generated TCP SYN from h3:19516 -> h5:12345 [len=54B]
2025-09-12 17:46:15 - [BENIGN] - DEBUG - Generated TCP SYN-ACK from h5:12345 <- h3:19516 [len=54B]
2025-09-12 17:46:15 - [BENIGN] - DEBUG - Generated TCP ACK from h3:19516 -> h5:12345 [len=54B]
2025-09-12 17:46:16 - [BENIGN] - DEBUG - Generated TCP data traffic from h3:19516 -> h5:12345 [content='TCP data'] [Session 73] [len=276B]
2025-09-12 17:46:17 - [BENIGN] - DEBUG - Generated TCP ACK reply from h5:12345 <- h3:19516 [len=54B]
2025-09-12 17:46:17 - [BENIGN] - DEBUG - Generated UDP traffic from h3:4046 -> h5:12346 [content='5392864ad8d15445e5cf11367d5b50c64582495d...'] [Session 74] [len=300B]
2025-09-12 17:46:18 - [BENIGN] - DEBUG - Generated Telnet SYN from h3:54448 -> h5:23 [len=54B]
2025-09-12 17:46:18 - [BENIGN] - DEBUG - Generated Telnet SYN-ACK from h5:23 <- h3:54448 [len=54B]
2025-09-12 17:46:19 - [BENIGN] - DEBUG - Generated Telnet ACK from h3:54448 -> h5:23 [len=54B]
2025-09-12 17:46:20 - [BENIGN] - DEBUG - Generated Telnet data traffic from h3:54448 -> h5:23 [content='Telnet command'] [Session 75] [len=370B]
2025-09-12 17:46:20 - [BENIGN] - DEBUG - Generated Telnet ACK reply from h5:23 <- h3:54448 [len=54B]
2025-09-12 17:46:21 - [BENIGN] - DEBUG - Generated SSH SYN from h3:32857 -> h5:22 [len=54B]
2025-09-12 17:46:22 - [BENIGN] - DEBUG - Generated SSH SYN-ACK from h5:22 <- h3:32857 [len=54B]
2025-09-12 17:46:22 - [BENIGN] - DEBUG - Generated SSH ACK from h3:32857 -> h5:22 [len=54B]
2025-09-12 17:46:23 - [BENIGN] - DEBUG - Generated SSH data traffic from h3:32857 -> h5:22 [content='SSH encrypted data'] [Session 76] [len=920B]
2025-09-12 17:46:24 - [BENIGN] - DEBUG - Generated SSH ACK reply from h5:22 <- h3:32857 [len=54B]
2025-09-12 17:46:24 - [BENIGN] - DEBUG - Generated FTP SYN from h3:29077 -> h5:21 [len=54B]
2025-09-12 17:46:25 - [BENIGN] - DEBUG - Generated FTP SYN-ACK from h5:21 <- h3:29077 [len=54B]
2025-09-12 17:46:25 - [BENIGN] - DEBUG - Generated FTP ACK from h3:29077 -> h5:21 [len=54B]
2025-09-12 17:46:26 - [BENIGN] - DEBUG - Generated FTP data traffic from h3:29077 -> h5:21 [content='FTP file transfer'] [Session 77] [len=932B]
2025-09-12 17:46:27 - [BENIGN] - DEBUG - Generated FTP ACK reply from h5:21 <- h3:29077 [len=54B]
2025-09-12 17:46:27 - [BENIGN] - DEBUG - Generated HTTP SYN from h3:27988 -> h5:80 [len=54B]
2025-09-12 17:46:28 - [BENIGN] - DEBUG - Generated HTTP SYN-ACK from h5:80 <- h3:27988 [len=54B]
2025-09-12 17:46:29 - [BENIGN] - DEBUG - Generated HTTP ACK from h3:27988 -> h5:80 [len=54B]
2025-09-12 17:46:29 - [BENIGN] - DEBUG - Generated HTTP data traffic from h3:27988 -> h5:80 [content='GET /index.html HTTP/1.1'] [Session 78] [len=323B]
2025-09-12 17:46:30 - [BENIGN] - DEBUG - Generated HTTP ACK reply from h5:80 <- h3:27988 [len=54B]
2025-09-12 17:46:30 - [BENIGN] - DEBUG - Generated HTTPS SYN from h3:46405 -> h5:443 [len=54B]
2025-09-12 17:46:31 - [BENIGN] - DEBUG - Generated HTTPS SYN-ACK from h5:443 <- h3:46405 [len=54B]
2025-09-12 17:46:32 - [BENIGN] - DEBUG - Generated HTTPS ACK from h3:46405 -> h5:443 [len=54B]
2025-09-12 17:46:32 - [BENIGN] - DEBUG - Generated HTTPS data traffic from h3:46405 -> h5:443 [content='Encrypted Application Data'] [Session 79] [len=423B]
2025-09-12 17:46:33 - [BENIGN] - DEBUG - Generated HTTPS ACK reply from h5:443 <- h3:46405 [len=54B]
2025-09-12 17:46:34 - [BENIGN] - DEBUG - Generated DNS query from h3:5506 -> h5:53 [qname='example.com'] [Session 80] [len=71B]
2025-09-12 17:46:34 - [BENIGN] - INFO - Benign traffic finished.
2025-09-12 17:46:34 - [BENIGN] - INFO - Summary: 80 protocol sessions with protocol separation:
2025-09-12 17:46:34 - [BENIGN] - INFO -   - h2↔h5: ICMP ping traffic
2025-09-12 17:46:34 - [BENIGN] - INFO -   - h3↔h5: TCP/UDP traffic [TCP, UDP, Telnet, SSH, FTP, HTTP, HTTPS, DNS]
2025-09-12 17:46:34 - [BENIGN] - INFO - Total packets sent: 340
