2025-09-12 16:37:15 - [BENIGN] - INFO - Starting benign traffic for 200 seconds...
2025-09-12 16:37:15 - [BENIGN] - INFO - Protocol separation: h2↔h5 (ICMP), h3↔h5 (TCP/UDP)
2025-09-12 16:37:15 - [BENIGN] - DEBUG - Generated ICMP traffic h2↔h5 0 [len=84B]
2025-09-12 16:37:16 - [BENIGN] - DEBUG - Generated TCP SYN from h3:55875 -> h5:12345 [len=54B]
2025-09-12 16:37:17 - [BENIGN] - DEBUG - Generated TCP SYN-ACK from h5:12345 <- h3:55875 [len=54B]
2025-09-12 16:37:17 - [BENIGN] - DEBUG - Generated TCP ACK from h3:55875 -> h5:12345 [len=54B]
2025-09-12 16:37:18 - [BENIGN] - DEBUG - Generated TCP data traffic from h3:55875 -> h5:12345 [content='TCP data'] [Session 1] [len=1390B]
2025-09-12 16:37:18 - [BENIGN] - DEBUG - Generated TCP ACK reply from h5:12345 <- h3:55875 [len=54B]
2025-09-12 16:37:19 - [BENIGN] - DEBUG - Generated UDP traffic from h3:12760 -> h5:12346 [content='625ff7024e33b255248e27bf0fca433ae576f758...'] [Session 2] [len=475B]
2025-09-12 16:37:20 - [BENIGN] - DEBUG - Generated Telnet SYN from h3:28223 -> h5:23 [len=54B]
2025-09-12 16:37:20 - [BENIGN] - DEBUG - Generated Telnet SYN-ACK from h5:23 <- h3:28223 [len=54B]
2025-09-12 16:37:21 - [BENIGN] - DEBUG - Generated Telnet ACK from h3:28223 -> h5:23 [len=54B]
2025-09-12 16:37:22 - [BENIGN] - DEBUG - Generated Telnet data traffic from h3:28223 -> h5:23 [content='Telnet command'] [Session 3] [len=227B]
2025-09-12 16:37:22 - [BENIGN] - DEBUG - Generated Telnet ACK reply from h5:23 <- h3:28223 [len=54B]
2025-09-12 16:37:23 - [BENIGN] - DEBUG - Generated SSH SYN from h3:55616 -> h5:22 [len=54B]
2025-09-12 16:37:24 - [BENIGN] - DEBUG - Generated SSH SYN-ACK from h5:22 <- h3:55616 [len=54B]
2025-09-12 16:37:24 - [BENIGN] - DEBUG - Generated SSH ACK from h3:55616 -> h5:22 [len=54B]
2025-09-12 16:37:25 - [BENIGN] - DEBUG - Generated SSH data traffic from h3:55616 -> h5:22 [content='SSH encrypted data'] [Session 4] [len=1295B]
2025-09-12 16:37:26 - [BENIGN] - DEBUG - Generated SSH ACK reply from h5:22 <- h3:55616 [len=54B]
2025-09-12 16:37:26 - [BENIGN] - DEBUG - Generated FTP SYN from h3:61384 -> h5:21 [len=54B]
2025-09-12 16:37:27 - [BENIGN] - DEBUG - Generated FTP SYN-ACK from h5:21 <- h3:61384 [len=54B]
2025-09-12 16:37:28 - [BENIGN] - DEBUG - Generated FTP ACK from h3:61384 -> h5:21 [len=54B]
2025-09-12 16:37:28 - [BENIGN] - DEBUG - Generated FTP data traffic from h3:61384 -> h5:21 [content='FTP file transfer'] [Session 5] [len=1537B]
2025-09-12 16:37:29 - [BENIGN] - DEBUG - Generated FTP ACK reply from h5:21 <- h3:61384 [len=54B]
2025-09-12 16:37:29 - [BENIGN] - DEBUG - Generated HTTP SYN from h3:26253 -> h5:80 [len=54B]
2025-09-12 16:37:30 - [BENIGN] - DEBUG - Generated HTTP SYN-ACK from h5:80 <- h3:26253 [len=54B]
2025-09-12 16:37:31 - [BENIGN] - DEBUG - Generated HTTP ACK from h3:26253 -> h5:80 [len=54B]
2025-09-12 16:37:31 - [BENIGN] - DEBUG - Generated HTTP data traffic from h3:26253 -> h5:80 [content='GET /index.html HTTP/1.1'] [Session 6] [len=620B]
2025-09-12 16:37:32 - [BENIGN] - DEBUG - Generated HTTP ACK reply from h5:80 <- h3:26253 [len=54B]
2025-09-12 16:37:33 - [BENIGN] - DEBUG - Generated HTTPS SYN from h3:36705 -> h5:443 [len=54B]
2025-09-12 16:37:33 - [BENIGN] - DEBUG - Generated HTTPS SYN-ACK from h5:443 <- h3:36705 [len=54B]
2025-09-12 16:37:34 - [BENIGN] - DEBUG - Generated HTTPS ACK from h3:36705 -> h5:443 [len=54B]
2025-09-12 16:37:34 - [BENIGN] - DEBUG - Generated HTTPS data traffic from h3:36705 -> h5:443 [content='Encrypted Application Data'] [Session 7] [len=393B]
2025-09-12 16:37:35 - [BENIGN] - DEBUG - Generated HTTPS ACK reply from h5:443 <- h3:36705 [len=54B]
2025-09-12 16:37:36 - [BENIGN] - DEBUG - Generated DNS query from h3:38882 -> h5:53 [qname='example.com'] [Session 8] [len=71B]
2025-09-12 16:37:36 - [BENIGN] - DEBUG - Generated ICMP traffic h2↔h5 1 [len=84B]
2025-09-12 16:37:36 - [BENIGN] - DEBUG - Generated TCP SYN from h3:39205 -> h5:12345 [len=54B]
2025-09-12 16:37:37 - [BENIGN] - DEBUG - Generated TCP SYN-ACK from h5:12345 <- h3:39205 [len=54B]
2025-09-12 16:37:38 - [BENIGN] - DEBUG - Generated TCP ACK from h3:39205 -> h5:12345 [len=54B]
2025-09-12 16:37:38 - [BENIGN] - DEBUG - Generated TCP data traffic from h3:39205 -> h5:12345 [content='TCP data'] [Session 9] [len=888B]
2025-09-12 16:37:39 - [BENIGN] - DEBUG - Generated TCP ACK reply from h5:12345 <- h3:39205 [len=54B]
2025-09-12 16:37:40 - [BENIGN] - DEBUG - Generated UDP traffic from h3:2220 -> h5:12346 [content='2ca34c45e05cec5c32ddd427dde30056c04dcce2...'] [Session 10] [len=540B]
2025-09-12 16:37:40 - [BENIGN] - DEBUG - Generated Telnet SYN from h3:2356 -> h5:23 [len=54B]
2025-09-12 16:37:41 - [BENIGN] - DEBUG - Generated Telnet SYN-ACK from h5:23 <- h3:2356 [len=54B]
2025-09-12 16:37:42 - [BENIGN] - DEBUG - Generated Telnet ACK from h3:2356 -> h5:23 [len=54B]
2025-09-12 16:37:42 - [BENIGN] - DEBUG - Generated Telnet data traffic from h3:2356 -> h5:23 [content='Telnet command'] [Session 11] [len=797B]
2025-09-12 16:37:43 - [BENIGN] - DEBUG - Generated Telnet ACK reply from h5:23 <- h3:2356 [len=54B]
2025-09-12 16:37:43 - [BENIGN] - DEBUG - Generated SSH SYN from h3:52592 -> h5:22 [len=54B]
2025-09-12 16:37:44 - [BENIGN] - DEBUG - Generated SSH SYN-ACK from h5:22 <- h3:52592 [len=54B]
2025-09-12 16:37:45 - [BENIGN] - DEBUG - Generated SSH ACK from h3:52592 -> h5:22 [len=54B]
2025-09-12 16:37:45 - [BENIGN] - DEBUG - Generated SSH data traffic from h3:52592 -> h5:22 [content='SSH encrypted data'] [Session 12] [len=220B]
2025-09-12 16:37:46 - [BENIGN] - DEBUG - Generated SSH ACK reply from h5:22 <- h3:52592 [len=54B]
2025-09-12 16:37:47 - [BENIGN] - DEBUG - Generated FTP SYN from h3:9109 -> h5:21 [len=54B]
2025-09-12 16:37:47 - [BENIGN] - DEBUG - Generated FTP SYN-ACK from h5:21 <- h3:9109 [len=54B]
2025-09-12 16:37:48 - [BENIGN] - DEBUG - Generated FTP ACK from h3:9109 -> h5:21 [len=54B]
2025-09-12 16:37:48 - [BENIGN] - DEBUG - Generated FTP data traffic from h3:9109 -> h5:21 [content='FTP file transfer'] [Session 13] [len=560B]
2025-09-12 16:37:49 - [BENIGN] - DEBUG - Generated FTP ACK reply from h5:21 <- h3:9109 [len=54B]
2025-09-12 16:37:50 - [BENIGN] - DEBUG - Generated HTTP SYN from h3:8001 -> h5:80 [len=54B]
2025-09-12 16:37:50 - [BENIGN] - DEBUG - Generated HTTP SYN-ACK from h5:80 <- h3:8001 [len=54B]
2025-09-12 16:37:51 - [BENIGN] - DEBUG - Generated HTTP ACK from h3:8001 -> h5:80 [len=54B]
2025-09-12 16:37:52 - [BENIGN] - DEBUG - Generated HTTP data traffic from h3:8001 -> h5:80 [content='GET /index.html HTTP/1.1'] [Session 14] [len=462B]
2025-09-12 16:37:52 - [BENIGN] - DEBUG - Generated HTTP ACK reply from h5:80 <- h3:8001 [len=54B]
2025-09-12 16:37:53 - [BENIGN] - DEBUG - Generated HTTPS SYN from h3:11139 -> h5:443 [len=54B]
2025-09-12 16:37:53 - [BENIGN] - DEBUG - Generated HTTPS SYN-ACK from h5:443 <- h3:11139 [len=54B]
2025-09-12 16:37:54 - [BENIGN] - DEBUG - Generated HTTPS ACK from h3:11139 -> h5:443 [len=54B]
2025-09-12 16:37:55 - [BENIGN] - DEBUG - Generated HTTPS data traffic from h3:11139 -> h5:443 [content='Encrypted Application Data'] [Session 15] [len=784B]
2025-09-12 16:37:55 - [BENIGN] - DEBUG - Generated HTTPS ACK reply from h5:443 <- h3:11139 [len=54B]
2025-09-12 16:37:56 - [BENIGN] - DEBUG - Generated DNS query from h3:41820 -> h5:53 [qname='example.com'] [Session 16] [len=71B]
2025-09-12 16:37:56 - [BENIGN] - DEBUG - Generated ICMP traffic h2↔h5 2 [len=84B]
2025-09-12 16:37:57 - [BENIGN] - DEBUG - Generated TCP SYN from h3:45293 -> h5:12345 [len=54B]
2025-09-12 16:37:57 - [BENIGN] - DEBUG - Generated TCP SYN-ACK from h5:12345 <- h3:45293 [len=54B]
2025-09-12 16:37:58 - [BENIGN] - DEBUG - Generated TCP ACK from h3:45293 -> h5:12345 [len=54B]
2025-09-12 16:37:59 - [BENIGN] - DEBUG - Generated TCP data traffic from h3:45293 -> h5:12345 [content='TCP data'] [Session 17] [len=309B]
2025-09-12 16:37:59 - [BENIGN] - DEBUG - Generated TCP ACK reply from h5:12345 <- h3:45293 [len=54B]
2025-09-12 16:38:00 - [BENIGN] - DEBUG - Generated UDP traffic from h3:62724 -> h5:12346 [content='4c91fec062300a574584f3514ca87abecbd1603e...'] [Session 18] [len=883B]
2025-09-12 16:38:00 - [BENIGN] - DEBUG - Generated Telnet SYN from h3:8171 -> h5:23 [len=54B]
2025-09-12 16:38:01 - [BENIGN] - DEBUG - Generated Telnet SYN-ACK from h5:23 <- h3:8171 [len=54B]
2025-09-12 16:38:02 - [BENIGN] - DEBUG - Generated Telnet ACK from h3:8171 -> h5:23 [len=54B]
2025-09-12 16:38:02 - [BENIGN] - DEBUG - Generated Telnet data traffic from h3:8171 -> h5:23 [content='Telnet command'] [Session 19] [len=1263B]
2025-09-12 16:38:03 - [BENIGN] - DEBUG - Generated Telnet ACK reply from h5:23 <- h3:8171 [len=54B]
2025-09-12 16:38:04 - [BENIGN] - DEBUG - Generated SSH SYN from h3:26536 -> h5:22 [len=54B]
2025-09-12 16:38:04 - [BENIGN] - DEBUG - Generated SSH SYN-ACK from h5:22 <- h3:26536 [len=54B]
2025-09-12 16:38:05 - [BENIGN] - DEBUG - Generated SSH ACK from h3:26536 -> h5:22 [len=54B]
2025-09-12 16:38:06 - [BENIGN] - DEBUG - Generated SSH data traffic from h3:26536 -> h5:22 [content='SSH encrypted data'] [Session 20] [len=1552B]
2025-09-12 16:38:06 - [BENIGN] - DEBUG - Generated SSH ACK reply from h5:22 <- h3:26536 [len=54B]
2025-09-12 16:38:07 - [BENIGN] - DEBUG - Generated FTP SYN from h3:4180 -> h5:21 [len=54B]
2025-09-12 16:38:07 - [BENIGN] - DEBUG - Generated FTP SYN-ACK from h5:21 <- h3:4180 [len=54B]
2025-09-12 16:38:08 - [BENIGN] - DEBUG - Generated FTP ACK from h3:4180 -> h5:21 [len=54B]
2025-09-12 16:38:09 - [BENIGN] - DEBUG - Generated FTP data traffic from h3:4180 -> h5:21 [content='FTP file transfer'] [Session 21] [len=581B]
2025-09-12 16:38:09 - [BENIGN] - DEBUG - Generated FTP ACK reply from h5:21 <- h3:4180 [len=54B]
2025-09-12 16:38:10 - [BENIGN] - DEBUG - Generated HTTP SYN from h3:44624 -> h5:80 [len=54B]
2025-09-12 16:38:11 - [BENIGN] - DEBUG - Generated HTTP SYN-ACK from h5:80 <- h3:44624 [len=54B]
2025-09-12 16:38:11 - [BENIGN] - DEBUG - Generated HTTP ACK from h3:44624 -> h5:80 [len=54B]
2025-09-12 16:38:12 - [BENIGN] - DEBUG - Generated HTTP data traffic from h3:44624 -> h5:80 [content='GET /index.html HTTP/1.1'] [Session 22] [len=506B]
2025-09-12 16:38:12 - [BENIGN] - DEBUG - Generated HTTP ACK reply from h5:80 <- h3:44624 [len=54B]
2025-09-12 16:38:13 - [BENIGN] - DEBUG - Generated HTTPS SYN from h3:16252 -> h5:443 [len=54B]
2025-09-12 16:38:14 - [BENIGN] - DEBUG - Generated HTTPS SYN-ACK from h5:443 <- h3:16252 [len=54B]
2025-09-12 16:38:14 - [BENIGN] - DEBUG - Generated HTTPS ACK from h3:16252 -> h5:443 [len=54B]
2025-09-12 16:38:15 - [BENIGN] - DEBUG - Generated HTTPS data traffic from h3:16252 -> h5:443 [content='Encrypted Application Data'] [Session 23] [len=503B]
2025-09-12 16:38:16 - [BENIGN] - DEBUG - Generated HTTPS ACK reply from h5:443 <- h3:16252 [len=54B]
2025-09-12 16:38:16 - [BENIGN] - DEBUG - Generated DNS query from h3:26773 -> h5:53 [qname='example.com'] [Session 24] [len=71B]
2025-09-12 16:38:16 - [BENIGN] - DEBUG - Generated ICMP traffic h2↔h5 3 [len=84B]
2025-09-12 16:38:17 - [BENIGN] - DEBUG - Generated TCP SYN from h3:18933 -> h5:12345 [len=54B]
2025-09-12 16:38:18 - [BENIGN] - DEBUG - Generated TCP SYN-ACK from h5:12345 <- h3:18933 [len=54B]
2025-09-12 16:38:18 - [BENIGN] - DEBUG - Generated TCP ACK from h3:18933 -> h5:12345 [len=54B]
2025-09-12 16:38:19 - [BENIGN] - DEBUG - Generated TCP data traffic from h3:18933 -> h5:12345 [content='TCP data'] [Session 25] [len=1304B]
2025-09-12 16:38:20 - [BENIGN] - DEBUG - Generated TCP ACK reply from h5:12345 <- h3:18933 [len=54B]
2025-09-12 16:38:20 - [BENIGN] - DEBUG - Generated UDP traffic from h3:28848 -> h5:12346 [content='0858872deb1c0a4a394aafcedc219d259ce443dd...'] [Session 26] [len=295B]
2025-09-12 16:38:21 - [BENIGN] - DEBUG - Generated Telnet SYN from h3:63920 -> h5:23 [len=54B]
2025-09-12 16:38:22 - [BENIGN] - DEBUG - Generated Telnet SYN-ACK from h5:23 <- h3:63920 [len=54B]
2025-09-12 16:38:22 - [BENIGN] - DEBUG - Generated Telnet ACK from h3:63920 -> h5:23 [len=54B]
2025-09-12 16:38:23 - [BENIGN] - DEBUG - Generated Telnet data traffic from h3:63920 -> h5:23 [content='Telnet command'] [Session 27] [len=162B]
2025-09-12 16:38:24 - [BENIGN] - DEBUG - Generated Telnet ACK reply from h5:23 <- h3:63920 [len=54B]
2025-09-12 16:38:24 - [BENIGN] - DEBUG - Generated SSH SYN from h3:27891 -> h5:22 [len=54B]
2025-09-12 16:38:25 - [BENIGN] - DEBUG - Generated SSH SYN-ACK from h5:22 <- h3:27891 [len=54B]
2025-09-12 16:38:25 - [BENIGN] - DEBUG - Generated SSH ACK from h3:27891 -> h5:22 [len=54B]
2025-09-12 16:38:26 - [BENIGN] - DEBUG - Generated SSH data traffic from h3:27891 -> h5:22 [content='SSH encrypted data'] [Session 28] [len=1175B]
2025-09-12 16:38:27 - [BENIGN] - DEBUG - Generated SSH ACK reply from h5:22 <- h3:27891 [len=54B]
2025-09-12 16:38:27 - [BENIGN] - DEBUG - Generated FTP SYN from h3:53920 -> h5:21 [len=54B]
2025-09-12 16:38:28 - [BENIGN] - DEBUG - Generated FTP SYN-ACK from h5:21 <- h3:53920 [len=54B]
2025-09-12 16:38:29 - [BENIGN] - DEBUG - Generated FTP ACK from h3:53920 -> h5:21 [len=54B]
2025-09-12 16:38:29 - [BENIGN] - DEBUG - Generated FTP data traffic from h3:53920 -> h5:21 [content='FTP file transfer'] [Session 29] [len=837B]
2025-09-12 16:38:30 - [BENIGN] - DEBUG - Generated FTP ACK reply from h5:21 <- h3:53920 [len=54B]
2025-09-12 16:38:31 - [BENIGN] - DEBUG - Generated HTTP SYN from h3:48651 -> h5:80 [len=54B]
2025-09-12 16:38:31 - [BENIGN] - DEBUG - Generated HTTP SYN-ACK from h5:80 <- h3:48651 [len=54B]
2025-09-12 16:38:32 - [BENIGN] - DEBUG - Generated HTTP ACK from h3:48651 -> h5:80 [len=54B]
2025-09-12 16:38:32 - [BENIGN] - DEBUG - Generated HTTP data traffic from h3:48651 -> h5:80 [content='GET /index.html HTTP/1.1'] [Session 30] [len=583B]
2025-09-12 16:38:33 - [BENIGN] - DEBUG - Generated HTTP ACK reply from h5:80 <- h3:48651 [len=54B]
2025-09-12 16:38:34 - [BENIGN] - DEBUG - Generated HTTPS SYN from h3:23799 -> h5:443 [len=54B]
2025-09-12 16:38:34 - [BENIGN] - DEBUG - Generated HTTPS SYN-ACK from h5:443 <- h3:23799 [len=54B]
2025-09-12 16:38:35 - [BENIGN] - DEBUG - Generated HTTPS ACK from h3:23799 -> h5:443 [len=54B]
2025-09-12 16:38:36 - [BENIGN] - DEBUG - Generated HTTPS data traffic from h3:23799 -> h5:443 [content='Encrypted Application Data'] [Session 31] [len=412B]
2025-09-12 16:38:36 - [BENIGN] - DEBUG - Generated HTTPS ACK reply from h5:443 <- h3:23799 [len=54B]
2025-09-12 16:38:37 - [BENIGN] - DEBUG - Generated DNS query from h3:35824 -> h5:53 [qname='example.com'] [Session 32] [len=71B]
2025-09-12 16:38:37 - [BENIGN] - DEBUG - Generated ICMP traffic h2↔h5 4 [len=84B]
2025-09-12 16:38:38 - [BENIGN] - DEBUG - Generated TCP SYN from h3:46817 -> h5:12345 [len=54B]
2025-09-12 16:38:38 - [BENIGN] - DEBUG - Generated TCP SYN-ACK from h5:12345 <- h3:46817 [len=54B]
2025-09-12 16:38:39 - [BENIGN] - DEBUG - Generated TCP ACK from h3:46817 -> h5:12345 [len=54B]
2025-09-12 16:38:39 - [BENIGN] - DEBUG - Generated TCP data traffic from h3:46817 -> h5:12345 [content='TCP data'] [Session 33] [len=883B]
2025-09-12 16:38:40 - [BENIGN] - DEBUG - Generated TCP ACK reply from h5:12345 <- h3:46817 [len=54B]
2025-09-12 16:38:41 - [BENIGN] - DEBUG - Generated UDP traffic from h3:50739 -> h5:12346 [content='77b2faf31213600b3a5b2efa6cbd876f591daf0f...'] [Session 34] [len=651B]
2025-09-12 16:38:41 - [BENIGN] - DEBUG - Generated Telnet SYN from h3:5367 -> h5:23 [len=54B]
2025-09-12 16:38:42 - [BENIGN] - DEBUG - Generated Telnet SYN-ACK from h5:23 <- h3:5367 [len=54B]
2025-09-12 16:38:43 - [BENIGN] - DEBUG - Generated Telnet ACK from h3:5367 -> h5:23 [len=54B]
2025-09-12 16:38:43 - [BENIGN] - DEBUG - Generated Telnet data traffic from h3:5367 -> h5:23 [content='Telnet command'] [Session 35] [len=437B]
2025-09-12 16:38:44 - [BENIGN] - DEBUG - Generated Telnet ACK reply from h5:23 <- h3:5367 [len=54B]
2025-09-12 16:38:44 - [BENIGN] - DEBUG - Generated SSH SYN from h3:65486 -> h5:22 [len=54B]
2025-09-12 16:38:45 - [BENIGN] - DEBUG - Generated SSH SYN-ACK from h5:22 <- h3:65486 [len=54B]
2025-09-12 16:38:46 - [BENIGN] - DEBUG - Generated SSH ACK from h3:65486 -> h5:22 [len=54B]
2025-09-12 16:38:46 - [BENIGN] - DEBUG - Generated SSH data traffic from h3:65486 -> h5:22 [content='SSH encrypted data'] [Session 36] [len=634B]
2025-09-12 16:38:47 - [BENIGN] - DEBUG - Generated SSH ACK reply from h5:22 <- h3:65486 [len=54B]
2025-09-12 16:38:48 - [BENIGN] - DEBUG - Generated FTP SYN from h3:25048 -> h5:21 [len=54B]
2025-09-12 16:38:48 - [BENIGN] - DEBUG - Generated FTP SYN-ACK from h5:21 <- h3:25048 [len=54B]
2025-09-12 16:38:49 - [BENIGN] - DEBUG - Generated FTP ACK from h3:25048 -> h5:21 [len=54B]
2025-09-12 16:38:49 - [BENIGN] - DEBUG - Generated FTP data traffic from h3:25048 -> h5:21 [content='FTP file transfer'] [Session 37] [len=537B]
2025-09-12 16:38:50 - [BENIGN] - DEBUG - Generated FTP ACK reply from h5:21 <- h3:25048 [len=54B]
2025-09-12 16:38:51 - [BENIGN] - DEBUG - Generated HTTP SYN from h3:4952 -> h5:80 [len=54B]
2025-09-12 16:38:51 - [BENIGN] - DEBUG - Generated HTTP SYN-ACK from h5:80 <- h3:4952 [len=54B]
2025-09-12 16:38:52 - [BENIGN] - DEBUG - Generated HTTP ACK from h3:4952 -> h5:80 [len=54B]
2025-09-12 16:38:53 - [BENIGN] - DEBUG - Generated HTTP data traffic from h3:4952 -> h5:80 [content='GET /index.html HTTP/1.1'] [Session 38] [len=656B]
2025-09-12 16:38:53 - [BENIGN] - DEBUG - Generated HTTP ACK reply from h5:80 <- h3:4952 [len=54B]
2025-09-12 16:38:54 - [BENIGN] - DEBUG - Generated HTTPS SYN from h3:20885 -> h5:443 [len=54B]
2025-09-12 16:38:55 - [BENIGN] - DEBUG - Generated HTTPS SYN-ACK from h5:443 <- h3:20885 [len=54B]
2025-09-12 16:38:55 - [BENIGN] - DEBUG - Generated HTTPS ACK from h3:20885 -> h5:443 [len=54B]
2025-09-12 16:38:56 - [BENIGN] - DEBUG - Generated HTTPS data traffic from h3:20885 -> h5:443 [content='Encrypted Application Data'] [Session 39] [len=372B]
2025-09-12 16:38:56 - [BENIGN] - DEBUG - Generated HTTPS ACK reply from h5:443 <- h3:20885 [len=54B]
2025-09-12 16:38:57 - [BENIGN] - DEBUG - Generated DNS query from h3:60605 -> h5:53 [qname='example.com'] [Session 40] [len=71B]
2025-09-12 16:38:57 - [BENIGN] - DEBUG - Generated ICMP traffic h2↔h5 5 [len=84B]
2025-09-12 16:38:58 - [BENIGN] - DEBUG - Generated TCP SYN from h3:59441 -> h5:12345 [len=54B]
2025-09-12 16:38:58 - [BENIGN] - DEBUG - Generated TCP SYN-ACK from h5:12345 <- h3:59441 [len=54B]
2025-09-12 16:38:59 - [BENIGN] - DEBUG - Generated TCP ACK from h3:59441 -> h5:12345 [len=54B]
2025-09-12 16:39:00 - [BENIGN] - DEBUG - Generated TCP data traffic from h3:59441 -> h5:12345 [content='TCP data'] [Session 41] [len=758B]
2025-09-12 16:39:00 - [BENIGN] - DEBUG - Generated TCP ACK reply from h5:12345 <- h3:59441 [len=54B]
2025-09-12 16:39:01 - [BENIGN] - DEBUG - Generated UDP traffic from h3:41193 -> h5:12346 [content='9dec62cd8a0e92597855ab90ac8b37416b23b1e0...'] [Session 42] [len=857B]
2025-09-12 16:39:02 - [BENIGN] - DEBUG - Generated Telnet SYN from h3:31089 -> h5:23 [len=54B]
2025-09-12 16:39:02 - [BENIGN] - DEBUG - Generated Telnet SYN-ACK from h5:23 <- h3:31089 [len=54B]
2025-09-12 16:39:03 - [BENIGN] - DEBUG - Generated Telnet ACK from h3:31089 -> h5:23 [len=54B]
2025-09-12 16:39:04 - [BENIGN] - DEBUG - Generated Telnet data traffic from h3:31089 -> h5:23 [content='Telnet command'] [Session 43] [len=776B]
2025-09-12 16:39:04 - [BENIGN] - DEBUG - Generated Telnet ACK reply from h5:23 <- h3:31089 [len=54B]
2025-09-12 16:39:05 - [BENIGN] - DEBUG - Generated SSH SYN from h3:61306 -> h5:22 [len=54B]
2025-09-12 16:39:05 - [BENIGN] - DEBUG - Generated SSH SYN-ACK from h5:22 <- h3:61306 [len=54B]
2025-09-12 16:39:06 - [BENIGN] - DEBUG - Generated SSH ACK from h3:61306 -> h5:22 [len=54B]
2025-09-12 16:39:07 - [BENIGN] - DEBUG - Generated SSH data traffic from h3:61306 -> h5:22 [content='SSH encrypted data'] [Session 44] [len=908B]
2025-09-12 16:39:07 - [BENIGN] - DEBUG - Generated SSH ACK reply from h5:22 <- h3:61306 [len=54B]
2025-09-12 16:39:08 - [BENIGN] - DEBUG - Generated FTP SYN from h3:29358 -> h5:21 [len=54B]
2025-09-12 16:39:09 - [BENIGN] - DEBUG - Generated FTP SYN-ACK from h5:21 <- h3:29358 [len=54B]
2025-09-12 16:39:09 - [BENIGN] - DEBUG - Generated FTP ACK from h3:29358 -> h5:21 [len=54B]
2025-09-12 16:39:10 - [BENIGN] - DEBUG - Generated FTP data traffic from h3:29358 -> h5:21 [content='FTP file transfer'] [Session 45] [len=817B]
2025-09-12 16:39:10 - [BENIGN] - DEBUG - Generated FTP ACK reply from h5:21 <- h3:29358 [len=54B]
2025-09-12 16:39:11 - [BENIGN] - DEBUG - Generated HTTP SYN from h3:27840 -> h5:80 [len=54B]
2025-09-12 16:39:12 - [BENIGN] - DEBUG - Generated HTTP SYN-ACK from h5:80 <- h3:27840 [len=54B]
2025-09-12 16:39:12 - [BENIGN] - DEBUG - Generated HTTP ACK from h3:27840 -> h5:80 [len=54B]
2025-09-12 16:39:13 - [BENIGN] - DEBUG - Generated HTTP data traffic from h3:27840 -> h5:80 [content='GET /index.html HTTP/1.1'] [Session 46] [len=581B]
2025-09-12 16:39:13 - [BENIGN] - DEBUG - Generated HTTP ACK reply from h5:80 <- h3:27840 [len=54B]
2025-09-12 16:39:14 - [BENIGN] - DEBUG - Generated HTTPS SYN from h3:39683 -> h5:443 [len=54B]
2025-09-12 16:39:15 - [BENIGN] - DEBUG - Generated HTTPS SYN-ACK from h5:443 <- h3:39683 [len=54B]
2025-09-12 16:39:15 - [BENIGN] - DEBUG - Generated HTTPS ACK from h3:39683 -> h5:443 [len=54B]
2025-09-12 16:39:16 - [BENIGN] - DEBUG - Generated HTTPS data traffic from h3:39683 -> h5:443 [content='Encrypted Application Data'] [Session 47] [len=784B]
2025-09-12 16:39:17 - [BENIGN] - DEBUG - Generated HTTPS ACK reply from h5:443 <- h3:39683 [len=54B]
2025-09-12 16:39:17 - [BENIGN] - DEBUG - Generated DNS query from h3:48283 -> h5:53 [qname='example.com'] [Session 48] [len=71B]
2025-09-12 16:39:17 - [BENIGN] - DEBUG - Generated ICMP traffic h2↔h5 6 [len=84B]
2025-09-12 16:39:18 - [BENIGN] - DEBUG - Generated TCP SYN from h3:15748 -> h5:12345 [len=54B]
2025-09-12 16:39:19 - [BENIGN] - DEBUG - Generated TCP SYN-ACK from h5:12345 <- h3:15748 [len=54B]
2025-09-12 16:39:19 - [BENIGN] - DEBUG - Generated TCP ACK from h3:15748 -> h5:12345 [len=54B]
2025-09-12 16:39:20 - [BENIGN] - DEBUG - Generated TCP data traffic from h3:15748 -> h5:12345 [content='TCP data'] [Session 49] [len=246B]
2025-09-12 16:39:21 - [BENIGN] - DEBUG - Generated TCP ACK reply from h5:12345 <- h3:15748 [len=54B]
2025-09-12 16:39:21 - [BENIGN] - DEBUG - Generated UDP traffic from h3:12963 -> h5:12346 [content='9fa0cce6311442c8d721809bc6610d710f50a9c0...'] [Session 50] [len=1201B]
2025-09-12 16:39:22 - [BENIGN] - DEBUG - Generated Telnet SYN from h3:49074 -> h5:23 [len=54B]
2025-09-12 16:39:22 - [BENIGN] - DEBUG - Generated Telnet SYN-ACK from h5:23 <- h3:49074 [len=54B]
2025-09-12 16:39:23 - [BENIGN] - DEBUG - Generated Telnet ACK from h3:49074 -> h5:23 [len=54B]
2025-09-12 16:39:24 - [BENIGN] - DEBUG - Generated Telnet data traffic from h3:49074 -> h5:23 [content='Telnet command'] [Session 51] [len=139B]
2025-09-12 16:39:24 - [BENIGN] - DEBUG - Generated Telnet ACK reply from h5:23 <- h3:49074 [len=54B]
2025-09-12 16:39:25 - [BENIGN] - DEBUG - Generated SSH SYN from h3:40939 -> h5:22 [len=54B]
2025-09-12 16:39:25 - [BENIGN] - DEBUG - Generated SSH SYN-ACK from h5:22 <- h3:40939 [len=54B]
2025-09-12 16:39:26 - [BENIGN] - DEBUG - Generated SSH ACK from h3:40939 -> h5:22 [len=54B]
2025-09-12 16:39:27 - [BENIGN] - DEBUG - Generated SSH data traffic from h3:40939 -> h5:22 [content='SSH encrypted data'] [Session 52] [len=566B]
2025-09-12 16:39:27 - [BENIGN] - DEBUG - Generated SSH ACK reply from h5:22 <- h3:40939 [len=54B]
2025-09-12 16:39:28 - [BENIGN] - DEBUG - Generated FTP SYN from h3:1729 -> h5:21 [len=54B]
2025-09-12 16:39:29 - [BENIGN] - DEBUG - Generated FTP SYN-ACK from h5:21 <- h3:1729 [len=54B]
2025-09-12 16:39:29 - [BENIGN] - DEBUG - Generated FTP ACK from h3:1729 -> h5:21 [len=54B]
2025-09-12 16:39:30 - [BENIGN] - DEBUG - Generated FTP data traffic from h3:1729 -> h5:21 [content='FTP file transfer'] [Session 53] [len=616B]
2025-09-12 16:39:31 - [BENIGN] - DEBUG - Generated FTP ACK reply from h5:21 <- h3:1729 [len=54B]
2025-09-12 16:39:31 - [BENIGN] - DEBUG - Generated HTTP SYN from h3:10785 -> h5:80 [len=54B]
2025-09-12 16:39:32 - [BENIGN] - DEBUG - Generated HTTP SYN-ACK from h5:80 <- h3:10785 [len=54B]
2025-09-12 16:39:32 - [BENIGN] - DEBUG - Generated HTTP ACK from h3:10785 -> h5:80 [len=54B]
2025-09-12 16:39:33 - [BENIGN] - DEBUG - Generated HTTP data traffic from h3:10785 -> h5:80 [content='GET /index.html HTTP/1.1'] [Session 54] [len=601B]
2025-09-12 16:39:34 - [BENIGN] - DEBUG - Generated HTTP ACK reply from h5:80 <- h3:10785 [len=54B]
2025-09-12 16:39:34 - [BENIGN] - DEBUG - Generated HTTPS SYN from h3:9140 -> h5:443 [len=54B]
2025-09-12 16:39:35 - [BENIGN] - DEBUG - Generated HTTPS SYN-ACK from h5:443 <- h3:9140 [len=54B]
2025-09-12 16:39:36 - [BENIGN] - DEBUG - Generated HTTPS ACK from h3:9140 -> h5:443 [len=54B]
2025-09-12 16:39:36 - [BENIGN] - DEBUG - Generated HTTPS data traffic from h3:9140 -> h5:443 [content='Encrypted Application Data'] [Session 55] [len=810B]
2025-09-12 16:39:37 - [BENIGN] - DEBUG - Generated HTTPS ACK reply from h5:443 <- h3:9140 [len=54B]
2025-09-12 16:39:37 - [BENIGN] - DEBUG - Generated DNS query from h3:50771 -> h5:53 [qname='example.com'] [Session 56] [len=71B]
2025-09-12 16:39:38 - [BENIGN] - DEBUG - Generated ICMP traffic h2↔h5 7 [len=84B]
2025-09-12 16:39:38 - [BENIGN] - DEBUG - Generated TCP SYN from h3:18743 -> h5:12345 [len=54B]
2025-09-12 16:39:39 - [BENIGN] - DEBUG - Generated TCP SYN-ACK from h5:12345 <- h3:18743 [len=54B]
2025-09-12 16:39:39 - [BENIGN] - DEBUG - Generated TCP ACK from h3:18743 -> h5:12345 [len=54B]
2025-09-12 16:39:40 - [BENIGN] - DEBUG - Generated TCP data traffic from h3:18743 -> h5:12345 [content='TCP data'] [Session 57] [len=1554B]
2025-09-12 16:39:41 - [BENIGN] - DEBUG - Generated TCP ACK reply from h5:12345 <- h3:18743 [len=54B]
2025-09-12 16:39:41 - [BENIGN] - DEBUG - Generated UDP traffic from h3:64343 -> h5:12346 [content='10a7defeef14efb3aefdb3c3668fedae70817c0a...'] [Session 58] [len=281B]
2025-09-12 16:39:42 - [BENIGN] - DEBUG - Generated Telnet SYN from h3:13318 -> h5:23 [len=54B]
2025-09-12 16:39:43 - [BENIGN] - DEBUG - Generated Telnet SYN-ACK from h5:23 <- h3:13318 [len=54B]
2025-09-12 16:39:43 - [BENIGN] - DEBUG - Generated Telnet ACK from h3:13318 -> h5:23 [len=54B]
2025-09-12 16:39:44 - [BENIGN] - DEBUG - Generated Telnet data traffic from h3:13318 -> h5:23 [content='Telnet command'] [Session 59] [len=291B]
2025-09-12 16:39:44 - [BENIGN] - DEBUG - Generated Telnet ACK reply from h5:23 <- h3:13318 [len=54B]
2025-09-12 16:39:45 - [BENIGN] - DEBUG - Generated SSH SYN from h3:46292 -> h5:22 [len=54B]
2025-09-12 16:39:46 - [BENIGN] - DEBUG - Generated SSH SYN-ACK from h5:22 <- h3:46292 [len=54B]
2025-09-12 16:39:46 - [BENIGN] - DEBUG - Generated SSH ACK from h3:46292 -> h5:22 [len=54B]
2025-09-12 16:39:47 - [BENIGN] - DEBUG - Generated SSH data traffic from h3:46292 -> h5:22 [content='SSH encrypted data'] [Session 60] [len=1163B]
2025-09-12 16:39:48 - [BENIGN] - DEBUG - Generated SSH ACK reply from h5:22 <- h3:46292 [len=54B]
2025-09-12 16:39:48 - [BENIGN] - DEBUG - Generated FTP SYN from h3:27995 -> h5:21 [len=54B]
2025-09-12 16:39:49 - [BENIGN] - DEBUG - Generated FTP SYN-ACK from h5:21 <- h3:27995 [len=54B]
2025-09-12 16:39:49 - [BENIGN] - DEBUG - Generated FTP ACK from h3:27995 -> h5:21 [len=54B]
2025-09-12 16:39:50 - [BENIGN] - DEBUG - Generated FTP data traffic from h3:27995 -> h5:21 [content='FTP file transfer'] [Session 61] [len=335B]
2025-09-12 16:39:51 - [BENIGN] - DEBUG - Generated FTP ACK reply from h5:21 <- h3:27995 [len=54B]
2025-09-12 16:39:51 - [BENIGN] - DEBUG - Generated HTTP SYN from h3:19238 -> h5:80 [len=54B]
2025-09-12 16:39:52 - [BENIGN] - DEBUG - Generated HTTP SYN-ACK from h5:80 <- h3:19238 [len=54B]
2025-09-12 16:39:53 - [BENIGN] - DEBUG - Generated HTTP ACK from h3:19238 -> h5:80 [len=54B]
2025-09-12 16:39:53 - [BENIGN] - DEBUG - Generated HTTP data traffic from h3:19238 -> h5:80 [content='GET /index.html HTTP/1.1'] [Session 62] [len=551B]
2025-09-12 16:39:54 - [BENIGN] - DEBUG - Generated HTTP ACK reply from h5:80 <- h3:19238 [len=54B]
2025-09-12 16:39:54 - [BENIGN] - DEBUG - Generated HTTPS SYN from h3:18666 -> h5:443 [len=54B]
2025-09-12 16:39:55 - [BENIGN] - DEBUG - Generated HTTPS SYN-ACK from h5:443 <- h3:18666 [len=54B]
2025-09-12 16:39:56 - [BENIGN] - DEBUG - Generated HTTPS ACK from h3:18666 -> h5:443 [len=54B]
2025-09-12 16:39:56 - [BENIGN] - DEBUG - Generated HTTPS data traffic from h3:18666 -> h5:443 [content='Encrypted Application Data'] [Session 63] [len=685B]
2025-09-12 16:39:57 - [BENIGN] - DEBUG - Generated HTTPS ACK reply from h5:443 <- h3:18666 [len=54B]
2025-09-12 16:39:58 - [BENIGN] - DEBUG - Generated DNS query from h3:14266 -> h5:53 [qname='example.com'] [Session 64] [len=71B]
2025-09-12 16:39:58 - [BENIGN] - DEBUG - Generated ICMP traffic h2↔h5 8 [len=84B]
2025-09-12 16:39:58 - [BENIGN] - DEBUG - Generated TCP SYN from h3:19211 -> h5:12345 [len=54B]
2025-09-12 16:39:59 - [BENIGN] - DEBUG - Generated TCP SYN-ACK from h5:12345 <- h3:19211 [len=54B]
2025-09-12 16:40:00 - [BENIGN] - DEBUG - Generated TCP ACK from h3:19211 -> h5:12345 [len=54B]
2025-09-12 16:40:00 - [BENIGN] - DEBUG - Generated TCP data traffic from h3:19211 -> h5:12345 [content='TCP data'] [Session 65] [len=677B]
2025-09-12 16:40:01 - [BENIGN] - DEBUG - Generated TCP ACK reply from h5:12345 <- h3:19211 [len=54B]
2025-09-12 16:40:01 - [BENIGN] - DEBUG - Generated UDP traffic from h3:2892 -> h5:12346 [content='be6334ec0b0f830b02644e9f8bb9ddf461d4e5b6...'] [Session 66] [len=619B]
2025-09-12 16:40:02 - [BENIGN] - DEBUG - Generated Telnet SYN from h3:65042 -> h5:23 [len=54B]
2025-09-12 16:40:03 - [BENIGN] - DEBUG - Generated Telnet SYN-ACK from h5:23 <- h3:65042 [len=54B]
2025-09-12 16:40:03 - [BENIGN] - DEBUG - Generated Telnet ACK from h3:65042 -> h5:23 [len=54B]
2025-09-12 16:40:04 - [BENIGN] - DEBUG - Generated Telnet data traffic from h3:65042 -> h5:23 [content='Telnet command'] [Session 67] [len=1132B]
2025-09-12 16:40:05 - [BENIGN] - DEBUG - Generated Telnet ACK reply from h5:23 <- h3:65042 [len=54B]
2025-09-12 16:40:05 - [BENIGN] - DEBUG - Generated SSH SYN from h3:8830 -> h5:22 [len=54B]
2025-09-12 16:40:06 - [BENIGN] - DEBUG - Generated SSH SYN-ACK from h5:22 <- h3:8830 [len=54B]
2025-09-12 16:40:06 - [BENIGN] - DEBUG - Generated SSH ACK from h3:8830 -> h5:22 [len=54B]
2025-09-12 16:40:07 - [BENIGN] - DEBUG - Generated SSH data traffic from h3:8830 -> h5:22 [content='SSH encrypted data'] [Session 68] [len=1290B]
2025-09-12 16:40:08 - [BENIGN] - DEBUG - Generated SSH ACK reply from h5:22 <- h3:8830 [len=54B]
2025-09-12 16:40:08 - [BENIGN] - DEBUG - Generated FTP SYN from h3:21220 -> h5:21 [len=54B]
2025-09-12 16:40:09 - [BENIGN] - DEBUG - Generated FTP SYN-ACK from h5:21 <- h3:21220 [len=54B]
2025-09-12 16:40:10 - [BENIGN] - DEBUG - Generated FTP ACK from h3:21220 -> h5:21 [len=54B]
2025-09-12 16:40:10 - [BENIGN] - DEBUG - Generated FTP data traffic from h3:21220 -> h5:21 [content='FTP file transfer'] [Session 69] [len=513B]
2025-09-12 16:40:11 - [BENIGN] - DEBUG - Generated FTP ACK reply from h5:21 <- h3:21220 [len=54B]
2025-09-12 16:40:11 - [BENIGN] - DEBUG - Generated HTTP SYN from h3:34980 -> h5:80 [len=54B]
2025-09-12 16:40:12 - [BENIGN] - DEBUG - Generated HTTP SYN-ACK from h5:80 <- h3:34980 [len=54B]
2025-09-12 16:40:13 - [BENIGN] - DEBUG - Generated HTTP ACK from h3:34980 -> h5:80 [len=54B]
2025-09-12 16:40:13 - [BENIGN] - DEBUG - Generated HTTP data traffic from h3:34980 -> h5:80 [content='GET /index.html HTTP/1.1'] [Session 70] [len=496B]
2025-09-12 16:40:14 - [BENIGN] - DEBUG - Generated HTTP ACK reply from h5:80 <- h3:34980 [len=54B]
2025-09-12 16:40:15 - [BENIGN] - DEBUG - Generated HTTPS SYN from h3:15417 -> h5:443 [len=54B]
2025-09-12 16:40:15 - [BENIGN] - DEBUG - Generated HTTPS SYN-ACK from h5:443 <- h3:15417 [len=54B]
2025-09-12 16:40:16 - [BENIGN] - DEBUG - Generated HTTPS ACK from h3:15417 -> h5:443 [len=54B]
2025-09-12 16:40:16 - [BENIGN] - DEBUG - Generated HTTPS data traffic from h3:15417 -> h5:443 [content='Encrypted Application Data'] [Session 71] [len=416B]
2025-09-12 16:40:17 - [BENIGN] - DEBUG - Generated HTTPS ACK reply from h5:443 <- h3:15417 [len=54B]
2025-09-12 16:40:18 - [BENIGN] - DEBUG - Generated DNS query from h3:36454 -> h5:53 [qname='example.com'] [Session 72] [len=71B]
2025-09-12 16:40:18 - [BENIGN] - DEBUG - Generated ICMP traffic h2↔h5 9 [len=84B]
2025-09-12 16:40:18 - [BENIGN] - DEBUG - Generated TCP SYN from h3:21315 -> h5:12345 [len=54B]
2025-09-12 16:40:19 - [BENIGN] - DEBUG - Generated TCP SYN-ACK from h5:12345 <- h3:21315 [len=54B]
2025-09-12 16:40:20 - [BENIGN] - DEBUG - Generated TCP ACK from h3:21315 -> h5:12345 [len=54B]
2025-09-12 16:40:20 - [BENIGN] - DEBUG - Generated TCP data traffic from h3:21315 -> h5:12345 [content='TCP data'] [Session 73] [len=1188B]
2025-09-12 16:40:21 - [BENIGN] - DEBUG - Generated TCP ACK reply from h5:12345 <- h3:21315 [len=54B]
2025-09-12 16:40:22 - [BENIGN] - DEBUG - Generated UDP traffic from h3:20365 -> h5:12346 [content='003477a22865aed9691b7754dab7444f684be1ea...'] [Session 74] [len=1467B]
2025-09-12 16:40:22 - [BENIGN] - DEBUG - Generated Telnet SYN from h3:19865 -> h5:23 [len=54B]
2025-09-12 16:40:23 - [BENIGN] - DEBUG - Generated Telnet SYN-ACK from h5:23 <- h3:19865 [len=54B]
2025-09-12 16:40:24 - [BENIGN] - DEBUG - Generated Telnet ACK from h3:19865 -> h5:23 [len=54B]
2025-09-12 16:40:24 - [BENIGN] - DEBUG - Generated Telnet data traffic from h3:19865 -> h5:23 [content='Telnet command'] [Session 75] [len=427B]
2025-09-12 16:40:25 - [BENIGN] - DEBUG - Generated Telnet ACK reply from h5:23 <- h3:19865 [len=54B]
2025-09-12 16:40:25 - [BENIGN] - DEBUG - Generated SSH SYN from h3:30365 -> h5:22 [len=54B]
2025-09-12 16:40:26 - [BENIGN] - DEBUG - Generated SSH SYN-ACK from h5:22 <- h3:30365 [len=54B]
2025-09-12 16:40:27 - [BENIGN] - DEBUG - Generated SSH ACK from h3:30365 -> h5:22 [len=54B]
2025-09-12 16:40:27 - [BENIGN] - DEBUG - Generated SSH data traffic from h3:30365 -> h5:22 [content='SSH encrypted data'] [Session 76] [len=480B]
2025-09-12 16:40:28 - [BENIGN] - DEBUG - Generated SSH ACK reply from h5:22 <- h3:30365 [len=54B]
2025-09-12 16:40:29 - [BENIGN] - DEBUG - Generated FTP SYN from h3:16957 -> h5:21 [len=54B]
2025-09-12 16:40:29 - [BENIGN] - DEBUG - Generated FTP SYN-ACK from h5:21 <- h3:16957 [len=54B]
2025-09-12 16:40:30 - [BENIGN] - DEBUG - Generated FTP ACK from h3:16957 -> h5:21 [len=54B]
2025-09-12 16:40:30 - [BENIGN] - DEBUG - Generated FTP data traffic from h3:16957 -> h5:21 [content='FTP file transfer'] [Session 77] [len=533B]
2025-09-12 16:40:31 - [BENIGN] - DEBUG - Generated FTP ACK reply from h5:21 <- h3:16957 [len=54B]
2025-09-12 16:40:32 - [BENIGN] - DEBUG - Generated HTTP SYN from h3:8256 -> h5:80 [len=54B]
2025-09-12 16:40:32 - [BENIGN] - DEBUG - Generated HTTP SYN-ACK from h5:80 <- h3:8256 [len=54B]
2025-09-12 16:40:33 - [BENIGN] - DEBUG - Generated HTTP ACK from h3:8256 -> h5:80 [len=54B]
2025-09-12 16:40:34 - [BENIGN] - DEBUG - Generated HTTP data traffic from h3:8256 -> h5:80 [content='GET /index.html HTTP/1.1'] [Session 78] [len=534B]
2025-09-12 16:40:34 - [BENIGN] - DEBUG - Generated HTTP ACK reply from h5:80 <- h3:8256 [len=54B]
2025-09-12 16:40:35 - [BENIGN] - DEBUG - Generated HTTPS SYN from h3:23414 -> h5:443 [len=54B]
2025-09-12 16:40:36 - [BENIGN] - DEBUG - Generated HTTPS SYN-ACK from h5:443 <- h3:23414 [len=54B]
2025-09-12 16:40:36 - [BENIGN] - DEBUG - Generated HTTPS ACK from h3:23414 -> h5:443 [len=54B]
2025-09-12 16:40:37 - [BENIGN] - DEBUG - Generated HTTPS data traffic from h3:23414 -> h5:443 [content='Encrypted Application Data'] [Session 79] [len=417B]
2025-09-12 16:40:37 - [BENIGN] - DEBUG - Generated HTTPS ACK reply from h5:443 <- h3:23414 [len=54B]
2025-09-12 16:40:38 - [BENIGN] - DEBUG - Generated DNS query from h3:39040 -> h5:53 [qname='example.com'] [Session 80] [len=71B]
2025-09-12 16:40:38 - [BENIGN] - INFO - Benign traffic finished.
2025-09-12 16:40:38 - [BENIGN] - INFO - Summary: 80 protocol sessions with protocol separation:
2025-09-12 16:40:38 - [BENIGN] - INFO -   - h2↔h5: ICMP ping traffic
2025-09-12 16:40:38 - [BENIGN] - INFO -   - h3↔h5: TCP/UDP traffic [TCP, UDP, Telnet, SSH, FTP, HTTP, HTTPS, DNS]
2025-09-12 16:40:38 - [BENIGN] - INFO - Total packets sent: 340
