2025-09-12 18:25:16,472 - attack_logger - INFO - Attack: Enhanced SYN Flood (11s) | h1 -> h6
2025-09-12 18:25:18,987 - attack_logger - INFO - [syn_flood] [Run ID: d2aaa4aa-0d65-4d3e-857c-2a24bf612db3] Starting Enhanced SYN Flood from h1 to 192.168.30.10 for 11 seconds.
2025-09-12 18:25:18,987 - attack_logger - INFO - [syn_flood] [Run ID: d2aaa4aa-0d65-4d3e-857c-2a24bf612db3] Attack Phase: Enhanced Traditional SYN Flood - Attacker: h1, Target: 192.168.30.10:80, Duration: 11s
2025-09-12 18:25:18,987 - attack_logger - INFO - [syn_flood] [Run ID: d2aaa4aa-0d65-4d3e-857c-2a24bf612db3] Enhanced Features: Human-like timing, protocol compliance, network delay simulation
2025-09-12 18:25:18,988 - attack_logger - INFO - [syn_flood] [Run ID: d2aaa4aa-0d65-4d3e-857c-2a24bf612db3] Session pattern: 1 phases, Circadian factor: 0.70, Workday factor: 0.70
2025-09-12 18:25:18,988 - attack_logger - DEBUG - [syn_flood] [Run ID: d2aaa4aa-0d65-4d3e-857c-2a24bf612db3] Starting enhanced SYN packet generation with human-like timing
2025-09-12 18:25:18,988 - attack_logger - INFO - [syn_flood] [Run ID: d2aaa4aa-0d65-4d3e-857c-2a24bf612db3] Stress phase: 3s, Advanced phase: 8s
2025-09-12 18:25:22,566 - attack_logger - INFO - [syn_flood] [Run ID: d2aaa4aa-0d65-4d3e-857c-2a24bf612db3] Stress phase completed
2025-09-12 18:25:22,573 - attack_logger - INFO - [syn_flood] [Run ID: d2aaa4aa-0d65-4d3e-857c-2a24bf612db3] Enhanced SYN flood process started (PID: 2629)
2025-09-12 18:25:23,672 - attack_logger - INFO - [syn_flood] [Run ID: d2aaa4aa-0d65-4d3e-857c-2a24bf612db3] Attack progress: 1.1s elapsed, ~10 packets sent, Rate: 9.0 pps, Phase: active (intensity: 0.81)
2025-09-12 18:25:23,672 - attack_logger - DEBUG - [syn_flood] [Run ID: d2aaa4aa-0d65-4d3e-857c-2a24bf612db3] Process stats - CPU: 0.0%, Memory: 60.2MB
2025-09-12 18:25:23,672 - attack_logger - DEBUG - [syn_flood] [Run ID: d2aaa4aa-0d65-4d3e-857c-2a24bf612db3] Timing factors - Circadian: 0.70, Workday: 0.70, Adjusted rate: 9.7 pps
2025-09-12 18:25:24,754 - attack_logger - INFO - [syn_flood] [Run ID: d2aaa4aa-0d65-4d3e-857c-2a24bf612db3] Attack progress: 2.2s elapsed, ~21 packets sent, Rate: 9.6 pps, Phase: active (intensity: 0.81)
2025-09-12 18:25:24,754 - attack_logger - DEBUG - [syn_flood] [Run ID: d2aaa4aa-0d65-4d3e-857c-2a24bf612db3] Process stats - CPU: 0.0%, Memory: 60.2MB
2025-09-12 18:25:24,754 - attack_logger - DEBUG - [syn_flood] [Run ID: d2aaa4aa-0d65-4d3e-857c-2a24bf612db3] Timing factors - Circadian: 0.70, Workday: 0.70, Adjusted rate: 9.6 pps
2025-09-12 18:25:25,811 - attack_logger - INFO - [syn_flood] [Run ID: d2aaa4aa-0d65-4d3e-857c-2a24bf612db3] Attack progress: 3.2s elapsed, ~28 packets sent, Rate: 8.6 pps, Phase: active (intensity: 0.81)
2025-09-12 18:25:25,811 - attack_logger - DEBUG - [syn_flood] [Run ID: d2aaa4aa-0d65-4d3e-857c-2a24bf612db3] Process stats - CPU: 0.0%, Memory: 60.2MB
2025-09-12 18:25:25,811 - attack_logger - DEBUG - [syn_flood] [Run ID: d2aaa4aa-0d65-4d3e-857c-2a24bf612db3] Timing factors - Circadian: 0.70, Workday: 0.70, Adjusted rate: 8.8 pps
2025-09-12 18:25:26,893 - attack_logger - INFO - [syn_flood] [Run ID: d2aaa4aa-0d65-4d3e-857c-2a24bf612db3] Attack progress: 4.3s elapsed, ~40 packets sent, Rate: 9.2 pps, Phase: active (intensity: 0.81)
2025-09-12 18:25:26,893 - attack_logger - DEBUG - [syn_flood] [Run ID: d2aaa4aa-0d65-4d3e-857c-2a24bf612db3] Process stats - CPU: 0.0%, Memory: 60.4MB
2025-09-12 18:25:26,893 - attack_logger - DEBUG - [syn_flood] [Run ID: d2aaa4aa-0d65-4d3e-857c-2a24bf612db3] Timing factors - Circadian: 0.70, Workday: 0.70, Adjusted rate: 9.3 pps
2025-09-12 18:25:27,968 - attack_logger - INFO - [syn_flood] [Run ID: d2aaa4aa-0d65-4d3e-857c-2a24bf612db3] Attack progress: 5.4s elapsed, ~61 packets sent, Rate: 11.3 pps, Phase: active (intensity: 0.81)
2025-09-12 18:25:27,968 - attack_logger - DEBUG - [syn_flood] [Run ID: d2aaa4aa-0d65-4d3e-857c-2a24bf612db3] Process stats - CPU: 0.0%, Memory: 60.4MB
2025-09-12 18:25:27,968 - attack_logger - DEBUG - [syn_flood] [Run ID: d2aaa4aa-0d65-4d3e-857c-2a24bf612db3] Timing factors - Circadian: 0.70, Workday: 0.70, Adjusted rate: 11.4 pps
2025-09-12 18:25:28,969 - attack_logger - INFO - [syn_flood] [Run ID: d2aaa4aa-0d65-4d3e-857c-2a24bf612db3] Attack progress: 6.4s elapsed, ~51 packets sent, Rate: 8.0 pps, Phase: active (intensity: 0.81)
2025-09-12 18:25:28,969 - attack_logger - DEBUG - [syn_flood] [Run ID: d2aaa4aa-0d65-4d3e-857c-2a24bf612db3] Process stats - CPU: 0.0%, Memory: 60.4MB
2025-09-12 18:25:28,969 - attack_logger - DEBUG - [syn_flood] [Run ID: d2aaa4aa-0d65-4d3e-857c-2a24bf612db3] Timing factors - Circadian: 0.70, Workday: 0.70, Adjusted rate: 8.1 pps
2025-09-12 18:25:30,049 - attack_logger - INFO - [syn_flood] [Run ID: d2aaa4aa-0d65-4d3e-857c-2a24bf612db3] Attack progress: 7.5s elapsed, ~76 packets sent, Rate: 10.2 pps, Phase: active (intensity: 0.81)
2025-09-12 18:25:30,049 - attack_logger - DEBUG - [syn_flood] [Run ID: d2aaa4aa-0d65-4d3e-857c-2a24bf612db3] Process stats - CPU: 0.0%, Memory: 60.4MB
2025-09-12 18:25:30,049 - attack_logger - DEBUG - [syn_flood] [Run ID: d2aaa4aa-0d65-4d3e-857c-2a24bf612db3] Timing factors - Circadian: 0.70, Workday: 0.70, Adjusted rate: 10.2 pps
2025-09-12 18:25:30,613 - attack_logger - DEBUG - [syn_flood] [Run ID: d2aaa4aa-0d65-4d3e-857c-2a24bf612db3] Sent SIGINT to SYN flood process 2629
2025-09-12 18:25:31,114 - attack_logger - INFO - [syn_flood] [Run ID: d2aaa4aa-0d65-4d3e-857c-2a24bf612db3] Enhanced SYN Flood from h1 to 192.168.30.10 finished.
2025-09-12 18:25:31,114 - attack_logger - INFO - [syn_flood] [Run ID: d2aaa4aa-0d65-4d3e-857c-2a24bf612db3] Attack completed. Total packets sent = 91, Average rate = 11.31 packets/sec.
2025-09-12 18:25:31,114 - attack_logger - INFO - [syn_flood] [Run ID: d2aaa4aa-0d65-4d3e-857c-2a24bf612db3] --- Enhanced Attack Summary ---
2025-09-12 18:25:31,114 - attack_logger - INFO - [syn_flood] [Run ID: d2aaa4aa-0d65-4d3e-857c-2a24bf612db3] Total packets sent: 91
2025-09-12 18:25:31,114 - attack_logger - INFO - [syn_flood] [Run ID: d2aaa4aa-0d65-4d3e-857c-2a24bf612db3] Actual duration: 8.05s
2025-09-12 18:25:31,114 - attack_logger - INFO - [syn_flood] [Run ID: d2aaa4aa-0d65-4d3e-857c-2a24bf612db3] Average rate: 11.31 packets/sec
2025-09-12 18:25:31,114 - attack_logger - INFO - [syn_flood] [Run ID: d2aaa4aa-0d65-4d3e-857c-2a24bf612db3] Base rate: 23.3 pps
2025-09-12 18:25:31,114 - attack_logger - INFO - [syn_flood] [Run ID: d2aaa4aa-0d65-4d3e-857c-2a24bf612db3] Circadian factor: 0.70
2025-09-12 18:25:31,114 - attack_logger - INFO - [syn_flood] [Run ID: d2aaa4aa-0d65-4d3e-857c-2a24bf612db3] Workday factor: 0.70
2025-09-12 18:25:31,114 - attack_logger - INFO - [syn_flood] [Run ID: d2aaa4aa-0d65-4d3e-857c-2a24bf612db3] Session phases: 1
2025-09-12 18:25:31,115 - attack_logger - INFO - [syn_flood] [Run ID: d2aaa4aa-0d65-4d3e-857c-2a24bf612db3] Target port: 80
2025-09-12 18:25:31,115 - attack_logger - INFO - [syn_flood] [Run ID: d2aaa4aa-0d65-4d3e-857c-2a24bf612db3] Attack method: Enhanced SYN Flood with Human-like Timing
2025-09-12 18:25:31,115 - attack_logger - INFO - [syn_flood] [Run ID: d2aaa4aa-0d65-4d3e-857c-2a24bf612db3] Enhancement features: Human timing patterns, protocol compliance, network delay simulation
2025-09-12 18:25:31,115 - attack_logger - INFO - [syn_flood] [Run ID: d2aaa4aa-0d65-4d3e-857c-2a24bf612db3] TCP options: MSS, WScale, Timestamp, SAckOK
2025-09-12 18:25:31,115 - attack_logger - INFO - [syn_flood] [Run ID: d2aaa4aa-0d65-4d3e-857c-2a24bf612db3] ----------------------------------------
2025-09-12 18:25:31,188 - attack_logger - INFO - Attack: Enhanced SYN Flood completed.
2025-09-12 18:25:31,188 - attack_logger - INFO - Attack: Enhanced UDP Flood (22s) | h1 -> h6
2025-09-12 18:25:33,704 - attack_logger - INFO - [udp_flood] [Run ID: fcff3b33-6940-4b01-92e1-4a66b10ac8ff] Starting Enhanced UDP Flood from h1 to 192.168.30.10 for 22 seconds.
2025-09-12 18:25:33,704 - attack_logger - INFO - [udp_flood] [Run ID: fcff3b33-6940-4b01-92e1-4a66b10ac8ff] Attack Phase: Enhanced Traditional UDP Flood - Attacker: h1, Target: 192.168.30.10:53, Duration: 22s
2025-09-12 18:25:33,704 - attack_logger - INFO - [udp_flood] [Run ID: fcff3b33-6940-4b01-92e1-4a66b10ac8ff] Enhanced Features: Human-like timing, protocol compliance, network delay simulation
2025-09-12 18:25:33,704 - attack_logger - INFO - [udp_flood] [Run ID: fcff3b33-6940-4b01-92e1-4a66b10ac8ff] Stress phase: 6s, Advanced phase: 16s
2025-09-12 18:25:40,280 - attack_logger - INFO - [udp_flood] [Run ID: fcff3b33-6940-4b01-92e1-4a66b10ac8ff] Stress phase completed
2025-09-12 18:25:40,280 - attack_logger - INFO - [udp_flood] [Run ID: fcff3b33-6940-4b01-92e1-4a66b10ac8ff] Session pattern: 1 phases, Circadian factor: 0.70, Workday factor: 0.70
2025-09-12 18:25:40,280 - attack_logger - DEBUG - [udp_flood] [Run ID: fcff3b33-6940-4b01-92e1-4a66b10ac8ff] Starting enhanced UDP packet generation with human-like timing
2025-09-12 18:25:40,287 - attack_logger - INFO - [udp_flood] [Run ID: fcff3b33-6940-4b01-92e1-4a66b10ac8ff] Enhanced UDP flood process started (PID: 2638)
2025-09-12 18:25:43,379 - attack_logger - INFO - [udp_flood] [Run ID: fcff3b33-6940-4b01-92e1-4a66b10ac8ff] Attack progress: 3.1s elapsed, ~37 packets sent, Rate: 11.9 pps, Phase: active (intensity: 0.88)
2025-09-12 18:25:43,379 - attack_logger - DEBUG - [udp_flood] [Run ID: fcff3b33-6940-4b01-92e1-4a66b10ac8ff] Process stats - CPU: 0.0%, Memory: 60.3MB
2025-09-12 18:25:43,379 - attack_logger - DEBUG - [udp_flood] [Run ID: fcff3b33-6940-4b01-92e1-4a66b10ac8ff] Timing factors - Circadian: 0.70, Workday: 0.70, Adjusted rate: 12.2 pps
2025-09-12 18:25:46,409 - attack_logger - INFO - [udp_flood] [Run ID: fcff3b33-6940-4b01-92e1-4a66b10ac8ff] Attack progress: 6.1s elapsed, ~58 packets sent, Rate: 9.5 pps, Phase: active (intensity: 0.88)
2025-09-12 18:25:46,409 - attack_logger - DEBUG - [udp_flood] [Run ID: fcff3b33-6940-4b01-92e1-4a66b10ac8ff] Process stats - CPU: 0.0%, Memory: 60.3MB
2025-09-12 18:25:46,409 - attack_logger - DEBUG - [udp_flood] [Run ID: fcff3b33-6940-4b01-92e1-4a66b10ac8ff] Timing factors - Circadian: 0.70, Workday: 0.70, Adjusted rate: 9.6 pps
2025-09-12 18:25:49,455 - attack_logger - INFO - [udp_flood] [Run ID: fcff3b33-6940-4b01-92e1-4a66b10ac8ff] Attack progress: 9.2s elapsed, ~103 packets sent, Rate: 11.2 pps, Phase: active (intensity: 0.88)
2025-09-12 18:25:49,455 - attack_logger - DEBUG - [udp_flood] [Run ID: fcff3b33-6940-4b01-92e1-4a66b10ac8ff] Process stats - CPU: 0.0%, Memory: 60.3MB
2025-09-12 18:25:49,455 - attack_logger - DEBUG - [udp_flood] [Run ID: fcff3b33-6940-4b01-92e1-4a66b10ac8ff] Timing factors - Circadian: 0.70, Workday: 0.70, Adjusted rate: 11.2 pps
2025-09-12 18:25:52,532 - attack_logger - INFO - [udp_flood] [Run ID: fcff3b33-6940-4b01-92e1-4a66b10ac8ff] Attack progress: 12.3s elapsed, ~123 packets sent, Rate: 10.0 pps, Phase: active (intensity: 0.88)
2025-09-12 18:25:52,532 - attack_logger - DEBUG - [udp_flood] [Run ID: fcff3b33-6940-4b01-92e1-4a66b10ac8ff] Process stats - CPU: 0.0%, Memory: 60.3MB
2025-09-12 18:25:52,532 - attack_logger - DEBUG - [udp_flood] [Run ID: fcff3b33-6940-4b01-92e1-4a66b10ac8ff] Timing factors - Circadian: 0.70, Workday: 0.70, Adjusted rate: 10.1 pps
2025-09-12 18:25:55,551 - attack_logger - INFO - [udp_flood] [Run ID: fcff3b33-6940-4b01-92e1-4a66b10ac8ff] Attack progress: 15.3s elapsed, ~189 packets sent, Rate: 12.4 pps, Phase: active (intensity: 0.88)
2025-09-12 18:25:55,551 - attack_logger - DEBUG - [udp_flood] [Run ID: fcff3b33-6940-4b01-92e1-4a66b10ac8ff] Process stats - CPU: 0.0%, Memory: 60.3MB
2025-09-12 18:25:55,551 - attack_logger - DEBUG - [udp_flood] [Run ID: fcff3b33-6940-4b01-92e1-4a66b10ac8ff] Timing factors - Circadian: 0.70, Workday: 0.70, Adjusted rate: 12.4 pps
2025-09-12 18:25:56,374 - attack_logger - DEBUG - [udp_flood] [Run ID: fcff3b33-6940-4b01-92e1-4a66b10ac8ff] Sent SIGINT to UDP flood process 2638
2025-09-12 18:25:56,877 - attack_logger - INFO - [udp_flood] [Run ID: fcff3b33-6940-4b01-92e1-4a66b10ac8ff] Enhanced UDP Flood from h1 to 192.168.30.10 finished.
2025-09-12 18:25:56,877 - attack_logger - INFO - [udp_flood] [Run ID: fcff3b33-6940-4b01-92e1-4a66b10ac8ff] Attack completed. Total packets sent = 184, Average rate = 11.43 packets/sec.
2025-09-12 18:25:56,877 - attack_logger - INFO - [udp_flood] [Run ID: fcff3b33-6940-4b01-92e1-4a66b10ac8ff] --- Enhanced Attack Summary ---
2025-09-12 18:25:56,877 - attack_logger - INFO - [udp_flood] [Run ID: fcff3b33-6940-4b01-92e1-4a66b10ac8ff] Total packets sent: 184
2025-09-12 18:25:56,877 - attack_logger - INFO - [udp_flood] [Run ID: fcff3b33-6940-4b01-92e1-4a66b10ac8ff] Actual duration: 16.09s
2025-09-12 18:25:56,877 - attack_logger - INFO - [udp_flood] [Run ID: fcff3b33-6940-4b01-92e1-4a66b10ac8ff] Average rate: 11.43 packets/sec
2025-09-12 18:25:56,877 - attack_logger - INFO - [udp_flood] [Run ID: fcff3b33-6940-4b01-92e1-4a66b10ac8ff] Base rate: 23.4 pps
2025-09-12 18:25:56,877 - attack_logger - INFO - [udp_flood] [Run ID: fcff3b33-6940-4b01-92e1-4a66b10ac8ff] Circadian factor: 0.70
2025-09-12 18:25:56,877 - attack_logger - INFO - [udp_flood] [Run ID: fcff3b33-6940-4b01-92e1-4a66b10ac8ff] Workday factor: 0.70
2025-09-12 18:25:56,877 - attack_logger - INFO - [udp_flood] [Run ID: fcff3b33-6940-4b01-92e1-4a66b10ac8ff] Session phases: 1
2025-09-12 18:25:56,877 - attack_logger - INFO - [udp_flood] [Run ID: fcff3b33-6940-4b01-92e1-4a66b10ac8ff] Target port: 53 (DNS)
2025-09-12 18:25:56,877 - attack_logger - INFO - [udp_flood] [Run ID: fcff3b33-6940-4b01-92e1-4a66b10ac8ff] Attack method: Enhanced UDP Flood with Human-like Timing
2025-09-12 18:25:56,877 - attack_logger - INFO - [udp_flood] [Run ID: fcff3b33-6940-4b01-92e1-4a66b10ac8ff] Enhancement features: Human timing patterns, protocol compliance, network delay simulation
2025-09-12 18:25:56,877 - attack_logger - INFO - [udp_flood] [Run ID: fcff3b33-6940-4b01-92e1-4a66b10ac8ff] DNS payloads: Realistic query patterns with varied domains
2025-09-12 18:25:56,877 - attack_logger - INFO - [udp_flood] [Run ID: fcff3b33-6940-4b01-92e1-4a66b10ac8ff] ----------------------------------------
2025-09-12 18:25:56,957 - attack_logger - INFO - Attack: Enhanced UDP Flood completed.
2025-09-12 18:25:56,957 - attack_logger - INFO - Attack: Enhanced ICMP Flood (11s) | h1 -> h4
2025-09-12 18:25:59,471 - attack_logger - INFO - [icmp_flood] [Run ID: ecebdd54-615c-4592-a061-9159a2a511d7] Starting Enhanced ICMP Flood with RFC 1918 IP Rotation from h1 to 192.168.20.12 for 11 seconds.
2025-09-12 18:25:59,471 - attack_logger - INFO - [icmp_flood] [Run ID: ecebdd54-615c-4592-a061-9159a2a511d7] Attack Phase: Enhanced Traditional ICMP Flood - Attacker: h1, Target: 192.168.20.12, Duration: 11s
2025-09-12 18:25:59,472 - attack_logger - INFO - [icmp_flood] [Run ID: ecebdd54-615c-4592-a061-9159a2a511d7] Enhanced Features: RFC 1918 IP rotation, human-like timing, protocol compliance, network delay simulation
2025-09-12 18:25:59,472 - attack_logger - INFO - [icmp_flood] [Run ID: ecebdd54-615c-4592-a061-9159a2a511d7] IP Pool Size: 50 source IPs from RFC 1918 ranges (10.0.0.0/8, 172.16.0.0/12, 192.168.0.0/16)
2025-09-12 18:25:59,472 - attack_logger - INFO - [icmp_flood] [Run ID: ecebdd54-615c-4592-a061-9159a2a511d7] Stress phase total: 3s (host: 1s, gateway: 2s), Advanced phase: 8s
2025-09-12 18:26:01,065 - attack_logger - INFO - [icmp_flood] [Run ID: ecebdd54-615c-4592-a061-9159a2a511d7] Host stress sub-phase completed
2025-09-12 18:26:03,651 - attack_logger - INFO - [icmp_flood] [Run ID: ecebdd54-615c-4592-a061-9159a2a511d7] Gateway stress sub-phase completed
2025-09-12 18:26:03,651 - attack_logger - INFO - [icmp_flood] [Run ID: ecebdd54-615c-4592-a061-9159a2a511d7] Session pattern: 1 phases, Circadian factor: 0.70, Workday factor: 0.70
2025-09-12 18:26:03,651 - attack_logger - DEBUG - [icmp_flood] [Run ID: ecebdd54-615c-4592-a061-9159a2a511d7] Starting enhanced ICMP packet generation with IP rotation and human-like timing
2025-09-12 18:26:03,658 - attack_logger - INFO - [icmp_flood] [Run ID: ecebdd54-615c-4592-a061-9159a2a511d7] Enhanced ICMP flood with IP rotation process started (PID: 2651)
2025-09-12 18:26:04,757 - attack_logger - INFO - [icmp_flood] [Run ID: ecebdd54-615c-4592-a061-9159a2a511d7] Attack progress: 1.1s elapsed, ~11 packets sent, Rate: 9.9 pps, IP rotations: ~0, Phase: active (intensity: 0.82)
2025-09-12 18:26:04,757 - attack_logger - DEBUG - [icmp_flood] [Run ID: ecebdd54-615c-4592-a061-9159a2a511d7] Process stats - CPU: 0.0%, Memory: 60.3MB
2025-09-12 18:26:04,757 - attack_logger - DEBUG - [icmp_flood] [Run ID: ecebdd54-615c-4592-a061-9159a2a511d7] Timing factors - Circadian: 0.70, Workday: 0.70, Adjusted rate: 10.0 pps
2025-09-12 18:26:05,784 - attack_logger - INFO - [icmp_flood] [Run ID: ecebdd54-615c-4592-a061-9159a2a511d7] Attack progress: 2.1s elapsed, ~21 packets sent, Rate: 9.8 pps, IP rotations: ~1, Phase: active (intensity: 0.82)
2025-09-12 18:26:05,784 - attack_logger - DEBUG - [icmp_flood] [Run ID: ecebdd54-615c-4592-a061-9159a2a511d7] Process stats - CPU: 0.0%, Memory: 60.3MB
2025-09-12 18:26:05,784 - attack_logger - DEBUG - [icmp_flood] [Run ID: ecebdd54-615c-4592-a061-9159a2a511d7] Timing factors - Circadian: 0.70, Workday: 0.70, Adjusted rate: 10.2 pps
2025-09-12 18:26:06,883 - attack_logger - INFO - [icmp_flood] [Run ID: ecebdd54-615c-4592-a061-9159a2a511d7] Attack progress: 3.2s elapsed, ~33 packets sent, Rate: 10.2 pps, IP rotations: ~2, Phase: active (intensity: 0.82)
2025-09-12 18:26:06,883 - attack_logger - DEBUG - [icmp_flood] [Run ID: ecebdd54-615c-4592-a061-9159a2a511d7] Process stats - CPU: 0.0%, Memory: 60.5MB
2025-09-12 18:26:06,883 - attack_logger - DEBUG - [icmp_flood] [Run ID: ecebdd54-615c-4592-a061-9159a2a511d7] Timing factors - Circadian: 0.70, Workday: 0.70, Adjusted rate: 10.4 pps
2025-09-12 18:26:07,929 - attack_logger - INFO - [icmp_flood] [Run ID: ecebdd54-615c-4592-a061-9159a2a511d7] Attack progress: 4.3s elapsed, ~46 packets sent, Rate: 10.8 pps, IP rotations: ~3, Phase: active (intensity: 0.82)
2025-09-12 18:26:07,929 - attack_logger - DEBUG - [icmp_flood] [Run ID: ecebdd54-615c-4592-a061-9159a2a511d7] Process stats - CPU: 0.0%, Memory: 60.5MB
2025-09-12 18:26:07,930 - attack_logger - DEBUG - [icmp_flood] [Run ID: ecebdd54-615c-4592-a061-9159a2a511d7] Timing factors - Circadian: 0.70, Workday: 0.70, Adjusted rate: 10.8 pps
2025-09-12 18:26:08,996 - attack_logger - INFO - [icmp_flood] [Run ID: ecebdd54-615c-4592-a061-9159a2a511d7] Attack progress: 5.3s elapsed, ~52 packets sent, Rate: 9.7 pps, IP rotations: ~3, Phase: active (intensity: 0.82)
2025-09-12 18:26:08,996 - attack_logger - DEBUG - [icmp_flood] [Run ID: ecebdd54-615c-4592-a061-9159a2a511d7] Process stats - CPU: 0.0%, Memory: 60.5MB
2025-09-12 18:26:08,996 - attack_logger - DEBUG - [icmp_flood] [Run ID: ecebdd54-615c-4592-a061-9159a2a511d7] Timing factors - Circadian: 0.70, Workday: 0.70, Adjusted rate: 9.9 pps
2025-09-12 18:26:10,034 - attack_logger - INFO - [icmp_flood] [Run ID: ecebdd54-615c-4592-a061-9159a2a511d7] Attack progress: 6.4s elapsed, ~60 packets sent, Rate: 9.4 pps, IP rotations: ~4, Phase: active (intensity: 0.82)
2025-09-12 18:26:10,034 - attack_logger - DEBUG - [icmp_flood] [Run ID: ecebdd54-615c-4592-a061-9159a2a511d7] Process stats - CPU: 0.0%, Memory: 60.5MB
2025-09-12 18:26:10,034 - attack_logger - DEBUG - [icmp_flood] [Run ID: ecebdd54-615c-4592-a061-9159a2a511d7] Timing factors - Circadian: 0.70, Workday: 0.70, Adjusted rate: 9.5 pps
2025-09-12 18:26:11,097 - attack_logger - INFO - [icmp_flood] [Run ID: ecebdd54-615c-4592-a061-9159a2a511d7] Attack progress: 7.4s elapsed, ~67 packets sent, Rate: 9.0 pps, IP rotations: ~4, Phase: active (intensity: 0.82)
2025-09-12 18:26:11,097 - attack_logger - DEBUG - [icmp_flood] [Run ID: ecebdd54-615c-4592-a061-9159a2a511d7] Process stats - CPU: 0.0%, Memory: 60.5MB
2025-09-12 18:26:11,097 - attack_logger - DEBUG - [icmp_flood] [Run ID: ecebdd54-615c-4592-a061-9159a2a511d7] Timing factors - Circadian: 0.70, Workday: 0.70, Adjusted rate: 9.1 pps
2025-09-12 18:26:11,705 - attack_logger - DEBUG - [icmp_flood] [Run ID: ecebdd54-615c-4592-a061-9159a2a511d7] Sent SIGINT to ICMP flood process 2651
2025-09-12 18:26:12,208 - attack_logger - INFO - [icmp_flood] [Run ID: ecebdd54-615c-4592-a061-9159a2a511d7] Enhanced ICMP Flood with RFC 1918 IP Rotation from h1 to 192.168.20.12 finished.
2025-09-12 18:26:12,209 - attack_logger - INFO - [icmp_flood] [Run ID: ecebdd54-615c-4592-a061-9159a2a511d7] Attack completed. Total packets sent = 87, Average rate = 10.80 packets/sec.
2025-09-12 18:26:12,209 - attack_logger - INFO - [icmp_flood] [Run ID: ecebdd54-615c-4592-a061-9159a2a511d7] --- Enhanced Attack Summary ---
2025-09-12 18:26:12,209 - attack_logger - INFO - [icmp_flood] [Run ID: ecebdd54-615c-4592-a061-9159a2a511d7] Total packets sent: 87
2025-09-12 18:26:12,209 - attack_logger - INFO - [icmp_flood] [Run ID: ecebdd54-615c-4592-a061-9159a2a511d7] Total IP rotations: ~5
2025-09-12 18:26:12,209 - attack_logger - INFO - [icmp_flood] [Run ID: ecebdd54-615c-4592-a061-9159a2a511d7] RFC 1918 IP pool size: 50
2025-09-12 18:26:12,209 - attack_logger - INFO - [icmp_flood] [Run ID: ecebdd54-615c-4592-a061-9159a2a511d7] IP ranges used: 10.0.0.0/8, 172.16.0.0/12, 192.168.0.0/16
2025-09-12 18:26:12,209 - attack_logger - INFO - [icmp_flood] [Run ID: ecebdd54-615c-4592-a061-9159a2a511d7] Actual duration: 8.05s
2025-09-12 18:26:12,209 - attack_logger - INFO - [icmp_flood] [Run ID: ecebdd54-615c-4592-a061-9159a2a511d7] Average rate: 10.80 packets/sec
2025-09-12 18:26:12,209 - attack_logger - INFO - [icmp_flood] [Run ID: ecebdd54-615c-4592-a061-9159a2a511d7] Base rate: 22.3 pps
2025-09-12 18:26:12,209 - attack_logger - INFO - [icmp_flood] [Run ID: ecebdd54-615c-4592-a061-9159a2a511d7] Circadian factor: 0.70
2025-09-12 18:26:12,209 - attack_logger - INFO - [icmp_flood] [Run ID: ecebdd54-615c-4592-a061-9159a2a511d7] Workday factor: 0.70
2025-09-12 18:26:12,209 - attack_logger - INFO - [icmp_flood] [Run ID: ecebdd54-615c-4592-a061-9159a2a511d7] Session phases: 1
2025-09-12 18:26:12,209 - attack_logger - INFO - [icmp_flood] [Run ID: ecebdd54-615c-4592-a061-9159a2a511d7] ICMP type: Echo Request (8) with ID/Seq variations
2025-09-12 18:26:12,209 - attack_logger - INFO - [icmp_flood] [Run ID: ecebdd54-615c-4592-a061-9159a2a511d7] Attack method: Enhanced ICMP Flood with RFC 1918 IP Rotation
2025-09-12 18:26:12,209 - attack_logger - INFO - [icmp_flood] [Run ID: ecebdd54-615c-4592-a061-9159a2a511d7] Enhancement features: RFC 1918 IP rotation, human timing patterns, protocol compliance, network delay simulation
2025-09-12 18:26:12,209 - attack_logger - INFO - [icmp_flood] [Run ID: ecebdd54-615c-4592-a061-9159a2a511d7] ----------------------------------------
2025-09-12 18:26:12,285 - attack_logger - INFO - Attack: Enhanced ICMP Flood completed.
2025-09-12 18:26:12,796 - attack_logger - INFO - Attack: ENHANCED Adversarial TCP State Exhaustion (8s) | h1 -> h6
2025-09-12 18:26:23,984 - attack_logger - INFO - Attack: ENHANCED Adversarial Application Layer (3s) | h1 -> h6
2025-09-12 18:26:30,181 - attack_logger - INFO - Attack: ENHANCED Adversarial Slow Read (9s) | h1 -> h6
2025-09-12 18:26:42,452 - attack_logger - INFO - Attack: ENHANCED Adversarial Slow Read completed.
