2025-09-12 18:21:54 - [BENIGN] - INFO - Starting benign traffic for 200 seconds...
2025-09-12 18:21:54 - [BENIGN] - INFO - Protocol separation: h2↔h5 (ICMP), h3↔h5 (TCP/UDP)
2025-09-12 18:21:54 - [BENIGN] - DEBUG - Generated ICMP traffic h2↔h5 0 [len=84B]
2025-09-12 18:21:54 - [BENIGN] - DEBUG - Generated TCP SYN from h3:10433 -> h5:12345 [len=54B]
2025-09-12 18:21:55 - [BENIGN] - DEBUG - Generated TCP SYN-ACK from h5:12345 <- h3:10433 [len=54B]
2025-09-12 18:21:56 - [BENIGN] - DEBUG - Generated TCP ACK from h3:10433 -> h5:12345 [len=54B]
2025-09-12 18:21:56 - [BENIGN] - DEBUG - Generated TCP data traffic from h3:10433 -> h5:12345 [content='TCP data'] [Session 1] [len=992B]
2025-09-12 18:21:57 - [BENIGN] - DEBUG - Generated TCP ACK reply from h5:12345 <- h3:10433 [len=54B]
2025-09-12 18:21:57 - [BENIGN] - DEBUG - Generated UDP traffic from h3:32946 -> h5:12346 [content='c5cbfa10dbdba45e29520d2dc3b4adf7be926917...'] [Session 2] [len=647B]
2025-09-12 18:21:58 - [BENIGN] - DEBUG - Generated Telnet SYN from h3:22119 -> h5:23 [len=54B]
2025-09-12 18:21:59 - [BENIGN] - DEBUG - Generated Telnet SYN-ACK from h5:23 <- h3:22119 [len=54B]
2025-09-12 18:21:59 - [BENIGN] - DEBUG - Generated Telnet ACK from h3:22119 -> h5:23 [len=54B]
2025-09-12 18:22:00 - [BENIGN] - DEBUG - Generated Telnet data traffic from h3:22119 -> h5:23 [content='Telnet command'] [Session 3] [len=1124B]
2025-09-12 18:22:01 - [BENIGN] - DEBUG - Generated Telnet ACK reply from h5:23 <- h3:22119 [len=54B]
2025-09-12 18:22:01 - [BENIGN] - DEBUG - Generated SSH SYN from h3:55710 -> h5:22 [len=54B]
2025-09-12 18:22:02 - [BENIGN] - DEBUG - Generated SSH SYN-ACK from h5:22 <- h3:55710 [len=54B]
2025-09-12 18:22:03 - [BENIGN] - DEBUG - Generated SSH ACK from h3:55710 -> h5:22 [len=54B]
2025-09-12 18:22:03 - [BENIGN] - DEBUG - Generated SSH data traffic from h3:55710 -> h5:22 [content='SSH encrypted data'] [Session 4] [len=1335B]
2025-09-12 18:22:04 - [BENIGN] - DEBUG - Generated SSH ACK reply from h5:22 <- h3:55710 [len=54B]
2025-09-12 18:22:05 - [BENIGN] - DEBUG - Generated FTP SYN from h3:19014 -> h5:21 [len=54B]
2025-09-12 18:22:05 - [BENIGN] - DEBUG - Generated FTP SYN-ACK from h5:21 <- h3:19014 [len=54B]
2025-09-12 18:22:06 - [BENIGN] - DEBUG - Generated FTP ACK from h3:19014 -> h5:21 [len=54B]
2025-09-12 18:22:07 - [BENIGN] - DEBUG - Generated FTP data traffic from h3:19014 -> h5:21 [content='FTP file transfer'] [Session 5] [len=827B]
2025-09-12 18:22:07 - [BENIGN] - DEBUG - Generated FTP ACK reply from h5:21 <- h3:19014 [len=54B]
2025-09-12 18:22:08 - [BENIGN] - DEBUG - Generated HTTP SYN from h3:58807 -> h5:80 [len=54B]
2025-09-12 18:22:08 - [BENIGN] - DEBUG - Generated HTTP SYN-ACK from h5:80 <- h3:58807 [len=54B]
2025-09-12 18:22:09 - [BENIGN] - DEBUG - Generated HTTP ACK from h3:58807 -> h5:80 [len=54B]
2025-09-12 18:22:10 - [BENIGN] - DEBUG - Generated HTTP data traffic from h3:58807 -> h5:80 [content='GET /index.html HTTP/1.1'] [Session 6] [len=329B]
2025-09-12 18:22:10 - [BENIGN] - DEBUG - Generated HTTP ACK reply from h5:80 <- h3:58807 [len=54B]
2025-09-12 18:22:11 - [BENIGN] - DEBUG - Generated HTTPS SYN from h3:18215 -> h5:443 [len=54B]
2025-09-12 18:22:12 - [BENIGN] - DEBUG - Generated HTTPS SYN-ACK from h5:443 <- h3:18215 [len=54B]
2025-09-12 18:22:12 - [BENIGN] - DEBUG - Generated HTTPS ACK from h3:18215 -> h5:443 [len=54B]
2025-09-12 18:22:13 - [BENIGN] - DEBUG - Generated HTTPS data traffic from h3:18215 -> h5:443 [content='Encrypted Application Data'] [Session 7] [len=488B]
2025-09-12 18:22:14 - [BENIGN] - DEBUG - Generated HTTPS ACK reply from h5:443 <- h3:18215 [len=54B]
2025-09-12 18:22:14 - [BENIGN] - DEBUG - Generated DNS query from h3:33206 -> h5:53 [qname='example.com'] [Session 8] [len=71B]
2025-09-12 18:22:14 - [BENIGN] - DEBUG - Generated ICMP traffic h2↔h5 1 [len=84B]
2025-09-12 18:22:15 - [BENIGN] - DEBUG - Generated TCP SYN from h3:55234 -> h5:12345 [len=54B]
2025-09-12 18:22:15 - [BENIGN] - DEBUG - Generated TCP SYN-ACK from h5:12345 <- h3:55234 [len=54B]
2025-09-12 18:22:16 - [BENIGN] - DEBUG - Generated TCP ACK from h3:55234 -> h5:12345 [len=54B]
2025-09-12 18:22:17 - [BENIGN] - DEBUG - Generated TCP data traffic from h3:55234 -> h5:12345 [content='TCP data'] [Session 9] [len=1068B]
2025-09-12 18:22:17 - [BENIGN] - DEBUG - Generated TCP ACK reply from h5:12345 <- h3:55234 [len=54B]
2025-09-12 18:22:18 - [BENIGN] - DEBUG - Generated UDP traffic from h3:41705 -> h5:12346 [content='3b492ff663490abb92fa352fd5fda69e36686020...'] [Session 10] [len=1331B]
2025-09-12 18:22:19 - [BENIGN] - DEBUG - Generated Telnet SYN from h3:18934 -> h5:23 [len=54B]
2025-09-12 18:22:19 - [BENIGN] - DEBUG - Generated Telnet SYN-ACK from h5:23 <- h3:18934 [len=54B]
2025-09-12 18:22:20 - [BENIGN] - DEBUG - Generated Telnet ACK from h3:18934 -> h5:23 [len=54B]
2025-09-12 18:22:20 - [BENIGN] - DEBUG - Generated Telnet data traffic from h3:18934 -> h5:23 [content='Telnet command'] [Session 11] [len=1103B]
2025-09-12 18:22:21 - [BENIGN] - DEBUG - Generated Telnet ACK reply from h5:23 <- h3:18934 [len=54B]
2025-09-12 18:22:22 - [BENIGN] - DEBUG - Generated SSH SYN from h3:38515 -> h5:22 [len=54B]
2025-09-12 18:22:22 - [BENIGN] - DEBUG - Generated SSH SYN-ACK from h5:22 <- h3:38515 [len=54B]
2025-09-12 18:22:23 - [BENIGN] - DEBUG - Generated SSH ACK from h3:38515 -> h5:22 [len=54B]
2025-09-12 18:22:24 - [BENIGN] - DEBUG - Generated SSH data traffic from h3:38515 -> h5:22 [content='SSH encrypted data'] [Session 12] [len=174B]
2025-09-12 18:22:24 - [BENIGN] - DEBUG - Generated SSH ACK reply from h5:22 <- h3:38515 [len=54B]
2025-09-12 18:22:25 - [BENIGN] - DEBUG - Generated FTP SYN from h3:21965 -> h5:21 [len=54B]
2025-09-12 18:22:25 - [BENIGN] - DEBUG - Generated FTP SYN-ACK from h5:21 <- h3:21965 [len=54B]
2025-09-12 18:22:26 - [BENIGN] - DEBUG - Generated FTP ACK from h3:21965 -> h5:21 [len=54B]
2025-09-12 18:22:27 - [BENIGN] - DEBUG - Generated FTP data traffic from h3:21965 -> h5:21 [content='FTP file transfer'] [Session 13] [len=611B]
2025-09-12 18:22:27 - [BENIGN] - DEBUG - Generated FTP ACK reply from h5:21 <- h3:21965 [len=54B]
2025-09-12 18:22:28 - [BENIGN] - DEBUG - Generated HTTP SYN from h3:46185 -> h5:80 [len=54B]
2025-09-12 18:22:29 - [BENIGN] - DEBUG - Generated HTTP SYN-ACK from h5:80 <- h3:46185 [len=54B]
2025-09-12 18:22:29 - [BENIGN] - DEBUG - Generated HTTP ACK from h3:46185 -> h5:80 [len=54B]
2025-09-12 18:22:30 - [BENIGN] - DEBUG - Generated HTTP data traffic from h3:46185 -> h5:80 [content='GET /index.html HTTP/1.1'] [Session 14] [len=357B]
2025-09-12 18:22:30 - [BENIGN] - DEBUG - Generated HTTP ACK reply from h5:80 <- h3:46185 [len=54B]
2025-09-12 18:22:31 - [BENIGN] - DEBUG - Generated HTTPS SYN from h3:42769 -> h5:443 [len=54B]
2025-09-12 18:22:32 - [BENIGN] - DEBUG - Generated HTTPS SYN-ACK from h5:443 <- h3:42769 [len=54B]
2025-09-12 18:22:32 - [BENIGN] - DEBUG - Generated HTTPS ACK from h3:42769 -> h5:443 [len=54B]
2025-09-12 18:22:33 - [BENIGN] - DEBUG - Generated HTTPS data traffic from h3:42769 -> h5:443 [content='Encrypted Application Data'] [Session 15] [len=302B]
2025-09-12 18:22:34 - [BENIGN] - DEBUG - Generated HTTPS ACK reply from h5:443 <- h3:42769 [len=54B]
2025-09-12 18:22:34 - [BENIGN] - DEBUG - Generated DNS query from h3:26316 -> h5:53 [qname='example.com'] [Session 16] [len=71B]
2025-09-12 18:22:34 - [BENIGN] - DEBUG - Generated ICMP traffic h2↔h5 2 [len=84B]
2025-09-12 18:22:35 - [BENIGN] - DEBUG - Generated TCP SYN from h3:29392 -> h5:12345 [len=54B]
2025-09-12 18:22:36 - [BENIGN] - DEBUG - Generated TCP SYN-ACK from h5:12345 <- h3:29392 [len=54B]
2025-09-12 18:22:36 - [BENIGN] - DEBUG - Generated TCP ACK from h3:29392 -> h5:12345 [len=54B]
2025-09-12 18:22:37 - [BENIGN] - DEBUG - Generated TCP data traffic from h3:29392 -> h5:12345 [content='TCP data'] [Session 17] [len=1035B]
2025-09-12 18:22:37 - [BENIGN] - DEBUG - Generated TCP ACK reply from h5:12345 <- h3:29392 [len=54B]
2025-09-12 18:22:38 - [BENIGN] - DEBUG - Generated UDP traffic from h3:17345 -> h5:12346 [content='624b1c8ac61dd3487f2776dba8052d5010653e09...'] [Session 18] [len=444B]
2025-09-12 18:22:39 - [BENIGN] - DEBUG - Generated Telnet SYN from h3:50141 -> h5:23 [len=54B]
2025-09-12 18:22:39 - [BENIGN] - DEBUG - Generated Telnet SYN-ACK from h5:23 <- h3:50141 [len=54B]
2025-09-12 18:22:40 - [BENIGN] - DEBUG - Generated Telnet ACK from h3:50141 -> h5:23 [len=54B]
2025-09-12 18:22:41 - [BENIGN] - DEBUG - Generated Telnet data traffic from h3:50141 -> h5:23 [content='Telnet command'] [Session 19] [len=321B]
2025-09-12 18:22:41 - [BENIGN] - DEBUG - Generated Telnet ACK reply from h5:23 <- h3:50141 [len=54B]
2025-09-12 18:22:42 - [BENIGN] - DEBUG - Generated SSH SYN from h3:58501 -> h5:22 [len=54B]
2025-09-12 18:22:42 - [BENIGN] - DEBUG - Generated SSH SYN-ACK from h5:22 <- h3:58501 [len=54B]
2025-09-12 18:22:43 - [BENIGN] - DEBUG - Generated SSH ACK from h3:58501 -> h5:22 [len=54B]
2025-09-12 18:22:44 - [BENIGN] - DEBUG - Generated SSH data traffic from h3:58501 -> h5:22 [content='SSH encrypted data'] [Session 20] [len=1475B]
2025-09-12 18:22:44 - [BENIGN] - DEBUG - Generated SSH ACK reply from h5:22 <- h3:58501 [len=54B]
2025-09-12 18:22:45 - [BENIGN] - DEBUG - Generated FTP SYN from h3:35974 -> h5:21 [len=54B]
2025-09-12 18:22:46 - [BENIGN] - DEBUG - Generated FTP SYN-ACK from h5:21 <- h3:35974 [len=54B]
2025-09-12 18:22:46 - [BENIGN] - DEBUG - Generated FTP ACK from h3:35974 -> h5:21 [len=54B]
2025-09-12 18:22:47 - [BENIGN] - DEBUG - Generated FTP data traffic from h3:35974 -> h5:21 [content='FTP file transfer'] [Session 21] [len=558B]
2025-09-12 18:22:48 - [BENIGN] - DEBUG - Generated FTP ACK reply from h5:21 <- h3:35974 [len=54B]
2025-09-12 18:22:48 - [BENIGN] - DEBUG - Generated HTTP SYN from h3:36926 -> h5:80 [len=54B]
2025-09-12 18:22:49 - [BENIGN] - DEBUG - Generated HTTP SYN-ACK from h5:80 <- h3:36926 [len=54B]
2025-09-12 18:22:50 - [BENIGN] - DEBUG - Generated HTTP ACK from h3:36926 -> h5:80 [len=54B]
2025-09-12 18:22:50 - [BENIGN] - DEBUG - Generated HTTP data traffic from h3:36926 -> h5:80 [content='GET /index.html HTTP/1.1'] [Session 22] [len=326B]
2025-09-12 18:22:51 - [BENIGN] - DEBUG - Generated HTTP ACK reply from h5:80 <- h3:36926 [len=54B]
2025-09-12 18:22:51 - [BENIGN] - DEBUG - Generated HTTPS SYN from h3:24112 -> h5:443 [len=54B]
2025-09-12 18:22:52 - [BENIGN] - DEBUG - Generated HTTPS SYN-ACK from h5:443 <- h3:24112 [len=54B]
2025-09-12 18:22:53 - [BENIGN] - DEBUG - Generated HTTPS ACK from h3:24112 -> h5:443 [len=54B]
2025-09-12 18:22:53 - [BENIGN] - DEBUG - Generated HTTPS data traffic from h3:24112 -> h5:443 [content='Encrypted Application Data'] [Session 23] [len=575B]
2025-09-12 18:22:54 - [BENIGN] - DEBUG - Generated HTTPS ACK reply from h5:443 <- h3:24112 [len=54B]
2025-09-12 18:22:55 - [BENIGN] - DEBUG - Generated DNS query from h3:51269 -> h5:53 [qname='example.com'] [Session 24] [len=71B]
2025-09-12 18:22:55 - [BENIGN] - DEBUG - Generated ICMP traffic h2↔h5 3 [len=84B]
2025-09-12 18:22:55 - [BENIGN] - DEBUG - Generated TCP SYN from h3:18185 -> h5:12345 [len=54B]
2025-09-12 18:22:56 - [BENIGN] - DEBUG - Generated TCP SYN-ACK from h5:12345 <- h3:18185 [len=54B]
2025-09-12 18:22:57 - [BENIGN] - DEBUG - Generated TCP ACK from h3:18185 -> h5:12345 [len=54B]
2025-09-12 18:22:57 - [BENIGN] - DEBUG - Generated TCP data traffic from h3:18185 -> h5:12345 [content='TCP data'] [Session 25] [len=243B]
2025-09-12 18:22:58 - [BENIGN] - DEBUG - Generated TCP ACK reply from h5:12345 <- h3:18185 [len=54B]
2025-09-12 18:22:59 - [BENIGN] - DEBUG - Generated UDP traffic from h3:34705 -> h5:12346 [content='fcc68cc9dc6b77aa46dae9b1e818198ebc7fb457...'] [Session 26] [len=494B]
2025-09-12 18:22:59 - [BENIGN] - DEBUG - Generated Telnet SYN from h3:16052 -> h5:23 [len=54B]
2025-09-12 18:23:00 - [BENIGN] - DEBUG - Generated Telnet SYN-ACK from h5:23 <- h3:16052 [len=54B]
2025-09-12 18:23:00 - [BENIGN] - DEBUG - Generated Telnet ACK from h3:16052 -> h5:23 [len=54B]
2025-09-12 18:23:01 - [BENIGN] - DEBUG - Generated Telnet data traffic from h3:16052 -> h5:23 [content='Telnet command'] [Session 27] [len=940B]
2025-09-12 18:23:02 - [BENIGN] - DEBUG - Generated Telnet ACK reply from h5:23 <- h3:16052 [len=54B]
2025-09-12 18:23:02 - [BENIGN] - DEBUG - Generated SSH SYN from h3:36173 -> h5:22 [len=54B]
2025-09-12 18:23:03 - [BENIGN] - DEBUG - Generated SSH SYN-ACK from h5:22 <- h3:36173 [len=54B]
2025-09-12 18:23:04 - [BENIGN] - DEBUG - Generated SSH ACK from h3:36173 -> h5:22 [len=54B]
2025-09-12 18:23:04 - [BENIGN] - DEBUG - Generated SSH data traffic from h3:36173 -> h5:22 [content='SSH encrypted data'] [Session 28] [len=793B]
2025-09-12 18:23:05 - [BENIGN] - DEBUG - Generated SSH ACK reply from h5:22 <- h3:36173 [len=54B]
2025-09-12 18:23:05 - [BENIGN] - DEBUG - Generated FTP SYN from h3:36012 -> h5:21 [len=54B]
2025-09-12 18:23:06 - [BENIGN] - DEBUG - Generated FTP SYN-ACK from h5:21 <- h3:36012 [len=54B]
2025-09-12 18:23:07 - [BENIGN] - DEBUG - Generated FTP ACK from h3:36012 -> h5:21 [len=54B]
2025-09-12 18:23:07 - [BENIGN] - DEBUG - Generated FTP data traffic from h3:36012 -> h5:21 [content='FTP file transfer'] [Session 29] [len=282B]
2025-09-12 18:23:08 - [BENIGN] - DEBUG - Generated FTP ACK reply from h5:21 <- h3:36012 [len=54B]
2025-09-12 18:23:09 - [BENIGN] - DEBUG - Generated HTTP SYN from h3:46853 -> h5:80 [len=54B]
2025-09-12 18:23:09 - [BENIGN] - DEBUG - Generated HTTP SYN-ACK from h5:80 <- h3:46853 [len=54B]
2025-09-12 18:23:10 - [BENIGN] - DEBUG - Generated HTTP ACK from h3:46853 -> h5:80 [len=54B]
2025-09-12 18:23:10 - [BENIGN] - DEBUG - Generated HTTP data traffic from h3:46853 -> h5:80 [content='GET /index.html HTTP/1.1'] [Session 30] [len=323B]
2025-09-12 18:23:11 - [BENIGN] - DEBUG - Generated HTTP ACK reply from h5:80 <- h3:46853 [len=54B]
2025-09-12 18:23:12 - [BENIGN] - DEBUG - Generated HTTPS SYN from h3:41947 -> h5:443 [len=54B]
2025-09-12 18:23:12 - [BENIGN] - DEBUG - Generated HTTPS SYN-ACK from h5:443 <- h3:41947 [len=54B]
2025-09-12 18:23:13 - [BENIGN] - DEBUG - Generated HTTPS ACK from h3:41947 -> h5:443 [len=54B]
2025-09-12 18:23:14 - [BENIGN] - DEBUG - Generated HTTPS data traffic from h3:41947 -> h5:443 [content='Encrypted Application Data'] [Session 31] [len=529B]
2025-09-12 18:23:14 - [BENIGN] - DEBUG - Generated HTTPS ACK reply from h5:443 <- h3:41947 [len=54B]
2025-09-12 18:23:15 - [BENIGN] - DEBUG - Generated DNS query from h3:9085 -> h5:53 [qname='example.com'] [Session 32] [len=71B]
2025-09-12 18:23:15 - [BENIGN] - DEBUG - Generated ICMP traffic h2↔h5 4 [len=84B]
2025-09-12 18:23:16 - [BENIGN] - DEBUG - Generated TCP SYN from h3:50851 -> h5:12345 [len=54B]
2025-09-12 18:23:16 - [BENIGN] - DEBUG - Generated TCP SYN-ACK from h5:12345 <- h3:50851 [len=54B]
2025-09-12 18:23:17 - [BENIGN] - DEBUG - Generated TCP ACK from h3:50851 -> h5:12345 [len=54B]
2025-09-12 18:23:17 - [BENIGN] - DEBUG - Generated TCP data traffic from h3:50851 -> h5:12345 [content='TCP data'] [Session 33] [len=597B]
2025-09-12 18:23:18 - [BENIGN] - DEBUG - Generated TCP ACK reply from h5:12345 <- h3:50851 [len=54B]
2025-09-12 18:23:19 - [BENIGN] - DEBUG - Generated UDP traffic from h3:16236 -> h5:12346 [content='bcfc4956ae1655b164667da9a4410a586f0feeff...'] [Session 34] [len=1056B]
2025-09-12 18:23:19 - [BENIGN] - DEBUG - Generated Telnet SYN from h3:41337 -> h5:23 [len=54B]
2025-09-12 18:23:20 - [BENIGN] - DEBUG - Generated Telnet SYN-ACK from h5:23 <- h3:41337 [len=54B]
2025-09-12 18:23:21 - [BENIGN] - DEBUG - Generated Telnet ACK from h3:41337 -> h5:23 [len=54B]
2025-09-12 18:23:21 - [BENIGN] - DEBUG - Generated Telnet data traffic from h3:41337 -> h5:23 [content='Telnet command'] [Session 35] [len=262B]
2025-09-12 18:23:22 - [BENIGN] - DEBUG - Generated Telnet ACK reply from h5:23 <- h3:41337 [len=54B]
2025-09-12 18:23:22 - [BENIGN] - DEBUG - Generated SSH SYN from h3:61643 -> h5:22 [len=54B]
2025-09-12 18:23:23 - [BENIGN] - DEBUG - Generated SSH SYN-ACK from h5:22 <- h3:61643 [len=54B]
2025-09-12 18:23:24 - [BENIGN] - DEBUG - Generated SSH ACK from h3:61643 -> h5:22 [len=54B]
2025-09-12 18:23:24 - [BENIGN] - DEBUG - Generated SSH data traffic from h3:61643 -> h5:22 [content='SSH encrypted data'] [Session 36] [len=1312B]
2025-09-12 18:23:25 - [BENIGN] - DEBUG - Generated SSH ACK reply from h5:22 <- h3:61643 [len=54B]
2025-09-12 18:23:26 - [BENIGN] - DEBUG - Generated FTP SYN from h3:9448 -> h5:21 [len=54B]
2025-09-12 18:23:26 - [BENIGN] - DEBUG - Generated FTP SYN-ACK from h5:21 <- h3:9448 [len=54B]
2025-09-12 18:23:27 - [BENIGN] - DEBUG - Generated FTP ACK from h3:9448 -> h5:21 [len=54B]
2025-09-12 18:23:27 - [BENIGN] - DEBUG - Generated FTP data traffic from h3:9448 -> h5:21 [content='FTP file transfer'] [Session 37] [len=762B]
2025-09-12 18:23:28 - [BENIGN] - DEBUG - Generated FTP ACK reply from h5:21 <- h3:9448 [len=54B]
2025-09-12 18:23:29 - [BENIGN] - DEBUG - Generated HTTP SYN from h3:2301 -> h5:80 [len=54B]
2025-09-12 18:23:29 - [BENIGN] - DEBUG - Generated HTTP SYN-ACK from h5:80 <- h3:2301 [len=54B]
2025-09-12 18:23:30 - [BENIGN] - DEBUG - Generated HTTP ACK from h3:2301 -> h5:80 [len=54B]
2025-09-12 18:23:31 - [BENIGN] - DEBUG - Generated HTTP data traffic from h3:2301 -> h5:80 [content='GET /index.html HTTP/1.1'] [Session 38] [len=308B]
2025-09-12 18:23:31 - [BENIGN] - DEBUG - Generated HTTP ACK reply from h5:80 <- h3:2301 [len=54B]
2025-09-12 18:23:32 - [BENIGN] - DEBUG - Generated HTTPS SYN from h3:12389 -> h5:443 [len=54B]
2025-09-12 18:23:32 - [BENIGN] - DEBUG - Generated HTTPS SYN-ACK from h5:443 <- h3:12389 [len=54B]
2025-09-12 18:23:33 - [BENIGN] - DEBUG - Generated HTTPS ACK from h3:12389 -> h5:443 [len=54B]
2025-09-12 18:23:34 - [BENIGN] - DEBUG - Generated HTTPS data traffic from h3:12389 -> h5:443 [content='Encrypted Application Data'] [Session 39] [len=686B]
2025-09-12 18:23:34 - [BENIGN] - DEBUG - Generated HTTPS ACK reply from h5:443 <- h3:12389 [len=54B]
2025-09-12 18:23:35 - [BENIGN] - DEBUG - Generated DNS query from h3:40064 -> h5:53 [qname='example.com'] [Session 40] [len=71B]
2025-09-12 18:23:35 - [BENIGN] - DEBUG - Generated ICMP traffic h2↔h5 5 [len=84B]
2025-09-12 18:23:36 - [BENIGN] - DEBUG - Generated TCP SYN from h3:57604 -> h5:12345 [len=54B]
2025-09-12 18:23:36 - [BENIGN] - DEBUG - Generated TCP SYN-ACK from h5:12345 <- h3:57604 [len=54B]
2025-09-12 18:23:37 - [BENIGN] - DEBUG - Generated TCP ACK from h3:57604 -> h5:12345 [len=54B]
2025-09-12 18:23:38 - [BENIGN] - DEBUG - Generated TCP data traffic from h3:57604 -> h5:12345 [content='TCP data'] [Session 41] [len=988B]
2025-09-12 18:23:38 - [BENIGN] - DEBUG - Generated TCP ACK reply from h5:12345 <- h3:57604 [len=54B]
2025-09-12 18:23:39 - [BENIGN] - DEBUG - Generated UDP traffic from h3:27748 -> h5:12346 [content='83339d5e73dc7b10823b056013710654945b79c8...'] [Session 42] [len=891B]
2025-09-12 18:23:40 - [BENIGN] - DEBUG - Generated Telnet SYN from h3:21871 -> h5:23 [len=54B]
2025-09-12 18:23:40 - [BENIGN] - DEBUG - Generated Telnet SYN-ACK from h5:23 <- h3:21871 [len=54B]
2025-09-12 18:23:41 - [BENIGN] - DEBUG - Generated Telnet ACK from h3:21871 -> h5:23 [len=54B]
2025-09-12 18:23:41 - [BENIGN] - DEBUG - Generated Telnet data traffic from h3:21871 -> h5:23 [content='Telnet command'] [Session 43] [len=1286B]
2025-09-12 18:23:42 - [BENIGN] - DEBUG - Generated Telnet ACK reply from h5:23 <- h3:21871 [len=54B]
2025-09-12 18:23:43 - [BENIGN] - DEBUG - Generated SSH SYN from h3:40627 -> h5:22 [len=54B]
2025-09-12 18:23:43 - [BENIGN] - DEBUG - Generated SSH SYN-ACK from h5:22 <- h3:40627 [len=54B]
2025-09-12 18:23:44 - [BENIGN] - DEBUG - Generated SSH ACK from h3:40627 -> h5:22 [len=54B]
2025-09-12 18:23:45 - [BENIGN] - DEBUG - Generated SSH data traffic from h3:40627 -> h5:22 [content='SSH encrypted data'] [Session 44] [len=1176B]
2025-09-12 18:23:45 - [BENIGN] - DEBUG - Generated SSH ACK reply from h5:22 <- h3:40627 [len=54B]
2025-09-12 18:23:46 - [BENIGN] - DEBUG - Generated FTP SYN from h3:60033 -> h5:21 [len=54B]
2025-09-12 18:23:47 - [BENIGN] - DEBUG - Generated FTP SYN-ACK from h5:21 <- h3:60033 [len=54B]
2025-09-12 18:23:47 - [BENIGN] - DEBUG - Generated FTP ACK from h3:60033 -> h5:21 [len=54B]
2025-09-12 18:23:48 - [BENIGN] - DEBUG - Generated FTP data traffic from h3:60033 -> h5:21 [content='FTP file transfer'] [Session 45] [len=1087B]
2025-09-12 18:23:48 - [BENIGN] - DEBUG - Generated FTP ACK reply from h5:21 <- h3:60033 [len=54B]
2025-09-12 18:23:49 - [BENIGN] - DEBUG - Generated HTTP SYN from h3:26859 -> h5:80 [len=54B]
2025-09-12 18:23:50 - [BENIGN] - DEBUG - Generated HTTP SYN-ACK from h5:80 <- h3:26859 [len=54B]
2025-09-12 18:23:50 - [BENIGN] - DEBUG - Generated HTTP ACK from h3:26859 -> h5:80 [len=54B]
2025-09-12 18:23:51 - [BENIGN] - DEBUG - Generated HTTP data traffic from h3:26859 -> h5:80 [content='GET /index.html HTTP/1.1'] [Session 46] [len=504B]
2025-09-12 18:23:51 - [BENIGN] - DEBUG - Generated HTTP ACK reply from h5:80 <- h3:26859 [len=54B]
2025-09-12 18:23:52 - [BENIGN] - DEBUG - Generated HTTPS SYN from h3:26229 -> h5:443 [len=54B]
2025-09-12 18:23:53 - [BENIGN] - DEBUG - Generated HTTPS SYN-ACK from h5:443 <- h3:26229 [len=54B]
2025-09-12 18:23:53 - [BENIGN] - DEBUG - Generated HTTPS ACK from h3:26229 -> h5:443 [len=54B]
2025-09-12 18:23:54 - [BENIGN] - DEBUG - Generated HTTPS data traffic from h3:26229 -> h5:443 [content='Encrypted Application Data'] [Session 47] [len=273B]
2025-09-12 18:23:55 - [BENIGN] - DEBUG - Generated HTTPS ACK reply from h5:443 <- h3:26229 [len=54B]
2025-09-12 18:23:55 - [BENIGN] - DEBUG - Generated DNS query from h3:57831 -> h5:53 [qname='example.com'] [Session 48] [len=71B]
2025-09-12 18:23:55 - [BENIGN] - DEBUG - Generated ICMP traffic h2↔h5 6 [len=84B]
2025-09-12 18:23:56 - [BENIGN] - DEBUG - Generated TCP SYN from h3:40289 -> h5:12345 [len=54B]
2025-09-12 18:23:57 - [BENIGN] - DEBUG - Generated TCP SYN-ACK from h5:12345 <- h3:40289 [len=54B]
2025-09-12 18:23:57 - [BENIGN] - DEBUG - Generated TCP ACK from h3:40289 -> h5:12345 [len=54B]
2025-09-12 18:23:58 - [BENIGN] - DEBUG - Generated TCP data traffic from h3:40289 -> h5:12345 [content='TCP data'] [Session 49] [len=1506B]
2025-09-12 18:23:58 - [BENIGN] - DEBUG - Generated TCP ACK reply from h5:12345 <- h3:40289 [len=54B]
2025-09-12 18:23:59 - [BENIGN] - DEBUG - Generated UDP traffic from h3:36967 -> h5:12346 [content='a03e67b769f2f7b8fcadc8a6ab0a83e887acca14...'] [Session 50] [len=1330B]
2025-09-12 18:24:00 - [BENIGN] - DEBUG - Generated Telnet SYN from h3:23727 -> h5:23 [len=54B]
2025-09-12 18:24:00 - [BENIGN] - DEBUG - Generated Telnet SYN-ACK from h5:23 <- h3:23727 [len=54B]
2025-09-12 18:24:01 - [BENIGN] - DEBUG - Generated Telnet ACK from h3:23727 -> h5:23 [len=54B]
2025-09-12 18:24:02 - [BENIGN] - DEBUG - Generated Telnet data traffic from h3:23727 -> h5:23 [content='Telnet command'] [Session 51] [len=1513B]
2025-09-12 18:24:02 - [BENIGN] - DEBUG - Generated Telnet ACK reply from h5:23 <- h3:23727 [len=54B]
2025-09-12 18:24:03 - [BENIGN] - DEBUG - Generated SSH SYN from h3:32486 -> h5:22 [len=54B]
2025-09-12 18:24:03 - [BENIGN] - DEBUG - Generated SSH SYN-ACK from h5:22 <- h3:32486 [len=54B]
2025-09-12 18:24:04 - [BENIGN] - DEBUG - Generated SSH ACK from h3:32486 -> h5:22 [len=54B]
2025-09-12 18:24:05 - [BENIGN] - DEBUG - Generated SSH data traffic from h3:32486 -> h5:22 [content='SSH encrypted data'] [Session 52] [len=455B]
2025-09-12 18:24:05 - [BENIGN] - DEBUG - Generated SSH ACK reply from h5:22 <- h3:32486 [len=54B]
2025-09-12 18:24:06 - [BENIGN] - DEBUG - Generated FTP SYN from h3:29645 -> h5:21 [len=54B]
2025-09-12 18:24:07 - [BENIGN] - DEBUG - Generated FTP SYN-ACK from h5:21 <- h3:29645 [len=54B]
2025-09-12 18:24:07 - [BENIGN] - DEBUG - Generated FTP ACK from h3:29645 -> h5:21 [len=54B]
2025-09-12 18:24:08 - [BENIGN] - DEBUG - Generated FTP data traffic from h3:29645 -> h5:21 [content='FTP file transfer'] [Session 53] [len=634B]
2025-09-12 18:24:08 - [BENIGN] - DEBUG - Generated FTP ACK reply from h5:21 <- h3:29645 [len=54B]
2025-09-12 18:24:09 - [BENIGN] - DEBUG - Generated HTTP SYN from h3:34302 -> h5:80 [len=54B]
2025-09-12 18:24:10 - [BENIGN] - DEBUG - Generated HTTP SYN-ACK from h5:80 <- h3:34302 [len=54B]
2025-09-12 18:24:10 - [BENIGN] - DEBUG - Generated HTTP ACK from h3:34302 -> h5:80 [len=54B]
2025-09-12 18:24:11 - [BENIGN] - DEBUG - Generated HTTP data traffic from h3:34302 -> h5:80 [content='GET /index.html HTTP/1.1'] [Session 54] [len=476B]
2025-09-12 18:24:12 - [BENIGN] - DEBUG - Generated HTTP ACK reply from h5:80 <- h3:34302 [len=54B]
2025-09-12 18:24:12 - [BENIGN] - DEBUG - Generated HTTPS SYN from h3:50666 -> h5:443 [len=54B]
2025-09-12 18:24:13 - [BENIGN] - DEBUG - Generated HTTPS SYN-ACK from h5:443 <- h3:50666 [len=54B]
2025-09-12 18:24:13 - [BENIGN] - DEBUG - Generated HTTPS ACK from h3:50666 -> h5:443 [len=54B]
2025-09-12 18:24:14 - [BENIGN] - DEBUG - Generated HTTPS data traffic from h3:50666 -> h5:443 [content='Encrypted Application Data'] [Session 55] [len=834B]
2025-09-12 18:24:15 - [BENIGN] - DEBUG - Generated HTTPS ACK reply from h5:443 <- h3:50666 [len=54B]
2025-09-12 18:24:15 - [BENIGN] - DEBUG - Generated DNS query from h3:23709 -> h5:53 [qname='example.com'] [Session 56] [len=71B]
2025-09-12 18:24:15 - [BENIGN] - DEBUG - Generated ICMP traffic h2↔h5 7 [len=84B]
2025-09-12 18:24:16 - [BENIGN] - DEBUG - Generated TCP SYN from h3:63199 -> h5:12345 [len=54B]
2025-09-12 18:24:17 - [BENIGN] - DEBUG - Generated TCP SYN-ACK from h5:12345 <- h3:63199 [len=54B]
2025-09-12 18:24:17 - [BENIGN] - DEBUG - Generated TCP ACK from h3:63199 -> h5:12345 [len=54B]
2025-09-12 18:24:18 - [BENIGN] - DEBUG - Generated TCP data traffic from h3:63199 -> h5:12345 [content='TCP data'] [Session 57] [len=384B]
2025-09-12 18:24:19 - [BENIGN] - DEBUG - Generated TCP ACK reply from h5:12345 <- h3:63199 [len=54B]
2025-09-12 18:24:19 - [BENIGN] - DEBUG - Generated UDP traffic from h3:58162 -> h5:12346 [content='c34a3fee5bfa274deabab2e8ef7fa8a89d8a1762...'] [Session 58] [len=1347B]
2025-09-12 18:24:20 - [BENIGN] - DEBUG - Generated Telnet SYN from h3:65125 -> h5:23 [len=54B]
2025-09-12 18:24:20 - [BENIGN] - DEBUG - Generated Telnet SYN-ACK from h5:23 <- h3:65125 [len=54B]
2025-09-12 18:24:21 - [BENIGN] - DEBUG - Generated Telnet ACK from h3:65125 -> h5:23 [len=54B]
2025-09-12 18:24:22 - [BENIGN] - DEBUG - Generated Telnet data traffic from h3:65125 -> h5:23 [content='Telnet command'] [Session 59] [len=761B]
2025-09-12 18:24:22 - [BENIGN] - DEBUG - Generated Telnet ACK reply from h5:23 <- h3:65125 [len=54B]
2025-09-12 18:24:23 - [BENIGN] - DEBUG - Generated SSH SYN from h3:27701 -> h5:22 [len=54B]
2025-09-12 18:24:24 - [BENIGN] - DEBUG - Generated SSH SYN-ACK from h5:22 <- h3:27701 [len=54B]
2025-09-12 18:24:24 - [BENIGN] - DEBUG - Generated SSH ACK from h3:27701 -> h5:22 [len=54B]
2025-09-12 18:24:25 - [BENIGN] - DEBUG - Generated SSH data traffic from h3:27701 -> h5:22 [content='SSH encrypted data'] [Session 60] [len=1490B]
2025-09-12 18:24:26 - [BENIGN] - DEBUG - Generated SSH ACK reply from h5:22 <- h3:27701 [len=54B]
2025-09-12 18:24:26 - [BENIGN] - DEBUG - Generated FTP SYN from h3:54489 -> h5:21 [len=54B]
2025-09-12 18:24:27 - [BENIGN] - DEBUG - Generated FTP SYN-ACK from h5:21 <- h3:54489 [len=54B]
2025-09-12 18:24:27 - [BENIGN] - DEBUG - Generated FTP ACK from h3:54489 -> h5:21 [len=54B]
2025-09-12 18:24:28 - [BENIGN] - DEBUG - Generated FTP data traffic from h3:54489 -> h5:21 [content='FTP file transfer'] [Session 61] [len=106B]
2025-09-12 18:24:29 - [BENIGN] - DEBUG - Generated FTP ACK reply from h5:21 <- h3:54489 [len=54B]
2025-09-12 18:24:29 - [BENIGN] - DEBUG - Generated HTTP SYN from h3:3539 -> h5:80 [len=54B]
2025-09-12 18:24:30 - [BENIGN] - DEBUG - Generated HTTP SYN-ACK from h5:80 <- h3:3539 [len=54B]
2025-09-12 18:24:31 - [BENIGN] - DEBUG - Generated HTTP ACK from h3:3539 -> h5:80 [len=54B]
2025-09-12 18:24:31 - [BENIGN] - DEBUG - Generated HTTP data traffic from h3:3539 -> h5:80 [content='GET /index.html HTTP/1.1'] [Session 62] [len=584B]
2025-09-12 18:24:32 - [BENIGN] - DEBUG - Generated HTTP ACK reply from h5:80 <- h3:3539 [len=54B]
2025-09-12 18:24:32 - [BENIGN] - DEBUG - Generated HTTPS SYN from h3:40839 -> h5:443 [len=54B]
2025-09-12 18:24:33 - [BENIGN] - DEBUG - Generated HTTPS SYN-ACK from h5:443 <- h3:40839 [len=54B]
2025-09-12 18:24:34 - [BENIGN] - DEBUG - Generated HTTPS ACK from h3:40839 -> h5:443 [len=54B]
2025-09-12 18:24:34 - [BENIGN] - DEBUG - Generated HTTPS data traffic from h3:40839 -> h5:443 [content='Encrypted Application Data'] [Session 63] [len=421B]
2025-09-12 18:24:35 - [BENIGN] - DEBUG - Generated HTTPS ACK reply from h5:443 <- h3:40839 [len=54B]
2025-09-12 18:24:36 - [BENIGN] - DEBUG - Generated DNS query from h3:63399 -> h5:53 [qname='example.com'] [Session 64] [len=71B]
2025-09-12 18:24:36 - [BENIGN] - DEBUG - Generated ICMP traffic h2↔h5 8 [len=84B]
2025-09-12 18:24:36 - [BENIGN] - DEBUG - Generated TCP SYN from h3:32176 -> h5:12345 [len=54B]
2025-09-12 18:24:37 - [BENIGN] - DEBUG - Generated TCP SYN-ACK from h5:12345 <- h3:32176 [len=54B]
2025-09-12 18:24:38 - [BENIGN] - DEBUG - Generated TCP ACK from h3:32176 -> h5:12345 [len=54B]
2025-09-12 18:24:38 - [BENIGN] - DEBUG - Generated TCP data traffic from h3:32176 -> h5:12345 [content='TCP data'] [Session 65] [len=1380B]
2025-09-12 18:24:39 - [BENIGN] - DEBUG - Generated TCP ACK reply from h5:12345 <- h3:32176 [len=54B]
2025-09-12 18:24:40 - [BENIGN] - DEBUG - Generated UDP traffic from h3:65421 -> h5:12346 [content='76d3fe55b8b58723e6733a8272868aa595f448b5...'] [Session 66] [len=185B]
2025-09-12 18:24:40 - [BENIGN] - DEBUG - Generated Telnet SYN from h3:17732 -> h5:23 [len=54B]
2025-09-12 18:24:41 - [BENIGN] - DEBUG - Generated Telnet SYN-ACK from h5:23 <- h3:17732 [len=54B]
2025-09-12 18:24:41 - [BENIGN] - DEBUG - Generated Telnet ACK from h3:17732 -> h5:23 [len=54B]
2025-09-12 18:24:42 - [BENIGN] - DEBUG - Generated Telnet data traffic from h3:17732 -> h5:23 [content='Telnet command'] [Session 67] [len=828B]
2025-09-12 18:24:43 - [BENIGN] - DEBUG - Generated Telnet ACK reply from h5:23 <- h3:17732 [len=54B]
2025-09-12 18:24:43 - [BENIGN] - DEBUG - Generated SSH SYN from h3:28020 -> h5:22 [len=54B]
2025-09-12 18:24:44 - [BENIGN] - DEBUG - Generated SSH SYN-ACK from h5:22 <- h3:28020 [len=54B]
2025-09-12 18:24:44 - [BENIGN] - DEBUG - Generated SSH ACK from h3:28020 -> h5:22 [len=54B]
2025-09-12 18:24:45 - [BENIGN] - DEBUG - Generated SSH data traffic from h3:28020 -> h5:22 [content='SSH encrypted data'] [Session 68] [len=1206B]
2025-09-12 18:24:46 - [BENIGN] - DEBUG - Generated SSH ACK reply from h5:22 <- h3:28020 [len=54B]
2025-09-12 18:24:46 - [BENIGN] - DEBUG - Generated FTP SYN from h3:43140 -> h5:21 [len=54B]
2025-09-12 18:24:47 - [BENIGN] - DEBUG - Generated FTP SYN-ACK from h5:21 <- h3:43140 [len=54B]
2025-09-12 18:24:48 - [BENIGN] - DEBUG - Generated FTP ACK from h3:43140 -> h5:21 [len=54B]
2025-09-12 18:24:48 - [BENIGN] - DEBUG - Generated FTP data traffic from h3:43140 -> h5:21 [content='FTP file transfer'] [Session 69] [len=564B]
2025-09-12 18:24:49 - [BENIGN] - DEBUG - Generated FTP ACK reply from h5:21 <- h3:43140 [len=54B]
2025-09-12 18:24:49 - [BENIGN] - DEBUG - Generated HTTP SYN from h3:59759 -> h5:80 [len=54B]
2025-09-12 18:24:50 - [BENIGN] - DEBUG - Generated HTTP SYN-ACK from h5:80 <- h3:59759 [len=54B]
2025-09-12 18:24:51 - [BENIGN] - DEBUG - Generated HTTP ACK from h3:59759 -> h5:80 [len=54B]
2025-09-12 18:24:51 - [BENIGN] - DEBUG - Generated HTTP data traffic from h3:59759 -> h5:80 [content='GET /index.html HTTP/1.1'] [Session 70] [len=446B]
2025-09-12 18:24:52 - [BENIGN] - DEBUG - Generated HTTP ACK reply from h5:80 <- h3:59759 [len=54B]
2025-09-12 18:24:53 - [BENIGN] - DEBUG - Generated HTTPS SYN from h3:20894 -> h5:443 [len=54B]
2025-09-12 18:24:53 - [BENIGN] - DEBUG - Generated HTTPS SYN-ACK from h5:443 <- h3:20894 [len=54B]
2025-09-12 18:24:54 - [BENIGN] - DEBUG - Generated HTTPS ACK from h3:20894 -> h5:443 [len=54B]
2025-09-12 18:24:54 - [BENIGN] - DEBUG - Generated HTTPS data traffic from h3:20894 -> h5:443 [content='Encrypted Application Data'] [Session 71] [len=379B]
2025-09-12 18:24:55 - [BENIGN] - DEBUG - Generated HTTPS ACK reply from h5:443 <- h3:20894 [len=54B]
2025-09-12 18:24:56 - [BENIGN] - DEBUG - Generated DNS query from h3:65100 -> h5:53 [qname='example.com'] [Session 72] [len=71B]
2025-09-12 18:24:56 - [BENIGN] - DEBUG - Generated ICMP traffic h2↔h5 9 [len=84B]
2025-09-12 18:24:56 - [BENIGN] - DEBUG - Generated TCP SYN from h3:21183 -> h5:12345 [len=54B]
2025-09-12 18:24:57 - [BENIGN] - DEBUG - Generated TCP SYN-ACK from h5:12345 <- h3:21183 [len=54B]
2025-09-12 18:24:58 - [BENIGN] - DEBUG - Generated TCP ACK from h3:21183 -> h5:12345 [len=54B]
2025-09-12 18:24:58 - [BENIGN] - DEBUG - Generated TCP data traffic from h3:21183 -> h5:12345 [content='TCP data'] [Session 73] [len=425B]
2025-09-12 18:24:59 - [BENIGN] - DEBUG - Generated TCP ACK reply from h5:12345 <- h3:21183 [len=54B]
2025-09-12 18:25:00 - [BENIGN] - DEBUG - Generated UDP traffic from h3:3606 -> h5:12346 [content='743da29d83a3ba5bdbecd09ed8deb488ddc195ef...'] [Session 74] [len=665B]
2025-09-12 18:25:00 - [BENIGN] - DEBUG - Generated Telnet SYN from h3:10106 -> h5:23 [len=54B]
2025-09-12 18:25:01 - [BENIGN] - DEBUG - Generated Telnet SYN-ACK from h5:23 <- h3:10106 [len=54B]
2025-09-12 18:25:01 - [BENIGN] - DEBUG - Generated Telnet ACK from h3:10106 -> h5:23 [len=54B]
2025-09-12 18:25:02 - [BENIGN] - DEBUG - Generated Telnet data traffic from h3:10106 -> h5:23 [content='Telnet command'] [Session 75] [len=783B]
2025-09-12 18:25:03 - [BENIGN] - DEBUG - Generated Telnet ACK reply from h5:23 <- h3:10106 [len=54B]
2025-09-12 18:25:03 - [BENIGN] - DEBUG - Generated SSH SYN from h3:46895 -> h5:22 [len=54B]
2025-09-12 18:25:04 - [BENIGN] - DEBUG - Generated SSH SYN-ACK from h5:22 <- h3:46895 [len=54B]
2025-09-12 18:25:05 - [BENIGN] - DEBUG - Generated SSH ACK from h3:46895 -> h5:22 [len=54B]
2025-09-12 18:25:05 - [BENIGN] - DEBUG - Generated SSH data traffic from h3:46895 -> h5:22 [content='SSH encrypted data'] [Session 76] [len=721B]
2025-09-12 18:25:06 - [BENIGN] - DEBUG - Generated SSH ACK reply from h5:22 <- h3:46895 [len=54B]
2025-09-12 18:25:06 - [BENIGN] - DEBUG - Generated FTP SYN from h3:51757 -> h5:21 [len=54B]
2025-09-12 18:25:07 - [BENIGN] - DEBUG - Generated FTP SYN-ACK from h5:21 <- h3:51757 [len=54B]
2025-09-12 18:25:08 - [BENIGN] - DEBUG - Generated FTP ACK from h3:51757 -> h5:21 [len=54B]
2025-09-12 18:25:08 - [BENIGN] - DEBUG - Generated FTP data traffic from h3:51757 -> h5:21 [content='FTP file transfer'] [Session 77] [len=148B]
2025-09-12 18:25:09 - [BENIGN] - DEBUG - Generated FTP ACK reply from h5:21 <- h3:51757 [len=54B]
2025-09-12 18:25:10 - [BENIGN] - DEBUG - Generated HTTP SYN from h3:5584 -> h5:80 [len=54B]
2025-09-12 18:25:10 - [BENIGN] - DEBUG - Generated HTTP SYN-ACK from h5:80 <- h3:5584 [len=54B]
2025-09-12 18:25:11 - [BENIGN] - DEBUG - Generated HTTP ACK from h3:5584 -> h5:80 [len=54B]
2025-09-12 18:25:11 - [BENIGN] - DEBUG - Generated HTTP data traffic from h3:5584 -> h5:80 [content='GET /index.html HTTP/1.1'] [Session 78] [len=431B]
2025-09-12 18:25:12 - [BENIGN] - DEBUG - Generated HTTP ACK reply from h5:80 <- h3:5584 [len=54B]
2025-09-12 18:25:13 - [BENIGN] - DEBUG - Generated HTTPS SYN from h3:46694 -> h5:443 [len=54B]
2025-09-12 18:25:13 - [BENIGN] - DEBUG - Generated HTTPS SYN-ACK from h5:443 <- h3:46694 [len=54B]
2025-09-12 18:25:14 - [BENIGN] - DEBUG - Generated HTTPS ACK from h3:46694 -> h5:443 [len=54B]
2025-09-12 18:25:15 - [BENIGN] - DEBUG - Generated HTTPS data traffic from h3:46694 -> h5:443 [content='Encrypted Application Data'] [Session 79] [len=705B]
2025-09-12 18:25:15 - [BENIGN] - DEBUG - Generated HTTPS ACK reply from h5:443 <- h3:46694 [len=54B]
2025-09-12 18:25:16 - [BENIGN] - DEBUG - Generated DNS query from h3:22623 -> h5:53 [qname='example.com'] [Session 80] [len=71B]
2025-09-12 18:25:16 - [BENIGN] - INFO - Benign traffic finished.
2025-09-12 18:25:16 - [BENIGN] - INFO - Summary: 80 protocol sessions with protocol separation:
2025-09-12 18:25:16 - [BENIGN] - INFO -   - h2↔h5: ICMP ping traffic
2025-09-12 18:25:16 - [BENIGN] - INFO -   - h3↔h5: TCP/UDP traffic [TCP, UDP, Telnet, SSH, FTP, HTTP, HTTPS, DNS]
2025-09-12 18:25:16 - [BENIGN] - INFO - Total packets sent: 340
