2025-09-12 16:59:16 - [BENIGN] - INFO - Starting benign traffic for 200 seconds...
2025-09-12 16:59:16 - [BENIGN] - INFO - Protocol separation: h2↔h5 (ICMP), h3↔h5 (TCP/UDP)
2025-09-12 16:59:16 - [BENIGN] - DEBUG - Generated ICMP traffic h2↔h5 0 [len=84B]
2025-09-12 16:59:17 - [BENIGN] - DEBUG - Generated TCP SYN from h3:18563 -> h5:12345 [len=54B]
2025-09-12 16:59:18 - [BENIGN] - DEBUG - Generated TCP SYN-ACK from h5:12345 <- h3:18563 [len=54B]
2025-09-12 16:59:18 - [BENIGN] - DEBUG - Generated TCP ACK from h3:18563 -> h5:12345 [len=54B]
2025-09-12 16:59:19 - [BENIGN] - DEBUG - Generated TCP data traffic from h3:18563 -> h5:12345 [content='TCP data'] [Session 1] [len=1102B]
2025-09-12 16:59:19 - [BENIGN] - DEBUG - Generated TCP ACK reply from h5:12345 <- h3:18563 [len=54B]
2025-09-12 16:59:20 - [BENIGN] - DEBUG - Generated UDP traffic from h3:21886 -> h5:12346 [content='3f53cf6c7cdf866cbf8bc4d8c2857e6221ac57a7...'] [Session 2] [len=838B]
2025-09-12 16:59:21 - [BENIGN] - DEBUG - Generated Telnet SYN from h3:20029 -> h5:23 [len=54B]
2025-09-12 16:59:21 - [BENIGN] - DEBUG - Generated Telnet SYN-ACK from h5:23 <- h3:20029 [len=54B]
2025-09-12 16:59:22 - [BENIGN] - DEBUG - Generated Telnet ACK from h3:20029 -> h5:23 [len=54B]
2025-09-12 16:59:23 - [BENIGN] - DEBUG - Generated Telnet data traffic from h3:20029 -> h5:23 [content='Telnet command'] [Session 3] [len=1506B]
2025-09-12 16:59:23 - [BENIGN] - DEBUG - Generated Telnet ACK reply from h5:23 <- h3:20029 [len=54B]
2025-09-12 16:59:24 - [BENIGN] - DEBUG - Generated SSH SYN from h3:6958 -> h5:22 [len=54B]
2025-09-12 16:59:25 - [BENIGN] - DEBUG - Generated SSH SYN-ACK from h5:22 <- h3:6958 [len=54B]
2025-09-12 16:59:25 - [BENIGN] - DEBUG - Generated SSH ACK from h3:6958 -> h5:22 [len=54B]
2025-09-12 16:59:26 - [BENIGN] - DEBUG - Generated SSH data traffic from h3:6958 -> h5:22 [content='SSH encrypted data'] [Session 4] [len=919B]
2025-09-12 16:59:27 - [BENIGN] - DEBUG - Generated SSH ACK reply from h5:22 <- h3:6958 [len=54B]
2025-09-12 16:59:27 - [BENIGN] - DEBUG - Generated FTP SYN from h3:23713 -> h5:21 [len=54B]
2025-09-12 16:59:28 - [BENIGN] - DEBUG - Generated FTP SYN-ACK from h5:21 <- h3:23713 [len=54B]
2025-09-12 16:59:28 - [BENIGN] - DEBUG - Generated FTP ACK from h3:23713 -> h5:21 [len=54B]
2025-09-12 16:59:29 - [BENIGN] - DEBUG - Generated FTP data traffic from h3:23713 -> h5:21 [content='FTP file transfer'] [Session 5] [len=184B]
2025-09-12 16:59:30 - [BENIGN] - DEBUG - Generated FTP ACK reply from h5:21 <- h3:23713 [len=54B]
2025-09-12 16:59:30 - [BENIGN] - DEBUG - Generated HTTP SYN from h3:26678 -> h5:80 [len=54B]
2025-09-12 16:59:31 - [BENIGN] - DEBUG - Generated HTTP SYN-ACK from h5:80 <- h3:26678 [len=54B]
2025-09-12 16:59:32 - [BENIGN] - DEBUG - Generated HTTP ACK from h3:26678 -> h5:80 [len=54B]
2025-09-12 16:59:32 - [BENIGN] - DEBUG - Generated HTTP data traffic from h3:26678 -> h5:80 [content='GET /index.html HTTP/1.1'] [Session 6] [len=263B]
2025-09-12 16:59:33 - [BENIGN] - DEBUG - Generated HTTP ACK reply from h5:80 <- h3:26678 [len=54B]
2025-09-12 16:59:33 - [BENIGN] - DEBUG - Generated HTTPS SYN from h3:51551 -> h5:443 [len=54B]
2025-09-12 16:59:34 - [BENIGN] - DEBUG - Generated HTTPS SYN-ACK from h5:443 <- h3:51551 [len=54B]
2025-09-12 16:59:35 - [BENIGN] - DEBUG - Generated HTTPS ACK from h3:51551 -> h5:443 [len=54B]
2025-09-12 16:59:35 - [BENIGN] - DEBUG - Generated HTTPS data traffic from h3:51551 -> h5:443 [content='Encrypted Application Data'] [Session 7] [len=678B]
2025-09-12 16:59:36 - [BENIGN] - DEBUG - Generated HTTPS ACK reply from h5:443 <- h3:51551 [len=54B]
2025-09-12 16:59:37 - [BENIGN] - DEBUG - Generated DNS query from h3:39056 -> h5:53 [qname='example.com'] [Session 8] [len=71B]
2025-09-12 16:59:37 - [BENIGN] - DEBUG - Generated ICMP traffic h2↔h5 1 [len=84B]
2025-09-12 16:59:37 - [BENIGN] - DEBUG - Generated TCP SYN from h3:61795 -> h5:12345 [len=54B]
2025-09-12 16:59:38 - [BENIGN] - DEBUG - Generated TCP SYN-ACK from h5:12345 <- h3:61795 [len=54B]
2025-09-12 16:59:39 - [BENIGN] - DEBUG - Generated TCP ACK from h3:61795 -> h5:12345 [len=54B]
2025-09-12 16:59:39 - [BENIGN] - DEBUG - Generated TCP data traffic from h3:61795 -> h5:12345 [content='TCP data'] [Session 9] [len=668B]
2025-09-12 16:59:40 - [BENIGN] - DEBUG - Generated TCP ACK reply from h5:12345 <- h3:61795 [len=54B]
2025-09-12 16:59:40 - [BENIGN] - DEBUG - Generated UDP traffic from h3:61244 -> h5:12346 [content='d0374b70e205442141007af655a66b84fdadaa70...'] [Session 10] [len=1176B]
2025-09-12 16:59:41 - [BENIGN] - DEBUG - Generated Telnet SYN from h3:21302 -> h5:23 [len=54B]
2025-09-12 16:59:42 - [BENIGN] - DEBUG - Generated Telnet SYN-ACK from h5:23 <- h3:21302 [len=54B]
2025-09-12 16:59:42 - [BENIGN] - DEBUG - Generated Telnet ACK from h3:21302 -> h5:23 [len=54B]
2025-09-12 16:59:43 - [BENIGN] - DEBUG - Generated Telnet data traffic from h3:21302 -> h5:23 [content='Telnet command'] [Session 11] [len=1168B]
2025-09-12 16:59:44 - [BENIGN] - DEBUG - Generated Telnet ACK reply from h5:23 <- h3:21302 [len=54B]
2025-09-12 16:59:44 - [BENIGN] - DEBUG - Generated SSH SYN from h3:58082 -> h5:22 [len=54B]
2025-09-12 16:59:45 - [BENIGN] - DEBUG - Generated SSH SYN-ACK from h5:22 <- h3:58082 [len=54B]
2025-09-12 16:59:45 - [BENIGN] - DEBUG - Generated SSH ACK from h3:58082 -> h5:22 [len=54B]
2025-09-12 16:59:46 - [BENIGN] - DEBUG - Generated SSH data traffic from h3:58082 -> h5:22 [content='SSH encrypted data'] [Session 12] [len=1444B]
2025-09-12 16:59:47 - [BENIGN] - DEBUG - Generated SSH ACK reply from h5:22 <- h3:58082 [len=54B]
2025-09-12 16:59:47 - [BENIGN] - DEBUG - Generated FTP SYN from h3:58822 -> h5:21 [len=54B]
2025-09-12 16:59:48 - [BENIGN] - DEBUG - Generated FTP SYN-ACK from h5:21 <- h3:58822 [len=54B]
2025-09-12 16:59:49 - [BENIGN] - DEBUG - Generated FTP ACK from h3:58822 -> h5:21 [len=54B]
2025-09-12 16:59:49 - [BENIGN] - DEBUG - Generated FTP data traffic from h3:58822 -> h5:21 [content='FTP file transfer'] [Session 13] [len=1218B]
2025-09-12 16:59:50 - [BENIGN] - DEBUG - Generated FTP ACK reply from h5:21 <- h3:58822 [len=54B]
2025-09-12 16:59:50 - [BENIGN] - DEBUG - Generated HTTP SYN from h3:14682 -> h5:80 [len=54B]
2025-09-12 16:59:51 - [BENIGN] - DEBUG - Generated HTTP SYN-ACK from h5:80 <- h3:14682 [len=54B]
2025-09-12 16:59:52 - [BENIGN] - DEBUG - Generated HTTP ACK from h3:14682 -> h5:80 [len=54B]
2025-09-12 16:59:52 - [BENIGN] - DEBUG - Generated HTTP data traffic from h3:14682 -> h5:80 [content='GET /index.html HTTP/1.1'] [Session 14] [len=497B]
2025-09-12 16:59:53 - [BENIGN] - DEBUG - Generated HTTP ACK reply from h5:80 <- h3:14682 [len=54B]
2025-09-12 16:59:54 - [BENIGN] - DEBUG - Generated HTTPS SYN from h3:6717 -> h5:443 [len=54B]
2025-09-12 16:59:54 - [BENIGN] - DEBUG - Generated HTTPS SYN-ACK from h5:443 <- h3:6717 [len=54B]
2025-09-12 16:59:55 - [BENIGN] - DEBUG - Generated HTTPS ACK from h3:6717 -> h5:443 [len=54B]
2025-09-12 16:59:56 - [BENIGN] - DEBUG - Generated HTTPS data traffic from h3:6717 -> h5:443 [content='Encrypted Application Data'] [Session 15] [len=388B]
2025-09-12 16:59:56 - [BENIGN] - DEBUG - Generated HTTPS ACK reply from h5:443 <- h3:6717 [len=54B]
2025-09-12 16:59:57 - [BENIGN] - DEBUG - Generated DNS query from h3:41071 -> h5:53 [qname='example.com'] [Session 16] [len=71B]
2025-09-12 16:59:57 - [BENIGN] - DEBUG - Generated ICMP traffic h2↔h5 2 [len=84B]
2025-09-12 16:59:58 - [BENIGN] - DEBUG - Generated TCP SYN from h3:26305 -> h5:12345 [len=54B]
2025-09-12 16:59:58 - [BENIGN] - DEBUG - Generated TCP SYN-ACK from h5:12345 <- h3:26305 [len=54B]
2025-09-12 16:59:59 - [BENIGN] - DEBUG - Generated TCP ACK from h3:26305 -> h5:12345 [len=54B]
2025-09-12 17:00:00 - [BENIGN] - DEBUG - Generated TCP data traffic from h3:26305 -> h5:12345 [content='TCP data'] [Session 17] [len=979B]
2025-09-12 17:00:00 - [BENIGN] - DEBUG - Generated TCP ACK reply from h5:12345 <- h3:26305 [len=54B]
2025-09-12 17:00:01 - [BENIGN] - DEBUG - Generated UDP traffic from h3:8378 -> h5:12346 [content='2920d94efd6cebf494b47b003b1578cbb07c3a57...'] [Session 18] [len=521B]
2025-09-12 17:00:01 - [BENIGN] - DEBUG - Generated Telnet SYN from h3:29016 -> h5:23 [len=54B]
2025-09-12 17:00:02 - [BENIGN] - DEBUG - Generated Telnet SYN-ACK from h5:23 <- h3:29016 [len=54B]
2025-09-12 17:00:03 - [BENIGN] - DEBUG - Generated Telnet ACK from h3:29016 -> h5:23 [len=54B]
2025-09-12 17:00:03 - [BENIGN] - DEBUG - Generated Telnet data traffic from h3:29016 -> h5:23 [content='Telnet command'] [Session 19] [len=493B]
2025-09-12 17:00:04 - [BENIGN] - DEBUG - Generated Telnet ACK reply from h5:23 <- h3:29016 [len=54B]
2025-09-12 17:00:05 - [BENIGN] - DEBUG - Generated SSH SYN from h3:49227 -> h5:22 [len=54B]
2025-09-12 17:00:05 - [BENIGN] - DEBUG - Generated SSH SYN-ACK from h5:22 <- h3:49227 [len=54B]
2025-09-12 17:00:06 - [BENIGN] - DEBUG - Generated SSH ACK from h3:49227 -> h5:22 [len=54B]
2025-09-12 17:00:07 - [BENIGN] - DEBUG - Generated SSH data traffic from h3:49227 -> h5:22 [content='SSH encrypted data'] [Session 20] [len=683B]
2025-09-12 17:00:07 - [BENIGN] - DEBUG - Generated SSH ACK reply from h5:22 <- h3:49227 [len=54B]
2025-09-12 17:00:08 - [BENIGN] - DEBUG - Generated FTP SYN from h3:3726 -> h5:21 [len=54B]
2025-09-12 17:00:09 - [BENIGN] - DEBUG - Generated FTP SYN-ACK from h5:21 <- h3:3726 [len=54B]
2025-09-12 17:00:09 - [BENIGN] - DEBUG - Generated FTP ACK from h3:3726 -> h5:21 [len=54B]
2025-09-12 17:00:10 - [BENIGN] - DEBUG - Generated FTP data traffic from h3:3726 -> h5:21 [content='FTP file transfer'] [Session 21] [len=1133B]
2025-09-12 17:00:11 - [BENIGN] - DEBUG - Generated FTP ACK reply from h5:21 <- h3:3726 [len=54B]
2025-09-12 17:00:11 - [BENIGN] - DEBUG - Generated HTTP SYN from h3:29267 -> h5:80 [len=54B]
2025-09-12 17:00:12 - [BENIGN] - DEBUG - Generated HTTP SYN-ACK from h5:80 <- h3:29267 [len=54B]
2025-09-12 17:00:13 - [BENIGN] - DEBUG - Generated HTTP ACK from h3:29267 -> h5:80 [len=54B]
2025-09-12 17:00:13 - [BENIGN] - DEBUG - Generated HTTP data traffic from h3:29267 -> h5:80 [content='GET /index.html HTTP/1.1'] [Session 22] [len=587B]
2025-09-12 17:00:14 - [BENIGN] - DEBUG - Generated HTTP ACK reply from h5:80 <- h3:29267 [len=54B]
2025-09-12 17:00:15 - [BENIGN] - DEBUG - Generated HTTPS SYN from h3:15165 -> h5:443 [len=54B]
2025-09-12 17:00:15 - [BENIGN] - DEBUG - Generated HTTPS SYN-ACK from h5:443 <- h3:15165 [len=54B]
2025-09-12 17:00:16 - [BENIGN] - DEBUG - Generated HTTPS ACK from h3:15165 -> h5:443 [len=54B]
2025-09-12 17:00:16 - [BENIGN] - DEBUG - Generated HTTPS data traffic from h3:15165 -> h5:443 [content='Encrypted Application Data'] [Session 23] [len=303B]
2025-09-12 17:00:17 - [BENIGN] - DEBUG - Generated HTTPS ACK reply from h5:443 <- h3:15165 [len=54B]
2025-09-12 17:00:18 - [BENIGN] - DEBUG - Generated DNS query from h3:39431 -> h5:53 [qname='example.com'] [Session 24] [len=71B]
2025-09-12 17:00:18 - [BENIGN] - DEBUG - Generated ICMP traffic h2↔h5 3 [len=84B]
2025-09-12 17:00:18 - [BENIGN] - DEBUG - Generated TCP SYN from h3:62427 -> h5:12345 [len=54B]
2025-09-12 17:00:19 - [BENIGN] - DEBUG - Generated TCP SYN-ACK from h5:12345 <- h3:62427 [len=54B]
2025-09-12 17:00:20 - [BENIGN] - DEBUG - Generated TCP ACK from h3:62427 -> h5:12345 [len=54B]
2025-09-12 17:00:20 - [BENIGN] - DEBUG - Generated TCP data traffic from h3:62427 -> h5:12345 [content='TCP data'] [Session 25] [len=357B]
2025-09-12 17:00:21 - [BENIGN] - DEBUG - Generated TCP ACK reply from h5:12345 <- h3:62427 [len=54B]
2025-09-12 17:00:22 - [BENIGN] - DEBUG - Generated UDP traffic from h3:38455 -> h5:12346 [content='a34d07becef7c43e7417f8c09ae790f61ba41062...'] [Session 26] [len=1153B]
2025-09-12 17:00:22 - [BENIGN] - DEBUG - Generated Telnet SYN from h3:28394 -> h5:23 [len=54B]
2025-09-12 17:00:23 - [BENIGN] - DEBUG - Generated Telnet SYN-ACK from h5:23 <- h3:28394 [len=54B]
2025-09-12 17:00:23 - [BENIGN] - DEBUG - Generated Telnet ACK from h3:28394 -> h5:23 [len=54B]
2025-09-12 17:00:24 - [BENIGN] - DEBUG - Generated Telnet data traffic from h3:28394 -> h5:23 [content='Telnet command'] [Session 27] [len=716B]
2025-09-12 17:00:25 - [BENIGN] - DEBUG - Generated Telnet ACK reply from h5:23 <- h3:28394 [len=54B]
2025-09-12 17:00:25 - [BENIGN] - DEBUG - Generated SSH SYN from h3:21717 -> h5:22 [len=54B]
2025-09-12 17:00:26 - [BENIGN] - DEBUG - Generated SSH SYN-ACK from h5:22 <- h3:21717 [len=54B]
2025-09-12 17:00:27 - [BENIGN] - DEBUG - Generated SSH ACK from h3:21717 -> h5:22 [len=54B]
2025-09-12 17:00:27 - [BENIGN] - DEBUG - Generated SSH data traffic from h3:21717 -> h5:22 [content='SSH encrypted data'] [Session 28] [len=754B]
2025-09-12 17:00:28 - [BENIGN] - DEBUG - Generated SSH ACK reply from h5:22 <- h3:21717 [len=54B]
2025-09-12 17:00:29 - [BENIGN] - DEBUG - Generated FTP SYN from h3:20541 -> h5:21 [len=54B]
2025-09-12 17:00:29 - [BENIGN] - DEBUG - Generated FTP SYN-ACK from h5:21 <- h3:20541 [len=54B]
2025-09-12 17:00:30 - [BENIGN] - DEBUG - Generated FTP ACK from h3:20541 -> h5:21 [len=54B]
2025-09-12 17:00:30 - [BENIGN] - DEBUG - Generated FTP data traffic from h3:20541 -> h5:21 [content='FTP file transfer'] [Session 29] [len=1279B]
2025-09-12 17:00:31 - [BENIGN] - DEBUG - Generated FTP ACK reply from h5:21 <- h3:20541 [len=54B]
2025-09-12 17:00:32 - [BENIGN] - DEBUG - Generated HTTP SYN from h3:3031 -> h5:80 [len=54B]
2025-09-12 17:00:32 - [BENIGN] - DEBUG - Generated HTTP SYN-ACK from h5:80 <- h3:3031 [len=54B]
2025-09-12 17:00:33 - [BENIGN] - DEBUG - Generated HTTP ACK from h3:3031 -> h5:80 [len=54B]
2025-09-12 17:00:34 - [BENIGN] - DEBUG - Generated HTTP data traffic from h3:3031 -> h5:80 [content='GET /index.html HTTP/1.1'] [Session 30] [len=530B]
2025-09-12 17:00:34 - [BENIGN] - DEBUG - Generated HTTP ACK reply from h5:80 <- h3:3031 [len=54B]
2025-09-12 17:00:35 - [BENIGN] - DEBUG - Generated HTTPS SYN from h3:37183 -> h5:443 [len=54B]
2025-09-12 17:00:36 - [BENIGN] - DEBUG - Generated HTTPS SYN-ACK from h5:443 <- h3:37183 [len=54B]
2025-09-12 17:00:36 - [BENIGN] - DEBUG - Generated HTTPS ACK from h3:37183 -> h5:443 [len=54B]
2025-09-12 17:00:37 - [BENIGN] - DEBUG - Generated HTTPS data traffic from h3:37183 -> h5:443 [content='Encrypted Application Data'] [Session 31] [len=719B]
2025-09-12 17:00:37 - [BENIGN] - DEBUG - Generated HTTPS ACK reply from h5:443 <- h3:37183 [len=54B]
2025-09-12 17:00:38 - [BENIGN] - DEBUG - Generated DNS query from h3:23327 -> h5:53 [qname='example.com'] [Session 32] [len=71B]
2025-09-12 17:00:38 - [BENIGN] - DEBUG - Generated ICMP traffic h2↔h5 4 [len=84B]
2025-09-12 17:00:39 - [BENIGN] - DEBUG - Generated TCP SYN from h3:46335 -> h5:12345 [len=54B]
2025-09-12 17:00:39 - [BENIGN] - DEBUG - Generated TCP SYN-ACK from h5:12345 <- h3:46335 [len=54B]
2025-09-12 17:00:40 - [BENIGN] - DEBUG - Generated TCP ACK from h3:46335 -> h5:12345 [len=54B]
2025-09-12 17:00:41 - [BENIGN] - DEBUG - Generated TCP data traffic from h3:46335 -> h5:12345 [content='TCP data'] [Session 33] [len=301B]
2025-09-12 17:00:41 - [BENIGN] - DEBUG - Generated TCP ACK reply from h5:12345 <- h3:46335 [len=54B]
2025-09-12 17:00:42 - [BENIGN] - DEBUG - Generated UDP traffic from h3:3902 -> h5:12346 [content='4fd73392a2d0b6cd4ee2d62b9901448ebb18ed35...'] [Session 34] [len=1373B]
2025-09-12 17:00:43 - [BENIGN] - DEBUG - Generated Telnet SYN from h3:27595 -> h5:23 [len=54B]
2025-09-12 17:00:43 - [BENIGN] - DEBUG - Generated Telnet SYN-ACK from h5:23 <- h3:27595 [len=54B]
2025-09-12 17:00:44 - [BENIGN] - DEBUG - Generated Telnet ACK from h3:27595 -> h5:23 [len=54B]
2025-09-12 17:00:44 - [BENIGN] - DEBUG - Generated Telnet data traffic from h3:27595 -> h5:23 [content='Telnet command'] [Session 35] [len=916B]
2025-09-12 17:00:45 - [BENIGN] - DEBUG - Generated Telnet ACK reply from h5:23 <- h3:27595 [len=54B]
2025-09-12 17:00:46 - [BENIGN] - DEBUG - Generated SSH SYN from h3:55770 -> h5:22 [len=54B]
2025-09-12 17:00:46 - [BENIGN] - DEBUG - Generated SSH SYN-ACK from h5:22 <- h3:55770 [len=54B]
2025-09-12 17:00:47 - [BENIGN] - DEBUG - Generated SSH ACK from h3:55770 -> h5:22 [len=54B]
2025-09-12 17:00:48 - [BENIGN] - DEBUG - Generated SSH data traffic from h3:55770 -> h5:22 [content='SSH encrypted data'] [Session 36] [len=235B]
2025-09-12 17:00:48 - [BENIGN] - DEBUG - Generated SSH ACK reply from h5:22 <- h3:55770 [len=54B]
2025-09-12 17:00:49 - [BENIGN] - DEBUG - Generated FTP SYN from h3:45623 -> h5:21 [len=54B]
2025-09-12 17:00:49 - [BENIGN] - DEBUG - Generated FTP SYN-ACK from h5:21 <- h3:45623 [len=54B]
2025-09-12 17:00:50 - [BENIGN] - DEBUG - Generated FTP ACK from h3:45623 -> h5:21 [len=54B]
2025-09-12 17:00:51 - [BENIGN] - DEBUG - Generated FTP data traffic from h3:45623 -> h5:21 [content='FTP file transfer'] [Session 37] [len=511B]
2025-09-12 17:00:51 - [BENIGN] - DEBUG - Generated FTP ACK reply from h5:21 <- h3:45623 [len=54B]
2025-09-12 17:00:52 - [BENIGN] - DEBUG - Generated HTTP SYN from h3:44779 -> h5:80 [len=54B]
2025-09-12 17:00:53 - [BENIGN] - DEBUG - Generated HTTP SYN-ACK from h5:80 <- h3:44779 [len=54B]
2025-09-12 17:00:53 - [BENIGN] - DEBUG - Generated HTTP ACK from h3:44779 -> h5:80 [len=54B]
2025-09-12 17:00:54 - [BENIGN] - DEBUG - Generated HTTP data traffic from h3:44779 -> h5:80 [content='GET /index.html HTTP/1.1'] [Session 38] [len=259B]
2025-09-12 17:00:54 - [BENIGN] - DEBUG - Generated HTTP ACK reply from h5:80 <- h3:44779 [len=54B]
2025-09-12 17:00:55 - [BENIGN] - DEBUG - Generated HTTPS SYN from h3:19460 -> h5:443 [len=54B]
2025-09-12 17:00:56 - [BENIGN] - DEBUG - Generated HTTPS SYN-ACK from h5:443 <- h3:19460 [len=54B]
2025-09-12 17:00:56 - [BENIGN] - DEBUG - Generated HTTPS ACK from h3:19460 -> h5:443 [len=54B]
2025-09-12 17:00:57 - [BENIGN] - DEBUG - Generated HTTPS data traffic from h3:19460 -> h5:443 [content='Encrypted Application Data'] [Session 39] [len=546B]
2025-09-12 17:00:58 - [BENIGN] - DEBUG - Generated HTTPS ACK reply from h5:443 <- h3:19460 [len=54B]
2025-09-12 17:00:58 - [BENIGN] - DEBUG - Generated DNS query from h3:31647 -> h5:53 [qname='example.com'] [Session 40] [len=71B]
2025-09-12 17:00:58 - [BENIGN] - DEBUG - Generated ICMP traffic h2↔h5 5 [len=84B]
2025-09-12 17:00:59 - [BENIGN] - DEBUG - Generated TCP SYN from h3:32982 -> h5:12345 [len=54B]
2025-09-12 17:01:00 - [BENIGN] - DEBUG - Generated TCP SYN-ACK from h5:12345 <- h3:32982 [len=54B]
2025-09-12 17:01:00 - [BENIGN] - DEBUG - Generated TCP ACK from h3:32982 -> h5:12345 [len=54B]
2025-09-12 17:01:01 - [BENIGN] - DEBUG - Generated TCP data traffic from h3:32982 -> h5:12345 [content='TCP data'] [Session 41] [len=511B]
2025-09-12 17:01:02 - [BENIGN] - DEBUG - Generated TCP ACK reply from h5:12345 <- h3:32982 [len=54B]
2025-09-12 17:01:02 - [BENIGN] - DEBUG - Generated UDP traffic from h3:59703 -> h5:12346 [content='b80ab0997e88a2f12ad9daff7222978c705cef31...'] [Session 42] [len=324B]
2025-09-12 17:01:03 - [BENIGN] - DEBUG - Generated Telnet SYN from h3:55684 -> h5:23 [len=54B]
2025-09-12 17:01:03 - [BENIGN] - DEBUG - Generated Telnet SYN-ACK from h5:23 <- h3:55684 [len=54B]
2025-09-12 17:01:04 - [BENIGN] - DEBUG - Generated Telnet ACK from h3:55684 -> h5:23 [len=54B]
2025-09-12 17:01:05 - [BENIGN] - DEBUG - Generated Telnet data traffic from h3:55684 -> h5:23 [content='Telnet command'] [Session 43] [len=1228B]
2025-09-12 17:01:05 - [BENIGN] - DEBUG - Generated Telnet ACK reply from h5:23 <- h3:55684 [len=54B]
2025-09-12 17:01:06 - [BENIGN] - DEBUG - Generated SSH SYN from h3:24256 -> h5:22 [len=54B]
2025-09-12 17:01:07 - [BENIGN] - DEBUG - Generated SSH SYN-ACK from h5:22 <- h3:24256 [len=54B]
2025-09-12 17:01:07 - [BENIGN] - DEBUG - Generated SSH ACK from h3:24256 -> h5:22 [len=54B]
2025-09-12 17:01:08 - [BENIGN] - DEBUG - Generated SSH data traffic from h3:24256 -> h5:22 [content='SSH encrypted data'] [Session 44] [len=1391B]
2025-09-12 17:01:08 - [BENIGN] - DEBUG - Generated SSH ACK reply from h5:22 <- h3:24256 [len=54B]
2025-09-12 17:01:09 - [BENIGN] - DEBUG - Generated FTP SYN from h3:20117 -> h5:21 [len=54B]
2025-09-12 17:01:10 - [BENIGN] - DEBUG - Generated FTP SYN-ACK from h5:21 <- h3:20117 [len=54B]
2025-09-12 17:01:10 - [BENIGN] - DEBUG - Generated FTP ACK from h3:20117 -> h5:21 [len=54B]
2025-09-12 17:01:11 - [BENIGN] - DEBUG - Generated FTP data traffic from h3:20117 -> h5:21 [content='FTP file transfer'] [Session 45] [len=158B]
2025-09-12 17:01:12 - [BENIGN] - DEBUG - Generated FTP ACK reply from h5:21 <- h3:20117 [len=54B]
2025-09-12 17:01:12 - [BENIGN] - DEBUG - Generated HTTP SYN from h3:50744 -> h5:80 [len=54B]
2025-09-12 17:01:13 - [BENIGN] - DEBUG - Generated HTTP SYN-ACK from h5:80 <- h3:50744 [len=54B]
2025-09-12 17:01:13 - [BENIGN] - DEBUG - Generated HTTP ACK from h3:50744 -> h5:80 [len=54B]
2025-09-12 17:01:14 - [BENIGN] - DEBUG - Generated HTTP data traffic from h3:50744 -> h5:80 [content='GET /index.html HTTP/1.1'] [Session 46] [len=643B]
2025-09-12 17:01:15 - [BENIGN] - DEBUG - Generated HTTP ACK reply from h5:80 <- h3:50744 [len=54B]
2025-09-12 17:01:15 - [BENIGN] - DEBUG - Generated HTTPS SYN from h3:41345 -> h5:443 [len=54B]
2025-09-12 17:01:16 - [BENIGN] - DEBUG - Generated HTTPS SYN-ACK from h5:443 <- h3:41345 [len=54B]
2025-09-12 17:01:17 - [BENIGN] - DEBUG - Generated HTTPS ACK from h3:41345 -> h5:443 [len=54B]
2025-09-12 17:01:17 - [BENIGN] - DEBUG - Generated HTTPS data traffic from h3:41345 -> h5:443 [content='Encrypted Application Data'] [Session 47] [len=616B]
2025-09-12 17:01:18 - [BENIGN] - DEBUG - Generated HTTPS ACK reply from h5:443 <- h3:41345 [len=54B]
2025-09-12 17:01:18 - [BENIGN] - DEBUG - Generated DNS query from h3:21430 -> h5:53 [qname='example.com'] [Session 48] [len=71B]
2025-09-12 17:01:19 - [BENIGN] - DEBUG - Generated ICMP traffic h2↔h5 6 [len=84B]
2025-09-12 17:01:19 - [BENIGN] - DEBUG - Generated TCP SYN from h3:41681 -> h5:12345 [len=54B]
2025-09-12 17:01:20 - [BENIGN] - DEBUG - Generated TCP SYN-ACK from h5:12345 <- h3:41681 [len=54B]
2025-09-12 17:01:20 - [BENIGN] - DEBUG - Generated TCP ACK from h3:41681 -> h5:12345 [len=54B]
2025-09-12 17:01:21 - [BENIGN] - DEBUG - Generated TCP data traffic from h3:41681 -> h5:12345 [content='TCP data'] [Session 49] [len=241B]
2025-09-12 17:01:22 - [BENIGN] - DEBUG - Generated TCP ACK reply from h5:12345 <- h3:41681 [len=54B]
2025-09-12 17:01:22 - [BENIGN] - DEBUG - Generated UDP traffic from h3:25764 -> h5:12346 [content='2a89dd98008a58676e678e764019586483244f9d...'] [Session 50] [len=1188B]
2025-09-12 17:01:23 - [BENIGN] - DEBUG - Generated Telnet SYN from h3:48326 -> h5:23 [len=54B]
2025-09-12 17:01:24 - [BENIGN] - DEBUG - Generated Telnet SYN-ACK from h5:23 <- h3:48326 [len=54B]
2025-09-12 17:01:24 - [BENIGN] - DEBUG - Generated Telnet ACK from h3:48326 -> h5:23 [len=54B]
2025-09-12 17:01:25 - [BENIGN] - DEBUG - Generated Telnet data traffic from h3:48326 -> h5:23 [content='Telnet command'] [Session 51] [len=689B]
2025-09-12 17:01:25 - [BENIGN] - DEBUG - Generated Telnet ACK reply from h5:23 <- h3:48326 [len=54B]
2025-09-12 17:01:26 - [BENIGN] - DEBUG - Generated SSH SYN from h3:4167 -> h5:22 [len=54B]
2025-09-12 17:01:27 - [BENIGN] - DEBUG - Generated SSH SYN-ACK from h5:22 <- h3:4167 [len=54B]
2025-09-12 17:01:27 - [BENIGN] - DEBUG - Generated SSH ACK from h3:4167 -> h5:22 [len=54B]
2025-09-12 17:01:28 - [BENIGN] - DEBUG - Generated SSH data traffic from h3:4167 -> h5:22 [content='SSH encrypted data'] [Session 52] [len=1238B]
2025-09-12 17:01:29 - [BENIGN] - DEBUG - Generated SSH ACK reply from h5:22 <- h3:4167 [len=54B]
2025-09-12 17:01:29 - [BENIGN] - DEBUG - Generated FTP SYN from h3:16363 -> h5:21 [len=54B]
2025-09-12 17:01:30 - [BENIGN] - DEBUG - Generated FTP SYN-ACK from h5:21 <- h3:16363 [len=54B]
2025-09-12 17:01:30 - [BENIGN] - DEBUG - Generated FTP ACK from h3:16363 -> h5:21 [len=54B]
2025-09-12 17:01:31 - [BENIGN] - DEBUG - Generated FTP data traffic from h3:16363 -> h5:21 [content='FTP file transfer'] [Session 53] [len=1415B]
2025-09-12 17:01:32 - [BENIGN] - DEBUG - Generated FTP ACK reply from h5:21 <- h3:16363 [len=54B]
2025-09-12 17:01:32 - [BENIGN] - DEBUG - Generated HTTP SYN from h3:53832 -> h5:80 [len=54B]
2025-09-12 17:01:33 - [BENIGN] - DEBUG - Generated HTTP SYN-ACK from h5:80 <- h3:53832 [len=54B]
2025-09-12 17:01:34 - [BENIGN] - DEBUG - Generated HTTP ACK from h3:53832 -> h5:80 [len=54B]
2025-09-12 17:01:34 - [BENIGN] - DEBUG - Generated HTTP data traffic from h3:53832 -> h5:80 [content='GET /index.html HTTP/1.1'] [Session 54] [len=327B]
2025-09-12 17:01:35 - [BENIGN] - DEBUG - Generated HTTP ACK reply from h5:80 <- h3:53832 [len=54B]
2025-09-12 17:01:35 - [BENIGN] - DEBUG - Generated HTTPS SYN from h3:32442 -> h5:443 [len=54B]
2025-09-12 17:01:36 - [BENIGN] - DEBUG - Generated HTTPS SYN-ACK from h5:443 <- h3:32442 [len=54B]
2025-09-12 17:01:37 - [BENIGN] - DEBUG - Generated HTTPS ACK from h3:32442 -> h5:443 [len=54B]
2025-09-12 17:01:37 - [BENIGN] - DEBUG - Generated HTTPS data traffic from h3:32442 -> h5:443 [content='Encrypted Application Data'] [Session 55] [len=552B]
2025-09-12 17:01:38 - [BENIGN] - DEBUG - Generated HTTPS ACK reply from h5:443 <- h3:32442 [len=54B]
2025-09-12 17:01:39 - [BENIGN] - DEBUG - Generated DNS query from h3:6525 -> h5:53 [qname='example.com'] [Session 56] [len=71B]
2025-09-12 17:01:39 - [BENIGN] - DEBUG - Generated ICMP traffic h2↔h5 7 [len=84B]
2025-09-12 17:01:39 - [BENIGN] - DEBUG - Generated TCP SYN from h3:2229 -> h5:12345 [len=54B]
2025-09-12 17:01:40 - [BENIGN] - DEBUG - Generated TCP SYN-ACK from h5:12345 <- h3:2229 [len=54B]
2025-09-12 17:01:41 - [BENIGN] - DEBUG - Generated TCP ACK from h3:2229 -> h5:12345 [len=54B]
2025-09-12 17:01:41 - [BENIGN] - DEBUG - Generated TCP data traffic from h3:2229 -> h5:12345 [content='TCP data'] [Session 57] [len=1038B]
2025-09-12 17:01:42 - [BENIGN] - DEBUG - Generated TCP ACK reply from h5:12345 <- h3:2229 [len=54B]
2025-09-12 17:01:42 - [BENIGN] - DEBUG - Generated UDP traffic from h3:58430 -> h5:12346 [content='d9542528a29a90f01513a9539ac215cf3c483581...'] [Session 58] [len=1505B]
2025-09-12 17:01:43 - [BENIGN] - DEBUG - Generated Telnet SYN from h3:15166 -> h5:23 [len=54B]
2025-09-12 17:01:44 - [BENIGN] - DEBUG - Generated Telnet SYN-ACK from h5:23 <- h3:15166 [len=54B]
2025-09-12 17:01:44 - [BENIGN] - DEBUG - Generated Telnet ACK from h3:15166 -> h5:23 [len=54B]
2025-09-12 17:01:45 - [BENIGN] - DEBUG - Generated Telnet data traffic from h3:15166 -> h5:23 [content='Telnet command'] [Session 59] [len=248B]
2025-09-12 17:01:46 - [BENIGN] - DEBUG - Generated Telnet ACK reply from h5:23 <- h3:15166 [len=54B]
2025-09-12 17:01:46 - [BENIGN] - DEBUG - Generated SSH SYN from h3:23792 -> h5:22 [len=54B]
2025-09-12 17:01:47 - [BENIGN] - DEBUG - Generated SSH SYN-ACK from h5:22 <- h3:23792 [len=54B]
2025-09-12 17:01:47 - [BENIGN] - DEBUG - Generated SSH ACK from h3:23792 -> h5:22 [len=54B]
2025-09-12 17:01:48 - [BENIGN] - DEBUG - Generated SSH data traffic from h3:23792 -> h5:22 [content='SSH encrypted data'] [Session 60] [len=306B]
2025-09-12 17:01:49 - [BENIGN] - DEBUG - Generated SSH ACK reply from h5:22 <- h3:23792 [len=54B]
2025-09-12 17:01:49 - [BENIGN] - DEBUG - Generated FTP SYN from h3:34472 -> h5:21 [len=54B]
2025-09-12 17:01:50 - [BENIGN] - DEBUG - Generated FTP SYN-ACK from h5:21 <- h3:34472 [len=54B]
2025-09-12 17:01:51 - [BENIGN] - DEBUG - Generated FTP ACK from h3:34472 -> h5:21 [len=54B]
2025-09-12 17:01:51 - [BENIGN] - DEBUG - Generated FTP data traffic from h3:34472 -> h5:21 [content='FTP file transfer'] [Session 61] [len=237B]
2025-09-12 17:01:52 - [BENIGN] - DEBUG - Generated FTP ACK reply from h5:21 <- h3:34472 [len=54B]
2025-09-12 17:01:52 - [BENIGN] - DEBUG - Generated HTTP SYN from h3:26834 -> h5:80 [len=54B]
2025-09-12 17:01:53 - [BENIGN] - DEBUG - Generated HTTP SYN-ACK from h5:80 <- h3:26834 [len=54B]
2025-09-12 17:01:54 - [BENIGN] - DEBUG - Generated HTTP ACK from h3:26834 -> h5:80 [len=54B]
2025-09-12 17:01:54 - [BENIGN] - DEBUG - Generated HTTP data traffic from h3:26834 -> h5:80 [content='GET /index.html HTTP/1.1'] [Session 62] [len=292B]
2025-09-12 17:01:55 - [BENIGN] - DEBUG - Generated HTTP ACK reply from h5:80 <- h3:26834 [len=54B]
2025-09-12 17:01:56 - [BENIGN] - DEBUG - Generated HTTPS SYN from h3:48941 -> h5:443 [len=54B]
2025-09-12 17:01:56 - [BENIGN] - DEBUG - Generated HTTPS SYN-ACK from h5:443 <- h3:48941 [len=54B]
2025-09-12 17:01:57 - [BENIGN] - DEBUG - Generated HTTPS ACK from h3:48941 -> h5:443 [len=54B]
2025-09-12 17:01:58 - [BENIGN] - DEBUG - Generated HTTPS data traffic from h3:48941 -> h5:443 [content='Encrypted Application Data'] [Session 63] [len=230B]
2025-09-12 17:01:58 - [BENIGN] - DEBUG - Generated HTTPS ACK reply from h5:443 <- h3:48941 [len=54B]
2025-09-12 17:01:59 - [BENIGN] - DEBUG - Generated DNS query from h3:28247 -> h5:53 [qname='example.com'] [Session 64] [len=71B]
2025-09-12 17:01:59 - [BENIGN] - DEBUG - Generated ICMP traffic h2↔h5 8 [len=84B]
2025-09-12 17:02:00 - [BENIGN] - DEBUG - Generated TCP SYN from h3:3789 -> h5:12345 [len=54B]
2025-09-12 17:02:00 - [BENIGN] - DEBUG - Generated TCP SYN-ACK from h5:12345 <- h3:3789 [len=54B]
2025-09-12 17:02:01 - [BENIGN] - DEBUG - Generated TCP ACK from h3:3789 -> h5:12345 [len=54B]
2025-09-12 17:02:01 - [BENIGN] - DEBUG - Generated TCP data traffic from h3:3789 -> h5:12345 [content='TCP data'] [Session 65] [len=736B]
2025-09-12 17:02:02 - [BENIGN] - DEBUG - Generated TCP ACK reply from h5:12345 <- h3:3789 [len=54B]
2025-09-12 17:02:03 - [BENIGN] - DEBUG - Generated UDP traffic from h3:25968 -> h5:12346 [content='eba23ad2c36230b4db491000fd457b81a1f5d173...'] [Session 66] [len=440B]
2025-09-12 17:02:03 - [BENIGN] - DEBUG - Generated Telnet SYN from h3:32949 -> h5:23 [len=54B]
2025-09-12 17:02:04 - [BENIGN] - DEBUG - Generated Telnet SYN-ACK from h5:23 <- h3:32949 [len=54B]
2025-09-12 17:02:05 - [BENIGN] - DEBUG - Generated Telnet ACK from h3:32949 -> h5:23 [len=54B]
2025-09-12 17:02:05 - [BENIGN] - DEBUG - Generated Telnet data traffic from h3:32949 -> h5:23 [content='Telnet command'] [Session 67] [len=1126B]
2025-09-12 17:02:06 - [BENIGN] - DEBUG - Generated Telnet ACK reply from h5:23 <- h3:32949 [len=54B]
2025-09-12 17:02:06 - [BENIGN] - DEBUG - Generated SSH SYN from h3:48020 -> h5:22 [len=54B]
2025-09-12 17:02:07 - [BENIGN] - DEBUG - Generated SSH SYN-ACK from h5:22 <- h3:48020 [len=54B]
2025-09-12 17:02:08 - [BENIGN] - DEBUG - Generated SSH ACK from h3:48020 -> h5:22 [len=54B]
2025-09-12 17:02:08 - [BENIGN] - DEBUG - Generated SSH data traffic from h3:48020 -> h5:22 [content='SSH encrypted data'] [Session 68] [len=601B]
2025-09-12 17:02:09 - [BENIGN] - DEBUG - Generated SSH ACK reply from h5:22 <- h3:48020 [len=54B]
2025-09-12 17:02:10 - [BENIGN] - DEBUG - Generated FTP SYN from h3:41265 -> h5:21 [len=54B]
2025-09-12 17:02:10 - [BENIGN] - DEBUG - Generated FTP SYN-ACK from h5:21 <- h3:41265 [len=54B]
2025-09-12 17:02:11 - [BENIGN] - DEBUG - Generated FTP ACK from h3:41265 -> h5:21 [len=54B]
2025-09-12 17:02:11 - [BENIGN] - DEBUG - Generated FTP data traffic from h3:41265 -> h5:21 [content='FTP file transfer'] [Session 69] [len=167B]
2025-09-12 17:02:12 - [BENIGN] - DEBUG - Generated FTP ACK reply from h5:21 <- h3:41265 [len=54B]
2025-09-12 17:02:13 - [BENIGN] - DEBUG - Generated HTTP SYN from h3:19093 -> h5:80 [len=54B]
2025-09-12 17:02:13 - [BENIGN] - DEBUG - Generated HTTP SYN-ACK from h5:80 <- h3:19093 [len=54B]
2025-09-12 17:02:14 - [BENIGN] - DEBUG - Generated HTTP ACK from h3:19093 -> h5:80 [len=54B]
2025-09-12 17:02:15 - [BENIGN] - DEBUG - Generated HTTP data traffic from h3:19093 -> h5:80 [content='GET /index.html HTTP/1.1'] [Session 70] [len=505B]
2025-09-12 17:02:15 - [BENIGN] - DEBUG - Generated HTTP ACK reply from h5:80 <- h3:19093 [len=54B]
2025-09-12 17:02:16 - [BENIGN] - DEBUG - Generated HTTPS SYN from h3:25162 -> h5:443 [len=54B]
2025-09-12 17:02:17 - [BENIGN] - DEBUG - Generated HTTPS SYN-ACK from h5:443 <- h3:25162 [len=54B]
2025-09-12 17:02:17 - [BENIGN] - DEBUG - Generated HTTPS ACK from h3:25162 -> h5:443 [len=54B]
2025-09-12 17:02:18 - [BENIGN] - DEBUG - Generated HTTPS data traffic from h3:25162 -> h5:443 [content='Encrypted Application Data'] [Session 71] [len=458B]
2025-09-12 17:02:18 - [BENIGN] - DEBUG - Generated HTTPS ACK reply from h5:443 <- h3:25162 [len=54B]
2025-09-12 17:02:19 - [BENIGN] - DEBUG - Generated DNS query from h3:4908 -> h5:53 [qname='example.com'] [Session 72] [len=71B]
2025-09-12 17:02:19 - [BENIGN] - DEBUG - Generated ICMP traffic h2↔h5 9 [len=84B]
2025-09-12 17:02:20 - [BENIGN] - DEBUG - Generated TCP SYN from h3:23374 -> h5:12345 [len=54B]
2025-09-12 17:02:20 - [BENIGN] - DEBUG - Generated TCP SYN-ACK from h5:12345 <- h3:23374 [len=54B]
2025-09-12 17:02:21 - [BENIGN] - DEBUG - Generated TCP ACK from h3:23374 -> h5:12345 [len=54B]
2025-09-12 17:02:22 - [BENIGN] - DEBUG - Generated TCP data traffic from h3:23374 -> h5:12345 [content='TCP data'] [Session 73] [len=1031B]
2025-09-12 17:02:22 - [BENIGN] - DEBUG - Generated TCP ACK reply from h5:12345 <- h3:23374 [len=54B]
2025-09-12 17:02:23 - [BENIGN] - DEBUG - Generated UDP traffic from h3:48962 -> h5:12346 [content='162ea00703d76e3af9b3c0091702788c65c46063...'] [Session 74] [len=531B]
2025-09-12 17:02:24 - [BENIGN] - DEBUG - Generated Telnet SYN from h3:43262 -> h5:23 [len=54B]
2025-09-12 17:02:24 - [BENIGN] - DEBUG - Generated Telnet SYN-ACK from h5:23 <- h3:43262 [len=54B]
2025-09-12 17:02:25 - [BENIGN] - DEBUG - Generated Telnet ACK from h3:43262 -> h5:23 [len=54B]
2025-09-12 17:02:26 - [BENIGN] - DEBUG - Generated Telnet data traffic from h3:43262 -> h5:23 [content='Telnet command'] [Session 75] [len=760B]
2025-09-12 17:02:26 - [BENIGN] - DEBUG - Generated Telnet ACK reply from h5:23 <- h3:43262 [len=54B]
2025-09-12 17:02:27 - [BENIGN] - DEBUG - Generated SSH SYN from h3:16303 -> h5:22 [len=54B]
2025-09-12 17:02:27 - [BENIGN] - DEBUG - Generated SSH SYN-ACK from h5:22 <- h3:16303 [len=54B]
2025-09-12 17:02:28 - [BENIGN] - DEBUG - Generated SSH ACK from h3:16303 -> h5:22 [len=54B]
2025-09-12 17:02:29 - [BENIGN] - DEBUG - Generated SSH data traffic from h3:16303 -> h5:22 [content='SSH encrypted data'] [Session 76] [len=200B]
2025-09-12 17:02:29 - [BENIGN] - DEBUG - Generated SSH ACK reply from h5:22 <- h3:16303 [len=54B]
2025-09-12 17:02:30 - [BENIGN] - DEBUG - Generated FTP SYN from h3:36958 -> h5:21 [len=54B]
2025-09-12 17:02:31 - [BENIGN] - DEBUG - Generated FTP SYN-ACK from h5:21 <- h3:36958 [len=54B]
2025-09-12 17:02:31 - [BENIGN] - DEBUG - Generated FTP ACK from h3:36958 -> h5:21 [len=54B]
2025-09-12 17:02:32 - [BENIGN] - DEBUG - Generated FTP data traffic from h3:36958 -> h5:21 [content='FTP file transfer'] [Session 77] [len=1050B]
2025-09-12 17:02:32 - [BENIGN] - DEBUG - Generated FTP ACK reply from h5:21 <- h3:36958 [len=54B]
2025-09-12 17:02:33 - [BENIGN] - DEBUG - Generated HTTP SYN from h3:37645 -> h5:80 [len=54B]
2025-09-12 17:02:34 - [BENIGN] - DEBUG - Generated HTTP SYN-ACK from h5:80 <- h3:37645 [len=54B]
2025-09-12 17:02:34 - [BENIGN] - DEBUG - Generated HTTP ACK from h3:37645 -> h5:80 [len=54B]
2025-09-12 17:02:35 - [BENIGN] - DEBUG - Generated HTTP data traffic from h3:37645 -> h5:80 [content='GET /index.html HTTP/1.1'] [Session 78] [len=382B]
2025-09-12 17:02:36 - [BENIGN] - DEBUG - Generated HTTP ACK reply from h5:80 <- h3:37645 [len=54B]
2025-09-12 17:02:36 - [BENIGN] - DEBUG - Generated HTTPS SYN from h3:40424 -> h5:443 [len=54B]
2025-09-12 17:02:37 - [BENIGN] - DEBUG - Generated HTTPS SYN-ACK from h5:443 <- h3:40424 [len=54B]
2025-09-12 17:02:37 - [BENIGN] - DEBUG - Generated HTTPS ACK from h3:40424 -> h5:443 [len=54B]
2025-09-12 17:02:38 - [BENIGN] - DEBUG - Generated HTTPS data traffic from h3:40424 -> h5:443 [content='Encrypted Application Data'] [Session 79] [len=227B]
2025-09-12 17:02:39 - [BENIGN] - DEBUG - Generated HTTPS ACK reply from h5:443 <- h3:40424 [len=54B]
2025-09-12 17:02:39 - [BENIGN] - DEBUG - Generated DNS query from h3:32524 -> h5:53 [qname='example.com'] [Session 80] [len=71B]
2025-09-12 17:02:39 - [BENIGN] - INFO - Benign traffic finished.
2025-09-12 17:02:39 - [BENIGN] - INFO - Summary: 80 protocol sessions with protocol separation:
2025-09-12 17:02:39 - [BENIGN] - INFO -   - h2↔h5: ICMP ping traffic
2025-09-12 17:02:39 - [BENIGN] - INFO -   - h3↔h5: TCP/UDP traffic [TCP, UDP, Telnet, SSH, FTP, HTTP, HTTPS, DNS]
2025-09-12 17:02:39 - [BENIGN] - INFO - Total packets sent: 340
