2025-09-12 19:31:01,608 - attack_logger - INFO - Attack: Enhanced SYN Flood (11s) | h1 -> h6
2025-09-12 19:31:04,129 - attack_logger - INFO - [syn_flood] [Run ID: 81e583e5-344d-46a1-b2b4-82a7c3dcf293] Starting Enhanced SYN Flood from h1 to 192.168.30.10 for 11 seconds.
2025-09-12 19:31:04,129 - attack_logger - INFO - [syn_flood] [Run ID: 81e583e5-344d-46a1-b2b4-82a7c3dcf293] Attack Phase: Enhanced Traditional SYN Flood - Attacker: h1, Target: 192.168.30.10:80, Duration: 11s
2025-09-12 19:31:04,129 - attack_logger - INFO - [syn_flood] [Run ID: 81e583e5-344d-46a1-b2b4-82a7c3dcf293] Enhanced Features: Human-like timing, protocol compliance, network delay simulation
2025-09-12 19:31:04,129 - attack_logger - INFO - [syn_flood] [Run ID: 81e583e5-344d-46a1-b2b4-82a7c3dcf293] Session pattern: 1 phases, Circadian factor: 0.60, Workday factor: 0.60
2025-09-12 19:31:04,129 - attack_logger - DEBUG - [syn_flood] [Run ID: 81e583e5-344d-46a1-b2b4-82a7c3dcf293] Starting enhanced SYN packet generation with human-like timing
2025-09-12 19:31:04,129 - attack_logger - INFO - [syn_flood] [Run ID: 81e583e5-344d-46a1-b2b4-82a7c3dcf293] Stress phase: 3s, Advanced phase: 8s
2025-09-12 19:31:07,732 - attack_logger - INFO - [syn_flood] [Run ID: 81e583e5-344d-46a1-b2b4-82a7c3dcf293] Stress phase completed
2025-09-12 19:31:07,740 - attack_logger - INFO - [syn_flood] [Run ID: 81e583e5-344d-46a1-b2b4-82a7c3dcf293] Enhanced SYN flood process started (PID: 25455)
2025-09-12 19:31:08,762 - attack_logger - INFO - [syn_flood] [Run ID: 81e583e5-344d-46a1-b2b4-82a7c3dcf293] Attack progress: 1.0s elapsed, ~7 packets sent, Rate: 6.8 pps, Phase: active (intensity: 0.95)
2025-09-12 19:31:08,763 - attack_logger - DEBUG - [syn_flood] [Run ID: 81e583e5-344d-46a1-b2b4-82a7c3dcf293] Process stats - CPU: 0.0%, Memory: 60.0MB
2025-09-12 19:31:08,763 - attack_logger - DEBUG - [syn_flood] [Run ID: 81e583e5-344d-46a1-b2b4-82a7c3dcf293] Timing factors - Circadian: 0.60, Workday: 0.60, Adjusted rate: 7.6 pps
2025-09-12 19:31:09,866 - attack_logger - INFO - [syn_flood] [Run ID: 81e583e5-344d-46a1-b2b4-82a7c3dcf293] Attack progress: 2.1s elapsed, ~15 packets sent, Rate: 7.0 pps, Phase: active (intensity: 0.95)
2025-09-12 19:31:09,866 - attack_logger - DEBUG - [syn_flood] [Run ID: 81e583e5-344d-46a1-b2b4-82a7c3dcf293] Process stats - CPU: 0.0%, Memory: 60.0MB
2025-09-12 19:31:09,866 - attack_logger - DEBUG - [syn_flood] [Run ID: 81e583e5-344d-46a1-b2b4-82a7c3dcf293] Timing factors - Circadian: 0.60, Workday: 0.60, Adjusted rate: 7.2 pps
2025-09-12 19:31:10,944 - attack_logger - INFO - [syn_flood] [Run ID: 81e583e5-344d-46a1-b2b4-82a7c3dcf293] Attack progress: 3.2s elapsed, ~25 packets sent, Rate: 7.8 pps, Phase: active (intensity: 0.95)
2025-09-12 19:31:10,945 - attack_logger - DEBUG - [syn_flood] [Run ID: 81e583e5-344d-46a1-b2b4-82a7c3dcf293] Process stats - CPU: 0.0%, Memory: 60.0MB
2025-09-12 19:31:10,945 - attack_logger - DEBUG - [syn_flood] [Run ID: 81e583e5-344d-46a1-b2b4-82a7c3dcf293] Timing factors - Circadian: 0.60, Workday: 0.60, Adjusted rate: 8.0 pps
2025-09-12 19:31:12,025 - attack_logger - INFO - [syn_flood] [Run ID: 81e583e5-344d-46a1-b2b4-82a7c3dcf293] Attack progress: 4.3s elapsed, ~40 packets sent, Rate: 9.3 pps, Phase: active (intensity: 0.95)
2025-09-12 19:31:12,025 - attack_logger - DEBUG - [syn_flood] [Run ID: 81e583e5-344d-46a1-b2b4-82a7c3dcf293] Process stats - CPU: 0.0%, Memory: 60.0MB
2025-09-12 19:31:12,025 - attack_logger - DEBUG - [syn_flood] [Run ID: 81e583e5-344d-46a1-b2b4-82a7c3dcf293] Timing factors - Circadian: 0.60, Workday: 0.60, Adjusted rate: 9.5 pps
2025-09-12 19:31:13,035 - attack_logger - INFO - [syn_flood] [Run ID: 81e583e5-344d-46a1-b2b4-82a7c3dcf293] Attack progress: 5.3s elapsed, ~40 packets sent, Rate: 7.5 pps, Phase: active (intensity: 0.95)
2025-09-12 19:31:13,035 - attack_logger - DEBUG - [syn_flood] [Run ID: 81e583e5-344d-46a1-b2b4-82a7c3dcf293] Process stats - CPU: 0.0%, Memory: 60.0MB
2025-09-12 19:31:13,035 - attack_logger - DEBUG - [syn_flood] [Run ID: 81e583e5-344d-46a1-b2b4-82a7c3dcf293] Timing factors - Circadian: 0.60, Workday: 0.60, Adjusted rate: 7.7 pps
2025-09-12 19:31:14,049 - attack_logger - INFO - [syn_flood] [Run ID: 81e583e5-344d-46a1-b2b4-82a7c3dcf293] Attack progress: 6.3s elapsed, ~58 packets sent, Rate: 9.2 pps, Phase: active (intensity: 0.95)
2025-09-12 19:31:14,049 - attack_logger - DEBUG - [syn_flood] [Run ID: 81e583e5-344d-46a1-b2b4-82a7c3dcf293] Process stats - CPU: 0.0%, Memory: 60.0MB
2025-09-12 19:31:14,049 - attack_logger - DEBUG - [syn_flood] [Run ID: 81e583e5-344d-46a1-b2b4-82a7c3dcf293] Timing factors - Circadian: 0.60, Workday: 0.60, Adjusted rate: 9.3 pps
2025-09-12 19:31:15,060 - attack_logger - INFO - [syn_flood] [Run ID: 81e583e5-344d-46a1-b2b4-82a7c3dcf293] Attack progress: 7.3s elapsed, ~64 packets sent, Rate: 8.7 pps, Phase: active (intensity: 0.95)
2025-09-12 19:31:15,060 - attack_logger - DEBUG - [syn_flood] [Run ID: 81e583e5-344d-46a1-b2b4-82a7c3dcf293] Process stats - CPU: 0.0%, Memory: 60.0MB
2025-09-12 19:31:15,060 - attack_logger - DEBUG - [syn_flood] [Run ID: 81e583e5-344d-46a1-b2b4-82a7c3dcf293] Timing factors - Circadian: 0.60, Workday: 0.60, Adjusted rate: 8.9 pps
2025-09-12 19:31:15,792 - attack_logger - DEBUG - [syn_flood] [Run ID: 81e583e5-344d-46a1-b2b4-82a7c3dcf293] Sent SIGINT to SYN flood process 25455
2025-09-12 19:31:16,295 - attack_logger - INFO - [syn_flood] [Run ID: 81e583e5-344d-46a1-b2b4-82a7c3dcf293] Enhanced SYN Flood from h1 to 192.168.30.10 finished.
2025-09-12 19:31:16,296 - attack_logger - INFO - [syn_flood] [Run ID: 81e583e5-344d-46a1-b2b4-82a7c3dcf293] Attack completed. Total packets sent = 81, Average rate = 10.05 packets/sec.
2025-09-12 19:31:16,296 - attack_logger - INFO - [syn_flood] [Run ID: 81e583e5-344d-46a1-b2b4-82a7c3dcf293] --- Enhanced Attack Summary ---
2025-09-12 19:31:16,296 - attack_logger - INFO - [syn_flood] [Run ID: 81e583e5-344d-46a1-b2b4-82a7c3dcf293] Total packets sent: 81
2025-09-12 19:31:16,296 - attack_logger - INFO - [syn_flood] [Run ID: 81e583e5-344d-46a1-b2b4-82a7c3dcf293] Actual duration: 8.06s
2025-09-12 19:31:16,296 - attack_logger - INFO - [syn_flood] [Run ID: 81e583e5-344d-46a1-b2b4-82a7c3dcf293] Average rate: 10.05 packets/sec
2025-09-12 19:31:16,296 - attack_logger - INFO - [syn_flood] [Run ID: 81e583e5-344d-46a1-b2b4-82a7c3dcf293] Base rate: 28.1 pps
2025-09-12 19:31:16,296 - attack_logger - INFO - [syn_flood] [Run ID: 81e583e5-344d-46a1-b2b4-82a7c3dcf293] Circadian factor: 0.60
2025-09-12 19:31:16,296 - attack_logger - INFO - [syn_flood] [Run ID: 81e583e5-344d-46a1-b2b4-82a7c3dcf293] Workday factor: 0.60
2025-09-12 19:31:16,296 - attack_logger - INFO - [syn_flood] [Run ID: 81e583e5-344d-46a1-b2b4-82a7c3dcf293] Session phases: 1
2025-09-12 19:31:16,296 - attack_logger - INFO - [syn_flood] [Run ID: 81e583e5-344d-46a1-b2b4-82a7c3dcf293] Target port: 80
2025-09-12 19:31:16,296 - attack_logger - INFO - [syn_flood] [Run ID: 81e583e5-344d-46a1-b2b4-82a7c3dcf293] Attack method: Enhanced SYN Flood with Human-like Timing
2025-09-12 19:31:16,296 - attack_logger - INFO - [syn_flood] [Run ID: 81e583e5-344d-46a1-b2b4-82a7c3dcf293] Enhancement features: Human timing patterns, protocol compliance, network delay simulation
2025-09-12 19:31:16,296 - attack_logger - INFO - [syn_flood] [Run ID: 81e583e5-344d-46a1-b2b4-82a7c3dcf293] TCP options: MSS, WScale, Timestamp, SAckOK
2025-09-12 19:31:16,296 - attack_logger - INFO - [syn_flood] [Run ID: 81e583e5-344d-46a1-b2b4-82a7c3dcf293] ----------------------------------------
2025-09-12 19:31:16,367 - attack_logger - INFO - Attack: Enhanced SYN Flood completed.
2025-09-12 19:31:16,367 - attack_logger - INFO - Attack: Enhanced UDP Flood (22s) | h1 -> h6
2025-09-12 19:31:18,885 - attack_logger - INFO - [udp_flood] [Run ID: 84fe7794-8d44-4e4b-a1d5-57ae2cc32786] Starting Enhanced UDP Flood from h1 to 192.168.30.10 for 22 seconds.
2025-09-12 19:31:18,885 - attack_logger - INFO - [udp_flood] [Run ID: 84fe7794-8d44-4e4b-a1d5-57ae2cc32786] Attack Phase: Enhanced Traditional UDP Flood - Attacker: h1, Target: 192.168.30.10:53, Duration: 22s
2025-09-12 19:31:18,886 - attack_logger - INFO - [udp_flood] [Run ID: 84fe7794-8d44-4e4b-a1d5-57ae2cc32786] Enhanced Features: Human-like timing, protocol compliance, network delay simulation
2025-09-12 19:31:18,886 - attack_logger - INFO - [udp_flood] [Run ID: 84fe7794-8d44-4e4b-a1d5-57ae2cc32786] Stress phase: 6s, Advanced phase: 16s
2025-09-12 19:31:25,475 - attack_logger - INFO - [udp_flood] [Run ID: 84fe7794-8d44-4e4b-a1d5-57ae2cc32786] Stress phase completed
2025-09-12 19:31:25,475 - attack_logger - INFO - [udp_flood] [Run ID: 84fe7794-8d44-4e4b-a1d5-57ae2cc32786] Session pattern: 1 phases, Circadian factor: 0.60, Workday factor: 0.60
2025-09-12 19:31:25,475 - attack_logger - DEBUG - [udp_flood] [Run ID: 84fe7794-8d44-4e4b-a1d5-57ae2cc32786] Starting enhanced UDP packet generation with human-like timing
2025-09-12 19:31:25,482 - attack_logger - INFO - [udp_flood] [Run ID: 84fe7794-8d44-4e4b-a1d5-57ae2cc32786] Enhanced UDP flood process started (PID: 25465)
2025-09-12 19:31:28,548 - attack_logger - INFO - [udp_flood] [Run ID: 84fe7794-8d44-4e4b-a1d5-57ae2cc32786] Attack progress: 3.1s elapsed, ~28 packets sent, Rate: 9.1 pps, Phase: active (intensity: 0.97)
2025-09-12 19:31:28,548 - attack_logger - DEBUG - [udp_flood] [Run ID: 84fe7794-8d44-4e4b-a1d5-57ae2cc32786] Process stats - CPU: 0.0%, Memory: 60.5MB
2025-09-12 19:31:28,548 - attack_logger - DEBUG - [udp_flood] [Run ID: 84fe7794-8d44-4e4b-a1d5-57ae2cc32786] Timing factors - Circadian: 0.60, Workday: 0.60, Adjusted rate: 9.2 pps
2025-09-12 19:31:31,624 - attack_logger - INFO - [udp_flood] [Run ID: 84fe7794-8d44-4e4b-a1d5-57ae2cc32786] Attack progress: 6.1s elapsed, ~48 packets sent, Rate: 7.8 pps, Phase: active (intensity: 0.97)
2025-09-12 19:31:31,624 - attack_logger - DEBUG - [udp_flood] [Run ID: 84fe7794-8d44-4e4b-a1d5-57ae2cc32786] Process stats - CPU: 0.0%, Memory: 60.5MB
2025-09-12 19:31:31,624 - attack_logger - DEBUG - [udp_flood] [Run ID: 84fe7794-8d44-4e4b-a1d5-57ae2cc32786] Timing factors - Circadian: 0.60, Workday: 0.60, Adjusted rate: 7.9 pps
2025-09-12 19:31:34,665 - attack_logger - INFO - [udp_flood] [Run ID: 84fe7794-8d44-4e4b-a1d5-57ae2cc32786] Attack progress: 9.2s elapsed, ~63 packets sent, Rate: 6.9 pps, Phase: active (intensity: 0.97)
2025-09-12 19:31:34,666 - attack_logger - DEBUG - [udp_flood] [Run ID: 84fe7794-8d44-4e4b-a1d5-57ae2cc32786] Process stats - CPU: 0.0%, Memory: 60.5MB
2025-09-12 19:31:34,666 - attack_logger - DEBUG - [udp_flood] [Run ID: 84fe7794-8d44-4e4b-a1d5-57ae2cc32786] Timing factors - Circadian: 0.60, Workday: 0.60, Adjusted rate: 7.0 pps
2025-09-12 19:31:37,739 - attack_logger - INFO - [udp_flood] [Run ID: 84fe7794-8d44-4e4b-a1d5-57ae2cc32786] Attack progress: 12.3s elapsed, ~116 packets sent, Rate: 9.5 pps, Phase: active (intensity: 0.97)
2025-09-12 19:31:37,740 - attack_logger - DEBUG - [udp_flood] [Run ID: 84fe7794-8d44-4e4b-a1d5-57ae2cc32786] Process stats - CPU: 0.0%, Memory: 60.5MB
2025-09-12 19:31:37,740 - attack_logger - DEBUG - [udp_flood] [Run ID: 84fe7794-8d44-4e4b-a1d5-57ae2cc32786] Timing factors - Circadian: 0.60, Workday: 0.60, Adjusted rate: 9.5 pps
2025-09-12 19:31:40,763 - attack_logger - INFO - [udp_flood] [Run ID: 84fe7794-8d44-4e4b-a1d5-57ae2cc32786] Attack progress: 15.3s elapsed, ~152 packets sent, Rate: 9.9 pps, Phase: active (intensity: 0.97)
2025-09-12 19:31:40,763 - attack_logger - DEBUG - [udp_flood] [Run ID: 84fe7794-8d44-4e4b-a1d5-57ae2cc32786] Process stats - CPU: 0.0%, Memory: 60.7MB
2025-09-12 19:31:40,763 - attack_logger - DEBUG - [udp_flood] [Run ID: 84fe7794-8d44-4e4b-a1d5-57ae2cc32786] Timing factors - Circadian: 0.60, Workday: 0.60, Adjusted rate: 10.0 pps
2025-09-12 19:31:41,496 - attack_logger - DEBUG - [udp_flood] [Run ID: 84fe7794-8d44-4e4b-a1d5-57ae2cc32786] Sent SIGINT to UDP flood process 25465
2025-09-12 19:31:42,001 - attack_logger - INFO - [udp_flood] [Run ID: 84fe7794-8d44-4e4b-a1d5-57ae2cc32786] Enhanced UDP Flood from h1 to 192.168.30.10 finished.
2025-09-12 19:31:42,002 - attack_logger - INFO - [udp_flood] [Run ID: 84fe7794-8d44-4e4b-a1d5-57ae2cc32786] Attack completed. Total packets sent = 133, Average rate = 8.30 packets/sec.
2025-09-12 19:31:42,002 - attack_logger - INFO - [udp_flood] [Run ID: 84fe7794-8d44-4e4b-a1d5-57ae2cc32786] --- Enhanced Attack Summary ---
2025-09-12 19:31:42,002 - attack_logger - INFO - [udp_flood] [Run ID: 84fe7794-8d44-4e4b-a1d5-57ae2cc32786] Total packets sent: 133
2025-09-12 19:31:42,002 - attack_logger - INFO - [udp_flood] [Run ID: 84fe7794-8d44-4e4b-a1d5-57ae2cc32786] Actual duration: 16.02s
2025-09-12 19:31:42,002 - attack_logger - INFO - [udp_flood] [Run ID: 84fe7794-8d44-4e4b-a1d5-57ae2cc32786] Average rate: 8.30 packets/sec
2025-09-12 19:31:42,002 - attack_logger - INFO - [udp_flood] [Run ID: 84fe7794-8d44-4e4b-a1d5-57ae2cc32786] Base rate: 23.2 pps
2025-09-12 19:31:42,002 - attack_logger - INFO - [udp_flood] [Run ID: 84fe7794-8d44-4e4b-a1d5-57ae2cc32786] Circadian factor: 0.60
2025-09-12 19:31:42,002 - attack_logger - INFO - [udp_flood] [Run ID: 84fe7794-8d44-4e4b-a1d5-57ae2cc32786] Workday factor: 0.60
2025-09-12 19:31:42,002 - attack_logger - INFO - [udp_flood] [Run ID: 84fe7794-8d44-4e4b-a1d5-57ae2cc32786] Session phases: 1
2025-09-12 19:31:42,002 - attack_logger - INFO - [udp_flood] [Run ID: 84fe7794-8d44-4e4b-a1d5-57ae2cc32786] Target port: 53 (DNS)
2025-09-12 19:31:42,002 - attack_logger - INFO - [udp_flood] [Run ID: 84fe7794-8d44-4e4b-a1d5-57ae2cc32786] Attack method: Enhanced UDP Flood with Human-like Timing
2025-09-12 19:31:42,002 - attack_logger - INFO - [udp_flood] [Run ID: 84fe7794-8d44-4e4b-a1d5-57ae2cc32786] Enhancement features: Human timing patterns, protocol compliance, network delay simulation
2025-09-12 19:31:42,002 - attack_logger - INFO - [udp_flood] [Run ID: 84fe7794-8d44-4e4b-a1d5-57ae2cc32786] DNS payloads: Realistic query patterns with varied domains
2025-09-12 19:31:42,002 - attack_logger - INFO - [udp_flood] [Run ID: 84fe7794-8d44-4e4b-a1d5-57ae2cc32786] ----------------------------------------
2025-09-12 19:31:42,087 - attack_logger - INFO - Attack: Enhanced UDP Flood completed.
2025-09-12 19:31:42,087 - attack_logger - INFO - Attack: Enhanced ICMP Flood (11s) | h1 -> h4
2025-09-12 19:31:44,608 - attack_logger - INFO - [icmp_flood] [Run ID: 0b5be232-ade9-4bb1-8993-9a58b1685b00] Starting Enhanced ICMP Flood with RFC 1918 IP Rotation from h1 to 192.168.20.12 for 11 seconds.
2025-09-12 19:31:44,608 - attack_logger - INFO - [icmp_flood] [Run ID: 0b5be232-ade9-4bb1-8993-9a58b1685b00] Attack Phase: Enhanced Traditional ICMP Flood - Attacker: h1, Target: 192.168.20.12, Duration: 11s
2025-09-12 19:31:44,608 - attack_logger - INFO - [icmp_flood] [Run ID: 0b5be232-ade9-4bb1-8993-9a58b1685b00] Enhanced Features: RFC 1918 IP rotation, human-like timing, protocol compliance, network delay simulation
2025-09-12 19:31:44,608 - attack_logger - INFO - [icmp_flood] [Run ID: 0b5be232-ade9-4bb1-8993-9a58b1685b00] IP Pool Size: 50 source IPs from RFC 1918 ranges (10.0.0.0/8, 172.16.0.0/12, 192.168.0.0/16)
2025-09-12 19:31:44,608 - attack_logger - INFO - [icmp_flood] [Run ID: 0b5be232-ade9-4bb1-8993-9a58b1685b00] Stress phase total: 3s (host: 1s, gateway: 2s), Advanced phase: 8s
2025-09-12 19:31:46,202 - attack_logger - INFO - [icmp_flood] [Run ID: 0b5be232-ade9-4bb1-8993-9a58b1685b00] Host stress sub-phase completed
2025-09-12 19:31:48,818 - attack_logger - INFO - [icmp_flood] [Run ID: 0b5be232-ade9-4bb1-8993-9a58b1685b00] Gateway stress sub-phase completed
2025-09-12 19:31:48,819 - attack_logger - INFO - [icmp_flood] [Run ID: 0b5be232-ade9-4bb1-8993-9a58b1685b00] Session pattern: 2 phases, Circadian factor: 0.60, Workday factor: 0.60
2025-09-12 19:31:48,819 - attack_logger - DEBUG - [icmp_flood] [Run ID: 0b5be232-ade9-4bb1-8993-9a58b1685b00] Starting enhanced ICMP packet generation with IP rotation and human-like timing
2025-09-12 19:31:48,826 - attack_logger - INFO - [icmp_flood] [Run ID: 0b5be232-ade9-4bb1-8993-9a58b1685b00] Enhanced ICMP flood with IP rotation process started (PID: 25478)
2025-09-12 19:31:49,830 - attack_logger - INFO - [icmp_flood] [Run ID: 0b5be232-ade9-4bb1-8993-9a58b1685b00] Attack progress: 1.0s elapsed, ~1 packets sent, Rate: 1.0 pps, IP rotations: ~0, Phase: break (intensity: 0.16)
2025-09-12 19:31:49,830 - attack_logger - DEBUG - [icmp_flood] [Run ID: 0b5be232-ade9-4bb1-8993-9a58b1685b00] Process stats - CPU: 0.0%, Memory: 60.2MB
2025-09-12 19:31:49,830 - attack_logger - DEBUG - [icmp_flood] [Run ID: 0b5be232-ade9-4bb1-8993-9a58b1685b00] Timing factors - Circadian: 0.60, Workday: 0.60, Adjusted rate: 1.7 pps
2025-09-12 19:31:50,883 - attack_logger - INFO - [icmp_flood] [Run ID: 0b5be232-ade9-4bb1-8993-9a58b1685b00] Attack progress: 2.1s elapsed, ~2 packets sent, Rate: 1.0 pps, IP rotations: ~0, Phase: break (intensity: 0.16)
2025-09-12 19:31:50,883 - attack_logger - DEBUG - [icmp_flood] [Run ID: 0b5be232-ade9-4bb1-8993-9a58b1685b00] Process stats - CPU: 0.0%, Memory: 60.2MB
2025-09-12 19:31:50,883 - attack_logger - DEBUG - [icmp_flood] [Run ID: 0b5be232-ade9-4bb1-8993-9a58b1685b00] Timing factors - Circadian: 0.60, Workday: 0.60, Adjusted rate: 1.1 pps
2025-09-12 19:31:51,886 - attack_logger - INFO - [icmp_flood] [Run ID: 0b5be232-ade9-4bb1-8993-9a58b1685b00] Attack progress: 3.1s elapsed, ~3 packets sent, Rate: 1.0 pps, IP rotations: ~0, Phase: break (intensity: 0.16)
2025-09-12 19:31:51,886 - attack_logger - DEBUG - [icmp_flood] [Run ID: 0b5be232-ade9-4bb1-8993-9a58b1685b00] Process stats - CPU: 0.0%, Memory: 60.4MB
2025-09-12 19:31:51,886 - attack_logger - DEBUG - [icmp_flood] [Run ID: 0b5be232-ade9-4bb1-8993-9a58b1685b00] Timing factors - Circadian: 0.60, Workday: 0.60, Adjusted rate: 1.2 pps
2025-09-12 19:31:52,905 - attack_logger - INFO - [icmp_flood] [Run ID: 0b5be232-ade9-4bb1-8993-9a58b1685b00] Attack progress: 4.1s elapsed, ~5 packets sent, Rate: 1.2 pps, IP rotations: ~0, Phase: break (intensity: 0.16)
2025-09-12 19:31:52,905 - attack_logger - DEBUG - [icmp_flood] [Run ID: 0b5be232-ade9-4bb1-8993-9a58b1685b00] Process stats - CPU: 0.0%, Memory: 60.4MB
2025-09-12 19:31:52,905 - attack_logger - DEBUG - [icmp_flood] [Run ID: 0b5be232-ade9-4bb1-8993-9a58b1685b00] Timing factors - Circadian: 0.60, Workday: 0.60, Adjusted rate: 1.3 pps
2025-09-12 19:31:53,922 - attack_logger - INFO - [icmp_flood] [Run ID: 0b5be232-ade9-4bb1-8993-9a58b1685b00] Attack progress: 5.1s elapsed, ~5 packets sent, Rate: 1.0 pps, IP rotations: ~0, Phase: break (intensity: 0.16)
2025-09-12 19:31:53,923 - attack_logger - DEBUG - [icmp_flood] [Run ID: 0b5be232-ade9-4bb1-8993-9a58b1685b00] Process stats - CPU: 0.0%, Memory: 60.4MB
2025-09-12 19:31:53,923 - attack_logger - DEBUG - [icmp_flood] [Run ID: 0b5be232-ade9-4bb1-8993-9a58b1685b00] Timing factors - Circadian: 0.60, Workday: 0.60, Adjusted rate: 1.2 pps
2025-09-12 19:31:54,982 - attack_logger - INFO - [icmp_flood] [Run ID: 0b5be232-ade9-4bb1-8993-9a58b1685b00] Attack progress: 6.2s elapsed, ~10 packets sent, Rate: 1.6 pps, IP rotations: ~0, Phase: break (intensity: 0.16)
2025-09-12 19:31:54,982 - attack_logger - DEBUG - [icmp_flood] [Run ID: 0b5be232-ade9-4bb1-8993-9a58b1685b00] Process stats - CPU: 0.0%, Memory: 60.4MB
2025-09-12 19:31:54,983 - attack_logger - DEBUG - [icmp_flood] [Run ID: 0b5be232-ade9-4bb1-8993-9a58b1685b00] Timing factors - Circadian: 0.60, Workday: 0.60, Adjusted rate: 1.7 pps
2025-09-12 19:31:55,478 - attack_logger - DEBUG - [icmp_flood] [Run ID: 0b5be232-ade9-4bb1-8993-9a58b1685b00] Entering active phase (intensity: 0.76)
2025-09-12 19:31:56,075 - attack_logger - INFO - [icmp_flood] [Run ID: 0b5be232-ade9-4bb1-8993-9a58b1685b00] Attack progress: 7.3s elapsed, ~51 packets sent, Rate: 7.0 pps, IP rotations: ~3, Phase: active (intensity: 0.76)
2025-09-12 19:31:56,075 - attack_logger - DEBUG - [icmp_flood] [Run ID: 0b5be232-ade9-4bb1-8993-9a58b1685b00] Process stats - CPU: 0.0%, Memory: 60.4MB
2025-09-12 19:31:56,076 - attack_logger - DEBUG - [icmp_flood] [Run ID: 0b5be232-ade9-4bb1-8993-9a58b1685b00] Timing factors - Circadian: 0.60, Workday: 0.60, Adjusted rate: 7.2 pps
2025-09-12 19:31:56,894 - attack_logger - DEBUG - [icmp_flood] [Run ID: 0b5be232-ade9-4bb1-8993-9a58b1685b00] Sent SIGINT to ICMP flood process 25478
2025-09-12 19:31:57,395 - attack_logger - INFO - [icmp_flood] [Run ID: 0b5be232-ade9-4bb1-8993-9a58b1685b00] Enhanced ICMP Flood with RFC 1918 IP Rotation from h1 to 192.168.20.12 finished.
2025-09-12 19:31:57,395 - attack_logger - INFO - [icmp_flood] [Run ID: 0b5be232-ade9-4bb1-8993-9a58b1685b00] Attack completed. Total packets sent = 72, Average rate = 8.92 packets/sec.
2025-09-12 19:31:57,395 - attack_logger - INFO - [icmp_flood] [Run ID: 0b5be232-ade9-4bb1-8993-9a58b1685b00] --- Enhanced Attack Summary ---
2025-09-12 19:31:57,395 - attack_logger - INFO - [icmp_flood] [Run ID: 0b5be232-ade9-4bb1-8993-9a58b1685b00] Total packets sent: 72
2025-09-12 19:31:57,395 - attack_logger - INFO - [icmp_flood] [Run ID: 0b5be232-ade9-4bb1-8993-9a58b1685b00] Total IP rotations: ~4
2025-09-12 19:31:57,395 - attack_logger - INFO - [icmp_flood] [Run ID: 0b5be232-ade9-4bb1-8993-9a58b1685b00] RFC 1918 IP pool size: 50
2025-09-12 19:31:57,395 - attack_logger - INFO - [icmp_flood] [Run ID: 0b5be232-ade9-4bb1-8993-9a58b1685b00] IP ranges used: 10.0.0.0/8, 172.16.0.0/12, 192.168.0.0/16
2025-09-12 19:31:57,395 - attack_logger - INFO - [icmp_flood] [Run ID: 0b5be232-ade9-4bb1-8993-9a58b1685b00] Actual duration: 8.08s
2025-09-12 19:31:57,395 - attack_logger - INFO - [icmp_flood] [Run ID: 0b5be232-ade9-4bb1-8993-9a58b1685b00] Average rate: 8.92 packets/sec
2025-09-12 19:31:57,395 - attack_logger - INFO - [icmp_flood] [Run ID: 0b5be232-ade9-4bb1-8993-9a58b1685b00] Base rate: 25.0 pps
2025-09-12 19:31:57,395 - attack_logger - INFO - [icmp_flood] [Run ID: 0b5be232-ade9-4bb1-8993-9a58b1685b00] Circadian factor: 0.60
2025-09-12 19:31:57,395 - attack_logger - INFO - [icmp_flood] [Run ID: 0b5be232-ade9-4bb1-8993-9a58b1685b00] Workday factor: 0.60
2025-09-12 19:31:57,395 - attack_logger - INFO - [icmp_flood] [Run ID: 0b5be232-ade9-4bb1-8993-9a58b1685b00] Session phases: 2
2025-09-12 19:31:57,395 - attack_logger - INFO - [icmp_flood] [Run ID: 0b5be232-ade9-4bb1-8993-9a58b1685b00] ICMP type: Echo Request (8) with ID/Seq variations
2025-09-12 19:31:57,395 - attack_logger - INFO - [icmp_flood] [Run ID: 0b5be232-ade9-4bb1-8993-9a58b1685b00] Attack method: Enhanced ICMP Flood with RFC 1918 IP Rotation
2025-09-12 19:31:57,395 - attack_logger - INFO - [icmp_flood] [Run ID: 0b5be232-ade9-4bb1-8993-9a58b1685b00] Enhancement features: RFC 1918 IP rotation, human timing patterns, protocol compliance, network delay simulation
2025-09-12 19:31:57,395 - attack_logger - INFO - [icmp_flood] [Run ID: 0b5be232-ade9-4bb1-8993-9a58b1685b00] ----------------------------------------
2025-09-12 19:31:57,434 - attack_logger - INFO - Attack: Enhanced ICMP Flood completed.
2025-09-12 19:31:57,946 - attack_logger - INFO - Attack: ENHANCED Adversarial TCP State Exhaustion (8s) | h1 -> h6
2025-09-12 19:32:09,171 - attack_logger - INFO - Attack: ENHANCED Adversarial Application Layer (3s) | h1 -> h6
2025-09-12 19:32:15,452 - attack_logger - INFO - Attack: ENHANCED Adversarial Slow Read (9s) | h1 -> h6
2025-09-12 19:32:27,728 - attack_logger - INFO - Attack: ENHANCED Adversarial Slow Read completed.
