2025-09-12 19:27:39 - [BENIGN] - INFO - Starting benign traffic for 200 seconds...
2025-09-12 19:27:39 - [BENIGN] - INFO - Protocol separation: h2↔h5 (ICMP), h3↔h5 (TCP/UDP)
2025-09-12 19:27:39 - [BENIGN] - DEBUG - Generated ICMP traffic h2↔h5 0 [len=84B]
2025-09-12 19:27:40 - [BENIGN] - DEBUG - Generated TCP SYN from h3:56015 -> h5:12345 [len=54B]
2025-09-12 19:27:40 - [BENIGN] - DEBUG - Generated TCP SYN-ACK from h5:12345 <- h3:56015 [len=54B]
2025-09-12 19:27:41 - [BENIGN] - DEBUG - Generated TCP ACK from h3:56015 -> h5:12345 [len=54B]
2025-09-12 19:27:42 - [BENIGN] - DEBUG - Generated TCP data traffic from h3:56015 -> h5:12345 [content='TCP data'] [Session 1] [len=1385B]
2025-09-12 19:27:42 - [BENIGN] - DEBUG - Generated TCP ACK reply from h5:12345 <- h3:56015 [len=54B]
2025-09-12 19:27:43 - [BENIGN] - DEBUG - Generated UDP traffic from h3:55389 -> h5:12346 [content='23eca7abb70a34adce10458ff254424881b10ad8...'] [Session 2] [len=547B]
2025-09-12 19:27:44 - [BENIGN] - DEBUG - Generated Telnet SYN from h3:22415 -> h5:23 [len=54B]
2025-09-12 19:27:44 - [BENIGN] - DEBUG - Generated Telnet SYN-ACK from h5:23 <- h3:22415 [len=54B]
2025-09-12 19:27:45 - [BENIGN] - DEBUG - Generated Telnet ACK from h3:22415 -> h5:23 [len=54B]
2025-09-12 19:27:46 - [BENIGN] - DEBUG - Generated Telnet data traffic from h3:22415 -> h5:23 [content='Telnet command'] [Session 3] [len=278B]
2025-09-12 19:27:46 - [BENIGN] - DEBUG - Generated Telnet ACK reply from h5:23 <- h3:22415 [len=54B]
2025-09-12 19:27:47 - [BENIGN] - DEBUG - Generated SSH SYN from h3:27783 -> h5:22 [len=54B]
2025-09-12 19:27:47 - [BENIGN] - DEBUG - Generated SSH SYN-ACK from h5:22 <- h3:27783 [len=54B]
2025-09-12 19:27:48 - [BENIGN] - DEBUG - Generated SSH ACK from h3:27783 -> h5:22 [len=54B]
2025-09-12 19:27:49 - [BENIGN] - DEBUG - Generated SSH data traffic from h3:27783 -> h5:22 [content='SSH encrypted data'] [Session 4] [len=1106B]
2025-09-12 19:27:49 - [BENIGN] - DEBUG - Generated SSH ACK reply from h5:22 <- h3:27783 [len=54B]
2025-09-12 19:27:50 - [BENIGN] - DEBUG - Generated FTP SYN from h3:57934 -> h5:21 [len=54B]
2025-09-12 19:27:51 - [BENIGN] - DEBUG - Generated FTP SYN-ACK from h5:21 <- h3:57934 [len=54B]
2025-09-12 19:27:51 - [BENIGN] - DEBUG - Generated FTP ACK from h3:57934 -> h5:21 [len=54B]
2025-09-12 19:27:52 - [BENIGN] - DEBUG - Generated FTP data traffic from h3:57934 -> h5:21 [content='FTP file transfer'] [Session 5] [len=1286B]
2025-09-12 19:27:53 - [BENIGN] - DEBUG - Generated FTP ACK reply from h5:21 <- h3:57934 [len=54B]
2025-09-12 19:27:53 - [BENIGN] - DEBUG - Generated HTTP SYN from h3:60759 -> h5:80 [len=54B]
2025-09-12 19:27:54 - [BENIGN] - DEBUG - Generated HTTP SYN-ACK from h5:80 <- h3:60759 [len=54B]
2025-09-12 19:27:55 - [BENIGN] - DEBUG - Generated HTTP ACK from h3:60759 -> h5:80 [len=54B]
2025-09-12 19:27:55 - [BENIGN] - DEBUG - Generated HTTP data traffic from h3:60759 -> h5:80 [content='GET /index.html HTTP/1.1'] [Session 6] [len=407B]
2025-09-12 19:27:56 - [BENIGN] - DEBUG - Generated HTTP ACK reply from h5:80 <- h3:60759 [len=54B]
2025-09-12 19:27:56 - [BENIGN] - DEBUG - Generated HTTPS SYN from h3:19116 -> h5:443 [len=54B]
2025-09-12 19:27:57 - [BENIGN] - DEBUG - Generated HTTPS SYN-ACK from h5:443 <- h3:19116 [len=54B]
2025-09-12 19:27:58 - [BENIGN] - DEBUG - Generated HTTPS ACK from h3:19116 -> h5:443 [len=54B]
2025-09-12 19:27:58 - [BENIGN] - DEBUG - Generated HTTPS data traffic from h3:19116 -> h5:443 [content='Encrypted Application Data'] [Session 7] [len=635B]
2025-09-12 19:27:59 - [BENIGN] - DEBUG - Generated HTTPS ACK reply from h5:443 <- h3:19116 [len=54B]
2025-09-12 19:28:00 - [BENIGN] - DEBUG - Generated DNS query from h3:50183 -> h5:53 [qname='example.com'] [Session 8] [len=71B]
2025-09-12 19:28:00 - [BENIGN] - DEBUG - Generated ICMP traffic h2↔h5 1 [len=84B]
2025-09-12 19:28:00 - [BENIGN] - DEBUG - Generated TCP SYN from h3:59354 -> h5:12345 [len=54B]
2025-09-12 19:28:01 - [BENIGN] - DEBUG - Generated TCP SYN-ACK from h5:12345 <- h3:59354 [len=54B]
2025-09-12 19:28:02 - [BENIGN] - DEBUG - Generated TCP ACK from h3:59354 -> h5:12345 [len=54B]
2025-09-12 19:28:02 - [BENIGN] - DEBUG - Generated TCP data traffic from h3:59354 -> h5:12345 [content='TCP data'] [Session 9] [len=1045B]
2025-09-12 19:28:03 - [BENIGN] - DEBUG - Generated TCP ACK reply from h5:12345 <- h3:59354 [len=54B]
2025-09-12 19:28:03 - [BENIGN] - DEBUG - Generated UDP traffic from h3:2005 -> h5:12346 [content='e082d4bd14f9696ca5e9373c3e33935a5d9051a1...'] [Session 10] [len=135B]
2025-09-12 19:28:04 - [BENIGN] - DEBUG - Generated Telnet SYN from h3:8510 -> h5:23 [len=54B]
2025-09-12 19:28:05 - [BENIGN] - DEBUG - Generated Telnet SYN-ACK from h5:23 <- h3:8510 [len=54B]
2025-09-12 19:28:05 - [BENIGN] - DEBUG - Generated Telnet ACK from h3:8510 -> h5:23 [len=54B]
2025-09-12 19:28:06 - [BENIGN] - DEBUG - Generated Telnet data traffic from h3:8510 -> h5:23 [content='Telnet command'] [Session 11] [len=1489B]
2025-09-12 19:28:06 - [BENIGN] - DEBUG - Generated Telnet ACK reply from h5:23 <- h3:8510 [len=54B]
2025-09-12 19:28:07 - [BENIGN] - DEBUG - Generated SSH SYN from h3:31820 -> h5:22 [len=54B]
2025-09-12 19:28:08 - [BENIGN] - DEBUG - Generated SSH SYN-ACK from h5:22 <- h3:31820 [len=54B]
2025-09-12 19:28:08 - [BENIGN] - DEBUG - Generated SSH ACK from h3:31820 -> h5:22 [len=54B]
2025-09-12 19:28:09 - [BENIGN] - DEBUG - Generated SSH data traffic from h3:31820 -> h5:22 [content='SSH encrypted data'] [Session 12] [len=198B]
2025-09-12 19:28:10 - [BENIGN] - DEBUG - Generated SSH ACK reply from h5:22 <- h3:31820 [len=54B]
2025-09-12 19:28:10 - [BENIGN] - DEBUG - Generated FTP SYN from h3:36637 -> h5:21 [len=54B]
2025-09-12 19:28:11 - [BENIGN] - DEBUG - Generated FTP SYN-ACK from h5:21 <- h3:36637 [len=54B]
2025-09-12 19:28:11 - [BENIGN] - DEBUG - Generated FTP ACK from h3:36637 -> h5:21 [len=54B]
2025-09-12 19:28:12 - [BENIGN] - DEBUG - Generated FTP data traffic from h3:36637 -> h5:21 [content='FTP file transfer'] [Session 13] [len=1338B]
2025-09-12 19:28:13 - [BENIGN] - DEBUG - Generated FTP ACK reply from h5:21 <- h3:36637 [len=54B]
2025-09-12 19:28:13 - [BENIGN] - DEBUG - Generated HTTP SYN from h3:39207 -> h5:80 [len=54B]
2025-09-12 19:28:14 - [BENIGN] - DEBUG - Generated HTTP SYN-ACK from h5:80 <- h3:39207 [len=54B]
2025-09-12 19:28:14 - [BENIGN] - DEBUG - Generated HTTP ACK from h3:39207 -> h5:80 [len=54B]
2025-09-12 19:28:15 - [BENIGN] - DEBUG - Generated HTTP data traffic from h3:39207 -> h5:80 [content='GET /index.html HTTP/1.1'] [Session 14] [len=282B]
2025-09-12 19:28:16 - [BENIGN] - DEBUG - Generated HTTP ACK reply from h5:80 <- h3:39207 [len=54B]
2025-09-12 19:28:16 - [BENIGN] - DEBUG - Generated HTTPS SYN from h3:43542 -> h5:443 [len=54B]
2025-09-12 19:28:17 - [BENIGN] - DEBUG - Generated HTTPS SYN-ACK from h5:443 <- h3:43542 [len=54B]
2025-09-12 19:28:18 - [BENIGN] - DEBUG - Generated HTTPS ACK from h3:43542 -> h5:443 [len=54B]
2025-09-12 19:28:18 - [BENIGN] - DEBUG - Generated HTTPS data traffic from h3:43542 -> h5:443 [content='Encrypted Application Data'] [Session 15] [len=246B]
2025-09-12 19:28:19 - [BENIGN] - DEBUG - Generated HTTPS ACK reply from h5:443 <- h3:43542 [len=54B]
2025-09-12 19:28:19 - [BENIGN] - DEBUG - Generated DNS query from h3:18504 -> h5:53 [qname='example.com'] [Session 16] [len=71B]
2025-09-12 19:28:20 - [BENIGN] - DEBUG - Generated ICMP traffic h2↔h5 2 [len=84B]
2025-09-12 19:28:20 - [BENIGN] - DEBUG - Generated TCP SYN from h3:14212 -> h5:12345 [len=54B]
2025-09-12 19:28:21 - [BENIGN] - DEBUG - Generated TCP SYN-ACK from h5:12345 <- h3:14212 [len=54B]
2025-09-12 19:28:21 - [BENIGN] - DEBUG - Generated TCP ACK from h3:14212 -> h5:12345 [len=54B]
2025-09-12 19:28:22 - [BENIGN] - DEBUG - Generated TCP data traffic from h3:14212 -> h5:12345 [content='TCP data'] [Session 17] [len=1337B]
2025-09-12 19:28:23 - [BENIGN] - DEBUG - Generated TCP ACK reply from h5:12345 <- h3:14212 [len=54B]
2025-09-12 19:28:23 - [BENIGN] - DEBUG - Generated UDP traffic from h3:15622 -> h5:12346 [content='96720a2bb93e9917f227b6c030562ebde22d8cfa...'] [Session 18] [len=276B]
2025-09-12 19:28:24 - [BENIGN] - DEBUG - Generated Telnet SYN from h3:56173 -> h5:23 [len=54B]
2025-09-12 19:28:25 - [BENIGN] - DEBUG - Generated Telnet SYN-ACK from h5:23 <- h3:56173 [len=54B]
2025-09-12 19:28:25 - [BENIGN] - DEBUG - Generated Telnet ACK from h3:56173 -> h5:23 [len=54B]
2025-09-12 19:28:26 - [BENIGN] - DEBUG - Generated Telnet data traffic from h3:56173 -> h5:23 [content='Telnet command'] [Session 19] [len=157B]
2025-09-12 19:28:26 - [BENIGN] - DEBUG - Generated Telnet ACK reply from h5:23 <- h3:56173 [len=54B]
2025-09-12 19:28:27 - [BENIGN] - DEBUG - Generated SSH SYN from h3:11872 -> h5:22 [len=54B]
2025-09-12 19:28:28 - [BENIGN] - DEBUG - Generated SSH SYN-ACK from h5:22 <- h3:11872 [len=54B]
2025-09-12 19:28:28 - [BENIGN] - DEBUG - Generated SSH ACK from h3:11872 -> h5:22 [len=54B]
2025-09-12 19:28:29 - [BENIGN] - DEBUG - Generated SSH data traffic from h3:11872 -> h5:22 [content='SSH encrypted data'] [Session 20] [len=474B]
2025-09-12 19:28:30 - [BENIGN] - DEBUG - Generated SSH ACK reply from h5:22 <- h3:11872 [len=54B]
2025-09-12 19:28:30 - [BENIGN] - DEBUG - Generated FTP SYN from h3:62663 -> h5:21 [len=54B]
2025-09-12 19:28:31 - [BENIGN] - DEBUG - Generated FTP SYN-ACK from h5:21 <- h3:62663 [len=54B]
2025-09-12 19:28:32 - [BENIGN] - DEBUG - Generated FTP ACK from h3:62663 -> h5:21 [len=54B]
2025-09-12 19:28:32 - [BENIGN] - DEBUG - Generated FTP data traffic from h3:62663 -> h5:21 [content='FTP file transfer'] [Session 21] [len=395B]
2025-09-12 19:28:33 - [BENIGN] - DEBUG - Generated FTP ACK reply from h5:21 <- h3:62663 [len=54B]
2025-09-12 19:28:33 - [BENIGN] - DEBUG - Generated HTTP SYN from h3:8178 -> h5:80 [len=54B]
2025-09-12 19:28:34 - [BENIGN] - DEBUG - Generated HTTP SYN-ACK from h5:80 <- h3:8178 [len=54B]
2025-09-12 19:28:35 - [BENIGN] - DEBUG - Generated HTTP ACK from h3:8178 -> h5:80 [len=54B]
2025-09-12 19:28:35 - [BENIGN] - DEBUG - Generated HTTP data traffic from h3:8178 -> h5:80 [content='GET /index.html HTTP/1.1'] [Session 22] [len=386B]
2025-09-12 19:28:36 - [BENIGN] - DEBUG - Generated HTTP ACK reply from h5:80 <- h3:8178 [len=54B]
2025-09-12 19:28:36 - [BENIGN] - DEBUG - Generated HTTPS SYN from h3:48923 -> h5:443 [len=54B]
2025-09-12 19:28:37 - [BENIGN] - DEBUG - Generated HTTPS SYN-ACK from h5:443 <- h3:48923 [len=54B]
2025-09-12 19:28:38 - [BENIGN] - DEBUG - Generated HTTPS ACK from h3:48923 -> h5:443 [len=54B]
2025-09-12 19:28:38 - [BENIGN] - DEBUG - Generated HTTPS data traffic from h3:48923 -> h5:443 [content='Encrypted Application Data'] [Session 23] [len=584B]
2025-09-12 19:28:39 - [BENIGN] - DEBUG - Generated HTTPS ACK reply from h5:443 <- h3:48923 [len=54B]
2025-09-12 19:28:40 - [BENIGN] - DEBUG - Generated DNS query from h3:7173 -> h5:53 [qname='example.com'] [Session 24] [len=71B]
2025-09-12 19:28:40 - [BENIGN] - DEBUG - Generated ICMP traffic h2↔h5 3 [len=84B]
2025-09-12 19:28:40 - [BENIGN] - DEBUG - Generated TCP SYN from h3:18919 -> h5:12345 [len=54B]
2025-09-12 19:28:41 - [BENIGN] - DEBUG - Generated TCP SYN-ACK from h5:12345 <- h3:18919 [len=54B]
2025-09-12 19:28:42 - [BENIGN] - DEBUG - Generated TCP ACK from h3:18919 -> h5:12345 [len=54B]
2025-09-12 19:28:42 - [BENIGN] - DEBUG - Generated TCP data traffic from h3:18919 -> h5:12345 [content='TCP data'] [Session 25] [len=904B]
2025-09-12 19:28:43 - [BENIGN] - DEBUG - Generated TCP ACK reply from h5:12345 <- h3:18919 [len=54B]
2025-09-12 19:28:43 - [BENIGN] - DEBUG - Generated UDP traffic from h3:18629 -> h5:12346 [content='620a5f24ff6a5cb88f0d51fb53ae9d6817ce408d...'] [Session 26] [len=222B]
2025-09-12 19:28:44 - [BENIGN] - DEBUG - Generated Telnet SYN from h3:24530 -> h5:23 [len=54B]
2025-09-12 19:28:45 - [BENIGN] - DEBUG - Generated Telnet SYN-ACK from h5:23 <- h3:24530 [len=54B]
2025-09-12 19:28:45 - [BENIGN] - DEBUG - Generated Telnet ACK from h3:24530 -> h5:23 [len=54B]
2025-09-12 19:28:46 - [BENIGN] - DEBUG - Generated Telnet data traffic from h3:24530 -> h5:23 [content='Telnet command'] [Session 27] [len=934B]
2025-09-12 19:28:47 - [BENIGN] - DEBUG - Generated Telnet ACK reply from h5:23 <- h3:24530 [len=54B]
2025-09-12 19:28:47 - [BENIGN] - DEBUG - Generated SSH SYN from h3:32070 -> h5:22 [len=54B]
2025-09-12 19:28:48 - [BENIGN] - DEBUG - Generated SSH SYN-ACK from h5:22 <- h3:32070 [len=54B]
2025-09-12 19:28:48 - [BENIGN] - DEBUG - Generated SSH ACK from h3:32070 -> h5:22 [len=54B]
2025-09-12 19:28:49 - [BENIGN] - DEBUG - Generated SSH data traffic from h3:32070 -> h5:22 [content='SSH encrypted data'] [Session 28] [len=1481B]
2025-09-12 19:28:50 - [BENIGN] - DEBUG - Generated SSH ACK reply from h5:22 <- h3:32070 [len=54B]
2025-09-12 19:28:50 - [BENIGN] - DEBUG - Generated FTP SYN from h3:4825 -> h5:21 [len=54B]
2025-09-12 19:28:51 - [BENIGN] - DEBUG - Generated FTP SYN-ACK from h5:21 <- h3:4825 [len=54B]
2025-09-12 19:28:52 - [BENIGN] - DEBUG - Generated FTP ACK from h3:4825 -> h5:21 [len=54B]
2025-09-12 19:28:52 - [BENIGN] - DEBUG - Generated FTP data traffic from h3:4825 -> h5:21 [content='FTP file transfer'] [Session 29] [len=1275B]
2025-09-12 19:28:53 - [BENIGN] - DEBUG - Generated FTP ACK reply from h5:21 <- h3:4825 [len=54B]
2025-09-12 19:28:54 - [BENIGN] - DEBUG - Generated HTTP SYN from h3:21839 -> h5:80 [len=54B]
2025-09-12 19:28:54 - [BENIGN] - DEBUG - Generated HTTP SYN-ACK from h5:80 <- h3:21839 [len=54B]
2025-09-12 19:28:55 - [BENIGN] - DEBUG - Generated HTTP ACK from h3:21839 -> h5:80 [len=54B]
2025-09-12 19:28:55 - [BENIGN] - DEBUG - Generated HTTP data traffic from h3:21839 -> h5:80 [content='GET /index.html HTTP/1.1'] [Session 30] [len=411B]
2025-09-12 19:28:56 - [BENIGN] - DEBUG - Generated HTTP ACK reply from h5:80 <- h3:21839 [len=54B]
2025-09-12 19:28:57 - [BENIGN] - DEBUG - Generated HTTPS SYN from h3:57482 -> h5:443 [len=54B]
2025-09-12 19:28:57 - [BENIGN] - DEBUG - Generated HTTPS SYN-ACK from h5:443 <- h3:57482 [len=54B]
2025-09-12 19:28:58 - [BENIGN] - DEBUG - Generated HTTPS ACK from h3:57482 -> h5:443 [len=54B]
2025-09-12 19:28:59 - [BENIGN] - DEBUG - Generated HTTPS data traffic from h3:57482 -> h5:443 [content='Encrypted Application Data'] [Session 31] [len=491B]
2025-09-12 19:28:59 - [BENIGN] - DEBUG - Generated HTTPS ACK reply from h5:443 <- h3:57482 [len=54B]
2025-09-12 19:29:00 - [BENIGN] - DEBUG - Generated DNS query from h3:55651 -> h5:53 [qname='example.com'] [Session 32] [len=71B]
2025-09-12 19:29:00 - [BENIGN] - DEBUG - Generated ICMP traffic h2↔h5 4 [len=84B]
2025-09-12 19:29:01 - [BENIGN] - DEBUG - Generated TCP SYN from h3:3855 -> h5:12345 [len=54B]
2025-09-12 19:29:01 - [BENIGN] - DEBUG - Generated TCP SYN-ACK from h5:12345 <- h3:3855 [len=54B]
2025-09-12 19:29:02 - [BENIGN] - DEBUG - Generated TCP ACK from h3:3855 -> h5:12345 [len=54B]
2025-09-12 19:29:02 - [BENIGN] - DEBUG - Generated TCP data traffic from h3:3855 -> h5:12345 [content='TCP data'] [Session 33] [len=367B]
2025-09-12 19:29:03 - [BENIGN] - DEBUG - Generated TCP ACK reply from h5:12345 <- h3:3855 [len=54B]
2025-09-12 19:29:04 - [BENIGN] - DEBUG - Generated UDP traffic from h3:34762 -> h5:12346 [content='d9489e056a678b15e49ebc5b3324b97e0fd0c279...'] [Session 34] [len=497B]
2025-09-12 19:29:04 - [BENIGN] - DEBUG - Generated Telnet SYN from h3:16054 -> h5:23 [len=54B]
2025-09-12 19:29:05 - [BENIGN] - DEBUG - Generated Telnet SYN-ACK from h5:23 <- h3:16054 [len=54B]
2025-09-12 19:29:06 - [BENIGN] - DEBUG - Generated Telnet ACK from h3:16054 -> h5:23 [len=54B]
2025-09-12 19:29:06 - [BENIGN] - DEBUG - Generated Telnet data traffic from h3:16054 -> h5:23 [content='Telnet command'] [Session 35] [len=446B]
2025-09-12 19:29:07 - [BENIGN] - DEBUG - Generated Telnet ACK reply from h5:23 <- h3:16054 [len=54B]
2025-09-12 19:29:07 - [BENIGN] - DEBUG - Generated SSH SYN from h3:34175 -> h5:22 [len=54B]
2025-09-12 19:29:08 - [BENIGN] - DEBUG - Generated SSH SYN-ACK from h5:22 <- h3:34175 [len=54B]
2025-09-12 19:29:09 - [BENIGN] - DEBUG - Generated SSH ACK from h3:34175 -> h5:22 [len=54B]
2025-09-12 19:29:09 - [BENIGN] - DEBUG - Generated SSH data traffic from h3:34175 -> h5:22 [content='SSH encrypted data'] [Session 36] [len=1204B]
2025-09-12 19:29:10 - [BENIGN] - DEBUG - Generated SSH ACK reply from h5:22 <- h3:34175 [len=54B]
2025-09-12 19:29:11 - [BENIGN] - DEBUG - Generated FTP SYN from h3:8199 -> h5:21 [len=54B]
2025-09-12 19:29:11 - [BENIGN] - DEBUG - Generated FTP SYN-ACK from h5:21 <- h3:8199 [len=54B]
2025-09-12 19:29:12 - [BENIGN] - DEBUG - Generated FTP ACK from h3:8199 -> h5:21 [len=54B]
2025-09-12 19:29:12 - [BENIGN] - DEBUG - Generated FTP data traffic from h3:8199 -> h5:21 [content='FTP file transfer'] [Session 37] [len=1517B]
2025-09-12 19:29:13 - [BENIGN] - DEBUG - Generated FTP ACK reply from h5:21 <- h3:8199 [len=54B]
2025-09-12 19:29:14 - [BENIGN] - DEBUG - Generated HTTP SYN from h3:39010 -> h5:80 [len=54B]
2025-09-12 19:29:14 - [BENIGN] - DEBUG - Generated HTTP SYN-ACK from h5:80 <- h3:39010 [len=54B]
2025-09-12 19:29:15 - [BENIGN] - DEBUG - Generated HTTP ACK from h3:39010 -> h5:80 [len=54B]
2025-09-12 19:29:16 - [BENIGN] - DEBUG - Generated HTTP data traffic from h3:39010 -> h5:80 [content='GET /index.html HTTP/1.1'] [Session 38] [len=587B]
2025-09-12 19:29:16 - [BENIGN] - DEBUG - Generated HTTP ACK reply from h5:80 <- h3:39010 [len=54B]
2025-09-12 19:29:17 - [BENIGN] - DEBUG - Generated HTTPS SYN from h3:15607 -> h5:443 [len=54B]
2025-09-12 19:29:17 - [BENIGN] - DEBUG - Generated HTTPS SYN-ACK from h5:443 <- h3:15607 [len=54B]
2025-09-12 19:29:18 - [BENIGN] - DEBUG - Generated HTTPS ACK from h3:15607 -> h5:443 [len=54B]
2025-09-12 19:29:19 - [BENIGN] - DEBUG - Generated HTTPS data traffic from h3:15607 -> h5:443 [content='Encrypted Application Data'] [Session 39] [len=535B]
2025-09-12 19:29:19 - [BENIGN] - DEBUG - Generated HTTPS ACK reply from h5:443 <- h3:15607 [len=54B]
2025-09-12 19:29:20 - [BENIGN] - DEBUG - Generated DNS query from h3:12924 -> h5:53 [qname='example.com'] [Session 40] [len=71B]
2025-09-12 19:29:20 - [BENIGN] - DEBUG - Generated ICMP traffic h2↔h5 5 [len=84B]
2025-09-12 19:29:21 - [BENIGN] - DEBUG - Generated TCP SYN from h3:33870 -> h5:12345 [len=54B]
2025-09-12 19:29:21 - [BENIGN] - DEBUG - Generated TCP SYN-ACK from h5:12345 <- h3:33870 [len=54B]
2025-09-12 19:29:22 - [BENIGN] - DEBUG - Generated TCP ACK from h3:33870 -> h5:12345 [len=54B]
2025-09-12 19:29:23 - [BENIGN] - DEBUG - Generated TCP data traffic from h3:33870 -> h5:12345 [content='TCP data'] [Session 41] [len=896B]
2025-09-12 19:29:23 - [BENIGN] - DEBUG - Generated TCP ACK reply from h5:12345 <- h3:33870 [len=54B]
2025-09-12 19:29:24 - [BENIGN] - DEBUG - Generated UDP traffic from h3:1256 -> h5:12346 [content='3d80ae73aaa84c395d02d7f4ca428fe5cc50a91f...'] [Session 42] [len=921B]
2025-09-12 19:29:24 - [BENIGN] - DEBUG - Generated Telnet SYN from h3:14472 -> h5:23 [len=54B]
2025-09-12 19:29:25 - [BENIGN] - DEBUG - Generated Telnet SYN-ACK from h5:23 <- h3:14472 [len=54B]
2025-09-12 19:29:26 - [BENIGN] - DEBUG - Generated Telnet ACK from h3:14472 -> h5:23 [len=54B]
2025-09-12 19:29:26 - [BENIGN] - DEBUG - Generated Telnet data traffic from h3:14472 -> h5:23 [content='Telnet command'] [Session 43] [len=883B]
2025-09-12 19:29:27 - [BENIGN] - DEBUG - Generated Telnet ACK reply from h5:23 <- h3:14472 [len=54B]
2025-09-12 19:29:27 - [BENIGN] - DEBUG - Generated SSH SYN from h3:10500 -> h5:22 [len=54B]
2025-09-12 19:29:28 - [BENIGN] - DEBUG - Generated SSH SYN-ACK from h5:22 <- h3:10500 [len=54B]
2025-09-12 19:29:29 - [BENIGN] - DEBUG - Generated SSH ACK from h3:10500 -> h5:22 [len=54B]
2025-09-12 19:29:29 - [BENIGN] - DEBUG - Generated SSH data traffic from h3:10500 -> h5:22 [content='SSH encrypted data'] [Session 44] [len=585B]
2025-09-12 19:29:30 - [BENIGN] - DEBUG - Generated SSH ACK reply from h5:22 <- h3:10500 [len=54B]
2025-09-12 19:29:31 - [BENIGN] - DEBUG - Generated FTP SYN from h3:22220 -> h5:21 [len=54B]
2025-09-12 19:29:31 - [BENIGN] - DEBUG - Generated FTP SYN-ACK from h5:21 <- h3:22220 [len=54B]
2025-09-12 19:29:32 - [BENIGN] - DEBUG - Generated FTP ACK from h3:22220 -> h5:21 [len=54B]
2025-09-12 19:29:33 - [BENIGN] - DEBUG - Generated FTP data traffic from h3:22220 -> h5:21 [content='FTP file transfer'] [Session 45] [len=703B]
2025-09-12 19:29:33 - [BENIGN] - DEBUG - Generated FTP ACK reply from h5:21 <- h3:22220 [len=54B]
2025-09-12 19:29:34 - [BENIGN] - DEBUG - Generated HTTP SYN from h3:54899 -> h5:80 [len=54B]
2025-09-12 19:29:34 - [BENIGN] - DEBUG - Generated HTTP SYN-ACK from h5:80 <- h3:54899 [len=54B]
2025-09-12 19:29:35 - [BENIGN] - DEBUG - Generated HTTP ACK from h3:54899 -> h5:80 [len=54B]
2025-09-12 19:29:36 - [BENIGN] - DEBUG - Generated HTTP data traffic from h3:54899 -> h5:80 [content='GET /index.html HTTP/1.1'] [Session 46] [len=292B]
2025-09-12 19:29:36 - [BENIGN] - DEBUG - Generated HTTP ACK reply from h5:80 <- h3:54899 [len=54B]
2025-09-12 19:29:37 - [BENIGN] - DEBUG - Generated HTTPS SYN from h3:29366 -> h5:443 [len=54B]
2025-09-12 19:29:38 - [BENIGN] - DEBUG - Generated HTTPS SYN-ACK from h5:443 <- h3:29366 [len=54B]
2025-09-12 19:29:38 - [BENIGN] - DEBUG - Generated HTTPS ACK from h3:29366 -> h5:443 [len=54B]
2025-09-12 19:29:39 - [BENIGN] - DEBUG - Generated HTTPS data traffic from h3:29366 -> h5:443 [content='Encrypted Application Data'] [Session 47] [len=552B]
2025-09-12 19:29:39 - [BENIGN] - DEBUG - Generated HTTPS ACK reply from h5:443 <- h3:29366 [len=54B]
2025-09-12 19:29:40 - [BENIGN] - DEBUG - Generated DNS query from h3:24572 -> h5:53 [qname='example.com'] [Session 48] [len=71B]
2025-09-12 19:29:40 - [BENIGN] - DEBUG - Generated ICMP traffic h2↔h5 6 [len=84B]
2025-09-12 19:29:41 - [BENIGN] - DEBUG - Generated TCP SYN from h3:32205 -> h5:12345 [len=54B]
2025-09-12 19:29:41 - [BENIGN] - DEBUG - Generated TCP SYN-ACK from h5:12345 <- h3:32205 [len=54B]
2025-09-12 19:29:42 - [BENIGN] - DEBUG - Generated TCP ACK from h3:32205 -> h5:12345 [len=54B]
2025-09-12 19:29:43 - [BENIGN] - DEBUG - Generated TCP data traffic from h3:32205 -> h5:12345 [content='TCP data'] [Session 49] [len=865B]
2025-09-12 19:29:43 - [BENIGN] - DEBUG - Generated TCP ACK reply from h5:12345 <- h3:32205 [len=54B]
2025-09-12 19:29:44 - [BENIGN] - DEBUG - Generated UDP traffic from h3:20241 -> h5:12346 [content='eb818c0bcb17f5fec50f8c18c4e62c332b5cd949...'] [Session 50] [len=595B]
2025-09-12 19:29:44 - [BENIGN] - DEBUG - Generated Telnet SYN from h3:30905 -> h5:23 [len=54B]
2025-09-12 19:29:45 - [BENIGN] - DEBUG - Generated Telnet SYN-ACK from h5:23 <- h3:30905 [len=54B]
2025-09-12 19:29:46 - [BENIGN] - DEBUG - Generated Telnet ACK from h3:30905 -> h5:23 [len=54B]
2025-09-12 19:29:46 - [BENIGN] - DEBUG - Generated Telnet data traffic from h3:30905 -> h5:23 [content='Telnet command'] [Session 51] [len=976B]
2025-09-12 19:29:47 - [BENIGN] - DEBUG - Generated Telnet ACK reply from h5:23 <- h3:30905 [len=54B]
2025-09-12 19:29:48 - [BENIGN] - DEBUG - Generated SSH SYN from h3:14811 -> h5:22 [len=54B]
2025-09-12 19:29:48 - [BENIGN] - DEBUG - Generated SSH SYN-ACK from h5:22 <- h3:14811 [len=54B]
2025-09-12 19:29:49 - [BENIGN] - DEBUG - Generated SSH ACK from h3:14811 -> h5:22 [len=54B]
2025-09-12 19:29:50 - [BENIGN] - DEBUG - Generated SSH data traffic from h3:14811 -> h5:22 [content='SSH encrypted data'] [Session 52] [len=494B]
2025-09-12 19:29:50 - [BENIGN] - DEBUG - Generated SSH ACK reply from h5:22 <- h3:14811 [len=54B]
2025-09-12 19:29:51 - [BENIGN] - DEBUG - Generated FTP SYN from h3:54008 -> h5:21 [len=54B]
2025-09-12 19:29:51 - [BENIGN] - DEBUG - Generated FTP SYN-ACK from h5:21 <- h3:54008 [len=54B]
2025-09-12 19:29:52 - [BENIGN] - DEBUG - Generated FTP ACK from h3:54008 -> h5:21 [len=54B]
2025-09-12 19:29:53 - [BENIGN] - DEBUG - Generated FTP data traffic from h3:54008 -> h5:21 [content='FTP file transfer'] [Session 53] [len=751B]
2025-09-12 19:29:53 - [BENIGN] - DEBUG - Generated FTP ACK reply from h5:21 <- h3:54008 [len=54B]
2025-09-12 19:29:54 - [BENIGN] - DEBUG - Generated HTTP SYN from h3:27159 -> h5:80 [len=54B]
2025-09-12 19:29:55 - [BENIGN] - DEBUG - Generated HTTP SYN-ACK from h5:80 <- h3:27159 [len=54B]
2025-09-12 19:29:55 - [BENIGN] - DEBUG - Generated HTTP ACK from h3:27159 -> h5:80 [len=54B]
2025-09-12 19:29:56 - [BENIGN] - DEBUG - Generated HTTP data traffic from h3:27159 -> h5:80 [content='GET /index.html HTTP/1.1'] [Session 54] [len=322B]
2025-09-12 19:29:56 - [BENIGN] - DEBUG - Generated HTTP ACK reply from h5:80 <- h3:27159 [len=54B]
2025-09-12 19:29:57 - [BENIGN] - DEBUG - Generated HTTPS SYN from h3:1116 -> h5:443 [len=54B]
2025-09-12 19:29:58 - [BENIGN] - DEBUG - Generated HTTPS SYN-ACK from h5:443 <- h3:1116 [len=54B]
2025-09-12 19:29:58 - [BENIGN] - DEBUG - Generated HTTPS ACK from h3:1116 -> h5:443 [len=54B]
2025-09-12 19:29:59 - [BENIGN] - DEBUG - Generated HTTPS data traffic from h3:1116 -> h5:443 [content='Encrypted Application Data'] [Session 55] [len=640B]
2025-09-12 19:30:00 - [BENIGN] - DEBUG - Generated HTTPS ACK reply from h5:443 <- h3:1116 [len=54B]
2025-09-12 19:30:00 - [BENIGN] - DEBUG - Generated DNS query from h3:38145 -> h5:53 [qname='example.com'] [Session 56] [len=71B]
2025-09-12 19:30:00 - [BENIGN] - DEBUG - Generated ICMP traffic h2↔h5 7 [len=84B]
2025-09-12 19:30:01 - [BENIGN] - DEBUG - Generated TCP SYN from h3:10218 -> h5:12345 [len=54B]
2025-09-12 19:30:02 - [BENIGN] - DEBUG - Generated TCP SYN-ACK from h5:12345 <- h3:10218 [len=54B]
2025-09-12 19:30:02 - [BENIGN] - DEBUG - Generated TCP ACK from h3:10218 -> h5:12345 [len=54B]
2025-09-12 19:30:03 - [BENIGN] - DEBUG - Generated TCP data traffic from h3:10218 -> h5:12345 [content='TCP data'] [Session 57] [len=443B]
2025-09-12 19:30:04 - [BENIGN] - DEBUG - Generated TCP ACK reply from h5:12345 <- h3:10218 [len=54B]
2025-09-12 19:30:04 - [BENIGN] - DEBUG - Generated UDP traffic from h3:58780 -> h5:12346 [content='5a5209b0d32fca280a4ca398c398a95d2b78794f...'] [Session 58] [len=1213B]
2025-09-12 19:30:05 - [BENIGN] - DEBUG - Generated Telnet SYN from h3:44253 -> h5:23 [len=54B]
2025-09-12 19:30:05 - [BENIGN] - DEBUG - Generated Telnet SYN-ACK from h5:23 <- h3:44253 [len=54B]
2025-09-12 19:30:06 - [BENIGN] - DEBUG - Generated Telnet ACK from h3:44253 -> h5:23 [len=54B]
2025-09-12 19:30:07 - [BENIGN] - DEBUG - Generated Telnet data traffic from h3:44253 -> h5:23 [content='Telnet command'] [Session 59] [len=1473B]
2025-09-12 19:30:07 - [BENIGN] - DEBUG - Generated Telnet ACK reply from h5:23 <- h3:44253 [len=54B]
2025-09-12 19:30:08 - [BENIGN] - DEBUG - Generated SSH SYN from h3:5651 -> h5:22 [len=54B]
2025-09-12 19:30:09 - [BENIGN] - DEBUG - Generated SSH SYN-ACK from h5:22 <- h3:5651 [len=54B]
2025-09-12 19:30:09 - [BENIGN] - DEBUG - Generated SSH ACK from h3:5651 -> h5:22 [len=54B]
2025-09-12 19:30:10 - [BENIGN] - DEBUG - Generated SSH data traffic from h3:5651 -> h5:22 [content='SSH encrypted data'] [Session 60] [len=1174B]
2025-09-12 19:30:11 - [BENIGN] - DEBUG - Generated SSH ACK reply from h5:22 <- h3:5651 [len=54B]
2025-09-12 19:30:11 - [BENIGN] - DEBUG - Generated FTP SYN from h3:52356 -> h5:21 [len=54B]
2025-09-12 19:30:12 - [BENIGN] - DEBUG - Generated FTP SYN-ACK from h5:21 <- h3:52356 [len=54B]
2025-09-12 19:30:13 - [BENIGN] - DEBUG - Generated FTP ACK from h3:52356 -> h5:21 [len=54B]
2025-09-12 19:30:13 - [BENIGN] - DEBUG - Generated FTP data traffic from h3:52356 -> h5:21 [content='FTP file transfer'] [Session 61] [len=195B]
2025-09-12 19:30:14 - [BENIGN] - DEBUG - Generated FTP ACK reply from h5:21 <- h3:52356 [len=54B]
2025-09-12 19:30:14 - [BENIGN] - DEBUG - Generated HTTP SYN from h3:44914 -> h5:80 [len=54B]
2025-09-12 19:30:15 - [BENIGN] - DEBUG - Generated HTTP SYN-ACK from h5:80 <- h3:44914 [len=54B]
2025-09-12 19:30:16 - [BENIGN] - DEBUG - Generated HTTP ACK from h3:44914 -> h5:80 [len=54B]
2025-09-12 19:30:16 - [BENIGN] - DEBUG - Generated HTTP data traffic from h3:44914 -> h5:80 [content='GET /index.html HTTP/1.1'] [Session 62] [len=489B]
2025-09-12 19:30:17 - [BENIGN] - DEBUG - Generated HTTP ACK reply from h5:80 <- h3:44914 [len=54B]
2025-09-12 19:30:18 - [BENIGN] - DEBUG - Generated HTTPS SYN from h3:60679 -> h5:443 [len=54B]
2025-09-12 19:30:18 - [BENIGN] - DEBUG - Generated HTTPS SYN-ACK from h5:443 <- h3:60679 [len=54B]
2025-09-12 19:30:19 - [BENIGN] - DEBUG - Generated HTTPS ACK from h3:60679 -> h5:443 [len=54B]
2025-09-12 19:30:19 - [BENIGN] - DEBUG - Generated HTTPS data traffic from h3:60679 -> h5:443 [content='Encrypted Application Data'] [Session 63] [len=703B]
2025-09-12 19:30:20 - [BENIGN] - DEBUG - Generated HTTPS ACK reply from h5:443 <- h3:60679 [len=54B]
2025-09-12 19:30:21 - [BENIGN] - DEBUG - Generated DNS query from h3:3202 -> h5:53 [qname='example.com'] [Session 64] [len=71B]
2025-09-12 19:30:21 - [BENIGN] - DEBUG - Generated ICMP traffic h2↔h5 8 [len=84B]
2025-09-12 19:30:21 - [BENIGN] - DEBUG - Generated TCP SYN from h3:16898 -> h5:12345 [len=54B]
2025-09-12 19:30:22 - [BENIGN] - DEBUG - Generated TCP SYN-ACK from h5:12345 <- h3:16898 [len=54B]
2025-09-12 19:30:23 - [BENIGN] - DEBUG - Generated TCP ACK from h3:16898 -> h5:12345 [len=54B]
2025-09-12 19:30:23 - [BENIGN] - DEBUG - Generated TCP data traffic from h3:16898 -> h5:12345 [content='TCP data'] [Session 65] [len=193B]
2025-09-12 19:30:24 - [BENIGN] - DEBUG - Generated TCP ACK reply from h5:12345 <- h3:16898 [len=54B]
2025-09-12 19:30:24 - [BENIGN] - DEBUG - Generated UDP traffic from h3:60970 -> h5:12346 [content='d9764433a649030f8e58a5d97ef627e401eb5162...'] [Session 66] [len=307B]
2025-09-12 19:30:25 - [BENIGN] - DEBUG - Generated Telnet SYN from h3:36568 -> h5:23 [len=54B]
2025-09-12 19:30:26 - [BENIGN] - DEBUG - Generated Telnet SYN-ACK from h5:23 <- h3:36568 [len=54B]
2025-09-12 19:30:26 - [BENIGN] - DEBUG - Generated Telnet ACK from h3:36568 -> h5:23 [len=54B]
2025-09-12 19:30:27 - [BENIGN] - DEBUG - Generated Telnet data traffic from h3:36568 -> h5:23 [content='Telnet command'] [Session 67] [len=452B]
2025-09-12 19:30:28 - [BENIGN] - DEBUG - Generated Telnet ACK reply from h5:23 <- h3:36568 [len=54B]
2025-09-12 19:30:28 - [BENIGN] - DEBUG - Generated SSH SYN from h3:8671 -> h5:22 [len=54B]
2025-09-12 19:30:29 - [BENIGN] - DEBUG - Generated SSH SYN-ACK from h5:22 <- h3:8671 [len=54B]
2025-09-12 19:30:29 - [BENIGN] - DEBUG - Generated SSH ACK from h3:8671 -> h5:22 [len=54B]
2025-09-12 19:30:30 - [BENIGN] - DEBUG - Generated SSH data traffic from h3:8671 -> h5:22 [content='SSH encrypted data'] [Session 68] [len=639B]
2025-09-12 19:30:31 - [BENIGN] - DEBUG - Generated SSH ACK reply from h5:22 <- h3:8671 [len=54B]
2025-09-12 19:30:31 - [BENIGN] - DEBUG - Generated FTP SYN from h3:33722 -> h5:21 [len=54B]
2025-09-12 19:30:32 - [BENIGN] - DEBUG - Generated FTP SYN-ACK from h5:21 <- h3:33722 [len=54B]
2025-09-12 19:30:33 - [BENIGN] - DEBUG - Generated FTP ACK from h3:33722 -> h5:21 [len=54B]
2025-09-12 19:30:33 - [BENIGN] - DEBUG - Generated FTP data traffic from h3:33722 -> h5:21 [content='FTP file transfer'] [Session 69] [len=497B]
2025-09-12 19:30:34 - [BENIGN] - DEBUG - Generated FTP ACK reply from h5:21 <- h3:33722 [len=54B]
2025-09-12 19:30:34 - [BENIGN] - DEBUG - Generated HTTP SYN from h3:63152 -> h5:80 [len=54B]
2025-09-12 19:30:35 - [BENIGN] - DEBUG - Generated HTTP SYN-ACK from h5:80 <- h3:63152 [len=54B]
2025-09-12 19:30:36 - [BENIGN] - DEBUG - Generated HTTP ACK from h3:63152 -> h5:80 [len=54B]
2025-09-12 19:30:36 - [BENIGN] - DEBUG - Generated HTTP data traffic from h3:63152 -> h5:80 [content='GET /index.html HTTP/1.1'] [Session 70] [len=465B]
2025-09-12 19:30:37 - [BENIGN] - DEBUG - Generated HTTP ACK reply from h5:80 <- h3:63152 [len=54B]
2025-09-12 19:30:38 - [BENIGN] - DEBUG - Generated HTTPS SYN from h3:5758 -> h5:443 [len=54B]
2025-09-12 19:30:38 - [BENIGN] - DEBUG - Generated HTTPS SYN-ACK from h5:443 <- h3:5758 [len=54B]
2025-09-12 19:30:39 - [BENIGN] - DEBUG - Generated HTTPS ACK from h3:5758 -> h5:443 [len=54B]
2025-09-12 19:30:39 - [BENIGN] - DEBUG - Generated HTTPS data traffic from h3:5758 -> h5:443 [content='Encrypted Application Data'] [Session 71] [len=241B]
2025-09-12 19:30:40 - [BENIGN] - DEBUG - Generated HTTPS ACK reply from h5:443 <- h3:5758 [len=54B]
2025-09-12 19:30:41 - [BENIGN] - DEBUG - Generated DNS query from h3:18348 -> h5:53 [qname='example.com'] [Session 72] [len=71B]
2025-09-12 19:30:41 - [BENIGN] - DEBUG - Generated ICMP traffic h2↔h5 9 [len=84B]
2025-09-12 19:30:41 - [BENIGN] - DEBUG - Generated TCP SYN from h3:54201 -> h5:12345 [len=54B]
2025-09-12 19:30:42 - [BENIGN] - DEBUG - Generated TCP SYN-ACK from h5:12345 <- h3:54201 [len=54B]
2025-09-12 19:30:43 - [BENIGN] - DEBUG - Generated TCP ACK from h3:54201 -> h5:12345 [len=54B]
2025-09-12 19:30:43 - [BENIGN] - DEBUG - Generated TCP data traffic from h3:54201 -> h5:12345 [content='TCP data'] [Session 73] [len=1060B]
2025-09-12 19:30:44 - [BENIGN] - DEBUG - Generated TCP ACK reply from h5:12345 <- h3:54201 [len=54B]
2025-09-12 19:30:45 - [BENIGN] - DEBUG - Generated UDP traffic from h3:10360 -> h5:12346 [content='8a05c421b8c4ec90d16dde53b1717c23d6455280...'] [Session 74] [len=635B]
2025-09-12 19:30:45 - [BENIGN] - DEBUG - Generated Telnet SYN from h3:62255 -> h5:23 [len=54B]
2025-09-12 19:30:46 - [BENIGN] - DEBUG - Generated Telnet SYN-ACK from h5:23 <- h3:62255 [len=54B]
2025-09-12 19:30:46 - [BENIGN] - DEBUG - Generated Telnet ACK from h3:62255 -> h5:23 [len=54B]
2025-09-12 19:30:47 - [BENIGN] - DEBUG - Generated Telnet data traffic from h3:62255 -> h5:23 [content='Telnet command'] [Session 75] [len=316B]
2025-09-12 19:30:48 - [BENIGN] - DEBUG - Generated Telnet ACK reply from h5:23 <- h3:62255 [len=54B]
2025-09-12 19:30:48 - [BENIGN] - DEBUG - Generated SSH SYN from h3:2778 -> h5:22 [len=54B]
2025-09-12 19:30:49 - [BENIGN] - DEBUG - Generated SSH SYN-ACK from h5:22 <- h3:2778 [len=54B]
2025-09-12 19:30:50 - [BENIGN] - DEBUG - Generated SSH ACK from h3:2778 -> h5:22 [len=54B]
2025-09-12 19:30:50 - [BENIGN] - DEBUG - Generated SSH data traffic from h3:2778 -> h5:22 [content='SSH encrypted data'] [Session 76] [len=956B]
2025-09-12 19:30:51 - [BENIGN] - DEBUG - Generated SSH ACK reply from h5:22 <- h3:2778 [len=54B]
2025-09-12 19:30:51 - [BENIGN] - DEBUG - Generated FTP SYN from h3:54030 -> h5:21 [len=54B]
2025-09-12 19:30:52 - [BENIGN] - DEBUG - Generated FTP SYN-ACK from h5:21 <- h3:54030 [len=54B]
2025-09-12 19:30:53 - [BENIGN] - DEBUG - Generated FTP ACK from h3:54030 -> h5:21 [len=54B]
2025-09-12 19:30:53 - [BENIGN] - DEBUG - Generated FTP data traffic from h3:54030 -> h5:21 [content='FTP file transfer'] [Session 77] [len=501B]
2025-09-12 19:30:54 - [BENIGN] - DEBUG - Generated FTP ACK reply from h5:21 <- h3:54030 [len=54B]
2025-09-12 19:30:55 - [BENIGN] - DEBUG - Generated HTTP SYN from h3:27528 -> h5:80 [len=54B]
2025-09-12 19:30:55 - [BENIGN] - DEBUG - Generated HTTP SYN-ACK from h5:80 <- h3:27528 [len=54B]
2025-09-12 19:30:56 - [BENIGN] - DEBUG - Generated HTTP ACK from h3:27528 -> h5:80 [len=54B]
2025-09-12 19:30:56 - [BENIGN] - DEBUG - Generated HTTP data traffic from h3:27528 -> h5:80 [content='GET /index.html HTTP/1.1'] [Session 78] [len=381B]
2025-09-12 19:30:57 - [BENIGN] - DEBUG - Generated HTTP ACK reply from h5:80 <- h3:27528 [len=54B]
2025-09-12 19:30:58 - [BENIGN] - DEBUG - Generated HTTPS SYN from h3:12387 -> h5:443 [len=54B]
2025-09-12 19:30:58 - [BENIGN] - DEBUG - Generated HTTPS SYN-ACK from h5:443 <- h3:12387 [len=54B]
2025-09-12 19:30:59 - [BENIGN] - DEBUG - Generated HTTPS ACK from h3:12387 -> h5:443 [len=54B]
2025-09-12 19:31:00 - [BENIGN] - DEBUG - Generated HTTPS data traffic from h3:12387 -> h5:443 [content='Encrypted Application Data'] [Session 79] [len=606B]
2025-09-12 19:31:00 - [BENIGN] - DEBUG - Generated HTTPS ACK reply from h5:443 <- h3:12387 [len=54B]
2025-09-12 19:31:01 - [BENIGN] - DEBUG - Generated DNS query from h3:15457 -> h5:53 [qname='example.com'] [Session 80] [len=71B]
2025-09-12 19:31:01 - [BENIGN] - INFO - Benign traffic finished.
2025-09-12 19:31:01 - [BENIGN] - INFO - Summary: 80 protocol sessions with protocol separation:
2025-09-12 19:31:01 - [BENIGN] - INFO -   - h2↔h5: ICMP ping traffic
2025-09-12 19:31:01 - [BENIGN] - INFO -   - h3↔h5: TCP/UDP traffic [TCP, UDP, Telnet, SSH, FTP, HTTP, HTTPS, DNS]
2025-09-12 19:31:01 - [BENIGN] - INFO - Total packets sent: 340
