2025-09-12 18:03:20,475 - attack_logger - INFO - Attack: Enhanced SYN Flood (11s) | h1 -> h6
2025-09-12 18:03:22,988 - attack_logger - INFO - [syn_flood] [Run ID: ee733a77-d0da-416c-94e1-54651883876c] Starting Enhanced SYN Flood from h1 to 192.168.30.10 for 11 seconds.
2025-09-12 18:03:22,989 - attack_logger - INFO - [syn_flood] [Run ID: ee733a77-d0da-416c-94e1-54651883876c] Attack Phase: Enhanced Traditional SYN Flood - Attacker: h1, Target: 192.168.30.10:80, Duration: 11s
2025-09-12 18:03:22,989 - attack_logger - INFO - [syn_flood] [Run ID: ee733a77-d0da-416c-94e1-54651883876c] Enhanced Features: Human-like timing, protocol compliance, network delay simulation
2025-09-12 18:03:22,989 - attack_logger - INFO - [syn_flood] [Run ID: ee733a77-d0da-416c-94e1-54651883876c] Session pattern: 1 phases, Circadian factor: 0.70, Workday factor: 0.70
2025-09-12 18:03:22,989 - attack_logger - DEBUG - [syn_flood] [Run ID: ee733a77-d0da-416c-94e1-54651883876c] Starting enhanced SYN packet generation with human-like timing
2025-09-12 18:03:22,989 - attack_logger - INFO - [syn_flood] [Run ID: ee733a77-d0da-416c-94e1-54651883876c] Stress phase: 3s, Advanced phase: 8s
2025-09-12 18:03:26,597 - attack_logger - INFO - [syn_flood] [Run ID: ee733a77-d0da-416c-94e1-54651883876c] Stress phase completed
2025-09-12 18:03:26,605 - attack_logger - INFO - [syn_flood] [Run ID: ee733a77-d0da-416c-94e1-54651883876c] Enhanced SYN flood process started (PID: 125556)
2025-09-12 18:03:27,641 - attack_logger - INFO - [syn_flood] [Run ID: ee733a77-d0da-416c-94e1-54651883876c] Attack progress: 1.0s elapsed, ~12 packets sent, Rate: 11.5 pps, Phase: active (intensity: 0.94)
2025-09-12 18:03:27,641 - attack_logger - DEBUG - [syn_flood] [Run ID: ee733a77-d0da-416c-94e1-54651883876c] Process stats - CPU: 0.0%, Memory: 60.3MB
2025-09-12 18:03:27,641 - attack_logger - DEBUG - [syn_flood] [Run ID: ee733a77-d0da-416c-94e1-54651883876c] Timing factors - Circadian: 0.70, Workday: 0.70, Adjusted rate: 11.9 pps
2025-09-12 18:03:28,736 - attack_logger - INFO - [syn_flood] [Run ID: ee733a77-d0da-416c-94e1-54651883876c] Attack progress: 2.1s elapsed, ~25 packets sent, Rate: 11.7 pps, Phase: active (intensity: 0.94)
2025-09-12 18:03:28,736 - attack_logger - DEBUG - [syn_flood] [Run ID: ee733a77-d0da-416c-94e1-54651883876c] Process stats - CPU: 0.0%, Memory: 60.6MB
2025-09-12 18:03:28,736 - attack_logger - DEBUG - [syn_flood] [Run ID: ee733a77-d0da-416c-94e1-54651883876c] Timing factors - Circadian: 0.70, Workday: 0.70, Adjusted rate: 11.7 pps
2025-09-12 18:03:29,777 - attack_logger - INFO - [syn_flood] [Run ID: ee733a77-d0da-416c-94e1-54651883876c] Attack progress: 3.2s elapsed, ~42 packets sent, Rate: 13.2 pps, Phase: active (intensity: 0.94)
2025-09-12 18:03:29,777 - attack_logger - DEBUG - [syn_flood] [Run ID: ee733a77-d0da-416c-94e1-54651883876c] Process stats - CPU: 0.0%, Memory: 60.6MB
2025-09-12 18:03:29,777 - attack_logger - DEBUG - [syn_flood] [Run ID: ee733a77-d0da-416c-94e1-54651883876c] Timing factors - Circadian: 0.70, Workday: 0.70, Adjusted rate: 13.4 pps
2025-09-12 18:03:30,831 - attack_logger - INFO - [syn_flood] [Run ID: ee733a77-d0da-416c-94e1-54651883876c] Attack progress: 4.2s elapsed, ~43 packets sent, Rate: 10.2 pps, Phase: active (intensity: 0.94)
2025-09-12 18:03:30,831 - attack_logger - DEBUG - [syn_flood] [Run ID: ee733a77-d0da-416c-94e1-54651883876c] Process stats - CPU: 0.0%, Memory: 60.6MB
2025-09-12 18:03:30,831 - attack_logger - DEBUG - [syn_flood] [Run ID: ee733a77-d0da-416c-94e1-54651883876c] Timing factors - Circadian: 0.70, Workday: 0.70, Adjusted rate: 10.2 pps
2025-09-12 18:03:31,934 - attack_logger - INFO - [syn_flood] [Run ID: ee733a77-d0da-416c-94e1-54651883876c] Attack progress: 5.3s elapsed, ~57 packets sent, Rate: 10.7 pps, Phase: active (intensity: 0.94)
2025-09-12 18:03:31,934 - attack_logger - DEBUG - [syn_flood] [Run ID: ee733a77-d0da-416c-94e1-54651883876c] Process stats - CPU: 0.0%, Memory: 60.6MB
2025-09-12 18:03:31,934 - attack_logger - DEBUG - [syn_flood] [Run ID: ee733a77-d0da-416c-94e1-54651883876c] Timing factors - Circadian: 0.70, Workday: 0.70, Adjusted rate: 10.7 pps
2025-09-12 18:03:32,971 - attack_logger - INFO - [syn_flood] [Run ID: ee733a77-d0da-416c-94e1-54651883876c] Attack progress: 6.4s elapsed, ~87 packets sent, Rate: 13.7 pps, Phase: active (intensity: 0.94)
2025-09-12 18:03:32,971 - attack_logger - DEBUG - [syn_flood] [Run ID: ee733a77-d0da-416c-94e1-54651883876c] Process stats - CPU: 0.0%, Memory: 60.6MB
2025-09-12 18:03:32,971 - attack_logger - DEBUG - [syn_flood] [Run ID: ee733a77-d0da-416c-94e1-54651883876c] Timing factors - Circadian: 0.70, Workday: 0.70, Adjusted rate: 13.7 pps
2025-09-12 18:03:34,032 - attack_logger - INFO - [syn_flood] [Run ID: ee733a77-d0da-416c-94e1-54651883876c] Attack progress: 7.4s elapsed, ~74 packets sent, Rate: 10.0 pps, Phase: active (intensity: 0.94)
2025-09-12 18:03:34,032 - attack_logger - DEBUG - [syn_flood] [Run ID: ee733a77-d0da-416c-94e1-54651883876c] Process stats - CPU: 0.0%, Memory: 60.6MB
2025-09-12 18:03:34,032 - attack_logger - DEBUG - [syn_flood] [Run ID: ee733a77-d0da-416c-94e1-54651883876c] Timing factors - Circadian: 0.70, Workday: 0.70, Adjusted rate: 10.0 pps
2025-09-12 18:03:34,645 - attack_logger - DEBUG - [syn_flood] [Run ID: ee733a77-d0da-416c-94e1-54651883876c] Sent SIGINT to SYN flood process 125556
2025-09-12 18:03:35,148 - attack_logger - INFO - [syn_flood] [Run ID: ee733a77-d0da-416c-94e1-54651883876c] Enhanced SYN Flood from h1 to 192.168.30.10 finished.
2025-09-12 18:03:35,148 - attack_logger - INFO - [syn_flood] [Run ID: ee733a77-d0da-416c-94e1-54651883876c] Attack completed. Total packets sent = 88, Average rate = 10.93 packets/sec.
2025-09-12 18:03:35,148 - attack_logger - INFO - [syn_flood] [Run ID: ee733a77-d0da-416c-94e1-54651883876c] --- Enhanced Attack Summary ---
2025-09-12 18:03:35,148 - attack_logger - INFO - [syn_flood] [Run ID: ee733a77-d0da-416c-94e1-54651883876c] Total packets sent: 88
2025-09-12 18:03:35,148 - attack_logger - INFO - [syn_flood] [Run ID: ee733a77-d0da-416c-94e1-54651883876c] Actual duration: 8.05s
2025-09-12 18:03:35,148 - attack_logger - INFO - [syn_flood] [Run ID: ee733a77-d0da-416c-94e1-54651883876c] Average rate: 10.93 packets/sec
2025-09-12 18:03:35,148 - attack_logger - INFO - [syn_flood] [Run ID: ee733a77-d0da-416c-94e1-54651883876c] Base rate: 22.4 pps
2025-09-12 18:03:35,148 - attack_logger - INFO - [syn_flood] [Run ID: ee733a77-d0da-416c-94e1-54651883876c] Circadian factor: 0.70
2025-09-12 18:03:35,148 - attack_logger - INFO - [syn_flood] [Run ID: ee733a77-d0da-416c-94e1-54651883876c] Workday factor: 0.70
2025-09-12 18:03:35,148 - attack_logger - INFO - [syn_flood] [Run ID: ee733a77-d0da-416c-94e1-54651883876c] Session phases: 1
2025-09-12 18:03:35,148 - attack_logger - INFO - [syn_flood] [Run ID: ee733a77-d0da-416c-94e1-54651883876c] Target port: 80
2025-09-12 18:03:35,148 - attack_logger - INFO - [syn_flood] [Run ID: ee733a77-d0da-416c-94e1-54651883876c] Attack method: Enhanced SYN Flood with Human-like Timing
2025-09-12 18:03:35,148 - attack_logger - INFO - [syn_flood] [Run ID: ee733a77-d0da-416c-94e1-54651883876c] Enhancement features: Human timing patterns, protocol compliance, network delay simulation
2025-09-12 18:03:35,148 - attack_logger - INFO - [syn_flood] [Run ID: ee733a77-d0da-416c-94e1-54651883876c] TCP options: MSS, WScale, Timestamp, SAckOK
2025-09-12 18:03:35,148 - attack_logger - INFO - [syn_flood] [Run ID: ee733a77-d0da-416c-94e1-54651883876c] ----------------------------------------
2025-09-12 18:03:35,222 - attack_logger - INFO - Attack: Enhanced SYN Flood completed.
2025-09-12 18:03:35,222 - attack_logger - INFO - Attack: Enhanced UDP Flood (22s) | h1 -> h6
2025-09-12 18:03:37,737 - attack_logger - INFO - [udp_flood] [Run ID: fc1757e0-b1d9-432b-936c-6896514faafa] Starting Enhanced UDP Flood from h1 to 192.168.30.10 for 22 seconds.
2025-09-12 18:03:37,737 - attack_logger - INFO - [udp_flood] [Run ID: fc1757e0-b1d9-432b-936c-6896514faafa] Attack Phase: Enhanced Traditional UDP Flood - Attacker: h1, Target: 192.168.30.10:53, Duration: 22s
2025-09-12 18:03:37,737 - attack_logger - INFO - [udp_flood] [Run ID: fc1757e0-b1d9-432b-936c-6896514faafa] Enhanced Features: Human-like timing, protocol compliance, network delay simulation
2025-09-12 18:03:37,737 - attack_logger - INFO - [udp_flood] [Run ID: fc1757e0-b1d9-432b-936c-6896514faafa] Stress phase: 6s, Advanced phase: 16s
2025-09-12 18:03:44,311 - attack_logger - INFO - [udp_flood] [Run ID: fc1757e0-b1d9-432b-936c-6896514faafa] Stress phase completed
2025-09-12 18:03:44,311 - attack_logger - INFO - [udp_flood] [Run ID: fc1757e0-b1d9-432b-936c-6896514faafa] Session pattern: 1 phases, Circadian factor: 0.70, Workday factor: 0.70
2025-09-12 18:03:44,311 - attack_logger - DEBUG - [udp_flood] [Run ID: fc1757e0-b1d9-432b-936c-6896514faafa] Starting enhanced UDP packet generation with human-like timing
2025-09-12 18:03:44,331 - attack_logger - INFO - [udp_flood] [Run ID: fc1757e0-b1d9-432b-936c-6896514faafa] Enhanced UDP flood process started (PID: 125565)
2025-09-12 18:03:47,383 - attack_logger - INFO - [udp_flood] [Run ID: fc1757e0-b1d9-432b-936c-6896514faafa] Attack progress: 3.1s elapsed, ~30 packets sent, Rate: 9.8 pps, Phase: active (intensity: 0.80)
2025-09-12 18:03:47,384 - attack_logger - DEBUG - [udp_flood] [Run ID: fc1757e0-b1d9-432b-936c-6896514faafa] Process stats - CPU: 0.0%, Memory: 60.5MB
2025-09-12 18:03:47,384 - attack_logger - DEBUG - [udp_flood] [Run ID: fc1757e0-b1d9-432b-936c-6896514faafa] Timing factors - Circadian: 0.70, Workday: 0.70, Adjusted rate: 9.8 pps
2025-09-12 18:03:50,404 - attack_logger - INFO - [udp_flood] [Run ID: fc1757e0-b1d9-432b-936c-6896514faafa] Attack progress: 6.1s elapsed, ~71 packets sent, Rate: 11.7 pps, Phase: active (intensity: 0.80)
2025-09-12 18:03:50,404 - attack_logger - DEBUG - [udp_flood] [Run ID: fc1757e0-b1d9-432b-936c-6896514faafa] Process stats - CPU: 0.0%, Memory: 60.5MB
2025-09-12 18:03:50,404 - attack_logger - DEBUG - [udp_flood] [Run ID: fc1757e0-b1d9-432b-936c-6896514faafa] Timing factors - Circadian: 0.70, Workday: 0.70, Adjusted rate: 11.7 pps
2025-09-12 18:03:53,427 - attack_logger - INFO - [udp_flood] [Run ID: fc1757e0-b1d9-432b-936c-6896514faafa] Attack progress: 9.1s elapsed, ~81 packets sent, Rate: 8.9 pps, Phase: active (intensity: 0.80)
2025-09-12 18:03:53,427 - attack_logger - DEBUG - [udp_flood] [Run ID: fc1757e0-b1d9-432b-936c-6896514faafa] Process stats - CPU: 0.0%, Memory: 60.5MB
2025-09-12 18:03:53,427 - attack_logger - DEBUG - [udp_flood] [Run ID: fc1757e0-b1d9-432b-936c-6896514faafa] Timing factors - Circadian: 0.70, Workday: 0.70, Adjusted rate: 9.0 pps
2025-09-12 18:03:56,466 - attack_logger - INFO - [udp_flood] [Run ID: fc1757e0-b1d9-432b-936c-6896514faafa] Attack progress: 12.2s elapsed, ~98 packets sent, Rate: 8.1 pps, Phase: active (intensity: 0.80)
2025-09-12 18:03:56,466 - attack_logger - DEBUG - [udp_flood] [Run ID: fc1757e0-b1d9-432b-936c-6896514faafa] Process stats - CPU: 0.0%, Memory: 60.5MB
2025-09-12 18:03:56,466 - attack_logger - DEBUG - [udp_flood] [Run ID: fc1757e0-b1d9-432b-936c-6896514faafa] Timing factors - Circadian: 0.70, Workday: 0.70, Adjusted rate: 8.1 pps
2025-09-12 18:03:59,496 - attack_logger - INFO - [udp_flood] [Run ID: fc1757e0-b1d9-432b-936c-6896514faafa] Attack progress: 15.2s elapsed, ~146 packets sent, Rate: 9.6 pps, Phase: active (intensity: 0.80)
2025-09-12 18:03:59,496 - attack_logger - DEBUG - [udp_flood] [Run ID: fc1757e0-b1d9-432b-936c-6896514faafa] Process stats - CPU: 0.0%, Memory: 60.5MB
2025-09-12 18:03:59,496 - attack_logger - DEBUG - [udp_flood] [Run ID: fc1757e0-b1d9-432b-936c-6896514faafa] Timing factors - Circadian: 0.70, Workday: 0.70, Adjusted rate: 9.6 pps
2025-09-12 18:04:00,383 - attack_logger - DEBUG - [udp_flood] [Run ID: fc1757e0-b1d9-432b-936c-6896514faafa] Sent SIGINT to UDP flood process 125565
2025-09-12 18:04:00,889 - attack_logger - INFO - [udp_flood] [Run ID: fc1757e0-b1d9-432b-936c-6896514faafa] Enhanced UDP Flood from h1 to 192.168.30.10 finished.
2025-09-12 18:04:00,889 - attack_logger - INFO - [udp_flood] [Run ID: fc1757e0-b1d9-432b-936c-6896514faafa] Attack completed. Total packets sent = 187, Average rate = 11.64 packets/sec.
2025-09-12 18:04:00,889 - attack_logger - INFO - [udp_flood] [Run ID: fc1757e0-b1d9-432b-936c-6896514faafa] --- Enhanced Attack Summary ---
2025-09-12 18:04:00,889 - attack_logger - INFO - [udp_flood] [Run ID: fc1757e0-b1d9-432b-936c-6896514faafa] Total packets sent: 187
2025-09-12 18:04:00,889 - attack_logger - INFO - [udp_flood] [Run ID: fc1757e0-b1d9-432b-936c-6896514faafa] Actual duration: 16.07s
2025-09-12 18:04:00,889 - attack_logger - INFO - [udp_flood] [Run ID: fc1757e0-b1d9-432b-936c-6896514faafa] Average rate: 11.64 packets/sec
2025-09-12 18:04:00,889 - attack_logger - INFO - [udp_flood] [Run ID: fc1757e0-b1d9-432b-936c-6896514faafa] Base rate: 23.8 pps
2025-09-12 18:04:00,889 - attack_logger - INFO - [udp_flood] [Run ID: fc1757e0-b1d9-432b-936c-6896514faafa] Circadian factor: 0.70
2025-09-12 18:04:00,889 - attack_logger - INFO - [udp_flood] [Run ID: fc1757e0-b1d9-432b-936c-6896514faafa] Workday factor: 0.70
2025-09-12 18:04:00,889 - attack_logger - INFO - [udp_flood] [Run ID: fc1757e0-b1d9-432b-936c-6896514faafa] Session phases: 1
2025-09-12 18:04:00,889 - attack_logger - INFO - [udp_flood] [Run ID: fc1757e0-b1d9-432b-936c-6896514faafa] Target port: 53 (DNS)
2025-09-12 18:04:00,889 - attack_logger - INFO - [udp_flood] [Run ID: fc1757e0-b1d9-432b-936c-6896514faafa] Attack method: Enhanced UDP Flood with Human-like Timing
2025-09-12 18:04:00,889 - attack_logger - INFO - [udp_flood] [Run ID: fc1757e0-b1d9-432b-936c-6896514faafa] Enhancement features: Human timing patterns, protocol compliance, network delay simulation
2025-09-12 18:04:00,889 - attack_logger - INFO - [udp_flood] [Run ID: fc1757e0-b1d9-432b-936c-6896514faafa] DNS payloads: Realistic query patterns with varied domains
2025-09-12 18:04:00,889 - attack_logger - INFO - [udp_flood] [Run ID: fc1757e0-b1d9-432b-936c-6896514faafa] ----------------------------------------
2025-09-12 18:04:01,038 - attack_logger - INFO - Attack: Enhanced UDP Flood completed.
2025-09-12 18:04:01,038 - attack_logger - INFO - Attack: Enhanced ICMP Flood (11s) | h1 -> h4
2025-09-12 18:04:03,556 - attack_logger - INFO - [icmp_flood] [Run ID: a07c95d4-29dc-42f1-841b-3aae156aa714] Starting Enhanced ICMP Flood with RFC 1918 IP Rotation from h1 to 192.168.20.12 for 11 seconds.
2025-09-12 18:04:03,556 - attack_logger - INFO - [icmp_flood] [Run ID: a07c95d4-29dc-42f1-841b-3aae156aa714] Attack Phase: Enhanced Traditional ICMP Flood - Attacker: h1, Target: 192.168.20.12, Duration: 11s
2025-09-12 18:04:03,556 - attack_logger - INFO - [icmp_flood] [Run ID: a07c95d4-29dc-42f1-841b-3aae156aa714] Enhanced Features: RFC 1918 IP rotation, human-like timing, protocol compliance, network delay simulation
2025-09-12 18:04:03,556 - attack_logger - INFO - [icmp_flood] [Run ID: a07c95d4-29dc-42f1-841b-3aae156aa714] IP Pool Size: 50 source IPs from RFC 1918 ranges (10.0.0.0/8, 172.16.0.0/12, 192.168.0.0/16)
2025-09-12 18:04:03,556 - attack_logger - INFO - [icmp_flood] [Run ID: a07c95d4-29dc-42f1-841b-3aae156aa714] Stress phase total: 3s (host: 1s, gateway: 2s), Advanced phase: 8s
2025-09-12 18:04:05,128 - attack_logger - INFO - [icmp_flood] [Run ID: a07c95d4-29dc-42f1-841b-3aae156aa714] Host stress sub-phase completed
2025-09-12 18:04:07,697 - attack_logger - INFO - [icmp_flood] [Run ID: a07c95d4-29dc-42f1-841b-3aae156aa714] Gateway stress sub-phase completed
2025-09-12 18:04:07,697 - attack_logger - INFO - [icmp_flood] [Run ID: a07c95d4-29dc-42f1-841b-3aae156aa714] Session pattern: 1 phases, Circadian factor: 0.70, Workday factor: 0.70
2025-09-12 18:04:07,697 - attack_logger - DEBUG - [icmp_flood] [Run ID: a07c95d4-29dc-42f1-841b-3aae156aa714] Starting enhanced ICMP packet generation with IP rotation and human-like timing
2025-09-12 18:04:07,716 - attack_logger - INFO - [icmp_flood] [Run ID: a07c95d4-29dc-42f1-841b-3aae156aa714] Enhanced ICMP flood with IP rotation process started (PID: 125580)
2025-09-12 18:04:08,800 - attack_logger - INFO - [icmp_flood] [Run ID: a07c95d4-29dc-42f1-841b-3aae156aa714] Attack progress: 1.1s elapsed, ~8 packets sent, Rate: 7.3 pps, IP rotations: ~0, Phase: active (intensity: 0.82)
2025-09-12 18:04:08,800 - attack_logger - DEBUG - [icmp_flood] [Run ID: a07c95d4-29dc-42f1-841b-3aae156aa714] Process stats - CPU: 0.0%, Memory: 60.2MB
2025-09-12 18:04:08,800 - attack_logger - DEBUG - [icmp_flood] [Run ID: a07c95d4-29dc-42f1-841b-3aae156aa714] Timing factors - Circadian: 0.70, Workday: 0.70, Adjusted rate: 8.1 pps
2025-09-12 18:04:09,849 - attack_logger - INFO - [icmp_flood] [Run ID: a07c95d4-29dc-42f1-841b-3aae156aa714] Attack progress: 2.2s elapsed, ~22 packets sent, Rate: 10.2 pps, IP rotations: ~1, Phase: active (intensity: 0.82)
2025-09-12 18:04:09,849 - attack_logger - DEBUG - [icmp_flood] [Run ID: a07c95d4-29dc-42f1-841b-3aae156aa714] Process stats - CPU: 0.0%, Memory: 60.4MB
2025-09-12 18:04:09,849 - attack_logger - DEBUG - [icmp_flood] [Run ID: a07c95d4-29dc-42f1-841b-3aae156aa714] Timing factors - Circadian: 0.70, Workday: 0.70, Adjusted rate: 10.6 pps
2025-09-12 18:04:10,874 - attack_logger - INFO - [icmp_flood] [Run ID: a07c95d4-29dc-42f1-841b-3aae156aa714] Attack progress: 3.2s elapsed, ~30 packets sent, Rate: 9.4 pps, IP rotations: ~2, Phase: active (intensity: 0.82)
2025-09-12 18:04:10,874 - attack_logger - DEBUG - [icmp_flood] [Run ID: a07c95d4-29dc-42f1-841b-3aae156aa714] Process stats - CPU: 0.0%, Memory: 60.4MB
2025-09-12 18:04:10,874 - attack_logger - DEBUG - [icmp_flood] [Run ID: a07c95d4-29dc-42f1-841b-3aae156aa714] Timing factors - Circadian: 0.70, Workday: 0.70, Adjusted rate: 9.5 pps
2025-09-12 18:04:11,906 - attack_logger - INFO - [icmp_flood] [Run ID: a07c95d4-29dc-42f1-841b-3aae156aa714] Attack progress: 4.2s elapsed, ~47 packets sent, Rate: 11.2 pps, IP rotations: ~3, Phase: active (intensity: 0.82)
2025-09-12 18:04:11,907 - attack_logger - DEBUG - [icmp_flood] [Run ID: a07c95d4-29dc-42f1-841b-3aae156aa714] Process stats - CPU: 0.0%, Memory: 60.4MB
2025-09-12 18:04:11,907 - attack_logger - DEBUG - [icmp_flood] [Run ID: a07c95d4-29dc-42f1-841b-3aae156aa714] Timing factors - Circadian: 0.70, Workday: 0.70, Adjusted rate: 11.4 pps
2025-09-12 18:04:12,974 - attack_logger - INFO - [icmp_flood] [Run ID: a07c95d4-29dc-42f1-841b-3aae156aa714] Attack progress: 5.3s elapsed, ~48 packets sent, Rate: 9.1 pps, IP rotations: ~3, Phase: active (intensity: 0.82)
2025-09-12 18:04:12,974 - attack_logger - DEBUG - [icmp_flood] [Run ID: a07c95d4-29dc-42f1-841b-3aae156aa714] Process stats - CPU: 0.0%, Memory: 60.4MB
2025-09-12 18:04:12,974 - attack_logger - DEBUG - [icmp_flood] [Run ID: a07c95d4-29dc-42f1-841b-3aae156aa714] Timing factors - Circadian: 0.70, Workday: 0.70, Adjusted rate: 9.3 pps
2025-09-12 18:04:14,000 - attack_logger - INFO - [icmp_flood] [Run ID: a07c95d4-29dc-42f1-841b-3aae156aa714] Attack progress: 6.3s elapsed, ~72 packets sent, Rate: 11.4 pps, IP rotations: ~4, Phase: active (intensity: 0.82)
2025-09-12 18:04:14,000 - attack_logger - DEBUG - [icmp_flood] [Run ID: a07c95d4-29dc-42f1-841b-3aae156aa714] Process stats - CPU: 0.0%, Memory: 60.4MB
2025-09-12 18:04:14,000 - attack_logger - DEBUG - [icmp_flood] [Run ID: a07c95d4-29dc-42f1-841b-3aae156aa714] Timing factors - Circadian: 0.70, Workday: 0.70, Adjusted rate: 11.5 pps
2025-09-12 18:04:15,030 - attack_logger - INFO - [icmp_flood] [Run ID: a07c95d4-29dc-42f1-841b-3aae156aa714] Attack progress: 7.3s elapsed, ~61 packets sent, Rate: 8.3 pps, IP rotations: ~4, Phase: active (intensity: 0.82)
2025-09-12 18:04:15,030 - attack_logger - DEBUG - [icmp_flood] [Run ID: a07c95d4-29dc-42f1-841b-3aae156aa714] Process stats - CPU: 0.0%, Memory: 60.4MB
2025-09-12 18:04:15,030 - attack_logger - DEBUG - [icmp_flood] [Run ID: a07c95d4-29dc-42f1-841b-3aae156aa714] Timing factors - Circadian: 0.70, Workday: 0.70, Adjusted rate: 8.4 pps
2025-09-12 18:04:15,730 - attack_logger - DEBUG - [icmp_flood] [Run ID: a07c95d4-29dc-42f1-841b-3aae156aa714] Sent SIGINT to ICMP flood process 125580
2025-09-12 18:04:16,233 - attack_logger - INFO - [icmp_flood] [Run ID: a07c95d4-29dc-42f1-841b-3aae156aa714] Enhanced ICMP Flood with RFC 1918 IP Rotation from h1 to 192.168.20.12 finished.
2025-09-12 18:04:16,233 - attack_logger - INFO - [icmp_flood] [Run ID: a07c95d4-29dc-42f1-841b-3aae156aa714] Attack completed. Total packets sent = 93, Average rate = 11.58 packets/sec.
2025-09-12 18:04:16,233 - attack_logger - INFO - [icmp_flood] [Run ID: a07c95d4-29dc-42f1-841b-3aae156aa714] --- Enhanced Attack Summary ---
2025-09-12 18:04:16,234 - attack_logger - INFO - [icmp_flood] [Run ID: a07c95d4-29dc-42f1-841b-3aae156aa714] Total packets sent: 93
2025-09-12 18:04:16,234 - attack_logger - INFO - [icmp_flood] [Run ID: a07c95d4-29dc-42f1-841b-3aae156aa714] Total IP rotations: ~6
2025-09-12 18:04:16,234 - attack_logger - INFO - [icmp_flood] [Run ID: a07c95d4-29dc-42f1-841b-3aae156aa714] RFC 1918 IP pool size: 50
2025-09-12 18:04:16,234 - attack_logger - INFO - [icmp_flood] [Run ID: a07c95d4-29dc-42f1-841b-3aae156aa714] IP ranges used: 10.0.0.0/8, 172.16.0.0/12, 192.168.0.0/16
2025-09-12 18:04:16,234 - attack_logger - INFO - [icmp_flood] [Run ID: a07c95d4-29dc-42f1-841b-3aae156aa714] Actual duration: 8.03s
2025-09-12 18:04:16,234 - attack_logger - INFO - [icmp_flood] [Run ID: a07c95d4-29dc-42f1-841b-3aae156aa714] Average rate: 11.58 packets/sec
2025-09-12 18:04:16,234 - attack_logger - INFO - [icmp_flood] [Run ID: a07c95d4-29dc-42f1-841b-3aae156aa714] Base rate: 23.6 pps
2025-09-12 18:04:16,234 - attack_logger - INFO - [icmp_flood] [Run ID: a07c95d4-29dc-42f1-841b-3aae156aa714] Circadian factor: 0.70
2025-09-12 18:04:16,234 - attack_logger - INFO - [icmp_flood] [Run ID: a07c95d4-29dc-42f1-841b-3aae156aa714] Workday factor: 0.70
2025-09-12 18:04:16,234 - attack_logger - INFO - [icmp_flood] [Run ID: a07c95d4-29dc-42f1-841b-3aae156aa714] Session phases: 1
2025-09-12 18:04:16,234 - attack_logger - INFO - [icmp_flood] [Run ID: a07c95d4-29dc-42f1-841b-3aae156aa714] ICMP type: Echo Request (8) with ID/Seq variations
2025-09-12 18:04:16,234 - attack_logger - INFO - [icmp_flood] [Run ID: a07c95d4-29dc-42f1-841b-3aae156aa714] Attack method: Enhanced ICMP Flood with RFC 1918 IP Rotation
2025-09-12 18:04:16,234 - attack_logger - INFO - [icmp_flood] [Run ID: a07c95d4-29dc-42f1-841b-3aae156aa714] Enhancement features: RFC 1918 IP rotation, human timing patterns, protocol compliance, network delay simulation
2025-09-12 18:04:16,234 - attack_logger - INFO - [icmp_flood] [Run ID: a07c95d4-29dc-42f1-841b-3aae156aa714] ----------------------------------------
2025-09-12 18:04:16,272 - attack_logger - INFO - Attack: Enhanced ICMP Flood completed.
2025-09-12 18:04:16,785 - attack_logger - INFO - Attack: ENHANCED Adversarial TCP State Exhaustion (8s) | h1 -> h6
2025-09-12 18:04:27,999 - attack_logger - INFO - Attack: ENHANCED Adversarial Application Layer (3s) | h1 -> h6
2025-09-12 18:04:34,248 - attack_logger - INFO - Attack: ENHANCED Adversarial Slow Read (9s) | h1 -> h6
2025-09-12 18:04:46,528 - attack_logger - INFO - Attack: ENHANCED Adversarial Slow Read completed.
