2025-09-12 17:59:57 - [BENIGN] - INFO - Starting benign traffic for 200 seconds...
2025-09-12 17:59:57 - [BENIGN] - INFO - Protocol separation: h2↔h5 (ICMP), h3↔h5 (TCP/UDP)
2025-09-12 17:59:57 - [BENIGN] - DEBUG - Generated ICMP traffic h2↔h5 0 [len=84B]
2025-09-12 17:59:57 - [BENIGN] - DEBUG - Generated TCP SYN from h3:17049 -> h5:12345 [len=54B]
2025-09-12 17:59:58 - [BENIGN] - DEBUG - Generated TCP SYN-ACK from h5:12345 <- h3:17049 [len=54B]
2025-09-12 17:59:58 - [BENIGN] - DEBUG - Generated TCP ACK from h3:17049 -> h5:12345 [len=54B]
2025-09-12 17:59:59 - [BENIGN] - DEBUG - Generated TCP data traffic from h3:17049 -> h5:12345 [content='TCP data'] [Session 1] [len=760B]
2025-09-12 18:00:00 - [BENIGN] - DEBUG - Generated TCP ACK reply from h5:12345 <- h3:17049 [len=54B]
2025-09-12 18:00:00 - [BENIGN] - DEBUG - Generated UDP traffic from h3:4126 -> h5:12346 [content='e82a29994e4fba8fe88dced747d5eb11f5979cd6...'] [Session 2] [len=1508B]
2025-09-12 18:00:01 - [BENIGN] - DEBUG - Generated Telnet SYN from h3:6418 -> h5:23 [len=54B]
2025-09-12 18:00:02 - [BENIGN] - DEBUG - Generated Telnet SYN-ACK from h5:23 <- h3:6418 [len=54B]
2025-09-12 18:00:02 - [BENIGN] - DEBUG - Generated Telnet ACK from h3:6418 -> h5:23 [len=54B]
2025-09-12 18:00:03 - [BENIGN] - DEBUG - Generated Telnet data traffic from h3:6418 -> h5:23 [content='Telnet command'] [Session 3] [len=955B]
2025-09-12 18:00:04 - [BENIGN] - DEBUG - Generated Telnet ACK reply from h5:23 <- h3:6418 [len=54B]
2025-09-12 18:00:04 - [BENIGN] - DEBUG - Generated SSH SYN from h3:22441 -> h5:22 [len=54B]
2025-09-12 18:00:05 - [BENIGN] - DEBUG - Generated SSH SYN-ACK from h5:22 <- h3:22441 [len=54B]
2025-09-12 18:00:06 - [BENIGN] - DEBUG - Generated SSH ACK from h3:22441 -> h5:22 [len=54B]
2025-09-12 18:00:06 - [BENIGN] - DEBUG - Generated SSH data traffic from h3:22441 -> h5:22 [content='SSH encrypted data'] [Session 4] [len=883B]
2025-09-12 18:00:07 - [BENIGN] - DEBUG - Generated SSH ACK reply from h5:22 <- h3:22441 [len=54B]
2025-09-12 18:00:08 - [BENIGN] - DEBUG - Generated FTP SYN from h3:31168 -> h5:21 [len=54B]
2025-09-12 18:00:08 - [BENIGN] - DEBUG - Generated FTP SYN-ACK from h5:21 <- h3:31168 [len=54B]
2025-09-12 18:00:09 - [BENIGN] - DEBUG - Generated FTP ACK from h3:31168 -> h5:21 [len=54B]
2025-09-12 18:00:10 - [BENIGN] - DEBUG - Generated FTP data traffic from h3:31168 -> h5:21 [content='FTP file transfer'] [Session 5] [len=335B]
2025-09-12 18:00:10 - [BENIGN] - DEBUG - Generated FTP ACK reply from h5:21 <- h3:31168 [len=54B]
2025-09-12 18:00:11 - [BENIGN] - DEBUG - Generated HTTP SYN from h3:36717 -> h5:80 [len=54B]
2025-09-12 18:00:11 - [BENIGN] - DEBUG - Generated HTTP SYN-ACK from h5:80 <- h3:36717 [len=54B]
2025-09-12 18:00:12 - [BENIGN] - DEBUG - Generated HTTP ACK from h3:36717 -> h5:80 [len=54B]
2025-09-12 18:00:13 - [BENIGN] - DEBUG - Generated HTTP data traffic from h3:36717 -> h5:80 [content='GET /index.html HTTP/1.1'] [Session 6] [len=538B]
2025-09-12 18:00:13 - [BENIGN] - DEBUG - Generated HTTP ACK reply from h5:80 <- h3:36717 [len=54B]
2025-09-12 18:00:14 - [BENIGN] - DEBUG - Generated HTTPS SYN from h3:26265 -> h5:443 [len=54B]
2025-09-12 18:00:15 - [BENIGN] - DEBUG - Generated HTTPS SYN-ACK from h5:443 <- h3:26265 [len=54B]
2025-09-12 18:00:15 - [BENIGN] - DEBUG - Generated HTTPS ACK from h3:26265 -> h5:443 [len=54B]
2025-09-12 18:00:16 - [BENIGN] - DEBUG - Generated HTTPS data traffic from h3:26265 -> h5:443 [content='Encrypted Application Data'] [Session 7] [len=463B]
2025-09-12 18:00:17 - [BENIGN] - DEBUG - Generated HTTPS ACK reply from h5:443 <- h3:26265 [len=54B]
2025-09-12 18:00:17 - [BENIGN] - DEBUG - Generated DNS query from h3:6320 -> h5:53 [qname='example.com'] [Session 8] [len=71B]
2025-09-12 18:00:17 - [BENIGN] - DEBUG - Generated ICMP traffic h2↔h5 1 [len=84B]
2025-09-12 18:00:18 - [BENIGN] - DEBUG - Generated TCP SYN from h3:17069 -> h5:12345 [len=54B]
2025-09-12 18:00:19 - [BENIGN] - DEBUG - Generated TCP SYN-ACK from h5:12345 <- h3:17069 [len=54B]
2025-09-12 18:00:19 - [BENIGN] - DEBUG - Generated TCP ACK from h3:17069 -> h5:12345 [len=54B]
2025-09-12 18:00:20 - [BENIGN] - DEBUG - Generated TCP data traffic from h3:17069 -> h5:12345 [content='TCP data'] [Session 9] [len=1454B]
2025-09-12 18:00:20 - [BENIGN] - DEBUG - Generated TCP ACK reply from h5:12345 <- h3:17069 [len=54B]
2025-09-12 18:00:21 - [BENIGN] - DEBUG - Generated UDP traffic from h3:58845 -> h5:12346 [content='0796b98e8b05149db9179bcb4c1e97e8d9e9f8ab...'] [Session 10] [len=757B]
2025-09-12 18:00:22 - [BENIGN] - DEBUG - Generated Telnet SYN from h3:32471 -> h5:23 [len=54B]
2025-09-12 18:00:22 - [BENIGN] - DEBUG - Generated Telnet SYN-ACK from h5:23 <- h3:32471 [len=54B]
2025-09-12 18:00:23 - [BENIGN] - DEBUG - Generated Telnet ACK from h3:32471 -> h5:23 [len=54B]
2025-09-12 18:00:24 - [BENIGN] - DEBUG - Generated Telnet data traffic from h3:32471 -> h5:23 [content='Telnet command'] [Session 11] [len=639B]
2025-09-12 18:00:24 - [BENIGN] - DEBUG - Generated Telnet ACK reply from h5:23 <- h3:32471 [len=54B]
2025-09-12 18:00:25 - [BENIGN] - DEBUG - Generated SSH SYN from h3:19268 -> h5:22 [len=54B]
2025-09-12 18:00:25 - [BENIGN] - DEBUG - Generated SSH SYN-ACK from h5:22 <- h3:19268 [len=54B]
2025-09-12 18:00:26 - [BENIGN] - DEBUG - Generated SSH ACK from h3:19268 -> h5:22 [len=54B]
2025-09-12 18:00:27 - [BENIGN] - DEBUG - Generated SSH data traffic from h3:19268 -> h5:22 [content='SSH encrypted data'] [Session 12] [len=764B]
2025-09-12 18:00:27 - [BENIGN] - DEBUG - Generated SSH ACK reply from h5:22 <- h3:19268 [len=54B]
2025-09-12 18:00:28 - [BENIGN] - DEBUG - Generated FTP SYN from h3:44157 -> h5:21 [len=54B]
2025-09-12 18:00:29 - [BENIGN] - DEBUG - Generated FTP SYN-ACK from h5:21 <- h3:44157 [len=54B]
2025-09-12 18:00:29 - [BENIGN] - DEBUG - Generated FTP ACK from h3:44157 -> h5:21 [len=54B]
2025-09-12 18:00:30 - [BENIGN] - DEBUG - Generated FTP data traffic from h3:44157 -> h5:21 [content='FTP file transfer'] [Session 13] [len=675B]
2025-09-12 18:00:30 - [BENIGN] - DEBUG - Generated FTP ACK reply from h5:21 <- h3:44157 [len=54B]
2025-09-12 18:00:31 - [BENIGN] - DEBUG - Generated HTTP SYN from h3:48556 -> h5:80 [len=54B]
2025-09-12 18:00:32 - [BENIGN] - DEBUG - Generated HTTP SYN-ACK from h5:80 <- h3:48556 [len=54B]
2025-09-12 18:00:32 - [BENIGN] - DEBUG - Generated HTTP ACK from h3:48556 -> h5:80 [len=54B]
2025-09-12 18:00:33 - [BENIGN] - DEBUG - Generated HTTP data traffic from h3:48556 -> h5:80 [content='GET /index.html HTTP/1.1'] [Session 14] [len=289B]
2025-09-12 18:00:34 - [BENIGN] - DEBUG - Generated HTTP ACK reply from h5:80 <- h3:48556 [len=54B]
2025-09-12 18:00:34 - [BENIGN] - DEBUG - Generated HTTPS SYN from h3:33126 -> h5:443 [len=54B]
2025-09-12 18:00:35 - [BENIGN] - DEBUG - Generated HTTPS SYN-ACK from h5:443 <- h3:33126 [len=54B]
2025-09-12 18:00:36 - [BENIGN] - DEBUG - Generated HTTPS ACK from h3:33126 -> h5:443 [len=54B]
2025-09-12 18:00:36 - [BENIGN] - DEBUG - Generated HTTPS data traffic from h3:33126 -> h5:443 [content='Encrypted Application Data'] [Session 15] [len=427B]
2025-09-12 18:00:37 - [BENIGN] - DEBUG - Generated HTTPS ACK reply from h5:443 <- h3:33126 [len=54B]
2025-09-12 18:00:37 - [BENIGN] - DEBUG - Generated DNS query from h3:46775 -> h5:53 [qname='example.com'] [Session 16] [len=71B]
2025-09-12 18:00:37 - [BENIGN] - DEBUG - Generated ICMP traffic h2↔h5 2 [len=84B]
2025-09-12 18:00:38 - [BENIGN] - DEBUG - Generated TCP SYN from h3:49000 -> h5:12345 [len=54B]
2025-09-12 18:00:39 - [BENIGN] - DEBUG - Generated TCP SYN-ACK from h5:12345 <- h3:49000 [len=54B]
2025-09-12 18:00:39 - [BENIGN] - DEBUG - Generated TCP ACK from h3:49000 -> h5:12345 [len=54B]
2025-09-12 18:00:40 - [BENIGN] - DEBUG - Generated TCP data traffic from h3:49000 -> h5:12345 [content='TCP data'] [Session 17] [len=1481B]
2025-09-12 18:00:41 - [BENIGN] - DEBUG - Generated TCP ACK reply from h5:12345 <- h3:49000 [len=54B]
2025-09-12 18:00:41 - [BENIGN] - DEBUG - Generated UDP traffic from h3:36778 -> h5:12346 [content='38a3711d0f8ff8976b0d2990e47905b0a46c0204...'] [Session 18] [len=281B]
2025-09-12 18:00:42 - [BENIGN] - DEBUG - Generated Telnet SYN from h3:43790 -> h5:23 [len=54B]
2025-09-12 18:00:42 - [BENIGN] - DEBUG - Generated Telnet SYN-ACK from h5:23 <- h3:43790 [len=54B]
2025-09-12 18:00:43 - [BENIGN] - DEBUG - Generated Telnet ACK from h3:43790 -> h5:23 [len=54B]
2025-09-12 18:00:44 - [BENIGN] - DEBUG - Generated Telnet data traffic from h3:43790 -> h5:23 [content='Telnet command'] [Session 19] [len=356B]
2025-09-12 18:00:44 - [BENIGN] - DEBUG - Generated Telnet ACK reply from h5:23 <- h3:43790 [len=54B]
2025-09-12 18:00:45 - [BENIGN] - DEBUG - Generated SSH SYN from h3:34611 -> h5:22 [len=54B]
2025-09-12 18:00:46 - [BENIGN] - DEBUG - Generated SSH SYN-ACK from h5:22 <- h3:34611 [len=54B]
2025-09-12 18:00:46 - [BENIGN] - DEBUG - Generated SSH ACK from h3:34611 -> h5:22 [len=54B]
2025-09-12 18:00:47 - [BENIGN] - DEBUG - Generated SSH data traffic from h3:34611 -> h5:22 [content='SSH encrypted data'] [Session 20] [len=696B]
2025-09-12 18:00:47 - [BENIGN] - DEBUG - Generated SSH ACK reply from h5:22 <- h3:34611 [len=54B]
2025-09-12 18:00:48 - [BENIGN] - DEBUG - Generated FTP SYN from h3:37825 -> h5:21 [len=54B]
2025-09-12 18:00:49 - [BENIGN] - DEBUG - Generated FTP SYN-ACK from h5:21 <- h3:37825 [len=54B]
2025-09-12 18:00:49 - [BENIGN] - DEBUG - Generated FTP ACK from h3:37825 -> h5:21 [len=54B]
2025-09-12 18:00:50 - [BENIGN] - DEBUG - Generated FTP data traffic from h3:37825 -> h5:21 [content='FTP file transfer'] [Session 21] [len=1123B]
2025-09-12 18:00:51 - [BENIGN] - DEBUG - Generated FTP ACK reply from h5:21 <- h3:37825 [len=54B]
2025-09-12 18:00:51 - [BENIGN] - DEBUG - Generated HTTP SYN from h3:51233 -> h5:80 [len=54B]
2025-09-12 18:00:52 - [BENIGN] - DEBUG - Generated HTTP SYN-ACK from h5:80 <- h3:51233 [len=54B]
2025-09-12 18:00:52 - [BENIGN] - DEBUG - Generated HTTP ACK from h3:51233 -> h5:80 [len=54B]
2025-09-12 18:00:53 - [BENIGN] - DEBUG - Generated HTTP data traffic from h3:51233 -> h5:80 [content='GET /index.html HTTP/1.1'] [Session 22] [len=264B]
2025-09-12 18:00:54 - [BENIGN] - DEBUG - Generated HTTP ACK reply from h5:80 <- h3:51233 [len=54B]
2025-09-12 18:00:54 - [BENIGN] - DEBUG - Generated HTTPS SYN from h3:44573 -> h5:443 [len=54B]
2025-09-12 18:00:55 - [BENIGN] - DEBUG - Generated HTTPS SYN-ACK from h5:443 <- h3:44573 [len=54B]
2025-09-12 18:00:56 - [BENIGN] - DEBUG - Generated HTTPS ACK from h3:44573 -> h5:443 [len=54B]
2025-09-12 18:00:56 - [BENIGN] - DEBUG - Generated HTTPS data traffic from h3:44573 -> h5:443 [content='Encrypted Application Data'] [Session 23] [len=379B]
2025-09-12 18:00:57 - [BENIGN] - DEBUG - Generated HTTPS ACK reply from h5:443 <- h3:44573 [len=54B]
2025-09-12 18:00:57 - [BENIGN] - DEBUG - Generated DNS query from h3:39549 -> h5:53 [qname='example.com'] [Session 24] [len=71B]
2025-09-12 18:00:58 - [BENIGN] - DEBUG - Generated ICMP traffic h2↔h5 3 [len=84B]
2025-09-12 18:00:58 - [BENIGN] - DEBUG - Generated TCP SYN from h3:34714 -> h5:12345 [len=54B]
2025-09-12 18:00:59 - [BENIGN] - DEBUG - Generated TCP SYN-ACK from h5:12345 <- h3:34714 [len=54B]
2025-09-12 18:00:59 - [BENIGN] - DEBUG - Generated TCP ACK from h3:34714 -> h5:12345 [len=54B]
2025-09-12 18:01:00 - [BENIGN] - DEBUG - Generated TCP data traffic from h3:34714 -> h5:12345 [content='TCP data'] [Session 25] [len=194B]
2025-09-12 18:01:01 - [BENIGN] - DEBUG - Generated TCP ACK reply from h5:12345 <- h3:34714 [len=54B]
2025-09-12 18:01:01 - [BENIGN] - DEBUG - Generated UDP traffic from h3:63738 -> h5:12346 [content='6f093cbee01ab1f37b18ad51c53596a6d482ebc3...'] [Session 26] [len=962B]
2025-09-12 18:01:02 - [BENIGN] - DEBUG - Generated Telnet SYN from h3:7441 -> h5:23 [len=54B]
2025-09-12 18:01:03 - [BENIGN] - DEBUG - Generated Telnet SYN-ACK from h5:23 <- h3:7441 [len=54B]
2025-09-12 18:01:03 - [BENIGN] - DEBUG - Generated Telnet ACK from h3:7441 -> h5:23 [len=54B]
2025-09-12 18:01:04 - [BENIGN] - DEBUG - Generated Telnet data traffic from h3:7441 -> h5:23 [content='Telnet command'] [Session 27] [len=560B]
2025-09-12 18:01:04 - [BENIGN] - DEBUG - Generated Telnet ACK reply from h5:23 <- h3:7441 [len=54B]
2025-09-12 18:01:05 - [BENIGN] - DEBUG - Generated SSH SYN from h3:37223 -> h5:22 [len=54B]
2025-09-12 18:01:06 - [BENIGN] - DEBUG - Generated SSH SYN-ACK from h5:22 <- h3:37223 [len=54B]
2025-09-12 18:01:06 - [BENIGN] - DEBUG - Generated SSH ACK from h3:37223 -> h5:22 [len=54B]
2025-09-12 18:01:07 - [BENIGN] - DEBUG - Generated SSH data traffic from h3:37223 -> h5:22 [content='SSH encrypted data'] [Session 28] [len=940B]
2025-09-12 18:01:08 - [BENIGN] - DEBUG - Generated SSH ACK reply from h5:22 <- h3:37223 [len=54B]
2025-09-12 18:01:08 - [BENIGN] - DEBUG - Generated FTP SYN from h3:33495 -> h5:21 [len=54B]
2025-09-12 18:01:09 - [BENIGN] - DEBUG - Generated FTP SYN-ACK from h5:21 <- h3:33495 [len=54B]
2025-09-12 18:01:09 - [BENIGN] - DEBUG - Generated FTP ACK from h3:33495 -> h5:21 [len=54B]
2025-09-12 18:01:10 - [BENIGN] - DEBUG - Generated FTP data traffic from h3:33495 -> h5:21 [content='FTP file transfer'] [Session 29] [len=1243B]
2025-09-12 18:01:11 - [BENIGN] - DEBUG - Generated FTP ACK reply from h5:21 <- h3:33495 [len=54B]
2025-09-12 18:01:11 - [BENIGN] - DEBUG - Generated HTTP SYN from h3:7957 -> h5:80 [len=54B]
2025-09-12 18:01:12 - [BENIGN] - DEBUG - Generated HTTP SYN-ACK from h5:80 <- h3:7957 [len=54B]
2025-09-12 18:01:13 - [BENIGN] - DEBUG - Generated HTTP ACK from h3:7957 -> h5:80 [len=54B]
2025-09-12 18:01:13 - [BENIGN] - DEBUG - Generated HTTP data traffic from h3:7957 -> h5:80 [content='GET /index.html HTTP/1.1'] [Session 30] [len=586B]
2025-09-12 18:01:14 - [BENIGN] - DEBUG - Generated HTTP ACK reply from h5:80 <- h3:7957 [len=54B]
2025-09-12 18:01:14 - [BENIGN] - DEBUG - Generated HTTPS SYN from h3:26113 -> h5:443 [len=54B]
2025-09-12 18:01:15 - [BENIGN] - DEBUG - Generated HTTPS SYN-ACK from h5:443 <- h3:26113 [len=54B]
2025-09-12 18:01:16 - [BENIGN] - DEBUG - Generated HTTPS ACK from h3:26113 -> h5:443 [len=54B]
2025-09-12 18:01:16 - [BENIGN] - DEBUG - Generated HTTPS data traffic from h3:26113 -> h5:443 [content='Encrypted Application Data'] [Session 31] [len=683B]
2025-09-12 18:01:17 - [BENIGN] - DEBUG - Generated HTTPS ACK reply from h5:443 <- h3:26113 [len=54B]
2025-09-12 18:01:17 - [BENIGN] - DEBUG - Generated DNS query from h3:56122 -> h5:53 [qname='example.com'] [Session 32] [len=71B]
2025-09-12 18:01:18 - [BENIGN] - DEBUG - Generated ICMP traffic h2↔h5 4 [len=84B]
2025-09-12 18:01:18 - [BENIGN] - DEBUG - Generated TCP SYN from h3:6156 -> h5:12345 [len=54B]
2025-09-12 18:01:19 - [BENIGN] - DEBUG - Generated TCP SYN-ACK from h5:12345 <- h3:6156 [len=54B]
2025-09-12 18:01:19 - [BENIGN] - DEBUG - Generated TCP ACK from h3:6156 -> h5:12345 [len=54B]
2025-09-12 18:01:20 - [BENIGN] - DEBUG - Generated TCP data traffic from h3:6156 -> h5:12345 [content='TCP data'] [Session 33] [len=254B]
2025-09-12 18:01:21 - [BENIGN] - DEBUG - Generated TCP ACK reply from h5:12345 <- h3:6156 [len=54B]
2025-09-12 18:01:21 - [BENIGN] - DEBUG - Generated UDP traffic from h3:55199 -> h5:12346 [content='3d25256e7753aec2c1c8dae2b546a4a90523f553...'] [Session 34] [len=124B]
2025-09-12 18:01:22 - [BENIGN] - DEBUG - Generated Telnet SYN from h3:25704 -> h5:23 [len=54B]
2025-09-12 18:01:23 - [BENIGN] - DEBUG - Generated Telnet SYN-ACK from h5:23 <- h3:25704 [len=54B]
2025-09-12 18:01:23 - [BENIGN] - DEBUG - Generated Telnet ACK from h3:25704 -> h5:23 [len=54B]
2025-09-12 18:01:24 - [BENIGN] - DEBUG - Generated Telnet data traffic from h3:25704 -> h5:23 [content='Telnet command'] [Session 35] [len=595B]
2025-09-12 18:01:24 - [BENIGN] - DEBUG - Generated Telnet ACK reply from h5:23 <- h3:25704 [len=54B]
2025-09-12 18:01:25 - [BENIGN] - DEBUG - Generated SSH SYN from h3:41579 -> h5:22 [len=54B]
2025-09-12 18:01:26 - [BENIGN] - DEBUG - Generated SSH SYN-ACK from h5:22 <- h3:41579 [len=54B]
2025-09-12 18:01:26 - [BENIGN] - DEBUG - Generated SSH ACK from h3:41579 -> h5:22 [len=54B]
2025-09-12 18:01:27 - [BENIGN] - DEBUG - Generated SSH data traffic from h3:41579 -> h5:22 [content='SSH encrypted data'] [Session 36] [len=197B]
2025-09-12 18:01:28 - [BENIGN] - DEBUG - Generated SSH ACK reply from h5:22 <- h3:41579 [len=54B]
2025-09-12 18:01:28 - [BENIGN] - DEBUG - Generated FTP SYN from h3:35334 -> h5:21 [len=54B]
2025-09-12 18:01:29 - [BENIGN] - DEBUG - Generated FTP SYN-ACK from h5:21 <- h3:35334 [len=54B]
2025-09-12 18:01:29 - [BENIGN] - DEBUG - Generated FTP ACK from h3:35334 -> h5:21 [len=54B]
2025-09-12 18:01:30 - [BENIGN] - DEBUG - Generated FTP data traffic from h3:35334 -> h5:21 [content='FTP file transfer'] [Session 37] [len=557B]
2025-09-12 18:01:31 - [BENIGN] - DEBUG - Generated FTP ACK reply from h5:21 <- h3:35334 [len=54B]
2025-09-12 18:01:31 - [BENIGN] - DEBUG - Generated HTTP SYN from h3:40603 -> h5:80 [len=54B]
2025-09-12 18:01:32 - [BENIGN] - DEBUG - Generated HTTP SYN-ACK from h5:80 <- h3:40603 [len=54B]
2025-09-12 18:01:33 - [BENIGN] - DEBUG - Generated HTTP ACK from h3:40603 -> h5:80 [len=54B]
2025-09-12 18:01:33 - [BENIGN] - DEBUG - Generated HTTP data traffic from h3:40603 -> h5:80 [content='GET /index.html HTTP/1.1'] [Session 38] [len=270B]
2025-09-12 18:01:34 - [BENIGN] - DEBUG - Generated HTTP ACK reply from h5:80 <- h3:40603 [len=54B]
2025-09-12 18:01:35 - [BENIGN] - DEBUG - Generated HTTPS SYN from h3:1827 -> h5:443 [len=54B]
2025-09-12 18:01:35 - [BENIGN] - DEBUG - Generated HTTPS SYN-ACK from h5:443 <- h3:1827 [len=54B]
2025-09-12 18:01:36 - [BENIGN] - DEBUG - Generated HTTPS ACK from h3:1827 -> h5:443 [len=54B]
2025-09-12 18:01:37 - [BENIGN] - DEBUG - Generated HTTPS data traffic from h3:1827 -> h5:443 [content='Encrypted Application Data'] [Session 39] [len=741B]
2025-09-12 18:01:37 - [BENIGN] - DEBUG - Generated HTTPS ACK reply from h5:443 <- h3:1827 [len=54B]
2025-09-12 18:01:38 - [BENIGN] - DEBUG - Generated DNS query from h3:62131 -> h5:53 [qname='example.com'] [Session 40] [len=71B]
2025-09-12 18:01:38 - [BENIGN] - DEBUG - Generated ICMP traffic h2↔h5 5 [len=84B]
2025-09-12 18:01:39 - [BENIGN] - DEBUG - Generated TCP SYN from h3:42922 -> h5:12345 [len=54B]
2025-09-12 18:01:39 - [BENIGN] - DEBUG - Generated TCP SYN-ACK from h5:12345 <- h3:42922 [len=54B]
2025-09-12 18:01:40 - [BENIGN] - DEBUG - Generated TCP ACK from h3:42922 -> h5:12345 [len=54B]
2025-09-12 18:01:41 - [BENIGN] - DEBUG - Generated TCP data traffic from h3:42922 -> h5:12345 [content='TCP data'] [Session 41] [len=976B]
2025-09-12 18:01:41 - [BENIGN] - DEBUG - Generated TCP ACK reply from h5:12345 <- h3:42922 [len=54B]
2025-09-12 18:01:42 - [BENIGN] - DEBUG - Generated UDP traffic from h3:30989 -> h5:12346 [content='6edd5897d2561fe55870c5413a0ea20b879f6121...'] [Session 42] [len=461B]
2025-09-12 18:01:42 - [BENIGN] - DEBUG - Generated Telnet SYN from h3:5479 -> h5:23 [len=54B]
2025-09-12 18:01:43 - [BENIGN] - DEBUG - Generated Telnet SYN-ACK from h5:23 <- h3:5479 [len=54B]
2025-09-12 18:01:44 - [BENIGN] - DEBUG - Generated Telnet ACK from h3:5479 -> h5:23 [len=54B]
2025-09-12 18:01:44 - [BENIGN] - DEBUG - Generated Telnet data traffic from h3:5479 -> h5:23 [content='Telnet command'] [Session 43] [len=484B]
2025-09-12 18:01:45 - [BENIGN] - DEBUG - Generated Telnet ACK reply from h5:23 <- h3:5479 [len=54B]
2025-09-12 18:01:46 - [BENIGN] - DEBUG - Generated SSH SYN from h3:36999 -> h5:22 [len=54B]
2025-09-12 18:01:46 - [BENIGN] - DEBUG - Generated SSH SYN-ACK from h5:22 <- h3:36999 [len=54B]
2025-09-12 18:01:47 - [BENIGN] - DEBUG - Generated SSH ACK from h3:36999 -> h5:22 [len=54B]
2025-09-12 18:01:48 - [BENIGN] - DEBUG - Generated SSH data traffic from h3:36999 -> h5:22 [content='SSH encrypted data'] [Session 44] [len=482B]
2025-09-12 18:01:48 - [BENIGN] - DEBUG - Generated SSH ACK reply from h5:22 <- h3:36999 [len=54B]
2025-09-12 18:01:49 - [BENIGN] - DEBUG - Generated FTP SYN from h3:5430 -> h5:21 [len=54B]
2025-09-12 18:01:50 - [BENIGN] - DEBUG - Generated FTP SYN-ACK from h5:21 <- h3:5430 [len=54B]
2025-09-12 18:01:50 - [BENIGN] - DEBUG - Generated FTP ACK from h3:5430 -> h5:21 [len=54B]
2025-09-12 18:01:51 - [BENIGN] - DEBUG - Generated FTP data traffic from h3:5430 -> h5:21 [content='FTP file transfer'] [Session 45] [len=1039B]
2025-09-12 18:01:51 - [BENIGN] - DEBUG - Generated FTP ACK reply from h5:21 <- h3:5430 [len=54B]
2025-09-12 18:01:52 - [BENIGN] - DEBUG - Generated HTTP SYN from h3:44807 -> h5:80 [len=54B]
2025-09-12 18:01:53 - [BENIGN] - DEBUG - Generated HTTP SYN-ACK from h5:80 <- h3:44807 [len=54B]
2025-09-12 18:01:53 - [BENIGN] - DEBUG - Generated HTTP ACK from h3:44807 -> h5:80 [len=54B]
2025-09-12 18:01:54 - [BENIGN] - DEBUG - Generated HTTP data traffic from h3:44807 -> h5:80 [content='GET /index.html HTTP/1.1'] [Session 46] [len=391B]
2025-09-12 18:01:55 - [BENIGN] - DEBUG - Generated HTTP ACK reply from h5:80 <- h3:44807 [len=54B]
2025-09-12 18:01:55 - [BENIGN] - DEBUG - Generated HTTPS SYN from h3:19715 -> h5:443 [len=54B]
2025-09-12 18:01:56 - [BENIGN] - DEBUG - Generated HTTPS SYN-ACK from h5:443 <- h3:19715 [len=54B]
2025-09-12 18:01:57 - [BENIGN] - DEBUG - Generated HTTPS ACK from h3:19715 -> h5:443 [len=54B]
2025-09-12 18:01:57 - [BENIGN] - DEBUG - Generated HTTPS data traffic from h3:19715 -> h5:443 [content='Encrypted Application Data'] [Session 47] [len=240B]
2025-09-12 18:01:58 - [BENIGN] - DEBUG - Generated HTTPS ACK reply from h5:443 <- h3:19715 [len=54B]
2025-09-12 18:01:58 - [BENIGN] - DEBUG - Generated DNS query from h3:19330 -> h5:53 [qname='example.com'] [Session 48] [len=71B]
2025-09-12 18:01:59 - [BENIGN] - DEBUG - Generated ICMP traffic h2↔h5 6 [len=84B]
2025-09-12 18:01:59 - [BENIGN] - DEBUG - Generated TCP SYN from h3:2369 -> h5:12345 [len=54B]
2025-09-12 18:02:00 - [BENIGN] - DEBUG - Generated TCP SYN-ACK from h5:12345 <- h3:2369 [len=54B]
2025-09-12 18:02:00 - [BENIGN] - DEBUG - Generated TCP ACK from h3:2369 -> h5:12345 [len=54B]
2025-09-12 18:02:01 - [BENIGN] - DEBUG - Generated TCP data traffic from h3:2369 -> h5:12345 [content='TCP data'] [Session 49] [len=1487B]
2025-09-12 18:02:02 - [BENIGN] - DEBUG - Generated TCP ACK reply from h5:12345 <- h3:2369 [len=54B]
2025-09-12 18:02:02 - [BENIGN] - DEBUG - Generated UDP traffic from h3:44715 -> h5:12346 [content='0cf2aeee1043dd303efee713f6d50a189a3b67d3...'] [Session 50] [len=870B]
2025-09-12 18:02:03 - [BENIGN] - DEBUG - Generated Telnet SYN from h3:57095 -> h5:23 [len=54B]
2025-09-12 18:02:04 - [BENIGN] - DEBUG - Generated Telnet SYN-ACK from h5:23 <- h3:57095 [len=54B]
2025-09-12 18:02:04 - [BENIGN] - DEBUG - Generated Telnet ACK from h3:57095 -> h5:23 [len=54B]
2025-09-12 18:02:05 - [BENIGN] - DEBUG - Generated Telnet data traffic from h3:57095 -> h5:23 [content='Telnet command'] [Session 51] [len=319B]
2025-09-12 18:02:06 - [BENIGN] - DEBUG - Generated Telnet ACK reply from h5:23 <- h3:57095 [len=54B]
2025-09-12 18:02:06 - [BENIGN] - DEBUG - Generated SSH SYN from h3:6653 -> h5:22 [len=54B]
2025-09-12 18:02:07 - [BENIGN] - DEBUG - Generated SSH SYN-ACK from h5:22 <- h3:6653 [len=54B]
2025-09-12 18:02:08 - [BENIGN] - DEBUG - Generated SSH ACK from h3:6653 -> h5:22 [len=54B]
2025-09-12 18:02:08 - [BENIGN] - DEBUG - Generated SSH data traffic from h3:6653 -> h5:22 [content='SSH encrypted data'] [Session 52] [len=455B]
2025-09-12 18:02:09 - [BENIGN] - DEBUG - Generated SSH ACK reply from h5:22 <- h3:6653 [len=54B]
2025-09-12 18:02:10 - [BENIGN] - DEBUG - Generated FTP SYN from h3:1784 -> h5:21 [len=54B]
2025-09-12 18:02:10 - [BENIGN] - DEBUG - Generated FTP SYN-ACK from h5:21 <- h3:1784 [len=54B]
2025-09-12 18:02:11 - [BENIGN] - DEBUG - Generated FTP ACK from h3:1784 -> h5:21 [len=54B]
2025-09-12 18:02:12 - [BENIGN] - DEBUG - Generated FTP data traffic from h3:1784 -> h5:21 [content='FTP file transfer'] [Session 53] [len=1517B]
2025-09-12 18:02:12 - [BENIGN] - DEBUG - Generated FTP ACK reply from h5:21 <- h3:1784 [len=54B]
2025-09-12 18:02:13 - [BENIGN] - DEBUG - Generated HTTP SYN from h3:10005 -> h5:80 [len=54B]
2025-09-12 18:02:13 - [BENIGN] - DEBUG - Generated HTTP SYN-ACK from h5:80 <- h3:10005 [len=54B]
2025-09-12 18:02:14 - [BENIGN] - DEBUG - Generated HTTP ACK from h3:10005 -> h5:80 [len=54B]
2025-09-12 18:02:15 - [BENIGN] - DEBUG - Generated HTTP data traffic from h3:10005 -> h5:80 [content='GET /index.html HTTP/1.1'] [Session 54] [len=491B]
2025-09-12 18:02:15 - [BENIGN] - DEBUG - Generated HTTP ACK reply from h5:80 <- h3:10005 [len=54B]
2025-09-12 18:02:16 - [BENIGN] - DEBUG - Generated HTTPS SYN from h3:4154 -> h5:443 [len=54B]
2025-09-12 18:02:17 - [BENIGN] - DEBUG - Generated HTTPS SYN-ACK from h5:443 <- h3:4154 [len=54B]
2025-09-12 18:02:17 - [BENIGN] - DEBUG - Generated HTTPS ACK from h3:4154 -> h5:443 [len=54B]
2025-09-12 18:02:18 - [BENIGN] - DEBUG - Generated HTTPS data traffic from h3:4154 -> h5:443 [content='Encrypted Application Data'] [Session 55] [len=509B]
2025-09-12 18:02:18 - [BENIGN] - DEBUG - Generated HTTPS ACK reply from h5:443 <- h3:4154 [len=54B]
2025-09-12 18:02:19 - [BENIGN] - DEBUG - Generated DNS query from h3:55442 -> h5:53 [qname='example.com'] [Session 56] [len=71B]
2025-09-12 18:02:19 - [BENIGN] - DEBUG - Generated ICMP traffic h2↔h5 7 [len=84B]
2025-09-12 18:02:20 - [BENIGN] - DEBUG - Generated TCP SYN from h3:51756 -> h5:12345 [len=54B]
2025-09-12 18:02:20 - [BENIGN] - DEBUG - Generated TCP SYN-ACK from h5:12345 <- h3:51756 [len=54B]
2025-09-12 18:02:21 - [BENIGN] - DEBUG - Generated TCP ACK from h3:51756 -> h5:12345 [len=54B]
2025-09-12 18:02:22 - [BENIGN] - DEBUG - Generated TCP data traffic from h3:51756 -> h5:12345 [content='TCP data'] [Session 57] [len=791B]
2025-09-12 18:02:22 - [BENIGN] - DEBUG - Generated TCP ACK reply from h5:12345 <- h3:51756 [len=54B]
2025-09-12 18:02:23 - [BENIGN] - DEBUG - Generated UDP traffic from h3:51028 -> h5:12346 [content='0d8a1632ac852d9d5e65c33645a6d2ab59bae0ae...'] [Session 58] [len=507B]
2025-09-12 18:02:23 - [BENIGN] - DEBUG - Generated Telnet SYN from h3:44308 -> h5:23 [len=54B]
2025-09-12 18:02:24 - [BENIGN] - DEBUG - Generated Telnet SYN-ACK from h5:23 <- h3:44308 [len=54B]
2025-09-12 18:02:25 - [BENIGN] - DEBUG - Generated Telnet ACK from h3:44308 -> h5:23 [len=54B]
2025-09-12 18:02:25 - [BENIGN] - DEBUG - Generated Telnet data traffic from h3:44308 -> h5:23 [content='Telnet command'] [Session 59] [len=1323B]
2025-09-12 18:02:26 - [BENIGN] - DEBUG - Generated Telnet ACK reply from h5:23 <- h3:44308 [len=54B]
2025-09-12 18:02:27 - [BENIGN] - DEBUG - Generated SSH SYN from h3:13379 -> h5:22 [len=54B]
2025-09-12 18:02:27 - [BENIGN] - DEBUG - Generated SSH SYN-ACK from h5:22 <- h3:13379 [len=54B]
2025-09-12 18:02:28 - [BENIGN] - DEBUG - Generated SSH ACK from h3:13379 -> h5:22 [len=54B]
2025-09-12 18:02:29 - [BENIGN] - DEBUG - Generated SSH data traffic from h3:13379 -> h5:22 [content='SSH encrypted data'] [Session 60] [len=1001B]
2025-09-12 18:02:29 - [BENIGN] - DEBUG - Generated SSH ACK reply from h5:22 <- h3:13379 [len=54B]
2025-09-12 18:02:30 - [BENIGN] - DEBUG - Generated FTP SYN from h3:18777 -> h5:21 [len=54B]
2025-09-12 18:02:30 - [BENIGN] - DEBUG - Generated FTP SYN-ACK from h5:21 <- h3:18777 [len=54B]
2025-09-12 18:02:31 - [BENIGN] - DEBUG - Generated FTP ACK from h3:18777 -> h5:21 [len=54B]
2025-09-12 18:02:32 - [BENIGN] - DEBUG - Generated FTP data traffic from h3:18777 -> h5:21 [content='FTP file transfer'] [Session 61] [len=1025B]
2025-09-12 18:02:32 - [BENIGN] - DEBUG - Generated FTP ACK reply from h5:21 <- h3:18777 [len=54B]
2025-09-12 18:02:33 - [BENIGN] - DEBUG - Generated HTTP SYN from h3:31652 -> h5:80 [len=54B]
2025-09-12 18:02:34 - [BENIGN] - DEBUG - Generated HTTP SYN-ACK from h5:80 <- h3:31652 [len=54B]
2025-09-12 18:02:34 - [BENIGN] - DEBUG - Generated HTTP ACK from h3:31652 -> h5:80 [len=54B]
2025-09-12 18:02:35 - [BENIGN] - DEBUG - Generated HTTP data traffic from h3:31652 -> h5:80 [content='GET /index.html HTTP/1.1'] [Session 62] [len=404B]
2025-09-12 18:02:36 - [BENIGN] - DEBUG - Generated HTTP ACK reply from h5:80 <- h3:31652 [len=54B]
2025-09-12 18:02:36 - [BENIGN] - DEBUG - Generated HTTPS SYN from h3:25967 -> h5:443 [len=54B]
2025-09-12 18:02:37 - [BENIGN] - DEBUG - Generated HTTPS SYN-ACK from h5:443 <- h3:25967 [len=54B]
2025-09-12 18:02:37 - [BENIGN] - DEBUG - Generated HTTPS ACK from h3:25967 -> h5:443 [len=54B]
2025-09-12 18:02:38 - [BENIGN] - DEBUG - Generated HTTPS data traffic from h3:25967 -> h5:443 [content='Encrypted Application Data'] [Session 63] [len=760B]
2025-09-12 18:02:39 - [BENIGN] - DEBUG - Generated HTTPS ACK reply from h5:443 <- h3:25967 [len=54B]
2025-09-12 18:02:39 - [BENIGN] - DEBUG - Generated DNS query from h3:2332 -> h5:53 [qname='example.com'] [Session 64] [len=71B]
2025-09-12 18:02:39 - [BENIGN] - DEBUG - Generated ICMP traffic h2↔h5 8 [len=84B]
2025-09-12 18:02:40 - [BENIGN] - DEBUG - Generated TCP SYN from h3:10015 -> h5:12345 [len=54B]
2025-09-12 18:02:41 - [BENIGN] - DEBUG - Generated TCP SYN-ACK from h5:12345 <- h3:10015 [len=54B]
2025-09-12 18:02:41 - [BENIGN] - DEBUG - Generated TCP ACK from h3:10015 -> h5:12345 [len=54B]
2025-09-12 18:02:42 - [BENIGN] - DEBUG - Generated TCP data traffic from h3:10015 -> h5:12345 [content='TCP data'] [Session 65] [len=1099B]
2025-09-12 18:02:43 - [BENIGN] - DEBUG - Generated TCP ACK reply from h5:12345 <- h3:10015 [len=54B]
2025-09-12 18:02:43 - [BENIGN] - DEBUG - Generated UDP traffic from h3:59528 -> h5:12346 [content='5bbb4e09cb08bc00ea96b8345f48782edad5a497...'] [Session 66] [len=1011B]
2025-09-12 18:02:44 - [BENIGN] - DEBUG - Generated Telnet SYN from h3:38024 -> h5:23 [len=54B]
2025-09-12 18:02:44 - [BENIGN] - DEBUG - Generated Telnet SYN-ACK from h5:23 <- h3:38024 [len=54B]
2025-09-12 18:02:45 - [BENIGN] - DEBUG - Generated Telnet ACK from h3:38024 -> h5:23 [len=54B]
2025-09-12 18:02:46 - [BENIGN] - DEBUG - Generated Telnet data traffic from h3:38024 -> h5:23 [content='Telnet command'] [Session 67] [len=612B]
2025-09-12 18:02:46 - [BENIGN] - DEBUG - Generated Telnet ACK reply from h5:23 <- h3:38024 [len=54B]
2025-09-12 18:02:47 - [BENIGN] - DEBUG - Generated SSH SYN from h3:9558 -> h5:22 [len=54B]
2025-09-12 18:02:48 - [BENIGN] - DEBUG - Generated SSH SYN-ACK from h5:22 <- h3:9558 [len=54B]
2025-09-12 18:02:48 - [BENIGN] - DEBUG - Generated SSH ACK from h3:9558 -> h5:22 [len=54B]
2025-09-12 18:02:49 - [BENIGN] - DEBUG - Generated SSH data traffic from h3:9558 -> h5:22 [content='SSH encrypted data'] [Session 68] [len=125B]
2025-09-12 18:02:49 - [BENIGN] - DEBUG - Generated SSH ACK reply from h5:22 <- h3:9558 [len=54B]
2025-09-12 18:02:50 - [BENIGN] - DEBUG - Generated FTP SYN from h3:60482 -> h5:21 [len=54B]
2025-09-12 18:02:51 - [BENIGN] - DEBUG - Generated FTP SYN-ACK from h5:21 <- h3:60482 [len=54B]
2025-09-12 18:02:51 - [BENIGN] - DEBUG - Generated FTP ACK from h3:60482 -> h5:21 [len=54B]
2025-09-12 18:02:52 - [BENIGN] - DEBUG - Generated FTP data traffic from h3:60482 -> h5:21 [content='FTP file transfer'] [Session 69] [len=591B]
2025-09-12 18:02:53 - [BENIGN] - DEBUG - Generated FTP ACK reply from h5:21 <- h3:60482 [len=54B]
2025-09-12 18:02:53 - [BENIGN] - DEBUG - Generated HTTP SYN from h3:3776 -> h5:80 [len=54B]
2025-09-12 18:02:54 - [BENIGN] - DEBUG - Generated HTTP SYN-ACK from h5:80 <- h3:3776 [len=54B]
2025-09-12 18:02:54 - [BENIGN] - DEBUG - Generated HTTP ACK from h3:3776 -> h5:80 [len=54B]
2025-09-12 18:02:55 - [BENIGN] - DEBUG - Generated HTTP data traffic from h3:3776 -> h5:80 [content='GET /index.html HTTP/1.1'] [Session 70] [len=405B]
2025-09-12 18:02:56 - [BENIGN] - DEBUG - Generated HTTP ACK reply from h5:80 <- h3:3776 [len=54B]
2025-09-12 18:02:56 - [BENIGN] - DEBUG - Generated HTTPS SYN from h3:55541 -> h5:443 [len=54B]
2025-09-12 18:02:57 - [BENIGN] - DEBUG - Generated HTTPS SYN-ACK from h5:443 <- h3:55541 [len=54B]
2025-09-12 18:02:58 - [BENIGN] - DEBUG - Generated HTTPS ACK from h3:55541 -> h5:443 [len=54B]
2025-09-12 18:02:58 - [BENIGN] - DEBUG - Generated HTTPS data traffic from h3:55541 -> h5:443 [content='Encrypted Application Data'] [Session 71] [len=768B]
2025-09-12 18:02:59 - [BENIGN] - DEBUG - Generated HTTPS ACK reply from h5:443 <- h3:55541 [len=54B]
2025-09-12 18:02:59 - [BENIGN] - DEBUG - Generated DNS query from h3:37204 -> h5:53 [qname='example.com'] [Session 72] [len=71B]
2025-09-12 18:02:59 - [BENIGN] - DEBUG - Generated ICMP traffic h2↔h5 9 [len=84B]
2025-09-12 18:03:00 - [BENIGN] - DEBUG - Generated TCP SYN from h3:27191 -> h5:12345 [len=54B]
2025-09-12 18:03:01 - [BENIGN] - DEBUG - Generated TCP SYN-ACK from h5:12345 <- h3:27191 [len=54B]
2025-09-12 18:03:01 - [BENIGN] - DEBUG - Generated TCP ACK from h3:27191 -> h5:12345 [len=54B]
2025-09-12 18:03:02 - [BENIGN] - DEBUG - Generated TCP data traffic from h3:27191 -> h5:12345 [content='TCP data'] [Session 73] [len=816B]
2025-09-12 18:03:03 - [BENIGN] - DEBUG - Generated TCP ACK reply from h5:12345 <- h3:27191 [len=54B]
2025-09-12 18:03:03 - [BENIGN] - DEBUG - Generated UDP traffic from h3:22224 -> h5:12346 [content='2ac1fad8fb1a8755415b104f1fc5c21c1ed66751...'] [Session 74] [len=665B]
2025-09-12 18:03:04 - [BENIGN] - DEBUG - Generated Telnet SYN from h3:25346 -> h5:23 [len=54B]
2025-09-12 18:03:04 - [BENIGN] - DEBUG - Generated Telnet SYN-ACK from h5:23 <- h3:25346 [len=54B]
2025-09-12 18:03:05 - [BENIGN] - DEBUG - Generated Telnet ACK from h3:25346 -> h5:23 [len=54B]
2025-09-12 18:03:06 - [BENIGN] - DEBUG - Generated Telnet data traffic from h3:25346 -> h5:23 [content='Telnet command'] [Session 75] [len=1429B]
2025-09-12 18:03:06 - [BENIGN] - DEBUG - Generated Telnet ACK reply from h5:23 <- h3:25346 [len=54B]
2025-09-12 18:03:07 - [BENIGN] - DEBUG - Generated SSH SYN from h3:30046 -> h5:22 [len=54B]
2025-09-12 18:03:08 - [BENIGN] - DEBUG - Generated SSH SYN-ACK from h5:22 <- h3:30046 [len=54B]
2025-09-12 18:03:08 - [BENIGN] - DEBUG - Generated SSH ACK from h3:30046 -> h5:22 [len=54B]
2025-09-12 18:03:09 - [BENIGN] - DEBUG - Generated SSH data traffic from h3:30046 -> h5:22 [content='SSH encrypted data'] [Session 76] [len=307B]
2025-09-12 18:03:10 - [BENIGN] - DEBUG - Generated SSH ACK reply from h5:22 <- h3:30046 [len=54B]
2025-09-12 18:03:10 - [BENIGN] - DEBUG - Generated FTP SYN from h3:37311 -> h5:21 [len=54B]
2025-09-12 18:03:11 - [BENIGN] - DEBUG - Generated FTP SYN-ACK from h5:21 <- h3:37311 [len=54B]
2025-09-12 18:03:11 - [BENIGN] - DEBUG - Generated FTP ACK from h3:37311 -> h5:21 [len=54B]
2025-09-12 18:03:12 - [BENIGN] - DEBUG - Generated FTP data traffic from h3:37311 -> h5:21 [content='FTP file transfer'] [Session 77] [len=1543B]
2025-09-12 18:03:13 - [BENIGN] - DEBUG - Generated FTP ACK reply from h5:21 <- h3:37311 [len=54B]
2025-09-12 18:03:13 - [BENIGN] - DEBUG - Generated HTTP SYN from h3:60216 -> h5:80 [len=54B]
2025-09-12 18:03:14 - [BENIGN] - DEBUG - Generated HTTP SYN-ACK from h5:80 <- h3:60216 [len=54B]
2025-09-12 18:03:15 - [BENIGN] - DEBUG - Generated HTTP ACK from h3:60216 -> h5:80 [len=54B]
2025-09-12 18:03:15 - [BENIGN] - DEBUG - Generated HTTP data traffic from h3:60216 -> h5:80 [content='GET /index.html HTTP/1.1'] [Session 78] [len=345B]
2025-09-12 18:03:16 - [BENIGN] - DEBUG - Generated HTTP ACK reply from h5:80 <- h3:60216 [len=54B]
2025-09-12 18:03:17 - [BENIGN] - DEBUG - Generated HTTPS SYN from h3:29732 -> h5:443 [len=54B]
2025-09-12 18:03:17 - [BENIGN] - DEBUG - Generated HTTPS SYN-ACK from h5:443 <- h3:29732 [len=54B]
2025-09-12 18:03:18 - [BENIGN] - DEBUG - Generated HTTPS ACK from h3:29732 -> h5:443 [len=54B]
2025-09-12 18:03:19 - [BENIGN] - DEBUG - Generated HTTPS data traffic from h3:29732 -> h5:443 [content='Encrypted Application Data'] [Session 79] [len=620B]
2025-09-12 18:03:19 - [BENIGN] - DEBUG - Generated HTTPS ACK reply from h5:443 <- h3:29732 [len=54B]
2025-09-12 18:03:20 - [BENIGN] - DEBUG - Generated DNS query from h3:46546 -> h5:53 [qname='example.com'] [Session 80] [len=71B]
2025-09-12 18:03:20 - [BENIGN] - INFO - Benign traffic finished.
2025-09-12 18:03:20 - [BENIGN] - INFO - Summary: 80 protocol sessions with protocol separation:
2025-09-12 18:03:20 - [BENIGN] - INFO -   - h2↔h5: ICMP ping traffic
2025-09-12 18:03:20 - [BENIGN] - INFO -   - h3↔h5: TCP/UDP traffic [TCP, UDP, Telnet, SSH, FTP, HTTP, HTTPS, DNS]
2025-09-12 18:03:20 - [BENIGN] - INFO - Total packets sent: 340
