2025-09-12 17:32:12 - [BENIGN] - INFO - Starting benign traffic for 200 seconds...
2025-09-12 17:32:12 - [BENIGN] - INFO - Protocol separation: h2↔h5 (ICMP), h3↔h5 (TCP/UDP)
2025-09-12 17:32:12 - [BENIGN] - DEBUG - Generated ICMP traffic h2↔h5 0 [len=84B]
2025-09-12 17:32:13 - [BENIGN] - DEBUG - Generated TCP SYN from h3:20350 -> h5:12345 [len=54B]
2025-09-12 17:32:14 - [BENIGN] - DEBUG - Generated TCP SYN-ACK from h5:12345 <- h3:20350 [len=54B]
2025-09-12 17:32:14 - [BENIGN] - DEBUG - Generated TCP ACK from h3:20350 -> h5:12345 [len=54B]
2025-09-12 17:32:15 - [BENIGN] - DEBUG - Generated TCP data traffic from h3:20350 -> h5:12345 [content='TCP data'] [Session 1] [len=434B]
2025-09-12 17:32:16 - [BENIGN] - DEBUG - Generated TCP ACK reply from h5:12345 <- h3:20350 [len=54B]
2025-09-12 17:32:16 - [BENIGN] - DEBUG - Generated UDP traffic from h3:34001 -> h5:12346 [content='8697fbc259543b77aa139f3e7bd49bec5b0a0c3c...'] [Session 2] [len=1159B]
2025-09-12 17:32:17 - [BENIGN] - DEBUG - Generated Telnet SYN from h3:4872 -> h5:23 [len=54B]
2025-09-12 17:32:18 - [BENIGN] - DEBUG - Generated Telnet SYN-ACK from h5:23 <- h3:4872 [len=54B]
2025-09-12 17:32:18 - [BENIGN] - DEBUG - Generated Telnet ACK from h3:4872 -> h5:23 [len=54B]
2025-09-12 17:32:19 - [BENIGN] - DEBUG - Generated Telnet data traffic from h3:4872 -> h5:23 [content='Telnet command'] [Session 3] [len=1071B]
2025-09-12 17:32:20 - [BENIGN] - DEBUG - Generated Telnet ACK reply from h5:23 <- h3:4872 [len=54B]
2025-09-12 17:32:20 - [BENIGN] - DEBUG - Generated SSH SYN from h3:64269 -> h5:22 [len=54B]
2025-09-12 17:32:21 - [BENIGN] - DEBUG - Generated SSH SYN-ACK from h5:22 <- h3:64269 [len=54B]
2025-09-12 17:32:21 - [BENIGN] - DEBUG - Generated SSH ACK from h3:64269 -> h5:22 [len=54B]
2025-09-12 17:32:22 - [BENIGN] - DEBUG - Generated SSH data traffic from h3:64269 -> h5:22 [content='SSH encrypted data'] [Session 4] [len=387B]
2025-09-12 17:32:23 - [BENIGN] - DEBUG - Generated SSH ACK reply from h5:22 <- h3:64269 [len=54B]
2025-09-12 17:32:23 - [BENIGN] - DEBUG - Generated FTP SYN from h3:14599 -> h5:21 [len=54B]
2025-09-12 17:32:24 - [BENIGN] - DEBUG - Generated FTP SYN-ACK from h5:21 <- h3:14599 [len=54B]
2025-09-12 17:32:25 - [BENIGN] - DEBUG - Generated FTP ACK from h3:14599 -> h5:21 [len=54B]
2025-09-12 17:32:25 - [BENIGN] - DEBUG - Generated FTP data traffic from h3:14599 -> h5:21 [content='FTP file transfer'] [Session 5] [len=488B]
2025-09-12 17:32:26 - [BENIGN] - DEBUG - Generated FTP ACK reply from h5:21 <- h3:14599 [len=54B]
2025-09-12 17:32:27 - [BENIGN] - DEBUG - Generated HTTP SYN from h3:26752 -> h5:80 [len=54B]
2025-09-12 17:32:27 - [BENIGN] - DEBUG - Generated HTTP SYN-ACK from h5:80 <- h3:26752 [len=54B]
2025-09-12 17:32:28 - [BENIGN] - DEBUG - Generated HTTP ACK from h3:26752 -> h5:80 [len=54B]
2025-09-12 17:32:29 - [BENIGN] - DEBUG - Generated HTTP data traffic from h3:26752 -> h5:80 [content='GET /index.html HTTP/1.1'] [Session 6] [len=484B]
2025-09-12 17:32:29 - [BENIGN] - DEBUG - Generated HTTP ACK reply from h5:80 <- h3:26752 [len=54B]
2025-09-12 17:32:30 - [BENIGN] - DEBUG - Generated HTTPS SYN from h3:46193 -> h5:443 [len=54B]
2025-09-12 17:32:30 - [BENIGN] - DEBUG - Generated HTTPS SYN-ACK from h5:443 <- h3:46193 [len=54B]
2025-09-12 17:32:31 - [BENIGN] - DEBUG - Generated HTTPS ACK from h3:46193 -> h5:443 [len=54B]
2025-09-12 17:32:32 - [BENIGN] - DEBUG - Generated HTTPS data traffic from h3:46193 -> h5:443 [content='Encrypted Application Data'] [Session 7] [len=528B]
2025-09-12 17:32:32 - [BENIGN] - DEBUG - Generated HTTPS ACK reply from h5:443 <- h3:46193 [len=54B]
2025-09-12 17:32:33 - [BENIGN] - DEBUG - Generated DNS query from h3:43519 -> h5:53 [qname='example.com'] [Session 8] [len=71B]
2025-09-12 17:32:33 - [BENIGN] - DEBUG - Generated ICMP traffic h2↔h5 1 [len=84B]
2025-09-12 17:32:34 - [BENIGN] - DEBUG - Generated TCP SYN from h3:25242 -> h5:12345 [len=54B]
2025-09-12 17:32:34 - [BENIGN] - DEBUG - Generated TCP SYN-ACK from h5:12345 <- h3:25242 [len=54B]
2025-09-12 17:32:35 - [BENIGN] - DEBUG - Generated TCP ACK from h3:25242 -> h5:12345 [len=54B]
2025-09-12 17:32:36 - [BENIGN] - DEBUG - Generated TCP data traffic from h3:25242 -> h5:12345 [content='TCP data'] [Session 9] [len=1030B]
2025-09-12 17:32:36 - [BENIGN] - DEBUG - Generated TCP ACK reply from h5:12345 <- h3:25242 [len=54B]
2025-09-12 17:32:37 - [BENIGN] - DEBUG - Generated UDP traffic from h3:42580 -> h5:12346 [content='16ff941d5da38444710216bf3300b8e68f2c5a0e...'] [Session 10] [len=1062B]
2025-09-12 17:32:37 - [BENIGN] - DEBUG - Generated Telnet SYN from h3:36622 -> h5:23 [len=54B]
2025-09-12 17:32:38 - [BENIGN] - DEBUG - Generated Telnet SYN-ACK from h5:23 <- h3:36622 [len=54B]
2025-09-12 17:32:39 - [BENIGN] - DEBUG - Generated Telnet ACK from h3:36622 -> h5:23 [len=54B]
2025-09-12 17:32:39 - [BENIGN] - DEBUG - Generated Telnet data traffic from h3:36622 -> h5:23 [content='Telnet command'] [Session 11] [len=980B]
2025-09-12 17:32:40 - [BENIGN] - DEBUG - Generated Telnet ACK reply from h5:23 <- h3:36622 [len=54B]
2025-09-12 17:32:41 - [BENIGN] - DEBUG - Generated SSH SYN from h3:51622 -> h5:22 [len=54B]
2025-09-12 17:32:41 - [BENIGN] - DEBUG - Generated SSH SYN-ACK from h5:22 <- h3:51622 [len=54B]
2025-09-12 17:32:42 - [BENIGN] - DEBUG - Generated SSH ACK from h3:51622 -> h5:22 [len=54B]
2025-09-12 17:32:42 - [BENIGN] - DEBUG - Generated SSH data traffic from h3:51622 -> h5:22 [content='SSH encrypted data'] [Session 12] [len=1534B]
2025-09-12 17:32:43 - [BENIGN] - DEBUG - Generated SSH ACK reply from h5:22 <- h3:51622 [len=54B]
2025-09-12 17:32:44 - [BENIGN] - DEBUG - Generated FTP SYN from h3:18401 -> h5:21 [len=54B]
2025-09-12 17:32:44 - [BENIGN] - DEBUG - Generated FTP SYN-ACK from h5:21 <- h3:18401 [len=54B]
2025-09-12 17:32:45 - [BENIGN] - DEBUG - Generated FTP ACK from h3:18401 -> h5:21 [len=54B]
2025-09-12 17:32:46 - [BENIGN] - DEBUG - Generated FTP data traffic from h3:18401 -> h5:21 [content='FTP file transfer'] [Session 13] [len=1550B]
2025-09-12 17:32:46 - [BENIGN] - DEBUG - Generated FTP ACK reply from h5:21 <- h3:18401 [len=54B]
2025-09-12 17:32:47 - [BENIGN] - DEBUG - Generated HTTP SYN from h3:35542 -> h5:80 [len=54B]
2025-09-12 17:32:47 - [BENIGN] - DEBUG - Generated HTTP SYN-ACK from h5:80 <- h3:35542 [len=54B]
2025-09-12 17:32:48 - [BENIGN] - DEBUG - Generated HTTP ACK from h3:35542 -> h5:80 [len=54B]
2025-09-12 17:32:49 - [BENIGN] - DEBUG - Generated HTTP data traffic from h3:35542 -> h5:80 [content='GET /index.html HTTP/1.1'] [Session 14] [len=458B]
2025-09-12 17:32:49 - [BENIGN] - DEBUG - Generated HTTP ACK reply from h5:80 <- h3:35542 [len=54B]
2025-09-12 17:32:50 - [BENIGN] - DEBUG - Generated HTTPS SYN from h3:35883 -> h5:443 [len=54B]
2025-09-12 17:32:51 - [BENIGN] - DEBUG - Generated HTTPS SYN-ACK from h5:443 <- h3:35883 [len=54B]
2025-09-12 17:32:51 - [BENIGN] - DEBUG - Generated HTTPS ACK from h3:35883 -> h5:443 [len=54B]
2025-09-12 17:32:52 - [BENIGN] - DEBUG - Generated HTTPS data traffic from h3:35883 -> h5:443 [content='Encrypted Application Data'] [Session 15] [len=571B]
2025-09-12 17:32:52 - [BENIGN] - DEBUG - Generated HTTPS ACK reply from h5:443 <- h3:35883 [len=54B]
2025-09-12 17:32:53 - [BENIGN] - DEBUG - Generated DNS query from h3:32890 -> h5:53 [qname='example.com'] [Session 16] [len=71B]
2025-09-12 17:32:53 - [BENIGN] - DEBUG - Generated ICMP traffic h2↔h5 2 [len=84B]
2025-09-12 17:32:54 - [BENIGN] - DEBUG - Generated TCP SYN from h3:61058 -> h5:12345 [len=54B]
2025-09-12 17:32:54 - [BENIGN] - DEBUG - Generated TCP SYN-ACK from h5:12345 <- h3:61058 [len=54B]
2025-09-12 17:32:55 - [BENIGN] - DEBUG - Generated TCP ACK from h3:61058 -> h5:12345 [len=54B]
2025-09-12 17:32:56 - [BENIGN] - DEBUG - Generated TCP data traffic from h3:61058 -> h5:12345 [content='TCP data'] [Session 17] [len=1114B]
2025-09-12 17:32:56 - [BENIGN] - DEBUG - Generated TCP ACK reply from h5:12345 <- h3:61058 [len=54B]
2025-09-12 17:32:57 - [BENIGN] - DEBUG - Generated UDP traffic from h3:9613 -> h5:12346 [content='d9f9703385e43a692ed820cbe73b9a686f135c30...'] [Session 18] [len=1457B]
2025-09-12 17:32:58 - [BENIGN] - DEBUG - Generated Telnet SYN from h3:55583 -> h5:23 [len=54B]
2025-09-12 17:32:58 - [BENIGN] - DEBUG - Generated Telnet SYN-ACK from h5:23 <- h3:55583 [len=54B]
2025-09-12 17:32:59 - [BENIGN] - DEBUG - Generated Telnet ACK from h3:55583 -> h5:23 [len=54B]
2025-09-12 17:32:59 - [BENIGN] - DEBUG - Generated Telnet data traffic from h3:55583 -> h5:23 [content='Telnet command'] [Session 19] [len=273B]
2025-09-12 17:33:00 - [BENIGN] - DEBUG - Generated Telnet ACK reply from h5:23 <- h3:55583 [len=54B]
2025-09-12 17:33:01 - [BENIGN] - DEBUG - Generated SSH SYN from h3:28677 -> h5:22 [len=54B]
2025-09-12 17:33:01 - [BENIGN] - DEBUG - Generated SSH SYN-ACK from h5:22 <- h3:28677 [len=54B]
2025-09-12 17:33:02 - [BENIGN] - DEBUG - Generated SSH ACK from h3:28677 -> h5:22 [len=54B]
2025-09-12 17:33:02 - [BENIGN] - DEBUG - Generated SSH data traffic from h3:28677 -> h5:22 [content='SSH encrypted data'] [Session 20] [len=436B]
2025-09-12 17:33:03 - [BENIGN] - DEBUG - Generated SSH ACK reply from h5:22 <- h3:28677 [len=54B]
2025-09-12 17:33:04 - [BENIGN] - DEBUG - Generated FTP SYN from h3:59881 -> h5:21 [len=54B]
2025-09-12 17:33:04 - [BENIGN] - DEBUG - Generated FTP SYN-ACK from h5:21 <- h3:59881 [len=54B]
2025-09-12 17:33:05 - [BENIGN] - DEBUG - Generated FTP ACK from h3:59881 -> h5:21 [len=54B]
2025-09-12 17:33:06 - [BENIGN] - DEBUG - Generated FTP data traffic from h3:59881 -> h5:21 [content='FTP file transfer'] [Session 21] [len=1445B]
2025-09-12 17:33:06 - [BENIGN] - DEBUG - Generated FTP ACK reply from h5:21 <- h3:59881 [len=54B]
2025-09-12 17:33:07 - [BENIGN] - DEBUG - Generated HTTP SYN from h3:46105 -> h5:80 [len=54B]
2025-09-12 17:33:07 - [BENIGN] - DEBUG - Generated HTTP SYN-ACK from h5:80 <- h3:46105 [len=54B]
2025-09-12 17:33:08 - [BENIGN] - DEBUG - Generated HTTP ACK from h3:46105 -> h5:80 [len=54B]
2025-09-12 17:33:09 - [BENIGN] - DEBUG - Generated HTTP data traffic from h3:46105 -> h5:80 [content='GET /index.html HTTP/1.1'] [Session 22] [len=589B]
2025-09-12 17:33:09 - [BENIGN] - DEBUG - Generated HTTP ACK reply from h5:80 <- h3:46105 [len=54B]
2025-09-12 17:33:10 - [BENIGN] - DEBUG - Generated HTTPS SYN from h3:30543 -> h5:443 [len=54B]
2025-09-12 17:33:11 - [BENIGN] - DEBUG - Generated HTTPS SYN-ACK from h5:443 <- h3:30543 [len=54B]
2025-09-12 17:33:11 - [BENIGN] - DEBUG - Generated HTTPS ACK from h3:30543 -> h5:443 [len=54B]
2025-09-12 17:33:12 - [BENIGN] - DEBUG - Generated HTTPS data traffic from h3:30543 -> h5:443 [content='Encrypted Application Data'] [Session 23] [len=235B]
2025-09-12 17:33:13 - [BENIGN] - DEBUG - Generated HTTPS ACK reply from h5:443 <- h3:30543 [len=54B]
2025-09-12 17:33:13 - [BENIGN] - DEBUG - Generated DNS query from h3:52473 -> h5:53 [qname='example.com'] [Session 24] [len=71B]
2025-09-12 17:33:13 - [BENIGN] - DEBUG - Generated ICMP traffic h2↔h5 3 [len=84B]
2025-09-12 17:33:14 - [BENIGN] - DEBUG - Generated TCP SYN from h3:58707 -> h5:12345 [len=54B]
2025-09-12 17:33:14 - [BENIGN] - DEBUG - Generated TCP SYN-ACK from h5:12345 <- h3:58707 [len=54B]
2025-09-12 17:33:15 - [BENIGN] - DEBUG - Generated TCP ACK from h3:58707 -> h5:12345 [len=54B]
2025-09-12 17:33:16 - [BENIGN] - DEBUG - Generated TCP data traffic from h3:58707 -> h5:12345 [content='TCP data'] [Session 25] [len=111B]
2025-09-12 17:33:16 - [BENIGN] - DEBUG - Generated TCP ACK reply from h5:12345 <- h3:58707 [len=54B]
2025-09-12 17:33:17 - [BENIGN] - DEBUG - Generated UDP traffic from h3:26945 -> h5:12346 [content='a5821ac1067df77def92a3449ca91fd05fea28cb...'] [Session 26] [len=1325B]
2025-09-12 17:33:18 - [BENIGN] - DEBUG - Generated Telnet SYN from h3:32109 -> h5:23 [len=54B]
2025-09-12 17:33:18 - [BENIGN] - DEBUG - Generated Telnet SYN-ACK from h5:23 <- h3:32109 [len=54B]
2025-09-12 17:33:19 - [BENIGN] - DEBUG - Generated Telnet ACK from h3:32109 -> h5:23 [len=54B]
2025-09-12 17:33:20 - [BENIGN] - DEBUG - Generated Telnet data traffic from h3:32109 -> h5:23 [content='Telnet command'] [Session 27] [len=1186B]
2025-09-12 17:33:20 - [BENIGN] - DEBUG - Generated Telnet ACK reply from h5:23 <- h3:32109 [len=54B]
2025-09-12 17:33:21 - [BENIGN] - DEBUG - Generated SSH SYN from h3:25855 -> h5:22 [len=54B]
2025-09-12 17:33:21 - [BENIGN] - DEBUG - Generated SSH SYN-ACK from h5:22 <- h3:25855 [len=54B]
2025-09-12 17:33:22 - [BENIGN] - DEBUG - Generated SSH ACK from h3:25855 -> h5:22 [len=54B]
2025-09-12 17:33:23 - [BENIGN] - DEBUG - Generated SSH data traffic from h3:25855 -> h5:22 [content='SSH encrypted data'] [Session 28] [len=301B]
2025-09-12 17:33:23 - [BENIGN] - DEBUG - Generated SSH ACK reply from h5:22 <- h3:25855 [len=54B]
2025-09-12 17:33:24 - [BENIGN] - DEBUG - Generated FTP SYN from h3:15419 -> h5:21 [len=54B]
2025-09-12 17:33:25 - [BENIGN] - DEBUG - Generated FTP SYN-ACK from h5:21 <- h3:15419 [len=54B]
2025-09-12 17:33:25 - [BENIGN] - DEBUG - Generated FTP ACK from h3:15419 -> h5:21 [len=54B]
2025-09-12 17:33:26 - [BENIGN] - DEBUG - Generated FTP data traffic from h3:15419 -> h5:21 [content='FTP file transfer'] [Session 29] [len=224B]
2025-09-12 17:33:26 - [BENIGN] - DEBUG - Generated FTP ACK reply from h5:21 <- h3:15419 [len=54B]
2025-09-12 17:33:27 - [BENIGN] - DEBUG - Generated HTTP SYN from h3:36141 -> h5:80 [len=54B]
2025-09-12 17:33:28 - [BENIGN] - DEBUG - Generated HTTP SYN-ACK from h5:80 <- h3:36141 [len=54B]
2025-09-12 17:33:28 - [BENIGN] - DEBUG - Generated HTTP ACK from h3:36141 -> h5:80 [len=54B]
2025-09-12 17:33:29 - [BENIGN] - DEBUG - Generated HTTP data traffic from h3:36141 -> h5:80 [content='GET /index.html HTTP/1.1'] [Session 30] [len=529B]
2025-09-12 17:33:30 - [BENIGN] - DEBUG - Generated HTTP ACK reply from h5:80 <- h3:36141 [len=54B]
2025-09-12 17:33:30 - [BENIGN] - DEBUG - Generated HTTPS SYN from h3:8912 -> h5:443 [len=54B]
2025-09-12 17:33:31 - [BENIGN] - DEBUG - Generated HTTPS SYN-ACK from h5:443 <- h3:8912 [len=54B]
2025-09-12 17:33:32 - [BENIGN] - DEBUG - Generated HTTPS ACK from h3:8912 -> h5:443 [len=54B]
2025-09-12 17:33:32 - [BENIGN] - DEBUG - Generated HTTPS data traffic from h3:8912 -> h5:443 [content='Encrypted Application Data'] [Session 31] [len=411B]
2025-09-12 17:33:33 - [BENIGN] - DEBUG - Generated HTTPS ACK reply from h5:443 <- h3:8912 [len=54B]
2025-09-12 17:33:34 - [BENIGN] - DEBUG - Generated DNS query from h3:1507 -> h5:53 [qname='example.com'] [Session 32] [len=71B]
2025-09-12 17:33:34 - [BENIGN] - DEBUG - Generated ICMP traffic h2↔h5 4 [len=84B]
2025-09-12 17:33:34 - [BENIGN] - DEBUG - Generated TCP SYN from h3:3539 -> h5:12345 [len=54B]
2025-09-12 17:33:35 - [BENIGN] - DEBUG - Generated TCP SYN-ACK from h5:12345 <- h3:3539 [len=54B]
2025-09-12 17:33:36 - [BENIGN] - DEBUG - Generated TCP ACK from h3:3539 -> h5:12345 [len=54B]
2025-09-12 17:33:36 - [BENIGN] - DEBUG - Generated TCP data traffic from h3:3539 -> h5:12345 [content='TCP data'] [Session 33] [len=164B]
2025-09-12 17:33:37 - [BENIGN] - DEBUG - Generated TCP ACK reply from h5:12345 <- h3:3539 [len=54B]
2025-09-12 17:33:37 - [BENIGN] - DEBUG - Generated UDP traffic from h3:16679 -> h5:12346 [content='c76c0f3b725c049c3048b72994fbafa6518decf4...'] [Session 34] [len=905B]
2025-09-12 17:33:38 - [BENIGN] - DEBUG - Generated Telnet SYN from h3:9187 -> h5:23 [len=54B]
2025-09-12 17:33:39 - [BENIGN] - DEBUG - Generated Telnet SYN-ACK from h5:23 <- h3:9187 [len=54B]
2025-09-12 17:33:39 - [BENIGN] - DEBUG - Generated Telnet ACK from h3:9187 -> h5:23 [len=54B]
2025-09-12 17:33:40 - [BENIGN] - DEBUG - Generated Telnet data traffic from h3:9187 -> h5:23 [content='Telnet command'] [Session 35] [len=698B]
2025-09-12 17:33:41 - [BENIGN] - DEBUG - Generated Telnet ACK reply from h5:23 <- h3:9187 [len=54B]
2025-09-12 17:33:41 - [BENIGN] - DEBUG - Generated SSH SYN from h3:25355 -> h5:22 [len=54B]
2025-09-12 17:33:42 - [BENIGN] - DEBUG - Generated SSH SYN-ACK from h5:22 <- h3:25355 [len=54B]
2025-09-12 17:33:42 - [BENIGN] - DEBUG - Generated SSH ACK from h3:25355 -> h5:22 [len=54B]
2025-09-12 17:33:43 - [BENIGN] - DEBUG - Generated SSH data traffic from h3:25355 -> h5:22 [content='SSH encrypted data'] [Session 36] [len=716B]
2025-09-12 17:33:44 - [BENIGN] - DEBUG - Generated SSH ACK reply from h5:22 <- h3:25355 [len=54B]
2025-09-12 17:33:44 - [BENIGN] - DEBUG - Generated FTP SYN from h3:43827 -> h5:21 [len=54B]
2025-09-12 17:33:45 - [BENIGN] - DEBUG - Generated FTP SYN-ACK from h5:21 <- h3:43827 [len=54B]
2025-09-12 17:33:46 - [BENIGN] - DEBUG - Generated FTP ACK from h3:43827 -> h5:21 [len=54B]
2025-09-12 17:33:46 - [BENIGN] - DEBUG - Generated FTP data traffic from h3:43827 -> h5:21 [content='FTP file transfer'] [Session 37] [len=790B]
2025-09-12 17:33:47 - [BENIGN] - DEBUG - Generated FTP ACK reply from h5:21 <- h3:43827 [len=54B]
2025-09-12 17:33:48 - [BENIGN] - DEBUG - Generated HTTP SYN from h3:11795 -> h5:80 [len=54B]
2025-09-12 17:33:48 - [BENIGN] - DEBUG - Generated HTTP SYN-ACK from h5:80 <- h3:11795 [len=54B]
2025-09-12 17:33:49 - [BENIGN] - DEBUG - Generated HTTP ACK from h3:11795 -> h5:80 [len=54B]
2025-09-12 17:33:49 - [BENIGN] - DEBUG - Generated HTTP data traffic from h3:11795 -> h5:80 [content='GET /index.html HTTP/1.1'] [Session 38] [len=352B]
2025-09-12 17:33:50 - [BENIGN] - DEBUG - Generated HTTP ACK reply from h5:80 <- h3:11795 [len=54B]
2025-09-12 17:33:51 - [BENIGN] - DEBUG - Generated HTTPS SYN from h3:20961 -> h5:443 [len=54B]
2025-09-12 17:33:51 - [BENIGN] - DEBUG - Generated HTTPS SYN-ACK from h5:443 <- h3:20961 [len=54B]
2025-09-12 17:33:52 - [BENIGN] - DEBUG - Generated HTTPS ACK from h3:20961 -> h5:443 [len=54B]
2025-09-12 17:33:53 - [BENIGN] - DEBUG - Generated HTTPS data traffic from h3:20961 -> h5:443 [content='Encrypted Application Data'] [Session 39] [len=525B]
2025-09-12 17:33:53 - [BENIGN] - DEBUG - Generated HTTPS ACK reply from h5:443 <- h3:20961 [len=54B]
2025-09-12 17:33:54 - [BENIGN] - DEBUG - Generated DNS query from h3:29395 -> h5:53 [qname='example.com'] [Session 40] [len=71B]
2025-09-12 17:33:54 - [BENIGN] - DEBUG - Generated ICMP traffic h2↔h5 5 [len=84B]
2025-09-12 17:33:55 - [BENIGN] - DEBUG - Generated TCP SYN from h3:12582 -> h5:12345 [len=54B]
2025-09-12 17:33:55 - [BENIGN] - DEBUG - Generated TCP SYN-ACK from h5:12345 <- h3:12582 [len=54B]
2025-09-12 17:33:56 - [BENIGN] - DEBUG - Generated TCP ACK from h3:12582 -> h5:12345 [len=54B]
2025-09-12 17:33:56 - [BENIGN] - DEBUG - Generated TCP data traffic from h3:12582 -> h5:12345 [content='TCP data'] [Session 41] [len=592B]
2025-09-12 17:33:57 - [BENIGN] - DEBUG - Generated TCP ACK reply from h5:12345 <- h3:12582 [len=54B]
2025-09-12 17:33:58 - [BENIGN] - DEBUG - Generated UDP traffic from h3:56479 -> h5:12346 [content='3b726a92f7328e043edbf9fd340492764a97137a...'] [Session 42] [len=1325B]
2025-09-12 17:33:58 - [BENIGN] - DEBUG - Generated Telnet SYN from h3:48412 -> h5:23 [len=54B]
2025-09-12 17:33:59 - [BENIGN] - DEBUG - Generated Telnet SYN-ACK from h5:23 <- h3:48412 [len=54B]
2025-09-12 17:33:59 - [BENIGN] - DEBUG - Generated Telnet ACK from h3:48412 -> h5:23 [len=54B]
2025-09-12 17:34:00 - [BENIGN] - DEBUG - Generated Telnet data traffic from h3:48412 -> h5:23 [content='Telnet command'] [Session 43] [len=619B]
2025-09-12 17:34:01 - [BENIGN] - DEBUG - Generated Telnet ACK reply from h5:23 <- h3:48412 [len=54B]
2025-09-12 17:34:01 - [BENIGN] - DEBUG - Generated SSH SYN from h3:28169 -> h5:22 [len=54B]
2025-09-12 17:34:02 - [BENIGN] - DEBUG - Generated SSH SYN-ACK from h5:22 <- h3:28169 [len=54B]
2025-09-12 17:34:03 - [BENIGN] - DEBUG - Generated SSH ACK from h3:28169 -> h5:22 [len=54B]
2025-09-12 17:34:03 - [BENIGN] - DEBUG - Generated SSH data traffic from h3:28169 -> h5:22 [content='SSH encrypted data'] [Session 44] [len=1534B]
2025-09-12 17:34:04 - [BENIGN] - DEBUG - Generated SSH ACK reply from h5:22 <- h3:28169 [len=54B]
2025-09-12 17:34:05 - [BENIGN] - DEBUG - Generated FTP SYN from h3:10094 -> h5:21 [len=54B]
2025-09-12 17:34:05 - [BENIGN] - DEBUG - Generated FTP SYN-ACK from h5:21 <- h3:10094 [len=54B]
2025-09-12 17:34:06 - [BENIGN] - DEBUG - Generated FTP ACK from h3:10094 -> h5:21 [len=54B]
2025-09-12 17:34:07 - [BENIGN] - DEBUG - Generated FTP data traffic from h3:10094 -> h5:21 [content='FTP file transfer'] [Session 45] [len=1347B]
2025-09-12 17:34:07 - [BENIGN] - DEBUG - Generated FTP ACK reply from h5:21 <- h3:10094 [len=54B]
2025-09-12 17:34:08 - [BENIGN] - DEBUG - Generated HTTP SYN from h3:15300 -> h5:80 [len=54B]
2025-09-12 17:34:08 - [BENIGN] - DEBUG - Generated HTTP SYN-ACK from h5:80 <- h3:15300 [len=54B]
2025-09-12 17:34:09 - [BENIGN] - DEBUG - Generated HTTP ACK from h3:15300 -> h5:80 [len=54B]
2025-09-12 17:34:10 - [BENIGN] - DEBUG - Generated HTTP data traffic from h3:15300 -> h5:80 [content='GET /index.html HTTP/1.1'] [Session 46] [len=308B]
2025-09-12 17:34:10 - [BENIGN] - DEBUG - Generated HTTP ACK reply from h5:80 <- h3:15300 [len=54B]
2025-09-12 17:34:11 - [BENIGN] - DEBUG - Generated HTTPS SYN from h3:10296 -> h5:443 [len=54B]
2025-09-12 17:34:12 - [BENIGN] - DEBUG - Generated HTTPS SYN-ACK from h5:443 <- h3:10296 [len=54B]
2025-09-12 17:34:12 - [BENIGN] - DEBUG - Generated HTTPS ACK from h3:10296 -> h5:443 [len=54B]
2025-09-12 17:34:13 - [BENIGN] - DEBUG - Generated HTTPS data traffic from h3:10296 -> h5:443 [content='Encrypted Application Data'] [Session 47] [len=648B]
2025-09-12 17:34:14 - [BENIGN] - DEBUG - Generated HTTPS ACK reply from h5:443 <- h3:10296 [len=54B]
2025-09-12 17:34:14 - [BENIGN] - DEBUG - Generated DNS query from h3:49011 -> h5:53 [qname='example.com'] [Session 48] [len=71B]
2025-09-12 17:34:14 - [BENIGN] - DEBUG - Generated ICMP traffic h2↔h5 6 [len=84B]
2025-09-12 17:34:15 - [BENIGN] - DEBUG - Generated TCP SYN from h3:61794 -> h5:12345 [len=54B]
2025-09-12 17:34:16 - [BENIGN] - DEBUG - Generated TCP SYN-ACK from h5:12345 <- h3:61794 [len=54B]
2025-09-12 17:34:16 - [BENIGN] - DEBUG - Generated TCP ACK from h3:61794 -> h5:12345 [len=54B]
2025-09-12 17:34:17 - [BENIGN] - DEBUG - Generated TCP data traffic from h3:61794 -> h5:12345 [content='TCP data'] [Session 49] [len=807B]
2025-09-12 17:34:17 - [BENIGN] - DEBUG - Generated TCP ACK reply from h5:12345 <- h3:61794 [len=54B]
2025-09-12 17:34:18 - [BENIGN] - DEBUG - Generated UDP traffic from h3:49376 -> h5:12346 [content='36f2c539b65c91e648a058bd6e4a37c53ed82967...'] [Session 50] [len=1353B]
2025-09-12 17:34:19 - [BENIGN] - DEBUG - Generated Telnet SYN from h3:42869 -> h5:23 [len=54B]
2025-09-12 17:34:19 - [BENIGN] - DEBUG - Generated Telnet SYN-ACK from h5:23 <- h3:42869 [len=54B]
2025-09-12 17:34:20 - [BENIGN] - DEBUG - Generated Telnet ACK from h3:42869 -> h5:23 [len=54B]
2025-09-12 17:34:21 - [BENIGN] - DEBUG - Generated Telnet data traffic from h3:42869 -> h5:23 [content='Telnet command'] [Session 51] [len=1424B]
2025-09-12 17:34:21 - [BENIGN] - DEBUG - Generated Telnet ACK reply from h5:23 <- h3:42869 [len=54B]
2025-09-12 17:34:22 - [BENIGN] - DEBUG - Generated SSH SYN from h3:16036 -> h5:22 [len=54B]
2025-09-12 17:34:22 - [BENIGN] - DEBUG - Generated SSH SYN-ACK from h5:22 <- h3:16036 [len=54B]
2025-09-12 17:34:23 - [BENIGN] - DEBUG - Generated SSH ACK from h3:16036 -> h5:22 [len=54B]
2025-09-12 17:34:24 - [BENIGN] - DEBUG - Generated SSH data traffic from h3:16036 -> h5:22 [content='SSH encrypted data'] [Session 52] [len=1397B]
2025-09-12 17:34:24 - [BENIGN] - DEBUG - Generated SSH ACK reply from h5:22 <- h3:16036 [len=54B]
2025-09-12 17:34:25 - [BENIGN] - DEBUG - Generated FTP SYN from h3:43698 -> h5:21 [len=54B]
2025-09-12 17:34:25 - [BENIGN] - DEBUG - Generated FTP SYN-ACK from h5:21 <- h3:43698 [len=54B]
2025-09-12 17:34:26 - [BENIGN] - DEBUG - Generated FTP ACK from h3:43698 -> h5:21 [len=54B]
2025-09-12 17:34:27 - [BENIGN] - DEBUG - Generated FTP data traffic from h3:43698 -> h5:21 [content='FTP file transfer'] [Session 53] [len=650B]
2025-09-12 17:34:27 - [BENIGN] - DEBUG - Generated FTP ACK reply from h5:21 <- h3:43698 [len=54B]
2025-09-12 17:34:28 - [BENIGN] - DEBUG - Generated HTTP SYN from h3:57462 -> h5:80 [len=54B]
2025-09-12 17:34:29 - [BENIGN] - DEBUG - Generated HTTP SYN-ACK from h5:80 <- h3:57462 [len=54B]
2025-09-12 17:34:29 - [BENIGN] - DEBUG - Generated HTTP ACK from h3:57462 -> h5:80 [len=54B]
2025-09-12 17:34:30 - [BENIGN] - DEBUG - Generated HTTP data traffic from h3:57462 -> h5:80 [content='GET /index.html HTTP/1.1'] [Session 54] [len=631B]
2025-09-12 17:34:30 - [BENIGN] - DEBUG - Generated HTTP ACK reply from h5:80 <- h3:57462 [len=54B]
2025-09-12 17:34:31 - [BENIGN] - DEBUG - Generated HTTPS SYN from h3:61951 -> h5:443 [len=54B]
2025-09-12 17:34:32 - [BENIGN] - DEBUG - Generated HTTPS SYN-ACK from h5:443 <- h3:61951 [len=54B]
2025-09-12 17:34:32 - [BENIGN] - DEBUG - Generated HTTPS ACK from h3:61951 -> h5:443 [len=54B]
2025-09-12 17:34:33 - [BENIGN] - DEBUG - Generated HTTPS data traffic from h3:61951 -> h5:443 [content='Encrypted Application Data'] [Session 55] [len=596B]
2025-09-12 17:34:34 - [BENIGN] - DEBUG - Generated HTTPS ACK reply from h5:443 <- h3:61951 [len=54B]
2025-09-12 17:34:34 - [BENIGN] - DEBUG - Generated DNS query from h3:10906 -> h5:53 [qname='example.com'] [Session 56] [len=71B]
2025-09-12 17:34:34 - [BENIGN] - DEBUG - Generated ICMP traffic h2↔h5 7 [len=84B]
2025-09-12 17:34:35 - [BENIGN] - DEBUG - Generated TCP SYN from h3:39772 -> h5:12345 [len=54B]
2025-09-12 17:34:36 - [BENIGN] - DEBUG - Generated TCP SYN-ACK from h5:12345 <- h3:39772 [len=54B]
2025-09-12 17:34:36 - [BENIGN] - DEBUG - Generated TCP ACK from h3:39772 -> h5:12345 [len=54B]
2025-09-12 17:34:37 - [BENIGN] - DEBUG - Generated TCP data traffic from h3:39772 -> h5:12345 [content='TCP data'] [Session 57] [len=188B]
2025-09-12 17:34:38 - [BENIGN] - DEBUG - Generated TCP ACK reply from h5:12345 <- h3:39772 [len=54B]
2025-09-12 17:34:38 - [BENIGN] - DEBUG - Generated UDP traffic from h3:37195 -> h5:12346 [content='c91499071605229d4f4f8b57690df42b2c10f76e...'] [Session 58] [len=636B]
2025-09-12 17:34:39 - [BENIGN] - DEBUG - Generated Telnet SYN from h3:62924 -> h5:23 [len=54B]
2025-09-12 17:34:39 - [BENIGN] - DEBUG - Generated Telnet SYN-ACK from h5:23 <- h3:62924 [len=54B]
2025-09-12 17:34:40 - [BENIGN] - DEBUG - Generated Telnet ACK from h3:62924 -> h5:23 [len=54B]
2025-09-12 17:34:41 - [BENIGN] - DEBUG - Generated Telnet data traffic from h3:62924 -> h5:23 [content='Telnet command'] [Session 59] [len=455B]
2025-09-12 17:34:41 - [BENIGN] - DEBUG - Generated Telnet ACK reply from h5:23 <- h3:62924 [len=54B]
2025-09-12 17:34:42 - [BENIGN] - DEBUG - Generated SSH SYN from h3:16382 -> h5:22 [len=54B]
2025-09-12 17:34:43 - [BENIGN] - DEBUG - Generated SSH SYN-ACK from h5:22 <- h3:16382 [len=54B]
2025-09-12 17:34:43 - [BENIGN] - DEBUG - Generated SSH ACK from h3:16382 -> h5:22 [len=54B]
2025-09-12 17:34:44 - [BENIGN] - DEBUG - Generated SSH data traffic from h3:16382 -> h5:22 [content='SSH encrypted data'] [Session 60] [len=427B]
2025-09-12 17:34:44 - [BENIGN] - DEBUG - Generated SSH ACK reply from h5:22 <- h3:16382 [len=54B]
2025-09-12 17:34:45 - [BENIGN] - DEBUG - Generated FTP SYN from h3:3397 -> h5:21 [len=54B]
2025-09-12 17:34:46 - [BENIGN] - DEBUG - Generated FTP SYN-ACK from h5:21 <- h3:3397 [len=54B]
2025-09-12 17:34:46 - [BENIGN] - DEBUG - Generated FTP ACK from h3:3397 -> h5:21 [len=54B]
2025-09-12 17:34:47 - [BENIGN] - DEBUG - Generated FTP data traffic from h3:3397 -> h5:21 [content='FTP file transfer'] [Session 61] [len=1235B]
2025-09-12 17:34:48 - [BENIGN] - DEBUG - Generated FTP ACK reply from h5:21 <- h3:3397 [len=54B]
2025-09-12 17:34:48 - [BENIGN] - DEBUG - Generated HTTP SYN from h3:39798 -> h5:80 [len=54B]
2025-09-12 17:34:49 - [BENIGN] - DEBUG - Generated HTTP SYN-ACK from h5:80 <- h3:39798 [len=54B]
2025-09-12 17:34:49 - [BENIGN] - DEBUG - Generated HTTP ACK from h3:39798 -> h5:80 [len=54B]
2025-09-12 17:34:50 - [BENIGN] - DEBUG - Generated HTTP data traffic from h3:39798 -> h5:80 [content='GET /index.html HTTP/1.1'] [Session 62] [len=550B]
2025-09-12 17:34:51 - [BENIGN] - DEBUG - Generated HTTP ACK reply from h5:80 <- h3:39798 [len=54B]
2025-09-12 17:34:51 - [BENIGN] - DEBUG - Generated HTTPS SYN from h3:19281 -> h5:443 [len=54B]
2025-09-12 17:34:52 - [BENIGN] - DEBUG - Generated HTTPS SYN-ACK from h5:443 <- h3:19281 [len=54B]
2025-09-12 17:34:53 - [BENIGN] - DEBUG - Generated HTTPS ACK from h3:19281 -> h5:443 [len=54B]
2025-09-12 17:34:53 - [BENIGN] - DEBUG - Generated HTTPS data traffic from h3:19281 -> h5:443 [content='Encrypted Application Data'] [Session 63] [len=309B]
2025-09-12 17:34:54 - [BENIGN] - DEBUG - Generated HTTPS ACK reply from h5:443 <- h3:19281 [len=54B]
2025-09-12 17:34:54 - [BENIGN] - DEBUG - Generated DNS query from h3:45628 -> h5:53 [qname='example.com'] [Session 64] [len=71B]
2025-09-12 17:34:55 - [BENIGN] - DEBUG - Generated ICMP traffic h2↔h5 8 [len=84B]
2025-09-12 17:34:55 - [BENIGN] - DEBUG - Generated TCP SYN from h3:21336 -> h5:12345 [len=54B]
2025-09-12 17:34:56 - [BENIGN] - DEBUG - Generated TCP SYN-ACK from h5:12345 <- h3:21336 [len=54B]
2025-09-12 17:34:56 - [BENIGN] - DEBUG - Generated TCP ACK from h3:21336 -> h5:12345 [len=54B]
2025-09-12 17:34:57 - [BENIGN] - DEBUG - Generated TCP data traffic from h3:21336 -> h5:12345 [content='TCP data'] [Session 65] [len=1154B]
2025-09-12 17:34:58 - [BENIGN] - DEBUG - Generated TCP ACK reply from h5:12345 <- h3:21336 [len=54B]
2025-09-12 17:34:58 - [BENIGN] - DEBUG - Generated UDP traffic from h3:55011 -> h5:12346 [content='2074da5bf16cb1748e5d2469c5133e6f16ed602a...'] [Session 66] [len=831B]
2025-09-12 17:34:59 - [BENIGN] - DEBUG - Generated Telnet SYN from h3:13477 -> h5:23 [len=54B]
2025-09-12 17:35:00 - [BENIGN] - DEBUG - Generated Telnet SYN-ACK from h5:23 <- h3:13477 [len=54B]
2025-09-12 17:35:00 - [BENIGN] - DEBUG - Generated Telnet ACK from h3:13477 -> h5:23 [len=54B]
2025-09-12 17:35:01 - [BENIGN] - DEBUG - Generated Telnet data traffic from h3:13477 -> h5:23 [content='Telnet command'] [Session 67] [len=838B]
2025-09-12 17:35:01 - [BENIGN] - DEBUG - Generated Telnet ACK reply from h5:23 <- h3:13477 [len=54B]
2025-09-12 17:35:02 - [BENIGN] - DEBUG - Generated SSH SYN from h3:48786 -> h5:22 [len=54B]
2025-09-12 17:35:03 - [BENIGN] - DEBUG - Generated SSH SYN-ACK from h5:22 <- h3:48786 [len=54B]
2025-09-12 17:35:03 - [BENIGN] - DEBUG - Generated SSH ACK from h3:48786 -> h5:22 [len=54B]
2025-09-12 17:35:04 - [BENIGN] - DEBUG - Generated SSH data traffic from h3:48786 -> h5:22 [content='SSH encrypted data'] [Session 68] [len=935B]
2025-09-12 17:35:05 - [BENIGN] - DEBUG - Generated SSH ACK reply from h5:22 <- h3:48786 [len=54B]
2025-09-12 17:35:05 - [BENIGN] - DEBUG - Generated FTP SYN from h3:20071 -> h5:21 [len=54B]
2025-09-12 17:35:06 - [BENIGN] - DEBUG - Generated FTP SYN-ACK from h5:21 <- h3:20071 [len=54B]
2025-09-12 17:35:06 - [BENIGN] - DEBUG - Generated FTP ACK from h3:20071 -> h5:21 [len=54B]
2025-09-12 17:35:07 - [BENIGN] - DEBUG - Generated FTP data traffic from h3:20071 -> h5:21 [content='FTP file transfer'] [Session 69] [len=454B]
2025-09-12 17:35:08 - [BENIGN] - DEBUG - Generated FTP ACK reply from h5:21 <- h3:20071 [len=54B]
2025-09-12 17:35:08 - [BENIGN] - DEBUG - Generated HTTP SYN from h3:30953 -> h5:80 [len=54B]
2025-09-12 17:35:09 - [BENIGN] - DEBUG - Generated HTTP SYN-ACK from h5:80 <- h3:30953 [len=54B]
2025-09-12 17:35:10 - [BENIGN] - DEBUG - Generated HTTP ACK from h3:30953 -> h5:80 [len=54B]
2025-09-12 17:35:10 - [BENIGN] - DEBUG - Generated HTTP data traffic from h3:30953 -> h5:80 [content='GET /index.html HTTP/1.1'] [Session 70] [len=360B]
2025-09-12 17:35:11 - [BENIGN] - DEBUG - Generated HTTP ACK reply from h5:80 <- h3:30953 [len=54B]
2025-09-12 17:35:11 - [BENIGN] - DEBUG - Generated HTTPS SYN from h3:15356 -> h5:443 [len=54B]
2025-09-12 17:35:12 - [BENIGN] - DEBUG - Generated HTTPS SYN-ACK from h5:443 <- h3:15356 [len=54B]
2025-09-12 17:35:13 - [BENIGN] - DEBUG - Generated HTTPS ACK from h3:15356 -> h5:443 [len=54B]
2025-09-12 17:35:13 - [BENIGN] - DEBUG - Generated HTTPS data traffic from h3:15356 -> h5:443 [content='Encrypted Application Data'] [Session 71] [len=397B]
2025-09-12 17:35:14 - [BENIGN] - DEBUG - Generated HTTPS ACK reply from h5:443 <- h3:15356 [len=54B]
2025-09-12 17:35:15 - [BENIGN] - DEBUG - Generated DNS query from h3:30444 -> h5:53 [qname='example.com'] [Session 72] [len=71B]
2025-09-12 17:35:15 - [BENIGN] - DEBUG - Generated ICMP traffic h2↔h5 9 [len=84B]
2025-09-12 17:35:15 - [BENIGN] - DEBUG - Generated TCP SYN from h3:54038 -> h5:12345 [len=54B]
2025-09-12 17:35:16 - [BENIGN] - DEBUG - Generated TCP SYN-ACK from h5:12345 <- h3:54038 [len=54B]
2025-09-12 17:35:17 - [BENIGN] - DEBUG - Generated TCP ACK from h3:54038 -> h5:12345 [len=54B]
2025-09-12 17:35:17 - [BENIGN] - DEBUG - Generated TCP data traffic from h3:54038 -> h5:12345 [content='TCP data'] [Session 73] [len=270B]
2025-09-12 17:35:18 - [BENIGN] - DEBUG - Generated TCP ACK reply from h5:12345 <- h3:54038 [len=54B]
2025-09-12 17:35:18 - [BENIGN] - DEBUG - Generated UDP traffic from h3:57859 -> h5:12346 [content='0ceebf0466ec0aa11a9adc61e0e7e7158d2aa19f...'] [Session 74] [len=1145B]
2025-09-12 17:35:19 - [BENIGN] - DEBUG - Generated Telnet SYN from h3:21756 -> h5:23 [len=54B]
2025-09-12 17:35:20 - [BENIGN] - DEBUG - Generated Telnet SYN-ACK from h5:23 <- h3:21756 [len=54B]
2025-09-12 17:35:20 - [BENIGN] - DEBUG - Generated Telnet ACK from h3:21756 -> h5:23 [len=54B]
2025-09-12 17:35:21 - [BENIGN] - DEBUG - Generated Telnet data traffic from h3:21756 -> h5:23 [content='Telnet command'] [Session 75] [len=713B]
2025-09-12 17:35:22 - [BENIGN] - DEBUG - Generated Telnet ACK reply from h5:23 <- h3:21756 [len=54B]
2025-09-12 17:35:22 - [BENIGN] - DEBUG - Generated SSH SYN from h3:11139 -> h5:22 [len=54B]
2025-09-12 17:35:23 - [BENIGN] - DEBUG - Generated SSH SYN-ACK from h5:22 <- h3:11139 [len=54B]
2025-09-12 17:35:24 - [BENIGN] - DEBUG - Generated SSH ACK from h3:11139 -> h5:22 [len=54B]
2025-09-12 17:35:24 - [BENIGN] - DEBUG - Generated SSH data traffic from h3:11139 -> h5:22 [content='SSH encrypted data'] [Session 76] [len=865B]
2025-09-12 17:35:25 - [BENIGN] - DEBUG - Generated SSH ACK reply from h5:22 <- h3:11139 [len=54B]
2025-09-12 17:35:25 - [BENIGN] - DEBUG - Generated FTP SYN from h3:34758 -> h5:21 [len=54B]
2025-09-12 17:35:26 - [BENIGN] - DEBUG - Generated FTP SYN-ACK from h5:21 <- h3:34758 [len=54B]
2025-09-12 17:35:27 - [BENIGN] - DEBUG - Generated FTP ACK from h3:34758 -> h5:21 [len=54B]
2025-09-12 17:35:27 - [BENIGN] - DEBUG - Generated FTP data traffic from h3:34758 -> h5:21 [content='FTP file transfer'] [Session 77] [len=1270B]
2025-09-12 17:35:28 - [BENIGN] - DEBUG - Generated FTP ACK reply from h5:21 <- h3:34758 [len=54B]
2025-09-12 17:35:29 - [BENIGN] - DEBUG - Generated HTTP SYN from h3:23577 -> h5:80 [len=54B]
2025-09-12 17:35:29 - [BENIGN] - DEBUG - Generated HTTP SYN-ACK from h5:80 <- h3:23577 [len=54B]
2025-09-12 17:35:30 - [BENIGN] - DEBUG - Generated HTTP ACK from h3:23577 -> h5:80 [len=54B]
2025-09-12 17:35:31 - [BENIGN] - DEBUG - Generated HTTP data traffic from h3:23577 -> h5:80 [content='GET /index.html HTTP/1.1'] [Session 78] [len=520B]
2025-09-12 17:35:31 - [BENIGN] - DEBUG - Generated HTTP ACK reply from h5:80 <- h3:23577 [len=54B]
2025-09-12 17:35:32 - [BENIGN] - DEBUG - Generated HTTPS SYN from h3:51597 -> h5:443 [len=54B]
2025-09-12 17:35:32 - [BENIGN] - DEBUG - Generated HTTPS SYN-ACK from h5:443 <- h3:51597 [len=54B]
2025-09-12 17:35:33 - [BENIGN] - DEBUG - Generated HTTPS ACK from h3:51597 -> h5:443 [len=54B]
2025-09-12 17:35:34 - [BENIGN] - DEBUG - Generated HTTPS data traffic from h3:51597 -> h5:443 [content='Encrypted Application Data'] [Session 79] [len=675B]
2025-09-12 17:35:34 - [BENIGN] - DEBUG - Generated HTTPS ACK reply from h5:443 <- h3:51597 [len=54B]
2025-09-12 17:35:35 - [BENIGN] - DEBUG - Generated DNS query from h3:34075 -> h5:53 [qname='example.com'] [Session 80] [len=71B]
2025-09-12 17:35:35 - [BENIGN] - INFO - Benign traffic finished.
2025-09-12 17:35:35 - [BENIGN] - INFO - Summary: 80 protocol sessions with protocol separation:
2025-09-12 17:35:35 - [BENIGN] - INFO -   - h2↔h5: ICMP ping traffic
2025-09-12 17:35:35 - [BENIGN] - INFO -   - h3↔h5: TCP/UDP traffic [TCP, UDP, Telnet, SSH, FTP, HTTP, HTTPS, DNS]
2025-09-12 17:35:35 - [BENIGN] - INFO - Total packets sent: 340
