2025-09-12 17:31:42 - [MAIN] - INFO - 🎯 30-FEATURE REAL-TIME DDOS DETECTION DATASET
2025-09-12 17:31:42 - [MAIN] - INFO - 📊 Feature Set: 24 pure live + 4 minimal calculation + 2 labels = 30 total
2025-09-12 17:31:42 - [MAIN] - INFO - ⚡ Optimized for <1ms real-time extraction latency
2025-09-12 17:31:42 - [MAIN] - INFO - 🏢 4-Subnet Enterprise Topology with Layer 3 Routing
2025-09-12 17:31:42 - [MAIN] - INFO - 🌐 Network Configuration:
2025-09-12 17:31:42 - [MAIN] - INFO -    • h1: 192.168.10.0/24 (Isolated/External Network)
2025-09-12 17:31:42 - [MAIN] - INFO -    • h2-h5: 192.168.20.0/24 (Corporate Internal Network)
2025-09-12 17:31:42 - [MAIN] - INFO -    • h6: 192.168.30.0/24 (Server/DMZ Network)
2025-09-12 17:31:42 - [MAIN] - INFO -    • Controller: 192.168.0.0/24 (Management Network)
2025-09-12 17:31:42 - [MAIN] - INFO - 🔧 CPU Affinity Optimization ENABLED
2025-09-12 17:31:42,068 - __main__ - INFO - 🔧 CPU Core Allocation:
2025-09-12 17:31:42,068 - __main__ - INFO -   System: Cores 0
2025-09-12 17:31:42,068 - __main__ - INFO -   Ryu: Cores 1
2025-09-12 17:31:42,068 - __main__ - INFO -   Mininet: Cores 2,3,4
2025-09-12 17:31:42,068 - __main__ - INFO -   Attacks: Cores 5,6,7,8,9,10
2025-09-12 17:31:42,068 - __main__ - INFO -   Background: Cores 11
2025-09-12 17:31:42,068 - __main__ - INFO -   Pcap: Cores 0-15 (all cores, post-simulation)
2025-09-12 17:31:42 - [MAIN] - INFO - Cleaning up any previous Mininet instances...
2025-09-12 17:31:43 - [MAIN] - INFO - Mininet cleanup complete.
2025-09-12 17:31:43,436 - __main__ - INFO - Verifying required tools...
2025-09-12 17:31:43,663 - __main__ - INFO - TShark version: Running as user "root" and group "root". This could be dangerous.
2025-09-12 17:31:43,664 - __main__ - INFO - All required tools are available.
2025-09-12 17:31:43 - [MAIN] - INFO - Using configuration file: /home/user/Desktop/dataset_generation/test_config.json
2025-09-12 17:31:43,664 - __main__ - INFO - Starting Ryu SDN controller with CPU affinity...
2025-09-12 17:31:43,665 - __main__ - INFO - 🚀 Starting ryu on cores [1]: ryu-manager --verbose /home/user/Desktop/dataset_generation/src/controller/ryu_l3_router_app.py
2025-09-12 17:31:43,671 - __main__ - INFO - ✅ Started ryu with PID 114529 on cores [1]
2025-09-12 17:31:43,672 - __main__ - INFO - Ryu controller started with PID: 114529. See main_output/v4/120925-15/ryu.log for logs.
2025-09-12 17:31:43,672 - __main__ - INFO - Checking for controller on port 6653 (timeout: 30s)...
2025-09-12 17:31:44,691 - __main__ - INFO - Controller is up and listening.
2025-09-12 17:31:44 - [MAIN] - INFO - Testing /hello endpoint...
2025-09-12 17:31:44 - [MAIN] - INFO - Response status code: 200
2025-09-12 17:31:44 - [MAIN] - INFO - Response headers: {'Content-Type': 'application/json; charset=utf-8', 'Content-Length': '51', 'Date': 'Fri, 12 Sep 2025 09:31:44 GMT', 'Connection': 'keep-alive'}
2025-09-12 17:31:44 - [MAIN] - INFO - Response text: {"message": "Hello from Ryu L3 Router Controller!"}...
2025-09-12 17:31:44 - [MAIN] - INFO - Test /hello endpoint: PASSED
2025-09-12 17:31:44,699 - __main__ - INFO - Setting up Mininet topology...
2025-09-12 17:31:44,944 - __main__ - INFO - Mininet version: 
2025-09-12 17:31:44,953 - __main__ - INFO - Connecting to remote controller at 127.0.0.1:6653
2025-09-12 17:31:45,244 - __main__ - INFO - Mininet network started successfully.
2025-09-12 17:31:45,244 - __main__ - INFO - Waiting for Layer 3 routing to stabilize...
2025-09-12 17:32:00,262 - __main__ - INFO - Testing gateway connectivity for debugging...
2025-09-12 17:32:00,262 - __main__ - INFO - h1 -> 192.168.10.1 (gateway): testing...
2025-09-12 17:32:00,273 - __main__ - INFO - SUCCESS
2025-09-12 17:32:00,273 - __main__ - INFO - h2 -> 192.168.20.1 (gateway): testing...
2025-09-12 17:32:00,277 - __main__ - INFO - SUCCESS
2025-09-12 17:32:00,277 - __main__ - INFO - Running Mininet pingall test...
2025-09-12 17:32:05,350 - __main__ - INFO - Mininet pingall test completed successfully. Packet loss: 0.0%
2025-09-12 17:32:05,350 - __main__ - INFO - Starting v4.0 traffic generation scenario with 30-feature extraction and 4-subnet topology...
2025-09-12 17:32:05,350 - __main__ - INFO - ✅ Set current process affinity to cores [5, 6, 7, 8, 9, 10] for attacks
2025-09-12 17:32:05,350 - __main__ - INFO - ✅ Set CPU affinity for attack generation processes
2025-09-12 17:32:05,350 - __main__ - INFO - Phase 1: Initialization (5s)...
2025-09-12 17:32:10,356 - __main__ - INFO - Timeline updated: normal phase started at 1757669530.3564086
2025-09-12 17:32:10,356 - __main__ - INFO - Starting flow statistics collection for 389 seconds...
2025-09-12 17:32:10,357 - __main__ - INFO - Flow statistics collection started in background.
2025-09-12 17:32:10,357 - __main__ - INFO - Enhanced flow capture with 0.5s polling and flow timeout guarantees
2025-09-12 17:32:10,357 - __main__ - INFO - Phase 2: Normal Traffic (200s)...
2025-09-12 17:32:10,359 - __main__ - INFO - Starting packet capture. Output file: /home/user/Desktop/dataset_generation/main_output/v4/120925-15/normal.pcap
2025-09-12 17:32:10,359 - __main__ - INFO - Capturing on switch s1 interface any
2025-09-12 17:32:10,359 - __main__ - INFO - Starting tcpdump with command: tcpdump -i any -w /home/user/Desktop/dataset_generation/main_output/v4/120925-15/normal.pcap -s 0 ip and not ip6 and net 192.168.0.0/16
2025-09-12 17:32:12,379 - __main__ - INFO - tcpdump started successfully with PID: 114812
2025-09-12 17:35:35,485 - __main__ - INFO - Stopping packet capture (PID: 114812)...
2025-09-12 17:35:35,560 - __main__ - INFO - Packet capture stopped.
2025-09-12 17:35:35,560 - __main__ - INFO - Phase 3.1: Enhanced Traditional DDoS Attacks...
2025-09-12 17:35:35,560 - __main__ - INFO - Starting packet capture. Output file: /home/user/Desktop/dataset_generation/main_output/v4/120925-15/syn_flood.pcap
2025-09-12 17:35:35,560 - __main__ - INFO - Capturing on switch s1 interface any
2025-09-12 17:35:35,560 - __main__ - INFO - Starting tcpdump with command: tcpdump -i any -w /home/user/Desktop/dataset_generation/main_output/v4/120925-15/syn_flood.pcap -s 0 ip and not ip6 and net 192.168.0.0/16
2025-09-12 17:35:37,572 - __main__ - INFO - tcpdump started successfully with PID: 116125
2025-09-12 17:35:37,572 - __main__ - INFO - Timeline updated: syn_flood phase started at 1757669737.5726678
2025-09-12 17:35:50,287 - __main__ - INFO - Stopping packet capture (PID: 116125)...
2025-09-12 17:35:50,325 - __main__ - INFO - Packet capture stopped.
2025-09-12 17:35:50,326 - __main__ - INFO - Starting packet capture. Output file: /home/user/Desktop/dataset_generation/main_output/v4/120925-15/udp_flood.pcap
2025-09-12 17:35:50,326 - __main__ - INFO - Capturing on switch s1 interface any
2025-09-12 17:35:50,326 - __main__ - INFO - Starting tcpdump with command: tcpdump -i any -w /home/user/Desktop/dataset_generation/main_output/v4/120925-15/udp_flood.pcap -s 0 ip and not ip6 and net 192.168.0.0/16
2025-09-12 17:35:52,336 - __main__ - INFO - tcpdump started successfully with PID: 116134
2025-09-12 17:35:52,336 - __main__ - INFO - Timeline updated: udp_flood phase started at 1757669752.3363934
2025-09-12 17:36:16,014 - __main__ - INFO - Stopping packet capture (PID: 116134)...
2025-09-12 17:36:16,062 - __main__ - INFO - Packet capture stopped.
2025-09-12 17:36:16,062 - __main__ - INFO - Starting packet capture. Output file: /home/user/Desktop/dataset_generation/main_output/v4/120925-15/icmp_flood.pcap
2025-09-12 17:36:16,062 - __main__ - INFO - Capturing on switch s1 interface any
2025-09-12 17:36:16,062 - __main__ - INFO - Starting tcpdump with command: tcpdump -i any -w /home/user/Desktop/dataset_generation/main_output/v4/120925-15/icmp_flood.pcap -s 0 ip and not ip6 and net 192.168.0.0/16
2025-09-12 17:36:18,076 - __main__ - INFO - tcpdump started successfully with PID: 116143
2025-09-12 17:36:18,076 - __main__ - INFO - Timeline updated: icmp_flood phase started at 1757669778.0765133
2025-09-12 17:36:31,323 - __main__ - INFO - Stopping packet capture (PID: 116143)...
2025-09-12 17:36:31,400 - __main__ - INFO - Packet capture stopped.
2025-09-12 17:36:31,400 - __main__ - INFO - Phase 3.2: ENHANCED Adversarial DDoS Attacks...
2025-09-12 17:36:31,407 - __main__ - INFO - Started simple HTTP server on h6:80 for adversarial phases
2025-09-12 17:36:31,911 - __main__ - INFO - Starting packet capture. Output file: /home/user/Desktop/dataset_generation/main_output/v4/120925-15/ad_syn.pcap
2025-09-12 17:36:31,911 - __main__ - INFO - Capturing on switch s1 interface any
2025-09-12 17:36:31,912 - __main__ - INFO - Starting tcpdump with command: tcpdump -i any -w /home/user/Desktop/dataset_generation/main_output/v4/120925-15/ad_syn.pcap -s 0 ip and not ip6 and net 192.168.0.0/16
2025-09-12 17:36:33,923 - __main__ - INFO - tcpdump started successfully with PID: 116158
2025-09-12 17:36:33,923 - __main__ - INFO - Timeline updated: ad_syn phase started at 1757669793.9232779
2025-09-12 17:36:43,023 - __main__ - INFO - Stopping packet capture (PID: 116158)...
2025-09-12 17:36:43,091 - __main__ - INFO - Packet capture stopped.
2025-09-12 17:36:43,091 - __main__ - INFO - Starting packet capture. Output file: /home/user/Desktop/dataset_generation/main_output/v4/120925-15/ad_udp.pcap
2025-09-12 17:36:43,091 - __main__ - INFO - Capturing on switch s1 interface any
2025-09-12 17:36:43,091 - __main__ - INFO - Starting tcpdump with command: tcpdump -i any -w /home/user/Desktop/dataset_generation/main_output/v4/120925-15/ad_udp.pcap -s 0 ip and not ip6 and net 192.168.0.0/16
2025-09-12 17:36:45,103 - __main__ - INFO - tcpdump started successfully with PID: 116163
2025-09-12 17:36:45,103 - __main__ - INFO - Timeline updated: ad_udp phase started at 1757669805.1033185
2025-09-12 17:36:49,285 - __main__ - INFO - Stopping packet capture (PID: 116163)...
2025-09-12 17:36:49,354 - __main__ - INFO - Packet capture stopped.
2025-09-12 17:36:49,355 - __main__ - INFO - Starting packet capture. Output file: /home/user/Desktop/dataset_generation/main_output/v4/120925-15/ad_slow.pcap
2025-09-12 17:36:49,355 - __main__ - INFO - Capturing on switch s1 interface any
2025-09-12 17:36:49,355 - __main__ - INFO - Starting tcpdump with command: tcpdump -i any -w /home/user/Desktop/dataset_generation/main_output/v4/120925-15/ad_slow.pcap -s 0 ip and not ip6 and net 192.168.0.0/16
2025-09-12 17:36:51,366 - __main__ - INFO - tcpdump started successfully with PID: 116168
2025-09-12 17:36:51,367 - __main__ - INFO - Timeline updated: ad_slow phase started at 1757669811.36702
2025-09-12 17:36:51,869 - __main__ - INFO - Proceeding with ENHANCED adversarial slow attack
2025-09-12 17:36:51,869 - __main__ - INFO - Attack traffic will be captured via ad_slow.pcap
2025-09-12 17:37:01,561 - __main__ - INFO - Stopping packet capture (PID: 116168)...
2025-09-12 17:37:01,636 - __main__ - INFO - Packet capture stopped.
2025-09-12 17:37:01,636 - __main__ - INFO - Signaling flow collection thread to stop before cooldown...
2025-09-12 17:37:01,636 - __main__ - INFO - Waiting for flow collection thread to finish...
2025-09-12 17:37:01,856 - __main__ - INFO - Flow collection received stop signal, ending gracefully.
2025-09-12 17:37:01,856 - __main__ - INFO - Flow timeline collection completed.
2025-09-12 17:37:01,857 - __main__ - INFO - === Flow Capture Guarantee Report ===
2025-09-12 17:37:01,857 - __main__ - INFO - Total polling duration: 296.51s
2025-09-12 17:37:01,857 - __main__ - INFO - Total polls attempted: 594
2025-09-12 17:37:01,857 - __main__ - INFO - Successful polls: 594 (100.0%)
2025-09-12 17:37:01,857 - __main__ - INFO - Total flow entries captured: 4044
2025-09-12 17:37:01,857 - __main__ - INFO - Unique flows tracked: 7
2025-09-12 17:37:01,857 - __main__ - INFO - Average flows per poll: 6.81
2025-09-12 17:37:01,857 - __main__ - INFO - Polling interval: 0.5s (improved from 1.0s)
2025-09-12 17:37:01,857 - __main__ - INFO - Flow timeout settings: idle=30s, hard=300s
2025-09-12 17:37:01,909 - __main__ - INFO - Flow statistics saved to main_output/v4/120925-15/flow_features.csv
2025-09-12 17:37:01,910 - __main__ - INFO - Flow collection thread finished successfully
2025-09-12 17:37:01,911 - __main__ - INFO - Phase 4: Cooldown (5s)...
2025-09-12 17:37:01,911 - __main__ - INFO - Note: Flow collection stopped before cooldown to ensure dataset consistency
2025-09-12 17:37:06,917 - __main__ - INFO - Stopping HTTP server on h6
2025-09-12 17:37:06,917 - __main__ - INFO - ============================================================
2025-09-12 17:37:06,917 - __main__ - INFO - v4.0 30-FEATURE TIMING SUMMARY (4-Subnet Topology)
2025-09-12 17:37:06,917 - __main__ - INFO - ============================================================
2025-09-12 17:37:06,917 - __main__ - INFO - Configuration File: /home/user/Desktop/dataset_generation/test_config.json
2025-09-12 17:37:06,917 - __main__ - INFO - 
2025-09-12 17:37:06,918 - __main__ - INFO - Total Scenario Runtime: 301.57 seconds (5.03 minutes)
2025-09-12 17:37:06,918 - __main__ - INFO - 
2025-09-12 17:37:06,918 - __main__ - INFO - Phase-by-Phase Breakdown:
2025-09-12 17:37:06,918 - __main__ - INFO -   Enhanced Traditional Attacks:
2025-09-12 17:37:06,918 - __main__ - INFO -     Enhanced Syn Flood: 14.77s (configured: 11s)
2025-09-12 17:37:06,918 - __main__ - INFO -     Enhanced Udp Flood: 25.74s (configured: 22s)
2025-09-12 17:37:06,918 - __main__ - INFO -     Enhanced Icmp Flood: 15.34s (configured: 11s)
2025-09-12 17:37:06,918 - __main__ - INFO -   ENHANCED Adversarial Attacks:
2025-09-12 17:37:06,918 - __main__ - INFO -     ENHANCED TCP State Exhaustion: 11.18s (configured: 8s)
2025-09-12 17:37:06,918 - __main__ - INFO -     ENHANCED Application Layer: 6.26s (configured: 3s)
2025-09-12 17:37:06,918 - __main__ - INFO -     ENHANCED Slow Read: 12.28s (configured: 9s)
2025-09-12 17:37:06,918 - __main__ - INFO -   Initialization: 5.01s (configured: 5s)
2025-09-12 17:37:06,918 - __main__ - INFO -   Normal_Traffic: 205.20s (configured: 200s)
2025-09-12 17:37:06,918 - __main__ - INFO -   Cooldown: 5.01s (configured: 5s)
2025-09-12 17:37:06,918 - __main__ - INFO - ============================================================
2025-09-12 17:37:06,918 - __main__ - INFO - v4.0 30-feature 4-subnet traffic generation scenario finished.
2025-09-12 17:37:06 - [MAIN] - INFO - v4.0 PCAP generation complete.
2025-09-12 17:37:06 - [MAIN] - INFO - Processing 7 PCAP files using 4 CPU cores for 30-feature extraction...
2025-09-12 17:37:06,919 - __main__ - INFO - === PARALLEL PCAP PROCESSING START ===
2025-09-12 17:37:06,919 - __main__ - INFO - Files to process: 7
2025-09-12 17:37:06,919 - __main__ - INFO - Max workers: 4
2025-09-12 17:37:06,919 - __main__ - INFO - Output directory: /home/user/Desktop/dataset_generation/main_output/v4/120925-15
2025-09-12 17:37:06,920 - __main__ - INFO -   - normal.pcap -> normal
2025-09-12 17:37:06,920 - __main__ - INFO -   - syn_flood.pcap -> syn_flood
2025-09-12 17:37:06,920 - __main__ - INFO -   - udp_flood.pcap -> udp_flood
2025-09-12 17:37:06,920 - __main__ - INFO -   - icmp_flood.pcap -> icmp_flood
2025-09-12 17:37:06,920 - __main__ - INFO -   - ad_syn.pcap -> ad_syn
2025-09-12 17:37:06,920 - __main__ - INFO -   - ad_udp.pcap -> ad_udp
2025-09-12 17:37:06,920 - __main__ - INFO -   - ad_slow.pcap -> ad_slow
2025-09-12 17:37:06,920 - __main__ - INFO - ✅ Set current process affinity to cores [0, 1, 2, 3, 4, 5, 6, 7, 8, 9, 10, 11, 12, 13, 14, 15] for pcap
2025-09-12 17:37:06,920 - __main__ - INFO - ✅ Set CPU affinity for PCAP processing (all cores)
2025-09-12 17:37:06,921 - __main__ - INFO - Submitting processing jobs...
2025-09-12 17:37:06,937 - __main__ - INFO - ✓ Submitted job for normal.pcap
2025-09-12 17:37:06,938 - __main__ - INFO - ✓ Submitted job for syn_flood.pcap
2025-09-12 17:37:06,938 - __main__ - INFO - ✓ Submitted job for udp_flood.pcap
2025-09-12 17:37:06,939 - __main__ - INFO - ✓ Submitted job for icmp_flood.pcap
2025-09-12 17:37:06,940 - __main__ - INFO - ✓ Submitted job for ad_syn.pcap
2025-09-12 17:37:06,940 - __main__ - INFO - ✓ Submitted job for ad_udp.pcap
2025-09-12 17:37:06,941 - __main__ - INFO - ✓ Submitted job for ad_slow.pcap
2025-09-12 17:37:06,941 - __main__ - INFO - Processing 7 submitted jobs...
2025-09-12 17:37:06,942 - __main__ - INFO - Waiting for result from normal.pcap...
2025-09-12 17:37:08,078 - __main__ - INFO - ✓ Completed processing normal.pcap (1356 records with 32 features)
2025-09-12 17:37:08,078 - __main__ - INFO - Waiting for result from syn_flood.pcap...
2025-09-12 17:37:08,078 - __main__ - INFO - ✓ Completed processing syn_flood.pcap (436 records with 32 features)
2025-09-12 17:37:08,078 - __main__ - INFO - Waiting for result from udp_flood.pcap...
2025-09-12 17:37:08,078 - __main__ - INFO - ✓ Completed processing udp_flood.pcap (450 records with 32 features)
2025-09-12 17:37:08,078 - __main__ - INFO - Waiting for result from icmp_flood.pcap...
2025-09-12 17:37:08,078 - __main__ - INFO - ✓ Completed processing icmp_flood.pcap (474 records with 32 features)
2025-09-12 17:37:08,078 - __main__ - INFO - Waiting for result from ad_syn.pcap...
2025-09-12 17:37:08,078 - __main__ - INFO - ✓ Completed processing ad_syn.pcap (476 records with 32 features)
2025-09-12 17:37:08,078 - __main__ - INFO - Waiting for result from ad_udp.pcap...
2025-09-12 17:37:08,123 - __main__ - INFO - ✓ Completed processing ad_udp.pcap (812 records with 32 features)
2025-09-12 17:37:08,123 - __main__ - INFO - Waiting for result from ad_slow.pcap...
2025-09-12 17:37:08,124 - __main__ - INFO - ✓ Completed processing ad_slow.pcap (404 records with 32 features)
2025-09-12 17:37:08,132 - __main__ - INFO - === PARALLEL PROCESSING SUMMARY ===
2025-09-12 17:37:08,132 - __main__ - INFO - Total files submitted: 7
2025-09-12 17:37:08,132 - __main__ - INFO - Successful processing: 7
2025-09-12 17:37:08,132 - __main__ - INFO - Failed processing: 0
2025-09-12 17:37:08,132 - __main__ - INFO - Individual file results:
2025-09-12 17:37:08,132 - __main__ - INFO -   ✓ normal.pcap: SUCCESS (1356 rows)
2025-09-12 17:37:08,132 - __main__ - INFO -   ✓ syn_flood.pcap: SUCCESS (436 rows)
2025-09-12 17:37:08,132 - __main__ - INFO -   ✓ udp_flood.pcap: SUCCESS (450 rows)
2025-09-12 17:37:08,132 - __main__ - INFO -   ✓ icmp_flood.pcap: SUCCESS (474 rows)
2025-09-12 17:37:08,132 - __main__ - INFO -   ✓ ad_syn.pcap: SUCCESS (476 rows)
2025-09-12 17:37:08,132 - __main__ - INFO -   ✓ ad_udp.pcap: SUCCESS (812 rows)
2025-09-12 17:37:08,132 - __main__ - INFO -   ✓ ad_slow.pcap: SUCCESS (404 rows)
2025-09-12 17:37:08,132 - __main__ - INFO - ✓ Parallel PCAP processing completed. 7 files processed successfully.
2025-09-12 17:37:08,133 - __main__ - INFO - === PARALLEL PCAP PROCESSING END ===
2025-09-12 17:37:08 - [MAIN] - INFO - Parallel 30-feature PCAP processing completed in 1.21 seconds (0.02 minutes)
2025-09-12 17:37:08 - [MAIN] - INFO - v4.0 30-feature combined labeled CSV generated at: main_output/v4/120925-15/packet_features.csv
2025-09-12 17:37:08 - [MAIN] - INFO - v4.0 final 30-feature combined CSV created successfully.
2025-09-12 17:37:08 - [MAIN] - INFO - 
--- v4.0 30-Feature Packet Counts by Class (4-Subnet Topology) ---
2025-09-12 17:37:08 - [MAIN] - INFO -   normal: 1356 packets
2025-09-12 17:37:08 - [MAIN] - INFO -   ad_udp: 812 packets
2025-09-12 17:37:08 - [MAIN] - INFO -   ad_syn: 476 packets
2025-09-12 17:37:08 - [MAIN] - INFO -   icmp_flood: 474 packets
2025-09-12 17:37:08 - [MAIN] - INFO -   udp_flood: 450 packets
2025-09-12 17:37:08 - [MAIN] - INFO -   syn_flood: 436 packets
2025-09-12 17:37:08 - [MAIN] - INFO -   ad_slow: 404 packets
2025-09-12 17:37:08 - [MAIN] - INFO - v4.0 flow-level dataset generated at: main_output/v4/120925-15/flow_features.csv
2025-09-12 17:37:08 - [MAIN] - INFO - 
--- v4.0 Flow Feature Counts by Class (4-Subnet Topology) ---
2025-09-12 17:37:08 - [MAIN] - INFO -   normal: 2861 flows
2025-09-12 17:37:08 - [MAIN] - INFO -   udp_flood: 364 flows
2025-09-12 17:37:08 - [MAIN] - INFO -   icmp_flood: 224 flows
2025-09-12 17:37:08 - [MAIN] - INFO -   syn_flood: 203 flows
2025-09-12 17:37:08 - [MAIN] - INFO -   ad_syn: 154 flows
2025-09-12 17:37:08 - [MAIN] - INFO -   ad_slow: 147 flows
2025-09-12 17:37:08 - [MAIN] - INFO -   ad_udp: 91 flows
2025-09-12 17:37:08 - [MAIN] - INFO - Generating v4.0 dataset summary...
2025-09-12 17:37:08 - [MAIN] - INFO - Dataset generation summary displayed above
2025-09-12 17:37:08 - [MAIN] - INFO - Running v4.0 timeline analysis...
2025-09-12 17:37:08 - [MAIN] - INFO - Starting timeline analysis...
2025-09-12 17:37:08 - [MAIN] - INFO - Timeline Analysis Results:
2025-09-12 17:37:08 - [MAIN] - INFO -   Total attack types: 7
2025-09-12 17:37:08 - [MAIN] - INFO -   Good alignment: 6
2025-09-12 17:37:08 - [MAIN] - INFO -   Overall score: 85.7%
2025-09-12 17:37:08 - [MAIN] - INFO -   Status: 👍 GOOD: Timeline alignment is acceptable with minor issues.
2025-09-12 17:37:08 - [MAIN] - WARNING - Poor alignment: ad_slow
2025-09-12 17:37:08 - [MAIN] - INFO - ================================================================================
2025-09-12 17:37:08 - [MAIN] - INFO - v4.0 30-FEATURE FINAL EXECUTION SUMMARY (4-SUBNET TOPOLOGY)
2025-09-12 17:37:08 - [MAIN] - INFO - ================================================================================
2025-09-12 17:37:08 - [MAIN] - INFO - 🚀 Framework Version: v4.0 (4-Subnet Enterprise Topology)
2025-09-12 17:37:08 - [MAIN] - INFO - 📊 Feature Set: 30 features optimized for real-time DDoS detection
2025-09-12 17:37:08 - [MAIN] - INFO - 🎯 Target Latency: <1ms per packet extraction
2025-09-12 17:37:08 - [MAIN] - INFO - ⚡ CPU Affinity Optimization: ENABLED
2025-09-12 17:37:08 - [MAIN] - INFO - 🖥️  Total Cores Utilized: 16
2025-09-12 17:37:08 - [MAIN] - INFO - ⏱️  Total Execution Time: 326.27 seconds (5.44 minutes | 0.09 hours)
2025-09-12 17:37:08 - [MAIN] - INFO - 📅 v4.0 Dataset Generation Complete: 2025-09-12 17:37:08
2025-09-12 17:37:08 - [MAIN] - INFO - 📈 Timeline Alignment Score: 85.7%
2025-09-12 17:37:08 - [MAIN] - INFO - ✅ Timeline Quality: GOOD
2025-09-12 17:37:08 - [MAIN] - INFO - ================================================================================
2025-09-12 17:37:08 - [MAIN] - INFO - 🎉 v4.0 30-FEATURE REAL-TIME DDOS DETECTION DATASET COMPLETED (4-SUBNET TOPOLOGY)
2025-09-12 17:37:08 - [MAIN] - INFO - 📋 30-Feature Set:
2025-09-12 17:37:08 - [MAIN] - INFO -    • 24 Pure Live Extractable Features (direct packet header fields)
2025-09-12 17:37:08 - [MAIN] - INFO -    • 4 Minimal Calculation Features (lightweight processing)
2025-09-12 17:37:08 - [MAIN] - INFO -    • 2 Labels (multi-class + binary)
2025-09-12 17:37:08 - [MAIN] - INFO -    • Timeline-ordered for ML training compatibility
2025-09-12 17:37:08 - [MAIN] - INFO -    • Optimized for production real-time deployment
2025-09-12 17:37:08 - [MAIN] - INFO - 🏢 4-Subnet Enterprise Network Topology:
2025-09-12 17:37:08 - [MAIN] - INFO -    • Inter-subnet attack scenarios (cross-network DDoS)
2025-09-12 17:37:08 - [MAIN] - INFO -    • Realistic enterprise network segmentation
2025-09-12 17:37:08 - [MAIN] - INFO -    • Layer 3 routing with SDN controller
2025-09-12 17:37:08 - [MAIN] - INFO -    • Enhanced attack diversity and realism
2025-09-12 17:37:08 - [MAIN] - INFO - ================================================================================
2025-09-12 17:37:08,334 - __main__ - INFO - Cleaning up resources...
2025-09-12 17:37:08,334 - __main__ - INFO - Terminating Ryu controller (PID: 114529)...
2025-09-12 17:37:08,338 - __main__ - INFO - Cleaning up Mininet environment...
2025-09-12 17:37:09,966 - __main__ - INFO - Cleanup complete.
