2025-09-12 19:38:36 - [BENIGN] - INFO - Starting benign traffic for 200 seconds...
2025-09-12 19:38:36 - [BENIGN] - INFO - Protocol separation: h2↔h5 (ICMP), h3↔h5 (TCP/UDP)
2025-09-12 19:38:36 - [BENIGN] - DEBUG - Generated ICMP traffic h2↔h5 0 [len=84B]
2025-09-12 19:38:36 - [BENIGN] - DEBUG - Generated TCP SYN from h3:47208 -> h5:12345 [len=54B]
2025-09-12 19:38:37 - [BENIGN] - DEBUG - Generated TCP SYN-ACK from h5:12345 <- h3:47208 [len=54B]
2025-09-12 19:38:38 - [BENIGN] - DEBUG - Generated TCP ACK from h3:47208 -> h5:12345 [len=54B]
2025-09-12 19:38:38 - [BENIGN] - DEBUG - Generated TCP data traffic from h3:47208 -> h5:12345 [content='TCP data'] [Session 1] [len=1056B]
2025-09-12 19:38:39 - [BENIGN] - DEBUG - Generated TCP ACK reply from h5:12345 <- h3:47208 [len=54B]
2025-09-12 19:38:40 - [BENIGN] - DEBUG - Generated UDP traffic from h3:7713 -> h5:12346 [content='677b5b032887db9629a447bbe799a32893d76746...'] [Session 2] [len=1393B]
2025-09-12 19:38:40 - [BENIGN] - DEBUG - Generated Telnet SYN from h3:12058 -> h5:23 [len=54B]
2025-09-12 19:38:41 - [BENIGN] - DEBUG - Generated Telnet SYN-ACK from h5:23 <- h3:12058 [len=54B]
2025-09-12 19:38:42 - [BENIGN] - DEBUG - Generated Telnet ACK from h3:12058 -> h5:23 [len=54B]
2025-09-12 19:38:42 - [BENIGN] - DEBUG - Generated Telnet data traffic from h3:12058 -> h5:23 [content='Telnet command'] [Session 3] [len=155B]
2025-09-12 19:38:43 - [BENIGN] - DEBUG - Generated Telnet ACK reply from h5:23 <- h3:12058 [len=54B]
2025-09-12 19:38:44 - [BENIGN] - DEBUG - Generated SSH SYN from h3:53474 -> h5:22 [len=54B]
2025-09-12 19:38:44 - [BENIGN] - DEBUG - Generated SSH SYN-ACK from h5:22 <- h3:53474 [len=54B]
2025-09-12 19:38:45 - [BENIGN] - DEBUG - Generated SSH ACK from h3:53474 -> h5:22 [len=54B]
2025-09-12 19:38:45 - [BENIGN] - DEBUG - Generated SSH data traffic from h3:53474 -> h5:22 [content='SSH encrypted data'] [Session 4] [len=964B]
2025-09-12 19:38:46 - [BENIGN] - DEBUG - Generated SSH ACK reply from h5:22 <- h3:53474 [len=54B]
2025-09-12 19:38:47 - [BENIGN] - DEBUG - Generated FTP SYN from h3:30406 -> h5:21 [len=54B]
2025-09-12 19:38:47 - [BENIGN] - DEBUG - Generated FTP SYN-ACK from h5:21 <- h3:30406 [len=54B]
2025-09-12 19:38:48 - [BENIGN] - DEBUG - Generated FTP ACK from h3:30406 -> h5:21 [len=54B]
2025-09-12 19:38:49 - [BENIGN] - DEBUG - Generated FTP data traffic from h3:30406 -> h5:21 [content='FTP file transfer'] [Session 5] [len=493B]
2025-09-12 19:38:49 - [BENIGN] - DEBUG - Generated FTP ACK reply from h5:21 <- h3:30406 [len=54B]
2025-09-12 19:38:50 - [BENIGN] - DEBUG - Generated HTTP SYN from h3:15242 -> h5:80 [len=54B]
2025-09-12 19:38:51 - [BENIGN] - DEBUG - Generated HTTP SYN-ACK from h5:80 <- h3:15242 [len=54B]
2025-09-12 19:38:51 - [BENIGN] - DEBUG - Generated HTTP ACK from h3:15242 -> h5:80 [len=54B]
2025-09-12 19:38:52 - [BENIGN] - DEBUG - Generated HTTP data traffic from h3:15242 -> h5:80 [content='GET /index.html HTTP/1.1'] [Session 6] [len=262B]
2025-09-12 19:38:53 - [BENIGN] - DEBUG - Generated HTTP ACK reply from h5:80 <- h3:15242 [len=54B]
2025-09-12 19:38:53 - [BENIGN] - DEBUG - Generated HTTPS SYN from h3:20745 -> h5:443 [len=54B]
2025-09-12 19:38:54 - [BENIGN] - DEBUG - Generated HTTPS SYN-ACK from h5:443 <- h3:20745 [len=54B]
2025-09-12 19:38:54 - [BENIGN] - DEBUG - Generated HTTPS ACK from h3:20745 -> h5:443 [len=54B]
2025-09-12 19:38:55 - [BENIGN] - DEBUG - Generated HTTPS data traffic from h3:20745 -> h5:443 [content='Encrypted Application Data'] [Session 7] [len=535B]
2025-09-12 19:38:56 - [BENIGN] - DEBUG - Generated HTTPS ACK reply from h5:443 <- h3:20745 [len=54B]
2025-09-12 19:38:56 - [BENIGN] - DEBUG - Generated DNS query from h3:65301 -> h5:53 [qname='example.com'] [Session 8] [len=71B]
2025-09-12 19:38:56 - [BENIGN] - DEBUG - Generated ICMP traffic h2↔h5 1 [len=84B]
2025-09-12 19:38:57 - [BENIGN] - DEBUG - Generated TCP SYN from h3:1949 -> h5:12345 [len=54B]
2025-09-12 19:38:58 - [BENIGN] - DEBUG - Generated TCP SYN-ACK from h5:12345 <- h3:1949 [len=54B]
2025-09-12 19:38:58 - [BENIGN] - DEBUG - Generated TCP ACK from h3:1949 -> h5:12345 [len=54B]
2025-09-12 19:38:59 - [BENIGN] - DEBUG - Generated TCP data traffic from h3:1949 -> h5:12345 [content='TCP data'] [Session 9] [len=1075B]
2025-09-12 19:39:00 - [BENIGN] - DEBUG - Generated TCP ACK reply from h5:12345 <- h3:1949 [len=54B]
2025-09-12 19:39:00 - [BENIGN] - DEBUG - Generated UDP traffic from h3:17814 -> h5:12346 [content='41706fa585c9d98bf4e81bf10a914b5245f340ad...'] [Session 10] [len=137B]
2025-09-12 19:39:01 - [BENIGN] - DEBUG - Generated Telnet SYN from h3:26281 -> h5:23 [len=54B]
2025-09-12 19:39:02 - [BENIGN] - DEBUG - Generated Telnet SYN-ACK from h5:23 <- h3:26281 [len=54B]
2025-09-12 19:39:02 - [BENIGN] - DEBUG - Generated Telnet ACK from h3:26281 -> h5:23 [len=54B]
2025-09-12 19:39:03 - [BENIGN] - DEBUG - Generated Telnet data traffic from h3:26281 -> h5:23 [content='Telnet command'] [Session 11] [len=484B]
2025-09-12 19:39:03 - [BENIGN] - DEBUG - Generated Telnet ACK reply from h5:23 <- h3:26281 [len=54B]
2025-09-12 19:39:04 - [BENIGN] - DEBUG - Generated SSH SYN from h3:3305 -> h5:22 [len=54B]
2025-09-12 19:39:05 - [BENIGN] - DEBUG - Generated SSH SYN-ACK from h5:22 <- h3:3305 [len=54B]
2025-09-12 19:39:05 - [BENIGN] - DEBUG - Generated SSH ACK from h3:3305 -> h5:22 [len=54B]
2025-09-12 19:39:06 - [BENIGN] - DEBUG - Generated SSH data traffic from h3:3305 -> h5:22 [content='SSH encrypted data'] [Session 12] [len=570B]
2025-09-12 19:39:07 - [BENIGN] - DEBUG - Generated SSH ACK reply from h5:22 <- h3:3305 [len=54B]
2025-09-12 19:39:07 - [BENIGN] - DEBUG - Generated FTP SYN from h3:27865 -> h5:21 [len=54B]
2025-09-12 19:39:08 - [BENIGN] - DEBUG - Generated FTP SYN-ACK from h5:21 <- h3:27865 [len=54B]
2025-09-12 19:39:09 - [BENIGN] - DEBUG - Generated FTP ACK from h3:27865 -> h5:21 [len=54B]
2025-09-12 19:39:09 - [BENIGN] - DEBUG - Generated FTP data traffic from h3:27865 -> h5:21 [content='FTP file transfer'] [Session 13] [len=1446B]
2025-09-12 19:39:10 - [BENIGN] - DEBUG - Generated FTP ACK reply from h5:21 <- h3:27865 [len=54B]
2025-09-12 19:39:10 - [BENIGN] - DEBUG - Generated HTTP SYN from h3:24195 -> h5:80 [len=54B]
2025-09-12 19:39:11 - [BENIGN] - DEBUG - Generated HTTP SYN-ACK from h5:80 <- h3:24195 [len=54B]
2025-09-12 19:39:12 - [BENIGN] - DEBUG - Generated HTTP ACK from h3:24195 -> h5:80 [len=54B]
2025-09-12 19:39:12 - [BENIGN] - DEBUG - Generated HTTP data traffic from h3:24195 -> h5:80 [content='GET /index.html HTTP/1.1'] [Session 14] [len=557B]
2025-09-12 19:39:13 - [BENIGN] - DEBUG - Generated HTTP ACK reply from h5:80 <- h3:24195 [len=54B]
2025-09-12 19:39:14 - [BENIGN] - DEBUG - Generated HTTPS SYN from h3:6119 -> h5:443 [len=54B]
2025-09-12 19:39:14 - [BENIGN] - DEBUG - Generated HTTPS SYN-ACK from h5:443 <- h3:6119 [len=54B]
2025-09-12 19:39:15 - [BENIGN] - DEBUG - Generated HTTPS ACK from h3:6119 -> h5:443 [len=54B]
2025-09-12 19:39:15 - [BENIGN] - DEBUG - Generated HTTPS data traffic from h3:6119 -> h5:443 [content='Encrypted Application Data'] [Session 15] [len=809B]
2025-09-12 19:39:16 - [BENIGN] - DEBUG - Generated HTTPS ACK reply from h5:443 <- h3:6119 [len=54B]
2025-09-12 19:39:17 - [BENIGN] - DEBUG - Generated DNS query from h3:28957 -> h5:53 [qname='example.com'] [Session 16] [len=71B]
2025-09-12 19:39:17 - [BENIGN] - DEBUG - Generated ICMP traffic h2↔h5 2 [len=84B]
2025-09-12 19:39:17 - [BENIGN] - DEBUG - Generated TCP SYN from h3:42418 -> h5:12345 [len=54B]
2025-09-12 19:39:18 - [BENIGN] - DEBUG - Generated TCP SYN-ACK from h5:12345 <- h3:42418 [len=54B]
2025-09-12 19:39:19 - [BENIGN] - DEBUG - Generated TCP ACK from h3:42418 -> h5:12345 [len=54B]
2025-09-12 19:39:19 - [BENIGN] - DEBUG - Generated TCP data traffic from h3:42418 -> h5:12345 [content='TCP data'] [Session 17] [len=264B]
2025-09-12 19:39:20 - [BENIGN] - DEBUG - Generated TCP ACK reply from h5:12345 <- h3:42418 [len=54B]
2025-09-12 19:39:21 - [BENIGN] - DEBUG - Generated UDP traffic from h3:33895 -> h5:12346 [content='710ed49d755e813f825ebcf6aa6186321f9bc5eb...'] [Session 18] [len=641B]
2025-09-12 19:39:21 - [BENIGN] - DEBUG - Generated Telnet SYN from h3:13821 -> h5:23 [len=54B]
2025-09-12 19:39:22 - [BENIGN] - DEBUG - Generated Telnet SYN-ACK from h5:23 <- h3:13821 [len=54B]
2025-09-12 19:39:22 - [BENIGN] - DEBUG - Generated Telnet ACK from h3:13821 -> h5:23 [len=54B]
2025-09-12 19:39:23 - [BENIGN] - DEBUG - Generated Telnet data traffic from h3:13821 -> h5:23 [content='Telnet command'] [Session 19] [len=764B]
2025-09-12 19:39:24 - [BENIGN] - DEBUG - Generated Telnet ACK reply from h5:23 <- h3:13821 [len=54B]
2025-09-12 19:39:24 - [BENIGN] - DEBUG - Generated SSH SYN from h3:64192 -> h5:22 [len=54B]
2025-09-12 19:39:25 - [BENIGN] - DEBUG - Generated SSH SYN-ACK from h5:22 <- h3:64192 [len=54B]
2025-09-12 19:39:26 - [BENIGN] - DEBUG - Generated SSH ACK from h3:64192 -> h5:22 [len=54B]
2025-09-12 19:39:26 - [BENIGN] - DEBUG - Generated SSH data traffic from h3:64192 -> h5:22 [content='SSH encrypted data'] [Session 20] [len=1364B]
2025-09-12 19:39:27 - [BENIGN] - DEBUG - Generated SSH ACK reply from h5:22 <- h3:64192 [len=54B]
2025-09-12 19:39:28 - [BENIGN] - DEBUG - Generated FTP SYN from h3:64025 -> h5:21 [len=54B]
2025-09-12 19:39:28 - [BENIGN] - DEBUG - Generated FTP SYN-ACK from h5:21 <- h3:64025 [len=54B]
2025-09-12 19:39:29 - [BENIGN] - DEBUG - Generated FTP ACK from h3:64025 -> h5:21 [len=54B]
2025-09-12 19:39:29 - [BENIGN] - DEBUG - Generated FTP data traffic from h3:64025 -> h5:21 [content='FTP file transfer'] [Session 21] [len=724B]
2025-09-12 19:39:30 - [BENIGN] - DEBUG - Generated FTP ACK reply from h5:21 <- h3:64025 [len=54B]
2025-09-12 19:39:31 - [BENIGN] - DEBUG - Generated HTTP SYN from h3:49019 -> h5:80 [len=54B]
2025-09-12 19:39:31 - [BENIGN] - DEBUG - Generated HTTP SYN-ACK from h5:80 <- h3:49019 [len=54B]
2025-09-12 19:39:32 - [BENIGN] - DEBUG - Generated HTTP ACK from h3:49019 -> h5:80 [len=54B]
2025-09-12 19:39:33 - [BENIGN] - DEBUG - Generated HTTP data traffic from h3:49019 -> h5:80 [content='GET /index.html HTTP/1.1'] [Session 22] [len=622B]
2025-09-12 19:39:33 - [BENIGN] - DEBUG - Generated HTTP ACK reply from h5:80 <- h3:49019 [len=54B]
2025-09-12 19:39:34 - [BENIGN] - DEBUG - Generated HTTPS SYN from h3:13407 -> h5:443 [len=54B]
2025-09-12 19:39:35 - [BENIGN] - DEBUG - Generated HTTPS SYN-ACK from h5:443 <- h3:13407 [len=54B]
2025-09-12 19:39:35 - [BENIGN] - DEBUG - Generated HTTPS ACK from h3:13407 -> h5:443 [len=54B]
2025-09-12 19:39:36 - [BENIGN] - DEBUG - Generated HTTPS data traffic from h3:13407 -> h5:443 [content='Encrypted Application Data'] [Session 23] [len=541B]
2025-09-12 19:39:36 - [BENIGN] - DEBUG - Generated HTTPS ACK reply from h5:443 <- h3:13407 [len=54B]
2025-09-12 19:39:37 - [BENIGN] - DEBUG - Generated DNS query from h3:53609 -> h5:53 [qname='example.com'] [Session 24] [len=71B]
2025-09-12 19:39:37 - [BENIGN] - DEBUG - Generated ICMP traffic h2↔h5 3 [len=84B]
2025-09-12 19:39:38 - [BENIGN] - DEBUG - Generated TCP SYN from h3:15543 -> h5:12345 [len=54B]
2025-09-12 19:39:38 - [BENIGN] - DEBUG - Generated TCP SYN-ACK from h5:12345 <- h3:15543 [len=54B]
2025-09-12 19:39:39 - [BENIGN] - DEBUG - Generated TCP ACK from h3:15543 -> h5:12345 [len=54B]
2025-09-12 19:39:40 - [BENIGN] - DEBUG - Generated TCP data traffic from h3:15543 -> h5:12345 [content='TCP data'] [Session 25] [len=849B]
2025-09-12 19:39:40 - [BENIGN] - DEBUG - Generated TCP ACK reply from h5:12345 <- h3:15543 [len=54B]
2025-09-12 19:39:41 - [BENIGN] - DEBUG - Generated UDP traffic from h3:17807 -> h5:12346 [content='6c032d86b27193ad112177599246d4d607fd5460...'] [Session 26] [len=837B]
2025-09-12 19:39:42 - [BENIGN] - DEBUG - Generated Telnet SYN from h3:6046 -> h5:23 [len=54B]
2025-09-12 19:39:42 - [BENIGN] - DEBUG - Generated Telnet SYN-ACK from h5:23 <- h3:6046 [len=54B]
2025-09-12 19:39:43 - [BENIGN] - DEBUG - Generated Telnet ACK from h3:6046 -> h5:23 [len=54B]
2025-09-12 19:39:43 - [BENIGN] - DEBUG - Generated Telnet data traffic from h3:6046 -> h5:23 [content='Telnet command'] [Session 27] [len=1300B]
2025-09-12 19:39:44 - [BENIGN] - DEBUG - Generated Telnet ACK reply from h5:23 <- h3:6046 [len=54B]
2025-09-12 19:39:45 - [BENIGN] - DEBUG - Generated SSH SYN from h3:52354 -> h5:22 [len=54B]
2025-09-12 19:39:45 - [BENIGN] - DEBUG - Generated SSH SYN-ACK from h5:22 <- h3:52354 [len=54B]
2025-09-12 19:39:46 - [BENIGN] - DEBUG - Generated SSH ACK from h3:52354 -> h5:22 [len=54B]
2025-09-12 19:39:47 - [BENIGN] - DEBUG - Generated SSH data traffic from h3:52354 -> h5:22 [content='SSH encrypted data'] [Session 28] [len=1538B]
2025-09-12 19:39:47 - [BENIGN] - DEBUG - Generated SSH ACK reply from h5:22 <- h3:52354 [len=54B]
2025-09-12 19:39:48 - [BENIGN] - DEBUG - Generated FTP SYN from h3:6513 -> h5:21 [len=54B]
2025-09-12 19:39:48 - [BENIGN] - DEBUG - Generated FTP SYN-ACK from h5:21 <- h3:6513 [len=54B]
2025-09-12 19:39:49 - [BENIGN] - DEBUG - Generated FTP ACK from h3:6513 -> h5:21 [len=54B]
2025-09-12 19:39:50 - [BENIGN] - DEBUG - Generated FTP data traffic from h3:6513 -> h5:21 [content='FTP file transfer'] [Session 29] [len=496B]
2025-09-12 19:39:50 - [BENIGN] - DEBUG - Generated FTP ACK reply from h5:21 <- h3:6513 [len=54B]
2025-09-12 19:39:51 - [BENIGN] - DEBUG - Generated HTTP SYN from h3:10119 -> h5:80 [len=54B]
2025-09-12 19:39:52 - [BENIGN] - DEBUG - Generated HTTP SYN-ACK from h5:80 <- h3:10119 [len=54B]
2025-09-12 19:39:52 - [BENIGN] - DEBUG - Generated HTTP ACK from h3:10119 -> h5:80 [len=54B]
2025-09-12 19:39:53 - [BENIGN] - DEBUG - Generated HTTP data traffic from h3:10119 -> h5:80 [content='GET /index.html HTTP/1.1'] [Session 30] [len=483B]
2025-09-12 19:39:53 - [BENIGN] - DEBUG - Generated HTTP ACK reply from h5:80 <- h3:10119 [len=54B]
2025-09-12 19:39:54 - [BENIGN] - DEBUG - Generated HTTPS SYN from h3:29772 -> h5:443 [len=54B]
2025-09-12 19:39:55 - [BENIGN] - DEBUG - Generated HTTPS SYN-ACK from h5:443 <- h3:29772 [len=54B]
2025-09-12 19:39:55 - [BENIGN] - DEBUG - Generated HTTPS ACK from h3:29772 -> h5:443 [len=54B]
2025-09-12 19:39:56 - [BENIGN] - DEBUG - Generated HTTPS data traffic from h3:29772 -> h5:443 [content='Encrypted Application Data'] [Session 31] [len=425B]
2025-09-12 19:39:57 - [BENIGN] - DEBUG - Generated HTTPS ACK reply from h5:443 <- h3:29772 [len=54B]
2025-09-12 19:39:57 - [BENIGN] - DEBUG - Generated DNS query from h3:63755 -> h5:53 [qname='example.com'] [Session 32] [len=71B]
2025-09-12 19:39:57 - [BENIGN] - DEBUG - Generated ICMP traffic h2↔h5 4 [len=84B]
2025-09-12 19:39:58 - [BENIGN] - DEBUG - Generated TCP SYN from h3:49028 -> h5:12345 [len=54B]
2025-09-12 19:39:59 - [BENIGN] - DEBUG - Generated TCP SYN-ACK from h5:12345 <- h3:49028 [len=54B]
2025-09-12 19:39:59 - [BENIGN] - DEBUG - Generated TCP ACK from h3:49028 -> h5:12345 [len=54B]
2025-09-12 19:40:00 - [BENIGN] - DEBUG - Generated TCP data traffic from h3:49028 -> h5:12345 [content='TCP data'] [Session 33] [len=383B]
2025-09-12 19:40:00 - [BENIGN] - DEBUG - Generated TCP ACK reply from h5:12345 <- h3:49028 [len=54B]
2025-09-12 19:40:01 - [BENIGN] - DEBUG - Generated UDP traffic from h3:32176 -> h5:12346 [content='36e4439d16c0053e7a80f34be52af06126c4b194...'] [Session 34] [len=778B]
2025-09-12 19:40:02 - [BENIGN] - DEBUG - Generated Telnet SYN from h3:32464 -> h5:23 [len=54B]
2025-09-12 19:40:02 - [BENIGN] - DEBUG - Generated Telnet SYN-ACK from h5:23 <- h3:32464 [len=54B]
2025-09-12 19:40:03 - [BENIGN] - DEBUG - Generated Telnet ACK from h3:32464 -> h5:23 [len=54B]
2025-09-12 19:40:04 - [BENIGN] - DEBUG - Generated Telnet data traffic from h3:32464 -> h5:23 [content='Telnet command'] [Session 35] [len=662B]
2025-09-12 19:40:04 - [BENIGN] - DEBUG - Generated Telnet ACK reply from h5:23 <- h3:32464 [len=54B]
2025-09-12 19:40:05 - [BENIGN] - DEBUG - Generated SSH SYN from h3:34230 -> h5:22 [len=54B]
2025-09-12 19:40:05 - [BENIGN] - DEBUG - Generated SSH SYN-ACK from h5:22 <- h3:34230 [len=54B]
2025-09-12 19:40:06 - [BENIGN] - DEBUG - Generated SSH ACK from h3:34230 -> h5:22 [len=54B]
2025-09-12 19:40:07 - [BENIGN] - DEBUG - Generated SSH data traffic from h3:34230 -> h5:22 [content='SSH encrypted data'] [Session 36] [len=1299B]
2025-09-12 19:40:07 - [BENIGN] - DEBUG - Generated SSH ACK reply from h5:22 <- h3:34230 [len=54B]
2025-09-12 19:40:08 - [BENIGN] - DEBUG - Generated FTP SYN from h3:43908 -> h5:21 [len=54B]
2025-09-12 19:40:09 - [BENIGN] - DEBUG - Generated FTP SYN-ACK from h5:21 <- h3:43908 [len=54B]
2025-09-12 19:40:09 - [BENIGN] - DEBUG - Generated FTP ACK from h3:43908 -> h5:21 [len=54B]
2025-09-12 19:40:10 - [BENIGN] - DEBUG - Generated FTP data traffic from h3:43908 -> h5:21 [content='FTP file transfer'] [Session 37] [len=1431B]
2025-09-12 19:40:10 - [BENIGN] - DEBUG - Generated FTP ACK reply from h5:21 <- h3:43908 [len=54B]
2025-09-12 19:40:11 - [BENIGN] - DEBUG - Generated HTTP SYN from h3:59341 -> h5:80 [len=54B]
2025-09-12 19:40:12 - [BENIGN] - DEBUG - Generated HTTP SYN-ACK from h5:80 <- h3:59341 [len=54B]
2025-09-12 19:40:12 - [BENIGN] - DEBUG - Generated HTTP ACK from h3:59341 -> h5:80 [len=54B]
2025-09-12 19:40:13 - [BENIGN] - DEBUG - Generated HTTP data traffic from h3:59341 -> h5:80 [content='GET /index.html HTTP/1.1'] [Session 38] [len=324B]
2025-09-12 19:40:14 - [BENIGN] - DEBUG - Generated HTTP ACK reply from h5:80 <- h3:59341 [len=54B]
2025-09-12 19:40:14 - [BENIGN] - DEBUG - Generated HTTPS SYN from h3:45732 -> h5:443 [len=54B]
2025-09-12 19:40:15 - [BENIGN] - DEBUG - Generated HTTPS SYN-ACK from h5:443 <- h3:45732 [len=54B]
2025-09-12 19:40:16 - [BENIGN] - DEBUG - Generated HTTPS ACK from h3:45732 -> h5:443 [len=54B]
2025-09-12 19:40:16 - [BENIGN] - DEBUG - Generated HTTPS data traffic from h3:45732 -> h5:443 [content='Encrypted Application Data'] [Session 39] [len=534B]
2025-09-12 19:40:17 - [BENIGN] - DEBUG - Generated HTTPS ACK reply from h5:443 <- h3:45732 [len=54B]
2025-09-12 19:40:17 - [BENIGN] - DEBUG - Generated DNS query from h3:33580 -> h5:53 [qname='example.com'] [Session 40] [len=71B]
2025-09-12 19:40:17 - [BENIGN] - DEBUG - Generated ICMP traffic h2↔h5 5 [len=84B]
2025-09-12 19:40:18 - [BENIGN] - DEBUG - Generated TCP SYN from h3:39738 -> h5:12345 [len=54B]
2025-09-12 19:40:19 - [BENIGN] - DEBUG - Generated TCP SYN-ACK from h5:12345 <- h3:39738 [len=54B]
2025-09-12 19:40:19 - [BENIGN] - DEBUG - Generated TCP ACK from h3:39738 -> h5:12345 [len=54B]
2025-09-12 19:40:20 - [BENIGN] - DEBUG - Generated TCP data traffic from h3:39738 -> h5:12345 [content='TCP data'] [Session 41] [len=913B]
2025-09-12 19:40:21 - [BENIGN] - DEBUG - Generated TCP ACK reply from h5:12345 <- h3:39738 [len=54B]
2025-09-12 19:40:21 - [BENIGN] - DEBUG - Generated UDP traffic from h3:52052 -> h5:12346 [content='ea5108da3c0ca8973f1edfb0456affcb4e5f7cc5...'] [Session 42] [len=1104B]
2025-09-12 19:40:22 - [BENIGN] - DEBUG - Generated Telnet SYN from h3:60073 -> h5:23 [len=54B]
2025-09-12 19:40:22 - [BENIGN] - DEBUG - Generated Telnet SYN-ACK from h5:23 <- h3:60073 [len=54B]
2025-09-12 19:40:23 - [BENIGN] - DEBUG - Generated Telnet ACK from h3:60073 -> h5:23 [len=54B]
2025-09-12 19:40:24 - [BENIGN] - DEBUG - Generated Telnet data traffic from h3:60073 -> h5:23 [content='Telnet command'] [Session 43] [len=106B]
2025-09-12 19:40:24 - [BENIGN] - DEBUG - Generated Telnet ACK reply from h5:23 <- h3:60073 [len=54B]
2025-09-12 19:40:25 - [BENIGN] - DEBUG - Generated SSH SYN from h3:9546 -> h5:22 [len=54B]
2025-09-12 19:40:26 - [BENIGN] - DEBUG - Generated SSH SYN-ACK from h5:22 <- h3:9546 [len=54B]
2025-09-12 19:40:26 - [BENIGN] - DEBUG - Generated SSH ACK from h3:9546 -> h5:22 [len=54B]
2025-09-12 19:40:27 - [BENIGN] - DEBUG - Generated SSH data traffic from h3:9546 -> h5:22 [content='SSH encrypted data'] [Session 44] [len=1540B]
2025-09-12 19:40:27 - [BENIGN] - DEBUG - Generated SSH ACK reply from h5:22 <- h3:9546 [len=54B]
2025-09-12 19:40:28 - [BENIGN] - DEBUG - Generated FTP SYN from h3:53967 -> h5:21 [len=54B]
2025-09-12 19:40:29 - [BENIGN] - DEBUG - Generated FTP SYN-ACK from h5:21 <- h3:53967 [len=54B]
2025-09-12 19:40:29 - [BENIGN] - DEBUG - Generated FTP ACK from h3:53967 -> h5:21 [len=54B]
2025-09-12 19:40:30 - [BENIGN] - DEBUG - Generated FTP data traffic from h3:53967 -> h5:21 [content='FTP file transfer'] [Session 45] [len=911B]
2025-09-12 19:40:31 - [BENIGN] - DEBUG - Generated FTP ACK reply from h5:21 <- h3:53967 [len=54B]
2025-09-12 19:40:31 - [BENIGN] - DEBUG - Generated HTTP SYN from h3:28879 -> h5:80 [len=54B]
2025-09-12 19:40:32 - [BENIGN] - DEBUG - Generated HTTP SYN-ACK from h5:80 <- h3:28879 [len=54B]
2025-09-12 19:40:32 - [BENIGN] - DEBUG - Generated HTTP ACK from h3:28879 -> h5:80 [len=54B]
2025-09-12 19:40:33 - [BENIGN] - DEBUG - Generated HTTP data traffic from h3:28879 -> h5:80 [content='GET /index.html HTTP/1.1'] [Session 46] [len=460B]
2025-09-12 19:40:34 - [BENIGN] - DEBUG - Generated HTTP ACK reply from h5:80 <- h3:28879 [len=54B]
2025-09-12 19:40:34 - [BENIGN] - DEBUG - Generated HTTPS SYN from h3:12286 -> h5:443 [len=54B]
2025-09-12 19:40:35 - [BENIGN] - DEBUG - Generated HTTPS SYN-ACK from h5:443 <- h3:12286 [len=54B]
2025-09-12 19:40:36 - [BENIGN] - DEBUG - Generated HTTPS ACK from h3:12286 -> h5:443 [len=54B]
2025-09-12 19:40:36 - [BENIGN] - DEBUG - Generated HTTPS data traffic from h3:12286 -> h5:443 [content='Encrypted Application Data'] [Session 47] [len=207B]
2025-09-12 19:40:37 - [BENIGN] - DEBUG - Generated HTTPS ACK reply from h5:443 <- h3:12286 [len=54B]
2025-09-12 19:40:37 - [BENIGN] - DEBUG - Generated DNS query from h3:18617 -> h5:53 [qname='example.com'] [Session 48] [len=71B]
2025-09-12 19:40:38 - [BENIGN] - DEBUG - Generated ICMP traffic h2↔h5 6 [len=84B]
2025-09-12 19:40:38 - [BENIGN] - DEBUG - Generated TCP SYN from h3:43151 -> h5:12345 [len=54B]
2025-09-12 19:40:39 - [BENIGN] - DEBUG - Generated TCP SYN-ACK from h5:12345 <- h3:43151 [len=54B]
2025-09-12 19:40:39 - [BENIGN] - DEBUG - Generated TCP ACK from h3:43151 -> h5:12345 [len=54B]
2025-09-12 19:40:40 - [BENIGN] - DEBUG - Generated TCP data traffic from h3:43151 -> h5:12345 [content='TCP data'] [Session 49] [len=107B]
2025-09-12 19:40:41 - [BENIGN] - DEBUG - Generated TCP ACK reply from h5:12345 <- h3:43151 [len=54B]
2025-09-12 19:40:41 - [BENIGN] - DEBUG - Generated UDP traffic from h3:34369 -> h5:12346 [content='614a2f80acad82b49cbd0035d531ad3ba7116ec4...'] [Session 50] [len=440B]
2025-09-12 19:40:42 - [BENIGN] - DEBUG - Generated Telnet SYN from h3:42850 -> h5:23 [len=54B]
2025-09-12 19:40:43 - [BENIGN] - DEBUG - Generated Telnet SYN-ACK from h5:23 <- h3:42850 [len=54B]
2025-09-12 19:40:43 - [BENIGN] - DEBUG - Generated Telnet ACK from h3:42850 -> h5:23 [len=54B]
2025-09-12 19:40:44 - [BENIGN] - DEBUG - Generated Telnet data traffic from h3:42850 -> h5:23 [content='Telnet command'] [Session 51] [len=524B]
2025-09-12 19:40:44 - [BENIGN] - DEBUG - Generated Telnet ACK reply from h5:23 <- h3:42850 [len=54B]
2025-09-12 19:40:45 - [BENIGN] - DEBUG - Generated SSH SYN from h3:19107 -> h5:22 [len=54B]
2025-09-12 19:40:46 - [BENIGN] - DEBUG - Generated SSH SYN-ACK from h5:22 <- h3:19107 [len=54B]
2025-09-12 19:40:46 - [BENIGN] - DEBUG - Generated SSH ACK from h3:19107 -> h5:22 [len=54B]
2025-09-12 19:40:47 - [BENIGN] - DEBUG - Generated SSH data traffic from h3:19107 -> h5:22 [content='SSH encrypted data'] [Session 52] [len=343B]
2025-09-12 19:40:47 - [BENIGN] - DEBUG - Generated SSH ACK reply from h5:22 <- h3:19107 [len=54B]
2025-09-12 19:40:48 - [BENIGN] - DEBUG - Generated FTP SYN from h3:52554 -> h5:21 [len=54B]
2025-09-12 19:40:49 - [BENIGN] - DEBUG - Generated FTP SYN-ACK from h5:21 <- h3:52554 [len=54B]
2025-09-12 19:40:49 - [BENIGN] - DEBUG - Generated FTP ACK from h3:52554 -> h5:21 [len=54B]
2025-09-12 19:40:50 - [BENIGN] - DEBUG - Generated FTP data traffic from h3:52554 -> h5:21 [content='FTP file transfer'] [Session 53] [len=811B]
2025-09-12 19:40:51 - [BENIGN] - DEBUG - Generated FTP ACK reply from h5:21 <- h3:52554 [len=54B]
2025-09-12 19:40:51 - [BENIGN] - DEBUG - Generated HTTP SYN from h3:12987 -> h5:80 [len=54B]
2025-09-12 19:40:52 - [BENIGN] - DEBUG - Generated HTTP SYN-ACK from h5:80 <- h3:12987 [len=54B]
2025-09-12 19:40:52 - [BENIGN] - DEBUG - Generated HTTP ACK from h3:12987 -> h5:80 [len=54B]
2025-09-12 19:40:53 - [BENIGN] - DEBUG - Generated HTTP data traffic from h3:12987 -> h5:80 [content='GET /index.html HTTP/1.1'] [Session 54] [len=504B]
2025-09-12 19:40:54 - [BENIGN] - DEBUG - Generated HTTP ACK reply from h5:80 <- h3:12987 [len=54B]
2025-09-12 19:40:54 - [BENIGN] - DEBUG - Generated HTTPS SYN from h3:56870 -> h5:443 [len=54B]
2025-09-12 19:40:55 - [BENIGN] - DEBUG - Generated HTTPS SYN-ACK from h5:443 <- h3:56870 [len=54B]
2025-09-12 19:40:56 - [BENIGN] - DEBUG - Generated HTTPS ACK from h3:56870 -> h5:443 [len=54B]
2025-09-12 19:40:56 - [BENIGN] - DEBUG - Generated HTTPS data traffic from h3:56870 -> h5:443 [content='Encrypted Application Data'] [Session 55] [len=786B]
2025-09-12 19:40:57 - [BENIGN] - DEBUG - Generated HTTPS ACK reply from h5:443 <- h3:56870 [len=54B]
2025-09-12 19:40:58 - [BENIGN] - DEBUG - Generated DNS query from h3:11285 -> h5:53 [qname='example.com'] [Session 56] [len=71B]
2025-09-12 19:40:58 - [BENIGN] - DEBUG - Generated ICMP traffic h2↔h5 7 [len=84B]
2025-09-12 19:40:58 - [BENIGN] - DEBUG - Generated TCP SYN from h3:58972 -> h5:12345 [len=54B]
2025-09-12 19:40:59 - [BENIGN] - DEBUG - Generated TCP SYN-ACK from h5:12345 <- h3:58972 [len=54B]
2025-09-12 19:41:00 - [BENIGN] - DEBUG - Generated TCP ACK from h3:58972 -> h5:12345 [len=54B]
2025-09-12 19:41:00 - [BENIGN] - DEBUG - Generated TCP data traffic from h3:58972 -> h5:12345 [content='TCP data'] [Session 57] [len=1167B]
2025-09-12 19:41:01 - [BENIGN] - DEBUG - Generated TCP ACK reply from h5:12345 <- h3:58972 [len=54B]
2025-09-12 19:41:02 - [BENIGN] - DEBUG - Generated UDP traffic from h3:50546 -> h5:12346 [content='b2ca94b14d04ea53416ae99fdb64a473aefff48a...'] [Session 58] [len=768B]
2025-09-12 19:41:02 - [BENIGN] - DEBUG - Generated Telnet SYN from h3:50158 -> h5:23 [len=54B]
2025-09-12 19:41:03 - [BENIGN] - DEBUG - Generated Telnet SYN-ACK from h5:23 <- h3:50158 [len=54B]
2025-09-12 19:41:03 - [BENIGN] - DEBUG - Generated Telnet ACK from h3:50158 -> h5:23 [len=54B]
2025-09-12 19:41:04 - [BENIGN] - DEBUG - Generated Telnet data traffic from h3:50158 -> h5:23 [content='Telnet command'] [Session 59] [len=386B]
2025-09-12 19:41:05 - [BENIGN] - DEBUG - Generated Telnet ACK reply from h5:23 <- h3:50158 [len=54B]
2025-09-12 19:41:05 - [BENIGN] - DEBUG - Generated SSH SYN from h3:12642 -> h5:22 [len=54B]
2025-09-12 19:41:06 - [BENIGN] - DEBUG - Generated SSH SYN-ACK from h5:22 <- h3:12642 [len=54B]
2025-09-12 19:41:07 - [BENIGN] - DEBUG - Generated SSH ACK from h3:12642 -> h5:22 [len=54B]
2025-09-12 19:41:07 - [BENIGN] - DEBUG - Generated SSH data traffic from h3:12642 -> h5:22 [content='SSH encrypted data'] [Session 60] [len=1414B]
2025-09-12 19:41:08 - [BENIGN] - DEBUG - Generated SSH ACK reply from h5:22 <- h3:12642 [len=54B]
2025-09-12 19:41:09 - [BENIGN] - DEBUG - Generated FTP SYN from h3:14444 -> h5:21 [len=54B]
2025-09-12 19:41:09 - [BENIGN] - DEBUG - Generated FTP SYN-ACK from h5:21 <- h3:14444 [len=54B]
2025-09-12 19:41:10 - [BENIGN] - DEBUG - Generated FTP ACK from h3:14444 -> h5:21 [len=54B]
2025-09-12 19:41:10 - [BENIGN] - DEBUG - Generated FTP data traffic from h3:14444 -> h5:21 [content='FTP file transfer'] [Session 61] [len=487B]
2025-09-12 19:41:11 - [BENIGN] - DEBUG - Generated FTP ACK reply from h5:21 <- h3:14444 [len=54B]
2025-09-12 19:41:12 - [BENIGN] - DEBUG - Generated HTTP SYN from h3:31560 -> h5:80 [len=54B]
2025-09-12 19:41:12 - [BENIGN] - DEBUG - Generated HTTP SYN-ACK from h5:80 <- h3:31560 [len=54B]
2025-09-12 19:41:13 - [BENIGN] - DEBUG - Generated HTTP ACK from h3:31560 -> h5:80 [len=54B]
2025-09-12 19:41:14 - [BENIGN] - DEBUG - Generated HTTP data traffic from h3:31560 -> h5:80 [content='GET /index.html HTTP/1.1'] [Session 62] [len=522B]
2025-09-12 19:41:14 - [BENIGN] - DEBUG - Generated HTTP ACK reply from h5:80 <- h3:31560 [len=54B]
2025-09-12 19:41:15 - [BENIGN] - DEBUG - Generated HTTPS SYN from h3:7233 -> h5:443 [len=54B]
2025-09-12 19:41:16 - [BENIGN] - DEBUG - Generated HTTPS SYN-ACK from h5:443 <- h3:7233 [len=54B]
2025-09-12 19:41:16 - [BENIGN] - DEBUG - Generated HTTPS ACK from h3:7233 -> h5:443 [len=54B]
2025-09-12 19:41:17 - [BENIGN] - DEBUG - Generated HTTPS data traffic from h3:7233 -> h5:443 [content='Encrypted Application Data'] [Session 63] [len=566B]
2025-09-12 19:41:17 - [BENIGN] - DEBUG - Generated HTTPS ACK reply from h5:443 <- h3:7233 [len=54B]
2025-09-12 19:41:18 - [BENIGN] - DEBUG - Generated DNS query from h3:18821 -> h5:53 [qname='example.com'] [Session 64] [len=71B]
2025-09-12 19:41:18 - [BENIGN] - DEBUG - Generated ICMP traffic h2↔h5 8 [len=84B]
2025-09-12 19:41:19 - [BENIGN] - DEBUG - Generated TCP SYN from h3:41597 -> h5:12345 [len=54B]
2025-09-12 19:41:19 - [BENIGN] - DEBUG - Generated TCP SYN-ACK from h5:12345 <- h3:41597 [len=54B]
2025-09-12 19:41:20 - [BENIGN] - DEBUG - Generated TCP ACK from h3:41597 -> h5:12345 [len=54B]
2025-09-12 19:41:21 - [BENIGN] - DEBUG - Generated TCP data traffic from h3:41597 -> h5:12345 [content='TCP data'] [Session 65] [len=1153B]
2025-09-12 19:41:21 - [BENIGN] - DEBUG - Generated TCP ACK reply from h5:12345 <- h3:41597 [len=54B]
2025-09-12 19:41:22 - [BENIGN] - DEBUG - Generated UDP traffic from h3:6462 -> h5:12346 [content='0b49221e1ee7d85798fa4370de7b6dadf66cd46e...'] [Session 66] [len=912B]
2025-09-12 19:41:22 - [BENIGN] - DEBUG - Generated Telnet SYN from h3:39809 -> h5:23 [len=54B]
2025-09-12 19:41:23 - [BENIGN] - DEBUG - Generated Telnet SYN-ACK from h5:23 <- h3:39809 [len=54B]
2025-09-12 19:41:24 - [BENIGN] - DEBUG - Generated Telnet ACK from h3:39809 -> h5:23 [len=54B]
2025-09-12 19:41:24 - [BENIGN] - DEBUG - Generated Telnet data traffic from h3:39809 -> h5:23 [content='Telnet command'] [Session 67] [len=122B]
2025-09-12 19:41:25 - [BENIGN] - DEBUG - Generated Telnet ACK reply from h5:23 <- h3:39809 [len=54B]
2025-09-12 19:41:26 - [BENIGN] - DEBUG - Generated SSH SYN from h3:52971 -> h5:22 [len=54B]
2025-09-12 19:41:26 - [BENIGN] - DEBUG - Generated SSH SYN-ACK from h5:22 <- h3:52971 [len=54B]
2025-09-12 19:41:27 - [BENIGN] - DEBUG - Generated SSH ACK from h3:52971 -> h5:22 [len=54B]
2025-09-12 19:41:27 - [BENIGN] - DEBUG - Generated SSH data traffic from h3:52971 -> h5:22 [content='SSH encrypted data'] [Session 68] [len=742B]
2025-09-12 19:41:28 - [BENIGN] - DEBUG - Generated SSH ACK reply from h5:22 <- h3:52971 [len=54B]
2025-09-12 19:41:29 - [BENIGN] - DEBUG - Generated FTP SYN from h3:2162 -> h5:21 [len=54B]
2025-09-12 19:41:29 - [BENIGN] - DEBUG - Generated FTP SYN-ACK from h5:21 <- h3:2162 [len=54B]
2025-09-12 19:41:30 - [BENIGN] - DEBUG - Generated FTP ACK from h3:2162 -> h5:21 [len=54B]
2025-09-12 19:41:31 - [BENIGN] - DEBUG - Generated FTP data traffic from h3:2162 -> h5:21 [content='FTP file transfer'] [Session 69] [len=125B]
2025-09-12 19:41:31 - [BENIGN] - DEBUG - Generated FTP ACK reply from h5:21 <- h3:2162 [len=54B]
2025-09-12 19:41:32 - [BENIGN] - DEBUG - Generated HTTP SYN from h3:15089 -> h5:80 [len=54B]
2025-09-12 19:41:32 - [BENIGN] - DEBUG - Generated HTTP SYN-ACK from h5:80 <- h3:15089 [len=54B]
2025-09-12 19:41:33 - [BENIGN] - DEBUG - Generated HTTP ACK from h3:15089 -> h5:80 [len=54B]
2025-09-12 19:41:34 - [BENIGN] - DEBUG - Generated HTTP data traffic from h3:15089 -> h5:80 [content='GET /index.html HTTP/1.1'] [Session 70] [len=388B]
2025-09-12 19:41:34 - [BENIGN] - DEBUG - Generated HTTP ACK reply from h5:80 <- h3:15089 [len=54B]
2025-09-12 19:41:35 - [BENIGN] - DEBUG - Generated HTTPS SYN from h3:19526 -> h5:443 [len=54B]
2025-09-12 19:41:36 - [BENIGN] - DEBUG - Generated HTTPS SYN-ACK from h5:443 <- h3:19526 [len=54B]
2025-09-12 19:41:36 - [BENIGN] - DEBUG - Generated HTTPS ACK from h3:19526 -> h5:443 [len=54B]
2025-09-12 19:41:37 - [BENIGN] - DEBUG - Generated HTTPS data traffic from h3:19526 -> h5:443 [content='Encrypted Application Data'] [Session 71] [len=479B]
2025-09-12 19:41:37 - [BENIGN] - DEBUG - Generated HTTPS ACK reply from h5:443 <- h3:19526 [len=54B]
2025-09-12 19:41:38 - [BENIGN] - DEBUG - Generated DNS query from h3:2729 -> h5:53 [qname='example.com'] [Session 72] [len=71B]
2025-09-12 19:41:38 - [BENIGN] - DEBUG - Generated ICMP traffic h2↔h5 9 [len=84B]
2025-09-12 19:41:39 - [BENIGN] - DEBUG - Generated TCP SYN from h3:41630 -> h5:12345 [len=54B]
2025-09-12 19:41:40 - [BENIGN] - DEBUG - Generated TCP SYN-ACK from h5:12345 <- h3:41630 [len=54B]
2025-09-12 19:41:40 - [BENIGN] - DEBUG - Generated TCP ACK from h3:41630 -> h5:12345 [len=54B]
2025-09-12 19:41:41 - [BENIGN] - DEBUG - Generated TCP data traffic from h3:41630 -> h5:12345 [content='TCP data'] [Session 73] [len=809B]
2025-09-12 19:41:41 - [BENIGN] - DEBUG - Generated TCP ACK reply from h5:12345 <- h3:41630 [len=54B]
2025-09-12 19:41:42 - [BENIGN] - DEBUG - Generated UDP traffic from h3:55684 -> h5:12346 [content='a30df001df01c83d088610bdc2fa71dda577f966...'] [Session 74] [len=973B]
2025-09-12 19:41:43 - [BENIGN] - DEBUG - Generated Telnet SYN from h3:29745 -> h5:23 [len=54B]
2025-09-12 19:41:43 - [BENIGN] - DEBUG - Generated Telnet SYN-ACK from h5:23 <- h3:29745 [len=54B]
2025-09-12 19:41:44 - [BENIGN] - DEBUG - Generated Telnet ACK from h3:29745 -> h5:23 [len=54B]
2025-09-12 19:41:45 - [BENIGN] - DEBUG - Generated Telnet data traffic from h3:29745 -> h5:23 [content='Telnet command'] [Session 75] [len=930B]
2025-09-12 19:41:45 - [BENIGN] - DEBUG - Generated Telnet ACK reply from h5:23 <- h3:29745 [len=54B]
2025-09-12 19:41:46 - [BENIGN] - DEBUG - Generated SSH SYN from h3:55219 -> h5:22 [len=54B]
2025-09-12 19:41:47 - [BENIGN] - DEBUG - Generated SSH SYN-ACK from h5:22 <- h3:55219 [len=54B]
2025-09-12 19:41:47 - [BENIGN] - DEBUG - Generated SSH ACK from h3:55219 -> h5:22 [len=54B]
2025-09-12 19:41:48 - [BENIGN] - DEBUG - Generated SSH data traffic from h3:55219 -> h5:22 [content='SSH encrypted data'] [Session 76] [len=796B]
2025-09-12 19:41:49 - [BENIGN] - DEBUG - Generated SSH ACK reply from h5:22 <- h3:55219 [len=54B]
2025-09-12 19:41:49 - [BENIGN] - DEBUG - Generated FTP SYN from h3:45451 -> h5:21 [len=54B]
2025-09-12 19:41:50 - [BENIGN] - DEBUG - Generated FTP SYN-ACK from h5:21 <- h3:45451 [len=54B]
2025-09-12 19:41:50 - [BENIGN] - DEBUG - Generated FTP ACK from h3:45451 -> h5:21 [len=54B]
2025-09-12 19:41:51 - [BENIGN] - DEBUG - Generated FTP data traffic from h3:45451 -> h5:21 [content='FTP file transfer'] [Session 77] [len=1546B]
2025-09-12 19:41:52 - [BENIGN] - DEBUG - Generated FTP ACK reply from h5:21 <- h3:45451 [len=54B]
2025-09-12 19:41:52 - [BENIGN] - DEBUG - Generated HTTP SYN from h3:60472 -> h5:80 [len=54B]
2025-09-12 19:41:53 - [BENIGN] - DEBUG - Generated HTTP SYN-ACK from h5:80 <- h3:60472 [len=54B]
2025-09-12 19:41:54 - [BENIGN] - DEBUG - Generated HTTP ACK from h3:60472 -> h5:80 [len=54B]
2025-09-12 19:41:54 - [BENIGN] - DEBUG - Generated HTTP data traffic from h3:60472 -> h5:80 [content='GET /index.html HTTP/1.1'] [Session 78] [len=468B]
2025-09-12 19:41:55 - [BENIGN] - DEBUG - Generated HTTP ACK reply from h5:80 <- h3:60472 [len=54B]
2025-09-12 19:41:56 - [BENIGN] - DEBUG - Generated HTTPS SYN from h3:18694 -> h5:443 [len=54B]
2025-09-12 19:41:56 - [BENIGN] - DEBUG - Generated HTTPS SYN-ACK from h5:443 <- h3:18694 [len=54B]
2025-09-12 19:41:57 - [BENIGN] - DEBUG - Generated HTTPS ACK from h3:18694 -> h5:443 [len=54B]
2025-09-12 19:41:57 - [BENIGN] - DEBUG - Generated HTTPS data traffic from h3:18694 -> h5:443 [content='Encrypted Application Data'] [Session 79] [len=306B]
2025-09-12 19:41:58 - [BENIGN] - DEBUG - Generated HTTPS ACK reply from h5:443 <- h3:18694 [len=54B]
2025-09-12 19:41:59 - [BENIGN] - DEBUG - Generated DNS query from h3:56145 -> h5:53 [qname='example.com'] [Session 80] [len=71B]
2025-09-12 19:41:59 - [BENIGN] - INFO - Benign traffic finished.
2025-09-12 19:41:59 - [BENIGN] - INFO - Summary: 80 protocol sessions with protocol separation:
2025-09-12 19:41:59 - [BENIGN] - INFO -   - h2↔h5: ICMP ping traffic
2025-09-12 19:41:59 - [BENIGN] - INFO -   - h3↔h5: TCP/UDP traffic [TCP, UDP, Telnet, SSH, FTP, HTTP, HTTPS, DNS]
2025-09-12 19:41:59 - [BENIGN] - INFO - Total packets sent: 340
