2025-09-19 08:46:30,693 - attack_logger - INFO - Attack: Enhanced SYN Flood (88s) | h1 -> h6
2025-09-19 08:46:33,213 - attack_logger - INFO - [syn_flood] [Run ID: f013a8d6-dd9c-4399-a372-fa737ddbc233] Starting Enhanced SYN Flood from h1 to 192.168.30.10 for 88 seconds.
2025-09-19 08:46:33,213 - attack_logger - INFO - [syn_flood] [Run ID: f013a8d6-dd9c-4399-a372-fa737ddbc233] Attack Phase: Enhanced Traditional SYN Flood - Attacker: h1, Target: 192.168.30.10:80, Duration: 88s
2025-09-19 08:46:33,213 - attack_logger - INFO - [syn_flood] [Run ID: f013a8d6-dd9c-4399-a372-fa737ddbc233] Enhanced Features: Human-like timing, protocol compliance, network delay simulation
2025-09-19 08:46:33,213 - attack_logger - INFO - [syn_flood] [Run ID: f013a8d6-dd9c-4399-a372-fa737ddbc233] Session pattern: 1 phases, Circadian factor: 0.40, Workday factor: 0.40
2025-09-19 08:46:33,213 - attack_logger - DEBUG - [syn_flood] [Run ID: f013a8d6-dd9c-4399-a372-fa737ddbc233] Starting enhanced SYN packet generation with human-like timing
2025-09-19 08:46:33,213 - attack_logger - INFO - [syn_flood] [Run ID: f013a8d6-dd9c-4399-a372-fa737ddbc233] Stress phase: 26s, Advanced phase: 62s
2025-09-19 08:46:59,767 - attack_logger - INFO - [syn_flood] [Run ID: f013a8d6-dd9c-4399-a372-fa737ddbc233] Stress phase completed
2025-09-19 08:46:59,776 - attack_logger - INFO - [syn_flood] [Run ID: f013a8d6-dd9c-4399-a372-fa737ddbc233] Enhanced SYN flood process started (PID: 30777)
2025-09-19 08:47:11,809 - attack_logger - INFO - [syn_flood] [Run ID: f013a8d6-dd9c-4399-a372-fa737ddbc233] Attack progress: 12.0s elapsed, ~39 packets sent, Rate: 3.2 pps, Phase: active (intensity: 0.73)
2025-09-19 08:47:11,810 - attack_logger - DEBUG - [syn_flood] [Run ID: f013a8d6-dd9c-4399-a372-fa737ddbc233] Process stats - CPU: 0.0%, Memory: 60.6MB
2025-09-19 08:47:11,810 - attack_logger - DEBUG - [syn_flood] [Run ID: f013a8d6-dd9c-4399-a372-fa737ddbc233] Timing factors - Circadian: 0.40, Workday: 0.40, Adjusted rate: 3.3 pps
2025-09-19 08:47:23,856 - attack_logger - INFO - [syn_flood] [Run ID: f013a8d6-dd9c-4399-a372-fa737ddbc233] Attack progress: 24.1s elapsed, ~59 packets sent, Rate: 2.4 pps, Phase: active (intensity: 0.73)
2025-09-19 08:47:23,856 - attack_logger - DEBUG - [syn_flood] [Run ID: f013a8d6-dd9c-4399-a372-fa737ddbc233] Process stats - CPU: 0.0%, Memory: 60.6MB
2025-09-19 08:47:23,856 - attack_logger - DEBUG - [syn_flood] [Run ID: f013a8d6-dd9c-4399-a372-fa737ddbc233] Timing factors - Circadian: 0.40, Workday: 0.40, Adjusted rate: 2.5 pps
2025-09-19 08:47:35,892 - attack_logger - INFO - [syn_flood] [Run ID: f013a8d6-dd9c-4399-a372-fa737ddbc233] Attack progress: 36.1s elapsed, ~98 packets sent, Rate: 2.7 pps, Phase: active (intensity: 0.73)
2025-09-19 08:47:35,892 - attack_logger - DEBUG - [syn_flood] [Run ID: f013a8d6-dd9c-4399-a372-fa737ddbc233] Process stats - CPU: 0.0%, Memory: 60.7MB
2025-09-19 08:47:35,892 - attack_logger - DEBUG - [syn_flood] [Run ID: f013a8d6-dd9c-4399-a372-fa737ddbc233] Timing factors - Circadian: 0.40, Workday: 0.40, Adjusted rate: 2.7 pps
2025-09-19 08:47:47,978 - attack_logger - INFO - [syn_flood] [Run ID: f013a8d6-dd9c-4399-a372-fa737ddbc233] Attack progress: 48.2s elapsed, ~148 packets sent, Rate: 3.1 pps, Phase: active (intensity: 0.73)
2025-09-19 08:47:47,978 - attack_logger - DEBUG - [syn_flood] [Run ID: f013a8d6-dd9c-4399-a372-fa737ddbc233] Process stats - CPU: 0.0%, Memory: 60.7MB
2025-09-19 08:47:47,978 - attack_logger - DEBUG - [syn_flood] [Run ID: f013a8d6-dd9c-4399-a372-fa737ddbc233] Timing factors - Circadian: 0.40, Workday: 0.40, Adjusted rate: 3.1 pps
2025-09-19 08:47:59,999 - attack_logger - INFO - [syn_flood] [Run ID: f013a8d6-dd9c-4399-a372-fa737ddbc233] Attack progress: 60.2s elapsed, ~195 packets sent, Rate: 3.2 pps, Phase: active (intensity: 0.73)
2025-09-19 08:47:59,999 - attack_logger - DEBUG - [syn_flood] [Run ID: f013a8d6-dd9c-4399-a372-fa737ddbc233] Process stats - CPU: 0.0%, Memory: 60.7MB
2025-09-19 08:47:59,999 - attack_logger - DEBUG - [syn_flood] [Run ID: f013a8d6-dd9c-4399-a372-fa737ddbc233] Timing factors - Circadian: 0.40, Workday: 0.40, Adjusted rate: 3.2 pps
2025-09-19 08:48:01,842 - attack_logger - DEBUG - [syn_flood] [Run ID: f013a8d6-dd9c-4399-a372-fa737ddbc233] Sent SIGINT to SYN flood process 30777
2025-09-19 08:48:02,350 - attack_logger - INFO - [syn_flood] [Run ID: f013a8d6-dd9c-4399-a372-fa737ddbc233] Enhanced SYN Flood from h1 to 192.168.30.10 finished.
2025-09-19 08:48:02,350 - attack_logger - INFO - [syn_flood] [Run ID: f013a8d6-dd9c-4399-a372-fa737ddbc233] Attack completed. Total packets sent = 297, Average rate = 4.78 packets/sec.
2025-09-19 08:48:02,350 - attack_logger - INFO - [syn_flood] [Run ID: f013a8d6-dd9c-4399-a372-fa737ddbc233] --- Enhanced Attack Summary ---
2025-09-19 08:48:02,350 - attack_logger - INFO - [syn_flood] [Run ID: f013a8d6-dd9c-4399-a372-fa737ddbc233] Total packets sent: 297
2025-09-19 08:48:02,350 - attack_logger - INFO - [syn_flood] [Run ID: f013a8d6-dd9c-4399-a372-fa737ddbc233] Actual duration: 62.07s
2025-09-19 08:48:02,350 - attack_logger - INFO - [syn_flood] [Run ID: f013a8d6-dd9c-4399-a372-fa737ddbc233] Average rate: 4.78 packets/sec
2025-09-19 08:48:02,350 - attack_logger - INFO - [syn_flood] [Run ID: f013a8d6-dd9c-4399-a372-fa737ddbc233] Base rate: 29.9 pps
2025-09-19 08:48:02,350 - attack_logger - INFO - [syn_flood] [Run ID: f013a8d6-dd9c-4399-a372-fa737ddbc233] Circadian factor: 0.40
2025-09-19 08:48:02,350 - attack_logger - INFO - [syn_flood] [Run ID: f013a8d6-dd9c-4399-a372-fa737ddbc233] Workday factor: 0.40
2025-09-19 08:48:02,350 - attack_logger - INFO - [syn_flood] [Run ID: f013a8d6-dd9c-4399-a372-fa737ddbc233] Session phases: 1
2025-09-19 08:48:02,350 - attack_logger - INFO - [syn_flood] [Run ID: f013a8d6-dd9c-4399-a372-fa737ddbc233] Target port: 80
2025-09-19 08:48:02,350 - attack_logger - INFO - [syn_flood] [Run ID: f013a8d6-dd9c-4399-a372-fa737ddbc233] Attack method: Enhanced SYN Flood with Human-like Timing
2025-09-19 08:48:02,350 - attack_logger - INFO - [syn_flood] [Run ID: f013a8d6-dd9c-4399-a372-fa737ddbc233] Enhancement features: Human timing patterns, protocol compliance, network delay simulation
2025-09-19 08:48:02,350 - attack_logger - INFO - [syn_flood] [Run ID: f013a8d6-dd9c-4399-a372-fa737ddbc233] TCP options: MSS, WScale, Timestamp, SAckOK
2025-09-19 08:48:02,350 - attack_logger - INFO - [syn_flood] [Run ID: f013a8d6-dd9c-4399-a372-fa737ddbc233] ----------------------------------------
2025-09-19 08:48:02,413 - attack_logger - INFO - Attack: Enhanced SYN Flood completed.
2025-09-19 08:48:02,413 - attack_logger - INFO - Attack: Enhanced UDP Flood (176s) | h1 -> h6
2025-09-19 08:48:04,934 - attack_logger - INFO - [udp_flood] [Run ID: 880570ce-5022-4831-af57-0cd7ca2c7c2d] Starting Enhanced UDP Flood from h1 to 192.168.30.10 for 176 seconds.
2025-09-19 08:48:04,934 - attack_logger - INFO - [udp_flood] [Run ID: 880570ce-5022-4831-af57-0cd7ca2c7c2d] Attack Phase: Enhanced Traditional UDP Flood - Attacker: h1, Target: 192.168.30.10:53, Duration: 176s
2025-09-19 08:48:04,934 - attack_logger - INFO - [udp_flood] [Run ID: 880570ce-5022-4831-af57-0cd7ca2c7c2d] Enhanced Features: Human-like timing, protocol compliance, network delay simulation
2025-09-19 08:48:04,934 - attack_logger - INFO - [udp_flood] [Run ID: 880570ce-5022-4831-af57-0cd7ca2c7c2d] Stress phase: 52s, Advanced phase: 124s
2025-09-19 08:48:57,522 - attack_logger - INFO - [udp_flood] [Run ID: 880570ce-5022-4831-af57-0cd7ca2c7c2d] Stress phase completed
2025-09-19 08:48:57,522 - attack_logger - INFO - [udp_flood] [Run ID: 880570ce-5022-4831-af57-0cd7ca2c7c2d] Session pattern: 2 phases, Circadian factor: 0.40, Workday factor: 0.40
2025-09-19 08:48:57,522 - attack_logger - DEBUG - [udp_flood] [Run ID: 880570ce-5022-4831-af57-0cd7ca2c7c2d] Starting enhanced UDP packet generation with human-like timing
2025-09-19 08:48:57,531 - attack_logger - INFO - [udp_flood] [Run ID: 880570ce-5022-4831-af57-0cd7ca2c7c2d] Enhanced UDP flood process started (PID: 30793)
2025-09-19 08:49:07,539 - attack_logger - DEBUG - [udp_flood] [Run ID: 880570ce-5022-4831-af57-0cd7ca2c7c2d] Entering active phase (intensity: 0.94)
2025-09-19 08:49:21,541 - attack_logger - INFO - [udp_flood] [Run ID: 880570ce-5022-4831-af57-0cd7ca2c7c2d] Attack progress: 24.0s elapsed, ~107 packets sent, Rate: 4.5 pps, Phase: active (intensity: 0.94)
2025-09-19 08:49:21,541 - attack_logger - DEBUG - [udp_flood] [Run ID: 880570ce-5022-4831-af57-0cd7ca2c7c2d] Process stats - CPU: 0.0%, Memory: 60.5MB
2025-09-19 08:49:21,541 - attack_logger - DEBUG - [udp_flood] [Run ID: 880570ce-5022-4831-af57-0cd7ca2c7c2d] Timing factors - Circadian: 0.40, Workday: 0.40, Adjusted rate: 4.5 pps
2025-09-19 08:49:45,580 - attack_logger - INFO - [udp_flood] [Run ID: 880570ce-5022-4831-af57-0cd7ca2c7c2d] Attack progress: 48.1s elapsed, ~210 packets sent, Rate: 4.4 pps, Phase: active (intensity: 0.94)
2025-09-19 08:49:45,580 - attack_logger - DEBUG - [udp_flood] [Run ID: 880570ce-5022-4831-af57-0cd7ca2c7c2d] Process stats - CPU: 0.0%, Memory: 60.5MB
2025-09-19 08:49:45,581 - attack_logger - DEBUG - [udp_flood] [Run ID: 880570ce-5022-4831-af57-0cd7ca2c7c2d] Timing factors - Circadian: 0.40, Workday: 0.40, Adjusted rate: 4.4 pps
2025-09-19 08:50:09,659 - attack_logger - INFO - [udp_flood] [Run ID: 880570ce-5022-4831-af57-0cd7ca2c7c2d] Attack progress: 72.1s elapsed, ~219 packets sent, Rate: 3.0 pps, Phase: active (intensity: 0.94)
2025-09-19 08:50:09,659 - attack_logger - DEBUG - [udp_flood] [Run ID: 880570ce-5022-4831-af57-0cd7ca2c7c2d] Process stats - CPU: 0.0%, Memory: 60.5MB
2025-09-19 08:50:09,659 - attack_logger - DEBUG - [udp_flood] [Run ID: 880570ce-5022-4831-af57-0cd7ca2c7c2d] Timing factors - Circadian: 0.40, Workday: 0.40, Adjusted rate: 3.0 pps
2025-09-19 08:50:33,702 - attack_logger - INFO - [udp_flood] [Run ID: 880570ce-5022-4831-af57-0cd7ca2c7c2d] Attack progress: 96.2s elapsed, ~375 packets sent, Rate: 3.9 pps, Phase: active (intensity: 0.94)
2025-09-19 08:50:33,702 - attack_logger - DEBUG - [udp_flood] [Run ID: 880570ce-5022-4831-af57-0cd7ca2c7c2d] Process stats - CPU: 0.0%, Memory: 60.5MB
2025-09-19 08:50:33,702 - attack_logger - DEBUG - [udp_flood] [Run ID: 880570ce-5022-4831-af57-0cd7ca2c7c2d] Timing factors - Circadian: 0.40, Workday: 0.40, Adjusted rate: 3.9 pps
2025-09-19 08:50:57,778 - attack_logger - INFO - [udp_flood] [Run ID: 880570ce-5022-4831-af57-0cd7ca2c7c2d] Attack progress: 120.3s elapsed, ~512 packets sent, Rate: 4.3 pps, Phase: active (intensity: 0.94)
2025-09-19 08:50:57,778 - attack_logger - DEBUG - [udp_flood] [Run ID: 880570ce-5022-4831-af57-0cd7ca2c7c2d] Process stats - CPU: 0.0%, Memory: 60.5MB
2025-09-19 08:50:57,778 - attack_logger - DEBUG - [udp_flood] [Run ID: 880570ce-5022-4831-af57-0cd7ca2c7c2d] Timing factors - Circadian: 0.40, Workday: 0.40, Adjusted rate: 4.3 pps
2025-09-19 08:51:01,600 - attack_logger - DEBUG - [udp_flood] [Run ID: 880570ce-5022-4831-af57-0cd7ca2c7c2d] Sent SIGINT to UDP flood process 30793
2025-09-19 08:51:02,102 - attack_logger - INFO - [udp_flood] [Run ID: 880570ce-5022-4831-af57-0cd7ca2c7c2d] Enhanced UDP Flood from h1 to 192.168.30.10 finished.
2025-09-19 08:51:02,102 - attack_logger - INFO - [udp_flood] [Run ID: 880570ce-5022-4831-af57-0cd7ca2c7c2d] Attack completed. Total packets sent = 569, Average rate = 4.59 packets/sec.
2025-09-19 08:51:02,102 - attack_logger - INFO - [udp_flood] [Run ID: 880570ce-5022-4831-af57-0cd7ca2c7c2d] --- Enhanced Attack Summary ---
2025-09-19 08:51:02,102 - attack_logger - INFO - [udp_flood] [Run ID: 880570ce-5022-4831-af57-0cd7ca2c7c2d] Total packets sent: 569
2025-09-19 08:51:02,102 - attack_logger - INFO - [udp_flood] [Run ID: 880570ce-5022-4831-af57-0cd7ca2c7c2d] Actual duration: 124.08s
2025-09-19 08:51:02,102 - attack_logger - INFO - [udp_flood] [Run ID: 880570ce-5022-4831-af57-0cd7ca2c7c2d] Average rate: 4.59 packets/sec
2025-09-19 08:51:02,102 - attack_logger - INFO - [udp_flood] [Run ID: 880570ce-5022-4831-af57-0cd7ca2c7c2d] Base rate: 28.7 pps
2025-09-19 08:51:02,102 - attack_logger - INFO - [udp_flood] [Run ID: 880570ce-5022-4831-af57-0cd7ca2c7c2d] Circadian factor: 0.40
2025-09-19 08:51:02,103 - attack_logger - INFO - [udp_flood] [Run ID: 880570ce-5022-4831-af57-0cd7ca2c7c2d] Workday factor: 0.40
2025-09-19 08:51:02,103 - attack_logger - INFO - [udp_flood] [Run ID: 880570ce-5022-4831-af57-0cd7ca2c7c2d] Session phases: 2
2025-09-19 08:51:02,103 - attack_logger - INFO - [udp_flood] [Run ID: 880570ce-5022-4831-af57-0cd7ca2c7c2d] Target port: 53 (DNS)
2025-09-19 08:51:02,103 - attack_logger - INFO - [udp_flood] [Run ID: 880570ce-5022-4831-af57-0cd7ca2c7c2d] Attack method: Enhanced UDP Flood with Human-like Timing
2025-09-19 08:51:02,103 - attack_logger - INFO - [udp_flood] [Run ID: 880570ce-5022-4831-af57-0cd7ca2c7c2d] Enhancement features: Human timing patterns, protocol compliance, network delay simulation
2025-09-19 08:51:02,103 - attack_logger - INFO - [udp_flood] [Run ID: 880570ce-5022-4831-af57-0cd7ca2c7c2d] DNS payloads: Realistic query patterns with varied domains
2025-09-19 08:51:02,103 - attack_logger - INFO - [udp_flood] [Run ID: 880570ce-5022-4831-af57-0cd7ca2c7c2d] ----------------------------------------
2025-09-19 08:51:02,159 - attack_logger - INFO - Attack: Enhanced UDP Flood completed.
2025-09-19 08:51:02,159 - attack_logger - INFO - Attack: Enhanced ICMP Flood (88s) | h1 -> h4
2025-09-19 08:51:04,684 - attack_logger - INFO - [icmp_flood] [Run ID: 8225f280-82d9-4913-9aab-9975f4e08787] Starting Enhanced ICMP Flood with RFC 1918 IP Rotation from h1 to 192.168.20.12 for 88 seconds.
2025-09-19 08:51:04,684 - attack_logger - INFO - [icmp_flood] [Run ID: 8225f280-82d9-4913-9aab-9975f4e08787] Attack Phase: Enhanced Traditional ICMP Flood - Attacker: h1, Target: 192.168.20.12, Duration: 88s
2025-09-19 08:51:04,684 - attack_logger - INFO - [icmp_flood] [Run ID: 8225f280-82d9-4913-9aab-9975f4e08787] Enhanced Features: RFC 1918 IP rotation, human-like timing, protocol compliance, network delay simulation
2025-09-19 08:51:04,684 - attack_logger - INFO - [icmp_flood] [Run ID: 8225f280-82d9-4913-9aab-9975f4e08787] IP Pool Size: 50 source IPs from RFC 1918 ranges (10.0.0.0/8, 172.16.0.0/12, 192.168.0.0/16)
2025-09-19 08:51:04,684 - attack_logger - INFO - [icmp_flood] [Run ID: 8225f280-82d9-4913-9aab-9975f4e08787] Stress phase total: 26s (host: 13s, gateway: 13s), Advanced phase: 62s
2025-09-19 08:51:18,266 - attack_logger - INFO - [icmp_flood] [Run ID: 8225f280-82d9-4913-9aab-9975f4e08787] Host stress sub-phase completed
2025-09-19 08:51:31,848 - attack_logger - INFO - [icmp_flood] [Run ID: 8225f280-82d9-4913-9aab-9975f4e08787] Gateway stress sub-phase completed
2025-09-19 08:51:31,848 - attack_logger - INFO - [icmp_flood] [Run ID: 8225f280-82d9-4913-9aab-9975f4e08787] Session pattern: 1 phases, Circadian factor: 0.40, Workday factor: 0.40
2025-09-19 08:51:31,848 - attack_logger - DEBUG - [icmp_flood] [Run ID: 8225f280-82d9-4913-9aab-9975f4e08787] Starting enhanced ICMP packet generation with IP rotation and human-like timing
2025-09-19 08:51:31,857 - attack_logger - INFO - [icmp_flood] [Run ID: 8225f280-82d9-4913-9aab-9975f4e08787] Enhanced ICMP flood with IP rotation process started (PID: 30826)
2025-09-19 08:51:43,863 - attack_logger - INFO - [icmp_flood] [Run ID: 8225f280-82d9-4913-9aab-9975f4e08787] Attack progress: 12.0s elapsed, ~36 packets sent, Rate: 3.0 pps, IP rotations: ~2, Phase: active (intensity: 0.89)
2025-09-19 08:51:43,863 - attack_logger - DEBUG - [icmp_flood] [Run ID: 8225f280-82d9-4913-9aab-9975f4e08787] Process stats - CPU: 0.0%, Memory: 60.4MB
2025-09-19 08:51:43,863 - attack_logger - DEBUG - [icmp_flood] [Run ID: 8225f280-82d9-4913-9aab-9975f4e08787] Timing factors - Circadian: 0.40, Workday: 0.40, Adjusted rate: 3.1 pps
2025-09-19 08:51:55,955 - attack_logger - INFO - [icmp_flood] [Run ID: 8225f280-82d9-4913-9aab-9975f4e08787] Attack progress: 24.1s elapsed, ~77 packets sent, Rate: 3.2 pps, IP rotations: ~5, Phase: active (intensity: 0.89)
2025-09-19 08:51:55,955 - attack_logger - DEBUG - [icmp_flood] [Run ID: 8225f280-82d9-4913-9aab-9975f4e08787] Process stats - CPU: 0.0%, Memory: 60.6MB
2025-09-19 08:51:55,955 - attack_logger - DEBUG - [icmp_flood] [Run ID: 8225f280-82d9-4913-9aab-9975f4e08787] Timing factors - Circadian: 0.40, Workday: 0.40, Adjusted rate: 3.2 pps
2025-09-19 08:52:08,041 - attack_logger - INFO - [icmp_flood] [Run ID: 8225f280-82d9-4913-9aab-9975f4e08787] Attack progress: 36.2s elapsed, ~113 packets sent, Rate: 3.1 pps, IP rotations: ~7, Phase: active (intensity: 0.89)
2025-09-19 08:52:08,041 - attack_logger - DEBUG - [icmp_flood] [Run ID: 8225f280-82d9-4913-9aab-9975f4e08787] Process stats - CPU: 0.0%, Memory: 60.6MB
2025-09-19 08:52:08,041 - attack_logger - DEBUG - [icmp_flood] [Run ID: 8225f280-82d9-4913-9aab-9975f4e08787] Timing factors - Circadian: 0.40, Workday: 0.40, Adjusted rate: 3.1 pps
2025-09-19 08:52:20,066 - attack_logger - INFO - [icmp_flood] [Run ID: 8225f280-82d9-4913-9aab-9975f4e08787] Attack progress: 48.2s elapsed, ~176 packets sent, Rate: 3.7 pps, IP rotations: ~11, Phase: active (intensity: 0.89)
2025-09-19 08:52:20,066 - attack_logger - DEBUG - [icmp_flood] [Run ID: 8225f280-82d9-4913-9aab-9975f4e08787] Process stats - CPU: 0.0%, Memory: 60.6MB
2025-09-19 08:52:20,066 - attack_logger - DEBUG - [icmp_flood] [Run ID: 8225f280-82d9-4913-9aab-9975f4e08787] Timing factors - Circadian: 0.40, Workday: 0.40, Adjusted rate: 3.7 pps
2025-09-19 08:52:32,121 - attack_logger - INFO - [icmp_flood] [Run ID: 8225f280-82d9-4913-9aab-9975f4e08787] Attack progress: 60.3s elapsed, ~237 packets sent, Rate: 3.9 pps, IP rotations: ~15, Phase: active (intensity: 0.89)
2025-09-19 08:52:32,121 - attack_logger - DEBUG - [icmp_flood] [Run ID: 8225f280-82d9-4913-9aab-9975f4e08787] Process stats - CPU: 0.0%, Memory: 60.6MB
2025-09-19 08:52:32,121 - attack_logger - DEBUG - [icmp_flood] [Run ID: 8225f280-82d9-4913-9aab-9975f4e08787] Timing factors - Circadian: 0.40, Workday: 0.40, Adjusted rate: 3.9 pps
2025-09-19 08:52:33,867 - attack_logger - DEBUG - [icmp_flood] [Run ID: 8225f280-82d9-4913-9aab-9975f4e08787] Sent SIGINT to ICMP flood process 30826
2025-09-19 08:52:34,369 - attack_logger - INFO - [icmp_flood] [Run ID: 8225f280-82d9-4913-9aab-9975f4e08787] Enhanced ICMP Flood with RFC 1918 IP Rotation from h1 to 192.168.20.12 finished.
2025-09-19 08:52:34,369 - attack_logger - INFO - [icmp_flood] [Run ID: 8225f280-82d9-4913-9aab-9975f4e08787] Attack completed. Total packets sent = 278, Average rate = 4.48 packets/sec.
2025-09-19 08:52:34,369 - attack_logger - INFO - [icmp_flood] [Run ID: 8225f280-82d9-4913-9aab-9975f4e08787] --- Enhanced Attack Summary ---
2025-09-19 08:52:34,369 - attack_logger - INFO - [icmp_flood] [Run ID: 8225f280-82d9-4913-9aab-9975f4e08787] Total packets sent: 278
2025-09-19 08:52:34,369 - attack_logger - INFO - [icmp_flood] [Run ID: 8225f280-82d9-4913-9aab-9975f4e08787] Total IP rotations: ~18
2025-09-19 08:52:34,369 - attack_logger - INFO - [icmp_flood] [Run ID: 8225f280-82d9-4913-9aab-9975f4e08787] RFC 1918 IP pool size: 50
2025-09-19 08:52:34,369 - attack_logger - INFO - [icmp_flood] [Run ID: 8225f280-82d9-4913-9aab-9975f4e08787] IP ranges used: 10.0.0.0/8, 172.16.0.0/12, 192.168.0.0/16
2025-09-19 08:52:34,369 - attack_logger - INFO - [icmp_flood] [Run ID: 8225f280-82d9-4913-9aab-9975f4e08787] Actual duration: 62.02s
2025-09-19 08:52:34,370 - attack_logger - INFO - [icmp_flood] [Run ID: 8225f280-82d9-4913-9aab-9975f4e08787] Average rate: 4.48 packets/sec
2025-09-19 08:52:34,370 - attack_logger - INFO - [icmp_flood] [Run ID: 8225f280-82d9-4913-9aab-9975f4e08787] Base rate: 28.0 pps
2025-09-19 08:52:34,370 - attack_logger - INFO - [icmp_flood] [Run ID: 8225f280-82d9-4913-9aab-9975f4e08787] Circadian factor: 0.40
2025-09-19 08:52:34,370 - attack_logger - INFO - [icmp_flood] [Run ID: 8225f280-82d9-4913-9aab-9975f4e08787] Workday factor: 0.40
2025-09-19 08:52:34,370 - attack_logger - INFO - [icmp_flood] [Run ID: 8225f280-82d9-4913-9aab-9975f4e08787] Session phases: 1
2025-09-19 08:52:34,370 - attack_logger - INFO - [icmp_flood] [Run ID: 8225f280-82d9-4913-9aab-9975f4e08787] ICMP type: Echo Request (8) with ID/Seq variations
2025-09-19 08:52:34,370 - attack_logger - INFO - [icmp_flood] [Run ID: 8225f280-82d9-4913-9aab-9975f4e08787] Attack method: Enhanced ICMP Flood with RFC 1918 IP Rotation
2025-09-19 08:52:34,370 - attack_logger - INFO - [icmp_flood] [Run ID: 8225f280-82d9-4913-9aab-9975f4e08787] Enhancement features: RFC 1918 IP rotation, human timing patterns, protocol compliance, network delay simulation
2025-09-19 08:52:34,370 - attack_logger - INFO - [icmp_flood] [Run ID: 8225f280-82d9-4913-9aab-9975f4e08787] ----------------------------------------
2025-09-19 08:52:34,421 - attack_logger - INFO - Attack: Enhanced ICMP Flood completed.
2025-09-19 08:52:34,948 - attack_logger - INFO - Attack: ENHANCED Adversarial TCP State Exhaustion (72s) | h1 -> h6
2025-09-19 08:53:50,142 - attack_logger - INFO - Attack: ENHANCED Adversarial Application Layer (24s) | h1 -> h6
2025-09-19 08:54:17,530 - attack_logger - INFO - Attack: ENHANCED Adversarial Slow Read (72s) | h1 -> h6
2025-09-19 08:55:32,835 - attack_logger - INFO - Attack: ENHANCED Adversarial Slow Read completed.
