2025-09-19 01:25:33,359 - attack_logger - INFO - Attack: Enhanced SYN Flood (88s) | h1 -> h6
2025-09-19 01:25:35,875 - attack_logger - INFO - [syn_flood] [Run ID: 69c718cf-088e-400f-9d7c-b37be4858203] Starting Enhanced SYN Flood from h1 to 192.168.30.10 for 88 seconds.
2025-09-19 01:25:35,875 - attack_logger - INFO - [syn_flood] [Run ID: 69c718cf-088e-400f-9d7c-b37be4858203] Attack Phase: Enhanced Traditional SYN Flood - Attacker: h1, Target: 192.168.30.10:80, Duration: 88s
2025-09-19 01:25:35,875 - attack_logger - INFO - [syn_flood] [Run ID: 69c718cf-088e-400f-9d7c-b37be4858203] Enhanced Features: Human-like timing, protocol compliance, network delay simulation
2025-09-19 01:25:35,875 - attack_logger - INFO - [syn_flood] [Run ID: 69c718cf-088e-400f-9d7c-b37be4858203] Session pattern: 2 phases, Circadian factor: 0.05, Workday factor: 0.01
2025-09-19 01:25:35,875 - attack_logger - DEBUG - [syn_flood] [Run ID: 69c718cf-088e-400f-9d7c-b37be4858203] Starting enhanced SYN packet generation with human-like timing
2025-09-19 01:25:35,875 - attack_logger - INFO - [syn_flood] [Run ID: 69c718cf-088e-400f-9d7c-b37be4858203] Stress phase: 26s, Advanced phase: 62s
2025-09-19 01:26:02,479 - attack_logger - INFO - [syn_flood] [Run ID: 69c718cf-088e-400f-9d7c-b37be4858203] Stress phase completed
2025-09-19 01:26:02,488 - attack_logger - INFO - [syn_flood] [Run ID: 69c718cf-088e-400f-9d7c-b37be4858203] Enhanced SYN flood process started (PID: 29601)
2025-09-19 01:26:14,513 - attack_logger - INFO - [syn_flood] [Run ID: 69c718cf-088e-400f-9d7c-b37be4858203] Attack progress: 12.0s elapsed, ~0 packets sent, Rate: 0.0 pps, Phase: active (intensity: 0.95)
2025-09-19 01:26:14,513 - attack_logger - DEBUG - [syn_flood] [Run ID: 69c718cf-088e-400f-9d7c-b37be4858203] Process stats - CPU: 0.0%, Memory: 60.2MB
2025-09-19 01:26:14,513 - attack_logger - DEBUG - [syn_flood] [Run ID: 69c718cf-088e-400f-9d7c-b37be4858203] Timing factors - Circadian: 0.05, Workday: 0.01, Adjusted rate: 0.0 pps
2025-09-19 01:26:26,539 - attack_logger - INFO - [syn_flood] [Run ID: 69c718cf-088e-400f-9d7c-b37be4858203] Attack progress: 24.1s elapsed, ~0 packets sent, Rate: 0.0 pps, Phase: active (intensity: 0.95)
2025-09-19 01:26:26,539 - attack_logger - DEBUG - [syn_flood] [Run ID: 69c718cf-088e-400f-9d7c-b37be4858203] Process stats - CPU: 0.0%, Memory: 60.2MB
2025-09-19 01:26:26,539 - attack_logger - DEBUG - [syn_flood] [Run ID: 69c718cf-088e-400f-9d7c-b37be4858203] Timing factors - Circadian: 0.05, Workday: 0.01, Adjusted rate: 0.0 pps
2025-09-19 01:26:38,625 - attack_logger - INFO - [syn_flood] [Run ID: 69c718cf-088e-400f-9d7c-b37be4858203] Attack progress: 36.1s elapsed, ~0 packets sent, Rate: 0.0 pps, Phase: active (intensity: 0.95)
2025-09-19 01:26:38,625 - attack_logger - DEBUG - [syn_flood] [Run ID: 69c718cf-088e-400f-9d7c-b37be4858203] Process stats - CPU: 0.0%, Memory: 60.3MB
2025-09-19 01:26:38,625 - attack_logger - DEBUG - [syn_flood] [Run ID: 69c718cf-088e-400f-9d7c-b37be4858203] Timing factors - Circadian: 0.05, Workday: 0.01, Adjusted rate: 0.0 pps
2025-09-19 01:26:50,636 - attack_logger - INFO - [syn_flood] [Run ID: 69c718cf-088e-400f-9d7c-b37be4858203] Attack progress: 48.2s elapsed, ~0 packets sent, Rate: 0.0 pps, Phase: active (intensity: 0.95)
2025-09-19 01:26:50,636 - attack_logger - DEBUG - [syn_flood] [Run ID: 69c718cf-088e-400f-9d7c-b37be4858203] Process stats - CPU: 0.0%, Memory: 60.3MB
2025-09-19 01:26:50,636 - attack_logger - DEBUG - [syn_flood] [Run ID: 69c718cf-088e-400f-9d7c-b37be4858203] Timing factors - Circadian: 0.05, Workday: 0.01, Adjusted rate: 0.0 pps
2025-09-19 01:27:02,714 - attack_logger - INFO - [syn_flood] [Run ID: 69c718cf-088e-400f-9d7c-b37be4858203] Attack progress: 60.2s elapsed, ~0 packets sent, Rate: 0.0 pps, Phase: active (intensity: 0.95)
2025-09-19 01:27:02,714 - attack_logger - DEBUG - [syn_flood] [Run ID: 69c718cf-088e-400f-9d7c-b37be4858203] Process stats - CPU: 0.0%, Memory: 60.3MB
2025-09-19 01:27:02,714 - attack_logger - DEBUG - [syn_flood] [Run ID: 69c718cf-088e-400f-9d7c-b37be4858203] Timing factors - Circadian: 0.05, Workday: 0.01, Adjusted rate: 0.0 pps
2025-09-19 01:27:04,519 - attack_logger - DEBUG - [syn_flood] [Run ID: 69c718cf-088e-400f-9d7c-b37be4858203] Sent SIGINT to SYN flood process 29601
2025-09-19 01:27:05,026 - attack_logger - INFO - [syn_flood] [Run ID: 69c718cf-088e-400f-9d7c-b37be4858203] Enhanced SYN Flood from h1 to 192.168.30.10 finished.
2025-09-19 01:27:05,026 - attack_logger - INFO - [syn_flood] [Run ID: 69c718cf-088e-400f-9d7c-b37be4858203] Attack completed. Total packets sent = 1, Average rate = 0.02 packets/sec.
2025-09-19 01:27:05,027 - attack_logger - INFO - [syn_flood] [Run ID: 69c718cf-088e-400f-9d7c-b37be4858203] --- Enhanced Attack Summary ---
2025-09-19 01:27:05,027 - attack_logger - INFO - [syn_flood] [Run ID: 69c718cf-088e-400f-9d7c-b37be4858203] Total packets sent: 1
2025-09-19 01:27:05,027 - attack_logger - INFO - [syn_flood] [Run ID: 69c718cf-088e-400f-9d7c-b37be4858203] Actual duration: 62.04s
2025-09-19 01:27:05,027 - attack_logger - INFO - [syn_flood] [Run ID: 69c718cf-088e-400f-9d7c-b37be4858203] Average rate: 0.02 packets/sec
2025-09-19 01:27:05,027 - attack_logger - INFO - [syn_flood] [Run ID: 69c718cf-088e-400f-9d7c-b37be4858203] Base rate: 23.8 pps
2025-09-19 01:27:05,027 - attack_logger - INFO - [syn_flood] [Run ID: 69c718cf-088e-400f-9d7c-b37be4858203] Circadian factor: 0.05
2025-09-19 01:27:05,027 - attack_logger - INFO - [syn_flood] [Run ID: 69c718cf-088e-400f-9d7c-b37be4858203] Workday factor: 0.01
2025-09-19 01:27:05,027 - attack_logger - INFO - [syn_flood] [Run ID: 69c718cf-088e-400f-9d7c-b37be4858203] Session phases: 2
2025-09-19 01:27:05,027 - attack_logger - INFO - [syn_flood] [Run ID: 69c718cf-088e-400f-9d7c-b37be4858203] Target port: 80
2025-09-19 01:27:05,027 - attack_logger - INFO - [syn_flood] [Run ID: 69c718cf-088e-400f-9d7c-b37be4858203] Attack method: Enhanced SYN Flood with Human-like Timing
2025-09-19 01:27:05,027 - attack_logger - INFO - [syn_flood] [Run ID: 69c718cf-088e-400f-9d7c-b37be4858203] Enhancement features: Human timing patterns, protocol compliance, network delay simulation
2025-09-19 01:27:05,027 - attack_logger - INFO - [syn_flood] [Run ID: 69c718cf-088e-400f-9d7c-b37be4858203] TCP options: MSS, WScale, Timestamp, SAckOK
2025-09-19 01:27:05,027 - attack_logger - INFO - [syn_flood] [Run ID: 69c718cf-088e-400f-9d7c-b37be4858203] ----------------------------------------
2025-09-19 01:27:05,086 - attack_logger - INFO - Attack: Enhanced SYN Flood completed.
2025-09-19 01:27:05,086 - attack_logger - INFO - Attack: Enhanced UDP Flood (176s) | h1 -> h6
2025-09-19 01:27:07,609 - attack_logger - INFO - [udp_flood] [Run ID: a3d85f28-e3d8-4416-a47b-47cc7a8e8b92] Starting Enhanced UDP Flood from h1 to 192.168.30.10 for 176 seconds.
2025-09-19 01:27:07,609 - attack_logger - INFO - [udp_flood] [Run ID: a3d85f28-e3d8-4416-a47b-47cc7a8e8b92] Attack Phase: Enhanced Traditional UDP Flood - Attacker: h1, Target: 192.168.30.10:53, Duration: 176s
2025-09-19 01:27:07,610 - attack_logger - INFO - [udp_flood] [Run ID: a3d85f28-e3d8-4416-a47b-47cc7a8e8b92] Enhanced Features: Human-like timing, protocol compliance, network delay simulation
2025-09-19 01:27:07,610 - attack_logger - INFO - [udp_flood] [Run ID: a3d85f28-e3d8-4416-a47b-47cc7a8e8b92] Stress phase: 52s, Advanced phase: 124s
2025-09-19 01:28:00,220 - attack_logger - INFO - [udp_flood] [Run ID: a3d85f28-e3d8-4416-a47b-47cc7a8e8b92] Stress phase completed
2025-09-19 01:28:00,220 - attack_logger - INFO - [udp_flood] [Run ID: a3d85f28-e3d8-4416-a47b-47cc7a8e8b92] Session pattern: 1 phases, Circadian factor: 0.05, Workday factor: 0.01
2025-09-19 01:28:00,220 - attack_logger - DEBUG - [udp_flood] [Run ID: a3d85f28-e3d8-4416-a47b-47cc7a8e8b92] Starting enhanced UDP packet generation with human-like timing
2025-09-19 01:28:00,229 - attack_logger - INFO - [udp_flood] [Run ID: a3d85f28-e3d8-4416-a47b-47cc7a8e8b92] Enhanced UDP flood process started (PID: 29614)
2025-09-19 01:28:24,256 - attack_logger - INFO - [udp_flood] [Run ID: a3d85f28-e3d8-4416-a47b-47cc7a8e8b92] Attack progress: 24.0s elapsed, ~0 packets sent, Rate: 0.0 pps, Phase: active (intensity: 0.87)
2025-09-19 01:28:24,256 - attack_logger - DEBUG - [udp_flood] [Run ID: a3d85f28-e3d8-4416-a47b-47cc7a8e8b92] Process stats - CPU: 0.0%, Memory: 60.2MB
2025-09-19 01:28:24,256 - attack_logger - DEBUG - [udp_flood] [Run ID: a3d85f28-e3d8-4416-a47b-47cc7a8e8b92] Timing factors - Circadian: 0.05, Workday: 0.01, Adjusted rate: 0.0 pps
2025-09-19 01:28:48,338 - attack_logger - INFO - [udp_flood] [Run ID: a3d85f28-e3d8-4416-a47b-47cc7a8e8b92] Attack progress: 48.1s elapsed, ~0 packets sent, Rate: 0.0 pps, Phase: active (intensity: 0.87)
2025-09-19 01:28:48,338 - attack_logger - DEBUG - [udp_flood] [Run ID: a3d85f28-e3d8-4416-a47b-47cc7a8e8b92] Process stats - CPU: 0.0%, Memory: 60.2MB
2025-09-19 01:28:48,338 - attack_logger - DEBUG - [udp_flood] [Run ID: a3d85f28-e3d8-4416-a47b-47cc7a8e8b92] Timing factors - Circadian: 0.05, Workday: 0.01, Adjusted rate: 0.0 pps
2025-09-19 01:29:12,348 - attack_logger - INFO - [udp_flood] [Run ID: a3d85f28-e3d8-4416-a47b-47cc7a8e8b92] Attack progress: 72.1s elapsed, ~1 packets sent, Rate: 0.0 pps, Phase: active (intensity: 0.87)
2025-09-19 01:29:12,348 - attack_logger - DEBUG - [udp_flood] [Run ID: a3d85f28-e3d8-4416-a47b-47cc7a8e8b92] Process stats - CPU: 0.0%, Memory: 60.2MB
2025-09-19 01:29:12,349 - attack_logger - DEBUG - [udp_flood] [Run ID: a3d85f28-e3d8-4416-a47b-47cc7a8e8b92] Timing factors - Circadian: 0.05, Workday: 0.01, Adjusted rate: 0.0 pps
2025-09-19 01:29:36,358 - attack_logger - INFO - [udp_flood] [Run ID: a3d85f28-e3d8-4416-a47b-47cc7a8e8b92] Attack progress: 96.1s elapsed, ~1 packets sent, Rate: 0.0 pps, Phase: active (intensity: 0.87)
2025-09-19 01:29:36,358 - attack_logger - DEBUG - [udp_flood] [Run ID: a3d85f28-e3d8-4416-a47b-47cc7a8e8b92] Process stats - CPU: 0.0%, Memory: 60.2MB
2025-09-19 01:29:36,358 - attack_logger - DEBUG - [udp_flood] [Run ID: a3d85f28-e3d8-4416-a47b-47cc7a8e8b92] Timing factors - Circadian: 0.05, Workday: 0.01, Adjusted rate: 0.0 pps
2025-09-19 01:30:00,361 - attack_logger - INFO - [udp_flood] [Run ID: a3d85f28-e3d8-4416-a47b-47cc7a8e8b92] Attack progress: 120.1s elapsed, ~2 packets sent, Rate: 0.0 pps, Phase: active (intensity: 0.87)
2025-09-19 01:30:00,361 - attack_logger - DEBUG - [udp_flood] [Run ID: a3d85f28-e3d8-4416-a47b-47cc7a8e8b92] Process stats - CPU: 0.0%, Memory: 60.2MB
2025-09-19 01:30:00,361 - attack_logger - DEBUG - [udp_flood] [Run ID: a3d85f28-e3d8-4416-a47b-47cc7a8e8b92] Timing factors - Circadian: 0.05, Workday: 0.01, Adjusted rate: 0.0 pps
2025-09-19 01:30:04,313 - attack_logger - DEBUG - [udp_flood] [Run ID: a3d85f28-e3d8-4416-a47b-47cc7a8e8b92] Sent SIGINT to UDP flood process 29614
2025-09-19 01:30:04,816 - attack_logger - INFO - [udp_flood] [Run ID: a3d85f28-e3d8-4416-a47b-47cc7a8e8b92] Enhanced UDP Flood from h1 to 192.168.30.10 finished.
2025-09-19 01:30:04,816 - attack_logger - INFO - [udp_flood] [Run ID: a3d85f28-e3d8-4416-a47b-47cc7a8e8b92] Attack completed. Total packets sent = 2, Average rate = 0.02 packets/sec.
2025-09-19 01:30:04,816 - attack_logger - INFO - [udp_flood] [Run ID: a3d85f28-e3d8-4416-a47b-47cc7a8e8b92] --- Enhanced Attack Summary ---
2025-09-19 01:30:04,816 - attack_logger - INFO - [udp_flood] [Run ID: a3d85f28-e3d8-4416-a47b-47cc7a8e8b92] Total packets sent: 2
2025-09-19 01:30:04,816 - attack_logger - INFO - [udp_flood] [Run ID: a3d85f28-e3d8-4416-a47b-47cc7a8e8b92] Actual duration: 124.09s
2025-09-19 01:30:04,816 - attack_logger - INFO - [udp_flood] [Run ID: a3d85f28-e3d8-4416-a47b-47cc7a8e8b92] Average rate: 0.02 packets/sec
2025-09-19 01:30:04,816 - attack_logger - INFO - [udp_flood] [Run ID: a3d85f28-e3d8-4416-a47b-47cc7a8e8b92] Base rate: 26.8 pps
2025-09-19 01:30:04,816 - attack_logger - INFO - [udp_flood] [Run ID: a3d85f28-e3d8-4416-a47b-47cc7a8e8b92] Circadian factor: 0.05
2025-09-19 01:30:04,816 - attack_logger - INFO - [udp_flood] [Run ID: a3d85f28-e3d8-4416-a47b-47cc7a8e8b92] Workday factor: 0.01
2025-09-19 01:30:04,816 - attack_logger - INFO - [udp_flood] [Run ID: a3d85f28-e3d8-4416-a47b-47cc7a8e8b92] Session phases: 1
2025-09-19 01:30:04,816 - attack_logger - INFO - [udp_flood] [Run ID: a3d85f28-e3d8-4416-a47b-47cc7a8e8b92] Target port: 53 (DNS)
2025-09-19 01:30:04,816 - attack_logger - INFO - [udp_flood] [Run ID: a3d85f28-e3d8-4416-a47b-47cc7a8e8b92] Attack method: Enhanced UDP Flood with Human-like Timing
2025-09-19 01:30:04,816 - attack_logger - INFO - [udp_flood] [Run ID: a3d85f28-e3d8-4416-a47b-47cc7a8e8b92] Enhancement features: Human timing patterns, protocol compliance, network delay simulation
2025-09-19 01:30:04,816 - attack_logger - INFO - [udp_flood] [Run ID: a3d85f28-e3d8-4416-a47b-47cc7a8e8b92] DNS payloads: Realistic query patterns with varied domains
2025-09-19 01:30:04,816 - attack_logger - INFO - [udp_flood] [Run ID: a3d85f28-e3d8-4416-a47b-47cc7a8e8b92] ----------------------------------------
2025-09-19 01:30:04,902 - attack_logger - INFO - Attack: Enhanced UDP Flood completed.
2025-09-19 01:30:04,902 - attack_logger - INFO - Attack: Enhanced ICMP Flood (88s) | h1 -> h4
2025-09-19 01:30:07,419 - attack_logger - INFO - [icmp_flood] [Run ID: 92115d3e-ff09-4a2f-84b3-01e1e26e847c] Starting Enhanced ICMP Flood with RFC 1918 IP Rotation from h1 to 192.168.20.12 for 88 seconds.
2025-09-19 01:30:07,419 - attack_logger - INFO - [icmp_flood] [Run ID: 92115d3e-ff09-4a2f-84b3-01e1e26e847c] Attack Phase: Enhanced Traditional ICMP Flood - Attacker: h1, Target: 192.168.20.12, Duration: 88s
2025-09-19 01:30:07,419 - attack_logger - INFO - [icmp_flood] [Run ID: 92115d3e-ff09-4a2f-84b3-01e1e26e847c] Enhanced Features: RFC 1918 IP rotation, human-like timing, protocol compliance, network delay simulation
2025-09-19 01:30:07,419 - attack_logger - INFO - [icmp_flood] [Run ID: 92115d3e-ff09-4a2f-84b3-01e1e26e847c] IP Pool Size: 50 source IPs from RFC 1918 ranges (10.0.0.0/8, 172.16.0.0/12, 192.168.0.0/16)
2025-09-19 01:30:07,419 - attack_logger - INFO - [icmp_flood] [Run ID: 92115d3e-ff09-4a2f-84b3-01e1e26e847c] Stress phase total: 26s (host: 13s, gateway: 13s), Advanced phase: 62s
2025-09-19 01:30:21,051 - attack_logger - INFO - [icmp_flood] [Run ID: 92115d3e-ff09-4a2f-84b3-01e1e26e847c] Host stress sub-phase completed
2025-09-19 01:30:34,605 - attack_logger - INFO - [icmp_flood] [Run ID: 92115d3e-ff09-4a2f-84b3-01e1e26e847c] Gateway stress sub-phase completed
2025-09-19 01:30:34,605 - attack_logger - INFO - [icmp_flood] [Run ID: 92115d3e-ff09-4a2f-84b3-01e1e26e847c] Session pattern: 1 phases, Circadian factor: 0.05, Workday factor: 0.01
2025-09-19 01:30:34,605 - attack_logger - DEBUG - [icmp_flood] [Run ID: 92115d3e-ff09-4a2f-84b3-01e1e26e847c] Starting enhanced ICMP packet generation with IP rotation and human-like timing
2025-09-19 01:30:34,614 - attack_logger - INFO - [icmp_flood] [Run ID: 92115d3e-ff09-4a2f-84b3-01e1e26e847c] Enhanced ICMP flood with IP rotation process started (PID: 29643)
2025-09-19 01:30:46,692 - attack_logger - INFO - [icmp_flood] [Run ID: 92115d3e-ff09-4a2f-84b3-01e1e26e847c] Attack progress: 12.1s elapsed, ~0 packets sent, Rate: 0.0 pps, IP rotations: ~0, Phase: active (intensity: 0.76)
2025-09-19 01:30:46,692 - attack_logger - DEBUG - [icmp_flood] [Run ID: 92115d3e-ff09-4a2f-84b3-01e1e26e847c] Process stats - CPU: 0.0%, Memory: 60.4MB
2025-09-19 01:30:46,692 - attack_logger - DEBUG - [icmp_flood] [Run ID: 92115d3e-ff09-4a2f-84b3-01e1e26e847c] Timing factors - Circadian: 0.05, Workday: 0.01, Adjusted rate: 0.0 pps
2025-09-19 01:30:58,786 - attack_logger - INFO - [icmp_flood] [Run ID: 92115d3e-ff09-4a2f-84b3-01e1e26e847c] Attack progress: 24.2s elapsed, ~0 packets sent, Rate: 0.0 pps, IP rotations: ~0, Phase: active (intensity: 0.76)
2025-09-19 01:30:58,786 - attack_logger - DEBUG - [icmp_flood] [Run ID: 92115d3e-ff09-4a2f-84b3-01e1e26e847c] Process stats - CPU: 0.0%, Memory: 60.6MB
2025-09-19 01:30:58,786 - attack_logger - DEBUG - [icmp_flood] [Run ID: 92115d3e-ff09-4a2f-84b3-01e1e26e847c] Timing factors - Circadian: 0.05, Workday: 0.01, Adjusted rate: 0.0 pps
2025-09-19 01:31:10,874 - attack_logger - INFO - [icmp_flood] [Run ID: 92115d3e-ff09-4a2f-84b3-01e1e26e847c] Attack progress: 36.3s elapsed, ~0 packets sent, Rate: 0.0 pps, IP rotations: ~0, Phase: active (intensity: 0.76)
2025-09-19 01:31:10,875 - attack_logger - DEBUG - [icmp_flood] [Run ID: 92115d3e-ff09-4a2f-84b3-01e1e26e847c] Process stats - CPU: 0.0%, Memory: 60.6MB
2025-09-19 01:31:10,875 - attack_logger - DEBUG - [icmp_flood] [Run ID: 92115d3e-ff09-4a2f-84b3-01e1e26e847c] Timing factors - Circadian: 0.05, Workday: 0.01, Adjusted rate: 0.0 pps
2025-09-19 01:31:22,952 - attack_logger - INFO - [icmp_flood] [Run ID: 92115d3e-ff09-4a2f-84b3-01e1e26e847c] Attack progress: 48.3s elapsed, ~0 packets sent, Rate: 0.0 pps, IP rotations: ~0, Phase: active (intensity: 0.76)
2025-09-19 01:31:22,952 - attack_logger - DEBUG - [icmp_flood] [Run ID: 92115d3e-ff09-4a2f-84b3-01e1e26e847c] Process stats - CPU: 0.0%, Memory: 60.6MB
2025-09-19 01:31:22,952 - attack_logger - DEBUG - [icmp_flood] [Run ID: 92115d3e-ff09-4a2f-84b3-01e1e26e847c] Timing factors - Circadian: 0.05, Workday: 0.01, Adjusted rate: 0.0 pps
2025-09-19 01:31:35,027 - attack_logger - INFO - [icmp_flood] [Run ID: 92115d3e-ff09-4a2f-84b3-01e1e26e847c] Attack progress: 60.4s elapsed, ~0 packets sent, Rate: 0.0 pps, IP rotations: ~0, Phase: active (intensity: 0.76)
2025-09-19 01:31:35,027 - attack_logger - DEBUG - [icmp_flood] [Run ID: 92115d3e-ff09-4a2f-84b3-01e1e26e847c] Process stats - CPU: 0.0%, Memory: 60.6MB
2025-09-19 01:31:35,028 - attack_logger - DEBUG - [icmp_flood] [Run ID: 92115d3e-ff09-4a2f-84b3-01e1e26e847c] Timing factors - Circadian: 0.05, Workday: 0.01, Adjusted rate: 0.0 pps
2025-09-19 01:31:36,703 - attack_logger - DEBUG - [icmp_flood] [Run ID: 92115d3e-ff09-4a2f-84b3-01e1e26e847c] Sent SIGINT to ICMP flood process 29643
2025-09-19 01:31:37,205 - attack_logger - INFO - [icmp_flood] [Run ID: 92115d3e-ff09-4a2f-84b3-01e1e26e847c] Enhanced ICMP Flood with RFC 1918 IP Rotation from h1 to 192.168.20.12 finished.
2025-09-19 01:31:37,205 - attack_logger - INFO - [icmp_flood] [Run ID: 92115d3e-ff09-4a2f-84b3-01e1e26e847c] Attack completed. Total packets sent = 1, Average rate = 0.02 packets/sec.
2025-09-19 01:31:37,205 - attack_logger - INFO - [icmp_flood] [Run ID: 92115d3e-ff09-4a2f-84b3-01e1e26e847c] --- Enhanced Attack Summary ---
2025-09-19 01:31:37,205 - attack_logger - INFO - [icmp_flood] [Run ID: 92115d3e-ff09-4a2f-84b3-01e1e26e847c] Total packets sent: 1
2025-09-19 01:31:37,205 - attack_logger - INFO - [icmp_flood] [Run ID: 92115d3e-ff09-4a2f-84b3-01e1e26e847c] Total IP rotations: ~0
2025-09-19 01:31:37,205 - attack_logger - INFO - [icmp_flood] [Run ID: 92115d3e-ff09-4a2f-84b3-01e1e26e847c] RFC 1918 IP pool size: 50
2025-09-19 01:31:37,205 - attack_logger - INFO - [icmp_flood] [Run ID: 92115d3e-ff09-4a2f-84b3-01e1e26e847c] IP ranges used: 10.0.0.0/8, 172.16.0.0/12, 192.168.0.0/16
2025-09-19 01:31:37,205 - attack_logger - INFO - [icmp_flood] [Run ID: 92115d3e-ff09-4a2f-84b3-01e1e26e847c] Actual duration: 62.10s
2025-09-19 01:31:37,205 - attack_logger - INFO - [icmp_flood] [Run ID: 92115d3e-ff09-4a2f-84b3-01e1e26e847c] Average rate: 0.02 packets/sec
2025-09-19 01:31:37,205 - attack_logger - INFO - [icmp_flood] [Run ID: 92115d3e-ff09-4a2f-84b3-01e1e26e847c] Base rate: 25.3 pps
2025-09-19 01:31:37,205 - attack_logger - INFO - [icmp_flood] [Run ID: 92115d3e-ff09-4a2f-84b3-01e1e26e847c] Circadian factor: 0.05
2025-09-19 01:31:37,205 - attack_logger - INFO - [icmp_flood] [Run ID: 92115d3e-ff09-4a2f-84b3-01e1e26e847c] Workday factor: 0.01
2025-09-19 01:31:37,205 - attack_logger - INFO - [icmp_flood] [Run ID: 92115d3e-ff09-4a2f-84b3-01e1e26e847c] Session phases: 1
2025-09-19 01:31:37,205 - attack_logger - INFO - [icmp_flood] [Run ID: 92115d3e-ff09-4a2f-84b3-01e1e26e847c] ICMP type: Echo Request (8) with ID/Seq variations
2025-09-19 01:31:37,205 - attack_logger - INFO - [icmp_flood] [Run ID: 92115d3e-ff09-4a2f-84b3-01e1e26e847c] Attack method: Enhanced ICMP Flood with RFC 1918 IP Rotation
2025-09-19 01:31:37,205 - attack_logger - INFO - [icmp_flood] [Run ID: 92115d3e-ff09-4a2f-84b3-01e1e26e847c] Enhancement features: RFC 1918 IP rotation, human timing patterns, protocol compliance, network delay simulation
2025-09-19 01:31:37,205 - attack_logger - INFO - [icmp_flood] [Run ID: 92115d3e-ff09-4a2f-84b3-01e1e26e847c] ----------------------------------------
2025-09-19 01:31:37,289 - attack_logger - INFO - Attack: Enhanced ICMP Flood completed.
2025-09-19 01:31:37,803 - attack_logger - INFO - Attack: ENHANCED Adversarial TCP State Exhaustion (72s) | h1 -> h6
2025-09-19 01:32:53,039 - attack_logger - INFO - Attack: ENHANCED Adversarial Application Layer (24s) | h1 -> h6
2025-09-19 01:33:20,323 - attack_logger - INFO - Attack: ENHANCED Adversarial Slow Read (72s) | h1 -> h6
2025-09-19 01:34:35,644 - attack_logger - INFO - Attack: ENHANCED Adversarial Slow Read completed.
