2025-07-12 20:05:41 - [BENIGN] - INFO - Starting benign traffic for 5 seconds...
2025-07-12 20:05:41 - [BENIGN] - DEBUG - Generated ICMP traffic 0 [len=84B]
2025-07-12 20:05:41 - [BENIGN] - DEBUG - Generated TCP SYN from h3:14158 -> h5:12345 [len=54B]
2025-07-12 20:05:42 - [BENIGN] - DEBUG - Generated TCP SYN-ACK from h5:12345 <- h3:14158 [len=54B]
2025-07-12 20:05:43 - [BENIGN] - DEBUG - Generated TCP ACK from h3:14158 -> h5:12345 [len=54B]
2025-07-12 20:05:44 - [BENIGN] - DEBUG - Generated TCP data traffic from h3:14158 -> h5:12345 [content='TCP data'] [Session 1] [len=165B]
2025-07-12 20:05:44 - [BENIGN] - DEBUG - Generated TCP ACK reply from h5:12345 <- h3:14158 [len=54B]
2025-07-12 20:05:45 - [BENIGN] - DEBUG - Generated UDP traffic from h3:6429 -> h5:12346 [content='501353bb1595c79344e8fa850c225cc3cc4d9caa...'] [Session 2] [len=413B]
2025-07-12 20:05:45 - [BENIGN] - DEBUG - Generated Telnet SYN from h3:40749 -> h5:23 [len=54B]
2025-07-12 20:05:46 - [BENIGN] - DEBUG - Generated Telnet SYN-ACK from h5:23 <- h3:40749 [len=54B]
2025-07-12 20:05:47 - [BENIGN] - DEBUG - Generated Telnet ACK from h3:40749 -> h5:23 [len=54B]
2025-07-12 20:05:48 - [BENIGN] - DEBUG - Generated Telnet data traffic from h3:40749 -> h5:23 [content='Telnet command'] [Session 3] [len=279B]
2025-07-12 20:05:48 - [BENIGN] - DEBUG - Generated Telnet ACK reply from h5:23 <- h3:40749 [len=54B]
2025-07-12 20:05:49 - [BENIGN] - DEBUG - Generated SSH SYN from h3:53547 -> h5:22 [len=54B]
2025-07-12 20:05:50 - [BENIGN] - DEBUG - Generated SSH SYN-ACK from h5:22 <- h3:53547 [len=54B]
2025-07-12 20:05:50 - [BENIGN] - DEBUG - Generated SSH ACK from h3:53547 -> h5:22 [len=54B]
2025-07-12 20:05:51 - [BENIGN] - DEBUG - Generated SSH data traffic from h3:53547 -> h5:22 [content='SSH encrypted data'] [Session 4] [len=1264B]
2025-07-12 20:05:51 - [BENIGN] - DEBUG - Generated SSH ACK reply from h5:22 <- h3:53547 [len=54B]
2025-07-12 20:05:52 - [BENIGN] - DEBUG - Generated FTP SYN from h3:45953 -> h5:21 [len=54B]
2025-07-12 20:05:53 - [BENIGN] - DEBUG - Generated FTP SYN-ACK from h5:21 <- h3:45953 [len=54B]
2025-07-12 20:05:53 - [BENIGN] - DEBUG - Generated FTP ACK from h3:45953 -> h5:21 [len=54B]
2025-07-12 20:05:54 - [BENIGN] - DEBUG - Generated FTP data traffic from h3:45953 -> h5:21 [content='FTP file transfer'] [Session 5] [len=1055B]
2025-07-12 20:05:55 - [BENIGN] - DEBUG - Generated FTP ACK reply from h5:21 <- h3:45953 [len=54B]
2025-07-12 20:05:55 - [BENIGN] - DEBUG - Generated HTTP SYN from h3:54337 -> h5:80 [len=54B]
2025-07-12 20:05:56 - [BENIGN] - DEBUG - Generated HTTP SYN-ACK from h5:80 <- h3:54337 [len=54B]
2025-07-12 20:05:57 - [BENIGN] - DEBUG - Generated HTTP ACK from h3:54337 -> h5:80 [len=54B]
2025-07-12 20:05:58 - [BENIGN] - DEBUG - Generated HTTP data traffic from h3:54337 -> h5:80 [content='GET /index.html HTTP/1.1'] [Session 6] [len=476B]
2025-07-12 20:05:58 - [BENIGN] - DEBUG - Generated HTTP ACK reply from h5:80 <- h3:54337 [len=54B]
2025-07-12 20:05:59 - [BENIGN] - DEBUG - Generated HTTPS SYN from h3:42387 -> h5:443 [len=54B]
2025-07-12 20:05:59 - [BENIGN] - DEBUG - Generated HTTPS SYN-ACK from h5:443 <- h3:42387 [len=54B]
2025-07-12 20:06:00 - [BENIGN] - DEBUG - Generated HTTPS ACK from h3:42387 -> h5:443 [len=54B]
2025-07-12 20:06:01 - [BENIGN] - DEBUG - Generated HTTPS data traffic from h3:42387 -> h5:443 [content='Encrypted Application Data'] [Session 7] [len=301B]
2025-07-12 20:06:01 - [BENIGN] - DEBUG - Generated HTTPS ACK reply from h5:443 <- h3:42387 [len=54B]
2025-07-12 20:06:02 - [BENIGN] - DEBUG - Generated DNS query from h3:48162 -> h5:53 [qname='example.com'] [Session 8] [len=71B]
2025-07-12 20:06:03 - [BENIGN] - INFO - Benign traffic finished.
2025-07-12 20:06:03 - [BENIGN] - INFO - Summary: 8 protocol sessions [ICMP, TCP, UDP, Telnet, SSH, FTP, HTTP, HTTPS, DNS], 34 packets sent.
2025-07-12 20:10:54 - [BENIGN] - INFO - Starting benign traffic for 5 seconds...
2025-07-12 20:10:54 - [BENIGN] - DEBUG - Generated ICMP traffic 0 [len=84B]
2025-07-12 20:10:55 - [BENIGN] - DEBUG - Generated TCP SYN from h3:34829 -> h5:12345 [len=54B]
2025-07-12 20:10:56 - [BENIGN] - DEBUG - Generated TCP SYN-ACK from h5:12345 <- h3:34829 [len=54B]
2025-07-12 20:10:56 - [BENIGN] - DEBUG - Generated TCP ACK from h3:34829 -> h5:12345 [len=54B]
2025-07-12 20:10:57 - [BENIGN] - DEBUG - Generated TCP data traffic from h3:34829 -> h5:12345 [content='TCP data'] [Session 1] [len=476B]
2025-07-12 20:10:58 - [BENIGN] - DEBUG - Generated TCP ACK reply from h5:12345 <- h3:34829 [len=54B]
2025-07-12 20:10:58 - [BENIGN] - DEBUG - Generated UDP traffic from h3:41514 -> h5:12346 [content='c6603702ac3b581f01e0f384f538df4048fb2266...'] [Session 2] [len=215B]
2025-07-12 20:10:59 - [BENIGN] - DEBUG - Generated Telnet SYN from h3:22164 -> h5:23 [len=54B]
2025-07-12 20:11:00 - [BENIGN] - DEBUG - Generated Telnet SYN-ACK from h5:23 <- h3:22164 [len=54B]
2025-07-12 20:11:00 - [BENIGN] - DEBUG - Generated Telnet ACK from h3:22164 -> h5:23 [len=54B]
2025-07-12 20:11:01 - [BENIGN] - DEBUG - Generated Telnet data traffic from h3:22164 -> h5:23 [content='Telnet command'] [Session 3] [len=557B]
2025-07-12 20:11:02 - [BENIGN] - DEBUG - Generated Telnet ACK reply from h5:23 <- h3:22164 [len=54B]
2025-07-12 20:11:02 - [BENIGN] - DEBUG - Generated SSH SYN from h3:6265 -> h5:22 [len=54B]
2025-07-12 20:11:03 - [BENIGN] - DEBUG - Generated SSH SYN-ACK from h5:22 <- h3:6265 [len=54B]
2025-07-12 20:11:04 - [BENIGN] - DEBUG - Generated SSH ACK from h3:6265 -> h5:22 [len=54B]
2025-07-12 20:11:04 - [BENIGN] - DEBUG - Generated SSH data traffic from h3:6265 -> h5:22 [content='SSH encrypted data'] [Session 4] [len=1167B]
2025-07-12 20:11:05 - [BENIGN] - DEBUG - Generated SSH ACK reply from h5:22 <- h3:6265 [len=54B]
2025-07-12 20:11:06 - [BENIGN] - DEBUG - Generated FTP SYN from h3:63894 -> h5:21 [len=54B]
2025-07-12 20:11:06 - [BENIGN] - DEBUG - Generated FTP SYN-ACK from h5:21 <- h3:63894 [len=54B]
2025-07-12 20:11:07 - [BENIGN] - DEBUG - Generated FTP ACK from h3:63894 -> h5:21 [len=54B]
2025-07-12 20:11:08 - [BENIGN] - DEBUG - Generated FTP data traffic from h3:63894 -> h5:21 [content='FTP file transfer'] [Session 5] [len=188B]
2025-07-12 20:11:08 - [BENIGN] - DEBUG - Generated FTP ACK reply from h5:21 <- h3:63894 [len=54B]
2025-07-12 20:11:09 - [BENIGN] - DEBUG - Generated HTTP SYN from h3:46101 -> h5:80 [len=54B]
2025-07-12 20:11:10 - [BENIGN] - DEBUG - Generated HTTP SYN-ACK from h5:80 <- h3:46101 [len=54B]
2025-07-12 20:11:11 - [BENIGN] - DEBUG - Generated HTTP ACK from h3:46101 -> h5:80 [len=54B]
2025-07-12 20:11:11 - [BENIGN] - DEBUG - Generated HTTP data traffic from h3:46101 -> h5:80 [content='GET /index.html HTTP/1.1'] [Session 6] [len=261B]
2025-07-12 20:11:12 - [BENIGN] - DEBUG - Generated HTTP ACK reply from h5:80 <- h3:46101 [len=54B]
2025-07-12 20:11:12 - [BENIGN] - DEBUG - Generated HTTPS SYN from h3:8122 -> h5:443 [len=54B]
2025-07-12 20:11:13 - [BENIGN] - DEBUG - Generated HTTPS SYN-ACK from h5:443 <- h3:8122 [len=54B]
2025-07-12 20:11:14 - [BENIGN] - DEBUG - Generated HTTPS ACK from h3:8122 -> h5:443 [len=54B]
2025-07-12 20:11:15 - [BENIGN] - DEBUG - Generated HTTPS data traffic from h3:8122 -> h5:443 [content='Encrypted Application Data'] [Session 7] [len=508B]
2025-07-12 20:11:15 - [BENIGN] - DEBUG - Generated HTTPS ACK reply from h5:443 <- h3:8122 [len=54B]
2025-07-12 20:11:16 - [BENIGN] - DEBUG - Generated DNS query from h3:51323 -> h5:53 [qname='example.com'] [Session 8] [len=71B]
2025-07-12 20:11:17 - [BENIGN] - INFO - Benign traffic finished.
2025-07-12 20:11:17 - [BENIGN] - INFO - Summary: 8 protocol sessions [ICMP, TCP, UDP, Telnet, SSH, FTP, HTTP, HTTPS, DNS], 34 packets sent.
2025-07-12 20:24:52 - [BENIGN] - INFO - Starting benign traffic for 20 seconds...
2025-07-12 20:24:52 - [BENIGN] - DEBUG - Generated ICMP traffic 0 [len=84B]
2025-07-12 20:24:53 - [BENIGN] - DEBUG - Generated TCP SYN from h3:45636 -> h5:12345 [len=54B]
2025-07-12 20:24:53 - [BENIGN] - DEBUG - Generated TCP SYN-ACK from h5:12345 <- h3:45636 [len=54B]
2025-07-12 20:24:54 - [BENIGN] - DEBUG - Generated TCP ACK from h3:45636 -> h5:12345 [len=54B]
2025-07-12 20:24:55 - [BENIGN] - DEBUG - Generated TCP data traffic from h3:45636 -> h5:12345 [content='TCP data'] [Session 1] [len=115B]
2025-07-12 20:24:55 - [BENIGN] - DEBUG - Generated TCP ACK reply from h5:12345 <- h3:45636 [len=54B]
2025-07-12 20:24:56 - [BENIGN] - DEBUG - Generated UDP traffic from h3:37983 -> h5:12346 [content='a0c16a1a7b53ae0e4d7cdb554bf7db74d0a07d35...'] [Session 2] [len=489B]
2025-07-12 20:24:57 - [BENIGN] - DEBUG - Generated Telnet SYN from h3:25579 -> h5:23 [len=54B]
2025-07-12 20:24:57 - [BENIGN] - DEBUG - Generated Telnet SYN-ACK from h5:23 <- h3:25579 [len=54B]
2025-07-12 20:24:58 - [BENIGN] - DEBUG - Generated Telnet ACK from h3:25579 -> h5:23 [len=54B]
2025-07-12 20:24:59 - [BENIGN] - DEBUG - Generated Telnet data traffic from h3:25579 -> h5:23 [content='Telnet command'] [Session 3] [len=169B]
2025-07-12 20:24:59 - [BENIGN] - DEBUG - Generated Telnet ACK reply from h5:23 <- h3:25579 [len=54B]
2025-07-12 20:25:00 - [BENIGN] - DEBUG - Generated SSH SYN from h3:55353 -> h5:22 [len=54B]
2025-07-12 20:25:01 - [BENIGN] - DEBUG - Generated SSH SYN-ACK from h5:22 <- h3:55353 [len=54B]
2025-07-12 20:25:01 - [BENIGN] - DEBUG - Generated SSH ACK from h3:55353 -> h5:22 [len=54B]
2025-07-12 20:25:02 - [BENIGN] - DEBUG - Generated SSH data traffic from h3:55353 -> h5:22 [content='SSH encrypted data'] [Session 4] [len=1440B]
2025-07-12 20:25:03 - [BENIGN] - DEBUG - Generated SSH ACK reply from h5:22 <- h3:55353 [len=54B]
2025-07-12 20:25:03 - [BENIGN] - DEBUG - Generated FTP SYN from h3:48607 -> h5:21 [len=54B]
2025-07-12 20:25:04 - [BENIGN] - DEBUG - Generated FTP SYN-ACK from h5:21 <- h3:48607 [len=54B]
2025-07-12 20:25:05 - [BENIGN] - DEBUG - Generated FTP ACK from h3:48607 -> h5:21 [len=54B]
2025-07-12 20:25:06 - [BENIGN] - DEBUG - Generated FTP data traffic from h3:48607 -> h5:21 [content='FTP file transfer'] [Session 5] [len=1383B]
2025-07-12 20:25:06 - [BENIGN] - DEBUG - Generated FTP ACK reply from h5:21 <- h3:48607 [len=54B]
2025-07-12 20:25:07 - [BENIGN] - DEBUG - Generated HTTP SYN from h3:62732 -> h5:80 [len=54B]
2025-07-12 20:25:07 - [BENIGN] - DEBUG - Generated HTTP SYN-ACK from h5:80 <- h3:62732 [len=54B]
2025-07-12 20:25:08 - [BENIGN] - DEBUG - Generated HTTP ACK from h3:62732 -> h5:80 [len=54B]
2025-07-12 20:25:09 - [BENIGN] - DEBUG - Generated HTTP data traffic from h3:62732 -> h5:80 [content='GET /index.html HTTP/1.1'] [Session 6] [len=332B]
2025-07-12 20:25:09 - [BENIGN] - DEBUG - Generated HTTP ACK reply from h5:80 <- h3:62732 [len=54B]
2025-07-12 20:25:10 - [BENIGN] - DEBUG - Generated HTTPS SYN from h3:55810 -> h5:443 [len=54B]
2025-07-12 20:25:11 - [BENIGN] - DEBUG - Generated HTTPS SYN-ACK from h5:443 <- h3:55810 [len=54B]
2025-07-12 20:25:12 - [BENIGN] - DEBUG - Generated HTTPS ACK from h3:55810 -> h5:443 [len=54B]
2025-07-12 20:25:12 - [BENIGN] - DEBUG - Generated HTTPS data traffic from h3:55810 -> h5:443 [content='Encrypted Application Data'] [Session 7] [len=505B]
2025-07-12 20:25:13 - [BENIGN] - DEBUG - Generated HTTPS ACK reply from h5:443 <- h3:55810 [len=54B]
2025-07-12 20:25:13 - [BENIGN] - DEBUG - Generated DNS query from h3:9067 -> h5:53 [qname='example.com'] [Session 8] [len=71B]
2025-07-12 20:25:14 - [BENIGN] - INFO - Benign traffic finished.
2025-07-12 20:25:14 - [BENIGN] - INFO - Summary: 8 protocol sessions [ICMP, TCP, UDP, Telnet, SSH, FTP, HTTP, HTTPS, DNS], 34 packets sent.
2025-07-12 20:30:29 - [BENIGN] - INFO - Starting benign traffic for 20 seconds...
2025-07-12 20:30:29 - [BENIGN] - DEBUG - Generated ICMP traffic 0 [len=84B]
2025-07-12 20:30:30 - [BENIGN] - DEBUG - Generated TCP SYN from h3:35069 -> h5:12345 [len=54B]
2025-07-12 20:30:31 - [BENIGN] - DEBUG - Generated TCP SYN-ACK from h5:12345 <- h3:35069 [len=54B]
2025-07-12 20:30:31 - [BENIGN] - DEBUG - Generated TCP ACK from h3:35069 -> h5:12345 [len=54B]
2025-07-12 20:30:32 - [BENIGN] - DEBUG - Generated TCP data traffic from h3:35069 -> h5:12345 [content='TCP data'] [Session 1] [len=422B]
2025-07-12 20:30:33 - [BENIGN] - DEBUG - Generated TCP ACK reply from h5:12345 <- h3:35069 [len=54B]
2025-07-12 20:30:33 - [BENIGN] - DEBUG - Generated UDP traffic from h3:58861 -> h5:12346 [content='85e2ad8dfddbb153ce957a594cba6831ea273b8b...'] [Session 2] [len=1157B]
2025-07-12 20:30:34 - [BENIGN] - DEBUG - Generated Telnet SYN from h3:24328 -> h5:23 [len=54B]
2025-07-12 20:30:35 - [BENIGN] - DEBUG - Generated Telnet SYN-ACK from h5:23 <- h3:24328 [len=54B]
2025-07-12 20:30:35 - [BENIGN] - DEBUG - Generated Telnet ACK from h3:24328 -> h5:23 [len=54B]
2025-07-12 20:30:36 - [BENIGN] - DEBUG - Generated Telnet data traffic from h3:24328 -> h5:23 [content='Telnet command'] [Session 3] [len=1206B]
2025-07-12 20:30:37 - [BENIGN] - DEBUG - Generated Telnet ACK reply from h5:23 <- h3:24328 [len=54B]
2025-07-12 20:30:37 - [BENIGN] - DEBUG - Generated SSH SYN from h3:17010 -> h5:22 [len=54B]
2025-07-12 20:30:38 - [BENIGN] - DEBUG - Generated SSH SYN-ACK from h5:22 <- h3:17010 [len=54B]
2025-07-12 20:30:39 - [BENIGN] - DEBUG - Generated SSH ACK from h3:17010 -> h5:22 [len=54B]
2025-07-12 20:30:39 - [BENIGN] - DEBUG - Generated SSH data traffic from h3:17010 -> h5:22 [content='SSH encrypted data'] [Session 4] [len=1396B]
2025-07-12 20:30:40 - [BENIGN] - DEBUG - Generated SSH ACK reply from h5:22 <- h3:17010 [len=54B]
2025-07-12 20:30:41 - [BENIGN] - DEBUG - Generated FTP SYN from h3:36537 -> h5:21 [len=54B]
2025-07-12 20:30:41 - [BENIGN] - DEBUG - Generated FTP SYN-ACK from h5:21 <- h3:36537 [len=54B]
2025-07-12 20:30:42 - [BENIGN] - DEBUG - Generated FTP ACK from h3:36537 -> h5:21 [len=54B]
2025-07-12 20:30:43 - [BENIGN] - DEBUG - Generated FTP data traffic from h3:36537 -> h5:21 [content='FTP file transfer'] [Session 5] [len=151B]
2025-07-12 20:30:43 - [BENIGN] - DEBUG - Generated FTP ACK reply from h5:21 <- h3:36537 [len=54B]
2025-07-12 20:30:44 - [BENIGN] - DEBUG - Generated HTTP SYN from h3:64136 -> h5:80 [len=54B]
2025-07-12 20:30:45 - [BENIGN] - DEBUG - Generated HTTP SYN-ACK from h5:80 <- h3:64136 [len=54B]
2025-07-12 20:30:45 - [BENIGN] - DEBUG - Generated HTTP ACK from h3:64136 -> h5:80 [len=54B]
2025-07-12 20:30:46 - [BENIGN] - DEBUG - Generated HTTP data traffic from h3:64136 -> h5:80 [content='GET /index.html HTTP/1.1'] [Session 6] [len=323B]
2025-07-12 20:30:47 - [BENIGN] - DEBUG - Generated HTTP ACK reply from h5:80 <- h3:64136 [len=54B]
2025-07-12 20:30:47 - [BENIGN] - DEBUG - Generated HTTPS SYN from h3:40646 -> h5:443 [len=54B]
2025-07-12 20:30:48 - [BENIGN] - DEBUG - Generated HTTPS SYN-ACK from h5:443 <- h3:40646 [len=54B]
2025-07-12 20:30:49 - [BENIGN] - DEBUG - Generated HTTPS ACK from h3:40646 -> h5:443 [len=54B]
2025-07-12 20:30:49 - [BENIGN] - DEBUG - Generated HTTPS data traffic from h3:40646 -> h5:443 [content='Encrypted Application Data'] [Session 7] [len=246B]
2025-07-12 20:30:50 - [BENIGN] - DEBUG - Generated HTTPS ACK reply from h5:443 <- h3:40646 [len=54B]
2025-07-12 20:30:51 - [BENIGN] - DEBUG - Generated DNS query from h3:44915 -> h5:53 [qname='example.com'] [Session 8] [len=71B]
2025-07-12 20:30:52 - [BENIGN] - INFO - Benign traffic finished.
2025-07-12 20:30:52 - [BENIGN] - INFO - Summary: 8 protocol sessions [ICMP, TCP, UDP, Telnet, SSH, FTP, HTTP, HTTPS, DNS], 34 packets sent.
