2025-07-12 21:05:16 - [MAIN] - INFO - Cleaning up any previous Mininet instances...
2025-07-12 21:05:17 - [MAIN] - INFO - Mininet cleanup complete.
2025-07-12 21:05:17,747 - __main__ - INFO - Verifying required tools...
2025-07-12 21:05:17,988 - __main__ - INFO - TShark version: Running as user "root" and group "root". This could be dangerous.
2025-07-12 21:05:17,989 - __main__ - INFO - All required tools are available.
2025-07-12 21:05:17,989 - __main__ - INFO - Starting Ryu SDN controller...
2025-07-12 21:05:17,994 - __main__ - INFO - Ryu controller started with PID: 130272. See main_output/ryu.log for logs.
2025-07-12 21:05:17,994 - __main__ - INFO - Checking for controller on port 6653 (timeout: 30s)...
2025-07-12 21:05:19,007 - __main__ - INFO - Controller is up and listening.
2025-07-12 21:05:19 - [MAIN] - INFO - Testing /hello endpoint...
2025-07-12 21:05:19 - [MAIN] - INFO - Test /hello endpoint: PASSED
2025-07-12 21:05:19,015 - __main__ - INFO - Setting up Mininet topology...
2025-07-12 21:05:19,256 - __main__ - INFO - Mininet version: 
2025-07-12 21:05:19,263 - __main__ - INFO - Connecting to remote controller at 127.0.0.1:6653
2025-07-12 21:05:19,535 - __main__ - INFO - Mininet network started successfully.
2025-07-12 21:05:19,535 - __main__ - INFO - Running Mininet pingall test...
2025-07-12 21:05:24,624 - __main__ - INFO - Mininet pingall test completed successfully. Packet loss: 0.0%
2025-07-12 21:05:24,624 - __main__ - INFO - Starting traffic generation scenario...
2025-07-12 21:05:24,624 - __main__ - INFO - Phase 1: Initialization (5s)...
2025-07-12 21:05:29,630 - __main__ - INFO - Starting flow statistics collection for 10265 seconds...
2025-07-12 21:05:29,630 - __main__ - INFO - Flow statistics collection started in background.
2025-07-12 21:05:29,632 - __main__ - INFO - Phase 2: Normal Traffic (1200s)...
2025-07-12 21:05:29,632 - __main__ - INFO - Timeline updated: normal phase started at 1752325529.632784
2025-07-12 21:25:48,889 - __main__ - INFO - Stopping packet capture (PID: 130481)...
2025-07-12 21:25:48,928 - __main__ - INFO - Packet capture stopped.
2025-07-12 21:25:48,928 - __main__ - INFO - Phase 3.1: Traditional DDoS Attacks...
2025-07-12 21:25:48,928 - __main__ - INFO - Timeline updated: syn_flood phase started at 1752326748.928497
2025-07-12 21:45:53,528 - __main__ - INFO - Stopping packet capture (PID: 7698)...
2025-07-12 21:45:53,602 - __main__ - INFO - Packet capture stopped.
2025-07-12 21:45:53,602 - __main__ - INFO - Timeline updated: udp_flood phase started at 1752327953.602747
2025-07-12 22:06:01,196 - __main__ - INFO - Stopping packet capture (PID: 7759)...
2025-07-12 22:06:01,264 - __main__ - INFO - Packet capture stopped.
2025-07-12 22:06:01,264 - __main__ - INFO - Timeline updated: icmp_flood phase started at 1752329161.264693
2025-07-12 22:26:05,852 - __main__ - INFO - Stopping packet capture (PID: 7847)...
2025-07-12 22:26:05,889 - __main__ - INFO - Packet capture stopped.
2025-07-12 22:26:05,890 - __main__ - INFO - Phase 3.2: Adversarial DDoS Attacks...
2025-07-12 22:26:05,890 - __main__ - INFO - Timeline updated: ad_syn phase started at 1752330365.8901274
2025-07-12 22:56:33,217 - __main__ - INFO - Stopping packet capture (PID: 7901)...
2025-07-12 22:56:33,256 - __main__ - INFO - Packet capture stopped.
2025-07-12 22:56:33,256 - __main__ - INFO - Timeline updated: ad_udp phase started at 1752332193.2566042
2025-07-12 23:26:41,062 - __main__ - INFO - Stopping packet capture (PID: 7979)...
2025-07-12 23:26:41,135 - __main__ - INFO - Packet capture stopped.
2025-07-12 23:26:41,136 - __main__ - INFO - Timeline updated: ad_slow phase started at 1752334001.136055
2025-07-12 23:26:47,235 - __main__ - INFO - Starting HTTP server on h6 (10.0.0.6:80)...
2025-07-12 23:56:35,311 - __main__ - INFO - Flow timeline collection completed.
2025-07-12 23:56:39,821 - __main__ - INFO - Flow statistics saved to main_output/flow_features.csv
2025-07-12 23:56:50,405 - __main__ - INFO - Stopping packet capture (PID: 8130)...
2025-07-12 23:56:50,478 - __main__ - INFO - Packet capture stopped.
2025-07-12 23:56:50,478 - __main__ - INFO - Stopping packet capture (PID: 8129)...
2025-07-12 23:56:50,553 - __main__ - INFO - Packet capture stopped.
2025-07-12 23:56:50,553 - __main__ - INFO - Analyzing main_output/h6_slow_read.pcap for TCP issues...
2025-07-12 23:56:50,853 - __main__ - INFO - TCP Analysis on h6 PCAP: RST Count = 8, Retransmission Count = 852
2025-07-12 23:56:51,122 - __main__ - INFO - Inter-Packet Arrival Time (h6 PCAP): Mean = 1.4548s, Median = 0.0000s, Std Dev = 42.2748s
2025-07-12 23:56:51,122 - __main__ - INFO - Stopping HTTP server on h6...
2025-07-12 23:56:51,128 - __main__ - INFO - HTTP server on h6 stopped.
2025-07-12 23:56:51,128 - __main__ - INFO - Phase 4: Cooldown (5s)...
2025-07-12 23:56:51,128 - __main__ - INFO - Timeline updated: normal phase started at 1752335811.1283524
2025-07-12 23:56:56,133 - __main__ - INFO - Traffic generation scenario finished.
2025-07-12 23:56:56 - [MAIN] - INFO - PCAP generation complete.
2025-07-12 23:56:56 - [MAIN] - INFO - Processing normal.pcap with label 'normal'...
2025-07-12 23:56:57 - [MAIN] - INFO - PCAP integrity check passed for normal.pcap: 7713 packets
2025-07-12 23:56:59 - [MAIN] - INFO - Using baseline timestamp for labeling normal.pcap: 1752325533.652530
2025-07-12 23:57:01 - [MAIN] - INFO - Processing syn_flood.pcap with label 'syn_flood'...
2025-07-12 23:58:23 - [MAIN] - INFO - PCAP integrity check passed for syn_flood.pcap: 411413 packets
2025-07-12 23:59:47 - [MAIN] - INFO - Using baseline timestamp for labeling syn_flood.pcap: 1752326759.132608
2025-07-13 00:01:59 - [MAIN] - INFO - Processing udp_flood.pcap with label 'udp_flood'...
2025-07-13 00:02:42 - [MAIN] - INFO - PCAP integrity check passed for udp_flood.pcap: 211097 packets
2025-07-13 00:03:19 - [MAIN] - INFO - Using baseline timestamp for labeling udp_flood.pcap: 1752327961.159807
2025-07-13 00:04:21 - [MAIN] - INFO - Processing icmp_flood.pcap with label 'icmp_flood'...
2025-07-13 00:05:57 - [MAIN] - INFO - PCAP integrity check passed for icmp_flood.pcap: 413016 packets
2025-07-13 00:07:35 - [MAIN] - INFO - Using baseline timestamp for labeling icmp_flood.pcap: 1752329169.886403
2025-07-13 00:09:51 - [MAIN] - INFO - Processing ad_syn.pcap with label 'ad_syn'...
2025-07-13 00:09:51 - [MAIN] - INFO - PCAP integrity check passed for ad_syn.pcap: 221 packets
2025-07-13 00:09:51 - [MAIN] - INFO - Using baseline timestamp for labeling ad_syn.pcap: 1752330375.988559
2025-07-13 00:09:51 - [MAIN] - INFO - Processing ad_udp.pcap with label 'ad_udp'...
2025-07-13 00:09:51 - [MAIN] - INFO - PCAP integrity check passed for ad_udp.pcap: 253 packets
2025-07-13 00:09:51 - [MAIN] - INFO - Using baseline timestamp for labeling ad_udp.pcap: 1752332197.296342
2025-07-13 00:09:51 - [MAIN] - INFO - Processing ad_slow.pcap with label 'ad_slow'...
2025-07-13 00:09:52 - [MAIN] - INFO - PCAP integrity check passed for ad_slow.pcap: 2479 packets
2025-07-13 00:09:52 - [MAIN] - INFO - Using baseline timestamp for labeling ad_slow.pcap: 1752334008.317827
2025-07-13 00:09:53 - [MAIN] - INFO - Processing h6_slow_read.pcap with label 'h6_slow_read'...
2025-07-13 00:09:53 - [MAIN] - INFO - PCAP integrity check passed for h6_slow_read.pcap: 1239 packets
2025-07-13 00:09:54 - [MAIN] - INFO - Using baseline timestamp for labeling h6_slow_read.pcap: 1752334008.317959
2025-07-13 00:10:00 - [MAIN] - INFO - Combined labeled CSV generated at: main_output/packet_features.csv
2025-07-13 00:10:00 - [MAIN] - INFO - Final combined CSV created successfully.
2025-07-13 00:10:01 - [MAIN] - INFO - 
--- Packet Feature Counts by Class ---
2025-07-13 00:10:01 - [MAIN] - INFO -   icmp_flood: 413016 packets
2025-07-13 00:10:01 - [MAIN] - INFO -   syn_flood: 411413 packets
2025-07-13 00:10:01 - [MAIN] - INFO -   udp_flood: 211097 packets
2025-07-13 00:10:01 - [MAIN] - INFO -   normal: 7713 packets
2025-07-13 00:10:01 - [MAIN] - INFO -   ad_slow: 2479 packets
2025-07-13 00:10:01 - [MAIN] - INFO -   h6_slow_read: 1239 packets
2025-07-13 00:10:01 - [MAIN] - INFO -   ad_udp: 253 packets
2025-07-13 00:10:01 - [MAIN] - INFO -   ad_syn: 221 packets
2025-07-13 00:10:01 - [MAIN] - INFO - Flow-level dataset generated at: main_output/flow_features.csv
2025-07-13 00:10:02 - [MAIN] - INFO - 
--- Flow Feature Counts by Class ---
2025-07-13 00:10:02 - [MAIN] - INFO -   ad_slow: 55149 flows
2025-07-13 00:10:02 - [MAIN] - INFO -   ad_syn: 51987 flows
2025-07-13 00:10:02 - [MAIN] - INFO -   ad_udp: 50220 flows
2025-07-13 00:10:02 - [MAIN] - INFO -   normal: 37603 flows
2025-07-13 00:10:02 - [MAIN] - INFO -   udp_flood: 37231 flows
2025-07-13 00:10:02 - [MAIN] - INFO -   icmp_flood: 37138 flows
2025-07-13 00:10:02 - [MAIN] - INFO -   syn_flood: 37138 flows
2025-07-13 00:10:02 - [MAIN] - INFO - Generating dataset summary...
2025-07-13 00:10:05 - [MAIN] - INFO - Dataset generation summary displayed above
2025-07-13 00:10:05,689 - __main__ - INFO - Cleaning up resources...
2025-07-13 00:10:05,689 - __main__ - INFO - Terminating Ryu controller (PID: 130272)...
2025-07-13 00:10:05,692 - __main__ - INFO - Cleaning up Mininet environment...
2025-07-13 00:10:07,642 - __main__ - INFO - Cleanup complete.
