2025-09-12 16:48:15 - [BENIGN] - INFO - Starting benign traffic for 200 seconds...
2025-09-12 16:48:15 - [BENIGN] - INFO - Protocol separation: h2↔h5 (ICMP), h3↔h5 (TCP/UDP)
2025-09-12 16:48:15 - [BENIGN] - DEBUG - Generated ICMP traffic h2↔h5 0 [len=84B]
2025-09-12 16:48:16 - [BENIGN] - DEBUG - Generated TCP SYN from h3:2877 -> h5:12345 [len=54B]
2025-09-12 16:48:17 - [BENIGN] - DEBUG - Generated TCP SYN-ACK from h5:12345 <- h3:2877 [len=54B]
2025-09-12 16:48:17 - [BENIGN] - DEBUG - Generated TCP ACK from h3:2877 -> h5:12345 [len=54B]
2025-09-12 16:48:18 - [BENIGN] - DEBUG - Generated TCP data traffic from h3:2877 -> h5:12345 [content='TCP data'] [Session 1] [len=1342B]
2025-09-12 16:48:19 - [BENIGN] - DEBUG - Generated TCP ACK reply from h5:12345 <- h3:2877 [len=54B]
2025-09-12 16:48:19 - [BENIGN] - DEBUG - Generated UDP traffic from h3:35494 -> h5:12346 [content='cbd59b47eb8ab8b512604fd99b4d491e1aabc702...'] [Session 2] [len=1203B]
2025-09-12 16:48:20 - [BENIGN] - DEBUG - Generated Telnet SYN from h3:5937 -> h5:23 [len=54B]
2025-09-12 16:48:21 - [BENIGN] - DEBUG - Generated Telnet SYN-ACK from h5:23 <- h3:5937 [len=54B]
2025-09-12 16:48:21 - [BENIGN] - DEBUG - Generated Telnet ACK from h3:5937 -> h5:23 [len=54B]
2025-09-12 16:48:22 - [BENIGN] - DEBUG - Generated Telnet data traffic from h3:5937 -> h5:23 [content='Telnet command'] [Session 3] [len=1148B]
2025-09-12 16:48:23 - [BENIGN] - DEBUG - Generated Telnet ACK reply from h5:23 <- h3:5937 [len=54B]
2025-09-12 16:48:23 - [BENIGN] - DEBUG - Generated SSH SYN from h3:57869 -> h5:22 [len=54B]
2025-09-12 16:48:24 - [BENIGN] - DEBUG - Generated SSH SYN-ACK from h5:22 <- h3:57869 [len=54B]
2025-09-12 16:48:25 - [BENIGN] - DEBUG - Generated SSH ACK from h3:57869 -> h5:22 [len=54B]
2025-09-12 16:48:25 - [BENIGN] - DEBUG - Generated SSH data traffic from h3:57869 -> h5:22 [content='SSH encrypted data'] [Session 4] [len=119B]
2025-09-12 16:48:26 - [BENIGN] - DEBUG - Generated SSH ACK reply from h5:22 <- h3:57869 [len=54B]
2025-09-12 16:48:27 - [BENIGN] - DEBUG - Generated FTP SYN from h3:10457 -> h5:21 [len=54B]
2025-09-12 16:48:27 - [BENIGN] - DEBUG - Generated FTP SYN-ACK from h5:21 <- h3:10457 [len=54B]
2025-09-12 16:48:28 - [BENIGN] - DEBUG - Generated FTP ACK from h3:10457 -> h5:21 [len=54B]
2025-09-12 16:48:29 - [BENIGN] - DEBUG - Generated FTP data traffic from h3:10457 -> h5:21 [content='FTP file transfer'] [Session 5] [len=135B]
2025-09-12 16:48:29 - [BENIGN] - DEBUG - Generated FTP ACK reply from h5:21 <- h3:10457 [len=54B]
2025-09-12 16:48:30 - [BENIGN] - DEBUG - Generated HTTP SYN from h3:54547 -> h5:80 [len=54B]
2025-09-12 16:48:31 - [BENIGN] - DEBUG - Generated HTTP SYN-ACK from h5:80 <- h3:54547 [len=54B]
2025-09-12 16:48:31 - [BENIGN] - DEBUG - Generated HTTP ACK from h3:54547 -> h5:80 [len=54B]
2025-09-12 16:48:32 - [BENIGN] - DEBUG - Generated HTTP data traffic from h3:54547 -> h5:80 [content='GET /index.html HTTP/1.1'] [Session 6] [len=296B]
2025-09-12 16:48:32 - [BENIGN] - DEBUG - Generated HTTP ACK reply from h5:80 <- h3:54547 [len=54B]
2025-09-12 16:48:33 - [BENIGN] - DEBUG - Generated HTTPS SYN from h3:60998 -> h5:443 [len=54B]
2025-09-12 16:48:34 - [BENIGN] - DEBUG - Generated HTTPS SYN-ACK from h5:443 <- h3:60998 [len=54B]
2025-09-12 16:48:34 - [BENIGN] - DEBUG - Generated HTTPS ACK from h3:60998 -> h5:443 [len=54B]
2025-09-12 16:48:35 - [BENIGN] - DEBUG - Generated HTTPS data traffic from h3:60998 -> h5:443 [content='Encrypted Application Data'] [Session 7] [len=772B]
2025-09-12 16:48:36 - [BENIGN] - DEBUG - Generated HTTPS ACK reply from h5:443 <- h3:60998 [len=54B]
2025-09-12 16:48:36 - [BENIGN] - DEBUG - Generated DNS query from h3:5631 -> h5:53 [qname='example.com'] [Session 8] [len=71B]
2025-09-12 16:48:36 - [BENIGN] - DEBUG - Generated ICMP traffic h2↔h5 1 [len=84B]
2025-09-12 16:48:37 - [BENIGN] - DEBUG - Generated TCP SYN from h3:60355 -> h5:12345 [len=54B]
2025-09-12 16:48:38 - [BENIGN] - DEBUG - Generated TCP SYN-ACK from h5:12345 <- h3:60355 [len=54B]
2025-09-12 16:48:38 - [BENIGN] - DEBUG - Generated TCP ACK from h3:60355 -> h5:12345 [len=54B]
2025-09-12 16:48:39 - [BENIGN] - DEBUG - Generated TCP data traffic from h3:60355 -> h5:12345 [content='TCP data'] [Session 9] [len=1382B]
2025-09-12 16:48:40 - [BENIGN] - DEBUG - Generated TCP ACK reply from h5:12345 <- h3:60355 [len=54B]
2025-09-12 16:48:40 - [BENIGN] - DEBUG - Generated UDP traffic from h3:14178 -> h5:12346 [content='88f957ca3cc1689329de68150f401c701cebefe5...'] [Session 10] [len=640B]
2025-09-12 16:48:41 - [BENIGN] - DEBUG - Generated Telnet SYN from h3:43604 -> h5:23 [len=54B]
2025-09-12 16:48:41 - [BENIGN] - DEBUG - Generated Telnet SYN-ACK from h5:23 <- h3:43604 [len=54B]
2025-09-12 16:48:42 - [BENIGN] - DEBUG - Generated Telnet ACK from h3:43604 -> h5:23 [len=54B]
2025-09-12 16:48:43 - [BENIGN] - DEBUG - Generated Telnet data traffic from h3:43604 -> h5:23 [content='Telnet command'] [Session 11] [len=585B]
2025-09-12 16:48:43 - [BENIGN] - DEBUG - Generated Telnet ACK reply from h5:23 <- h3:43604 [len=54B]
2025-09-12 16:48:44 - [BENIGN] - DEBUG - Generated SSH SYN from h3:22758 -> h5:22 [len=54B]
2025-09-12 16:48:45 - [BENIGN] - DEBUG - Generated SSH SYN-ACK from h5:22 <- h3:22758 [len=54B]
2025-09-12 16:48:45 - [BENIGN] - DEBUG - Generated SSH ACK from h3:22758 -> h5:22 [len=54B]
2025-09-12 16:48:46 - [BENIGN] - DEBUG - Generated SSH data traffic from h3:22758 -> h5:22 [content='SSH encrypted data'] [Session 12] [len=1011B]
2025-09-12 16:48:46 - [BENIGN] - DEBUG - Generated SSH ACK reply from h5:22 <- h3:22758 [len=54B]
2025-09-12 16:48:47 - [BENIGN] - DEBUG - Generated FTP SYN from h3:49577 -> h5:21 [len=54B]
2025-09-12 16:48:48 - [BENIGN] - DEBUG - Generated FTP SYN-ACK from h5:21 <- h3:49577 [len=54B]
2025-09-12 16:48:48 - [BENIGN] - DEBUG - Generated FTP ACK from h3:49577 -> h5:21 [len=54B]
2025-09-12 16:48:49 - [BENIGN] - DEBUG - Generated FTP data traffic from h3:49577 -> h5:21 [content='FTP file transfer'] [Session 13] [len=149B]
2025-09-12 16:48:50 - [BENIGN] - DEBUG - Generated FTP ACK reply from h5:21 <- h3:49577 [len=54B]
2025-09-12 16:48:50 - [BENIGN] - DEBUG - Generated HTTP SYN from h3:8616 -> h5:80 [len=54B]
2025-09-12 16:48:51 - [BENIGN] - DEBUG - Generated HTTP SYN-ACK from h5:80 <- h3:8616 [len=54B]
2025-09-12 16:48:51 - [BENIGN] - DEBUG - Generated HTTP ACK from h3:8616 -> h5:80 [len=54B]
2025-09-12 16:48:52 - [BENIGN] - DEBUG - Generated HTTP data traffic from h3:8616 -> h5:80 [content='GET /index.html HTTP/1.1'] [Session 14] [len=261B]
2025-09-12 16:48:53 - [BENIGN] - DEBUG - Generated HTTP ACK reply from h5:80 <- h3:8616 [len=54B]
2025-09-12 16:48:53 - [BENIGN] - DEBUG - Generated HTTPS SYN from h3:3989 -> h5:443 [len=54B]
2025-09-12 16:48:54 - [BENIGN] - DEBUG - Generated HTTPS SYN-ACK from h5:443 <- h3:3989 [len=54B]
2025-09-12 16:48:55 - [BENIGN] - DEBUG - Generated HTTPS ACK from h3:3989 -> h5:443 [len=54B]
2025-09-12 16:48:55 - [BENIGN] - DEBUG - Generated HTTPS data traffic from h3:3989 -> h5:443 [content='Encrypted Application Data'] [Session 15] [len=694B]
2025-09-12 16:48:56 - [BENIGN] - DEBUG - Generated HTTPS ACK reply from h5:443 <- h3:3989 [len=54B]
2025-09-12 16:48:56 - [BENIGN] - DEBUG - Generated DNS query from h3:23953 -> h5:53 [qname='example.com'] [Session 16] [len=71B]
2025-09-12 16:48:57 - [BENIGN] - DEBUG - Generated ICMP traffic h2↔h5 2 [len=84B]
2025-09-12 16:48:57 - [BENIGN] - DEBUG - Generated TCP SYN from h3:61064 -> h5:12345 [len=54B]
2025-09-12 16:48:58 - [BENIGN] - DEBUG - Generated TCP SYN-ACK from h5:12345 <- h3:61064 [len=54B]
2025-09-12 16:48:58 - [BENIGN] - DEBUG - Generated TCP ACK from h3:61064 -> h5:12345 [len=54B]
2025-09-12 16:48:59 - [BENIGN] - DEBUG - Generated TCP data traffic from h3:61064 -> h5:12345 [content='TCP data'] [Session 17] [len=949B]
2025-09-12 16:49:00 - [BENIGN] - DEBUG - Generated TCP ACK reply from h5:12345 <- h3:61064 [len=54B]
2025-09-12 16:49:00 - [BENIGN] - DEBUG - Generated UDP traffic from h3:18909 -> h5:12346 [content='9b84506790699eed0163a46fbb00329b6f41b07c...'] [Session 18] [len=1344B]
2025-09-12 16:49:01 - [BENIGN] - DEBUG - Generated Telnet SYN from h3:37030 -> h5:23 [len=54B]
2025-09-12 16:49:02 - [BENIGN] - DEBUG - Generated Telnet SYN-ACK from h5:23 <- h3:37030 [len=54B]
2025-09-12 16:49:02 - [BENIGN] - DEBUG - Generated Telnet ACK from h3:37030 -> h5:23 [len=54B]
2025-09-12 16:49:03 - [BENIGN] - DEBUG - Generated Telnet data traffic from h3:37030 -> h5:23 [content='Telnet command'] [Session 19] [len=189B]
2025-09-12 16:49:03 - [BENIGN] - DEBUG - Generated Telnet ACK reply from h5:23 <- h3:37030 [len=54B]
2025-09-12 16:49:04 - [BENIGN] - DEBUG - Generated SSH SYN from h3:3854 -> h5:22 [len=54B]
2025-09-12 16:49:05 - [BENIGN] - DEBUG - Generated SSH SYN-ACK from h5:22 <- h3:3854 [len=54B]
2025-09-12 16:49:05 - [BENIGN] - DEBUG - Generated SSH ACK from h3:3854 -> h5:22 [len=54B]
2025-09-12 16:49:06 - [BENIGN] - DEBUG - Generated SSH data traffic from h3:3854 -> h5:22 [content='SSH encrypted data'] [Session 20] [len=931B]
2025-09-12 16:49:07 - [BENIGN] - DEBUG - Generated SSH ACK reply from h5:22 <- h3:3854 [len=54B]
2025-09-12 16:49:07 - [BENIGN] - DEBUG - Generated FTP SYN from h3:30849 -> h5:21 [len=54B]
2025-09-12 16:49:08 - [BENIGN] - DEBUG - Generated FTP SYN-ACK from h5:21 <- h3:30849 [len=54B]
2025-09-12 16:49:08 - [BENIGN] - DEBUG - Generated FTP ACK from h3:30849 -> h5:21 [len=54B]
2025-09-12 16:49:09 - [BENIGN] - DEBUG - Generated FTP data traffic from h3:30849 -> h5:21 [content='FTP file transfer'] [Session 21] [len=1526B]
2025-09-12 16:49:10 - [BENIGN] - DEBUG - Generated FTP ACK reply from h5:21 <- h3:30849 [len=54B]
2025-09-12 16:49:10 - [BENIGN] - DEBUG - Generated HTTP SYN from h3:57308 -> h5:80 [len=54B]
2025-09-12 16:49:11 - [BENIGN] - DEBUG - Generated HTTP SYN-ACK from h5:80 <- h3:57308 [len=54B]
2025-09-12 16:49:12 - [BENIGN] - DEBUG - Generated HTTP ACK from h3:57308 -> h5:80 [len=54B]
2025-09-12 16:49:12 - [BENIGN] - DEBUG - Generated HTTP data traffic from h3:57308 -> h5:80 [content='GET /index.html HTTP/1.1'] [Session 22] [len=441B]
2025-09-12 16:49:13 - [BENIGN] - DEBUG - Generated HTTP ACK reply from h5:80 <- h3:57308 [len=54B]
2025-09-12 16:49:14 - [BENIGN] - DEBUG - Generated HTTPS SYN from h3:19620 -> h5:443 [len=54B]
2025-09-12 16:49:14 - [BENIGN] - DEBUG - Generated HTTPS SYN-ACK from h5:443 <- h3:19620 [len=54B]
2025-09-12 16:49:15 - [BENIGN] - DEBUG - Generated HTTPS ACK from h3:19620 -> h5:443 [len=54B]
2025-09-12 16:49:15 - [BENIGN] - DEBUG - Generated HTTPS data traffic from h3:19620 -> h5:443 [content='Encrypted Application Data'] [Session 23] [len=565B]
2025-09-12 16:49:16 - [BENIGN] - DEBUG - Generated HTTPS ACK reply from h5:443 <- h3:19620 [len=54B]
2025-09-12 16:49:17 - [BENIGN] - DEBUG - Generated DNS query from h3:62852 -> h5:53 [qname='example.com'] [Session 24] [len=71B]
2025-09-12 16:49:17 - [BENIGN] - DEBUG - Generated ICMP traffic h2↔h5 3 [len=84B]
2025-09-12 16:49:17 - [BENIGN] - DEBUG - Generated TCP SYN from h3:59694 -> h5:12345 [len=54B]
2025-09-12 16:49:18 - [BENIGN] - DEBUG - Generated TCP SYN-ACK from h5:12345 <- h3:59694 [len=54B]
2025-09-12 16:49:19 - [BENIGN] - DEBUG - Generated TCP ACK from h3:59694 -> h5:12345 [len=54B]
2025-09-12 16:49:19 - [BENIGN] - DEBUG - Generated TCP data traffic from h3:59694 -> h5:12345 [content='TCP data'] [Session 25] [len=1248B]
2025-09-12 16:49:20 - [BENIGN] - DEBUG - Generated TCP ACK reply from h5:12345 <- h3:59694 [len=54B]
2025-09-12 16:49:21 - [BENIGN] - DEBUG - Generated UDP traffic from h3:41110 -> h5:12346 [content='00b87a8b77afb95403bfdf047fbf41ef374c47be...'] [Session 26] [len=1167B]
2025-09-12 16:49:21 - [BENIGN] - DEBUG - Generated Telnet SYN from h3:5422 -> h5:23 [len=54B]
2025-09-12 16:49:22 - [BENIGN] - DEBUG - Generated Telnet SYN-ACK from h5:23 <- h3:5422 [len=54B]
2025-09-12 16:49:22 - [BENIGN] - DEBUG - Generated Telnet ACK from h3:5422 -> h5:23 [len=54B]
2025-09-12 16:49:23 - [BENIGN] - DEBUG - Generated Telnet data traffic from h3:5422 -> h5:23 [content='Telnet command'] [Session 27] [len=116B]
2025-09-12 16:49:24 - [BENIGN] - DEBUG - Generated Telnet ACK reply from h5:23 <- h3:5422 [len=54B]
2025-09-12 16:49:24 - [BENIGN] - DEBUG - Generated SSH SYN from h3:57341 -> h5:22 [len=54B]
2025-09-12 16:49:25 - [BENIGN] - DEBUG - Generated SSH SYN-ACK from h5:22 <- h3:57341 [len=54B]
2025-09-12 16:49:26 - [BENIGN] - DEBUG - Generated SSH ACK from h3:57341 -> h5:22 [len=54B]
2025-09-12 16:49:26 - [BENIGN] - DEBUG - Generated SSH data traffic from h3:57341 -> h5:22 [content='SSH encrypted data'] [Session 28] [len=719B]
2025-09-12 16:49:27 - [BENIGN] - DEBUG - Generated SSH ACK reply from h5:22 <- h3:57341 [len=54B]
2025-09-12 16:49:27 - [BENIGN] - DEBUG - Generated FTP SYN from h3:43006 -> h5:21 [len=54B]
2025-09-12 16:49:28 - [BENIGN] - DEBUG - Generated FTP SYN-ACK from h5:21 <- h3:43006 [len=54B]
2025-09-12 16:49:29 - [BENIGN] - DEBUG - Generated FTP ACK from h3:43006 -> h5:21 [len=54B]
2025-09-12 16:49:29 - [BENIGN] - DEBUG - Generated FTP data traffic from h3:43006 -> h5:21 [content='FTP file transfer'] [Session 29] [len=289B]
2025-09-12 16:49:30 - [BENIGN] - DEBUG - Generated FTP ACK reply from h5:21 <- h3:43006 [len=54B]
2025-09-12 16:49:31 - [BENIGN] - DEBUG - Generated HTTP SYN from h3:23357 -> h5:80 [len=54B]
2025-09-12 16:49:31 - [BENIGN] - DEBUG - Generated HTTP SYN-ACK from h5:80 <- h3:23357 [len=54B]
2025-09-12 16:49:32 - [BENIGN] - DEBUG - Generated HTTP ACK from h3:23357 -> h5:80 [len=54B]
2025-09-12 16:49:32 - [BENIGN] - DEBUG - Generated HTTP data traffic from h3:23357 -> h5:80 [content='GET /index.html HTTP/1.1'] [Session 30] [len=552B]
2025-09-12 16:49:33 - [BENIGN] - DEBUG - Generated HTTP ACK reply from h5:80 <- h3:23357 [len=54B]
2025-09-12 16:49:34 - [BENIGN] - DEBUG - Generated HTTPS SYN from h3:11907 -> h5:443 [len=54B]
2025-09-12 16:49:34 - [BENIGN] - DEBUG - Generated HTTPS SYN-ACK from h5:443 <- h3:11907 [len=54B]
2025-09-12 16:49:35 - [BENIGN] - DEBUG - Generated HTTPS ACK from h3:11907 -> h5:443 [len=54B]
2025-09-12 16:49:36 - [BENIGN] - DEBUG - Generated HTTPS data traffic from h3:11907 -> h5:443 [content='Encrypted Application Data'] [Session 31] [len=359B]
2025-09-12 16:49:36 - [BENIGN] - DEBUG - Generated HTTPS ACK reply from h5:443 <- h3:11907 [len=54B]
2025-09-12 16:49:37 - [BENIGN] - DEBUG - Generated DNS query from h3:37789 -> h5:53 [qname='example.com'] [Session 32] [len=71B]
2025-09-12 16:49:37 - [BENIGN] - DEBUG - Generated ICMP traffic h2↔h5 4 [len=84B]
2025-09-12 16:49:37 - [BENIGN] - DEBUG - Generated TCP SYN from h3:65203 -> h5:12345 [len=54B]
2025-09-12 16:49:38 - [BENIGN] - DEBUG - Generated TCP SYN-ACK from h5:12345 <- h3:65203 [len=54B]
2025-09-12 16:49:39 - [BENIGN] - DEBUG - Generated TCP ACK from h3:65203 -> h5:12345 [len=54B]
2025-09-12 16:49:39 - [BENIGN] - DEBUG - Generated TCP data traffic from h3:65203 -> h5:12345 [content='TCP data'] [Session 33] [len=639B]
2025-09-12 16:49:40 - [BENIGN] - DEBUG - Generated TCP ACK reply from h5:12345 <- h3:65203 [len=54B]
2025-09-12 16:49:41 - [BENIGN] - DEBUG - Generated UDP traffic from h3:9740 -> h5:12346 [content='07bbf60ce70c2bf5c33fa2c189ea15004290ff2e...'] [Session 34] [len=472B]
2025-09-12 16:49:41 - [BENIGN] - DEBUG - Generated Telnet SYN from h3:27616 -> h5:23 [len=54B]
2025-09-12 16:49:42 - [BENIGN] - DEBUG - Generated Telnet SYN-ACK from h5:23 <- h3:27616 [len=54B]
2025-09-12 16:49:42 - [BENIGN] - DEBUG - Generated Telnet ACK from h3:27616 -> h5:23 [len=54B]
2025-09-12 16:49:43 - [BENIGN] - DEBUG - Generated Telnet data traffic from h3:27616 -> h5:23 [content='Telnet command'] [Session 35] [len=1022B]
2025-09-12 16:49:44 - [BENIGN] - DEBUG - Generated Telnet ACK reply from h5:23 <- h3:27616 [len=54B]
2025-09-12 16:49:44 - [BENIGN] - DEBUG - Generated SSH SYN from h3:35684 -> h5:22 [len=54B]
2025-09-12 16:49:45 - [BENIGN] - DEBUG - Generated SSH SYN-ACK from h5:22 <- h3:35684 [len=54B]
2025-09-12 16:49:46 - [BENIGN] - DEBUG - Generated SSH ACK from h3:35684 -> h5:22 [len=54B]
2025-09-12 16:49:46 - [BENIGN] - DEBUG - Generated SSH data traffic from h3:35684 -> h5:22 [content='SSH encrypted data'] [Session 36] [len=620B]
2025-09-12 16:49:47 - [BENIGN] - DEBUG - Generated SSH ACK reply from h5:22 <- h3:35684 [len=54B]
2025-09-12 16:49:47 - [BENIGN] - DEBUG - Generated FTP SYN from h3:10603 -> h5:21 [len=54B]
2025-09-12 16:49:48 - [BENIGN] - DEBUG - Generated FTP SYN-ACK from h5:21 <- h3:10603 [len=54B]
2025-09-12 16:49:49 - [BENIGN] - DEBUG - Generated FTP ACK from h3:10603 -> h5:21 [len=54B]
2025-09-12 16:49:49 - [BENIGN] - DEBUG - Generated FTP data traffic from h3:10603 -> h5:21 [content='FTP file transfer'] [Session 37] [len=1273B]
2025-09-12 16:49:50 - [BENIGN] - DEBUG - Generated FTP ACK reply from h5:21 <- h3:10603 [len=54B]
2025-09-12 16:49:51 - [BENIGN] - DEBUG - Generated HTTP SYN from h3:50332 -> h5:80 [len=54B]
2025-09-12 16:49:51 - [BENIGN] - DEBUG - Generated HTTP SYN-ACK from h5:80 <- h3:50332 [len=54B]
2025-09-12 16:49:52 - [BENIGN] - DEBUG - Generated HTTP ACK from h3:50332 -> h5:80 [len=54B]
2025-09-12 16:49:53 - [BENIGN] - DEBUG - Generated HTTP data traffic from h3:50332 -> h5:80 [content='GET /index.html HTTP/1.1'] [Session 38] [len=381B]
2025-09-12 16:49:53 - [BENIGN] - DEBUG - Generated HTTP ACK reply from h5:80 <- h3:50332 [len=54B]
2025-09-12 16:49:54 - [BENIGN] - DEBUG - Generated HTTPS SYN from h3:1108 -> h5:443 [len=54B]
2025-09-12 16:49:54 - [BENIGN] - DEBUG - Generated HTTPS SYN-ACK from h5:443 <- h3:1108 [len=54B]
2025-09-12 16:49:55 - [BENIGN] - DEBUG - Generated HTTPS ACK from h3:1108 -> h5:443 [len=54B]
2025-09-12 16:49:56 - [BENIGN] - DEBUG - Generated HTTPS data traffic from h3:1108 -> h5:443 [content='Encrypted Application Data'] [Session 39] [len=574B]
2025-09-12 16:49:56 - [BENIGN] - DEBUG - Generated HTTPS ACK reply from h5:443 <- h3:1108 [len=54B]
2025-09-12 16:49:57 - [BENIGN] - DEBUG - Generated DNS query from h3:30872 -> h5:53 [qname='example.com'] [Session 40] [len=71B]
2025-09-12 16:49:57 - [BENIGN] - DEBUG - Generated ICMP traffic h2↔h5 5 [len=84B]
2025-09-12 16:49:58 - [BENIGN] - DEBUG - Generated TCP SYN from h3:33232 -> h5:12345 [len=54B]
2025-09-12 16:49:58 - [BENIGN] - DEBUG - Generated TCP SYN-ACK from h5:12345 <- h3:33232 [len=54B]
2025-09-12 16:49:59 - [BENIGN] - DEBUG - Generated TCP ACK from h3:33232 -> h5:12345 [len=54B]
2025-09-12 16:50:00 - [BENIGN] - DEBUG - Generated TCP data traffic from h3:33232 -> h5:12345 [content='TCP data'] [Session 41] [len=726B]
2025-09-12 16:50:00 - [BENIGN] - DEBUG - Generated TCP ACK reply from h5:12345 <- h3:33232 [len=54B]
2025-09-12 16:50:01 - [BENIGN] - DEBUG - Generated UDP traffic from h3:5256 -> h5:12346 [content='3b62f3eb5c3ccd850881085e5b96a1a3d546b80f...'] [Session 42] [len=1508B]
2025-09-12 16:50:01 - [BENIGN] - DEBUG - Generated Telnet SYN from h3:13529 -> h5:23 [len=54B]
2025-09-12 16:50:02 - [BENIGN] - DEBUG - Generated Telnet SYN-ACK from h5:23 <- h3:13529 [len=54B]
2025-09-12 16:50:03 - [BENIGN] - DEBUG - Generated Telnet ACK from h3:13529 -> h5:23 [len=54B]
2025-09-12 16:50:03 - [BENIGN] - DEBUG - Generated Telnet data traffic from h3:13529 -> h5:23 [content='Telnet command'] [Session 43] [len=338B]
2025-09-12 16:50:04 - [BENIGN] - DEBUG - Generated Telnet ACK reply from h5:23 <- h3:13529 [len=54B]
2025-09-12 16:50:05 - [BENIGN] - DEBUG - Generated SSH SYN from h3:56400 -> h5:22 [len=54B]
2025-09-12 16:50:05 - [BENIGN] - DEBUG - Generated SSH SYN-ACK from h5:22 <- h3:56400 [len=54B]
2025-09-12 16:50:06 - [BENIGN] - DEBUG - Generated SSH ACK from h3:56400 -> h5:22 [len=54B]
2025-09-12 16:50:07 - [BENIGN] - DEBUG - Generated SSH data traffic from h3:56400 -> h5:22 [content='SSH encrypted data'] [Session 44] [len=124B]
2025-09-12 16:50:07 - [BENIGN] - DEBUG - Generated SSH ACK reply from h5:22 <- h3:56400 [len=54B]
2025-09-12 16:50:08 - [BENIGN] - DEBUG - Generated FTP SYN from h3:40290 -> h5:21 [len=54B]
2025-09-12 16:50:09 - [BENIGN] - DEBUG - Generated FTP SYN-ACK from h5:21 <- h3:40290 [len=54B]
2025-09-12 16:50:09 - [BENIGN] - DEBUG - Generated FTP ACK from h3:40290 -> h5:21 [len=54B]
2025-09-12 16:50:10 - [BENIGN] - DEBUG - Generated FTP data traffic from h3:40290 -> h5:21 [content='FTP file transfer'] [Session 45] [len=1075B]
2025-09-12 16:50:11 - [BENIGN] - DEBUG - Generated FTP ACK reply from h5:21 <- h3:40290 [len=54B]
2025-09-12 16:50:11 - [BENIGN] - DEBUG - Generated HTTP SYN from h3:43608 -> h5:80 [len=54B]
2025-09-12 16:50:12 - [BENIGN] - DEBUG - Generated HTTP SYN-ACK from h5:80 <- h3:43608 [len=54B]
2025-09-12 16:50:12 - [BENIGN] - DEBUG - Generated HTTP ACK from h3:43608 -> h5:80 [len=54B]
2025-09-12 16:50:13 - [BENIGN] - DEBUG - Generated HTTP data traffic from h3:43608 -> h5:80 [content='GET /index.html HTTP/1.1'] [Session 46] [len=568B]
2025-09-12 16:50:14 - [BENIGN] - DEBUG - Generated HTTP ACK reply from h5:80 <- h3:43608 [len=54B]
2025-09-12 16:50:14 - [BENIGN] - DEBUG - Generated HTTPS SYN from h3:24903 -> h5:443 [len=54B]
2025-09-12 16:50:15 - [BENIGN] - DEBUG - Generated HTTPS SYN-ACK from h5:443 <- h3:24903 [len=54B]
2025-09-12 16:50:16 - [BENIGN] - DEBUG - Generated HTTPS ACK from h3:24903 -> h5:443 [len=54B]
2025-09-12 16:50:16 - [BENIGN] - DEBUG - Generated HTTPS data traffic from h3:24903 -> h5:443 [content='Encrypted Application Data'] [Session 47] [len=352B]
2025-09-12 16:50:17 - [BENIGN] - DEBUG - Generated HTTPS ACK reply from h5:443 <- h3:24903 [len=54B]
2025-09-12 16:50:18 - [BENIGN] - DEBUG - Generated DNS query from h3:49414 -> h5:53 [qname='example.com'] [Session 48] [len=71B]
2025-09-12 16:50:18 - [BENIGN] - DEBUG - Generated ICMP traffic h2↔h5 6 [len=84B]
2025-09-12 16:50:18 - [BENIGN] - DEBUG - Generated TCP SYN from h3:35496 -> h5:12345 [len=54B]
2025-09-12 16:50:19 - [BENIGN] - DEBUG - Generated TCP SYN-ACK from h5:12345 <- h3:35496 [len=54B]
2025-09-12 16:50:20 - [BENIGN] - DEBUG - Generated TCP ACK from h3:35496 -> h5:12345 [len=54B]
2025-09-12 16:50:20 - [BENIGN] - DEBUG - Generated TCP data traffic from h3:35496 -> h5:12345 [content='TCP data'] [Session 49] [len=1348B]
2025-09-12 16:50:21 - [BENIGN] - DEBUG - Generated TCP ACK reply from h5:12345 <- h3:35496 [len=54B]
2025-09-12 16:50:22 - [BENIGN] - DEBUG - Generated UDP traffic from h3:8883 -> h5:12346 [content='ed1a5ceff1bd40c7243d3acc8331fe434bfea9a7...'] [Session 50] [len=1439B]
2025-09-12 16:50:22 - [BENIGN] - DEBUG - Generated Telnet SYN from h3:29355 -> h5:23 [len=54B]
2025-09-12 16:50:23 - [BENIGN] - DEBUG - Generated Telnet SYN-ACK from h5:23 <- h3:29355 [len=54B]
2025-09-12 16:50:24 - [BENIGN] - DEBUG - Generated Telnet ACK from h3:29355 -> h5:23 [len=54B]
2025-09-12 16:50:24 - [BENIGN] - DEBUG - Generated Telnet data traffic from h3:29355 -> h5:23 [content='Telnet command'] [Session 51] [len=1303B]
2025-09-12 16:50:25 - [BENIGN] - DEBUG - Generated Telnet ACK reply from h5:23 <- h3:29355 [len=54B]
2025-09-12 16:50:25 - [BENIGN] - DEBUG - Generated SSH SYN from h3:59387 -> h5:22 [len=54B]
2025-09-12 16:50:26 - [BENIGN] - DEBUG - Generated SSH SYN-ACK from h5:22 <- h3:59387 [len=54B]
2025-09-12 16:50:27 - [BENIGN] - DEBUG - Generated SSH ACK from h3:59387 -> h5:22 [len=54B]
2025-09-12 16:50:27 - [BENIGN] - DEBUG - Generated SSH data traffic from h3:59387 -> h5:22 [content='SSH encrypted data'] [Session 52] [len=151B]
2025-09-12 16:50:28 - [BENIGN] - DEBUG - Generated SSH ACK reply from h5:22 <- h3:59387 [len=54B]
2025-09-12 16:50:29 - [BENIGN] - DEBUG - Generated FTP SYN from h3:43540 -> h5:21 [len=54B]
2025-09-12 16:50:29 - [BENIGN] - DEBUG - Generated FTP SYN-ACK from h5:21 <- h3:43540 [len=54B]
2025-09-12 16:50:30 - [BENIGN] - DEBUG - Generated FTP ACK from h3:43540 -> h5:21 [len=54B]
2025-09-12 16:50:31 - [BENIGN] - DEBUG - Generated FTP data traffic from h3:43540 -> h5:21 [content='FTP file transfer'] [Session 53] [len=1093B]
2025-09-12 16:50:31 - [BENIGN] - DEBUG - Generated FTP ACK reply from h5:21 <- h3:43540 [len=54B]
2025-09-12 16:50:32 - [BENIGN] - DEBUG - Generated HTTP SYN from h3:36760 -> h5:80 [len=54B]
2025-09-12 16:50:33 - [BENIGN] - DEBUG - Generated HTTP SYN-ACK from h5:80 <- h3:36760 [len=54B]
2025-09-12 16:50:33 - [BENIGN] - DEBUG - Generated HTTP ACK from h3:36760 -> h5:80 [len=54B]
2025-09-12 16:50:34 - [BENIGN] - DEBUG - Generated HTTP data traffic from h3:36760 -> h5:80 [content='GET /index.html HTTP/1.1'] [Session 54] [len=407B]
2025-09-12 16:50:34 - [BENIGN] - DEBUG - Generated HTTP ACK reply from h5:80 <- h3:36760 [len=54B]
2025-09-12 16:50:35 - [BENIGN] - DEBUG - Generated HTTPS SYN from h3:20712 -> h5:443 [len=54B]
2025-09-12 16:50:36 - [BENIGN] - DEBUG - Generated HTTPS SYN-ACK from h5:443 <- h3:20712 [len=54B]
2025-09-12 16:50:36 - [BENIGN] - DEBUG - Generated HTTPS ACK from h3:20712 -> h5:443 [len=54B]
2025-09-12 16:50:37 - [BENIGN] - DEBUG - Generated HTTPS data traffic from h3:20712 -> h5:443 [content='Encrypted Application Data'] [Session 55] [len=452B]
2025-09-12 16:50:38 - [BENIGN] - DEBUG - Generated HTTPS ACK reply from h5:443 <- h3:20712 [len=54B]
2025-09-12 16:50:38 - [BENIGN] - DEBUG - Generated DNS query from h3:46438 -> h5:53 [qname='example.com'] [Session 56] [len=71B]
2025-09-12 16:50:38 - [BENIGN] - DEBUG - Generated ICMP traffic h2↔h5 7 [len=84B]
2025-09-12 16:50:39 - [BENIGN] - DEBUG - Generated TCP SYN from h3:2021 -> h5:12345 [len=54B]
2025-09-12 16:50:40 - [BENIGN] - DEBUG - Generated TCP SYN-ACK from h5:12345 <- h3:2021 [len=54B]
2025-09-12 16:50:40 - [BENIGN] - DEBUG - Generated TCP ACK from h3:2021 -> h5:12345 [len=54B]
2025-09-12 16:50:41 - [BENIGN] - DEBUG - Generated TCP data traffic from h3:2021 -> h5:12345 [content='TCP data'] [Session 57] [len=581B]
2025-09-12 16:50:42 - [BENIGN] - DEBUG - Generated TCP ACK reply from h5:12345 <- h3:2021 [len=54B]
2025-09-12 16:50:42 - [BENIGN] - DEBUG - Generated UDP traffic from h3:65325 -> h5:12346 [content='de4f48e6db7c55a1a6fbcf5a70c0382c970acd3b...'] [Session 58] [len=481B]
2025-09-12 16:50:43 - [BENIGN] - DEBUG - Generated Telnet SYN from h3:26681 -> h5:23 [len=54B]
2025-09-12 16:50:44 - [BENIGN] - DEBUG - Generated Telnet SYN-ACK from h5:23 <- h3:26681 [len=54B]
2025-09-12 16:50:44 - [BENIGN] - DEBUG - Generated Telnet ACK from h3:26681 -> h5:23 [len=54B]
2025-09-12 16:50:45 - [BENIGN] - DEBUG - Generated Telnet data traffic from h3:26681 -> h5:23 [content='Telnet command'] [Session 59] [len=684B]
2025-09-12 16:50:46 - [BENIGN] - DEBUG - Generated Telnet ACK reply from h5:23 <- h3:26681 [len=54B]
2025-09-12 16:50:46 - [BENIGN] - DEBUG - Generated SSH SYN from h3:35547 -> h5:22 [len=54B]
2025-09-12 16:50:47 - [BENIGN] - DEBUG - Generated SSH SYN-ACK from h5:22 <- h3:35547 [len=54B]
2025-09-12 16:50:48 - [BENIGN] - DEBUG - Generated SSH ACK from h3:35547 -> h5:22 [len=54B]
2025-09-12 16:50:48 - [BENIGN] - DEBUG - Generated SSH data traffic from h3:35547 -> h5:22 [content='SSH encrypted data'] [Session 60] [len=1465B]
2025-09-12 16:50:49 - [BENIGN] - DEBUG - Generated SSH ACK reply from h5:22 <- h3:35547 [len=54B]
2025-09-12 16:50:49 - [BENIGN] - DEBUG - Generated FTP SYN from h3:48018 -> h5:21 [len=54B]
2025-09-12 16:50:50 - [BENIGN] - DEBUG - Generated FTP SYN-ACK from h5:21 <- h3:48018 [len=54B]
2025-09-12 16:50:51 - [BENIGN] - DEBUG - Generated FTP ACK from h3:48018 -> h5:21 [len=54B]
2025-09-12 16:50:51 - [BENIGN] - DEBUG - Generated FTP data traffic from h3:48018 -> h5:21 [content='FTP file transfer'] [Session 61] [len=835B]
2025-09-12 16:50:52 - [BENIGN] - DEBUG - Generated FTP ACK reply from h5:21 <- h3:48018 [len=54B]
2025-09-12 16:50:53 - [BENIGN] - DEBUG - Generated HTTP SYN from h3:3910 -> h5:80 [len=54B]
2025-09-12 16:50:53 - [BENIGN] - DEBUG - Generated HTTP SYN-ACK from h5:80 <- h3:3910 [len=54B]
2025-09-12 16:50:54 - [BENIGN] - DEBUG - Generated HTTP ACK from h3:3910 -> h5:80 [len=54B]
2025-09-12 16:50:55 - [BENIGN] - DEBUG - Generated HTTP data traffic from h3:3910 -> h5:80 [content='GET /index.html HTTP/1.1'] [Session 62] [len=521B]
2025-09-12 16:50:55 - [BENIGN] - DEBUG - Generated HTTP ACK reply from h5:80 <- h3:3910 [len=54B]
2025-09-12 16:50:56 - [BENIGN] - DEBUG - Generated HTTPS SYN from h3:65319 -> h5:443 [len=54B]
2025-09-12 16:50:56 - [BENIGN] - DEBUG - Generated HTTPS SYN-ACK from h5:443 <- h3:65319 [len=54B]
2025-09-12 16:50:57 - [BENIGN] - DEBUG - Generated HTTPS ACK from h3:65319 -> h5:443 [len=54B]
2025-09-12 16:50:58 - [BENIGN] - DEBUG - Generated HTTPS data traffic from h3:65319 -> h5:443 [content='Encrypted Application Data'] [Session 63] [len=348B]
2025-09-12 16:50:58 - [BENIGN] - DEBUG - Generated HTTPS ACK reply from h5:443 <- h3:65319 [len=54B]
2025-09-12 16:50:59 - [BENIGN] - DEBUG - Generated DNS query from h3:3515 -> h5:53 [qname='example.com'] [Session 64] [len=71B]
2025-09-12 16:50:59 - [BENIGN] - DEBUG - Generated ICMP traffic h2↔h5 8 [len=84B]
2025-09-12 16:51:00 - [BENIGN] - DEBUG - Generated TCP SYN from h3:16582 -> h5:12345 [len=54B]
2025-09-12 16:51:00 - [BENIGN] - DEBUG - Generated TCP SYN-ACK from h5:12345 <- h3:16582 [len=54B]
2025-09-12 16:51:01 - [BENIGN] - DEBUG - Generated TCP ACK from h3:16582 -> h5:12345 [len=54B]
2025-09-12 16:51:02 - [BENIGN] - DEBUG - Generated TCP data traffic from h3:16582 -> h5:12345 [content='TCP data'] [Session 65] [len=1194B]
2025-09-12 16:51:02 - [BENIGN] - DEBUG - Generated TCP ACK reply from h5:12345 <- h3:16582 [len=54B]
2025-09-12 16:51:03 - [BENIGN] - DEBUG - Generated UDP traffic from h3:43140 -> h5:12346 [content='c43b6be3fd993303ddb676c0a88bd9459d96ebf1...'] [Session 66] [len=1350B]
2025-09-12 16:51:03 - [BENIGN] - DEBUG - Generated Telnet SYN from h3:30585 -> h5:23 [len=54B]
2025-09-12 16:51:04 - [BENIGN] - DEBUG - Generated Telnet SYN-ACK from h5:23 <- h3:30585 [len=54B]
2025-09-12 16:51:05 - [BENIGN] - DEBUG - Generated Telnet ACK from h3:30585 -> h5:23 [len=54B]
2025-09-12 16:51:05 - [BENIGN] - DEBUG - Generated Telnet data traffic from h3:30585 -> h5:23 [content='Telnet command'] [Session 67] [len=680B]
2025-09-12 16:51:06 - [BENIGN] - DEBUG - Generated Telnet ACK reply from h5:23 <- h3:30585 [len=54B]
2025-09-12 16:51:07 - [BENIGN] - DEBUG - Generated SSH SYN from h3:10356 -> h5:22 [len=54B]
2025-09-12 16:51:07 - [BENIGN] - DEBUG - Generated SSH SYN-ACK from h5:22 <- h3:10356 [len=54B]
2025-09-12 16:51:08 - [BENIGN] - DEBUG - Generated SSH ACK from h3:10356 -> h5:22 [len=54B]
2025-09-12 16:51:09 - [BENIGN] - DEBUG - Generated SSH data traffic from h3:10356 -> h5:22 [content='SSH encrypted data'] [Session 68] [len=505B]
2025-09-12 16:51:09 - [BENIGN] - DEBUG - Generated SSH ACK reply from h5:22 <- h3:10356 [len=54B]
2025-09-12 16:51:10 - [BENIGN] - DEBUG - Generated FTP SYN from h3:53411 -> h5:21 [len=54B]
2025-09-12 16:51:10 - [BENIGN] - DEBUG - Generated FTP SYN-ACK from h5:21 <- h3:53411 [len=54B]
2025-09-12 16:51:11 - [BENIGN] - DEBUG - Generated FTP ACK from h3:53411 -> h5:21 [len=54B]
2025-09-12 16:51:12 - [BENIGN] - DEBUG - Generated FTP data traffic from h3:53411 -> h5:21 [content='FTP file transfer'] [Session 69] [len=1255B]
2025-09-12 16:51:12 - [BENIGN] - DEBUG - Generated FTP ACK reply from h5:21 <- h3:53411 [len=54B]
2025-09-12 16:51:13 - [BENIGN] - DEBUG - Generated HTTP SYN from h3:15133 -> h5:80 [len=54B]
2025-09-12 16:51:14 - [BENIGN] - DEBUG - Generated HTTP SYN-ACK from h5:80 <- h3:15133 [len=54B]
2025-09-12 16:51:14 - [BENIGN] - DEBUG - Generated HTTP ACK from h3:15133 -> h5:80 [len=54B]
2025-09-12 16:51:15 - [BENIGN] - DEBUG - Generated HTTP data traffic from h3:15133 -> h5:80 [content='GET /index.html HTTP/1.1'] [Session 70] [len=484B]
2025-09-12 16:51:15 - [BENIGN] - DEBUG - Generated HTTP ACK reply from h5:80 <- h3:15133 [len=54B]
2025-09-12 16:51:16 - [BENIGN] - DEBUG - Generated HTTPS SYN from h3:35927 -> h5:443 [len=54B]
2025-09-12 16:51:17 - [BENIGN] - DEBUG - Generated HTTPS SYN-ACK from h5:443 <- h3:35927 [len=54B]
2025-09-12 16:51:17 - [BENIGN] - DEBUG - Generated HTTPS ACK from h3:35927 -> h5:443 [len=54B]
2025-09-12 16:51:18 - [BENIGN] - DEBUG - Generated HTTPS data traffic from h3:35927 -> h5:443 [content='Encrypted Application Data'] [Session 71] [len=343B]
2025-09-12 16:51:19 - [BENIGN] - DEBUG - Generated HTTPS ACK reply from h5:443 <- h3:35927 [len=54B]
2025-09-12 16:51:19 - [BENIGN] - DEBUG - Generated DNS query from h3:10993 -> h5:53 [qname='example.com'] [Session 72] [len=71B]
2025-09-12 16:51:19 - [BENIGN] - DEBUG - Generated ICMP traffic h2↔h5 9 [len=84B]
2025-09-12 16:51:20 - [BENIGN] - DEBUG - Generated TCP SYN from h3:24428 -> h5:12345 [len=54B]
2025-09-12 16:51:21 - [BENIGN] - DEBUG - Generated TCP SYN-ACK from h5:12345 <- h3:24428 [len=54B]
2025-09-12 16:51:21 - [BENIGN] - DEBUG - Generated TCP ACK from h3:24428 -> h5:12345 [len=54B]
2025-09-12 16:51:22 - [BENIGN] - DEBUG - Generated TCP data traffic from h3:24428 -> h5:12345 [content='TCP data'] [Session 73] [len=1286B]
2025-09-12 16:51:23 - [BENIGN] - DEBUG - Generated TCP ACK reply from h5:12345 <- h3:24428 [len=54B]
2025-09-12 16:51:23 - [BENIGN] - DEBUG - Generated UDP traffic from h3:10908 -> h5:12346 [content='da68a9a3a6e23c40ab39e019873d32b7ac4e338c...'] [Session 74] [len=1462B]
2025-09-12 16:51:24 - [BENIGN] - DEBUG - Generated Telnet SYN from h3:2066 -> h5:23 [len=54B]
2025-09-12 16:51:24 - [BENIGN] - DEBUG - Generated Telnet SYN-ACK from h5:23 <- h3:2066 [len=54B]
2025-09-12 16:51:25 - [BENIGN] - DEBUG - Generated Telnet ACK from h3:2066 -> h5:23 [len=54B]
2025-09-12 16:51:26 - [BENIGN] - DEBUG - Generated Telnet data traffic from h3:2066 -> h5:23 [content='Telnet command'] [Session 75] [len=639B]
2025-09-12 16:51:26 - [BENIGN] - DEBUG - Generated Telnet ACK reply from h5:23 <- h3:2066 [len=54B]
2025-09-12 16:51:27 - [BENIGN] - DEBUG - Generated SSH SYN from h3:42825 -> h5:22 [len=54B]
2025-09-12 16:51:28 - [BENIGN] - DEBUG - Generated SSH SYN-ACK from h5:22 <- h3:42825 [len=54B]
2025-09-12 16:51:28 - [BENIGN] - DEBUG - Generated SSH ACK from h3:42825 -> h5:22 [len=54B]
2025-09-12 16:51:29 - [BENIGN] - DEBUG - Generated SSH data traffic from h3:42825 -> h5:22 [content='SSH encrypted data'] [Session 76] [len=275B]
2025-09-12 16:51:30 - [BENIGN] - DEBUG - Generated SSH ACK reply from h5:22 <- h3:42825 [len=54B]
2025-09-12 16:51:30 - [BENIGN] - DEBUG - Generated FTP SYN from h3:26490 -> h5:21 [len=54B]
2025-09-12 16:51:31 - [BENIGN] - DEBUG - Generated FTP SYN-ACK from h5:21 <- h3:26490 [len=54B]
2025-09-12 16:51:32 - [BENIGN] - DEBUG - Generated FTP ACK from h3:26490 -> h5:21 [len=54B]
2025-09-12 16:51:32 - [BENIGN] - DEBUG - Generated FTP data traffic from h3:26490 -> h5:21 [content='FTP file transfer'] [Session 77] [len=786B]
2025-09-12 16:51:33 - [BENIGN] - DEBUG - Generated FTP ACK reply from h5:21 <- h3:26490 [len=54B]
2025-09-12 16:51:33 - [BENIGN] - DEBUG - Generated HTTP SYN from h3:13476 -> h5:80 [len=54B]
2025-09-12 16:51:34 - [BENIGN] - DEBUG - Generated HTTP SYN-ACK from h5:80 <- h3:13476 [len=54B]
2025-09-12 16:51:35 - [BENIGN] - DEBUG - Generated HTTP ACK from h3:13476 -> h5:80 [len=54B]
2025-09-12 16:51:35 - [BENIGN] - DEBUG - Generated HTTP data traffic from h3:13476 -> h5:80 [content='GET /index.html HTTP/1.1'] [Session 78] [len=382B]
2025-09-12 16:51:36 - [BENIGN] - DEBUG - Generated HTTP ACK reply from h5:80 <- h3:13476 [len=54B]
2025-09-12 16:51:37 - [BENIGN] - DEBUG - Generated HTTPS SYN from h3:32552 -> h5:443 [len=54B]
2025-09-12 16:51:37 - [BENIGN] - DEBUG - Generated HTTPS SYN-ACK from h5:443 <- h3:32552 [len=54B]
2025-09-12 16:51:38 - [BENIGN] - DEBUG - Generated HTTPS ACK from h3:32552 -> h5:443 [len=54B]
2025-09-12 16:51:38 - [BENIGN] - DEBUG - Generated HTTPS data traffic from h3:32552 -> h5:443 [content='Encrypted Application Data'] [Session 79] [len=781B]
2025-09-12 16:51:39 - [BENIGN] - DEBUG - Generated HTTPS ACK reply from h5:443 <- h3:32552 [len=54B]
2025-09-12 16:51:40 - [BENIGN] - DEBUG - Generated DNS query from h3:47437 -> h5:53 [qname='example.com'] [Session 80] [len=71B]
2025-09-12 16:51:40 - [BENIGN] - INFO - Benign traffic finished.
2025-09-12 16:51:40 - [BENIGN] - INFO - Summary: 80 protocol sessions with protocol separation:
2025-09-12 16:51:40 - [BENIGN] - INFO -   - h2↔h5: ICMP ping traffic
2025-09-12 16:51:40 - [BENIGN] - INFO -   - h3↔h5: TCP/UDP traffic [TCP, UDP, Telnet, SSH, FTP, HTTP, HTTPS, DNS]
2025-09-12 16:51:40 - [BENIGN] - INFO - Total packets sent: 340
