2025-09-12 16:53:46 - [BENIGN] - INFO - Starting benign traffic for 200 seconds...
2025-09-12 16:53:46 - [BENIGN] - INFO - Protocol separation: h2↔h5 (ICMP), h3↔h5 (TCP/UDP)
2025-09-12 16:53:46 - [BENIGN] - DEBUG - Generated ICMP traffic h2↔h5 0 [len=84B]
2025-09-12 16:53:47 - [BENIGN] - DEBUG - Generated TCP SYN from h3:6539 -> h5:12345 [len=54B]
2025-09-12 16:53:48 - [BENIGN] - DEBUG - Generated TCP SYN-ACK from h5:12345 <- h3:6539 [len=54B]
2025-09-12 16:53:48 - [BENIGN] - DEBUG - Generated TCP ACK from h3:6539 -> h5:12345 [len=54B]
2025-09-12 16:53:49 - [BENIGN] - DEBUG - Generated TCP data traffic from h3:6539 -> h5:12345 [content='TCP data'] [Session 1] [len=187B]
2025-09-12 16:53:50 - [BENIGN] - DEBUG - Generated TCP ACK reply from h5:12345 <- h3:6539 [len=54B]
2025-09-12 16:53:50 - [BENIGN] - DEBUG - Generated UDP traffic from h3:27897 -> h5:12346 [content='9dd3262fdfea690eb6d01f51df0e8050c2c70011...'] [Session 2] [len=1182B]
2025-09-12 16:53:51 - [BENIGN] - DEBUG - Generated Telnet SYN from h3:49695 -> h5:23 [len=54B]
2025-09-12 16:53:52 - [BENIGN] - DEBUG - Generated Telnet SYN-ACK from h5:23 <- h3:49695 [len=54B]
2025-09-12 16:53:52 - [BENIGN] - DEBUG - Generated Telnet ACK from h3:49695 -> h5:23 [len=54B]
2025-09-12 16:53:53 - [BENIGN] - DEBUG - Generated Telnet data traffic from h3:49695 -> h5:23 [content='Telnet command'] [Session 3] [len=548B]
2025-09-12 16:53:54 - [BENIGN] - DEBUG - Generated Telnet ACK reply from h5:23 <- h3:49695 [len=54B]
2025-09-12 16:53:54 - [BENIGN] - DEBUG - Generated SSH SYN from h3:26041 -> h5:22 [len=54B]
2025-09-12 16:53:55 - [BENIGN] - DEBUG - Generated SSH SYN-ACK from h5:22 <- h3:26041 [len=54B]
2025-09-12 16:53:56 - [BENIGN] - DEBUG - Generated SSH ACK from h3:26041 -> h5:22 [len=54B]
2025-09-12 16:53:56 - [BENIGN] - DEBUG - Generated SSH data traffic from h3:26041 -> h5:22 [content='SSH encrypted data'] [Session 4] [len=1139B]
2025-09-12 16:53:57 - [BENIGN] - DEBUG - Generated SSH ACK reply from h5:22 <- h3:26041 [len=54B]
2025-09-12 16:53:58 - [BENIGN] - DEBUG - Generated FTP SYN from h3:38436 -> h5:21 [len=54B]
2025-09-12 16:53:58 - [BENIGN] - DEBUG - Generated FTP SYN-ACK from h5:21 <- h3:38436 [len=54B]
2025-09-12 16:53:59 - [BENIGN] - DEBUG - Generated FTP ACK from h3:38436 -> h5:21 [len=54B]
2025-09-12 16:54:00 - [BENIGN] - DEBUG - Generated FTP data traffic from h3:38436 -> h5:21 [content='FTP file transfer'] [Session 5] [len=479B]
2025-09-12 16:54:00 - [BENIGN] - DEBUG - Generated FTP ACK reply from h5:21 <- h3:38436 [len=54B]
2025-09-12 16:54:01 - [BENIGN] - DEBUG - Generated HTTP SYN from h3:2516 -> h5:80 [len=54B]
2025-09-12 16:54:02 - [BENIGN] - DEBUG - Generated HTTP SYN-ACK from h5:80 <- h3:2516 [len=54B]
2025-09-12 16:54:02 - [BENIGN] - DEBUG - Generated HTTP ACK from h3:2516 -> h5:80 [len=54B]
2025-09-12 16:54:03 - [BENIGN] - DEBUG - Generated HTTP data traffic from h3:2516 -> h5:80 [content='GET /index.html HTTP/1.1'] [Session 6] [len=608B]
2025-09-12 16:54:03 - [BENIGN] - DEBUG - Generated HTTP ACK reply from h5:80 <- h3:2516 [len=54B]
2025-09-12 16:54:04 - [BENIGN] - DEBUG - Generated HTTPS SYN from h3:56049 -> h5:443 [len=54B]
2025-09-12 16:54:05 - [BENIGN] - DEBUG - Generated HTTPS SYN-ACK from h5:443 <- h3:56049 [len=54B]
2025-09-12 16:54:05 - [BENIGN] - DEBUG - Generated HTTPS ACK from h3:56049 -> h5:443 [len=54B]
2025-09-12 16:54:06 - [BENIGN] - DEBUG - Generated HTTPS data traffic from h3:56049 -> h5:443 [content='Encrypted Application Data'] [Session 7] [len=593B]
2025-09-12 16:54:07 - [BENIGN] - DEBUG - Generated HTTPS ACK reply from h5:443 <- h3:56049 [len=54B]
2025-09-12 16:54:07 - [BENIGN] - DEBUG - Generated DNS query from h3:16173 -> h5:53 [qname='example.com'] [Session 8] [len=71B]
2025-09-12 16:54:07 - [BENIGN] - DEBUG - Generated ICMP traffic h2↔h5 1 [len=84B]
2025-09-12 16:54:08 - [BENIGN] - DEBUG - Generated TCP SYN from h3:27676 -> h5:12345 [len=54B]
2025-09-12 16:54:09 - [BENIGN] - DEBUG - Generated TCP SYN-ACK from h5:12345 <- h3:27676 [len=54B]
2025-09-12 16:54:09 - [BENIGN] - DEBUG - Generated TCP ACK from h3:27676 -> h5:12345 [len=54B]
2025-09-12 16:54:10 - [BENIGN] - DEBUG - Generated TCP data traffic from h3:27676 -> h5:12345 [content='TCP data'] [Session 9] [len=484B]
2025-09-12 16:54:10 - [BENIGN] - DEBUG - Generated TCP ACK reply from h5:12345 <- h3:27676 [len=54B]
2025-09-12 16:54:11 - [BENIGN] - DEBUG - Generated UDP traffic from h3:41751 -> h5:12346 [content='e4552a1e595e34aced7107407a69972848428777...'] [Session 10] [len=1255B]
2025-09-12 16:54:12 - [BENIGN] - DEBUG - Generated Telnet SYN from h3:19759 -> h5:23 [len=54B]
2025-09-12 16:54:12 - [BENIGN] - DEBUG - Generated Telnet SYN-ACK from h5:23 <- h3:19759 [len=54B]
2025-09-12 16:54:13 - [BENIGN] - DEBUG - Generated Telnet ACK from h3:19759 -> h5:23 [len=54B]
2025-09-12 16:54:14 - [BENIGN] - DEBUG - Generated Telnet data traffic from h3:19759 -> h5:23 [content='Telnet command'] [Session 11] [len=882B]
2025-09-12 16:54:14 - [BENIGN] - DEBUG - Generated Telnet ACK reply from h5:23 <- h3:19759 [len=54B]
2025-09-12 16:54:15 - [BENIGN] - DEBUG - Generated SSH SYN from h3:63801 -> h5:22 [len=54B]
2025-09-12 16:54:15 - [BENIGN] - DEBUG - Generated SSH SYN-ACK from h5:22 <- h3:63801 [len=54B]
2025-09-12 16:54:16 - [BENIGN] - DEBUG - Generated SSH ACK from h3:63801 -> h5:22 [len=54B]
2025-09-12 16:54:17 - [BENIGN] - DEBUG - Generated SSH data traffic from h3:63801 -> h5:22 [content='SSH encrypted data'] [Session 12] [len=1518B]
2025-09-12 16:54:17 - [BENIGN] - DEBUG - Generated SSH ACK reply from h5:22 <- h3:63801 [len=54B]
2025-09-12 16:54:18 - [BENIGN] - DEBUG - Generated FTP SYN from h3:40767 -> h5:21 [len=54B]
2025-09-12 16:54:19 - [BENIGN] - DEBUG - Generated FTP SYN-ACK from h5:21 <- h3:40767 [len=54B]
2025-09-12 16:54:19 - [BENIGN] - DEBUG - Generated FTP ACK from h3:40767 -> h5:21 [len=54B]
2025-09-12 16:54:20 - [BENIGN] - DEBUG - Generated FTP data traffic from h3:40767 -> h5:21 [content='FTP file transfer'] [Session 13] [len=919B]
2025-09-12 16:54:21 - [BENIGN] - DEBUG - Generated FTP ACK reply from h5:21 <- h3:40767 [len=54B]
2025-09-12 16:54:21 - [BENIGN] - DEBUG - Generated HTTP SYN from h3:27165 -> h5:80 [len=54B]
2025-09-12 16:54:22 - [BENIGN] - DEBUG - Generated HTTP SYN-ACK from h5:80 <- h3:27165 [len=54B]
2025-09-12 16:54:23 - [BENIGN] - DEBUG - Generated HTTP ACK from h3:27165 -> h5:80 [len=54B]
2025-09-12 16:54:23 - [BENIGN] - DEBUG - Generated HTTP data traffic from h3:27165 -> h5:80 [content='GET /index.html HTTP/1.1'] [Session 14] [len=324B]
2025-09-12 16:54:24 - [BENIGN] - DEBUG - Generated HTTP ACK reply from h5:80 <- h3:27165 [len=54B]
2025-09-12 16:54:25 - [BENIGN] - DEBUG - Generated HTTPS SYN from h3:29204 -> h5:443 [len=54B]
2025-09-12 16:54:25 - [BENIGN] - DEBUG - Generated HTTPS SYN-ACK from h5:443 <- h3:29204 [len=54B]
2025-09-12 16:54:26 - [BENIGN] - DEBUG - Generated HTTPS ACK from h3:29204 -> h5:443 [len=54B]
2025-09-12 16:54:26 - [BENIGN] - DEBUG - Generated HTTPS data traffic from h3:29204 -> h5:443 [content='Encrypted Application Data'] [Session 15] [len=360B]
2025-09-12 16:54:27 - [BENIGN] - DEBUG - Generated HTTPS ACK reply from h5:443 <- h3:29204 [len=54B]
2025-09-12 16:54:28 - [BENIGN] - DEBUG - Generated DNS query from h3:14249 -> h5:53 [qname='example.com'] [Session 16] [len=71B]
2025-09-12 16:54:28 - [BENIGN] - DEBUG - Generated ICMP traffic h2↔h5 2 [len=84B]
2025-09-12 16:54:28 - [BENIGN] - DEBUG - Generated TCP SYN from h3:18465 -> h5:12345 [len=54B]
2025-09-12 16:54:29 - [BENIGN] - DEBUG - Generated TCP SYN-ACK from h5:12345 <- h3:18465 [len=54B]
2025-09-12 16:54:30 - [BENIGN] - DEBUG - Generated TCP ACK from h3:18465 -> h5:12345 [len=54B]
2025-09-12 16:54:30 - [BENIGN] - DEBUG - Generated TCP data traffic from h3:18465 -> h5:12345 [content='TCP data'] [Session 17] [len=404B]
2025-09-12 16:54:31 - [BENIGN] - DEBUG - Generated TCP ACK reply from h5:12345 <- h3:18465 [len=54B]
2025-09-12 16:54:32 - [BENIGN] - DEBUG - Generated UDP traffic from h3:50844 -> h5:12346 [content='54d4dd396818413cbdd149182c83ce98185e15aa...'] [Session 18] [len=323B]
2025-09-12 16:54:32 - [BENIGN] - DEBUG - Generated Telnet SYN from h3:13698 -> h5:23 [len=54B]
2025-09-12 16:54:33 - [BENIGN] - DEBUG - Generated Telnet SYN-ACK from h5:23 <- h3:13698 [len=54B]
2025-09-12 16:54:34 - [BENIGN] - DEBUG - Generated Telnet ACK from h3:13698 -> h5:23 [len=54B]
2025-09-12 16:54:34 - [BENIGN] - DEBUG - Generated Telnet data traffic from h3:13698 -> h5:23 [content='Telnet command'] [Session 19] [len=456B]
2025-09-12 16:54:35 - [BENIGN] - DEBUG - Generated Telnet ACK reply from h5:23 <- h3:13698 [len=54B]
2025-09-12 16:54:35 - [BENIGN] - DEBUG - Generated SSH SYN from h3:48843 -> h5:22 [len=54B]
2025-09-12 16:54:36 - [BENIGN] - DEBUG - Generated SSH SYN-ACK from h5:22 <- h3:48843 [len=54B]
2025-09-12 16:54:37 - [BENIGN] - DEBUG - Generated SSH ACK from h3:48843 -> h5:22 [len=54B]
2025-09-12 16:54:37 - [BENIGN] - DEBUG - Generated SSH data traffic from h3:48843 -> h5:22 [content='SSH encrypted data'] [Session 20] [len=1174B]
2025-09-12 16:54:38 - [BENIGN] - DEBUG - Generated SSH ACK reply from h5:22 <- h3:48843 [len=54B]
2025-09-12 16:54:39 - [BENIGN] - DEBUG - Generated FTP SYN from h3:20825 -> h5:21 [len=54B]
2025-09-12 16:54:39 - [BENIGN] - DEBUG - Generated FTP SYN-ACK from h5:21 <- h3:20825 [len=54B]
2025-09-12 16:54:40 - [BENIGN] - DEBUG - Generated FTP ACK from h3:20825 -> h5:21 [len=54B]
2025-09-12 16:54:41 - [BENIGN] - DEBUG - Generated FTP data traffic from h3:20825 -> h5:21 [content='FTP file transfer'] [Session 21] [len=997B]
2025-09-12 16:54:41 - [BENIGN] - DEBUG - Generated FTP ACK reply from h5:21 <- h3:20825 [len=54B]
2025-09-12 16:54:42 - [BENIGN] - DEBUG - Generated HTTP SYN from h3:45046 -> h5:80 [len=54B]
2025-09-12 16:54:42 - [BENIGN] - DEBUG - Generated HTTP SYN-ACK from h5:80 <- h3:45046 [len=54B]
2025-09-12 16:54:43 - [BENIGN] - DEBUG - Generated HTTP ACK from h3:45046 -> h5:80 [len=54B]
2025-09-12 16:54:44 - [BENIGN] - DEBUG - Generated HTTP data traffic from h3:45046 -> h5:80 [content='GET /index.html HTTP/1.1'] [Session 22] [len=612B]
2025-09-12 16:54:44 - [BENIGN] - DEBUG - Generated HTTP ACK reply from h5:80 <- h3:45046 [len=54B]
2025-09-12 16:54:45 - [BENIGN] - DEBUG - Generated HTTPS SYN from h3:47626 -> h5:443 [len=54B]
2025-09-12 16:54:46 - [BENIGN] - DEBUG - Generated HTTPS SYN-ACK from h5:443 <- h3:47626 [len=54B]
2025-09-12 16:54:46 - [BENIGN] - DEBUG - Generated HTTPS ACK from h3:47626 -> h5:443 [len=54B]
2025-09-12 16:54:47 - [BENIGN] - DEBUG - Generated HTTPS data traffic from h3:47626 -> h5:443 [content='Encrypted Application Data'] [Session 23] [len=803B]
2025-09-12 16:54:48 - [BENIGN] - DEBUG - Generated HTTPS ACK reply from h5:443 <- h3:47626 [len=54B]
2025-09-12 16:54:48 - [BENIGN] - DEBUG - Generated DNS query from h3:24911 -> h5:53 [qname='example.com'] [Session 24] [len=71B]
2025-09-12 16:54:48 - [BENIGN] - DEBUG - Generated ICMP traffic h2↔h5 3 [len=84B]
2025-09-12 16:54:49 - [BENIGN] - DEBUG - Generated TCP SYN from h3:8835 -> h5:12345 [len=54B]
2025-09-12 16:54:50 - [BENIGN] - DEBUG - Generated TCP SYN-ACK from h5:12345 <- h3:8835 [len=54B]
2025-09-12 16:54:50 - [BENIGN] - DEBUG - Generated TCP ACK from h3:8835 -> h5:12345 [len=54B]
2025-09-12 16:54:51 - [BENIGN] - DEBUG - Generated TCP data traffic from h3:8835 -> h5:12345 [content='TCP data'] [Session 25] [len=764B]
2025-09-12 16:54:51 - [BENIGN] - DEBUG - Generated TCP ACK reply from h5:12345 <- h3:8835 [len=54B]
2025-09-12 16:54:52 - [BENIGN] - DEBUG - Generated UDP traffic from h3:61448 -> h5:12346 [content='90080970b88b92b3e5ad5ae293a1fc171341b4bf...'] [Session 26] [len=755B]
2025-09-12 16:54:53 - [BENIGN] - DEBUG - Generated Telnet SYN from h3:2846 -> h5:23 [len=54B]
2025-09-12 16:54:53 - [BENIGN] - DEBUG - Generated Telnet SYN-ACK from h5:23 <- h3:2846 [len=54B]
2025-09-12 16:54:54 - [BENIGN] - DEBUG - Generated Telnet ACK from h3:2846 -> h5:23 [len=54B]
2025-09-12 16:54:55 - [BENIGN] - DEBUG - Generated Telnet data traffic from h3:2846 -> h5:23 [content='Telnet command'] [Session 27] [len=1414B]
2025-09-12 16:54:55 - [BENIGN] - DEBUG - Generated Telnet ACK reply from h5:23 <- h3:2846 [len=54B]
2025-09-12 16:54:56 - [BENIGN] - DEBUG - Generated SSH SYN from h3:9900 -> h5:22 [len=54B]
2025-09-12 16:54:56 - [BENIGN] - DEBUG - Generated SSH SYN-ACK from h5:22 <- h3:9900 [len=54B]
2025-09-12 16:54:57 - [BENIGN] - DEBUG - Generated SSH ACK from h3:9900 -> h5:22 [len=54B]
2025-09-12 16:54:58 - [BENIGN] - DEBUG - Generated SSH data traffic from h3:9900 -> h5:22 [content='SSH encrypted data'] [Session 28] [len=818B]
2025-09-12 16:54:58 - [BENIGN] - DEBUG - Generated SSH ACK reply from h5:22 <- h3:9900 [len=54B]
2025-09-12 16:54:59 - [BENIGN] - DEBUG - Generated FTP SYN from h3:12764 -> h5:21 [len=54B]
2025-09-12 16:55:00 - [BENIGN] - DEBUG - Generated FTP SYN-ACK from h5:21 <- h3:12764 [len=54B]
2025-09-12 16:55:00 - [BENIGN] - DEBUG - Generated FTP ACK from h3:12764 -> h5:21 [len=54B]
2025-09-12 16:55:01 - [BENIGN] - DEBUG - Generated FTP data traffic from h3:12764 -> h5:21 [content='FTP file transfer'] [Session 29] [len=773B]
2025-09-12 16:55:01 - [BENIGN] - DEBUG - Generated FTP ACK reply from h5:21 <- h3:12764 [len=54B]
2025-09-12 16:55:02 - [BENIGN] - DEBUG - Generated HTTP SYN from h3:33256 -> h5:80 [len=54B]
2025-09-12 16:55:03 - [BENIGN] - DEBUG - Generated HTTP SYN-ACK from h5:80 <- h3:33256 [len=54B]
2025-09-12 16:55:03 - [BENIGN] - DEBUG - Generated HTTP ACK from h3:33256 -> h5:80 [len=54B]
2025-09-12 16:55:04 - [BENIGN] - DEBUG - Generated HTTP data traffic from h3:33256 -> h5:80 [content='GET /index.html HTTP/1.1'] [Session 30] [len=554B]
2025-09-12 16:55:05 - [BENIGN] - DEBUG - Generated HTTP ACK reply from h5:80 <- h3:33256 [len=54B]
2025-09-12 16:55:05 - [BENIGN] - DEBUG - Generated HTTPS SYN from h3:6418 -> h5:443 [len=54B]
2025-09-12 16:55:06 - [BENIGN] - DEBUG - Generated HTTPS SYN-ACK from h5:443 <- h3:6418 [len=54B]
2025-09-12 16:55:06 - [BENIGN] - DEBUG - Generated HTTPS ACK from h3:6418 -> h5:443 [len=54B]
2025-09-12 16:55:07 - [BENIGN] - DEBUG - Generated HTTPS data traffic from h3:6418 -> h5:443 [content='Encrypted Application Data'] [Session 31] [len=345B]
2025-09-12 16:55:08 - [BENIGN] - DEBUG - Generated HTTPS ACK reply from h5:443 <- h3:6418 [len=54B]
2025-09-12 16:55:08 - [BENIGN] - DEBUG - Generated DNS query from h3:59068 -> h5:53 [qname='example.com'] [Session 32] [len=71B]
2025-09-12 16:55:08 - [BENIGN] - DEBUG - Generated ICMP traffic h2↔h5 4 [len=84B]
2025-09-12 16:55:09 - [BENIGN] - DEBUG - Generated TCP SYN from h3:12794 -> h5:12345 [len=54B]
2025-09-12 16:55:10 - [BENIGN] - DEBUG - Generated TCP SYN-ACK from h5:12345 <- h3:12794 [len=54B]
2025-09-12 16:55:10 - [BENIGN] - DEBUG - Generated TCP ACK from h3:12794 -> h5:12345 [len=54B]
2025-09-12 16:55:11 - [BENIGN] - DEBUG - Generated TCP data traffic from h3:12794 -> h5:12345 [content='TCP data'] [Session 33] [len=1245B]
2025-09-12 16:55:12 - [BENIGN] - DEBUG - Generated TCP ACK reply from h5:12345 <- h3:12794 [len=54B]
2025-09-12 16:55:12 - [BENIGN] - DEBUG - Generated UDP traffic from h3:53096 -> h5:12346 [content='55420ebeafd1baa3b2563e67364acb184fa8ab4b...'] [Session 34] [len=863B]
2025-09-12 16:55:13 - [BENIGN] - DEBUG - Generated Telnet SYN from h3:50548 -> h5:23 [len=54B]
2025-09-12 16:55:13 - [BENIGN] - DEBUG - Generated Telnet SYN-ACK from h5:23 <- h3:50548 [len=54B]
2025-09-12 16:55:14 - [BENIGN] - DEBUG - Generated Telnet ACK from h3:50548 -> h5:23 [len=54B]
2025-09-12 16:55:15 - [BENIGN] - DEBUG - Generated Telnet data traffic from h3:50548 -> h5:23 [content='Telnet command'] [Session 35] [len=1376B]
2025-09-12 16:55:15 - [BENIGN] - DEBUG - Generated Telnet ACK reply from h5:23 <- h3:50548 [len=54B]
2025-09-12 16:55:16 - [BENIGN] - DEBUG - Generated SSH SYN from h3:48619 -> h5:22 [len=54B]
2025-09-12 16:55:17 - [BENIGN] - DEBUG - Generated SSH SYN-ACK from h5:22 <- h3:48619 [len=54B]
2025-09-12 16:55:17 - [BENIGN] - DEBUG - Generated SSH ACK from h3:48619 -> h5:22 [len=54B]
2025-09-12 16:55:18 - [BENIGN] - DEBUG - Generated SSH data traffic from h3:48619 -> h5:22 [content='SSH encrypted data'] [Session 36] [len=660B]
2025-09-12 16:55:18 - [BENIGN] - DEBUG - Generated SSH ACK reply from h5:22 <- h3:48619 [len=54B]
2025-09-12 16:55:19 - [BENIGN] - DEBUG - Generated FTP SYN from h3:26867 -> h5:21 [len=54B]
2025-09-12 16:55:20 - [BENIGN] - DEBUG - Generated FTP SYN-ACK from h5:21 <- h3:26867 [len=54B]
2025-09-12 16:55:20 - [BENIGN] - DEBUG - Generated FTP ACK from h3:26867 -> h5:21 [len=54B]
2025-09-12 16:55:21 - [BENIGN] - DEBUG - Generated FTP data traffic from h3:26867 -> h5:21 [content='FTP file transfer'] [Session 37] [len=1085B]
2025-09-12 16:55:22 - [BENIGN] - DEBUG - Generated FTP ACK reply from h5:21 <- h3:26867 [len=54B]
2025-09-12 16:55:22 - [BENIGN] - DEBUG - Generated HTTP SYN from h3:39878 -> h5:80 [len=54B]
2025-09-12 16:55:23 - [BENIGN] - DEBUG - Generated HTTP SYN-ACK from h5:80 <- h3:39878 [len=54B]
2025-09-12 16:55:23 - [BENIGN] - DEBUG - Generated HTTP ACK from h3:39878 -> h5:80 [len=54B]
2025-09-12 16:55:24 - [BENIGN] - DEBUG - Generated HTTP data traffic from h3:39878 -> h5:80 [content='GET /index.html HTTP/1.1'] [Session 38] [len=508B]
2025-09-12 16:55:25 - [BENIGN] - DEBUG - Generated HTTP ACK reply from h5:80 <- h3:39878 [len=54B]
2025-09-12 16:55:25 - [BENIGN] - DEBUG - Generated HTTPS SYN from h3:4296 -> h5:443 [len=54B]
2025-09-12 16:55:26 - [BENIGN] - DEBUG - Generated HTTPS SYN-ACK from h5:443 <- h3:4296 [len=54B]
2025-09-12 16:55:27 - [BENIGN] - DEBUG - Generated HTTPS ACK from h3:4296 -> h5:443 [len=54B]
2025-09-12 16:55:27 - [BENIGN] - DEBUG - Generated HTTPS data traffic from h3:4296 -> h5:443 [content='Encrypted Application Data'] [Session 39] [len=696B]
2025-09-12 16:55:28 - [BENIGN] - DEBUG - Generated HTTPS ACK reply from h5:443 <- h3:4296 [len=54B]
2025-09-12 16:55:28 - [BENIGN] - DEBUG - Generated DNS query from h3:42641 -> h5:53 [qname='example.com'] [Session 40] [len=71B]
2025-09-12 16:55:29 - [BENIGN] - DEBUG - Generated ICMP traffic h2↔h5 5 [len=84B]
2025-09-12 16:55:29 - [BENIGN] - DEBUG - Generated TCP SYN from h3:23658 -> h5:12345 [len=54B]
2025-09-12 16:55:30 - [BENIGN] - DEBUG - Generated TCP SYN-ACK from h5:12345 <- h3:23658 [len=54B]
2025-09-12 16:55:30 - [BENIGN] - DEBUG - Generated TCP ACK from h3:23658 -> h5:12345 [len=54B]
2025-09-12 16:55:31 - [BENIGN] - DEBUG - Generated TCP data traffic from h3:23658 -> h5:12345 [content='TCP data'] [Session 41] [len=735B]
2025-09-12 16:55:32 - [BENIGN] - DEBUG - Generated TCP ACK reply from h5:12345 <- h3:23658 [len=54B]
2025-09-12 16:55:32 - [BENIGN] - DEBUG - Generated UDP traffic from h3:9258 -> h5:12346 [content='2b171e4633e4a97aeb13ae233ab517ac65e9e488...'] [Session 42] [len=701B]
2025-09-12 16:55:33 - [BENIGN] - DEBUG - Generated Telnet SYN from h3:3325 -> h5:23 [len=54B]
2025-09-12 16:55:34 - [BENIGN] - DEBUG - Generated Telnet SYN-ACK from h5:23 <- h3:3325 [len=54B]
2025-09-12 16:55:34 - [BENIGN] - DEBUG - Generated Telnet ACK from h3:3325 -> h5:23 [len=54B]
2025-09-12 16:55:35 - [BENIGN] - DEBUG - Generated Telnet data traffic from h3:3325 -> h5:23 [content='Telnet command'] [Session 43] [len=887B]
2025-09-12 16:55:35 - [BENIGN] - DEBUG - Generated Telnet ACK reply from h5:23 <- h3:3325 [len=54B]
2025-09-12 16:55:36 - [BENIGN] - DEBUG - Generated SSH SYN from h3:55683 -> h5:22 [len=54B]
2025-09-12 16:55:37 - [BENIGN] - DEBUG - Generated SSH SYN-ACK from h5:22 <- h3:55683 [len=54B]
2025-09-12 16:55:37 - [BENIGN] - DEBUG - Generated SSH ACK from h3:55683 -> h5:22 [len=54B]
2025-09-12 16:55:38 - [BENIGN] - DEBUG - Generated SSH data traffic from h3:55683 -> h5:22 [content='SSH encrypted data'] [Session 44] [len=763B]
2025-09-12 16:55:39 - [BENIGN] - DEBUG - Generated SSH ACK reply from h5:22 <- h3:55683 [len=54B]
2025-09-12 16:55:39 - [BENIGN] - DEBUG - Generated FTP SYN from h3:31563 -> h5:21 [len=54B]
2025-09-12 16:55:40 - [BENIGN] - DEBUG - Generated FTP SYN-ACK from h5:21 <- h3:31563 [len=54B]
2025-09-12 16:55:40 - [BENIGN] - DEBUG - Generated FTP ACK from h3:31563 -> h5:21 [len=54B]
2025-09-12 16:55:41 - [BENIGN] - DEBUG - Generated FTP data traffic from h3:31563 -> h5:21 [content='FTP file transfer'] [Session 45] [len=1549B]
2025-09-12 16:55:42 - [BENIGN] - DEBUG - Generated FTP ACK reply from h5:21 <- h3:31563 [len=54B]
2025-09-12 16:55:42 - [BENIGN] - DEBUG - Generated HTTP SYN from h3:15426 -> h5:80 [len=54B]
2025-09-12 16:55:43 - [BENIGN] - DEBUG - Generated HTTP SYN-ACK from h5:80 <- h3:15426 [len=54B]
2025-09-12 16:55:44 - [BENIGN] - DEBUG - Generated HTTP ACK from h3:15426 -> h5:80 [len=54B]
2025-09-12 16:55:44 - [BENIGN] - DEBUG - Generated HTTP data traffic from h3:15426 -> h5:80 [content='GET /index.html HTTP/1.1'] [Session 46] [len=491B]
2025-09-12 16:55:45 - [BENIGN] - DEBUG - Generated HTTP ACK reply from h5:80 <- h3:15426 [len=54B]
2025-09-12 16:55:45 - [BENIGN] - DEBUG - Generated HTTPS SYN from h3:61309 -> h5:443 [len=54B]
2025-09-12 16:55:46 - [BENIGN] - DEBUG - Generated HTTPS SYN-ACK from h5:443 <- h3:61309 [len=54B]
2025-09-12 16:55:47 - [BENIGN] - DEBUG - Generated HTTPS ACK from h3:61309 -> h5:443 [len=54B]
2025-09-12 16:55:47 - [BENIGN] - DEBUG - Generated HTTPS data traffic from h3:61309 -> h5:443 [content='Encrypted Application Data'] [Session 47] [len=813B]
2025-09-12 16:55:48 - [BENIGN] - DEBUG - Generated HTTPS ACK reply from h5:443 <- h3:61309 [len=54B]
2025-09-12 16:55:49 - [BENIGN] - DEBUG - Generated DNS query from h3:60915 -> h5:53 [qname='example.com'] [Session 48] [len=71B]
2025-09-12 16:55:49 - [BENIGN] - DEBUG - Generated ICMP traffic h2↔h5 6 [len=84B]
2025-09-12 16:55:49 - [BENIGN] - DEBUG - Generated TCP SYN from h3:16245 -> h5:12345 [len=54B]
2025-09-12 16:55:50 - [BENIGN] - DEBUG - Generated TCP SYN-ACK from h5:12345 <- h3:16245 [len=54B]
2025-09-12 16:55:51 - [BENIGN] - DEBUG - Generated TCP ACK from h3:16245 -> h5:12345 [len=54B]
2025-09-12 16:55:51 - [BENIGN] - DEBUG - Generated TCP data traffic from h3:16245 -> h5:12345 [content='TCP data'] [Session 49] [len=385B]
2025-09-12 16:55:52 - [BENIGN] - DEBUG - Generated TCP ACK reply from h5:12345 <- h3:16245 [len=54B]
2025-09-12 16:55:52 - [BENIGN] - DEBUG - Generated UDP traffic from h3:61880 -> h5:12346 [content='35aa71efbce9d8f56365f5ef02a63b0d51020c30...'] [Session 50] [len=282B]
2025-09-12 16:55:53 - [BENIGN] - DEBUG - Generated Telnet SYN from h3:1617 -> h5:23 [len=54B]
2025-09-12 16:55:54 - [BENIGN] - DEBUG - Generated Telnet SYN-ACK from h5:23 <- h3:1617 [len=54B]
2025-09-12 16:55:54 - [BENIGN] - DEBUG - Generated Telnet ACK from h3:1617 -> h5:23 [len=54B]
2025-09-12 16:55:55 - [BENIGN] - DEBUG - Generated Telnet data traffic from h3:1617 -> h5:23 [content='Telnet command'] [Session 51] [len=322B]
2025-09-12 16:55:56 - [BENIGN] - DEBUG - Generated Telnet ACK reply from h5:23 <- h3:1617 [len=54B]
2025-09-12 16:55:56 - [BENIGN] - DEBUG - Generated SSH SYN from h3:27102 -> h5:22 [len=54B]
2025-09-12 16:55:57 - [BENIGN] - DEBUG - Generated SSH SYN-ACK from h5:22 <- h3:27102 [len=54B]
2025-09-12 16:55:58 - [BENIGN] - DEBUG - Generated SSH ACK from h3:27102 -> h5:22 [len=54B]
2025-09-12 16:55:58 - [BENIGN] - DEBUG - Generated SSH data traffic from h3:27102 -> h5:22 [content='SSH encrypted data'] [Session 52] [len=1507B]
2025-09-12 16:55:59 - [BENIGN] - DEBUG - Generated SSH ACK reply from h5:22 <- h3:27102 [len=54B]
2025-09-12 16:56:00 - [BENIGN] - DEBUG - Generated FTP SYN from h3:17464 -> h5:21 [len=54B]
2025-09-12 16:56:00 - [BENIGN] - DEBUG - Generated FTP SYN-ACK from h5:21 <- h3:17464 [len=54B]
2025-09-12 16:56:01 - [BENIGN] - DEBUG - Generated FTP ACK from h3:17464 -> h5:21 [len=54B]
2025-09-12 16:56:02 - [BENIGN] - DEBUG - Generated FTP data traffic from h3:17464 -> h5:21 [content='FTP file transfer'] [Session 53] [len=200B]
2025-09-12 16:56:02 - [BENIGN] - DEBUG - Generated FTP ACK reply from h5:21 <- h3:17464 [len=54B]
2025-09-12 16:56:03 - [BENIGN] - DEBUG - Generated HTTP SYN from h3:47356 -> h5:80 [len=54B]
2025-09-12 16:56:04 - [BENIGN] - DEBUG - Generated HTTP SYN-ACK from h5:80 <- h3:47356 [len=54B]
2025-09-12 16:56:04 - [BENIGN] - DEBUG - Generated HTTP ACK from h3:47356 -> h5:80 [len=54B]
2025-09-12 16:56:05 - [BENIGN] - DEBUG - Generated HTTP data traffic from h3:47356 -> h5:80 [content='GET /index.html HTTP/1.1'] [Session 54] [len=410B]
2025-09-12 16:56:05 - [BENIGN] - DEBUG - Generated HTTP ACK reply from h5:80 <- h3:47356 [len=54B]
2025-09-12 16:56:06 - [BENIGN] - DEBUG - Generated HTTPS SYN from h3:14085 -> h5:443 [len=54B]
2025-09-12 16:56:07 - [BENIGN] - DEBUG - Generated HTTPS SYN-ACK from h5:443 <- h3:14085 [len=54B]
2025-09-12 16:56:07 - [BENIGN] - DEBUG - Generated HTTPS ACK from h3:14085 -> h5:443 [len=54B]
2025-09-12 16:56:08 - [BENIGN] - DEBUG - Generated HTTPS data traffic from h3:14085 -> h5:443 [content='Encrypted Application Data'] [Session 55] [len=417B]
2025-09-12 16:56:09 - [BENIGN] - DEBUG - Generated HTTPS ACK reply from h5:443 <- h3:14085 [len=54B]
2025-09-12 16:56:09 - [BENIGN] - DEBUG - Generated DNS query from h3:44234 -> h5:53 [qname='example.com'] [Session 56] [len=71B]
2025-09-12 16:56:09 - [BENIGN] - DEBUG - Generated ICMP traffic h2↔h5 7 [len=84B]
2025-09-12 16:56:10 - [BENIGN] - DEBUG - Generated TCP SYN from h3:31652 -> h5:12345 [len=54B]
2025-09-12 16:56:11 - [BENIGN] - DEBUG - Generated TCP SYN-ACK from h5:12345 <- h3:31652 [len=54B]
2025-09-12 16:56:11 - [BENIGN] - DEBUG - Generated TCP ACK from h3:31652 -> h5:12345 [len=54B]
2025-09-12 16:56:12 - [BENIGN] - DEBUG - Generated TCP data traffic from h3:31652 -> h5:12345 [content='TCP data'] [Session 57] [len=955B]
2025-09-12 16:56:13 - [BENIGN] - DEBUG - Generated TCP ACK reply from h5:12345 <- h3:31652 [len=54B]
2025-09-12 16:56:13 - [BENIGN] - DEBUG - Generated UDP traffic from h3:19863 -> h5:12346 [content='7a56876b09ee562ddff3dfcf74221bf84f4ab022...'] [Session 58] [len=741B]
2025-09-12 16:56:14 - [BENIGN] - DEBUG - Generated Telnet SYN from h3:1771 -> h5:23 [len=54B]
2025-09-12 16:56:14 - [BENIGN] - DEBUG - Generated Telnet SYN-ACK from h5:23 <- h3:1771 [len=54B]
2025-09-12 16:56:15 - [BENIGN] - DEBUG - Generated Telnet ACK from h3:1771 -> h5:23 [len=54B]
2025-09-12 16:56:16 - [BENIGN] - DEBUG - Generated Telnet data traffic from h3:1771 -> h5:23 [content='Telnet command'] [Session 59] [len=150B]
2025-09-12 16:56:16 - [BENIGN] - DEBUG - Generated Telnet ACK reply from h5:23 <- h3:1771 [len=54B]
2025-09-12 16:56:17 - [BENIGN] - DEBUG - Generated SSH SYN from h3:2754 -> h5:22 [len=54B]
2025-09-12 16:56:18 - [BENIGN] - DEBUG - Generated SSH SYN-ACK from h5:22 <- h3:2754 [len=54B]
2025-09-12 16:56:18 - [BENIGN] - DEBUG - Generated SSH ACK from h3:2754 -> h5:22 [len=54B]
2025-09-12 16:56:19 - [BENIGN] - DEBUG - Generated SSH data traffic from h3:2754 -> h5:22 [content='SSH encrypted data'] [Session 60] [len=1502B]
2025-09-12 16:56:19 - [BENIGN] - DEBUG - Generated SSH ACK reply from h5:22 <- h3:2754 [len=54B]
2025-09-12 16:56:20 - [BENIGN] - DEBUG - Generated FTP SYN from h3:54455 -> h5:21 [len=54B]
2025-09-12 16:56:21 - [BENIGN] - DEBUG - Generated FTP SYN-ACK from h5:21 <- h3:54455 [len=54B]
2025-09-12 16:56:21 - [BENIGN] - DEBUG - Generated FTP ACK from h3:54455 -> h5:21 [len=54B]
2025-09-12 16:56:22 - [BENIGN] - DEBUG - Generated FTP data traffic from h3:54455 -> h5:21 [content='FTP file transfer'] [Session 61] [len=579B]
2025-09-12 16:56:23 - [BENIGN] - DEBUG - Generated FTP ACK reply from h5:21 <- h3:54455 [len=54B]
2025-09-12 16:56:23 - [BENIGN] - DEBUG - Generated HTTP SYN from h3:13130 -> h5:80 [len=54B]
2025-09-12 16:56:24 - [BENIGN] - DEBUG - Generated HTTP SYN-ACK from h5:80 <- h3:13130 [len=54B]
2025-09-12 16:56:24 - [BENIGN] - DEBUG - Generated HTTP ACK from h3:13130 -> h5:80 [len=54B]
2025-09-12 16:56:25 - [BENIGN] - DEBUG - Generated HTTP data traffic from h3:13130 -> h5:80 [content='GET /index.html HTTP/1.1'] [Session 62] [len=325B]
2025-09-12 16:56:26 - [BENIGN] - DEBUG - Generated HTTP ACK reply from h5:80 <- h3:13130 [len=54B]
2025-09-12 16:56:26 - [BENIGN] - DEBUG - Generated HTTPS SYN from h3:35482 -> h5:443 [len=54B]
2025-09-12 16:56:27 - [BENIGN] - DEBUG - Generated HTTPS SYN-ACK from h5:443 <- h3:35482 [len=54B]
2025-09-12 16:56:28 - [BENIGN] - DEBUG - Generated HTTPS ACK from h3:35482 -> h5:443 [len=54B]
2025-09-12 16:56:28 - [BENIGN] - DEBUG - Generated HTTPS data traffic from h3:35482 -> h5:443 [content='Encrypted Application Data'] [Session 63] [len=374B]
2025-09-12 16:56:29 - [BENIGN] - DEBUG - Generated HTTPS ACK reply from h5:443 <- h3:35482 [len=54B]
2025-09-12 16:56:29 - [BENIGN] - DEBUG - Generated DNS query from h3:19388 -> h5:53 [qname='example.com'] [Session 64] [len=71B]
2025-09-12 16:56:30 - [BENIGN] - DEBUG - Generated ICMP traffic h2↔h5 8 [len=84B]
2025-09-12 16:56:30 - [BENIGN] - DEBUG - Generated TCP SYN from h3:18877 -> h5:12345 [len=54B]
2025-09-12 16:56:31 - [BENIGN] - DEBUG - Generated TCP SYN-ACK from h5:12345 <- h3:18877 [len=54B]
2025-09-12 16:56:31 - [BENIGN] - DEBUG - Generated TCP ACK from h3:18877 -> h5:12345 [len=54B]
2025-09-12 16:56:32 - [BENIGN] - DEBUG - Generated TCP data traffic from h3:18877 -> h5:12345 [content='TCP data'] [Session 65] [len=1028B]
2025-09-12 16:56:33 - [BENIGN] - DEBUG - Generated TCP ACK reply from h5:12345 <- h3:18877 [len=54B]
2025-09-12 16:56:33 - [BENIGN] - DEBUG - Generated UDP traffic from h3:18050 -> h5:12346 [content='55fe31337b4e60f279bd3f65cd0399bff716104a...'] [Session 66] [len=1445B]
2025-09-12 16:56:34 - [BENIGN] - DEBUG - Generated Telnet SYN from h3:18025 -> h5:23 [len=54B]
2025-09-12 16:56:34 - [BENIGN] - DEBUG - Generated Telnet SYN-ACK from h5:23 <- h3:18025 [len=54B]
2025-09-12 16:56:35 - [BENIGN] - DEBUG - Generated Telnet ACK from h3:18025 -> h5:23 [len=54B]
2025-09-12 16:56:36 - [BENIGN] - DEBUG - Generated Telnet data traffic from h3:18025 -> h5:23 [content='Telnet command'] [Session 67] [len=784B]
2025-09-12 16:56:36 - [BENIGN] - DEBUG - Generated Telnet ACK reply from h5:23 <- h3:18025 [len=54B]
2025-09-12 16:56:37 - [BENIGN] - DEBUG - Generated SSH SYN from h3:15840 -> h5:22 [len=54B]
2025-09-12 16:56:38 - [BENIGN] - DEBUG - Generated SSH SYN-ACK from h5:22 <- h3:15840 [len=54B]
2025-09-12 16:56:38 - [BENIGN] - DEBUG - Generated SSH ACK from h3:15840 -> h5:22 [len=54B]
2025-09-12 16:56:39 - [BENIGN] - DEBUG - Generated SSH data traffic from h3:15840 -> h5:22 [content='SSH encrypted data'] [Session 68] [len=787B]
2025-09-12 16:56:39 - [BENIGN] - DEBUG - Generated SSH ACK reply from h5:22 <- h3:15840 [len=54B]
2025-09-12 16:56:40 - [BENIGN] - DEBUG - Generated FTP SYN from h3:37872 -> h5:21 [len=54B]
2025-09-12 16:56:41 - [BENIGN] - DEBUG - Generated FTP SYN-ACK from h5:21 <- h3:37872 [len=54B]
2025-09-12 16:56:41 - [BENIGN] - DEBUG - Generated FTP ACK from h3:37872 -> h5:21 [len=54B]
2025-09-12 16:56:42 - [BENIGN] - DEBUG - Generated FTP data traffic from h3:37872 -> h5:21 [content='FTP file transfer'] [Session 69] [len=622B]
2025-09-12 16:56:43 - [BENIGN] - DEBUG - Generated FTP ACK reply from h5:21 <- h3:37872 [len=54B]
2025-09-12 16:56:43 - [BENIGN] - DEBUG - Generated HTTP SYN from h3:62306 -> h5:80 [len=54B]
2025-09-12 16:56:44 - [BENIGN] - DEBUG - Generated HTTP SYN-ACK from h5:80 <- h3:62306 [len=54B]
2025-09-12 16:56:45 - [BENIGN] - DEBUG - Generated HTTP ACK from h3:62306 -> h5:80 [len=54B]
2025-09-12 16:56:45 - [BENIGN] - DEBUG - Generated HTTP data traffic from h3:62306 -> h5:80 [content='GET /index.html HTTP/1.1'] [Session 70] [len=640B]
2025-09-12 16:56:46 - [BENIGN] - DEBUG - Generated HTTP ACK reply from h5:80 <- h3:62306 [len=54B]
2025-09-12 16:56:46 - [BENIGN] - DEBUG - Generated HTTPS SYN from h3:30307 -> h5:443 [len=54B]
2025-09-12 16:56:47 - [BENIGN] - DEBUG - Generated HTTPS SYN-ACK from h5:443 <- h3:30307 [len=54B]
2025-09-12 16:56:48 - [BENIGN] - DEBUG - Generated HTTPS ACK from h3:30307 -> h5:443 [len=54B]
2025-09-12 16:56:48 - [BENIGN] - DEBUG - Generated HTTPS data traffic from h3:30307 -> h5:443 [content='Encrypted Application Data'] [Session 71] [len=210B]
2025-09-12 16:56:49 - [BENIGN] - DEBUG - Generated HTTPS ACK reply from h5:443 <- h3:30307 [len=54B]
2025-09-12 16:56:50 - [BENIGN] - DEBUG - Generated DNS query from h3:58719 -> h5:53 [qname='example.com'] [Session 72] [len=71B]
2025-09-12 16:56:50 - [BENIGN] - DEBUG - Generated ICMP traffic h2↔h5 9 [len=84B]
2025-09-12 16:56:50 - [BENIGN] - DEBUG - Generated TCP SYN from h3:7790 -> h5:12345 [len=54B]
2025-09-12 16:56:51 - [BENIGN] - DEBUG - Generated TCP SYN-ACK from h5:12345 <- h3:7790 [len=54B]
2025-09-12 16:56:52 - [BENIGN] - DEBUG - Generated TCP ACK from h3:7790 -> h5:12345 [len=54B]
2025-09-12 16:56:52 - [BENIGN] - DEBUG - Generated TCP data traffic from h3:7790 -> h5:12345 [content='TCP data'] [Session 73] [len=986B]
2025-09-12 16:56:53 - [BENIGN] - DEBUG - Generated TCP ACK reply from h5:12345 <- h3:7790 [len=54B]
2025-09-12 16:56:53 - [BENIGN] - DEBUG - Generated UDP traffic from h3:6648 -> h5:12346 [content='525d7913e04fa2fd2d82d45bf839bc61486e9d10...'] [Session 74] [len=1535B]
2025-09-12 16:56:54 - [BENIGN] - DEBUG - Generated Telnet SYN from h3:25020 -> h5:23 [len=54B]
2025-09-12 16:56:55 - [BENIGN] - DEBUG - Generated Telnet SYN-ACK from h5:23 <- h3:25020 [len=54B]
2025-09-12 16:56:55 - [BENIGN] - DEBUG - Generated Telnet ACK from h3:25020 -> h5:23 [len=54B]
2025-09-12 16:56:56 - [BENIGN] - DEBUG - Generated Telnet data traffic from h3:25020 -> h5:23 [content='Telnet command'] [Session 75] [len=129B]
2025-09-12 16:56:57 - [BENIGN] - DEBUG - Generated Telnet ACK reply from h5:23 <- h3:25020 [len=54B]
2025-09-12 16:56:57 - [BENIGN] - DEBUG - Generated SSH SYN from h3:8666 -> h5:22 [len=54B]
2025-09-12 16:56:58 - [BENIGN] - DEBUG - Generated SSH SYN-ACK from h5:22 <- h3:8666 [len=54B]
2025-09-12 16:56:58 - [BENIGN] - DEBUG - Generated SSH ACK from h3:8666 -> h5:22 [len=54B]
2025-09-12 16:56:59 - [BENIGN] - DEBUG - Generated SSH data traffic from h3:8666 -> h5:22 [content='SSH encrypted data'] [Session 76] [len=159B]
2025-09-12 16:57:00 - [BENIGN] - DEBUG - Generated SSH ACK reply from h5:22 <- h3:8666 [len=54B]
2025-09-12 16:57:00 - [BENIGN] - DEBUG - Generated FTP SYN from h3:51293 -> h5:21 [len=54B]
2025-09-12 16:57:01 - [BENIGN] - DEBUG - Generated FTP SYN-ACK from h5:21 <- h3:51293 [len=54B]
2025-09-12 16:57:02 - [BENIGN] - DEBUG - Generated FTP ACK from h3:51293 -> h5:21 [len=54B]
2025-09-12 16:57:02 - [BENIGN] - DEBUG - Generated FTP data traffic from h3:51293 -> h5:21 [content='FTP file transfer'] [Session 77] [len=533B]
2025-09-12 16:57:03 - [BENIGN] - DEBUG - Generated FTP ACK reply from h5:21 <- h3:51293 [len=54B]
2025-09-12 16:57:04 - [BENIGN] - DEBUG - Generated HTTP SYN from h3:52445 -> h5:80 [len=54B]
2025-09-12 16:57:04 - [BENIGN] - DEBUG - Generated HTTP SYN-ACK from h5:80 <- h3:52445 [len=54B]
2025-09-12 16:57:05 - [BENIGN] - DEBUG - Generated HTTP ACK from h3:52445 -> h5:80 [len=54B]
2025-09-12 16:57:05 - [BENIGN] - DEBUG - Generated HTTP data traffic from h3:52445 -> h5:80 [content='GET /index.html HTTP/1.1'] [Session 78] [len=360B]
2025-09-12 16:57:06 - [BENIGN] - DEBUG - Generated HTTP ACK reply from h5:80 <- h3:52445 [len=54B]
2025-09-12 16:57:07 - [BENIGN] - DEBUG - Generated HTTPS SYN from h3:36567 -> h5:443 [len=54B]
2025-09-12 16:57:07 - [BENIGN] - DEBUG - Generated HTTPS SYN-ACK from h5:443 <- h3:36567 [len=54B]
2025-09-12 16:57:08 - [BENIGN] - DEBUG - Generated HTTPS ACK from h3:36567 -> h5:443 [len=54B]
2025-09-12 16:57:09 - [BENIGN] - DEBUG - Generated HTTPS data traffic from h3:36567 -> h5:443 [content='Encrypted Application Data'] [Session 79] [len=339B]
2025-09-12 16:57:09 - [BENIGN] - DEBUG - Generated HTTPS ACK reply from h5:443 <- h3:36567 [len=54B]
2025-09-12 16:57:10 - [BENIGN] - DEBUG - Generated DNS query from h3:32075 -> h5:53 [qname='example.com'] [Session 80] [len=71B]
2025-09-12 16:57:10 - [BENIGN] - INFO - Benign traffic finished.
2025-09-12 16:57:10 - [BENIGN] - INFO - Summary: 80 protocol sessions with protocol separation:
2025-09-12 16:57:10 - [BENIGN] - INFO -   - h2↔h5: ICMP ping traffic
2025-09-12 16:57:10 - [BENIGN] - INFO -   - h3↔h5: TCP/UDP traffic [TCP, UDP, Telnet, SSH, FTP, HTTP, HTTPS, DNS]
2025-09-12 16:57:10 - [BENIGN] - INFO - Total packets sent: 340
