2025-09-12 16:53:16 - [MAIN] - INFO - 🎯 30-FEATURE REAL-TIME DDOS DETECTION DATASET
2025-09-12 16:53:16 - [MAIN] - INFO - 📊 Feature Set: 24 pure live + 4 minimal calculation + 2 labels = 30 total
2025-09-12 16:53:16 - [MAIN] - INFO - ⚡ Optimized for <1ms real-time extraction latency
2025-09-12 16:53:16 - [MAIN] - INFO - 🏢 4-Subnet Enterprise Topology with Layer 3 Routing
2025-09-12 16:53:16 - [MAIN] - INFO - 🌐 Network Configuration:
2025-09-12 16:53:16 - [MAIN] - INFO -    • h1: 192.168.10.0/24 (Isolated/External Network)
2025-09-12 16:53:16 - [MAIN] - INFO -    • h2-h5: 192.168.20.0/24 (Corporate Internal Network)
2025-09-12 16:53:16 - [MAIN] - INFO -    • h6: 192.168.30.0/24 (Server/DMZ Network)
2025-09-12 16:53:16 - [MAIN] - INFO -    • Controller: 192.168.0.0/24 (Management Network)
2025-09-12 16:53:16 - [MAIN] - INFO - 🔧 CPU Affinity Optimization ENABLED
2025-09-12 16:53:16,026 - __main__ - INFO - 🔧 CPU Core Allocation:
2025-09-12 16:53:16,026 - __main__ - INFO -   System: Cores 0
2025-09-12 16:53:16,026 - __main__ - INFO -   Ryu: Cores 1
2025-09-12 16:53:16,026 - __main__ - INFO -   Mininet: Cores 2,3,4
2025-09-12 16:53:16,026 - __main__ - INFO -   Attacks: Cores 5,6,7,8,9,10
2025-09-12 16:53:16,026 - __main__ - INFO -   Background: Cores 11
2025-09-12 16:53:16,026 - __main__ - INFO -   Pcap: Cores 0-15 (all cores, post-simulation)
2025-09-12 16:53:16 - [MAIN] - INFO - Cleaning up any previous Mininet instances...
2025-09-12 16:53:17 - [MAIN] - INFO - Mininet cleanup complete.
2025-09-12 16:53:17,396 - __main__ - INFO - Verifying required tools...
2025-09-12 16:53:17,630 - __main__ - INFO - TShark version: Running as user "root" and group "root". This could be dangerous.
2025-09-12 16:53:17,631 - __main__ - INFO - All required tools are available.
2025-09-12 16:53:17 - [MAIN] - INFO - Using configuration file: /home/user/Desktop/dataset_generation/test_config.json
2025-09-12 16:53:17,631 - __main__ - INFO - Starting Ryu SDN controller with CPU affinity...
2025-09-12 16:53:17,631 - __main__ - INFO - 🚀 Starting ryu on cores [1]: ryu-manager --verbose /home/user/Desktop/dataset_generation/src/controller/ryu_l3_router_app.py
2025-09-12 16:53:17,638 - __main__ - INFO - ✅ Started ryu with PID 101385 on cores [1]
2025-09-12 16:53:17,638 - __main__ - INFO - Ryu controller started with PID: 101385. See main_output/v4/120925-8/ryu.log for logs.
2025-09-12 16:53:17,638 - __main__ - INFO - Checking for controller on port 6653 (timeout: 30s)...
2025-09-12 16:53:18,657 - __main__ - INFO - Controller is up and listening.
2025-09-12 16:53:18 - [MAIN] - INFO - Testing /hello endpoint...
2025-09-12 16:53:18 - [MAIN] - INFO - Response status code: 200
2025-09-12 16:53:18 - [MAIN] - INFO - Response headers: {'Content-Type': 'application/json; charset=utf-8', 'Content-Length': '51', 'Date': 'Fri, 12 Sep 2025 08:53:18 GMT', 'Connection': 'keep-alive'}
2025-09-12 16:53:18 - [MAIN] - INFO - Response text: {"message": "Hello from Ryu L3 Router Controller!"}...
2025-09-12 16:53:18 - [MAIN] - INFO - Test /hello endpoint: PASSED
2025-09-12 16:53:18,664 - __main__ - INFO - Setting up Mininet topology...
2025-09-12 16:53:18,911 - __main__ - INFO - Mininet version: 
2025-09-12 16:53:18,920 - __main__ - INFO - Connecting to remote controller at 127.0.0.1:6653
2025-09-12 16:53:19,204 - __main__ - INFO - Mininet network started successfully.
2025-09-12 16:53:19,204 - __main__ - INFO - Waiting for Layer 3 routing to stabilize...
2025-09-12 16:53:34,205 - __main__ - INFO - Testing gateway connectivity for debugging...
2025-09-12 16:53:34,206 - __main__ - INFO - h1 -> 192.168.10.1 (gateway): testing...
2025-09-12 16:53:34,216 - __main__ - INFO - SUCCESS
2025-09-12 16:53:34,216 - __main__ - INFO - h2 -> 192.168.20.1 (gateway): testing...
2025-09-12 16:53:34,220 - __main__ - INFO - SUCCESS
2025-09-12 16:53:34,220 - __main__ - INFO - Running Mininet pingall test...
2025-09-12 16:53:39,287 - __main__ - INFO - Mininet pingall test completed successfully. Packet loss: 0.0%
2025-09-12 16:53:39,287 - __main__ - INFO - Starting v4.0 traffic generation scenario with 30-feature extraction and 4-subnet topology...
2025-09-12 16:53:39,287 - __main__ - INFO - ✅ Set current process affinity to cores [5, 6, 7, 8, 9, 10] for attacks
2025-09-12 16:53:39,287 - __main__ - INFO - ✅ Set CPU affinity for attack generation processes
2025-09-12 16:53:39,288 - __main__ - INFO - Phase 1: Initialization (5s)...
2025-09-12 16:53:44,292 - __main__ - INFO - Timeline updated: normal phase started at 1757667224.292458
2025-09-12 16:53:44,293 - __main__ - INFO - Starting flow statistics collection for 389 seconds...
2025-09-12 16:53:44,293 - __main__ - INFO - Flow statistics collection started in background.
2025-09-12 16:53:44,293 - __main__ - INFO - Enhanced flow capture with 0.5s polling and flow timeout guarantees
2025-09-12 16:53:44,293 - __main__ - INFO - Phase 2: Normal Traffic (200s)...
2025-09-12 16:53:44,295 - __main__ - INFO - Starting packet capture. Output file: /home/user/Desktop/dataset_generation/main_output/v4/120925-8/normal.pcap
2025-09-12 16:53:44,295 - __main__ - INFO - Capturing on switch s1 interface any
2025-09-12 16:53:44,295 - __main__ - INFO - Starting tcpdump with command: tcpdump -i any -w /home/user/Desktop/dataset_generation/main_output/v4/120925-8/normal.pcap -s 0 ip and not ip6 and net 192.168.0.0/16
2025-09-12 16:53:46,307 - __main__ - INFO - tcpdump started successfully with PID: 101670
2025-09-12 16:57:10,486 - __main__ - INFO - Stopping packet capture (PID: 101670)...
2025-09-12 16:57:10,560 - __main__ - INFO - Packet capture stopped.
2025-09-12 16:57:10,560 - __main__ - INFO - Phase 3.1: Enhanced Traditional DDoS Attacks...
2025-09-12 16:57:10,560 - __main__ - INFO - Starting packet capture. Output file: /home/user/Desktop/dataset_generation/main_output/v4/120925-8/syn_flood.pcap
2025-09-12 16:57:10,561 - __main__ - INFO - Capturing on switch s1 interface any
2025-09-12 16:57:10,561 - __main__ - INFO - Starting tcpdump with command: tcpdump -i any -w /home/user/Desktop/dataset_generation/main_output/v4/120925-8/syn_flood.pcap -s 0 ip and not ip6 and net 192.168.0.0/16
2025-09-12 16:57:12,573 - __main__ - INFO - tcpdump started successfully with PID: 102989
2025-09-12 16:57:12,573 - __main__ - INFO - Timeline updated: syn_flood phase started at 1757667432.57368
2025-09-12 16:57:25,216 - __main__ - INFO - Stopping packet capture (PID: 102989)...
2025-09-12 16:57:25,289 - __main__ - INFO - Packet capture stopped.
2025-09-12 16:57:25,289 - __main__ - INFO - Starting packet capture. Output file: /home/user/Desktop/dataset_generation/main_output/v4/120925-8/udp_flood.pcap
2025-09-12 16:57:25,290 - __main__ - INFO - Capturing on switch s1 interface any
2025-09-12 16:57:25,290 - __main__ - INFO - Starting tcpdump with command: tcpdump -i any -w /home/user/Desktop/dataset_generation/main_output/v4/120925-8/udp_flood.pcap -s 0 ip and not ip6 and net 192.168.0.0/16
2025-09-12 16:57:27,301 - __main__ - INFO - tcpdump started successfully with PID: 102999
2025-09-12 16:57:27,301 - __main__ - INFO - Timeline updated: udp_flood phase started at 1757667447.3014674
2025-09-12 16:57:50,949 - __main__ - INFO - Stopping packet capture (PID: 102999)...
2025-09-12 16:57:51,028 - __main__ - INFO - Packet capture stopped.
2025-09-12 16:57:51,029 - __main__ - INFO - Starting packet capture. Output file: /home/user/Desktop/dataset_generation/main_output/v4/120925-8/icmp_flood.pcap
2025-09-12 16:57:51,029 - __main__ - INFO - Capturing on switch s1 interface any
2025-09-12 16:57:51,029 - __main__ - INFO - Starting tcpdump with command: tcpdump -i any -w /home/user/Desktop/dataset_generation/main_output/v4/120925-8/icmp_flood.pcap -s 0 ip and not ip6 and net 192.168.0.0/16
2025-09-12 16:57:53,040 - __main__ - INFO - tcpdump started successfully with PID: 103008
2025-09-12 16:57:53,040 - __main__ - INFO - Timeline updated: icmp_flood phase started at 1757667473.0403478
2025-09-12 16:58:06,282 - __main__ - INFO - Stopping packet capture (PID: 103008)...
2025-09-12 16:58:06,353 - __main__ - INFO - Packet capture stopped.
2025-09-12 16:58:06,354 - __main__ - INFO - Phase 3.2: ENHANCED Adversarial DDoS Attacks...
2025-09-12 16:58:06,361 - __main__ - INFO - Started simple HTTP server on h6:80 for adversarial phases
2025-09-12 16:58:06,863 - __main__ - INFO - Starting packet capture. Output file: /home/user/Desktop/dataset_generation/main_output/v4/120925-8/ad_syn.pcap
2025-09-12 16:58:06,863 - __main__ - INFO - Capturing on switch s1 interface any
2025-09-12 16:58:06,863 - __main__ - INFO - Starting tcpdump with command: tcpdump -i any -w /home/user/Desktop/dataset_generation/main_output/v4/120925-8/ad_syn.pcap -s 0 ip and not ip6 and net 192.168.0.0/16
2025-09-12 16:58:08,874 - __main__ - INFO - tcpdump started successfully with PID: 103022
2025-09-12 16:58:08,874 - __main__ - INFO - Timeline updated: ad_syn phase started at 1757667488.8747919
2025-09-12 16:58:17,990 - __main__ - INFO - Stopping packet capture (PID: 103022)...
2025-09-12 16:58:18,062 - __main__ - INFO - Packet capture stopped.
2025-09-12 16:58:18,063 - __main__ - INFO - Starting packet capture. Output file: /home/user/Desktop/dataset_generation/main_output/v4/120925-8/ad_udp.pcap
2025-09-12 16:58:18,063 - __main__ - INFO - Capturing on switch s1 interface any
2025-09-12 16:58:18,063 - __main__ - INFO - Starting tcpdump with command: tcpdump -i any -w /home/user/Desktop/dataset_generation/main_output/v4/120925-8/ad_udp.pcap -s 0 ip and not ip6 and net 192.168.0.0/16
2025-09-12 16:58:20,074 - __main__ - INFO - tcpdump started successfully with PID: 103028
2025-09-12 16:58:20,074 - __main__ - INFO - Timeline updated: ad_udp phase started at 1757667500.074668
2025-09-12 16:58:24,258 - __main__ - INFO - Stopping packet capture (PID: 103028)...
2025-09-12 16:58:24,330 - __main__ - INFO - Packet capture stopped.
2025-09-12 16:58:24,330 - __main__ - INFO - Starting packet capture. Output file: /home/user/Desktop/dataset_generation/main_output/v4/120925-8/ad_slow.pcap
2025-09-12 16:58:24,331 - __main__ - INFO - Capturing on switch s1 interface any
2025-09-12 16:58:24,331 - __main__ - INFO - Starting tcpdump with command: tcpdump -i any -w /home/user/Desktop/dataset_generation/main_output/v4/120925-8/ad_slow.pcap -s 0 ip and not ip6 and net 192.168.0.0/16
2025-09-12 16:58:26,342 - __main__ - INFO - tcpdump started successfully with PID: 103034
2025-09-12 16:58:26,342 - __main__ - INFO - Timeline updated: ad_slow phase started at 1757667506.3423579
2025-09-12 16:58:26,843 - __main__ - INFO - Proceeding with ENHANCED adversarial slow attack
2025-09-12 16:58:26,843 - __main__ - INFO - Attack traffic will be captured via ad_slow.pcap
2025-09-12 16:58:36,537 - __main__ - INFO - Stopping packet capture (PID: 103034)...
2025-09-12 16:58:36,614 - __main__ - INFO - Packet capture stopped.
2025-09-12 16:58:36,615 - __main__ - INFO - Signaling flow collection thread to stop before cooldown...
2025-09-12 16:58:36,615 - __main__ - INFO - Waiting for flow collection thread to finish...
2025-09-12 16:58:36,791 - __main__ - INFO - Flow collection received stop signal, ending gracefully.
2025-09-12 16:58:36,791 - __main__ - INFO - Flow timeline collection completed.
2025-09-12 16:58:36,791 - __main__ - INFO - === Flow Capture Guarantee Report ===
2025-09-12 16:58:36,792 - __main__ - INFO - Total polling duration: 297.50s
2025-09-12 16:58:36,792 - __main__ - INFO - Total polls attempted: 596
2025-09-12 16:58:36,792 - __main__ - INFO - Successful polls: 596 (100.0%)
2025-09-12 16:58:36,792 - __main__ - INFO - Total flow entries captured: 4058
2025-09-12 16:58:36,792 - __main__ - INFO - Unique flows tracked: 7
2025-09-12 16:58:36,792 - __main__ - INFO - Average flows per poll: 6.81
2025-09-12 16:58:36,792 - __main__ - INFO - Polling interval: 0.5s (improved from 1.0s)
2025-09-12 16:58:36,792 - __main__ - INFO - Flow timeout settings: idle=30s, hard=300s
2025-09-12 16:58:36,844 - __main__ - INFO - Flow statistics saved to main_output/v4/120925-8/flow_features.csv
2025-09-12 16:58:36,846 - __main__ - INFO - Flow collection thread finished successfully
2025-09-12 16:58:36,846 - __main__ - INFO - Phase 4: Cooldown (5s)...
2025-09-12 16:58:36,846 - __main__ - INFO - Note: Flow collection stopped before cooldown to ensure dataset consistency
2025-09-12 16:58:41,852 - __main__ - INFO - Stopping HTTP server on h6
2025-09-12 16:58:41,852 - __main__ - INFO - ============================================================
2025-09-12 16:58:41,852 - __main__ - INFO - v4.0 30-FEATURE TIMING SUMMARY (4-Subnet Topology)
2025-09-12 16:58:41,852 - __main__ - INFO - ============================================================
2025-09-12 16:58:41,852 - __main__ - INFO - Configuration File: /home/user/Desktop/dataset_generation/test_config.json
2025-09-12 16:58:41,852 - __main__ - INFO - 
2025-09-12 16:58:41,852 - __main__ - INFO - Total Scenario Runtime: 302.56 seconds (5.04 minutes)
2025-09-12 16:58:41,852 - __main__ - INFO - 
2025-09-12 16:58:41,853 - __main__ - INFO - Phase-by-Phase Breakdown:
2025-09-12 16:58:41,853 - __main__ - INFO -   Enhanced Traditional Attacks:
2025-09-12 16:58:41,853 - __main__ - INFO -     Enhanced Syn Flood: 14.73s (configured: 11s)
2025-09-12 16:58:41,853 - __main__ - INFO -     Enhanced Udp Flood: 25.74s (configured: 22s)
2025-09-12 16:58:41,853 - __main__ - INFO -     Enhanced Icmp Flood: 15.32s (configured: 11s)
2025-09-12 16:58:41,853 - __main__ - INFO -   ENHANCED Adversarial Attacks:
2025-09-12 16:58:41,853 - __main__ - INFO -     ENHANCED TCP State Exhaustion: 11.20s (configured: 8s)
2025-09-12 16:58:41,853 - __main__ - INFO -     ENHANCED Application Layer: 6.27s (configured: 3s)
2025-09-12 16:58:41,853 - __main__ - INFO -     ENHANCED Slow Read: 12.28s (configured: 9s)
2025-09-12 16:58:41,853 - __main__ - INFO -   Initialization: 5.00s (configured: 5s)
2025-09-12 16:58:41,853 - __main__ - INFO -   Normal_Traffic: 206.27s (configured: 200s)
2025-09-12 16:58:41,853 - __main__ - INFO -   Cooldown: 5.01s (configured: 5s)
2025-09-12 16:58:41,853 - __main__ - INFO - ============================================================
2025-09-12 16:58:41,853 - __main__ - INFO - v4.0 30-feature 4-subnet traffic generation scenario finished.
2025-09-12 16:58:41 - [MAIN] - INFO - v4.0 PCAP generation complete.
2025-09-12 16:58:41 - [MAIN] - INFO - Processing 7 PCAP files using 4 CPU cores for 30-feature extraction...
2025-09-12 16:58:41,854 - __main__ - INFO - === PARALLEL PCAP PROCESSING START ===
2025-09-12 16:58:41,854 - __main__ - INFO - Files to process: 7
2025-09-12 16:58:41,854 - __main__ - INFO - Max workers: 4
2025-09-12 16:58:41,855 - __main__ - INFO - Output directory: /home/user/Desktop/dataset_generation/main_output/v4/120925-8
2025-09-12 16:58:41,855 - __main__ - INFO -   - normal.pcap -> normal
2025-09-12 16:58:41,855 - __main__ - INFO -   - syn_flood.pcap -> syn_flood
2025-09-12 16:58:41,855 - __main__ - INFO -   - udp_flood.pcap -> udp_flood
2025-09-12 16:58:41,855 - __main__ - INFO -   - icmp_flood.pcap -> icmp_flood
2025-09-12 16:58:41,855 - __main__ - INFO -   - ad_syn.pcap -> ad_syn
2025-09-12 16:58:41,855 - __main__ - INFO -   - ad_udp.pcap -> ad_udp
2025-09-12 16:58:41,855 - __main__ - INFO -   - ad_slow.pcap -> ad_slow
2025-09-12 16:58:41,855 - __main__ - INFO - ✅ Set current process affinity to cores [0, 1, 2, 3, 4, 5, 6, 7, 8, 9, 10, 11, 12, 13, 14, 15] for pcap
2025-09-12 16:58:41,855 - __main__ - INFO - ✅ Set CPU affinity for PCAP processing (all cores)
2025-09-12 16:58:41,856 - __main__ - INFO - Submitting processing jobs...
2025-09-12 16:58:41,872 - __main__ - INFO - ✓ Submitted job for normal.pcap
2025-09-12 16:58:41,873 - __main__ - INFO - ✓ Submitted job for syn_flood.pcap
2025-09-12 16:58:41,874 - __main__ - INFO - ✓ Submitted job for udp_flood.pcap
2025-09-12 16:58:41,875 - __main__ - INFO - ✓ Submitted job for icmp_flood.pcap
2025-09-12 16:58:41,876 - __main__ - INFO - ✓ Submitted job for ad_syn.pcap
2025-09-12 16:58:41,876 - __main__ - INFO - ✓ Submitted job for ad_udp.pcap
2025-09-12 16:58:41,876 - __main__ - INFO - ✓ Submitted job for ad_slow.pcap
2025-09-12 16:58:41,876 - __main__ - INFO - Processing 7 submitted jobs...
2025-09-12 16:58:41,879 - __main__ - INFO - Waiting for result from normal.pcap...
2025-09-12 16:58:42,973 - __main__ - INFO - ✓ Completed processing normal.pcap (1362 records with 32 features)
2025-09-12 16:58:42,973 - __main__ - INFO - Waiting for result from syn_flood.pcap...
2025-09-12 16:58:42,974 - __main__ - INFO - ✓ Completed processing syn_flood.pcap (440 records with 32 features)
2025-09-12 16:58:42,974 - __main__ - INFO - Waiting for result from udp_flood.pcap...
2025-09-12 16:58:42,974 - __main__ - INFO - ✓ Completed processing udp_flood.pcap (484 records with 32 features)
2025-09-12 16:58:42,974 - __main__ - INFO - Waiting for result from icmp_flood.pcap...
2025-09-12 16:58:42,974 - __main__ - INFO - ✓ Completed processing icmp_flood.pcap (490 records with 32 features)
2025-09-12 16:58:42,974 - __main__ - INFO - Waiting for result from ad_syn.pcap...
2025-09-12 16:58:42,974 - __main__ - INFO - ✓ Completed processing ad_syn.pcap (486 records with 32 features)
2025-09-12 16:58:42,974 - __main__ - INFO - Waiting for result from ad_udp.pcap...
2025-09-12 16:58:42,974 - __main__ - INFO - ✓ Completed processing ad_udp.pcap (528 records with 32 features)
2025-09-12 16:58:42,974 - __main__ - INFO - Waiting for result from ad_slow.pcap...
2025-09-12 16:58:42,974 - __main__ - INFO - ✓ Completed processing ad_slow.pcap (400 records with 32 features)
2025-09-12 16:58:42,982 - __main__ - INFO - === PARALLEL PROCESSING SUMMARY ===
2025-09-12 16:58:42,983 - __main__ - INFO - Total files submitted: 7
2025-09-12 16:58:42,983 - __main__ - INFO - Successful processing: 7
2025-09-12 16:58:42,983 - __main__ - INFO - Failed processing: 0
2025-09-12 16:58:42,983 - __main__ - INFO - Individual file results:
2025-09-12 16:58:42,983 - __main__ - INFO -   ✓ normal.pcap: SUCCESS (1362 rows)
2025-09-12 16:58:42,983 - __main__ - INFO -   ✓ syn_flood.pcap: SUCCESS (440 rows)
2025-09-12 16:58:42,983 - __main__ - INFO -   ✓ udp_flood.pcap: SUCCESS (484 rows)
2025-09-12 16:58:42,983 - __main__ - INFO -   ✓ icmp_flood.pcap: SUCCESS (490 rows)
2025-09-12 16:58:42,983 - __main__ - INFO -   ✓ ad_syn.pcap: SUCCESS (486 rows)
2025-09-12 16:58:42,983 - __main__ - INFO -   ✓ ad_udp.pcap: SUCCESS (528 rows)
2025-09-12 16:58:42,983 - __main__ - INFO -   ✓ ad_slow.pcap: SUCCESS (400 rows)
2025-09-12 16:58:42,983 - __main__ - INFO - ✓ Parallel PCAP processing completed. 7 files processed successfully.
2025-09-12 16:58:42,983 - __main__ - INFO - === PARALLEL PCAP PROCESSING END ===
2025-09-12 16:58:42 - [MAIN] - INFO - Parallel 30-feature PCAP processing completed in 1.13 seconds (0.02 minutes)
2025-09-12 16:58:43 - [MAIN] - INFO - v4.0 30-feature combined labeled CSV generated at: main_output/v4/120925-8/packet_features.csv
2025-09-12 16:58:43 - [MAIN] - INFO - v4.0 final 30-feature combined CSV created successfully.
2025-09-12 16:58:43 - [MAIN] - INFO - 
--- v4.0 30-Feature Packet Counts by Class (4-Subnet Topology) ---
2025-09-12 16:58:43 - [MAIN] - INFO -   normal: 1362 packets
2025-09-12 16:58:43 - [MAIN] - INFO -   ad_udp: 528 packets
2025-09-12 16:58:43 - [MAIN] - INFO -   icmp_flood: 490 packets
2025-09-12 16:58:43 - [MAIN] - INFO -   ad_syn: 486 packets
2025-09-12 16:58:43 - [MAIN] - INFO -   udp_flood: 484 packets
2025-09-12 16:58:43 - [MAIN] - INFO -   syn_flood: 440 packets
2025-09-12 16:58:43 - [MAIN] - INFO -   ad_slow: 400 packets
2025-09-12 16:58:43 - [MAIN] - INFO - v4.0 flow-level dataset generated at: main_output/v4/120925-8/flow_features.csv
2025-09-12 16:58:43 - [MAIN] - INFO - 
--- v4.0 Flow Feature Counts by Class (4-Subnet Topology) ---
2025-09-12 16:58:43 - [MAIN] - INFO -   normal: 2875 flows
2025-09-12 16:58:43 - [MAIN] - INFO -   udp_flood: 357 flows
2025-09-12 16:58:43 - [MAIN] - INFO -   icmp_flood: 224 flows
2025-09-12 16:58:43 - [MAIN] - INFO -   syn_flood: 210 flows
2025-09-12 16:58:43 - [MAIN] - INFO -   ad_syn: 154 flows
2025-09-12 16:58:43 - [MAIN] - INFO -   ad_slow: 147 flows
2025-09-12 16:58:43 - [MAIN] - INFO -   ad_udp: 91 flows
2025-09-12 16:58:43 - [MAIN] - INFO - Generating v4.0 dataset summary...
2025-09-12 16:58:43 - [MAIN] - INFO - Dataset generation summary displayed above
2025-09-12 16:58:43 - [MAIN] - INFO - Running v4.0 timeline analysis...
2025-09-12 16:58:43 - [MAIN] - INFO - Starting timeline analysis...
2025-09-12 16:58:43 - [MAIN] - INFO - Timeline Analysis Results:
2025-09-12 16:58:43 - [MAIN] - INFO -   Total attack types: 7
2025-09-12 16:58:43 - [MAIN] - INFO -   Good alignment: 6
2025-09-12 16:58:43 - [MAIN] - INFO -   Overall score: 85.7%
2025-09-12 16:58:43 - [MAIN] - INFO -   Status: 👍 GOOD: Timeline alignment is acceptable with minor issues.
2025-09-12 16:58:43 - [MAIN] - WARNING - Poor alignment: ad_slow
2025-09-12 16:58:43 - [MAIN] - INFO - ================================================================================
2025-09-12 16:58:43 - [MAIN] - INFO - v4.0 30-FEATURE FINAL EXECUTION SUMMARY (4-SUBNET TOPOLOGY)
2025-09-12 16:58:43 - [MAIN] - INFO - ================================================================================
2025-09-12 16:58:43 - [MAIN] - INFO - 🚀 Framework Version: v4.0 (4-Subnet Enterprise Topology)
2025-09-12 16:58:43 - [MAIN] - INFO - 📊 Feature Set: 30 features optimized for real-time DDoS detection
2025-09-12 16:58:43 - [MAIN] - INFO - 🎯 Target Latency: <1ms per packet extraction
2025-09-12 16:58:43 - [MAIN] - INFO - ⚡ CPU Affinity Optimization: ENABLED
2025-09-12 16:58:43 - [MAIN] - INFO - 🖥️  Total Cores Utilized: 16
2025-09-12 16:58:43 - [MAIN] - INFO - ⏱️  Total Execution Time: 327.15 seconds (5.45 minutes | 0.09 hours)
2025-09-12 16:58:43 - [MAIN] - INFO - 📅 v4.0 Dataset Generation Complete: 2025-09-12 16:58:43
2025-09-12 16:58:43 - [MAIN] - INFO - 📈 Timeline Alignment Score: 85.7%
2025-09-12 16:58:43 - [MAIN] - INFO - ✅ Timeline Quality: GOOD
2025-09-12 16:58:43 - [MAIN] - INFO - ================================================================================
2025-09-12 16:58:43 - [MAIN] - INFO - 🎉 v4.0 30-FEATURE REAL-TIME DDOS DETECTION DATASET COMPLETED (4-SUBNET TOPOLOGY)
2025-09-12 16:58:43 - [MAIN] - INFO - 📋 30-Feature Set:
2025-09-12 16:58:43 - [MAIN] - INFO -    • 24 Pure Live Extractable Features (direct packet header fields)
2025-09-12 16:58:43 - [MAIN] - INFO -    • 4 Minimal Calculation Features (lightweight processing)
2025-09-12 16:58:43 - [MAIN] - INFO -    • 2 Labels (multi-class + binary)
2025-09-12 16:58:43 - [MAIN] - INFO -    • Timeline-ordered for ML training compatibility
2025-09-12 16:58:43 - [MAIN] - INFO -    • Optimized for production real-time deployment
2025-09-12 16:58:43 - [MAIN] - INFO - 🏢 4-Subnet Enterprise Network Topology:
2025-09-12 16:58:43 - [MAIN] - INFO -    • Inter-subnet attack scenarios (cross-network DDoS)
2025-09-12 16:58:43 - [MAIN] - INFO -    • Realistic enterprise network segmentation
2025-09-12 16:58:43 - [MAIN] - INFO -    • Layer 3 routing with SDN controller
2025-09-12 16:58:43 - [MAIN] - INFO -    • Enhanced attack diversity and realism
2025-09-12 16:58:43 - [MAIN] - INFO - ================================================================================
2025-09-12 16:58:43,180 - __main__ - INFO - Cleaning up resources...
2025-09-12 16:58:43,180 - __main__ - INFO - Terminating Ryu controller (PID: 101385)...
2025-09-12 16:58:43,184 - __main__ - INFO - Cleaning up Mininet environment...
2025-09-12 16:58:44,802 - __main__ - INFO - Cleanup complete.
