2025-09-12 20:09:20,331 - attack_logger - INFO - Attack: Enhanced SYN Flood (11s) | h1 -> h6
2025-09-12 20:09:22,846 - attack_logger - INFO - [syn_flood] [Run ID: 0a258b30-447f-449f-960d-a97ba9b1f9ef] Starting Enhanced SYN Flood from h1 to 192.168.30.10 for 11 seconds.
2025-09-12 20:09:22,846 - attack_logger - INFO - [syn_flood] [Run ID: 0a258b30-447f-449f-960d-a97ba9b1f9ef] Attack Phase: Enhanced Traditional SYN Flood - Attacker: h1, Target: 192.168.30.10:80, Duration: 11s
2025-09-12 20:09:22,846 - attack_logger - INFO - [syn_flood] [Run ID: 0a258b30-447f-449f-960d-a97ba9b1f9ef] Enhanced Features: Human-like timing, protocol compliance, network delay simulation
2025-09-12 20:09:22,846 - attack_logger - INFO - [syn_flood] [Run ID: 0a258b30-447f-449f-960d-a97ba9b1f9ef] Session pattern: 1 phases, Circadian factor: 0.50, Workday factor: 0.50
2025-09-12 20:09:22,846 - attack_logger - DEBUG - [syn_flood] [Run ID: 0a258b30-447f-449f-960d-a97ba9b1f9ef] Starting enhanced SYN packet generation with human-like timing
2025-09-12 20:09:22,846 - attack_logger - INFO - [syn_flood] [Run ID: 0a258b30-447f-449f-960d-a97ba9b1f9ef] Stress phase: 3s, Advanced phase: 8s
2025-09-12 20:09:26,426 - attack_logger - INFO - [syn_flood] [Run ID: 0a258b30-447f-449f-960d-a97ba9b1f9ef] Stress phase completed
2025-09-12 20:09:26,434 - attack_logger - INFO - [syn_flood] [Run ID: 0a258b30-447f-449f-960d-a97ba9b1f9ef] Enhanced SYN flood process started (PID: 38601)
2025-09-12 20:09:27,464 - attack_logger - INFO - [syn_flood] [Run ID: 0a258b30-447f-449f-960d-a97ba9b1f9ef] Attack progress: 1.0s elapsed, ~1 packets sent, Rate: 1.0 pps, Phase: break (intensity: 0.19)
2025-09-12 20:09:27,465 - attack_logger - DEBUG - [syn_flood] [Run ID: 0a258b30-447f-449f-960d-a97ba9b1f9ef] Process stats - CPU: 0.0%, Memory: 60.2MB
2025-09-12 20:09:27,465 - attack_logger - DEBUG - [syn_flood] [Run ID: 0a258b30-447f-449f-960d-a97ba9b1f9ef] Timing factors - Circadian: 0.50, Workday: 0.50, Adjusted rate: 1.1 pps
2025-09-12 20:09:28,471 - attack_logger - INFO - [syn_flood] [Run ID: 0a258b30-447f-449f-960d-a97ba9b1f9ef] Attack progress: 2.0s elapsed, ~2 packets sent, Rate: 1.0 pps, Phase: break (intensity: 0.19)
2025-09-12 20:09:28,471 - attack_logger - DEBUG - [syn_flood] [Run ID: 0a258b30-447f-449f-960d-a97ba9b1f9ef] Process stats - CPU: 0.0%, Memory: 60.4MB
2025-09-12 20:09:28,471 - attack_logger - DEBUG - [syn_flood] [Run ID: 0a258b30-447f-449f-960d-a97ba9b1f9ef] Timing factors - Circadian: 0.50, Workday: 0.50, Adjusted rate: 1.0 pps
2025-09-12 20:09:29,547 - attack_logger - INFO - [syn_flood] [Run ID: 0a258b30-447f-449f-960d-a97ba9b1f9ef] Attack progress: 3.1s elapsed, ~3 packets sent, Rate: 1.0 pps, Phase: break (intensity: 0.19)
2025-09-12 20:09:29,548 - attack_logger - DEBUG - [syn_flood] [Run ID: 0a258b30-447f-449f-960d-a97ba9b1f9ef] Process stats - CPU: 0.0%, Memory: 60.4MB
2025-09-12 20:09:29,548 - attack_logger - DEBUG - [syn_flood] [Run ID: 0a258b30-447f-449f-960d-a97ba9b1f9ef] Timing factors - Circadian: 0.50, Workday: 0.50, Adjusted rate: 1.0 pps
2025-09-12 20:09:30,591 - attack_logger - INFO - [syn_flood] [Run ID: 0a258b30-447f-449f-960d-a97ba9b1f9ef] Attack progress: 4.2s elapsed, ~5 packets sent, Rate: 1.2 pps, Phase: break (intensity: 0.19)
2025-09-12 20:09:30,591 - attack_logger - DEBUG - [syn_flood] [Run ID: 0a258b30-447f-449f-960d-a97ba9b1f9ef] Process stats - CPU: 0.0%, Memory: 60.4MB
2025-09-12 20:09:30,591 - attack_logger - DEBUG - [syn_flood] [Run ID: 0a258b30-447f-449f-960d-a97ba9b1f9ef] Timing factors - Circadian: 0.50, Workday: 0.50, Adjusted rate: 1.4 pps
2025-09-12 20:09:31,674 - attack_logger - INFO - [syn_flood] [Run ID: 0a258b30-447f-449f-960d-a97ba9b1f9ef] Attack progress: 5.2s elapsed, ~5 packets sent, Rate: 1.0 pps, Phase: break (intensity: 0.19)
2025-09-12 20:09:31,674 - attack_logger - DEBUG - [syn_flood] [Run ID: 0a258b30-447f-449f-960d-a97ba9b1f9ef] Process stats - CPU: 0.0%, Memory: 60.4MB
2025-09-12 20:09:31,674 - attack_logger - DEBUG - [syn_flood] [Run ID: 0a258b30-447f-449f-960d-a97ba9b1f9ef] Timing factors - Circadian: 0.50, Workday: 0.50, Adjusted rate: 1.1 pps
2025-09-12 20:09:32,778 - attack_logger - INFO - [syn_flood] [Run ID: 0a258b30-447f-449f-960d-a97ba9b1f9ef] Attack progress: 6.4s elapsed, ~8 packets sent, Rate: 1.3 pps, Phase: break (intensity: 0.19)
2025-09-12 20:09:32,778 - attack_logger - DEBUG - [syn_flood] [Run ID: 0a258b30-447f-449f-960d-a97ba9b1f9ef] Process stats - CPU: 0.0%, Memory: 60.4MB
2025-09-12 20:09:32,778 - attack_logger - DEBUG - [syn_flood] [Run ID: 0a258b30-447f-449f-960d-a97ba9b1f9ef] Timing factors - Circadian: 0.50, Workday: 0.50, Adjusted rate: 1.4 pps
2025-09-12 20:09:33,850 - attack_logger - INFO - [syn_flood] [Run ID: 0a258b30-447f-449f-960d-a97ba9b1f9ef] Attack progress: 7.4s elapsed, ~8 packets sent, Rate: 1.1 pps, Phase: break (intensity: 0.19)
2025-09-12 20:09:33,850 - attack_logger - DEBUG - [syn_flood] [Run ID: 0a258b30-447f-449f-960d-a97ba9b1f9ef] Process stats - CPU: 0.0%, Memory: 60.4MB
2025-09-12 20:09:33,850 - attack_logger - DEBUG - [syn_flood] [Run ID: 0a258b30-447f-449f-960d-a97ba9b1f9ef] Timing factors - Circadian: 0.50, Workday: 0.50, Adjusted rate: 1.1 pps
2025-09-12 20:09:34,455 - attack_logger - DEBUG - [syn_flood] [Run ID: 0a258b30-447f-449f-960d-a97ba9b1f9ef] Sent SIGINT to SYN flood process 38601
2025-09-12 20:09:34,957 - attack_logger - INFO - [syn_flood] [Run ID: 0a258b30-447f-449f-960d-a97ba9b1f9ef] Enhanced SYN Flood from h1 to 192.168.30.10 finished.
2025-09-12 20:09:34,957 - attack_logger - INFO - [syn_flood] [Run ID: 0a258b30-447f-449f-960d-a97ba9b1f9ef] Attack completed. Total packets sent = 56, Average rate = 6.98 packets/sec.
2025-09-12 20:09:34,957 - attack_logger - INFO - [syn_flood] [Run ID: 0a258b30-447f-449f-960d-a97ba9b1f9ef] --- Enhanced Attack Summary ---
2025-09-12 20:09:34,957 - attack_logger - INFO - [syn_flood] [Run ID: 0a258b30-447f-449f-960d-a97ba9b1f9ef] Total packets sent: 56
2025-09-12 20:09:34,957 - attack_logger - INFO - [syn_flood] [Run ID: 0a258b30-447f-449f-960d-a97ba9b1f9ef] Actual duration: 8.03s
2025-09-12 20:09:34,957 - attack_logger - INFO - [syn_flood] [Run ID: 0a258b30-447f-449f-960d-a97ba9b1f9ef] Average rate: 6.98 packets/sec
2025-09-12 20:09:34,957 - attack_logger - INFO - [syn_flood] [Run ID: 0a258b30-447f-449f-960d-a97ba9b1f9ef] Base rate: 28.3 pps
2025-09-12 20:09:34,957 - attack_logger - INFO - [syn_flood] [Run ID: 0a258b30-447f-449f-960d-a97ba9b1f9ef] Circadian factor: 0.50
2025-09-12 20:09:34,957 - attack_logger - INFO - [syn_flood] [Run ID: 0a258b30-447f-449f-960d-a97ba9b1f9ef] Workday factor: 0.50
2025-09-12 20:09:34,957 - attack_logger - INFO - [syn_flood] [Run ID: 0a258b30-447f-449f-960d-a97ba9b1f9ef] Session phases: 1
2025-09-12 20:09:34,957 - attack_logger - INFO - [syn_flood] [Run ID: 0a258b30-447f-449f-960d-a97ba9b1f9ef] Target port: 80
2025-09-12 20:09:34,957 - attack_logger - INFO - [syn_flood] [Run ID: 0a258b30-447f-449f-960d-a97ba9b1f9ef] Attack method: Enhanced SYN Flood with Human-like Timing
2025-09-12 20:09:34,957 - attack_logger - INFO - [syn_flood] [Run ID: 0a258b30-447f-449f-960d-a97ba9b1f9ef] Enhancement features: Human timing patterns, protocol compliance, network delay simulation
2025-09-12 20:09:34,957 - attack_logger - INFO - [syn_flood] [Run ID: 0a258b30-447f-449f-960d-a97ba9b1f9ef] TCP options: MSS, WScale, Timestamp, SAckOK
2025-09-12 20:09:34,957 - attack_logger - INFO - [syn_flood] [Run ID: 0a258b30-447f-449f-960d-a97ba9b1f9ef] ----------------------------------------
2025-09-12 20:09:35,027 - attack_logger - INFO - Attack: Enhanced SYN Flood completed.
2025-09-12 20:09:35,027 - attack_logger - INFO - Attack: Enhanced UDP Flood (22s) | h1 -> h6
2025-09-12 20:09:37,542 - attack_logger - INFO - [udp_flood] [Run ID: bd2fa35a-0f73-4e5c-b1d7-a4306d6f1093] Starting Enhanced UDP Flood from h1 to 192.168.30.10 for 22 seconds.
2025-09-12 20:09:37,542 - attack_logger - INFO - [udp_flood] [Run ID: bd2fa35a-0f73-4e5c-b1d7-a4306d6f1093] Attack Phase: Enhanced Traditional UDP Flood - Attacker: h1, Target: 192.168.30.10:53, Duration: 22s
2025-09-12 20:09:37,542 - attack_logger - INFO - [udp_flood] [Run ID: bd2fa35a-0f73-4e5c-b1d7-a4306d6f1093] Enhanced Features: Human-like timing, protocol compliance, network delay simulation
2025-09-12 20:09:37,542 - attack_logger - INFO - [udp_flood] [Run ID: bd2fa35a-0f73-4e5c-b1d7-a4306d6f1093] Stress phase: 6s, Advanced phase: 16s
2025-09-12 20:09:44,139 - attack_logger - INFO - [udp_flood] [Run ID: bd2fa35a-0f73-4e5c-b1d7-a4306d6f1093] Stress phase completed
2025-09-12 20:09:44,139 - attack_logger - INFO - [udp_flood] [Run ID: bd2fa35a-0f73-4e5c-b1d7-a4306d6f1093] Session pattern: 1 phases, Circadian factor: 0.50, Workday factor: 0.50
2025-09-12 20:09:44,139 - attack_logger - DEBUG - [udp_flood] [Run ID: bd2fa35a-0f73-4e5c-b1d7-a4306d6f1093] Starting enhanced UDP packet generation with human-like timing
2025-09-12 20:09:44,147 - attack_logger - INFO - [udp_flood] [Run ID: bd2fa35a-0f73-4e5c-b1d7-a4306d6f1093] Enhanced UDP flood process started (PID: 38610)
2025-09-12 20:09:47,190 - attack_logger - INFO - [udp_flood] [Run ID: bd2fa35a-0f73-4e5c-b1d7-a4306d6f1093] Attack progress: 3.0s elapsed, ~17 packets sent, Rate: 5.6 pps, Phase: active (intensity: 0.97)
2025-09-12 20:09:47,190 - attack_logger - DEBUG - [udp_flood] [Run ID: bd2fa35a-0f73-4e5c-b1d7-a4306d6f1093] Process stats - CPU: 0.0%, Memory: 60.4MB
2025-09-12 20:09:47,190 - attack_logger - DEBUG - [udp_flood] [Run ID: bd2fa35a-0f73-4e5c-b1d7-a4306d6f1093] Timing factors - Circadian: 0.50, Workday: 0.50, Adjusted rate: 5.9 pps
2025-09-12 20:09:50,265 - attack_logger - INFO - [udp_flood] [Run ID: bd2fa35a-0f73-4e5c-b1d7-a4306d6f1093] Attack progress: 6.1s elapsed, ~32 packets sent, Rate: 5.2 pps, Phase: active (intensity: 0.97)
2025-09-12 20:09:50,265 - attack_logger - DEBUG - [udp_flood] [Run ID: bd2fa35a-0f73-4e5c-b1d7-a4306d6f1093] Process stats - CPU: 0.0%, Memory: 60.4MB
2025-09-12 20:09:50,265 - attack_logger - DEBUG - [udp_flood] [Run ID: bd2fa35a-0f73-4e5c-b1d7-a4306d6f1093] Timing factors - Circadian: 0.50, Workday: 0.50, Adjusted rate: 5.3 pps
2025-09-12 20:09:53,360 - attack_logger - INFO - [udp_flood] [Run ID: bd2fa35a-0f73-4e5c-b1d7-a4306d6f1093] Attack progress: 9.2s elapsed, ~54 packets sent, Rate: 5.9 pps, Phase: active (intensity: 0.97)
2025-09-12 20:09:53,360 - attack_logger - DEBUG - [udp_flood] [Run ID: bd2fa35a-0f73-4e5c-b1d7-a4306d6f1093] Process stats - CPU: 0.0%, Memory: 60.6MB
2025-09-12 20:09:53,360 - attack_logger - DEBUG - [udp_flood] [Run ID: bd2fa35a-0f73-4e5c-b1d7-a4306d6f1093] Timing factors - Circadian: 0.50, Workday: 0.50, Adjusted rate: 5.9 pps
2025-09-12 20:09:56,443 - attack_logger - INFO - [udp_flood] [Run ID: bd2fa35a-0f73-4e5c-b1d7-a4306d6f1093] Attack progress: 12.3s elapsed, ~67 packets sent, Rate: 5.4 pps, Phase: active (intensity: 0.97)
2025-09-12 20:09:56,443 - attack_logger - DEBUG - [udp_flood] [Run ID: bd2fa35a-0f73-4e5c-b1d7-a4306d6f1093] Process stats - CPU: 0.0%, Memory: 60.6MB
2025-09-12 20:09:56,443 - attack_logger - DEBUG - [udp_flood] [Run ID: bd2fa35a-0f73-4e5c-b1d7-a4306d6f1093] Timing factors - Circadian: 0.50, Workday: 0.50, Adjusted rate: 5.5 pps
2025-09-12 20:09:59,525 - attack_logger - INFO - [udp_flood] [Run ID: bd2fa35a-0f73-4e5c-b1d7-a4306d6f1093] Attack progress: 15.4s elapsed, ~80 packets sent, Rate: 5.2 pps, Phase: active (intensity: 0.97)
2025-09-12 20:09:59,525 - attack_logger - DEBUG - [udp_flood] [Run ID: bd2fa35a-0f73-4e5c-b1d7-a4306d6f1093] Process stats - CPU: 0.0%, Memory: 60.6MB
2025-09-12 20:09:59,525 - attack_logger - DEBUG - [udp_flood] [Run ID: bd2fa35a-0f73-4e5c-b1d7-a4306d6f1093] Timing factors - Circadian: 0.50, Workday: 0.50, Adjusted rate: 5.2 pps
2025-09-12 20:10:00,162 - attack_logger - DEBUG - [udp_flood] [Run ID: bd2fa35a-0f73-4e5c-b1d7-a4306d6f1093] Sent SIGINT to UDP flood process 38610
2025-09-12 20:10:00,664 - attack_logger - INFO - [udp_flood] [Run ID: bd2fa35a-0f73-4e5c-b1d7-a4306d6f1093] Enhanced UDP Flood from h1 to 192.168.30.10 finished.
2025-09-12 20:10:00,664 - attack_logger - INFO - [udp_flood] [Run ID: bd2fa35a-0f73-4e5c-b1d7-a4306d6f1093] Attack completed. Total packets sent = 93, Average rate = 5.80 packets/sec.
2025-09-12 20:10:00,664 - attack_logger - INFO - [udp_flood] [Run ID: bd2fa35a-0f73-4e5c-b1d7-a4306d6f1093] --- Enhanced Attack Summary ---
2025-09-12 20:10:00,664 - attack_logger - INFO - [udp_flood] [Run ID: bd2fa35a-0f73-4e5c-b1d7-a4306d6f1093] Total packets sent: 93
2025-09-12 20:10:00,664 - attack_logger - INFO - [udp_flood] [Run ID: bd2fa35a-0f73-4e5c-b1d7-a4306d6f1093] Actual duration: 16.02s
2025-09-12 20:10:00,664 - attack_logger - INFO - [udp_flood] [Run ID: bd2fa35a-0f73-4e5c-b1d7-a4306d6f1093] Average rate: 5.80 packets/sec
2025-09-12 20:10:00,664 - attack_logger - INFO - [udp_flood] [Run ID: bd2fa35a-0f73-4e5c-b1d7-a4306d6f1093] Base rate: 23.3 pps
2025-09-12 20:10:00,664 - attack_logger - INFO - [udp_flood] [Run ID: bd2fa35a-0f73-4e5c-b1d7-a4306d6f1093] Circadian factor: 0.50
2025-09-12 20:10:00,664 - attack_logger - INFO - [udp_flood] [Run ID: bd2fa35a-0f73-4e5c-b1d7-a4306d6f1093] Workday factor: 0.50
2025-09-12 20:10:00,664 - attack_logger - INFO - [udp_flood] [Run ID: bd2fa35a-0f73-4e5c-b1d7-a4306d6f1093] Session phases: 1
2025-09-12 20:10:00,664 - attack_logger - INFO - [udp_flood] [Run ID: bd2fa35a-0f73-4e5c-b1d7-a4306d6f1093] Target port: 53 (DNS)
2025-09-12 20:10:00,664 - attack_logger - INFO - [udp_flood] [Run ID: bd2fa35a-0f73-4e5c-b1d7-a4306d6f1093] Attack method: Enhanced UDP Flood with Human-like Timing
2025-09-12 20:10:00,664 - attack_logger - INFO - [udp_flood] [Run ID: bd2fa35a-0f73-4e5c-b1d7-a4306d6f1093] Enhancement features: Human timing patterns, protocol compliance, network delay simulation
2025-09-12 20:10:00,664 - attack_logger - INFO - [udp_flood] [Run ID: bd2fa35a-0f73-4e5c-b1d7-a4306d6f1093] DNS payloads: Realistic query patterns with varied domains
2025-09-12 20:10:00,664 - attack_logger - INFO - [udp_flood] [Run ID: bd2fa35a-0f73-4e5c-b1d7-a4306d6f1093] ----------------------------------------
2025-09-12 20:10:00,743 - attack_logger - INFO - Attack: Enhanced UDP Flood completed.
2025-09-12 20:10:00,743 - attack_logger - INFO - Attack: Enhanced ICMP Flood (11s) | h1 -> h4
2025-09-12 20:10:03,255 - attack_logger - INFO - [icmp_flood] [Run ID: 19402a1f-164a-4209-b770-55f31a5f39ff] Starting Enhanced ICMP Flood with RFC 1918 IP Rotation from h1 to 192.168.20.12 for 11 seconds.
2025-09-12 20:10:03,256 - attack_logger - INFO - [icmp_flood] [Run ID: 19402a1f-164a-4209-b770-55f31a5f39ff] Attack Phase: Enhanced Traditional ICMP Flood - Attacker: h1, Target: 192.168.20.12, Duration: 11s
2025-09-12 20:10:03,256 - attack_logger - INFO - [icmp_flood] [Run ID: 19402a1f-164a-4209-b770-55f31a5f39ff] Enhanced Features: RFC 1918 IP rotation, human-like timing, protocol compliance, network delay simulation
2025-09-12 20:10:03,256 - attack_logger - INFO - [icmp_flood] [Run ID: 19402a1f-164a-4209-b770-55f31a5f39ff] IP Pool Size: 50 source IPs from RFC 1918 ranges (10.0.0.0/8, 172.16.0.0/12, 192.168.0.0/16)
2025-09-12 20:10:03,256 - attack_logger - INFO - [icmp_flood] [Run ID: 19402a1f-164a-4209-b770-55f31a5f39ff] Stress phase total: 3s (host: 1s, gateway: 2s), Advanced phase: 8s
2025-09-12 20:10:04,841 - attack_logger - INFO - [icmp_flood] [Run ID: 19402a1f-164a-4209-b770-55f31a5f39ff] Host stress sub-phase completed
2025-09-12 20:10:07,413 - attack_logger - INFO - [icmp_flood] [Run ID: 19402a1f-164a-4209-b770-55f31a5f39ff] Gateway stress sub-phase completed
2025-09-12 20:10:07,413 - attack_logger - INFO - [icmp_flood] [Run ID: 19402a1f-164a-4209-b770-55f31a5f39ff] Session pattern: 1 phases, Circadian factor: 0.50, Workday factor: 0.50
2025-09-12 20:10:07,414 - attack_logger - DEBUG - [icmp_flood] [Run ID: 19402a1f-164a-4209-b770-55f31a5f39ff] Starting enhanced ICMP packet generation with IP rotation and human-like timing
2025-09-12 20:10:07,422 - attack_logger - INFO - [icmp_flood] [Run ID: 19402a1f-164a-4209-b770-55f31a5f39ff] Enhanced ICMP flood with IP rotation process started (PID: 38623)
2025-09-12 20:10:08,466 - attack_logger - INFO - [icmp_flood] [Run ID: 19402a1f-164a-4209-b770-55f31a5f39ff] Attack progress: 1.1s elapsed, ~6 packets sent, Rate: 5.7 pps, IP rotations: ~0, Phase: active (intensity: 0.83)
2025-09-12 20:10:08,466 - attack_logger - DEBUG - [icmp_flood] [Run ID: 19402a1f-164a-4209-b770-55f31a5f39ff] Process stats - CPU: 0.0%, Memory: 60.2MB
2025-09-12 20:10:08,466 - attack_logger - DEBUG - [icmp_flood] [Run ID: 19402a1f-164a-4209-b770-55f31a5f39ff] Timing factors - Circadian: 0.50, Workday: 0.50, Adjusted rate: 5.8 pps
2025-09-12 20:10:09,563 - attack_logger - INFO - [icmp_flood] [Run ID: 19402a1f-164a-4209-b770-55f31a5f39ff] Attack progress: 2.1s elapsed, ~10 packets sent, Rate: 4.7 pps, IP rotations: ~0, Phase: active (intensity: 0.83)
2025-09-12 20:10:09,563 - attack_logger - DEBUG - [icmp_flood] [Run ID: 19402a1f-164a-4209-b770-55f31a5f39ff] Process stats - CPU: 0.0%, Memory: 60.4MB
2025-09-12 20:10:09,563 - attack_logger - DEBUG - [icmp_flood] [Run ID: 19402a1f-164a-4209-b770-55f31a5f39ff] Timing factors - Circadian: 0.50, Workday: 0.50, Adjusted rate: 5.0 pps
2025-09-12 20:10:10,639 - attack_logger - INFO - [icmp_flood] [Run ID: 19402a1f-164a-4209-b770-55f31a5f39ff] Attack progress: 3.2s elapsed, ~17 packets sent, Rate: 5.3 pps, IP rotations: ~1, Phase: active (intensity: 0.83)
2025-09-12 20:10:10,639 - attack_logger - DEBUG - [icmp_flood] [Run ID: 19402a1f-164a-4209-b770-55f31a5f39ff] Process stats - CPU: 0.0%, Memory: 60.4MB
2025-09-12 20:10:10,639 - attack_logger - DEBUG - [icmp_flood] [Run ID: 19402a1f-164a-4209-b770-55f31a5f39ff] Timing factors - Circadian: 0.50, Workday: 0.50, Adjusted rate: 5.3 pps
2025-09-12 20:10:11,657 - attack_logger - INFO - [icmp_flood] [Run ID: 19402a1f-164a-4209-b770-55f31a5f39ff] Attack progress: 4.2s elapsed, ~21 packets sent, Rate: 4.9 pps, IP rotations: ~1, Phase: active (intensity: 0.83)
2025-09-12 20:10:11,657 - attack_logger - DEBUG - [icmp_flood] [Run ID: 19402a1f-164a-4209-b770-55f31a5f39ff] Process stats - CPU: 0.0%, Memory: 60.4MB
2025-09-12 20:10:11,657 - attack_logger - DEBUG - [icmp_flood] [Run ID: 19402a1f-164a-4209-b770-55f31a5f39ff] Timing factors - Circadian: 0.50, Workday: 0.50, Adjusted rate: 5.1 pps
2025-09-12 20:10:12,670 - attack_logger - INFO - [icmp_flood] [Run ID: 19402a1f-164a-4209-b770-55f31a5f39ff] Attack progress: 5.3s elapsed, ~24 packets sent, Rate: 4.6 pps, IP rotations: ~1, Phase: active (intensity: 0.83)
2025-09-12 20:10:12,670 - attack_logger - DEBUG - [icmp_flood] [Run ID: 19402a1f-164a-4209-b770-55f31a5f39ff] Process stats - CPU: 0.0%, Memory: 60.4MB
2025-09-12 20:10:12,670 - attack_logger - DEBUG - [icmp_flood] [Run ID: 19402a1f-164a-4209-b770-55f31a5f39ff] Timing factors - Circadian: 0.50, Workday: 0.50, Adjusted rate: 4.7 pps
2025-09-12 20:10:13,708 - attack_logger - INFO - [icmp_flood] [Run ID: 19402a1f-164a-4209-b770-55f31a5f39ff] Attack progress: 6.3s elapsed, ~36 packets sent, Rate: 5.7 pps, IP rotations: ~2, Phase: active (intensity: 0.83)
2025-09-12 20:10:13,708 - attack_logger - DEBUG - [icmp_flood] [Run ID: 19402a1f-164a-4209-b770-55f31a5f39ff] Process stats - CPU: 0.0%, Memory: 60.4MB
2025-09-12 20:10:13,709 - attack_logger - DEBUG - [icmp_flood] [Run ID: 19402a1f-164a-4209-b770-55f31a5f39ff] Timing factors - Circadian: 0.50, Workday: 0.50, Adjusted rate: 5.7 pps
2025-09-12 20:10:14,776 - attack_logger - INFO - [icmp_flood] [Run ID: 19402a1f-164a-4209-b770-55f31a5f39ff] Attack progress: 7.4s elapsed, ~37 packets sent, Rate: 5.0 pps, IP rotations: ~2, Phase: active (intensity: 0.83)
2025-09-12 20:10:14,776 - attack_logger - DEBUG - [icmp_flood] [Run ID: 19402a1f-164a-4209-b770-55f31a5f39ff] Process stats - CPU: 0.0%, Memory: 60.4MB
2025-09-12 20:10:14,776 - attack_logger - DEBUG - [icmp_flood] [Run ID: 19402a1f-164a-4209-b770-55f31a5f39ff] Timing factors - Circadian: 0.50, Workday: 0.50, Adjusted rate: 5.1 pps
2025-09-12 20:10:15,474 - attack_logger - DEBUG - [icmp_flood] [Run ID: 19402a1f-164a-4209-b770-55f31a5f39ff] Sent SIGINT to ICMP flood process 38623
2025-09-12 20:10:15,978 - attack_logger - INFO - [icmp_flood] [Run ID: 19402a1f-164a-4209-b770-55f31a5f39ff] Enhanced ICMP Flood with RFC 1918 IP Rotation from h1 to 192.168.20.12 finished.
2025-09-12 20:10:15,978 - attack_logger - INFO - [icmp_flood] [Run ID: 19402a1f-164a-4209-b770-55f31a5f39ff] Attack completed. Total packets sent = 46, Average rate = 5.71 packets/sec.
2025-09-12 20:10:15,978 - attack_logger - INFO - [icmp_flood] [Run ID: 19402a1f-164a-4209-b770-55f31a5f39ff] --- Enhanced Attack Summary ---
2025-09-12 20:10:15,978 - attack_logger - INFO - [icmp_flood] [Run ID: 19402a1f-164a-4209-b770-55f31a5f39ff] Total packets sent: 46
2025-09-12 20:10:15,978 - attack_logger - INFO - [icmp_flood] [Run ID: 19402a1f-164a-4209-b770-55f31a5f39ff] Total IP rotations: ~3
2025-09-12 20:10:15,978 - attack_logger - INFO - [icmp_flood] [Run ID: 19402a1f-164a-4209-b770-55f31a5f39ff] RFC 1918 IP pool size: 50
2025-09-12 20:10:15,978 - attack_logger - INFO - [icmp_flood] [Run ID: 19402a1f-164a-4209-b770-55f31a5f39ff] IP ranges used: 10.0.0.0/8, 172.16.0.0/12, 192.168.0.0/16
2025-09-12 20:10:15,978 - attack_logger - INFO - [icmp_flood] [Run ID: 19402a1f-164a-4209-b770-55f31a5f39ff] Actual duration: 8.06s
2025-09-12 20:10:15,978 - attack_logger - INFO - [icmp_flood] [Run ID: 19402a1f-164a-4209-b770-55f31a5f39ff] Average rate: 5.71 packets/sec
2025-09-12 20:10:15,978 - attack_logger - INFO - [icmp_flood] [Run ID: 19402a1f-164a-4209-b770-55f31a5f39ff] Base rate: 23.2 pps
2025-09-12 20:10:15,978 - attack_logger - INFO - [icmp_flood] [Run ID: 19402a1f-164a-4209-b770-55f31a5f39ff] Circadian factor: 0.50
2025-09-12 20:10:15,978 - attack_logger - INFO - [icmp_flood] [Run ID: 19402a1f-164a-4209-b770-55f31a5f39ff] Workday factor: 0.50
2025-09-12 20:10:15,978 - attack_logger - INFO - [icmp_flood] [Run ID: 19402a1f-164a-4209-b770-55f31a5f39ff] Session phases: 1
2025-09-12 20:10:15,978 - attack_logger - INFO - [icmp_flood] [Run ID: 19402a1f-164a-4209-b770-55f31a5f39ff] ICMP type: Echo Request (8) with ID/Seq variations
2025-09-12 20:10:15,978 - attack_logger - INFO - [icmp_flood] [Run ID: 19402a1f-164a-4209-b770-55f31a5f39ff] Attack method: Enhanced ICMP Flood with RFC 1918 IP Rotation
2025-09-12 20:10:15,978 - attack_logger - INFO - [icmp_flood] [Run ID: 19402a1f-164a-4209-b770-55f31a5f39ff] Enhancement features: RFC 1918 IP rotation, human timing patterns, protocol compliance, network delay simulation
2025-09-12 20:10:15,978 - attack_logger - INFO - [icmp_flood] [Run ID: 19402a1f-164a-4209-b770-55f31a5f39ff] ----------------------------------------
2025-09-12 20:10:16,018 - attack_logger - INFO - Attack: Enhanced ICMP Flood completed.
2025-09-12 20:10:16,532 - attack_logger - INFO - Attack: ENHANCED Adversarial TCP State Exhaustion (8s) | h1 -> h6
2025-09-12 20:10:27,758 - attack_logger - INFO - Attack: ENHANCED Adversarial Application Layer (3s) | h1 -> h6
2025-09-12 20:10:34,017 - attack_logger - INFO - Attack: ENHANCED Adversarial Slow Read (9s) | h1 -> h6
2025-09-12 20:10:46,307 - attack_logger - INFO - Attack: ENHANCED Adversarial Slow Read completed.
