2025-09-12 20:05:58 - [BENIGN] - INFO - Starting benign traffic for 200 seconds...
2025-09-12 20:05:58 - [BENIGN] - INFO - Protocol separation: h2↔h5 (ICMP), h3↔h5 (TCP/UDP)
2025-09-12 20:05:58 - [BENIGN] - DEBUG - Generated ICMP traffic h2↔h5 0 [len=84B]
2025-09-12 20:05:59 - [BENIGN] - DEBUG - Generated TCP SYN from h3:3793 -> h5:12345 [len=54B]
2025-09-12 20:05:59 - [BENIGN] - DEBUG - Generated TCP SYN-ACK from h5:12345 <- h3:3793 [len=54B]
2025-09-12 20:06:00 - [BENIGN] - DEBUG - Generated TCP ACK from h3:3793 -> h5:12345 [len=54B]
2025-09-12 20:06:01 - [BENIGN] - DEBUG - Generated TCP data traffic from h3:3793 -> h5:12345 [content='TCP data'] [Session 1] [len=510B]
2025-09-12 20:06:01 - [BENIGN] - DEBUG - Generated TCP ACK reply from h5:12345 <- h3:3793 [len=54B]
2025-09-12 20:06:02 - [BENIGN] - DEBUG - Generated UDP traffic from h3:21380 -> h5:12346 [content='5e2a6d01c45c3917d8def00a533d130b55696055...'] [Session 2] [len=503B]
2025-09-12 20:06:02 - [BENIGN] - DEBUG - Generated Telnet SYN from h3:64809 -> h5:23 [len=54B]
2025-09-12 20:06:03 - [BENIGN] - DEBUG - Generated Telnet SYN-ACK from h5:23 <- h3:64809 [len=54B]
2025-09-12 20:06:04 - [BENIGN] - DEBUG - Generated Telnet ACK from h3:64809 -> h5:23 [len=54B]
2025-09-12 20:06:04 - [BENIGN] - DEBUG - Generated Telnet data traffic from h3:64809 -> h5:23 [content='Telnet command'] [Session 3] [len=615B]
2025-09-12 20:06:05 - [BENIGN] - DEBUG - Generated Telnet ACK reply from h5:23 <- h3:64809 [len=54B]
2025-09-12 20:06:06 - [BENIGN] - DEBUG - Generated SSH SYN from h3:35906 -> h5:22 [len=54B]
2025-09-12 20:06:06 - [BENIGN] - DEBUG - Generated SSH SYN-ACK from h5:22 <- h3:35906 [len=54B]
2025-09-12 20:06:07 - [BENIGN] - DEBUG - Generated SSH ACK from h3:35906 -> h5:22 [len=54B]
2025-09-12 20:06:08 - [BENIGN] - DEBUG - Generated SSH data traffic from h3:35906 -> h5:22 [content='SSH encrypted data'] [Session 4] [len=1332B]
2025-09-12 20:06:08 - [BENIGN] - DEBUG - Generated SSH ACK reply from h5:22 <- h3:35906 [len=54B]
2025-09-12 20:06:09 - [BENIGN] - DEBUG - Generated FTP SYN from h3:13546 -> h5:21 [len=54B]
2025-09-12 20:06:10 - [BENIGN] - DEBUG - Generated FTP SYN-ACK from h5:21 <- h3:13546 [len=54B]
2025-09-12 20:06:10 - [BENIGN] - DEBUG - Generated FTP ACK from h3:13546 -> h5:21 [len=54B]
2025-09-12 20:06:11 - [BENIGN] - DEBUG - Generated FTP data traffic from h3:13546 -> h5:21 [content='FTP file transfer'] [Session 5] [len=988B]
2025-09-12 20:06:12 - [BENIGN] - DEBUG - Generated FTP ACK reply from h5:21 <- h3:13546 [len=54B]
2025-09-12 20:06:12 - [BENIGN] - DEBUG - Generated HTTP SYN from h3:24630 -> h5:80 [len=54B]
2025-09-12 20:06:13 - [BENIGN] - DEBUG - Generated HTTP SYN-ACK from h5:80 <- h3:24630 [len=54B]
2025-09-12 20:06:14 - [BENIGN] - DEBUG - Generated HTTP ACK from h3:24630 -> h5:80 [len=54B]
2025-09-12 20:06:14 - [BENIGN] - DEBUG - Generated HTTP data traffic from h3:24630 -> h5:80 [content='GET /index.html HTTP/1.1'] [Session 6] [len=486B]
2025-09-12 20:06:15 - [BENIGN] - DEBUG - Generated HTTP ACK reply from h5:80 <- h3:24630 [len=54B]
2025-09-12 20:06:15 - [BENIGN] - DEBUG - Generated HTTPS SYN from h3:5193 -> h5:443 [len=54B]
2025-09-12 20:06:16 - [BENIGN] - DEBUG - Generated HTTPS SYN-ACK from h5:443 <- h3:5193 [len=54B]
2025-09-12 20:06:17 - [BENIGN] - DEBUG - Generated HTTPS ACK from h3:5193 -> h5:443 [len=54B]
2025-09-12 20:06:17 - [BENIGN] - DEBUG - Generated HTTPS data traffic from h3:5193 -> h5:443 [content='Encrypted Application Data'] [Session 7] [len=623B]
2025-09-12 20:06:18 - [BENIGN] - DEBUG - Generated HTTPS ACK reply from h5:443 <- h3:5193 [len=54B]
2025-09-12 20:06:19 - [BENIGN] - DEBUG - Generated DNS query from h3:17831 -> h5:53 [qname='example.com'] [Session 8] [len=71B]
2025-09-12 20:06:19 - [BENIGN] - DEBUG - Generated ICMP traffic h2↔h5 1 [len=84B]
2025-09-12 20:06:19 - [BENIGN] - DEBUG - Generated TCP SYN from h3:61807 -> h5:12345 [len=54B]
2025-09-12 20:06:20 - [BENIGN] - DEBUG - Generated TCP SYN-ACK from h5:12345 <- h3:61807 [len=54B]
2025-09-12 20:06:21 - [BENIGN] - DEBUG - Generated TCP ACK from h3:61807 -> h5:12345 [len=54B]
2025-09-12 20:06:21 - [BENIGN] - DEBUG - Generated TCP data traffic from h3:61807 -> h5:12345 [content='TCP data'] [Session 9] [len=1181B]
2025-09-12 20:06:22 - [BENIGN] - DEBUG - Generated TCP ACK reply from h5:12345 <- h3:61807 [len=54B]
2025-09-12 20:06:22 - [BENIGN] - DEBUG - Generated UDP traffic from h3:63655 -> h5:12346 [content='d8f0992e0a952ca79c5bd4eb6fa48eb9f726b96a...'] [Session 10] [len=158B]
2025-09-12 20:06:23 - [BENIGN] - DEBUG - Generated Telnet SYN from h3:45637 -> h5:23 [len=54B]
2025-09-12 20:06:24 - [BENIGN] - DEBUG - Generated Telnet SYN-ACK from h5:23 <- h3:45637 [len=54B]
2025-09-12 20:06:24 - [BENIGN] - DEBUG - Generated Telnet ACK from h3:45637 -> h5:23 [len=54B]
2025-09-12 20:06:25 - [BENIGN] - DEBUG - Generated Telnet data traffic from h3:45637 -> h5:23 [content='Telnet command'] [Session 11] [len=1447B]
2025-09-12 20:06:26 - [BENIGN] - DEBUG - Generated Telnet ACK reply from h5:23 <- h3:45637 [len=54B]
2025-09-12 20:06:26 - [BENIGN] - DEBUG - Generated SSH SYN from h3:26099 -> h5:22 [len=54B]
2025-09-12 20:06:27 - [BENIGN] - DEBUG - Generated SSH SYN-ACK from h5:22 <- h3:26099 [len=54B]
2025-09-12 20:06:28 - [BENIGN] - DEBUG - Generated SSH ACK from h3:26099 -> h5:22 [len=54B]
2025-09-12 20:06:28 - [BENIGN] - DEBUG - Generated SSH data traffic from h3:26099 -> h5:22 [content='SSH encrypted data'] [Session 12] [len=1251B]
2025-09-12 20:06:29 - [BENIGN] - DEBUG - Generated SSH ACK reply from h5:22 <- h3:26099 [len=54B]
2025-09-12 20:06:29 - [BENIGN] - DEBUG - Generated FTP SYN from h3:63027 -> h5:21 [len=54B]
2025-09-12 20:06:30 - [BENIGN] - DEBUG - Generated FTP SYN-ACK from h5:21 <- h3:63027 [len=54B]
2025-09-12 20:06:31 - [BENIGN] - DEBUG - Generated FTP ACK from h3:63027 -> h5:21 [len=54B]
2025-09-12 20:06:31 - [BENIGN] - DEBUG - Generated FTP data traffic from h3:63027 -> h5:21 [content='FTP file transfer'] [Session 13] [len=1059B]
2025-09-12 20:06:32 - [BENIGN] - DEBUG - Generated FTP ACK reply from h5:21 <- h3:63027 [len=54B]
2025-09-12 20:06:33 - [BENIGN] - DEBUG - Generated HTTP SYN from h3:44589 -> h5:80 [len=54B]
2025-09-12 20:06:33 - [BENIGN] - DEBUG - Generated HTTP SYN-ACK from h5:80 <- h3:44589 [len=54B]
2025-09-12 20:06:34 - [BENIGN] - DEBUG - Generated HTTP ACK from h3:44589 -> h5:80 [len=54B]
2025-09-12 20:06:34 - [BENIGN] - DEBUG - Generated HTTP data traffic from h3:44589 -> h5:80 [content='GET /index.html HTTP/1.1'] [Session 14] [len=642B]
2025-09-12 20:06:35 - [BENIGN] - DEBUG - Generated HTTP ACK reply from h5:80 <- h3:44589 [len=54B]
2025-09-12 20:06:36 - [BENIGN] - DEBUG - Generated HTTPS SYN from h3:58662 -> h5:443 [len=54B]
2025-09-12 20:06:36 - [BENIGN] - DEBUG - Generated HTTPS SYN-ACK from h5:443 <- h3:58662 [len=54B]
2025-09-12 20:06:37 - [BENIGN] - DEBUG - Generated HTTPS ACK from h3:58662 -> h5:443 [len=54B]
2025-09-12 20:06:38 - [BENIGN] - DEBUG - Generated HTTPS data traffic from h3:58662 -> h5:443 [content='Encrypted Application Data'] [Session 15] [len=302B]
2025-09-12 20:06:38 - [BENIGN] - DEBUG - Generated HTTPS ACK reply from h5:443 <- h3:58662 [len=54B]
2025-09-12 20:06:39 - [BENIGN] - DEBUG - Generated DNS query from h3:17873 -> h5:53 [qname='example.com'] [Session 16] [len=71B]
2025-09-12 20:06:39 - [BENIGN] - DEBUG - Generated ICMP traffic h2↔h5 2 [len=84B]
2025-09-12 20:06:40 - [BENIGN] - DEBUG - Generated TCP SYN from h3:6163 -> h5:12345 [len=54B]
2025-09-12 20:06:40 - [BENIGN] - DEBUG - Generated TCP SYN-ACK from h5:12345 <- h3:6163 [len=54B]
2025-09-12 20:06:41 - [BENIGN] - DEBUG - Generated TCP ACK from h3:6163 -> h5:12345 [len=54B]
2025-09-12 20:06:42 - [BENIGN] - DEBUG - Generated TCP data traffic from h3:6163 -> h5:12345 [content='TCP data'] [Session 17] [len=377B]
2025-09-12 20:06:42 - [BENIGN] - DEBUG - Generated TCP ACK reply from h5:12345 <- h3:6163 [len=54B]
2025-09-12 20:06:43 - [BENIGN] - DEBUG - Generated UDP traffic from h3:26774 -> h5:12346 [content='435c3abcccba94baf98b587351967fb239c421a3...'] [Session 18] [len=579B]
2025-09-12 20:06:43 - [BENIGN] - DEBUG - Generated Telnet SYN from h3:22935 -> h5:23 [len=54B]
2025-09-12 20:06:44 - [BENIGN] - DEBUG - Generated Telnet SYN-ACK from h5:23 <- h3:22935 [len=54B]
2025-09-12 20:06:45 - [BENIGN] - DEBUG - Generated Telnet ACK from h3:22935 -> h5:23 [len=54B]
2025-09-12 20:06:45 - [BENIGN] - DEBUG - Generated Telnet data traffic from h3:22935 -> h5:23 [content='Telnet command'] [Session 19] [len=1288B]
2025-09-12 20:06:46 - [BENIGN] - DEBUG - Generated Telnet ACK reply from h5:23 <- h3:22935 [len=54B]
2025-09-12 20:06:46 - [BENIGN] - DEBUG - Generated SSH SYN from h3:42100 -> h5:22 [len=54B]
2025-09-12 20:06:47 - [BENIGN] - DEBUG - Generated SSH SYN-ACK from h5:22 <- h3:42100 [len=54B]
2025-09-12 20:06:48 - [BENIGN] - DEBUG - Generated SSH ACK from h3:42100 -> h5:22 [len=54B]
2025-09-12 20:06:48 - [BENIGN] - DEBUG - Generated SSH data traffic from h3:42100 -> h5:22 [content='SSH encrypted data'] [Session 20] [len=600B]
2025-09-12 20:06:49 - [BENIGN] - DEBUG - Generated SSH ACK reply from h5:22 <- h3:42100 [len=54B]
2025-09-12 20:06:50 - [BENIGN] - DEBUG - Generated FTP SYN from h3:20328 -> h5:21 [len=54B]
2025-09-12 20:06:50 - [BENIGN] - DEBUG - Generated FTP SYN-ACK from h5:21 <- h3:20328 [len=54B]
2025-09-12 20:06:51 - [BENIGN] - DEBUG - Generated FTP ACK from h3:20328 -> h5:21 [len=54B]
2025-09-12 20:06:52 - [BENIGN] - DEBUG - Generated FTP data traffic from h3:20328 -> h5:21 [content='FTP file transfer'] [Session 21] [len=736B]
2025-09-12 20:06:52 - [BENIGN] - DEBUG - Generated FTP ACK reply from h5:21 <- h3:20328 [len=54B]
2025-09-12 20:06:53 - [BENIGN] - DEBUG - Generated HTTP SYN from h3:22815 -> h5:80 [len=54B]
2025-09-12 20:06:53 - [BENIGN] - DEBUG - Generated HTTP SYN-ACK from h5:80 <- h3:22815 [len=54B]
2025-09-12 20:06:54 - [BENIGN] - DEBUG - Generated HTTP ACK from h3:22815 -> h5:80 [len=54B]
2025-09-12 20:06:55 - [BENIGN] - DEBUG - Generated HTTP data traffic from h3:22815 -> h5:80 [content='GET /index.html HTTP/1.1'] [Session 22] [len=400B]
2025-09-12 20:06:55 - [BENIGN] - DEBUG - Generated HTTP ACK reply from h5:80 <- h3:22815 [len=54B]
2025-09-12 20:06:56 - [BENIGN] - DEBUG - Generated HTTPS SYN from h3:38134 -> h5:443 [len=54B]
2025-09-12 20:06:57 - [BENIGN] - DEBUG - Generated HTTPS SYN-ACK from h5:443 <- h3:38134 [len=54B]
2025-09-12 20:06:57 - [BENIGN] - DEBUG - Generated HTTPS ACK from h3:38134 -> h5:443 [len=54B]
2025-09-12 20:06:58 - [BENIGN] - DEBUG - Generated HTTPS data traffic from h3:38134 -> h5:443 [content='Encrypted Application Data'] [Session 23] [len=731B]
2025-09-12 20:06:58 - [BENIGN] - DEBUG - Generated HTTPS ACK reply from h5:443 <- h3:38134 [len=54B]
2025-09-12 20:06:59 - [BENIGN] - DEBUG - Generated DNS query from h3:35461 -> h5:53 [qname='example.com'] [Session 24] [len=71B]
2025-09-12 20:06:59 - [BENIGN] - DEBUG - Generated ICMP traffic h2↔h5 3 [len=84B]
2025-09-12 20:07:00 - [BENIGN] - DEBUG - Generated TCP SYN from h3:43911 -> h5:12345 [len=54B]
2025-09-12 20:07:00 - [BENIGN] - DEBUG - Generated TCP SYN-ACK from h5:12345 <- h3:43911 [len=54B]
2025-09-12 20:07:01 - [BENIGN] - DEBUG - Generated TCP ACK from h3:43911 -> h5:12345 [len=54B]
2025-09-12 20:07:02 - [BENIGN] - DEBUG - Generated TCP data traffic from h3:43911 -> h5:12345 [content='TCP data'] [Session 25] [len=506B]
2025-09-12 20:07:02 - [BENIGN] - DEBUG - Generated TCP ACK reply from h5:12345 <- h3:43911 [len=54B]
2025-09-12 20:07:03 - [BENIGN] - DEBUG - Generated UDP traffic from h3:48453 -> h5:12346 [content='c0d9d22723c2d0d31b0465257741321257c49f8e...'] [Session 26] [len=1294B]
2025-09-12 20:07:03 - [BENIGN] - DEBUG - Generated Telnet SYN from h3:5547 -> h5:23 [len=54B]
2025-09-12 20:07:04 - [BENIGN] - DEBUG - Generated Telnet SYN-ACK from h5:23 <- h3:5547 [len=54B]
2025-09-12 20:07:05 - [BENIGN] - DEBUG - Generated Telnet ACK from h3:5547 -> h5:23 [len=54B]
2025-09-12 20:07:05 - [BENIGN] - DEBUG - Generated Telnet data traffic from h3:5547 -> h5:23 [content='Telnet command'] [Session 27] [len=1306B]
2025-09-12 20:07:06 - [BENIGN] - DEBUG - Generated Telnet ACK reply from h5:23 <- h3:5547 [len=54B]
2025-09-12 20:07:07 - [BENIGN] - DEBUG - Generated SSH SYN from h3:58797 -> h5:22 [len=54B]
2025-09-12 20:07:07 - [BENIGN] - DEBUG - Generated SSH SYN-ACK from h5:22 <- h3:58797 [len=54B]
2025-09-12 20:07:08 - [BENIGN] - DEBUG - Generated SSH ACK from h3:58797 -> h5:22 [len=54B]
2025-09-12 20:07:08 - [BENIGN] - DEBUG - Generated SSH data traffic from h3:58797 -> h5:22 [content='SSH encrypted data'] [Session 28] [len=1314B]
2025-09-12 20:07:09 - [BENIGN] - DEBUG - Generated SSH ACK reply from h5:22 <- h3:58797 [len=54B]
2025-09-12 20:07:10 - [BENIGN] - DEBUG - Generated FTP SYN from h3:12420 -> h5:21 [len=54B]
2025-09-12 20:07:10 - [BENIGN] - DEBUG - Generated FTP SYN-ACK from h5:21 <- h3:12420 [len=54B]
2025-09-12 20:07:11 - [BENIGN] - DEBUG - Generated FTP ACK from h3:12420 -> h5:21 [len=54B]
2025-09-12 20:07:12 - [BENIGN] - DEBUG - Generated FTP data traffic from h3:12420 -> h5:21 [content='FTP file transfer'] [Session 29] [len=533B]
2025-09-12 20:07:12 - [BENIGN] - DEBUG - Generated FTP ACK reply from h5:21 <- h3:12420 [len=54B]
2025-09-12 20:07:13 - [BENIGN] - DEBUG - Generated HTTP SYN from h3:44679 -> h5:80 [len=54B]
2025-09-12 20:07:13 - [BENIGN] - DEBUG - Generated HTTP SYN-ACK from h5:80 <- h3:44679 [len=54B]
2025-09-12 20:07:14 - [BENIGN] - DEBUG - Generated HTTP ACK from h3:44679 -> h5:80 [len=54B]
2025-09-12 20:07:15 - [BENIGN] - DEBUG - Generated HTTP data traffic from h3:44679 -> h5:80 [content='GET /index.html HTTP/1.1'] [Session 30] [len=297B]
2025-09-12 20:07:15 - [BENIGN] - DEBUG - Generated HTTP ACK reply from h5:80 <- h3:44679 [len=54B]
2025-09-12 20:07:16 - [BENIGN] - DEBUG - Generated HTTPS SYN from h3:65055 -> h5:443 [len=54B]
2025-09-12 20:07:17 - [BENIGN] - DEBUG - Generated HTTPS SYN-ACK from h5:443 <- h3:65055 [len=54B]
2025-09-12 20:07:17 - [BENIGN] - DEBUG - Generated HTTPS ACK from h3:65055 -> h5:443 [len=54B]
2025-09-12 20:07:18 - [BENIGN] - DEBUG - Generated HTTPS data traffic from h3:65055 -> h5:443 [content='Encrypted Application Data'] [Session 31] [len=291B]
2025-09-12 20:07:18 - [BENIGN] - DEBUG - Generated HTTPS ACK reply from h5:443 <- h3:65055 [len=54B]
2025-09-12 20:07:19 - [BENIGN] - DEBUG - Generated DNS query from h3:28557 -> h5:53 [qname='example.com'] [Session 32] [len=71B]
2025-09-12 20:07:19 - [BENIGN] - DEBUG - Generated ICMP traffic h2↔h5 4 [len=84B]
2025-09-12 20:07:20 - [BENIGN] - DEBUG - Generated TCP SYN from h3:20809 -> h5:12345 [len=54B]
2025-09-12 20:07:20 - [BENIGN] - DEBUG - Generated TCP SYN-ACK from h5:12345 <- h3:20809 [len=54B]
2025-09-12 20:07:21 - [BENIGN] - DEBUG - Generated TCP ACK from h3:20809 -> h5:12345 [len=54B]
2025-09-12 20:07:22 - [BENIGN] - DEBUG - Generated TCP data traffic from h3:20809 -> h5:12345 [content='TCP data'] [Session 33] [len=865B]
2025-09-12 20:07:22 - [BENIGN] - DEBUG - Generated TCP ACK reply from h5:12345 <- h3:20809 [len=54B]
2025-09-12 20:07:23 - [BENIGN] - DEBUG - Generated UDP traffic from h3:1866 -> h5:12346 [content='2bb2184a6214305429e1d5d04da10700334c119b...'] [Session 34] [len=1280B]
2025-09-12 20:07:23 - [BENIGN] - DEBUG - Generated Telnet SYN from h3:53811 -> h5:23 [len=54B]
2025-09-12 20:07:24 - [BENIGN] - DEBUG - Generated Telnet SYN-ACK from h5:23 <- h3:53811 [len=54B]
2025-09-12 20:07:25 - [BENIGN] - DEBUG - Generated Telnet ACK from h3:53811 -> h5:23 [len=54B]
2025-09-12 20:07:25 - [BENIGN] - DEBUG - Generated Telnet data traffic from h3:53811 -> h5:23 [content='Telnet command'] [Session 35] [len=337B]
2025-09-12 20:07:26 - [BENIGN] - DEBUG - Generated Telnet ACK reply from h5:23 <- h3:53811 [len=54B]
2025-09-12 20:07:27 - [BENIGN] - DEBUG - Generated SSH SYN from h3:2271 -> h5:22 [len=54B]
2025-09-12 20:07:27 - [BENIGN] - DEBUG - Generated SSH SYN-ACK from h5:22 <- h3:2271 [len=54B]
2025-09-12 20:07:28 - [BENIGN] - DEBUG - Generated SSH ACK from h3:2271 -> h5:22 [len=54B]
2025-09-12 20:07:28 - [BENIGN] - DEBUG - Generated SSH data traffic from h3:2271 -> h5:22 [content='SSH encrypted data'] [Session 36] [len=1545B]
2025-09-12 20:07:29 - [BENIGN] - DEBUG - Generated SSH ACK reply from h5:22 <- h3:2271 [len=54B]
2025-09-12 20:07:30 - [BENIGN] - DEBUG - Generated FTP SYN from h3:53303 -> h5:21 [len=54B]
2025-09-12 20:07:30 - [BENIGN] - DEBUG - Generated FTP SYN-ACK from h5:21 <- h3:53303 [len=54B]
2025-09-12 20:07:31 - [BENIGN] - DEBUG - Generated FTP ACK from h3:53303 -> h5:21 [len=54B]
2025-09-12 20:07:32 - [BENIGN] - DEBUG - Generated FTP data traffic from h3:53303 -> h5:21 [content='FTP file transfer'] [Session 37] [len=1086B]
2025-09-12 20:07:32 - [BENIGN] - DEBUG - Generated FTP ACK reply from h5:21 <- h3:53303 [len=54B]
2025-09-12 20:07:33 - [BENIGN] - DEBUG - Generated HTTP SYN from h3:58553 -> h5:80 [len=54B]
2025-09-12 20:07:33 - [BENIGN] - DEBUG - Generated HTTP SYN-ACK from h5:80 <- h3:58553 [len=54B]
2025-09-12 20:07:34 - [BENIGN] - DEBUG - Generated HTTP ACK from h3:58553 -> h5:80 [len=54B]
2025-09-12 20:07:35 - [BENIGN] - DEBUG - Generated HTTP data traffic from h3:58553 -> h5:80 [content='GET /index.html HTTP/1.1'] [Session 38] [len=338B]
2025-09-12 20:07:35 - [BENIGN] - DEBUG - Generated HTTP ACK reply from h5:80 <- h3:58553 [len=54B]
2025-09-12 20:07:36 - [BENIGN] - DEBUG - Generated HTTPS SYN from h3:12483 -> h5:443 [len=54B]
2025-09-12 20:07:37 - [BENIGN] - DEBUG - Generated HTTPS SYN-ACK from h5:443 <- h3:12483 [len=54B]
2025-09-12 20:07:37 - [BENIGN] - DEBUG - Generated HTTPS ACK from h3:12483 -> h5:443 [len=54B]
2025-09-12 20:07:38 - [BENIGN] - DEBUG - Generated HTTPS data traffic from h3:12483 -> h5:443 [content='Encrypted Application Data'] [Session 39] [len=321B]
2025-09-12 20:07:39 - [BENIGN] - DEBUG - Generated HTTPS ACK reply from h5:443 <- h3:12483 [len=54B]
2025-09-12 20:07:39 - [BENIGN] - DEBUG - Generated DNS query from h3:60541 -> h5:53 [qname='example.com'] [Session 40] [len=71B]
2025-09-12 20:07:39 - [BENIGN] - DEBUG - Generated ICMP traffic h2↔h5 5 [len=84B]
2025-09-12 20:07:40 - [BENIGN] - DEBUG - Generated TCP SYN from h3:29253 -> h5:12345 [len=54B]
2025-09-12 20:07:41 - [BENIGN] - DEBUG - Generated TCP SYN-ACK from h5:12345 <- h3:29253 [len=54B]
2025-09-12 20:07:41 - [BENIGN] - DEBUG - Generated TCP ACK from h3:29253 -> h5:12345 [len=54B]
2025-09-12 20:07:42 - [BENIGN] - DEBUG - Generated TCP data traffic from h3:29253 -> h5:12345 [content='TCP data'] [Session 41] [len=1119B]
2025-09-12 20:07:42 - [BENIGN] - DEBUG - Generated TCP ACK reply from h5:12345 <- h3:29253 [len=54B]
2025-09-12 20:07:43 - [BENIGN] - DEBUG - Generated UDP traffic from h3:65222 -> h5:12346 [content='a10466cce913fa0c8f91c81a755613c2450b9c04...'] [Session 42] [len=1163B]
2025-09-12 20:07:44 - [BENIGN] - DEBUG - Generated Telnet SYN from h3:53569 -> h5:23 [len=54B]
2025-09-12 20:07:44 - [BENIGN] - DEBUG - Generated Telnet SYN-ACK from h5:23 <- h3:53569 [len=54B]
2025-09-12 20:07:45 - [BENIGN] - DEBUG - Generated Telnet ACK from h3:53569 -> h5:23 [len=54B]
2025-09-12 20:07:46 - [BENIGN] - DEBUG - Generated Telnet data traffic from h3:53569 -> h5:23 [content='Telnet command'] [Session 43] [len=950B]
2025-09-12 20:07:46 - [BENIGN] - DEBUG - Generated Telnet ACK reply from h5:23 <- h3:53569 [len=54B]
2025-09-12 20:07:47 - [BENIGN] - DEBUG - Generated SSH SYN from h3:26526 -> h5:22 [len=54B]
2025-09-12 20:07:47 - [BENIGN] - DEBUG - Generated SSH SYN-ACK from h5:22 <- h3:26526 [len=54B]
2025-09-12 20:07:48 - [BENIGN] - DEBUG - Generated SSH ACK from h3:26526 -> h5:22 [len=54B]
2025-09-12 20:07:49 - [BENIGN] - DEBUG - Generated SSH data traffic from h3:26526 -> h5:22 [content='SSH encrypted data'] [Session 44] [len=1025B]
2025-09-12 20:07:49 - [BENIGN] - DEBUG - Generated SSH ACK reply from h5:22 <- h3:26526 [len=54B]
2025-09-12 20:07:50 - [BENIGN] - DEBUG - Generated FTP SYN from h3:27271 -> h5:21 [len=54B]
2025-09-12 20:07:51 - [BENIGN] - DEBUG - Generated FTP SYN-ACK from h5:21 <- h3:27271 [len=54B]
2025-09-12 20:07:51 - [BENIGN] - DEBUG - Generated FTP ACK from h3:27271 -> h5:21 [len=54B]
2025-09-12 20:07:52 - [BENIGN] - DEBUG - Generated FTP data traffic from h3:27271 -> h5:21 [content='FTP file transfer'] [Session 45] [len=1302B]
2025-09-12 20:07:52 - [BENIGN] - DEBUG - Generated FTP ACK reply from h5:21 <- h3:27271 [len=54B]
2025-09-12 20:07:53 - [BENIGN] - DEBUG - Generated HTTP SYN from h3:63943 -> h5:80 [len=54B]
2025-09-12 20:07:54 - [BENIGN] - DEBUG - Generated HTTP SYN-ACK from h5:80 <- h3:63943 [len=54B]
2025-09-12 20:07:54 - [BENIGN] - DEBUG - Generated HTTP ACK from h3:63943 -> h5:80 [len=54B]
2025-09-12 20:07:55 - [BENIGN] - DEBUG - Generated HTTP data traffic from h3:63943 -> h5:80 [content='GET /index.html HTTP/1.1'] [Session 46] [len=575B]
2025-09-12 20:07:56 - [BENIGN] - DEBUG - Generated HTTP ACK reply from h5:80 <- h3:63943 [len=54B]
2025-09-12 20:07:56 - [BENIGN] - DEBUG - Generated HTTPS SYN from h3:1733 -> h5:443 [len=54B]
2025-09-12 20:07:57 - [BENIGN] - DEBUG - Generated HTTPS SYN-ACK from h5:443 <- h3:1733 [len=54B]
2025-09-12 20:07:57 - [BENIGN] - DEBUG - Generated HTTPS ACK from h3:1733 -> h5:443 [len=54B]
2025-09-12 20:07:58 - [BENIGN] - DEBUG - Generated HTTPS data traffic from h3:1733 -> h5:443 [content='Encrypted Application Data'] [Session 47] [len=660B]
2025-09-12 20:07:59 - [BENIGN] - DEBUG - Generated HTTPS ACK reply from h5:443 <- h3:1733 [len=54B]
2025-09-12 20:07:59 - [BENIGN] - DEBUG - Generated DNS query from h3:48836 -> h5:53 [qname='example.com'] [Session 48] [len=71B]
2025-09-12 20:07:59 - [BENIGN] - DEBUG - Generated ICMP traffic h2↔h5 6 [len=84B]
2025-09-12 20:08:00 - [BENIGN] - DEBUG - Generated TCP SYN from h3:64149 -> h5:12345 [len=54B]
2025-09-12 20:08:01 - [BENIGN] - DEBUG - Generated TCP SYN-ACK from h5:12345 <- h3:64149 [len=54B]
2025-09-12 20:08:01 - [BENIGN] - DEBUG - Generated TCP ACK from h3:64149 -> h5:12345 [len=54B]
2025-09-12 20:08:02 - [BENIGN] - DEBUG - Generated TCP data traffic from h3:64149 -> h5:12345 [content='TCP data'] [Session 49] [len=818B]
2025-09-12 20:08:02 - [BENIGN] - DEBUG - Generated TCP ACK reply from h5:12345 <- h3:64149 [len=54B]
2025-09-12 20:08:03 - [BENIGN] - DEBUG - Generated UDP traffic from h3:56280 -> h5:12346 [content='d1b81bc4829008488cd6e07866a97a3ca331db04...'] [Session 50] [len=1527B]
2025-09-12 20:08:04 - [BENIGN] - DEBUG - Generated Telnet SYN from h3:3455 -> h5:23 [len=54B]
2025-09-12 20:08:04 - [BENIGN] - DEBUG - Generated Telnet SYN-ACK from h5:23 <- h3:3455 [len=54B]
2025-09-12 20:08:05 - [BENIGN] - DEBUG - Generated Telnet ACK from h3:3455 -> h5:23 [len=54B]
2025-09-12 20:08:06 - [BENIGN] - DEBUG - Generated Telnet data traffic from h3:3455 -> h5:23 [content='Telnet command'] [Session 51] [len=1230B]
2025-09-12 20:08:06 - [BENIGN] - DEBUG - Generated Telnet ACK reply from h5:23 <- h3:3455 [len=54B]
2025-09-12 20:08:07 - [BENIGN] - DEBUG - Generated SSH SYN from h3:44773 -> h5:22 [len=54B]
2025-09-12 20:08:08 - [BENIGN] - DEBUG - Generated SSH SYN-ACK from h5:22 <- h3:44773 [len=54B]
2025-09-12 20:08:08 - [BENIGN] - DEBUG - Generated SSH ACK from h3:44773 -> h5:22 [len=54B]
2025-09-12 20:08:09 - [BENIGN] - DEBUG - Generated SSH data traffic from h3:44773 -> h5:22 [content='SSH encrypted data'] [Session 52] [len=1526B]
2025-09-12 20:08:09 - [BENIGN] - DEBUG - Generated SSH ACK reply from h5:22 <- h3:44773 [len=54B]
2025-09-12 20:08:10 - [BENIGN] - DEBUG - Generated FTP SYN from h3:50864 -> h5:21 [len=54B]
2025-09-12 20:08:11 - [BENIGN] - DEBUG - Generated FTP SYN-ACK from h5:21 <- h3:50864 [len=54B]
2025-09-12 20:08:11 - [BENIGN] - DEBUG - Generated FTP ACK from h3:50864 -> h5:21 [len=54B]
2025-09-12 20:08:12 - [BENIGN] - DEBUG - Generated FTP data traffic from h3:50864 -> h5:21 [content='FTP file transfer'] [Session 53] [len=365B]
2025-09-12 20:08:13 - [BENIGN] - DEBUG - Generated FTP ACK reply from h5:21 <- h3:50864 [len=54B]
2025-09-12 20:08:13 - [BENIGN] - DEBUG - Generated HTTP SYN from h3:36717 -> h5:80 [len=54B]
2025-09-12 20:08:14 - [BENIGN] - DEBUG - Generated HTTP SYN-ACK from h5:80 <- h3:36717 [len=54B]
2025-09-12 20:08:14 - [BENIGN] - DEBUG - Generated HTTP ACK from h3:36717 -> h5:80 [len=54B]
2025-09-12 20:08:15 - [BENIGN] - DEBUG - Generated HTTP data traffic from h3:36717 -> h5:80 [content='GET /index.html HTTP/1.1'] [Session 54] [len=602B]
2025-09-12 20:08:16 - [BENIGN] - DEBUG - Generated HTTP ACK reply from h5:80 <- h3:36717 [len=54B]
2025-09-12 20:08:16 - [BENIGN] - DEBUG - Generated HTTPS SYN from h3:15486 -> h5:443 [len=54B]
2025-09-12 20:08:17 - [BENIGN] - DEBUG - Generated HTTPS SYN-ACK from h5:443 <- h3:15486 [len=54B]
2025-09-12 20:08:18 - [BENIGN] - DEBUG - Generated HTTPS ACK from h3:15486 -> h5:443 [len=54B]
2025-09-12 20:08:18 - [BENIGN] - DEBUG - Generated HTTPS data traffic from h3:15486 -> h5:443 [content='Encrypted Application Data'] [Session 55] [len=781B]
2025-09-12 20:08:19 - [BENIGN] - DEBUG - Generated HTTPS ACK reply from h5:443 <- h3:15486 [len=54B]
2025-09-12 20:08:19 - [BENIGN] - DEBUG - Generated DNS query from h3:41413 -> h5:53 [qname='example.com'] [Session 56] [len=71B]
2025-09-12 20:08:20 - [BENIGN] - DEBUG - Generated ICMP traffic h2↔h5 7 [len=84B]
2025-09-12 20:08:20 - [BENIGN] - DEBUG - Generated TCP SYN from h3:21964 -> h5:12345 [len=54B]
2025-09-12 20:08:21 - [BENIGN] - DEBUG - Generated TCP SYN-ACK from h5:12345 <- h3:21964 [len=54B]
2025-09-12 20:08:21 - [BENIGN] - DEBUG - Generated TCP ACK from h3:21964 -> h5:12345 [len=54B]
2025-09-12 20:08:22 - [BENIGN] - DEBUG - Generated TCP data traffic from h3:21964 -> h5:12345 [content='TCP data'] [Session 57] [len=1003B]
2025-09-12 20:08:23 - [BENIGN] - DEBUG - Generated TCP ACK reply from h5:12345 <- h3:21964 [len=54B]
2025-09-12 20:08:23 - [BENIGN] - DEBUG - Generated UDP traffic from h3:47147 -> h5:12346 [content='23a5777e5ac81e3dc5d91a4b9b860f08bc9a2e25...'] [Session 58] [len=1485B]
2025-09-12 20:08:24 - [BENIGN] - DEBUG - Generated Telnet SYN from h3:47966 -> h5:23 [len=54B]
2025-09-12 20:08:24 - [BENIGN] - DEBUG - Generated Telnet SYN-ACK from h5:23 <- h3:47966 [len=54B]
2025-09-12 20:08:25 - [BENIGN] - DEBUG - Generated Telnet ACK from h3:47966 -> h5:23 [len=54B]
2025-09-12 20:08:26 - [BENIGN] - DEBUG - Generated Telnet data traffic from h3:47966 -> h5:23 [content='Telnet command'] [Session 59] [len=1067B]
2025-09-12 20:08:26 - [BENIGN] - DEBUG - Generated Telnet ACK reply from h5:23 <- h3:47966 [len=54B]
2025-09-12 20:08:27 - [BENIGN] - DEBUG - Generated SSH SYN from h3:64764 -> h5:22 [len=54B]
2025-09-12 20:08:28 - [BENIGN] - DEBUG - Generated SSH SYN-ACK from h5:22 <- h3:64764 [len=54B]
2025-09-12 20:08:28 - [BENIGN] - DEBUG - Generated SSH ACK from h3:64764 -> h5:22 [len=54B]
2025-09-12 20:08:29 - [BENIGN] - DEBUG - Generated SSH data traffic from h3:64764 -> h5:22 [content='SSH encrypted data'] [Session 60] [len=773B]
2025-09-12 20:08:29 - [BENIGN] - DEBUG - Generated SSH ACK reply from h5:22 <- h3:64764 [len=54B]
2025-09-12 20:08:30 - [BENIGN] - DEBUG - Generated FTP SYN from h3:30167 -> h5:21 [len=54B]
2025-09-12 20:08:31 - [BENIGN] - DEBUG - Generated FTP SYN-ACK from h5:21 <- h3:30167 [len=54B]
2025-09-12 20:08:31 - [BENIGN] - DEBUG - Generated FTP ACK from h3:30167 -> h5:21 [len=54B]
2025-09-12 20:08:32 - [BENIGN] - DEBUG - Generated FTP data traffic from h3:30167 -> h5:21 [content='FTP file transfer'] [Session 61] [len=751B]
2025-09-12 20:08:33 - [BENIGN] - DEBUG - Generated FTP ACK reply from h5:21 <- h3:30167 [len=54B]
2025-09-12 20:08:33 - [BENIGN] - DEBUG - Generated HTTP SYN from h3:24794 -> h5:80 [len=54B]
2025-09-12 20:08:34 - [BENIGN] - DEBUG - Generated HTTP SYN-ACK from h5:80 <- h3:24794 [len=54B]
2025-09-12 20:08:34 - [BENIGN] - DEBUG - Generated HTTP ACK from h3:24794 -> h5:80 [len=54B]
2025-09-12 20:08:35 - [BENIGN] - DEBUG - Generated HTTP data traffic from h3:24794 -> h5:80 [content='GET /index.html HTTP/1.1'] [Session 62] [len=583B]
2025-09-12 20:08:36 - [BENIGN] - DEBUG - Generated HTTP ACK reply from h5:80 <- h3:24794 [len=54B]
2025-09-12 20:08:36 - [BENIGN] - DEBUG - Generated HTTPS SYN from h3:34803 -> h5:443 [len=54B]
2025-09-12 20:08:37 - [BENIGN] - DEBUG - Generated HTTPS SYN-ACK from h5:443 <- h3:34803 [len=54B]
2025-09-12 20:08:38 - [BENIGN] - DEBUG - Generated HTTPS ACK from h3:34803 -> h5:443 [len=54B]
2025-09-12 20:08:38 - [BENIGN] - DEBUG - Generated HTTPS data traffic from h3:34803 -> h5:443 [content='Encrypted Application Data'] [Session 63] [len=217B]
2025-09-12 20:08:39 - [BENIGN] - DEBUG - Generated HTTPS ACK reply from h5:443 <- h3:34803 [len=54B]
2025-09-12 20:08:39 - [BENIGN] - DEBUG - Generated DNS query from h3:52561 -> h5:53 [qname='example.com'] [Session 64] [len=71B]
2025-09-12 20:08:40 - [BENIGN] - DEBUG - Generated ICMP traffic h2↔h5 8 [len=84B]
2025-09-12 20:08:40 - [BENIGN] - DEBUG - Generated TCP SYN from h3:59101 -> h5:12345 [len=54B]
2025-09-12 20:08:41 - [BENIGN] - DEBUG - Generated TCP SYN-ACK from h5:12345 <- h3:59101 [len=54B]
2025-09-12 20:08:41 - [BENIGN] - DEBUG - Generated TCP ACK from h3:59101 -> h5:12345 [len=54B]
2025-09-12 20:08:42 - [BENIGN] - DEBUG - Generated TCP data traffic from h3:59101 -> h5:12345 [content='TCP data'] [Session 65] [len=1503B]
2025-09-12 20:08:43 - [BENIGN] - DEBUG - Generated TCP ACK reply from h5:12345 <- h3:59101 [len=54B]
2025-09-12 20:08:43 - [BENIGN] - DEBUG - Generated UDP traffic from h3:44478 -> h5:12346 [content='5b37760d0a29bdc7243f27fd5b1588a5eff81275...'] [Session 66] [len=1249B]
2025-09-12 20:08:44 - [BENIGN] - DEBUG - Generated Telnet SYN from h3:13338 -> h5:23 [len=54B]
2025-09-12 20:08:44 - [BENIGN] - DEBUG - Generated Telnet SYN-ACK from h5:23 <- h3:13338 [len=54B]
2025-09-12 20:08:45 - [BENIGN] - DEBUG - Generated Telnet ACK from h3:13338 -> h5:23 [len=54B]
2025-09-12 20:08:46 - [BENIGN] - DEBUG - Generated Telnet data traffic from h3:13338 -> h5:23 [content='Telnet command'] [Session 67] [len=1198B]
2025-09-12 20:08:46 - [BENIGN] - DEBUG - Generated Telnet ACK reply from h5:23 <- h3:13338 [len=54B]
2025-09-12 20:08:47 - [BENIGN] - DEBUG - Generated SSH SYN from h3:65235 -> h5:22 [len=54B]
2025-09-12 20:08:48 - [BENIGN] - DEBUG - Generated SSH SYN-ACK from h5:22 <- h3:65235 [len=54B]
2025-09-12 20:08:48 - [BENIGN] - DEBUG - Generated SSH ACK from h3:65235 -> h5:22 [len=54B]
2025-09-12 20:08:49 - [BENIGN] - DEBUG - Generated SSH data traffic from h3:65235 -> h5:22 [content='SSH encrypted data'] [Session 68] [len=918B]
2025-09-12 20:08:49 - [BENIGN] - DEBUG - Generated SSH ACK reply from h5:22 <- h3:65235 [len=54B]
2025-09-12 20:08:50 - [BENIGN] - DEBUG - Generated FTP SYN from h3:46014 -> h5:21 [len=54B]
2025-09-12 20:08:51 - [BENIGN] - DEBUG - Generated FTP SYN-ACK from h5:21 <- h3:46014 [len=54B]
2025-09-12 20:08:51 - [BENIGN] - DEBUG - Generated FTP ACK from h3:46014 -> h5:21 [len=54B]
2025-09-12 20:08:52 - [BENIGN] - DEBUG - Generated FTP data traffic from h3:46014 -> h5:21 [content='FTP file transfer'] [Session 69] [len=670B]
2025-09-12 20:08:52 - [BENIGN] - DEBUG - Generated FTP ACK reply from h5:21 <- h3:46014 [len=54B]
2025-09-12 20:08:53 - [BENIGN] - DEBUG - Generated HTTP SYN from h3:39391 -> h5:80 [len=54B]
2025-09-12 20:08:54 - [BENIGN] - DEBUG - Generated HTTP SYN-ACK from h5:80 <- h3:39391 [len=54B]
2025-09-12 20:08:54 - [BENIGN] - DEBUG - Generated HTTP ACK from h3:39391 -> h5:80 [len=54B]
2025-09-12 20:08:55 - [BENIGN] - DEBUG - Generated HTTP data traffic from h3:39391 -> h5:80 [content='GET /index.html HTTP/1.1'] [Session 70] [len=644B]
2025-09-12 20:08:56 - [BENIGN] - DEBUG - Generated HTTP ACK reply from h5:80 <- h3:39391 [len=54B]
2025-09-12 20:08:56 - [BENIGN] - DEBUG - Generated HTTPS SYN from h3:27619 -> h5:443 [len=54B]
2025-09-12 20:08:57 - [BENIGN] - DEBUG - Generated HTTPS SYN-ACK from h5:443 <- h3:27619 [len=54B]
2025-09-12 20:08:57 - [BENIGN] - DEBUG - Generated HTTPS ACK from h3:27619 -> h5:443 [len=54B]
2025-09-12 20:08:58 - [BENIGN] - DEBUG - Generated HTTPS data traffic from h3:27619 -> h5:443 [content='Encrypted Application Data'] [Session 71] [len=657B]
2025-09-12 20:08:59 - [BENIGN] - DEBUG - Generated HTTPS ACK reply from h5:443 <- h3:27619 [len=54B]
2025-09-12 20:08:59 - [BENIGN] - DEBUG - Generated DNS query from h3:23141 -> h5:53 [qname='example.com'] [Session 72] [len=71B]
2025-09-12 20:08:59 - [BENIGN] - DEBUG - Generated ICMP traffic h2↔h5 9 [len=84B]
2025-09-12 20:09:00 - [BENIGN] - DEBUG - Generated TCP SYN from h3:12876 -> h5:12345 [len=54B]
2025-09-12 20:09:01 - [BENIGN] - DEBUG - Generated TCP SYN-ACK from h5:12345 <- h3:12876 [len=54B]
2025-09-12 20:09:01 - [BENIGN] - DEBUG - Generated TCP ACK from h3:12876 -> h5:12345 [len=54B]
2025-09-12 20:09:02 - [BENIGN] - DEBUG - Generated TCP data traffic from h3:12876 -> h5:12345 [content='TCP data'] [Session 73] [len=900B]
2025-09-12 20:09:03 - [BENIGN] - DEBUG - Generated TCP ACK reply from h5:12345 <- h3:12876 [len=54B]
2025-09-12 20:09:03 - [BENIGN] - DEBUG - Generated UDP traffic from h3:62107 -> h5:12346 [content='a9ffc77e314eb662014c79601eb2bcdfac35ff78...'] [Session 74] [len=1534B]
2025-09-12 20:09:04 - [BENIGN] - DEBUG - Generated Telnet SYN from h3:7021 -> h5:23 [len=54B]
2025-09-12 20:09:04 - [BENIGN] - DEBUG - Generated Telnet SYN-ACK from h5:23 <- h3:7021 [len=54B]
2025-09-12 20:09:05 - [BENIGN] - DEBUG - Generated Telnet ACK from h3:7021 -> h5:23 [len=54B]
2025-09-12 20:09:06 - [BENIGN] - DEBUG - Generated Telnet data traffic from h3:7021 -> h5:23 [content='Telnet command'] [Session 75] [len=511B]
2025-09-12 20:09:06 - [BENIGN] - DEBUG - Generated Telnet ACK reply from h5:23 <- h3:7021 [len=54B]
2025-09-12 20:09:07 - [BENIGN] - DEBUG - Generated SSH SYN from h3:64256 -> h5:22 [len=54B]
2025-09-12 20:09:08 - [BENIGN] - DEBUG - Generated SSH SYN-ACK from h5:22 <- h3:64256 [len=54B]
2025-09-12 20:09:08 - [BENIGN] - DEBUG - Generated SSH ACK from h3:64256 -> h5:22 [len=54B]
2025-09-12 20:09:09 - [BENIGN] - DEBUG - Generated SSH data traffic from h3:64256 -> h5:22 [content='SSH encrypted data'] [Session 76] [len=207B]
2025-09-12 20:09:09 - [BENIGN] - DEBUG - Generated SSH ACK reply from h5:22 <- h3:64256 [len=54B]
2025-09-12 20:09:10 - [BENIGN] - DEBUG - Generated FTP SYN from h3:57670 -> h5:21 [len=54B]
2025-09-12 20:09:11 - [BENIGN] - DEBUG - Generated FTP SYN-ACK from h5:21 <- h3:57670 [len=54B]
2025-09-12 20:09:11 - [BENIGN] - DEBUG - Generated FTP ACK from h3:57670 -> h5:21 [len=54B]
2025-09-12 20:09:12 - [BENIGN] - DEBUG - Generated FTP data traffic from h3:57670 -> h5:21 [content='FTP file transfer'] [Session 77] [len=890B]
2025-09-12 20:09:13 - [BENIGN] - DEBUG - Generated FTP ACK reply from h5:21 <- h3:57670 [len=54B]
2025-09-12 20:09:13 - [BENIGN] - DEBUG - Generated HTTP SYN from h3:36919 -> h5:80 [len=54B]
2025-09-12 20:09:14 - [BENIGN] - DEBUG - Generated HTTP SYN-ACK from h5:80 <- h3:36919 [len=54B]
2025-09-12 20:09:15 - [BENIGN] - DEBUG - Generated HTTP ACK from h3:36919 -> h5:80 [len=54B]
2025-09-12 20:09:15 - [BENIGN] - DEBUG - Generated HTTP data traffic from h3:36919 -> h5:80 [content='GET /index.html HTTP/1.1'] [Session 78] [len=351B]
2025-09-12 20:09:16 - [BENIGN] - DEBUG - Generated HTTP ACK reply from h5:80 <- h3:36919 [len=54B]
2025-09-12 20:09:17 - [BENIGN] - DEBUG - Generated HTTPS SYN from h3:41352 -> h5:443 [len=54B]
2025-09-12 20:09:17 - [BENIGN] - DEBUG - Generated HTTPS SYN-ACK from h5:443 <- h3:41352 [len=54B]
2025-09-12 20:09:18 - [BENIGN] - DEBUG - Generated HTTPS ACK from h3:41352 -> h5:443 [len=54B]
2025-09-12 20:09:18 - [BENIGN] - DEBUG - Generated HTTPS data traffic from h3:41352 -> h5:443 [content='Encrypted Application Data'] [Session 79] [len=240B]
2025-09-12 20:09:19 - [BENIGN] - DEBUG - Generated HTTPS ACK reply from h5:443 <- h3:41352 [len=54B]
2025-09-12 20:09:20 - [BENIGN] - DEBUG - Generated DNS query from h3:9783 -> h5:53 [qname='example.com'] [Session 80] [len=71B]
2025-09-12 20:09:20 - [BENIGN] - INFO - Benign traffic finished.
2025-09-12 20:09:20 - [BENIGN] - INFO - Summary: 80 protocol sessions with protocol separation:
2025-09-12 20:09:20 - [BENIGN] - INFO -   - h2↔h5: ICMP ping traffic
2025-09-12 20:09:20 - [BENIGN] - INFO -   - h3↔h5: TCP/UDP traffic [TCP, UDP, Telnet, SSH, FTP, HTTP, HTTPS, DNS]
2025-09-12 20:09:20 - [BENIGN] - INFO - Total packets sent: 340
