2025-09-19 02:39:09,160 - attack_logger - INFO - Attack: Enhanced SYN Flood (88s) | h1 -> h6
2025-09-19 02:39:11,673 - attack_logger - INFO - [syn_flood] [Run ID: 2d941210-162b-4ffc-a662-5b214edec234] Starting Enhanced SYN Flood from h1 to 192.168.30.10 for 88 seconds.
2025-09-19 02:39:11,673 - attack_logger - INFO - [syn_flood] [Run ID: 2d941210-162b-4ffc-a662-5b214edec234] Attack Phase: Enhanced Traditional SYN Flood - Attacker: h1, Target: 192.168.30.10:80, Duration: 88s
2025-09-19 02:39:11,673 - attack_logger - INFO - [syn_flood] [Run ID: 2d941210-162b-4ffc-a662-5b214edec234] Enhanced Features: Human-like timing, protocol compliance, network delay simulation
2025-09-19 02:39:11,673 - attack_logger - INFO - [syn_flood] [Run ID: 2d941210-162b-4ffc-a662-5b214edec234] Session pattern: 1 phases, Circadian factor: 0.03, Workday factor: 0.01
2025-09-19 02:39:11,673 - attack_logger - DEBUG - [syn_flood] [Run ID: 2d941210-162b-4ffc-a662-5b214edec234] Starting enhanced SYN packet generation with human-like timing
2025-09-19 02:39:11,673 - attack_logger - INFO - [syn_flood] [Run ID: 2d941210-162b-4ffc-a662-5b214edec234] Stress phase: 26s, Advanced phase: 62s
2025-09-19 02:39:38,235 - attack_logger - INFO - [syn_flood] [Run ID: 2d941210-162b-4ffc-a662-5b214edec234] Stress phase completed
2025-09-19 02:39:38,244 - attack_logger - INFO - [syn_flood] [Run ID: 2d941210-162b-4ffc-a662-5b214edec234] Enhanced SYN flood process started (PID: 51354)
2025-09-19 02:39:50,248 - attack_logger - INFO - [syn_flood] [Run ID: 2d941210-162b-4ffc-a662-5b214edec234] Attack progress: 12.0s elapsed, ~0 packets sent, Rate: 0.0 pps, Phase: active (intensity: 0.85)
2025-09-19 02:39:50,248 - attack_logger - DEBUG - [syn_flood] [Run ID: 2d941210-162b-4ffc-a662-5b214edec234] Process stats - CPU: 0.0%, Memory: 60.5MB
2025-09-19 02:39:50,248 - attack_logger - DEBUG - [syn_flood] [Run ID: 2d941210-162b-4ffc-a662-5b214edec234] Timing factors - Circadian: 0.03, Workday: 0.01, Adjusted rate: 0.0 pps
2025-09-19 02:40:02,328 - attack_logger - INFO - [syn_flood] [Run ID: 2d941210-162b-4ffc-a662-5b214edec234] Attack progress: 24.1s elapsed, ~0 packets sent, Rate: 0.0 pps, Phase: active (intensity: 0.85)
2025-09-19 02:40:02,328 - attack_logger - DEBUG - [syn_flood] [Run ID: 2d941210-162b-4ffc-a662-5b214edec234] Process stats - CPU: 0.0%, Memory: 60.5MB
2025-09-19 02:40:02,328 - attack_logger - DEBUG - [syn_flood] [Run ID: 2d941210-162b-4ffc-a662-5b214edec234] Timing factors - Circadian: 0.03, Workday: 0.01, Adjusted rate: 0.0 pps
2025-09-19 02:40:14,347 - attack_logger - INFO - [syn_flood] [Run ID: 2d941210-162b-4ffc-a662-5b214edec234] Attack progress: 36.1s elapsed, ~0 packets sent, Rate: 0.0 pps, Phase: active (intensity: 0.85)
2025-09-19 02:40:14,347 - attack_logger - DEBUG - [syn_flood] [Run ID: 2d941210-162b-4ffc-a662-5b214edec234] Process stats - CPU: 0.0%, Memory: 60.5MB
2025-09-19 02:40:14,347 - attack_logger - DEBUG - [syn_flood] [Run ID: 2d941210-162b-4ffc-a662-5b214edec234] Timing factors - Circadian: 0.03, Workday: 0.01, Adjusted rate: 0.0 pps
2025-09-19 02:40:26,408 - attack_logger - INFO - [syn_flood] [Run ID: 2d941210-162b-4ffc-a662-5b214edec234] Attack progress: 48.2s elapsed, ~0 packets sent, Rate: 0.0 pps, Phase: active (intensity: 0.85)
2025-09-19 02:40:26,408 - attack_logger - DEBUG - [syn_flood] [Run ID: 2d941210-162b-4ffc-a662-5b214edec234] Process stats - CPU: 0.0%, Memory: 60.6MB
2025-09-19 02:40:26,408 - attack_logger - DEBUG - [syn_flood] [Run ID: 2d941210-162b-4ffc-a662-5b214edec234] Timing factors - Circadian: 0.03, Workday: 0.01, Adjusted rate: 0.0 pps
2025-09-19 02:40:38,441 - attack_logger - INFO - [syn_flood] [Run ID: 2d941210-162b-4ffc-a662-5b214edec234] Attack progress: 60.2s elapsed, ~0 packets sent, Rate: 0.0 pps, Phase: active (intensity: 0.85)
2025-09-19 02:40:38,441 - attack_logger - DEBUG - [syn_flood] [Run ID: 2d941210-162b-4ffc-a662-5b214edec234] Process stats - CPU: 0.0%, Memory: 60.6MB
2025-09-19 02:40:38,441 - attack_logger - DEBUG - [syn_flood] [Run ID: 2d941210-162b-4ffc-a662-5b214edec234] Timing factors - Circadian: 0.03, Workday: 0.01, Adjusted rate: 0.0 pps
2025-09-19 02:40:40,250 - attack_logger - DEBUG - [syn_flood] [Run ID: 2d941210-162b-4ffc-a662-5b214edec234] Sent SIGINT to SYN flood process 51354
2025-09-19 02:40:40,758 - attack_logger - INFO - [syn_flood] [Run ID: 2d941210-162b-4ffc-a662-5b214edec234] Enhanced SYN Flood from h1 to 192.168.30.10 finished.
2025-09-19 02:40:40,758 - attack_logger - INFO - [syn_flood] [Run ID: 2d941210-162b-4ffc-a662-5b214edec234] Attack completed. Total packets sent = 0, Average rate = 0.00 packets/sec.
2025-09-19 02:40:40,758 - attack_logger - INFO - [syn_flood] [Run ID: 2d941210-162b-4ffc-a662-5b214edec234] --- Enhanced Attack Summary ---
2025-09-19 02:40:40,758 - attack_logger - INFO - [syn_flood] [Run ID: 2d941210-162b-4ffc-a662-5b214edec234] Total packets sent: 0
2025-09-19 02:40:40,758 - attack_logger - INFO - [syn_flood] [Run ID: 2d941210-162b-4ffc-a662-5b214edec234] Actual duration: 62.01s
2025-09-19 02:40:40,758 - attack_logger - INFO - [syn_flood] [Run ID: 2d941210-162b-4ffc-a662-5b214edec234] Average rate: 0.00 packets/sec
2025-09-19 02:40:40,758 - attack_logger - INFO - [syn_flood] [Run ID: 2d941210-162b-4ffc-a662-5b214edec234] Base rate: 26.4 pps
2025-09-19 02:40:40,758 - attack_logger - INFO - [syn_flood] [Run ID: 2d941210-162b-4ffc-a662-5b214edec234] Circadian factor: 0.03
2025-09-19 02:40:40,759 - attack_logger - INFO - [syn_flood] [Run ID: 2d941210-162b-4ffc-a662-5b214edec234] Workday factor: 0.01
2025-09-19 02:40:40,759 - attack_logger - INFO - [syn_flood] [Run ID: 2d941210-162b-4ffc-a662-5b214edec234] Session phases: 1
2025-09-19 02:40:40,759 - attack_logger - INFO - [syn_flood] [Run ID: 2d941210-162b-4ffc-a662-5b214edec234] Target port: 80
2025-09-19 02:40:40,759 - attack_logger - INFO - [syn_flood] [Run ID: 2d941210-162b-4ffc-a662-5b214edec234] Attack method: Enhanced SYN Flood with Human-like Timing
2025-09-19 02:40:40,759 - attack_logger - INFO - [syn_flood] [Run ID: 2d941210-162b-4ffc-a662-5b214edec234] Enhancement features: Human timing patterns, protocol compliance, network delay simulation
2025-09-19 02:40:40,759 - attack_logger - INFO - [syn_flood] [Run ID: 2d941210-162b-4ffc-a662-5b214edec234] TCP options: MSS, WScale, Timestamp, SAckOK
2025-09-19 02:40:40,759 - attack_logger - INFO - [syn_flood] [Run ID: 2d941210-162b-4ffc-a662-5b214edec234] ----------------------------------------
2025-09-19 02:40:40,818 - attack_logger - INFO - Attack: Enhanced SYN Flood completed.
2025-09-19 02:40:40,818 - attack_logger - INFO - Attack: Enhanced UDP Flood (176s) | h1 -> h6
2025-09-19 02:40:43,335 - attack_logger - INFO - [udp_flood] [Run ID: 0897213a-9cb3-4781-acc8-03a27dee629d] Starting Enhanced UDP Flood from h1 to 192.168.30.10 for 176 seconds.
2025-09-19 02:40:43,335 - attack_logger - INFO - [udp_flood] [Run ID: 0897213a-9cb3-4781-acc8-03a27dee629d] Attack Phase: Enhanced Traditional UDP Flood - Attacker: h1, Target: 192.168.30.10:53, Duration: 176s
2025-09-19 02:40:43,335 - attack_logger - INFO - [udp_flood] [Run ID: 0897213a-9cb3-4781-acc8-03a27dee629d] Enhanced Features: Human-like timing, protocol compliance, network delay simulation
2025-09-19 02:40:43,335 - attack_logger - INFO - [udp_flood] [Run ID: 0897213a-9cb3-4781-acc8-03a27dee629d] Stress phase: 52s, Advanced phase: 124s
2025-09-19 02:41:35,916 - attack_logger - INFO - [udp_flood] [Run ID: 0897213a-9cb3-4781-acc8-03a27dee629d] Stress phase completed
2025-09-19 02:41:35,916 - attack_logger - INFO - [udp_flood] [Run ID: 0897213a-9cb3-4781-acc8-03a27dee629d] Session pattern: 3 phases, Circadian factor: 0.03, Workday factor: 0.01
2025-09-19 02:41:35,916 - attack_logger - DEBUG - [udp_flood] [Run ID: 0897213a-9cb3-4781-acc8-03a27dee629d] Starting enhanced UDP packet generation with human-like timing
2025-09-19 02:41:35,925 - attack_logger - INFO - [udp_flood] [Run ID: 0897213a-9cb3-4781-acc8-03a27dee629d] Enhanced UDP flood process started (PID: 51365)
2025-09-19 02:42:00,007 - attack_logger - INFO - [udp_flood] [Run ID: 0897213a-9cb3-4781-acc8-03a27dee629d] Attack progress: 24.1s elapsed, ~0 packets sent, Rate: 0.0 pps, Phase: active (intensity: 0.71)
2025-09-19 02:42:00,007 - attack_logger - DEBUG - [udp_flood] [Run ID: 0897213a-9cb3-4781-acc8-03a27dee629d] Process stats - CPU: 0.0%, Memory: 60.7MB
2025-09-19 02:42:00,007 - attack_logger - DEBUG - [udp_flood] [Run ID: 0897213a-9cb3-4781-acc8-03a27dee629d] Timing factors - Circadian: 0.03, Workday: 0.01, Adjusted rate: 0.0 pps
2025-09-19 02:42:24,025 - attack_logger - INFO - [udp_flood] [Run ID: 0897213a-9cb3-4781-acc8-03a27dee629d] Attack progress: 48.1s elapsed, ~0 packets sent, Rate: 0.0 pps, Phase: active (intensity: 0.71)
2025-09-19 02:42:24,025 - attack_logger - DEBUG - [udp_flood] [Run ID: 0897213a-9cb3-4781-acc8-03a27dee629d] Process stats - CPU: 0.0%, Memory: 60.7MB
2025-09-19 02:42:24,025 - attack_logger - DEBUG - [udp_flood] [Run ID: 0897213a-9cb3-4781-acc8-03a27dee629d] Timing factors - Circadian: 0.03, Workday: 0.01, Adjusted rate: 0.0 pps
2025-09-19 02:42:26,827 - attack_logger - DEBUG - [udp_flood] [Run ID: 0897213a-9cb3-4781-acc8-03a27dee629d] Entering break phase (intensity: 0.14)
2025-09-19 02:42:41,585 - attack_logger - DEBUG - [udp_flood] [Run ID: 0897213a-9cb3-4781-acc8-03a27dee629d] Entering active phase (intensity: 0.71)
2025-09-19 02:42:48,090 - attack_logger - INFO - [udp_flood] [Run ID: 0897213a-9cb3-4781-acc8-03a27dee629d] Attack progress: 72.2s elapsed, ~0 packets sent, Rate: 0.0 pps, Phase: active (intensity: 0.71)
2025-09-19 02:42:48,090 - attack_logger - DEBUG - [udp_flood] [Run ID: 0897213a-9cb3-4781-acc8-03a27dee629d] Process stats - CPU: 0.0%, Memory: 60.7MB
2025-09-19 02:42:48,090 - attack_logger - DEBUG - [udp_flood] [Run ID: 0897213a-9cb3-4781-acc8-03a27dee629d] Timing factors - Circadian: 0.03, Workday: 0.01, Adjusted rate: 0.0 pps
2025-09-19 02:43:12,170 - attack_logger - INFO - [udp_flood] [Run ID: 0897213a-9cb3-4781-acc8-03a27dee629d] Attack progress: 96.3s elapsed, ~0 packets sent, Rate: 0.0 pps, Phase: active (intensity: 0.71)
2025-09-19 02:43:12,170 - attack_logger - DEBUG - [udp_flood] [Run ID: 0897213a-9cb3-4781-acc8-03a27dee629d] Process stats - CPU: 0.0%, Memory: 60.7MB
2025-09-19 02:43:12,170 - attack_logger - DEBUG - [udp_flood] [Run ID: 0897213a-9cb3-4781-acc8-03a27dee629d] Timing factors - Circadian: 0.03, Workday: 0.01, Adjusted rate: 0.0 pps
2025-09-19 02:43:36,189 - attack_logger - INFO - [udp_flood] [Run ID: 0897213a-9cb3-4781-acc8-03a27dee629d] Attack progress: 120.3s elapsed, ~0 packets sent, Rate: 0.0 pps, Phase: active (intensity: 0.71)
2025-09-19 02:43:36,189 - attack_logger - DEBUG - [udp_flood] [Run ID: 0897213a-9cb3-4781-acc8-03a27dee629d] Process stats - CPU: 0.0%, Memory: 60.7MB
2025-09-19 02:43:36,189 - attack_logger - DEBUG - [udp_flood] [Run ID: 0897213a-9cb3-4781-acc8-03a27dee629d] Timing factors - Circadian: 0.03, Workday: 0.01, Adjusted rate: 0.0 pps
2025-09-19 02:43:39,959 - attack_logger - DEBUG - [udp_flood] [Run ID: 0897213a-9cb3-4781-acc8-03a27dee629d] Sent SIGINT to UDP flood process 51365
2025-09-19 02:43:40,465 - attack_logger - INFO - [udp_flood] [Run ID: 0897213a-9cb3-4781-acc8-03a27dee629d] Enhanced UDP Flood from h1 to 192.168.30.10 finished.
2025-09-19 02:43:40,465 - attack_logger - INFO - [udp_flood] [Run ID: 0897213a-9cb3-4781-acc8-03a27dee629d] Attack completed. Total packets sent = 0, Average rate = 0.00 packets/sec.
2025-09-19 02:43:40,465 - attack_logger - INFO - [udp_flood] [Run ID: 0897213a-9cb3-4781-acc8-03a27dee629d] --- Enhanced Attack Summary ---
2025-09-19 02:43:40,465 - attack_logger - INFO - [udp_flood] [Run ID: 0897213a-9cb3-4781-acc8-03a27dee629d] Total packets sent: 0
2025-09-19 02:43:40,465 - attack_logger - INFO - [udp_flood] [Run ID: 0897213a-9cb3-4781-acc8-03a27dee629d] Actual duration: 124.04s
2025-09-19 02:43:40,465 - attack_logger - INFO - [udp_flood] [Run ID: 0897213a-9cb3-4781-acc8-03a27dee629d] Average rate: 0.00 packets/sec
2025-09-19 02:43:40,465 - attack_logger - INFO - [udp_flood] [Run ID: 0897213a-9cb3-4781-acc8-03a27dee629d] Base rate: 24.9 pps
2025-09-19 02:43:40,465 - attack_logger - INFO - [udp_flood] [Run ID: 0897213a-9cb3-4781-acc8-03a27dee629d] Circadian factor: 0.03
2025-09-19 02:43:40,465 - attack_logger - INFO - [udp_flood] [Run ID: 0897213a-9cb3-4781-acc8-03a27dee629d] Workday factor: 0.01
2025-09-19 02:43:40,465 - attack_logger - INFO - [udp_flood] [Run ID: 0897213a-9cb3-4781-acc8-03a27dee629d] Session phases: 3
2025-09-19 02:43:40,465 - attack_logger - INFO - [udp_flood] [Run ID: 0897213a-9cb3-4781-acc8-03a27dee629d] Target port: 53 (DNS)
2025-09-19 02:43:40,465 - attack_logger - INFO - [udp_flood] [Run ID: 0897213a-9cb3-4781-acc8-03a27dee629d] Attack method: Enhanced UDP Flood with Human-like Timing
2025-09-19 02:43:40,465 - attack_logger - INFO - [udp_flood] [Run ID: 0897213a-9cb3-4781-acc8-03a27dee629d] Enhancement features: Human timing patterns, protocol compliance, network delay simulation
2025-09-19 02:43:40,465 - attack_logger - INFO - [udp_flood] [Run ID: 0897213a-9cb3-4781-acc8-03a27dee629d] DNS payloads: Realistic query patterns with varied domains
2025-09-19 02:43:40,465 - attack_logger - INFO - [udp_flood] [Run ID: 0897213a-9cb3-4781-acc8-03a27dee629d] ----------------------------------------
2025-09-19 02:43:40,560 - attack_logger - INFO - Attack: Enhanced UDP Flood completed.
2025-09-19 02:43:40,560 - attack_logger - INFO - Attack: Enhanced ICMP Flood (88s) | h1 -> h4
2025-09-19 02:43:43,081 - attack_logger - INFO - [icmp_flood] [Run ID: d36e0e41-d2a5-40d8-9f24-3d2bf2e04b5a] Starting Enhanced ICMP Flood with RFC 1918 IP Rotation from h1 to 192.168.20.12 for 88 seconds.
2025-09-19 02:43:43,081 - attack_logger - INFO - [icmp_flood] [Run ID: d36e0e41-d2a5-40d8-9f24-3d2bf2e04b5a] Attack Phase: Enhanced Traditional ICMP Flood - Attacker: h1, Target: 192.168.20.12, Duration: 88s
2025-09-19 02:43:43,081 - attack_logger - INFO - [icmp_flood] [Run ID: d36e0e41-d2a5-40d8-9f24-3d2bf2e04b5a] Enhanced Features: RFC 1918 IP rotation, human-like timing, protocol compliance, network delay simulation
2025-09-19 02:43:43,081 - attack_logger - INFO - [icmp_flood] [Run ID: d36e0e41-d2a5-40d8-9f24-3d2bf2e04b5a] IP Pool Size: 50 source IPs from RFC 1918 ranges (10.0.0.0/8, 172.16.0.0/12, 192.168.0.0/16)
2025-09-19 02:43:43,081 - attack_logger - INFO - [icmp_flood] [Run ID: d36e0e41-d2a5-40d8-9f24-3d2bf2e04b5a] Stress phase total: 26s (host: 13s, gateway: 13s), Advanced phase: 62s
2025-09-19 02:43:56,675 - attack_logger - INFO - [icmp_flood] [Run ID: d36e0e41-d2a5-40d8-9f24-3d2bf2e04b5a] Host stress sub-phase completed
2025-09-19 02:44:10,311 - attack_logger - INFO - [icmp_flood] [Run ID: d36e0e41-d2a5-40d8-9f24-3d2bf2e04b5a] Gateway stress sub-phase completed
2025-09-19 02:44:10,311 - attack_logger - INFO - [icmp_flood] [Run ID: d36e0e41-d2a5-40d8-9f24-3d2bf2e04b5a] Session pattern: 1 phases, Circadian factor: 0.03, Workday factor: 0.01
2025-09-19 02:44:10,311 - attack_logger - DEBUG - [icmp_flood] [Run ID: d36e0e41-d2a5-40d8-9f24-3d2bf2e04b5a] Starting enhanced ICMP packet generation with IP rotation and human-like timing
2025-09-19 02:44:10,321 - attack_logger - INFO - [icmp_flood] [Run ID: d36e0e41-d2a5-40d8-9f24-3d2bf2e04b5a] Enhanced ICMP flood with IP rotation process started (PID: 51382)
2025-09-19 02:44:22,344 - attack_logger - INFO - [icmp_flood] [Run ID: d36e0e41-d2a5-40d8-9f24-3d2bf2e04b5a] Attack progress: 12.0s elapsed, ~0 packets sent, Rate: 0.0 pps, IP rotations: ~0, Phase: active (intensity: 0.89)
2025-09-19 02:44:22,344 - attack_logger - DEBUG - [icmp_flood] [Run ID: d36e0e41-d2a5-40d8-9f24-3d2bf2e04b5a] Process stats - CPU: 0.0%, Memory: 60.3MB
2025-09-19 02:44:22,345 - attack_logger - DEBUG - [icmp_flood] [Run ID: d36e0e41-d2a5-40d8-9f24-3d2bf2e04b5a] Timing factors - Circadian: 0.03, Workday: 0.01, Adjusted rate: 0.0 pps
2025-09-19 02:44:34,389 - attack_logger - INFO - [icmp_flood] [Run ID: d36e0e41-d2a5-40d8-9f24-3d2bf2e04b5a] Attack progress: 24.1s elapsed, ~0 packets sent, Rate: 0.0 pps, IP rotations: ~0, Phase: active (intensity: 0.89)
2025-09-19 02:44:34,389 - attack_logger - DEBUG - [icmp_flood] [Run ID: d36e0e41-d2a5-40d8-9f24-3d2bf2e04b5a] Process stats - CPU: 0.0%, Memory: 60.6MB
2025-09-19 02:44:34,389 - attack_logger - DEBUG - [icmp_flood] [Run ID: d36e0e41-d2a5-40d8-9f24-3d2bf2e04b5a] Timing factors - Circadian: 0.03, Workday: 0.01, Adjusted rate: 0.0 pps
2025-09-19 02:44:46,451 - attack_logger - INFO - [icmp_flood] [Run ID: d36e0e41-d2a5-40d8-9f24-3d2bf2e04b5a] Attack progress: 36.1s elapsed, ~0 packets sent, Rate: 0.0 pps, IP rotations: ~0, Phase: active (intensity: 0.89)
2025-09-19 02:44:46,451 - attack_logger - DEBUG - [icmp_flood] [Run ID: d36e0e41-d2a5-40d8-9f24-3d2bf2e04b5a] Process stats - CPU: 0.0%, Memory: 60.6MB
2025-09-19 02:44:46,451 - attack_logger - DEBUG - [icmp_flood] [Run ID: d36e0e41-d2a5-40d8-9f24-3d2bf2e04b5a] Timing factors - Circadian: 0.03, Workday: 0.01, Adjusted rate: 0.0 pps
2025-09-19 02:44:58,455 - attack_logger - INFO - [icmp_flood] [Run ID: d36e0e41-d2a5-40d8-9f24-3d2bf2e04b5a] Attack progress: 48.1s elapsed, ~0 packets sent, Rate: 0.0 pps, IP rotations: ~0, Phase: active (intensity: 0.89)
2025-09-19 02:44:58,455 - attack_logger - DEBUG - [icmp_flood] [Run ID: d36e0e41-d2a5-40d8-9f24-3d2bf2e04b5a] Process stats - CPU: 0.0%, Memory: 60.6MB
2025-09-19 02:44:58,455 - attack_logger - DEBUG - [icmp_flood] [Run ID: d36e0e41-d2a5-40d8-9f24-3d2bf2e04b5a] Timing factors - Circadian: 0.03, Workday: 0.01, Adjusted rate: 0.0 pps
2025-09-19 02:45:10,530 - attack_logger - INFO - [icmp_flood] [Run ID: d36e0e41-d2a5-40d8-9f24-3d2bf2e04b5a] Attack progress: 60.2s elapsed, ~0 packets sent, Rate: 0.0 pps, IP rotations: ~0, Phase: active (intensity: 0.89)
2025-09-19 02:45:10,530 - attack_logger - DEBUG - [icmp_flood] [Run ID: d36e0e41-d2a5-40d8-9f24-3d2bf2e04b5a] Process stats - CPU: 0.0%, Memory: 60.6MB
2025-09-19 02:45:10,530 - attack_logger - DEBUG - [icmp_flood] [Run ID: d36e0e41-d2a5-40d8-9f24-3d2bf2e04b5a] Timing factors - Circadian: 0.03, Workday: 0.01, Adjusted rate: 0.0 pps
2025-09-19 02:45:12,396 - attack_logger - DEBUG - [icmp_flood] [Run ID: d36e0e41-d2a5-40d8-9f24-3d2bf2e04b5a] Sent SIGINT to ICMP flood process 51382
2025-09-19 02:45:12,900 - attack_logger - INFO - [icmp_flood] [Run ID: d36e0e41-d2a5-40d8-9f24-3d2bf2e04b5a] Enhanced ICMP Flood with RFC 1918 IP Rotation from h1 to 192.168.20.12 finished.
2025-09-19 02:45:12,901 - attack_logger - INFO - [icmp_flood] [Run ID: d36e0e41-d2a5-40d8-9f24-3d2bf2e04b5a] Attack completed. Total packets sent = 0, Average rate = 0.00 packets/sec.
2025-09-19 02:45:12,901 - attack_logger - INFO - [icmp_flood] [Run ID: d36e0e41-d2a5-40d8-9f24-3d2bf2e04b5a] --- Enhanced Attack Summary ---
2025-09-19 02:45:12,901 - attack_logger - INFO - [icmp_flood] [Run ID: d36e0e41-d2a5-40d8-9f24-3d2bf2e04b5a] Total packets sent: 0
2025-09-19 02:45:12,901 - attack_logger - INFO - [icmp_flood] [Run ID: d36e0e41-d2a5-40d8-9f24-3d2bf2e04b5a] Total IP rotations: ~0
2025-09-19 02:45:12,901 - attack_logger - INFO - [icmp_flood] [Run ID: d36e0e41-d2a5-40d8-9f24-3d2bf2e04b5a] RFC 1918 IP pool size: 50
2025-09-19 02:45:12,901 - attack_logger - INFO - [icmp_flood] [Run ID: d36e0e41-d2a5-40d8-9f24-3d2bf2e04b5a] IP ranges used: 10.0.0.0/8, 172.16.0.0/12, 192.168.0.0/16
2025-09-19 02:45:12,901 - attack_logger - INFO - [icmp_flood] [Run ID: d36e0e41-d2a5-40d8-9f24-3d2bf2e04b5a] Actual duration: 62.08s
2025-09-19 02:45:12,901 - attack_logger - INFO - [icmp_flood] [Run ID: d36e0e41-d2a5-40d8-9f24-3d2bf2e04b5a] Average rate: 0.00 packets/sec
2025-09-19 02:45:12,901 - attack_logger - INFO - [icmp_flood] [Run ID: d36e0e41-d2a5-40d8-9f24-3d2bf2e04b5a] Base rate: 25.6 pps
2025-09-19 02:45:12,901 - attack_logger - INFO - [icmp_flood] [Run ID: d36e0e41-d2a5-40d8-9f24-3d2bf2e04b5a] Circadian factor: 0.03
2025-09-19 02:45:12,901 - attack_logger - INFO - [icmp_flood] [Run ID: d36e0e41-d2a5-40d8-9f24-3d2bf2e04b5a] Workday factor: 0.01
2025-09-19 02:45:12,901 - attack_logger - INFO - [icmp_flood] [Run ID: d36e0e41-d2a5-40d8-9f24-3d2bf2e04b5a] Session phases: 1
2025-09-19 02:45:12,901 - attack_logger - INFO - [icmp_flood] [Run ID: d36e0e41-d2a5-40d8-9f24-3d2bf2e04b5a] ICMP type: Echo Request (8) with ID/Seq variations
2025-09-19 02:45:12,901 - attack_logger - INFO - [icmp_flood] [Run ID: d36e0e41-d2a5-40d8-9f24-3d2bf2e04b5a] Attack method: Enhanced ICMP Flood with RFC 1918 IP Rotation
2025-09-19 02:45:12,901 - attack_logger - INFO - [icmp_flood] [Run ID: d36e0e41-d2a5-40d8-9f24-3d2bf2e04b5a] Enhancement features: RFC 1918 IP rotation, human timing patterns, protocol compliance, network delay simulation
2025-09-19 02:45:12,901 - attack_logger - INFO - [icmp_flood] [Run ID: d36e0e41-d2a5-40d8-9f24-3d2bf2e04b5a] ----------------------------------------
2025-09-19 02:45:12,989 - attack_logger - INFO - Attack: Enhanced ICMP Flood completed.
2025-09-19 02:45:13,500 - attack_logger - INFO - Attack: ENHANCED Adversarial TCP State Exhaustion (72s) | h1 -> h6
2025-09-19 02:46:28,732 - attack_logger - INFO - Attack: ENHANCED Adversarial Application Layer (24s) | h1 -> h6
2025-09-19 02:46:56,013 - attack_logger - INFO - Attack: ENHANCED Adversarial Slow Read (72s) | h1 -> h6
2025-09-19 02:48:11,330 - attack_logger - INFO - Attack: ENHANCED Adversarial Slow Read completed.
