2025-09-12 16:26:14 - [BENIGN] - INFO - Starting benign traffic for 200 seconds...
2025-09-12 16:26:14 - [BENIGN] - INFO - Protocol separation: h2↔h5 (ICMP), h3↔h5 (TCP/UDP)
2025-09-12 16:26:14 - [BENIGN] - DEBUG - Generated ICMP traffic h2↔h5 0 [len=84B]
2025-09-12 16:26:15 - [BENIGN] - DEBUG - Generated TCP SYN from h3:46445 -> h5:12345 [len=54B]
2025-09-12 16:26:16 - [BENIGN] - DEBUG - Generated TCP SYN-ACK from h5:12345 <- h3:46445 [len=54B]
2025-09-12 16:26:16 - [BENIGN] - DEBUG - Generated TCP ACK from h3:46445 -> h5:12345 [len=54B]
2025-09-12 16:26:17 - [BENIGN] - DEBUG - Generated TCP data traffic from h3:46445 -> h5:12345 [content='TCP data'] [Session 1] [len=715B]
2025-09-12 16:26:18 - [BENIGN] - DEBUG - Generated TCP ACK reply from h5:12345 <- h3:46445 [len=54B]
2025-09-12 16:26:18 - [BENIGN] - DEBUG - Generated UDP traffic from h3:22697 -> h5:12346 [content='eb7aa21050111ffac6190b4cd713e62c9037e8bd...'] [Session 2] [len=382B]
2025-09-12 16:26:19 - [BENIGN] - DEBUG - Generated Telnet SYN from h3:53804 -> h5:23 [len=54B]
2025-09-12 16:26:19 - [BENIGN] - DEBUG - Generated Telnet SYN-ACK from h5:23 <- h3:53804 [len=54B]
2025-09-12 16:26:20 - [BENIGN] - DEBUG - Generated Telnet ACK from h3:53804 -> h5:23 [len=54B]
2025-09-12 16:26:21 - [BENIGN] - DEBUG - Generated Telnet data traffic from h3:53804 -> h5:23 [content='Telnet command'] [Session 3] [len=652B]
2025-09-12 16:26:21 - [BENIGN] - DEBUG - Generated Telnet ACK reply from h5:23 <- h3:53804 [len=54B]
2025-09-12 16:26:22 - [BENIGN] - DEBUG - Generated SSH SYN from h3:17355 -> h5:22 [len=54B]
2025-09-12 16:26:23 - [BENIGN] - DEBUG - Generated SSH SYN-ACK from h5:22 <- h3:17355 [len=54B]
2025-09-12 16:26:23 - [BENIGN] - DEBUG - Generated SSH ACK from h3:17355 -> h5:22 [len=54B]
2025-09-12 16:26:24 - [BENIGN] - DEBUG - Generated SSH data traffic from h3:17355 -> h5:22 [content='SSH encrypted data'] [Session 4] [len=731B]
2025-09-12 16:26:25 - [BENIGN] - DEBUG - Generated SSH ACK reply from h5:22 <- h3:17355 [len=54B]
2025-09-12 16:26:25 - [BENIGN] - DEBUG - Generated FTP SYN from h3:23526 -> h5:21 [len=54B]
2025-09-12 16:26:26 - [BENIGN] - DEBUG - Generated FTP SYN-ACK from h5:21 <- h3:23526 [len=54B]
2025-09-12 16:26:27 - [BENIGN] - DEBUG - Generated FTP ACK from h3:23526 -> h5:21 [len=54B]
2025-09-12 16:26:27 - [BENIGN] - DEBUG - Generated FTP data traffic from h3:23526 -> h5:21 [content='FTP file transfer'] [Session 5] [len=803B]
2025-09-12 16:26:28 - [BENIGN] - DEBUG - Generated FTP ACK reply from h5:21 <- h3:23526 [len=54B]
2025-09-12 16:26:28 - [BENIGN] - DEBUG - Generated HTTP SYN from h3:40284 -> h5:80 [len=54B]
2025-09-12 16:26:29 - [BENIGN] - DEBUG - Generated HTTP SYN-ACK from h5:80 <- h3:40284 [len=54B]
2025-09-12 16:26:30 - [BENIGN] - DEBUG - Generated HTTP ACK from h3:40284 -> h5:80 [len=54B]
2025-09-12 16:26:30 - [BENIGN] - DEBUG - Generated HTTP data traffic from h3:40284 -> h5:80 [content='GET /index.html HTTP/1.1'] [Session 6] [len=470B]
2025-09-12 16:26:31 - [BENIGN] - DEBUG - Generated HTTP ACK reply from h5:80 <- h3:40284 [len=54B]
2025-09-12 16:26:32 - [BENIGN] - DEBUG - Generated HTTPS SYN from h3:15793 -> h5:443 [len=54B]
2025-09-12 16:26:32 - [BENIGN] - DEBUG - Generated HTTPS SYN-ACK from h5:443 <- h3:15793 [len=54B]
2025-09-12 16:26:33 - [BENIGN] - DEBUG - Generated HTTPS ACK from h3:15793 -> h5:443 [len=54B]
2025-09-12 16:26:34 - [BENIGN] - DEBUG - Generated HTTPS data traffic from h3:15793 -> h5:443 [content='Encrypted Application Data'] [Session 7] [len=261B]
2025-09-12 16:26:34 - [BENIGN] - DEBUG - Generated HTTPS ACK reply from h5:443 <- h3:15793 [len=54B]
2025-09-12 16:26:35 - [BENIGN] - DEBUG - Generated DNS query from h3:2007 -> h5:53 [qname='example.com'] [Session 8] [len=71B]
2025-09-12 16:26:35 - [BENIGN] - DEBUG - Generated ICMP traffic h2↔h5 1 [len=84B]
2025-09-12 16:26:36 - [BENIGN] - DEBUG - Generated TCP SYN from h3:61745 -> h5:12345 [len=54B]
2025-09-12 16:26:36 - [BENIGN] - DEBUG - Generated TCP SYN-ACK from h5:12345 <- h3:61745 [len=54B]
2025-09-12 16:26:37 - [BENIGN] - DEBUG - Generated TCP ACK from h3:61745 -> h5:12345 [len=54B]
2025-09-12 16:26:38 - [BENIGN] - DEBUG - Generated TCP data traffic from h3:61745 -> h5:12345 [content='TCP data'] [Session 9] [len=322B]
2025-09-12 16:26:38 - [BENIGN] - DEBUG - Generated TCP ACK reply from h5:12345 <- h3:61745 [len=54B]
2025-09-12 16:26:39 - [BENIGN] - DEBUG - Generated UDP traffic from h3:52398 -> h5:12346 [content='dfe4f922044c989c4cec1ac624d2c8f6085e878d...'] [Session 10] [len=1314B]
2025-09-12 16:26:40 - [BENIGN] - DEBUG - Generated Telnet SYN from h3:58794 -> h5:23 [len=54B]
2025-09-12 16:26:40 - [BENIGN] - DEBUG - Generated Telnet SYN-ACK from h5:23 <- h3:58794 [len=54B]
2025-09-12 16:26:41 - [BENIGN] - DEBUG - Generated Telnet ACK from h3:58794 -> h5:23 [len=54B]
2025-09-12 16:26:41 - [BENIGN] - DEBUG - Generated Telnet data traffic from h3:58794 -> h5:23 [content='Telnet command'] [Session 11] [len=440B]
2025-09-12 16:26:42 - [BENIGN] - DEBUG - Generated Telnet ACK reply from h5:23 <- h3:58794 [len=54B]
2025-09-12 16:26:43 - [BENIGN] - DEBUG - Generated SSH SYN from h3:51869 -> h5:22 [len=54B]
2025-09-12 16:26:43 - [BENIGN] - DEBUG - Generated SSH SYN-ACK from h5:22 <- h3:51869 [len=54B]
2025-09-12 16:26:44 - [BENIGN] - DEBUG - Generated SSH ACK from h3:51869 -> h5:22 [len=54B]
2025-09-12 16:26:45 - [BENIGN] - DEBUG - Generated SSH data traffic from h3:51869 -> h5:22 [content='SSH encrypted data'] [Session 12] [len=826B]
2025-09-12 16:26:45 - [BENIGN] - DEBUG - Generated SSH ACK reply from h5:22 <- h3:51869 [len=54B]
2025-09-12 16:26:46 - [BENIGN] - DEBUG - Generated FTP SYN from h3:46472 -> h5:21 [len=54B]
2025-09-12 16:26:46 - [BENIGN] - DEBUG - Generated FTP SYN-ACK from h5:21 <- h3:46472 [len=54B]
2025-09-12 16:26:47 - [BENIGN] - DEBUG - Generated FTP ACK from h3:46472 -> h5:21 [len=54B]
2025-09-12 16:26:48 - [BENIGN] - DEBUG - Generated FTP data traffic from h3:46472 -> h5:21 [content='FTP file transfer'] [Session 13] [len=615B]
2025-09-12 16:26:48 - [BENIGN] - DEBUG - Generated FTP ACK reply from h5:21 <- h3:46472 [len=54B]
2025-09-12 16:26:49 - [BENIGN] - DEBUG - Generated HTTP SYN from h3:38438 -> h5:80 [len=54B]
2025-09-12 16:26:50 - [BENIGN] - DEBUG - Generated HTTP SYN-ACK from h5:80 <- h3:38438 [len=54B]
2025-09-12 16:26:50 - [BENIGN] - DEBUG - Generated HTTP ACK from h3:38438 -> h5:80 [len=54B]
2025-09-12 16:26:51 - [BENIGN] - DEBUG - Generated HTTP data traffic from h3:38438 -> h5:80 [content='GET /index.html HTTP/1.1'] [Session 14] [len=569B]
2025-09-12 16:26:52 - [BENIGN] - DEBUG - Generated HTTP ACK reply from h5:80 <- h3:38438 [len=54B]
2025-09-12 16:26:52 - [BENIGN] - DEBUG - Generated HTTPS SYN from h3:22619 -> h5:443 [len=54B]
2025-09-12 16:26:53 - [BENIGN] - DEBUG - Generated HTTPS SYN-ACK from h5:443 <- h3:22619 [len=54B]
2025-09-12 16:26:53 - [BENIGN] - DEBUG - Generated HTTPS ACK from h3:22619 -> h5:443 [len=54B]
2025-09-12 16:26:54 - [BENIGN] - DEBUG - Generated HTTPS data traffic from h3:22619 -> h5:443 [content='Encrypted Application Data'] [Session 15] [len=450B]
2025-09-12 16:26:55 - [BENIGN] - DEBUG - Generated HTTPS ACK reply from h5:443 <- h3:22619 [len=54B]
2025-09-12 16:26:55 - [BENIGN] - DEBUG - Generated DNS query from h3:46799 -> h5:53 [qname='example.com'] [Session 16] [len=71B]
2025-09-12 16:26:55 - [BENIGN] - DEBUG - Generated ICMP traffic h2↔h5 2 [len=84B]
2025-09-12 16:26:56 - [BENIGN] - DEBUG - Generated TCP SYN from h3:63356 -> h5:12345 [len=54B]
2025-09-12 16:26:57 - [BENIGN] - DEBUG - Generated TCP SYN-ACK from h5:12345 <- h3:63356 [len=54B]
2025-09-12 16:26:57 - [BENIGN] - DEBUG - Generated TCP ACK from h3:63356 -> h5:12345 [len=54B]
2025-09-12 16:26:58 - [BENIGN] - DEBUG - Generated TCP data traffic from h3:63356 -> h5:12345 [content='TCP data'] [Session 17] [len=1488B]
2025-09-12 16:26:59 - [BENIGN] - DEBUG - Generated TCP ACK reply from h5:12345 <- h3:63356 [len=54B]
2025-09-12 16:26:59 - [BENIGN] - DEBUG - Generated UDP traffic from h3:22593 -> h5:12346 [content='721c5d478803ee3f1097593cefc292eaa10f3fd1...'] [Session 18] [len=1519B]
2025-09-12 16:27:00 - [BENIGN] - DEBUG - Generated Telnet SYN from h3:14058 -> h5:23 [len=54B]
2025-09-12 16:27:00 - [BENIGN] - DEBUG - Generated Telnet SYN-ACK from h5:23 <- h3:14058 [len=54B]
2025-09-12 16:27:01 - [BENIGN] - DEBUG - Generated Telnet ACK from h3:14058 -> h5:23 [len=54B]
2025-09-12 16:27:02 - [BENIGN] - DEBUG - Generated Telnet data traffic from h3:14058 -> h5:23 [content='Telnet command'] [Session 19] [len=568B]
2025-09-12 16:27:02 - [BENIGN] - DEBUG - Generated Telnet ACK reply from h5:23 <- h3:14058 [len=54B]
2025-09-12 16:27:03 - [BENIGN] - DEBUG - Generated SSH SYN from h3:27001 -> h5:22 [len=54B]
2025-09-12 16:27:04 - [BENIGN] - DEBUG - Generated SSH SYN-ACK from h5:22 <- h3:27001 [len=54B]
2025-09-12 16:27:04 - [BENIGN] - DEBUG - Generated SSH ACK from h3:27001 -> h5:22 [len=54B]
2025-09-12 16:27:05 - [BENIGN] - DEBUG - Generated SSH data traffic from h3:27001 -> h5:22 [content='SSH encrypted data'] [Session 20] [len=1208B]
2025-09-12 16:27:06 - [BENIGN] - DEBUG - Generated SSH ACK reply from h5:22 <- h3:27001 [len=54B]
2025-09-12 16:27:06 - [BENIGN] - DEBUG - Generated FTP SYN from h3:41789 -> h5:21 [len=54B]
2025-09-12 16:27:07 - [BENIGN] - DEBUG - Generated FTP SYN-ACK from h5:21 <- h3:41789 [len=54B]
2025-09-12 16:27:08 - [BENIGN] - DEBUG - Generated FTP ACK from h3:41789 -> h5:21 [len=54B]
2025-09-12 16:27:08 - [BENIGN] - DEBUG - Generated FTP data traffic from h3:41789 -> h5:21 [content='FTP file transfer'] [Session 21] [len=620B]
2025-09-12 16:27:09 - [BENIGN] - DEBUG - Generated FTP ACK reply from h5:21 <- h3:41789 [len=54B]
2025-09-12 16:27:10 - [BENIGN] - DEBUG - Generated HTTP SYN from h3:26220 -> h5:80 [len=54B]
2025-09-12 16:27:10 - [BENIGN] - DEBUG - Generated HTTP SYN-ACK from h5:80 <- h3:26220 [len=54B]
2025-09-12 16:27:11 - [BENIGN] - DEBUG - Generated HTTP ACK from h3:26220 -> h5:80 [len=54B]
2025-09-12 16:27:12 - [BENIGN] - DEBUG - Generated HTTP data traffic from h3:26220 -> h5:80 [content='GET /index.html HTTP/1.1'] [Session 22] [len=637B]
2025-09-12 16:27:12 - [BENIGN] - DEBUG - Generated HTTP ACK reply from h5:80 <- h3:26220 [len=54B]
2025-09-12 16:27:13 - [BENIGN] - DEBUG - Generated HTTPS SYN from h3:13102 -> h5:443 [len=54B]
2025-09-12 16:27:13 - [BENIGN] - DEBUG - Generated HTTPS SYN-ACK from h5:443 <- h3:13102 [len=54B]
2025-09-12 16:27:14 - [BENIGN] - DEBUG - Generated HTTPS ACK from h3:13102 -> h5:443 [len=54B]
2025-09-12 16:27:15 - [BENIGN] - DEBUG - Generated HTTPS data traffic from h3:13102 -> h5:443 [content='Encrypted Application Data'] [Session 23] [len=818B]
2025-09-12 16:27:15 - [BENIGN] - DEBUG - Generated HTTPS ACK reply from h5:443 <- h3:13102 [len=54B]
2025-09-12 16:27:16 - [BENIGN] - DEBUG - Generated DNS query from h3:26452 -> h5:53 [qname='example.com'] [Session 24] [len=71B]
2025-09-12 16:27:16 - [BENIGN] - DEBUG - Generated ICMP traffic h2↔h5 3 [len=84B]
2025-09-12 16:27:17 - [BENIGN] - DEBUG - Generated TCP SYN from h3:46024 -> h5:12345 [len=54B]
2025-09-12 16:27:17 - [BENIGN] - DEBUG - Generated TCP SYN-ACK from h5:12345 <- h3:46024 [len=54B]
2025-09-12 16:27:18 - [BENIGN] - DEBUG - Generated TCP ACK from h3:46024 -> h5:12345 [len=54B]
2025-09-12 16:27:19 - [BENIGN] - DEBUG - Generated TCP data traffic from h3:46024 -> h5:12345 [content='TCP data'] [Session 25] [len=469B]
2025-09-12 16:27:19 - [BENIGN] - DEBUG - Generated TCP ACK reply from h5:12345 <- h3:46024 [len=54B]
2025-09-12 16:27:20 - [BENIGN] - DEBUG - Generated UDP traffic from h3:9079 -> h5:12346 [content='e5e2ebd6dfa4850d2d0769d594920e339c7e7807...'] [Session 26] [len=1263B]
2025-09-12 16:27:21 - [BENIGN] - DEBUG - Generated Telnet SYN from h3:35059 -> h5:23 [len=54B]
2025-09-12 16:27:21 - [BENIGN] - DEBUG - Generated Telnet SYN-ACK from h5:23 <- h3:35059 [len=54B]
2025-09-12 16:27:22 - [BENIGN] - DEBUG - Generated Telnet ACK from h3:35059 -> h5:23 [len=54B]
2025-09-12 16:27:23 - [BENIGN] - DEBUG - Generated Telnet data traffic from h3:35059 -> h5:23 [content='Telnet command'] [Session 27] [len=893B]
2025-09-12 16:27:23 - [BENIGN] - DEBUG - Generated Telnet ACK reply from h5:23 <- h3:35059 [len=54B]
2025-09-12 16:27:24 - [BENIGN] - DEBUG - Generated SSH SYN from h3:59605 -> h5:22 [len=54B]
2025-09-12 16:27:24 - [BENIGN] - DEBUG - Generated SSH SYN-ACK from h5:22 <- h3:59605 [len=54B]
2025-09-12 16:27:25 - [BENIGN] - DEBUG - Generated SSH ACK from h3:59605 -> h5:22 [len=54B]
2025-09-12 16:27:26 - [BENIGN] - DEBUG - Generated SSH data traffic from h3:59605 -> h5:22 [content='SSH encrypted data'] [Session 28] [len=267B]
2025-09-12 16:27:26 - [BENIGN] - DEBUG - Generated SSH ACK reply from h5:22 <- h3:59605 [len=54B]
2025-09-12 16:27:27 - [BENIGN] - DEBUG - Generated FTP SYN from h3:24271 -> h5:21 [len=54B]
2025-09-12 16:27:28 - [BENIGN] - DEBUG - Generated FTP SYN-ACK from h5:21 <- h3:24271 [len=54B]
2025-09-12 16:27:28 - [BENIGN] - DEBUG - Generated FTP ACK from h3:24271 -> h5:21 [len=54B]
2025-09-12 16:27:29 - [BENIGN] - DEBUG - Generated FTP data traffic from h3:24271 -> h5:21 [content='FTP file transfer'] [Session 29] [len=487B]
2025-09-12 16:27:30 - [BENIGN] - DEBUG - Generated FTP ACK reply from h5:21 <- h3:24271 [len=54B]
2025-09-12 16:27:30 - [BENIGN] - DEBUG - Generated HTTP SYN from h3:6417 -> h5:80 [len=54B]
2025-09-12 16:27:31 - [BENIGN] - DEBUG - Generated HTTP SYN-ACK from h5:80 <- h3:6417 [len=54B]
2025-09-12 16:27:32 - [BENIGN] - DEBUG - Generated HTTP ACK from h3:6417 -> h5:80 [len=54B]
2025-09-12 16:27:32 - [BENIGN] - DEBUG - Generated HTTP data traffic from h3:6417 -> h5:80 [content='GET /index.html HTTP/1.1'] [Session 30] [len=568B]
2025-09-12 16:27:33 - [BENIGN] - DEBUG - Generated HTTP ACK reply from h5:80 <- h3:6417 [len=54B]
2025-09-12 16:27:33 - [BENIGN] - DEBUG - Generated HTTPS SYN from h3:53064 -> h5:443 [len=54B]
2025-09-12 16:27:34 - [BENIGN] - DEBUG - Generated HTTPS SYN-ACK from h5:443 <- h3:53064 [len=54B]
2025-09-12 16:27:35 - [BENIGN] - DEBUG - Generated HTTPS ACK from h3:53064 -> h5:443 [len=54B]
2025-09-12 16:27:35 - [BENIGN] - DEBUG - Generated HTTPS data traffic from h3:53064 -> h5:443 [content='Encrypted Application Data'] [Session 31] [len=655B]
2025-09-12 16:27:36 - [BENIGN] - DEBUG - Generated HTTPS ACK reply from h5:443 <- h3:53064 [len=54B]
2025-09-12 16:27:37 - [BENIGN] - DEBUG - Generated DNS query from h3:61701 -> h5:53 [qname='example.com'] [Session 32] [len=71B]
2025-09-12 16:27:37 - [BENIGN] - DEBUG - Generated ICMP traffic h2↔h5 4 [len=84B]
2025-09-12 16:27:37 - [BENIGN] - DEBUG - Generated TCP SYN from h3:32179 -> h5:12345 [len=54B]
2025-09-12 16:27:38 - [BENIGN] - DEBUG - Generated TCP SYN-ACK from h5:12345 <- h3:32179 [len=54B]
2025-09-12 16:27:39 - [BENIGN] - DEBUG - Generated TCP ACK from h3:32179 -> h5:12345 [len=54B]
2025-09-12 16:27:39 - [BENIGN] - DEBUG - Generated TCP data traffic from h3:32179 -> h5:12345 [content='TCP data'] [Session 33] [len=131B]
2025-09-12 16:27:40 - [BENIGN] - DEBUG - Generated TCP ACK reply from h5:12345 <- h3:32179 [len=54B]
2025-09-12 16:27:40 - [BENIGN] - DEBUG - Generated UDP traffic from h3:28200 -> h5:12346 [content='a17e16339a068eef37011d25532245d14aa74862...'] [Session 34] [len=1008B]
2025-09-12 16:27:41 - [BENIGN] - DEBUG - Generated Telnet SYN from h3:34730 -> h5:23 [len=54B]
2025-09-12 16:27:42 - [BENIGN] - DEBUG - Generated Telnet SYN-ACK from h5:23 <- h3:34730 [len=54B]
2025-09-12 16:27:42 - [BENIGN] - DEBUG - Generated Telnet ACK from h3:34730 -> h5:23 [len=54B]
2025-09-12 16:27:43 - [BENIGN] - DEBUG - Generated Telnet data traffic from h3:34730 -> h5:23 [content='Telnet command'] [Session 35] [len=182B]
2025-09-12 16:27:44 - [BENIGN] - DEBUG - Generated Telnet ACK reply from h5:23 <- h3:34730 [len=54B]
2025-09-12 16:27:44 - [BENIGN] - DEBUG - Generated SSH SYN from h3:55674 -> h5:22 [len=54B]
2025-09-12 16:27:45 - [BENIGN] - DEBUG - Generated SSH SYN-ACK from h5:22 <- h3:55674 [len=54B]
2025-09-12 16:27:46 - [BENIGN] - DEBUG - Generated SSH ACK from h3:55674 -> h5:22 [len=54B]
2025-09-12 16:27:46 - [BENIGN] - DEBUG - Generated SSH data traffic from h3:55674 -> h5:22 [content='SSH encrypted data'] [Session 36] [len=844B]
2025-09-12 16:27:47 - [BENIGN] - DEBUG - Generated SSH ACK reply from h5:22 <- h3:55674 [len=54B]
2025-09-12 16:27:47 - [BENIGN] - DEBUG - Generated FTP SYN from h3:32107 -> h5:21 [len=54B]
2025-09-12 16:27:48 - [BENIGN] - DEBUG - Generated FTP SYN-ACK from h5:21 <- h3:32107 [len=54B]
2025-09-12 16:27:49 - [BENIGN] - DEBUG - Generated FTP ACK from h3:32107 -> h5:21 [len=54B]
2025-09-12 16:27:49 - [BENIGN] - DEBUG - Generated FTP data traffic from h3:32107 -> h5:21 [content='FTP file transfer'] [Session 37] [len=855B]
2025-09-12 16:27:50 - [BENIGN] - DEBUG - Generated FTP ACK reply from h5:21 <- h3:32107 [len=54B]
2025-09-12 16:27:51 - [BENIGN] - DEBUG - Generated HTTP SYN from h3:30103 -> h5:80 [len=54B]
2025-09-12 16:27:51 - [BENIGN] - DEBUG - Generated HTTP SYN-ACK from h5:80 <- h3:30103 [len=54B]
2025-09-12 16:27:52 - [BENIGN] - DEBUG - Generated HTTP ACK from h3:30103 -> h5:80 [len=54B]
2025-09-12 16:27:53 - [BENIGN] - DEBUG - Generated HTTP data traffic from h3:30103 -> h5:80 [content='GET /index.html HTTP/1.1'] [Session 38] [len=262B]
2025-09-12 16:27:53 - [BENIGN] - DEBUG - Generated HTTP ACK reply from h5:80 <- h3:30103 [len=54B]
2025-09-12 16:27:54 - [BENIGN] - DEBUG - Generated HTTPS SYN from h3:23012 -> h5:443 [len=54B]
2025-09-12 16:27:54 - [BENIGN] - DEBUG - Generated HTTPS SYN-ACK from h5:443 <- h3:23012 [len=54B]
2025-09-12 16:27:55 - [BENIGN] - DEBUG - Generated HTTPS ACK from h3:23012 -> h5:443 [len=54B]
2025-09-12 16:27:56 - [BENIGN] - DEBUG - Generated HTTPS data traffic from h3:23012 -> h5:443 [content='Encrypted Application Data'] [Session 39] [len=507B]
2025-09-12 16:27:56 - [BENIGN] - DEBUG - Generated HTTPS ACK reply from h5:443 <- h3:23012 [len=54B]
2025-09-12 16:27:57 - [BENIGN] - DEBUG - Generated DNS query from h3:21411 -> h5:53 [qname='example.com'] [Session 40] [len=71B]
2025-09-12 16:27:57 - [BENIGN] - DEBUG - Generated ICMP traffic h2↔h5 5 [len=84B]
2025-09-12 16:27:58 - [BENIGN] - DEBUG - Generated TCP SYN from h3:9725 -> h5:12345 [len=54B]
2025-09-12 16:27:58 - [BENIGN] - DEBUG - Generated TCP SYN-ACK from h5:12345 <- h3:9725 [len=54B]
2025-09-12 16:27:59 - [BENIGN] - DEBUG - Generated TCP ACK from h3:9725 -> h5:12345 [len=54B]
2025-09-12 16:28:00 - [BENIGN] - DEBUG - Generated TCP data traffic from h3:9725 -> h5:12345 [content='TCP data'] [Session 41] [len=1461B]
2025-09-12 16:28:00 - [BENIGN] - DEBUG - Generated TCP ACK reply from h5:12345 <- h3:9725 [len=54B]
2025-09-12 16:28:01 - [BENIGN] - DEBUG - Generated UDP traffic from h3:52411 -> h5:12346 [content='00903a632eb0efbde9b3ef8657879b2f8ef2d992...'] [Session 42] [len=1316B]
2025-09-12 16:28:02 - [BENIGN] - DEBUG - Generated Telnet SYN from h3:17711 -> h5:23 [len=54B]
2025-09-12 16:28:02 - [BENIGN] - DEBUG - Generated Telnet SYN-ACK from h5:23 <- h3:17711 [len=54B]
2025-09-12 16:28:03 - [BENIGN] - DEBUG - Generated Telnet ACK from h3:17711 -> h5:23 [len=54B]
2025-09-12 16:28:03 - [BENIGN] - DEBUG - Generated Telnet data traffic from h3:17711 -> h5:23 [content='Telnet command'] [Session 43] [len=122B]
2025-09-12 16:28:04 - [BENIGN] - DEBUG - Generated Telnet ACK reply from h5:23 <- h3:17711 [len=54B]
2025-09-12 16:28:05 - [BENIGN] - DEBUG - Generated SSH SYN from h3:57482 -> h5:22 [len=54B]
2025-09-12 16:28:05 - [BENIGN] - DEBUG - Generated SSH SYN-ACK from h5:22 <- h3:57482 [len=54B]
2025-09-12 16:28:06 - [BENIGN] - DEBUG - Generated SSH ACK from h3:57482 -> h5:22 [len=54B]
2025-09-12 16:28:07 - [BENIGN] - DEBUG - Generated SSH data traffic from h3:57482 -> h5:22 [content='SSH encrypted data'] [Session 44] [len=1428B]
2025-09-12 16:28:07 - [BENIGN] - DEBUG - Generated SSH ACK reply from h5:22 <- h3:57482 [len=54B]
2025-09-12 16:28:08 - [BENIGN] - DEBUG - Generated FTP SYN from h3:4208 -> h5:21 [len=54B]
2025-09-12 16:28:09 - [BENIGN] - DEBUG - Generated FTP SYN-ACK from h5:21 <- h3:4208 [len=54B]
2025-09-12 16:28:09 - [BENIGN] - DEBUG - Generated FTP ACK from h3:4208 -> h5:21 [len=54B]
2025-09-12 16:28:10 - [BENIGN] - DEBUG - Generated FTP data traffic from h3:4208 -> h5:21 [content='FTP file transfer'] [Session 45] [len=606B]
2025-09-12 16:28:11 - [BENIGN] - DEBUG - Generated FTP ACK reply from h5:21 <- h3:4208 [len=54B]
2025-09-12 16:28:11 - [BENIGN] - DEBUG - Generated HTTP SYN from h3:63853 -> h5:80 [len=54B]
2025-09-12 16:28:12 - [BENIGN] - DEBUG - Generated HTTP SYN-ACK from h5:80 <- h3:63853 [len=54B]
2025-09-12 16:28:12 - [BENIGN] - DEBUG - Generated HTTP ACK from h3:63853 -> h5:80 [len=54B]
2025-09-12 16:28:13 - [BENIGN] - DEBUG - Generated HTTP data traffic from h3:63853 -> h5:80 [content='GET /index.html HTTP/1.1'] [Session 46] [len=444B]
2025-09-12 16:28:14 - [BENIGN] - DEBUG - Generated HTTP ACK reply from h5:80 <- h3:63853 [len=54B]
2025-09-12 16:28:14 - [BENIGN] - DEBUG - Generated HTTPS SYN from h3:44730 -> h5:443 [len=54B]
2025-09-12 16:28:15 - [BENIGN] - DEBUG - Generated HTTPS SYN-ACK from h5:443 <- h3:44730 [len=54B]
2025-09-12 16:28:16 - [BENIGN] - DEBUG - Generated HTTPS ACK from h3:44730 -> h5:443 [len=54B]
2025-09-12 16:28:16 - [BENIGN] - DEBUG - Generated HTTPS data traffic from h3:44730 -> h5:443 [content='Encrypted Application Data'] [Session 47] [len=457B]
2025-09-12 16:28:17 - [BENIGN] - DEBUG - Generated HTTPS ACK reply from h5:443 <- h3:44730 [len=54B]
2025-09-12 16:28:17 - [BENIGN] - DEBUG - Generated DNS query from h3:56036 -> h5:53 [qname='example.com'] [Session 48] [len=71B]
2025-09-12 16:28:18 - [BENIGN] - DEBUG - Generated ICMP traffic h2↔h5 6 [len=84B]
2025-09-12 16:28:18 - [BENIGN] - DEBUG - Generated TCP SYN from h3:40299 -> h5:12345 [len=54B]
2025-09-12 16:28:19 - [BENIGN] - DEBUG - Generated TCP SYN-ACK from h5:12345 <- h3:40299 [len=54B]
2025-09-12 16:28:19 - [BENIGN] - DEBUG - Generated TCP ACK from h3:40299 -> h5:12345 [len=54B]
2025-09-12 16:28:20 - [BENIGN] - DEBUG - Generated TCP data traffic from h3:40299 -> h5:12345 [content='TCP data'] [Session 49] [len=959B]
2025-09-12 16:28:21 - [BENIGN] - DEBUG - Generated TCP ACK reply from h5:12345 <- h3:40299 [len=54B]
2025-09-12 16:28:21 - [BENIGN] - DEBUG - Generated UDP traffic from h3:48055 -> h5:12346 [content='47ee323850def8e7180ab987a224d3ad0d411ec7...'] [Session 50] [len=491B]
2025-09-12 16:28:22 - [BENIGN] - DEBUG - Generated Telnet SYN from h3:52291 -> h5:23 [len=54B]
2025-09-12 16:28:23 - [BENIGN] - DEBUG - Generated Telnet SYN-ACK from h5:23 <- h3:52291 [len=54B]
2025-09-12 16:28:23 - [BENIGN] - DEBUG - Generated Telnet ACK from h3:52291 -> h5:23 [len=54B]
2025-09-12 16:28:24 - [BENIGN] - DEBUG - Generated Telnet data traffic from h3:52291 -> h5:23 [content='Telnet command'] [Session 51] [len=769B]
2025-09-12 16:28:24 - [BENIGN] - DEBUG - Generated Telnet ACK reply from h5:23 <- h3:52291 [len=54B]
2025-09-12 16:28:25 - [BENIGN] - DEBUG - Generated SSH SYN from h3:2022 -> h5:22 [len=54B]
2025-09-12 16:28:26 - [BENIGN] - DEBUG - Generated SSH SYN-ACK from h5:22 <- h3:2022 [len=54B]
2025-09-12 16:28:26 - [BENIGN] - DEBUG - Generated SSH ACK from h3:2022 -> h5:22 [len=54B]
2025-09-12 16:28:27 - [BENIGN] - DEBUG - Generated SSH data traffic from h3:2022 -> h5:22 [content='SSH encrypted data'] [Session 52] [len=533B]
2025-09-12 16:28:28 - [BENIGN] - DEBUG - Generated SSH ACK reply from h5:22 <- h3:2022 [len=54B]
2025-09-12 16:28:28 - [BENIGN] - DEBUG - Generated FTP SYN from h3:40139 -> h5:21 [len=54B]
2025-09-12 16:28:29 - [BENIGN] - DEBUG - Generated FTP SYN-ACK from h5:21 <- h3:40139 [len=54B]
2025-09-12 16:28:30 - [BENIGN] - DEBUG - Generated FTP ACK from h3:40139 -> h5:21 [len=54B]
2025-09-12 16:28:30 - [BENIGN] - DEBUG - Generated FTP data traffic from h3:40139 -> h5:21 [content='FTP file transfer'] [Session 53] [len=1376B]
2025-09-12 16:28:31 - [BENIGN] - DEBUG - Generated FTP ACK reply from h5:21 <- h3:40139 [len=54B]
2025-09-12 16:28:31 - [BENIGN] - DEBUG - Generated HTTP SYN from h3:36160 -> h5:80 [len=54B]
2025-09-12 16:28:32 - [BENIGN] - DEBUG - Generated HTTP SYN-ACK from h5:80 <- h3:36160 [len=54B]
2025-09-12 16:28:33 - [BENIGN] - DEBUG - Generated HTTP ACK from h3:36160 -> h5:80 [len=54B]
2025-09-12 16:28:33 - [BENIGN] - DEBUG - Generated HTTP data traffic from h3:36160 -> h5:80 [content='GET /index.html HTTP/1.1'] [Session 54] [len=418B]
2025-09-12 16:28:34 - [BENIGN] - DEBUG - Generated HTTP ACK reply from h5:80 <- h3:36160 [len=54B]
2025-09-12 16:28:35 - [BENIGN] - DEBUG - Generated HTTPS SYN from h3:64851 -> h5:443 [len=54B]
2025-09-12 16:28:35 - [BENIGN] - DEBUG - Generated HTTPS SYN-ACK from h5:443 <- h3:64851 [len=54B]
2025-09-12 16:28:36 - [BENIGN] - DEBUG - Generated HTTPS ACK from h3:64851 -> h5:443 [len=54B]
2025-09-12 16:28:36 - [BENIGN] - DEBUG - Generated HTTPS data traffic from h3:64851 -> h5:443 [content='Encrypted Application Data'] [Session 55] [len=843B]
2025-09-12 16:28:37 - [BENIGN] - DEBUG - Generated HTTPS ACK reply from h5:443 <- h3:64851 [len=54B]
2025-09-12 16:28:38 - [BENIGN] - DEBUG - Generated DNS query from h3:37383 -> h5:53 [qname='example.com'] [Session 56] [len=71B]
2025-09-12 16:28:38 - [BENIGN] - DEBUG - Generated ICMP traffic h2↔h5 7 [len=84B]
2025-09-12 16:28:38 - [BENIGN] - DEBUG - Generated TCP SYN from h3:34710 -> h5:12345 [len=54B]
2025-09-12 16:28:39 - [BENIGN] - DEBUG - Generated TCP SYN-ACK from h5:12345 <- h3:34710 [len=54B]
2025-09-12 16:28:40 - [BENIGN] - DEBUG - Generated TCP ACK from h3:34710 -> h5:12345 [len=54B]
2025-09-12 16:28:40 - [BENIGN] - DEBUG - Generated TCP data traffic from h3:34710 -> h5:12345 [content='TCP data'] [Session 57] [len=139B]
2025-09-12 16:28:41 - [BENIGN] - DEBUG - Generated TCP ACK reply from h5:12345 <- h3:34710 [len=54B]
2025-09-12 16:28:42 - [BENIGN] - DEBUG - Generated UDP traffic from h3:45345 -> h5:12346 [content='48699abfae92c6053ecd07d829a9291c846bf78f...'] [Session 58] [len=939B]
2025-09-12 16:28:42 - [BENIGN] - DEBUG - Generated Telnet SYN from h3:16520 -> h5:23 [len=54B]
2025-09-12 16:28:43 - [BENIGN] - DEBUG - Generated Telnet SYN-ACK from h5:23 <- h3:16520 [len=54B]
2025-09-12 16:28:43 - [BENIGN] - DEBUG - Generated Telnet ACK from h3:16520 -> h5:23 [len=54B]
2025-09-12 16:28:44 - [BENIGN] - DEBUG - Generated Telnet data traffic from h3:16520 -> h5:23 [content='Telnet command'] [Session 59] [len=1037B]
2025-09-12 16:28:45 - [BENIGN] - DEBUG - Generated Telnet ACK reply from h5:23 <- h3:16520 [len=54B]
2025-09-12 16:28:45 - [BENIGN] - DEBUG - Generated SSH SYN from h3:35879 -> h5:22 [len=54B]
2025-09-12 16:28:46 - [BENIGN] - DEBUG - Generated SSH SYN-ACK from h5:22 <- h3:35879 [len=54B]
2025-09-12 16:28:47 - [BENIGN] - DEBUG - Generated SSH ACK from h3:35879 -> h5:22 [len=54B]
2025-09-12 16:28:47 - [BENIGN] - DEBUG - Generated SSH data traffic from h3:35879 -> h5:22 [content='SSH encrypted data'] [Session 60] [len=809B]
2025-09-12 16:28:48 - [BENIGN] - DEBUG - Generated SSH ACK reply from h5:22 <- h3:35879 [len=54B]
2025-09-12 16:28:48 - [BENIGN] - DEBUG - Generated FTP SYN from h3:31257 -> h5:21 [len=54B]
2025-09-12 16:28:49 - [BENIGN] - DEBUG - Generated FTP SYN-ACK from h5:21 <- h3:31257 [len=54B]
2025-09-12 16:28:50 - [BENIGN] - DEBUG - Generated FTP ACK from h3:31257 -> h5:21 [len=54B]
2025-09-12 16:28:50 - [BENIGN] - DEBUG - Generated FTP data traffic from h3:31257 -> h5:21 [content='FTP file transfer'] [Session 61] [len=1389B]
2025-09-12 16:28:51 - [BENIGN] - DEBUG - Generated FTP ACK reply from h5:21 <- h3:31257 [len=54B]
2025-09-12 16:28:52 - [BENIGN] - DEBUG - Generated HTTP SYN from h3:59537 -> h5:80 [len=54B]
2025-09-12 16:28:52 - [BENIGN] - DEBUG - Generated HTTP SYN-ACK from h5:80 <- h3:59537 [len=54B]
2025-09-12 16:28:53 - [BENIGN] - DEBUG - Generated HTTP ACK from h3:59537 -> h5:80 [len=54B]
2025-09-12 16:28:54 - [BENIGN] - DEBUG - Generated HTTP data traffic from h3:59537 -> h5:80 [content='GET /index.html HTTP/1.1'] [Session 62] [len=426B]
2025-09-12 16:28:54 - [BENIGN] - DEBUG - Generated HTTP ACK reply from h5:80 <- h3:59537 [len=54B]
2025-09-12 16:28:55 - [BENIGN] - DEBUG - Generated HTTPS SYN from h3:49021 -> h5:443 [len=54B]
2025-09-12 16:28:55 - [BENIGN] - DEBUG - Generated HTTPS SYN-ACK from h5:443 <- h3:49021 [len=54B]
2025-09-12 16:28:56 - [BENIGN] - DEBUG - Generated HTTPS ACK from h3:49021 -> h5:443 [len=54B]
2025-09-12 16:28:57 - [BENIGN] - DEBUG - Generated HTTPS data traffic from h3:49021 -> h5:443 [content='Encrypted Application Data'] [Session 63] [len=323B]
2025-09-12 16:28:57 - [BENIGN] - DEBUG - Generated HTTPS ACK reply from h5:443 <- h3:49021 [len=54B]
2025-09-12 16:28:58 - [BENIGN] - DEBUG - Generated DNS query from h3:45114 -> h5:53 [qname='example.com'] [Session 64] [len=71B]
2025-09-12 16:28:58 - [BENIGN] - DEBUG - Generated ICMP traffic h2↔h5 8 [len=84B]
2025-09-12 16:28:59 - [BENIGN] - DEBUG - Generated TCP SYN from h3:47721 -> h5:12345 [len=54B]
2025-09-12 16:28:59 - [BENIGN] - DEBUG - Generated TCP SYN-ACK from h5:12345 <- h3:47721 [len=54B]
2025-09-12 16:29:00 - [BENIGN] - DEBUG - Generated TCP ACK from h3:47721 -> h5:12345 [len=54B]
2025-09-12 16:29:00 - [BENIGN] - DEBUG - Generated TCP data traffic from h3:47721 -> h5:12345 [content='TCP data'] [Session 65] [len=773B]
2025-09-12 16:29:01 - [BENIGN] - DEBUG - Generated TCP ACK reply from h5:12345 <- h3:47721 [len=54B]
2025-09-12 16:29:02 - [BENIGN] - DEBUG - Generated UDP traffic from h3:5757 -> h5:12346 [content='b1702d04d5303c26434ab4e3ae9805b0d071485a...'] [Session 66] [len=1345B]
2025-09-12 16:29:02 - [BENIGN] - DEBUG - Generated Telnet SYN from h3:32191 -> h5:23 [len=54B]
2025-09-12 16:29:03 - [BENIGN] - DEBUG - Generated Telnet SYN-ACK from h5:23 <- h3:32191 [len=54B]
2025-09-12 16:29:04 - [BENIGN] - DEBUG - Generated Telnet ACK from h3:32191 -> h5:23 [len=54B]
2025-09-12 16:29:04 - [BENIGN] - DEBUG - Generated Telnet data traffic from h3:32191 -> h5:23 [content='Telnet command'] [Session 67] [len=1364B]
2025-09-12 16:29:05 - [BENIGN] - DEBUG - Generated Telnet ACK reply from h5:23 <- h3:32191 [len=54B]
2025-09-12 16:29:06 - [BENIGN] - DEBUG - Generated SSH SYN from h3:22013 -> h5:22 [len=54B]
2025-09-12 16:29:06 - [BENIGN] - DEBUG - Generated SSH SYN-ACK from h5:22 <- h3:22013 [len=54B]
2025-09-12 16:29:07 - [BENIGN] - DEBUG - Generated SSH ACK from h3:22013 -> h5:22 [len=54B]
2025-09-12 16:29:07 - [BENIGN] - DEBUG - Generated SSH data traffic from h3:22013 -> h5:22 [content='SSH encrypted data'] [Session 68] [len=292B]
2025-09-12 16:29:08 - [BENIGN] - DEBUG - Generated SSH ACK reply from h5:22 <- h3:22013 [len=54B]
2025-09-12 16:29:09 - [BENIGN] - DEBUG - Generated FTP SYN from h3:35287 -> h5:21 [len=54B]
2025-09-12 16:29:09 - [BENIGN] - DEBUG - Generated FTP SYN-ACK from h5:21 <- h3:35287 [len=54B]
2025-09-12 16:29:10 - [BENIGN] - DEBUG - Generated FTP ACK from h3:35287 -> h5:21 [len=54B]
2025-09-12 16:29:11 - [BENIGN] - DEBUG - Generated FTP data traffic from h3:35287 -> h5:21 [content='FTP file transfer'] [Session 69] [len=929B]
2025-09-12 16:29:11 - [BENIGN] - DEBUG - Generated FTP ACK reply from h5:21 <- h3:35287 [len=54B]
2025-09-12 16:29:12 - [BENIGN] - DEBUG - Generated HTTP SYN from h3:39128 -> h5:80 [len=54B]
2025-09-12 16:29:13 - [BENIGN] - DEBUG - Generated HTTP SYN-ACK from h5:80 <- h3:39128 [len=54B]
2025-09-12 16:29:13 - [BENIGN] - DEBUG - Generated HTTP ACK from h3:39128 -> h5:80 [len=54B]
2025-09-12 16:29:14 - [BENIGN] - DEBUG - Generated HTTP data traffic from h3:39128 -> h5:80 [content='GET /index.html HTTP/1.1'] [Session 70] [len=263B]
2025-09-12 16:29:14 - [BENIGN] - DEBUG - Generated HTTP ACK reply from h5:80 <- h3:39128 [len=54B]
2025-09-12 16:29:15 - [BENIGN] - DEBUG - Generated HTTPS SYN from h3:41204 -> h5:443 [len=54B]
2025-09-12 16:29:16 - [BENIGN] - DEBUG - Generated HTTPS SYN-ACK from h5:443 <- h3:41204 [len=54B]
2025-09-12 16:29:16 - [BENIGN] - DEBUG - Generated HTTPS ACK from h3:41204 -> h5:443 [len=54B]
2025-09-12 16:29:17 - [BENIGN] - DEBUG - Generated HTTPS data traffic from h3:41204 -> h5:443 [content='Encrypted Application Data'] [Session 71] [len=721B]
2025-09-12 16:29:18 - [BENIGN] - DEBUG - Generated HTTPS ACK reply from h5:443 <- h3:41204 [len=54B]
2025-09-12 16:29:18 - [BENIGN] - DEBUG - Generated DNS query from h3:62729 -> h5:53 [qname='example.com'] [Session 72] [len=71B]
2025-09-12 16:29:18 - [BENIGN] - DEBUG - Generated ICMP traffic h2↔h5 9 [len=84B]
2025-09-12 16:29:19 - [BENIGN] - DEBUG - Generated TCP SYN from h3:37337 -> h5:12345 [len=54B]
2025-09-12 16:29:20 - [BENIGN] - DEBUG - Generated TCP SYN-ACK from h5:12345 <- h3:37337 [len=54B]
2025-09-12 16:29:20 - [BENIGN] - DEBUG - Generated TCP ACK from h3:37337 -> h5:12345 [len=54B]
2025-09-12 16:29:21 - [BENIGN] - DEBUG - Generated TCP data traffic from h3:37337 -> h5:12345 [content='TCP data'] [Session 73] [len=1125B]
2025-09-12 16:29:21 - [BENIGN] - DEBUG - Generated TCP ACK reply from h5:12345 <- h3:37337 [len=54B]
2025-09-12 16:29:22 - [BENIGN] - DEBUG - Generated UDP traffic from h3:61218 -> h5:12346 [content='0dbe9871402e2c04881937f1bc0a671e948cda0d...'] [Session 74] [len=1532B]
2025-09-12 16:29:23 - [BENIGN] - DEBUG - Generated Telnet SYN from h3:5836 -> h5:23 [len=54B]
2025-09-12 16:29:23 - [BENIGN] - DEBUG - Generated Telnet SYN-ACK from h5:23 <- h3:5836 [len=54B]
2025-09-12 16:29:24 - [BENIGN] - DEBUG - Generated Telnet ACK from h3:5836 -> h5:23 [len=54B]
2025-09-12 16:29:25 - [BENIGN] - DEBUG - Generated Telnet data traffic from h3:5836 -> h5:23 [content='Telnet command'] [Session 75] [len=377B]
2025-09-12 16:29:25 - [BENIGN] - DEBUG - Generated Telnet ACK reply from h5:23 <- h3:5836 [len=54B]
2025-09-12 16:29:26 - [BENIGN] - DEBUG - Generated SSH SYN from h3:16044 -> h5:22 [len=54B]
2025-09-12 16:29:26 - [BENIGN] - DEBUG - Generated SSH SYN-ACK from h5:22 <- h3:16044 [len=54B]
2025-09-12 16:29:27 - [BENIGN] - DEBUG - Generated SSH ACK from h3:16044 -> h5:22 [len=54B]
2025-09-12 16:29:28 - [BENIGN] - DEBUG - Generated SSH data traffic from h3:16044 -> h5:22 [content='SSH encrypted data'] [Session 76] [len=841B]
2025-09-12 16:29:28 - [BENIGN] - DEBUG - Generated SSH ACK reply from h5:22 <- h3:16044 [len=54B]
2025-09-12 16:29:29 - [BENIGN] - DEBUG - Generated FTP SYN from h3:45063 -> h5:21 [len=54B]
2025-09-12 16:29:30 - [BENIGN] - DEBUG - Generated FTP SYN-ACK from h5:21 <- h3:45063 [len=54B]
2025-09-12 16:29:30 - [BENIGN] - DEBUG - Generated FTP ACK from h3:45063 -> h5:21 [len=54B]
2025-09-12 16:29:31 - [BENIGN] - DEBUG - Generated FTP data traffic from h3:45063 -> h5:21 [content='FTP file transfer'] [Session 77] [len=463B]
2025-09-12 16:29:32 - [BENIGN] - DEBUG - Generated FTP ACK reply from h5:21 <- h3:45063 [len=54B]
2025-09-12 16:29:32 - [BENIGN] - DEBUG - Generated HTTP SYN from h3:32823 -> h5:80 [len=54B]
2025-09-12 16:29:33 - [BENIGN] - DEBUG - Generated HTTP SYN-ACK from h5:80 <- h3:32823 [len=54B]
2025-09-12 16:29:33 - [BENIGN] - DEBUG - Generated HTTP ACK from h3:32823 -> h5:80 [len=54B]
2025-09-12 16:29:34 - [BENIGN] - DEBUG - Generated HTTP data traffic from h3:32823 -> h5:80 [content='GET /index.html HTTP/1.1'] [Session 78] [len=458B]
2025-09-12 16:29:35 - [BENIGN] - DEBUG - Generated HTTP ACK reply from h5:80 <- h3:32823 [len=54B]
2025-09-12 16:29:35 - [BENIGN] - DEBUG - Generated HTTPS SYN from h3:23049 -> h5:443 [len=54B]
2025-09-12 16:29:36 - [BENIGN] - DEBUG - Generated HTTPS SYN-ACK from h5:443 <- h3:23049 [len=54B]
2025-09-12 16:29:37 - [BENIGN] - DEBUG - Generated HTTPS ACK from h3:23049 -> h5:443 [len=54B]
2025-09-12 16:29:37 - [BENIGN] - DEBUG - Generated HTTPS data traffic from h3:23049 -> h5:443 [content='Encrypted Application Data'] [Session 79] [len=580B]
2025-09-12 16:29:38 - [BENIGN] - DEBUG - Generated HTTPS ACK reply from h5:443 <- h3:23049 [len=54B]
2025-09-12 16:29:38 - [BENIGN] - DEBUG - Generated DNS query from h3:20221 -> h5:53 [qname='example.com'] [Session 80] [len=71B]
2025-09-12 16:29:39 - [BENIGN] - INFO - Benign traffic finished.
2025-09-12 16:29:39 - [BENIGN] - INFO - Summary: 80 protocol sessions with protocol separation:
2025-09-12 16:29:39 - [BENIGN] - INFO -   - h2↔h5: ICMP ping traffic
2025-09-12 16:29:39 - [BENIGN] - INFO -   - h3↔h5: TCP/UDP traffic [TCP, UDP, Telnet, SSH, FTP, HTTP, HTTPS, DNS]
2025-09-12 16:29:39 - [BENIGN] - INFO - Total packets sent: 340
