2025-09-12 20:00:31 - [BENIGN] - INFO - Starting benign traffic for 200 seconds...
2025-09-12 20:00:31 - [BENIGN] - INFO - Protocol separation: h2↔h5 (ICMP), h3↔h5 (TCP/UDP)
2025-09-12 20:00:31 - [BENIGN] - DEBUG - Generated ICMP traffic h2↔h5 0 [len=84B]
2025-09-12 20:00:31 - [BENIGN] - DEBUG - Generated TCP SYN from h3:28402 -> h5:12345 [len=54B]
2025-09-12 20:00:32 - [BENIGN] - DEBUG - Generated TCP SYN-ACK from h5:12345 <- h3:28402 [len=54B]
2025-09-12 20:00:33 - [BENIGN] - DEBUG - Generated TCP ACK from h3:28402 -> h5:12345 [len=54B]
2025-09-12 20:00:33 - [BENIGN] - DEBUG - Generated TCP data traffic from h3:28402 -> h5:12345 [content='TCP data'] [Session 1] [len=129B]
2025-09-12 20:00:34 - [BENIGN] - DEBUG - Generated TCP ACK reply from h5:12345 <- h3:28402 [len=54B]
2025-09-12 20:00:34 - [BENIGN] - DEBUG - Generated UDP traffic from h3:36999 -> h5:12346 [content='ae8a076848528e2a9c39339706e0ae3be88e53b4...'] [Session 2] [len=1249B]
2025-09-12 20:00:35 - [BENIGN] - DEBUG - Generated Telnet SYN from h3:59553 -> h5:23 [len=54B]
2025-09-12 20:00:36 - [BENIGN] - DEBUG - Generated Telnet SYN-ACK from h5:23 <- h3:59553 [len=54B]
2025-09-12 20:00:36 - [BENIGN] - DEBUG - Generated Telnet ACK from h3:59553 -> h5:23 [len=54B]
2025-09-12 20:00:37 - [BENIGN] - DEBUG - Generated Telnet data traffic from h3:59553 -> h5:23 [content='Telnet command'] [Session 3] [len=229B]
2025-09-12 20:00:38 - [BENIGN] - DEBUG - Generated Telnet ACK reply from h5:23 <- h3:59553 [len=54B]
2025-09-12 20:00:38 - [BENIGN] - DEBUG - Generated SSH SYN from h3:26970 -> h5:22 [len=54B]
2025-09-12 20:00:39 - [BENIGN] - DEBUG - Generated SSH SYN-ACK from h5:22 <- h3:26970 [len=54B]
2025-09-12 20:00:39 - [BENIGN] - DEBUG - Generated SSH ACK from h3:26970 -> h5:22 [len=54B]
2025-09-12 20:00:40 - [BENIGN] - DEBUG - Generated SSH data traffic from h3:26970 -> h5:22 [content='SSH encrypted data'] [Session 4] [len=1165B]
2025-09-12 20:00:41 - [BENIGN] - DEBUG - Generated SSH ACK reply from h5:22 <- h3:26970 [len=54B]
2025-09-12 20:00:41 - [BENIGN] - DEBUG - Generated FTP SYN from h3:13313 -> h5:21 [len=54B]
2025-09-12 20:00:42 - [BENIGN] - DEBUG - Generated FTP SYN-ACK from h5:21 <- h3:13313 [len=54B]
2025-09-12 20:00:43 - [BENIGN] - DEBUG - Generated FTP ACK from h3:13313 -> h5:21 [len=54B]
2025-09-12 20:00:43 - [BENIGN] - DEBUG - Generated FTP data traffic from h3:13313 -> h5:21 [content='FTP file transfer'] [Session 5] [len=458B]
2025-09-12 20:00:44 - [BENIGN] - DEBUG - Generated FTP ACK reply from h5:21 <- h3:13313 [len=54B]
2025-09-12 20:00:44 - [BENIGN] - DEBUG - Generated HTTP SYN from h3:12166 -> h5:80 [len=54B]
2025-09-12 20:00:45 - [BENIGN] - DEBUG - Generated HTTP SYN-ACK from h5:80 <- h3:12166 [len=54B]
2025-09-12 20:00:46 - [BENIGN] - DEBUG - Generated HTTP ACK from h3:12166 -> h5:80 [len=54B]
2025-09-12 20:00:46 - [BENIGN] - DEBUG - Generated HTTP data traffic from h3:12166 -> h5:80 [content='GET /index.html HTTP/1.1'] [Session 6] [len=519B]
2025-09-12 20:00:47 - [BENIGN] - DEBUG - Generated HTTP ACK reply from h5:80 <- h3:12166 [len=54B]
2025-09-12 20:00:47 - [BENIGN] - DEBUG - Generated HTTPS SYN from h3:38034 -> h5:443 [len=54B]
2025-09-12 20:00:48 - [BENIGN] - DEBUG - Generated HTTPS SYN-ACK from h5:443 <- h3:38034 [len=54B]
2025-09-12 20:00:49 - [BENIGN] - DEBUG - Generated HTTPS ACK from h3:38034 -> h5:443 [len=54B]
2025-09-12 20:00:49 - [BENIGN] - DEBUG - Generated HTTPS data traffic from h3:38034 -> h5:443 [content='Encrypted Application Data'] [Session 7] [len=467B]
2025-09-12 20:00:50 - [BENIGN] - DEBUG - Generated HTTPS ACK reply from h5:443 <- h3:38034 [len=54B]
2025-09-12 20:00:51 - [BENIGN] - DEBUG - Generated DNS query from h3:43190 -> h5:53 [qname='example.com'] [Session 8] [len=71B]
2025-09-12 20:00:51 - [BENIGN] - DEBUG - Generated ICMP traffic h2↔h5 1 [len=84B]
2025-09-12 20:00:51 - [BENIGN] - DEBUG - Generated TCP SYN from h3:43924 -> h5:12345 [len=54B]
2025-09-12 20:00:52 - [BENIGN] - DEBUG - Generated TCP SYN-ACK from h5:12345 <- h3:43924 [len=54B]
2025-09-12 20:00:53 - [BENIGN] - DEBUG - Generated TCP ACK from h3:43924 -> h5:12345 [len=54B]
2025-09-12 20:00:53 - [BENIGN] - DEBUG - Generated TCP data traffic from h3:43924 -> h5:12345 [content='TCP data'] [Session 9] [len=248B]
2025-09-12 20:00:54 - [BENIGN] - DEBUG - Generated TCP ACK reply from h5:12345 <- h3:43924 [len=54B]
2025-09-12 20:00:54 - [BENIGN] - DEBUG - Generated UDP traffic from h3:39060 -> h5:12346 [content='0bae5efdeb5aa6879a9b4b6f07b37dd4b310f368...'] [Session 10] [len=638B]
2025-09-12 20:00:55 - [BENIGN] - DEBUG - Generated Telnet SYN from h3:37344 -> h5:23 [len=54B]
2025-09-12 20:00:56 - [BENIGN] - DEBUG - Generated Telnet SYN-ACK from h5:23 <- h3:37344 [len=54B]
2025-09-12 20:00:56 - [BENIGN] - DEBUG - Generated Telnet ACK from h3:37344 -> h5:23 [len=54B]
2025-09-12 20:00:57 - [BENIGN] - DEBUG - Generated Telnet data traffic from h3:37344 -> h5:23 [content='Telnet command'] [Session 11] [len=491B]
2025-09-12 20:00:58 - [BENIGN] - DEBUG - Generated Telnet ACK reply from h5:23 <- h3:37344 [len=54B]
2025-09-12 20:00:58 - [BENIGN] - DEBUG - Generated SSH SYN from h3:52483 -> h5:22 [len=54B]
2025-09-12 20:00:59 - [BENIGN] - DEBUG - Generated SSH SYN-ACK from h5:22 <- h3:52483 [len=54B]
2025-09-12 20:00:59 - [BENIGN] - DEBUG - Generated SSH ACK from h3:52483 -> h5:22 [len=54B]
2025-09-12 20:01:00 - [BENIGN] - DEBUG - Generated SSH data traffic from h3:52483 -> h5:22 [content='SSH encrypted data'] [Session 12] [len=947B]
2025-09-12 20:01:01 - [BENIGN] - DEBUG - Generated SSH ACK reply from h5:22 <- h3:52483 [len=54B]
2025-09-12 20:01:01 - [BENIGN] - DEBUG - Generated FTP SYN from h3:2210 -> h5:21 [len=54B]
2025-09-12 20:01:02 - [BENIGN] - DEBUG - Generated FTP SYN-ACK from h5:21 <- h3:2210 [len=54B]
2025-09-12 20:01:03 - [BENIGN] - DEBUG - Generated FTP ACK from h3:2210 -> h5:21 [len=54B]
2025-09-12 20:01:03 - [BENIGN] - DEBUG - Generated FTP data traffic from h3:2210 -> h5:21 [content='FTP file transfer'] [Session 13] [len=1441B]
2025-09-12 20:01:04 - [BENIGN] - DEBUG - Generated FTP ACK reply from h5:21 <- h3:2210 [len=54B]
2025-09-12 20:01:05 - [BENIGN] - DEBUG - Generated HTTP SYN from h3:21134 -> h5:80 [len=54B]
2025-09-12 20:01:05 - [BENIGN] - DEBUG - Generated HTTP SYN-ACK from h5:80 <- h3:21134 [len=54B]
2025-09-12 20:01:06 - [BENIGN] - DEBUG - Generated HTTP ACK from h3:21134 -> h5:80 [len=54B]
2025-09-12 20:01:06 - [BENIGN] - DEBUG - Generated HTTP data traffic from h3:21134 -> h5:80 [content='GET /index.html HTTP/1.1'] [Session 14] [len=284B]
2025-09-12 20:01:07 - [BENIGN] - DEBUG - Generated HTTP ACK reply from h5:80 <- h3:21134 [len=54B]
2025-09-12 20:01:08 - [BENIGN] - DEBUG - Generated HTTPS SYN from h3:60596 -> h5:443 [len=54B]
2025-09-12 20:01:08 - [BENIGN] - DEBUG - Generated HTTPS SYN-ACK from h5:443 <- h3:60596 [len=54B]
2025-09-12 20:01:09 - [BENIGN] - DEBUG - Generated HTTPS ACK from h3:60596 -> h5:443 [len=54B]
2025-09-12 20:01:10 - [BENIGN] - DEBUG - Generated HTTPS data traffic from h3:60596 -> h5:443 [content='Encrypted Application Data'] [Session 15] [len=247B]
2025-09-12 20:01:10 - [BENIGN] - DEBUG - Generated HTTPS ACK reply from h5:443 <- h3:60596 [len=54B]
2025-09-12 20:01:11 - [BENIGN] - DEBUG - Generated DNS query from h3:35198 -> h5:53 [qname='example.com'] [Session 16] [len=71B]
2025-09-12 20:01:11 - [BENIGN] - DEBUG - Generated ICMP traffic h2↔h5 2 [len=84B]
2025-09-12 20:01:11 - [BENIGN] - DEBUG - Generated TCP SYN from h3:58377 -> h5:12345 [len=54B]
2025-09-12 20:01:12 - [BENIGN] - DEBUG - Generated TCP SYN-ACK from h5:12345 <- h3:58377 [len=54B]
2025-09-12 20:01:13 - [BENIGN] - DEBUG - Generated TCP ACK from h3:58377 -> h5:12345 [len=54B]
2025-09-12 20:01:13 - [BENIGN] - DEBUG - Generated TCP data traffic from h3:58377 -> h5:12345 [content='TCP data'] [Session 17] [len=843B]
2025-09-12 20:01:14 - [BENIGN] - DEBUG - Generated TCP ACK reply from h5:12345 <- h3:58377 [len=54B]
2025-09-12 20:01:15 - [BENIGN] - DEBUG - Generated UDP traffic from h3:38014 -> h5:12346 [content='678112680b27815ec12ede6a2e3a62aa04bd2c8c...'] [Session 18] [len=564B]
2025-09-12 20:01:15 - [BENIGN] - DEBUG - Generated Telnet SYN from h3:60142 -> h5:23 [len=54B]
2025-09-12 20:01:16 - [BENIGN] - DEBUG - Generated Telnet SYN-ACK from h5:23 <- h3:60142 [len=54B]
2025-09-12 20:01:16 - [BENIGN] - DEBUG - Generated Telnet ACK from h3:60142 -> h5:23 [len=54B]
2025-09-12 20:01:17 - [BENIGN] - DEBUG - Generated Telnet data traffic from h3:60142 -> h5:23 [content='Telnet command'] [Session 19] [len=1262B]
2025-09-12 20:01:18 - [BENIGN] - DEBUG - Generated Telnet ACK reply from h5:23 <- h3:60142 [len=54B]
2025-09-12 20:01:18 - [BENIGN] - DEBUG - Generated SSH SYN from h3:48497 -> h5:22 [len=54B]
2025-09-12 20:01:19 - [BENIGN] - DEBUG - Generated SSH SYN-ACK from h5:22 <- h3:48497 [len=54B]
2025-09-12 20:01:20 - [BENIGN] - DEBUG - Generated SSH ACK from h3:48497 -> h5:22 [len=54B]
2025-09-12 20:01:20 - [BENIGN] - DEBUG - Generated SSH data traffic from h3:48497 -> h5:22 [content='SSH encrypted data'] [Session 20] [len=178B]
2025-09-12 20:01:21 - [BENIGN] - DEBUG - Generated SSH ACK reply from h5:22 <- h3:48497 [len=54B]
2025-09-12 20:01:22 - [BENIGN] - DEBUG - Generated FTP SYN from h3:6059 -> h5:21 [len=54B]
2025-09-12 20:01:22 - [BENIGN] - DEBUG - Generated FTP SYN-ACK from h5:21 <- h3:6059 [len=54B]
2025-09-12 20:01:23 - [BENIGN] - DEBUG - Generated FTP ACK from h3:6059 -> h5:21 [len=54B]
2025-09-12 20:01:23 - [BENIGN] - DEBUG - Generated FTP data traffic from h3:6059 -> h5:21 [content='FTP file transfer'] [Session 21] [len=791B]
2025-09-12 20:01:24 - [BENIGN] - DEBUG - Generated FTP ACK reply from h5:21 <- h3:6059 [len=54B]
2025-09-12 20:01:25 - [BENIGN] - DEBUG - Generated HTTP SYN from h3:31741 -> h5:80 [len=54B]
2025-09-12 20:01:25 - [BENIGN] - DEBUG - Generated HTTP SYN-ACK from h5:80 <- h3:31741 [len=54B]
2025-09-12 20:01:26 - [BENIGN] - DEBUG - Generated HTTP ACK from h3:31741 -> h5:80 [len=54B]
2025-09-12 20:01:27 - [BENIGN] - DEBUG - Generated HTTP data traffic from h3:31741 -> h5:80 [content='GET /index.html HTTP/1.1'] [Session 22] [len=443B]
2025-09-12 20:01:27 - [BENIGN] - DEBUG - Generated HTTP ACK reply from h5:80 <- h3:31741 [len=54B]
2025-09-12 20:01:28 - [BENIGN] - DEBUG - Generated HTTPS SYN from h3:27598 -> h5:443 [len=54B]
2025-09-12 20:01:28 - [BENIGN] - DEBUG - Generated HTTPS SYN-ACK from h5:443 <- h3:27598 [len=54B]
2025-09-12 20:01:29 - [BENIGN] - DEBUG - Generated HTTPS ACK from h3:27598 -> h5:443 [len=54B]
2025-09-12 20:01:30 - [BENIGN] - DEBUG - Generated HTTPS data traffic from h3:27598 -> h5:443 [content='Encrypted Application Data'] [Session 23] [len=789B]
2025-09-12 20:01:30 - [BENIGN] - DEBUG - Generated HTTPS ACK reply from h5:443 <- h3:27598 [len=54B]
2025-09-12 20:01:31 - [BENIGN] - DEBUG - Generated DNS query from h3:6031 -> h5:53 [qname='example.com'] [Session 24] [len=71B]
2025-09-12 20:01:31 - [BENIGN] - DEBUG - Generated ICMP traffic h2↔h5 3 [len=84B]
2025-09-12 20:01:32 - [BENIGN] - DEBUG - Generated TCP SYN from h3:35298 -> h5:12345 [len=54B]
2025-09-12 20:01:32 - [BENIGN] - DEBUG - Generated TCP SYN-ACK from h5:12345 <- h3:35298 [len=54B]
2025-09-12 20:01:33 - [BENIGN] - DEBUG - Generated TCP ACK from h3:35298 -> h5:12345 [len=54B]
2025-09-12 20:01:34 - [BENIGN] - DEBUG - Generated TCP data traffic from h3:35298 -> h5:12345 [content='TCP data'] [Session 25] [len=282B]
2025-09-12 20:01:34 - [BENIGN] - DEBUG - Generated TCP ACK reply from h5:12345 <- h3:35298 [len=54B]
2025-09-12 20:01:35 - [BENIGN] - DEBUG - Generated UDP traffic from h3:62339 -> h5:12346 [content='f95b7a13d4a7ae9a97c17ce0ccc4a1dfce55da88...'] [Session 26] [len=1485B]
2025-09-12 20:01:35 - [BENIGN] - DEBUG - Generated Telnet SYN from h3:26772 -> h5:23 [len=54B]
2025-09-12 20:01:36 - [BENIGN] - DEBUG - Generated Telnet SYN-ACK from h5:23 <- h3:26772 [len=54B]
2025-09-12 20:01:37 - [BENIGN] - DEBUG - Generated Telnet ACK from h3:26772 -> h5:23 [len=54B]
2025-09-12 20:01:37 - [BENIGN] - DEBUG - Generated Telnet data traffic from h3:26772 -> h5:23 [content='Telnet command'] [Session 27] [len=1502B]
2025-09-12 20:01:38 - [BENIGN] - DEBUG - Generated Telnet ACK reply from h5:23 <- h3:26772 [len=54B]
2025-09-12 20:01:39 - [BENIGN] - DEBUG - Generated SSH SYN from h3:21193 -> h5:22 [len=54B]
2025-09-12 20:01:39 - [BENIGN] - DEBUG - Generated SSH SYN-ACK from h5:22 <- h3:21193 [len=54B]
2025-09-12 20:01:40 - [BENIGN] - DEBUG - Generated SSH ACK from h3:21193 -> h5:22 [len=54B]
2025-09-12 20:01:40 - [BENIGN] - DEBUG - Generated SSH data traffic from h3:21193 -> h5:22 [content='SSH encrypted data'] [Session 28] [len=644B]
2025-09-12 20:01:41 - [BENIGN] - DEBUG - Generated SSH ACK reply from h5:22 <- h3:21193 [len=54B]
2025-09-12 20:01:42 - [BENIGN] - DEBUG - Generated FTP SYN from h3:29938 -> h5:21 [len=54B]
2025-09-12 20:01:42 - [BENIGN] - DEBUG - Generated FTP SYN-ACK from h5:21 <- h3:29938 [len=54B]
2025-09-12 20:01:43 - [BENIGN] - DEBUG - Generated FTP ACK from h3:29938 -> h5:21 [len=54B]
2025-09-12 20:01:43 - [BENIGN] - DEBUG - Generated FTP data traffic from h3:29938 -> h5:21 [content='FTP file transfer'] [Session 29] [len=372B]
2025-09-12 20:01:44 - [BENIGN] - DEBUG - Generated FTP ACK reply from h5:21 <- h3:29938 [len=54B]
2025-09-12 20:01:45 - [BENIGN] - DEBUG - Generated HTTP SYN from h3:31423 -> h5:80 [len=54B]
2025-09-12 20:01:45 - [BENIGN] - DEBUG - Generated HTTP SYN-ACK from h5:80 <- h3:31423 [len=54B]
2025-09-12 20:01:46 - [BENIGN] - DEBUG - Generated HTTP ACK from h3:31423 -> h5:80 [len=54B]
2025-09-12 20:01:47 - [BENIGN] - DEBUG - Generated HTTP data traffic from h3:31423 -> h5:80 [content='GET /index.html HTTP/1.1'] [Session 30] [len=305B]
2025-09-12 20:01:47 - [BENIGN] - DEBUG - Generated HTTP ACK reply from h5:80 <- h3:31423 [len=54B]
2025-09-12 20:01:48 - [BENIGN] - DEBUG - Generated HTTPS SYN from h3:17166 -> h5:443 [len=54B]
2025-09-12 20:01:48 - [BENIGN] - DEBUG - Generated HTTPS SYN-ACK from h5:443 <- h3:17166 [len=54B]
2025-09-12 20:01:49 - [BENIGN] - DEBUG - Generated HTTPS ACK from h3:17166 -> h5:443 [len=54B]
2025-09-12 20:01:50 - [BENIGN] - DEBUG - Generated HTTPS data traffic from h3:17166 -> h5:443 [content='Encrypted Application Data'] [Session 31] [len=584B]
2025-09-12 20:01:50 - [BENIGN] - DEBUG - Generated HTTPS ACK reply from h5:443 <- h3:17166 [len=54B]
2025-09-12 20:01:51 - [BENIGN] - DEBUG - Generated DNS query from h3:51318 -> h5:53 [qname='example.com'] [Session 32] [len=71B]
2025-09-12 20:01:51 - [BENIGN] - DEBUG - Generated ICMP traffic h2↔h5 4 [len=84B]
2025-09-12 20:01:52 - [BENIGN] - DEBUG - Generated TCP SYN from h3:54482 -> h5:12345 [len=54B]
2025-09-12 20:01:52 - [BENIGN] - DEBUG - Generated TCP SYN-ACK from h5:12345 <- h3:54482 [len=54B]
2025-09-12 20:01:53 - [BENIGN] - DEBUG - Generated TCP ACK from h3:54482 -> h5:12345 [len=54B]
2025-09-12 20:01:54 - [BENIGN] - DEBUG - Generated TCP data traffic from h3:54482 -> h5:12345 [content='TCP data'] [Session 33] [len=1482B]
2025-09-12 20:01:54 - [BENIGN] - DEBUG - Generated TCP ACK reply from h5:12345 <- h3:54482 [len=54B]
2025-09-12 20:01:55 - [BENIGN] - DEBUG - Generated UDP traffic from h3:30128 -> h5:12346 [content='37350db4597f529fa0aa9c46ddc2ee62815e4429...'] [Session 34] [len=1245B]
2025-09-12 20:01:55 - [BENIGN] - DEBUG - Generated Telnet SYN from h3:11335 -> h5:23 [len=54B]
2025-09-12 20:01:56 - [BENIGN] - DEBUG - Generated Telnet SYN-ACK from h5:23 <- h3:11335 [len=54B]
2025-09-12 20:01:57 - [BENIGN] - DEBUG - Generated Telnet ACK from h3:11335 -> h5:23 [len=54B]
2025-09-12 20:01:57 - [BENIGN] - DEBUG - Generated Telnet data traffic from h3:11335 -> h5:23 [content='Telnet command'] [Session 35] [len=1287B]
2025-09-12 20:01:58 - [BENIGN] - DEBUG - Generated Telnet ACK reply from h5:23 <- h3:11335 [len=54B]
2025-09-12 20:01:59 - [BENIGN] - DEBUG - Generated SSH SYN from h3:45883 -> h5:22 [len=54B]
2025-09-12 20:01:59 - [BENIGN] - DEBUG - Generated SSH SYN-ACK from h5:22 <- h3:45883 [len=54B]
2025-09-12 20:02:00 - [BENIGN] - DEBUG - Generated SSH ACK from h3:45883 -> h5:22 [len=54B]
2025-09-12 20:02:01 - [BENIGN] - DEBUG - Generated SSH data traffic from h3:45883 -> h5:22 [content='SSH encrypted data'] [Session 36] [len=1484B]
2025-09-12 20:02:01 - [BENIGN] - DEBUG - Generated SSH ACK reply from h5:22 <- h3:45883 [len=54B]
2025-09-12 20:02:02 - [BENIGN] - DEBUG - Generated FTP SYN from h3:41765 -> h5:21 [len=54B]
2025-09-12 20:02:02 - [BENIGN] - DEBUG - Generated FTP SYN-ACK from h5:21 <- h3:41765 [len=54B]
2025-09-12 20:02:03 - [BENIGN] - DEBUG - Generated FTP ACK from h3:41765 -> h5:21 [len=54B]
2025-09-12 20:02:04 - [BENIGN] - DEBUG - Generated FTP data traffic from h3:41765 -> h5:21 [content='FTP file transfer'] [Session 37] [len=307B]
2025-09-12 20:02:04 - [BENIGN] - DEBUG - Generated FTP ACK reply from h5:21 <- h3:41765 [len=54B]
2025-09-12 20:02:05 - [BENIGN] - DEBUG - Generated HTTP SYN from h3:54275 -> h5:80 [len=54B]
2025-09-12 20:02:06 - [BENIGN] - DEBUG - Generated HTTP SYN-ACK from h5:80 <- h3:54275 [len=54B]
2025-09-12 20:02:06 - [BENIGN] - DEBUG - Generated HTTP ACK from h3:54275 -> h5:80 [len=54B]
2025-09-12 20:02:07 - [BENIGN] - DEBUG - Generated HTTP data traffic from h3:54275 -> h5:80 [content='GET /index.html HTTP/1.1'] [Session 38] [len=502B]
2025-09-12 20:02:07 - [BENIGN] - DEBUG - Generated HTTP ACK reply from h5:80 <- h3:54275 [len=54B]
2025-09-12 20:02:08 - [BENIGN] - DEBUG - Generated HTTPS SYN from h3:50234 -> h5:443 [len=54B]
2025-09-12 20:02:09 - [BENIGN] - DEBUG - Generated HTTPS SYN-ACK from h5:443 <- h3:50234 [len=54B]
2025-09-12 20:02:09 - [BENIGN] - DEBUG - Generated HTTPS ACK from h3:50234 -> h5:443 [len=54B]
2025-09-12 20:02:10 - [BENIGN] - DEBUG - Generated HTTPS data traffic from h3:50234 -> h5:443 [content='Encrypted Application Data'] [Session 39] [len=623B]
2025-09-12 20:02:11 - [BENIGN] - DEBUG - Generated HTTPS ACK reply from h5:443 <- h3:50234 [len=54B]
2025-09-12 20:02:11 - [BENIGN] - DEBUG - Generated DNS query from h3:63898 -> h5:53 [qname='example.com'] [Session 40] [len=71B]
2025-09-12 20:02:11 - [BENIGN] - DEBUG - Generated ICMP traffic h2↔h5 5 [len=84B]
2025-09-12 20:02:12 - [BENIGN] - DEBUG - Generated TCP SYN from h3:16831 -> h5:12345 [len=54B]
2025-09-12 20:02:13 - [BENIGN] - DEBUG - Generated TCP SYN-ACK from h5:12345 <- h3:16831 [len=54B]
2025-09-12 20:02:13 - [BENIGN] - DEBUG - Generated TCP ACK from h3:16831 -> h5:12345 [len=54B]
2025-09-12 20:02:14 - [BENIGN] - DEBUG - Generated TCP data traffic from h3:16831 -> h5:12345 [content='TCP data'] [Session 41] [len=1433B]
2025-09-12 20:02:14 - [BENIGN] - DEBUG - Generated TCP ACK reply from h5:12345 <- h3:16831 [len=54B]
2025-09-12 20:02:15 - [BENIGN] - DEBUG - Generated UDP traffic from h3:34157 -> h5:12346 [content='8529e6399578d6c4f613ca66353218d24bb05ead...'] [Session 42] [len=324B]
2025-09-12 20:02:16 - [BENIGN] - DEBUG - Generated Telnet SYN from h3:24998 -> h5:23 [len=54B]
2025-09-12 20:02:16 - [BENIGN] - DEBUG - Generated Telnet SYN-ACK from h5:23 <- h3:24998 [len=54B]
2025-09-12 20:02:17 - [BENIGN] - DEBUG - Generated Telnet ACK from h3:24998 -> h5:23 [len=54B]
2025-09-12 20:02:18 - [BENIGN] - DEBUG - Generated Telnet data traffic from h3:24998 -> h5:23 [content='Telnet command'] [Session 43] [len=1515B]
2025-09-12 20:02:18 - [BENIGN] - DEBUG - Generated Telnet ACK reply from h5:23 <- h3:24998 [len=54B]
2025-09-12 20:02:19 - [BENIGN] - DEBUG - Generated SSH SYN from h3:31168 -> h5:22 [len=54B]
2025-09-12 20:02:19 - [BENIGN] - DEBUG - Generated SSH SYN-ACK from h5:22 <- h3:31168 [len=54B]
2025-09-12 20:02:20 - [BENIGN] - DEBUG - Generated SSH ACK from h3:31168 -> h5:22 [len=54B]
2025-09-12 20:02:21 - [BENIGN] - DEBUG - Generated SSH data traffic from h3:31168 -> h5:22 [content='SSH encrypted data'] [Session 44] [len=1286B]
2025-09-12 20:02:21 - [BENIGN] - DEBUG - Generated SSH ACK reply from h5:22 <- h3:31168 [len=54B]
2025-09-12 20:02:22 - [BENIGN] - DEBUG - Generated FTP SYN from h3:21149 -> h5:21 [len=54B]
2025-09-12 20:02:23 - [BENIGN] - DEBUG - Generated FTP SYN-ACK from h5:21 <- h3:21149 [len=54B]
2025-09-12 20:02:23 - [BENIGN] - DEBUG - Generated FTP ACK from h3:21149 -> h5:21 [len=54B]
2025-09-12 20:02:24 - [BENIGN] - DEBUG - Generated FTP data traffic from h3:21149 -> h5:21 [content='FTP file transfer'] [Session 45] [len=131B]
2025-09-12 20:02:24 - [BENIGN] - DEBUG - Generated FTP ACK reply from h5:21 <- h3:21149 [len=54B]
2025-09-12 20:02:25 - [BENIGN] - DEBUG - Generated HTTP SYN from h3:3464 -> h5:80 [len=54B]
2025-09-12 20:02:26 - [BENIGN] - DEBUG - Generated HTTP SYN-ACK from h5:80 <- h3:3464 [len=54B]
2025-09-12 20:02:26 - [BENIGN] - DEBUG - Generated HTTP ACK from h3:3464 -> h5:80 [len=54B]
2025-09-12 20:02:27 - [BENIGN] - DEBUG - Generated HTTP data traffic from h3:3464 -> h5:80 [content='GET /index.html HTTP/1.1'] [Session 46] [len=511B]
2025-09-12 20:02:28 - [BENIGN] - DEBUG - Generated HTTP ACK reply from h5:80 <- h3:3464 [len=54B]
2025-09-12 20:02:28 - [BENIGN] - DEBUG - Generated HTTPS SYN from h3:19465 -> h5:443 [len=54B]
2025-09-12 20:02:29 - [BENIGN] - DEBUG - Generated HTTPS SYN-ACK from h5:443 <- h3:19465 [len=54B]
2025-09-12 20:02:29 - [BENIGN] - DEBUG - Generated HTTPS ACK from h3:19465 -> h5:443 [len=54B]
2025-09-12 20:02:30 - [BENIGN] - DEBUG - Generated HTTPS data traffic from h3:19465 -> h5:443 [content='Encrypted Application Data'] [Session 47] [len=260B]
2025-09-12 20:02:31 - [BENIGN] - DEBUG - Generated HTTPS ACK reply from h5:443 <- h3:19465 [len=54B]
2025-09-12 20:02:31 - [BENIGN] - DEBUG - Generated DNS query from h3:44223 -> h5:53 [qname='example.com'] [Session 48] [len=71B]
2025-09-12 20:02:31 - [BENIGN] - DEBUG - Generated ICMP traffic h2↔h5 6 [len=84B]
2025-09-12 20:02:32 - [BENIGN] - DEBUG - Generated TCP SYN from h3:30603 -> h5:12345 [len=54B]
2025-09-12 20:02:33 - [BENIGN] - DEBUG - Generated TCP SYN-ACK from h5:12345 <- h3:30603 [len=54B]
2025-09-12 20:02:33 - [BENIGN] - DEBUG - Generated TCP ACK from h3:30603 -> h5:12345 [len=54B]
2025-09-12 20:02:34 - [BENIGN] - DEBUG - Generated TCP data traffic from h3:30603 -> h5:12345 [content='TCP data'] [Session 49] [len=1542B]
2025-09-12 20:02:35 - [BENIGN] - DEBUG - Generated TCP ACK reply from h5:12345 <- h3:30603 [len=54B]
2025-09-12 20:02:35 - [BENIGN] - DEBUG - Generated UDP traffic from h3:35364 -> h5:12346 [content='a9da281760dbf0fa05e166081fc322ca70ee862b...'] [Session 50] [len=727B]
2025-09-12 20:02:36 - [BENIGN] - DEBUG - Generated Telnet SYN from h3:25802 -> h5:23 [len=54B]
2025-09-12 20:02:36 - [BENIGN] - DEBUG - Generated Telnet SYN-ACK from h5:23 <- h3:25802 [len=54B]
2025-09-12 20:02:37 - [BENIGN] - DEBUG - Generated Telnet ACK from h3:25802 -> h5:23 [len=54B]
2025-09-12 20:02:38 - [BENIGN] - DEBUG - Generated Telnet data traffic from h3:25802 -> h5:23 [content='Telnet command'] [Session 51] [len=1245B]
2025-09-12 20:02:38 - [BENIGN] - DEBUG - Generated Telnet ACK reply from h5:23 <- h3:25802 [len=54B]
2025-09-12 20:02:39 - [BENIGN] - DEBUG - Generated SSH SYN from h3:4520 -> h5:22 [len=54B]
2025-09-12 20:02:40 - [BENIGN] - DEBUG - Generated SSH SYN-ACK from h5:22 <- h3:4520 [len=54B]
2025-09-12 20:02:40 - [BENIGN] - DEBUG - Generated SSH ACK from h3:4520 -> h5:22 [len=54B]
2025-09-12 20:02:41 - [BENIGN] - DEBUG - Generated SSH data traffic from h3:4520 -> h5:22 [content='SSH encrypted data'] [Session 52] [len=827B]
2025-09-12 20:02:41 - [BENIGN] - DEBUG - Generated SSH ACK reply from h5:22 <- h3:4520 [len=54B]
2025-09-12 20:02:42 - [BENIGN] - DEBUG - Generated FTP SYN from h3:50765 -> h5:21 [len=54B]
2025-09-12 20:02:43 - [BENIGN] - DEBUG - Generated FTP SYN-ACK from h5:21 <- h3:50765 [len=54B]
2025-09-12 20:02:43 - [BENIGN] - DEBUG - Generated FTP ACK from h3:50765 -> h5:21 [len=54B]
2025-09-12 20:02:44 - [BENIGN] - DEBUG - Generated FTP data traffic from h3:50765 -> h5:21 [content='FTP file transfer'] [Session 53] [len=1197B]
2025-09-12 20:02:45 - [BENIGN] - DEBUG - Generated FTP ACK reply from h5:21 <- h3:50765 [len=54B]
2025-09-12 20:02:45 - [BENIGN] - DEBUG - Generated HTTP SYN from h3:43395 -> h5:80 [len=54B]
2025-09-12 20:02:46 - [BENIGN] - DEBUG - Generated HTTP SYN-ACK from h5:80 <- h3:43395 [len=54B]
2025-09-12 20:02:46 - [BENIGN] - DEBUG - Generated HTTP ACK from h3:43395 -> h5:80 [len=54B]
2025-09-12 20:02:47 - [BENIGN] - DEBUG - Generated HTTP data traffic from h3:43395 -> h5:80 [content='GET /index.html HTTP/1.1'] [Session 54] [len=366B]
2025-09-12 20:02:48 - [BENIGN] - DEBUG - Generated HTTP ACK reply from h5:80 <- h3:43395 [len=54B]
2025-09-12 20:02:48 - [BENIGN] - DEBUG - Generated HTTPS SYN from h3:62856 -> h5:443 [len=54B]
2025-09-12 20:02:49 - [BENIGN] - DEBUG - Generated HTTPS SYN-ACK from h5:443 <- h3:62856 [len=54B]
2025-09-12 20:02:50 - [BENIGN] - DEBUG - Generated HTTPS ACK from h3:62856 -> h5:443 [len=54B]
2025-09-12 20:02:50 - [BENIGN] - DEBUG - Generated HTTPS data traffic from h3:62856 -> h5:443 [content='Encrypted Application Data'] [Session 55] [len=231B]
2025-09-12 20:02:51 - [BENIGN] - DEBUG - Generated HTTPS ACK reply from h5:443 <- h3:62856 [len=54B]
2025-09-12 20:02:51 - [BENIGN] - DEBUG - Generated DNS query from h3:45841 -> h5:53 [qname='example.com'] [Session 56] [len=71B]
2025-09-12 20:02:52 - [BENIGN] - DEBUG - Generated ICMP traffic h2↔h5 7 [len=84B]
2025-09-12 20:02:52 - [BENIGN] - DEBUG - Generated TCP SYN from h3:54002 -> h5:12345 [len=54B]
2025-09-12 20:02:53 - [BENIGN] - DEBUG - Generated TCP SYN-ACK from h5:12345 <- h3:54002 [len=54B]
2025-09-12 20:02:53 - [BENIGN] - DEBUG - Generated TCP ACK from h3:54002 -> h5:12345 [len=54B]
2025-09-12 20:02:54 - [BENIGN] - DEBUG - Generated TCP data traffic from h3:54002 -> h5:12345 [content='TCP data'] [Session 57] [len=852B]
2025-09-12 20:02:55 - [BENIGN] - DEBUG - Generated TCP ACK reply from h5:12345 <- h3:54002 [len=54B]
2025-09-12 20:02:55 - [BENIGN] - DEBUG - Generated UDP traffic from h3:51190 -> h5:12346 [content='08cd563117ccca3e5c8bb928e3ffc1212177cbcc...'] [Session 58] [len=525B]
2025-09-12 20:02:56 - [BENIGN] - DEBUG - Generated Telnet SYN from h3:47676 -> h5:23 [len=54B]
2025-09-12 20:02:57 - [BENIGN] - DEBUG - Generated Telnet SYN-ACK from h5:23 <- h3:47676 [len=54B]
2025-09-12 20:02:57 - [BENIGN] - DEBUG - Generated Telnet ACK from h3:47676 -> h5:23 [len=54B]
2025-09-12 20:02:58 - [BENIGN] - DEBUG - Generated Telnet data traffic from h3:47676 -> h5:23 [content='Telnet command'] [Session 59] [len=1530B]
2025-09-12 20:02:58 - [BENIGN] - DEBUG - Generated Telnet ACK reply from h5:23 <- h3:47676 [len=54B]
2025-09-12 20:02:59 - [BENIGN] - DEBUG - Generated SSH SYN from h3:61792 -> h5:22 [len=54B]
2025-09-12 20:03:00 - [BENIGN] - DEBUG - Generated SSH SYN-ACK from h5:22 <- h3:61792 [len=54B]
2025-09-12 20:03:00 - [BENIGN] - DEBUG - Generated SSH ACK from h3:61792 -> h5:22 [len=54B]
2025-09-12 20:03:01 - [BENIGN] - DEBUG - Generated SSH data traffic from h3:61792 -> h5:22 [content='SSH encrypted data'] [Session 60] [len=1499B]
2025-09-12 20:03:02 - [BENIGN] - DEBUG - Generated SSH ACK reply from h5:22 <- h3:61792 [len=54B]
2025-09-12 20:03:02 - [BENIGN] - DEBUG - Generated FTP SYN from h3:62389 -> h5:21 [len=54B]
2025-09-12 20:03:03 - [BENIGN] - DEBUG - Generated FTP SYN-ACK from h5:21 <- h3:62389 [len=54B]
2025-09-12 20:03:03 - [BENIGN] - DEBUG - Generated FTP ACK from h3:62389 -> h5:21 [len=54B]
2025-09-12 20:03:04 - [BENIGN] - DEBUG - Generated FTP data traffic from h3:62389 -> h5:21 [content='FTP file transfer'] [Session 61] [len=143B]
2025-09-12 20:03:05 - [BENIGN] - DEBUG - Generated FTP ACK reply from h5:21 <- h3:62389 [len=54B]
2025-09-12 20:03:05 - [BENIGN] - DEBUG - Generated HTTP SYN from h3:6460 -> h5:80 [len=54B]
2025-09-12 20:03:06 - [BENIGN] - DEBUG - Generated HTTP SYN-ACK from h5:80 <- h3:6460 [len=54B]
2025-09-12 20:03:07 - [BENIGN] - DEBUG - Generated HTTP ACK from h3:6460 -> h5:80 [len=54B]
2025-09-12 20:03:07 - [BENIGN] - DEBUG - Generated HTTP data traffic from h3:6460 -> h5:80 [content='GET /index.html HTTP/1.1'] [Session 62] [len=641B]
2025-09-12 20:03:08 - [BENIGN] - DEBUG - Generated HTTP ACK reply from h5:80 <- h3:6460 [len=54B]
2025-09-12 20:03:08 - [BENIGN] - DEBUG - Generated HTTPS SYN from h3:23682 -> h5:443 [len=54B]
2025-09-12 20:03:09 - [BENIGN] - DEBUG - Generated HTTPS SYN-ACK from h5:443 <- h3:23682 [len=54B]
2025-09-12 20:03:10 - [BENIGN] - DEBUG - Generated HTTPS ACK from h3:23682 -> h5:443 [len=54B]
2025-09-12 20:03:10 - [BENIGN] - DEBUG - Generated HTTPS data traffic from h3:23682 -> h5:443 [content='Encrypted Application Data'] [Session 63] [len=275B]
2025-09-12 20:03:11 - [BENIGN] - DEBUG - Generated HTTPS ACK reply from h5:443 <- h3:23682 [len=54B]
2025-09-12 20:03:12 - [BENIGN] - DEBUG - Generated DNS query from h3:17901 -> h5:53 [qname='example.com'] [Session 64] [len=71B]
2025-09-12 20:03:12 - [BENIGN] - DEBUG - Generated ICMP traffic h2↔h5 8 [len=84B]
2025-09-12 20:03:12 - [BENIGN] - DEBUG - Generated TCP SYN from h3:13069 -> h5:12345 [len=54B]
2025-09-12 20:03:13 - [BENIGN] - DEBUG - Generated TCP SYN-ACK from h5:12345 <- h3:13069 [len=54B]
2025-09-12 20:03:14 - [BENIGN] - DEBUG - Generated TCP ACK from h3:13069 -> h5:12345 [len=54B]
2025-09-12 20:03:14 - [BENIGN] - DEBUG - Generated TCP data traffic from h3:13069 -> h5:12345 [content='TCP data'] [Session 65] [len=240B]
2025-09-12 20:03:15 - [BENIGN] - DEBUG - Generated TCP ACK reply from h5:12345 <- h3:13069 [len=54B]
2025-09-12 20:03:15 - [BENIGN] - DEBUG - Generated UDP traffic from h3:54205 -> h5:12346 [content='200e7d4bd3e01ff8a326b5c2f611b8778fa9ccbf...'] [Session 66] [len=284B]
2025-09-12 20:03:16 - [BENIGN] - DEBUG - Generated Telnet SYN from h3:2818 -> h5:23 [len=54B]
2025-09-12 20:03:17 - [BENIGN] - DEBUG - Generated Telnet SYN-ACK from h5:23 <- h3:2818 [len=54B]
2025-09-12 20:03:17 - [BENIGN] - DEBUG - Generated Telnet ACK from h3:2818 -> h5:23 [len=54B]
2025-09-12 20:03:18 - [BENIGN] - DEBUG - Generated Telnet data traffic from h3:2818 -> h5:23 [content='Telnet command'] [Session 67] [len=1361B]
2025-09-12 20:03:18 - [BENIGN] - DEBUG - Generated Telnet ACK reply from h5:23 <- h3:2818 [len=54B]
2025-09-12 20:03:19 - [BENIGN] - DEBUG - Generated SSH SYN from h3:18317 -> h5:22 [len=54B]
2025-09-12 20:03:20 - [BENIGN] - DEBUG - Generated SSH SYN-ACK from h5:22 <- h3:18317 [len=54B]
2025-09-12 20:03:20 - [BENIGN] - DEBUG - Generated SSH ACK from h3:18317 -> h5:22 [len=54B]
2025-09-12 20:03:21 - [BENIGN] - DEBUG - Generated SSH data traffic from h3:18317 -> h5:22 [content='SSH encrypted data'] [Session 68] [len=606B]
2025-09-12 20:03:22 - [BENIGN] - DEBUG - Generated SSH ACK reply from h5:22 <- h3:18317 [len=54B]
2025-09-12 20:03:22 - [BENIGN] - DEBUG - Generated FTP SYN from h3:64093 -> h5:21 [len=54B]
2025-09-12 20:03:23 - [BENIGN] - DEBUG - Generated FTP SYN-ACK from h5:21 <- h3:64093 [len=54B]
2025-09-12 20:03:23 - [BENIGN] - DEBUG - Generated FTP ACK from h3:64093 -> h5:21 [len=54B]
2025-09-12 20:03:24 - [BENIGN] - DEBUG - Generated FTP data traffic from h3:64093 -> h5:21 [content='FTP file transfer'] [Session 69] [len=449B]
2025-09-12 20:03:25 - [BENIGN] - DEBUG - Generated FTP ACK reply from h5:21 <- h3:64093 [len=54B]
2025-09-12 20:03:25 - [BENIGN] - DEBUG - Generated HTTP SYN from h3:64246 -> h5:80 [len=54B]
2025-09-12 20:03:26 - [BENIGN] - DEBUG - Generated HTTP SYN-ACK from h5:80 <- h3:64246 [len=54B]
2025-09-12 20:03:27 - [BENIGN] - DEBUG - Generated HTTP ACK from h3:64246 -> h5:80 [len=54B]
2025-09-12 20:03:27 - [BENIGN] - DEBUG - Generated HTTP data traffic from h3:64246 -> h5:80 [content='GET /index.html HTTP/1.1'] [Session 70] [len=574B]
2025-09-12 20:03:28 - [BENIGN] - DEBUG - Generated HTTP ACK reply from h5:80 <- h3:64246 [len=54B]
2025-09-12 20:03:28 - [BENIGN] - DEBUG - Generated HTTPS SYN from h3:13657 -> h5:443 [len=54B]
2025-09-12 20:03:29 - [BENIGN] - DEBUG - Generated HTTPS SYN-ACK from h5:443 <- h3:13657 [len=54B]
2025-09-12 20:03:30 - [BENIGN] - DEBUG - Generated HTTPS ACK from h3:13657 -> h5:443 [len=54B]
2025-09-12 20:03:30 - [BENIGN] - DEBUG - Generated HTTPS data traffic from h3:13657 -> h5:443 [content='Encrypted Application Data'] [Session 71] [len=276B]
2025-09-12 20:03:31 - [BENIGN] - DEBUG - Generated HTTPS ACK reply from h5:443 <- h3:13657 [len=54B]
2025-09-12 20:03:32 - [BENIGN] - DEBUG - Generated DNS query from h3:21692 -> h5:53 [qname='example.com'] [Session 72] [len=71B]
2025-09-12 20:03:32 - [BENIGN] - DEBUG - Generated ICMP traffic h2↔h5 9 [len=84B]
2025-09-12 20:03:32 - [BENIGN] - DEBUG - Generated TCP SYN from h3:20192 -> h5:12345 [len=54B]
2025-09-12 20:03:33 - [BENIGN] - DEBUG - Generated TCP SYN-ACK from h5:12345 <- h3:20192 [len=54B]
2025-09-12 20:03:34 - [BENIGN] - DEBUG - Generated TCP ACK from h3:20192 -> h5:12345 [len=54B]
2025-09-12 20:03:34 - [BENIGN] - DEBUG - Generated TCP data traffic from h3:20192 -> h5:12345 [content='TCP data'] [Session 73] [len=1440B]
2025-09-12 20:03:35 - [BENIGN] - DEBUG - Generated TCP ACK reply from h5:12345 <- h3:20192 [len=54B]
2025-09-12 20:03:35 - [BENIGN] - DEBUG - Generated UDP traffic from h3:61191 -> h5:12346 [content='2f7a92ad379abd71de6e0408cb3a2e0135b0385a...'] [Session 74] [len=802B]
2025-09-12 20:03:36 - [BENIGN] - DEBUG - Generated Telnet SYN from h3:41431 -> h5:23 [len=54B]
2025-09-12 20:03:37 - [BENIGN] - DEBUG - Generated Telnet SYN-ACK from h5:23 <- h3:41431 [len=54B]
2025-09-12 20:03:37 - [BENIGN] - DEBUG - Generated Telnet ACK from h3:41431 -> h5:23 [len=54B]
2025-09-12 20:03:38 - [BENIGN] - DEBUG - Generated Telnet data traffic from h3:41431 -> h5:23 [content='Telnet command'] [Session 75] [len=1503B]
2025-09-12 20:03:39 - [BENIGN] - DEBUG - Generated Telnet ACK reply from h5:23 <- h3:41431 [len=54B]
2025-09-12 20:03:39 - [BENIGN] - DEBUG - Generated SSH SYN from h3:10565 -> h5:22 [len=54B]
2025-09-12 20:03:40 - [BENIGN] - DEBUG - Generated SSH SYN-ACK from h5:22 <- h3:10565 [len=54B]
2025-09-12 20:03:40 - [BENIGN] - DEBUG - Generated SSH ACK from h3:10565 -> h5:22 [len=54B]
2025-09-12 20:03:41 - [BENIGN] - DEBUG - Generated SSH data traffic from h3:10565 -> h5:22 [content='SSH encrypted data'] [Session 76] [len=1195B]
2025-09-12 20:03:42 - [BENIGN] - DEBUG - Generated SSH ACK reply from h5:22 <- h3:10565 [len=54B]
2025-09-12 20:03:42 - [BENIGN] - DEBUG - Generated FTP SYN from h3:33551 -> h5:21 [len=54B]
2025-09-12 20:03:43 - [BENIGN] - DEBUG - Generated FTP SYN-ACK from h5:21 <- h3:33551 [len=54B]
2025-09-12 20:03:44 - [BENIGN] - DEBUG - Generated FTP ACK from h3:33551 -> h5:21 [len=54B]
2025-09-12 20:03:44 - [BENIGN] - DEBUG - Generated FTP data traffic from h3:33551 -> h5:21 [content='FTP file transfer'] [Session 77] [len=1128B]
2025-09-12 20:03:45 - [BENIGN] - DEBUG - Generated FTP ACK reply from h5:21 <- h3:33551 [len=54B]
2025-09-12 20:03:46 - [BENIGN] - DEBUG - Generated HTTP SYN from h3:32095 -> h5:80 [len=54B]
2025-09-12 20:03:46 - [BENIGN] - DEBUG - Generated HTTP SYN-ACK from h5:80 <- h3:32095 [len=54B]
2025-09-12 20:03:47 - [BENIGN] - DEBUG - Generated HTTP ACK from h3:32095 -> h5:80 [len=54B]
2025-09-12 20:03:47 - [BENIGN] - DEBUG - Generated HTTP data traffic from h3:32095 -> h5:80 [content='GET /index.html HTTP/1.1'] [Session 78] [len=450B]
2025-09-12 20:03:48 - [BENIGN] - DEBUG - Generated HTTP ACK reply from h5:80 <- h3:32095 [len=54B]
2025-09-12 20:03:49 - [BENIGN] - DEBUG - Generated HTTPS SYN from h3:11249 -> h5:443 [len=54B]
2025-09-12 20:03:49 - [BENIGN] - DEBUG - Generated HTTPS SYN-ACK from h5:443 <- h3:11249 [len=54B]
2025-09-12 20:03:50 - [BENIGN] - DEBUG - Generated HTTPS ACK from h3:11249 -> h5:443 [len=54B]
2025-09-12 20:03:51 - [BENIGN] - DEBUG - Generated HTTPS data traffic from h3:11249 -> h5:443 [content='Encrypted Application Data'] [Session 79] [len=370B]
2025-09-12 20:03:51 - [BENIGN] - DEBUG - Generated HTTPS ACK reply from h5:443 <- h3:11249 [len=54B]
2025-09-12 20:03:52 - [BENIGN] - DEBUG - Generated DNS query from h3:5706 -> h5:53 [qname='example.com'] [Session 80] [len=71B]
2025-09-12 20:03:52 - [BENIGN] - INFO - Benign traffic finished.
2025-09-12 20:03:52 - [BENIGN] - INFO - Summary: 80 protocol sessions with protocol separation:
2025-09-12 20:03:52 - [BENIGN] - INFO -   - h2↔h5: ICMP ping traffic
2025-09-12 20:03:52 - [BENIGN] - INFO -   - h3↔h5: TCP/UDP traffic [TCP, UDP, Telnet, SSH, FTP, HTTP, HTTPS, DNS]
2025-09-12 20:03:52 - [BENIGN] - INFO - Total packets sent: 340
