2025-09-12 20:33:20 - [BENIGN] - INFO - Starting benign traffic for 200 seconds...
2025-09-12 20:33:20 - [BENIGN] - INFO - Protocol separation: h2↔h5 (ICMP), h3↔h5 (TCP/UDP)
2025-09-12 20:33:20 - [BENIGN] - DEBUG - Generated ICMP traffic h2↔h5 0 [len=84B]
2025-09-12 20:33:20 - [BENIGN] - DEBUG - Generated TCP SYN from h3:64639 -> h5:12345 [len=54B]
2025-09-12 20:33:21 - [BENIGN] - DEBUG - Generated TCP SYN-ACK from h5:12345 <- h3:64639 [len=54B]
2025-09-12 20:33:22 - [BENIGN] - DEBUG - Generated TCP ACK from h3:64639 -> h5:12345 [len=54B]
2025-09-12 20:33:22 - [BENIGN] - DEBUG - Generated TCP data traffic from h3:64639 -> h5:12345 [content='TCP data'] [Session 1] [len=1417B]
2025-09-12 20:33:23 - [BENIGN] - DEBUG - Generated TCP ACK reply from h5:12345 <- h3:64639 [len=54B]
2025-09-12 20:33:24 - [BENIGN] - DEBUG - Generated UDP traffic from h3:42055 -> h5:12346 [content='b9ceac1a2aba54ac9bdead23c40468c73d7b70c3...'] [Session 2] [len=436B]
2025-09-12 20:33:24 - [BENIGN] - DEBUG - Generated Telnet SYN from h3:35325 -> h5:23 [len=54B]
2025-09-12 20:33:25 - [BENIGN] - DEBUG - Generated Telnet SYN-ACK from h5:23 <- h3:35325 [len=54B]
2025-09-12 20:33:26 - [BENIGN] - DEBUG - Generated Telnet ACK from h3:35325 -> h5:23 [len=54B]
2025-09-12 20:33:26 - [BENIGN] - DEBUG - Generated Telnet data traffic from h3:35325 -> h5:23 [content='Telnet command'] [Session 3] [len=289B]
2025-09-12 20:33:27 - [BENIGN] - DEBUG - Generated Telnet ACK reply from h5:23 <- h3:35325 [len=54B]
2025-09-12 20:33:27 - [BENIGN] - DEBUG - Generated SSH SYN from h3:60610 -> h5:22 [len=54B]
2025-09-12 20:33:28 - [BENIGN] - DEBUG - Generated SSH SYN-ACK from h5:22 <- h3:60610 [len=54B]
2025-09-12 20:33:29 - [BENIGN] - DEBUG - Generated SSH ACK from h3:60610 -> h5:22 [len=54B]
2025-09-12 20:33:29 - [BENIGN] - DEBUG - Generated SSH data traffic from h3:60610 -> h5:22 [content='SSH encrypted data'] [Session 4] [len=789B]
2025-09-12 20:33:30 - [BENIGN] - DEBUG - Generated SSH ACK reply from h5:22 <- h3:60610 [len=54B]
2025-09-12 20:33:31 - [BENIGN] - DEBUG - Generated FTP SYN from h3:34942 -> h5:21 [len=54B]
2025-09-12 20:33:31 - [BENIGN] - DEBUG - Generated FTP SYN-ACK from h5:21 <- h3:34942 [len=54B]
2025-09-12 20:33:32 - [BENIGN] - DEBUG - Generated FTP ACK from h3:34942 -> h5:21 [len=54B]
2025-09-12 20:33:33 - [BENIGN] - DEBUG - Generated FTP data traffic from h3:34942 -> h5:21 [content='FTP file transfer'] [Session 5] [len=509B]
2025-09-12 20:33:33 - [BENIGN] - DEBUG - Generated FTP ACK reply from h5:21 <- h3:34942 [len=54B]
2025-09-12 20:33:34 - [BENIGN] - DEBUG - Generated HTTP SYN from h3:21271 -> h5:80 [len=54B]
2025-09-12 20:33:34 - [BENIGN] - DEBUG - Generated HTTP SYN-ACK from h5:80 <- h3:21271 [len=54B]
2025-09-12 20:33:35 - [BENIGN] - DEBUG - Generated HTTP ACK from h3:21271 -> h5:80 [len=54B]
2025-09-12 20:33:36 - [BENIGN] - DEBUG - Generated HTTP data traffic from h3:21271 -> h5:80 [content='GET /index.html HTTP/1.1'] [Session 6] [len=289B]
2025-09-12 20:33:36 - [BENIGN] - DEBUG - Generated HTTP ACK reply from h5:80 <- h3:21271 [len=54B]
2025-09-12 20:33:37 - [BENIGN] - DEBUG - Generated HTTPS SYN from h3:59768 -> h5:443 [len=54B]
2025-09-12 20:33:38 - [BENIGN] - DEBUG - Generated HTTPS SYN-ACK from h5:443 <- h3:59768 [len=54B]
2025-09-12 20:33:38 - [BENIGN] - DEBUG - Generated HTTPS ACK from h3:59768 -> h5:443 [len=54B]
2025-09-12 20:33:39 - [BENIGN] - DEBUG - Generated HTTPS data traffic from h3:59768 -> h5:443 [content='Encrypted Application Data'] [Session 7] [len=465B]
2025-09-12 20:33:40 - [BENIGN] - DEBUG - Generated HTTPS ACK reply from h5:443 <- h3:59768 [len=54B]
2025-09-12 20:33:40 - [BENIGN] - DEBUG - Generated DNS query from h3:49859 -> h5:53 [qname='example.com'] [Session 8] [len=71B]
2025-09-12 20:33:40 - [BENIGN] - DEBUG - Generated ICMP traffic h2↔h5 1 [len=84B]
2025-09-12 20:33:41 - [BENIGN] - DEBUG - Generated TCP SYN from h3:33265 -> h5:12345 [len=54B]
2025-09-12 20:33:42 - [BENIGN] - DEBUG - Generated TCP SYN-ACK from h5:12345 <- h3:33265 [len=54B]
2025-09-12 20:33:42 - [BENIGN] - DEBUG - Generated TCP ACK from h3:33265 -> h5:12345 [len=54B]
2025-09-12 20:33:43 - [BENIGN] - DEBUG - Generated TCP data traffic from h3:33265 -> h5:12345 [content='TCP data'] [Session 9] [len=992B]
2025-09-12 20:33:43 - [BENIGN] - DEBUG - Generated TCP ACK reply from h5:12345 <- h3:33265 [len=54B]
2025-09-12 20:33:44 - [BENIGN] - DEBUG - Generated UDP traffic from h3:40348 -> h5:12346 [content='fd6a4ba781bc386534e50b7ff857be679ec0b877...'] [Session 10] [len=1063B]
2025-09-12 20:33:45 - [BENIGN] - DEBUG - Generated Telnet SYN from h3:34879 -> h5:23 [len=54B]
2025-09-12 20:33:45 - [BENIGN] - DEBUG - Generated Telnet SYN-ACK from h5:23 <- h3:34879 [len=54B]
2025-09-12 20:33:46 - [BENIGN] - DEBUG - Generated Telnet ACK from h3:34879 -> h5:23 [len=54B]
2025-09-12 20:33:47 - [BENIGN] - DEBUG - Generated Telnet data traffic from h3:34879 -> h5:23 [content='Telnet command'] [Session 11] [len=560B]
2025-09-12 20:33:47 - [BENIGN] - DEBUG - Generated Telnet ACK reply from h5:23 <- h3:34879 [len=54B]
2025-09-12 20:33:48 - [BENIGN] - DEBUG - Generated SSH SYN from h3:13227 -> h5:22 [len=54B]
2025-09-12 20:33:48 - [BENIGN] - DEBUG - Generated SSH SYN-ACK from h5:22 <- h3:13227 [len=54B]
2025-09-12 20:33:49 - [BENIGN] - DEBUG - Generated SSH ACK from h3:13227 -> h5:22 [len=54B]
2025-09-12 20:33:50 - [BENIGN] - DEBUG - Generated SSH data traffic from h3:13227 -> h5:22 [content='SSH encrypted data'] [Session 12] [len=1351B]
2025-09-12 20:33:50 - [BENIGN] - DEBUG - Generated SSH ACK reply from h5:22 <- h3:13227 [len=54B]
2025-09-12 20:33:51 - [BENIGN] - DEBUG - Generated FTP SYN from h3:40895 -> h5:21 [len=54B]
2025-09-12 20:33:52 - [BENIGN] - DEBUG - Generated FTP SYN-ACK from h5:21 <- h3:40895 [len=54B]
2025-09-12 20:33:52 - [BENIGN] - DEBUG - Generated FTP ACK from h3:40895 -> h5:21 [len=54B]
2025-09-12 20:33:53 - [BENIGN] - DEBUG - Generated FTP data traffic from h3:40895 -> h5:21 [content='FTP file transfer'] [Session 13] [len=180B]
2025-09-12 20:33:53 - [BENIGN] - DEBUG - Generated FTP ACK reply from h5:21 <- h3:40895 [len=54B]
2025-09-12 20:33:54 - [BENIGN] - DEBUG - Generated HTTP SYN from h3:21559 -> h5:80 [len=54B]
2025-09-12 20:33:55 - [BENIGN] - DEBUG - Generated HTTP SYN-ACK from h5:80 <- h3:21559 [len=54B]
2025-09-12 20:33:55 - [BENIGN] - DEBUG - Generated HTTP ACK from h3:21559 -> h5:80 [len=54B]
2025-09-12 20:33:56 - [BENIGN] - DEBUG - Generated HTTP data traffic from h3:21559 -> h5:80 [content='GET /index.html HTTP/1.1'] [Session 14] [len=431B]
2025-09-12 20:33:57 - [BENIGN] - DEBUG - Generated HTTP ACK reply from h5:80 <- h3:21559 [len=54B]
2025-09-12 20:33:57 - [BENIGN] - DEBUG - Generated HTTPS SYN from h3:59867 -> h5:443 [len=54B]
2025-09-12 20:33:58 - [BENIGN] - DEBUG - Generated HTTPS SYN-ACK from h5:443 <- h3:59867 [len=54B]
2025-09-12 20:33:58 - [BENIGN] - DEBUG - Generated HTTPS ACK from h3:59867 -> h5:443 [len=54B]
2025-09-12 20:33:59 - [BENIGN] - DEBUG - Generated HTTPS data traffic from h3:59867 -> h5:443 [content='Encrypted Application Data'] [Session 15] [len=386B]
2025-09-12 20:34:00 - [BENIGN] - DEBUG - Generated HTTPS ACK reply from h5:443 <- h3:59867 [len=54B]
2025-09-12 20:34:00 - [BENIGN] - DEBUG - Generated DNS query from h3:3655 -> h5:53 [qname='example.com'] [Session 16] [len=71B]
2025-09-12 20:34:00 - [BENIGN] - DEBUG - Generated ICMP traffic h2↔h5 2 [len=84B]
2025-09-12 20:34:01 - [BENIGN] - DEBUG - Generated TCP SYN from h3:35447 -> h5:12345 [len=54B]
2025-09-12 20:34:02 - [BENIGN] - DEBUG - Generated TCP SYN-ACK from h5:12345 <- h3:35447 [len=54B]
2025-09-12 20:34:02 - [BENIGN] - DEBUG - Generated TCP ACK from h3:35447 -> h5:12345 [len=54B]
2025-09-12 20:34:03 - [BENIGN] - DEBUG - Generated TCP data traffic from h3:35447 -> h5:12345 [content='TCP data'] [Session 17] [len=520B]
2025-09-12 20:34:03 - [BENIGN] - DEBUG - Generated TCP ACK reply from h5:12345 <- h3:35447 [len=54B]
2025-09-12 20:34:04 - [BENIGN] - DEBUG - Generated UDP traffic from h3:17219 -> h5:12346 [content='72718c463c61b3fcb5f860fd2963aecd5f01ab55...'] [Session 18] [len=1253B]
2025-09-12 20:34:05 - [BENIGN] - DEBUG - Generated Telnet SYN from h3:61414 -> h5:23 [len=54B]
2025-09-12 20:34:05 - [BENIGN] - DEBUG - Generated Telnet SYN-ACK from h5:23 <- h3:61414 [len=54B]
2025-09-12 20:34:06 - [BENIGN] - DEBUG - Generated Telnet ACK from h3:61414 -> h5:23 [len=54B]
2025-09-12 20:34:07 - [BENIGN] - DEBUG - Generated Telnet data traffic from h3:61414 -> h5:23 [content='Telnet command'] [Session 19] [len=478B]
2025-09-12 20:34:07 - [BENIGN] - DEBUG - Generated Telnet ACK reply from h5:23 <- h3:61414 [len=54B]
2025-09-12 20:34:08 - [BENIGN] - DEBUG - Generated SSH SYN from h3:46138 -> h5:22 [len=54B]
2025-09-12 20:34:08 - [BENIGN] - DEBUG - Generated SSH SYN-ACK from h5:22 <- h3:46138 [len=54B]
2025-09-12 20:34:09 - [BENIGN] - DEBUG - Generated SSH ACK from h3:46138 -> h5:22 [len=54B]
2025-09-12 20:34:10 - [BENIGN] - DEBUG - Generated SSH data traffic from h3:46138 -> h5:22 [content='SSH encrypted data'] [Session 20] [len=1277B]
2025-09-12 20:34:10 - [BENIGN] - DEBUG - Generated SSH ACK reply from h5:22 <- h3:46138 [len=54B]
2025-09-12 20:34:11 - [BENIGN] - DEBUG - Generated FTP SYN from h3:44919 -> h5:21 [len=54B]
2025-09-12 20:34:12 - [BENIGN] - DEBUG - Generated FTP SYN-ACK from h5:21 <- h3:44919 [len=54B]
2025-09-12 20:34:12 - [BENIGN] - DEBUG - Generated FTP ACK from h3:44919 -> h5:21 [len=54B]
2025-09-12 20:34:13 - [BENIGN] - DEBUG - Generated FTP data traffic from h3:44919 -> h5:21 [content='FTP file transfer'] [Session 21] [len=1332B]
2025-09-12 20:34:13 - [BENIGN] - DEBUG - Generated FTP ACK reply from h5:21 <- h3:44919 [len=54B]
2025-09-12 20:34:14 - [BENIGN] - DEBUG - Generated HTTP SYN from h3:2544 -> h5:80 [len=54B]
2025-09-12 20:34:15 - [BENIGN] - DEBUG - Generated HTTP SYN-ACK from h5:80 <- h3:2544 [len=54B]
2025-09-12 20:34:15 - [BENIGN] - DEBUG - Generated HTTP ACK from h3:2544 -> h5:80 [len=54B]
2025-09-12 20:34:16 - [BENIGN] - DEBUG - Generated HTTP data traffic from h3:2544 -> h5:80 [content='GET /index.html HTTP/1.1'] [Session 22] [len=377B]
2025-09-12 20:34:17 - [BENIGN] - DEBUG - Generated HTTP ACK reply from h5:80 <- h3:2544 [len=54B]
2025-09-12 20:34:17 - [BENIGN] - DEBUG - Generated HTTPS SYN from h3:62608 -> h5:443 [len=54B]
2025-09-12 20:34:18 - [BENIGN] - DEBUG - Generated HTTPS SYN-ACK from h5:443 <- h3:62608 [len=54B]
2025-09-12 20:34:19 - [BENIGN] - DEBUG - Generated HTTPS ACK from h3:62608 -> h5:443 [len=54B]
2025-09-12 20:34:19 - [BENIGN] - DEBUG - Generated HTTPS data traffic from h3:62608 -> h5:443 [content='Encrypted Application Data'] [Session 23] [len=289B]
2025-09-12 20:34:20 - [BENIGN] - DEBUG - Generated HTTPS ACK reply from h5:443 <- h3:62608 [len=54B]
2025-09-12 20:34:20 - [BENIGN] - DEBUG - Generated DNS query from h3:25386 -> h5:53 [qname='example.com'] [Session 24] [len=71B]
2025-09-12 20:34:21 - [BENIGN] - DEBUG - Generated ICMP traffic h2↔h5 3 [len=84B]
2025-09-12 20:34:21 - [BENIGN] - DEBUG - Generated TCP SYN from h3:30410 -> h5:12345 [len=54B]
2025-09-12 20:34:22 - [BENIGN] - DEBUG - Generated TCP SYN-ACK from h5:12345 <- h3:30410 [len=54B]
2025-09-12 20:34:22 - [BENIGN] - DEBUG - Generated TCP ACK from h3:30410 -> h5:12345 [len=54B]
2025-09-12 20:34:23 - [BENIGN] - DEBUG - Generated TCP data traffic from h3:30410 -> h5:12345 [content='TCP data'] [Session 25] [len=1378B]
2025-09-12 20:34:24 - [BENIGN] - DEBUG - Generated TCP ACK reply from h5:12345 <- h3:30410 [len=54B]
2025-09-12 20:34:24 - [BENIGN] - DEBUG - Generated UDP traffic from h3:22629 -> h5:12346 [content='fb52ab9fdcf3f057d5cb04b47405d71939faff83...'] [Session 26] [len=1142B]
2025-09-12 20:34:25 - [BENIGN] - DEBUG - Generated Telnet SYN from h3:31245 -> h5:23 [len=54B]
2025-09-12 20:34:26 - [BENIGN] - DEBUG - Generated Telnet SYN-ACK from h5:23 <- h3:31245 [len=54B]
2025-09-12 20:34:26 - [BENIGN] - DEBUG - Generated Telnet ACK from h3:31245 -> h5:23 [len=54B]
2025-09-12 20:34:27 - [BENIGN] - DEBUG - Generated Telnet data traffic from h3:31245 -> h5:23 [content='Telnet command'] [Session 27] [len=663B]
2025-09-12 20:34:27 - [BENIGN] - DEBUG - Generated Telnet ACK reply from h5:23 <- h3:31245 [len=54B]
2025-09-12 20:34:28 - [BENIGN] - DEBUG - Generated SSH SYN from h3:30802 -> h5:22 [len=54B]
2025-09-12 20:34:29 - [BENIGN] - DEBUG - Generated SSH SYN-ACK from h5:22 <- h3:30802 [len=54B]
2025-09-12 20:34:29 - [BENIGN] - DEBUG - Generated SSH ACK from h3:30802 -> h5:22 [len=54B]
2025-09-12 20:34:30 - [BENIGN] - DEBUG - Generated SSH data traffic from h3:30802 -> h5:22 [content='SSH encrypted data'] [Session 28] [len=689B]
2025-09-12 20:34:31 - [BENIGN] - DEBUG - Generated SSH ACK reply from h5:22 <- h3:30802 [len=54B]
2025-09-12 20:34:31 - [BENIGN] - DEBUG - Generated FTP SYN from h3:26565 -> h5:21 [len=54B]
2025-09-12 20:34:32 - [BENIGN] - DEBUG - Generated FTP SYN-ACK from h5:21 <- h3:26565 [len=54B]
2025-09-12 20:34:33 - [BENIGN] - DEBUG - Generated FTP ACK from h3:26565 -> h5:21 [len=54B]
2025-09-12 20:34:33 - [BENIGN] - DEBUG - Generated FTP data traffic from h3:26565 -> h5:21 [content='FTP file transfer'] [Session 29] [len=1532B]
2025-09-12 20:34:34 - [BENIGN] - DEBUG - Generated FTP ACK reply from h5:21 <- h3:26565 [len=54B]
2025-09-12 20:34:34 - [BENIGN] - DEBUG - Generated HTTP SYN from h3:47552 -> h5:80 [len=54B]
2025-09-12 20:34:35 - [BENIGN] - DEBUG - Generated HTTP SYN-ACK from h5:80 <- h3:47552 [len=54B]
2025-09-12 20:34:36 - [BENIGN] - DEBUG - Generated HTTP ACK from h3:47552 -> h5:80 [len=54B]
2025-09-12 20:34:36 - [BENIGN] - DEBUG - Generated HTTP data traffic from h3:47552 -> h5:80 [content='GET /index.html HTTP/1.1'] [Session 30] [len=499B]
2025-09-12 20:34:37 - [BENIGN] - DEBUG - Generated HTTP ACK reply from h5:80 <- h3:47552 [len=54B]
2025-09-12 20:34:38 - [BENIGN] - DEBUG - Generated HTTPS SYN from h3:21247 -> h5:443 [len=54B]
2025-09-12 20:34:38 - [BENIGN] - DEBUG - Generated HTTPS SYN-ACK from h5:443 <- h3:21247 [len=54B]
2025-09-12 20:34:39 - [BENIGN] - DEBUG - Generated HTTPS ACK from h3:21247 -> h5:443 [len=54B]
2025-09-12 20:34:39 - [BENIGN] - DEBUG - Generated HTTPS data traffic from h3:21247 -> h5:443 [content='Encrypted Application Data'] [Session 31] [len=217B]
2025-09-12 20:34:40 - [BENIGN] - DEBUG - Generated HTTPS ACK reply from h5:443 <- h3:21247 [len=54B]
2025-09-12 20:34:41 - [BENIGN] - DEBUG - Generated DNS query from h3:27971 -> h5:53 [qname='example.com'] [Session 32] [len=71B]
2025-09-12 20:34:41 - [BENIGN] - DEBUG - Generated ICMP traffic h2↔h5 4 [len=84B]
2025-09-12 20:34:41 - [BENIGN] - DEBUG - Generated TCP SYN from h3:5243 -> h5:12345 [len=54B]
2025-09-12 20:34:42 - [BENIGN] - DEBUG - Generated TCP SYN-ACK from h5:12345 <- h3:5243 [len=54B]
2025-09-12 20:34:43 - [BENIGN] - DEBUG - Generated TCP ACK from h3:5243 -> h5:12345 [len=54B]
2025-09-12 20:34:43 - [BENIGN] - DEBUG - Generated TCP data traffic from h3:5243 -> h5:12345 [content='TCP data'] [Session 33] [len=1280B]
2025-09-12 20:34:44 - [BENIGN] - DEBUG - Generated TCP ACK reply from h5:12345 <- h3:5243 [len=54B]
2025-09-12 20:34:45 - [BENIGN] - DEBUG - Generated UDP traffic from h3:29827 -> h5:12346 [content='e10306a3951e4bdb0b31030615519a04d9f1d4d7...'] [Session 34] [len=1205B]
2025-09-12 20:34:45 - [BENIGN] - DEBUG - Generated Telnet SYN from h3:44025 -> h5:23 [len=54B]
2025-09-12 20:34:46 - [BENIGN] - DEBUG - Generated Telnet SYN-ACK from h5:23 <- h3:44025 [len=54B]
2025-09-12 20:34:46 - [BENIGN] - DEBUG - Generated Telnet ACK from h3:44025 -> h5:23 [len=54B]
2025-09-12 20:34:47 - [BENIGN] - DEBUG - Generated Telnet data traffic from h3:44025 -> h5:23 [content='Telnet command'] [Session 35] [len=127B]
2025-09-12 20:34:48 - [BENIGN] - DEBUG - Generated Telnet ACK reply from h5:23 <- h3:44025 [len=54B]
2025-09-12 20:34:48 - [BENIGN] - DEBUG - Generated SSH SYN from h3:20593 -> h5:22 [len=54B]
2025-09-12 20:34:49 - [BENIGN] - DEBUG - Generated SSH SYN-ACK from h5:22 <- h3:20593 [len=54B]
2025-09-12 20:34:50 - [BENIGN] - DEBUG - Generated SSH ACK from h3:20593 -> h5:22 [len=54B]
2025-09-12 20:34:50 - [BENIGN] - DEBUG - Generated SSH data traffic from h3:20593 -> h5:22 [content='SSH encrypted data'] [Session 36] [len=1199B]
2025-09-12 20:34:51 - [BENIGN] - DEBUG - Generated SSH ACK reply from h5:22 <- h3:20593 [len=54B]
2025-09-12 20:34:51 - [BENIGN] - DEBUG - Generated FTP SYN from h3:62308 -> h5:21 [len=54B]
2025-09-12 20:34:52 - [BENIGN] - DEBUG - Generated FTP SYN-ACK from h5:21 <- h3:62308 [len=54B]
2025-09-12 20:34:53 - [BENIGN] - DEBUG - Generated FTP ACK from h3:62308 -> h5:21 [len=54B]
2025-09-12 20:34:53 - [BENIGN] - DEBUG - Generated FTP data traffic from h3:62308 -> h5:21 [content='FTP file transfer'] [Session 37] [len=1514B]
2025-09-12 20:34:54 - [BENIGN] - DEBUG - Generated FTP ACK reply from h5:21 <- h3:62308 [len=54B]
2025-09-12 20:34:54 - [BENIGN] - DEBUG - Generated HTTP SYN from h3:57325 -> h5:80 [len=54B]
2025-09-12 20:34:55 - [BENIGN] - DEBUG - Generated HTTP SYN-ACK from h5:80 <- h3:57325 [len=54B]
2025-09-12 20:34:56 - [BENIGN] - DEBUG - Generated HTTP ACK from h3:57325 -> h5:80 [len=54B]
2025-09-12 20:34:56 - [BENIGN] - DEBUG - Generated HTTP data traffic from h3:57325 -> h5:80 [content='GET /index.html HTTP/1.1'] [Session 38] [len=276B]
2025-09-12 20:34:57 - [BENIGN] - DEBUG - Generated HTTP ACK reply from h5:80 <- h3:57325 [len=54B]
2025-09-12 20:34:58 - [BENIGN] - DEBUG - Generated HTTPS SYN from h3:5489 -> h5:443 [len=54B]
2025-09-12 20:34:58 - [BENIGN] - DEBUG - Generated HTTPS SYN-ACK from h5:443 <- h3:5489 [len=54B]
2025-09-12 20:34:59 - [BENIGN] - DEBUG - Generated HTTPS ACK from h3:5489 -> h5:443 [len=54B]
2025-09-12 20:34:59 - [BENIGN] - DEBUG - Generated HTTPS data traffic from h3:5489 -> h5:443 [content='Encrypted Application Data'] [Session 39] [len=451B]
2025-09-12 20:35:00 - [BENIGN] - DEBUG - Generated HTTPS ACK reply from h5:443 <- h3:5489 [len=54B]
2025-09-12 20:35:01 - [BENIGN] - DEBUG - Generated DNS query from h3:28134 -> h5:53 [qname='example.com'] [Session 40] [len=71B]
2025-09-12 20:35:01 - [BENIGN] - DEBUG - Generated ICMP traffic h2↔h5 5 [len=84B]
2025-09-12 20:35:01 - [BENIGN] - DEBUG - Generated TCP SYN from h3:7704 -> h5:12345 [len=54B]
2025-09-12 20:35:02 - [BENIGN] - DEBUG - Generated TCP SYN-ACK from h5:12345 <- h3:7704 [len=54B]
2025-09-12 20:35:03 - [BENIGN] - DEBUG - Generated TCP ACK from h3:7704 -> h5:12345 [len=54B]
2025-09-12 20:35:03 - [BENIGN] - DEBUG - Generated TCP data traffic from h3:7704 -> h5:12345 [content='TCP data'] [Session 41] [len=284B]
2025-09-12 20:35:04 - [BENIGN] - DEBUG - Generated TCP ACK reply from h5:12345 <- h3:7704 [len=54B]
2025-09-12 20:35:05 - [BENIGN] - DEBUG - Generated UDP traffic from h3:45769 -> h5:12346 [content='5f15ea452fbabfa66d2c027bd4a697814754bcf6...'] [Session 42] [len=316B]
2025-09-12 20:35:05 - [BENIGN] - DEBUG - Generated Telnet SYN from h3:34827 -> h5:23 [len=54B]
2025-09-12 20:35:06 - [BENIGN] - DEBUG - Generated Telnet SYN-ACK from h5:23 <- h3:34827 [len=54B]
2025-09-12 20:35:06 - [BENIGN] - DEBUG - Generated Telnet ACK from h3:34827 -> h5:23 [len=54B]
2025-09-12 20:35:07 - [BENIGN] - DEBUG - Generated Telnet data traffic from h3:34827 -> h5:23 [content='Telnet command'] [Session 43] [len=1283B]
2025-09-12 20:35:08 - [BENIGN] - DEBUG - Generated Telnet ACK reply from h5:23 <- h3:34827 [len=54B]
2025-09-12 20:35:08 - [BENIGN] - DEBUG - Generated SSH SYN from h3:50123 -> h5:22 [len=54B]
2025-09-12 20:35:09 - [BENIGN] - DEBUG - Generated SSH SYN-ACK from h5:22 <- h3:50123 [len=54B]
2025-09-12 20:35:10 - [BENIGN] - DEBUG - Generated SSH ACK from h3:50123 -> h5:22 [len=54B]
2025-09-12 20:35:10 - [BENIGN] - DEBUG - Generated SSH data traffic from h3:50123 -> h5:22 [content='SSH encrypted data'] [Session 44] [len=702B]
2025-09-12 20:35:11 - [BENIGN] - DEBUG - Generated SSH ACK reply from h5:22 <- h3:50123 [len=54B]
2025-09-12 20:35:11 - [BENIGN] - DEBUG - Generated FTP SYN from h3:57583 -> h5:21 [len=54B]
2025-09-12 20:35:12 - [BENIGN] - DEBUG - Generated FTP SYN-ACK from h5:21 <- h3:57583 [len=54B]
2025-09-12 20:35:13 - [BENIGN] - DEBUG - Generated FTP ACK from h3:57583 -> h5:21 [len=54B]
2025-09-12 20:35:13 - [BENIGN] - DEBUG - Generated FTP data traffic from h3:57583 -> h5:21 [content='FTP file transfer'] [Session 45] [len=688B]
2025-09-12 20:35:14 - [BENIGN] - DEBUG - Generated FTP ACK reply from h5:21 <- h3:57583 [len=54B]
2025-09-12 20:35:15 - [BENIGN] - DEBUG - Generated HTTP SYN from h3:33796 -> h5:80 [len=54B]
2025-09-12 20:35:15 - [BENIGN] - DEBUG - Generated HTTP SYN-ACK from h5:80 <- h3:33796 [len=54B]
2025-09-12 20:35:16 - [BENIGN] - DEBUG - Generated HTTP ACK from h3:33796 -> h5:80 [len=54B]
2025-09-12 20:35:16 - [BENIGN] - DEBUG - Generated HTTP data traffic from h3:33796 -> h5:80 [content='GET /index.html HTTP/1.1'] [Session 46] [len=471B]
2025-09-12 20:35:17 - [BENIGN] - DEBUG - Generated HTTP ACK reply from h5:80 <- h3:33796 [len=54B]
2025-09-12 20:35:18 - [BENIGN] - DEBUG - Generated HTTPS SYN from h3:24623 -> h5:443 [len=54B]
2025-09-12 20:35:18 - [BENIGN] - DEBUG - Generated HTTPS SYN-ACK from h5:443 <- h3:24623 [len=54B]
2025-09-12 20:35:19 - [BENIGN] - DEBUG - Generated HTTPS ACK from h3:24623 -> h5:443 [len=54B]
2025-09-12 20:35:20 - [BENIGN] - DEBUG - Generated HTTPS data traffic from h3:24623 -> h5:443 [content='Encrypted Application Data'] [Session 47] [len=557B]
2025-09-12 20:35:20 - [BENIGN] - DEBUG - Generated HTTPS ACK reply from h5:443 <- h3:24623 [len=54B]
2025-09-12 20:35:21 - [BENIGN] - DEBUG - Generated DNS query from h3:52598 -> h5:53 [qname='example.com'] [Session 48] [len=71B]
2025-09-12 20:35:21 - [BENIGN] - DEBUG - Generated ICMP traffic h2↔h5 6 [len=84B]
2025-09-12 20:35:22 - [BENIGN] - DEBUG - Generated TCP SYN from h3:15291 -> h5:12345 [len=54B]
2025-09-12 20:35:22 - [BENIGN] - DEBUG - Generated TCP SYN-ACK from h5:12345 <- h3:15291 [len=54B]
2025-09-12 20:35:23 - [BENIGN] - DEBUG - Generated TCP ACK from h3:15291 -> h5:12345 [len=54B]
2025-09-12 20:35:24 - [BENIGN] - DEBUG - Generated TCP data traffic from h3:15291 -> h5:12345 [content='TCP data'] [Session 49] [len=1111B]
2025-09-12 20:35:24 - [BENIGN] - DEBUG - Generated TCP ACK reply from h5:12345 <- h3:15291 [len=54B]
2025-09-12 20:35:25 - [BENIGN] - DEBUG - Generated UDP traffic from h3:10336 -> h5:12346 [content='e8586e9b4a013c9dbcb259d72716da981ff7447a...'] [Session 50] [len=1403B]
2025-09-12 20:35:25 - [BENIGN] - DEBUG - Generated Telnet SYN from h3:58943 -> h5:23 [len=54B]
2025-09-12 20:35:26 - [BENIGN] - DEBUG - Generated Telnet SYN-ACK from h5:23 <- h3:58943 [len=54B]
2025-09-12 20:35:27 - [BENIGN] - DEBUG - Generated Telnet ACK from h3:58943 -> h5:23 [len=54B]
2025-09-12 20:35:27 - [BENIGN] - DEBUG - Generated Telnet data traffic from h3:58943 -> h5:23 [content='Telnet command'] [Session 51] [len=499B]
2025-09-12 20:35:28 - [BENIGN] - DEBUG - Generated Telnet ACK reply from h5:23 <- h3:58943 [len=54B]
2025-09-12 20:35:29 - [BENIGN] - DEBUG - Generated SSH SYN from h3:48604 -> h5:22 [len=54B]
2025-09-12 20:35:29 - [BENIGN] - DEBUG - Generated SSH SYN-ACK from h5:22 <- h3:48604 [len=54B]
2025-09-12 20:35:30 - [BENIGN] - DEBUG - Generated SSH ACK from h3:48604 -> h5:22 [len=54B]
2025-09-12 20:35:30 - [BENIGN] - DEBUG - Generated SSH data traffic from h3:48604 -> h5:22 [content='SSH encrypted data'] [Session 52] [len=618B]
2025-09-12 20:35:31 - [BENIGN] - DEBUG - Generated SSH ACK reply from h5:22 <- h3:48604 [len=54B]
2025-09-12 20:35:32 - [BENIGN] - DEBUG - Generated FTP SYN from h3:57621 -> h5:21 [len=54B]
2025-09-12 20:35:32 - [BENIGN] - DEBUG - Generated FTP SYN-ACK from h5:21 <- h3:57621 [len=54B]
2025-09-12 20:35:33 - [BENIGN] - DEBUG - Generated FTP ACK from h3:57621 -> h5:21 [len=54B]
2025-09-12 20:35:34 - [BENIGN] - DEBUG - Generated FTP data traffic from h3:57621 -> h5:21 [content='FTP file transfer'] [Session 53] [len=1492B]
2025-09-12 20:35:34 - [BENIGN] - DEBUG - Generated FTP ACK reply from h5:21 <- h3:57621 [len=54B]
2025-09-12 20:35:35 - [BENIGN] - DEBUG - Generated HTTP SYN from h3:19311 -> h5:80 [len=54B]
2025-09-12 20:35:35 - [BENIGN] - DEBUG - Generated HTTP SYN-ACK from h5:80 <- h3:19311 [len=54B]
2025-09-12 20:35:36 - [BENIGN] - DEBUG - Generated HTTP ACK from h3:19311 -> h5:80 [len=54B]
2025-09-12 20:35:37 - [BENIGN] - DEBUG - Generated HTTP data traffic from h3:19311 -> h5:80 [content='GET /index.html HTTP/1.1'] [Session 54] [len=347B]
2025-09-12 20:35:37 - [BENIGN] - DEBUG - Generated HTTP ACK reply from h5:80 <- h3:19311 [len=54B]
2025-09-12 20:35:38 - [BENIGN] - DEBUG - Generated HTTPS SYN from h3:51497 -> h5:443 [len=54B]
2025-09-12 20:35:38 - [BENIGN] - DEBUG - Generated HTTPS SYN-ACK from h5:443 <- h3:51497 [len=54B]
2025-09-12 20:35:39 - [BENIGN] - DEBUG - Generated HTTPS ACK from h3:51497 -> h5:443 [len=54B]
2025-09-12 20:35:40 - [BENIGN] - DEBUG - Generated HTTPS data traffic from h3:51497 -> h5:443 [content='Encrypted Application Data'] [Session 55] [len=320B]
2025-09-12 20:35:40 - [BENIGN] - DEBUG - Generated HTTPS ACK reply from h5:443 <- h3:51497 [len=54B]
2025-09-12 20:35:41 - [BENIGN] - DEBUG - Generated DNS query from h3:19376 -> h5:53 [qname='example.com'] [Session 56] [len=71B]
2025-09-12 20:35:41 - [BENIGN] - DEBUG - Generated ICMP traffic h2↔h5 7 [len=84B]
2025-09-12 20:35:42 - [BENIGN] - DEBUG - Generated TCP SYN from h3:35238 -> h5:12345 [len=54B]
2025-09-12 20:35:42 - [BENIGN] - DEBUG - Generated TCP SYN-ACK from h5:12345 <- h3:35238 [len=54B]
2025-09-12 20:35:43 - [BENIGN] - DEBUG - Generated TCP ACK from h3:35238 -> h5:12345 [len=54B]
2025-09-12 20:35:44 - [BENIGN] - DEBUG - Generated TCP data traffic from h3:35238 -> h5:12345 [content='TCP data'] [Session 57] [len=1489B]
2025-09-12 20:35:44 - [BENIGN] - DEBUG - Generated TCP ACK reply from h5:12345 <- h3:35238 [len=54B]
2025-09-12 20:35:45 - [BENIGN] - DEBUG - Generated UDP traffic from h3:29238 -> h5:12346 [content='7352622a4b83ddc6664533fd38bd0a1bfd2cdb33...'] [Session 58] [len=467B]
2025-09-12 20:35:45 - [BENIGN] - DEBUG - Generated Telnet SYN from h3:59971 -> h5:23 [len=54B]
2025-09-12 20:35:46 - [BENIGN] - DEBUG - Generated Telnet SYN-ACK from h5:23 <- h3:59971 [len=54B]
2025-09-12 20:35:47 - [BENIGN] - DEBUG - Generated Telnet ACK from h3:59971 -> h5:23 [len=54B]
2025-09-12 20:35:47 - [BENIGN] - DEBUG - Generated Telnet data traffic from h3:59971 -> h5:23 [content='Telnet command'] [Session 59] [len=1133B]
2025-09-12 20:35:48 - [BENIGN] - DEBUG - Generated Telnet ACK reply from h5:23 <- h3:59971 [len=54B]
2025-09-12 20:35:49 - [BENIGN] - DEBUG - Generated SSH SYN from h3:54764 -> h5:22 [len=54B]
2025-09-12 20:35:49 - [BENIGN] - DEBUG - Generated SSH SYN-ACK from h5:22 <- h3:54764 [len=54B]
2025-09-12 20:35:50 - [BENIGN] - DEBUG - Generated SSH ACK from h3:54764 -> h5:22 [len=54B]
2025-09-12 20:35:50 - [BENIGN] - DEBUG - Generated SSH data traffic from h3:54764 -> h5:22 [content='SSH encrypted data'] [Session 60] [len=1538B]
2025-09-12 20:35:51 - [BENIGN] - DEBUG - Generated SSH ACK reply from h5:22 <- h3:54764 [len=54B]
2025-09-12 20:35:52 - [BENIGN] - DEBUG - Generated FTP SYN from h3:40098 -> h5:21 [len=54B]
2025-09-12 20:35:52 - [BENIGN] - DEBUG - Generated FTP SYN-ACK from h5:21 <- h3:40098 [len=54B]
2025-09-12 20:35:53 - [BENIGN] - DEBUG - Generated FTP ACK from h3:40098 -> h5:21 [len=54B]
2025-09-12 20:35:54 - [BENIGN] - DEBUG - Generated FTP data traffic from h3:40098 -> h5:21 [content='FTP file transfer'] [Session 61] [len=970B]
2025-09-12 20:35:54 - [BENIGN] - DEBUG - Generated FTP ACK reply from h5:21 <- h3:40098 [len=54B]
2025-09-12 20:35:55 - [BENIGN] - DEBUG - Generated HTTP SYN from h3:18552 -> h5:80 [len=54B]
2025-09-12 20:35:55 - [BENIGN] - DEBUG - Generated HTTP SYN-ACK from h5:80 <- h3:18552 [len=54B]
2025-09-12 20:35:56 - [BENIGN] - DEBUG - Generated HTTP ACK from h3:18552 -> h5:80 [len=54B]
2025-09-12 20:35:57 - [BENIGN] - DEBUG - Generated HTTP data traffic from h3:18552 -> h5:80 [content='GET /index.html HTTP/1.1'] [Session 62] [len=556B]
2025-09-12 20:35:57 - [BENIGN] - DEBUG - Generated HTTP ACK reply from h5:80 <- h3:18552 [len=54B]
2025-09-12 20:35:58 - [BENIGN] - DEBUG - Generated HTTPS SYN from h3:25885 -> h5:443 [len=54B]
2025-09-12 20:35:58 - [BENIGN] - DEBUG - Generated HTTPS SYN-ACK from h5:443 <- h3:25885 [len=54B]
2025-09-12 20:35:59 - [BENIGN] - DEBUG - Generated HTTPS ACK from h3:25885 -> h5:443 [len=54B]
2025-09-12 20:36:00 - [BENIGN] - DEBUG - Generated HTTPS data traffic from h3:25885 -> h5:443 [content='Encrypted Application Data'] [Session 63] [len=703B]
2025-09-12 20:36:00 - [BENIGN] - DEBUG - Generated HTTPS ACK reply from h5:443 <- h3:25885 [len=54B]
2025-09-12 20:36:01 - [BENIGN] - DEBUG - Generated DNS query from h3:7959 -> h5:53 [qname='example.com'] [Session 64] [len=71B]
2025-09-12 20:36:01 - [BENIGN] - DEBUG - Generated ICMP traffic h2↔h5 8 [len=84B]
2025-09-12 20:36:02 - [BENIGN] - DEBUG - Generated TCP SYN from h3:62511 -> h5:12345 [len=54B]
2025-09-12 20:36:02 - [BENIGN] - DEBUG - Generated TCP SYN-ACK from h5:12345 <- h3:62511 [len=54B]
2025-09-12 20:36:03 - [BENIGN] - DEBUG - Generated TCP ACK from h3:62511 -> h5:12345 [len=54B]
2025-09-12 20:36:04 - [BENIGN] - DEBUG - Generated TCP data traffic from h3:62511 -> h5:12345 [content='TCP data'] [Session 65] [len=677B]
2025-09-12 20:36:04 - [BENIGN] - DEBUG - Generated TCP ACK reply from h5:12345 <- h3:62511 [len=54B]
2025-09-12 20:36:05 - [BENIGN] - DEBUG - Generated UDP traffic from h3:25310 -> h5:12346 [content='c256cb2fe24df542035154a4445bf638be74f2c3...'] [Session 66] [len=713B]
2025-09-12 20:36:05 - [BENIGN] - DEBUG - Generated Telnet SYN from h3:16369 -> h5:23 [len=54B]
2025-09-12 20:36:06 - [BENIGN] - DEBUG - Generated Telnet SYN-ACK from h5:23 <- h3:16369 [len=54B]
2025-09-12 20:36:07 - [BENIGN] - DEBUG - Generated Telnet ACK from h3:16369 -> h5:23 [len=54B]
2025-09-12 20:36:07 - [BENIGN] - DEBUG - Generated Telnet data traffic from h3:16369 -> h5:23 [content='Telnet command'] [Session 67] [len=764B]
2025-09-12 20:36:08 - [BENIGN] - DEBUG - Generated Telnet ACK reply from h5:23 <- h3:16369 [len=54B]
2025-09-12 20:36:08 - [BENIGN] - DEBUG - Generated SSH SYN from h3:64818 -> h5:22 [len=54B]
2025-09-12 20:36:09 - [BENIGN] - DEBUG - Generated SSH SYN-ACK from h5:22 <- h3:64818 [len=54B]
2025-09-12 20:36:10 - [BENIGN] - DEBUG - Generated SSH ACK from h3:64818 -> h5:22 [len=54B]
2025-09-12 20:36:10 - [BENIGN] - DEBUG - Generated SSH data traffic from h3:64818 -> h5:22 [content='SSH encrypted data'] [Session 68] [len=203B]
2025-09-12 20:36:11 - [BENIGN] - DEBUG - Generated SSH ACK reply from h5:22 <- h3:64818 [len=54B]
2025-09-12 20:36:12 - [BENIGN] - DEBUG - Generated FTP SYN from h3:7798 -> h5:21 [len=54B]
2025-09-12 20:36:12 - [BENIGN] - DEBUG - Generated FTP SYN-ACK from h5:21 <- h3:7798 [len=54B]
2025-09-12 20:36:13 - [BENIGN] - DEBUG - Generated FTP ACK from h3:7798 -> h5:21 [len=54B]
2025-09-12 20:36:13 - [BENIGN] - DEBUG - Generated FTP data traffic from h3:7798 -> h5:21 [content='FTP file transfer'] [Session 69] [len=567B]
2025-09-12 20:36:14 - [BENIGN] - DEBUG - Generated FTP ACK reply from h5:21 <- h3:7798 [len=54B]
2025-09-12 20:36:15 - [BENIGN] - DEBUG - Generated HTTP SYN from h3:14769 -> h5:80 [len=54B]
2025-09-12 20:36:15 - [BENIGN] - DEBUG - Generated HTTP SYN-ACK from h5:80 <- h3:14769 [len=54B]
2025-09-12 20:36:16 - [BENIGN] - DEBUG - Generated HTTP ACK from h3:14769 -> h5:80 [len=54B]
2025-09-12 20:36:17 - [BENIGN] - DEBUG - Generated HTTP data traffic from h3:14769 -> h5:80 [content='GET /index.html HTTP/1.1'] [Session 70] [len=268B]
2025-09-12 20:36:17 - [BENIGN] - DEBUG - Generated HTTP ACK reply from h5:80 <- h3:14769 [len=54B]
2025-09-12 20:36:18 - [BENIGN] - DEBUG - Generated HTTPS SYN from h3:33404 -> h5:443 [len=54B]
2025-09-12 20:36:18 - [BENIGN] - DEBUG - Generated HTTPS SYN-ACK from h5:443 <- h3:33404 [len=54B]
2025-09-12 20:36:19 - [BENIGN] - DEBUG - Generated HTTPS ACK from h3:33404 -> h5:443 [len=54B]
2025-09-12 20:36:20 - [BENIGN] - DEBUG - Generated HTTPS data traffic from h3:33404 -> h5:443 [content='Encrypted Application Data'] [Session 71] [len=780B]
2025-09-12 20:36:20 - [BENIGN] - DEBUG - Generated HTTPS ACK reply from h5:443 <- h3:33404 [len=54B]
2025-09-12 20:36:21 - [BENIGN] - DEBUG - Generated DNS query from h3:18056 -> h5:53 [qname='example.com'] [Session 72] [len=71B]
2025-09-12 20:36:21 - [BENIGN] - DEBUG - Generated ICMP traffic h2↔h5 9 [len=84B]
2025-09-12 20:36:22 - [BENIGN] - DEBUG - Generated TCP SYN from h3:5366 -> h5:12345 [len=54B]
2025-09-12 20:36:22 - [BENIGN] - DEBUG - Generated TCP SYN-ACK from h5:12345 <- h3:5366 [len=54B]
2025-09-12 20:36:23 - [BENIGN] - DEBUG - Generated TCP ACK from h3:5366 -> h5:12345 [len=54B]
2025-09-12 20:36:24 - [BENIGN] - DEBUG - Generated TCP data traffic from h3:5366 -> h5:12345 [content='TCP data'] [Session 73] [len=826B]
2025-09-12 20:36:24 - [BENIGN] - DEBUG - Generated TCP ACK reply from h5:12345 <- h3:5366 [len=54B]
2025-09-12 20:36:25 - [BENIGN] - DEBUG - Generated UDP traffic from h3:28825 -> h5:12346 [content='79a3d55f54c9d5d947ee8bb9c5593d74d1d8d1e8...'] [Session 74] [len=125B]
2025-09-12 20:36:25 - [BENIGN] - DEBUG - Generated Telnet SYN from h3:65036 -> h5:23 [len=54B]
2025-09-12 20:36:26 - [BENIGN] - DEBUG - Generated Telnet SYN-ACK from h5:23 <- h3:65036 [len=54B]
2025-09-12 20:36:27 - [BENIGN] - DEBUG - Generated Telnet ACK from h3:65036 -> h5:23 [len=54B]
2025-09-12 20:36:27 - [BENIGN] - DEBUG - Generated Telnet data traffic from h3:65036 -> h5:23 [content='Telnet command'] [Session 75] [len=172B]
2025-09-12 20:36:28 - [BENIGN] - DEBUG - Generated Telnet ACK reply from h5:23 <- h3:65036 [len=54B]
2025-09-12 20:36:29 - [BENIGN] - DEBUG - Generated SSH SYN from h3:34298 -> h5:22 [len=54B]
2025-09-12 20:36:29 - [BENIGN] - DEBUG - Generated SSH SYN-ACK from h5:22 <- h3:34298 [len=54B]
2025-09-12 20:36:30 - [BENIGN] - DEBUG - Generated SSH ACK from h3:34298 -> h5:22 [len=54B]
2025-09-12 20:36:31 - [BENIGN] - DEBUG - Generated SSH data traffic from h3:34298 -> h5:22 [content='SSH encrypted data'] [Session 76] [len=395B]
2025-09-12 20:36:31 - [BENIGN] - DEBUG - Generated SSH ACK reply from h5:22 <- h3:34298 [len=54B]
2025-09-12 20:36:32 - [BENIGN] - DEBUG - Generated FTP SYN from h3:54087 -> h5:21 [len=54B]
2025-09-12 20:36:32 - [BENIGN] - DEBUG - Generated FTP SYN-ACK from h5:21 <- h3:54087 [len=54B]
2025-09-12 20:36:33 - [BENIGN] - DEBUG - Generated FTP ACK from h3:54087 -> h5:21 [len=54B]
2025-09-12 20:36:34 - [BENIGN] - DEBUG - Generated FTP data traffic from h3:54087 -> h5:21 [content='FTP file transfer'] [Session 77] [len=1013B]
2025-09-12 20:36:34 - [BENIGN] - DEBUG - Generated FTP ACK reply from h5:21 <- h3:54087 [len=54B]
2025-09-12 20:36:35 - [BENIGN] - DEBUG - Generated HTTP SYN from h3:53443 -> h5:80 [len=54B]
2025-09-12 20:36:36 - [BENIGN] - DEBUG - Generated HTTP SYN-ACK from h5:80 <- h3:53443 [len=54B]
2025-09-12 20:36:36 - [BENIGN] - DEBUG - Generated HTTP ACK from h3:53443 -> h5:80 [len=54B]
2025-09-12 20:36:37 - [BENIGN] - DEBUG - Generated HTTP data traffic from h3:53443 -> h5:80 [content='GET /index.html HTTP/1.1'] [Session 78] [len=447B]
2025-09-12 20:36:38 - [BENIGN] - DEBUG - Generated HTTP ACK reply from h5:80 <- h3:53443 [len=54B]
2025-09-12 20:36:38 - [BENIGN] - DEBUG - Generated HTTPS SYN from h3:52094 -> h5:443 [len=54B]
2025-09-12 20:36:39 - [BENIGN] - DEBUG - Generated HTTPS SYN-ACK from h5:443 <- h3:52094 [len=54B]
2025-09-12 20:36:39 - [BENIGN] - DEBUG - Generated HTTPS ACK from h3:52094 -> h5:443 [len=54B]
2025-09-12 20:36:40 - [BENIGN] - DEBUG - Generated HTTPS data traffic from h3:52094 -> h5:443 [content='Encrypted Application Data'] [Session 79] [len=236B]
2025-09-12 20:36:41 - [BENIGN] - DEBUG - Generated HTTPS ACK reply from h5:443 <- h3:52094 [len=54B]
2025-09-12 20:36:41 - [BENIGN] - DEBUG - Generated DNS query from h3:21065 -> h5:53 [qname='example.com'] [Session 80] [len=71B]
2025-09-12 20:36:41 - [BENIGN] - INFO - Benign traffic finished.
2025-09-12 20:36:41 - [BENIGN] - INFO - Summary: 80 protocol sessions with protocol separation:
2025-09-12 20:36:41 - [BENIGN] - INFO -   - h2↔h5: ICMP ping traffic
2025-09-12 20:36:41 - [BENIGN] - INFO -   - h3↔h5: TCP/UDP traffic [TCP, UDP, Telnet, SSH, FTP, HTTP, HTTPS, DNS]
2025-09-12 20:36:41 - [BENIGN] - INFO - Total packets sent: 340
