2025-09-12 19:11:11 - [BENIGN] - INFO - Starting benign traffic for 200 seconds...
2025-09-12 19:11:11 - [BENIGN] - INFO - Protocol separation: h2↔h5 (ICMP), h3↔h5 (TCP/UDP)
2025-09-12 19:11:11 - [BENIGN] - DEBUG - Generated ICMP traffic h2↔h5 0 [len=84B]
2025-09-12 19:11:12 - [BENIGN] - DEBUG - Generated TCP SYN from h3:22407 -> h5:12345 [len=54B]
2025-09-12 19:11:12 - [BENIGN] - DEBUG - Generated TCP SYN-ACK from h5:12345 <- h3:22407 [len=54B]
2025-09-12 19:11:13 - [BENIGN] - DEBUG - Generated TCP ACK from h3:22407 -> h5:12345 [len=54B]
2025-09-12 19:11:14 - [BENIGN] - DEBUG - Generated TCP data traffic from h3:22407 -> h5:12345 [content='TCP data'] [Session 1] [len=116B]
2025-09-12 19:11:14 - [BENIGN] - DEBUG - Generated TCP ACK reply from h5:12345 <- h3:22407 [len=54B]
2025-09-12 19:11:15 - [BENIGN] - DEBUG - Generated UDP traffic from h3:2144 -> h5:12346 [content='39190ce2b9aa5fcd49f00536ffba8e13eb5794c4...'] [Session 2] [len=1527B]
2025-09-12 19:11:16 - [BENIGN] - DEBUG - Generated Telnet SYN from h3:37061 -> h5:23 [len=54B]
2025-09-12 19:11:16 - [BENIGN] - DEBUG - Generated Telnet SYN-ACK from h5:23 <- h3:37061 [len=54B]
2025-09-12 19:11:17 - [BENIGN] - DEBUG - Generated Telnet ACK from h3:37061 -> h5:23 [len=54B]
2025-09-12 19:11:18 - [BENIGN] - DEBUG - Generated Telnet data traffic from h3:37061 -> h5:23 [content='Telnet command'] [Session 3] [len=1209B]
2025-09-12 19:11:18 - [BENIGN] - DEBUG - Generated Telnet ACK reply from h5:23 <- h3:37061 [len=54B]
2025-09-12 19:11:19 - [BENIGN] - DEBUG - Generated SSH SYN from h3:11338 -> h5:22 [len=54B]
2025-09-12 19:11:20 - [BENIGN] - DEBUG - Generated SSH SYN-ACK from h5:22 <- h3:11338 [len=54B]
2025-09-12 19:11:20 - [BENIGN] - DEBUG - Generated SSH ACK from h3:11338 -> h5:22 [len=54B]
2025-09-12 19:11:21 - [BENIGN] - DEBUG - Generated SSH data traffic from h3:11338 -> h5:22 [content='SSH encrypted data'] [Session 4] [len=1143B]
2025-09-12 19:11:22 - [BENIGN] - DEBUG - Generated SSH ACK reply from h5:22 <- h3:11338 [len=54B]
2025-09-12 19:11:22 - [BENIGN] - DEBUG - Generated FTP SYN from h3:54367 -> h5:21 [len=54B]
2025-09-12 19:11:23 - [BENIGN] - DEBUG - Generated FTP SYN-ACK from h5:21 <- h3:54367 [len=54B]
2025-09-12 19:11:24 - [BENIGN] - DEBUG - Generated FTP ACK from h3:54367 -> h5:21 [len=54B]
2025-09-12 19:11:24 - [BENIGN] - DEBUG - Generated FTP data traffic from h3:54367 -> h5:21 [content='FTP file transfer'] [Session 5] [len=286B]
2025-09-12 19:11:25 - [BENIGN] - DEBUG - Generated FTP ACK reply from h5:21 <- h3:54367 [len=54B]
2025-09-12 19:11:25 - [BENIGN] - DEBUG - Generated HTTP SYN from h3:28698 -> h5:80 [len=54B]
2025-09-12 19:11:26 - [BENIGN] - DEBUG - Generated HTTP SYN-ACK from h5:80 <- h3:28698 [len=54B]
2025-09-12 19:11:27 - [BENIGN] - DEBUG - Generated HTTP ACK from h3:28698 -> h5:80 [len=54B]
2025-09-12 19:11:27 - [BENIGN] - DEBUG - Generated HTTP data traffic from h3:28698 -> h5:80 [content='GET /index.html HTTP/1.1'] [Session 6] [len=572B]
2025-09-12 19:11:28 - [BENIGN] - DEBUG - Generated HTTP ACK reply from h5:80 <- h3:28698 [len=54B]
2025-09-12 19:11:29 - [BENIGN] - DEBUG - Generated HTTPS SYN from h3:27027 -> h5:443 [len=54B]
2025-09-12 19:11:29 - [BENIGN] - DEBUG - Generated HTTPS SYN-ACK from h5:443 <- h3:27027 [len=54B]
2025-09-12 19:11:30 - [BENIGN] - DEBUG - Generated HTTPS ACK from h3:27027 -> h5:443 [len=54B]
2025-09-12 19:11:30 - [BENIGN] - DEBUG - Generated HTTPS data traffic from h3:27027 -> h5:443 [content='Encrypted Application Data'] [Session 7] [len=576B]
2025-09-12 19:11:31 - [BENIGN] - DEBUG - Generated HTTPS ACK reply from h5:443 <- h3:27027 [len=54B]
2025-09-12 19:11:32 - [BENIGN] - DEBUG - Generated DNS query from h3:29067 -> h5:53 [qname='example.com'] [Session 8] [len=71B]
2025-09-12 19:11:32 - [BENIGN] - DEBUG - Generated ICMP traffic h2↔h5 1 [len=84B]
2025-09-12 19:11:32 - [BENIGN] - DEBUG - Generated TCP SYN from h3:59548 -> h5:12345 [len=54B]
2025-09-12 19:11:33 - [BENIGN] - DEBUG - Generated TCP SYN-ACK from h5:12345 <- h3:59548 [len=54B]
2025-09-12 19:11:34 - [BENIGN] - DEBUG - Generated TCP ACK from h3:59548 -> h5:12345 [len=54B]
2025-09-12 19:11:34 - [BENIGN] - DEBUG - Generated TCP data traffic from h3:59548 -> h5:12345 [content='TCP data'] [Session 9] [len=721B]
2025-09-12 19:11:35 - [BENIGN] - DEBUG - Generated TCP ACK reply from h5:12345 <- h3:59548 [len=54B]
2025-09-12 19:11:36 - [BENIGN] - DEBUG - Generated UDP traffic from h3:57465 -> h5:12346 [content='a879478c1dcc4293673b522c838eb925ae5b7aaf...'] [Session 10] [len=459B]
2025-09-12 19:11:36 - [BENIGN] - DEBUG - Generated Telnet SYN from h3:50935 -> h5:23 [len=54B]
2025-09-12 19:11:37 - [BENIGN] - DEBUG - Generated Telnet SYN-ACK from h5:23 <- h3:50935 [len=54B]
2025-09-12 19:11:37 - [BENIGN] - DEBUG - Generated Telnet ACK from h3:50935 -> h5:23 [len=54B]
2025-09-12 19:11:38 - [BENIGN] - DEBUG - Generated Telnet data traffic from h3:50935 -> h5:23 [content='Telnet command'] [Session 11] [len=1536B]
2025-09-12 19:11:39 - [BENIGN] - DEBUG - Generated Telnet ACK reply from h5:23 <- h3:50935 [len=54B]
2025-09-12 19:11:39 - [BENIGN] - DEBUG - Generated SSH SYN from h3:15678 -> h5:22 [len=54B]
2025-09-12 19:11:40 - [BENIGN] - DEBUG - Generated SSH SYN-ACK from h5:22 <- h3:15678 [len=54B]
2025-09-12 19:11:41 - [BENIGN] - DEBUG - Generated SSH ACK from h3:15678 -> h5:22 [len=54B]
2025-09-12 19:11:41 - [BENIGN] - DEBUG - Generated SSH data traffic from h3:15678 -> h5:22 [content='SSH encrypted data'] [Session 12] [len=1062B]
2025-09-12 19:11:42 - [BENIGN] - DEBUG - Generated SSH ACK reply from h5:22 <- h3:15678 [len=54B]
2025-09-12 19:11:42 - [BENIGN] - DEBUG - Generated FTP SYN from h3:13802 -> h5:21 [len=54B]
2025-09-12 19:11:43 - [BENIGN] - DEBUG - Generated FTP SYN-ACK from h5:21 <- h3:13802 [len=54B]
2025-09-12 19:11:44 - [BENIGN] - DEBUG - Generated FTP ACK from h3:13802 -> h5:21 [len=54B]
2025-09-12 19:11:44 - [BENIGN] - DEBUG - Generated FTP data traffic from h3:13802 -> h5:21 [content='FTP file transfer'] [Session 13] [len=1266B]
2025-09-12 19:11:45 - [BENIGN] - DEBUG - Generated FTP ACK reply from h5:21 <- h3:13802 [len=54B]
2025-09-12 19:11:46 - [BENIGN] - DEBUG - Generated HTTP SYN from h3:52837 -> h5:80 [len=54B]
2025-09-12 19:11:46 - [BENIGN] - DEBUG - Generated HTTP SYN-ACK from h5:80 <- h3:52837 [len=54B]
2025-09-12 19:11:47 - [BENIGN] - DEBUG - Generated HTTP ACK from h3:52837 -> h5:80 [len=54B]
2025-09-12 19:11:47 - [BENIGN] - DEBUG - Generated HTTP data traffic from h3:52837 -> h5:80 [content='GET /index.html HTTP/1.1'] [Session 14] [len=258B]
2025-09-12 19:11:48 - [BENIGN] - DEBUG - Generated HTTP ACK reply from h5:80 <- h3:52837 [len=54B]
2025-09-12 19:11:49 - [BENIGN] - DEBUG - Generated HTTPS SYN from h3:14400 -> h5:443 [len=54B]
2025-09-12 19:11:49 - [BENIGN] - DEBUG - Generated HTTPS SYN-ACK from h5:443 <- h3:14400 [len=54B]
2025-09-12 19:11:50 - [BENIGN] - DEBUG - Generated HTTPS ACK from h3:14400 -> h5:443 [len=54B]
2025-09-12 19:11:51 - [BENIGN] - DEBUG - Generated HTTPS data traffic from h3:14400 -> h5:443 [content='Encrypted Application Data'] [Session 15] [len=697B]
2025-09-12 19:11:51 - [BENIGN] - DEBUG - Generated HTTPS ACK reply from h5:443 <- h3:14400 [len=54B]
2025-09-12 19:11:52 - [BENIGN] - DEBUG - Generated DNS query from h3:57920 -> h5:53 [qname='example.com'] [Session 16] [len=71B]
2025-09-12 19:11:52 - [BENIGN] - DEBUG - Generated ICMP traffic h2↔h5 2 [len=84B]
2025-09-12 19:11:53 - [BENIGN] - DEBUG - Generated TCP SYN from h3:64121 -> h5:12345 [len=54B]
2025-09-12 19:11:53 - [BENIGN] - DEBUG - Generated TCP SYN-ACK from h5:12345 <- h3:64121 [len=54B]
2025-09-12 19:11:54 - [BENIGN] - DEBUG - Generated TCP ACK from h3:64121 -> h5:12345 [len=54B]
2025-09-12 19:11:54 - [BENIGN] - DEBUG - Generated TCP data traffic from h3:64121 -> h5:12345 [content='TCP data'] [Session 17] [len=1189B]
2025-09-12 19:11:55 - [BENIGN] - DEBUG - Generated TCP ACK reply from h5:12345 <- h3:64121 [len=54B]
2025-09-12 19:11:56 - [BENIGN] - DEBUG - Generated UDP traffic from h3:37715 -> h5:12346 [content='57771e47b33adb067c58a8b5393a45ff8bc04e4a...'] [Session 18] [len=1146B]
2025-09-12 19:11:56 - [BENIGN] - DEBUG - Generated Telnet SYN from h3:46594 -> h5:23 [len=54B]
2025-09-12 19:11:57 - [BENIGN] - DEBUG - Generated Telnet SYN-ACK from h5:23 <- h3:46594 [len=54B]
2025-09-12 19:11:58 - [BENIGN] - DEBUG - Generated Telnet ACK from h3:46594 -> h5:23 [len=54B]
2025-09-12 19:11:58 - [BENIGN] - DEBUG - Generated Telnet data traffic from h3:46594 -> h5:23 [content='Telnet command'] [Session 19] [len=197B]
2025-09-12 19:11:59 - [BENIGN] - DEBUG - Generated Telnet ACK reply from h5:23 <- h3:46594 [len=54B]
2025-09-12 19:11:59 - [BENIGN] - DEBUG - Generated SSH SYN from h3:27603 -> h5:22 [len=54B]
2025-09-12 19:12:00 - [BENIGN] - DEBUG - Generated SSH SYN-ACK from h5:22 <- h3:27603 [len=54B]
2025-09-12 19:12:01 - [BENIGN] - DEBUG - Generated SSH ACK from h3:27603 -> h5:22 [len=54B]
2025-09-12 19:12:01 - [BENIGN] - DEBUG - Generated SSH data traffic from h3:27603 -> h5:22 [content='SSH encrypted data'] [Session 20] [len=914B]
2025-09-12 19:12:02 - [BENIGN] - DEBUG - Generated SSH ACK reply from h5:22 <- h3:27603 [len=54B]
2025-09-12 19:12:03 - [BENIGN] - DEBUG - Generated FTP SYN from h3:48313 -> h5:21 [len=54B]
2025-09-12 19:12:03 - [BENIGN] - DEBUG - Generated FTP SYN-ACK from h5:21 <- h3:48313 [len=54B]
2025-09-12 19:12:04 - [BENIGN] - DEBUG - Generated FTP ACK from h3:48313 -> h5:21 [len=54B]
2025-09-12 19:12:04 - [BENIGN] - DEBUG - Generated FTP data traffic from h3:48313 -> h5:21 [content='FTP file transfer'] [Session 21] [len=1119B]
2025-09-12 19:12:05 - [BENIGN] - DEBUG - Generated FTP ACK reply from h5:21 <- h3:48313 [len=54B]
2025-09-12 19:12:06 - [BENIGN] - DEBUG - Generated HTTP SYN from h3:64216 -> h5:80 [len=54B]
2025-09-12 19:12:06 - [BENIGN] - DEBUG - Generated HTTP SYN-ACK from h5:80 <- h3:64216 [len=54B]
2025-09-12 19:12:07 - [BENIGN] - DEBUG - Generated HTTP ACK from h3:64216 -> h5:80 [len=54B]
2025-09-12 19:12:08 - [BENIGN] - DEBUG - Generated HTTP data traffic from h3:64216 -> h5:80 [content='GET /index.html HTTP/1.1'] [Session 22] [len=330B]
2025-09-12 19:12:08 - [BENIGN] - DEBUG - Generated HTTP ACK reply from h5:80 <- h3:64216 [len=54B]
2025-09-12 19:12:09 - [BENIGN] - DEBUG - Generated HTTPS SYN from h3:9415 -> h5:443 [len=54B]
2025-09-12 19:12:09 - [BENIGN] - DEBUG - Generated HTTPS SYN-ACK from h5:443 <- h3:9415 [len=54B]
2025-09-12 19:12:10 - [BENIGN] - DEBUG - Generated HTTPS ACK from h3:9415 -> h5:443 [len=54B]
2025-09-12 19:12:11 - [BENIGN] - DEBUG - Generated HTTPS data traffic from h3:9415 -> h5:443 [content='Encrypted Application Data'] [Session 23] [len=326B]
2025-09-12 19:12:11 - [BENIGN] - DEBUG - Generated HTTPS ACK reply from h5:443 <- h3:9415 [len=54B]
2025-09-12 19:12:12 - [BENIGN] - DEBUG - Generated DNS query from h3:52719 -> h5:53 [qname='example.com'] [Session 24] [len=71B]
2025-09-12 19:12:12 - [BENIGN] - DEBUG - Generated ICMP traffic h2↔h5 3 [len=84B]
2025-09-12 19:12:13 - [BENIGN] - DEBUG - Generated TCP SYN from h3:59387 -> h5:12345 [len=54B]
2025-09-12 19:12:13 - [BENIGN] - DEBUG - Generated TCP SYN-ACK from h5:12345 <- h3:59387 [len=54B]
2025-09-12 19:12:14 - [BENIGN] - DEBUG - Generated TCP ACK from h3:59387 -> h5:12345 [len=54B]
2025-09-12 19:12:15 - [BENIGN] - DEBUG - Generated TCP data traffic from h3:59387 -> h5:12345 [content='TCP data'] [Session 25] [len=553B]
2025-09-12 19:12:15 - [BENIGN] - DEBUG - Generated TCP ACK reply from h5:12345 <- h3:59387 [len=54B]
2025-09-12 19:12:16 - [BENIGN] - DEBUG - Generated UDP traffic from h3:48325 -> h5:12346 [content='f17a3324dfe7bb6c610bd1ad92f4b086edf49b8f...'] [Session 26] [len=1122B]
2025-09-12 19:12:17 - [BENIGN] - DEBUG - Generated Telnet SYN from h3:16292 -> h5:23 [len=54B]
2025-09-12 19:12:17 - [BENIGN] - DEBUG - Generated Telnet SYN-ACK from h5:23 <- h3:16292 [len=54B]
2025-09-12 19:12:18 - [BENIGN] - DEBUG - Generated Telnet ACK from h3:16292 -> h5:23 [len=54B]
2025-09-12 19:12:19 - [BENIGN] - DEBUG - Generated Telnet data traffic from h3:16292 -> h5:23 [content='Telnet command'] [Session 27] [len=429B]
2025-09-12 19:12:19 - [BENIGN] - DEBUG - Generated Telnet ACK reply from h5:23 <- h3:16292 [len=54B]
2025-09-12 19:12:20 - [BENIGN] - DEBUG - Generated SSH SYN from h3:36580 -> h5:22 [len=54B]
2025-09-12 19:12:20 - [BENIGN] - DEBUG - Generated SSH SYN-ACK from h5:22 <- h3:36580 [len=54B]
2025-09-12 19:12:21 - [BENIGN] - DEBUG - Generated SSH ACK from h3:36580 -> h5:22 [len=54B]
2025-09-12 19:12:22 - [BENIGN] - DEBUG - Generated SSH data traffic from h3:36580 -> h5:22 [content='SSH encrypted data'] [Session 28] [len=143B]
2025-09-12 19:12:22 - [BENIGN] - DEBUG - Generated SSH ACK reply from h5:22 <- h3:36580 [len=54B]
2025-09-12 19:12:23 - [BENIGN] - DEBUG - Generated FTP SYN from h3:29681 -> h5:21 [len=54B]
2025-09-12 19:12:24 - [BENIGN] - DEBUG - Generated FTP SYN-ACK from h5:21 <- h3:29681 [len=54B]
2025-09-12 19:12:24 - [BENIGN] - DEBUG - Generated FTP ACK from h3:29681 -> h5:21 [len=54B]
2025-09-12 19:12:25 - [BENIGN] - DEBUG - Generated FTP data traffic from h3:29681 -> h5:21 [content='FTP file transfer'] [Session 29] [len=448B]
2025-09-12 19:12:25 - [BENIGN] - DEBUG - Generated FTP ACK reply from h5:21 <- h3:29681 [len=54B]
2025-09-12 19:12:26 - [BENIGN] - DEBUG - Generated HTTP SYN from h3:60584 -> h5:80 [len=54B]
2025-09-12 19:12:27 - [BENIGN] - DEBUG - Generated HTTP SYN-ACK from h5:80 <- h3:60584 [len=54B]
2025-09-12 19:12:27 - [BENIGN] - DEBUG - Generated HTTP ACK from h3:60584 -> h5:80 [len=54B]
2025-09-12 19:12:28 - [BENIGN] - DEBUG - Generated HTTP data traffic from h3:60584 -> h5:80 [content='GET /index.html HTTP/1.1'] [Session 30] [len=461B]
2025-09-12 19:12:28 - [BENIGN] - DEBUG - Generated HTTP ACK reply from h5:80 <- h3:60584 [len=54B]
2025-09-12 19:12:29 - [BENIGN] - DEBUG - Generated HTTPS SYN from h3:13638 -> h5:443 [len=54B]
2025-09-12 19:12:30 - [BENIGN] - DEBUG - Generated HTTPS SYN-ACK from h5:443 <- h3:13638 [len=54B]
2025-09-12 19:12:30 - [BENIGN] - DEBUG - Generated HTTPS ACK from h3:13638 -> h5:443 [len=54B]
2025-09-12 19:12:31 - [BENIGN] - DEBUG - Generated HTTPS data traffic from h3:13638 -> h5:443 [content='Encrypted Application Data'] [Session 31] [len=632B]
2025-09-12 19:12:32 - [BENIGN] - DEBUG - Generated HTTPS ACK reply from h5:443 <- h3:13638 [len=54B]
2025-09-12 19:12:32 - [BENIGN] - DEBUG - Generated DNS query from h3:6029 -> h5:53 [qname='example.com'] [Session 32] [len=71B]
2025-09-12 19:12:32 - [BENIGN] - DEBUG - Generated ICMP traffic h2↔h5 4 [len=84B]
2025-09-12 19:12:33 - [BENIGN] - DEBUG - Generated TCP SYN from h3:48820 -> h5:12345 [len=54B]
2025-09-12 19:12:34 - [BENIGN] - DEBUG - Generated TCP SYN-ACK from h5:12345 <- h3:48820 [len=54B]
2025-09-12 19:12:34 - [BENIGN] - DEBUG - Generated TCP ACK from h3:48820 -> h5:12345 [len=54B]
2025-09-12 19:12:35 - [BENIGN] - DEBUG - Generated TCP data traffic from h3:48820 -> h5:12345 [content='TCP data'] [Session 33] [len=1511B]
2025-09-12 19:12:35 - [BENIGN] - DEBUG - Generated TCP ACK reply from h5:12345 <- h3:48820 [len=54B]
2025-09-12 19:12:36 - [BENIGN] - DEBUG - Generated UDP traffic from h3:59785 -> h5:12346 [content='6664b45ab4b4c2fcc79b581606ff0c6cfb508347...'] [Session 34] [len=642B]
2025-09-12 19:12:37 - [BENIGN] - DEBUG - Generated Telnet SYN from h3:1870 -> h5:23 [len=54B]
2025-09-12 19:12:37 - [BENIGN] - DEBUG - Generated Telnet SYN-ACK from h5:23 <- h3:1870 [len=54B]
2025-09-12 19:12:38 - [BENIGN] - DEBUG - Generated Telnet ACK from h3:1870 -> h5:23 [len=54B]
2025-09-12 19:12:39 - [BENIGN] - DEBUG - Generated Telnet data traffic from h3:1870 -> h5:23 [content='Telnet command'] [Session 35] [len=672B]
2025-09-12 19:12:39 - [BENIGN] - DEBUG - Generated Telnet ACK reply from h5:23 <- h3:1870 [len=54B]
2025-09-12 19:12:40 - [BENIGN] - DEBUG - Generated SSH SYN from h3:41728 -> h5:22 [len=54B]
2025-09-12 19:12:40 - [BENIGN] - DEBUG - Generated SSH SYN-ACK from h5:22 <- h3:41728 [len=54B]
2025-09-12 19:12:41 - [BENIGN] - DEBUG - Generated SSH ACK from h3:41728 -> h5:22 [len=54B]
2025-09-12 19:12:42 - [BENIGN] - DEBUG - Generated SSH data traffic from h3:41728 -> h5:22 [content='SSH encrypted data'] [Session 36] [len=601B]
2025-09-12 19:12:42 - [BENIGN] - DEBUG - Generated SSH ACK reply from h5:22 <- h3:41728 [len=54B]
2025-09-12 19:12:43 - [BENIGN] - DEBUG - Generated FTP SYN from h3:21590 -> h5:21 [len=54B]
2025-09-12 19:12:44 - [BENIGN] - DEBUG - Generated FTP SYN-ACK from h5:21 <- h3:21590 [len=54B]
2025-09-12 19:12:44 - [BENIGN] - DEBUG - Generated FTP ACK from h3:21590 -> h5:21 [len=54B]
2025-09-12 19:12:45 - [BENIGN] - DEBUG - Generated FTP data traffic from h3:21590 -> h5:21 [content='FTP file transfer'] [Session 37] [len=1547B]
2025-09-12 19:12:46 - [BENIGN] - DEBUG - Generated FTP ACK reply from h5:21 <- h3:21590 [len=54B]
2025-09-12 19:12:46 - [BENIGN] - DEBUG - Generated HTTP SYN from h3:33479 -> h5:80 [len=54B]
2025-09-12 19:12:47 - [BENIGN] - DEBUG - Generated HTTP SYN-ACK from h5:80 <- h3:33479 [len=54B]
2025-09-12 19:12:47 - [BENIGN] - DEBUG - Generated HTTP ACK from h3:33479 -> h5:80 [len=54B]
2025-09-12 19:12:48 - [BENIGN] - DEBUG - Generated HTTP data traffic from h3:33479 -> h5:80 [content='GET /index.html HTTP/1.1'] [Session 38] [len=445B]
2025-09-12 19:12:49 - [BENIGN] - DEBUG - Generated HTTP ACK reply from h5:80 <- h3:33479 [len=54B]
2025-09-12 19:12:49 - [BENIGN] - DEBUG - Generated HTTPS SYN from h3:43993 -> h5:443 [len=54B]
2025-09-12 19:12:50 - [BENIGN] - DEBUG - Generated HTTPS SYN-ACK from h5:443 <- h3:43993 [len=54B]
2025-09-12 19:12:51 - [BENIGN] - DEBUG - Generated HTTPS ACK from h3:43993 -> h5:443 [len=54B]
2025-09-12 19:12:51 - [BENIGN] - DEBUG - Generated HTTPS data traffic from h3:43993 -> h5:443 [content='Encrypted Application Data'] [Session 39] [len=411B]
2025-09-12 19:12:52 - [BENIGN] - DEBUG - Generated HTTPS ACK reply from h5:443 <- h3:43993 [len=54B]
2025-09-12 19:12:52 - [BENIGN] - DEBUG - Generated DNS query from h3:64868 -> h5:53 [qname='example.com'] [Session 40] [len=71B]
2025-09-12 19:12:53 - [BENIGN] - DEBUG - Generated ICMP traffic h2↔h5 5 [len=84B]
2025-09-12 19:12:53 - [BENIGN] - DEBUG - Generated TCP SYN from h3:5355 -> h5:12345 [len=54B]
2025-09-12 19:12:54 - [BENIGN] - DEBUG - Generated TCP SYN-ACK from h5:12345 <- h3:5355 [len=54B]
2025-09-12 19:12:54 - [BENIGN] - DEBUG - Generated TCP ACK from h3:5355 -> h5:12345 [len=54B]
2025-09-12 19:12:55 - [BENIGN] - DEBUG - Generated TCP data traffic from h3:5355 -> h5:12345 [content='TCP data'] [Session 41] [len=265B]
2025-09-12 19:12:56 - [BENIGN] - DEBUG - Generated TCP ACK reply from h5:12345 <- h3:5355 [len=54B]
2025-09-12 19:12:56 - [BENIGN] - DEBUG - Generated UDP traffic from h3:51441 -> h5:12346 [content='57425ca507a512bfabf67259291614b10b0e7765...'] [Session 42] [len=1164B]
2025-09-12 19:12:57 - [BENIGN] - DEBUG - Generated Telnet SYN from h3:8171 -> h5:23 [len=54B]
2025-09-12 19:12:58 - [BENIGN] - DEBUG - Generated Telnet SYN-ACK from h5:23 <- h3:8171 [len=54B]
2025-09-12 19:12:58 - [BENIGN] - DEBUG - Generated Telnet ACK from h3:8171 -> h5:23 [len=54B]
2025-09-12 19:12:59 - [BENIGN] - DEBUG - Generated Telnet data traffic from h3:8171 -> h5:23 [content='Telnet command'] [Session 43] [len=225B]
2025-09-12 19:12:59 - [BENIGN] - DEBUG - Generated Telnet ACK reply from h5:23 <- h3:8171 [len=54B]
2025-09-12 19:13:00 - [BENIGN] - DEBUG - Generated SSH SYN from h3:51122 -> h5:22 [len=54B]
2025-09-12 19:13:01 - [BENIGN] - DEBUG - Generated SSH SYN-ACK from h5:22 <- h3:51122 [len=54B]
2025-09-12 19:13:01 - [BENIGN] - DEBUG - Generated SSH ACK from h3:51122 -> h5:22 [len=54B]
2025-09-12 19:13:02 - [BENIGN] - DEBUG - Generated SSH data traffic from h3:51122 -> h5:22 [content='SSH encrypted data'] [Session 44] [len=762B]
2025-09-12 19:13:03 - [BENIGN] - DEBUG - Generated SSH ACK reply from h5:22 <- h3:51122 [len=54B]
2025-09-12 19:13:03 - [BENIGN] - DEBUG - Generated FTP SYN from h3:60347 -> h5:21 [len=54B]
2025-09-12 19:13:04 - [BENIGN] - DEBUG - Generated FTP SYN-ACK from h5:21 <- h3:60347 [len=54B]
2025-09-12 19:13:04 - [BENIGN] - DEBUG - Generated FTP ACK from h3:60347 -> h5:21 [len=54B]
2025-09-12 19:13:05 - [BENIGN] - DEBUG - Generated FTP data traffic from h3:60347 -> h5:21 [content='FTP file transfer'] [Session 45] [len=1254B]
2025-09-12 19:13:06 - [BENIGN] - DEBUG - Generated FTP ACK reply from h5:21 <- h3:60347 [len=54B]
2025-09-12 19:13:06 - [BENIGN] - DEBUG - Generated HTTP SYN from h3:27006 -> h5:80 [len=54B]
2025-09-12 19:13:07 - [BENIGN] - DEBUG - Generated HTTP SYN-ACK from h5:80 <- h3:27006 [len=54B]
2025-09-12 19:13:08 - [BENIGN] - DEBUG - Generated HTTP ACK from h3:27006 -> h5:80 [len=54B]
2025-09-12 19:13:08 - [BENIGN] - DEBUG - Generated HTTP data traffic from h3:27006 -> h5:80 [content='GET /index.html HTTP/1.1'] [Session 46] [len=613B]
2025-09-12 19:13:09 - [BENIGN] - DEBUG - Generated HTTP ACK reply from h5:80 <- h3:27006 [len=54B]
2025-09-12 19:13:09 - [BENIGN] - DEBUG - Generated HTTPS SYN from h3:51366 -> h5:443 [len=54B]
2025-09-12 19:13:10 - [BENIGN] - DEBUG - Generated HTTPS SYN-ACK from h5:443 <- h3:51366 [len=54B]
2025-09-12 19:13:11 - [BENIGN] - DEBUG - Generated HTTPS ACK from h3:51366 -> h5:443 [len=54B]
2025-09-12 19:13:11 - [BENIGN] - DEBUG - Generated HTTPS data traffic from h3:51366 -> h5:443 [content='Encrypted Application Data'] [Session 47] [len=837B]
2025-09-12 19:13:12 - [BENIGN] - DEBUG - Generated HTTPS ACK reply from h5:443 <- h3:51366 [len=54B]
2025-09-12 19:13:13 - [BENIGN] - DEBUG - Generated DNS query from h3:57679 -> h5:53 [qname='example.com'] [Session 48] [len=71B]
2025-09-12 19:13:13 - [BENIGN] - DEBUG - Generated ICMP traffic h2↔h5 6 [len=84B]
2025-09-12 19:13:13 - [BENIGN] - DEBUG - Generated TCP SYN from h3:9481 -> h5:12345 [len=54B]
2025-09-12 19:13:14 - [BENIGN] - DEBUG - Generated TCP SYN-ACK from h5:12345 <- h3:9481 [len=54B]
2025-09-12 19:13:15 - [BENIGN] - DEBUG - Generated TCP ACK from h3:9481 -> h5:12345 [len=54B]
2025-09-12 19:13:15 - [BENIGN] - DEBUG - Generated TCP data traffic from h3:9481 -> h5:12345 [content='TCP data'] [Session 49] [len=417B]
2025-09-12 19:13:16 - [BENIGN] - DEBUG - Generated TCP ACK reply from h5:12345 <- h3:9481 [len=54B]
2025-09-12 19:13:16 - [BENIGN] - DEBUG - Generated UDP traffic from h3:21572 -> h5:12346 [content='26a4a89feeb25817fbd5a642a0e89907c9a7957c...'] [Session 50] [len=248B]
2025-09-12 19:13:17 - [BENIGN] - DEBUG - Generated Telnet SYN from h3:64842 -> h5:23 [len=54B]
2025-09-12 19:13:18 - [BENIGN] - DEBUG - Generated Telnet SYN-ACK from h5:23 <- h3:64842 [len=54B]
2025-09-12 19:13:18 - [BENIGN] - DEBUG - Generated Telnet ACK from h3:64842 -> h5:23 [len=54B]
2025-09-12 19:13:19 - [BENIGN] - DEBUG - Generated Telnet data traffic from h3:64842 -> h5:23 [content='Telnet command'] [Session 51] [len=1409B]
2025-09-12 19:13:20 - [BENIGN] - DEBUG - Generated Telnet ACK reply from h5:23 <- h3:64842 [len=54B]
2025-09-12 19:13:20 - [BENIGN] - DEBUG - Generated SSH SYN from h3:41100 -> h5:22 [len=54B]
2025-09-12 19:13:21 - [BENIGN] - DEBUG - Generated SSH SYN-ACK from h5:22 <- h3:41100 [len=54B]
2025-09-12 19:13:21 - [BENIGN] - DEBUG - Generated SSH ACK from h3:41100 -> h5:22 [len=54B]
2025-09-12 19:13:22 - [BENIGN] - DEBUG - Generated SSH data traffic from h3:41100 -> h5:22 [content='SSH encrypted data'] [Session 52] [len=757B]
2025-09-12 19:13:23 - [BENIGN] - DEBUG - Generated SSH ACK reply from h5:22 <- h3:41100 [len=54B]
2025-09-12 19:13:23 - [BENIGN] - DEBUG - Generated FTP SYN from h3:16640 -> h5:21 [len=54B]
2025-09-12 19:13:24 - [BENIGN] - DEBUG - Generated FTP SYN-ACK from h5:21 <- h3:16640 [len=54B]
2025-09-12 19:13:25 - [BENIGN] - DEBUG - Generated FTP ACK from h3:16640 -> h5:21 [len=54B]
2025-09-12 19:13:25 - [BENIGN] - DEBUG - Generated FTP data traffic from h3:16640 -> h5:21 [content='FTP file transfer'] [Session 53] [len=841B]
2025-09-12 19:13:26 - [BENIGN] - DEBUG - Generated FTP ACK reply from h5:21 <- h3:16640 [len=54B]
2025-09-12 19:13:26 - [BENIGN] - DEBUG - Generated HTTP SYN from h3:47333 -> h5:80 [len=54B]
2025-09-12 19:13:27 - [BENIGN] - DEBUG - Generated HTTP SYN-ACK from h5:80 <- h3:47333 [len=54B]
2025-09-12 19:13:28 - [BENIGN] - DEBUG - Generated HTTP ACK from h3:47333 -> h5:80 [len=54B]
2025-09-12 19:13:28 - [BENIGN] - DEBUG - Generated HTTP data traffic from h3:47333 -> h5:80 [content='GET /index.html HTTP/1.1'] [Session 54] [len=460B]
2025-09-12 19:13:29 - [BENIGN] - DEBUG - Generated HTTP ACK reply from h5:80 <- h3:47333 [len=54B]
2025-09-12 19:13:30 - [BENIGN] - DEBUG - Generated HTTPS SYN from h3:23204 -> h5:443 [len=54B]
2025-09-12 19:13:30 - [BENIGN] - DEBUG - Generated HTTPS SYN-ACK from h5:443 <- h3:23204 [len=54B]
2025-09-12 19:13:31 - [BENIGN] - DEBUG - Generated HTTPS ACK from h3:23204 -> h5:443 [len=54B]
2025-09-12 19:13:31 - [BENIGN] - DEBUG - Generated HTTPS data traffic from h3:23204 -> h5:443 [content='Encrypted Application Data'] [Session 55] [len=504B]
2025-09-12 19:13:32 - [BENIGN] - DEBUG - Generated HTTPS ACK reply from h5:443 <- h3:23204 [len=54B]
2025-09-12 19:13:33 - [BENIGN] - DEBUG - Generated DNS query from h3:36514 -> h5:53 [qname='example.com'] [Session 56] [len=71B]
2025-09-12 19:13:33 - [BENIGN] - DEBUG - Generated ICMP traffic h2↔h5 7 [len=84B]
2025-09-12 19:13:33 - [BENIGN] - DEBUG - Generated TCP SYN from h3:23850 -> h5:12345 [len=54B]
2025-09-12 19:13:34 - [BENIGN] - DEBUG - Generated TCP SYN-ACK from h5:12345 <- h3:23850 [len=54B]
2025-09-12 19:13:35 - [BENIGN] - DEBUG - Generated TCP ACK from h3:23850 -> h5:12345 [len=54B]
2025-09-12 19:13:35 - [BENIGN] - DEBUG - Generated TCP data traffic from h3:23850 -> h5:12345 [content='TCP data'] [Session 57] [len=1148B]
2025-09-12 19:13:36 - [BENIGN] - DEBUG - Generated TCP ACK reply from h5:12345 <- h3:23850 [len=54B]
2025-09-12 19:13:37 - [BENIGN] - DEBUG - Generated UDP traffic from h3:42396 -> h5:12346 [content='d47c8d506d05c944f2f0ffdf1ae1cc3a4db81619...'] [Session 58] [len=109B]
2025-09-12 19:13:37 - [BENIGN] - DEBUG - Generated Telnet SYN from h3:58676 -> h5:23 [len=54B]
2025-09-12 19:13:38 - [BENIGN] - DEBUG - Generated Telnet SYN-ACK from h5:23 <- h3:58676 [len=54B]
2025-09-12 19:13:38 - [BENIGN] - DEBUG - Generated Telnet ACK from h3:58676 -> h5:23 [len=54B]
2025-09-12 19:13:39 - [BENIGN] - DEBUG - Generated Telnet data traffic from h3:58676 -> h5:23 [content='Telnet command'] [Session 59] [len=1549B]
2025-09-12 19:13:40 - [BENIGN] - DEBUG - Generated Telnet ACK reply from h5:23 <- h3:58676 [len=54B]
2025-09-12 19:13:40 - [BENIGN] - DEBUG - Generated SSH SYN from h3:54648 -> h5:22 [len=54B]
2025-09-12 19:13:41 - [BENIGN] - DEBUG - Generated SSH SYN-ACK from h5:22 <- h3:54648 [len=54B]
2025-09-12 19:13:42 - [BENIGN] - DEBUG - Generated SSH ACK from h3:54648 -> h5:22 [len=54B]
2025-09-12 19:13:42 - [BENIGN] - DEBUG - Generated SSH data traffic from h3:54648 -> h5:22 [content='SSH encrypted data'] [Session 60] [len=1418B]
2025-09-12 19:13:43 - [BENIGN] - DEBUG - Generated SSH ACK reply from h5:22 <- h3:54648 [len=54B]
2025-09-12 19:13:43 - [BENIGN] - DEBUG - Generated FTP SYN from h3:39678 -> h5:21 [len=54B]
2025-09-12 19:13:44 - [BENIGN] - DEBUG - Generated FTP SYN-ACK from h5:21 <- h3:39678 [len=54B]
2025-09-12 19:13:45 - [BENIGN] - DEBUG - Generated FTP ACK from h3:39678 -> h5:21 [len=54B]
2025-09-12 19:13:45 - [BENIGN] - DEBUG - Generated FTP data traffic from h3:39678 -> h5:21 [content='FTP file transfer'] [Session 61] [len=158B]
2025-09-12 19:13:46 - [BENIGN] - DEBUG - Generated FTP ACK reply from h5:21 <- h3:39678 [len=54B]
2025-09-12 19:13:47 - [BENIGN] - DEBUG - Generated HTTP SYN from h3:58927 -> h5:80 [len=54B]
2025-09-12 19:13:47 - [BENIGN] - DEBUG - Generated HTTP SYN-ACK from h5:80 <- h3:58927 [len=54B]
2025-09-12 19:13:48 - [BENIGN] - DEBUG - Generated HTTP ACK from h3:58927 -> h5:80 [len=54B]
2025-09-12 19:13:49 - [BENIGN] - DEBUG - Generated HTTP data traffic from h3:58927 -> h5:80 [content='GET /index.html HTTP/1.1'] [Session 62] [len=635B]
2025-09-12 19:13:49 - [BENIGN] - DEBUG - Generated HTTP ACK reply from h5:80 <- h3:58927 [len=54B]
2025-09-12 19:13:50 - [BENIGN] - DEBUG - Generated HTTPS SYN from h3:22428 -> h5:443 [len=54B]
2025-09-12 19:13:50 - [BENIGN] - DEBUG - Generated HTTPS SYN-ACK from h5:443 <- h3:22428 [len=54B]
2025-09-12 19:13:51 - [BENIGN] - DEBUG - Generated HTTPS ACK from h3:22428 -> h5:443 [len=54B]
2025-09-12 19:13:52 - [BENIGN] - DEBUG - Generated HTTPS data traffic from h3:22428 -> h5:443 [content='Encrypted Application Data'] [Session 63] [len=705B]
2025-09-12 19:13:52 - [BENIGN] - DEBUG - Generated HTTPS ACK reply from h5:443 <- h3:22428 [len=54B]
2025-09-12 19:13:53 - [BENIGN] - DEBUG - Generated DNS query from h3:10306 -> h5:53 [qname='example.com'] [Session 64] [len=71B]
2025-09-12 19:13:53 - [BENIGN] - DEBUG - Generated ICMP traffic h2↔h5 8 [len=84B]
2025-09-12 19:13:54 - [BENIGN] - DEBUG - Generated TCP SYN from h3:52401 -> h5:12345 [len=54B]
2025-09-12 19:13:54 - [BENIGN] - DEBUG - Generated TCP SYN-ACK from h5:12345 <- h3:52401 [len=54B]
2025-09-12 19:13:55 - [BENIGN] - DEBUG - Generated TCP ACK from h3:52401 -> h5:12345 [len=54B]
2025-09-12 19:13:56 - [BENIGN] - DEBUG - Generated TCP data traffic from h3:52401 -> h5:12345 [content='TCP data'] [Session 65] [len=1277B]
2025-09-12 19:13:56 - [BENIGN] - DEBUG - Generated TCP ACK reply from h5:12345 <- h3:52401 [len=54B]
2025-09-12 19:13:57 - [BENIGN] - DEBUG - Generated UDP traffic from h3:63373 -> h5:12346 [content='2dbdc275180598b595c340bb18e86aa9fb8c5e0b...'] [Session 66] [len=279B]
2025-09-12 19:13:58 - [BENIGN] - DEBUG - Generated Telnet SYN from h3:28111 -> h5:23 [len=54B]
2025-09-12 19:13:58 - [BENIGN] - DEBUG - Generated Telnet SYN-ACK from h5:23 <- h3:28111 [len=54B]
2025-09-12 19:13:59 - [BENIGN] - DEBUG - Generated Telnet ACK from h3:28111 -> h5:23 [len=54B]
2025-09-12 19:14:00 - [BENIGN] - DEBUG - Generated Telnet data traffic from h3:28111 -> h5:23 [content='Telnet command'] [Session 67] [len=685B]
2025-09-12 19:14:00 - [BENIGN] - DEBUG - Generated Telnet ACK reply from h5:23 <- h3:28111 [len=54B]
2025-09-12 19:14:01 - [BENIGN] - DEBUG - Generated SSH SYN from h3:48189 -> h5:22 [len=54B]
2025-09-12 19:14:01 - [BENIGN] - DEBUG - Generated SSH SYN-ACK from h5:22 <- h3:48189 [len=54B]
2025-09-12 19:14:02 - [BENIGN] - DEBUG - Generated SSH ACK from h3:48189 -> h5:22 [len=54B]
2025-09-12 19:14:03 - [BENIGN] - DEBUG - Generated SSH data traffic from h3:48189 -> h5:22 [content='SSH encrypted data'] [Session 68] [len=715B]
2025-09-12 19:14:03 - [BENIGN] - DEBUG - Generated SSH ACK reply from h5:22 <- h3:48189 [len=54B]
2025-09-12 19:14:04 - [BENIGN] - DEBUG - Generated FTP SYN from h3:22163 -> h5:21 [len=54B]
2025-09-12 19:14:05 - [BENIGN] - DEBUG - Generated FTP SYN-ACK from h5:21 <- h3:22163 [len=54B]
2025-09-12 19:14:05 - [BENIGN] - DEBUG - Generated FTP ACK from h3:22163 -> h5:21 [len=54B]
2025-09-12 19:14:06 - [BENIGN] - DEBUG - Generated FTP data traffic from h3:22163 -> h5:21 [content='FTP file transfer'] [Session 69] [len=1503B]
2025-09-12 19:14:06 - [BENIGN] - DEBUG - Generated FTP ACK reply from h5:21 <- h3:22163 [len=54B]
2025-09-12 19:14:07 - [BENIGN] - DEBUG - Generated HTTP SYN from h3:42548 -> h5:80 [len=54B]
2025-09-12 19:14:08 - [BENIGN] - DEBUG - Generated HTTP SYN-ACK from h5:80 <- h3:42548 [len=54B]
2025-09-12 19:14:08 - [BENIGN] - DEBUG - Generated HTTP ACK from h3:42548 -> h5:80 [len=54B]
2025-09-12 19:14:09 - [BENIGN] - DEBUG - Generated HTTP data traffic from h3:42548 -> h5:80 [content='GET /index.html HTTP/1.1'] [Session 70] [len=645B]
2025-09-12 19:14:10 - [BENIGN] - DEBUG - Generated HTTP ACK reply from h5:80 <- h3:42548 [len=54B]
2025-09-12 19:14:10 - [BENIGN] - DEBUG - Generated HTTPS SYN from h3:65160 -> h5:443 [len=54B]
2025-09-12 19:14:11 - [BENIGN] - DEBUG - Generated HTTPS SYN-ACK from h5:443 <- h3:65160 [len=54B]
2025-09-12 19:14:12 - [BENIGN] - DEBUG - Generated HTTPS ACK from h3:65160 -> h5:443 [len=54B]
2025-09-12 19:14:12 - [BENIGN] - DEBUG - Generated HTTPS data traffic from h3:65160 -> h5:443 [content='Encrypted Application Data'] [Session 71] [len=690B]
2025-09-12 19:14:13 - [BENIGN] - DEBUG - Generated HTTPS ACK reply from h5:443 <- h3:65160 [len=54B]
2025-09-12 19:14:13 - [BENIGN] - DEBUG - Generated DNS query from h3:63467 -> h5:53 [qname='example.com'] [Session 72] [len=71B]
2025-09-12 19:14:14 - [BENIGN] - DEBUG - Generated ICMP traffic h2↔h5 9 [len=84B]
2025-09-12 19:14:14 - [BENIGN] - DEBUG - Generated TCP SYN from h3:47988 -> h5:12345 [len=54B]
2025-09-12 19:14:15 - [BENIGN] - DEBUG - Generated TCP SYN-ACK from h5:12345 <- h3:47988 [len=54B]
2025-09-12 19:14:15 - [BENIGN] - DEBUG - Generated TCP ACK from h3:47988 -> h5:12345 [len=54B]
2025-09-12 19:14:16 - [BENIGN] - DEBUG - Generated TCP data traffic from h3:47988 -> h5:12345 [content='TCP data'] [Session 73] [len=806B]
2025-09-12 19:14:17 - [BENIGN] - DEBUG - Generated TCP ACK reply from h5:12345 <- h3:47988 [len=54B]
2025-09-12 19:14:17 - [BENIGN] - DEBUG - Generated UDP traffic from h3:56942 -> h5:12346 [content='92200776a971099d8e84b64bd8ec36ed82de7a88...'] [Session 74] [len=1300B]
2025-09-12 19:14:18 - [BENIGN] - DEBUG - Generated Telnet SYN from h3:6621 -> h5:23 [len=54B]
2025-09-12 19:14:19 - [BENIGN] - DEBUG - Generated Telnet SYN-ACK from h5:23 <- h3:6621 [len=54B]
2025-09-12 19:14:19 - [BENIGN] - DEBUG - Generated Telnet ACK from h3:6621 -> h5:23 [len=54B]
2025-09-12 19:14:20 - [BENIGN] - DEBUG - Generated Telnet data traffic from h3:6621 -> h5:23 [content='Telnet command'] [Session 75] [len=1221B]
2025-09-12 19:14:21 - [BENIGN] - DEBUG - Generated Telnet ACK reply from h5:23 <- h3:6621 [len=54B]
2025-09-12 19:14:21 - [BENIGN] - DEBUG - Generated SSH SYN from h3:4962 -> h5:22 [len=54B]
2025-09-12 19:14:22 - [BENIGN] - DEBUG - Generated SSH SYN-ACK from h5:22 <- h3:4962 [len=54B]
2025-09-12 19:14:22 - [BENIGN] - DEBUG - Generated SSH ACK from h3:4962 -> h5:22 [len=54B]
2025-09-12 19:14:23 - [BENIGN] - DEBUG - Generated SSH data traffic from h3:4962 -> h5:22 [content='SSH encrypted data'] [Session 76] [len=1340B]
2025-09-12 19:14:24 - [BENIGN] - DEBUG - Generated SSH ACK reply from h5:22 <- h3:4962 [len=54B]
2025-09-12 19:14:24 - [BENIGN] - DEBUG - Generated FTP SYN from h3:55937 -> h5:21 [len=54B]
2025-09-12 19:14:25 - [BENIGN] - DEBUG - Generated FTP SYN-ACK from h5:21 <- h3:55937 [len=54B]
2025-09-12 19:14:26 - [BENIGN] - DEBUG - Generated FTP ACK from h3:55937 -> h5:21 [len=54B]
2025-09-12 19:14:26 - [BENIGN] - DEBUG - Generated FTP data traffic from h3:55937 -> h5:21 [content='FTP file transfer'] [Session 77] [len=389B]
2025-09-12 19:14:27 - [BENIGN] - DEBUG - Generated FTP ACK reply from h5:21 <- h3:55937 [len=54B]
2025-09-12 19:14:27 - [BENIGN] - DEBUG - Generated HTTP SYN from h3:21736 -> h5:80 [len=54B]
2025-09-12 19:14:28 - [BENIGN] - DEBUG - Generated HTTP SYN-ACK from h5:80 <- h3:21736 [len=54B]
2025-09-12 19:14:29 - [BENIGN] - DEBUG - Generated HTTP ACK from h3:21736 -> h5:80 [len=54B]
2025-09-12 19:14:29 - [BENIGN] - DEBUG - Generated HTTP data traffic from h3:21736 -> h5:80 [content='GET /index.html HTTP/1.1'] [Session 78] [len=512B]
2025-09-12 19:14:30 - [BENIGN] - DEBUG - Generated HTTP ACK reply from h5:80 <- h3:21736 [len=54B]
2025-09-12 19:14:31 - [BENIGN] - DEBUG - Generated HTTPS SYN from h3:24279 -> h5:443 [len=54B]
2025-09-12 19:14:31 - [BENIGN] - DEBUG - Generated HTTPS SYN-ACK from h5:443 <- h3:24279 [len=54B]
2025-09-12 19:14:32 - [BENIGN] - DEBUG - Generated HTTPS ACK from h3:24279 -> h5:443 [len=54B]
2025-09-12 19:14:33 - [BENIGN] - DEBUG - Generated HTTPS data traffic from h3:24279 -> h5:443 [content='Encrypted Application Data'] [Session 79] [len=327B]
2025-09-12 19:14:33 - [BENIGN] - DEBUG - Generated HTTPS ACK reply from h5:443 <- h3:24279 [len=54B]
2025-09-12 19:14:34 - [BENIGN] - DEBUG - Generated DNS query from h3:55244 -> h5:53 [qname='example.com'] [Session 80] [len=71B]
2025-09-12 19:14:34 - [BENIGN] - INFO - Benign traffic finished.
2025-09-12 19:14:34 - [BENIGN] - INFO - Summary: 80 protocol sessions with protocol separation:
2025-09-12 19:14:34 - [BENIGN] - INFO -   - h2↔h5: ICMP ping traffic
2025-09-12 19:14:34 - [BENIGN] - INFO -   - h3↔h5: TCP/UDP traffic [TCP, UDP, Telnet, SSH, FTP, HTTP, HTTPS, DNS]
2025-09-12 19:14:34 - [BENIGN] - INFO - Total packets sent: 340
