2025-09-12 18:08:50,312 - attack_logger - INFO - Attack: Enhanced SYN Flood (11s) | h1 -> h6
2025-09-12 18:08:52,830 - attack_logger - INFO - [syn_flood] [Run ID: dfe8bab0-1e20-45d3-9f0f-1d908f549573] Starting Enhanced SYN Flood from h1 to 192.168.30.10 for 11 seconds.
2025-09-12 18:08:52,830 - attack_logger - INFO - [syn_flood] [Run ID: dfe8bab0-1e20-45d3-9f0f-1d908f549573] Attack Phase: Enhanced Traditional SYN Flood - Attacker: h1, Target: 192.168.30.10:80, Duration: 11s
2025-09-12 18:08:52,830 - attack_logger - INFO - [syn_flood] [Run ID: dfe8bab0-1e20-45d3-9f0f-1d908f549573] Enhanced Features: Human-like timing, protocol compliance, network delay simulation
2025-09-12 18:08:52,830 - attack_logger - INFO - [syn_flood] [Run ID: dfe8bab0-1e20-45d3-9f0f-1d908f549573] Session pattern: 1 phases, Circadian factor: 0.70, Workday factor: 0.70
2025-09-12 18:08:52,830 - attack_logger - DEBUG - [syn_flood] [Run ID: dfe8bab0-1e20-45d3-9f0f-1d908f549573] Starting enhanced SYN packet generation with human-like timing
2025-09-12 18:08:52,830 - attack_logger - INFO - [syn_flood] [Run ID: dfe8bab0-1e20-45d3-9f0f-1d908f549573] Stress phase: 3s, Advanced phase: 8s
2025-09-12 18:08:56,403 - attack_logger - INFO - [syn_flood] [Run ID: dfe8bab0-1e20-45d3-9f0f-1d908f549573] Stress phase completed
2025-09-12 18:08:56,411 - attack_logger - INFO - [syn_flood] [Run ID: dfe8bab0-1e20-45d3-9f0f-1d908f549573] Enhanced SYN flood process started (PID: 127441)
2025-09-12 18:08:57,435 - attack_logger - INFO - [syn_flood] [Run ID: dfe8bab0-1e20-45d3-9f0f-1d908f549573] Attack progress: 1.0s elapsed, ~1 packets sent, Rate: 1.0 pps, Phase: break (intensity: 0.11)
2025-09-12 18:08:57,435 - attack_logger - DEBUG - [syn_flood] [Run ID: dfe8bab0-1e20-45d3-9f0f-1d908f549573] Process stats - CPU: 0.0%, Memory: 59.9MB
2025-09-12 18:08:57,435 - attack_logger - DEBUG - [syn_flood] [Run ID: dfe8bab0-1e20-45d3-9f0f-1d908f549573] Timing factors - Circadian: 0.70, Workday: 0.70, Adjusted rate: 1.1 pps
2025-09-12 18:08:58,507 - attack_logger - INFO - [syn_flood] [Run ID: dfe8bab0-1e20-45d3-9f0f-1d908f549573] Attack progress: 2.1s elapsed, ~3 packets sent, Rate: 1.4 pps, Phase: break (intensity: 0.11)
2025-09-12 18:08:58,507 - attack_logger - DEBUG - [syn_flood] [Run ID: dfe8bab0-1e20-45d3-9f0f-1d908f549573] Process stats - CPU: 0.0%, Memory: 60.2MB
2025-09-12 18:08:58,507 - attack_logger - DEBUG - [syn_flood] [Run ID: dfe8bab0-1e20-45d3-9f0f-1d908f549573] Timing factors - Circadian: 0.70, Workday: 0.70, Adjusted rate: 1.6 pps
2025-09-12 18:08:59,569 - attack_logger - INFO - [syn_flood] [Run ID: dfe8bab0-1e20-45d3-9f0f-1d908f549573] Attack progress: 3.2s elapsed, ~3 packets sent, Rate: 0.9 pps, Phase: break (intensity: 0.11)
2025-09-12 18:08:59,569 - attack_logger - DEBUG - [syn_flood] [Run ID: dfe8bab0-1e20-45d3-9f0f-1d908f549573] Process stats - CPU: 0.0%, Memory: 60.2MB
2025-09-12 18:08:59,569 - attack_logger - DEBUG - [syn_flood] [Run ID: dfe8bab0-1e20-45d3-9f0f-1d908f549573] Timing factors - Circadian: 0.70, Workday: 0.70, Adjusted rate: 1.2 pps
2025-09-12 18:09:00,619 - attack_logger - INFO - [syn_flood] [Run ID: dfe8bab0-1e20-45d3-9f0f-1d908f549573] Attack progress: 4.2s elapsed, ~4 packets sent, Rate: 0.9 pps, Phase: break (intensity: 0.11)
2025-09-12 18:09:00,619 - attack_logger - DEBUG - [syn_flood] [Run ID: dfe8bab0-1e20-45d3-9f0f-1d908f549573] Process stats - CPU: 0.0%, Memory: 60.2MB
2025-09-12 18:09:00,619 - attack_logger - DEBUG - [syn_flood] [Run ID: dfe8bab0-1e20-45d3-9f0f-1d908f549573] Timing factors - Circadian: 0.70, Workday: 0.70, Adjusted rate: 1.1 pps
2025-09-12 18:09:01,689 - attack_logger - INFO - [syn_flood] [Run ID: dfe8bab0-1e20-45d3-9f0f-1d908f549573] Attack progress: 5.3s elapsed, ~6 packets sent, Rate: 1.1 pps, Phase: break (intensity: 0.11)
2025-09-12 18:09:01,689 - attack_logger - DEBUG - [syn_flood] [Run ID: dfe8bab0-1e20-45d3-9f0f-1d908f549573] Process stats - CPU: 0.0%, Memory: 60.2MB
2025-09-12 18:09:01,689 - attack_logger - DEBUG - [syn_flood] [Run ID: dfe8bab0-1e20-45d3-9f0f-1d908f549573] Timing factors - Circadian: 0.70, Workday: 0.70, Adjusted rate: 1.2 pps
2025-09-12 18:09:02,704 - attack_logger - INFO - [syn_flood] [Run ID: dfe8bab0-1e20-45d3-9f0f-1d908f549573] Attack progress: 6.3s elapsed, ~9 packets sent, Rate: 1.4 pps, Phase: break (intensity: 0.11)
2025-09-12 18:09:02,704 - attack_logger - DEBUG - [syn_flood] [Run ID: dfe8bab0-1e20-45d3-9f0f-1d908f549573] Process stats - CPU: 0.0%, Memory: 60.2MB
2025-09-12 18:09:02,704 - attack_logger - DEBUG - [syn_flood] [Run ID: dfe8bab0-1e20-45d3-9f0f-1d908f549573] Timing factors - Circadian: 0.70, Workday: 0.70, Adjusted rate: 1.6 pps
2025-09-12 18:09:03,759 - attack_logger - INFO - [syn_flood] [Run ID: dfe8bab0-1e20-45d3-9f0f-1d908f549573] Attack progress: 7.4s elapsed, ~10 packets sent, Rate: 1.4 pps, Phase: break (intensity: 0.11)
2025-09-12 18:09:03,759 - attack_logger - DEBUG - [syn_flood] [Run ID: dfe8bab0-1e20-45d3-9f0f-1d908f549573] Process stats - CPU: 0.0%, Memory: 60.2MB
2025-09-12 18:09:03,759 - attack_logger - DEBUG - [syn_flood] [Run ID: dfe8bab0-1e20-45d3-9f0f-1d908f549573] Timing factors - Circadian: 0.70, Workday: 0.70, Adjusted rate: 1.4 pps
2025-09-12 18:09:04,483 - attack_logger - DEBUG - [syn_flood] [Run ID: dfe8bab0-1e20-45d3-9f0f-1d908f549573] Sent SIGINT to SYN flood process 127441
2025-09-12 18:09:04,986 - attack_logger - INFO - [syn_flood] [Run ID: dfe8bab0-1e20-45d3-9f0f-1d908f549573] Enhanced SYN Flood from h1 to 192.168.30.10 finished.
2025-09-12 18:09:04,987 - attack_logger - INFO - [syn_flood] [Run ID: dfe8bab0-1e20-45d3-9f0f-1d908f549573] Attack completed. Total packets sent = 98, Average rate = 12.13 packets/sec.
2025-09-12 18:09:04,987 - attack_logger - INFO - [syn_flood] [Run ID: dfe8bab0-1e20-45d3-9f0f-1d908f549573] --- Enhanced Attack Summary ---
2025-09-12 18:09:04,987 - attack_logger - INFO - [syn_flood] [Run ID: dfe8bab0-1e20-45d3-9f0f-1d908f549573] Total packets sent: 98
2025-09-12 18:09:04,987 - attack_logger - INFO - [syn_flood] [Run ID: dfe8bab0-1e20-45d3-9f0f-1d908f549573] Actual duration: 8.08s
2025-09-12 18:09:04,987 - attack_logger - INFO - [syn_flood] [Run ID: dfe8bab0-1e20-45d3-9f0f-1d908f549573] Average rate: 12.13 packets/sec
2025-09-12 18:09:04,987 - attack_logger - INFO - [syn_flood] [Run ID: dfe8bab0-1e20-45d3-9f0f-1d908f549573] Base rate: 25.0 pps
2025-09-12 18:09:04,987 - attack_logger - INFO - [syn_flood] [Run ID: dfe8bab0-1e20-45d3-9f0f-1d908f549573] Circadian factor: 0.70
2025-09-12 18:09:04,987 - attack_logger - INFO - [syn_flood] [Run ID: dfe8bab0-1e20-45d3-9f0f-1d908f549573] Workday factor: 0.70
2025-09-12 18:09:04,987 - attack_logger - INFO - [syn_flood] [Run ID: dfe8bab0-1e20-45d3-9f0f-1d908f549573] Session phases: 1
2025-09-12 18:09:04,987 - attack_logger - INFO - [syn_flood] [Run ID: dfe8bab0-1e20-45d3-9f0f-1d908f549573] Target port: 80
2025-09-12 18:09:04,987 - attack_logger - INFO - [syn_flood] [Run ID: dfe8bab0-1e20-45d3-9f0f-1d908f549573] Attack method: Enhanced SYN Flood with Human-like Timing
2025-09-12 18:09:04,987 - attack_logger - INFO - [syn_flood] [Run ID: dfe8bab0-1e20-45d3-9f0f-1d908f549573] Enhancement features: Human timing patterns, protocol compliance, network delay simulation
2025-09-12 18:09:04,987 - attack_logger - INFO - [syn_flood] [Run ID: dfe8bab0-1e20-45d3-9f0f-1d908f549573] TCP options: MSS, WScale, Timestamp, SAckOK
2025-09-12 18:09:04,987 - attack_logger - INFO - [syn_flood] [Run ID: dfe8bab0-1e20-45d3-9f0f-1d908f549573] ----------------------------------------
2025-09-12 18:09:05,062 - attack_logger - INFO - Attack: Enhanced SYN Flood completed.
2025-09-12 18:09:05,062 - attack_logger - INFO - Attack: Enhanced UDP Flood (22s) | h1 -> h6
2025-09-12 18:09:07,578 - attack_logger - INFO - [udp_flood] [Run ID: 9683cb4c-8aeb-44d9-b434-689ae30ecffd] Starting Enhanced UDP Flood from h1 to 192.168.30.10 for 22 seconds.
2025-09-12 18:09:07,579 - attack_logger - INFO - [udp_flood] [Run ID: 9683cb4c-8aeb-44d9-b434-689ae30ecffd] Attack Phase: Enhanced Traditional UDP Flood - Attacker: h1, Target: 192.168.30.10:53, Duration: 22s
2025-09-12 18:09:07,579 - attack_logger - INFO - [udp_flood] [Run ID: 9683cb4c-8aeb-44d9-b434-689ae30ecffd] Enhanced Features: Human-like timing, protocol compliance, network delay simulation
2025-09-12 18:09:07,579 - attack_logger - INFO - [udp_flood] [Run ID: 9683cb4c-8aeb-44d9-b434-689ae30ecffd] Stress phase: 6s, Advanced phase: 16s
2025-09-12 18:09:14,158 - attack_logger - INFO - [udp_flood] [Run ID: 9683cb4c-8aeb-44d9-b434-689ae30ecffd] Stress phase completed
2025-09-12 18:09:14,159 - attack_logger - INFO - [udp_flood] [Run ID: 9683cb4c-8aeb-44d9-b434-689ae30ecffd] Session pattern: 1 phases, Circadian factor: 0.70, Workday factor: 0.70
2025-09-12 18:09:14,159 - attack_logger - DEBUG - [udp_flood] [Run ID: 9683cb4c-8aeb-44d9-b434-689ae30ecffd] Starting enhanced UDP packet generation with human-like timing
2025-09-12 18:09:14,167 - attack_logger - INFO - [udp_flood] [Run ID: 9683cb4c-8aeb-44d9-b434-689ae30ecffd] Enhanced UDP flood process started (PID: 127451)
2025-09-12 18:09:17,273 - attack_logger - INFO - [udp_flood] [Run ID: 9683cb4c-8aeb-44d9-b434-689ae30ecffd] Attack progress: 3.1s elapsed, ~26 packets sent, Rate: 8.3 pps, Phase: active (intensity: 0.72)
2025-09-12 18:09:17,273 - attack_logger - DEBUG - [udp_flood] [Run ID: 9683cb4c-8aeb-44d9-b434-689ae30ecffd] Process stats - CPU: 0.0%, Memory: 60.3MB
2025-09-12 18:09:17,273 - attack_logger - DEBUG - [udp_flood] [Run ID: 9683cb4c-8aeb-44d9-b434-689ae30ecffd] Timing factors - Circadian: 0.70, Workday: 0.70, Adjusted rate: 8.5 pps
2025-09-12 18:09:20,304 - attack_logger - INFO - [udp_flood] [Run ID: 9683cb4c-8aeb-44d9-b434-689ae30ecffd] Attack progress: 6.1s elapsed, ~44 packets sent, Rate: 7.2 pps, Phase: active (intensity: 0.72)
2025-09-12 18:09:20,304 - attack_logger - DEBUG - [udp_flood] [Run ID: 9683cb4c-8aeb-44d9-b434-689ae30ecffd] Process stats - CPU: 0.0%, Memory: 60.5MB
2025-09-12 18:09:20,304 - attack_logger - DEBUG - [udp_flood] [Run ID: 9683cb4c-8aeb-44d9-b434-689ae30ecffd] Timing factors - Circadian: 0.70, Workday: 0.70, Adjusted rate: 7.2 pps
2025-09-12 18:09:23,334 - attack_logger - INFO - [udp_flood] [Run ID: 9683cb4c-8aeb-44d9-b434-689ae30ecffd] Attack progress: 9.2s elapsed, ~92 packets sent, Rate: 10.0 pps, Phase: active (intensity: 0.72)
2025-09-12 18:09:23,334 - attack_logger - DEBUG - [udp_flood] [Run ID: 9683cb4c-8aeb-44d9-b434-689ae30ecffd] Process stats - CPU: 0.0%, Memory: 60.6MB
2025-09-12 18:09:23,334 - attack_logger - DEBUG - [udp_flood] [Run ID: 9683cb4c-8aeb-44d9-b434-689ae30ecffd] Timing factors - Circadian: 0.70, Workday: 0.70, Adjusted rate: 10.1 pps
2025-09-12 18:09:26,397 - attack_logger - INFO - [udp_flood] [Run ID: 9683cb4c-8aeb-44d9-b434-689ae30ecffd] Attack progress: 12.2s elapsed, ~114 packets sent, Rate: 9.3 pps, Phase: active (intensity: 0.72)
2025-09-12 18:09:26,397 - attack_logger - DEBUG - [udp_flood] [Run ID: 9683cb4c-8aeb-44d9-b434-689ae30ecffd] Process stats - CPU: 0.0%, Memory: 60.6MB
2025-09-12 18:09:26,397 - attack_logger - DEBUG - [udp_flood] [Run ID: 9683cb4c-8aeb-44d9-b434-689ae30ecffd] Timing factors - Circadian: 0.70, Workday: 0.70, Adjusted rate: 9.4 pps
2025-09-12 18:09:29,423 - attack_logger - INFO - [udp_flood] [Run ID: 9683cb4c-8aeb-44d9-b434-689ae30ecffd] Attack progress: 15.3s elapsed, ~107 packets sent, Rate: 7.0 pps, Phase: active (intensity: 0.72)
2025-09-12 18:09:29,423 - attack_logger - DEBUG - [udp_flood] [Run ID: 9683cb4c-8aeb-44d9-b434-689ae30ecffd] Process stats - CPU: 0.0%, Memory: 60.6MB
2025-09-12 18:09:29,423 - attack_logger - DEBUG - [udp_flood] [Run ID: 9683cb4c-8aeb-44d9-b434-689ae30ecffd] Timing factors - Circadian: 0.70, Workday: 0.70, Adjusted rate: 7.1 pps
2025-09-12 18:09:30,216 - attack_logger - DEBUG - [udp_flood] [Run ID: 9683cb4c-8aeb-44d9-b434-689ae30ecffd] Sent SIGINT to UDP flood process 127451
2025-09-12 18:09:30,721 - attack_logger - INFO - [udp_flood] [Run ID: 9683cb4c-8aeb-44d9-b434-689ae30ecffd] Enhanced UDP Flood from h1 to 192.168.30.10 finished.
2025-09-12 18:09:30,721 - attack_logger - INFO - [udp_flood] [Run ID: 9683cb4c-8aeb-44d9-b434-689ae30ecffd] Attack completed. Total packets sent = 193, Average rate = 12.02 packets/sec.
2025-09-12 18:09:30,721 - attack_logger - INFO - [udp_flood] [Run ID: 9683cb4c-8aeb-44d9-b434-689ae30ecffd] --- Enhanced Attack Summary ---
2025-09-12 18:09:30,721 - attack_logger - INFO - [udp_flood] [Run ID: 9683cb4c-8aeb-44d9-b434-689ae30ecffd] Total packets sent: 193
2025-09-12 18:09:30,721 - attack_logger - INFO - [udp_flood] [Run ID: 9683cb4c-8aeb-44d9-b434-689ae30ecffd] Actual duration: 16.06s
2025-09-12 18:09:30,721 - attack_logger - INFO - [udp_flood] [Run ID: 9683cb4c-8aeb-44d9-b434-689ae30ecffd] Average rate: 12.02 packets/sec
2025-09-12 18:09:30,721 - attack_logger - INFO - [udp_flood] [Run ID: 9683cb4c-8aeb-44d9-b434-689ae30ecffd] Base rate: 24.6 pps
2025-09-12 18:09:30,721 - attack_logger - INFO - [udp_flood] [Run ID: 9683cb4c-8aeb-44d9-b434-689ae30ecffd] Circadian factor: 0.70
2025-09-12 18:09:30,721 - attack_logger - INFO - [udp_flood] [Run ID: 9683cb4c-8aeb-44d9-b434-689ae30ecffd] Workday factor: 0.70
2025-09-12 18:09:30,721 - attack_logger - INFO - [udp_flood] [Run ID: 9683cb4c-8aeb-44d9-b434-689ae30ecffd] Session phases: 1
2025-09-12 18:09:30,721 - attack_logger - INFO - [udp_flood] [Run ID: 9683cb4c-8aeb-44d9-b434-689ae30ecffd] Target port: 53 (DNS)
2025-09-12 18:09:30,721 - attack_logger - INFO - [udp_flood] [Run ID: 9683cb4c-8aeb-44d9-b434-689ae30ecffd] Attack method: Enhanced UDP Flood with Human-like Timing
2025-09-12 18:09:30,721 - attack_logger - INFO - [udp_flood] [Run ID: 9683cb4c-8aeb-44d9-b434-689ae30ecffd] Enhancement features: Human timing patterns, protocol compliance, network delay simulation
2025-09-12 18:09:30,721 - attack_logger - INFO - [udp_flood] [Run ID: 9683cb4c-8aeb-44d9-b434-689ae30ecffd] DNS payloads: Realistic query patterns with varied domains
2025-09-12 18:09:30,721 - attack_logger - INFO - [udp_flood] [Run ID: 9683cb4c-8aeb-44d9-b434-689ae30ecffd] ----------------------------------------
2025-09-12 18:09:30,801 - attack_logger - INFO - Attack: Enhanced UDP Flood completed.
2025-09-12 18:09:30,801 - attack_logger - INFO - Attack: Enhanced ICMP Flood (11s) | h1 -> h4
2025-09-12 18:09:33,321 - attack_logger - INFO - [icmp_flood] [Run ID: a01f9264-b393-48de-8bc0-e55a3a00a198] Starting Enhanced ICMP Flood with RFC 1918 IP Rotation from h1 to 192.168.20.12 for 11 seconds.
2025-09-12 18:09:33,321 - attack_logger - INFO - [icmp_flood] [Run ID: a01f9264-b393-48de-8bc0-e55a3a00a198] Attack Phase: Enhanced Traditional ICMP Flood - Attacker: h1, Target: 192.168.20.12, Duration: 11s
2025-09-12 18:09:33,321 - attack_logger - INFO - [icmp_flood] [Run ID: a01f9264-b393-48de-8bc0-e55a3a00a198] Enhanced Features: RFC 1918 IP rotation, human-like timing, protocol compliance, network delay simulation
2025-09-12 18:09:33,321 - attack_logger - INFO - [icmp_flood] [Run ID: a01f9264-b393-48de-8bc0-e55a3a00a198] IP Pool Size: 50 source IPs from RFC 1918 ranges (10.0.0.0/8, 172.16.0.0/12, 192.168.0.0/16)
2025-09-12 18:09:33,321 - attack_logger - INFO - [icmp_flood] [Run ID: a01f9264-b393-48de-8bc0-e55a3a00a198] Stress phase total: 3s (host: 1s, gateway: 2s), Advanced phase: 8s
2025-09-12 18:09:34,930 - attack_logger - INFO - [icmp_flood] [Run ID: a01f9264-b393-48de-8bc0-e55a3a00a198] Host stress sub-phase completed
2025-09-12 18:09:37,504 - attack_logger - INFO - [icmp_flood] [Run ID: a01f9264-b393-48de-8bc0-e55a3a00a198] Gateway stress sub-phase completed
2025-09-12 18:09:37,505 - attack_logger - INFO - [icmp_flood] [Run ID: a01f9264-b393-48de-8bc0-e55a3a00a198] Session pattern: 1 phases, Circadian factor: 0.70, Workday factor: 0.70
2025-09-12 18:09:37,505 - attack_logger - DEBUG - [icmp_flood] [Run ID: a01f9264-b393-48de-8bc0-e55a3a00a198] Starting enhanced ICMP packet generation with IP rotation and human-like timing
2025-09-12 18:09:37,512 - attack_logger - INFO - [icmp_flood] [Run ID: a01f9264-b393-48de-8bc0-e55a3a00a198] Enhanced ICMP flood with IP rotation process started (PID: 127465)
2025-09-12 18:09:38,559 - attack_logger - INFO - [icmp_flood] [Run ID: a01f9264-b393-48de-8bc0-e55a3a00a198] Attack progress: 1.1s elapsed, ~12 packets sent, Rate: 11.4 pps, IP rotations: ~0, Phase: active (intensity: 0.88)
2025-09-12 18:09:38,559 - attack_logger - DEBUG - [icmp_flood] [Run ID: a01f9264-b393-48de-8bc0-e55a3a00a198] Process stats - CPU: 0.0%, Memory: 60.2MB
2025-09-12 18:09:38,559 - attack_logger - DEBUG - [icmp_flood] [Run ID: a01f9264-b393-48de-8bc0-e55a3a00a198] Timing factors - Circadian: 0.70, Workday: 0.70, Adjusted rate: 12.0 pps
2025-09-12 18:09:39,651 - attack_logger - INFO - [icmp_flood] [Run ID: a01f9264-b393-48de-8bc0-e55a3a00a198] Attack progress: 2.1s elapsed, ~19 packets sent, Rate: 8.9 pps, IP rotations: ~1, Phase: active (intensity: 0.88)
2025-09-12 18:09:39,651 - attack_logger - DEBUG - [icmp_flood] [Run ID: a01f9264-b393-48de-8bc0-e55a3a00a198] Process stats - CPU: 0.0%, Memory: 60.2MB
2025-09-12 18:09:39,651 - attack_logger - DEBUG - [icmp_flood] [Run ID: a01f9264-b393-48de-8bc0-e55a3a00a198] Timing factors - Circadian: 0.70, Workday: 0.70, Adjusted rate: 9.2 pps
2025-09-12 18:09:40,654 - attack_logger - INFO - [icmp_flood] [Run ID: a01f9264-b393-48de-8bc0-e55a3a00a198] Attack progress: 3.1s elapsed, ~29 packets sent, Rate: 9.2 pps, IP rotations: ~1, Phase: active (intensity: 0.88)
2025-09-12 18:09:40,654 - attack_logger - DEBUG - [icmp_flood] [Run ID: a01f9264-b393-48de-8bc0-e55a3a00a198] Process stats - CPU: 0.0%, Memory: 60.2MB
2025-09-12 18:09:40,654 - attack_logger - DEBUG - [icmp_flood] [Run ID: a01f9264-b393-48de-8bc0-e55a3a00a198] Timing factors - Circadian: 0.70, Workday: 0.70, Adjusted rate: 9.3 pps
2025-09-12 18:09:41,669 - attack_logger - INFO - [icmp_flood] [Run ID: a01f9264-b393-48de-8bc0-e55a3a00a198] Attack progress: 4.2s elapsed, ~40 packets sent, Rate: 9.6 pps, IP rotations: ~2, Phase: active (intensity: 0.88)
2025-09-12 18:09:41,669 - attack_logger - DEBUG - [icmp_flood] [Run ID: a01f9264-b393-48de-8bc0-e55a3a00a198] Process stats - CPU: 0.0%, Memory: 60.4MB
2025-09-12 18:09:41,669 - attack_logger - DEBUG - [icmp_flood] [Run ID: a01f9264-b393-48de-8bc0-e55a3a00a198] Timing factors - Circadian: 0.70, Workday: 0.70, Adjusted rate: 9.8 pps
2025-09-12 18:09:42,756 - attack_logger - INFO - [icmp_flood] [Run ID: a01f9264-b393-48de-8bc0-e55a3a00a198] Attack progress: 5.3s elapsed, ~65 packets sent, Rate: 12.4 pps, IP rotations: ~4, Phase: active (intensity: 0.88)
2025-09-12 18:09:42,756 - attack_logger - DEBUG - [icmp_flood] [Run ID: a01f9264-b393-48de-8bc0-e55a3a00a198] Process stats - CPU: 0.0%, Memory: 60.4MB
2025-09-12 18:09:42,756 - attack_logger - DEBUG - [icmp_flood] [Run ID: a01f9264-b393-48de-8bc0-e55a3a00a198] Timing factors - Circadian: 0.70, Workday: 0.70, Adjusted rate: 12.5 pps
2025-09-12 18:09:43,789 - attack_logger - INFO - [icmp_flood] [Run ID: a01f9264-b393-48de-8bc0-e55a3a00a198] Attack progress: 6.3s elapsed, ~61 packets sent, Rate: 9.7 pps, IP rotations: ~4, Phase: active (intensity: 0.88)
2025-09-12 18:09:43,790 - attack_logger - DEBUG - [icmp_flood] [Run ID: a01f9264-b393-48de-8bc0-e55a3a00a198] Process stats - CPU: 0.0%, Memory: 60.4MB
2025-09-12 18:09:43,790 - attack_logger - DEBUG - [icmp_flood] [Run ID: a01f9264-b393-48de-8bc0-e55a3a00a198] Timing factors - Circadian: 0.70, Workday: 0.70, Adjusted rate: 9.7 pps
2025-09-12 18:09:44,817 - attack_logger - INFO - [icmp_flood] [Run ID: a01f9264-b393-48de-8bc0-e55a3a00a198] Attack progress: 7.3s elapsed, ~83 packets sent, Rate: 11.4 pps, IP rotations: ~5, Phase: active (intensity: 0.88)
2025-09-12 18:09:44,817 - attack_logger - DEBUG - [icmp_flood] [Run ID: a01f9264-b393-48de-8bc0-e55a3a00a198] Process stats - CPU: 0.0%, Memory: 60.4MB
2025-09-12 18:09:44,817 - attack_logger - DEBUG - [icmp_flood] [Run ID: a01f9264-b393-48de-8bc0-e55a3a00a198] Timing factors - Circadian: 0.70, Workday: 0.70, Adjusted rate: 11.4 pps
2025-09-12 18:09:45,548 - attack_logger - DEBUG - [icmp_flood] [Run ID: a01f9264-b393-48de-8bc0-e55a3a00a198] Sent SIGINT to ICMP flood process 127465
2025-09-12 18:09:46,049 - attack_logger - INFO - [icmp_flood] [Run ID: a01f9264-b393-48de-8bc0-e55a3a00a198] Enhanced ICMP Flood with RFC 1918 IP Rotation from h1 to 192.168.20.12 finished.
2025-09-12 18:09:46,049 - attack_logger - INFO - [icmp_flood] [Run ID: a01f9264-b393-48de-8bc0-e55a3a00a198] Attack completed. Total packets sent = 107, Average rate = 13.30 packets/sec.
2025-09-12 18:09:46,049 - attack_logger - INFO - [icmp_flood] [Run ID: a01f9264-b393-48de-8bc0-e55a3a00a198] --- Enhanced Attack Summary ---
2025-09-12 18:09:46,049 - attack_logger - INFO - [icmp_flood] [Run ID: a01f9264-b393-48de-8bc0-e55a3a00a198] Total packets sent: 107
2025-09-12 18:09:46,049 - attack_logger - INFO - [icmp_flood] [Run ID: a01f9264-b393-48de-8bc0-e55a3a00a198] Total IP rotations: ~7
2025-09-12 18:09:46,049 - attack_logger - INFO - [icmp_flood] [Run ID: a01f9264-b393-48de-8bc0-e55a3a00a198] RFC 1918 IP pool size: 50
2025-09-12 18:09:46,049 - attack_logger - INFO - [icmp_flood] [Run ID: a01f9264-b393-48de-8bc0-e55a3a00a198] IP ranges used: 10.0.0.0/8, 172.16.0.0/12, 192.168.0.0/16
2025-09-12 18:09:46,049 - attack_logger - INFO - [icmp_flood] [Run ID: a01f9264-b393-48de-8bc0-e55a3a00a198] Actual duration: 8.04s
2025-09-12 18:09:46,049 - attack_logger - INFO - [icmp_flood] [Run ID: a01f9264-b393-48de-8bc0-e55a3a00a198] Average rate: 13.30 packets/sec
2025-09-12 18:09:46,049 - attack_logger - INFO - [icmp_flood] [Run ID: a01f9264-b393-48de-8bc0-e55a3a00a198] Base rate: 27.3 pps
2025-09-12 18:09:46,049 - attack_logger - INFO - [icmp_flood] [Run ID: a01f9264-b393-48de-8bc0-e55a3a00a198] Circadian factor: 0.70
2025-09-12 18:09:46,049 - attack_logger - INFO - [icmp_flood] [Run ID: a01f9264-b393-48de-8bc0-e55a3a00a198] Workday factor: 0.70
2025-09-12 18:09:46,049 - attack_logger - INFO - [icmp_flood] [Run ID: a01f9264-b393-48de-8bc0-e55a3a00a198] Session phases: 1
2025-09-12 18:09:46,049 - attack_logger - INFO - [icmp_flood] [Run ID: a01f9264-b393-48de-8bc0-e55a3a00a198] ICMP type: Echo Request (8) with ID/Seq variations
2025-09-12 18:09:46,049 - attack_logger - INFO - [icmp_flood] [Run ID: a01f9264-b393-48de-8bc0-e55a3a00a198] Attack method: Enhanced ICMP Flood with RFC 1918 IP Rotation
2025-09-12 18:09:46,049 - attack_logger - INFO - [icmp_flood] [Run ID: a01f9264-b393-48de-8bc0-e55a3a00a198] Enhancement features: RFC 1918 IP rotation, human timing patterns, protocol compliance, network delay simulation
2025-09-12 18:09:46,049 - attack_logger - INFO - [icmp_flood] [Run ID: a01f9264-b393-48de-8bc0-e55a3a00a198] ----------------------------------------
2025-09-12 18:09:46,118 - attack_logger - INFO - Attack: Enhanced ICMP Flood completed.
2025-09-12 18:09:46,627 - attack_logger - INFO - Attack: ENHANCED Adversarial TCP State Exhaustion (8s) | h1 -> h6
2025-09-12 18:09:57,825 - attack_logger - INFO - Attack: ENHANCED Adversarial Application Layer (3s) | h1 -> h6
2025-09-12 18:10:04,026 - attack_logger - INFO - Attack: ENHANCED Adversarial Slow Read (9s) | h1 -> h6
2025-09-12 18:10:16,276 - attack_logger - INFO - Attack: ENHANCED Adversarial Slow Read completed.
