2025-09-12 18:05:26 - [BENIGN] - INFO - Starting benign traffic for 200 seconds...
2025-09-12 18:05:26 - [BENIGN] - INFO - Protocol separation: h2↔h5 (ICMP), h3↔h5 (TCP/UDP)
2025-09-12 18:05:26 - [BENIGN] - DEBUG - Generated ICMP traffic h2↔h5 0 [len=84B]
2025-09-12 18:05:27 - [BENIGN] - DEBUG - Generated TCP SYN from h3:9152 -> h5:12345 [len=54B]
2025-09-12 18:05:28 - [BENIGN] - DEBUG - Generated TCP SYN-ACK from h5:12345 <- h3:9152 [len=54B]
2025-09-12 18:05:28 - [BENIGN] - DEBUG - Generated TCP ACK from h3:9152 -> h5:12345 [len=54B]
2025-09-12 18:05:29 - [BENIGN] - DEBUG - Generated TCP data traffic from h3:9152 -> h5:12345 [content='TCP data'] [Session 1] [len=572B]
2025-09-12 18:05:30 - [BENIGN] - DEBUG - Generated TCP ACK reply from h5:12345 <- h3:9152 [len=54B]
2025-09-12 18:05:30 - [BENIGN] - DEBUG - Generated UDP traffic from h3:30641 -> h5:12346 [content='84e35c283e49abce15c44432c887ebca537d49cc...'] [Session 2] [len=1233B]
2025-09-12 18:05:31 - [BENIGN] - DEBUG - Generated Telnet SYN from h3:59125 -> h5:23 [len=54B]
2025-09-12 18:05:32 - [BENIGN] - DEBUG - Generated Telnet SYN-ACK from h5:23 <- h3:59125 [len=54B]
2025-09-12 18:05:32 - [BENIGN] - DEBUG - Generated Telnet ACK from h3:59125 -> h5:23 [len=54B]
2025-09-12 18:05:33 - [BENIGN] - DEBUG - Generated Telnet data traffic from h3:59125 -> h5:23 [content='Telnet command'] [Session 3] [len=246B]
2025-09-12 18:05:34 - [BENIGN] - DEBUG - Generated Telnet ACK reply from h5:23 <- h3:59125 [len=54B]
2025-09-12 18:05:34 - [BENIGN] - DEBUG - Generated SSH SYN from h3:39244 -> h5:22 [len=54B]
2025-09-12 18:05:35 - [BENIGN] - DEBUG - Generated SSH SYN-ACK from h5:22 <- h3:39244 [len=54B]
2025-09-12 18:05:36 - [BENIGN] - DEBUG - Generated SSH ACK from h3:39244 -> h5:22 [len=54B]
2025-09-12 18:05:36 - [BENIGN] - DEBUG - Generated SSH data traffic from h3:39244 -> h5:22 [content='SSH encrypted data'] [Session 4] [len=1130B]
2025-09-12 18:05:37 - [BENIGN] - DEBUG - Generated SSH ACK reply from h5:22 <- h3:39244 [len=54B]
2025-09-12 18:05:37 - [BENIGN] - DEBUG - Generated FTP SYN from h3:7971 -> h5:21 [len=54B]
2025-09-12 18:05:38 - [BENIGN] - DEBUG - Generated FTP SYN-ACK from h5:21 <- h3:7971 [len=54B]
2025-09-12 18:05:39 - [BENIGN] - DEBUG - Generated FTP ACK from h3:7971 -> h5:21 [len=54B]
2025-09-12 18:05:39 - [BENIGN] - DEBUG - Generated FTP data traffic from h3:7971 -> h5:21 [content='FTP file transfer'] [Session 5] [len=121B]
2025-09-12 18:05:40 - [BENIGN] - DEBUG - Generated FTP ACK reply from h5:21 <- h3:7971 [len=54B]
2025-09-12 18:05:41 - [BENIGN] - DEBUG - Generated HTTP SYN from h3:44382 -> h5:80 [len=54B]
2025-09-12 18:05:41 - [BENIGN] - DEBUG - Generated HTTP SYN-ACK from h5:80 <- h3:44382 [len=54B]
2025-09-12 18:05:42 - [BENIGN] - DEBUG - Generated HTTP ACK from h3:44382 -> h5:80 [len=54B]
2025-09-12 18:05:43 - [BENIGN] - DEBUG - Generated HTTP data traffic from h3:44382 -> h5:80 [content='GET /index.html HTTP/1.1'] [Session 6] [len=573B]
2025-09-12 18:05:43 - [BENIGN] - DEBUG - Generated HTTP ACK reply from h5:80 <- h3:44382 [len=54B]
2025-09-12 18:05:44 - [BENIGN] - DEBUG - Generated HTTPS SYN from h3:36651 -> h5:443 [len=54B]
2025-09-12 18:05:44 - [BENIGN] - DEBUG - Generated HTTPS SYN-ACK from h5:443 <- h3:36651 [len=54B]
2025-09-12 18:05:45 - [BENIGN] - DEBUG - Generated HTTPS ACK from h3:36651 -> h5:443 [len=54B]
2025-09-12 18:05:46 - [BENIGN] - DEBUG - Generated HTTPS data traffic from h3:36651 -> h5:443 [content='Encrypted Application Data'] [Session 7] [len=240B]
2025-09-12 18:05:46 - [BENIGN] - DEBUG - Generated HTTPS ACK reply from h5:443 <- h3:36651 [len=54B]
2025-09-12 18:05:47 - [BENIGN] - DEBUG - Generated DNS query from h3:49844 -> h5:53 [qname='example.com'] [Session 8] [len=71B]
2025-09-12 18:05:47 - [BENIGN] - DEBUG - Generated ICMP traffic h2↔h5 1 [len=84B]
2025-09-12 18:05:48 - [BENIGN] - DEBUG - Generated TCP SYN from h3:24608 -> h5:12345 [len=54B]
2025-09-12 18:05:48 - [BENIGN] - DEBUG - Generated TCP SYN-ACK from h5:12345 <- h3:24608 [len=54B]
2025-09-12 18:05:49 - [BENIGN] - DEBUG - Generated TCP ACK from h3:24608 -> h5:12345 [len=54B]
2025-09-12 18:05:50 - [BENIGN] - DEBUG - Generated TCP data traffic from h3:24608 -> h5:12345 [content='TCP data'] [Session 9] [len=427B]
2025-09-12 18:05:50 - [BENIGN] - DEBUG - Generated TCP ACK reply from h5:12345 <- h3:24608 [len=54B]
2025-09-12 18:05:51 - [BENIGN] - DEBUG - Generated UDP traffic from h3:23897 -> h5:12346 [content='82561bacc4b9bf9f081c2a5547673003c88964ca...'] [Session 10] [len=1184B]
2025-09-12 18:05:51 - [BENIGN] - DEBUG - Generated Telnet SYN from h3:13249 -> h5:23 [len=54B]
2025-09-12 18:05:52 - [BENIGN] - DEBUG - Generated Telnet SYN-ACK from h5:23 <- h3:13249 [len=54B]
2025-09-12 18:05:53 - [BENIGN] - DEBUG - Generated Telnet ACK from h3:13249 -> h5:23 [len=54B]
2025-09-12 18:05:53 - [BENIGN] - DEBUG - Generated Telnet data traffic from h3:13249 -> h5:23 [content='Telnet command'] [Session 11] [len=616B]
2025-09-12 18:05:54 - [BENIGN] - DEBUG - Generated Telnet ACK reply from h5:23 <- h3:13249 [len=54B]
2025-09-12 18:05:54 - [BENIGN] - DEBUG - Generated SSH SYN from h3:20012 -> h5:22 [len=54B]
2025-09-12 18:05:55 - [BENIGN] - DEBUG - Generated SSH SYN-ACK from h5:22 <- h3:20012 [len=54B]
2025-09-12 18:05:56 - [BENIGN] - DEBUG - Generated SSH ACK from h3:20012 -> h5:22 [len=54B]
2025-09-12 18:05:56 - [BENIGN] - DEBUG - Generated SSH data traffic from h3:20012 -> h5:22 [content='SSH encrypted data'] [Session 12] [len=891B]
2025-09-12 18:05:57 - [BENIGN] - DEBUG - Generated SSH ACK reply from h5:22 <- h3:20012 [len=54B]
2025-09-12 18:05:58 - [BENIGN] - DEBUG - Generated FTP SYN from h3:16081 -> h5:21 [len=54B]
2025-09-12 18:05:58 - [BENIGN] - DEBUG - Generated FTP SYN-ACK from h5:21 <- h3:16081 [len=54B]
2025-09-12 18:05:59 - [BENIGN] - DEBUG - Generated FTP ACK from h3:16081 -> h5:21 [len=54B]
2025-09-12 18:06:00 - [BENIGN] - DEBUG - Generated FTP data traffic from h3:16081 -> h5:21 [content='FTP file transfer'] [Session 13] [len=889B]
2025-09-12 18:06:00 - [BENIGN] - DEBUG - Generated FTP ACK reply from h5:21 <- h3:16081 [len=54B]
2025-09-12 18:06:01 - [BENIGN] - DEBUG - Generated HTTP SYN from h3:56713 -> h5:80 [len=54B]
2025-09-12 18:06:01 - [BENIGN] - DEBUG - Generated HTTP SYN-ACK from h5:80 <- h3:56713 [len=54B]
2025-09-12 18:06:02 - [BENIGN] - DEBUG - Generated HTTP ACK from h3:56713 -> h5:80 [len=54B]
2025-09-12 18:06:03 - [BENIGN] - DEBUG - Generated HTTP data traffic from h3:56713 -> h5:80 [content='GET /index.html HTTP/1.1'] [Session 14] [len=440B]
2025-09-12 18:06:03 - [BENIGN] - DEBUG - Generated HTTP ACK reply from h5:80 <- h3:56713 [len=54B]
2025-09-12 18:06:04 - [BENIGN] - DEBUG - Generated HTTPS SYN from h3:21767 -> h5:443 [len=54B]
2025-09-12 18:06:05 - [BENIGN] - DEBUG - Generated HTTPS SYN-ACK from h5:443 <- h3:21767 [len=54B]
2025-09-12 18:06:05 - [BENIGN] - DEBUG - Generated HTTPS ACK from h3:21767 -> h5:443 [len=54B]
2025-09-12 18:06:06 - [BENIGN] - DEBUG - Generated HTTPS data traffic from h3:21767 -> h5:443 [content='Encrypted Application Data'] [Session 15] [len=329B]
2025-09-12 18:06:07 - [BENIGN] - DEBUG - Generated HTTPS ACK reply from h5:443 <- h3:21767 [len=54B]
2025-09-12 18:06:07 - [BENIGN] - DEBUG - Generated DNS query from h3:14471 -> h5:53 [qname='example.com'] [Session 16] [len=71B]
2025-09-12 18:06:07 - [BENIGN] - DEBUG - Generated ICMP traffic h2↔h5 2 [len=84B]
2025-09-12 18:06:08 - [BENIGN] - DEBUG - Generated TCP SYN from h3:6190 -> h5:12345 [len=54B]
2025-09-12 18:06:09 - [BENIGN] - DEBUG - Generated TCP SYN-ACK from h5:12345 <- h3:6190 [len=54B]
2025-09-12 18:06:09 - [BENIGN] - DEBUG - Generated TCP ACK from h3:6190 -> h5:12345 [len=54B]
2025-09-12 18:06:10 - [BENIGN] - DEBUG - Generated TCP data traffic from h3:6190 -> h5:12345 [content='TCP data'] [Session 17] [len=646B]
2025-09-12 18:06:11 - [BENIGN] - DEBUG - Generated TCP ACK reply from h5:12345 <- h3:6190 [len=54B]
2025-09-12 18:06:11 - [BENIGN] - DEBUG - Generated UDP traffic from h3:15058 -> h5:12346 [content='c5ec7215dc7dfd5d50ada39a50f5f003c4f33007...'] [Session 18] [len=592B]
2025-09-12 18:06:12 - [BENIGN] - DEBUG - Generated Telnet SYN from h3:47782 -> h5:23 [len=54B]
2025-09-12 18:06:12 - [BENIGN] - DEBUG - Generated Telnet SYN-ACK from h5:23 <- h3:47782 [len=54B]
2025-09-12 18:06:13 - [BENIGN] - DEBUG - Generated Telnet ACK from h3:47782 -> h5:23 [len=54B]
2025-09-12 18:06:14 - [BENIGN] - DEBUG - Generated Telnet data traffic from h3:47782 -> h5:23 [content='Telnet command'] [Session 19] [len=1521B]
2025-09-12 18:06:14 - [BENIGN] - DEBUG - Generated Telnet ACK reply from h5:23 <- h3:47782 [len=54B]
2025-09-12 18:06:15 - [BENIGN] - DEBUG - Generated SSH SYN from h3:1622 -> h5:22 [len=54B]
2025-09-12 18:06:16 - [BENIGN] - DEBUG - Generated SSH SYN-ACK from h5:22 <- h3:1622 [len=54B]
2025-09-12 18:06:16 - [BENIGN] - DEBUG - Generated SSH ACK from h3:1622 -> h5:22 [len=54B]
2025-09-12 18:06:17 - [BENIGN] - DEBUG - Generated SSH data traffic from h3:1622 -> h5:22 [content='SSH encrypted data'] [Session 20] [len=1511B]
2025-09-12 18:06:18 - [BENIGN] - DEBUG - Generated SSH ACK reply from h5:22 <- h3:1622 [len=54B]
2025-09-12 18:06:18 - [BENIGN] - DEBUG - Generated FTP SYN from h3:8341 -> h5:21 [len=54B]
2025-09-12 18:06:19 - [BENIGN] - DEBUG - Generated FTP SYN-ACK from h5:21 <- h3:8341 [len=54B]
2025-09-12 18:06:19 - [BENIGN] - DEBUG - Generated FTP ACK from h3:8341 -> h5:21 [len=54B]
2025-09-12 18:06:20 - [BENIGN] - DEBUG - Generated FTP data traffic from h3:8341 -> h5:21 [content='FTP file transfer'] [Session 21] [len=511B]
2025-09-12 18:06:21 - [BENIGN] - DEBUG - Generated FTP ACK reply from h5:21 <- h3:8341 [len=54B]
2025-09-12 18:06:21 - [BENIGN] - DEBUG - Generated HTTP SYN from h3:4535 -> h5:80 [len=54B]
2025-09-12 18:06:22 - [BENIGN] - DEBUG - Generated HTTP SYN-ACK from h5:80 <- h3:4535 [len=54B]
2025-09-12 18:06:23 - [BENIGN] - DEBUG - Generated HTTP ACK from h3:4535 -> h5:80 [len=54B]
2025-09-12 18:06:23 - [BENIGN] - DEBUG - Generated HTTP data traffic from h3:4535 -> h5:80 [content='GET /index.html HTTP/1.1'] [Session 22] [len=337B]
2025-09-12 18:06:24 - [BENIGN] - DEBUG - Generated HTTP ACK reply from h5:80 <- h3:4535 [len=54B]
2025-09-12 18:06:25 - [BENIGN] - DEBUG - Generated HTTPS SYN from h3:54604 -> h5:443 [len=54B]
2025-09-12 18:06:25 - [BENIGN] - DEBUG - Generated HTTPS SYN-ACK from h5:443 <- h3:54604 [len=54B]
2025-09-12 18:06:26 - [BENIGN] - DEBUG - Generated HTTPS ACK from h3:54604 -> h5:443 [len=54B]
2025-09-12 18:06:27 - [BENIGN] - DEBUG - Generated HTTPS data traffic from h3:54604 -> h5:443 [content='Encrypted Application Data'] [Session 23] [len=234B]
2025-09-12 18:06:27 - [BENIGN] - DEBUG - Generated HTTPS ACK reply from h5:443 <- h3:54604 [len=54B]
2025-09-12 18:06:28 - [BENIGN] - DEBUG - Generated DNS query from h3:15010 -> h5:53 [qname='example.com'] [Session 24] [len=71B]
2025-09-12 18:06:28 - [BENIGN] - DEBUG - Generated ICMP traffic h2↔h5 3 [len=84B]
2025-09-12 18:06:29 - [BENIGN] - DEBUG - Generated TCP SYN from h3:28162 -> h5:12345 [len=54B]
2025-09-12 18:06:29 - [BENIGN] - DEBUG - Generated TCP SYN-ACK from h5:12345 <- h3:28162 [len=54B]
2025-09-12 18:06:30 - [BENIGN] - DEBUG - Generated TCP ACK from h3:28162 -> h5:12345 [len=54B]
2025-09-12 18:06:31 - [BENIGN] - DEBUG - Generated TCP data traffic from h3:28162 -> h5:12345 [content='TCP data'] [Session 25] [len=897B]
2025-09-12 18:06:31 - [BENIGN] - DEBUG - Generated TCP ACK reply from h5:12345 <- h3:28162 [len=54B]
2025-09-12 18:06:32 - [BENIGN] - DEBUG - Generated UDP traffic from h3:60671 -> h5:12346 [content='1d387ea220997cff194369945c3c7dee4b68daaa...'] [Session 26] [len=894B]
2025-09-12 18:06:32 - [BENIGN] - DEBUG - Generated Telnet SYN from h3:44982 -> h5:23 [len=54B]
2025-09-12 18:06:33 - [BENIGN] - DEBUG - Generated Telnet SYN-ACK from h5:23 <- h3:44982 [len=54B]
2025-09-12 18:06:34 - [BENIGN] - DEBUG - Generated Telnet ACK from h3:44982 -> h5:23 [len=54B]
2025-09-12 18:06:34 - [BENIGN] - DEBUG - Generated Telnet data traffic from h3:44982 -> h5:23 [content='Telnet command'] [Session 27] [len=633B]
2025-09-12 18:06:35 - [BENIGN] - DEBUG - Generated Telnet ACK reply from h5:23 <- h3:44982 [len=54B]
2025-09-12 18:06:36 - [BENIGN] - DEBUG - Generated SSH SYN from h3:40550 -> h5:22 [len=54B]
2025-09-12 18:06:36 - [BENIGN] - DEBUG - Generated SSH SYN-ACK from h5:22 <- h3:40550 [len=54B]
2025-09-12 18:06:37 - [BENIGN] - DEBUG - Generated SSH ACK from h3:40550 -> h5:22 [len=54B]
2025-09-12 18:06:38 - [BENIGN] - DEBUG - Generated SSH data traffic from h3:40550 -> h5:22 [content='SSH encrypted data'] [Session 28] [len=726B]
2025-09-12 18:06:38 - [BENIGN] - DEBUG - Generated SSH ACK reply from h5:22 <- h3:40550 [len=54B]
2025-09-12 18:06:39 - [BENIGN] - DEBUG - Generated FTP SYN from h3:36784 -> h5:21 [len=54B]
2025-09-12 18:06:39 - [BENIGN] - DEBUG - Generated FTP SYN-ACK from h5:21 <- h3:36784 [len=54B]
2025-09-12 18:06:40 - [BENIGN] - DEBUG - Generated FTP ACK from h3:36784 -> h5:21 [len=54B]
2025-09-12 18:06:41 - [BENIGN] - DEBUG - Generated FTP data traffic from h3:36784 -> h5:21 [content='FTP file transfer'] [Session 29] [len=697B]
2025-09-12 18:06:41 - [BENIGN] - DEBUG - Generated FTP ACK reply from h5:21 <- h3:36784 [len=54B]
2025-09-12 18:06:42 - [BENIGN] - DEBUG - Generated HTTP SYN from h3:50388 -> h5:80 [len=54B]
2025-09-12 18:06:43 - [BENIGN] - DEBUG - Generated HTTP SYN-ACK from h5:80 <- h3:50388 [len=54B]
2025-09-12 18:06:43 - [BENIGN] - DEBUG - Generated HTTP ACK from h3:50388 -> h5:80 [len=54B]
2025-09-12 18:06:44 - [BENIGN] - DEBUG - Generated HTTP data traffic from h3:50388 -> h5:80 [content='GET /index.html HTTP/1.1'] [Session 30] [len=603B]
2025-09-12 18:06:44 - [BENIGN] - DEBUG - Generated HTTP ACK reply from h5:80 <- h3:50388 [len=54B]
2025-09-12 18:06:45 - [BENIGN] - DEBUG - Generated HTTPS SYN from h3:58977 -> h5:443 [len=54B]
2025-09-12 18:06:46 - [BENIGN] - DEBUG - Generated HTTPS SYN-ACK from h5:443 <- h3:58977 [len=54B]
2025-09-12 18:06:46 - [BENIGN] - DEBUG - Generated HTTPS ACK from h3:58977 -> h5:443 [len=54B]
2025-09-12 18:06:47 - [BENIGN] - DEBUG - Generated HTTPS data traffic from h3:58977 -> h5:443 [content='Encrypted Application Data'] [Session 31] [len=206B]
2025-09-12 18:06:48 - [BENIGN] - DEBUG - Generated HTTPS ACK reply from h5:443 <- h3:58977 [len=54B]
2025-09-12 18:06:48 - [BENIGN] - DEBUG - Generated DNS query from h3:39885 -> h5:53 [qname='example.com'] [Session 32] [len=71B]
2025-09-12 18:06:48 - [BENIGN] - DEBUG - Generated ICMP traffic h2↔h5 4 [len=84B]
2025-09-12 18:06:49 - [BENIGN] - DEBUG - Generated TCP SYN from h3:9217 -> h5:12345 [len=54B]
2025-09-12 18:06:50 - [BENIGN] - DEBUG - Generated TCP SYN-ACK from h5:12345 <- h3:9217 [len=54B]
2025-09-12 18:06:50 - [BENIGN] - DEBUG - Generated TCP ACK from h3:9217 -> h5:12345 [len=54B]
2025-09-12 18:06:51 - [BENIGN] - DEBUG - Generated TCP data traffic from h3:9217 -> h5:12345 [content='TCP data'] [Session 33] [len=185B]
2025-09-12 18:06:51 - [BENIGN] - DEBUG - Generated TCP ACK reply from h5:12345 <- h3:9217 [len=54B]
2025-09-12 18:06:52 - [BENIGN] - DEBUG - Generated UDP traffic from h3:22478 -> h5:12346 [content='2f96c7b6abbb93029cc3b8a5f030b2055689c1ef...'] [Session 34] [len=194B]
2025-09-12 18:06:53 - [BENIGN] - DEBUG - Generated Telnet SYN from h3:2264 -> h5:23 [len=54B]
2025-09-12 18:06:53 - [BENIGN] - DEBUG - Generated Telnet SYN-ACK from h5:23 <- h3:2264 [len=54B]
2025-09-12 18:06:54 - [BENIGN] - DEBUG - Generated Telnet ACK from h3:2264 -> h5:23 [len=54B]
2025-09-12 18:06:55 - [BENIGN] - DEBUG - Generated Telnet data traffic from h3:2264 -> h5:23 [content='Telnet command'] [Session 35] [len=513B]
2025-09-12 18:06:55 - [BENIGN] - DEBUG - Generated Telnet ACK reply from h5:23 <- h3:2264 [len=54B]
2025-09-12 18:06:56 - [BENIGN] - DEBUG - Generated SSH SYN from h3:28814 -> h5:22 [len=54B]
2025-09-12 18:06:57 - [BENIGN] - DEBUG - Generated SSH SYN-ACK from h5:22 <- h3:28814 [len=54B]
2025-09-12 18:06:57 - [BENIGN] - DEBUG - Generated SSH ACK from h3:28814 -> h5:22 [len=54B]
2025-09-12 18:06:58 - [BENIGN] - DEBUG - Generated SSH data traffic from h3:28814 -> h5:22 [content='SSH encrypted data'] [Session 36] [len=571B]
2025-09-12 18:06:58 - [BENIGN] - DEBUG - Generated SSH ACK reply from h5:22 <- h3:28814 [len=54B]
2025-09-12 18:06:59 - [BENIGN] - DEBUG - Generated FTP SYN from h3:59789 -> h5:21 [len=54B]
2025-09-12 18:07:00 - [BENIGN] - DEBUG - Generated FTP SYN-ACK from h5:21 <- h3:59789 [len=54B]
2025-09-12 18:07:00 - [BENIGN] - DEBUG - Generated FTP ACK from h3:59789 -> h5:21 [len=54B]
2025-09-12 18:07:01 - [BENIGN] - DEBUG - Generated FTP data traffic from h3:59789 -> h5:21 [content='FTP file transfer'] [Session 37] [len=1522B]
2025-09-12 18:07:02 - [BENIGN] - DEBUG - Generated FTP ACK reply from h5:21 <- h3:59789 [len=54B]
2025-09-12 18:07:02 - [BENIGN] - DEBUG - Generated HTTP SYN from h3:2185 -> h5:80 [len=54B]
2025-09-12 18:07:03 - [BENIGN] - DEBUG - Generated HTTP SYN-ACK from h5:80 <- h3:2185 [len=54B]
2025-09-12 18:07:03 - [BENIGN] - DEBUG - Generated HTTP ACK from h3:2185 -> h5:80 [len=54B]
2025-09-12 18:07:04 - [BENIGN] - DEBUG - Generated HTTP data traffic from h3:2185 -> h5:80 [content='GET /index.html HTTP/1.1'] [Session 38] [len=470B]
2025-09-12 18:07:05 - [BENIGN] - DEBUG - Generated HTTP ACK reply from h5:80 <- h3:2185 [len=54B]
2025-09-12 18:07:05 - [BENIGN] - DEBUG - Generated HTTPS SYN from h3:52561 -> h5:443 [len=54B]
2025-09-12 18:07:06 - [BENIGN] - DEBUG - Generated HTTPS SYN-ACK from h5:443 <- h3:52561 [len=54B]
2025-09-12 18:07:07 - [BENIGN] - DEBUG - Generated HTTPS ACK from h3:52561 -> h5:443 [len=54B]
2025-09-12 18:07:07 - [BENIGN] - DEBUG - Generated HTTPS data traffic from h3:52561 -> h5:443 [content='Encrypted Application Data'] [Session 39] [len=753B]
2025-09-12 18:07:08 - [BENIGN] - DEBUG - Generated HTTPS ACK reply from h5:443 <- h3:52561 [len=54B]
2025-09-12 18:07:08 - [BENIGN] - DEBUG - Generated DNS query from h3:7077 -> h5:53 [qname='example.com'] [Session 40] [len=71B]
2025-09-12 18:07:09 - [BENIGN] - DEBUG - Generated ICMP traffic h2↔h5 5 [len=84B]
2025-09-12 18:07:09 - [BENIGN] - DEBUG - Generated TCP SYN from h3:8080 -> h5:12345 [len=54B]
2025-09-12 18:07:10 - [BENIGN] - DEBUG - Generated TCP SYN-ACK from h5:12345 <- h3:8080 [len=54B]
2025-09-12 18:07:10 - [BENIGN] - DEBUG - Generated TCP ACK from h3:8080 -> h5:12345 [len=54B]
2025-09-12 18:07:11 - [BENIGN] - DEBUG - Generated TCP data traffic from h3:8080 -> h5:12345 [content='TCP data'] [Session 41] [len=884B]
2025-09-12 18:07:12 - [BENIGN] - DEBUG - Generated TCP ACK reply from h5:12345 <- h3:8080 [len=54B]
2025-09-12 18:07:12 - [BENIGN] - DEBUG - Generated UDP traffic from h3:12473 -> h5:12346 [content='51c8d044937c1fa73289164ab3f6283f57d4b102...'] [Session 42] [len=731B]
2025-09-12 18:07:13 - [BENIGN] - DEBUG - Generated Telnet SYN from h3:38792 -> h5:23 [len=54B]
2025-09-12 18:07:13 - [BENIGN] - DEBUG - Generated Telnet SYN-ACK from h5:23 <- h3:38792 [len=54B]
2025-09-12 18:07:14 - [BENIGN] - DEBUG - Generated Telnet ACK from h3:38792 -> h5:23 [len=54B]
2025-09-12 18:07:15 - [BENIGN] - DEBUG - Generated Telnet data traffic from h3:38792 -> h5:23 [content='Telnet command'] [Session 43] [len=383B]
2025-09-12 18:07:15 - [BENIGN] - DEBUG - Generated Telnet ACK reply from h5:23 <- h3:38792 [len=54B]
2025-09-12 18:07:16 - [BENIGN] - DEBUG - Generated SSH SYN from h3:32035 -> h5:22 [len=54B]
2025-09-12 18:07:17 - [BENIGN] - DEBUG - Generated SSH SYN-ACK from h5:22 <- h3:32035 [len=54B]
2025-09-12 18:07:17 - [BENIGN] - DEBUG - Generated SSH ACK from h3:32035 -> h5:22 [len=54B]
2025-09-12 18:07:18 - [BENIGN] - DEBUG - Generated SSH data traffic from h3:32035 -> h5:22 [content='SSH encrypted data'] [Session 44] [len=489B]
2025-09-12 18:07:18 - [BENIGN] - DEBUG - Generated SSH ACK reply from h5:22 <- h3:32035 [len=54B]
2025-09-12 18:07:19 - [BENIGN] - DEBUG - Generated FTP SYN from h3:60126 -> h5:21 [len=54B]
2025-09-12 18:07:20 - [BENIGN] - DEBUG - Generated FTP SYN-ACK from h5:21 <- h3:60126 [len=54B]
2025-09-12 18:07:20 - [BENIGN] - DEBUG - Generated FTP ACK from h3:60126 -> h5:21 [len=54B]
2025-09-12 18:07:21 - [BENIGN] - DEBUG - Generated FTP data traffic from h3:60126 -> h5:21 [content='FTP file transfer'] [Session 45] [len=695B]
2025-09-12 18:07:22 - [BENIGN] - DEBUG - Generated FTP ACK reply from h5:21 <- h3:60126 [len=54B]
2025-09-12 18:07:22 - [BENIGN] - DEBUG - Generated HTTP SYN from h3:3971 -> h5:80 [len=54B]
2025-09-12 18:07:23 - [BENIGN] - DEBUG - Generated HTTP SYN-ACK from h5:80 <- h3:3971 [len=54B]
2025-09-12 18:07:24 - [BENIGN] - DEBUG - Generated HTTP ACK from h3:3971 -> h5:80 [len=54B]
2025-09-12 18:07:24 - [BENIGN] - DEBUG - Generated HTTP data traffic from h3:3971 -> h5:80 [content='GET /index.html HTTP/1.1'] [Session 46] [len=429B]
2025-09-12 18:07:25 - [BENIGN] - DEBUG - Generated HTTP ACK reply from h5:80 <- h3:3971 [len=54B]
2025-09-12 18:07:25 - [BENIGN] - DEBUG - Generated HTTPS SYN from h3:65523 -> h5:443 [len=54B]
2025-09-12 18:07:26 - [BENIGN] - DEBUG - Generated HTTPS SYN-ACK from h5:443 <- h3:65523 [len=54B]
2025-09-12 18:07:27 - [BENIGN] - DEBUG - Generated HTTPS ACK from h3:65523 -> h5:443 [len=54B]
2025-09-12 18:07:27 - [BENIGN] - DEBUG - Generated HTTPS data traffic from h3:65523 -> h5:443 [content='Encrypted Application Data'] [Session 47] [len=382B]
2025-09-12 18:07:28 - [BENIGN] - DEBUG - Generated HTTPS ACK reply from h5:443 <- h3:65523 [len=54B]
2025-09-12 18:07:29 - [BENIGN] - DEBUG - Generated DNS query from h3:4120 -> h5:53 [qname='example.com'] [Session 48] [len=71B]
2025-09-12 18:07:29 - [BENIGN] - DEBUG - Generated ICMP traffic h2↔h5 6 [len=84B]
2025-09-12 18:07:29 - [BENIGN] - DEBUG - Generated TCP SYN from h3:9283 -> h5:12345 [len=54B]
2025-09-12 18:07:30 - [BENIGN] - DEBUG - Generated TCP SYN-ACK from h5:12345 <- h3:9283 [len=54B]
2025-09-12 18:07:31 - [BENIGN] - DEBUG - Generated TCP ACK from h3:9283 -> h5:12345 [len=54B]
2025-09-12 18:07:31 - [BENIGN] - DEBUG - Generated TCP data traffic from h3:9283 -> h5:12345 [content='TCP data'] [Session 49] [len=1112B]
2025-09-12 18:07:32 - [BENIGN] - DEBUG - Generated TCP ACK reply from h5:12345 <- h3:9283 [len=54B]
2025-09-12 18:07:33 - [BENIGN] - DEBUG - Generated UDP traffic from h3:14449 -> h5:12346 [content='e81740fb9f05378bf21882bcdaff0ba61c59c5a8...'] [Session 50] [len=687B]
2025-09-12 18:07:33 - [BENIGN] - DEBUG - Generated Telnet SYN from h3:15973 -> h5:23 [len=54B]
2025-09-12 18:07:34 - [BENIGN] - DEBUG - Generated Telnet SYN-ACK from h5:23 <- h3:15973 [len=54B]
2025-09-12 18:07:35 - [BENIGN] - DEBUG - Generated Telnet ACK from h3:15973 -> h5:23 [len=54B]
2025-09-12 18:07:35 - [BENIGN] - DEBUG - Generated Telnet data traffic from h3:15973 -> h5:23 [content='Telnet command'] [Session 51] [len=677B]
2025-09-12 18:07:36 - [BENIGN] - DEBUG - Generated Telnet ACK reply from h5:23 <- h3:15973 [len=54B]
2025-09-12 18:07:36 - [BENIGN] - DEBUG - Generated SSH SYN from h3:59477 -> h5:22 [len=54B]
2025-09-12 18:07:37 - [BENIGN] - DEBUG - Generated SSH SYN-ACK from h5:22 <- h3:59477 [len=54B]
2025-09-12 18:07:38 - [BENIGN] - DEBUG - Generated SSH ACK from h3:59477 -> h5:22 [len=54B]
2025-09-12 18:07:38 - [BENIGN] - DEBUG - Generated SSH data traffic from h3:59477 -> h5:22 [content='SSH encrypted data'] [Session 52] [len=475B]
2025-09-12 18:07:39 - [BENIGN] - DEBUG - Generated SSH ACK reply from h5:22 <- h3:59477 [len=54B]
2025-09-12 18:07:40 - [BENIGN] - DEBUG - Generated FTP SYN from h3:59264 -> h5:21 [len=54B]
2025-09-12 18:07:40 - [BENIGN] - DEBUG - Generated FTP SYN-ACK from h5:21 <- h3:59264 [len=54B]
2025-09-12 18:07:41 - [BENIGN] - DEBUG - Generated FTP ACK from h3:59264 -> h5:21 [len=54B]
2025-09-12 18:07:42 - [BENIGN] - DEBUG - Generated FTP data traffic from h3:59264 -> h5:21 [content='FTP file transfer'] [Session 53] [len=294B]
2025-09-12 18:07:42 - [BENIGN] - DEBUG - Generated FTP ACK reply from h5:21 <- h3:59264 [len=54B]
2025-09-12 18:07:43 - [BENIGN] - DEBUG - Generated HTTP SYN from h3:46583 -> h5:80 [len=54B]
2025-09-12 18:07:43 - [BENIGN] - DEBUG - Generated HTTP SYN-ACK from h5:80 <- h3:46583 [len=54B]
2025-09-12 18:07:44 - [BENIGN] - DEBUG - Generated HTTP ACK from h3:46583 -> h5:80 [len=54B]
2025-09-12 18:07:45 - [BENIGN] - DEBUG - Generated HTTP data traffic from h3:46583 -> h5:80 [content='GET /index.html HTTP/1.1'] [Session 54] [len=433B]
2025-09-12 18:07:45 - [BENIGN] - DEBUG - Generated HTTP ACK reply from h5:80 <- h3:46583 [len=54B]
2025-09-12 18:07:46 - [BENIGN] - DEBUG - Generated HTTPS SYN from h3:29369 -> h5:443 [len=54B]
2025-09-12 18:07:47 - [BENIGN] - DEBUG - Generated HTTPS SYN-ACK from h5:443 <- h3:29369 [len=54B]
2025-09-12 18:07:47 - [BENIGN] - DEBUG - Generated HTTPS ACK from h3:29369 -> h5:443 [len=54B]
2025-09-12 18:07:48 - [BENIGN] - DEBUG - Generated HTTPS data traffic from h3:29369 -> h5:443 [content='Encrypted Application Data'] [Session 55] [len=773B]
2025-09-12 18:07:48 - [BENIGN] - DEBUG - Generated HTTPS ACK reply from h5:443 <- h3:29369 [len=54B]
2025-09-12 18:07:49 - [BENIGN] - DEBUG - Generated DNS query from h3:24871 -> h5:53 [qname='example.com'] [Session 56] [len=71B]
2025-09-12 18:07:49 - [BENIGN] - DEBUG - Generated ICMP traffic h2↔h5 7 [len=84B]
2025-09-12 18:07:50 - [BENIGN] - DEBUG - Generated TCP SYN from h3:18271 -> h5:12345 [len=54B]
2025-09-12 18:07:50 - [BENIGN] - DEBUG - Generated TCP SYN-ACK from h5:12345 <- h3:18271 [len=54B]
2025-09-12 18:07:51 - [BENIGN] - DEBUG - Generated TCP ACK from h3:18271 -> h5:12345 [len=54B]
2025-09-12 18:07:52 - [BENIGN] - DEBUG - Generated TCP data traffic from h3:18271 -> h5:12345 [content='TCP data'] [Session 57] [len=1058B]
2025-09-12 18:07:52 - [BENIGN] - DEBUG - Generated TCP ACK reply from h5:12345 <- h3:18271 [len=54B]
2025-09-12 18:07:53 - [BENIGN] - DEBUG - Generated UDP traffic from h3:40138 -> h5:12346 [content='ee1608259a8e812d67ef6e4ab3eeb89abe39e8fb...'] [Session 58] [len=583B]
2025-09-12 18:07:54 - [BENIGN] - DEBUG - Generated Telnet SYN from h3:15057 -> h5:23 [len=54B]
2025-09-12 18:07:54 - [BENIGN] - DEBUG - Generated Telnet SYN-ACK from h5:23 <- h3:15057 [len=54B]
2025-09-12 18:07:55 - [BENIGN] - DEBUG - Generated Telnet ACK from h3:15057 -> h5:23 [len=54B]
2025-09-12 18:07:55 - [BENIGN] - DEBUG - Generated Telnet data traffic from h3:15057 -> h5:23 [content='Telnet command'] [Session 59] [len=885B]
2025-09-12 18:07:56 - [BENIGN] - DEBUG - Generated Telnet ACK reply from h5:23 <- h3:15057 [len=54B]
2025-09-12 18:07:57 - [BENIGN] - DEBUG - Generated SSH SYN from h3:46101 -> h5:22 [len=54B]
2025-09-12 18:07:57 - [BENIGN] - DEBUG - Generated SSH SYN-ACK from h5:22 <- h3:46101 [len=54B]
2025-09-12 18:07:58 - [BENIGN] - DEBUG - Generated SSH ACK from h3:46101 -> h5:22 [len=54B]
2025-09-12 18:07:59 - [BENIGN] - DEBUG - Generated SSH data traffic from h3:46101 -> h5:22 [content='SSH encrypted data'] [Session 60] [len=1522B]
2025-09-12 18:07:59 - [BENIGN] - DEBUG - Generated SSH ACK reply from h5:22 <- h3:46101 [len=54B]
2025-09-12 18:08:00 - [BENIGN] - DEBUG - Generated FTP SYN from h3:58851 -> h5:21 [len=54B]
2025-09-12 18:08:00 - [BENIGN] - DEBUG - Generated FTP SYN-ACK from h5:21 <- h3:58851 [len=54B]
2025-09-12 18:08:01 - [BENIGN] - DEBUG - Generated FTP ACK from h3:58851 -> h5:21 [len=54B]
2025-09-12 18:08:02 - [BENIGN] - DEBUG - Generated FTP data traffic from h3:58851 -> h5:21 [content='FTP file transfer'] [Session 61] [len=1508B]
2025-09-12 18:08:02 - [BENIGN] - DEBUG - Generated FTP ACK reply from h5:21 <- h3:58851 [len=54B]
2025-09-12 18:08:03 - [BENIGN] - DEBUG - Generated HTTP SYN from h3:48280 -> h5:80 [len=54B]
2025-09-12 18:08:04 - [BENIGN] - DEBUG - Generated HTTP SYN-ACK from h5:80 <- h3:48280 [len=54B]
2025-09-12 18:08:04 - [BENIGN] - DEBUG - Generated HTTP ACK from h3:48280 -> h5:80 [len=54B]
2025-09-12 18:08:05 - [BENIGN] - DEBUG - Generated HTTP data traffic from h3:48280 -> h5:80 [content='GET /index.html HTTP/1.1'] [Session 62] [len=448B]
2025-09-12 18:08:06 - [BENIGN] - DEBUG - Generated HTTP ACK reply from h5:80 <- h3:48280 [len=54B]
2025-09-12 18:08:06 - [BENIGN] - DEBUG - Generated HTTPS SYN from h3:44789 -> h5:443 [len=54B]
2025-09-12 18:08:07 - [BENIGN] - DEBUG - Generated HTTPS SYN-ACK from h5:443 <- h3:44789 [len=54B]
2025-09-12 18:08:07 - [BENIGN] - DEBUG - Generated HTTPS ACK from h3:44789 -> h5:443 [len=54B]
2025-09-12 18:08:08 - [BENIGN] - DEBUG - Generated HTTPS data traffic from h3:44789 -> h5:443 [content='Encrypted Application Data'] [Session 63] [len=645B]
2025-09-12 18:08:09 - [BENIGN] - DEBUG - Generated HTTPS ACK reply from h5:443 <- h3:44789 [len=54B]
2025-09-12 18:08:09 - [BENIGN] - DEBUG - Generated DNS query from h3:52030 -> h5:53 [qname='example.com'] [Session 64] [len=71B]
2025-09-12 18:08:09 - [BENIGN] - DEBUG - Generated ICMP traffic h2↔h5 8 [len=84B]
2025-09-12 18:08:10 - [BENIGN] - DEBUG - Generated TCP SYN from h3:32050 -> h5:12345 [len=54B]
2025-09-12 18:08:11 - [BENIGN] - DEBUG - Generated TCP SYN-ACK from h5:12345 <- h3:32050 [len=54B]
2025-09-12 18:08:11 - [BENIGN] - DEBUG - Generated TCP ACK from h3:32050 -> h5:12345 [len=54B]
2025-09-12 18:08:12 - [BENIGN] - DEBUG - Generated TCP data traffic from h3:32050 -> h5:12345 [content='TCP data'] [Session 65] [len=427B]
2025-09-12 18:08:13 - [BENIGN] - DEBUG - Generated TCP ACK reply from h5:12345 <- h3:32050 [len=54B]
2025-09-12 18:08:13 - [BENIGN] - DEBUG - Generated UDP traffic from h3:9498 -> h5:12346 [content='24583ec4a313a658f90c817165b0c4913a1525cc...'] [Session 66] [len=570B]
2025-09-12 18:08:14 - [BENIGN] - DEBUG - Generated Telnet SYN from h3:9772 -> h5:23 [len=54B]
2025-09-12 18:08:14 - [BENIGN] - DEBUG - Generated Telnet SYN-ACK from h5:23 <- h3:9772 [len=54B]
2025-09-12 18:08:15 - [BENIGN] - DEBUG - Generated Telnet ACK from h3:9772 -> h5:23 [len=54B]
2025-09-12 18:08:16 - [BENIGN] - DEBUG - Generated Telnet data traffic from h3:9772 -> h5:23 [content='Telnet command'] [Session 67] [len=876B]
2025-09-12 18:08:16 - [BENIGN] - DEBUG - Generated Telnet ACK reply from h5:23 <- h3:9772 [len=54B]
2025-09-12 18:08:17 - [BENIGN] - DEBUG - Generated SSH SYN from h3:6015 -> h5:22 [len=54B]
2025-09-12 18:08:18 - [BENIGN] - DEBUG - Generated SSH SYN-ACK from h5:22 <- h3:6015 [len=54B]
2025-09-12 18:08:18 - [BENIGN] - DEBUG - Generated SSH ACK from h3:6015 -> h5:22 [len=54B]
2025-09-12 18:08:19 - [BENIGN] - DEBUG - Generated SSH data traffic from h3:6015 -> h5:22 [content='SSH encrypted data'] [Session 68] [len=1102B]
2025-09-12 18:08:19 - [BENIGN] - DEBUG - Generated SSH ACK reply from h5:22 <- h3:6015 [len=54B]
2025-09-12 18:08:20 - [BENIGN] - DEBUG - Generated FTP SYN from h3:57801 -> h5:21 [len=54B]
2025-09-12 18:08:21 - [BENIGN] - DEBUG - Generated FTP SYN-ACK from h5:21 <- h3:57801 [len=54B]
2025-09-12 18:08:21 - [BENIGN] - DEBUG - Generated FTP ACK from h3:57801 -> h5:21 [len=54B]
2025-09-12 18:08:22 - [BENIGN] - DEBUG - Generated FTP data traffic from h3:57801 -> h5:21 [content='FTP file transfer'] [Session 69] [len=440B]
2025-09-12 18:08:23 - [BENIGN] - DEBUG - Generated FTP ACK reply from h5:21 <- h3:57801 [len=54B]
2025-09-12 18:08:23 - [BENIGN] - DEBUG - Generated HTTP SYN from h3:45761 -> h5:80 [len=54B]
2025-09-12 18:08:24 - [BENIGN] - DEBUG - Generated HTTP SYN-ACK from h5:80 <- h3:45761 [len=54B]
2025-09-12 18:08:24 - [BENIGN] - DEBUG - Generated HTTP ACK from h3:45761 -> h5:80 [len=54B]
2025-09-12 18:08:25 - [BENIGN] - DEBUG - Generated HTTP data traffic from h3:45761 -> h5:80 [content='GET /index.html HTTP/1.1'] [Session 70] [len=652B]
2025-09-12 18:08:26 - [BENIGN] - DEBUG - Generated HTTP ACK reply from h5:80 <- h3:45761 [len=54B]
2025-09-12 18:08:26 - [BENIGN] - DEBUG - Generated HTTPS SYN from h3:8049 -> h5:443 [len=54B]
2025-09-12 18:08:27 - [BENIGN] - DEBUG - Generated HTTPS SYN-ACK from h5:443 <- h3:8049 [len=54B]
2025-09-12 18:08:28 - [BENIGN] - DEBUG - Generated HTTPS ACK from h3:8049 -> h5:443 [len=54B]
2025-09-12 18:08:28 - [BENIGN] - DEBUG - Generated HTTPS data traffic from h3:8049 -> h5:443 [content='Encrypted Application Data'] [Session 71] [len=853B]
2025-09-12 18:08:29 - [BENIGN] - DEBUG - Generated HTTPS ACK reply from h5:443 <- h3:8049 [len=54B]
2025-09-12 18:08:29 - [BENIGN] - DEBUG - Generated DNS query from h3:21270 -> h5:53 [qname='example.com'] [Session 72] [len=71B]
2025-09-12 18:08:29 - [BENIGN] - DEBUG - Generated ICMP traffic h2↔h5 9 [len=84B]
2025-09-12 18:08:30 - [BENIGN] - DEBUG - Generated TCP SYN from h3:39550 -> h5:12345 [len=54B]
2025-09-12 18:08:31 - [BENIGN] - DEBUG - Generated TCP SYN-ACK from h5:12345 <- h3:39550 [len=54B]
2025-09-12 18:08:31 - [BENIGN] - DEBUG - Generated TCP ACK from h3:39550 -> h5:12345 [len=54B]
2025-09-12 18:08:32 - [BENIGN] - DEBUG - Generated TCP data traffic from h3:39550 -> h5:12345 [content='TCP data'] [Session 73] [len=1352B]
2025-09-12 18:08:33 - [BENIGN] - DEBUG - Generated TCP ACK reply from h5:12345 <- h3:39550 [len=54B]
2025-09-12 18:08:33 - [BENIGN] - DEBUG - Generated UDP traffic from h3:31529 -> h5:12346 [content='a44a3fd9764fdf8b33a0c0e8861567467170048e...'] [Session 74] [len=574B]
2025-09-12 18:08:34 - [BENIGN] - DEBUG - Generated Telnet SYN from h3:57080 -> h5:23 [len=54B]
2025-09-12 18:08:34 - [BENIGN] - DEBUG - Generated Telnet SYN-ACK from h5:23 <- h3:57080 [len=54B]
2025-09-12 18:08:35 - [BENIGN] - DEBUG - Generated Telnet ACK from h3:57080 -> h5:23 [len=54B]
2025-09-12 18:08:36 - [BENIGN] - DEBUG - Generated Telnet data traffic from h3:57080 -> h5:23 [content='Telnet command'] [Session 75] [len=482B]
2025-09-12 18:08:36 - [BENIGN] - DEBUG - Generated Telnet ACK reply from h5:23 <- h3:57080 [len=54B]
2025-09-12 18:08:37 - [BENIGN] - DEBUG - Generated SSH SYN from h3:19303 -> h5:22 [len=54B]
2025-09-12 18:08:38 - [BENIGN] - DEBUG - Generated SSH SYN-ACK from h5:22 <- h3:19303 [len=54B]
2025-09-12 18:08:38 - [BENIGN] - DEBUG - Generated SSH ACK from h3:19303 -> h5:22 [len=54B]
2025-09-12 18:08:39 - [BENIGN] - DEBUG - Generated SSH data traffic from h3:19303 -> h5:22 [content='SSH encrypted data'] [Session 76] [len=1517B]
2025-09-12 18:08:40 - [BENIGN] - DEBUG - Generated SSH ACK reply from h5:22 <- h3:19303 [len=54B]
2025-09-12 18:08:40 - [BENIGN] - DEBUG - Generated FTP SYN from h3:58423 -> h5:21 [len=54B]
2025-09-12 18:08:41 - [BENIGN] - DEBUG - Generated FTP SYN-ACK from h5:21 <- h3:58423 [len=54B]
2025-09-12 18:08:41 - [BENIGN] - DEBUG - Generated FTP ACK from h3:58423 -> h5:21 [len=54B]
2025-09-12 18:08:42 - [BENIGN] - DEBUG - Generated FTP data traffic from h3:58423 -> h5:21 [content='FTP file transfer'] [Session 77] [len=782B]
2025-09-12 18:08:43 - [BENIGN] - DEBUG - Generated FTP ACK reply from h5:21 <- h3:58423 [len=54B]
2025-09-12 18:08:43 - [BENIGN] - DEBUG - Generated HTTP SYN from h3:7791 -> h5:80 [len=54B]
2025-09-12 18:08:44 - [BENIGN] - DEBUG - Generated HTTP SYN-ACK from h5:80 <- h3:7791 [len=54B]
2025-09-12 18:08:45 - [BENIGN] - DEBUG - Generated HTTP ACK from h3:7791 -> h5:80 [len=54B]
2025-09-12 18:08:45 - [BENIGN] - DEBUG - Generated HTTP data traffic from h3:7791 -> h5:80 [content='GET /index.html HTTP/1.1'] [Session 78] [len=350B]
2025-09-12 18:08:46 - [BENIGN] - DEBUG - Generated HTTP ACK reply from h5:80 <- h3:7791 [len=54B]
2025-09-12 18:08:46 - [BENIGN] - DEBUG - Generated HTTPS SYN from h3:1744 -> h5:443 [len=54B]
2025-09-12 18:08:47 - [BENIGN] - DEBUG - Generated HTTPS SYN-ACK from h5:443 <- h3:1744 [len=54B]
2025-09-12 18:08:48 - [BENIGN] - DEBUG - Generated HTTPS ACK from h3:1744 -> h5:443 [len=54B]
2025-09-12 18:08:48 - [BENIGN] - DEBUG - Generated HTTPS data traffic from h3:1744 -> h5:443 [content='Encrypted Application Data'] [Session 79] [len=788B]
2025-09-12 18:08:49 - [BENIGN] - DEBUG - Generated HTTPS ACK reply from h5:443 <- h3:1744 [len=54B]
2025-09-12 18:08:50 - [BENIGN] - DEBUG - Generated DNS query from h3:41845 -> h5:53 [qname='example.com'] [Session 80] [len=71B]
2025-09-12 18:08:50 - [BENIGN] - INFO - Benign traffic finished.
2025-09-12 18:08:50 - [BENIGN] - INFO - Summary: 80 protocol sessions with protocol separation:
2025-09-12 18:08:50 - [BENIGN] - INFO -   - h2↔h5: ICMP ping traffic
2025-09-12 18:08:50 - [BENIGN] - INFO -   - h3↔h5: TCP/UDP traffic [TCP, UDP, Telnet, SSH, FTP, HTTP, HTTPS, DNS]
2025-09-12 18:08:50 - [BENIGN] - INFO - Total packets sent: 340
