2025-09-12 19:20:04,038 - attack_logger - INFO - Attack: Enhanced SYN Flood (11s) | h1 -> h6
2025-09-12 19:20:06,554 - attack_logger - INFO - [syn_flood] [Run ID: f15d8230-8d1b-447c-aafd-3e8d9084d707] Starting Enhanced SYN Flood from h1 to 192.168.30.10 for 11 seconds.
2025-09-12 19:20:06,554 - attack_logger - INFO - [syn_flood] [Run ID: f15d8230-8d1b-447c-aafd-3e8d9084d707] Attack Phase: Enhanced Traditional SYN Flood - Attacker: h1, Target: 192.168.30.10:80, Duration: 11s
2025-09-12 19:20:06,554 - attack_logger - INFO - [syn_flood] [Run ID: f15d8230-8d1b-447c-aafd-3e8d9084d707] Enhanced Features: Human-like timing, protocol compliance, network delay simulation
2025-09-12 19:20:06,554 - attack_logger - INFO - [syn_flood] [Run ID: f15d8230-8d1b-447c-aafd-3e8d9084d707] Session pattern: 1 phases, Circadian factor: 0.60, Workday factor: 0.60
2025-09-12 19:20:06,554 - attack_logger - DEBUG - [syn_flood] [Run ID: f15d8230-8d1b-447c-aafd-3e8d9084d707] Starting enhanced SYN packet generation with human-like timing
2025-09-12 19:20:06,554 - attack_logger - INFO - [syn_flood] [Run ID: f15d8230-8d1b-447c-aafd-3e8d9084d707] Stress phase: 3s, Advanced phase: 8s
2025-09-12 19:20:10,150 - attack_logger - INFO - [syn_flood] [Run ID: f15d8230-8d1b-447c-aafd-3e8d9084d707] Stress phase completed
2025-09-12 19:20:10,157 - attack_logger - INFO - [syn_flood] [Run ID: f15d8230-8d1b-447c-aafd-3e8d9084d707] Enhanced SYN flood process started (PID: 21694)
2025-09-12 19:20:11,255 - attack_logger - INFO - [syn_flood] [Run ID: f15d8230-8d1b-447c-aafd-3e8d9084d707] Attack progress: 1.1s elapsed, ~8 packets sent, Rate: 7.2 pps, Phase: active (intensity: 0.91)
2025-09-12 19:20:11,256 - attack_logger - DEBUG - [syn_flood] [Run ID: f15d8230-8d1b-447c-aafd-3e8d9084d707] Process stats - CPU: 0.0%, Memory: 60.4MB
2025-09-12 19:20:11,256 - attack_logger - DEBUG - [syn_flood] [Run ID: f15d8230-8d1b-447c-aafd-3e8d9084d707] Timing factors - Circadian: 0.60, Workday: 0.60, Adjusted rate: 7.5 pps
2025-09-12 19:20:12,256 - attack_logger - INFO - [syn_flood] [Run ID: f15d8230-8d1b-447c-aafd-3e8d9084d707] Attack progress: 2.1s elapsed, ~14 packets sent, Rate: 6.6 pps, Phase: active (intensity: 0.91)
2025-09-12 19:20:12,256 - attack_logger - DEBUG - [syn_flood] [Run ID: f15d8230-8d1b-447c-aafd-3e8d9084d707] Process stats - CPU: 0.0%, Memory: 60.4MB
2025-09-12 19:20:12,256 - attack_logger - DEBUG - [syn_flood] [Run ID: f15d8230-8d1b-447c-aafd-3e8d9084d707] Timing factors - Circadian: 0.60, Workday: 0.60, Adjusted rate: 6.7 pps
2025-09-12 19:20:13,260 - attack_logger - INFO - [syn_flood] [Run ID: f15d8230-8d1b-447c-aafd-3e8d9084d707] Attack progress: 3.1s elapsed, ~29 packets sent, Rate: 9.3 pps, Phase: active (intensity: 0.91)
2025-09-12 19:20:13,260 - attack_logger - DEBUG - [syn_flood] [Run ID: f15d8230-8d1b-447c-aafd-3e8d9084d707] Process stats - CPU: 0.0%, Memory: 60.4MB
2025-09-12 19:20:13,260 - attack_logger - DEBUG - [syn_flood] [Run ID: f15d8230-8d1b-447c-aafd-3e8d9084d707] Timing factors - Circadian: 0.60, Workday: 0.60, Adjusted rate: 9.6 pps
2025-09-12 19:20:14,290 - attack_logger - INFO - [syn_flood] [Run ID: f15d8230-8d1b-447c-aafd-3e8d9084d707] Attack progress: 4.1s elapsed, ~30 packets sent, Rate: 7.2 pps, Phase: active (intensity: 0.91)
2025-09-12 19:20:14,290 - attack_logger - DEBUG - [syn_flood] [Run ID: f15d8230-8d1b-447c-aafd-3e8d9084d707] Process stats - CPU: 0.0%, Memory: 60.4MB
2025-09-12 19:20:14,290 - attack_logger - DEBUG - [syn_flood] [Run ID: f15d8230-8d1b-447c-aafd-3e8d9084d707] Timing factors - Circadian: 0.60, Workday: 0.60, Adjusted rate: 7.5 pps
2025-09-12 19:20:15,352 - attack_logger - INFO - [syn_flood] [Run ID: f15d8230-8d1b-447c-aafd-3e8d9084d707] Attack progress: 5.2s elapsed, ~47 packets sent, Rate: 9.0 pps, Phase: active (intensity: 0.91)
2025-09-12 19:20:15,352 - attack_logger - DEBUG - [syn_flood] [Run ID: f15d8230-8d1b-447c-aafd-3e8d9084d707] Process stats - CPU: 0.0%, Memory: 60.6MB
2025-09-12 19:20:15,352 - attack_logger - DEBUG - [syn_flood] [Run ID: f15d8230-8d1b-447c-aafd-3e8d9084d707] Timing factors - Circadian: 0.60, Workday: 0.60, Adjusted rate: 9.2 pps
2025-09-12 19:20:16,362 - attack_logger - INFO - [syn_flood] [Run ID: f15d8230-8d1b-447c-aafd-3e8d9084d707] Attack progress: 6.2s elapsed, ~54 packets sent, Rate: 8.7 pps, Phase: active (intensity: 0.91)
2025-09-12 19:20:16,362 - attack_logger - DEBUG - [syn_flood] [Run ID: f15d8230-8d1b-447c-aafd-3e8d9084d707] Process stats - CPU: 0.0%, Memory: 60.6MB
2025-09-12 19:20:16,362 - attack_logger - DEBUG - [syn_flood] [Run ID: f15d8230-8d1b-447c-aafd-3e8d9084d707] Timing factors - Circadian: 0.60, Workday: 0.60, Adjusted rate: 8.7 pps
2025-09-12 19:20:17,415 - attack_logger - INFO - [syn_flood] [Run ID: f15d8230-8d1b-447c-aafd-3e8d9084d707] Attack progress: 7.3s elapsed, ~48 packets sent, Rate: 6.6 pps, Phase: active (intensity: 0.91)
2025-09-12 19:20:17,415 - attack_logger - DEBUG - [syn_flood] [Run ID: f15d8230-8d1b-447c-aafd-3e8d9084d707] Process stats - CPU: 0.0%, Memory: 60.6MB
2025-09-12 19:20:17,415 - attack_logger - DEBUG - [syn_flood] [Run ID: f15d8230-8d1b-447c-aafd-3e8d9084d707] Timing factors - Circadian: 0.60, Workday: 0.60, Adjusted rate: 6.7 pps
2025-09-12 19:20:18,186 - attack_logger - DEBUG - [syn_flood] [Run ID: f15d8230-8d1b-447c-aafd-3e8d9084d707] Sent SIGINT to SYN flood process 21694
2025-09-12 19:20:18,687 - attack_logger - INFO - [syn_flood] [Run ID: f15d8230-8d1b-447c-aafd-3e8d9084d707] Enhanced SYN Flood from h1 to 192.168.30.10 finished.
2025-09-12 19:20:18,687 - attack_logger - INFO - [syn_flood] [Run ID: f15d8230-8d1b-447c-aafd-3e8d9084d707] Attack completed. Total packets sent = 61, Average rate = 7.59 packets/sec.
2025-09-12 19:20:18,688 - attack_logger - INFO - [syn_flood] [Run ID: f15d8230-8d1b-447c-aafd-3e8d9084d707] --- Enhanced Attack Summary ---
2025-09-12 19:20:18,688 - attack_logger - INFO - [syn_flood] [Run ID: f15d8230-8d1b-447c-aafd-3e8d9084d707] Total packets sent: 61
2025-09-12 19:20:18,688 - attack_logger - INFO - [syn_flood] [Run ID: f15d8230-8d1b-447c-aafd-3e8d9084d707] Actual duration: 8.04s
2025-09-12 19:20:18,688 - attack_logger - INFO - [syn_flood] [Run ID: f15d8230-8d1b-447c-aafd-3e8d9084d707] Average rate: 7.59 packets/sec
2025-09-12 19:20:18,688 - attack_logger - INFO - [syn_flood] [Run ID: f15d8230-8d1b-447c-aafd-3e8d9084d707] Base rate: 21.2 pps
2025-09-12 19:20:18,688 - attack_logger - INFO - [syn_flood] [Run ID: f15d8230-8d1b-447c-aafd-3e8d9084d707] Circadian factor: 0.60
2025-09-12 19:20:18,688 - attack_logger - INFO - [syn_flood] [Run ID: f15d8230-8d1b-447c-aafd-3e8d9084d707] Workday factor: 0.60
2025-09-12 19:20:18,688 - attack_logger - INFO - [syn_flood] [Run ID: f15d8230-8d1b-447c-aafd-3e8d9084d707] Session phases: 1
2025-09-12 19:20:18,688 - attack_logger - INFO - [syn_flood] [Run ID: f15d8230-8d1b-447c-aafd-3e8d9084d707] Target port: 80
2025-09-12 19:20:18,688 - attack_logger - INFO - [syn_flood] [Run ID: f15d8230-8d1b-447c-aafd-3e8d9084d707] Attack method: Enhanced SYN Flood with Human-like Timing
2025-09-12 19:20:18,688 - attack_logger - INFO - [syn_flood] [Run ID: f15d8230-8d1b-447c-aafd-3e8d9084d707] Enhancement features: Human timing patterns, protocol compliance, network delay simulation
2025-09-12 19:20:18,688 - attack_logger - INFO - [syn_flood] [Run ID: f15d8230-8d1b-447c-aafd-3e8d9084d707] TCP options: MSS, WScale, Timestamp, SAckOK
2025-09-12 19:20:18,688 - attack_logger - INFO - [syn_flood] [Run ID: f15d8230-8d1b-447c-aafd-3e8d9084d707] ----------------------------------------
2025-09-12 19:20:18,759 - attack_logger - INFO - Attack: Enhanced SYN Flood completed.
2025-09-12 19:20:18,760 - attack_logger - INFO - Attack: Enhanced UDP Flood (22s) | h1 -> h6
2025-09-12 19:20:21,273 - attack_logger - INFO - [udp_flood] [Run ID: e502827c-4b5f-4166-9fc4-dcdb01955202] Starting Enhanced UDP Flood from h1 to 192.168.30.10 for 22 seconds.
2025-09-12 19:20:21,273 - attack_logger - INFO - [udp_flood] [Run ID: e502827c-4b5f-4166-9fc4-dcdb01955202] Attack Phase: Enhanced Traditional UDP Flood - Attacker: h1, Target: 192.168.30.10:53, Duration: 22s
2025-09-12 19:20:21,273 - attack_logger - INFO - [udp_flood] [Run ID: e502827c-4b5f-4166-9fc4-dcdb01955202] Enhanced Features: Human-like timing, protocol compliance, network delay simulation
2025-09-12 19:20:21,273 - attack_logger - INFO - [udp_flood] [Run ID: e502827c-4b5f-4166-9fc4-dcdb01955202] Stress phase: 6s, Advanced phase: 16s
2025-09-12 19:20:27,859 - attack_logger - INFO - [udp_flood] [Run ID: e502827c-4b5f-4166-9fc4-dcdb01955202] Stress phase completed
2025-09-12 19:20:27,860 - attack_logger - INFO - [udp_flood] [Run ID: e502827c-4b5f-4166-9fc4-dcdb01955202] Session pattern: 2 phases, Circadian factor: 0.60, Workday factor: 0.60
2025-09-12 19:20:27,860 - attack_logger - DEBUG - [udp_flood] [Run ID: e502827c-4b5f-4166-9fc4-dcdb01955202] Starting enhanced UDP packet generation with human-like timing
2025-09-12 19:20:27,867 - attack_logger - INFO - [udp_flood] [Run ID: e502827c-4b5f-4166-9fc4-dcdb01955202] Enhanced UDP flood process started (PID: 21704)
2025-09-12 19:20:30,924 - attack_logger - INFO - [udp_flood] [Run ID: e502827c-4b5f-4166-9fc4-dcdb01955202] Attack progress: 3.1s elapsed, ~7 packets sent, Rate: 2.3 pps, Phase: break (intensity: 0.25)
2025-09-12 19:20:30,924 - attack_logger - DEBUG - [udp_flood] [Run ID: e502827c-4b5f-4166-9fc4-dcdb01955202] Process stats - CPU: 0.0%, Memory: 60.4MB
2025-09-12 19:20:30,924 - attack_logger - DEBUG - [udp_flood] [Run ID: e502827c-4b5f-4166-9fc4-dcdb01955202] Timing factors - Circadian: 0.60, Workday: 0.60, Adjusted rate: 2.6 pps
2025-09-12 19:20:33,930 - attack_logger - INFO - [udp_flood] [Run ID: e502827c-4b5f-4166-9fc4-dcdb01955202] Attack progress: 6.1s elapsed, ~12 packets sent, Rate: 2.0 pps, Phase: break (intensity: 0.25)
2025-09-12 19:20:33,931 - attack_logger - DEBUG - [udp_flood] [Run ID: e502827c-4b5f-4166-9fc4-dcdb01955202] Process stats - CPU: 0.0%, Memory: 60.6MB
2025-09-12 19:20:33,931 - attack_logger - DEBUG - [udp_flood] [Run ID: e502827c-4b5f-4166-9fc4-dcdb01955202] Timing factors - Circadian: 0.60, Workday: 0.60, Adjusted rate: 2.1 pps
2025-09-12 19:20:36,969 - attack_logger - INFO - [udp_flood] [Run ID: e502827c-4b5f-4166-9fc4-dcdb01955202] Attack progress: 9.1s elapsed, ~23 packets sent, Rate: 2.5 pps, Phase: break (intensity: 0.25)
2025-09-12 19:20:36,969 - attack_logger - DEBUG - [udp_flood] [Run ID: e502827c-4b5f-4166-9fc4-dcdb01955202] Process stats - CPU: 0.0%, Memory: 60.6MB
2025-09-12 19:20:36,969 - attack_logger - DEBUG - [udp_flood] [Run ID: e502827c-4b5f-4166-9fc4-dcdb01955202] Timing factors - Circadian: 0.60, Workday: 0.60, Adjusted rate: 2.5 pps
2025-09-12 19:20:40,090 - attack_logger - INFO - [udp_flood] [Run ID: e502827c-4b5f-4166-9fc4-dcdb01955202] Attack progress: 12.2s elapsed, ~24 packets sent, Rate: 2.0 pps, Phase: break (intensity: 0.25)
2025-09-12 19:20:40,090 - attack_logger - DEBUG - [udp_flood] [Run ID: e502827c-4b5f-4166-9fc4-dcdb01955202] Process stats - CPU: 0.0%, Memory: 60.6MB
2025-09-12 19:20:40,091 - attack_logger - DEBUG - [udp_flood] [Run ID: e502827c-4b5f-4166-9fc4-dcdb01955202] Timing factors - Circadian: 0.60, Workday: 0.60, Adjusted rate: 2.0 pps
2025-09-12 19:20:41,714 - attack_logger - DEBUG - [udp_flood] [Run ID: e502827c-4b5f-4166-9fc4-dcdb01955202] Entering break phase (intensity: 0.30)
2025-09-12 19:20:43,091 - attack_logger - INFO - [udp_flood] [Run ID: e502827c-4b5f-4166-9fc4-dcdb01955202] Attack progress: 15.2s elapsed, ~33 packets sent, Rate: 2.2 pps, Phase: break (intensity: 0.30)
2025-09-12 19:20:43,091 - attack_logger - DEBUG - [udp_flood] [Run ID: e502827c-4b5f-4166-9fc4-dcdb01955202] Process stats - CPU: 0.0%, Memory: 60.6MB
2025-09-12 19:20:43,091 - attack_logger - DEBUG - [udp_flood] [Run ID: e502827c-4b5f-4166-9fc4-dcdb01955202] Timing factors - Circadian: 0.60, Workday: 0.60, Adjusted rate: 2.2 pps
2025-09-12 19:20:43,869 - attack_logger - DEBUG - [udp_flood] [Run ID: e502827c-4b5f-4166-9fc4-dcdb01955202] Sent SIGINT to UDP flood process 21704
2025-09-12 19:20:44,375 - attack_logger - INFO - [udp_flood] [Run ID: e502827c-4b5f-4166-9fc4-dcdb01955202] Enhanced UDP Flood from h1 to 192.168.30.10 finished.
2025-09-12 19:20:44,376 - attack_logger - INFO - [udp_flood] [Run ID: e502827c-4b5f-4166-9fc4-dcdb01955202] Attack completed. Total packets sent = 120, Average rate = 7.50 packets/sec.
2025-09-12 19:20:44,376 - attack_logger - INFO - [udp_flood] [Run ID: e502827c-4b5f-4166-9fc4-dcdb01955202] --- Enhanced Attack Summary ---
2025-09-12 19:20:44,376 - attack_logger - INFO - [udp_flood] [Run ID: e502827c-4b5f-4166-9fc4-dcdb01955202] Total packets sent: 120
2025-09-12 19:20:44,376 - attack_logger - INFO - [udp_flood] [Run ID: e502827c-4b5f-4166-9fc4-dcdb01955202] Actual duration: 16.01s
2025-09-12 19:20:44,376 - attack_logger - INFO - [udp_flood] [Run ID: e502827c-4b5f-4166-9fc4-dcdb01955202] Average rate: 7.50 packets/sec
2025-09-12 19:20:44,376 - attack_logger - INFO - [udp_flood] [Run ID: e502827c-4b5f-4166-9fc4-dcdb01955202] Base rate: 20.9 pps
2025-09-12 19:20:44,376 - attack_logger - INFO - [udp_flood] [Run ID: e502827c-4b5f-4166-9fc4-dcdb01955202] Circadian factor: 0.60
2025-09-12 19:20:44,376 - attack_logger - INFO - [udp_flood] [Run ID: e502827c-4b5f-4166-9fc4-dcdb01955202] Workday factor: 0.60
2025-09-12 19:20:44,376 - attack_logger - INFO - [udp_flood] [Run ID: e502827c-4b5f-4166-9fc4-dcdb01955202] Session phases: 2
2025-09-12 19:20:44,376 - attack_logger - INFO - [udp_flood] [Run ID: e502827c-4b5f-4166-9fc4-dcdb01955202] Target port: 53 (DNS)
2025-09-12 19:20:44,376 - attack_logger - INFO - [udp_flood] [Run ID: e502827c-4b5f-4166-9fc4-dcdb01955202] Attack method: Enhanced UDP Flood with Human-like Timing
2025-09-12 19:20:44,376 - attack_logger - INFO - [udp_flood] [Run ID: e502827c-4b5f-4166-9fc4-dcdb01955202] Enhancement features: Human timing patterns, protocol compliance, network delay simulation
2025-09-12 19:20:44,376 - attack_logger - INFO - [udp_flood] [Run ID: e502827c-4b5f-4166-9fc4-dcdb01955202] DNS payloads: Realistic query patterns with varied domains
2025-09-12 19:20:44,376 - attack_logger - INFO - [udp_flood] [Run ID: e502827c-4b5f-4166-9fc4-dcdb01955202] ----------------------------------------
2025-09-12 19:20:44,461 - attack_logger - INFO - Attack: Enhanced UDP Flood completed.
2025-09-12 19:20:44,461 - attack_logger - INFO - Attack: Enhanced ICMP Flood (11s) | h1 -> h4
2025-09-12 19:20:46,985 - attack_logger - INFO - [icmp_flood] [Run ID: 8005e69c-ae52-4090-82f3-a17d93ec3376] Starting Enhanced ICMP Flood with RFC 1918 IP Rotation from h1 to 192.168.20.12 for 11 seconds.
2025-09-12 19:20:46,985 - attack_logger - INFO - [icmp_flood] [Run ID: 8005e69c-ae52-4090-82f3-a17d93ec3376] Attack Phase: Enhanced Traditional ICMP Flood - Attacker: h1, Target: 192.168.20.12, Duration: 11s
2025-09-12 19:20:46,985 - attack_logger - INFO - [icmp_flood] [Run ID: 8005e69c-ae52-4090-82f3-a17d93ec3376] Enhanced Features: RFC 1918 IP rotation, human-like timing, protocol compliance, network delay simulation
2025-09-12 19:20:46,985 - attack_logger - INFO - [icmp_flood] [Run ID: 8005e69c-ae52-4090-82f3-a17d93ec3376] IP Pool Size: 50 source IPs from RFC 1918 ranges (10.0.0.0/8, 172.16.0.0/12, 192.168.0.0/16)
2025-09-12 19:20:46,985 - attack_logger - INFO - [icmp_flood] [Run ID: 8005e69c-ae52-4090-82f3-a17d93ec3376] Stress phase total: 3s (host: 1s, gateway: 2s), Advanced phase: 8s
2025-09-12 19:20:48,550 - attack_logger - INFO - [icmp_flood] [Run ID: 8005e69c-ae52-4090-82f3-a17d93ec3376] Host stress sub-phase completed
2025-09-12 19:20:51,163 - attack_logger - INFO - [icmp_flood] [Run ID: 8005e69c-ae52-4090-82f3-a17d93ec3376] Gateway stress sub-phase completed
2025-09-12 19:20:51,163 - attack_logger - INFO - [icmp_flood] [Run ID: 8005e69c-ae52-4090-82f3-a17d93ec3376] Session pattern: 1 phases, Circadian factor: 0.60, Workday factor: 0.60
2025-09-12 19:20:51,163 - attack_logger - DEBUG - [icmp_flood] [Run ID: 8005e69c-ae52-4090-82f3-a17d93ec3376] Starting enhanced ICMP packet generation with IP rotation and human-like timing
2025-09-12 19:20:51,172 - attack_logger - INFO - [icmp_flood] [Run ID: 8005e69c-ae52-4090-82f3-a17d93ec3376] Enhanced ICMP flood with IP rotation process started (PID: 21717)
2025-09-12 19:20:52,181 - attack_logger - INFO - [icmp_flood] [Run ID: 8005e69c-ae52-4090-82f3-a17d93ec3376] Attack progress: 1.0s elapsed, ~2 packets sent, Rate: 2.0 pps, IP rotations: ~0, Phase: break (intensity: 0.29)
2025-09-12 19:20:52,182 - attack_logger - DEBUG - [icmp_flood] [Run ID: 8005e69c-ae52-4090-82f3-a17d93ec3376] Process stats - CPU: 0.0%, Memory: 60.0MB
2025-09-12 19:20:52,182 - attack_logger - DEBUG - [icmp_flood] [Run ID: 8005e69c-ae52-4090-82f3-a17d93ec3376] Timing factors - Circadian: 0.60, Workday: 0.60, Adjusted rate: 2.5 pps
2025-09-12 19:20:53,205 - attack_logger - INFO - [icmp_flood] [Run ID: 8005e69c-ae52-4090-82f3-a17d93ec3376] Attack progress: 2.0s elapsed, ~4 packets sent, Rate: 2.0 pps, IP rotations: ~0, Phase: break (intensity: 0.29)
2025-09-12 19:20:53,205 - attack_logger - DEBUG - [icmp_flood] [Run ID: 8005e69c-ae52-4090-82f3-a17d93ec3376] Process stats - CPU: 0.0%, Memory: 60.0MB
2025-09-12 19:20:53,205 - attack_logger - DEBUG - [icmp_flood] [Run ID: 8005e69c-ae52-4090-82f3-a17d93ec3376] Timing factors - Circadian: 0.60, Workday: 0.60, Adjusted rate: 2.2 pps
2025-09-12 19:20:54,275 - attack_logger - INFO - [icmp_flood] [Run ID: 8005e69c-ae52-4090-82f3-a17d93ec3376] Attack progress: 3.1s elapsed, ~7 packets sent, Rate: 2.2 pps, IP rotations: ~0, Phase: break (intensity: 0.29)
2025-09-12 19:20:54,275 - attack_logger - DEBUG - [icmp_flood] [Run ID: 8005e69c-ae52-4090-82f3-a17d93ec3376] Process stats - CPU: 0.0%, Memory: 60.2MB
2025-09-12 19:20:54,275 - attack_logger - DEBUG - [icmp_flood] [Run ID: 8005e69c-ae52-4090-82f3-a17d93ec3376] Timing factors - Circadian: 0.60, Workday: 0.60, Adjusted rate: 2.4 pps
2025-09-12 19:20:55,330 - attack_logger - INFO - [icmp_flood] [Run ID: 8005e69c-ae52-4090-82f3-a17d93ec3376] Attack progress: 4.2s elapsed, ~9 packets sent, Rate: 2.2 pps, IP rotations: ~0, Phase: break (intensity: 0.29)
2025-09-12 19:20:55,330 - attack_logger - DEBUG - [icmp_flood] [Run ID: 8005e69c-ae52-4090-82f3-a17d93ec3376] Process stats - CPU: 0.0%, Memory: 60.2MB
2025-09-12 19:20:55,330 - attack_logger - DEBUG - [icmp_flood] [Run ID: 8005e69c-ae52-4090-82f3-a17d93ec3376] Timing factors - Circadian: 0.60, Workday: 0.60, Adjusted rate: 2.2 pps
2025-09-12 19:20:56,415 - attack_logger - INFO - [icmp_flood] [Run ID: 8005e69c-ae52-4090-82f3-a17d93ec3376] Attack progress: 5.3s elapsed, ~11 packets sent, Rate: 2.1 pps, IP rotations: ~0, Phase: break (intensity: 0.29)
2025-09-12 19:20:56,415 - attack_logger - DEBUG - [icmp_flood] [Run ID: 8005e69c-ae52-4090-82f3-a17d93ec3376] Process stats - CPU: 0.0%, Memory: 60.2MB
2025-09-12 19:20:56,415 - attack_logger - DEBUG - [icmp_flood] [Run ID: 8005e69c-ae52-4090-82f3-a17d93ec3376] Timing factors - Circadian: 0.60, Workday: 0.60, Adjusted rate: 2.2 pps
2025-09-12 19:20:57,452 - attack_logger - INFO - [icmp_flood] [Run ID: 8005e69c-ae52-4090-82f3-a17d93ec3376] Attack progress: 6.3s elapsed, ~15 packets sent, Rate: 2.4 pps, IP rotations: ~1, Phase: break (intensity: 0.29)
2025-09-12 19:20:57,452 - attack_logger - DEBUG - [icmp_flood] [Run ID: 8005e69c-ae52-4090-82f3-a17d93ec3376] Process stats - CPU: 0.0%, Memory: 60.2MB
2025-09-12 19:20:57,452 - attack_logger - DEBUG - [icmp_flood] [Run ID: 8005e69c-ae52-4090-82f3-a17d93ec3376] Timing factors - Circadian: 0.60, Workday: 0.60, Adjusted rate: 2.5 pps
2025-09-12 19:20:58,546 - attack_logger - INFO - [icmp_flood] [Run ID: 8005e69c-ae52-4090-82f3-a17d93ec3376] Attack progress: 7.4s elapsed, ~18 packets sent, Rate: 2.4 pps, IP rotations: ~1, Phase: break (intensity: 0.29)
2025-09-12 19:20:58,546 - attack_logger - DEBUG - [icmp_flood] [Run ID: 8005e69c-ae52-4090-82f3-a17d93ec3376] Process stats - CPU: 0.0%, Memory: 60.2MB
2025-09-12 19:20:58,546 - attack_logger - DEBUG - [icmp_flood] [Run ID: 8005e69c-ae52-4090-82f3-a17d93ec3376] Timing factors - Circadian: 0.60, Workday: 0.60, Adjusted rate: 2.5 pps
2025-09-12 19:20:59,220 - attack_logger - DEBUG - [icmp_flood] [Run ID: 8005e69c-ae52-4090-82f3-a17d93ec3376] Sent SIGINT to ICMP flood process 21717
2025-09-12 19:20:59,726 - attack_logger - INFO - [icmp_flood] [Run ID: 8005e69c-ae52-4090-82f3-a17d93ec3376] Enhanced ICMP Flood with RFC 1918 IP Rotation from h1 to 192.168.20.12 finished.
2025-09-12 19:20:59,726 - attack_logger - INFO - [icmp_flood] [Run ID: 8005e69c-ae52-4090-82f3-a17d93ec3376] Attack completed. Total packets sent = 86, Average rate = 10.67 packets/sec.
2025-09-12 19:20:59,726 - attack_logger - INFO - [icmp_flood] [Run ID: 8005e69c-ae52-4090-82f3-a17d93ec3376] --- Enhanced Attack Summary ---
2025-09-12 19:20:59,726 - attack_logger - INFO - [icmp_flood] [Run ID: 8005e69c-ae52-4090-82f3-a17d93ec3376] Total packets sent: 86
2025-09-12 19:20:59,726 - attack_logger - INFO - [icmp_flood] [Run ID: 8005e69c-ae52-4090-82f3-a17d93ec3376] Total IP rotations: ~5
2025-09-12 19:20:59,726 - attack_logger - INFO - [icmp_flood] [Run ID: 8005e69c-ae52-4090-82f3-a17d93ec3376] RFC 1918 IP pool size: 50
2025-09-12 19:20:59,726 - attack_logger - INFO - [icmp_flood] [Run ID: 8005e69c-ae52-4090-82f3-a17d93ec3376] IP ranges used: 10.0.0.0/8, 172.16.0.0/12, 192.168.0.0/16
2025-09-12 19:20:59,726 - attack_logger - INFO - [icmp_flood] [Run ID: 8005e69c-ae52-4090-82f3-a17d93ec3376] Actual duration: 8.06s
2025-09-12 19:20:59,726 - attack_logger - INFO - [icmp_flood] [Run ID: 8005e69c-ae52-4090-82f3-a17d93ec3376] Average rate: 10.67 packets/sec
2025-09-12 19:20:59,726 - attack_logger - INFO - [icmp_flood] [Run ID: 8005e69c-ae52-4090-82f3-a17d93ec3376] Base rate: 29.7 pps
2025-09-12 19:20:59,726 - attack_logger - INFO - [icmp_flood] [Run ID: 8005e69c-ae52-4090-82f3-a17d93ec3376] Circadian factor: 0.60
2025-09-12 19:20:59,726 - attack_logger - INFO - [icmp_flood] [Run ID: 8005e69c-ae52-4090-82f3-a17d93ec3376] Workday factor: 0.60
2025-09-12 19:20:59,726 - attack_logger - INFO - [icmp_flood] [Run ID: 8005e69c-ae52-4090-82f3-a17d93ec3376] Session phases: 1
2025-09-12 19:20:59,726 - attack_logger - INFO - [icmp_flood] [Run ID: 8005e69c-ae52-4090-82f3-a17d93ec3376] ICMP type: Echo Request (8) with ID/Seq variations
2025-09-12 19:20:59,726 - attack_logger - INFO - [icmp_flood] [Run ID: 8005e69c-ae52-4090-82f3-a17d93ec3376] Attack method: Enhanced ICMP Flood with RFC 1918 IP Rotation
2025-09-12 19:20:59,726 - attack_logger - INFO - [icmp_flood] [Run ID: 8005e69c-ae52-4090-82f3-a17d93ec3376] Enhancement features: RFC 1918 IP rotation, human timing patterns, protocol compliance, network delay simulation
2025-09-12 19:20:59,726 - attack_logger - INFO - [icmp_flood] [Run ID: 8005e69c-ae52-4090-82f3-a17d93ec3376] ----------------------------------------
2025-09-12 19:20:59,803 - attack_logger - INFO - Attack: Enhanced ICMP Flood completed.
2025-09-12 19:21:00,313 - attack_logger - INFO - Attack: ENHANCED Adversarial TCP State Exhaustion (8s) | h1 -> h6
2025-09-12 19:21:11,492 - attack_logger - INFO - Attack: ENHANCED Adversarial Application Layer (3s) | h1 -> h6
2025-09-12 19:21:17,728 - attack_logger - INFO - Attack: ENHANCED Adversarial Slow Read (9s) | h1 -> h6
2025-09-12 19:21:30,029 - attack_logger - INFO - Attack: ENHANCED Adversarial Slow Read completed.
