2025-09-12 19:16:40 - [BENIGN] - INFO - Starting benign traffic for 200 seconds...
2025-09-12 19:16:40 - [BENIGN] - INFO - Protocol separation: h2↔h5 (ICMP), h3↔h5 (TCP/UDP)
2025-09-12 19:16:40 - [BENIGN] - DEBUG - Generated ICMP traffic h2↔h5 0 [len=84B]
2025-09-12 19:16:41 - [BENIGN] - DEBUG - Generated TCP SYN from h3:48197 -> h5:12345 [len=54B]
2025-09-12 19:16:41 - [BENIGN] - DEBUG - Generated TCP SYN-ACK from h5:12345 <- h3:48197 [len=54B]
2025-09-12 19:16:42 - [BENIGN] - DEBUG - Generated TCP ACK from h3:48197 -> h5:12345 [len=54B]
2025-09-12 19:16:43 - [BENIGN] - DEBUG - Generated TCP data traffic from h3:48197 -> h5:12345 [content='TCP data'] [Session 1] [len=579B]
2025-09-12 19:16:43 - [BENIGN] - DEBUG - Generated TCP ACK reply from h5:12345 <- h3:48197 [len=54B]
2025-09-12 19:16:44 - [BENIGN] - DEBUG - Generated UDP traffic from h3:58148 -> h5:12346 [content='5640f6ec2b6b7455fed8fa4827240e33b33301ff...'] [Session 2] [len=110B]
2025-09-12 19:16:45 - [BENIGN] - DEBUG - Generated Telnet SYN from h3:60819 -> h5:23 [len=54B]
2025-09-12 19:16:45 - [BENIGN] - DEBUG - Generated Telnet SYN-ACK from h5:23 <- h3:60819 [len=54B]
2025-09-12 19:16:46 - [BENIGN] - DEBUG - Generated Telnet ACK from h3:60819 -> h5:23 [len=54B]
2025-09-12 19:16:47 - [BENIGN] - DEBUG - Generated Telnet data traffic from h3:60819 -> h5:23 [content='Telnet command'] [Session 3] [len=343B]
2025-09-12 19:16:47 - [BENIGN] - DEBUG - Generated Telnet ACK reply from h5:23 <- h3:60819 [len=54B]
2025-09-12 19:16:48 - [BENIGN] - DEBUG - Generated SSH SYN from h3:6366 -> h5:22 [len=54B]
2025-09-12 19:16:49 - [BENIGN] - DEBUG - Generated SSH SYN-ACK from h5:22 <- h3:6366 [len=54B]
2025-09-12 19:16:49 - [BENIGN] - DEBUG - Generated SSH ACK from h3:6366 -> h5:22 [len=54B]
2025-09-12 19:16:50 - [BENIGN] - DEBUG - Generated SSH data traffic from h3:6366 -> h5:22 [content='SSH encrypted data'] [Session 4] [len=1494B]
2025-09-12 19:16:51 - [BENIGN] - DEBUG - Generated SSH ACK reply from h5:22 <- h3:6366 [len=54B]
2025-09-12 19:16:51 - [BENIGN] - DEBUG - Generated FTP SYN from h3:54343 -> h5:21 [len=54B]
2025-09-12 19:16:52 - [BENIGN] - DEBUG - Generated FTP SYN-ACK from h5:21 <- h3:54343 [len=54B]
2025-09-12 19:16:52 - [BENIGN] - DEBUG - Generated FTP ACK from h3:54343 -> h5:21 [len=54B]
2025-09-12 19:16:53 - [BENIGN] - DEBUG - Generated FTP data traffic from h3:54343 -> h5:21 [content='FTP file transfer'] [Session 5] [len=1552B]
2025-09-12 19:16:54 - [BENIGN] - DEBUG - Generated FTP ACK reply from h5:21 <- h3:54343 [len=54B]
2025-09-12 19:16:54 - [BENIGN] - DEBUG - Generated HTTP SYN from h3:17526 -> h5:80 [len=54B]
2025-09-12 19:16:55 - [BENIGN] - DEBUG - Generated HTTP SYN-ACK from h5:80 <- h3:17526 [len=54B]
2025-09-12 19:16:56 - [BENIGN] - DEBUG - Generated HTTP ACK from h3:17526 -> h5:80 [len=54B]
2025-09-12 19:16:56 - [BENIGN] - DEBUG - Generated HTTP data traffic from h3:17526 -> h5:80 [content='GET /index.html HTTP/1.1'] [Session 6] [len=439B]
2025-09-12 19:16:57 - [BENIGN] - DEBUG - Generated HTTP ACK reply from h5:80 <- h3:17526 [len=54B]
2025-09-12 19:16:58 - [BENIGN] - DEBUG - Generated HTTPS SYN from h3:29761 -> h5:443 [len=54B]
2025-09-12 19:16:58 - [BENIGN] - DEBUG - Generated HTTPS SYN-ACK from h5:443 <- h3:29761 [len=54B]
2025-09-12 19:16:59 - [BENIGN] - DEBUG - Generated HTTPS ACK from h3:29761 -> h5:443 [len=54B]
2025-09-12 19:17:00 - [BENIGN] - DEBUG - Generated HTTPS data traffic from h3:29761 -> h5:443 [content='Encrypted Application Data'] [Session 7] [len=816B]
2025-09-12 19:17:00 - [BENIGN] - DEBUG - Generated HTTPS ACK reply from h5:443 <- h3:29761 [len=54B]
2025-09-12 19:17:01 - [BENIGN] - DEBUG - Generated DNS query from h3:13185 -> h5:53 [qname='example.com'] [Session 8] [len=71B]
2025-09-12 19:17:01 - [BENIGN] - DEBUG - Generated ICMP traffic h2↔h5 1 [len=84B]
2025-09-12 19:17:02 - [BENIGN] - DEBUG - Generated TCP SYN from h3:52750 -> h5:12345 [len=54B]
2025-09-12 19:17:02 - [BENIGN] - DEBUG - Generated TCP SYN-ACK from h5:12345 <- h3:52750 [len=54B]
2025-09-12 19:17:03 - [BENIGN] - DEBUG - Generated TCP ACK from h3:52750 -> h5:12345 [len=54B]
2025-09-12 19:17:04 - [BENIGN] - DEBUG - Generated TCP data traffic from h3:52750 -> h5:12345 [content='TCP data'] [Session 9] [len=455B]
2025-09-12 19:17:04 - [BENIGN] - DEBUG - Generated TCP ACK reply from h5:12345 <- h3:52750 [len=54B]
2025-09-12 19:17:05 - [BENIGN] - DEBUG - Generated UDP traffic from h3:50463 -> h5:12346 [content='a16b687b2f990b17929518c71f53cdab537bbcce...'] [Session 10] [len=282B]
2025-09-12 19:17:05 - [BENIGN] - DEBUG - Generated Telnet SYN from h3:3226 -> h5:23 [len=54B]
2025-09-12 19:17:06 - [BENIGN] - DEBUG - Generated Telnet SYN-ACK from h5:23 <- h3:3226 [len=54B]
2025-09-12 19:17:07 - [BENIGN] - DEBUG - Generated Telnet ACK from h3:3226 -> h5:23 [len=54B]
2025-09-12 19:17:07 - [BENIGN] - DEBUG - Generated Telnet data traffic from h3:3226 -> h5:23 [content='Telnet command'] [Session 11] [len=1005B]
2025-09-12 19:17:08 - [BENIGN] - DEBUG - Generated Telnet ACK reply from h5:23 <- h3:3226 [len=54B]
2025-09-12 19:17:09 - [BENIGN] - DEBUG - Generated SSH SYN from h3:10045 -> h5:22 [len=54B]
2025-09-12 19:17:09 - [BENIGN] - DEBUG - Generated SSH SYN-ACK from h5:22 <- h3:10045 [len=54B]
2025-09-12 19:17:10 - [BENIGN] - DEBUG - Generated SSH ACK from h3:10045 -> h5:22 [len=54B]
2025-09-12 19:17:11 - [BENIGN] - DEBUG - Generated SSH data traffic from h3:10045 -> h5:22 [content='SSH encrypted data'] [Session 12] [len=165B]
2025-09-12 19:17:11 - [BENIGN] - DEBUG - Generated SSH ACK reply from h5:22 <- h3:10045 [len=54B]
2025-09-12 19:17:12 - [BENIGN] - DEBUG - Generated FTP SYN from h3:5098 -> h5:21 [len=54B]
2025-09-12 19:17:12 - [BENIGN] - DEBUG - Generated FTP SYN-ACK from h5:21 <- h3:5098 [len=54B]
2025-09-12 19:17:13 - [BENIGN] - DEBUG - Generated FTP ACK from h3:5098 -> h5:21 [len=54B]
2025-09-12 19:17:14 - [BENIGN] - DEBUG - Generated FTP data traffic from h3:5098 -> h5:21 [content='FTP file transfer'] [Session 13] [len=817B]
2025-09-12 19:17:14 - [BENIGN] - DEBUG - Generated FTP ACK reply from h5:21 <- h3:5098 [len=54B]
2025-09-12 19:17:15 - [BENIGN] - DEBUG - Generated HTTP SYN from h3:24546 -> h5:80 [len=54B]
2025-09-12 19:17:16 - [BENIGN] - DEBUG - Generated HTTP SYN-ACK from h5:80 <- h3:24546 [len=54B]
2025-09-12 19:17:16 - [BENIGN] - DEBUG - Generated HTTP ACK from h3:24546 -> h5:80 [len=54B]
2025-09-12 19:17:17 - [BENIGN] - DEBUG - Generated HTTP data traffic from h3:24546 -> h5:80 [content='GET /index.html HTTP/1.1'] [Session 14] [len=555B]
2025-09-12 19:17:17 - [BENIGN] - DEBUG - Generated HTTP ACK reply from h5:80 <- h3:24546 [len=54B]
2025-09-12 19:17:18 - [BENIGN] - DEBUG - Generated HTTPS SYN from h3:40373 -> h5:443 [len=54B]
2025-09-12 19:17:19 - [BENIGN] - DEBUG - Generated HTTPS SYN-ACK from h5:443 <- h3:40373 [len=54B]
2025-09-12 19:17:19 - [BENIGN] - DEBUG - Generated HTTPS ACK from h3:40373 -> h5:443 [len=54B]
2025-09-12 19:17:20 - [BENIGN] - DEBUG - Generated HTTPS data traffic from h3:40373 -> h5:443 [content='Encrypted Application Data'] [Session 15] [len=272B]
2025-09-12 19:17:21 - [BENIGN] - DEBUG - Generated HTTPS ACK reply from h5:443 <- h3:40373 [len=54B]
2025-09-12 19:17:21 - [BENIGN] - DEBUG - Generated DNS query from h3:64698 -> h5:53 [qname='example.com'] [Session 16] [len=71B]
2025-09-12 19:17:21 - [BENIGN] - DEBUG - Generated ICMP traffic h2↔h5 2 [len=84B]
2025-09-12 19:17:22 - [BENIGN] - DEBUG - Generated TCP SYN from h3:29214 -> h5:12345 [len=54B]
2025-09-12 19:17:23 - [BENIGN] - DEBUG - Generated TCP SYN-ACK from h5:12345 <- h3:29214 [len=54B]
2025-09-12 19:17:23 - [BENIGN] - DEBUG - Generated TCP ACK from h3:29214 -> h5:12345 [len=54B]
2025-09-12 19:17:24 - [BENIGN] - DEBUG - Generated TCP data traffic from h3:29214 -> h5:12345 [content='TCP data'] [Session 17] [len=237B]
2025-09-12 19:17:25 - [BENIGN] - DEBUG - Generated TCP ACK reply from h5:12345 <- h3:29214 [len=54B]
2025-09-12 19:17:25 - [BENIGN] - DEBUG - Generated UDP traffic from h3:16176 -> h5:12346 [content='b5189dc5d06ced5246293f760eaba7419aef5763...'] [Session 18] [len=96B]
2025-09-12 19:17:26 - [BENIGN] - DEBUG - Generated Telnet SYN from h3:63277 -> h5:23 [len=54B]
2025-09-12 19:17:26 - [BENIGN] - DEBUG - Generated Telnet SYN-ACK from h5:23 <- h3:63277 [len=54B]
2025-09-12 19:17:27 - [BENIGN] - DEBUG - Generated Telnet ACK from h3:63277 -> h5:23 [len=54B]
2025-09-12 19:17:28 - [BENIGN] - DEBUG - Generated Telnet data traffic from h3:63277 -> h5:23 [content='Telnet command'] [Session 19] [len=1306B]
2025-09-12 19:17:28 - [BENIGN] - DEBUG - Generated Telnet ACK reply from h5:23 <- h3:63277 [len=54B]
2025-09-12 19:17:29 - [BENIGN] - DEBUG - Generated SSH SYN from h3:4388 -> h5:22 [len=54B]
2025-09-12 19:17:30 - [BENIGN] - DEBUG - Generated SSH SYN-ACK from h5:22 <- h3:4388 [len=54B]
2025-09-12 19:17:30 - [BENIGN] - DEBUG - Generated SSH ACK from h3:4388 -> h5:22 [len=54B]
2025-09-12 19:17:31 - [BENIGN] - DEBUG - Generated SSH data traffic from h3:4388 -> h5:22 [content='SSH encrypted data'] [Session 20] [len=1027B]
2025-09-12 19:17:31 - [BENIGN] - DEBUG - Generated SSH ACK reply from h5:22 <- h3:4388 [len=54B]
2025-09-12 19:17:32 - [BENIGN] - DEBUG - Generated FTP SYN from h3:63897 -> h5:21 [len=54B]
2025-09-12 19:17:33 - [BENIGN] - DEBUG - Generated FTP SYN-ACK from h5:21 <- h3:63897 [len=54B]
2025-09-12 19:17:33 - [BENIGN] - DEBUG - Generated FTP ACK from h3:63897 -> h5:21 [len=54B]
2025-09-12 19:17:34 - [BENIGN] - DEBUG - Generated FTP data traffic from h3:63897 -> h5:21 [content='FTP file transfer'] [Session 21] [len=725B]
2025-09-12 19:17:35 - [BENIGN] - DEBUG - Generated FTP ACK reply from h5:21 <- h3:63897 [len=54B]
2025-09-12 19:17:35 - [BENIGN] - DEBUG - Generated HTTP SYN from h3:10757 -> h5:80 [len=54B]
2025-09-12 19:17:36 - [BENIGN] - DEBUG - Generated HTTP SYN-ACK from h5:80 <- h3:10757 [len=54B]
2025-09-12 19:17:36 - [BENIGN] - DEBUG - Generated HTTP ACK from h3:10757 -> h5:80 [len=54B]
2025-09-12 19:17:37 - [BENIGN] - DEBUG - Generated HTTP data traffic from h3:10757 -> h5:80 [content='GET /index.html HTTP/1.1'] [Session 22] [len=293B]
2025-09-12 19:17:38 - [BENIGN] - DEBUG - Generated HTTP ACK reply from h5:80 <- h3:10757 [len=54B]
2025-09-12 19:17:38 - [BENIGN] - DEBUG - Generated HTTPS SYN from h3:37399 -> h5:443 [len=54B]
2025-09-12 19:17:39 - [BENIGN] - DEBUG - Generated HTTPS SYN-ACK from h5:443 <- h3:37399 [len=54B]
2025-09-12 19:17:40 - [BENIGN] - DEBUG - Generated HTTPS ACK from h3:37399 -> h5:443 [len=54B]
2025-09-12 19:17:40 - [BENIGN] - DEBUG - Generated HTTPS data traffic from h3:37399 -> h5:443 [content='Encrypted Application Data'] [Session 23] [len=745B]
2025-09-12 19:17:41 - [BENIGN] - DEBUG - Generated HTTPS ACK reply from h5:443 <- h3:37399 [len=54B]
2025-09-12 19:17:41 - [BENIGN] - DEBUG - Generated DNS query from h3:57752 -> h5:53 [qname='example.com'] [Session 24] [len=71B]
2025-09-12 19:17:41 - [BENIGN] - DEBUG - Generated ICMP traffic h2↔h5 3 [len=84B]
2025-09-12 19:17:42 - [BENIGN] - DEBUG - Generated TCP SYN from h3:26219 -> h5:12345 [len=54B]
2025-09-12 19:17:43 - [BENIGN] - DEBUG - Generated TCP SYN-ACK from h5:12345 <- h3:26219 [len=54B]
2025-09-12 19:17:43 - [BENIGN] - DEBUG - Generated TCP ACK from h3:26219 -> h5:12345 [len=54B]
2025-09-12 19:17:44 - [BENIGN] - DEBUG - Generated TCP data traffic from h3:26219 -> h5:12345 [content='TCP data'] [Session 25] [len=1212B]
2025-09-12 19:17:45 - [BENIGN] - DEBUG - Generated TCP ACK reply from h5:12345 <- h3:26219 [len=54B]
2025-09-12 19:17:45 - [BENIGN] - DEBUG - Generated UDP traffic from h3:25772 -> h5:12346 [content='08cdeca04afb75ce71b07cf97b207efaa5a29ab4...'] [Session 26] [len=1193B]
2025-09-12 19:17:46 - [BENIGN] - DEBUG - Generated Telnet SYN from h3:2940 -> h5:23 [len=54B]
2025-09-12 19:17:47 - [BENIGN] - DEBUG - Generated Telnet SYN-ACK from h5:23 <- h3:2940 [len=54B]
2025-09-12 19:17:47 - [BENIGN] - DEBUG - Generated Telnet ACK from h3:2940 -> h5:23 [len=54B]
2025-09-12 19:17:48 - [BENIGN] - DEBUG - Generated Telnet data traffic from h3:2940 -> h5:23 [content='Telnet command'] [Session 27] [len=734B]
2025-09-12 19:17:48 - [BENIGN] - DEBUG - Generated Telnet ACK reply from h5:23 <- h3:2940 [len=54B]
2025-09-12 19:17:49 - [BENIGN] - DEBUG - Generated SSH SYN from h3:13418 -> h5:22 [len=54B]
2025-09-12 19:17:50 - [BENIGN] - DEBUG - Generated SSH SYN-ACK from h5:22 <- h3:13418 [len=54B]
2025-09-12 19:17:50 - [BENIGN] - DEBUG - Generated SSH ACK from h3:13418 -> h5:22 [len=54B]
2025-09-12 19:17:51 - [BENIGN] - DEBUG - Generated SSH data traffic from h3:13418 -> h5:22 [content='SSH encrypted data'] [Session 28] [len=571B]
2025-09-12 19:17:52 - [BENIGN] - DEBUG - Generated SSH ACK reply from h5:22 <- h3:13418 [len=54B]
2025-09-12 19:17:52 - [BENIGN] - DEBUG - Generated FTP SYN from h3:6616 -> h5:21 [len=54B]
2025-09-12 19:17:53 - [BENIGN] - DEBUG - Generated FTP SYN-ACK from h5:21 <- h3:6616 [len=54B]
2025-09-12 19:17:53 - [BENIGN] - DEBUG - Generated FTP ACK from h3:6616 -> h5:21 [len=54B]
2025-09-12 19:17:54 - [BENIGN] - DEBUG - Generated FTP data traffic from h3:6616 -> h5:21 [content='FTP file transfer'] [Session 29] [len=400B]
2025-09-12 19:17:55 - [BENIGN] - DEBUG - Generated FTP ACK reply from h5:21 <- h3:6616 [len=54B]
2025-09-12 19:17:55 - [BENIGN] - DEBUG - Generated HTTP SYN from h3:43492 -> h5:80 [len=54B]
2025-09-12 19:17:56 - [BENIGN] - DEBUG - Generated HTTP SYN-ACK from h5:80 <- h3:43492 [len=54B]
2025-09-12 19:17:57 - [BENIGN] - DEBUG - Generated HTTP ACK from h3:43492 -> h5:80 [len=54B]
2025-09-12 19:17:57 - [BENIGN] - DEBUG - Generated HTTP data traffic from h3:43492 -> h5:80 [content='GET /index.html HTTP/1.1'] [Session 30] [len=594B]
2025-09-12 19:17:58 - [BENIGN] - DEBUG - Generated HTTP ACK reply from h5:80 <- h3:43492 [len=54B]
2025-09-12 19:17:58 - [BENIGN] - DEBUG - Generated HTTPS SYN from h3:47990 -> h5:443 [len=54B]
2025-09-12 19:17:59 - [BENIGN] - DEBUG - Generated HTTPS SYN-ACK from h5:443 <- h3:47990 [len=54B]
2025-09-12 19:18:00 - [BENIGN] - DEBUG - Generated HTTPS ACK from h3:47990 -> h5:443 [len=54B]
2025-09-12 19:18:00 - [BENIGN] - DEBUG - Generated HTTPS data traffic from h3:47990 -> h5:443 [content='Encrypted Application Data'] [Session 31] [len=301B]
2025-09-12 19:18:01 - [BENIGN] - DEBUG - Generated HTTPS ACK reply from h5:443 <- h3:47990 [len=54B]
2025-09-12 19:18:02 - [BENIGN] - DEBUG - Generated DNS query from h3:62606 -> h5:53 [qname='example.com'] [Session 32] [len=71B]
2025-09-12 19:18:02 - [BENIGN] - DEBUG - Generated ICMP traffic h2↔h5 4 [len=84B]
2025-09-12 19:18:02 - [BENIGN] - DEBUG - Generated TCP SYN from h3:56350 -> h5:12345 [len=54B]
2025-09-12 19:18:03 - [BENIGN] - DEBUG - Generated TCP SYN-ACK from h5:12345 <- h3:56350 [len=54B]
2025-09-12 19:18:04 - [BENIGN] - DEBUG - Generated TCP ACK from h3:56350 -> h5:12345 [len=54B]
2025-09-12 19:18:04 - [BENIGN] - DEBUG - Generated TCP data traffic from h3:56350 -> h5:12345 [content='TCP data'] [Session 33] [len=666B]
2025-09-12 19:18:05 - [BENIGN] - DEBUG - Generated TCP ACK reply from h5:12345 <- h3:56350 [len=54B]
2025-09-12 19:18:06 - [BENIGN] - DEBUG - Generated UDP traffic from h3:62593 -> h5:12346 [content='5b0e0b4f7ff5f6f626821b2acc743c4619803902...'] [Session 34] [len=634B]
2025-09-12 19:18:06 - [BENIGN] - DEBUG - Generated Telnet SYN from h3:8660 -> h5:23 [len=54B]
2025-09-12 19:18:07 - [BENIGN] - DEBUG - Generated Telnet SYN-ACK from h5:23 <- h3:8660 [len=54B]
2025-09-12 19:18:08 - [BENIGN] - DEBUG - Generated Telnet ACK from h3:8660 -> h5:23 [len=54B]
2025-09-12 19:18:08 - [BENIGN] - DEBUG - Generated Telnet data traffic from h3:8660 -> h5:23 [content='Telnet command'] [Session 35] [len=370B]
2025-09-12 19:18:09 - [BENIGN] - DEBUG - Generated Telnet ACK reply from h5:23 <- h3:8660 [len=54B]
2025-09-12 19:18:09 - [BENIGN] - DEBUG - Generated SSH SYN from h3:30933 -> h5:22 [len=54B]
2025-09-12 19:18:10 - [BENIGN] - DEBUG - Generated SSH SYN-ACK from h5:22 <- h3:30933 [len=54B]
2025-09-12 19:18:11 - [BENIGN] - DEBUG - Generated SSH ACK from h3:30933 -> h5:22 [len=54B]
2025-09-12 19:18:11 - [BENIGN] - DEBUG - Generated SSH data traffic from h3:30933 -> h5:22 [content='SSH encrypted data'] [Session 36] [len=1169B]
2025-09-12 19:18:12 - [BENIGN] - DEBUG - Generated SSH ACK reply from h5:22 <- h3:30933 [len=54B]
2025-09-12 19:18:13 - [BENIGN] - DEBUG - Generated FTP SYN from h3:37235 -> h5:21 [len=54B]
2025-09-12 19:18:13 - [BENIGN] - DEBUG - Generated FTP SYN-ACK from h5:21 <- h3:37235 [len=54B]
2025-09-12 19:18:14 - [BENIGN] - DEBUG - Generated FTP ACK from h3:37235 -> h5:21 [len=54B]
2025-09-12 19:18:14 - [BENIGN] - DEBUG - Generated FTP data traffic from h3:37235 -> h5:21 [content='FTP file transfer'] [Session 37] [len=735B]
2025-09-12 19:18:15 - [BENIGN] - DEBUG - Generated FTP ACK reply from h5:21 <- h3:37235 [len=54B]
2025-09-12 19:18:16 - [BENIGN] - DEBUG - Generated HTTP SYN from h3:2005 -> h5:80 [len=54B]
2025-09-12 19:18:16 - [BENIGN] - DEBUG - Generated HTTP SYN-ACK from h5:80 <- h3:2005 [len=54B]
2025-09-12 19:18:17 - [BENIGN] - DEBUG - Generated HTTP ACK from h3:2005 -> h5:80 [len=54B]
2025-09-12 19:18:18 - [BENIGN] - DEBUG - Generated HTTP data traffic from h3:2005 -> h5:80 [content='GET /index.html HTTP/1.1'] [Session 38] [len=475B]
2025-09-12 19:18:18 - [BENIGN] - DEBUG - Generated HTTP ACK reply from h5:80 <- h3:2005 [len=54B]
2025-09-12 19:18:19 - [BENIGN] - DEBUG - Generated HTTPS SYN from h3:33406 -> h5:443 [len=54B]
2025-09-12 19:18:19 - [BENIGN] - DEBUG - Generated HTTPS SYN-ACK from h5:443 <- h3:33406 [len=54B]
2025-09-12 19:18:20 - [BENIGN] - DEBUG - Generated HTTPS ACK from h3:33406 -> h5:443 [len=54B]
2025-09-12 19:18:21 - [BENIGN] - DEBUG - Generated HTTPS data traffic from h3:33406 -> h5:443 [content='Encrypted Application Data'] [Session 39] [len=432B]
2025-09-12 19:18:21 - [BENIGN] - DEBUG - Generated HTTPS ACK reply from h5:443 <- h3:33406 [len=54B]
2025-09-12 19:18:22 - [BENIGN] - DEBUG - Generated DNS query from h3:6635 -> h5:53 [qname='example.com'] [Session 40] [len=71B]
2025-09-12 19:18:22 - [BENIGN] - DEBUG - Generated ICMP traffic h2↔h5 5 [len=84B]
2025-09-12 19:18:23 - [BENIGN] - DEBUG - Generated TCP SYN from h3:26313 -> h5:12345 [len=54B]
2025-09-12 19:18:23 - [BENIGN] - DEBUG - Generated TCP SYN-ACK from h5:12345 <- h3:26313 [len=54B]
2025-09-12 19:18:24 - [BENIGN] - DEBUG - Generated TCP ACK from h3:26313 -> h5:12345 [len=54B]
2025-09-12 19:18:24 - [BENIGN] - DEBUG - Generated TCP data traffic from h3:26313 -> h5:12345 [content='TCP data'] [Session 41] [len=596B]
2025-09-12 19:18:25 - [BENIGN] - DEBUG - Generated TCP ACK reply from h5:12345 <- h3:26313 [len=54B]
2025-09-12 19:18:26 - [BENIGN] - DEBUG - Generated UDP traffic from h3:43845 -> h5:12346 [content='dc3d3caa3b9fcb0781e774bd9ee778dccc83b6db...'] [Session 42] [len=200B]
2025-09-12 19:18:26 - [BENIGN] - DEBUG - Generated Telnet SYN from h3:25482 -> h5:23 [len=54B]
2025-09-12 19:18:27 - [BENIGN] - DEBUG - Generated Telnet SYN-ACK from h5:23 <- h3:25482 [len=54B]
2025-09-12 19:18:28 - [BENIGN] - DEBUG - Generated Telnet ACK from h3:25482 -> h5:23 [len=54B]
2025-09-12 19:18:28 - [BENIGN] - DEBUG - Generated Telnet data traffic from h3:25482 -> h5:23 [content='Telnet command'] [Session 43] [len=1167B]
2025-09-12 19:18:29 - [BENIGN] - DEBUG - Generated Telnet ACK reply from h5:23 <- h3:25482 [len=54B]
2025-09-12 19:18:30 - [BENIGN] - DEBUG - Generated SSH SYN from h3:12477 -> h5:22 [len=54B]
2025-09-12 19:18:30 - [BENIGN] - DEBUG - Generated SSH SYN-ACK from h5:22 <- h3:12477 [len=54B]
2025-09-12 19:18:31 - [BENIGN] - DEBUG - Generated SSH ACK from h3:12477 -> h5:22 [len=54B]
2025-09-12 19:18:31 - [BENIGN] - DEBUG - Generated SSH data traffic from h3:12477 -> h5:22 [content='SSH encrypted data'] [Session 44] [len=1256B]
2025-09-12 19:18:32 - [BENIGN] - DEBUG - Generated SSH ACK reply from h5:22 <- h3:12477 [len=54B]
2025-09-12 19:18:33 - [BENIGN] - DEBUG - Generated FTP SYN from h3:45692 -> h5:21 [len=54B]
2025-09-12 19:18:33 - [BENIGN] - DEBUG - Generated FTP SYN-ACK from h5:21 <- h3:45692 [len=54B]
2025-09-12 19:18:34 - [BENIGN] - DEBUG - Generated FTP ACK from h3:45692 -> h5:21 [len=54B]
2025-09-12 19:18:35 - [BENIGN] - DEBUG - Generated FTP data traffic from h3:45692 -> h5:21 [content='FTP file transfer'] [Session 45] [len=733B]
2025-09-12 19:18:35 - [BENIGN] - DEBUG - Generated FTP ACK reply from h5:21 <- h3:45692 [len=54B]
2025-09-12 19:18:36 - [BENIGN] - DEBUG - Generated HTTP SYN from h3:36780 -> h5:80 [len=54B]
2025-09-12 19:18:37 - [BENIGN] - DEBUG - Generated HTTP SYN-ACK from h5:80 <- h3:36780 [len=54B]
2025-09-12 19:18:37 - [BENIGN] - DEBUG - Generated HTTP ACK from h3:36780 -> h5:80 [len=54B]
2025-09-12 19:18:38 - [BENIGN] - DEBUG - Generated HTTP data traffic from h3:36780 -> h5:80 [content='GET /index.html HTTP/1.1'] [Session 46] [len=414B]
2025-09-12 19:18:38 - [BENIGN] - DEBUG - Generated HTTP ACK reply from h5:80 <- h3:36780 [len=54B]
2025-09-12 19:18:39 - [BENIGN] - DEBUG - Generated HTTPS SYN from h3:25490 -> h5:443 [len=54B]
2025-09-12 19:18:40 - [BENIGN] - DEBUG - Generated HTTPS SYN-ACK from h5:443 <- h3:25490 [len=54B]
2025-09-12 19:18:40 - [BENIGN] - DEBUG - Generated HTTPS ACK from h3:25490 -> h5:443 [len=54B]
2025-09-12 19:18:41 - [BENIGN] - DEBUG - Generated HTTPS data traffic from h3:25490 -> h5:443 [content='Encrypted Application Data'] [Session 47] [len=799B]
2025-09-12 19:18:42 - [BENIGN] - DEBUG - Generated HTTPS ACK reply from h5:443 <- h3:25490 [len=54B]
2025-09-12 19:18:42 - [BENIGN] - DEBUG - Generated DNS query from h3:47485 -> h5:53 [qname='example.com'] [Session 48] [len=71B]
2025-09-12 19:18:42 - [BENIGN] - DEBUG - Generated ICMP traffic h2↔h5 6 [len=84B]
2025-09-12 19:18:43 - [BENIGN] - DEBUG - Generated TCP SYN from h3:61687 -> h5:12345 [len=54B]
2025-09-12 19:18:44 - [BENIGN] - DEBUG - Generated TCP SYN-ACK from h5:12345 <- h3:61687 [len=54B]
2025-09-12 19:18:44 - [BENIGN] - DEBUG - Generated TCP ACK from h3:61687 -> h5:12345 [len=54B]
2025-09-12 19:18:45 - [BENIGN] - DEBUG - Generated TCP data traffic from h3:61687 -> h5:12345 [content='TCP data'] [Session 49] [len=319B]
2025-09-12 19:18:45 - [BENIGN] - DEBUG - Generated TCP ACK reply from h5:12345 <- h3:61687 [len=54B]
2025-09-12 19:18:46 - [BENIGN] - DEBUG - Generated UDP traffic from h3:57948 -> h5:12346 [content='9c6c7ddb1ae2277a56b38624474f69a94685be31...'] [Session 50] [len=268B]
2025-09-12 19:18:47 - [BENIGN] - DEBUG - Generated Telnet SYN from h3:61661 -> h5:23 [len=54B]
2025-09-12 19:18:47 - [BENIGN] - DEBUG - Generated Telnet SYN-ACK from h5:23 <- h3:61661 [len=54B]
2025-09-12 19:18:48 - [BENIGN] - DEBUG - Generated Telnet ACK from h3:61661 -> h5:23 [len=54B]
2025-09-12 19:18:49 - [BENIGN] - DEBUG - Generated Telnet data traffic from h3:61661 -> h5:23 [content='Telnet command'] [Session 51] [len=1331B]
2025-09-12 19:18:49 - [BENIGN] - DEBUG - Generated Telnet ACK reply from h5:23 <- h3:61661 [len=54B]
2025-09-12 19:18:50 - [BENIGN] - DEBUG - Generated SSH SYN from h3:25310 -> h5:22 [len=54B]
2025-09-12 19:18:51 - [BENIGN] - DEBUG - Generated SSH SYN-ACK from h5:22 <- h3:25310 [len=54B]
2025-09-12 19:18:51 - [BENIGN] - DEBUG - Generated SSH ACK from h3:25310 -> h5:22 [len=54B]
2025-09-12 19:18:52 - [BENIGN] - DEBUG - Generated SSH data traffic from h3:25310 -> h5:22 [content='SSH encrypted data'] [Session 52] [len=1303B]
2025-09-12 19:18:52 - [BENIGN] - DEBUG - Generated SSH ACK reply from h5:22 <- h3:25310 [len=54B]
2025-09-12 19:18:53 - [BENIGN] - DEBUG - Generated FTP SYN from h3:61730 -> h5:21 [len=54B]
2025-09-12 19:18:54 - [BENIGN] - DEBUG - Generated FTP SYN-ACK from h5:21 <- h3:61730 [len=54B]
2025-09-12 19:18:54 - [BENIGN] - DEBUG - Generated FTP ACK from h3:61730 -> h5:21 [len=54B]
2025-09-12 19:18:55 - [BENIGN] - DEBUG - Generated FTP data traffic from h3:61730 -> h5:21 [content='FTP file transfer'] [Session 53] [len=1432B]
2025-09-12 19:18:56 - [BENIGN] - DEBUG - Generated FTP ACK reply from h5:21 <- h3:61730 [len=54B]
2025-09-12 19:18:56 - [BENIGN] - DEBUG - Generated HTTP SYN from h3:32249 -> h5:80 [len=54B]
2025-09-12 19:18:57 - [BENIGN] - DEBUG - Generated HTTP SYN-ACK from h5:80 <- h3:32249 [len=54B]
2025-09-12 19:18:58 - [BENIGN] - DEBUG - Generated HTTP ACK from h3:32249 -> h5:80 [len=54B]
2025-09-12 19:18:58 - [BENIGN] - DEBUG - Generated HTTP data traffic from h3:32249 -> h5:80 [content='GET /index.html HTTP/1.1'] [Session 54] [len=404B]
2025-09-12 19:18:59 - [BENIGN] - DEBUG - Generated HTTP ACK reply from h5:80 <- h3:32249 [len=54B]
2025-09-12 19:18:59 - [BENIGN] - DEBUG - Generated HTTPS SYN from h3:29580 -> h5:443 [len=54B]
2025-09-12 19:19:00 - [BENIGN] - DEBUG - Generated HTTPS SYN-ACK from h5:443 <- h3:29580 [len=54B]
2025-09-12 19:19:01 - [BENIGN] - DEBUG - Generated HTTPS ACK from h3:29580 -> h5:443 [len=54B]
2025-09-12 19:19:01 - [BENIGN] - DEBUG - Generated HTTPS data traffic from h3:29580 -> h5:443 [content='Encrypted Application Data'] [Session 55] [len=682B]
2025-09-12 19:19:02 - [BENIGN] - DEBUG - Generated HTTPS ACK reply from h5:443 <- h3:29580 [len=54B]
2025-09-12 19:19:02 - [BENIGN] - DEBUG - Generated DNS query from h3:23857 -> h5:53 [qname='example.com'] [Session 56] [len=71B]
2025-09-12 19:19:03 - [BENIGN] - DEBUG - Generated ICMP traffic h2↔h5 7 [len=84B]
2025-09-12 19:19:03 - [BENIGN] - DEBUG - Generated TCP SYN from h3:27891 -> h5:12345 [len=54B]
2025-09-12 19:19:04 - [BENIGN] - DEBUG - Generated TCP SYN-ACK from h5:12345 <- h3:27891 [len=54B]
2025-09-12 19:19:04 - [BENIGN] - DEBUG - Generated TCP ACK from h3:27891 -> h5:12345 [len=54B]
2025-09-12 19:19:05 - [BENIGN] - DEBUG - Generated TCP data traffic from h3:27891 -> h5:12345 [content='TCP data'] [Session 57] [len=955B]
2025-09-12 19:19:06 - [BENIGN] - DEBUG - Generated TCP ACK reply from h5:12345 <- h3:27891 [len=54B]
2025-09-12 19:19:06 - [BENIGN] - DEBUG - Generated UDP traffic from h3:2886 -> h5:12346 [content='ba2f274a4720d5eb276d2d82ef07d1eed68ebcde...'] [Session 58] [len=113B]
2025-09-12 19:19:07 - [BENIGN] - DEBUG - Generated Telnet SYN from h3:21381 -> h5:23 [len=54B]
2025-09-12 19:19:08 - [BENIGN] - DEBUG - Generated Telnet SYN-ACK from h5:23 <- h3:21381 [len=54B]
2025-09-12 19:19:08 - [BENIGN] - DEBUG - Generated Telnet ACK from h3:21381 -> h5:23 [len=54B]
2025-09-12 19:19:09 - [BENIGN] - DEBUG - Generated Telnet data traffic from h3:21381 -> h5:23 [content='Telnet command'] [Session 59] [len=401B]
2025-09-12 19:19:09 - [BENIGN] - DEBUG - Generated Telnet ACK reply from h5:23 <- h3:21381 [len=54B]
2025-09-12 19:19:10 - [BENIGN] - DEBUG - Generated SSH SYN from h3:59100 -> h5:22 [len=54B]
2025-09-12 19:19:11 - [BENIGN] - DEBUG - Generated SSH SYN-ACK from h5:22 <- h3:59100 [len=54B]
2025-09-12 19:19:11 - [BENIGN] - DEBUG - Generated SSH ACK from h3:59100 -> h5:22 [len=54B]
2025-09-12 19:19:12 - [BENIGN] - DEBUG - Generated SSH data traffic from h3:59100 -> h5:22 [content='SSH encrypted data'] [Session 60] [len=885B]
2025-09-12 19:19:13 - [BENIGN] - DEBUG - Generated SSH ACK reply from h5:22 <- h3:59100 [len=54B]
2025-09-12 19:19:13 - [BENIGN] - DEBUG - Generated FTP SYN from h3:56459 -> h5:21 [len=54B]
2025-09-12 19:19:14 - [BENIGN] - DEBUG - Generated FTP SYN-ACK from h5:21 <- h3:56459 [len=54B]
2025-09-12 19:19:14 - [BENIGN] - DEBUG - Generated FTP ACK from h3:56459 -> h5:21 [len=54B]
2025-09-12 19:19:15 - [BENIGN] - DEBUG - Generated FTP data traffic from h3:56459 -> h5:21 [content='FTP file transfer'] [Session 61] [len=926B]
2025-09-12 19:19:16 - [BENIGN] - DEBUG - Generated FTP ACK reply from h5:21 <- h3:56459 [len=54B]
2025-09-12 19:19:16 - [BENIGN] - DEBUG - Generated HTTP SYN from h3:52216 -> h5:80 [len=54B]
2025-09-12 19:19:17 - [BENIGN] - DEBUG - Generated HTTP SYN-ACK from h5:80 <- h3:52216 [len=54B]
2025-09-12 19:19:18 - [BENIGN] - DEBUG - Generated HTTP ACK from h3:52216 -> h5:80 [len=54B]
2025-09-12 19:19:18 - [BENIGN] - DEBUG - Generated HTTP data traffic from h3:52216 -> h5:80 [content='GET /index.html HTTP/1.1'] [Session 62] [len=392B]
2025-09-12 19:19:19 - [BENIGN] - DEBUG - Generated HTTP ACK reply from h5:80 <- h3:52216 [len=54B]
2025-09-12 19:19:19 - [BENIGN] - DEBUG - Generated HTTPS SYN from h3:53195 -> h5:443 [len=54B]
2025-09-12 19:19:20 - [BENIGN] - DEBUG - Generated HTTPS SYN-ACK from h5:443 <- h3:53195 [len=54B]
2025-09-12 19:19:21 - [BENIGN] - DEBUG - Generated HTTPS ACK from h3:53195 -> h5:443 [len=54B]
2025-09-12 19:19:21 - [BENIGN] - DEBUG - Generated HTTPS data traffic from h3:53195 -> h5:443 [content='Encrypted Application Data'] [Session 63] [len=393B]
2025-09-12 19:19:22 - [BENIGN] - DEBUG - Generated HTTPS ACK reply from h5:443 <- h3:53195 [len=54B]
2025-09-12 19:19:23 - [BENIGN] - DEBUG - Generated DNS query from h3:61637 -> h5:53 [qname='example.com'] [Session 64] [len=71B]
2025-09-12 19:19:23 - [BENIGN] - DEBUG - Generated ICMP traffic h2↔h5 8 [len=84B]
2025-09-12 19:19:23 - [BENIGN] - DEBUG - Generated TCP SYN from h3:10985 -> h5:12345 [len=54B]
2025-09-12 19:19:24 - [BENIGN] - DEBUG - Generated TCP SYN-ACK from h5:12345 <- h3:10985 [len=54B]
2025-09-12 19:19:24 - [BENIGN] - DEBUG - Generated TCP ACK from h3:10985 -> h5:12345 [len=54B]
2025-09-12 19:19:25 - [BENIGN] - DEBUG - Generated TCP data traffic from h3:10985 -> h5:12345 [content='TCP data'] [Session 65] [len=703B]
2025-09-12 19:19:26 - [BENIGN] - DEBUG - Generated TCP ACK reply from h5:12345 <- h3:10985 [len=54B]
2025-09-12 19:19:26 - [BENIGN] - DEBUG - Generated UDP traffic from h3:46166 -> h5:12346 [content='0769c9dafa7b54b069315a2e0752d90bd5453318...'] [Session 66] [len=383B]
2025-09-12 19:19:27 - [BENIGN] - DEBUG - Generated Telnet SYN from h3:64583 -> h5:23 [len=54B]
2025-09-12 19:19:28 - [BENIGN] - DEBUG - Generated Telnet SYN-ACK from h5:23 <- h3:64583 [len=54B]
2025-09-12 19:19:28 - [BENIGN] - DEBUG - Generated Telnet ACK from h3:64583 -> h5:23 [len=54B]
2025-09-12 19:19:29 - [BENIGN] - DEBUG - Generated Telnet data traffic from h3:64583 -> h5:23 [content='Telnet command'] [Session 67] [len=1302B]
2025-09-12 19:19:29 - [BENIGN] - DEBUG - Generated Telnet ACK reply from h5:23 <- h3:64583 [len=54B]
2025-09-12 19:19:30 - [BENIGN] - DEBUG - Generated SSH SYN from h3:12850 -> h5:22 [len=54B]
2025-09-12 19:19:31 - [BENIGN] - DEBUG - Generated SSH SYN-ACK from h5:22 <- h3:12850 [len=54B]
2025-09-12 19:19:31 - [BENIGN] - DEBUG - Generated SSH ACK from h3:12850 -> h5:22 [len=54B]
2025-09-12 19:19:32 - [BENIGN] - DEBUG - Generated SSH data traffic from h3:12850 -> h5:22 [content='SSH encrypted data'] [Session 68] [len=1478B]
2025-09-12 19:19:33 - [BENIGN] - DEBUG - Generated SSH ACK reply from h5:22 <- h3:12850 [len=54B]
2025-09-12 19:19:33 - [BENIGN] - DEBUG - Generated FTP SYN from h3:47042 -> h5:21 [len=54B]
2025-09-12 19:19:34 - [BENIGN] - DEBUG - Generated FTP SYN-ACK from h5:21 <- h3:47042 [len=54B]
2025-09-12 19:19:34 - [BENIGN] - DEBUG - Generated FTP ACK from h3:47042 -> h5:21 [len=54B]
2025-09-12 19:19:35 - [BENIGN] - DEBUG - Generated FTP data traffic from h3:47042 -> h5:21 [content='FTP file transfer'] [Session 69] [len=1279B]
2025-09-12 19:19:36 - [BENIGN] - DEBUG - Generated FTP ACK reply from h5:21 <- h3:47042 [len=54B]
2025-09-12 19:19:36 - [BENIGN] - DEBUG - Generated HTTP SYN from h3:64152 -> h5:80 [len=54B]
2025-09-12 19:19:37 - [BENIGN] - DEBUG - Generated HTTP SYN-ACK from h5:80 <- h3:64152 [len=54B]
2025-09-12 19:19:38 - [BENIGN] - DEBUG - Generated HTTP ACK from h3:64152 -> h5:80 [len=54B]
2025-09-12 19:19:38 - [BENIGN] - DEBUG - Generated HTTP data traffic from h3:64152 -> h5:80 [content='GET /index.html HTTP/1.1'] [Session 70] [len=537B]
2025-09-12 19:19:39 - [BENIGN] - DEBUG - Generated HTTP ACK reply from h5:80 <- h3:64152 [len=54B]
2025-09-12 19:19:40 - [BENIGN] - DEBUG - Generated HTTPS SYN from h3:19719 -> h5:443 [len=54B]
2025-09-12 19:19:40 - [BENIGN] - DEBUG - Generated HTTPS SYN-ACK from h5:443 <- h3:19719 [len=54B]
2025-09-12 19:19:41 - [BENIGN] - DEBUG - Generated HTTPS ACK from h3:19719 -> h5:443 [len=54B]
2025-09-12 19:19:42 - [BENIGN] - DEBUG - Generated HTTPS data traffic from h3:19719 -> h5:443 [content='Encrypted Application Data'] [Session 71] [len=475B]
2025-09-12 19:19:42 - [BENIGN] - DEBUG - Generated HTTPS ACK reply from h5:443 <- h3:19719 [len=54B]
2025-09-12 19:19:43 - [BENIGN] - DEBUG - Generated DNS query from h3:61279 -> h5:53 [qname='example.com'] [Session 72] [len=71B]
2025-09-12 19:19:43 - [BENIGN] - DEBUG - Generated ICMP traffic h2↔h5 9 [len=84B]
2025-09-12 19:19:44 - [BENIGN] - DEBUG - Generated TCP SYN from h3:58757 -> h5:12345 [len=54B]
2025-09-12 19:19:44 - [BENIGN] - DEBUG - Generated TCP SYN-ACK from h5:12345 <- h3:58757 [len=54B]
2025-09-12 19:19:45 - [BENIGN] - DEBUG - Generated TCP ACK from h3:58757 -> h5:12345 [len=54B]
2025-09-12 19:19:46 - [BENIGN] - DEBUG - Generated TCP data traffic from h3:58757 -> h5:12345 [content='TCP data'] [Session 73] [len=302B]
2025-09-12 19:19:46 - [BENIGN] - DEBUG - Generated TCP ACK reply from h5:12345 <- h3:58757 [len=54B]
2025-09-12 19:19:47 - [BENIGN] - DEBUG - Generated UDP traffic from h3:12030 -> h5:12346 [content='7a6bbc336f1b55b78a772fe19ada6a260fd6edcf...'] [Session 74] [len=1457B]
2025-09-12 19:19:47 - [BENIGN] - DEBUG - Generated Telnet SYN from h3:34618 -> h5:23 [len=54B]
2025-09-12 19:19:48 - [BENIGN] - DEBUG - Generated Telnet SYN-ACK from h5:23 <- h3:34618 [len=54B]
2025-09-12 19:19:49 - [BENIGN] - DEBUG - Generated Telnet ACK from h3:34618 -> h5:23 [len=54B]
2025-09-12 19:19:49 - [BENIGN] - DEBUG - Generated Telnet data traffic from h3:34618 -> h5:23 [content='Telnet command'] [Session 75] [len=1448B]
2025-09-12 19:19:50 - [BENIGN] - DEBUG - Generated Telnet ACK reply from h5:23 <- h3:34618 [len=54B]
2025-09-12 19:19:51 - [BENIGN] - DEBUG - Generated SSH SYN from h3:42436 -> h5:22 [len=54B]
2025-09-12 19:19:51 - [BENIGN] - DEBUG - Generated SSH SYN-ACK from h5:22 <- h3:42436 [len=54B]
2025-09-12 19:19:52 - [BENIGN] - DEBUG - Generated SSH ACK from h3:42436 -> h5:22 [len=54B]
2025-09-12 19:19:53 - [BENIGN] - DEBUG - Generated SSH data traffic from h3:42436 -> h5:22 [content='SSH encrypted data'] [Session 76] [len=334B]
2025-09-12 19:19:53 - [BENIGN] - DEBUG - Generated SSH ACK reply from h5:22 <- h3:42436 [len=54B]
2025-09-12 19:19:54 - [BENIGN] - DEBUG - Generated FTP SYN from h3:55482 -> h5:21 [len=54B]
2025-09-12 19:19:55 - [BENIGN] - DEBUG - Generated FTP SYN-ACK from h5:21 <- h3:55482 [len=54B]
2025-09-12 19:19:55 - [BENIGN] - DEBUG - Generated FTP ACK from h3:55482 -> h5:21 [len=54B]
2025-09-12 19:19:56 - [BENIGN] - DEBUG - Generated FTP data traffic from h3:55482 -> h5:21 [content='FTP file transfer'] [Session 77] [len=247B]
2025-09-12 19:19:56 - [BENIGN] - DEBUG - Generated FTP ACK reply from h5:21 <- h3:55482 [len=54B]
2025-09-12 19:19:57 - [BENIGN] - DEBUG - Generated HTTP SYN from h3:19555 -> h5:80 [len=54B]
2025-09-12 19:19:58 - [BENIGN] - DEBUG - Generated HTTP SYN-ACK from h5:80 <- h3:19555 [len=54B]
2025-09-12 19:19:58 - [BENIGN] - DEBUG - Generated HTTP ACK from h3:19555 -> h5:80 [len=54B]
2025-09-12 19:19:59 - [BENIGN] - DEBUG - Generated HTTP data traffic from h3:19555 -> h5:80 [content='GET /index.html HTTP/1.1'] [Session 78] [len=294B]
2025-09-12 19:20:00 - [BENIGN] - DEBUG - Generated HTTP ACK reply from h5:80 <- h3:19555 [len=54B]
2025-09-12 19:20:00 - [BENIGN] - DEBUG - Generated HTTPS SYN from h3:5731 -> h5:443 [len=54B]
2025-09-12 19:20:01 - [BENIGN] - DEBUG - Generated HTTPS SYN-ACK from h5:443 <- h3:5731 [len=54B]
2025-09-12 19:20:02 - [BENIGN] - DEBUG - Generated HTTPS ACK from h3:5731 -> h5:443 [len=54B]
2025-09-12 19:20:02 - [BENIGN] - DEBUG - Generated HTTPS data traffic from h3:5731 -> h5:443 [content='Encrypted Application Data'] [Session 79] [len=450B]
2025-09-12 19:20:03 - [BENIGN] - DEBUG - Generated HTTPS ACK reply from h5:443 <- h3:5731 [len=54B]
2025-09-12 19:20:03 - [BENIGN] - DEBUG - Generated DNS query from h3:34660 -> h5:53 [qname='example.com'] [Session 80] [len=71B]
2025-09-12 19:20:03 - [BENIGN] - INFO - Benign traffic finished.
2025-09-12 19:20:03 - [BENIGN] - INFO - Summary: 80 protocol sessions with protocol separation:
2025-09-12 19:20:03 - [BENIGN] - INFO -   - h2↔h5: ICMP ping traffic
2025-09-12 19:20:03 - [BENIGN] - INFO -   - h3↔h5: TCP/UDP traffic [TCP, UDP, Telnet, SSH, FTP, HTTP, HTTPS, DNS]
2025-09-12 19:20:03 - [BENIGN] - INFO - Total packets sent: 340
