2025-09-12 17:13:39,205 - attack_logger - INFO - Attack: Enhanced SYN Flood (11s) | h1 -> h6
2025-09-12 17:13:41,720 - attack_logger - INFO - [syn_flood] [Run ID: 17fddeab-2901-42b5-a91d-b67fbd794129] Starting Enhanced SYN Flood from h1 to 192.168.30.10 for 11 seconds.
2025-09-12 17:13:41,720 - attack_logger - INFO - [syn_flood] [Run ID: 17fddeab-2901-42b5-a91d-b67fbd794129] Attack Phase: Enhanced Traditional SYN Flood - Attacker: h1, Target: 192.168.30.10:80, Duration: 11s
2025-09-12 17:13:41,720 - attack_logger - INFO - [syn_flood] [Run ID: 17fddeab-2901-42b5-a91d-b67fbd794129] Enhanced Features: Human-like timing, protocol compliance, network delay simulation
2025-09-12 17:13:41,720 - attack_logger - INFO - [syn_flood] [Run ID: 17fddeab-2901-42b5-a91d-b67fbd794129] Session pattern: 1 phases, Circadian factor: 0.80, Workday factor: 0.96
2025-09-12 17:13:41,720 - attack_logger - DEBUG - [syn_flood] [Run ID: 17fddeab-2901-42b5-a91d-b67fbd794129] Starting enhanced SYN packet generation with human-like timing
2025-09-12 17:13:41,720 - attack_logger - INFO - [syn_flood] [Run ID: 17fddeab-2901-42b5-a91d-b67fbd794129] Stress phase: 3s, Advanced phase: 8s
2025-09-12 17:13:45,273 - attack_logger - INFO - [syn_flood] [Run ID: 17fddeab-2901-42b5-a91d-b67fbd794129] Stress phase completed
2025-09-12 17:13:45,280 - attack_logger - INFO - [syn_flood] [Run ID: 17fddeab-2901-42b5-a91d-b67fbd794129] Enhanced SYN flood process started (PID: 108618)
2025-09-12 17:13:46,297 - attack_logger - INFO - [syn_flood] [Run ID: 17fddeab-2901-42b5-a91d-b67fbd794129] Attack progress: 1.0s elapsed, ~17 packets sent, Rate: 16.6 pps, Phase: active (intensity: 0.80)
2025-09-12 17:13:46,297 - attack_logger - DEBUG - [syn_flood] [Run ID: 17fddeab-2901-42b5-a91d-b67fbd794129] Process stats - CPU: 0.0%, Memory: 60.2MB
2025-09-12 17:13:46,297 - attack_logger - DEBUG - [syn_flood] [Run ID: 17fddeab-2901-42b5-a91d-b67fbd794129] Timing factors - Circadian: 0.80, Workday: 0.96, Adjusted rate: 17.1 pps
2025-09-12 17:13:47,325 - attack_logger - INFO - [syn_flood] [Run ID: 17fddeab-2901-42b5-a91d-b67fbd794129] Attack progress: 2.1s elapsed, ~36 packets sent, Rate: 17.5 pps, Phase: active (intensity: 0.80)
2025-09-12 17:13:47,325 - attack_logger - DEBUG - [syn_flood] [Run ID: 17fddeab-2901-42b5-a91d-b67fbd794129] Process stats - CPU: 0.0%, Memory: 60.2MB
2025-09-12 17:13:47,325 - attack_logger - DEBUG - [syn_flood] [Run ID: 17fddeab-2901-42b5-a91d-b67fbd794129] Timing factors - Circadian: 0.80, Workday: 0.96, Adjusted rate: 17.6 pps
2025-09-12 17:13:48,355 - attack_logger - INFO - [syn_flood] [Run ID: 17fddeab-2901-42b5-a91d-b67fbd794129] Attack progress: 3.1s elapsed, ~49 packets sent, Rate: 15.9 pps, Phase: active (intensity: 0.80)
2025-09-12 17:13:48,355 - attack_logger - DEBUG - [syn_flood] [Run ID: 17fddeab-2901-42b5-a91d-b67fbd794129] Process stats - CPU: 0.0%, Memory: 60.4MB
2025-09-12 17:13:48,355 - attack_logger - DEBUG - [syn_flood] [Run ID: 17fddeab-2901-42b5-a91d-b67fbd794129] Timing factors - Circadian: 0.80, Workday: 0.96, Adjusted rate: 16.1 pps
2025-09-12 17:13:49,396 - attack_logger - INFO - [syn_flood] [Run ID: 17fddeab-2901-42b5-a91d-b67fbd794129] Attack progress: 4.1s elapsed, ~51 packets sent, Rate: 12.4 pps, Phase: active (intensity: 0.80)
2025-09-12 17:13:49,396 - attack_logger - DEBUG - [syn_flood] [Run ID: 17fddeab-2901-42b5-a91d-b67fbd794129] Process stats - CPU: 0.0%, Memory: 60.4MB
2025-09-12 17:13:49,396 - attack_logger - DEBUG - [syn_flood] [Run ID: 17fddeab-2901-42b5-a91d-b67fbd794129] Timing factors - Circadian: 0.80, Workday: 0.96, Adjusted rate: 12.4 pps
2025-09-12 17:13:50,465 - attack_logger - INFO - [syn_flood] [Run ID: 17fddeab-2901-42b5-a91d-b67fbd794129] Attack progress: 5.2s elapsed, ~92 packets sent, Rate: 17.7 pps, Phase: active (intensity: 0.80)
2025-09-12 17:13:50,465 - attack_logger - DEBUG - [syn_flood] [Run ID: 17fddeab-2901-42b5-a91d-b67fbd794129] Process stats - CPU: 0.0%, Memory: 60.4MB
2025-09-12 17:13:50,465 - attack_logger - DEBUG - [syn_flood] [Run ID: 17fddeab-2901-42b5-a91d-b67fbd794129] Timing factors - Circadian: 0.80, Workday: 0.96, Adjusted rate: 17.8 pps
2025-09-12 17:13:51,482 - attack_logger - INFO - [syn_flood] [Run ID: 17fddeab-2901-42b5-a91d-b67fbd794129] Attack progress: 6.2s elapsed, ~81 packets sent, Rate: 13.0 pps, Phase: active (intensity: 0.80)
2025-09-12 17:13:51,482 - attack_logger - DEBUG - [syn_flood] [Run ID: 17fddeab-2901-42b5-a91d-b67fbd794129] Process stats - CPU: 0.0%, Memory: 60.4MB
2025-09-12 17:13:51,482 - attack_logger - DEBUG - [syn_flood] [Run ID: 17fddeab-2901-42b5-a91d-b67fbd794129] Timing factors - Circadian: 0.80, Workday: 0.96, Adjusted rate: 13.1 pps
2025-09-12 17:13:52,599 - attack_logger - INFO - [syn_flood] [Run ID: 17fddeab-2901-42b5-a91d-b67fbd794129] Attack progress: 7.3s elapsed, ~134 packets sent, Rate: 18.3 pps, Phase: active (intensity: 0.80)
2025-09-12 17:13:52,599 - attack_logger - DEBUG - [syn_flood] [Run ID: 17fddeab-2901-42b5-a91d-b67fbd794129] Process stats - CPU: 0.0%, Memory: 60.4MB
2025-09-12 17:13:52,599 - attack_logger - DEBUG - [syn_flood] [Run ID: 17fddeab-2901-42b5-a91d-b67fbd794129] Timing factors - Circadian: 0.80, Workday: 0.96, Adjusted rate: 18.4 pps
2025-09-12 17:13:53,309 - attack_logger - DEBUG - [syn_flood] [Run ID: 17fddeab-2901-42b5-a91d-b67fbd794129] Sent SIGINT to SYN flood process 108618
2025-09-12 17:13:53,812 - attack_logger - INFO - [syn_flood] [Run ID: 17fddeab-2901-42b5-a91d-b67fbd794129] Enhanced SYN Flood from h1 to 192.168.30.10 finished.
2025-09-12 17:13:53,812 - attack_logger - INFO - [syn_flood] [Run ID: 17fddeab-2901-42b5-a91d-b67fbd794129] Attack completed. Total packets sent = 149, Average rate = 18.54 packets/sec.
2025-09-12 17:13:53,812 - attack_logger - INFO - [syn_flood] [Run ID: 17fddeab-2901-42b5-a91d-b67fbd794129] --- Enhanced Attack Summary ---
2025-09-12 17:13:53,812 - attack_logger - INFO - [syn_flood] [Run ID: 17fddeab-2901-42b5-a91d-b67fbd794129] Total packets sent: 149
2025-09-12 17:13:53,812 - attack_logger - INFO - [syn_flood] [Run ID: 17fddeab-2901-42b5-a91d-b67fbd794129] Actual duration: 8.04s
2025-09-12 17:13:53,812 - attack_logger - INFO - [syn_flood] [Run ID: 17fddeab-2901-42b5-a91d-b67fbd794129] Average rate: 18.54 packets/sec
2025-09-12 17:13:53,812 - attack_logger - INFO - [syn_flood] [Run ID: 17fddeab-2901-42b5-a91d-b67fbd794129] Base rate: 24.3 pps
2025-09-12 17:13:53,812 - attack_logger - INFO - [syn_flood] [Run ID: 17fddeab-2901-42b5-a91d-b67fbd794129] Circadian factor: 0.80
2025-09-12 17:13:53,812 - attack_logger - INFO - [syn_flood] [Run ID: 17fddeab-2901-42b5-a91d-b67fbd794129] Workday factor: 0.96
2025-09-12 17:13:53,812 - attack_logger - INFO - [syn_flood] [Run ID: 17fddeab-2901-42b5-a91d-b67fbd794129] Session phases: 1
2025-09-12 17:13:53,812 - attack_logger - INFO - [syn_flood] [Run ID: 17fddeab-2901-42b5-a91d-b67fbd794129] Target port: 80
2025-09-12 17:13:53,812 - attack_logger - INFO - [syn_flood] [Run ID: 17fddeab-2901-42b5-a91d-b67fbd794129] Attack method: Enhanced SYN Flood with Human-like Timing
2025-09-12 17:13:53,813 - attack_logger - INFO - [syn_flood] [Run ID: 17fddeab-2901-42b5-a91d-b67fbd794129] Enhancement features: Human timing patterns, protocol compliance, network delay simulation
2025-09-12 17:13:53,813 - attack_logger - INFO - [syn_flood] [Run ID: 17fddeab-2901-42b5-a91d-b67fbd794129] TCP options: MSS, WScale, Timestamp, SAckOK
2025-09-12 17:13:53,813 - attack_logger - INFO - [syn_flood] [Run ID: 17fddeab-2901-42b5-a91d-b67fbd794129] ----------------------------------------
2025-09-12 17:13:53,886 - attack_logger - INFO - Attack: Enhanced SYN Flood completed.
2025-09-12 17:13:53,886 - attack_logger - INFO - Attack: Enhanced UDP Flood (22s) | h1 -> h6
2025-09-12 17:13:56,402 - attack_logger - INFO - [udp_flood] [Run ID: 525da3d9-1943-4435-9c3c-1371676f7a03] Starting Enhanced UDP Flood from h1 to 192.168.30.10 for 22 seconds.
2025-09-12 17:13:56,402 - attack_logger - INFO - [udp_flood] [Run ID: 525da3d9-1943-4435-9c3c-1371676f7a03] Attack Phase: Enhanced Traditional UDP Flood - Attacker: h1, Target: 192.168.30.10:53, Duration: 22s
2025-09-12 17:13:56,402 - attack_logger - INFO - [udp_flood] [Run ID: 525da3d9-1943-4435-9c3c-1371676f7a03] Enhanced Features: Human-like timing, protocol compliance, network delay simulation
2025-09-12 17:13:56,402 - attack_logger - INFO - [udp_flood] [Run ID: 525da3d9-1943-4435-9c3c-1371676f7a03] Stress phase: 6s, Advanced phase: 16s
2025-09-12 17:14:02,956 - attack_logger - INFO - [udp_flood] [Run ID: 525da3d9-1943-4435-9c3c-1371676f7a03] Stress phase completed
2025-09-12 17:14:02,956 - attack_logger - INFO - [udp_flood] [Run ID: 525da3d9-1943-4435-9c3c-1371676f7a03] Session pattern: 1 phases, Circadian factor: 0.80, Workday factor: 0.96
2025-09-12 17:14:02,956 - attack_logger - DEBUG - [udp_flood] [Run ID: 525da3d9-1943-4435-9c3c-1371676f7a03] Starting enhanced UDP packet generation with human-like timing
2025-09-12 17:14:02,964 - attack_logger - INFO - [udp_flood] [Run ID: 525da3d9-1943-4435-9c3c-1371676f7a03] Enhanced UDP flood process started (PID: 108627)
2025-09-12 17:14:06,005 - attack_logger - INFO - [udp_flood] [Run ID: 525da3d9-1943-4435-9c3c-1371676f7a03] Attack progress: 3.0s elapsed, ~54 packets sent, Rate: 17.7 pps, Phase: active (intensity: 1.00)
2025-09-12 17:14:06,005 - attack_logger - DEBUG - [udp_flood] [Run ID: 525da3d9-1943-4435-9c3c-1371676f7a03] Process stats - CPU: 0.0%, Memory: 60.4MB
2025-09-12 17:14:06,005 - attack_logger - DEBUG - [udp_flood] [Run ID: 525da3d9-1943-4435-9c3c-1371676f7a03] Timing factors - Circadian: 0.80, Workday: 0.96, Adjusted rate: 18.0 pps
2025-09-12 17:14:09,031 - attack_logger - INFO - [udp_flood] [Run ID: 525da3d9-1943-4435-9c3c-1371676f7a03] Attack progress: 6.1s elapsed, ~137 packets sent, Rate: 22.6 pps, Phase: active (intensity: 1.00)
2025-09-12 17:14:09,031 - attack_logger - DEBUG - [udp_flood] [Run ID: 525da3d9-1943-4435-9c3c-1371676f7a03] Process stats - CPU: 0.0%, Memory: 60.6MB
2025-09-12 17:14:09,031 - attack_logger - DEBUG - [udp_flood] [Run ID: 525da3d9-1943-4435-9c3c-1371676f7a03] Timing factors - Circadian: 0.80, Workday: 0.96, Adjusted rate: 22.6 pps
2025-09-12 17:14:12,084 - attack_logger - INFO - [udp_flood] [Run ID: 525da3d9-1943-4435-9c3c-1371676f7a03] Attack progress: 9.1s elapsed, ~196 packets sent, Rate: 21.5 pps, Phase: active (intensity: 1.00)
2025-09-12 17:14:12,084 - attack_logger - DEBUG - [udp_flood] [Run ID: 525da3d9-1943-4435-9c3c-1371676f7a03] Process stats - CPU: 0.0%, Memory: 60.6MB
2025-09-12 17:14:12,085 - attack_logger - DEBUG - [udp_flood] [Run ID: 525da3d9-1943-4435-9c3c-1371676f7a03] Timing factors - Circadian: 0.80, Workday: 0.96, Adjusted rate: 21.5 pps
2025-09-12 17:14:15,179 - attack_logger - INFO - [udp_flood] [Run ID: 525da3d9-1943-4435-9c3c-1371676f7a03] Attack progress: 12.2s elapsed, ~250 packets sent, Rate: 20.5 pps, Phase: active (intensity: 1.00)
2025-09-12 17:14:15,179 - attack_logger - DEBUG - [udp_flood] [Run ID: 525da3d9-1943-4435-9c3c-1371676f7a03] Process stats - CPU: 0.0%, Memory: 60.6MB
2025-09-12 17:14:15,179 - attack_logger - DEBUG - [udp_flood] [Run ID: 525da3d9-1943-4435-9c3c-1371676f7a03] Timing factors - Circadian: 0.80, Workday: 0.96, Adjusted rate: 20.5 pps
2025-09-12 17:14:18,201 - attack_logger - INFO - [udp_flood] [Run ID: 525da3d9-1943-4435-9c3c-1371676f7a03] Attack progress: 15.2s elapsed, ~307 packets sent, Rate: 20.1 pps, Phase: active (intensity: 1.00)
2025-09-12 17:14:18,201 - attack_logger - DEBUG - [udp_flood] [Run ID: 525da3d9-1943-4435-9c3c-1371676f7a03] Process stats - CPU: 0.0%, Memory: 60.6MB
2025-09-12 17:14:18,201 - attack_logger - DEBUG - [udp_flood] [Run ID: 525da3d9-1943-4435-9c3c-1371676f7a03] Timing factors - Circadian: 0.80, Workday: 0.96, Adjusted rate: 20.2 pps
2025-09-12 17:14:19,048 - attack_logger - DEBUG - [udp_flood] [Run ID: 525da3d9-1943-4435-9c3c-1371676f7a03] Sent SIGINT to UDP flood process 108627
2025-09-12 17:14:19,552 - attack_logger - INFO - [udp_flood] [Run ID: 525da3d9-1943-4435-9c3c-1371676f7a03] Enhanced UDP Flood from h1 to 192.168.30.10 finished.
2025-09-12 17:14:19,552 - attack_logger - INFO - [udp_flood] [Run ID: 525da3d9-1943-4435-9c3c-1371676f7a03] Attack completed. Total packets sent = 255, Average rate = 15.85 packets/sec.
2025-09-12 17:14:19,552 - attack_logger - INFO - [udp_flood] [Run ID: 525da3d9-1943-4435-9c3c-1371676f7a03] --- Enhanced Attack Summary ---
2025-09-12 17:14:19,552 - attack_logger - INFO - [udp_flood] [Run ID: 525da3d9-1943-4435-9c3c-1371676f7a03] Total packets sent: 255
2025-09-12 17:14:19,552 - attack_logger - INFO - [udp_flood] [Run ID: 525da3d9-1943-4435-9c3c-1371676f7a03] Actual duration: 16.09s
2025-09-12 17:14:19,552 - attack_logger - INFO - [udp_flood] [Run ID: 525da3d9-1943-4435-9c3c-1371676f7a03] Average rate: 15.85 packets/sec
2025-09-12 17:14:19,552 - attack_logger - INFO - [udp_flood] [Run ID: 525da3d9-1943-4435-9c3c-1371676f7a03] Base rate: 20.7 pps
2025-09-12 17:14:19,552 - attack_logger - INFO - [udp_flood] [Run ID: 525da3d9-1943-4435-9c3c-1371676f7a03] Circadian factor: 0.80
2025-09-12 17:14:19,552 - attack_logger - INFO - [udp_flood] [Run ID: 525da3d9-1943-4435-9c3c-1371676f7a03] Workday factor: 0.96
2025-09-12 17:14:19,552 - attack_logger - INFO - [udp_flood] [Run ID: 525da3d9-1943-4435-9c3c-1371676f7a03] Session phases: 1
2025-09-12 17:14:19,552 - attack_logger - INFO - [udp_flood] [Run ID: 525da3d9-1943-4435-9c3c-1371676f7a03] Target port: 53 (DNS)
2025-09-12 17:14:19,552 - attack_logger - INFO - [udp_flood] [Run ID: 525da3d9-1943-4435-9c3c-1371676f7a03] Attack method: Enhanced UDP Flood with Human-like Timing
2025-09-12 17:14:19,552 - attack_logger - INFO - [udp_flood] [Run ID: 525da3d9-1943-4435-9c3c-1371676f7a03] Enhancement features: Human timing patterns, protocol compliance, network delay simulation
2025-09-12 17:14:19,552 - attack_logger - INFO - [udp_flood] [Run ID: 525da3d9-1943-4435-9c3c-1371676f7a03] DNS payloads: Realistic query patterns with varied domains
2025-09-12 17:14:19,552 - attack_logger - INFO - [udp_flood] [Run ID: 525da3d9-1943-4435-9c3c-1371676f7a03] ----------------------------------------
2025-09-12 17:14:19,599 - attack_logger - INFO - Attack: Enhanced UDP Flood completed.
2025-09-12 17:14:19,599 - attack_logger - INFO - Attack: Enhanced ICMP Flood (11s) | h1 -> h4
2025-09-12 17:14:22,112 - attack_logger - INFO - [icmp_flood] [Run ID: eb9a6b8d-4d72-4c2d-8be1-1e38c3c0dd81] Starting Enhanced ICMP Flood with RFC 1918 IP Rotation from h1 to 192.168.20.12 for 11 seconds.
2025-09-12 17:14:22,112 - attack_logger - INFO - [icmp_flood] [Run ID: eb9a6b8d-4d72-4c2d-8be1-1e38c3c0dd81] Attack Phase: Enhanced Traditional ICMP Flood - Attacker: h1, Target: 192.168.20.12, Duration: 11s
2025-09-12 17:14:22,112 - attack_logger - INFO - [icmp_flood] [Run ID: eb9a6b8d-4d72-4c2d-8be1-1e38c3c0dd81] Enhanced Features: RFC 1918 IP rotation, human-like timing, protocol compliance, network delay simulation
2025-09-12 17:14:22,112 - attack_logger - INFO - [icmp_flood] [Run ID: eb9a6b8d-4d72-4c2d-8be1-1e38c3c0dd81] IP Pool Size: 50 source IPs from RFC 1918 ranges (10.0.0.0/8, 172.16.0.0/12, 192.168.0.0/16)
2025-09-12 17:14:22,112 - attack_logger - INFO - [icmp_flood] [Run ID: eb9a6b8d-4d72-4c2d-8be1-1e38c3c0dd81] Stress phase total: 3s (host: 1s, gateway: 2s), Advanced phase: 8s
2025-09-12 17:14:23,660 - attack_logger - INFO - [icmp_flood] [Run ID: eb9a6b8d-4d72-4c2d-8be1-1e38c3c0dd81] Host stress sub-phase completed
2025-09-12 17:14:26,247 - attack_logger - INFO - [icmp_flood] [Run ID: eb9a6b8d-4d72-4c2d-8be1-1e38c3c0dd81] Gateway stress sub-phase completed
2025-09-12 17:14:26,248 - attack_logger - INFO - [icmp_flood] [Run ID: eb9a6b8d-4d72-4c2d-8be1-1e38c3c0dd81] Session pattern: 1 phases, Circadian factor: 0.80, Workday factor: 0.96
2025-09-12 17:14:26,248 - attack_logger - DEBUG - [icmp_flood] [Run ID: eb9a6b8d-4d72-4c2d-8be1-1e38c3c0dd81] Starting enhanced ICMP packet generation with IP rotation and human-like timing
2025-09-12 17:14:26,255 - attack_logger - INFO - [icmp_flood] [Run ID: eb9a6b8d-4d72-4c2d-8be1-1e38c3c0dd81] Enhanced ICMP flood with IP rotation process started (PID: 108643)
2025-09-12 17:14:27,352 - attack_logger - INFO - [icmp_flood] [Run ID: eb9a6b8d-4d72-4c2d-8be1-1e38c3c0dd81] Attack progress: 1.1s elapsed, ~2 packets sent, Rate: 1.8 pps, IP rotations: ~0, Phase: break (intensity: 0.10)
2025-09-12 17:14:27,352 - attack_logger - DEBUG - [icmp_flood] [Run ID: eb9a6b8d-4d72-4c2d-8be1-1e38c3c0dd81] Process stats - CPU: 0.0%, Memory: 60.4MB
2025-09-12 17:14:27,352 - attack_logger - DEBUG - [icmp_flood] [Run ID: eb9a6b8d-4d72-4c2d-8be1-1e38c3c0dd81] Timing factors - Circadian: 0.80, Workday: 0.96, Adjusted rate: 2.2 pps
2025-09-12 17:14:28,401 - attack_logger - INFO - [icmp_flood] [Run ID: eb9a6b8d-4d72-4c2d-8be1-1e38c3c0dd81] Attack progress: 2.2s elapsed, ~3 packets sent, Rate: 1.4 pps, IP rotations: ~0, Phase: break (intensity: 0.10)
2025-09-12 17:14:28,401 - attack_logger - DEBUG - [icmp_flood] [Run ID: eb9a6b8d-4d72-4c2d-8be1-1e38c3c0dd81] Process stats - CPU: 0.0%, Memory: 60.4MB
2025-09-12 17:14:28,401 - attack_logger - DEBUG - [icmp_flood] [Run ID: eb9a6b8d-4d72-4c2d-8be1-1e38c3c0dd81] Timing factors - Circadian: 0.80, Workday: 0.96, Adjusted rate: 1.8 pps
2025-09-12 17:14:29,491 - attack_logger - INFO - [icmp_flood] [Run ID: eb9a6b8d-4d72-4c2d-8be1-1e38c3c0dd81] Attack progress: 3.2s elapsed, ~5 packets sent, Rate: 1.5 pps, IP rotations: ~0, Phase: break (intensity: 0.10)
2025-09-12 17:14:29,491 - attack_logger - DEBUG - [icmp_flood] [Run ID: eb9a6b8d-4d72-4c2d-8be1-1e38c3c0dd81] Process stats - CPU: 0.0%, Memory: 60.4MB
2025-09-12 17:14:29,491 - attack_logger - DEBUG - [icmp_flood] [Run ID: eb9a6b8d-4d72-4c2d-8be1-1e38c3c0dd81] Timing factors - Circadian: 0.80, Workday: 0.96, Adjusted rate: 1.6 pps
2025-09-12 17:14:30,521 - attack_logger - INFO - [icmp_flood] [Run ID: eb9a6b8d-4d72-4c2d-8be1-1e38c3c0dd81] Attack progress: 4.3s elapsed, ~10 packets sent, Rate: 2.3 pps, IP rotations: ~0, Phase: break (intensity: 0.10)
2025-09-12 17:14:30,521 - attack_logger - DEBUG - [icmp_flood] [Run ID: eb9a6b8d-4d72-4c2d-8be1-1e38c3c0dd81] Process stats - CPU: 0.0%, Memory: 60.4MB
2025-09-12 17:14:30,521 - attack_logger - DEBUG - [icmp_flood] [Run ID: eb9a6b8d-4d72-4c2d-8be1-1e38c3c0dd81] Timing factors - Circadian: 0.80, Workday: 0.96, Adjusted rate: 2.4 pps
2025-09-12 17:14:31,570 - attack_logger - INFO - [icmp_flood] [Run ID: eb9a6b8d-4d72-4c2d-8be1-1e38c3c0dd81] Attack progress: 5.3s elapsed, ~10 packets sent, Rate: 1.9 pps, IP rotations: ~0, Phase: break (intensity: 0.10)
2025-09-12 17:14:31,570 - attack_logger - DEBUG - [icmp_flood] [Run ID: eb9a6b8d-4d72-4c2d-8be1-1e38c3c0dd81] Process stats - CPU: 0.0%, Memory: 60.4MB
2025-09-12 17:14:31,570 - attack_logger - DEBUG - [icmp_flood] [Run ID: eb9a6b8d-4d72-4c2d-8be1-1e38c3c0dd81] Timing factors - Circadian: 0.80, Workday: 0.96, Adjusted rate: 2.0 pps
2025-09-12 17:14:32,645 - attack_logger - INFO - [icmp_flood] [Run ID: eb9a6b8d-4d72-4c2d-8be1-1e38c3c0dd81] Attack progress: 6.4s elapsed, ~12 packets sent, Rate: 1.9 pps, IP rotations: ~0, Phase: break (intensity: 0.10)
2025-09-12 17:14:32,645 - attack_logger - DEBUG - [icmp_flood] [Run ID: eb9a6b8d-4d72-4c2d-8be1-1e38c3c0dd81] Process stats - CPU: 0.0%, Memory: 60.4MB
2025-09-12 17:14:32,645 - attack_logger - DEBUG - [icmp_flood] [Run ID: eb9a6b8d-4d72-4c2d-8be1-1e38c3c0dd81] Timing factors - Circadian: 0.80, Workday: 0.96, Adjusted rate: 2.0 pps
2025-09-12 17:14:33,682 - attack_logger - INFO - [icmp_flood] [Run ID: eb9a6b8d-4d72-4c2d-8be1-1e38c3c0dd81] Attack progress: 7.4s elapsed, ~17 packets sent, Rate: 2.3 pps, IP rotations: ~1, Phase: break (intensity: 0.10)
2025-09-12 17:14:33,682 - attack_logger - DEBUG - [icmp_flood] [Run ID: eb9a6b8d-4d72-4c2d-8be1-1e38c3c0dd81] Process stats - CPU: 0.0%, Memory: 60.4MB
2025-09-12 17:14:33,682 - attack_logger - DEBUG - [icmp_flood] [Run ID: eb9a6b8d-4d72-4c2d-8be1-1e38c3c0dd81] Timing factors - Circadian: 0.80, Workday: 0.96, Adjusted rate: 2.4 pps
2025-09-12 17:14:34,344 - attack_logger - DEBUG - [icmp_flood] [Run ID: eb9a6b8d-4d72-4c2d-8be1-1e38c3c0dd81] Sent SIGINT to ICMP flood process 108643
2025-09-12 17:14:34,847 - attack_logger - INFO - [icmp_flood] [Run ID: eb9a6b8d-4d72-4c2d-8be1-1e38c3c0dd81] Enhanced ICMP Flood with RFC 1918 IP Rotation from h1 to 192.168.20.12 finished.
2025-09-12 17:14:34,847 - attack_logger - INFO - [icmp_flood] [Run ID: eb9a6b8d-4d72-4c2d-8be1-1e38c3c0dd81] Attack completed. Total packets sent = 162, Average rate = 20.01 packets/sec.
2025-09-12 17:14:34,847 - attack_logger - INFO - [icmp_flood] [Run ID: eb9a6b8d-4d72-4c2d-8be1-1e38c3c0dd81] --- Enhanced Attack Summary ---
2025-09-12 17:14:34,847 - attack_logger - INFO - [icmp_flood] [Run ID: eb9a6b8d-4d72-4c2d-8be1-1e38c3c0dd81] Total packets sent: 162
2025-09-12 17:14:34,847 - attack_logger - INFO - [icmp_flood] [Run ID: eb9a6b8d-4d72-4c2d-8be1-1e38c3c0dd81] Total IP rotations: ~10
2025-09-12 17:14:34,847 - attack_logger - INFO - [icmp_flood] [Run ID: eb9a6b8d-4d72-4c2d-8be1-1e38c3c0dd81] RFC 1918 IP pool size: 50
2025-09-12 17:14:34,848 - attack_logger - INFO - [icmp_flood] [Run ID: eb9a6b8d-4d72-4c2d-8be1-1e38c3c0dd81] IP ranges used: 10.0.0.0/8, 172.16.0.0/12, 192.168.0.0/16
2025-09-12 17:14:34,848 - attack_logger - INFO - [icmp_flood] [Run ID: eb9a6b8d-4d72-4c2d-8be1-1e38c3c0dd81] Actual duration: 8.10s
2025-09-12 17:14:34,848 - attack_logger - INFO - [icmp_flood] [Run ID: eb9a6b8d-4d72-4c2d-8be1-1e38c3c0dd81] Average rate: 20.01 packets/sec
2025-09-12 17:14:34,848 - attack_logger - INFO - [icmp_flood] [Run ID: eb9a6b8d-4d72-4c2d-8be1-1e38c3c0dd81] Base rate: 26.1 pps
2025-09-12 17:14:34,848 - attack_logger - INFO - [icmp_flood] [Run ID: eb9a6b8d-4d72-4c2d-8be1-1e38c3c0dd81] Circadian factor: 0.80
2025-09-12 17:14:34,848 - attack_logger - INFO - [icmp_flood] [Run ID: eb9a6b8d-4d72-4c2d-8be1-1e38c3c0dd81] Workday factor: 0.96
2025-09-12 17:14:34,848 - attack_logger - INFO - [icmp_flood] [Run ID: eb9a6b8d-4d72-4c2d-8be1-1e38c3c0dd81] Session phases: 1
2025-09-12 17:14:34,848 - attack_logger - INFO - [icmp_flood] [Run ID: eb9a6b8d-4d72-4c2d-8be1-1e38c3c0dd81] ICMP type: Echo Request (8) with ID/Seq variations
2025-09-12 17:14:34,848 - attack_logger - INFO - [icmp_flood] [Run ID: eb9a6b8d-4d72-4c2d-8be1-1e38c3c0dd81] Attack method: Enhanced ICMP Flood with RFC 1918 IP Rotation
2025-09-12 17:14:34,848 - attack_logger - INFO - [icmp_flood] [Run ID: eb9a6b8d-4d72-4c2d-8be1-1e38c3c0dd81] Enhancement features: RFC 1918 IP rotation, human timing patterns, protocol compliance, network delay simulation
2025-09-12 17:14:34,848 - attack_logger - INFO - [icmp_flood] [Run ID: eb9a6b8d-4d72-4c2d-8be1-1e38c3c0dd81] ----------------------------------------
2025-09-12 17:14:34,893 - attack_logger - INFO - Attack: Enhanced ICMP Flood completed.
2025-09-12 17:14:35,404 - attack_logger - INFO - Attack: ENHANCED Adversarial TCP State Exhaustion (8s) | h1 -> h6
2025-09-12 17:14:46,617 - attack_logger - INFO - Attack: ENHANCED Adversarial Application Layer (3s) | h1 -> h6
2025-09-12 17:14:52,819 - attack_logger - INFO - Attack: ENHANCED Adversarial Slow Read (9s) | h1 -> h6
2025-09-12 17:15:05,177 - attack_logger - INFO - Attack: ENHANCED Adversarial Slow Read completed.
