2025-09-12 17:10:15 - [BENIGN] - INFO - Starting benign traffic for 200 seconds...
2025-09-12 17:10:15 - [BENIGN] - INFO - Protocol separation: h2↔h5 (ICMP), h3↔h5 (TCP/UDP)
2025-09-12 17:10:15 - [BENIGN] - DEBUG - Generated ICMP traffic h2↔h5 0 [len=84B]
2025-09-12 17:10:16 - [BENIGN] - DEBUG - Generated TCP SYN from h3:61012 -> h5:12345 [len=54B]
2025-09-12 17:10:16 - [BENIGN] - DEBUG - Generated TCP SYN-ACK from h5:12345 <- h3:61012 [len=54B]
2025-09-12 17:10:17 - [BENIGN] - DEBUG - Generated TCP ACK from h3:61012 -> h5:12345 [len=54B]
2025-09-12 17:10:18 - [BENIGN] - DEBUG - Generated TCP data traffic from h3:61012 -> h5:12345 [content='TCP data'] [Session 1] [len=858B]
2025-09-12 17:10:18 - [BENIGN] - DEBUG - Generated TCP ACK reply from h5:12345 <- h3:61012 [len=54B]
2025-09-12 17:10:19 - [BENIGN] - DEBUG - Generated UDP traffic from h3:30773 -> h5:12346 [content='5123710676029f7984c9a6d4bdefecb344469029...'] [Session 2] [len=97B]
2025-09-12 17:10:20 - [BENIGN] - DEBUG - Generated Telnet SYN from h3:27153 -> h5:23 [len=54B]
2025-09-12 17:10:20 - [BENIGN] - DEBUG - Generated Telnet SYN-ACK from h5:23 <- h3:27153 [len=54B]
2025-09-12 17:10:21 - [BENIGN] - DEBUG - Generated Telnet ACK from h3:27153 -> h5:23 [len=54B]
2025-09-12 17:10:21 - [BENIGN] - DEBUG - Generated Telnet data traffic from h3:27153 -> h5:23 [content='Telnet command'] [Session 3] [len=1515B]
2025-09-12 17:10:22 - [BENIGN] - DEBUG - Generated Telnet ACK reply from h5:23 <- h3:27153 [len=54B]
2025-09-12 17:10:23 - [BENIGN] - DEBUG - Generated SSH SYN from h3:3603 -> h5:22 [len=54B]
2025-09-12 17:10:23 - [BENIGN] - DEBUG - Generated SSH SYN-ACK from h5:22 <- h3:3603 [len=54B]
2025-09-12 17:10:24 - [BENIGN] - DEBUG - Generated SSH ACK from h3:3603 -> h5:22 [len=54B]
2025-09-12 17:10:25 - [BENIGN] - DEBUG - Generated SSH data traffic from h3:3603 -> h5:22 [content='SSH encrypted data'] [Session 4] [len=449B]
2025-09-12 17:10:25 - [BENIGN] - DEBUG - Generated SSH ACK reply from h5:22 <- h3:3603 [len=54B]
2025-09-12 17:10:26 - [BENIGN] - DEBUG - Generated FTP SYN from h3:21767 -> h5:21 [len=54B]
2025-09-12 17:10:27 - [BENIGN] - DEBUG - Generated FTP SYN-ACK from h5:21 <- h3:21767 [len=54B]
2025-09-12 17:10:27 - [BENIGN] - DEBUG - Generated FTP ACK from h3:21767 -> h5:21 [len=54B]
2025-09-12 17:10:28 - [BENIGN] - DEBUG - Generated FTP data traffic from h3:21767 -> h5:21 [content='FTP file transfer'] [Session 5] [len=1381B]
2025-09-12 17:10:28 - [BENIGN] - DEBUG - Generated FTP ACK reply from h5:21 <- h3:21767 [len=54B]
2025-09-12 17:10:29 - [BENIGN] - DEBUG - Generated HTTP SYN from h3:18033 -> h5:80 [len=54B]
2025-09-12 17:10:30 - [BENIGN] - DEBUG - Generated HTTP SYN-ACK from h5:80 <- h3:18033 [len=54B]
2025-09-12 17:10:30 - [BENIGN] - DEBUG - Generated HTTP ACK from h3:18033 -> h5:80 [len=54B]
2025-09-12 17:10:31 - [BENIGN] - DEBUG - Generated HTTP data traffic from h3:18033 -> h5:80 [content='GET /index.html HTTP/1.1'] [Session 6] [len=403B]
2025-09-12 17:10:32 - [BENIGN] - DEBUG - Generated HTTP ACK reply from h5:80 <- h3:18033 [len=54B]
2025-09-12 17:10:32 - [BENIGN] - DEBUG - Generated HTTPS SYN from h3:2707 -> h5:443 [len=54B]
2025-09-12 17:10:33 - [BENIGN] - DEBUG - Generated HTTPS SYN-ACK from h5:443 <- h3:2707 [len=54B]
2025-09-12 17:10:34 - [BENIGN] - DEBUG - Generated HTTPS ACK from h3:2707 -> h5:443 [len=54B]
2025-09-12 17:10:34 - [BENIGN] - DEBUG - Generated HTTPS data traffic from h3:2707 -> h5:443 [content='Encrypted Application Data'] [Session 7] [len=287B]
2025-09-12 17:10:35 - [BENIGN] - DEBUG - Generated HTTPS ACK reply from h5:443 <- h3:2707 [len=54B]
2025-09-12 17:10:35 - [BENIGN] - DEBUG - Generated DNS query from h3:13677 -> h5:53 [qname='example.com'] [Session 8] [len=71B]
2025-09-12 17:10:36 - [BENIGN] - DEBUG - Generated ICMP traffic h2↔h5 1 [len=84B]
2025-09-12 17:10:36 - [BENIGN] - DEBUG - Generated TCP SYN from h3:9929 -> h5:12345 [len=54B]
2025-09-12 17:10:37 - [BENIGN] - DEBUG - Generated TCP SYN-ACK from h5:12345 <- h3:9929 [len=54B]
2025-09-12 17:10:38 - [BENIGN] - DEBUG - Generated TCP ACK from h3:9929 -> h5:12345 [len=54B]
2025-09-12 17:10:38 - [BENIGN] - DEBUG - Generated TCP data traffic from h3:9929 -> h5:12345 [content='TCP data'] [Session 9] [len=869B]
2025-09-12 17:10:39 - [BENIGN] - DEBUG - Generated TCP ACK reply from h5:12345 <- h3:9929 [len=54B]
2025-09-12 17:10:39 - [BENIGN] - DEBUG - Generated UDP traffic from h3:34634 -> h5:12346 [content='0e325dc35715199bef64a9f98543bee2bd172cb2...'] [Session 10] [len=807B]
2025-09-12 17:10:40 - [BENIGN] - DEBUG - Generated Telnet SYN from h3:22976 -> h5:23 [len=54B]
2025-09-12 17:10:41 - [BENIGN] - DEBUG - Generated Telnet SYN-ACK from h5:23 <- h3:22976 [len=54B]
2025-09-12 17:10:42 - [BENIGN] - DEBUG - Generated Telnet ACK from h3:22976 -> h5:23 [len=54B]
2025-09-12 17:10:42 - [BENIGN] - DEBUG - Generated Telnet data traffic from h3:22976 -> h5:23 [content='Telnet command'] [Session 11] [len=319B]
2025-09-12 17:10:43 - [BENIGN] - DEBUG - Generated Telnet ACK reply from h5:23 <- h3:22976 [len=54B]
2025-09-12 17:10:43 - [BENIGN] - DEBUG - Generated SSH SYN from h3:11382 -> h5:22 [len=54B]
2025-09-12 17:10:44 - [BENIGN] - DEBUG - Generated SSH SYN-ACK from h5:22 <- h3:11382 [len=54B]
2025-09-12 17:10:45 - [BENIGN] - DEBUG - Generated SSH ACK from h3:11382 -> h5:22 [len=54B]
2025-09-12 17:10:45 - [BENIGN] - DEBUG - Generated SSH data traffic from h3:11382 -> h5:22 [content='SSH encrypted data'] [Session 12] [len=868B]
2025-09-12 17:10:46 - [BENIGN] - DEBUG - Generated SSH ACK reply from h5:22 <- h3:11382 [len=54B]
2025-09-12 17:10:47 - [BENIGN] - DEBUG - Generated FTP SYN from h3:49178 -> h5:21 [len=54B]
2025-09-12 17:10:47 - [BENIGN] - DEBUG - Generated FTP SYN-ACK from h5:21 <- h3:49178 [len=54B]
2025-09-12 17:10:48 - [BENIGN] - DEBUG - Generated FTP ACK from h3:49178 -> h5:21 [len=54B]
2025-09-12 17:10:49 - [BENIGN] - DEBUG - Generated FTP data traffic from h3:49178 -> h5:21 [content='FTP file transfer'] [Session 13] [len=693B]
2025-09-12 17:10:49 - [BENIGN] - DEBUG - Generated FTP ACK reply from h5:21 <- h3:49178 [len=54B]
2025-09-12 17:10:50 - [BENIGN] - DEBUG - Generated HTTP SYN from h3:61021 -> h5:80 [len=54B]
2025-09-12 17:10:51 - [BENIGN] - DEBUG - Generated HTTP SYN-ACK from h5:80 <- h3:61021 [len=54B]
2025-09-12 17:10:51 - [BENIGN] - DEBUG - Generated HTTP ACK from h3:61021 -> h5:80 [len=54B]
2025-09-12 17:10:52 - [BENIGN] - DEBUG - Generated HTTP data traffic from h3:61021 -> h5:80 [content='GET /index.html HTTP/1.1'] [Session 14] [len=545B]
2025-09-12 17:10:52 - [BENIGN] - DEBUG - Generated HTTP ACK reply from h5:80 <- h3:61021 [len=54B]
2025-09-12 17:10:53 - [BENIGN] - DEBUG - Generated HTTPS SYN from h3:63690 -> h5:443 [len=54B]
2025-09-12 17:10:54 - [BENIGN] - DEBUG - Generated HTTPS SYN-ACK from h5:443 <- h3:63690 [len=54B]
2025-09-12 17:10:54 - [BENIGN] - DEBUG - Generated HTTPS ACK from h3:63690 -> h5:443 [len=54B]
2025-09-12 17:10:55 - [BENIGN] - DEBUG - Generated HTTPS data traffic from h3:63690 -> h5:443 [content='Encrypted Application Data'] [Session 15] [len=449B]
2025-09-12 17:10:56 - [BENIGN] - DEBUG - Generated HTTPS ACK reply from h5:443 <- h3:63690 [len=54B]
2025-09-12 17:10:56 - [BENIGN] - DEBUG - Generated DNS query from h3:31081 -> h5:53 [qname='example.com'] [Session 16] [len=71B]
2025-09-12 17:10:56 - [BENIGN] - DEBUG - Generated ICMP traffic h2↔h5 2 [len=84B]
2025-09-12 17:10:57 - [BENIGN] - DEBUG - Generated TCP SYN from h3:50269 -> h5:12345 [len=54B]
2025-09-12 17:10:58 - [BENIGN] - DEBUG - Generated TCP SYN-ACK from h5:12345 <- h3:50269 [len=54B]
2025-09-12 17:10:58 - [BENIGN] - DEBUG - Generated TCP ACK from h3:50269 -> h5:12345 [len=54B]
2025-09-12 17:10:59 - [BENIGN] - DEBUG - Generated TCP data traffic from h3:50269 -> h5:12345 [content='TCP data'] [Session 17] [len=334B]
2025-09-12 17:11:00 - [BENIGN] - DEBUG - Generated TCP ACK reply from h5:12345 <- h3:50269 [len=54B]
2025-09-12 17:11:00 - [BENIGN] - DEBUG - Generated UDP traffic from h3:51463 -> h5:12346 [content='893000f1daae47941c99d484c29ef0217a284f89...'] [Session 18] [len=548B]
2025-09-12 17:11:01 - [BENIGN] - DEBUG - Generated Telnet SYN from h3:43680 -> h5:23 [len=54B]
2025-09-12 17:11:01 - [BENIGN] - DEBUG - Generated Telnet SYN-ACK from h5:23 <- h3:43680 [len=54B]
2025-09-12 17:11:02 - [BENIGN] - DEBUG - Generated Telnet ACK from h3:43680 -> h5:23 [len=54B]
2025-09-12 17:11:03 - [BENIGN] - DEBUG - Generated Telnet data traffic from h3:43680 -> h5:23 [content='Telnet command'] [Session 19] [len=126B]
2025-09-12 17:11:03 - [BENIGN] - DEBUG - Generated Telnet ACK reply from h5:23 <- h3:43680 [len=54B]
2025-09-12 17:11:04 - [BENIGN] - DEBUG - Generated SSH SYN from h3:37245 -> h5:22 [len=54B]
2025-09-12 17:11:05 - [BENIGN] - DEBUG - Generated SSH SYN-ACK from h5:22 <- h3:37245 [len=54B]
2025-09-12 17:11:05 - [BENIGN] - DEBUG - Generated SSH ACK from h3:37245 -> h5:22 [len=54B]
2025-09-12 17:11:06 - [BENIGN] - DEBUG - Generated SSH data traffic from h3:37245 -> h5:22 [content='SSH encrypted data'] [Session 20] [len=957B]
2025-09-12 17:11:06 - [BENIGN] - DEBUG - Generated SSH ACK reply from h5:22 <- h3:37245 [len=54B]
2025-09-12 17:11:07 - [BENIGN] - DEBUG - Generated FTP SYN from h3:5807 -> h5:21 [len=54B]
2025-09-12 17:11:08 - [BENIGN] - DEBUG - Generated FTP SYN-ACK from h5:21 <- h3:5807 [len=54B]
2025-09-12 17:11:08 - [BENIGN] - DEBUG - Generated FTP ACK from h3:5807 -> h5:21 [len=54B]
2025-09-12 17:11:09 - [BENIGN] - DEBUG - Generated FTP data traffic from h3:5807 -> h5:21 [content='FTP file transfer'] [Session 21] [len=715B]
2025-09-12 17:11:10 - [BENIGN] - DEBUG - Generated FTP ACK reply from h5:21 <- h3:5807 [len=54B]
2025-09-12 17:11:10 - [BENIGN] - DEBUG - Generated HTTP SYN from h3:46198 -> h5:80 [len=54B]
2025-09-12 17:11:11 - [BENIGN] - DEBUG - Generated HTTP SYN-ACK from h5:80 <- h3:46198 [len=54B]
2025-09-12 17:11:12 - [BENIGN] - DEBUG - Generated HTTP ACK from h3:46198 -> h5:80 [len=54B]
2025-09-12 17:11:12 - [BENIGN] - DEBUG - Generated HTTP data traffic from h3:46198 -> h5:80 [content='GET /index.html HTTP/1.1'] [Session 22] [len=487B]
2025-09-12 17:11:13 - [BENIGN] - DEBUG - Generated HTTP ACK reply from h5:80 <- h3:46198 [len=54B]
2025-09-12 17:11:13 - [BENIGN] - DEBUG - Generated HTTPS SYN from h3:29959 -> h5:443 [len=54B]
2025-09-12 17:11:14 - [BENIGN] - DEBUG - Generated HTTPS SYN-ACK from h5:443 <- h3:29959 [len=54B]
2025-09-12 17:11:15 - [BENIGN] - DEBUG - Generated HTTPS ACK from h3:29959 -> h5:443 [len=54B]
2025-09-12 17:11:15 - [BENIGN] - DEBUG - Generated HTTPS data traffic from h3:29959 -> h5:443 [content='Encrypted Application Data'] [Session 23] [len=612B]
2025-09-12 17:11:16 - [BENIGN] - DEBUG - Generated HTTPS ACK reply from h5:443 <- h3:29959 [len=54B]
2025-09-12 17:11:17 - [BENIGN] - DEBUG - Generated DNS query from h3:2002 -> h5:53 [qname='example.com'] [Session 24] [len=71B]
2025-09-12 17:11:17 - [BENIGN] - DEBUG - Generated ICMP traffic h2↔h5 3 [len=84B]
2025-09-12 17:11:17 - [BENIGN] - DEBUG - Generated TCP SYN from h3:57024 -> h5:12345 [len=54B]
2025-09-12 17:11:18 - [BENIGN] - DEBUG - Generated TCP SYN-ACK from h5:12345 <- h3:57024 [len=54B]
2025-09-12 17:11:19 - [BENIGN] - DEBUG - Generated TCP ACK from h3:57024 -> h5:12345 [len=54B]
2025-09-12 17:11:19 - [BENIGN] - DEBUG - Generated TCP data traffic from h3:57024 -> h5:12345 [content='TCP data'] [Session 25] [len=160B]
2025-09-12 17:11:20 - [BENIGN] - DEBUG - Generated TCP ACK reply from h5:12345 <- h3:57024 [len=54B]
2025-09-12 17:11:20 - [BENIGN] - DEBUG - Generated UDP traffic from h3:57306 -> h5:12346 [content='d79e9f27e935d6062b8a01001fa36b0f9a7eddc4...'] [Session 26] [len=1013B]
2025-09-12 17:11:21 - [BENIGN] - DEBUG - Generated Telnet SYN from h3:33315 -> h5:23 [len=54B]
2025-09-12 17:11:22 - [BENIGN] - DEBUG - Generated Telnet SYN-ACK from h5:23 <- h3:33315 [len=54B]
2025-09-12 17:11:22 - [BENIGN] - DEBUG - Generated Telnet ACK from h3:33315 -> h5:23 [len=54B]
2025-09-12 17:11:23 - [BENIGN] - DEBUG - Generated Telnet data traffic from h3:33315 -> h5:23 [content='Telnet command'] [Session 27] [len=1234B]
2025-09-12 17:11:24 - [BENIGN] - DEBUG - Generated Telnet ACK reply from h5:23 <- h3:33315 [len=54B]
2025-09-12 17:11:24 - [BENIGN] - DEBUG - Generated SSH SYN from h3:35091 -> h5:22 [len=54B]
2025-09-12 17:11:25 - [BENIGN] - DEBUG - Generated SSH SYN-ACK from h5:22 <- h3:35091 [len=54B]
2025-09-12 17:11:25 - [BENIGN] - DEBUG - Generated SSH ACK from h3:35091 -> h5:22 [len=54B]
2025-09-12 17:11:26 - [BENIGN] - DEBUG - Generated SSH data traffic from h3:35091 -> h5:22 [content='SSH encrypted data'] [Session 28] [len=217B]
2025-09-12 17:11:27 - [BENIGN] - DEBUG - Generated SSH ACK reply from h5:22 <- h3:35091 [len=54B]
2025-09-12 17:11:27 - [BENIGN] - DEBUG - Generated FTP SYN from h3:42378 -> h5:21 [len=54B]
2025-09-12 17:11:28 - [BENIGN] - DEBUG - Generated FTP SYN-ACK from h5:21 <- h3:42378 [len=54B]
2025-09-12 17:11:28 - [BENIGN] - DEBUG - Generated FTP ACK from h3:42378 -> h5:21 [len=54B]
2025-09-12 17:11:29 - [BENIGN] - DEBUG - Generated FTP data traffic from h3:42378 -> h5:21 [content='FTP file transfer'] [Session 29] [len=1279B]
2025-09-12 17:11:30 - [BENIGN] - DEBUG - Generated FTP ACK reply from h5:21 <- h3:42378 [len=54B]
2025-09-12 17:11:30 - [BENIGN] - DEBUG - Generated HTTP SYN from h3:22782 -> h5:80 [len=54B]
2025-09-12 17:11:31 - [BENIGN] - DEBUG - Generated HTTP SYN-ACK from h5:80 <- h3:22782 [len=54B]
2025-09-12 17:11:32 - [BENIGN] - DEBUG - Generated HTTP ACK from h3:22782 -> h5:80 [len=54B]
2025-09-12 17:11:32 - [BENIGN] - DEBUG - Generated HTTP data traffic from h3:22782 -> h5:80 [content='GET /index.html HTTP/1.1'] [Session 30] [len=540B]
2025-09-12 17:11:33 - [BENIGN] - DEBUG - Generated HTTP ACK reply from h5:80 <- h3:22782 [len=54B]
2025-09-12 17:11:33 - [BENIGN] - DEBUG - Generated HTTPS SYN from h3:13126 -> h5:443 [len=54B]
2025-09-12 17:11:34 - [BENIGN] - DEBUG - Generated HTTPS SYN-ACK from h5:443 <- h3:13126 [len=54B]
2025-09-12 17:11:35 - [BENIGN] - DEBUG - Generated HTTPS ACK from h3:13126 -> h5:443 [len=54B]
2025-09-12 17:11:35 - [BENIGN] - DEBUG - Generated HTTPS data traffic from h3:13126 -> h5:443 [content='Encrypted Application Data'] [Session 31] [len=464B]
2025-09-12 17:11:36 - [BENIGN] - DEBUG - Generated HTTPS ACK reply from h5:443 <- h3:13126 [len=54B]
2025-09-12 17:11:37 - [BENIGN] - DEBUG - Generated DNS query from h3:65248 -> h5:53 [qname='example.com'] [Session 32] [len=71B]
2025-09-12 17:11:37 - [BENIGN] - DEBUG - Generated ICMP traffic h2↔h5 4 [len=84B]
2025-09-12 17:11:37 - [BENIGN] - DEBUG - Generated TCP SYN from h3:27266 -> h5:12345 [len=54B]
2025-09-12 17:11:38 - [BENIGN] - DEBUG - Generated TCP SYN-ACK from h5:12345 <- h3:27266 [len=54B]
2025-09-12 17:11:39 - [BENIGN] - DEBUG - Generated TCP ACK from h3:27266 -> h5:12345 [len=54B]
2025-09-12 17:11:39 - [BENIGN] - DEBUG - Generated TCP data traffic from h3:27266 -> h5:12345 [content='TCP data'] [Session 33] [len=705B]
2025-09-12 17:11:40 - [BENIGN] - DEBUG - Generated TCP ACK reply from h5:12345 <- h3:27266 [len=54B]
2025-09-12 17:11:40 - [BENIGN] - DEBUG - Generated UDP traffic from h3:43559 -> h5:12346 [content='d058e557e8d42f0733e2bbf97254b7e844e468fa...'] [Session 34] [len=1464B]
2025-09-12 17:11:41 - [BENIGN] - DEBUG - Generated Telnet SYN from h3:50817 -> h5:23 [len=54B]
2025-09-12 17:11:42 - [BENIGN] - DEBUG - Generated Telnet SYN-ACK from h5:23 <- h3:50817 [len=54B]
2025-09-12 17:11:42 - [BENIGN] - DEBUG - Generated Telnet ACK from h3:50817 -> h5:23 [len=54B]
2025-09-12 17:11:43 - [BENIGN] - DEBUG - Generated Telnet data traffic from h3:50817 -> h5:23 [content='Telnet command'] [Session 35] [len=634B]
2025-09-12 17:11:44 - [BENIGN] - DEBUG - Generated Telnet ACK reply from h5:23 <- h3:50817 [len=54B]
2025-09-12 17:11:44 - [BENIGN] - DEBUG - Generated SSH SYN from h3:42110 -> h5:22 [len=54B]
2025-09-12 17:11:45 - [BENIGN] - DEBUG - Generated SSH SYN-ACK from h5:22 <- h3:42110 [len=54B]
2025-09-12 17:11:46 - [BENIGN] - DEBUG - Generated SSH ACK from h3:42110 -> h5:22 [len=54B]
2025-09-12 17:11:46 - [BENIGN] - DEBUG - Generated SSH data traffic from h3:42110 -> h5:22 [content='SSH encrypted data'] [Session 36] [len=1126B]
2025-09-12 17:11:47 - [BENIGN] - DEBUG - Generated SSH ACK reply from h5:22 <- h3:42110 [len=54B]
2025-09-12 17:11:47 - [BENIGN] - DEBUG - Generated FTP SYN from h3:64451 -> h5:21 [len=54B]
2025-09-12 17:11:48 - [BENIGN] - DEBUG - Generated FTP SYN-ACK from h5:21 <- h3:64451 [len=54B]
2025-09-12 17:11:49 - [BENIGN] - DEBUG - Generated FTP ACK from h3:64451 -> h5:21 [len=54B]
2025-09-12 17:11:49 - [BENIGN] - DEBUG - Generated FTP data traffic from h3:64451 -> h5:21 [content='FTP file transfer'] [Session 37] [len=906B]
2025-09-12 17:11:50 - [BENIGN] - DEBUG - Generated FTP ACK reply from h5:21 <- h3:64451 [len=54B]
2025-09-12 17:11:51 - [BENIGN] - DEBUG - Generated HTTP SYN from h3:49221 -> h5:80 [len=54B]
2025-09-12 17:11:51 - [BENIGN] - DEBUG - Generated HTTP SYN-ACK from h5:80 <- h3:49221 [len=54B]
2025-09-12 17:11:52 - [BENIGN] - DEBUG - Generated HTTP ACK from h3:49221 -> h5:80 [len=54B]
2025-09-12 17:11:52 - [BENIGN] - DEBUG - Generated HTTP data traffic from h3:49221 -> h5:80 [content='GET /index.html HTTP/1.1'] [Session 38] [len=570B]
2025-09-12 17:11:53 - [BENIGN] - DEBUG - Generated HTTP ACK reply from h5:80 <- h3:49221 [len=54B]
2025-09-12 17:11:54 - [BENIGN] - DEBUG - Generated HTTPS SYN from h3:52514 -> h5:443 [len=54B]
2025-09-12 17:11:54 - [BENIGN] - DEBUG - Generated HTTPS SYN-ACK from h5:443 <- h3:52514 [len=54B]
2025-09-12 17:11:55 - [BENIGN] - DEBUG - Generated HTTPS ACK from h3:52514 -> h5:443 [len=54B]
2025-09-12 17:11:56 - [BENIGN] - DEBUG - Generated HTTPS data traffic from h3:52514 -> h5:443 [content='Encrypted Application Data'] [Session 39] [len=460B]
2025-09-12 17:11:56 - [BENIGN] - DEBUG - Generated HTTPS ACK reply from h5:443 <- h3:52514 [len=54B]
2025-09-12 17:11:57 - [BENIGN] - DEBUG - Generated DNS query from h3:35232 -> h5:53 [qname='example.com'] [Session 40] [len=71B]
2025-09-12 17:11:57 - [BENIGN] - DEBUG - Generated ICMP traffic h2↔h5 5 [len=84B]
2025-09-12 17:11:58 - [BENIGN] - DEBUG - Generated TCP SYN from h3:6793 -> h5:12345 [len=54B]
2025-09-12 17:11:58 - [BENIGN] - DEBUG - Generated TCP SYN-ACK from h5:12345 <- h3:6793 [len=54B]
2025-09-12 17:11:59 - [BENIGN] - DEBUG - Generated TCP ACK from h3:6793 -> h5:12345 [len=54B]
2025-09-12 17:11:59 - [BENIGN] - DEBUG - Generated TCP data traffic from h3:6793 -> h5:12345 [content='TCP data'] [Session 41] [len=927B]
2025-09-12 17:12:00 - [BENIGN] - DEBUG - Generated TCP ACK reply from h5:12345 <- h3:6793 [len=54B]
2025-09-12 17:12:01 - [BENIGN] - DEBUG - Generated UDP traffic from h3:34833 -> h5:12346 [content='ee1ac4f4842a0ddcdbfc73f2186f3a5eff37ee01...'] [Session 42] [len=1501B]
2025-09-12 17:12:01 - [BENIGN] - DEBUG - Generated Telnet SYN from h3:61272 -> h5:23 [len=54B]
2025-09-12 17:12:02 - [BENIGN] - DEBUG - Generated Telnet SYN-ACK from h5:23 <- h3:61272 [len=54B]
2025-09-12 17:12:03 - [BENIGN] - DEBUG - Generated Telnet ACK from h3:61272 -> h5:23 [len=54B]
2025-09-12 17:12:03 - [BENIGN] - DEBUG - Generated Telnet data traffic from h3:61272 -> h5:23 [content='Telnet command'] [Session 43] [len=311B]
2025-09-12 17:12:04 - [BENIGN] - DEBUG - Generated Telnet ACK reply from h5:23 <- h3:61272 [len=54B]
2025-09-12 17:12:04 - [BENIGN] - DEBUG - Generated SSH SYN from h3:14794 -> h5:22 [len=54B]
2025-09-12 17:12:05 - [BENIGN] - DEBUG - Generated SSH SYN-ACK from h5:22 <- h3:14794 [len=54B]
2025-09-12 17:12:06 - [BENIGN] - DEBUG - Generated SSH ACK from h3:14794 -> h5:22 [len=54B]
2025-09-12 17:12:06 - [BENIGN] - DEBUG - Generated SSH data traffic from h3:14794 -> h5:22 [content='SSH encrypted data'] [Session 44] [len=221B]
2025-09-12 17:12:07 - [BENIGN] - DEBUG - Generated SSH ACK reply from h5:22 <- h3:14794 [len=54B]
2025-09-12 17:12:08 - [BENIGN] - DEBUG - Generated FTP SYN from h3:54529 -> h5:21 [len=54B]
2025-09-12 17:12:08 - [BENIGN] - DEBUG - Generated FTP SYN-ACK from h5:21 <- h3:54529 [len=54B]
2025-09-12 17:12:09 - [BENIGN] - DEBUG - Generated FTP ACK from h3:54529 -> h5:21 [len=54B]
2025-09-12 17:12:09 - [BENIGN] - DEBUG - Generated FTP data traffic from h3:54529 -> h5:21 [content='FTP file transfer'] [Session 45] [len=218B]
2025-09-12 17:12:10 - [BENIGN] - DEBUG - Generated FTP ACK reply from h5:21 <- h3:54529 [len=54B]
2025-09-12 17:12:11 - [BENIGN] - DEBUG - Generated HTTP SYN from h3:30181 -> h5:80 [len=54B]
2025-09-12 17:12:11 - [BENIGN] - DEBUG - Generated HTTP SYN-ACK from h5:80 <- h3:30181 [len=54B]
2025-09-12 17:12:12 - [BENIGN] - DEBUG - Generated HTTP ACK from h3:30181 -> h5:80 [len=54B]
2025-09-12 17:12:13 - [BENIGN] - DEBUG - Generated HTTP data traffic from h3:30181 -> h5:80 [content='GET /index.html HTTP/1.1'] [Session 46] [len=443B]
2025-09-12 17:12:13 - [BENIGN] - DEBUG - Generated HTTP ACK reply from h5:80 <- h3:30181 [len=54B]
2025-09-12 17:12:14 - [BENIGN] - DEBUG - Generated HTTPS SYN from h3:37064 -> h5:443 [len=54B]
2025-09-12 17:12:14 - [BENIGN] - DEBUG - Generated HTTPS SYN-ACK from h5:443 <- h3:37064 [len=54B]
2025-09-12 17:12:15 - [BENIGN] - DEBUG - Generated HTTPS ACK from h3:37064 -> h5:443 [len=54B]
2025-09-12 17:12:16 - [BENIGN] - DEBUG - Generated HTTPS data traffic from h3:37064 -> h5:443 [content='Encrypted Application Data'] [Session 47] [len=450B]
2025-09-12 17:12:16 - [BENIGN] - DEBUG - Generated HTTPS ACK reply from h5:443 <- h3:37064 [len=54B]
2025-09-12 17:12:17 - [BENIGN] - DEBUG - Generated DNS query from h3:34976 -> h5:53 [qname='example.com'] [Session 48] [len=71B]
2025-09-12 17:12:17 - [BENIGN] - DEBUG - Generated ICMP traffic h2↔h5 6 [len=84B]
2025-09-12 17:12:18 - [BENIGN] - DEBUG - Generated TCP SYN from h3:5759 -> h5:12345 [len=54B]
2025-09-12 17:12:18 - [BENIGN] - DEBUG - Generated TCP SYN-ACK from h5:12345 <- h3:5759 [len=54B]
2025-09-12 17:12:19 - [BENIGN] - DEBUG - Generated TCP ACK from h3:5759 -> h5:12345 [len=54B]
2025-09-12 17:12:20 - [BENIGN] - DEBUG - Generated TCP data traffic from h3:5759 -> h5:12345 [content='TCP data'] [Session 49] [len=841B]
2025-09-12 17:12:20 - [BENIGN] - DEBUG - Generated TCP ACK reply from h5:12345 <- h3:5759 [len=54B]
2025-09-12 17:12:21 - [BENIGN] - DEBUG - Generated UDP traffic from h3:12565 -> h5:12346 [content='980b153eebf3537e5b61c0bd0196161f96040378...'] [Session 50] [len=1143B]
2025-09-12 17:12:22 - [BENIGN] - DEBUG - Generated Telnet SYN from h3:57792 -> h5:23 [len=54B]
2025-09-12 17:12:22 - [BENIGN] - DEBUG - Generated Telnet SYN-ACK from h5:23 <- h3:57792 [len=54B]
2025-09-12 17:12:23 - [BENIGN] - DEBUG - Generated Telnet ACK from h3:57792 -> h5:23 [len=54B]
2025-09-12 17:12:24 - [BENIGN] - DEBUG - Generated Telnet data traffic from h3:57792 -> h5:23 [content='Telnet command'] [Session 51] [len=1163B]
2025-09-12 17:12:24 - [BENIGN] - DEBUG - Generated Telnet ACK reply from h5:23 <- h3:57792 [len=54B]
2025-09-12 17:12:25 - [BENIGN] - DEBUG - Generated SSH SYN from h3:54402 -> h5:22 [len=54B]
2025-09-12 17:12:26 - [BENIGN] - DEBUG - Generated SSH SYN-ACK from h5:22 <- h3:54402 [len=54B]
2025-09-12 17:12:26 - [BENIGN] - DEBUG - Generated SSH ACK from h3:54402 -> h5:22 [len=54B]
2025-09-12 17:12:27 - [BENIGN] - DEBUG - Generated SSH data traffic from h3:54402 -> h5:22 [content='SSH encrypted data'] [Session 52] [len=658B]
2025-09-12 17:12:27 - [BENIGN] - DEBUG - Generated SSH ACK reply from h5:22 <- h3:54402 [len=54B]
2025-09-12 17:12:28 - [BENIGN] - DEBUG - Generated FTP SYN from h3:51553 -> h5:21 [len=54B]
2025-09-12 17:12:29 - [BENIGN] - DEBUG - Generated FTP SYN-ACK from h5:21 <- h3:51553 [len=54B]
2025-09-12 17:12:29 - [BENIGN] - DEBUG - Generated FTP ACK from h3:51553 -> h5:21 [len=54B]
2025-09-12 17:12:30 - [BENIGN] - DEBUG - Generated FTP data traffic from h3:51553 -> h5:21 [content='FTP file transfer'] [Session 53] [len=1489B]
2025-09-12 17:12:31 - [BENIGN] - DEBUG - Generated FTP ACK reply from h5:21 <- h3:51553 [len=54B]
2025-09-12 17:12:31 - [BENIGN] - DEBUG - Generated HTTP SYN from h3:5527 -> h5:80 [len=54B]
2025-09-12 17:12:32 - [BENIGN] - DEBUG - Generated HTTP SYN-ACK from h5:80 <- h3:5527 [len=54B]
2025-09-12 17:12:32 - [BENIGN] - DEBUG - Generated HTTP ACK from h3:5527 -> h5:80 [len=54B]
2025-09-12 17:12:33 - [BENIGN] - DEBUG - Generated HTTP data traffic from h3:5527 -> h5:80 [content='GET /index.html HTTP/1.1'] [Session 54] [len=266B]
2025-09-12 17:12:34 - [BENIGN] - DEBUG - Generated HTTP ACK reply from h5:80 <- h3:5527 [len=54B]
2025-09-12 17:12:34 - [BENIGN] - DEBUG - Generated HTTPS SYN from h3:39853 -> h5:443 [len=54B]
2025-09-12 17:12:35 - [BENIGN] - DEBUG - Generated HTTPS SYN-ACK from h5:443 <- h3:39853 [len=54B]
2025-09-12 17:12:36 - [BENIGN] - DEBUG - Generated HTTPS ACK from h3:39853 -> h5:443 [len=54B]
2025-09-12 17:12:36 - [BENIGN] - DEBUG - Generated HTTPS data traffic from h3:39853 -> h5:443 [content='Encrypted Application Data'] [Session 55] [len=607B]
2025-09-12 17:12:37 - [BENIGN] - DEBUG - Generated HTTPS ACK reply from h5:443 <- h3:39853 [len=54B]
2025-09-12 17:12:38 - [BENIGN] - DEBUG - Generated DNS query from h3:6111 -> h5:53 [qname='example.com'] [Session 56] [len=71B]
2025-09-12 17:12:38 - [BENIGN] - DEBUG - Generated ICMP traffic h2↔h5 7 [len=84B]
2025-09-12 17:12:38 - [BENIGN] - DEBUG - Generated TCP SYN from h3:23448 -> h5:12345 [len=54B]
2025-09-12 17:12:39 - [BENIGN] - DEBUG - Generated TCP SYN-ACK from h5:12345 <- h3:23448 [len=54B]
2025-09-12 17:12:39 - [BENIGN] - DEBUG - Generated TCP ACK from h3:23448 -> h5:12345 [len=54B]
2025-09-12 17:12:40 - [BENIGN] - DEBUG - Generated TCP data traffic from h3:23448 -> h5:12345 [content='TCP data'] [Session 57] [len=245B]
2025-09-12 17:12:41 - [BENIGN] - DEBUG - Generated TCP ACK reply from h5:12345 <- h3:23448 [len=54B]
2025-09-12 17:12:41 - [BENIGN] - DEBUG - Generated UDP traffic from h3:15511 -> h5:12346 [content='8d456b76168f2d9f570342b6e05d406b9a168ebc...'] [Session 58] [len=138B]
2025-09-12 17:12:42 - [BENIGN] - DEBUG - Generated Telnet SYN from h3:47192 -> h5:23 [len=54B]
2025-09-12 17:12:43 - [BENIGN] - DEBUG - Generated Telnet SYN-ACK from h5:23 <- h3:47192 [len=54B]
2025-09-12 17:12:43 - [BENIGN] - DEBUG - Generated Telnet ACK from h3:47192 -> h5:23 [len=54B]
2025-09-12 17:12:44 - [BENIGN] - DEBUG - Generated Telnet data traffic from h3:47192 -> h5:23 [content='Telnet command'] [Session 59] [len=344B]
2025-09-12 17:12:44 - [BENIGN] - DEBUG - Generated Telnet ACK reply from h5:23 <- h3:47192 [len=54B]
2025-09-12 17:12:45 - [BENIGN] - DEBUG - Generated SSH SYN from h3:34681 -> h5:22 [len=54B]
2025-09-12 17:12:46 - [BENIGN] - DEBUG - Generated SSH SYN-ACK from h5:22 <- h3:34681 [len=54B]
2025-09-12 17:12:46 - [BENIGN] - DEBUG - Generated SSH ACK from h3:34681 -> h5:22 [len=54B]
2025-09-12 17:12:47 - [BENIGN] - DEBUG - Generated SSH data traffic from h3:34681 -> h5:22 [content='SSH encrypted data'] [Session 60] [len=1294B]
2025-09-12 17:12:48 - [BENIGN] - DEBUG - Generated SSH ACK reply from h5:22 <- h3:34681 [len=54B]
2025-09-12 17:12:48 - [BENIGN] - DEBUG - Generated FTP SYN from h3:4636 -> h5:21 [len=54B]
2025-09-12 17:12:49 - [BENIGN] - DEBUG - Generated FTP SYN-ACK from h5:21 <- h3:4636 [len=54B]
2025-09-12 17:12:49 - [BENIGN] - DEBUG - Generated FTP ACK from h3:4636 -> h5:21 [len=54B]
2025-09-12 17:12:50 - [BENIGN] - DEBUG - Generated FTP data traffic from h3:4636 -> h5:21 [content='FTP file transfer'] [Session 61] [len=216B]
2025-09-12 17:12:51 - [BENIGN] - DEBUG - Generated FTP ACK reply from h5:21 <- h3:4636 [len=54B]
2025-09-12 17:12:51 - [BENIGN] - DEBUG - Generated HTTP SYN from h3:50645 -> h5:80 [len=54B]
2025-09-12 17:12:52 - [BENIGN] - DEBUG - Generated HTTP SYN-ACK from h5:80 <- h3:50645 [len=54B]
2025-09-12 17:12:53 - [BENIGN] - DEBUG - Generated HTTP ACK from h3:50645 -> h5:80 [len=54B]
2025-09-12 17:12:53 - [BENIGN] - DEBUG - Generated HTTP data traffic from h3:50645 -> h5:80 [content='GET /index.html HTTP/1.1'] [Session 62] [len=418B]
2025-09-12 17:12:54 - [BENIGN] - DEBUG - Generated HTTP ACK reply from h5:80 <- h3:50645 [len=54B]
2025-09-12 17:12:55 - [BENIGN] - DEBUG - Generated HTTPS SYN from h3:64195 -> h5:443 [len=54B]
2025-09-12 17:12:55 - [BENIGN] - DEBUG - Generated HTTPS SYN-ACK from h5:443 <- h3:64195 [len=54B]
2025-09-12 17:12:56 - [BENIGN] - DEBUG - Generated HTTPS ACK from h3:64195 -> h5:443 [len=54B]
2025-09-12 17:12:57 - [BENIGN] - DEBUG - Generated HTTPS data traffic from h3:64195 -> h5:443 [content='Encrypted Application Data'] [Session 63] [len=742B]
2025-09-12 17:12:57 - [BENIGN] - DEBUG - Generated HTTPS ACK reply from h5:443 <- h3:64195 [len=54B]
2025-09-12 17:12:58 - [BENIGN] - DEBUG - Generated DNS query from h3:2371 -> h5:53 [qname='example.com'] [Session 64] [len=71B]
2025-09-12 17:12:58 - [BENIGN] - DEBUG - Generated ICMP traffic h2↔h5 8 [len=84B]
2025-09-12 17:12:59 - [BENIGN] - DEBUG - Generated TCP SYN from h3:26960 -> h5:12345 [len=54B]
2025-09-12 17:12:59 - [BENIGN] - DEBUG - Generated TCP SYN-ACK from h5:12345 <- h3:26960 [len=54B]
2025-09-12 17:13:00 - [BENIGN] - DEBUG - Generated TCP ACK from h3:26960 -> h5:12345 [len=54B]
2025-09-12 17:13:01 - [BENIGN] - DEBUG - Generated TCP data traffic from h3:26960 -> h5:12345 [content='TCP data'] [Session 65] [len=1288B]
2025-09-12 17:13:01 - [BENIGN] - DEBUG - Generated TCP ACK reply from h5:12345 <- h3:26960 [len=54B]
2025-09-12 17:13:02 - [BENIGN] - DEBUG - Generated UDP traffic from h3:21225 -> h5:12346 [content='4fccb6462b1840243ed3132c43ecb83a86f51131...'] [Session 66] [len=782B]
2025-09-12 17:13:03 - [BENIGN] - DEBUG - Generated Telnet SYN from h3:58217 -> h5:23 [len=54B]
2025-09-12 17:13:03 - [BENIGN] - DEBUG - Generated Telnet SYN-ACK from h5:23 <- h3:58217 [len=54B]
2025-09-12 17:13:04 - [BENIGN] - DEBUG - Generated Telnet ACK from h3:58217 -> h5:23 [len=54B]
2025-09-12 17:13:05 - [BENIGN] - DEBUG - Generated Telnet data traffic from h3:58217 -> h5:23 [content='Telnet command'] [Session 67] [len=350B]
2025-09-12 17:13:05 - [BENIGN] - DEBUG - Generated Telnet ACK reply from h5:23 <- h3:58217 [len=54B]
2025-09-12 17:13:06 - [BENIGN] - DEBUG - Generated SSH SYN from h3:17091 -> h5:22 [len=54B]
2025-09-12 17:13:06 - [BENIGN] - DEBUG - Generated SSH SYN-ACK from h5:22 <- h3:17091 [len=54B]
2025-09-12 17:13:07 - [BENIGN] - DEBUG - Generated SSH ACK from h3:17091 -> h5:22 [len=54B]
2025-09-12 17:13:08 - [BENIGN] - DEBUG - Generated SSH data traffic from h3:17091 -> h5:22 [content='SSH encrypted data'] [Session 68] [len=1335B]
2025-09-12 17:13:08 - [BENIGN] - DEBUG - Generated SSH ACK reply from h5:22 <- h3:17091 [len=54B]
2025-09-12 17:13:09 - [BENIGN] - DEBUG - Generated FTP SYN from h3:24042 -> h5:21 [len=54B]
2025-09-12 17:13:10 - [BENIGN] - DEBUG - Generated FTP SYN-ACK from h5:21 <- h3:24042 [len=54B]
2025-09-12 17:13:10 - [BENIGN] - DEBUG - Generated FTP ACK from h3:24042 -> h5:21 [len=54B]
2025-09-12 17:13:11 - [BENIGN] - DEBUG - Generated FTP data traffic from h3:24042 -> h5:21 [content='FTP file transfer'] [Session 69] [len=949B]
2025-09-12 17:13:11 - [BENIGN] - DEBUG - Generated FTP ACK reply from h5:21 <- h3:24042 [len=54B]
2025-09-12 17:13:12 - [BENIGN] - DEBUG - Generated HTTP SYN from h3:24638 -> h5:80 [len=54B]
2025-09-12 17:13:13 - [BENIGN] - DEBUG - Generated HTTP SYN-ACK from h5:80 <- h3:24638 [len=54B]
2025-09-12 17:13:13 - [BENIGN] - DEBUG - Generated HTTP ACK from h3:24638 -> h5:80 [len=54B]
2025-09-12 17:13:14 - [BENIGN] - DEBUG - Generated HTTP data traffic from h3:24638 -> h5:80 [content='GET /index.html HTTP/1.1'] [Session 70] [len=606B]
2025-09-12 17:13:15 - [BENIGN] - DEBUG - Generated HTTP ACK reply from h5:80 <- h3:24638 [len=54B]
2025-09-12 17:13:15 - [BENIGN] - DEBUG - Generated HTTPS SYN from h3:20843 -> h5:443 [len=54B]
2025-09-12 17:13:16 - [BENIGN] - DEBUG - Generated HTTPS SYN-ACK from h5:443 <- h3:20843 [len=54B]
2025-09-12 17:13:17 - [BENIGN] - DEBUG - Generated HTTPS ACK from h3:20843 -> h5:443 [len=54B]
2025-09-12 17:13:17 - [BENIGN] - DEBUG - Generated HTTPS data traffic from h3:20843 -> h5:443 [content='Encrypted Application Data'] [Session 71] [len=595B]
2025-09-12 17:13:18 - [BENIGN] - DEBUG - Generated HTTPS ACK reply from h5:443 <- h3:20843 [len=54B]
2025-09-12 17:13:18 - [BENIGN] - DEBUG - Generated DNS query from h3:15968 -> h5:53 [qname='example.com'] [Session 72] [len=71B]
2025-09-12 17:13:18 - [BENIGN] - DEBUG - Generated ICMP traffic h2↔h5 9 [len=84B]
2025-09-12 17:13:19 - [BENIGN] - DEBUG - Generated TCP SYN from h3:57746 -> h5:12345 [len=54B]
2025-09-12 17:13:20 - [BENIGN] - DEBUG - Generated TCP SYN-ACK from h5:12345 <- h3:57746 [len=54B]
2025-09-12 17:13:20 - [BENIGN] - DEBUG - Generated TCP ACK from h3:57746 -> h5:12345 [len=54B]
2025-09-12 17:13:21 - [BENIGN] - DEBUG - Generated TCP data traffic from h3:57746 -> h5:12345 [content='TCP data'] [Session 73] [len=910B]
2025-09-12 17:13:22 - [BENIGN] - DEBUG - Generated TCP ACK reply from h5:12345 <- h3:57746 [len=54B]
2025-09-12 17:13:22 - [BENIGN] - DEBUG - Generated UDP traffic from h3:17907 -> h5:12346 [content='cf66b6d60f1daca96d18e8f2fb8d4489999de53a...'] [Session 74] [len=502B]
2025-09-12 17:13:23 - [BENIGN] - DEBUG - Generated Telnet SYN from h3:27360 -> h5:23 [len=54B]
2025-09-12 17:13:24 - [BENIGN] - DEBUG - Generated Telnet SYN-ACK from h5:23 <- h3:27360 [len=54B]
2025-09-12 17:13:24 - [BENIGN] - DEBUG - Generated Telnet ACK from h3:27360 -> h5:23 [len=54B]
2025-09-12 17:13:25 - [BENIGN] - DEBUG - Generated Telnet data traffic from h3:27360 -> h5:23 [content='Telnet command'] [Session 75] [len=754B]
2025-09-12 17:13:25 - [BENIGN] - DEBUG - Generated Telnet ACK reply from h5:23 <- h3:27360 [len=54B]
2025-09-12 17:13:26 - [BENIGN] - DEBUG - Generated SSH SYN from h3:28350 -> h5:22 [len=54B]
2025-09-12 17:13:27 - [BENIGN] - DEBUG - Generated SSH SYN-ACK from h5:22 <- h3:28350 [len=54B]
2025-09-12 17:13:27 - [BENIGN] - DEBUG - Generated SSH ACK from h3:28350 -> h5:22 [len=54B]
2025-09-12 17:13:28 - [BENIGN] - DEBUG - Generated SSH data traffic from h3:28350 -> h5:22 [content='SSH encrypted data'] [Session 76] [len=368B]
2025-09-12 17:13:29 - [BENIGN] - DEBUG - Generated SSH ACK reply from h5:22 <- h3:28350 [len=54B]
2025-09-12 17:13:29 - [BENIGN] - DEBUG - Generated FTP SYN from h3:51100 -> h5:21 [len=54B]
2025-09-12 17:13:30 - [BENIGN] - DEBUG - Generated FTP SYN-ACK from h5:21 <- h3:51100 [len=54B]
2025-09-12 17:13:30 - [BENIGN] - DEBUG - Generated FTP ACK from h3:51100 -> h5:21 [len=54B]
2025-09-12 17:13:31 - [BENIGN] - DEBUG - Generated FTP data traffic from h3:51100 -> h5:21 [content='FTP file transfer'] [Session 77] [len=1142B]
2025-09-12 17:13:32 - [BENIGN] - DEBUG - Generated FTP ACK reply from h5:21 <- h3:51100 [len=54B]
2025-09-12 17:13:32 - [BENIGN] - DEBUG - Generated HTTP SYN from h3:4845 -> h5:80 [len=54B]
2025-09-12 17:13:33 - [BENIGN] - DEBUG - Generated HTTP SYN-ACK from h5:80 <- h3:4845 [len=54B]
2025-09-12 17:13:34 - [BENIGN] - DEBUG - Generated HTTP ACK from h3:4845 -> h5:80 [len=54B]
2025-09-12 17:13:34 - [BENIGN] - DEBUG - Generated HTTP data traffic from h3:4845 -> h5:80 [content='GET /index.html HTTP/1.1'] [Session 78] [len=272B]
2025-09-12 17:13:35 - [BENIGN] - DEBUG - Generated HTTP ACK reply from h5:80 <- h3:4845 [len=54B]
2025-09-12 17:13:35 - [BENIGN] - DEBUG - Generated HTTPS SYN from h3:45820 -> h5:443 [len=54B]
2025-09-12 17:13:36 - [BENIGN] - DEBUG - Generated HTTPS SYN-ACK from h5:443 <- h3:45820 [len=54B]
2025-09-12 17:13:37 - [BENIGN] - DEBUG - Generated HTTPS ACK from h3:45820 -> h5:443 [len=54B]
2025-09-12 17:13:37 - [BENIGN] - DEBUG - Generated HTTPS data traffic from h3:45820 -> h5:443 [content='Encrypted Application Data'] [Session 79] [len=699B]
2025-09-12 17:13:38 - [BENIGN] - DEBUG - Generated HTTPS ACK reply from h5:443 <- h3:45820 [len=54B]
2025-09-12 17:13:39 - [BENIGN] - DEBUG - Generated DNS query from h3:31249 -> h5:53 [qname='example.com'] [Session 80] [len=71B]
2025-09-12 17:13:39 - [BENIGN] - INFO - Benign traffic finished.
2025-09-12 17:13:39 - [BENIGN] - INFO - Summary: 80 protocol sessions with protocol separation:
2025-09-12 17:13:39 - [BENIGN] - INFO -   - h2↔h5: ICMP ping traffic
2025-09-12 17:13:39 - [BENIGN] - INFO -   - h3↔h5: TCP/UDP traffic [TCP, UDP, Telnet, SSH, FTP, HTTP, HTTPS, DNS]
2025-09-12 17:13:39 - [BENIGN] - INFO - Total packets sent: 340
