2025-07-19 23:34:36 - [MAIN] - INFO - 🚀 TIER 1 ZERO-INSTALLATION ENHANCEMENTS ACTIVE
2025-07-19 23:34:36 - [MAIN] - INFO - 📈 Target Sophistication Level: ~57.5%
2025-07-19 23:34:36 - [MAIN] - INFO - 🔧 Built-in Dependencies Only (statistics, math, hashlib, collections, calendar, base64)
2025-07-19 23:34:36 - [MAIN] - INFO - ⚡ CPU Affinity Optimization ENABLED
2025-07-19 23:34:36,614 - __main__ - INFO - 🔧 CPU Core Allocation:
2025-07-19 23:34:36,614 - __main__ - INFO -   System: Cores 0
2025-07-19 23:34:36,614 - __main__ - INFO -   Ryu: Cores 1
2025-07-19 23:34:36,614 - __main__ - INFO -   Mininet: Cores 2,3,4
2025-07-19 23:34:36,614 - __main__ - INFO -   Attacks: Cores 5,6,7,8,9,10
2025-07-19 23:34:36,614 - __main__ - INFO -   Background: Cores 11
2025-07-19 23:34:36,614 - __main__ - INFO -   Pcap: Cores 0-15 (all cores, post-simulation)
2025-07-19 23:34:36 - [MAIN] - INFO - Cleaning up any previous Mininet instances...
2025-07-19 23:34:37 - [MAIN] - INFO - Mininet cleanup complete.
2025-07-19 23:34:37,978 - __main__ - INFO - Verifying required tools...
2025-07-19 23:34:38,199 - __main__ - INFO - TShark version: Running as user "root" and group "root". This could be dangerous.
2025-07-19 23:34:38,206 - __main__ - INFO - ✅ taskset CPU affinity tool is available
2025-07-19 23:34:38,206 - __main__ - INFO - All required tools are available.
2025-07-19 23:34:38 - [MAIN] - INFO - Using configuration file: /home/user/Desktop/dataset_generation/config.json
2025-07-19 23:34:38,207 - __main__ - INFO - Starting Ryu SDN controller with CPU affinity...
2025-07-19 23:34:38,207 - __main__ - INFO - 🚀 Starting ryu on cores [1]: ryu-manager /home/user/Desktop/dataset_generation/src/controller/ryu_controller_app.py
2025-07-19 23:34:38,212 - __main__ - INFO - ✅ Started ryu with PID 15912 on cores [1]
2025-07-19 23:34:38,212 - __main__ - INFO - Ryu controller started with PID: 15912. See main_output/190725-4/ryu.log for logs.
2025-07-19 23:34:38,212 - __main__ - INFO - Checking for controller on port 6653 (timeout: 30s)...
2025-07-19 23:34:39,231 - __main__ - INFO - Controller is up and listening.
2025-07-19 23:34:39 - [MAIN] - INFO - Testing /hello endpoint...
2025-07-19 23:34:39 - [MAIN] - INFO - Test /hello endpoint: PASSED
2025-07-19 23:34:39,238 - __main__ - INFO - Setting up Mininet topology...
2025-07-19 23:34:39,483 - __main__ - INFO - Mininet version: 
2025-07-19 23:34:39,491 - __main__ - INFO - Connecting to remote controller at 127.0.0.1:6653
2025-07-19 23:34:41,774 - __main__ - INFO - Mininet network started successfully.
2025-07-19 23:34:41,774 - __main__ - INFO - Running Mininet pingall test...
2025-07-19 23:34:46,862 - __main__ - INFO - Mininet pingall test completed successfully. Packet loss: 0.0%
2025-07-19 23:34:46,862 - __main__ - INFO - Starting enhanced traffic generation scenario with CPU affinity optimization...
2025-07-19 23:34:46,862 - __main__ - INFO - ✅ Set current process affinity to cores [5, 6, 7, 8, 9, 10] for attacks
2025-07-19 23:34:46,862 - __main__ - INFO - ✅ Set CPU affinity for attack generation processes
2025-07-19 23:34:46,862 - __main__ - INFO - Phase 1: Initialization (5s)...
2025-07-19 23:34:51,871 - __main__ - INFO - Starting flow statistics collection for 6050 seconds...
2025-07-19 23:34:51,871 - __main__ - INFO - Flow statistics collection started in background.
2025-07-19 23:34:51,873 - __main__ - INFO - Phase 2: Normal Traffic (900s)...
2025-07-19 23:34:51,873 - __main__ - INFO - Timeline updated: normal phase started at 1752939291.8738284
2025-07-19 23:50:00,310 - __main__ - INFO - Stopping packet capture (PID: 16176)...
2025-07-19 23:50:00,383 - __main__ - INFO - Packet capture stopped.
2025-07-19 23:50:00,383 - __main__ - INFO - Phase 3.1: Enhanced Traditional DDoS Attacks...
2025-07-19 23:50:00,383 - __main__ - INFO - Timeline updated: syn_flood phase started at 1752940200.3839393
2025-07-19 23:51:19,950 - __main__ - INFO - Stopping packet capture (PID: 22083)...
2025-07-19 23:51:20,031 - __main__ - INFO - Packet capture stopped.
2025-07-19 23:51:20,031 - __main__ - INFO - Timeline updated: udp_flood phase started at 1752940280.0318234
2025-07-19 23:52:42,564 - __main__ - INFO - Stopping packet capture (PID: 22091)...
2025-07-19 23:52:42,660 - __main__ - INFO - Packet capture stopped.
2025-07-19 23:52:42,661 - __main__ - INFO - Timeline updated: icmp_flood phase started at 1752940362.6611757
2025-07-19 23:54:02,252 - __main__ - INFO - Stopping packet capture (PID: 22099)...
2025-07-19 23:54:02,335 - __main__ - INFO - Packet capture stopped.
2025-07-19 23:54:02,335 - __main__ - INFO - Phase 3.2: ENHANCED Adversarial DDoS Attacks...
2025-07-19 23:54:02,336 - __main__ - INFO - Timeline updated: ad_syn phase started at 1752940442.3360207
2025-07-20 00:24:09,343 - __main__ - INFO - Stopping packet capture (PID: 22107)...
2025-07-20 00:24:09,465 - __main__ - INFO - Packet capture stopped.
2025-07-20 00:24:09,465 - __main__ - INFO - Timeline updated: ad_udp phase started at 1752942249.4655385
2025-07-20 00:44:17,263 - __main__ - INFO - Stopping packet capture (PID: 22298)...
2025-07-20 00:44:17,325 - __main__ - INFO - Packet capture stopped.
2025-07-20 00:44:17,326 - __main__ - INFO - Timeline updated: ad_slow phase started at 1752943457.3261268
2025-07-20 00:44:23,381 - __main__ - INFO - Proceeding with ENHANCED adversarial slow attack
2025-07-20 00:44:23,381 - __main__ - INFO - Attack traffic will be captured via h6_slow_read.pcap and ad_slow.pcap
2025-07-20 01:14:26,980 - __main__ - INFO - Stopping packet capture (PID: 22357)...
2025-07-20 01:14:27,073 - __main__ - INFO - Packet capture stopped.
2025-07-20 01:14:27,073 - __main__ - INFO - Stopping packet capture (PID: 22356)...
2025-07-20 01:14:27,223 - __main__ - INFO - Packet capture stopped.
2025-07-20 01:14:27,223 - __main__ - INFO - Analyzing main_output/190725-4/h6_slow_read.pcap for TCP issues...
2025-07-20 01:14:27,224 - __main__ - INFO - TCP Analysis on h6 PCAP: RST Count = 0, Retransmission Count = 0
2025-07-20 01:14:27,224 - __main__ - WARNING - Inter-Packet Arrival Time analysis failed for h6 PCAP: Not enough packets
2025-07-20 01:14:27,224 - __main__ - INFO - Phase 4: Cooldown (5s)...
2025-07-20 01:14:27,224 - __main__ - INFO - Timeline updated: normal phase started at 1752945267.2246106
2025-07-20 01:14:32,234 - __main__ - INFO - Signaling flow collection thread to stop...
2025-07-20 01:14:32,234 - __main__ - INFO - Waiting for flow collection thread to finish...
2025-07-20 01:14:32,533 - __main__ - INFO - Flow collection received stop signal, ending gracefully.
2025-07-20 01:14:32,534 - __main__ - INFO - Flow timeline collection completed.
2025-07-20 01:14:34,798 - __main__ - INFO - Flow statistics saved to main_output/190725-4/flow_features.csv
2025-07-20 01:14:34,888 - __main__ - INFO - Flow collection thread finished successfully
2025-07-20 01:14:34,888 - __main__ - INFO - ============================================================
2025-07-20 01:14:34,888 - __main__ - INFO - ENHANCED COMPREHENSIVE TIMING SUMMARY
2025-07-20 01:14:34,888 - __main__ - INFO - ============================================================
2025-07-20 01:14:34,888 - __main__ - INFO - Configuration File: /home/user/Desktop/dataset_generation/config.json
2025-07-20 01:14:34,888 - __main__ - INFO - 
2025-07-20 01:14:34,888 - __main__ - INFO - Total Scenario Runtime: 5988.03 seconds (99.80 minutes)
2025-07-20 01:14:34,888 - __main__ - INFO - 
2025-07-20 01:14:34,888 - __main__ - INFO - Phase-by-Phase Breakdown:
2025-07-20 01:14:34,888 - __main__ - INFO -   Enhanced Traditional Attacks:
2025-07-20 01:14:34,888 - __main__ - INFO -     Enhanced Syn Flood: 79.65s (configured: 75s)
2025-07-20 01:14:34,888 - __main__ - INFO -     Enhanced Udp Flood: 82.63s (configured: 75s)
2025-07-20 01:14:34,889 - __main__ - INFO -     Enhanced Icmp Flood: 79.67s (configured: 75s)
2025-07-20 01:14:34,889 - __main__ - INFO -   ENHANCED Adversarial Attacks:
2025-07-20 01:14:34,889 - __main__ - INFO -     ENHANCED TCP State Exhaustion: 1807.13s (configured: 1800s)
2025-07-20 01:14:34,889 - __main__ - INFO -     ENHANCED Application Layer: 1207.86s (configured: 1200s)
2025-07-20 01:14:34,889 - __main__ - INFO -     ENHANCED Slow Read: 1809.90s (configured: 1800s)
2025-07-20 01:14:34,889 - __main__ - INFO -   Initialization: 5.01s (configured: 5s)
2025-07-20 01:14:34,889 - __main__ - INFO -   Normal_Traffic: 908.51s (configured: 900s)
2025-07-20 01:14:34,889 - __main__ - INFO -   Cooldown: 5.01s (configured: 5s)
2025-07-20 01:14:34,889 - __main__ - INFO - ============================================================
2025-07-20 01:14:34,889 - __main__ - INFO - ENHANCED traffic generation scenario finished with ~57.5% sophistication level.
2025-07-20 01:14:34 - [MAIN] - INFO - Enhanced PCAP generation complete.
2025-07-20 01:14:34 - [MAIN] - INFO - Processing 8 PCAP files using 4 CPU cores...
2025-07-20 01:14:34,889 - __main__ - INFO - Starting parallel PCAP processing with 4 workers...
2025-07-20 01:14:34,890 - __main__ - INFO - ✅ Set current process affinity to cores [0, 1, 2, 3, 4, 5, 6, 7, 8, 9, 10, 11, 12, 13, 14, 15] for pcap
2025-07-20 01:14:34,890 - __main__ - INFO - ✅ Set CPU affinity for PCAP processing (all cores)
2025-07-20 01:14:39,998 - __main__ - INFO - ✓ Completed processing normal.pcap (6096 records)
2025-07-20 01:14:39,998 - __main__ - INFO - ✓ Completed processing syn_flood.pcap (1333 records)
2025-07-20 01:14:39,999 - __main__ - INFO - ✓ Completed processing udp_flood.pcap (898 records)
2025-07-20 01:14:39,999 - __main__ - INFO - ✓ Completed processing icmp_flood.pcap (700 records)
2025-07-20 01:14:39,999 - __main__ - INFO - ✓ Completed processing ad_syn.pcap (1649 records)
2025-07-20 01:14:39,999 - __main__ - INFO - ✓ Completed processing ad_udp.pcap (895 records)
2025-07-20 01:14:39,999 - __main__ - INFO - ✓ Completed processing ad_slow.pcap (1356 records)
2025-07-20 01:14:39,999 - __main__ - INFO - ✓ Completed processing h6_slow_read.pcap (0 records)
2025-07-20 01:14:40,012 - __main__ - INFO - Parallel PCAP processing completed. Processed 8 files successfully.
2025-07-20 01:14:40 - [MAIN] - INFO - Parallel PCAP processing completed in 5.12 seconds (0.09 minutes)
2025-07-20 01:14:40 - [MAIN] - INFO - Enhanced combined labeled CSV generated at: main_output/190725-4/packet_features.csv
2025-07-20 01:14:40 - [MAIN] - INFO - Enhanced final combined CSV created successfully.
2025-07-20 01:14:40 - [MAIN] - INFO - 
--- Enhanced Packet Feature Counts by Class ---
2025-07-20 01:14:40 - [MAIN] - INFO -   normal: 6096 packets
2025-07-20 01:14:40 - [MAIN] - INFO -   ad_syn: 1649 packets
2025-07-20 01:14:40 - [MAIN] - INFO -   ad_slow: 1356 packets
2025-07-20 01:14:40 - [MAIN] - INFO -   syn_flood: 1333 packets
2025-07-20 01:14:40 - [MAIN] - INFO -   udp_flood: 898 packets
2025-07-20 01:14:40 - [MAIN] - INFO -   ad_udp: 895 packets
2025-07-20 01:14:40 - [MAIN] - INFO -   icmp_flood: 700 packets
2025-07-20 01:14:40 - [MAIN] - INFO - Enhanced flow-level dataset generated at: main_output/190725-4/flow_features.csv
2025-07-20 01:14:40 - [MAIN] - INFO - 
--- Enhanced Flow Feature Counts by Class ---
2025-07-20 01:14:40 - [MAIN] - INFO -   ad_slow: 55614 flows
2025-07-20 01:14:40 - [MAIN] - INFO -   ad_syn: 55521 flows
2025-07-20 01:14:40 - [MAIN] - INFO -   ad_udp: 37138 flows
2025-07-20 01:14:40 - [MAIN] - INFO -   normal: 28148 flows
2025-07-20 01:14:40 - [MAIN] - INFO -   udp_flood: 2542 flows
2025-07-20 01:14:40 - [MAIN] - INFO -   icmp_flood: 2449 flows
2025-07-20 01:14:40 - [MAIN] - INFO -   syn_flood: 2449 flows
2025-07-20 01:14:40 - [MAIN] - INFO - Generating enhanced dataset summary...
2025-07-20 01:14:40 - [MAIN] - INFO - Dataset generation summary displayed above
2025-07-20 01:14:40 - [MAIN] - INFO - Running enhanced timeline analysis...
2025-07-20 01:14:40 - [MAIN] - INFO - Starting timeline analysis...
2025-07-20 01:14:40 - [MAIN] - INFO - Timeline Analysis Results:
2025-07-20 01:14:40 - [MAIN] - INFO -   Total attack types: 7
2025-07-20 01:14:40 - [MAIN] - INFO -   Good alignment: 6
2025-07-20 01:14:40 - [MAIN] - INFO -   Overall score: 85.7%
2025-07-20 01:14:40 - [MAIN] - INFO -   Status: 👍 GOOD: Timeline alignment is acceptable with minor issues.
2025-07-20 01:14:41 - [MAIN] - WARNING - Poor alignment: normal
2025-07-20 01:14:41 - [MAIN] - INFO - ================================================================================
2025-07-20 01:14:41 - [MAIN] - INFO - ENHANCED FINAL EXECUTION SUMMARY
2025-07-20 01:14:41 - [MAIN] - INFO - ================================================================================
2025-07-20 01:14:41 - [MAIN] - INFO - 🚀 Enhanced Framework Version: v2.0
2025-07-20 01:14:41 - [MAIN] - INFO - 📊 Sophistication Level Achieved: ~57.5%
2025-07-20 01:14:41 - [MAIN] - INFO - 🔧 Enhancement Type: Tier 1 Zero-Installation
2025-07-20 01:14:41 - [MAIN] - INFO - ⚡ CPU Affinity Optimization: ENABLED
2025-07-20 01:14:41 - [MAIN] - INFO - 🖥️  Total Cores Utilized: 16
2025-07-20 01:14:41 - [MAIN] - INFO - ⏱️  Total Execution Time: 6004.39 seconds (100.07 minutes | 1.67 hours)
2025-07-20 01:14:41 - [MAIN] - INFO - 📅 Enhanced Dataset Generation Complete: 2025-07-20 01:14:41
2025-07-20 01:14:41 - [MAIN] - INFO - 📈 Timeline Alignment Score: 85.7%
2025-07-20 01:14:41 - [MAIN] - INFO - ✅ Timeline Quality: GOOD
2025-07-20 01:14:41 - [MAIN] - INFO - ================================================================================
2025-07-20 01:14:41 - [MAIN] - INFO - 🎉 ENHANCED ADVERSARIAL DDOS DATASET GENERATION COMPLETED
2025-07-20 01:14:41 - [MAIN] - INFO - 📋 Enhancements Applied:
2025-07-20 01:14:41 - [MAIN] - INFO -    • Statistical Feature Manipulation (Basic ML Evasion)
2025-07-20 01:14:41 - [MAIN] - INFO -    • TCP State Machine Simulation (Advanced Protocol Exploitation)
2025-07-20 01:14:41 - [MAIN] - INFO -    • Behavioral Pattern Generator (Enhanced Behavioral Mimicry)
2025-07-20 01:14:41 - [MAIN] - INFO -    • Traffic Fingerprint Evasion (Traffic Camouflage Enhancement)
2025-07-20 01:14:41 - [MAIN] - INFO -    • CPU Core Affinity Optimization (Performance Enhancement)
2025-07-20 01:14:41 - [MAIN] - INFO - ================================================================================
2025-07-20 01:14:41,002 - __main__ - INFO - Cleaning up resources...
2025-07-20 01:14:41,002 - __main__ - INFO - Terminating Ryu controller (PID: 15912)...
2025-07-20 01:14:41,006 - __main__ - INFO - Cleaning up Mininet environment...
2025-07-20 01:14:42,622 - __main__ - INFO - Cleanup complete.
