2025-09-12 16:18:38,749 - attack_logger - INFO - Attack: Enhanced SYN Flood (11s) | h1 -> h6
2025-09-12 16:18:41,266 - attack_logger - INFO - [syn_flood] [Run ID: 7c20c06a-c6b8-45d0-bde2-6c7f881e6991] Starting Enhanced SYN Flood from h1 to 192.168.30.10 for 11 seconds.
2025-09-12 16:18:41,267 - attack_logger - INFO - [syn_flood] [Run ID: 7c20c06a-c6b8-45d0-bde2-6c7f881e6991] Attack Phase: Enhanced Traditional SYN Flood - Attacker: h1, Target: 192.168.30.10:80, Duration: 11s
2025-09-12 16:18:41,267 - attack_logger - INFO - [syn_flood] [Run ID: 7c20c06a-c6b8-45d0-bde2-6c7f881e6991] Enhanced Features: Human-like timing, protocol compliance, network delay simulation
2025-09-12 16:18:41,267 - attack_logger - INFO - [syn_flood] [Run ID: 7c20c06a-c6b8-45d0-bde2-6c7f881e6991] Session pattern: 1 phases, Circadian factor: 0.90, Workday factor: 1.00
2025-09-12 16:18:41,267 - attack_logger - DEBUG - [syn_flood] [Run ID: 7c20c06a-c6b8-45d0-bde2-6c7f881e6991] Starting enhanced SYN packet generation with human-like timing
2025-09-12 16:18:41,267 - attack_logger - INFO - [syn_flood] [Run ID: 7c20c06a-c6b8-45d0-bde2-6c7f881e6991] Stress phase: 3s, Advanced phase: 8s
2025-09-12 16:18:44,901 - attack_logger - INFO - [syn_flood] [Run ID: 7c20c06a-c6b8-45d0-bde2-6c7f881e6991] Stress phase completed
2025-09-12 16:18:44,909 - attack_logger - INFO - [syn_flood] [Run ID: 7c20c06a-c6b8-45d0-bde2-6c7f881e6991] Enhanced SYN flood process started (PID: 89839)
2025-09-12 16:18:45,974 - attack_logger - INFO - [syn_flood] [Run ID: 7c20c06a-c6b8-45d0-bde2-6c7f881e6991] Attack progress: 1.1s elapsed, ~18 packets sent, Rate: 16.8 pps, Phase: active (intensity: 0.77)
2025-09-12 16:18:45,974 - attack_logger - DEBUG - [syn_flood] [Run ID: 7c20c06a-c6b8-45d0-bde2-6c7f881e6991] Process stats - CPU: 0.0%, Memory: 60.4MB
2025-09-12 16:18:45,974 - attack_logger - DEBUG - [syn_flood] [Run ID: 7c20c06a-c6b8-45d0-bde2-6c7f881e6991] Timing factors - Circadian: 0.90, Workday: 1.00, Adjusted rate: 17.6 pps
2025-09-12 16:18:46,989 - attack_logger - INFO - [syn_flood] [Run ID: 7c20c06a-c6b8-45d0-bde2-6c7f881e6991] Attack progress: 2.1s elapsed, ~35 packets sent, Rate: 16.8 pps, Phase: active (intensity: 0.77)
2025-09-12 16:18:46,990 - attack_logger - DEBUG - [syn_flood] [Run ID: 7c20c06a-c6b8-45d0-bde2-6c7f881e6991] Process stats - CPU: 0.0%, Memory: 60.4MB
2025-09-12 16:18:46,990 - attack_logger - DEBUG - [syn_flood] [Run ID: 7c20c06a-c6b8-45d0-bde2-6c7f881e6991] Timing factors - Circadian: 0.90, Workday: 1.00, Adjusted rate: 16.8 pps
2025-09-12 16:18:48,085 - attack_logger - INFO - [syn_flood] [Run ID: 7c20c06a-c6b8-45d0-bde2-6c7f881e6991] Attack progress: 3.2s elapsed, ~52 packets sent, Rate: 16.3 pps, Phase: active (intensity: 0.77)
2025-09-12 16:18:48,085 - attack_logger - DEBUG - [syn_flood] [Run ID: 7c20c06a-c6b8-45d0-bde2-6c7f881e6991] Process stats - CPU: 0.0%, Memory: 60.4MB
2025-09-12 16:18:48,085 - attack_logger - DEBUG - [syn_flood] [Run ID: 7c20c06a-c6b8-45d0-bde2-6c7f881e6991] Timing factors - Circadian: 0.90, Workday: 1.00, Adjusted rate: 16.4 pps
2025-09-12 16:18:49,176 - attack_logger - INFO - [syn_flood] [Run ID: 7c20c06a-c6b8-45d0-bde2-6c7f881e6991] Attack progress: 4.3s elapsed, ~69 packets sent, Rate: 16.1 pps, Phase: active (intensity: 0.77)
2025-09-12 16:18:49,176 - attack_logger - DEBUG - [syn_flood] [Run ID: 7c20c06a-c6b8-45d0-bde2-6c7f881e6991] Process stats - CPU: 0.0%, Memory: 60.4MB
2025-09-12 16:18:49,176 - attack_logger - DEBUG - [syn_flood] [Run ID: 7c20c06a-c6b8-45d0-bde2-6c7f881e6991] Timing factors - Circadian: 0.90, Workday: 1.00, Adjusted rate: 16.3 pps
2025-09-12 16:18:50,204 - attack_logger - INFO - [syn_flood] [Run ID: 7c20c06a-c6b8-45d0-bde2-6c7f881e6991] Attack progress: 5.3s elapsed, ~79 packets sent, Rate: 14.9 pps, Phase: active (intensity: 0.77)
2025-09-12 16:18:50,205 - attack_logger - DEBUG - [syn_flood] [Run ID: 7c20c06a-c6b8-45d0-bde2-6c7f881e6991] Process stats - CPU: 0.0%, Memory: 60.6MB
2025-09-12 16:18:50,205 - attack_logger - DEBUG - [syn_flood] [Run ID: 7c20c06a-c6b8-45d0-bde2-6c7f881e6991] Timing factors - Circadian: 0.90, Workday: 1.00, Adjusted rate: 15.0 pps
2025-09-12 16:18:51,268 - attack_logger - INFO - [syn_flood] [Run ID: 7c20c06a-c6b8-45d0-bde2-6c7f881e6991] Attack progress: 6.4s elapsed, ~94 packets sent, Rate: 14.8 pps, Phase: active (intensity: 0.77)
2025-09-12 16:18:51,268 - attack_logger - DEBUG - [syn_flood] [Run ID: 7c20c06a-c6b8-45d0-bde2-6c7f881e6991] Process stats - CPU: 0.0%, Memory: 60.6MB
2025-09-12 16:18:51,268 - attack_logger - DEBUG - [syn_flood] [Run ID: 7c20c06a-c6b8-45d0-bde2-6c7f881e6991] Timing factors - Circadian: 0.90, Workday: 1.00, Adjusted rate: 14.8 pps
2025-09-12 16:18:52,276 - attack_logger - INFO - [syn_flood] [Run ID: 7c20c06a-c6b8-45d0-bde2-6c7f881e6991] Attack progress: 7.4s elapsed, ~124 packets sent, Rate: 16.8 pps, Phase: active (intensity: 0.77)
2025-09-12 16:18:52,276 - attack_logger - DEBUG - [syn_flood] [Run ID: 7c20c06a-c6b8-45d0-bde2-6c7f881e6991] Process stats - CPU: 0.0%, Memory: 60.6MB
2025-09-12 16:18:52,277 - attack_logger - DEBUG - [syn_flood] [Run ID: 7c20c06a-c6b8-45d0-bde2-6c7f881e6991] Timing factors - Circadian: 0.90, Workday: 1.00, Adjusted rate: 16.9 pps
2025-09-12 16:18:52,982 - attack_logger - DEBUG - [syn_flood] [Run ID: 7c20c06a-c6b8-45d0-bde2-6c7f881e6991] Sent SIGINT to SYN flood process 89839
2025-09-12 16:18:53,485 - attack_logger - INFO - [syn_flood] [Run ID: 7c20c06a-c6b8-45d0-bde2-6c7f881e6991] Enhanced SYN Flood from h1 to 192.168.30.10 finished.
2025-09-12 16:18:53,485 - attack_logger - INFO - [syn_flood] [Run ID: 7c20c06a-c6b8-45d0-bde2-6c7f881e6991] Attack completed. Total packets sent = 157, Average rate = 19.43 packets/sec.
2025-09-12 16:18:53,485 - attack_logger - INFO - [syn_flood] [Run ID: 7c20c06a-c6b8-45d0-bde2-6c7f881e6991] --- Enhanced Attack Summary ---
2025-09-12 16:18:53,485 - attack_logger - INFO - [syn_flood] [Run ID: 7c20c06a-c6b8-45d0-bde2-6c7f881e6991] Total packets sent: 157
2025-09-12 16:18:53,485 - attack_logger - INFO - [syn_flood] [Run ID: 7c20c06a-c6b8-45d0-bde2-6c7f881e6991] Actual duration: 8.08s
2025-09-12 16:18:53,485 - attack_logger - INFO - [syn_flood] [Run ID: 7c20c06a-c6b8-45d0-bde2-6c7f881e6991] Average rate: 19.43 packets/sec
2025-09-12 16:18:53,485 - attack_logger - INFO - [syn_flood] [Run ID: 7c20c06a-c6b8-45d0-bde2-6c7f881e6991] Base rate: 21.7 pps
2025-09-12 16:18:53,485 - attack_logger - INFO - [syn_flood] [Run ID: 7c20c06a-c6b8-45d0-bde2-6c7f881e6991] Circadian factor: 0.90
2025-09-12 16:18:53,485 - attack_logger - INFO - [syn_flood] [Run ID: 7c20c06a-c6b8-45d0-bde2-6c7f881e6991] Workday factor: 1.00
2025-09-12 16:18:53,485 - attack_logger - INFO - [syn_flood] [Run ID: 7c20c06a-c6b8-45d0-bde2-6c7f881e6991] Session phases: 1
2025-09-12 16:18:53,485 - attack_logger - INFO - [syn_flood] [Run ID: 7c20c06a-c6b8-45d0-bde2-6c7f881e6991] Target port: 80
2025-09-12 16:18:53,485 - attack_logger - INFO - [syn_flood] [Run ID: 7c20c06a-c6b8-45d0-bde2-6c7f881e6991] Attack method: Enhanced SYN Flood with Human-like Timing
2025-09-12 16:18:53,485 - attack_logger - INFO - [syn_flood] [Run ID: 7c20c06a-c6b8-45d0-bde2-6c7f881e6991] Enhancement features: Human timing patterns, protocol compliance, network delay simulation
2025-09-12 16:18:53,485 - attack_logger - INFO - [syn_flood] [Run ID: 7c20c06a-c6b8-45d0-bde2-6c7f881e6991] TCP options: MSS, WScale, Timestamp, SAckOK
2025-09-12 16:18:53,485 - attack_logger - INFO - [syn_flood] [Run ID: 7c20c06a-c6b8-45d0-bde2-6c7f881e6991] ----------------------------------------
2025-09-12 16:18:53,556 - attack_logger - INFO - Attack: Enhanced SYN Flood completed.
2025-09-12 16:18:53,556 - attack_logger - INFO - Attack: Enhanced UDP Flood (22s) | h1 -> h6
2025-09-12 16:18:56,071 - attack_logger - INFO - [udp_flood] [Run ID: 435b79bd-7477-4e68-a3e2-7339a0dbf1c0] Starting Enhanced UDP Flood from h1 to 192.168.30.10 for 22 seconds.
2025-09-12 16:18:56,071 - attack_logger - INFO - [udp_flood] [Run ID: 435b79bd-7477-4e68-a3e2-7339a0dbf1c0] Attack Phase: Enhanced Traditional UDP Flood - Attacker: h1, Target: 192.168.30.10:53, Duration: 22s
2025-09-12 16:18:56,071 - attack_logger - INFO - [udp_flood] [Run ID: 435b79bd-7477-4e68-a3e2-7339a0dbf1c0] Enhanced Features: Human-like timing, protocol compliance, network delay simulation
2025-09-12 16:18:56,071 - attack_logger - INFO - [udp_flood] [Run ID: 435b79bd-7477-4e68-a3e2-7339a0dbf1c0] Stress phase: 6s, Advanced phase: 16s
2025-09-12 16:19:02,629 - attack_logger - INFO - [udp_flood] [Run ID: 435b79bd-7477-4e68-a3e2-7339a0dbf1c0] Stress phase completed
2025-09-12 16:19:02,629 - attack_logger - INFO - [udp_flood] [Run ID: 435b79bd-7477-4e68-a3e2-7339a0dbf1c0] Session pattern: 1 phases, Circadian factor: 0.90, Workday factor: 1.00
2025-09-12 16:19:02,629 - attack_logger - DEBUG - [udp_flood] [Run ID: 435b79bd-7477-4e68-a3e2-7339a0dbf1c0] Starting enhanced UDP packet generation with human-like timing
2025-09-12 16:19:02,636 - attack_logger - INFO - [udp_flood] [Run ID: 435b79bd-7477-4e68-a3e2-7339a0dbf1c0] Enhanced UDP flood process started (PID: 89848)
2025-09-12 16:19:05,638 - attack_logger - INFO - [udp_flood] [Run ID: 435b79bd-7477-4e68-a3e2-7339a0dbf1c0] Attack progress: 3.0s elapsed, ~66 packets sent, Rate: 21.9 pps, Phase: active (intensity: 0.87)
2025-09-12 16:19:05,639 - attack_logger - DEBUG - [udp_flood] [Run ID: 435b79bd-7477-4e68-a3e2-7339a0dbf1c0] Process stats - CPU: 0.0%, Memory: 60.0MB
2025-09-12 16:19:05,639 - attack_logger - DEBUG - [udp_flood] [Run ID: 435b79bd-7477-4e68-a3e2-7339a0dbf1c0] Timing factors - Circadian: 0.90, Workday: 1.00, Adjusted rate: 22.1 pps
2025-09-12 16:19:08,670 - attack_logger - INFO - [udp_flood] [Run ID: 435b79bd-7477-4e68-a3e2-7339a0dbf1c0] Attack progress: 6.0s elapsed, ~103 packets sent, Rate: 17.1 pps, Phase: active (intensity: 0.87)
2025-09-12 16:19:08,670 - attack_logger - DEBUG - [udp_flood] [Run ID: 435b79bd-7477-4e68-a3e2-7339a0dbf1c0] Process stats - CPU: 0.0%, Memory: 60.2MB
2025-09-12 16:19:08,670 - attack_logger - DEBUG - [udp_flood] [Run ID: 435b79bd-7477-4e68-a3e2-7339a0dbf1c0] Timing factors - Circadian: 0.90, Workday: 1.00, Adjusted rate: 17.2 pps
2025-09-12 16:19:11,698 - attack_logger - INFO - [udp_flood] [Run ID: 435b79bd-7477-4e68-a3e2-7339a0dbf1c0] Attack progress: 9.1s elapsed, ~188 packets sent, Rate: 20.7 pps, Phase: active (intensity: 0.87)
2025-09-12 16:19:11,698 - attack_logger - DEBUG - [udp_flood] [Run ID: 435b79bd-7477-4e68-a3e2-7339a0dbf1c0] Process stats - CPU: 0.0%, Memory: 60.2MB
2025-09-12 16:19:11,698 - attack_logger - DEBUG - [udp_flood] [Run ID: 435b79bd-7477-4e68-a3e2-7339a0dbf1c0] Timing factors - Circadian: 0.90, Workday: 1.00, Adjusted rate: 20.7 pps
2025-09-12 16:19:14,759 - attack_logger - INFO - [udp_flood] [Run ID: 435b79bd-7477-4e68-a3e2-7339a0dbf1c0] Attack progress: 12.1s elapsed, ~262 packets sent, Rate: 21.6 pps, Phase: active (intensity: 0.87)
2025-09-12 16:19:14,759 - attack_logger - DEBUG - [udp_flood] [Run ID: 435b79bd-7477-4e68-a3e2-7339a0dbf1c0] Process stats - CPU: 0.0%, Memory: 60.2MB
2025-09-12 16:19:14,759 - attack_logger - DEBUG - [udp_flood] [Run ID: 435b79bd-7477-4e68-a3e2-7339a0dbf1c0] Timing factors - Circadian: 0.90, Workday: 1.00, Adjusted rate: 21.6 pps
2025-09-12 16:19:17,874 - attack_logger - INFO - [udp_flood] [Run ID: 435b79bd-7477-4e68-a3e2-7339a0dbf1c0] Attack progress: 15.2s elapsed, ~290 packets sent, Rate: 19.0 pps, Phase: active (intensity: 0.87)
2025-09-12 16:19:17,874 - attack_logger - DEBUG - [udp_flood] [Run ID: 435b79bd-7477-4e68-a3e2-7339a0dbf1c0] Process stats - CPU: 0.0%, Memory: 60.2MB
2025-09-12 16:19:17,874 - attack_logger - DEBUG - [udp_flood] [Run ID: 435b79bd-7477-4e68-a3e2-7339a0dbf1c0] Timing factors - Circadian: 0.90, Workday: 1.00, Adjusted rate: 19.1 pps
2025-09-12 16:19:18,700 - attack_logger - DEBUG - [udp_flood] [Run ID: 435b79bd-7477-4e68-a3e2-7339a0dbf1c0] Sent SIGINT to UDP flood process 89848
2025-09-12 16:19:19,202 - attack_logger - INFO - [udp_flood] [Run ID: 435b79bd-7477-4e68-a3e2-7339a0dbf1c0] Enhanced UDP Flood from h1 to 192.168.30.10 finished.
2025-09-12 16:19:19,202 - attack_logger - INFO - [udp_flood] [Run ID: 435b79bd-7477-4e68-a3e2-7339a0dbf1c0] Attack completed. Total packets sent = 297, Average rate = 18.48 packets/sec.
2025-09-12 16:19:19,202 - attack_logger - INFO - [udp_flood] [Run ID: 435b79bd-7477-4e68-a3e2-7339a0dbf1c0] --- Enhanced Attack Summary ---
2025-09-12 16:19:19,202 - attack_logger - INFO - [udp_flood] [Run ID: 435b79bd-7477-4e68-a3e2-7339a0dbf1c0] Total packets sent: 297
2025-09-12 16:19:19,202 - attack_logger - INFO - [udp_flood] [Run ID: 435b79bd-7477-4e68-a3e2-7339a0dbf1c0] Actual duration: 16.07s
2025-09-12 16:19:19,203 - attack_logger - INFO - [udp_flood] [Run ID: 435b79bd-7477-4e68-a3e2-7339a0dbf1c0] Average rate: 18.48 packets/sec
2025-09-12 16:19:19,203 - attack_logger - INFO - [udp_flood] [Run ID: 435b79bd-7477-4e68-a3e2-7339a0dbf1c0] Base rate: 20.6 pps
2025-09-12 16:19:19,203 - attack_logger - INFO - [udp_flood] [Run ID: 435b79bd-7477-4e68-a3e2-7339a0dbf1c0] Circadian factor: 0.90
2025-09-12 16:19:19,203 - attack_logger - INFO - [udp_flood] [Run ID: 435b79bd-7477-4e68-a3e2-7339a0dbf1c0] Workday factor: 1.00
2025-09-12 16:19:19,203 - attack_logger - INFO - [udp_flood] [Run ID: 435b79bd-7477-4e68-a3e2-7339a0dbf1c0] Session phases: 1
2025-09-12 16:19:19,203 - attack_logger - INFO - [udp_flood] [Run ID: 435b79bd-7477-4e68-a3e2-7339a0dbf1c0] Target port: 53 (DNS)
2025-09-12 16:19:19,203 - attack_logger - INFO - [udp_flood] [Run ID: 435b79bd-7477-4e68-a3e2-7339a0dbf1c0] Attack method: Enhanced UDP Flood with Human-like Timing
2025-09-12 16:19:19,203 - attack_logger - INFO - [udp_flood] [Run ID: 435b79bd-7477-4e68-a3e2-7339a0dbf1c0] Enhancement features: Human timing patterns, protocol compliance, network delay simulation
2025-09-12 16:19:19,203 - attack_logger - INFO - [udp_flood] [Run ID: 435b79bd-7477-4e68-a3e2-7339a0dbf1c0] DNS payloads: Realistic query patterns with varied domains
2025-09-12 16:19:19,203 - attack_logger - INFO - [udp_flood] [Run ID: 435b79bd-7477-4e68-a3e2-7339a0dbf1c0] ----------------------------------------
2025-09-12 16:19:19,290 - attack_logger - INFO - Attack: Enhanced UDP Flood completed.
2025-09-12 16:19:19,290 - attack_logger - INFO - Attack: Enhanced ICMP Flood (11s) | h1 -> h4
2025-09-12 16:19:21,803 - attack_logger - INFO - [icmp_flood] [Run ID: 3672ca36-7fd2-4187-a1f5-1e86ae152272] Starting Enhanced ICMP Flood with RFC 1918 IP Rotation from h1 to 192.168.20.12 for 11 seconds.
2025-09-12 16:19:21,803 - attack_logger - INFO - [icmp_flood] [Run ID: 3672ca36-7fd2-4187-a1f5-1e86ae152272] Attack Phase: Enhanced Traditional ICMP Flood - Attacker: h1, Target: 192.168.20.12, Duration: 11s
2025-09-12 16:19:21,803 - attack_logger - INFO - [icmp_flood] [Run ID: 3672ca36-7fd2-4187-a1f5-1e86ae152272] Enhanced Features: RFC 1918 IP rotation, human-like timing, protocol compliance, network delay simulation
2025-09-12 16:19:21,803 - attack_logger - INFO - [icmp_flood] [Run ID: 3672ca36-7fd2-4187-a1f5-1e86ae152272] IP Pool Size: 50 source IPs from RFC 1918 ranges (10.0.0.0/8, 172.16.0.0/12, 192.168.0.0/16)
2025-09-12 16:19:21,803 - attack_logger - INFO - [icmp_flood] [Run ID: 3672ca36-7fd2-4187-a1f5-1e86ae152272] Stress phase total: 3s (host: 1s, gateway: 2s), Advanced phase: 8s
2025-09-12 16:19:23,394 - attack_logger - INFO - [icmp_flood] [Run ID: 3672ca36-7fd2-4187-a1f5-1e86ae152272] Host stress sub-phase completed
2025-09-12 16:19:25,971 - attack_logger - INFO - [icmp_flood] [Run ID: 3672ca36-7fd2-4187-a1f5-1e86ae152272] Gateway stress sub-phase completed
2025-09-12 16:19:25,971 - attack_logger - INFO - [icmp_flood] [Run ID: 3672ca36-7fd2-4187-a1f5-1e86ae152272] Session pattern: 1 phases, Circadian factor: 0.90, Workday factor: 1.00
2025-09-12 16:19:25,971 - attack_logger - DEBUG - [icmp_flood] [Run ID: 3672ca36-7fd2-4187-a1f5-1e86ae152272] Starting enhanced ICMP packet generation with IP rotation and human-like timing
2025-09-12 16:19:25,978 - attack_logger - INFO - [icmp_flood] [Run ID: 3672ca36-7fd2-4187-a1f5-1e86ae152272] Enhanced ICMP flood with IP rotation process started (PID: 89863)
2025-09-12 16:19:26,986 - attack_logger - INFO - [icmp_flood] [Run ID: 3672ca36-7fd2-4187-a1f5-1e86ae152272] Attack progress: 1.0s elapsed, ~5 packets sent, Rate: 4.9 pps, IP rotations: ~0, Phase: break (intensity: 0.26)
2025-09-12 16:19:26,986 - attack_logger - DEBUG - [icmp_flood] [Run ID: 3672ca36-7fd2-4187-a1f5-1e86ae152272] Process stats - CPU: 0.0%, Memory: 60.3MB
2025-09-12 16:19:26,986 - attack_logger - DEBUG - [icmp_flood] [Run ID: 3672ca36-7fd2-4187-a1f5-1e86ae152272] Timing factors - Circadian: 0.90, Workday: 1.00, Adjusted rate: 5.3 pps
2025-09-12 16:19:28,039 - attack_logger - INFO - [icmp_flood] [Run ID: 3672ca36-7fd2-4187-a1f5-1e86ae152272] Attack progress: 2.1s elapsed, ~13 packets sent, Rate: 6.3 pps, IP rotations: ~0, Phase: break (intensity: 0.26)
2025-09-12 16:19:28,039 - attack_logger - DEBUG - [icmp_flood] [Run ID: 3672ca36-7fd2-4187-a1f5-1e86ae152272] Process stats - CPU: 0.0%, Memory: 60.3MB
2025-09-12 16:19:28,039 - attack_logger - DEBUG - [icmp_flood] [Run ID: 3672ca36-7fd2-4187-a1f5-1e86ae152272] Timing factors - Circadian: 0.90, Workday: 1.00, Adjusted rate: 6.5 pps
2025-09-12 16:19:29,103 - attack_logger - INFO - [icmp_flood] [Run ID: 3672ca36-7fd2-4187-a1f5-1e86ae152272] Attack progress: 3.1s elapsed, ~18 packets sent, Rate: 5.7 pps, IP rotations: ~1, Phase: break (intensity: 0.26)
2025-09-12 16:19:29,103 - attack_logger - DEBUG - [icmp_flood] [Run ID: 3672ca36-7fd2-4187-a1f5-1e86ae152272] Process stats - CPU: 0.0%, Memory: 60.3MB
2025-09-12 16:19:29,103 - attack_logger - DEBUG - [icmp_flood] [Run ID: 3672ca36-7fd2-4187-a1f5-1e86ae152272] Timing factors - Circadian: 0.90, Workday: 1.00, Adjusted rate: 6.0 pps
2025-09-12 16:19:30,176 - attack_logger - INFO - [icmp_flood] [Run ID: 3672ca36-7fd2-4187-a1f5-1e86ae152272] Attack progress: 4.2s elapsed, ~26 packets sent, Rate: 6.2 pps, IP rotations: ~1, Phase: break (intensity: 0.26)
2025-09-12 16:19:30,176 - attack_logger - DEBUG - [icmp_flood] [Run ID: 3672ca36-7fd2-4187-a1f5-1e86ae152272] Process stats - CPU: 0.0%, Memory: 60.3MB
2025-09-12 16:19:30,176 - attack_logger - DEBUG - [icmp_flood] [Run ID: 3672ca36-7fd2-4187-a1f5-1e86ae152272] Timing factors - Circadian: 0.90, Workday: 1.00, Adjusted rate: 6.2 pps
2025-09-12 16:19:31,198 - attack_logger - INFO - [icmp_flood] [Run ID: 3672ca36-7fd2-4187-a1f5-1e86ae152272] Attack progress: 5.2s elapsed, ~26 packets sent, Rate: 5.0 pps, IP rotations: ~1, Phase: break (intensity: 0.26)
2025-09-12 16:19:31,198 - attack_logger - DEBUG - [icmp_flood] [Run ID: 3672ca36-7fd2-4187-a1f5-1e86ae152272] Process stats - CPU: 0.0%, Memory: 60.3MB
2025-09-12 16:19:31,198 - attack_logger - DEBUG - [icmp_flood] [Run ID: 3672ca36-7fd2-4187-a1f5-1e86ae152272] Timing factors - Circadian: 0.90, Workday: 1.00, Adjusted rate: 5.1 pps
2025-09-12 16:19:32,244 - attack_logger - INFO - [icmp_flood] [Run ID: 3672ca36-7fd2-4187-a1f5-1e86ae152272] Attack progress: 6.3s elapsed, ~38 packets sent, Rate: 6.1 pps, IP rotations: ~2, Phase: break (intensity: 0.26)
2025-09-12 16:19:32,244 - attack_logger - DEBUG - [icmp_flood] [Run ID: 3672ca36-7fd2-4187-a1f5-1e86ae152272] Process stats - CPU: 0.0%, Memory: 60.3MB
2025-09-12 16:19:32,244 - attack_logger - DEBUG - [icmp_flood] [Run ID: 3672ca36-7fd2-4187-a1f5-1e86ae152272] Timing factors - Circadian: 0.90, Workday: 1.00, Adjusted rate: 6.1 pps
2025-09-12 16:19:33,333 - attack_logger - INFO - [icmp_flood] [Run ID: 3672ca36-7fd2-4187-a1f5-1e86ae152272] Attack progress: 7.4s elapsed, ~38 packets sent, Rate: 5.2 pps, IP rotations: ~2, Phase: break (intensity: 0.26)
2025-09-12 16:19:33,333 - attack_logger - DEBUG - [icmp_flood] [Run ID: 3672ca36-7fd2-4187-a1f5-1e86ae152272] Process stats - CPU: 0.0%, Memory: 60.3MB
2025-09-12 16:19:33,333 - attack_logger - DEBUG - [icmp_flood] [Run ID: 3672ca36-7fd2-4187-a1f5-1e86ae152272] Timing factors - Circadian: 0.90, Workday: 1.00, Adjusted rate: 5.2 pps
2025-09-12 16:19:34,006 - attack_logger - DEBUG - [icmp_flood] [Run ID: 3672ca36-7fd2-4187-a1f5-1e86ae152272] Sent SIGINT to ICMP flood process 89863
2025-09-12 16:19:34,507 - attack_logger - INFO - [icmp_flood] [Run ID: 3672ca36-7fd2-4187-a1f5-1e86ae152272] Enhanced ICMP Flood with RFC 1918 IP Rotation from h1 to 192.168.20.12 finished.
2025-09-12 16:19:34,507 - attack_logger - INFO - [icmp_flood] [Run ID: 3672ca36-7fd2-4187-a1f5-1e86ae152272] Attack completed. Total packets sent = 216, Average rate = 26.88 packets/sec.
2025-09-12 16:19:34,507 - attack_logger - INFO - [icmp_flood] [Run ID: 3672ca36-7fd2-4187-a1f5-1e86ae152272] --- Enhanced Attack Summary ---
2025-09-12 16:19:34,507 - attack_logger - INFO - [icmp_flood] [Run ID: 3672ca36-7fd2-4187-a1f5-1e86ae152272] Total packets sent: 216
2025-09-12 16:19:34,508 - attack_logger - INFO - [icmp_flood] [Run ID: 3672ca36-7fd2-4187-a1f5-1e86ae152272] Total IP rotations: ~14
2025-09-12 16:19:34,508 - attack_logger - INFO - [icmp_flood] [Run ID: 3672ca36-7fd2-4187-a1f5-1e86ae152272] RFC 1918 IP pool size: 50
2025-09-12 16:19:34,508 - attack_logger - INFO - [icmp_flood] [Run ID: 3672ca36-7fd2-4187-a1f5-1e86ae152272] IP ranges used: 10.0.0.0/8, 172.16.0.0/12, 192.168.0.0/16
2025-09-12 16:19:34,508 - attack_logger - INFO - [icmp_flood] [Run ID: 3672ca36-7fd2-4187-a1f5-1e86ae152272] Actual duration: 8.04s
2025-09-12 16:19:34,508 - attack_logger - INFO - [icmp_flood] [Run ID: 3672ca36-7fd2-4187-a1f5-1e86ae152272] Average rate: 26.88 packets/sec
2025-09-12 16:19:34,508 - attack_logger - INFO - [icmp_flood] [Run ID: 3672ca36-7fd2-4187-a1f5-1e86ae152272] Base rate: 30.0 pps
2025-09-12 16:19:34,508 - attack_logger - INFO - [icmp_flood] [Run ID: 3672ca36-7fd2-4187-a1f5-1e86ae152272] Circadian factor: 0.90
2025-09-12 16:19:34,508 - attack_logger - INFO - [icmp_flood] [Run ID: 3672ca36-7fd2-4187-a1f5-1e86ae152272] Workday factor: 1.00
2025-09-12 16:19:34,508 - attack_logger - INFO - [icmp_flood] [Run ID: 3672ca36-7fd2-4187-a1f5-1e86ae152272] Session phases: 1
2025-09-12 16:19:34,508 - attack_logger - INFO - [icmp_flood] [Run ID: 3672ca36-7fd2-4187-a1f5-1e86ae152272] ICMP type: Echo Request (8) with ID/Seq variations
2025-09-12 16:19:34,508 - attack_logger - INFO - [icmp_flood] [Run ID: 3672ca36-7fd2-4187-a1f5-1e86ae152272] Attack method: Enhanced ICMP Flood with RFC 1918 IP Rotation
2025-09-12 16:19:34,508 - attack_logger - INFO - [icmp_flood] [Run ID: 3672ca36-7fd2-4187-a1f5-1e86ae152272] Enhancement features: RFC 1918 IP rotation, human timing patterns, protocol compliance, network delay simulation
2025-09-12 16:19:34,508 - attack_logger - INFO - [icmp_flood] [Run ID: 3672ca36-7fd2-4187-a1f5-1e86ae152272] ----------------------------------------
2025-09-12 16:19:34,553 - attack_logger - INFO - Attack: Enhanced ICMP Flood completed.
2025-09-12 16:19:35,064 - attack_logger - INFO - Attack: ENHANCED Adversarial TCP State Exhaustion (8s) | h1 -> h6
2025-09-12 16:19:46,264 - attack_logger - INFO - Attack: ENHANCED Adversarial Application Layer (3s) | h1 -> h6
2025-09-12 16:19:52,502 - attack_logger - INFO - Attack: ENHANCED Adversarial Slow Read (9s) | h1 -> h6
2025-09-12 16:20:04,808 - attack_logger - INFO - Attack: ENHANCED Adversarial Slow Read completed.
