2025-09-12 16:15:14 - [BENIGN] - INFO - Starting benign traffic for 200 seconds...
2025-09-12 16:15:14 - [BENIGN] - INFO - Protocol separation: h2↔h5 (ICMP), h3↔h5 (TCP/UDP)
2025-09-12 16:15:14 - [BENIGN] - DEBUG - Generated ICMP traffic h2↔h5 0 [len=84B]
2025-09-12 16:15:15 - [BENIGN] - DEBUG - Generated TCP SYN from h3:65008 -> h5:12345 [len=54B]
2025-09-12 16:15:15 - [BENIGN] - DEBUG - Generated TCP SYN-ACK from h5:12345 <- h3:65008 [len=54B]
2025-09-12 16:15:16 - [BENIGN] - DEBUG - Generated TCP ACK from h3:65008 -> h5:12345 [len=54B]
2025-09-12 16:15:17 - [BENIGN] - DEBUG - Generated TCP data traffic from h3:65008 -> h5:12345 [content='TCP data'] [Session 1] [len=794B]
2025-09-12 16:15:17 - [BENIGN] - DEBUG - Generated TCP ACK reply from h5:12345 <- h3:65008 [len=54B]
2025-09-12 16:15:18 - [BENIGN] - DEBUG - Generated UDP traffic from h3:14309 -> h5:12346 [content='a36b270b623db567869a22bf0e00fc4e55bb7abc...'] [Session 2] [len=972B]
2025-09-12 16:15:18 - [BENIGN] - DEBUG - Generated Telnet SYN from h3:9466 -> h5:23 [len=54B]
2025-09-12 16:15:19 - [BENIGN] - DEBUG - Generated Telnet SYN-ACK from h5:23 <- h3:9466 [len=54B]
2025-09-12 16:15:20 - [BENIGN] - DEBUG - Generated Telnet ACK from h3:9466 -> h5:23 [len=54B]
2025-09-12 16:15:20 - [BENIGN] - DEBUG - Generated Telnet data traffic from h3:9466 -> h5:23 [content='Telnet command'] [Session 3] [len=910B]
2025-09-12 16:15:21 - [BENIGN] - DEBUG - Generated Telnet ACK reply from h5:23 <- h3:9466 [len=54B]
2025-09-12 16:15:22 - [BENIGN] - DEBUG - Generated SSH SYN from h3:6215 -> h5:22 [len=54B]
2025-09-12 16:15:22 - [BENIGN] - DEBUG - Generated SSH SYN-ACK from h5:22 <- h3:6215 [len=54B]
2025-09-12 16:15:23 - [BENIGN] - DEBUG - Generated SSH ACK from h3:6215 -> h5:22 [len=54B]
2025-09-12 16:15:24 - [BENIGN] - DEBUG - Generated SSH data traffic from h3:6215 -> h5:22 [content='SSH encrypted data'] [Session 4] [len=629B]
2025-09-12 16:15:24 - [BENIGN] - DEBUG - Generated SSH ACK reply from h5:22 <- h3:6215 [len=54B]
2025-09-12 16:15:25 - [BENIGN] - DEBUG - Generated FTP SYN from h3:58067 -> h5:21 [len=54B]
2025-09-12 16:15:26 - [BENIGN] - DEBUG - Generated FTP SYN-ACK from h5:21 <- h3:58067 [len=54B]
2025-09-12 16:15:26 - [BENIGN] - DEBUG - Generated FTP ACK from h3:58067 -> h5:21 [len=54B]
2025-09-12 16:15:27 - [BENIGN] - DEBUG - Generated FTP data traffic from h3:58067 -> h5:21 [content='FTP file transfer'] [Session 5] [len=162B]
2025-09-12 16:15:28 - [BENIGN] - DEBUG - Generated FTP ACK reply from h5:21 <- h3:58067 [len=54B]
2025-09-12 16:15:28 - [BENIGN] - DEBUG - Generated HTTP SYN from h3:57088 -> h5:80 [len=54B]
2025-09-12 16:15:29 - [BENIGN] - DEBUG - Generated HTTP SYN-ACK from h5:80 <- h3:57088 [len=54B]
2025-09-12 16:15:30 - [BENIGN] - DEBUG - Generated HTTP ACK from h3:57088 -> h5:80 [len=54B]
2025-09-12 16:15:30 - [BENIGN] - DEBUG - Generated HTTP data traffic from h3:57088 -> h5:80 [content='GET /index.html HTTP/1.1'] [Session 6] [len=386B]
2025-09-12 16:15:31 - [BENIGN] - DEBUG - Generated HTTP ACK reply from h5:80 <- h3:57088 [len=54B]
2025-09-12 16:15:31 - [BENIGN] - DEBUG - Generated HTTPS SYN from h3:54760 -> h5:443 [len=54B]
2025-09-12 16:15:32 - [BENIGN] - DEBUG - Generated HTTPS SYN-ACK from h5:443 <- h3:54760 [len=54B]
2025-09-12 16:15:33 - [BENIGN] - DEBUG - Generated HTTPS ACK from h3:54760 -> h5:443 [len=54B]
2025-09-12 16:15:33 - [BENIGN] - DEBUG - Generated HTTPS data traffic from h3:54760 -> h5:443 [content='Encrypted Application Data'] [Session 7] [len=680B]
2025-09-12 16:15:34 - [BENIGN] - DEBUG - Generated HTTPS ACK reply from h5:443 <- h3:54760 [len=54B]
2025-09-12 16:15:35 - [BENIGN] - DEBUG - Generated DNS query from h3:4802 -> h5:53 [qname='example.com'] [Session 8] [len=71B]
2025-09-12 16:15:35 - [BENIGN] - DEBUG - Generated ICMP traffic h2↔h5 1 [len=84B]
2025-09-12 16:15:35 - [BENIGN] - DEBUG - Generated TCP SYN from h3:59462 -> h5:12345 [len=54B]
2025-09-12 16:15:36 - [BENIGN] - DEBUG - Generated TCP SYN-ACK from h5:12345 <- h3:59462 [len=54B]
2025-09-12 16:15:37 - [BENIGN] - DEBUG - Generated TCP ACK from h3:59462 -> h5:12345 [len=54B]
2025-09-12 16:15:37 - [BENIGN] - DEBUG - Generated TCP data traffic from h3:59462 -> h5:12345 [content='TCP data'] [Session 9] [len=403B]
2025-09-12 16:15:38 - [BENIGN] - DEBUG - Generated TCP ACK reply from h5:12345 <- h3:59462 [len=54B]
2025-09-12 16:15:38 - [BENIGN] - DEBUG - Generated UDP traffic from h3:54429 -> h5:12346 [content='dbfaa4328d9b16edcf991e1c835d7a5f606cf6ba...'] [Session 10] [len=659B]
2025-09-12 16:15:39 - [BENIGN] - DEBUG - Generated Telnet SYN from h3:36933 -> h5:23 [len=54B]
2025-09-12 16:15:40 - [BENIGN] - DEBUG - Generated Telnet SYN-ACK from h5:23 <- h3:36933 [len=54B]
2025-09-12 16:15:40 - [BENIGN] - DEBUG - Generated Telnet ACK from h3:36933 -> h5:23 [len=54B]
2025-09-12 16:15:41 - [BENIGN] - DEBUG - Generated Telnet data traffic from h3:36933 -> h5:23 [content='Telnet command'] [Session 11] [len=1323B]
2025-09-12 16:15:42 - [BENIGN] - DEBUG - Generated Telnet ACK reply from h5:23 <- h3:36933 [len=54B]
2025-09-12 16:15:42 - [BENIGN] - DEBUG - Generated SSH SYN from h3:32755 -> h5:22 [len=54B]
2025-09-12 16:15:43 - [BENIGN] - DEBUG - Generated SSH SYN-ACK from h5:22 <- h3:32755 [len=54B]
2025-09-12 16:15:44 - [BENIGN] - DEBUG - Generated SSH ACK from h3:32755 -> h5:22 [len=54B]
2025-09-12 16:15:44 - [BENIGN] - DEBUG - Generated SSH data traffic from h3:32755 -> h5:22 [content='SSH encrypted data'] [Session 12] [len=232B]
2025-09-12 16:15:45 - [BENIGN] - DEBUG - Generated SSH ACK reply from h5:22 <- h3:32755 [len=54B]
2025-09-12 16:15:45 - [BENIGN] - DEBUG - Generated FTP SYN from h3:64782 -> h5:21 [len=54B]
2025-09-12 16:15:46 - [BENIGN] - DEBUG - Generated FTP SYN-ACK from h5:21 <- h3:64782 [len=54B]
2025-09-12 16:15:47 - [BENIGN] - DEBUG - Generated FTP ACK from h3:64782 -> h5:21 [len=54B]
2025-09-12 16:15:47 - [BENIGN] - DEBUG - Generated FTP data traffic from h3:64782 -> h5:21 [content='FTP file transfer'] [Session 13] [len=816B]
2025-09-12 16:15:48 - [BENIGN] - DEBUG - Generated FTP ACK reply from h5:21 <- h3:64782 [len=54B]
2025-09-12 16:15:49 - [BENIGN] - DEBUG - Generated HTTP SYN from h3:17762 -> h5:80 [len=54B]
2025-09-12 16:15:49 - [BENIGN] - DEBUG - Generated HTTP SYN-ACK from h5:80 <- h3:17762 [len=54B]
2025-09-12 16:15:50 - [BENIGN] - DEBUG - Generated HTTP ACK from h3:17762 -> h5:80 [len=54B]
2025-09-12 16:15:50 - [BENIGN] - DEBUG - Generated HTTP data traffic from h3:17762 -> h5:80 [content='GET /index.html HTTP/1.1'] [Session 14] [len=309B]
2025-09-12 16:15:51 - [BENIGN] - DEBUG - Generated HTTP ACK reply from h5:80 <- h3:17762 [len=54B]
2025-09-12 16:15:52 - [BENIGN] - DEBUG - Generated HTTPS SYN from h3:16225 -> h5:443 [len=54B]
2025-09-12 16:15:52 - [BENIGN] - DEBUG - Generated HTTPS SYN-ACK from h5:443 <- h3:16225 [len=54B]
2025-09-12 16:15:53 - [BENIGN] - DEBUG - Generated HTTPS ACK from h3:16225 -> h5:443 [len=54B]
2025-09-12 16:15:54 - [BENIGN] - DEBUG - Generated HTTPS data traffic from h3:16225 -> h5:443 [content='Encrypted Application Data'] [Session 15] [len=384B]
2025-09-12 16:15:54 - [BENIGN] - DEBUG - Generated HTTPS ACK reply from h5:443 <- h3:16225 [len=54B]
2025-09-12 16:15:55 - [BENIGN] - DEBUG - Generated DNS query from h3:28729 -> h5:53 [qname='example.com'] [Session 16] [len=71B]
2025-09-12 16:15:55 - [BENIGN] - DEBUG - Generated ICMP traffic h2↔h5 2 [len=84B]
2025-09-12 16:15:56 - [BENIGN] - DEBUG - Generated TCP SYN from h3:52300 -> h5:12345 [len=54B]
2025-09-12 16:15:56 - [BENIGN] - DEBUG - Generated TCP SYN-ACK from h5:12345 <- h3:52300 [len=54B]
2025-09-12 16:15:57 - [BENIGN] - DEBUG - Generated TCP ACK from h3:52300 -> h5:12345 [len=54B]
2025-09-12 16:15:57 - [BENIGN] - DEBUG - Generated TCP data traffic from h3:52300 -> h5:12345 [content='TCP data'] [Session 17] [len=1182B]
2025-09-12 16:15:58 - [BENIGN] - DEBUG - Generated TCP ACK reply from h5:12345 <- h3:52300 [len=54B]
2025-09-12 16:15:59 - [BENIGN] - DEBUG - Generated UDP traffic from h3:17593 -> h5:12346 [content='cdcaeae8453b55d23bee2b5a580e7549a4e30307...'] [Session 18] [len=1012B]
2025-09-12 16:15:59 - [BENIGN] - DEBUG - Generated Telnet SYN from h3:17786 -> h5:23 [len=54B]
2025-09-12 16:16:00 - [BENIGN] - DEBUG - Generated Telnet SYN-ACK from h5:23 <- h3:17786 [len=54B]
2025-09-12 16:16:01 - [BENIGN] - DEBUG - Generated Telnet ACK from h3:17786 -> h5:23 [len=54B]
2025-09-12 16:16:01 - [BENIGN] - DEBUG - Generated Telnet data traffic from h3:17786 -> h5:23 [content='Telnet command'] [Session 19] [len=126B]
2025-09-12 16:16:02 - [BENIGN] - DEBUG - Generated Telnet ACK reply from h5:23 <- h3:17786 [len=54B]
2025-09-12 16:16:03 - [BENIGN] - DEBUG - Generated SSH SYN from h3:52897 -> h5:22 [len=54B]
2025-09-12 16:16:03 - [BENIGN] - DEBUG - Generated SSH SYN-ACK from h5:22 <- h3:52897 [len=54B]
2025-09-12 16:16:04 - [BENIGN] - DEBUG - Generated SSH ACK from h3:52897 -> h5:22 [len=54B]
2025-09-12 16:16:04 - [BENIGN] - DEBUG - Generated SSH data traffic from h3:52897 -> h5:22 [content='SSH encrypted data'] [Session 20] [len=1325B]
2025-09-12 16:16:05 - [BENIGN] - DEBUG - Generated SSH ACK reply from h5:22 <- h3:52897 [len=54B]
2025-09-12 16:16:06 - [BENIGN] - DEBUG - Generated FTP SYN from h3:13089 -> h5:21 [len=54B]
2025-09-12 16:16:06 - [BENIGN] - DEBUG - Generated FTP SYN-ACK from h5:21 <- h3:13089 [len=54B]
2025-09-12 16:16:07 - [BENIGN] - DEBUG - Generated FTP ACK from h3:13089 -> h5:21 [len=54B]
2025-09-12 16:16:08 - [BENIGN] - DEBUG - Generated FTP data traffic from h3:13089 -> h5:21 [content='FTP file transfer'] [Session 21] [len=779B]
2025-09-12 16:16:08 - [BENIGN] - DEBUG - Generated FTP ACK reply from h5:21 <- h3:13089 [len=54B]
2025-09-12 16:16:09 - [BENIGN] - DEBUG - Generated HTTP SYN from h3:45643 -> h5:80 [len=54B]
2025-09-12 16:16:10 - [BENIGN] - DEBUG - Generated HTTP SYN-ACK from h5:80 <- h3:45643 [len=54B]
2025-09-12 16:16:10 - [BENIGN] - DEBUG - Generated HTTP ACK from h3:45643 -> h5:80 [len=54B]
2025-09-12 16:16:11 - [BENIGN] - DEBUG - Generated HTTP data traffic from h3:45643 -> h5:80 [content='GET /index.html HTTP/1.1'] [Session 22] [len=399B]
2025-09-12 16:16:12 - [BENIGN] - DEBUG - Generated HTTP ACK reply from h5:80 <- h3:45643 [len=54B]
2025-09-12 16:16:12 - [BENIGN] - DEBUG - Generated HTTPS SYN from h3:6368 -> h5:443 [len=54B]
2025-09-12 16:16:13 - [BENIGN] - DEBUG - Generated HTTPS SYN-ACK from h5:443 <- h3:6368 [len=54B]
2025-09-12 16:16:13 - [BENIGN] - DEBUG - Generated HTTPS ACK from h3:6368 -> h5:443 [len=54B]
2025-09-12 16:16:14 - [BENIGN] - DEBUG - Generated HTTPS data traffic from h3:6368 -> h5:443 [content='Encrypted Application Data'] [Session 23] [len=351B]
2025-09-12 16:16:15 - [BENIGN] - DEBUG - Generated HTTPS ACK reply from h5:443 <- h3:6368 [len=54B]
2025-09-12 16:16:15 - [BENIGN] - DEBUG - Generated DNS query from h3:62603 -> h5:53 [qname='example.com'] [Session 24] [len=71B]
2025-09-12 16:16:15 - [BENIGN] - DEBUG - Generated ICMP traffic h2↔h5 3 [len=84B]
2025-09-12 16:16:16 - [BENIGN] - DEBUG - Generated TCP SYN from h3:34507 -> h5:12345 [len=54B]
2025-09-12 16:16:17 - [BENIGN] - DEBUG - Generated TCP SYN-ACK from h5:12345 <- h3:34507 [len=54B]
2025-09-12 16:16:17 - [BENIGN] - DEBUG - Generated TCP ACK from h3:34507 -> h5:12345 [len=54B]
2025-09-12 16:16:18 - [BENIGN] - DEBUG - Generated TCP data traffic from h3:34507 -> h5:12345 [content='TCP data'] [Session 25] [len=680B]
2025-09-12 16:16:19 - [BENIGN] - DEBUG - Generated TCP ACK reply from h5:12345 <- h3:34507 [len=54B]
2025-09-12 16:16:19 - [BENIGN] - DEBUG - Generated UDP traffic from h3:34154 -> h5:12346 [content='2b2e1ec726091273daf0ed93fdd02256faa199fe...'] [Session 26] [len=1384B]
2025-09-12 16:16:20 - [BENIGN] - DEBUG - Generated Telnet SYN from h3:4540 -> h5:23 [len=54B]
2025-09-12 16:16:21 - [BENIGN] - DEBUG - Generated Telnet SYN-ACK from h5:23 <- h3:4540 [len=54B]
2025-09-12 16:16:21 - [BENIGN] - DEBUG - Generated Telnet ACK from h3:4540 -> h5:23 [len=54B]
2025-09-12 16:16:22 - [BENIGN] - DEBUG - Generated Telnet data traffic from h3:4540 -> h5:23 [content='Telnet command'] [Session 27] [len=1359B]
2025-09-12 16:16:22 - [BENIGN] - DEBUG - Generated Telnet ACK reply from h5:23 <- h3:4540 [len=54B]
2025-09-12 16:16:23 - [BENIGN] - DEBUG - Generated SSH SYN from h3:36376 -> h5:22 [len=54B]
2025-09-12 16:16:24 - [BENIGN] - DEBUG - Generated SSH SYN-ACK from h5:22 <- h3:36376 [len=54B]
2025-09-12 16:16:24 - [BENIGN] - DEBUG - Generated SSH ACK from h3:36376 -> h5:22 [len=54B]
2025-09-12 16:16:25 - [BENIGN] - DEBUG - Generated SSH data traffic from h3:36376 -> h5:22 [content='SSH encrypted data'] [Session 28] [len=228B]
2025-09-12 16:16:26 - [BENIGN] - DEBUG - Generated SSH ACK reply from h5:22 <- h3:36376 [len=54B]
2025-09-12 16:16:26 - [BENIGN] - DEBUG - Generated FTP SYN from h3:20630 -> h5:21 [len=54B]
2025-09-12 16:16:27 - [BENIGN] - DEBUG - Generated FTP SYN-ACK from h5:21 <- h3:20630 [len=54B]
2025-09-12 16:16:28 - [BENIGN] - DEBUG - Generated FTP ACK from h3:20630 -> h5:21 [len=54B]
2025-09-12 16:16:28 - [BENIGN] - DEBUG - Generated FTP data traffic from h3:20630 -> h5:21 [content='FTP file transfer'] [Session 29] [len=754B]
2025-09-12 16:16:29 - [BENIGN] - DEBUG - Generated FTP ACK reply from h5:21 <- h3:20630 [len=54B]
2025-09-12 16:16:29 - [BENIGN] - DEBUG - Generated HTTP SYN from h3:37463 -> h5:80 [len=54B]
2025-09-12 16:16:30 - [BENIGN] - DEBUG - Generated HTTP SYN-ACK from h5:80 <- h3:37463 [len=54B]
2025-09-12 16:16:31 - [BENIGN] - DEBUG - Generated HTTP ACK from h3:37463 -> h5:80 [len=54B]
2025-09-12 16:16:31 - [BENIGN] - DEBUG - Generated HTTP data traffic from h3:37463 -> h5:80 [content='GET /index.html HTTP/1.1'] [Session 30] [len=404B]
2025-09-12 16:16:32 - [BENIGN] - DEBUG - Generated HTTP ACK reply from h5:80 <- h3:37463 [len=54B]
2025-09-12 16:16:33 - [BENIGN] - DEBUG - Generated HTTPS SYN from h3:4699 -> h5:443 [len=54B]
2025-09-12 16:16:33 - [BENIGN] - DEBUG - Generated HTTPS SYN-ACK from h5:443 <- h3:4699 [len=54B]
2025-09-12 16:16:34 - [BENIGN] - DEBUG - Generated HTTPS ACK from h3:4699 -> h5:443 [len=54B]
2025-09-12 16:16:35 - [BENIGN] - DEBUG - Generated HTTPS data traffic from h3:4699 -> h5:443 [content='Encrypted Application Data'] [Session 31] [len=640B]
2025-09-12 16:16:35 - [BENIGN] - DEBUG - Generated HTTPS ACK reply from h5:443 <- h3:4699 [len=54B]
2025-09-12 16:16:36 - [BENIGN] - DEBUG - Generated DNS query from h3:60949 -> h5:53 [qname='example.com'] [Session 32] [len=71B]
2025-09-12 16:16:36 - [BENIGN] - DEBUG - Generated ICMP traffic h2↔h5 4 [len=84B]
2025-09-12 16:16:36 - [BENIGN] - DEBUG - Generated TCP SYN from h3:5871 -> h5:12345 [len=54B]
2025-09-12 16:16:37 - [BENIGN] - DEBUG - Generated TCP SYN-ACK from h5:12345 <- h3:5871 [len=54B]
2025-09-12 16:16:38 - [BENIGN] - DEBUG - Generated TCP ACK from h3:5871 -> h5:12345 [len=54B]
2025-09-12 16:16:38 - [BENIGN] - DEBUG - Generated TCP data traffic from h3:5871 -> h5:12345 [content='TCP data'] [Session 33] [len=756B]
2025-09-12 16:16:39 - [BENIGN] - DEBUG - Generated TCP ACK reply from h5:12345 <- h3:5871 [len=54B]
2025-09-12 16:16:40 - [BENIGN] - DEBUG - Generated UDP traffic from h3:40589 -> h5:12346 [content='4666e190928f60f30ef50552ee1c01a0070c4989...'] [Session 34] [len=852B]
2025-09-12 16:16:40 - [BENIGN] - DEBUG - Generated Telnet SYN from h3:54056 -> h5:23 [len=54B]
2025-09-12 16:16:41 - [BENIGN] - DEBUG - Generated Telnet SYN-ACK from h5:23 <- h3:54056 [len=54B]
2025-09-12 16:16:41 - [BENIGN] - DEBUG - Generated Telnet ACK from h3:54056 -> h5:23 [len=54B]
2025-09-12 16:16:42 - [BENIGN] - DEBUG - Generated Telnet data traffic from h3:54056 -> h5:23 [content='Telnet command'] [Session 35] [len=1377B]
2025-09-12 16:16:43 - [BENIGN] - DEBUG - Generated Telnet ACK reply from h5:23 <- h3:54056 [len=54B]
2025-09-12 16:16:43 - [BENIGN] - DEBUG - Generated SSH SYN from h3:35691 -> h5:22 [len=54B]
2025-09-12 16:16:44 - [BENIGN] - DEBUG - Generated SSH SYN-ACK from h5:22 <- h3:35691 [len=54B]
2025-09-12 16:16:45 - [BENIGN] - DEBUG - Generated SSH ACK from h3:35691 -> h5:22 [len=54B]
2025-09-12 16:16:45 - [BENIGN] - DEBUG - Generated SSH data traffic from h3:35691 -> h5:22 [content='SSH encrypted data'] [Session 36] [len=860B]
2025-09-12 16:16:46 - [BENIGN] - DEBUG - Generated SSH ACK reply from h5:22 <- h3:35691 [len=54B]
2025-09-12 16:16:47 - [BENIGN] - DEBUG - Generated FTP SYN from h3:7581 -> h5:21 [len=54B]
2025-09-12 16:16:47 - [BENIGN] - DEBUG - Generated FTP SYN-ACK from h5:21 <- h3:7581 [len=54B]
2025-09-12 16:16:48 - [BENIGN] - DEBUG - Generated FTP ACK from h3:7581 -> h5:21 [len=54B]
2025-09-12 16:16:49 - [BENIGN] - DEBUG - Generated FTP data traffic from h3:7581 -> h5:21 [content='FTP file transfer'] [Session 37] [len=464B]
2025-09-12 16:16:49 - [BENIGN] - DEBUG - Generated FTP ACK reply from h5:21 <- h3:7581 [len=54B]
2025-09-12 16:16:50 - [BENIGN] - DEBUG - Generated HTTP SYN from h3:34973 -> h5:80 [len=54B]
2025-09-12 16:16:50 - [BENIGN] - DEBUG - Generated HTTP SYN-ACK from h5:80 <- h3:34973 [len=54B]
2025-09-12 16:16:51 - [BENIGN] - DEBUG - Generated HTTP ACK from h3:34973 -> h5:80 [len=54B]
2025-09-12 16:16:52 - [BENIGN] - DEBUG - Generated HTTP data traffic from h3:34973 -> h5:80 [content='GET /index.html HTTP/1.1'] [Session 38] [len=566B]
2025-09-12 16:16:52 - [BENIGN] - DEBUG - Generated HTTP ACK reply from h5:80 <- h3:34973 [len=54B]
2025-09-12 16:16:53 - [BENIGN] - DEBUG - Generated HTTPS SYN from h3:21092 -> h5:443 [len=54B]
2025-09-12 16:16:54 - [BENIGN] - DEBUG - Generated HTTPS SYN-ACK from h5:443 <- h3:21092 [len=54B]
2025-09-12 16:16:54 - [BENIGN] - DEBUG - Generated HTTPS ACK from h3:21092 -> h5:443 [len=54B]
2025-09-12 16:16:55 - [BENIGN] - DEBUG - Generated HTTPS data traffic from h3:21092 -> h5:443 [content='Encrypted Application Data'] [Session 39] [len=685B]
2025-09-12 16:16:56 - [BENIGN] - DEBUG - Generated HTTPS ACK reply from h5:443 <- h3:21092 [len=54B]
2025-09-12 16:16:56 - [BENIGN] - DEBUG - Generated DNS query from h3:17714 -> h5:53 [qname='example.com'] [Session 40] [len=71B]
2025-09-12 16:16:56 - [BENIGN] - DEBUG - Generated ICMP traffic h2↔h5 5 [len=84B]
2025-09-12 16:16:57 - [BENIGN] - DEBUG - Generated TCP SYN from h3:57881 -> h5:12345 [len=54B]
2025-09-12 16:16:58 - [BENIGN] - DEBUG - Generated TCP SYN-ACK from h5:12345 <- h3:57881 [len=54B]
2025-09-12 16:16:58 - [BENIGN] - DEBUG - Generated TCP ACK from h3:57881 -> h5:12345 [len=54B]
2025-09-12 16:16:59 - [BENIGN] - DEBUG - Generated TCP data traffic from h3:57881 -> h5:12345 [content='TCP data'] [Session 41] [len=953B]
2025-09-12 16:16:59 - [BENIGN] - DEBUG - Generated TCP ACK reply from h5:12345 <- h3:57881 [len=54B]
2025-09-12 16:17:00 - [BENIGN] - DEBUG - Generated UDP traffic from h3:6910 -> h5:12346 [content='679be248b8282882788a93073818013b6f87d8ba...'] [Session 42] [len=763B]
2025-09-12 16:17:01 - [BENIGN] - DEBUG - Generated Telnet SYN from h3:12379 -> h5:23 [len=54B]
2025-09-12 16:17:01 - [BENIGN] - DEBUG - Generated Telnet SYN-ACK from h5:23 <- h3:12379 [len=54B]
2025-09-12 16:17:02 - [BENIGN] - DEBUG - Generated Telnet ACK from h3:12379 -> h5:23 [len=54B]
2025-09-12 16:17:03 - [BENIGN] - DEBUG - Generated Telnet data traffic from h3:12379 -> h5:23 [content='Telnet command'] [Session 43] [len=400B]
2025-09-12 16:17:03 - [BENIGN] - DEBUG - Generated Telnet ACK reply from h5:23 <- h3:12379 [len=54B]
2025-09-12 16:17:04 - [BENIGN] - DEBUG - Generated SSH SYN from h3:15920 -> h5:22 [len=54B]
2025-09-12 16:17:04 - [BENIGN] - DEBUG - Generated SSH SYN-ACK from h5:22 <- h3:15920 [len=54B]
2025-09-12 16:17:05 - [BENIGN] - DEBUG - Generated SSH ACK from h3:15920 -> h5:22 [len=54B]
2025-09-12 16:17:06 - [BENIGN] - DEBUG - Generated SSH data traffic from h3:15920 -> h5:22 [content='SSH encrypted data'] [Session 44] [len=859B]
2025-09-12 16:17:06 - [BENIGN] - DEBUG - Generated SSH ACK reply from h5:22 <- h3:15920 [len=54B]
2025-09-12 16:17:07 - [BENIGN] - DEBUG - Generated FTP SYN from h3:21797 -> h5:21 [len=54B]
2025-09-12 16:17:08 - [BENIGN] - DEBUG - Generated FTP SYN-ACK from h5:21 <- h3:21797 [len=54B]
2025-09-12 16:17:08 - [BENIGN] - DEBUG - Generated FTP ACK from h3:21797 -> h5:21 [len=54B]
2025-09-12 16:17:09 - [BENIGN] - DEBUG - Generated FTP data traffic from h3:21797 -> h5:21 [content='FTP file transfer'] [Session 45] [len=421B]
2025-09-12 16:17:10 - [BENIGN] - DEBUG - Generated FTP ACK reply from h5:21 <- h3:21797 [len=54B]
2025-09-12 16:17:10 - [BENIGN] - DEBUG - Generated HTTP SYN from h3:53465 -> h5:80 [len=54B]
2025-09-12 16:17:11 - [BENIGN] - DEBUG - Generated HTTP SYN-ACK from h5:80 <- h3:53465 [len=54B]
2025-09-12 16:17:12 - [BENIGN] - DEBUG - Generated HTTP ACK from h3:53465 -> h5:80 [len=54B]
2025-09-12 16:17:12 - [BENIGN] - DEBUG - Generated HTTP data traffic from h3:53465 -> h5:80 [content='GET /index.html HTTP/1.1'] [Session 46] [len=419B]
2025-09-12 16:17:13 - [BENIGN] - DEBUG - Generated HTTP ACK reply from h5:80 <- h3:53465 [len=54B]
2025-09-12 16:17:13 - [BENIGN] - DEBUG - Generated HTTPS SYN from h3:13268 -> h5:443 [len=54B]
2025-09-12 16:17:14 - [BENIGN] - DEBUG - Generated HTTPS SYN-ACK from h5:443 <- h3:13268 [len=54B]
2025-09-12 16:17:15 - [BENIGN] - DEBUG - Generated HTTPS ACK from h3:13268 -> h5:443 [len=54B]
2025-09-12 16:17:15 - [BENIGN] - DEBUG - Generated HTTPS data traffic from h3:13268 -> h5:443 [content='Encrypted Application Data'] [Session 47] [len=849B]
2025-09-12 16:17:16 - [BENIGN] - DEBUG - Generated HTTPS ACK reply from h5:443 <- h3:13268 [len=54B]
2025-09-12 16:17:17 - [BENIGN] - DEBUG - Generated DNS query from h3:50377 -> h5:53 [qname='example.com'] [Session 48] [len=71B]
2025-09-12 16:17:17 - [BENIGN] - DEBUG - Generated ICMP traffic h2↔h5 6 [len=84B]
2025-09-12 16:17:17 - [BENIGN] - DEBUG - Generated TCP SYN from h3:11324 -> h5:12345 [len=54B]
2025-09-12 16:17:18 - [BENIGN] - DEBUG - Generated TCP SYN-ACK from h5:12345 <- h3:11324 [len=54B]
2025-09-12 16:17:19 - [BENIGN] - DEBUG - Generated TCP ACK from h3:11324 -> h5:12345 [len=54B]
2025-09-12 16:17:19 - [BENIGN] - DEBUG - Generated TCP data traffic from h3:11324 -> h5:12345 [content='TCP data'] [Session 49] [len=913B]
2025-09-12 16:17:20 - [BENIGN] - DEBUG - Generated TCP ACK reply from h5:12345 <- h3:11324 [len=54B]
2025-09-12 16:17:20 - [BENIGN] - DEBUG - Generated UDP traffic from h3:21996 -> h5:12346 [content='cf39e14ecc6911553e33075ed6aa96d0380ca129...'] [Session 50] [len=360B]
2025-09-12 16:17:21 - [BENIGN] - DEBUG - Generated Telnet SYN from h3:30814 -> h5:23 [len=54B]
2025-09-12 16:17:22 - [BENIGN] - DEBUG - Generated Telnet SYN-ACK from h5:23 <- h3:30814 [len=54B]
2025-09-12 16:17:22 - [BENIGN] - DEBUG - Generated Telnet ACK from h3:30814 -> h5:23 [len=54B]
2025-09-12 16:17:23 - [BENIGN] - DEBUG - Generated Telnet data traffic from h3:30814 -> h5:23 [content='Telnet command'] [Session 51] [len=290B]
2025-09-12 16:17:24 - [BENIGN] - DEBUG - Generated Telnet ACK reply from h5:23 <- h3:30814 [len=54B]
2025-09-12 16:17:24 - [BENIGN] - DEBUG - Generated SSH SYN from h3:55749 -> h5:22 [len=54B]
2025-09-12 16:17:25 - [BENIGN] - DEBUG - Generated SSH SYN-ACK from h5:22 <- h3:55749 [len=54B]
2025-09-12 16:17:25 - [BENIGN] - DEBUG - Generated SSH ACK from h3:55749 -> h5:22 [len=54B]
2025-09-12 16:17:26 - [BENIGN] - DEBUG - Generated SSH data traffic from h3:55749 -> h5:22 [content='SSH encrypted data'] [Session 52] [len=620B]
2025-09-12 16:17:27 - [BENIGN] - DEBUG - Generated SSH ACK reply from h5:22 <- h3:55749 [len=54B]
2025-09-12 16:17:27 - [BENIGN] - DEBUG - Generated FTP SYN from h3:1802 -> h5:21 [len=54B]
2025-09-12 16:17:28 - [BENIGN] - DEBUG - Generated FTP SYN-ACK from h5:21 <- h3:1802 [len=54B]
2025-09-12 16:17:29 - [BENIGN] - DEBUG - Generated FTP ACK from h3:1802 -> h5:21 [len=54B]
2025-09-12 16:17:29 - [BENIGN] - DEBUG - Generated FTP data traffic from h3:1802 -> h5:21 [content='FTP file transfer'] [Session 53] [len=1225B]
2025-09-12 16:17:30 - [BENIGN] - DEBUG - Generated FTP ACK reply from h5:21 <- h3:1802 [len=54B]
2025-09-12 16:17:30 - [BENIGN] - DEBUG - Generated HTTP SYN from h3:15964 -> h5:80 [len=54B]
2025-09-12 16:17:31 - [BENIGN] - DEBUG - Generated HTTP SYN-ACK from h5:80 <- h3:15964 [len=54B]
2025-09-12 16:17:32 - [BENIGN] - DEBUG - Generated HTTP ACK from h3:15964 -> h5:80 [len=54B]
2025-09-12 16:17:32 - [BENIGN] - DEBUG - Generated HTTP data traffic from h3:15964 -> h5:80 [content='GET /index.html HTTP/1.1'] [Session 54] [len=278B]
2025-09-12 16:17:33 - [BENIGN] - DEBUG - Generated HTTP ACK reply from h5:80 <- h3:15964 [len=54B]
2025-09-12 16:17:34 - [BENIGN] - DEBUG - Generated HTTPS SYN from h3:58429 -> h5:443 [len=54B]
2025-09-12 16:17:34 - [BENIGN] - DEBUG - Generated HTTPS SYN-ACK from h5:443 <- h3:58429 [len=54B]
2025-09-12 16:17:35 - [BENIGN] - DEBUG - Generated HTTPS ACK from h3:58429 -> h5:443 [len=54B]
2025-09-12 16:17:36 - [BENIGN] - DEBUG - Generated HTTPS data traffic from h3:58429 -> h5:443 [content='Encrypted Application Data'] [Session 55] [len=558B]
2025-09-12 16:17:36 - [BENIGN] - DEBUG - Generated HTTPS ACK reply from h5:443 <- h3:58429 [len=54B]
2025-09-12 16:17:37 - [BENIGN] - DEBUG - Generated DNS query from h3:29592 -> h5:53 [qname='example.com'] [Session 56] [len=71B]
2025-09-12 16:17:37 - [BENIGN] - DEBUG - Generated ICMP traffic h2↔h5 7 [len=84B]
2025-09-12 16:17:38 - [BENIGN] - DEBUG - Generated TCP SYN from h3:43451 -> h5:12345 [len=54B]
2025-09-12 16:17:38 - [BENIGN] - DEBUG - Generated TCP SYN-ACK from h5:12345 <- h3:43451 [len=54B]
2025-09-12 16:17:39 - [BENIGN] - DEBUG - Generated TCP ACK from h3:43451 -> h5:12345 [len=54B]
2025-09-12 16:17:39 - [BENIGN] - DEBUG - Generated TCP data traffic from h3:43451 -> h5:12345 [content='TCP data'] [Session 57] [len=271B]
2025-09-12 16:17:40 - [BENIGN] - DEBUG - Generated TCP ACK reply from h5:12345 <- h3:43451 [len=54B]
2025-09-12 16:17:41 - [BENIGN] - DEBUG - Generated UDP traffic from h3:23137 -> h5:12346 [content='932b5fd98444502da0c535183fe57c73764d57a4...'] [Session 58] [len=465B]
2025-09-12 16:17:41 - [BENIGN] - DEBUG - Generated Telnet SYN from h3:15119 -> h5:23 [len=54B]
2025-09-12 16:17:42 - [BENIGN] - DEBUG - Generated Telnet SYN-ACK from h5:23 <- h3:15119 [len=54B]
2025-09-12 16:17:43 - [BENIGN] - DEBUG - Generated Telnet ACK from h3:15119 -> h5:23 [len=54B]
2025-09-12 16:17:43 - [BENIGN] - DEBUG - Generated Telnet data traffic from h3:15119 -> h5:23 [content='Telnet command'] [Session 59] [len=1452B]
2025-09-12 16:17:44 - [BENIGN] - DEBUG - Generated Telnet ACK reply from h5:23 <- h3:15119 [len=54B]
2025-09-12 16:17:45 - [BENIGN] - DEBUG - Generated SSH SYN from h3:29349 -> h5:22 [len=54B]
2025-09-12 16:17:45 - [BENIGN] - DEBUG - Generated SSH SYN-ACK from h5:22 <- h3:29349 [len=54B]
2025-09-12 16:17:46 - [BENIGN] - DEBUG - Generated SSH ACK from h3:29349 -> h5:22 [len=54B]
2025-09-12 16:17:46 - [BENIGN] - DEBUG - Generated SSH data traffic from h3:29349 -> h5:22 [content='SSH encrypted data'] [Session 60] [len=450B]
2025-09-12 16:17:47 - [BENIGN] - DEBUG - Generated SSH ACK reply from h5:22 <- h3:29349 [len=54B]
2025-09-12 16:17:48 - [BENIGN] - DEBUG - Generated FTP SYN from h3:22563 -> h5:21 [len=54B]
2025-09-12 16:17:48 - [BENIGN] - DEBUG - Generated FTP SYN-ACK from h5:21 <- h3:22563 [len=54B]
2025-09-12 16:17:49 - [BENIGN] - DEBUG - Generated FTP ACK from h3:22563 -> h5:21 [len=54B]
2025-09-12 16:17:50 - [BENIGN] - DEBUG - Generated FTP data traffic from h3:22563 -> h5:21 [content='FTP file transfer'] [Session 61] [len=237B]
2025-09-12 16:17:50 - [BENIGN] - DEBUG - Generated FTP ACK reply from h5:21 <- h3:22563 [len=54B]
2025-09-12 16:17:51 - [BENIGN] - DEBUG - Generated HTTP SYN from h3:7730 -> h5:80 [len=54B]
2025-09-12 16:17:51 - [BENIGN] - DEBUG - Generated HTTP SYN-ACK from h5:80 <- h3:7730 [len=54B]
2025-09-12 16:17:52 - [BENIGN] - DEBUG - Generated HTTP ACK from h3:7730 -> h5:80 [len=54B]
2025-09-12 16:17:53 - [BENIGN] - DEBUG - Generated HTTP data traffic from h3:7730 -> h5:80 [content='GET /index.html HTTP/1.1'] [Session 62] [len=548B]
2025-09-12 16:17:53 - [BENIGN] - DEBUG - Generated HTTP ACK reply from h5:80 <- h3:7730 [len=54B]
2025-09-12 16:17:54 - [BENIGN] - DEBUG - Generated HTTPS SYN from h3:58471 -> h5:443 [len=54B]
2025-09-12 16:17:55 - [BENIGN] - DEBUG - Generated HTTPS SYN-ACK from h5:443 <- h3:58471 [len=54B]
2025-09-12 16:17:55 - [BENIGN] - DEBUG - Generated HTTPS ACK from h3:58471 -> h5:443 [len=54B]
2025-09-12 16:17:56 - [BENIGN] - DEBUG - Generated HTTPS data traffic from h3:58471 -> h5:443 [content='Encrypted Application Data'] [Session 63] [len=696B]
2025-09-12 16:17:57 - [BENIGN] - DEBUG - Generated HTTPS ACK reply from h5:443 <- h3:58471 [len=54B]
2025-09-12 16:17:57 - [BENIGN] - DEBUG - Generated DNS query from h3:40997 -> h5:53 [qname='example.com'] [Session 64] [len=71B]
2025-09-12 16:17:57 - [BENIGN] - DEBUG - Generated ICMP traffic h2↔h5 8 [len=84B]
2025-09-12 16:17:58 - [BENIGN] - DEBUG - Generated TCP SYN from h3:9025 -> h5:12345 [len=54B]
2025-09-12 16:17:59 - [BENIGN] - DEBUG - Generated TCP SYN-ACK from h5:12345 <- h3:9025 [len=54B]
2025-09-12 16:17:59 - [BENIGN] - DEBUG - Generated TCP ACK from h3:9025 -> h5:12345 [len=54B]
2025-09-12 16:18:00 - [BENIGN] - DEBUG - Generated TCP data traffic from h3:9025 -> h5:12345 [content='TCP data'] [Session 65] [len=1154B]
2025-09-12 16:18:00 - [BENIGN] - DEBUG - Generated TCP ACK reply from h5:12345 <- h3:9025 [len=54B]
2025-09-12 16:18:01 - [BENIGN] - DEBUG - Generated UDP traffic from h3:3319 -> h5:12346 [content='d5e3d2e1e8e793f9ea71ba3c5a993a14c53fd4e0...'] [Session 66] [len=897B]
2025-09-12 16:18:02 - [BENIGN] - DEBUG - Generated Telnet SYN from h3:19762 -> h5:23 [len=54B]
2025-09-12 16:18:02 - [BENIGN] - DEBUG - Generated Telnet SYN-ACK from h5:23 <- h3:19762 [len=54B]
2025-09-12 16:18:03 - [BENIGN] - DEBUG - Generated Telnet ACK from h3:19762 -> h5:23 [len=54B]
2025-09-12 16:18:04 - [BENIGN] - DEBUG - Generated Telnet data traffic from h3:19762 -> h5:23 [content='Telnet command'] [Session 67] [len=967B]
2025-09-12 16:18:04 - [BENIGN] - DEBUG - Generated Telnet ACK reply from h5:23 <- h3:19762 [len=54B]
2025-09-12 16:18:05 - [BENIGN] - DEBUG - Generated SSH SYN from h3:50856 -> h5:22 [len=54B]
2025-09-12 16:18:05 - [BENIGN] - DEBUG - Generated SSH SYN-ACK from h5:22 <- h3:50856 [len=54B]
2025-09-12 16:18:06 - [BENIGN] - DEBUG - Generated SSH ACK from h3:50856 -> h5:22 [len=54B]
2025-09-12 16:18:07 - [BENIGN] - DEBUG - Generated SSH data traffic from h3:50856 -> h5:22 [content='SSH encrypted data'] [Session 68] [len=440B]
2025-09-12 16:18:07 - [BENIGN] - DEBUG - Generated SSH ACK reply from h5:22 <- h3:50856 [len=54B]
2025-09-12 16:18:08 - [BENIGN] - DEBUG - Generated FTP SYN from h3:39596 -> h5:21 [len=54B]
2025-09-12 16:18:09 - [BENIGN] - DEBUG - Generated FTP SYN-ACK from h5:21 <- h3:39596 [len=54B]
2025-09-12 16:18:09 - [BENIGN] - DEBUG - Generated FTP ACK from h3:39596 -> h5:21 [len=54B]
2025-09-12 16:18:10 - [BENIGN] - DEBUG - Generated FTP data traffic from h3:39596 -> h5:21 [content='FTP file transfer'] [Session 69] [len=1365B]
2025-09-12 16:18:11 - [BENIGN] - DEBUG - Generated FTP ACK reply from h5:21 <- h3:39596 [len=54B]
2025-09-12 16:18:11 - [BENIGN] - DEBUG - Generated HTTP SYN from h3:42166 -> h5:80 [len=54B]
2025-09-12 16:18:12 - [BENIGN] - DEBUG - Generated HTTP SYN-ACK from h5:80 <- h3:42166 [len=54B]
2025-09-12 16:18:12 - [BENIGN] - DEBUG - Generated HTTP ACK from h3:42166 -> h5:80 [len=54B]
2025-09-12 16:18:13 - [BENIGN] - DEBUG - Generated HTTP data traffic from h3:42166 -> h5:80 [content='GET /index.html HTTP/1.1'] [Session 70] [len=579B]
2025-09-12 16:18:14 - [BENIGN] - DEBUG - Generated HTTP ACK reply from h5:80 <- h3:42166 [len=54B]
2025-09-12 16:18:14 - [BENIGN] - DEBUG - Generated HTTPS SYN from h3:47705 -> h5:443 [len=54B]
2025-09-12 16:18:15 - [BENIGN] - DEBUG - Generated HTTPS SYN-ACK from h5:443 <- h3:47705 [len=54B]
2025-09-12 16:18:16 - [BENIGN] - DEBUG - Generated HTTPS ACK from h3:47705 -> h5:443 [len=54B]
2025-09-12 16:18:16 - [BENIGN] - DEBUG - Generated HTTPS data traffic from h3:47705 -> h5:443 [content='Encrypted Application Data'] [Session 71] [len=820B]
2025-09-12 16:18:17 - [BENIGN] - DEBUG - Generated HTTPS ACK reply from h5:443 <- h3:47705 [len=54B]
2025-09-12 16:18:18 - [BENIGN] - DEBUG - Generated DNS query from h3:7825 -> h5:53 [qname='example.com'] [Session 72] [len=71B]
2025-09-12 16:18:18 - [BENIGN] - DEBUG - Generated ICMP traffic h2↔h5 9 [len=84B]
2025-09-12 16:18:18 - [BENIGN] - DEBUG - Generated TCP SYN from h3:5303 -> h5:12345 [len=54B]
2025-09-12 16:18:19 - [BENIGN] - DEBUG - Generated TCP SYN-ACK from h5:12345 <- h3:5303 [len=54B]
2025-09-12 16:18:20 - [BENIGN] - DEBUG - Generated TCP ACK from h3:5303 -> h5:12345 [len=54B]
2025-09-12 16:18:20 - [BENIGN] - DEBUG - Generated TCP data traffic from h3:5303 -> h5:12345 [content='TCP data'] [Session 73] [len=1412B]
2025-09-12 16:18:21 - [BENIGN] - DEBUG - Generated TCP ACK reply from h5:12345 <- h3:5303 [len=54B]
2025-09-12 16:18:22 - [BENIGN] - DEBUG - Generated UDP traffic from h3:8411 -> h5:12346 [content='3669317ba7ccf3a679b7b0962126f1f8c21d9ee4...'] [Session 74] [len=1080B]
2025-09-12 16:18:22 - [BENIGN] - DEBUG - Generated Telnet SYN from h3:6626 -> h5:23 [len=54B]
2025-09-12 16:18:23 - [BENIGN] - DEBUG - Generated Telnet SYN-ACK from h5:23 <- h3:6626 [len=54B]
2025-09-12 16:18:23 - [BENIGN] - DEBUG - Generated Telnet ACK from h3:6626 -> h5:23 [len=54B]
2025-09-12 16:18:24 - [BENIGN] - DEBUG - Generated Telnet data traffic from h3:6626 -> h5:23 [content='Telnet command'] [Session 75] [len=750B]
2025-09-12 16:18:25 - [BENIGN] - DEBUG - Generated Telnet ACK reply from h5:23 <- h3:6626 [len=54B]
2025-09-12 16:18:25 - [BENIGN] - DEBUG - Generated SSH SYN from h3:37889 -> h5:22 [len=54B]
2025-09-12 16:18:26 - [BENIGN] - DEBUG - Generated SSH SYN-ACK from h5:22 <- h3:37889 [len=54B]
2025-09-12 16:18:27 - [BENIGN] - DEBUG - Generated SSH ACK from h3:37889 -> h5:22 [len=54B]
2025-09-12 16:18:27 - [BENIGN] - DEBUG - Generated SSH data traffic from h3:37889 -> h5:22 [content='SSH encrypted data'] [Session 76] [len=1341B]
2025-09-12 16:18:28 - [BENIGN] - DEBUG - Generated SSH ACK reply from h5:22 <- h3:37889 [len=54B]
2025-09-12 16:18:29 - [BENIGN] - DEBUG - Generated FTP SYN from h3:10924 -> h5:21 [len=54B]
2025-09-12 16:18:29 - [BENIGN] - DEBUG - Generated FTP SYN-ACK from h5:21 <- h3:10924 [len=54B]
2025-09-12 16:18:30 - [BENIGN] - DEBUG - Generated FTP ACK from h3:10924 -> h5:21 [len=54B]
2025-09-12 16:18:30 - [BENIGN] - DEBUG - Generated FTP data traffic from h3:10924 -> h5:21 [content='FTP file transfer'] [Session 77] [len=275B]
2025-09-12 16:18:31 - [BENIGN] - DEBUG - Generated FTP ACK reply from h5:21 <- h3:10924 [len=54B]
2025-09-12 16:18:32 - [BENIGN] - DEBUG - Generated HTTP SYN from h3:58678 -> h5:80 [len=54B]
2025-09-12 16:18:32 - [BENIGN] - DEBUG - Generated HTTP SYN-ACK from h5:80 <- h3:58678 [len=54B]
2025-09-12 16:18:33 - [BENIGN] - DEBUG - Generated HTTP ACK from h3:58678 -> h5:80 [len=54B]
2025-09-12 16:18:34 - [BENIGN] - DEBUG - Generated HTTP data traffic from h3:58678 -> h5:80 [content='GET /index.html HTTP/1.1'] [Session 78] [len=271B]
2025-09-12 16:18:34 - [BENIGN] - DEBUG - Generated HTTP ACK reply from h5:80 <- h3:58678 [len=54B]
2025-09-12 16:18:35 - [BENIGN] - DEBUG - Generated HTTPS SYN from h3:31437 -> h5:443 [len=54B]
2025-09-12 16:18:36 - [BENIGN] - DEBUG - Generated HTTPS SYN-ACK from h5:443 <- h3:31437 [len=54B]
2025-09-12 16:18:36 - [BENIGN] - DEBUG - Generated HTTPS ACK from h3:31437 -> h5:443 [len=54B]
2025-09-12 16:18:37 - [BENIGN] - DEBUG - Generated HTTPS data traffic from h3:31437 -> h5:443 [content='Encrypted Application Data'] [Session 79] [len=355B]
2025-09-12 16:18:37 - [BENIGN] - DEBUG - Generated HTTPS ACK reply from h5:443 <- h3:31437 [len=54B]
2025-09-12 16:18:38 - [BENIGN] - DEBUG - Generated DNS query from h3:53393 -> h5:53 [qname='example.com'] [Session 80] [len=71B]
2025-09-12 16:18:38 - [BENIGN] - INFO - Benign traffic finished.
2025-09-12 16:18:38 - [BENIGN] - INFO - Summary: 80 protocol sessions with protocol separation:
2025-09-12 16:18:38 - [BENIGN] - INFO -   - h2↔h5: ICMP ping traffic
2025-09-12 16:18:38 - [BENIGN] - INFO -   - h3↔h5: TCP/UDP traffic [TCP, UDP, Telnet, SSH, FTP, HTTP, HTTPS, DNS]
2025-09-12 16:18:38 - [BENIGN] - INFO - Total packets sent: 340
