2025-09-12 16:42:45 - [BENIGN] - INFO - Starting benign traffic for 200 seconds...
2025-09-12 16:42:45 - [BENIGN] - INFO - Protocol separation: h2↔h5 (ICMP), h3↔h5 (TCP/UDP)
2025-09-12 16:42:45 - [BENIGN] - DEBUG - Generated ICMP traffic h2↔h5 0 [len=84B]
2025-09-12 16:42:45 - [BENIGN] - DEBUG - Generated TCP SYN from h3:53616 -> h5:12345 [len=54B]
2025-09-12 16:42:46 - [BENIGN] - DEBUG - Generated TCP SYN-ACK from h5:12345 <- h3:53616 [len=54B]
2025-09-12 16:42:47 - [BENIGN] - DEBUG - Generated TCP ACK from h3:53616 -> h5:12345 [len=54B]
2025-09-12 16:42:47 - [BENIGN] - DEBUG - Generated TCP data traffic from h3:53616 -> h5:12345 [content='TCP data'] [Session 1] [len=620B]
2025-09-12 16:42:48 - [BENIGN] - DEBUG - Generated TCP ACK reply from h5:12345 <- h3:53616 [len=54B]
2025-09-12 16:42:48 - [BENIGN] - DEBUG - Generated UDP traffic from h3:25595 -> h5:12346 [content='b9481212c7f641ea14c4361eb46c218d9e5a6783...'] [Session 2] [len=892B]
2025-09-12 16:42:49 - [BENIGN] - DEBUG - Generated Telnet SYN from h3:46580 -> h5:23 [len=54B]
2025-09-12 16:42:50 - [BENIGN] - DEBUG - Generated Telnet SYN-ACK from h5:23 <- h3:46580 [len=54B]
2025-09-12 16:42:50 - [BENIGN] - DEBUG - Generated Telnet ACK from h3:46580 -> h5:23 [len=54B]
2025-09-12 16:42:51 - [BENIGN] - DEBUG - Generated Telnet data traffic from h3:46580 -> h5:23 [content='Telnet command'] [Session 3] [len=559B]
2025-09-12 16:42:52 - [BENIGN] - DEBUG - Generated Telnet ACK reply from h5:23 <- h3:46580 [len=54B]
2025-09-12 16:42:52 - [BENIGN] - DEBUG - Generated SSH SYN from h3:16032 -> h5:22 [len=54B]
2025-09-12 16:42:53 - [BENIGN] - DEBUG - Generated SSH SYN-ACK from h5:22 <- h3:16032 [len=54B]
2025-09-12 16:42:54 - [BENIGN] - DEBUG - Generated SSH ACK from h3:16032 -> h5:22 [len=54B]
2025-09-12 16:42:54 - [BENIGN] - DEBUG - Generated SSH data traffic from h3:16032 -> h5:22 [content='SSH encrypted data'] [Session 4] [len=540B]
2025-09-12 16:42:55 - [BENIGN] - DEBUG - Generated SSH ACK reply from h5:22 <- h3:16032 [len=54B]
2025-09-12 16:42:56 - [BENIGN] - DEBUG - Generated FTP SYN from h3:65492 -> h5:21 [len=54B]
2025-09-12 16:42:56 - [BENIGN] - DEBUG - Generated FTP SYN-ACK from h5:21 <- h3:65492 [len=54B]
2025-09-12 16:42:57 - [BENIGN] - DEBUG - Generated FTP ACK from h3:65492 -> h5:21 [len=54B]
2025-09-12 16:42:58 - [BENIGN] - DEBUG - Generated FTP data traffic from h3:65492 -> h5:21 [content='FTP file transfer'] [Session 5] [len=1358B]
2025-09-12 16:42:58 - [BENIGN] - DEBUG - Generated FTP ACK reply from h5:21 <- h3:65492 [len=54B]
2025-09-12 16:42:59 - [BENIGN] - DEBUG - Generated HTTP SYN from h3:42160 -> h5:80 [len=54B]
2025-09-12 16:43:00 - [BENIGN] - DEBUG - Generated HTTP SYN-ACK from h5:80 <- h3:42160 [len=54B]
2025-09-12 16:43:00 - [BENIGN] - DEBUG - Generated HTTP ACK from h3:42160 -> h5:80 [len=54B]
2025-09-12 16:43:01 - [BENIGN] - DEBUG - Generated HTTP data traffic from h3:42160 -> h5:80 [content='GET /index.html HTTP/1.1'] [Session 6] [len=620B]
2025-09-12 16:43:02 - [BENIGN] - DEBUG - Generated HTTP ACK reply from h5:80 <- h3:42160 [len=54B]
2025-09-12 16:43:02 - [BENIGN] - DEBUG - Generated HTTPS SYN from h3:50801 -> h5:443 [len=54B]
2025-09-12 16:43:03 - [BENIGN] - DEBUG - Generated HTTPS SYN-ACK from h5:443 <- h3:50801 [len=54B]
2025-09-12 16:43:04 - [BENIGN] - DEBUG - Generated HTTPS ACK from h3:50801 -> h5:443 [len=54B]
2025-09-12 16:43:04 - [BENIGN] - DEBUG - Generated HTTPS data traffic from h3:50801 -> h5:443 [content='Encrypted Application Data'] [Session 7] [len=708B]
2025-09-12 16:43:05 - [BENIGN] - DEBUG - Generated HTTPS ACK reply from h5:443 <- h3:50801 [len=54B]
2025-09-12 16:43:06 - [BENIGN] - DEBUG - Generated DNS query from h3:22625 -> h5:53 [qname='example.com'] [Session 8] [len=71B]
2025-09-12 16:43:06 - [BENIGN] - DEBUG - Generated ICMP traffic h2↔h5 1 [len=84B]
2025-09-12 16:43:06 - [BENIGN] - DEBUG - Generated TCP SYN from h3:50352 -> h5:12345 [len=54B]
2025-09-12 16:43:07 - [BENIGN] - DEBUG - Generated TCP SYN-ACK from h5:12345 <- h3:50352 [len=54B]
2025-09-12 16:43:08 - [BENIGN] - DEBUG - Generated TCP ACK from h3:50352 -> h5:12345 [len=54B]
2025-09-12 16:43:08 - [BENIGN] - DEBUG - Generated TCP data traffic from h3:50352 -> h5:12345 [content='TCP data'] [Session 9] [len=998B]
2025-09-12 16:43:09 - [BENIGN] - DEBUG - Generated TCP ACK reply from h5:12345 <- h3:50352 [len=54B]
2025-09-12 16:43:10 - [BENIGN] - DEBUG - Generated UDP traffic from h3:54932 -> h5:12346 [content='d109e956217e5d656c8d9f3dfd08a076e82f8c0a...'] [Session 10] [len=271B]
2025-09-12 16:43:10 - [BENIGN] - DEBUG - Generated Telnet SYN from h3:53934 -> h5:23 [len=54B]
2025-09-12 16:43:11 - [BENIGN] - DEBUG - Generated Telnet SYN-ACK from h5:23 <- h3:53934 [len=54B]
2025-09-12 16:43:12 - [BENIGN] - DEBUG - Generated Telnet ACK from h3:53934 -> h5:23 [len=54B]
2025-09-12 16:43:12 - [BENIGN] - DEBUG - Generated Telnet data traffic from h3:53934 -> h5:23 [content='Telnet command'] [Session 11] [len=1369B]
2025-09-12 16:43:13 - [BENIGN] - DEBUG - Generated Telnet ACK reply from h5:23 <- h3:53934 [len=54B]
2025-09-12 16:43:13 - [BENIGN] - DEBUG - Generated SSH SYN from h3:45966 -> h5:22 [len=54B]
2025-09-12 16:43:14 - [BENIGN] - DEBUG - Generated SSH SYN-ACK from h5:22 <- h3:45966 [len=54B]
2025-09-12 16:43:15 - [BENIGN] - DEBUG - Generated SSH ACK from h3:45966 -> h5:22 [len=54B]
2025-09-12 16:43:15 - [BENIGN] - DEBUG - Generated SSH data traffic from h3:45966 -> h5:22 [content='SSH encrypted data'] [Session 12] [len=615B]
2025-09-12 16:43:16 - [BENIGN] - DEBUG - Generated SSH ACK reply from h5:22 <- h3:45966 [len=54B]
2025-09-12 16:43:17 - [BENIGN] - DEBUG - Generated FTP SYN from h3:62474 -> h5:21 [len=54B]
2025-09-12 16:43:17 - [BENIGN] - DEBUG - Generated FTP SYN-ACK from h5:21 <- h3:62474 [len=54B]
2025-09-12 16:43:18 - [BENIGN] - DEBUG - Generated FTP ACK from h3:62474 -> h5:21 [len=54B]
2025-09-12 16:43:19 - [BENIGN] - DEBUG - Generated FTP data traffic from h3:62474 -> h5:21 [content='FTP file transfer'] [Session 13] [len=1548B]
2025-09-12 16:43:19 - [BENIGN] - DEBUG - Generated FTP ACK reply from h5:21 <- h3:62474 [len=54B]
2025-09-12 16:43:20 - [BENIGN] - DEBUG - Generated HTTP SYN from h3:64268 -> h5:80 [len=54B]
2025-09-12 16:43:21 - [BENIGN] - DEBUG - Generated HTTP SYN-ACK from h5:80 <- h3:64268 [len=54B]
2025-09-12 16:43:21 - [BENIGN] - DEBUG - Generated HTTP ACK from h3:64268 -> h5:80 [len=54B]
2025-09-12 16:43:22 - [BENIGN] - DEBUG - Generated HTTP data traffic from h3:64268 -> h5:80 [content='GET /index.html HTTP/1.1'] [Session 14] [len=282B]
2025-09-12 16:43:23 - [BENIGN] - DEBUG - Generated HTTP ACK reply from h5:80 <- h3:64268 [len=54B]
2025-09-12 16:43:23 - [BENIGN] - DEBUG - Generated HTTPS SYN from h3:43185 -> h5:443 [len=54B]
2025-09-12 16:43:24 - [BENIGN] - DEBUG - Generated HTTPS SYN-ACK from h5:443 <- h3:43185 [len=54B]
2025-09-12 16:43:24 - [BENIGN] - DEBUG - Generated HTTPS ACK from h3:43185 -> h5:443 [len=54B]
2025-09-12 16:43:25 - [BENIGN] - DEBUG - Generated HTTPS data traffic from h3:43185 -> h5:443 [content='Encrypted Application Data'] [Session 15] [len=319B]
2025-09-12 16:43:26 - [BENIGN] - DEBUG - Generated HTTPS ACK reply from h5:443 <- h3:43185 [len=54B]
2025-09-12 16:43:26 - [BENIGN] - DEBUG - Generated DNS query from h3:43199 -> h5:53 [qname='example.com'] [Session 16] [len=71B]
2025-09-12 16:43:26 - [BENIGN] - DEBUG - Generated ICMP traffic h2↔h5 2 [len=84B]
2025-09-12 16:43:27 - [BENIGN] - DEBUG - Generated TCP SYN from h3:26403 -> h5:12345 [len=54B]
2025-09-12 16:43:28 - [BENIGN] - DEBUG - Generated TCP SYN-ACK from h5:12345 <- h3:26403 [len=54B]
2025-09-12 16:43:28 - [BENIGN] - DEBUG - Generated TCP ACK from h3:26403 -> h5:12345 [len=54B]
2025-09-12 16:43:29 - [BENIGN] - DEBUG - Generated TCP data traffic from h3:26403 -> h5:12345 [content='TCP data'] [Session 17] [len=1107B]
2025-09-12 16:43:30 - [BENIGN] - DEBUG - Generated TCP ACK reply from h5:12345 <- h3:26403 [len=54B]
2025-09-12 16:43:30 - [BENIGN] - DEBUG - Generated UDP traffic from h3:48108 -> h5:12346 [content='238ffd90cbb3a2584a425e16500185cb0dd27a19...'] [Session 18] [len=1507B]
2025-09-12 16:43:31 - [BENIGN] - DEBUG - Generated Telnet SYN from h3:62596 -> h5:23 [len=54B]
2025-09-12 16:43:32 - [BENIGN] - DEBUG - Generated Telnet SYN-ACK from h5:23 <- h3:62596 [len=54B]
2025-09-12 16:43:32 - [BENIGN] - DEBUG - Generated Telnet ACK from h3:62596 -> h5:23 [len=54B]
2025-09-12 16:43:33 - [BENIGN] - DEBUG - Generated Telnet data traffic from h3:62596 -> h5:23 [content='Telnet command'] [Session 19] [len=1030B]
2025-09-12 16:43:34 - [BENIGN] - DEBUG - Generated Telnet ACK reply from h5:23 <- h3:62596 [len=54B]
2025-09-12 16:43:34 - [BENIGN] - DEBUG - Generated SSH SYN from h3:37464 -> h5:22 [len=54B]
2025-09-12 16:43:35 - [BENIGN] - DEBUG - Generated SSH SYN-ACK from h5:22 <- h3:37464 [len=54B]
2025-09-12 16:43:35 - [BENIGN] - DEBUG - Generated SSH ACK from h3:37464 -> h5:22 [len=54B]
2025-09-12 16:43:36 - [BENIGN] - DEBUG - Generated SSH data traffic from h3:37464 -> h5:22 [content='SSH encrypted data'] [Session 20] [len=155B]
2025-09-12 16:43:37 - [BENIGN] - DEBUG - Generated SSH ACK reply from h5:22 <- h3:37464 [len=54B]
2025-09-12 16:43:37 - [BENIGN] - DEBUG - Generated FTP SYN from h3:46212 -> h5:21 [len=54B]
2025-09-12 16:43:38 - [BENIGN] - DEBUG - Generated FTP SYN-ACK from h5:21 <- h3:46212 [len=54B]
2025-09-12 16:43:39 - [BENIGN] - DEBUG - Generated FTP ACK from h3:46212 -> h5:21 [len=54B]
2025-09-12 16:43:39 - [BENIGN] - DEBUG - Generated FTP data traffic from h3:46212 -> h5:21 [content='FTP file transfer'] [Session 21] [len=1513B]
2025-09-12 16:43:40 - [BENIGN] - DEBUG - Generated FTP ACK reply from h5:21 <- h3:46212 [len=54B]
2025-09-12 16:43:41 - [BENIGN] - DEBUG - Generated HTTP SYN from h3:33669 -> h5:80 [len=54B]
2025-09-12 16:43:41 - [BENIGN] - DEBUG - Generated HTTP SYN-ACK from h5:80 <- h3:33669 [len=54B]
2025-09-12 16:43:42 - [BENIGN] - DEBUG - Generated HTTP ACK from h3:33669 -> h5:80 [len=54B]
2025-09-12 16:43:42 - [BENIGN] - DEBUG - Generated HTTP data traffic from h3:33669 -> h5:80 [content='GET /index.html HTTP/1.1'] [Session 22] [len=510B]
2025-09-12 16:43:43 - [BENIGN] - DEBUG - Generated HTTP ACK reply from h5:80 <- h3:33669 [len=54B]
2025-09-12 16:43:44 - [BENIGN] - DEBUG - Generated HTTPS SYN from h3:37085 -> h5:443 [len=54B]
2025-09-12 16:43:44 - [BENIGN] - DEBUG - Generated HTTPS SYN-ACK from h5:443 <- h3:37085 [len=54B]
2025-09-12 16:43:45 - [BENIGN] - DEBUG - Generated HTTPS ACK from h3:37085 -> h5:443 [len=54B]
2025-09-12 16:43:46 - [BENIGN] - DEBUG - Generated HTTPS data traffic from h3:37085 -> h5:443 [content='Encrypted Application Data'] [Session 23] [len=648B]
2025-09-12 16:43:46 - [BENIGN] - DEBUG - Generated HTTPS ACK reply from h5:443 <- h3:37085 [len=54B]
2025-09-12 16:43:47 - [BENIGN] - DEBUG - Generated DNS query from h3:17968 -> h5:53 [qname='example.com'] [Session 24] [len=71B]
2025-09-12 16:43:47 - [BENIGN] - DEBUG - Generated ICMP traffic h2↔h5 3 [len=84B]
2025-09-12 16:43:48 - [BENIGN] - DEBUG - Generated TCP SYN from h3:38536 -> h5:12345 [len=54B]
2025-09-12 16:43:48 - [BENIGN] - DEBUG - Generated TCP SYN-ACK from h5:12345 <- h3:38536 [len=54B]
2025-09-12 16:43:49 - [BENIGN] - DEBUG - Generated TCP ACK from h3:38536 -> h5:12345 [len=54B]
2025-09-12 16:43:50 - [BENIGN] - DEBUG - Generated TCP data traffic from h3:38536 -> h5:12345 [content='TCP data'] [Session 25] [len=1340B]
2025-09-12 16:43:50 - [BENIGN] - DEBUG - Generated TCP ACK reply from h5:12345 <- h3:38536 [len=54B]
2025-09-12 16:43:51 - [BENIGN] - DEBUG - Generated UDP traffic from h3:46531 -> h5:12346 [content='d27af887ef64d40219cc2bafcdda5992c52a5e93...'] [Session 26] [len=174B]
2025-09-12 16:43:51 - [BENIGN] - DEBUG - Generated Telnet SYN from h3:35889 -> h5:23 [len=54B]
2025-09-12 16:43:52 - [BENIGN] - DEBUG - Generated Telnet SYN-ACK from h5:23 <- h3:35889 [len=54B]
2025-09-12 16:43:53 - [BENIGN] - DEBUG - Generated Telnet ACK from h3:35889 -> h5:23 [len=54B]
2025-09-12 16:43:53 - [BENIGN] - DEBUG - Generated Telnet data traffic from h3:35889 -> h5:23 [content='Telnet command'] [Session 27] [len=1091B]
2025-09-12 16:43:54 - [BENIGN] - DEBUG - Generated Telnet ACK reply from h5:23 <- h3:35889 [len=54B]
2025-09-12 16:43:55 - [BENIGN] - DEBUG - Generated SSH SYN from h3:16828 -> h5:22 [len=54B]
2025-09-12 16:43:55 - [BENIGN] - DEBUG - Generated SSH SYN-ACK from h5:22 <- h3:16828 [len=54B]
2025-09-12 16:43:56 - [BENIGN] - DEBUG - Generated SSH ACK from h3:16828 -> h5:22 [len=54B]
2025-09-12 16:43:56 - [BENIGN] - DEBUG - Generated SSH data traffic from h3:16828 -> h5:22 [content='SSH encrypted data'] [Session 28] [len=105B]
2025-09-12 16:43:57 - [BENIGN] - DEBUG - Generated SSH ACK reply from h5:22 <- h3:16828 [len=54B]
2025-09-12 16:43:58 - [BENIGN] - DEBUG - Generated FTP SYN from h3:21197 -> h5:21 [len=54B]
2025-09-12 16:43:58 - [BENIGN] - DEBUG - Generated FTP SYN-ACK from h5:21 <- h3:21197 [len=54B]
2025-09-12 16:43:59 - [BENIGN] - DEBUG - Generated FTP ACK from h3:21197 -> h5:21 [len=54B]
2025-09-12 16:44:00 - [BENIGN] - DEBUG - Generated FTP data traffic from h3:21197 -> h5:21 [content='FTP file transfer'] [Session 29] [len=610B]
2025-09-12 16:44:00 - [BENIGN] - DEBUG - Generated FTP ACK reply from h5:21 <- h3:21197 [len=54B]
2025-09-12 16:44:01 - [BENIGN] - DEBUG - Generated HTTP SYN from h3:42752 -> h5:80 [len=54B]
2025-09-12 16:44:01 - [BENIGN] - DEBUG - Generated HTTP SYN-ACK from h5:80 <- h3:42752 [len=54B]
2025-09-12 16:44:02 - [BENIGN] - DEBUG - Generated HTTP ACK from h3:42752 -> h5:80 [len=54B]
2025-09-12 16:44:03 - [BENIGN] - DEBUG - Generated HTTP data traffic from h3:42752 -> h5:80 [content='GET /index.html HTTP/1.1'] [Session 30] [len=384B]
2025-09-12 16:44:03 - [BENIGN] - DEBUG - Generated HTTP ACK reply from h5:80 <- h3:42752 [len=54B]
2025-09-12 16:44:04 - [BENIGN] - DEBUG - Generated HTTPS SYN from h3:7401 -> h5:443 [len=54B]
2025-09-12 16:44:05 - [BENIGN] - DEBUG - Generated HTTPS SYN-ACK from h5:443 <- h3:7401 [len=54B]
2025-09-12 16:44:05 - [BENIGN] - DEBUG - Generated HTTPS ACK from h3:7401 -> h5:443 [len=54B]
2025-09-12 16:44:06 - [BENIGN] - DEBUG - Generated HTTPS data traffic from h3:7401 -> h5:443 [content='Encrypted Application Data'] [Session 31] [len=285B]
2025-09-12 16:44:07 - [BENIGN] - DEBUG - Generated HTTPS ACK reply from h5:443 <- h3:7401 [len=54B]
2025-09-12 16:44:07 - [BENIGN] - DEBUG - Generated DNS query from h3:59568 -> h5:53 [qname='example.com'] [Session 32] [len=71B]
2025-09-12 16:44:07 - [BENIGN] - DEBUG - Generated ICMP traffic h2↔h5 4 [len=84B]
2025-09-12 16:44:08 - [BENIGN] - DEBUG - Generated TCP SYN from h3:40821 -> h5:12345 [len=54B]
2025-09-12 16:44:09 - [BENIGN] - DEBUG - Generated TCP SYN-ACK from h5:12345 <- h3:40821 [len=54B]
2025-09-12 16:44:09 - [BENIGN] - DEBUG - Generated TCP ACK from h3:40821 -> h5:12345 [len=54B]
2025-09-12 16:44:10 - [BENIGN] - DEBUG - Generated TCP data traffic from h3:40821 -> h5:12345 [content='TCP data'] [Session 33] [len=620B]
2025-09-12 16:44:10 - [BENIGN] - DEBUG - Generated TCP ACK reply from h5:12345 <- h3:40821 [len=54B]
2025-09-12 16:44:11 - [BENIGN] - DEBUG - Generated UDP traffic from h3:34307 -> h5:12346 [content='18eedd00266cd717e19e28f0b4f0b2c30ad7c04c...'] [Session 34] [len=1126B]
2025-09-12 16:44:12 - [BENIGN] - DEBUG - Generated Telnet SYN from h3:48613 -> h5:23 [len=54B]
2025-09-12 16:44:12 - [BENIGN] - DEBUG - Generated Telnet SYN-ACK from h5:23 <- h3:48613 [len=54B]
2025-09-12 16:44:13 - [BENIGN] - DEBUG - Generated Telnet ACK from h3:48613 -> h5:23 [len=54B]
2025-09-12 16:44:14 - [BENIGN] - DEBUG - Generated Telnet data traffic from h3:48613 -> h5:23 [content='Telnet command'] [Session 35] [len=476B]
2025-09-12 16:44:14 - [BENIGN] - DEBUG - Generated Telnet ACK reply from h5:23 <- h3:48613 [len=54B]
2025-09-12 16:44:15 - [BENIGN] - DEBUG - Generated SSH SYN from h3:35342 -> h5:22 [len=54B]
2025-09-12 16:44:16 - [BENIGN] - DEBUG - Generated SSH SYN-ACK from h5:22 <- h3:35342 [len=54B]
2025-09-12 16:44:16 - [BENIGN] - DEBUG - Generated SSH ACK from h3:35342 -> h5:22 [len=54B]
2025-09-12 16:44:17 - [BENIGN] - DEBUG - Generated SSH data traffic from h3:35342 -> h5:22 [content='SSH encrypted data'] [Session 36] [len=455B]
2025-09-12 16:44:17 - [BENIGN] - DEBUG - Generated SSH ACK reply from h5:22 <- h3:35342 [len=54B]
2025-09-12 16:44:18 - [BENIGN] - DEBUG - Generated FTP SYN from h3:46171 -> h5:21 [len=54B]
2025-09-12 16:44:19 - [BENIGN] - DEBUG - Generated FTP SYN-ACK from h5:21 <- h3:46171 [len=54B]
2025-09-12 16:44:19 - [BENIGN] - DEBUG - Generated FTP ACK from h3:46171 -> h5:21 [len=54B]
2025-09-12 16:44:20 - [BENIGN] - DEBUG - Generated FTP data traffic from h3:46171 -> h5:21 [content='FTP file transfer'] [Session 37] [len=797B]
2025-09-12 16:44:21 - [BENIGN] - DEBUG - Generated FTP ACK reply from h5:21 <- h3:46171 [len=54B]
2025-09-12 16:44:21 - [BENIGN] - DEBUG - Generated HTTP SYN from h3:46247 -> h5:80 [len=54B]
2025-09-12 16:44:22 - [BENIGN] - DEBUG - Generated HTTP SYN-ACK from h5:80 <- h3:46247 [len=54B]
2025-09-12 16:44:23 - [BENIGN] - DEBUG - Generated HTTP ACK from h3:46247 -> h5:80 [len=54B]
2025-09-12 16:44:23 - [BENIGN] - DEBUG - Generated HTTP data traffic from h3:46247 -> h5:80 [content='GET /index.html HTTP/1.1'] [Session 38] [len=646B]
2025-09-12 16:44:24 - [BENIGN] - DEBUG - Generated HTTP ACK reply from h5:80 <- h3:46247 [len=54B]
2025-09-12 16:44:24 - [BENIGN] - DEBUG - Generated HTTPS SYN from h3:34349 -> h5:443 [len=54B]
2025-09-12 16:44:25 - [BENIGN] - DEBUG - Generated HTTPS SYN-ACK from h5:443 <- h3:34349 [len=54B]
2025-09-12 16:44:26 - [BENIGN] - DEBUG - Generated HTTPS ACK from h3:34349 -> h5:443 [len=54B]
2025-09-12 16:44:26 - [BENIGN] - DEBUG - Generated HTTPS data traffic from h3:34349 -> h5:443 [content='Encrypted Application Data'] [Session 39] [len=471B]
2025-09-12 16:44:27 - [BENIGN] - DEBUG - Generated HTTPS ACK reply from h5:443 <- h3:34349 [len=54B]
2025-09-12 16:44:28 - [BENIGN] - DEBUG - Generated DNS query from h3:51143 -> h5:53 [qname='example.com'] [Session 40] [len=71B]
2025-09-12 16:44:28 - [BENIGN] - DEBUG - Generated ICMP traffic h2↔h5 5 [len=84B]
2025-09-12 16:44:28 - [BENIGN] - DEBUG - Generated TCP SYN from h3:33600 -> h5:12345 [len=54B]
2025-09-12 16:44:29 - [BENIGN] - DEBUG - Generated TCP SYN-ACK from h5:12345 <- h3:33600 [len=54B]
2025-09-12 16:44:30 - [BENIGN] - DEBUG - Generated TCP ACK from h3:33600 -> h5:12345 [len=54B]
2025-09-12 16:44:30 - [BENIGN] - DEBUG - Generated TCP data traffic from h3:33600 -> h5:12345 [content='TCP data'] [Session 41] [len=1456B]
2025-09-12 16:44:31 - [BENIGN] - DEBUG - Generated TCP ACK reply from h5:12345 <- h3:33600 [len=54B]
2025-09-12 16:44:31 - [BENIGN] - DEBUG - Generated UDP traffic from h3:54607 -> h5:12346 [content='b61f11f8bc644f5279546c293af4a8176d8c9ea3...'] [Session 42] [len=598B]
2025-09-12 16:44:32 - [BENIGN] - DEBUG - Generated Telnet SYN from h3:13968 -> h5:23 [len=54B]
2025-09-12 16:44:33 - [BENIGN] - DEBUG - Generated Telnet SYN-ACK from h5:23 <- h3:13968 [len=54B]
2025-09-12 16:44:33 - [BENIGN] - DEBUG - Generated Telnet ACK from h3:13968 -> h5:23 [len=54B]
2025-09-12 16:44:34 - [BENIGN] - DEBUG - Generated Telnet data traffic from h3:13968 -> h5:23 [content='Telnet command'] [Session 43] [len=827B]
2025-09-12 16:44:35 - [BENIGN] - DEBUG - Generated Telnet ACK reply from h5:23 <- h3:13968 [len=54B]
2025-09-12 16:44:35 - [BENIGN] - DEBUG - Generated SSH SYN from h3:2675 -> h5:22 [len=54B]
2025-09-12 16:44:36 - [BENIGN] - DEBUG - Generated SSH SYN-ACK from h5:22 <- h3:2675 [len=54B]
2025-09-12 16:44:36 - [BENIGN] - DEBUG - Generated SSH ACK from h3:2675 -> h5:22 [len=54B]
2025-09-12 16:44:37 - [BENIGN] - DEBUG - Generated SSH data traffic from h3:2675 -> h5:22 [content='SSH encrypted data'] [Session 44] [len=131B]
2025-09-12 16:44:38 - [BENIGN] - DEBUG - Generated SSH ACK reply from h5:22 <- h3:2675 [len=54B]
2025-09-12 16:44:38 - [BENIGN] - DEBUG - Generated FTP SYN from h3:17755 -> h5:21 [len=54B]
2025-09-12 16:44:39 - [BENIGN] - DEBUG - Generated FTP SYN-ACK from h5:21 <- h3:17755 [len=54B]
2025-09-12 16:44:40 - [BENIGN] - DEBUG - Generated FTP ACK from h3:17755 -> h5:21 [len=54B]
2025-09-12 16:44:40 - [BENIGN] - DEBUG - Generated FTP data traffic from h3:17755 -> h5:21 [content='FTP file transfer'] [Session 45] [len=799B]
2025-09-12 16:44:41 - [BENIGN] - DEBUG - Generated FTP ACK reply from h5:21 <- h3:17755 [len=54B]
2025-09-12 16:44:41 - [BENIGN] - DEBUG - Generated HTTP SYN from h3:26753 -> h5:80 [len=54B]
2025-09-12 16:44:42 - [BENIGN] - DEBUG - Generated HTTP SYN-ACK from h5:80 <- h3:26753 [len=54B]
2025-09-12 16:44:43 - [BENIGN] - DEBUG - Generated HTTP ACK from h3:26753 -> h5:80 [len=54B]
2025-09-12 16:44:43 - [BENIGN] - DEBUG - Generated HTTP data traffic from h3:26753 -> h5:80 [content='GET /index.html HTTP/1.1'] [Session 46] [len=411B]
2025-09-12 16:44:44 - [BENIGN] - DEBUG - Generated HTTP ACK reply from h5:80 <- h3:26753 [len=54B]
2025-09-12 16:44:45 - [BENIGN] - DEBUG - Generated HTTPS SYN from h3:34980 -> h5:443 [len=54B]
2025-09-12 16:44:45 - [BENIGN] - DEBUG - Generated HTTPS SYN-ACK from h5:443 <- h3:34980 [len=54B]
2025-09-12 16:44:46 - [BENIGN] - DEBUG - Generated HTTPS ACK from h3:34980 -> h5:443 [len=54B]
2025-09-12 16:44:46 - [BENIGN] - DEBUG - Generated HTTPS data traffic from h3:34980 -> h5:443 [content='Encrypted Application Data'] [Session 47] [len=208B]
2025-09-12 16:44:47 - [BENIGN] - DEBUG - Generated HTTPS ACK reply from h5:443 <- h3:34980 [len=54B]
2025-09-12 16:44:48 - [BENIGN] - DEBUG - Generated DNS query from h3:23741 -> h5:53 [qname='example.com'] [Session 48] [len=71B]
2025-09-12 16:44:48 - [BENIGN] - DEBUG - Generated ICMP traffic h2↔h5 6 [len=84B]
2025-09-12 16:44:48 - [BENIGN] - DEBUG - Generated TCP SYN from h3:52486 -> h5:12345 [len=54B]
2025-09-12 16:44:49 - [BENIGN] - DEBUG - Generated TCP SYN-ACK from h5:12345 <- h3:52486 [len=54B]
2025-09-12 16:44:50 - [BENIGN] - DEBUG - Generated TCP ACK from h3:52486 -> h5:12345 [len=54B]
2025-09-12 16:44:50 - [BENIGN] - DEBUG - Generated TCP data traffic from h3:52486 -> h5:12345 [content='TCP data'] [Session 49] [len=291B]
2025-09-12 16:44:51 - [BENIGN] - DEBUG - Generated TCP ACK reply from h5:12345 <- h3:52486 [len=54B]
2025-09-12 16:44:52 - [BENIGN] - DEBUG - Generated UDP traffic from h3:19571 -> h5:12346 [content='ddfd1cefcec91e666d519adc52b3571cb9c6903c...'] [Session 50] [len=154B]
2025-09-12 16:44:52 - [BENIGN] - DEBUG - Generated Telnet SYN from h3:50235 -> h5:23 [len=54B]
2025-09-12 16:44:53 - [BENIGN] - DEBUG - Generated Telnet SYN-ACK from h5:23 <- h3:50235 [len=54B]
2025-09-12 16:44:53 - [BENIGN] - DEBUG - Generated Telnet ACK from h3:50235 -> h5:23 [len=54B]
2025-09-12 16:44:54 - [BENIGN] - DEBUG - Generated Telnet data traffic from h3:50235 -> h5:23 [content='Telnet command'] [Session 51] [len=560B]
2025-09-12 16:44:55 - [BENIGN] - DEBUG - Generated Telnet ACK reply from h5:23 <- h3:50235 [len=54B]
2025-09-12 16:44:55 - [BENIGN] - DEBUG - Generated SSH SYN from h3:39416 -> h5:22 [len=54B]
2025-09-12 16:44:56 - [BENIGN] - DEBUG - Generated SSH SYN-ACK from h5:22 <- h3:39416 [len=54B]
2025-09-12 16:44:57 - [BENIGN] - DEBUG - Generated SSH ACK from h3:39416 -> h5:22 [len=54B]
2025-09-12 16:44:57 - [BENIGN] - DEBUG - Generated SSH data traffic from h3:39416 -> h5:22 [content='SSH encrypted data'] [Session 52] [len=423B]
2025-09-12 16:44:58 - [BENIGN] - DEBUG - Generated SSH ACK reply from h5:22 <- h3:39416 [len=54B]
2025-09-12 16:44:58 - [BENIGN] - DEBUG - Generated FTP SYN from h3:63497 -> h5:21 [len=54B]
2025-09-12 16:44:59 - [BENIGN] - DEBUG - Generated FTP SYN-ACK from h5:21 <- h3:63497 [len=54B]
2025-09-12 16:45:00 - [BENIGN] - DEBUG - Generated FTP ACK from h3:63497 -> h5:21 [len=54B]
2025-09-12 16:45:00 - [BENIGN] - DEBUG - Generated FTP data traffic from h3:63497 -> h5:21 [content='FTP file transfer'] [Session 53] [len=122B]
2025-09-12 16:45:01 - [BENIGN] - DEBUG - Generated FTP ACK reply from h5:21 <- h3:63497 [len=54B]
2025-09-12 16:45:02 - [BENIGN] - DEBUG - Generated HTTP SYN from h3:59654 -> h5:80 [len=54B]
2025-09-12 16:45:02 - [BENIGN] - DEBUG - Generated HTTP SYN-ACK from h5:80 <- h3:59654 [len=54B]
2025-09-12 16:45:03 - [BENIGN] - DEBUG - Generated HTTP ACK from h3:59654 -> h5:80 [len=54B]
2025-09-12 16:45:03 - [BENIGN] - DEBUG - Generated HTTP data traffic from h3:59654 -> h5:80 [content='GET /index.html HTTP/1.1'] [Session 54] [len=437B]
2025-09-12 16:45:04 - [BENIGN] - DEBUG - Generated HTTP ACK reply from h5:80 <- h3:59654 [len=54B]
2025-09-12 16:45:05 - [BENIGN] - DEBUG - Generated HTTPS SYN from h3:55221 -> h5:443 [len=54B]
2025-09-12 16:45:05 - [BENIGN] - DEBUG - Generated HTTPS SYN-ACK from h5:443 <- h3:55221 [len=54B]
2025-09-12 16:45:06 - [BENIGN] - DEBUG - Generated HTTPS ACK from h3:55221 -> h5:443 [len=54B]
2025-09-12 16:45:07 - [BENIGN] - DEBUG - Generated HTTPS data traffic from h3:55221 -> h5:443 [content='Encrypted Application Data'] [Session 55] [len=539B]
2025-09-12 16:45:07 - [BENIGN] - DEBUG - Generated HTTPS ACK reply from h5:443 <- h3:55221 [len=54B]
2025-09-12 16:45:08 - [BENIGN] - DEBUG - Generated DNS query from h3:57479 -> h5:53 [qname='example.com'] [Session 56] [len=71B]
2025-09-12 16:45:08 - [BENIGN] - DEBUG - Generated ICMP traffic h2↔h5 7 [len=84B]
2025-09-12 16:45:09 - [BENIGN] - DEBUG - Generated TCP SYN from h3:29918 -> h5:12345 [len=54B]
2025-09-12 16:45:09 - [BENIGN] - DEBUG - Generated TCP SYN-ACK from h5:12345 <- h3:29918 [len=54B]
2025-09-12 16:45:10 - [BENIGN] - DEBUG - Generated TCP ACK from h3:29918 -> h5:12345 [len=54B]
2025-09-12 16:45:10 - [BENIGN] - DEBUG - Generated TCP data traffic from h3:29918 -> h5:12345 [content='TCP data'] [Session 57] [len=810B]
2025-09-12 16:45:11 - [BENIGN] - DEBUG - Generated TCP ACK reply from h5:12345 <- h3:29918 [len=54B]
2025-09-12 16:45:12 - [BENIGN] - DEBUG - Generated UDP traffic from h3:13529 -> h5:12346 [content='5d6a733448f4d7f837003b9775899dd27b51384a...'] [Session 58] [len=1234B]
2025-09-12 16:45:12 - [BENIGN] - DEBUG - Generated Telnet SYN from h3:39145 -> h5:23 [len=54B]
2025-09-12 16:45:13 - [BENIGN] - DEBUG - Generated Telnet SYN-ACK from h5:23 <- h3:39145 [len=54B]
2025-09-12 16:45:14 - [BENIGN] - DEBUG - Generated Telnet ACK from h3:39145 -> h5:23 [len=54B]
2025-09-12 16:45:14 - [BENIGN] - DEBUG - Generated Telnet data traffic from h3:39145 -> h5:23 [content='Telnet command'] [Session 59] [len=1541B]
2025-09-12 16:45:15 - [BENIGN] - DEBUG - Generated Telnet ACK reply from h5:23 <- h3:39145 [len=54B]
2025-09-12 16:45:15 - [BENIGN] - DEBUG - Generated SSH SYN from h3:25341 -> h5:22 [len=54B]
2025-09-12 16:45:16 - [BENIGN] - DEBUG - Generated SSH SYN-ACK from h5:22 <- h3:25341 [len=54B]
2025-09-12 16:45:17 - [BENIGN] - DEBUG - Generated SSH ACK from h3:25341 -> h5:22 [len=54B]
2025-09-12 16:45:17 - [BENIGN] - DEBUG - Generated SSH data traffic from h3:25341 -> h5:22 [content='SSH encrypted data'] [Session 60] [len=622B]
2025-09-12 16:45:18 - [BENIGN] - DEBUG - Generated SSH ACK reply from h5:22 <- h3:25341 [len=54B]
2025-09-12 16:45:19 - [BENIGN] - DEBUG - Generated FTP SYN from h3:2740 -> h5:21 [len=54B]
2025-09-12 16:45:19 - [BENIGN] - DEBUG - Generated FTP SYN-ACK from h5:21 <- h3:2740 [len=54B]
2025-09-12 16:45:20 - [BENIGN] - DEBUG - Generated FTP ACK from h3:2740 -> h5:21 [len=54B]
2025-09-12 16:45:21 - [BENIGN] - DEBUG - Generated FTP data traffic from h3:2740 -> h5:21 [content='FTP file transfer'] [Session 61] [len=451B]
2025-09-12 16:45:21 - [BENIGN] - DEBUG - Generated FTP ACK reply from h5:21 <- h3:2740 [len=54B]
2025-09-12 16:45:22 - [BENIGN] - DEBUG - Generated HTTP SYN from h3:2204 -> h5:80 [len=54B]
2025-09-12 16:45:22 - [BENIGN] - DEBUG - Generated HTTP SYN-ACK from h5:80 <- h3:2204 [len=54B]
2025-09-12 16:45:23 - [BENIGN] - DEBUG - Generated HTTP ACK from h3:2204 -> h5:80 [len=54B]
2025-09-12 16:45:24 - [BENIGN] - DEBUG - Generated HTTP data traffic from h3:2204 -> h5:80 [content='GET /index.html HTTP/1.1'] [Session 62] [len=622B]
2025-09-12 16:45:24 - [BENIGN] - DEBUG - Generated HTTP ACK reply from h5:80 <- h3:2204 [len=54B]
2025-09-12 16:45:25 - [BENIGN] - DEBUG - Generated HTTPS SYN from h3:27510 -> h5:443 [len=54B]
2025-09-12 16:45:26 - [BENIGN] - DEBUG - Generated HTTPS SYN-ACK from h5:443 <- h3:27510 [len=54B]
2025-09-12 16:45:26 - [BENIGN] - DEBUG - Generated HTTPS ACK from h3:27510 -> h5:443 [len=54B]
2025-09-12 16:45:27 - [BENIGN] - DEBUG - Generated HTTPS data traffic from h3:27510 -> h5:443 [content='Encrypted Application Data'] [Session 63] [len=686B]
2025-09-12 16:45:28 - [BENIGN] - DEBUG - Generated HTTPS ACK reply from h5:443 <- h3:27510 [len=54B]
2025-09-12 16:45:28 - [BENIGN] - DEBUG - Generated DNS query from h3:54471 -> h5:53 [qname='example.com'] [Session 64] [len=71B]
2025-09-12 16:45:28 - [BENIGN] - DEBUG - Generated ICMP traffic h2↔h5 8 [len=84B]
2025-09-12 16:45:29 - [BENIGN] - DEBUG - Generated TCP SYN from h3:22675 -> h5:12345 [len=54B]
2025-09-12 16:45:30 - [BENIGN] - DEBUG - Generated TCP SYN-ACK from h5:12345 <- h3:22675 [len=54B]
2025-09-12 16:45:30 - [BENIGN] - DEBUG - Generated TCP ACK from h3:22675 -> h5:12345 [len=54B]
2025-09-12 16:45:31 - [BENIGN] - DEBUG - Generated TCP data traffic from h3:22675 -> h5:12345 [content='TCP data'] [Session 65] [len=1240B]
2025-09-12 16:45:31 - [BENIGN] - DEBUG - Generated TCP ACK reply from h5:12345 <- h3:22675 [len=54B]
2025-09-12 16:45:32 - [BENIGN] - DEBUG - Generated UDP traffic from h3:39433 -> h5:12346 [content='d097ef17aff97beac2bc8feeacecf73e74746885...'] [Session 66] [len=1157B]
2025-09-12 16:45:33 - [BENIGN] - DEBUG - Generated Telnet SYN from h3:52905 -> h5:23 [len=54B]
2025-09-12 16:45:33 - [BENIGN] - DEBUG - Generated Telnet SYN-ACK from h5:23 <- h3:52905 [len=54B]
2025-09-12 16:45:34 - [BENIGN] - DEBUG - Generated Telnet ACK from h3:52905 -> h5:23 [len=54B]
2025-09-12 16:45:35 - [BENIGN] - DEBUG - Generated Telnet data traffic from h3:52905 -> h5:23 [content='Telnet command'] [Session 67] [len=1229B]
2025-09-12 16:45:35 - [BENIGN] - DEBUG - Generated Telnet ACK reply from h5:23 <- h3:52905 [len=54B]
2025-09-12 16:45:36 - [BENIGN] - DEBUG - Generated SSH SYN from h3:5070 -> h5:22 [len=54B]
2025-09-12 16:45:36 - [BENIGN] - DEBUG - Generated SSH SYN-ACK from h5:22 <- h3:5070 [len=54B]
2025-09-12 16:45:37 - [BENIGN] - DEBUG - Generated SSH ACK from h3:5070 -> h5:22 [len=54B]
2025-09-12 16:45:38 - [BENIGN] - DEBUG - Generated SSH data traffic from h3:5070 -> h5:22 [content='SSH encrypted data'] [Session 68] [len=657B]
2025-09-12 16:45:38 - [BENIGN] - DEBUG - Generated SSH ACK reply from h5:22 <- h3:5070 [len=54B]
2025-09-12 16:45:39 - [BENIGN] - DEBUG - Generated FTP SYN from h3:29206 -> h5:21 [len=54B]
2025-09-12 16:45:40 - [BENIGN] - DEBUG - Generated FTP SYN-ACK from h5:21 <- h3:29206 [len=54B]
2025-09-12 16:45:40 - [BENIGN] - DEBUG - Generated FTP ACK from h3:29206 -> h5:21 [len=54B]
2025-09-12 16:45:41 - [BENIGN] - DEBUG - Generated FTP data traffic from h3:29206 -> h5:21 [content='FTP file transfer'] [Session 69] [len=545B]
2025-09-12 16:45:41 - [BENIGN] - DEBUG - Generated FTP ACK reply from h5:21 <- h3:29206 [len=54B]
2025-09-12 16:45:42 - [BENIGN] - DEBUG - Generated HTTP SYN from h3:20132 -> h5:80 [len=54B]
2025-09-12 16:45:43 - [BENIGN] - DEBUG - Generated HTTP SYN-ACK from h5:80 <- h3:20132 [len=54B]
2025-09-12 16:45:43 - [BENIGN] - DEBUG - Generated HTTP ACK from h3:20132 -> h5:80 [len=54B]
2025-09-12 16:45:44 - [BENIGN] - DEBUG - Generated HTTP data traffic from h3:20132 -> h5:80 [content='GET /index.html HTTP/1.1'] [Session 70] [len=547B]
2025-09-12 16:45:45 - [BENIGN] - DEBUG - Generated HTTP ACK reply from h5:80 <- h3:20132 [len=54B]
2025-09-12 16:45:45 - [BENIGN] - DEBUG - Generated HTTPS SYN from h3:4746 -> h5:443 [len=54B]
2025-09-12 16:45:46 - [BENIGN] - DEBUG - Generated HTTPS SYN-ACK from h5:443 <- h3:4746 [len=54B]
2025-09-12 16:45:46 - [BENIGN] - DEBUG - Generated HTTPS ACK from h3:4746 -> h5:443 [len=54B]
2025-09-12 16:45:47 - [BENIGN] - DEBUG - Generated HTTPS data traffic from h3:4746 -> h5:443 [content='Encrypted Application Data'] [Session 71] [len=593B]
2025-09-12 16:45:48 - [BENIGN] - DEBUG - Generated HTTPS ACK reply from h5:443 <- h3:4746 [len=54B]
2025-09-12 16:45:48 - [BENIGN] - DEBUG - Generated DNS query from h3:54885 -> h5:53 [qname='example.com'] [Session 72] [len=71B]
2025-09-12 16:45:48 - [BENIGN] - DEBUG - Generated ICMP traffic h2↔h5 9 [len=84B]
2025-09-12 16:45:49 - [BENIGN] - DEBUG - Generated TCP SYN from h3:39170 -> h5:12345 [len=54B]
2025-09-12 16:45:50 - [BENIGN] - DEBUG - Generated TCP SYN-ACK from h5:12345 <- h3:39170 [len=54B]
2025-09-12 16:45:50 - [BENIGN] - DEBUG - Generated TCP ACK from h3:39170 -> h5:12345 [len=54B]
2025-09-12 16:45:51 - [BENIGN] - DEBUG - Generated TCP data traffic from h3:39170 -> h5:12345 [content='TCP data'] [Session 73] [len=1472B]
2025-09-12 16:45:52 - [BENIGN] - DEBUG - Generated TCP ACK reply from h5:12345 <- h3:39170 [len=54B]
2025-09-12 16:45:52 - [BENIGN] - DEBUG - Generated UDP traffic from h3:42744 -> h5:12346 [content='0da48641262bf81a35680bee416076be0c3160a3...'] [Session 74] [len=410B]
2025-09-12 16:45:53 - [BENIGN] - DEBUG - Generated Telnet SYN from h3:63869 -> h5:23 [len=54B]
2025-09-12 16:45:54 - [BENIGN] - DEBUG - Generated Telnet SYN-ACK from h5:23 <- h3:63869 [len=54B]
2025-09-12 16:45:54 - [BENIGN] - DEBUG - Generated Telnet ACK from h3:63869 -> h5:23 [len=54B]
2025-09-12 16:45:55 - [BENIGN] - DEBUG - Generated Telnet data traffic from h3:63869 -> h5:23 [content='Telnet command'] [Session 75] [len=812B]
2025-09-12 16:45:55 - [BENIGN] - DEBUG - Generated Telnet ACK reply from h5:23 <- h3:63869 [len=54B]
2025-09-12 16:45:56 - [BENIGN] - DEBUG - Generated SSH SYN from h3:59940 -> h5:22 [len=54B]
2025-09-12 16:45:57 - [BENIGN] - DEBUG - Generated SSH SYN-ACK from h5:22 <- h3:59940 [len=54B]
2025-09-12 16:45:57 - [BENIGN] - DEBUG - Generated SSH ACK from h3:59940 -> h5:22 [len=54B]
2025-09-12 16:45:58 - [BENIGN] - DEBUG - Generated SSH data traffic from h3:59940 -> h5:22 [content='SSH encrypted data'] [Session 76] [len=730B]
2025-09-12 16:45:59 - [BENIGN] - DEBUG - Generated SSH ACK reply from h5:22 <- h3:59940 [len=54B]
2025-09-12 16:45:59 - [BENIGN] - DEBUG - Generated FTP SYN from h3:47616 -> h5:21 [len=54B]
2025-09-12 16:46:00 - [BENIGN] - DEBUG - Generated FTP SYN-ACK from h5:21 <- h3:47616 [len=54B]
2025-09-12 16:46:01 - [BENIGN] - DEBUG - Generated FTP ACK from h3:47616 -> h5:21 [len=54B]
2025-09-12 16:46:01 - [BENIGN] - DEBUG - Generated FTP data traffic from h3:47616 -> h5:21 [content='FTP file transfer'] [Session 77] [len=1244B]
2025-09-12 16:46:02 - [BENIGN] - DEBUG - Generated FTP ACK reply from h5:21 <- h3:47616 [len=54B]
2025-09-12 16:46:03 - [BENIGN] - DEBUG - Generated HTTP SYN from h3:30090 -> h5:80 [len=54B]
2025-09-12 16:46:03 - [BENIGN] - DEBUG - Generated HTTP SYN-ACK from h5:80 <- h3:30090 [len=54B]
2025-09-12 16:46:04 - [BENIGN] - DEBUG - Generated HTTP ACK from h3:30090 -> h5:80 [len=54B]
2025-09-12 16:46:05 - [BENIGN] - DEBUG - Generated HTTP data traffic from h3:30090 -> h5:80 [content='GET /index.html HTTP/1.1'] [Session 78] [len=428B]
2025-09-12 16:46:05 - [BENIGN] - DEBUG - Generated HTTP ACK reply from h5:80 <- h3:30090 [len=54B]
2025-09-12 16:46:06 - [BENIGN] - DEBUG - Generated HTTPS SYN from h3:8471 -> h5:443 [len=54B]
2025-09-12 16:46:06 - [BENIGN] - DEBUG - Generated HTTPS SYN-ACK from h5:443 <- h3:8471 [len=54B]
2025-09-12 16:46:07 - [BENIGN] - DEBUG - Generated HTTPS ACK from h3:8471 -> h5:443 [len=54B]
2025-09-12 16:46:08 - [BENIGN] - DEBUG - Generated HTTPS data traffic from h3:8471 -> h5:443 [content='Encrypted Application Data'] [Session 79] [len=274B]
2025-09-12 16:46:08 - [BENIGN] - DEBUG - Generated HTTPS ACK reply from h5:443 <- h3:8471 [len=54B]
2025-09-12 16:46:09 - [BENIGN] - DEBUG - Generated DNS query from h3:40737 -> h5:53 [qname='example.com'] [Session 80] [len=71B]
2025-09-12 16:46:09 - [BENIGN] - INFO - Benign traffic finished.
2025-09-12 16:46:09 - [BENIGN] - INFO - Summary: 80 protocol sessions with protocol separation:
2025-09-12 16:46:09 - [BENIGN] - INFO -   - h2↔h5: ICMP ping traffic
2025-09-12 16:46:09 - [BENIGN] - INFO -   - h3↔h5: TCP/UDP traffic [TCP, UDP, Telnet, SSH, FTP, HTTP, HTTPS, DNS]
2025-09-12 16:46:09 - [BENIGN] - INFO - Total packets sent: 340
