2025-09-12 18:14:19,304 - attack_logger - INFO - Attack: Enhanced SYN Flood (11s) | h1 -> h6
2025-09-12 18:14:21,821 - attack_logger - INFO - [syn_flood] [Run ID: 53d34bdd-13f2-4567-b9a9-c8d83130ea64] Starting Enhanced SYN Flood from h1 to 192.168.30.10 for 11 seconds.
2025-09-12 18:14:21,821 - attack_logger - INFO - [syn_flood] [Run ID: 53d34bdd-13f2-4567-b9a9-c8d83130ea64] Attack Phase: Enhanced Traditional SYN Flood - Attacker: h1, Target: 192.168.30.10:80, Duration: 11s
2025-09-12 18:14:21,822 - attack_logger - INFO - [syn_flood] [Run ID: 53d34bdd-13f2-4567-b9a9-c8d83130ea64] Enhanced Features: Human-like timing, protocol compliance, network delay simulation
2025-09-12 18:14:21,822 - attack_logger - INFO - [syn_flood] [Run ID: 53d34bdd-13f2-4567-b9a9-c8d83130ea64] Session pattern: 1 phases, Circadian factor: 0.70, Workday factor: 0.70
2025-09-12 18:14:21,822 - attack_logger - DEBUG - [syn_flood] [Run ID: 53d34bdd-13f2-4567-b9a9-c8d83130ea64] Starting enhanced SYN packet generation with human-like timing
2025-09-12 18:14:21,822 - attack_logger - INFO - [syn_flood] [Run ID: 53d34bdd-13f2-4567-b9a9-c8d83130ea64] Stress phase: 3s, Advanced phase: 8s
2025-09-12 18:14:25,376 - attack_logger - INFO - [syn_flood] [Run ID: 53d34bdd-13f2-4567-b9a9-c8d83130ea64] Stress phase completed
2025-09-12 18:14:25,384 - attack_logger - INFO - [syn_flood] [Run ID: 53d34bdd-13f2-4567-b9a9-c8d83130ea64] Enhanced SYN flood process started (PID: 129314)
2025-09-12 18:14:26,474 - attack_logger - INFO - [syn_flood] [Run ID: 53d34bdd-13f2-4567-b9a9-c8d83130ea64] Attack progress: 1.1s elapsed, ~12 packets sent, Rate: 10.9 pps, Phase: active (intensity: 0.84)
2025-09-12 18:14:26,474 - attack_logger - DEBUG - [syn_flood] [Run ID: 53d34bdd-13f2-4567-b9a9-c8d83130ea64] Process stats - CPU: 0.0%, Memory: 60.0MB
2025-09-12 18:14:26,474 - attack_logger - DEBUG - [syn_flood] [Run ID: 53d34bdd-13f2-4567-b9a9-c8d83130ea64] Timing factors - Circadian: 0.70, Workday: 0.70, Adjusted rate: 11.8 pps
2025-09-12 18:14:27,508 - attack_logger - INFO - [syn_flood] [Run ID: 53d34bdd-13f2-4567-b9a9-c8d83130ea64] Attack progress: 2.1s elapsed, ~20 packets sent, Rate: 9.4 pps, Phase: active (intensity: 0.84)
2025-09-12 18:14:27,508 - attack_logger - DEBUG - [syn_flood] [Run ID: 53d34bdd-13f2-4567-b9a9-c8d83130ea64] Process stats - CPU: 0.0%, Memory: 60.2MB
2025-09-12 18:14:27,508 - attack_logger - DEBUG - [syn_flood] [Run ID: 53d34bdd-13f2-4567-b9a9-c8d83130ea64] Timing factors - Circadian: 0.70, Workday: 0.70, Adjusted rate: 9.6 pps
2025-09-12 18:14:28,546 - attack_logger - INFO - [syn_flood] [Run ID: 53d34bdd-13f2-4567-b9a9-c8d83130ea64] Attack progress: 3.2s elapsed, ~28 packets sent, Rate: 8.8 pps, Phase: active (intensity: 0.84)
2025-09-12 18:14:28,546 - attack_logger - DEBUG - [syn_flood] [Run ID: 53d34bdd-13f2-4567-b9a9-c8d83130ea64] Process stats - CPU: 0.0%, Memory: 60.2MB
2025-09-12 18:14:28,547 - attack_logger - DEBUG - [syn_flood] [Run ID: 53d34bdd-13f2-4567-b9a9-c8d83130ea64] Timing factors - Circadian: 0.70, Workday: 0.70, Adjusted rate: 9.1 pps
2025-09-12 18:14:29,584 - attack_logger - INFO - [syn_flood] [Run ID: 53d34bdd-13f2-4567-b9a9-c8d83130ea64] Attack progress: 4.2s elapsed, ~42 packets sent, Rate: 10.0 pps, Phase: active (intensity: 0.84)
2025-09-12 18:14:29,584 - attack_logger - DEBUG - [syn_flood] [Run ID: 53d34bdd-13f2-4567-b9a9-c8d83130ea64] Process stats - CPU: 0.0%, Memory: 60.2MB
2025-09-12 18:14:29,584 - attack_logger - DEBUG - [syn_flood] [Run ID: 53d34bdd-13f2-4567-b9a9-c8d83130ea64] Timing factors - Circadian: 0.70, Workday: 0.70, Adjusted rate: 10.0 pps
2025-09-12 18:14:30,587 - attack_logger - INFO - [syn_flood] [Run ID: 53d34bdd-13f2-4567-b9a9-c8d83130ea64] Attack progress: 5.2s elapsed, ~60 packets sent, Rate: 11.5 pps, Phase: active (intensity: 0.84)
2025-09-12 18:14:30,587 - attack_logger - DEBUG - [syn_flood] [Run ID: 53d34bdd-13f2-4567-b9a9-c8d83130ea64] Process stats - CPU: 0.0%, Memory: 60.2MB
2025-09-12 18:14:30,587 - attack_logger - DEBUG - [syn_flood] [Run ID: 53d34bdd-13f2-4567-b9a9-c8d83130ea64] Timing factors - Circadian: 0.70, Workday: 0.70, Adjusted rate: 11.6 pps
2025-09-12 18:14:31,627 - attack_logger - INFO - [syn_flood] [Run ID: 53d34bdd-13f2-4567-b9a9-c8d83130ea64] Attack progress: 6.3s elapsed, ~67 packets sent, Rate: 10.7 pps, Phase: active (intensity: 0.84)
2025-09-12 18:14:31,627 - attack_logger - DEBUG - [syn_flood] [Run ID: 53d34bdd-13f2-4567-b9a9-c8d83130ea64] Process stats - CPU: 0.0%, Memory: 60.2MB
2025-09-12 18:14:31,627 - attack_logger - DEBUG - [syn_flood] [Run ID: 53d34bdd-13f2-4567-b9a9-c8d83130ea64] Timing factors - Circadian: 0.70, Workday: 0.70, Adjusted rate: 10.8 pps
2025-09-12 18:14:32,671 - attack_logger - INFO - [syn_flood] [Run ID: 53d34bdd-13f2-4567-b9a9-c8d83130ea64] Attack progress: 7.3s elapsed, ~87 packets sent, Rate: 11.9 pps, Phase: active (intensity: 0.84)
2025-09-12 18:14:32,671 - attack_logger - DEBUG - [syn_flood] [Run ID: 53d34bdd-13f2-4567-b9a9-c8d83130ea64] Process stats - CPU: 0.0%, Memory: 60.2MB
2025-09-12 18:14:32,671 - attack_logger - DEBUG - [syn_flood] [Run ID: 53d34bdd-13f2-4567-b9a9-c8d83130ea64] Timing factors - Circadian: 0.70, Workday: 0.70, Adjusted rate: 12.0 pps
2025-09-12 18:14:33,474 - attack_logger - DEBUG - [syn_flood] [Run ID: 53d34bdd-13f2-4567-b9a9-c8d83130ea64] Sent SIGINT to SYN flood process 129314
2025-09-12 18:14:33,975 - attack_logger - INFO - [syn_flood] [Run ID: 53d34bdd-13f2-4567-b9a9-c8d83130ea64] Enhanced SYN Flood from h1 to 192.168.30.10 finished.
2025-09-12 18:14:33,976 - attack_logger - INFO - [syn_flood] [Run ID: 53d34bdd-13f2-4567-b9a9-c8d83130ea64] Attack completed. Total packets sent = 88, Average rate = 10.87 packets/sec.
2025-09-12 18:14:33,976 - attack_logger - INFO - [syn_flood] [Run ID: 53d34bdd-13f2-4567-b9a9-c8d83130ea64] --- Enhanced Attack Summary ---
2025-09-12 18:14:33,976 - attack_logger - INFO - [syn_flood] [Run ID: 53d34bdd-13f2-4567-b9a9-c8d83130ea64] Total packets sent: 88
2025-09-12 18:14:33,976 - attack_logger - INFO - [syn_flood] [Run ID: 53d34bdd-13f2-4567-b9a9-c8d83130ea64] Actual duration: 8.10s
2025-09-12 18:14:33,976 - attack_logger - INFO - [syn_flood] [Run ID: 53d34bdd-13f2-4567-b9a9-c8d83130ea64] Average rate: 10.87 packets/sec
2025-09-12 18:14:33,976 - attack_logger - INFO - [syn_flood] [Run ID: 53d34bdd-13f2-4567-b9a9-c8d83130ea64] Base rate: 22.2 pps
2025-09-12 18:14:33,976 - attack_logger - INFO - [syn_flood] [Run ID: 53d34bdd-13f2-4567-b9a9-c8d83130ea64] Circadian factor: 0.70
2025-09-12 18:14:33,976 - attack_logger - INFO - [syn_flood] [Run ID: 53d34bdd-13f2-4567-b9a9-c8d83130ea64] Workday factor: 0.70
2025-09-12 18:14:33,976 - attack_logger - INFO - [syn_flood] [Run ID: 53d34bdd-13f2-4567-b9a9-c8d83130ea64] Session phases: 1
2025-09-12 18:14:33,976 - attack_logger - INFO - [syn_flood] [Run ID: 53d34bdd-13f2-4567-b9a9-c8d83130ea64] Target port: 80
2025-09-12 18:14:33,976 - attack_logger - INFO - [syn_flood] [Run ID: 53d34bdd-13f2-4567-b9a9-c8d83130ea64] Attack method: Enhanced SYN Flood with Human-like Timing
2025-09-12 18:14:33,976 - attack_logger - INFO - [syn_flood] [Run ID: 53d34bdd-13f2-4567-b9a9-c8d83130ea64] Enhancement features: Human timing patterns, protocol compliance, network delay simulation
2025-09-12 18:14:33,976 - attack_logger - INFO - [syn_flood] [Run ID: 53d34bdd-13f2-4567-b9a9-c8d83130ea64] TCP options: MSS, WScale, Timestamp, SAckOK
2025-09-12 18:14:33,976 - attack_logger - INFO - [syn_flood] [Run ID: 53d34bdd-13f2-4567-b9a9-c8d83130ea64] ----------------------------------------
2025-09-12 18:14:34,013 - attack_logger - INFO - Attack: Enhanced SYN Flood completed.
2025-09-12 18:14:34,013 - attack_logger - INFO - Attack: Enhanced UDP Flood (22s) | h1 -> h6
2025-09-12 18:14:36,527 - attack_logger - INFO - [udp_flood] [Run ID: 80aaedaa-fcfc-4a0f-9f09-75c11935f23b] Starting Enhanced UDP Flood from h1 to 192.168.30.10 for 22 seconds.
2025-09-12 18:14:36,527 - attack_logger - INFO - [udp_flood] [Run ID: 80aaedaa-fcfc-4a0f-9f09-75c11935f23b] Attack Phase: Enhanced Traditional UDP Flood - Attacker: h1, Target: 192.168.30.10:53, Duration: 22s
2025-09-12 18:14:36,527 - attack_logger - INFO - [udp_flood] [Run ID: 80aaedaa-fcfc-4a0f-9f09-75c11935f23b] Enhanced Features: Human-like timing, protocol compliance, network delay simulation
2025-09-12 18:14:36,527 - attack_logger - INFO - [udp_flood] [Run ID: 80aaedaa-fcfc-4a0f-9f09-75c11935f23b] Stress phase: 6s, Advanced phase: 16s
2025-09-12 18:14:43,121 - attack_logger - INFO - [udp_flood] [Run ID: 80aaedaa-fcfc-4a0f-9f09-75c11935f23b] Stress phase completed
2025-09-12 18:14:43,122 - attack_logger - INFO - [udp_flood] [Run ID: 80aaedaa-fcfc-4a0f-9f09-75c11935f23b] Session pattern: 1 phases, Circadian factor: 0.70, Workday factor: 0.70
2025-09-12 18:14:43,122 - attack_logger - DEBUG - [udp_flood] [Run ID: 80aaedaa-fcfc-4a0f-9f09-75c11935f23b] Starting enhanced UDP packet generation with human-like timing
2025-09-12 18:14:43,129 - attack_logger - INFO - [udp_flood] [Run ID: 80aaedaa-fcfc-4a0f-9f09-75c11935f23b] Enhanced UDP flood process started (PID: 129323)
2025-09-12 18:14:46,208 - attack_logger - INFO - [udp_flood] [Run ID: 80aaedaa-fcfc-4a0f-9f09-75c11935f23b] Attack progress: 3.1s elapsed, ~27 packets sent, Rate: 8.7 pps, Phase: active (intensity: 0.79)
2025-09-12 18:14:46,209 - attack_logger - DEBUG - [udp_flood] [Run ID: 80aaedaa-fcfc-4a0f-9f09-75c11935f23b] Process stats - CPU: 0.0%, Memory: 60.0MB
2025-09-12 18:14:46,209 - attack_logger - DEBUG - [udp_flood] [Run ID: 80aaedaa-fcfc-4a0f-9f09-75c11935f23b] Timing factors - Circadian: 0.70, Workday: 0.70, Adjusted rate: 8.9 pps
2025-09-12 18:14:49,240 - attack_logger - INFO - [udp_flood] [Run ID: 80aaedaa-fcfc-4a0f-9f09-75c11935f23b] Attack progress: 6.1s elapsed, ~50 packets sent, Rate: 8.2 pps, Phase: active (intensity: 0.79)
2025-09-12 18:14:49,240 - attack_logger - DEBUG - [udp_flood] [Run ID: 80aaedaa-fcfc-4a0f-9f09-75c11935f23b] Process stats - CPU: 0.0%, Memory: 60.3MB
2025-09-12 18:14:49,240 - attack_logger - DEBUG - [udp_flood] [Run ID: 80aaedaa-fcfc-4a0f-9f09-75c11935f23b] Timing factors - Circadian: 0.70, Workday: 0.70, Adjusted rate: 8.2 pps
2025-09-12 18:14:52,295 - attack_logger - INFO - [udp_flood] [Run ID: 80aaedaa-fcfc-4a0f-9f09-75c11935f23b] Attack progress: 9.2s elapsed, ~106 packets sent, Rate: 11.6 pps, Phase: active (intensity: 0.79)
2025-09-12 18:14:52,295 - attack_logger - DEBUG - [udp_flood] [Run ID: 80aaedaa-fcfc-4a0f-9f09-75c11935f23b] Process stats - CPU: 0.0%, Memory: 60.3MB
2025-09-12 18:14:52,295 - attack_logger - DEBUG - [udp_flood] [Run ID: 80aaedaa-fcfc-4a0f-9f09-75c11935f23b] Timing factors - Circadian: 0.70, Workday: 0.70, Adjusted rate: 11.6 pps
2025-09-12 18:14:55,349 - attack_logger - INFO - [udp_flood] [Run ID: 80aaedaa-fcfc-4a0f-9f09-75c11935f23b] Attack progress: 12.2s elapsed, ~120 packets sent, Rate: 9.8 pps, Phase: active (intensity: 0.79)
2025-09-12 18:14:55,349 - attack_logger - DEBUG - [udp_flood] [Run ID: 80aaedaa-fcfc-4a0f-9f09-75c11935f23b] Process stats - CPU: 0.0%, Memory: 60.3MB
2025-09-12 18:14:55,350 - attack_logger - DEBUG - [udp_flood] [Run ID: 80aaedaa-fcfc-4a0f-9f09-75c11935f23b] Timing factors - Circadian: 0.70, Workday: 0.70, Adjusted rate: 9.9 pps
2025-09-12 18:14:58,453 - attack_logger - INFO - [udp_flood] [Run ID: 80aaedaa-fcfc-4a0f-9f09-75c11935f23b] Attack progress: 15.3s elapsed, ~171 packets sent, Rate: 11.2 pps, Phase: active (intensity: 0.79)
2025-09-12 18:14:58,453 - attack_logger - DEBUG - [udp_flood] [Run ID: 80aaedaa-fcfc-4a0f-9f09-75c11935f23b] Process stats - CPU: 0.0%, Memory: 60.3MB
2025-09-12 18:14:58,453 - attack_logger - DEBUG - [udp_flood] [Run ID: 80aaedaa-fcfc-4a0f-9f09-75c11935f23b] Timing factors - Circadian: 0.70, Workday: 0.70, Adjusted rate: 11.2 pps
2025-09-12 18:14:59,146 - attack_logger - DEBUG - [udp_flood] [Run ID: 80aaedaa-fcfc-4a0f-9f09-75c11935f23b] Sent SIGINT to UDP flood process 129323
2025-09-12 18:14:59,647 - attack_logger - INFO - [udp_flood] [Run ID: 80aaedaa-fcfc-4a0f-9f09-75c11935f23b] Enhanced UDP Flood from h1 to 192.168.30.10 finished.
2025-09-12 18:14:59,647 - attack_logger - INFO - [udp_flood] [Run ID: 80aaedaa-fcfc-4a0f-9f09-75c11935f23b] Attack completed. Total packets sent = 231, Average rate = 14.42 packets/sec.
2025-09-12 18:14:59,647 - attack_logger - INFO - [udp_flood] [Run ID: 80aaedaa-fcfc-4a0f-9f09-75c11935f23b] --- Enhanced Attack Summary ---
2025-09-12 18:14:59,647 - attack_logger - INFO - [udp_flood] [Run ID: 80aaedaa-fcfc-4a0f-9f09-75c11935f23b] Total packets sent: 231
2025-09-12 18:14:59,647 - attack_logger - INFO - [udp_flood] [Run ID: 80aaedaa-fcfc-4a0f-9f09-75c11935f23b] Actual duration: 16.02s
2025-09-12 18:14:59,648 - attack_logger - INFO - [udp_flood] [Run ID: 80aaedaa-fcfc-4a0f-9f09-75c11935f23b] Average rate: 14.42 packets/sec
2025-09-12 18:14:59,648 - attack_logger - INFO - [udp_flood] [Run ID: 80aaedaa-fcfc-4a0f-9f09-75c11935f23b] Base rate: 29.4 pps
2025-09-12 18:14:59,648 - attack_logger - INFO - [udp_flood] [Run ID: 80aaedaa-fcfc-4a0f-9f09-75c11935f23b] Circadian factor: 0.70
2025-09-12 18:14:59,648 - attack_logger - INFO - [udp_flood] [Run ID: 80aaedaa-fcfc-4a0f-9f09-75c11935f23b] Workday factor: 0.70
2025-09-12 18:14:59,648 - attack_logger - INFO - [udp_flood] [Run ID: 80aaedaa-fcfc-4a0f-9f09-75c11935f23b] Session phases: 1
2025-09-12 18:14:59,648 - attack_logger - INFO - [udp_flood] [Run ID: 80aaedaa-fcfc-4a0f-9f09-75c11935f23b] Target port: 53 (DNS)
2025-09-12 18:14:59,648 - attack_logger - INFO - [udp_flood] [Run ID: 80aaedaa-fcfc-4a0f-9f09-75c11935f23b] Attack method: Enhanced UDP Flood with Human-like Timing
2025-09-12 18:14:59,648 - attack_logger - INFO - [udp_flood] [Run ID: 80aaedaa-fcfc-4a0f-9f09-75c11935f23b] Enhancement features: Human timing patterns, protocol compliance, network delay simulation
2025-09-12 18:14:59,648 - attack_logger - INFO - [udp_flood] [Run ID: 80aaedaa-fcfc-4a0f-9f09-75c11935f23b] DNS payloads: Realistic query patterns with varied domains
2025-09-12 18:14:59,648 - attack_logger - INFO - [udp_flood] [Run ID: 80aaedaa-fcfc-4a0f-9f09-75c11935f23b] ----------------------------------------
2025-09-12 18:14:59,693 - attack_logger - INFO - Attack: Enhanced UDP Flood completed.
2025-09-12 18:14:59,693 - attack_logger - INFO - Attack: Enhanced ICMP Flood (11s) | h1 -> h4
2025-09-12 18:15:02,206 - attack_logger - INFO - [icmp_flood] [Run ID: a0a8218b-03f0-4530-bb34-6704693df517] Starting Enhanced ICMP Flood with RFC 1918 IP Rotation from h1 to 192.168.20.12 for 11 seconds.
2025-09-12 18:15:02,207 - attack_logger - INFO - [icmp_flood] [Run ID: a0a8218b-03f0-4530-bb34-6704693df517] Attack Phase: Enhanced Traditional ICMP Flood - Attacker: h1, Target: 192.168.20.12, Duration: 11s
2025-09-12 18:15:02,207 - attack_logger - INFO - [icmp_flood] [Run ID: a0a8218b-03f0-4530-bb34-6704693df517] Enhanced Features: RFC 1918 IP rotation, human-like timing, protocol compliance, network delay simulation
2025-09-12 18:15:02,207 - attack_logger - INFO - [icmp_flood] [Run ID: a0a8218b-03f0-4530-bb34-6704693df517] IP Pool Size: 50 source IPs from RFC 1918 ranges (10.0.0.0/8, 172.16.0.0/12, 192.168.0.0/16)
2025-09-12 18:15:02,207 - attack_logger - INFO - [icmp_flood] [Run ID: a0a8218b-03f0-4530-bb34-6704693df517] Stress phase total: 3s (host: 1s, gateway: 2s), Advanced phase: 8s
2025-09-12 18:15:03,811 - attack_logger - INFO - [icmp_flood] [Run ID: a0a8218b-03f0-4530-bb34-6704693df517] Host stress sub-phase completed
2025-09-12 18:15:06,425 - attack_logger - INFO - [icmp_flood] [Run ID: a0a8218b-03f0-4530-bb34-6704693df517] Gateway stress sub-phase completed
2025-09-12 18:15:06,425 - attack_logger - INFO - [icmp_flood] [Run ID: a0a8218b-03f0-4530-bb34-6704693df517] Session pattern: 1 phases, Circadian factor: 0.70, Workday factor: 0.70
2025-09-12 18:15:06,425 - attack_logger - DEBUG - [icmp_flood] [Run ID: a0a8218b-03f0-4530-bb34-6704693df517] Starting enhanced ICMP packet generation with IP rotation and human-like timing
2025-09-12 18:15:06,432 - attack_logger - INFO - [icmp_flood] [Run ID: a0a8218b-03f0-4530-bb34-6704693df517] Enhanced ICMP flood with IP rotation process started (PID: 129339)
2025-09-12 18:15:07,520 - attack_logger - INFO - [icmp_flood] [Run ID: a0a8218b-03f0-4530-bb34-6704693df517] Attack progress: 1.1s elapsed, ~10 packets sent, Rate: 9.1 pps, IP rotations: ~0, Phase: active (intensity: 0.80)
2025-09-12 18:15:07,521 - attack_logger - DEBUG - [icmp_flood] [Run ID: a0a8218b-03f0-4530-bb34-6704693df517] Process stats - CPU: 0.0%, Memory: 60.3MB
2025-09-12 18:15:07,521 - attack_logger - DEBUG - [icmp_flood] [Run ID: a0a8218b-03f0-4530-bb34-6704693df517] Timing factors - Circadian: 0.70, Workday: 0.70, Adjusted rate: 10.0 pps
2025-09-12 18:15:08,591 - attack_logger - INFO - [icmp_flood] [Run ID: a0a8218b-03f0-4530-bb34-6704693df517] Attack progress: 2.2s elapsed, ~18 packets sent, Rate: 8.3 pps, IP rotations: ~1, Phase: active (intensity: 0.80)
2025-09-12 18:15:08,591 - attack_logger - DEBUG - [icmp_flood] [Run ID: a0a8218b-03f0-4530-bb34-6704693df517] Process stats - CPU: 0.0%, Memory: 60.3MB
2025-09-12 18:15:08,591 - attack_logger - DEBUG - [icmp_flood] [Run ID: a0a8218b-03f0-4530-bb34-6704693df517] Timing factors - Circadian: 0.70, Workday: 0.70, Adjusted rate: 8.5 pps
2025-09-12 18:15:09,639 - attack_logger - INFO - [icmp_flood] [Run ID: a0a8218b-03f0-4530-bb34-6704693df517] Attack progress: 3.2s elapsed, ~29 packets sent, Rate: 9.0 pps, IP rotations: ~1, Phase: active (intensity: 0.80)
2025-09-12 18:15:09,639 - attack_logger - DEBUG - [icmp_flood] [Run ID: a0a8218b-03f0-4530-bb34-6704693df517] Process stats - CPU: 0.0%, Memory: 60.3MB
2025-09-12 18:15:09,639 - attack_logger - DEBUG - [icmp_flood] [Run ID: a0a8218b-03f0-4530-bb34-6704693df517] Timing factors - Circadian: 0.70, Workday: 0.70, Adjusted rate: 9.1 pps
2025-09-12 18:15:10,688 - attack_logger - INFO - [icmp_flood] [Run ID: a0a8218b-03f0-4530-bb34-6704693df517] Attack progress: 4.3s elapsed, ~39 packets sent, Rate: 9.1 pps, IP rotations: ~2, Phase: active (intensity: 0.80)
2025-09-12 18:15:10,689 - attack_logger - DEBUG - [icmp_flood] [Run ID: a0a8218b-03f0-4530-bb34-6704693df517] Process stats - CPU: 0.0%, Memory: 60.3MB
2025-09-12 18:15:10,689 - attack_logger - DEBUG - [icmp_flood] [Run ID: a0a8218b-03f0-4530-bb34-6704693df517] Timing factors - Circadian: 0.70, Workday: 0.70, Adjusted rate: 9.3 pps
2025-09-12 18:15:11,752 - attack_logger - INFO - [icmp_flood] [Run ID: a0a8218b-03f0-4530-bb34-6704693df517] Attack progress: 5.3s elapsed, ~52 packets sent, Rate: 9.8 pps, IP rotations: ~3, Phase: active (intensity: 0.80)
2025-09-12 18:15:11,752 - attack_logger - DEBUG - [icmp_flood] [Run ID: a0a8218b-03f0-4530-bb34-6704693df517] Process stats - CPU: 0.0%, Memory: 60.3MB
2025-09-12 18:15:11,752 - attack_logger - DEBUG - [icmp_flood] [Run ID: a0a8218b-03f0-4530-bb34-6704693df517] Timing factors - Circadian: 0.70, Workday: 0.70, Adjusted rate: 9.9 pps
2025-09-12 18:15:12,856 - attack_logger - INFO - [icmp_flood] [Run ID: a0a8218b-03f0-4530-bb34-6704693df517] Attack progress: 6.4s elapsed, ~73 packets sent, Rate: 11.4 pps, IP rotations: ~4, Phase: active (intensity: 0.80)
2025-09-12 18:15:12,856 - attack_logger - DEBUG - [icmp_flood] [Run ID: a0a8218b-03f0-4530-bb34-6704693df517] Process stats - CPU: 0.0%, Memory: 60.3MB
2025-09-12 18:15:12,856 - attack_logger - DEBUG - [icmp_flood] [Run ID: a0a8218b-03f0-4530-bb34-6704693df517] Timing factors - Circadian: 0.70, Workday: 0.70, Adjusted rate: 11.4 pps
2025-09-12 18:15:13,958 - attack_logger - INFO - [icmp_flood] [Run ID: a0a8218b-03f0-4530-bb34-6704693df517] Attack progress: 7.5s elapsed, ~65 packets sent, Rate: 8.6 pps, IP rotations: ~4, Phase: active (intensity: 0.80)
2025-09-12 18:15:13,958 - attack_logger - DEBUG - [icmp_flood] [Run ID: a0a8218b-03f0-4530-bb34-6704693df517] Process stats - CPU: 0.0%, Memory: 60.3MB
2025-09-12 18:15:13,958 - attack_logger - DEBUG - [icmp_flood] [Run ID: a0a8218b-03f0-4530-bb34-6704693df517] Timing factors - Circadian: 0.70, Workday: 0.70, Adjusted rate: 8.8 pps
2025-09-12 18:15:14,492 - attack_logger - DEBUG - [icmp_flood] [Run ID: a0a8218b-03f0-4530-bb34-6704693df517] Sent SIGINT to ICMP flood process 129339
2025-09-12 18:15:14,995 - attack_logger - INFO - [icmp_flood] [Run ID: a0a8218b-03f0-4530-bb34-6704693df517] Enhanced ICMP Flood with RFC 1918 IP Rotation from h1 to 192.168.20.12 finished.
2025-09-12 18:15:14,996 - attack_logger - INFO - [icmp_flood] [Run ID: a0a8218b-03f0-4530-bb34-6704693df517] Attack completed. Total packets sent = 101, Average rate = 12.52 packets/sec.
2025-09-12 18:15:14,996 - attack_logger - INFO - [icmp_flood] [Run ID: a0a8218b-03f0-4530-bb34-6704693df517] --- Enhanced Attack Summary ---
2025-09-12 18:15:14,996 - attack_logger - INFO - [icmp_flood] [Run ID: a0a8218b-03f0-4530-bb34-6704693df517] Total packets sent: 101
2025-09-12 18:15:14,996 - attack_logger - INFO - [icmp_flood] [Run ID: a0a8218b-03f0-4530-bb34-6704693df517] Total IP rotations: ~6
2025-09-12 18:15:14,996 - attack_logger - INFO - [icmp_flood] [Run ID: a0a8218b-03f0-4530-bb34-6704693df517] RFC 1918 IP pool size: 50
2025-09-12 18:15:14,996 - attack_logger - INFO - [icmp_flood] [Run ID: a0a8218b-03f0-4530-bb34-6704693df517] IP ranges used: 10.0.0.0/8, 172.16.0.0/12, 192.168.0.0/16
2025-09-12 18:15:14,996 - attack_logger - INFO - [icmp_flood] [Run ID: a0a8218b-03f0-4530-bb34-6704693df517] Actual duration: 8.07s
2025-09-12 18:15:14,996 - attack_logger - INFO - [icmp_flood] [Run ID: a0a8218b-03f0-4530-bb34-6704693df517] Average rate: 12.52 packets/sec
2025-09-12 18:15:14,996 - attack_logger - INFO - [icmp_flood] [Run ID: a0a8218b-03f0-4530-bb34-6704693df517] Base rate: 25.7 pps
2025-09-12 18:15:14,996 - attack_logger - INFO - [icmp_flood] [Run ID: a0a8218b-03f0-4530-bb34-6704693df517] Circadian factor: 0.70
2025-09-12 18:15:14,996 - attack_logger - INFO - [icmp_flood] [Run ID: a0a8218b-03f0-4530-bb34-6704693df517] Workday factor: 0.70
2025-09-12 18:15:14,996 - attack_logger - INFO - [icmp_flood] [Run ID: a0a8218b-03f0-4530-bb34-6704693df517] Session phases: 1
2025-09-12 18:15:14,996 - attack_logger - INFO - [icmp_flood] [Run ID: a0a8218b-03f0-4530-bb34-6704693df517] ICMP type: Echo Request (8) with ID/Seq variations
2025-09-12 18:15:14,996 - attack_logger - INFO - [icmp_flood] [Run ID: a0a8218b-03f0-4530-bb34-6704693df517] Attack method: Enhanced ICMP Flood with RFC 1918 IP Rotation
2025-09-12 18:15:14,996 - attack_logger - INFO - [icmp_flood] [Run ID: a0a8218b-03f0-4530-bb34-6704693df517] Enhancement features: RFC 1918 IP rotation, human timing patterns, protocol compliance, network delay simulation
2025-09-12 18:15:14,996 - attack_logger - INFO - [icmp_flood] [Run ID: a0a8218b-03f0-4530-bb34-6704693df517] ----------------------------------------
2025-09-12 18:15:15,039 - attack_logger - INFO - Attack: Enhanced ICMP Flood completed.
2025-09-12 18:15:15,548 - attack_logger - INFO - Attack: ENHANCED Adversarial TCP State Exhaustion (8s) | h1 -> h6
2025-09-12 18:15:26,772 - attack_logger - INFO - Attack: ENHANCED Adversarial Application Layer (3s) | h1 -> h6
2025-09-12 18:15:33,040 - attack_logger - INFO - Attack: ENHANCED Adversarial Slow Read (9s) | h1 -> h6
2025-09-12 18:15:45,317 - attack_logger - INFO - Attack: ENHANCED Adversarial Slow Read completed.
