2025-09-12 18:10:56 - [BENIGN] - INFO - Starting benign traffic for 200 seconds...
2025-09-12 18:10:56 - [BENIGN] - INFO - Protocol separation: h2↔h5 (ICMP), h3↔h5 (TCP/UDP)
2025-09-12 18:10:56 - [BENIGN] - DEBUG - Generated ICMP traffic h2↔h5 0 [len=84B]
2025-09-12 18:10:56 - [BENIGN] - DEBUG - Generated TCP SYN from h3:28751 -> h5:12345 [len=54B]
2025-09-12 18:10:57 - [BENIGN] - DEBUG - Generated TCP SYN-ACK from h5:12345 <- h3:28751 [len=54B]
2025-09-12 18:10:58 - [BENIGN] - DEBUG - Generated TCP ACK from h3:28751 -> h5:12345 [len=54B]
2025-09-12 18:10:59 - [BENIGN] - DEBUG - Generated TCP data traffic from h3:28751 -> h5:12345 [content='TCP data'] [Session 1] [len=537B]
2025-09-12 18:10:59 - [BENIGN] - DEBUG - Generated TCP ACK reply from h5:12345 <- h3:28751 [len=54B]
2025-09-12 18:11:00 - [BENIGN] - DEBUG - Generated UDP traffic from h3:1365 -> h5:12346 [content='173aaaf23bcc4293372eafa518b95589d5b6002a...'] [Session 2] [len=848B]
2025-09-12 18:11:00 - [BENIGN] - DEBUG - Generated Telnet SYN from h3:13740 -> h5:23 [len=54B]
2025-09-12 18:11:01 - [BENIGN] - DEBUG - Generated Telnet SYN-ACK from h5:23 <- h3:13740 [len=54B]
2025-09-12 18:11:02 - [BENIGN] - DEBUG - Generated Telnet ACK from h3:13740 -> h5:23 [len=54B]
2025-09-12 18:11:02 - [BENIGN] - DEBUG - Generated Telnet data traffic from h3:13740 -> h5:23 [content='Telnet command'] [Session 3] [len=366B]
2025-09-12 18:11:03 - [BENIGN] - DEBUG - Generated Telnet ACK reply from h5:23 <- h3:13740 [len=54B]
2025-09-12 18:11:04 - [BENIGN] - DEBUG - Generated SSH SYN from h3:13740 -> h5:22 [len=54B]
2025-09-12 18:11:04 - [BENIGN] - DEBUG - Generated SSH SYN-ACK from h5:22 <- h3:13740 [len=54B]
2025-09-12 18:11:05 - [BENIGN] - DEBUG - Generated SSH ACK from h3:13740 -> h5:22 [len=54B]
2025-09-12 18:11:06 - [BENIGN] - DEBUG - Generated SSH data traffic from h3:13740 -> h5:22 [content='SSH encrypted data'] [Session 4] [len=1019B]
2025-09-12 18:11:06 - [BENIGN] - DEBUG - Generated SSH ACK reply from h5:22 <- h3:13740 [len=54B]
2025-09-12 18:11:07 - [BENIGN] - DEBUG - Generated FTP SYN from h3:18749 -> h5:21 [len=54B]
2025-09-12 18:11:08 - [BENIGN] - DEBUG - Generated FTP SYN-ACK from h5:21 <- h3:18749 [len=54B]
2025-09-12 18:11:08 - [BENIGN] - DEBUG - Generated FTP ACK from h3:18749 -> h5:21 [len=54B]
2025-09-12 18:11:09 - [BENIGN] - DEBUG - Generated FTP data traffic from h3:18749 -> h5:21 [content='FTP file transfer'] [Session 5] [len=221B]
2025-09-12 18:11:10 - [BENIGN] - DEBUG - Generated FTP ACK reply from h5:21 <- h3:18749 [len=54B]
2025-09-12 18:11:10 - [BENIGN] - DEBUG - Generated HTTP SYN from h3:15648 -> h5:80 [len=54B]
2025-09-12 18:11:11 - [BENIGN] - DEBUG - Generated HTTP SYN-ACK from h5:80 <- h3:15648 [len=54B]
2025-09-12 18:11:12 - [BENIGN] - DEBUG - Generated HTTP ACK from h3:15648 -> h5:80 [len=54B]
2025-09-12 18:11:12 - [BENIGN] - DEBUG - Generated HTTP data traffic from h3:15648 -> h5:80 [content='GET /index.html HTTP/1.1'] [Session 6] [len=449B]
2025-09-12 18:11:13 - [BENIGN] - DEBUG - Generated HTTP ACK reply from h5:80 <- h3:15648 [len=54B]
2025-09-12 18:11:13 - [BENIGN] - DEBUG - Generated HTTPS SYN from h3:7921 -> h5:443 [len=54B]
2025-09-12 18:11:14 - [BENIGN] - DEBUG - Generated HTTPS SYN-ACK from h5:443 <- h3:7921 [len=54B]
2025-09-12 18:11:15 - [BENIGN] - DEBUG - Generated HTTPS ACK from h3:7921 -> h5:443 [len=54B]
2025-09-12 18:11:15 - [BENIGN] - DEBUG - Generated HTTPS data traffic from h3:7921 -> h5:443 [content='Encrypted Application Data'] [Session 7] [len=613B]
2025-09-12 18:11:16 - [BENIGN] - DEBUG - Generated HTTPS ACK reply from h5:443 <- h3:7921 [len=54B]
2025-09-12 18:11:17 - [BENIGN] - DEBUG - Generated DNS query from h3:56090 -> h5:53 [qname='example.com'] [Session 8] [len=71B]
2025-09-12 18:11:17 - [BENIGN] - DEBUG - Generated ICMP traffic h2↔h5 1 [len=84B]
2025-09-12 18:11:17 - [BENIGN] - DEBUG - Generated TCP SYN from h3:21019 -> h5:12345 [len=54B]
2025-09-12 18:11:18 - [BENIGN] - DEBUG - Generated TCP SYN-ACK from h5:12345 <- h3:21019 [len=54B]
2025-09-12 18:11:19 - [BENIGN] - DEBUG - Generated TCP ACK from h3:21019 -> h5:12345 [len=54B]
2025-09-12 18:11:19 - [BENIGN] - DEBUG - Generated TCP data traffic from h3:21019 -> h5:12345 [content='TCP data'] [Session 9] [len=1122B]
2025-09-12 18:11:20 - [BENIGN] - DEBUG - Generated TCP ACK reply from h5:12345 <- h3:21019 [len=54B]
2025-09-12 18:11:21 - [BENIGN] - DEBUG - Generated UDP traffic from h3:25873 -> h5:12346 [content='d1436c5a4eefa49534f2b6c7a2811795ba145b92...'] [Session 10] [len=1399B]
2025-09-12 18:11:21 - [BENIGN] - DEBUG - Generated Telnet SYN from h3:41161 -> h5:23 [len=54B]
2025-09-12 18:11:22 - [BENIGN] - DEBUG - Generated Telnet SYN-ACK from h5:23 <- h3:41161 [len=54B]
2025-09-12 18:11:22 - [BENIGN] - DEBUG - Generated Telnet ACK from h3:41161 -> h5:23 [len=54B]
2025-09-12 18:11:23 - [BENIGN] - DEBUG - Generated Telnet data traffic from h3:41161 -> h5:23 [content='Telnet command'] [Session 11] [len=1124B]
2025-09-12 18:11:24 - [BENIGN] - DEBUG - Generated Telnet ACK reply from h5:23 <- h3:41161 [len=54B]
2025-09-12 18:11:24 - [BENIGN] - DEBUG - Generated SSH SYN from h3:10919 -> h5:22 [len=54B]
2025-09-12 18:11:25 - [BENIGN] - DEBUG - Generated SSH SYN-ACK from h5:22 <- h3:10919 [len=54B]
2025-09-12 18:11:26 - [BENIGN] - DEBUG - Generated SSH ACK from h3:10919 -> h5:22 [len=54B]
2025-09-12 18:11:26 - [BENIGN] - DEBUG - Generated SSH data traffic from h3:10919 -> h5:22 [content='SSH encrypted data'] [Session 12] [len=1464B]
2025-09-12 18:11:27 - [BENIGN] - DEBUG - Generated SSH ACK reply from h5:22 <- h3:10919 [len=54B]
2025-09-12 18:11:28 - [BENIGN] - DEBUG - Generated FTP SYN from h3:35108 -> h5:21 [len=54B]
2025-09-12 18:11:28 - [BENIGN] - DEBUG - Generated FTP SYN-ACK from h5:21 <- h3:35108 [len=54B]
2025-09-12 18:11:29 - [BENIGN] - DEBUG - Generated FTP ACK from h3:35108 -> h5:21 [len=54B]
2025-09-12 18:11:29 - [BENIGN] - DEBUG - Generated FTP data traffic from h3:35108 -> h5:21 [content='FTP file transfer'] [Session 13] [len=563B]
2025-09-12 18:11:30 - [BENIGN] - DEBUG - Generated FTP ACK reply from h5:21 <- h3:35108 [len=54B]
2025-09-12 18:11:31 - [BENIGN] - DEBUG - Generated HTTP SYN from h3:4125 -> h5:80 [len=54B]
2025-09-12 18:11:31 - [BENIGN] - DEBUG - Generated HTTP SYN-ACK from h5:80 <- h3:4125 [len=54B]
2025-09-12 18:11:32 - [BENIGN] - DEBUG - Generated HTTP ACK from h3:4125 -> h5:80 [len=54B]
2025-09-12 18:11:33 - [BENIGN] - DEBUG - Generated HTTP data traffic from h3:4125 -> h5:80 [content='GET /index.html HTTP/1.1'] [Session 14] [len=566B]
2025-09-12 18:11:33 - [BENIGN] - DEBUG - Generated HTTP ACK reply from h5:80 <- h3:4125 [len=54B]
2025-09-12 18:11:34 - [BENIGN] - DEBUG - Generated HTTPS SYN from h3:55251 -> h5:443 [len=54B]
2025-09-12 18:11:34 - [BENIGN] - DEBUG - Generated HTTPS SYN-ACK from h5:443 <- h3:55251 [len=54B]
2025-09-12 18:11:35 - [BENIGN] - DEBUG - Generated HTTPS ACK from h3:55251 -> h5:443 [len=54B]
2025-09-12 18:11:36 - [BENIGN] - DEBUG - Generated HTTPS data traffic from h3:55251 -> h5:443 [content='Encrypted Application Data'] [Session 15] [len=481B]
2025-09-12 18:11:36 - [BENIGN] - DEBUG - Generated HTTPS ACK reply from h5:443 <- h3:55251 [len=54B]
2025-09-12 18:11:37 - [BENIGN] - DEBUG - Generated DNS query from h3:39026 -> h5:53 [qname='example.com'] [Session 16] [len=71B]
2025-09-12 18:11:37 - [BENIGN] - DEBUG - Generated ICMP traffic h2↔h5 2 [len=84B]
2025-09-12 18:11:38 - [BENIGN] - DEBUG - Generated TCP SYN from h3:63892 -> h5:12345 [len=54B]
2025-09-12 18:11:38 - [BENIGN] - DEBUG - Generated TCP SYN-ACK from h5:12345 <- h3:63892 [len=54B]
2025-09-12 18:11:39 - [BENIGN] - DEBUG - Generated TCP ACK from h3:63892 -> h5:12345 [len=54B]
2025-09-12 18:11:40 - [BENIGN] - DEBUG - Generated TCP data traffic from h3:63892 -> h5:12345 [content='TCP data'] [Session 17] [len=1060B]
2025-09-12 18:11:40 - [BENIGN] - DEBUG - Generated TCP ACK reply from h5:12345 <- h3:63892 [len=54B]
2025-09-12 18:11:41 - [BENIGN] - DEBUG - Generated UDP traffic from h3:11564 -> h5:12346 [content='3c3fafba1b1896ada3a4fb2020156eb00000bf2c...'] [Session 18] [len=594B]
2025-09-12 18:11:41 - [BENIGN] - DEBUG - Generated Telnet SYN from h3:31195 -> h5:23 [len=54B]
2025-09-12 18:11:42 - [BENIGN] - DEBUG - Generated Telnet SYN-ACK from h5:23 <- h3:31195 [len=54B]
2025-09-12 18:11:43 - [BENIGN] - DEBUG - Generated Telnet ACK from h3:31195 -> h5:23 [len=54B]
2025-09-12 18:11:43 - [BENIGN] - DEBUG - Generated Telnet data traffic from h3:31195 -> h5:23 [content='Telnet command'] [Session 19] [len=564B]
2025-09-12 18:11:44 - [BENIGN] - DEBUG - Generated Telnet ACK reply from h5:23 <- h3:31195 [len=54B]
2025-09-12 18:11:44 - [BENIGN] - DEBUG - Generated SSH SYN from h3:3469 -> h5:22 [len=54B]
2025-09-12 18:11:45 - [BENIGN] - DEBUG - Generated SSH SYN-ACK from h5:22 <- h3:3469 [len=54B]
2025-09-12 18:11:46 - [BENIGN] - DEBUG - Generated SSH ACK from h3:3469 -> h5:22 [len=54B]
2025-09-12 18:11:46 - [BENIGN] - DEBUG - Generated SSH data traffic from h3:3469 -> h5:22 [content='SSH encrypted data'] [Session 20] [len=465B]
2025-09-12 18:11:47 - [BENIGN] - DEBUG - Generated SSH ACK reply from h5:22 <- h3:3469 [len=54B]
2025-09-12 18:11:48 - [BENIGN] - DEBUG - Generated FTP SYN from h3:19540 -> h5:21 [len=54B]
2025-09-12 18:11:48 - [BENIGN] - DEBUG - Generated FTP SYN-ACK from h5:21 <- h3:19540 [len=54B]
2025-09-12 18:11:49 - [BENIGN] - DEBUG - Generated FTP ACK from h3:19540 -> h5:21 [len=54B]
2025-09-12 18:11:49 - [BENIGN] - DEBUG - Generated FTP data traffic from h3:19540 -> h5:21 [content='FTP file transfer'] [Session 21] [len=947B]
2025-09-12 18:11:50 - [BENIGN] - DEBUG - Generated FTP ACK reply from h5:21 <- h3:19540 [len=54B]
2025-09-12 18:11:51 - [BENIGN] - DEBUG - Generated HTTP SYN from h3:37378 -> h5:80 [len=54B]
2025-09-12 18:11:51 - [BENIGN] - DEBUG - Generated HTTP SYN-ACK from h5:80 <- h3:37378 [len=54B]
2025-09-12 18:11:52 - [BENIGN] - DEBUG - Generated HTTP ACK from h3:37378 -> h5:80 [len=54B]
2025-09-12 18:11:52 - [BENIGN] - DEBUG - Generated HTTP data traffic from h3:37378 -> h5:80 [content='GET /index.html HTTP/1.1'] [Session 22] [len=278B]
2025-09-12 18:11:53 - [BENIGN] - DEBUG - Generated HTTP ACK reply from h5:80 <- h3:37378 [len=54B]
2025-09-12 18:11:54 - [BENIGN] - DEBUG - Generated HTTPS SYN from h3:19791 -> h5:443 [len=54B]
2025-09-12 18:11:54 - [BENIGN] - DEBUG - Generated HTTPS SYN-ACK from h5:443 <- h3:19791 [len=54B]
2025-09-12 18:11:55 - [BENIGN] - DEBUG - Generated HTTPS ACK from h3:19791 -> h5:443 [len=54B]
2025-09-12 18:11:56 - [BENIGN] - DEBUG - Generated HTTPS data traffic from h3:19791 -> h5:443 [content='Encrypted Application Data'] [Session 23] [len=758B]
2025-09-12 18:11:56 - [BENIGN] - DEBUG - Generated HTTPS ACK reply from h5:443 <- h3:19791 [len=54B]
2025-09-12 18:11:57 - [BENIGN] - DEBUG - Generated DNS query from h3:12599 -> h5:53 [qname='example.com'] [Session 24] [len=71B]
2025-09-12 18:11:57 - [BENIGN] - DEBUG - Generated ICMP traffic h2↔h5 3 [len=84B]
2025-09-12 18:11:58 - [BENIGN] - DEBUG - Generated TCP SYN from h3:5993 -> h5:12345 [len=54B]
2025-09-12 18:11:58 - [BENIGN] - DEBUG - Generated TCP SYN-ACK from h5:12345 <- h3:5993 [len=54B]
2025-09-12 18:11:59 - [BENIGN] - DEBUG - Generated TCP ACK from h3:5993 -> h5:12345 [len=54B]
2025-09-12 18:12:00 - [BENIGN] - DEBUG - Generated TCP data traffic from h3:5993 -> h5:12345 [content='TCP data'] [Session 25] [len=1032B]
2025-09-12 18:12:00 - [BENIGN] - DEBUG - Generated TCP ACK reply from h5:12345 <- h3:5993 [len=54B]
2025-09-12 18:12:01 - [BENIGN] - DEBUG - Generated UDP traffic from h3:58922 -> h5:12346 [content='99fabf4aad4b381545fa8bbb4214d242e836673d...'] [Session 26] [len=395B]
2025-09-12 18:12:02 - [BENIGN] - DEBUG - Generated Telnet SYN from h3:33486 -> h5:23 [len=54B]
2025-09-12 18:12:02 - [BENIGN] - DEBUG - Generated Telnet SYN-ACK from h5:23 <- h3:33486 [len=54B]
2025-09-12 18:12:03 - [BENIGN] - DEBUG - Generated Telnet ACK from h3:33486 -> h5:23 [len=54B]
2025-09-12 18:12:03 - [BENIGN] - DEBUG - Generated Telnet data traffic from h3:33486 -> h5:23 [content='Telnet command'] [Session 27] [len=1137B]
2025-09-12 18:12:04 - [BENIGN] - DEBUG - Generated Telnet ACK reply from h5:23 <- h3:33486 [len=54B]
2025-09-12 18:12:05 - [BENIGN] - DEBUG - Generated SSH SYN from h3:19320 -> h5:22 [len=54B]
2025-09-12 18:12:05 - [BENIGN] - DEBUG - Generated SSH SYN-ACK from h5:22 <- h3:19320 [len=54B]
2025-09-12 18:12:06 - [BENIGN] - DEBUG - Generated SSH ACK from h3:19320 -> h5:22 [len=54B]
2025-09-12 18:12:07 - [BENIGN] - DEBUG - Generated SSH data traffic from h3:19320 -> h5:22 [content='SSH encrypted data'] [Session 28] [len=1267B]
2025-09-12 18:12:07 - [BENIGN] - DEBUG - Generated SSH ACK reply from h5:22 <- h3:19320 [len=54B]
2025-09-12 18:12:08 - [BENIGN] - DEBUG - Generated FTP SYN from h3:36896 -> h5:21 [len=54B]
2025-09-12 18:12:09 - [BENIGN] - DEBUG - Generated FTP SYN-ACK from h5:21 <- h3:36896 [len=54B]
2025-09-12 18:12:09 - [BENIGN] - DEBUG - Generated FTP ACK from h3:36896 -> h5:21 [len=54B]
2025-09-12 18:12:10 - [BENIGN] - DEBUG - Generated FTP data traffic from h3:36896 -> h5:21 [content='FTP file transfer'] [Session 29] [len=325B]
2025-09-12 18:12:10 - [BENIGN] - DEBUG - Generated FTP ACK reply from h5:21 <- h3:36896 [len=54B]
2025-09-12 18:12:11 - [BENIGN] - DEBUG - Generated HTTP SYN from h3:62610 -> h5:80 [len=54B]
2025-09-12 18:12:12 - [BENIGN] - DEBUG - Generated HTTP SYN-ACK from h5:80 <- h3:62610 [len=54B]
2025-09-12 18:12:12 - [BENIGN] - DEBUG - Generated HTTP ACK from h3:62610 -> h5:80 [len=54B]
2025-09-12 18:12:13 - [BENIGN] - DEBUG - Generated HTTP data traffic from h3:62610 -> h5:80 [content='GET /index.html HTTP/1.1'] [Session 30] [len=618B]
2025-09-12 18:12:14 - [BENIGN] - DEBUG - Generated HTTP ACK reply from h5:80 <- h3:62610 [len=54B]
2025-09-12 18:12:14 - [BENIGN] - DEBUG - Generated HTTPS SYN from h3:55180 -> h5:443 [len=54B]
2025-09-12 18:12:15 - [BENIGN] - DEBUG - Generated HTTPS SYN-ACK from h5:443 <- h3:55180 [len=54B]
2025-09-12 18:12:16 - [BENIGN] - DEBUG - Generated HTTPS ACK from h3:55180 -> h5:443 [len=54B]
2025-09-12 18:12:16 - [BENIGN] - DEBUG - Generated HTTPS data traffic from h3:55180 -> h5:443 [content='Encrypted Application Data'] [Session 31] [len=513B]
2025-09-12 18:12:17 - [BENIGN] - DEBUG - Generated HTTPS ACK reply from h5:443 <- h3:55180 [len=54B]
2025-09-12 18:12:17 - [BENIGN] - DEBUG - Generated DNS query from h3:10993 -> h5:53 [qname='example.com'] [Session 32] [len=71B]
2025-09-12 18:12:18 - [BENIGN] - DEBUG - Generated ICMP traffic h2↔h5 4 [len=84B]
2025-09-12 18:12:18 - [BENIGN] - DEBUG - Generated TCP SYN from h3:29624 -> h5:12345 [len=54B]
2025-09-12 18:12:19 - [BENIGN] - DEBUG - Generated TCP SYN-ACK from h5:12345 <- h3:29624 [len=54B]
2025-09-12 18:12:19 - [BENIGN] - DEBUG - Generated TCP ACK from h3:29624 -> h5:12345 [len=54B]
2025-09-12 18:12:20 - [BENIGN] - DEBUG - Generated TCP data traffic from h3:29624 -> h5:12345 [content='TCP data'] [Session 33] [len=360B]
2025-09-12 18:12:21 - [BENIGN] - DEBUG - Generated TCP ACK reply from h5:12345 <- h3:29624 [len=54B]
2025-09-12 18:12:21 - [BENIGN] - DEBUG - Generated UDP traffic from h3:54643 -> h5:12346 [content='c48e1d17621fc223f6d93fcf4f40845245f9c22c...'] [Session 34] [len=1361B]
2025-09-12 18:12:22 - [BENIGN] - DEBUG - Generated Telnet SYN from h3:53921 -> h5:23 [len=54B]
2025-09-12 18:12:22 - [BENIGN] - DEBUG - Generated Telnet SYN-ACK from h5:23 <- h3:53921 [len=54B]
2025-09-12 18:12:23 - [BENIGN] - DEBUG - Generated Telnet ACK from h3:53921 -> h5:23 [len=54B]
2025-09-12 18:12:24 - [BENIGN] - DEBUG - Generated Telnet data traffic from h3:53921 -> h5:23 [content='Telnet command'] [Session 35] [len=1352B]
2025-09-12 18:12:24 - [BENIGN] - DEBUG - Generated Telnet ACK reply from h5:23 <- h3:53921 [len=54B]
2025-09-12 18:12:25 - [BENIGN] - DEBUG - Generated SSH SYN from h3:26690 -> h5:22 [len=54B]
2025-09-12 18:12:26 - [BENIGN] - DEBUG - Generated SSH SYN-ACK from h5:22 <- h3:26690 [len=54B]
2025-09-12 18:12:26 - [BENIGN] - DEBUG - Generated SSH ACK from h3:26690 -> h5:22 [len=54B]
2025-09-12 18:12:27 - [BENIGN] - DEBUG - Generated SSH data traffic from h3:26690 -> h5:22 [content='SSH encrypted data'] [Session 36] [len=382B]
2025-09-12 18:12:28 - [BENIGN] - DEBUG - Generated SSH ACK reply from h5:22 <- h3:26690 [len=54B]
2025-09-12 18:12:28 - [BENIGN] - DEBUG - Generated FTP SYN from h3:50528 -> h5:21 [len=54B]
2025-09-12 18:12:29 - [BENIGN] - DEBUG - Generated FTP SYN-ACK from h5:21 <- h3:50528 [len=54B]
2025-09-12 18:12:29 - [BENIGN] - DEBUG - Generated FTP ACK from h3:50528 -> h5:21 [len=54B]
2025-09-12 18:12:30 - [BENIGN] - DEBUG - Generated FTP data traffic from h3:50528 -> h5:21 [content='FTP file transfer'] [Session 37] [len=1254B]
2025-09-12 18:12:31 - [BENIGN] - DEBUG - Generated FTP ACK reply from h5:21 <- h3:50528 [len=54B]
2025-09-12 18:12:31 - [BENIGN] - DEBUG - Generated HTTP SYN from h3:30504 -> h5:80 [len=54B]
2025-09-12 18:12:32 - [BENIGN] - DEBUG - Generated HTTP SYN-ACK from h5:80 <- h3:30504 [len=54B]
2025-09-12 18:12:33 - [BENIGN] - DEBUG - Generated HTTP ACK from h3:30504 -> h5:80 [len=54B]
2025-09-12 18:12:33 - [BENIGN] - DEBUG - Generated HTTP data traffic from h3:30504 -> h5:80 [content='GET /index.html HTTP/1.1'] [Session 38] [len=655B]
2025-09-12 18:12:34 - [BENIGN] - DEBUG - Generated HTTP ACK reply from h5:80 <- h3:30504 [len=54B]
2025-09-12 18:12:35 - [BENIGN] - DEBUG - Generated HTTPS SYN from h3:18779 -> h5:443 [len=54B]
2025-09-12 18:12:35 - [BENIGN] - DEBUG - Generated HTTPS SYN-ACK from h5:443 <- h3:18779 [len=54B]
2025-09-12 18:12:36 - [BENIGN] - DEBUG - Generated HTTPS ACK from h3:18779 -> h5:443 [len=54B]
2025-09-12 18:12:36 - [BENIGN] - DEBUG - Generated HTTPS data traffic from h3:18779 -> h5:443 [content='Encrypted Application Data'] [Session 39] [len=843B]
2025-09-12 18:12:37 - [BENIGN] - DEBUG - Generated HTTPS ACK reply from h5:443 <- h3:18779 [len=54B]
2025-09-12 18:12:38 - [BENIGN] - DEBUG - Generated DNS query from h3:14470 -> h5:53 [qname='example.com'] [Session 40] [len=71B]
2025-09-12 18:12:38 - [BENIGN] - DEBUG - Generated ICMP traffic h2↔h5 5 [len=84B]
2025-09-12 18:12:38 - [BENIGN] - DEBUG - Generated TCP SYN from h3:62573 -> h5:12345 [len=54B]
2025-09-12 18:12:39 - [BENIGN] - DEBUG - Generated TCP SYN-ACK from h5:12345 <- h3:62573 [len=54B]
2025-09-12 18:12:40 - [BENIGN] - DEBUG - Generated TCP ACK from h3:62573 -> h5:12345 [len=54B]
2025-09-12 18:12:40 - [BENIGN] - DEBUG - Generated TCP data traffic from h3:62573 -> h5:12345 [content='TCP data'] [Session 41] [len=998B]
2025-09-12 18:12:41 - [BENIGN] - DEBUG - Generated TCP ACK reply from h5:12345 <- h3:62573 [len=54B]
2025-09-12 18:12:42 - [BENIGN] - DEBUG - Generated UDP traffic from h3:60516 -> h5:12346 [content='afe0c849422df5cbe5e92bce0628c03f02438982...'] [Session 42] [len=400B]
2025-09-12 18:12:42 - [BENIGN] - DEBUG - Generated Telnet SYN from h3:44928 -> h5:23 [len=54B]
2025-09-12 18:12:43 - [BENIGN] - DEBUG - Generated Telnet SYN-ACK from h5:23 <- h3:44928 [len=54B]
2025-09-12 18:12:44 - [BENIGN] - DEBUG - Generated Telnet ACK from h3:44928 -> h5:23 [len=54B]
2025-09-12 18:12:44 - [BENIGN] - DEBUG - Generated Telnet data traffic from h3:44928 -> h5:23 [content='Telnet command'] [Session 43] [len=911B]
2025-09-12 18:12:45 - [BENIGN] - DEBUG - Generated Telnet ACK reply from h5:23 <- h3:44928 [len=54B]
2025-09-12 18:12:45 - [BENIGN] - DEBUG - Generated SSH SYN from h3:33910 -> h5:22 [len=54B]
2025-09-12 18:12:46 - [BENIGN] - DEBUG - Generated SSH SYN-ACK from h5:22 <- h3:33910 [len=54B]
2025-09-12 18:12:47 - [BENIGN] - DEBUG - Generated SSH ACK from h3:33910 -> h5:22 [len=54B]
2025-09-12 18:12:47 - [BENIGN] - DEBUG - Generated SSH data traffic from h3:33910 -> h5:22 [content='SSH encrypted data'] [Session 44] [len=837B]
2025-09-12 18:12:48 - [BENIGN] - DEBUG - Generated SSH ACK reply from h5:22 <- h3:33910 [len=54B]
2025-09-12 18:12:49 - [BENIGN] - DEBUG - Generated FTP SYN from h3:61632 -> h5:21 [len=54B]
2025-09-12 18:12:49 - [BENIGN] - DEBUG - Generated FTP SYN-ACK from h5:21 <- h3:61632 [len=54B]
2025-09-12 18:12:50 - [BENIGN] - DEBUG - Generated FTP ACK from h3:61632 -> h5:21 [len=54B]
2025-09-12 18:12:50 - [BENIGN] - DEBUG - Generated FTP data traffic from h3:61632 -> h5:21 [content='FTP file transfer'] [Session 45] [len=1130B]
2025-09-12 18:12:51 - [BENIGN] - DEBUG - Generated FTP ACK reply from h5:21 <- h3:61632 [len=54B]
2025-09-12 18:12:52 - [BENIGN] - DEBUG - Generated HTTP SYN from h3:19776 -> h5:80 [len=54B]
2025-09-12 18:12:52 - [BENIGN] - DEBUG - Generated HTTP SYN-ACK from h5:80 <- h3:19776 [len=54B]
2025-09-12 18:12:53 - [BENIGN] - DEBUG - Generated HTTP ACK from h3:19776 -> h5:80 [len=54B]
2025-09-12 18:12:54 - [BENIGN] - DEBUG - Generated HTTP data traffic from h3:19776 -> h5:80 [content='GET /index.html HTTP/1.1'] [Session 46] [len=445B]
2025-09-12 18:12:54 - [BENIGN] - DEBUG - Generated HTTP ACK reply from h5:80 <- h3:19776 [len=54B]
2025-09-12 18:12:55 - [BENIGN] - DEBUG - Generated HTTPS SYN from h3:15063 -> h5:443 [len=54B]
2025-09-12 18:12:56 - [BENIGN] - DEBUG - Generated HTTPS SYN-ACK from h5:443 <- h3:15063 [len=54B]
2025-09-12 18:12:56 - [BENIGN] - DEBUG - Generated HTTPS ACK from h3:15063 -> h5:443 [len=54B]
2025-09-12 18:12:57 - [BENIGN] - DEBUG - Generated HTTPS data traffic from h3:15063 -> h5:443 [content='Encrypted Application Data'] [Session 47] [len=504B]
2025-09-12 18:12:58 - [BENIGN] - DEBUG - Generated HTTPS ACK reply from h5:443 <- h3:15063 [len=54B]
2025-09-12 18:12:58 - [BENIGN] - DEBUG - Generated DNS query from h3:13424 -> h5:53 [qname='example.com'] [Session 48] [len=71B]
2025-09-12 18:12:58 - [BENIGN] - DEBUG - Generated ICMP traffic h2↔h5 6 [len=84B]
2025-09-12 18:12:59 - [BENIGN] - DEBUG - Generated TCP SYN from h3:64918 -> h5:12345 [len=54B]
2025-09-12 18:13:00 - [BENIGN] - DEBUG - Generated TCP SYN-ACK from h5:12345 <- h3:64918 [len=54B]
2025-09-12 18:13:00 - [BENIGN] - DEBUG - Generated TCP ACK from h3:64918 -> h5:12345 [len=54B]
2025-09-12 18:13:01 - [BENIGN] - DEBUG - Generated TCP data traffic from h3:64918 -> h5:12345 [content='TCP data'] [Session 49] [len=734B]
2025-09-12 18:13:01 - [BENIGN] - DEBUG - Generated TCP ACK reply from h5:12345 <- h3:64918 [len=54B]
2025-09-12 18:13:02 - [BENIGN] - DEBUG - Generated UDP traffic from h3:65465 -> h5:12346 [content='610538c19999c829f14a4d9947c31f09bc404570...'] [Session 50] [len=791B]
2025-09-12 18:13:03 - [BENIGN] - DEBUG - Generated Telnet SYN from h3:44984 -> h5:23 [len=54B]
2025-09-12 18:13:03 - [BENIGN] - DEBUG - Generated Telnet SYN-ACK from h5:23 <- h3:44984 [len=54B]
2025-09-12 18:13:04 - [BENIGN] - DEBUG - Generated Telnet ACK from h3:44984 -> h5:23 [len=54B]
2025-09-12 18:13:05 - [BENIGN] - DEBUG - Generated Telnet data traffic from h3:44984 -> h5:23 [content='Telnet command'] [Session 51] [len=436B]
2025-09-12 18:13:05 - [BENIGN] - DEBUG - Generated Telnet ACK reply from h5:23 <- h3:44984 [len=54B]
2025-09-12 18:13:06 - [BENIGN] - DEBUG - Generated SSH SYN from h3:4171 -> h5:22 [len=54B]
2025-09-12 18:13:06 - [BENIGN] - DEBUG - Generated SSH SYN-ACK from h5:22 <- h3:4171 [len=54B]
2025-09-12 18:13:07 - [BENIGN] - DEBUG - Generated SSH ACK from h3:4171 -> h5:22 [len=54B]
2025-09-12 18:13:08 - [BENIGN] - DEBUG - Generated SSH data traffic from h3:4171 -> h5:22 [content='SSH encrypted data'] [Session 52] [len=273B]
2025-09-12 18:13:08 - [BENIGN] - DEBUG - Generated SSH ACK reply from h5:22 <- h3:4171 [len=54B]
2025-09-12 18:13:09 - [BENIGN] - DEBUG - Generated FTP SYN from h3:63493 -> h5:21 [len=54B]
2025-09-12 18:13:09 - [BENIGN] - DEBUG - Generated FTP SYN-ACK from h5:21 <- h3:63493 [len=54B]
2025-09-12 18:13:10 - [BENIGN] - DEBUG - Generated FTP ACK from h3:63493 -> h5:21 [len=54B]
2025-09-12 18:13:11 - [BENIGN] - DEBUG - Generated FTP data traffic from h3:63493 -> h5:21 [content='FTP file transfer'] [Session 53] [len=820B]
2025-09-12 18:13:11 - [BENIGN] - DEBUG - Generated FTP ACK reply from h5:21 <- h3:63493 [len=54B]
2025-09-12 18:13:12 - [BENIGN] - DEBUG - Generated HTTP SYN from h3:33801 -> h5:80 [len=54B]
2025-09-12 18:13:13 - [BENIGN] - DEBUG - Generated HTTP SYN-ACK from h5:80 <- h3:33801 [len=54B]
2025-09-12 18:13:13 - [BENIGN] - DEBUG - Generated HTTP ACK from h3:33801 -> h5:80 [len=54B]
2025-09-12 18:13:14 - [BENIGN] - DEBUG - Generated HTTP data traffic from h3:33801 -> h5:80 [content='GET /index.html HTTP/1.1'] [Session 54] [len=592B]
2025-09-12 18:13:14 - [BENIGN] - DEBUG - Generated HTTP ACK reply from h5:80 <- h3:33801 [len=54B]
2025-09-12 18:13:15 - [BENIGN] - DEBUG - Generated HTTPS SYN from h3:5261 -> h5:443 [len=54B]
2025-09-12 18:13:16 - [BENIGN] - DEBUG - Generated HTTPS SYN-ACK from h5:443 <- h3:5261 [len=54B]
2025-09-12 18:13:16 - [BENIGN] - DEBUG - Generated HTTPS ACK from h3:5261 -> h5:443 [len=54B]
2025-09-12 18:13:17 - [BENIGN] - DEBUG - Generated HTTPS data traffic from h3:5261 -> h5:443 [content='Encrypted Application Data'] [Session 55] [len=474B]
2025-09-12 18:13:18 - [BENIGN] - DEBUG - Generated HTTPS ACK reply from h5:443 <- h3:5261 [len=54B]
2025-09-12 18:13:18 - [BENIGN] - DEBUG - Generated DNS query from h3:59320 -> h5:53 [qname='example.com'] [Session 56] [len=71B]
2025-09-12 18:13:18 - [BENIGN] - DEBUG - Generated ICMP traffic h2↔h5 7 [len=84B]
2025-09-12 18:13:19 - [BENIGN] - DEBUG - Generated TCP SYN from h3:65405 -> h5:12345 [len=54B]
2025-09-12 18:13:19 - [BENIGN] - DEBUG - Generated TCP SYN-ACK from h5:12345 <- h3:65405 [len=54B]
2025-09-12 18:13:20 - [BENIGN] - DEBUG - Generated TCP ACK from h3:65405 -> h5:12345 [len=54B]
2025-09-12 18:13:21 - [BENIGN] - DEBUG - Generated TCP data traffic from h3:65405 -> h5:12345 [content='TCP data'] [Session 57] [len=1443B]
2025-09-12 18:13:21 - [BENIGN] - DEBUG - Generated TCP ACK reply from h5:12345 <- h3:65405 [len=54B]
2025-09-12 18:13:22 - [BENIGN] - DEBUG - Generated UDP traffic from h3:18493 -> h5:12346 [content='966c57b9729e78566301ac68bb39db81dd78cb78...'] [Session 58] [len=1411B]
2025-09-12 18:13:23 - [BENIGN] - DEBUG - Generated Telnet SYN from h3:55138 -> h5:23 [len=54B]
2025-09-12 18:13:23 - [BENIGN] - DEBUG - Generated Telnet SYN-ACK from h5:23 <- h3:55138 [len=54B]
2025-09-12 18:13:24 - [BENIGN] - DEBUG - Generated Telnet ACK from h3:55138 -> h5:23 [len=54B]
2025-09-12 18:13:24 - [BENIGN] - DEBUG - Generated Telnet data traffic from h3:55138 -> h5:23 [content='Telnet command'] [Session 59] [len=1007B]
2025-09-12 18:13:25 - [BENIGN] - DEBUG - Generated Telnet ACK reply from h5:23 <- h3:55138 [len=54B]
2025-09-12 18:13:26 - [BENIGN] - DEBUG - Generated SSH SYN from h3:21792 -> h5:22 [len=54B]
2025-09-12 18:13:26 - [BENIGN] - DEBUG - Generated SSH SYN-ACK from h5:22 <- h3:21792 [len=54B]
2025-09-12 18:13:27 - [BENIGN] - DEBUG - Generated SSH ACK from h3:21792 -> h5:22 [len=54B]
2025-09-12 18:13:28 - [BENIGN] - DEBUG - Generated SSH data traffic from h3:21792 -> h5:22 [content='SSH encrypted data'] [Session 60] [len=1215B]
2025-09-12 18:13:28 - [BENIGN] - DEBUG - Generated SSH ACK reply from h5:22 <- h3:21792 [len=54B]
2025-09-12 18:13:29 - [BENIGN] - DEBUG - Generated FTP SYN from h3:46778 -> h5:21 [len=54B]
2025-09-12 18:13:29 - [BENIGN] - DEBUG - Generated FTP SYN-ACK from h5:21 <- h3:46778 [len=54B]
2025-09-12 18:13:30 - [BENIGN] - DEBUG - Generated FTP ACK from h3:46778 -> h5:21 [len=54B]
2025-09-12 18:13:31 - [BENIGN] - DEBUG - Generated FTP data traffic from h3:46778 -> h5:21 [content='FTP file transfer'] [Session 61] [len=483B]
2025-09-12 18:13:31 - [BENIGN] - DEBUG - Generated FTP ACK reply from h5:21 <- h3:46778 [len=54B]
2025-09-12 18:13:32 - [BENIGN] - DEBUG - Generated HTTP SYN from h3:9828 -> h5:80 [len=54B]
2025-09-12 18:13:33 - [BENIGN] - DEBUG - Generated HTTP SYN-ACK from h5:80 <- h3:9828 [len=54B]
2025-09-12 18:13:33 - [BENIGN] - DEBUG - Generated HTTP ACK from h3:9828 -> h5:80 [len=54B]
2025-09-12 18:13:34 - [BENIGN] - DEBUG - Generated HTTP data traffic from h3:9828 -> h5:80 [content='GET /index.html HTTP/1.1'] [Session 62] [len=388B]
2025-09-12 18:13:34 - [BENIGN] - DEBUG - Generated HTTP ACK reply from h5:80 <- h3:9828 [len=54B]
2025-09-12 18:13:35 - [BENIGN] - DEBUG - Generated HTTPS SYN from h3:21009 -> h5:443 [len=54B]
2025-09-12 18:13:36 - [BENIGN] - DEBUG - Generated HTTPS SYN-ACK from h5:443 <- h3:21009 [len=54B]
2025-09-12 18:13:36 - [BENIGN] - DEBUG - Generated HTTPS ACK from h3:21009 -> h5:443 [len=54B]
2025-09-12 18:13:37 - [BENIGN] - DEBUG - Generated HTTPS data traffic from h3:21009 -> h5:443 [content='Encrypted Application Data'] [Session 63] [len=319B]
2025-09-12 18:13:38 - [BENIGN] - DEBUG - Generated HTTPS ACK reply from h5:443 <- h3:21009 [len=54B]
2025-09-12 18:13:38 - [BENIGN] - DEBUG - Generated DNS query from h3:17468 -> h5:53 [qname='example.com'] [Session 64] [len=71B]
2025-09-12 18:13:38 - [BENIGN] - DEBUG - Generated ICMP traffic h2↔h5 8 [len=84B]
2025-09-12 18:13:39 - [BENIGN] - DEBUG - Generated TCP SYN from h3:28988 -> h5:12345 [len=54B]
2025-09-12 18:13:40 - [BENIGN] - DEBUG - Generated TCP SYN-ACK from h5:12345 <- h3:28988 [len=54B]
2025-09-12 18:13:40 - [BENIGN] - DEBUG - Generated TCP ACK from h3:28988 -> h5:12345 [len=54B]
2025-09-12 18:13:41 - [BENIGN] - DEBUG - Generated TCP data traffic from h3:28988 -> h5:12345 [content='TCP data'] [Session 65] [len=644B]
2025-09-12 18:13:42 - [BENIGN] - DEBUG - Generated TCP ACK reply from h5:12345 <- h3:28988 [len=54B]
2025-09-12 18:13:42 - [BENIGN] - DEBUG - Generated UDP traffic from h3:11840 -> h5:12346 [content='926ae508b2632bb5e65694f460333b625c92310d...'] [Session 66] [len=151B]
2025-09-12 18:13:43 - [BENIGN] - DEBUG - Generated Telnet SYN from h3:7495 -> h5:23 [len=54B]
2025-09-12 18:13:43 - [BENIGN] - DEBUG - Generated Telnet SYN-ACK from h5:23 <- h3:7495 [len=54B]
2025-09-12 18:13:44 - [BENIGN] - DEBUG - Generated Telnet ACK from h3:7495 -> h5:23 [len=54B]
2025-09-12 18:13:45 - [BENIGN] - DEBUG - Generated Telnet data traffic from h3:7495 -> h5:23 [content='Telnet command'] [Session 67] [len=1056B]
2025-09-12 18:13:45 - [BENIGN] - DEBUG - Generated Telnet ACK reply from h5:23 <- h3:7495 [len=54B]
2025-09-12 18:13:46 - [BENIGN] - DEBUG - Generated SSH SYN from h3:34268 -> h5:22 [len=54B]
2025-09-12 18:13:47 - [BENIGN] - DEBUG - Generated SSH SYN-ACK from h5:22 <- h3:34268 [len=54B]
2025-09-12 18:13:47 - [BENIGN] - DEBUG - Generated SSH ACK from h3:34268 -> h5:22 [len=54B]
2025-09-12 18:13:48 - [BENIGN] - DEBUG - Generated SSH data traffic from h3:34268 -> h5:22 [content='SSH encrypted data'] [Session 68] [len=456B]
2025-09-12 18:13:48 - [BENIGN] - DEBUG - Generated SSH ACK reply from h5:22 <- h3:34268 [len=54B]
2025-09-12 18:13:49 - [BENIGN] - DEBUG - Generated FTP SYN from h3:28349 -> h5:21 [len=54B]
2025-09-12 18:13:50 - [BENIGN] - DEBUG - Generated FTP SYN-ACK from h5:21 <- h3:28349 [len=54B]
2025-09-12 18:13:50 - [BENIGN] - DEBUG - Generated FTP ACK from h3:28349 -> h5:21 [len=54B]
2025-09-12 18:13:51 - [BENIGN] - DEBUG - Generated FTP data traffic from h3:28349 -> h5:21 [content='FTP file transfer'] [Session 69] [len=147B]
2025-09-12 18:13:52 - [BENIGN] - DEBUG - Generated FTP ACK reply from h5:21 <- h3:28349 [len=54B]
2025-09-12 18:13:52 - [BENIGN] - DEBUG - Generated HTTP SYN from h3:5660 -> h5:80 [len=54B]
2025-09-12 18:13:53 - [BENIGN] - DEBUG - Generated HTTP SYN-ACK from h5:80 <- h3:5660 [len=54B]
2025-09-12 18:13:53 - [BENIGN] - DEBUG - Generated HTTP ACK from h3:5660 -> h5:80 [len=54B]
2025-09-12 18:13:54 - [BENIGN] - DEBUG - Generated HTTP data traffic from h3:5660 -> h5:80 [content='GET /index.html HTTP/1.1'] [Session 70] [len=580B]
2025-09-12 18:13:55 - [BENIGN] - DEBUG - Generated HTTP ACK reply from h5:80 <- h3:5660 [len=54B]
2025-09-12 18:13:55 - [BENIGN] - DEBUG - Generated HTTPS SYN from h3:42890 -> h5:443 [len=54B]
2025-09-12 18:13:56 - [BENIGN] - DEBUG - Generated HTTPS SYN-ACK from h5:443 <- h3:42890 [len=54B]
2025-09-12 18:13:57 - [BENIGN] - DEBUG - Generated HTTPS ACK from h3:42890 -> h5:443 [len=54B]
2025-09-12 18:13:57 - [BENIGN] - DEBUG - Generated HTTPS data traffic from h3:42890 -> h5:443 [content='Encrypted Application Data'] [Session 71] [len=393B]
2025-09-12 18:13:58 - [BENIGN] - DEBUG - Generated HTTPS ACK reply from h5:443 <- h3:42890 [len=54B]
2025-09-12 18:13:59 - [BENIGN] - DEBUG - Generated DNS query from h3:43389 -> h5:53 [qname='example.com'] [Session 72] [len=71B]
2025-09-12 18:13:59 - [BENIGN] - DEBUG - Generated ICMP traffic h2↔h5 9 [len=84B]
2025-09-12 18:13:59 - [BENIGN] - DEBUG - Generated TCP SYN from h3:60216 -> h5:12345 [len=54B]
2025-09-12 18:14:00 - [BENIGN] - DEBUG - Generated TCP SYN-ACK from h5:12345 <- h3:60216 [len=54B]
2025-09-12 18:14:00 - [BENIGN] - DEBUG - Generated TCP ACK from h3:60216 -> h5:12345 [len=54B]
2025-09-12 18:14:01 - [BENIGN] - DEBUG - Generated TCP data traffic from h3:60216 -> h5:12345 [content='TCP data'] [Session 73] [len=1363B]
2025-09-12 18:14:02 - [BENIGN] - DEBUG - Generated TCP ACK reply from h5:12345 <- h3:60216 [len=54B]
2025-09-12 18:14:02 - [BENIGN] - DEBUG - Generated UDP traffic from h3:21188 -> h5:12346 [content='396c427461b6a0eb6437220a597b56fb9c83d18e...'] [Session 74] [len=1219B]
2025-09-12 18:14:03 - [BENIGN] - DEBUG - Generated Telnet SYN from h3:36786 -> h5:23 [len=54B]
2025-09-12 18:14:04 - [BENIGN] - DEBUG - Generated Telnet SYN-ACK from h5:23 <- h3:36786 [len=54B]
2025-09-12 18:14:04 - [BENIGN] - DEBUG - Generated Telnet ACK from h3:36786 -> h5:23 [len=54B]
2025-09-12 18:14:05 - [BENIGN] - DEBUG - Generated Telnet data traffic from h3:36786 -> h5:23 [content='Telnet command'] [Session 75] [len=414B]
2025-09-12 18:14:05 - [BENIGN] - DEBUG - Generated Telnet ACK reply from h5:23 <- h3:36786 [len=54B]
2025-09-12 18:14:06 - [BENIGN] - DEBUG - Generated SSH SYN from h3:65311 -> h5:22 [len=54B]
2025-09-12 18:14:07 - [BENIGN] - DEBUG - Generated SSH SYN-ACK from h5:22 <- h3:65311 [len=54B]
2025-09-12 18:14:07 - [BENIGN] - DEBUG - Generated SSH ACK from h3:65311 -> h5:22 [len=54B]
2025-09-12 18:14:08 - [BENIGN] - DEBUG - Generated SSH data traffic from h3:65311 -> h5:22 [content='SSH encrypted data'] [Session 76] [len=1450B]
2025-09-12 18:14:09 - [BENIGN] - DEBUG - Generated SSH ACK reply from h5:22 <- h3:65311 [len=54B]
2025-09-12 18:14:09 - [BENIGN] - DEBUG - Generated FTP SYN from h3:63388 -> h5:21 [len=54B]
2025-09-12 18:14:10 - [BENIGN] - DEBUG - Generated FTP SYN-ACK from h5:21 <- h3:63388 [len=54B]
2025-09-12 18:14:10 - [BENIGN] - DEBUG - Generated FTP ACK from h3:63388 -> h5:21 [len=54B]
2025-09-12 18:14:11 - [BENIGN] - DEBUG - Generated FTP data traffic from h3:63388 -> h5:21 [content='FTP file transfer'] [Session 77] [len=157B]
2025-09-12 18:14:12 - [BENIGN] - DEBUG - Generated FTP ACK reply from h5:21 <- h3:63388 [len=54B]
2025-09-12 18:14:12 - [BENIGN] - DEBUG - Generated HTTP SYN from h3:52947 -> h5:80 [len=54B]
2025-09-12 18:14:13 - [BENIGN] - DEBUG - Generated HTTP SYN-ACK from h5:80 <- h3:52947 [len=54B]
2025-09-12 18:14:14 - [BENIGN] - DEBUG - Generated HTTP ACK from h3:52947 -> h5:80 [len=54B]
2025-09-12 18:14:14 - [BENIGN] - DEBUG - Generated HTTP data traffic from h3:52947 -> h5:80 [content='GET /index.html HTTP/1.1'] [Session 78] [len=434B]
2025-09-12 18:14:15 - [BENIGN] - DEBUG - Generated HTTP ACK reply from h5:80 <- h3:52947 [len=54B]
2025-09-12 18:14:15 - [BENIGN] - DEBUG - Generated HTTPS SYN from h3:56585 -> h5:443 [len=54B]
2025-09-12 18:14:16 - [BENIGN] - DEBUG - Generated HTTPS SYN-ACK from h5:443 <- h3:56585 [len=54B]
2025-09-12 18:14:17 - [BENIGN] - DEBUG - Generated HTTPS ACK from h3:56585 -> h5:443 [len=54B]
2025-09-12 18:14:17 - [BENIGN] - DEBUG - Generated HTTPS data traffic from h3:56585 -> h5:443 [content='Encrypted Application Data'] [Session 79] [len=383B]
2025-09-12 18:14:18 - [BENIGN] - DEBUG - Generated HTTPS ACK reply from h5:443 <- h3:56585 [len=54B]
2025-09-12 18:14:19 - [BENIGN] - DEBUG - Generated DNS query from h3:32881 -> h5:53 [qname='example.com'] [Session 80] [len=71B]
2025-09-12 18:14:19 - [BENIGN] - INFO - Benign traffic finished.
2025-09-12 18:14:19 - [BENIGN] - INFO - Summary: 80 protocol sessions with protocol separation:
2025-09-12 18:14:19 - [BENIGN] - INFO -   - h2↔h5: ICMP ping traffic
2025-09-12 18:14:19 - [BENIGN] - INFO -   - h3↔h5: TCP/UDP traffic [TCP, UDP, Telnet, SSH, FTP, HTTP, HTTPS, DNS]
2025-09-12 18:14:19 - [BENIGN] - INFO - Total packets sent: 340
