2025-09-12 19:36:29,813 - attack_logger - INFO - Attack: Enhanced SYN Flood (11s) | h1 -> h6
2025-09-12 19:36:32,336 - attack_logger - INFO - [syn_flood] [Run ID: 3aa5c53f-b397-4bf4-aebb-a926c45275da] Starting Enhanced SYN Flood from h1 to 192.168.30.10 for 11 seconds.
2025-09-12 19:36:32,336 - attack_logger - INFO - [syn_flood] [Run ID: 3aa5c53f-b397-4bf4-aebb-a926c45275da] Attack Phase: Enhanced Traditional SYN Flood - Attacker: h1, Target: 192.168.30.10:80, Duration: 11s
2025-09-12 19:36:32,336 - attack_logger - INFO - [syn_flood] [Run ID: 3aa5c53f-b397-4bf4-aebb-a926c45275da] Enhanced Features: Human-like timing, protocol compliance, network delay simulation
2025-09-12 19:36:32,337 - attack_logger - INFO - [syn_flood] [Run ID: 3aa5c53f-b397-4bf4-aebb-a926c45275da] Session pattern: 1 phases, Circadian factor: 0.60, Workday factor: 0.60
2025-09-12 19:36:32,337 - attack_logger - DEBUG - [syn_flood] [Run ID: 3aa5c53f-b397-4bf4-aebb-a926c45275da] Starting enhanced SYN packet generation with human-like timing
2025-09-12 19:36:32,337 - attack_logger - INFO - [syn_flood] [Run ID: 3aa5c53f-b397-4bf4-aebb-a926c45275da] Stress phase: 3s, Advanced phase: 8s
2025-09-12 19:36:35,921 - attack_logger - INFO - [syn_flood] [Run ID: 3aa5c53f-b397-4bf4-aebb-a926c45275da] Stress phase completed
2025-09-12 19:36:35,931 - attack_logger - INFO - [syn_flood] [Run ID: 3aa5c53f-b397-4bf4-aebb-a926c45275da] Enhanced SYN flood process started (PID: 27329)
2025-09-12 19:36:37,005 - attack_logger - INFO - [syn_flood] [Run ID: 3aa5c53f-b397-4bf4-aebb-a926c45275da] Attack progress: 1.1s elapsed, ~6 packets sent, Rate: 5.5 pps, Phase: active (intensity: 0.84)
2025-09-12 19:36:37,005 - attack_logger - DEBUG - [syn_flood] [Run ID: 3aa5c53f-b397-4bf4-aebb-a926c45275da] Process stats - CPU: 0.0%, Memory: 60.3MB
2025-09-12 19:36:37,005 - attack_logger - DEBUG - [syn_flood] [Run ID: 3aa5c53f-b397-4bf4-aebb-a926c45275da] Timing factors - Circadian: 0.60, Workday: 0.60, Adjusted rate: 6.3 pps
2025-09-12 19:36:38,037 - attack_logger - INFO - [syn_flood] [Run ID: 3aa5c53f-b397-4bf4-aebb-a926c45275da] Attack progress: 2.1s elapsed, ~17 packets sent, Rate: 8.0 pps, Phase: active (intensity: 0.84)
2025-09-12 19:36:38,037 - attack_logger - DEBUG - [syn_flood] [Run ID: 3aa5c53f-b397-4bf4-aebb-a926c45275da] Process stats - CPU: 0.0%, Memory: 60.5MB
2025-09-12 19:36:38,037 - attack_logger - DEBUG - [syn_flood] [Run ID: 3aa5c53f-b397-4bf4-aebb-a926c45275da] Timing factors - Circadian: 0.60, Workday: 0.60, Adjusted rate: 8.5 pps
2025-09-12 19:36:39,058 - attack_logger - INFO - [syn_flood] [Run ID: 3aa5c53f-b397-4bf4-aebb-a926c45275da] Attack progress: 3.1s elapsed, ~26 packets sent, Rate: 8.3 pps, Phase: active (intensity: 0.84)
2025-09-12 19:36:39,058 - attack_logger - DEBUG - [syn_flood] [Run ID: 3aa5c53f-b397-4bf4-aebb-a926c45275da] Process stats - CPU: 0.0%, Memory: 60.5MB
2025-09-12 19:36:39,058 - attack_logger - DEBUG - [syn_flood] [Run ID: 3aa5c53f-b397-4bf4-aebb-a926c45275da] Timing factors - Circadian: 0.60, Workday: 0.60, Adjusted rate: 8.6 pps
2025-09-12 19:36:40,072 - attack_logger - INFO - [syn_flood] [Run ID: 3aa5c53f-b397-4bf4-aebb-a926c45275da] Attack progress: 4.2s elapsed, ~36 packets sent, Rate: 8.7 pps, Phase: active (intensity: 0.84)
2025-09-12 19:36:40,072 - attack_logger - DEBUG - [syn_flood] [Run ID: 3aa5c53f-b397-4bf4-aebb-a926c45275da] Process stats - CPU: 0.0%, Memory: 60.5MB
2025-09-12 19:36:40,072 - attack_logger - DEBUG - [syn_flood] [Run ID: 3aa5c53f-b397-4bf4-aebb-a926c45275da] Timing factors - Circadian: 0.60, Workday: 0.60, Adjusted rate: 8.9 pps
2025-09-12 19:36:41,161 - attack_logger - INFO - [syn_flood] [Run ID: 3aa5c53f-b397-4bf4-aebb-a926c45275da] Attack progress: 5.2s elapsed, ~37 packets sent, Rate: 7.1 pps, Phase: active (intensity: 0.84)
2025-09-12 19:36:41,161 - attack_logger - DEBUG - [syn_flood] [Run ID: 3aa5c53f-b397-4bf4-aebb-a926c45275da] Process stats - CPU: 0.0%, Memory: 60.5MB
2025-09-12 19:36:41,161 - attack_logger - DEBUG - [syn_flood] [Run ID: 3aa5c53f-b397-4bf4-aebb-a926c45275da] Timing factors - Circadian: 0.60, Workday: 0.60, Adjusted rate: 7.1 pps
2025-09-12 19:36:42,182 - attack_logger - INFO - [syn_flood] [Run ID: 3aa5c53f-b397-4bf4-aebb-a926c45275da] Attack progress: 6.3s elapsed, ~52 packets sent, Rate: 8.3 pps, Phase: active (intensity: 0.84)
2025-09-12 19:36:42,182 - attack_logger - DEBUG - [syn_flood] [Run ID: 3aa5c53f-b397-4bf4-aebb-a926c45275da] Process stats - CPU: 0.0%, Memory: 60.5MB
2025-09-12 19:36:42,182 - attack_logger - DEBUG - [syn_flood] [Run ID: 3aa5c53f-b397-4bf4-aebb-a926c45275da] Timing factors - Circadian: 0.60, Workday: 0.60, Adjusted rate: 8.4 pps
2025-09-12 19:36:43,192 - attack_logger - INFO - [syn_flood] [Run ID: 3aa5c53f-b397-4bf4-aebb-a926c45275da] Attack progress: 7.3s elapsed, ~60 packets sent, Rate: 8.3 pps, Phase: active (intensity: 0.84)
2025-09-12 19:36:43,192 - attack_logger - DEBUG - [syn_flood] [Run ID: 3aa5c53f-b397-4bf4-aebb-a926c45275da] Process stats - CPU: 0.0%, Memory: 60.5MB
2025-09-12 19:36:43,192 - attack_logger - DEBUG - [syn_flood] [Run ID: 3aa5c53f-b397-4bf4-aebb-a926c45275da] Timing factors - Circadian: 0.60, Workday: 0.60, Adjusted rate: 8.4 pps
2025-09-12 19:36:43,967 - attack_logger - DEBUG - [syn_flood] [Run ID: 3aa5c53f-b397-4bf4-aebb-a926c45275da] Sent SIGINT to SYN flood process 27329
2025-09-12 19:36:44,468 - attack_logger - INFO - [syn_flood] [Run ID: 3aa5c53f-b397-4bf4-aebb-a926c45275da] Enhanced SYN Flood from h1 to 192.168.30.10 finished.
2025-09-12 19:36:44,468 - attack_logger - INFO - [syn_flood] [Run ID: 3aa5c53f-b397-4bf4-aebb-a926c45275da] Attack completed. Total packets sent = 63, Average rate = 7.83 packets/sec.
2025-09-12 19:36:44,468 - attack_logger - INFO - [syn_flood] [Run ID: 3aa5c53f-b397-4bf4-aebb-a926c45275da] --- Enhanced Attack Summary ---
2025-09-12 19:36:44,468 - attack_logger - INFO - [syn_flood] [Run ID: 3aa5c53f-b397-4bf4-aebb-a926c45275da] Total packets sent: 63
2025-09-12 19:36:44,468 - attack_logger - INFO - [syn_flood] [Run ID: 3aa5c53f-b397-4bf4-aebb-a926c45275da] Actual duration: 8.05s
2025-09-12 19:36:44,468 - attack_logger - INFO - [syn_flood] [Run ID: 3aa5c53f-b397-4bf4-aebb-a926c45275da] Average rate: 7.83 packets/sec
2025-09-12 19:36:44,468 - attack_logger - INFO - [syn_flood] [Run ID: 3aa5c53f-b397-4bf4-aebb-a926c45275da] Base rate: 21.8 pps
2025-09-12 19:36:44,469 - attack_logger - INFO - [syn_flood] [Run ID: 3aa5c53f-b397-4bf4-aebb-a926c45275da] Circadian factor: 0.60
2025-09-12 19:36:44,469 - attack_logger - INFO - [syn_flood] [Run ID: 3aa5c53f-b397-4bf4-aebb-a926c45275da] Workday factor: 0.60
2025-09-12 19:36:44,469 - attack_logger - INFO - [syn_flood] [Run ID: 3aa5c53f-b397-4bf4-aebb-a926c45275da] Session phases: 1
2025-09-12 19:36:44,469 - attack_logger - INFO - [syn_flood] [Run ID: 3aa5c53f-b397-4bf4-aebb-a926c45275da] Target port: 80
2025-09-12 19:36:44,469 - attack_logger - INFO - [syn_flood] [Run ID: 3aa5c53f-b397-4bf4-aebb-a926c45275da] Attack method: Enhanced SYN Flood with Human-like Timing
2025-09-12 19:36:44,469 - attack_logger - INFO - [syn_flood] [Run ID: 3aa5c53f-b397-4bf4-aebb-a926c45275da] Enhancement features: Human timing patterns, protocol compliance, network delay simulation
2025-09-12 19:36:44,469 - attack_logger - INFO - [syn_flood] [Run ID: 3aa5c53f-b397-4bf4-aebb-a926c45275da] TCP options: MSS, WScale, Timestamp, SAckOK
2025-09-12 19:36:44,469 - attack_logger - INFO - [syn_flood] [Run ID: 3aa5c53f-b397-4bf4-aebb-a926c45275da] ----------------------------------------
2025-09-12 19:36:44,543 - attack_logger - INFO - Attack: Enhanced SYN Flood completed.
2025-09-12 19:36:44,543 - attack_logger - INFO - Attack: Enhanced UDP Flood (22s) | h1 -> h6
2025-09-12 19:36:47,062 - attack_logger - INFO - [udp_flood] [Run ID: 1d6337a0-8a4f-4069-9216-1cb6331c42b8] Starting Enhanced UDP Flood from h1 to 192.168.30.10 for 22 seconds.
2025-09-12 19:36:47,062 - attack_logger - INFO - [udp_flood] [Run ID: 1d6337a0-8a4f-4069-9216-1cb6331c42b8] Attack Phase: Enhanced Traditional UDP Flood - Attacker: h1, Target: 192.168.30.10:53, Duration: 22s
2025-09-12 19:36:47,062 - attack_logger - INFO - [udp_flood] [Run ID: 1d6337a0-8a4f-4069-9216-1cb6331c42b8] Enhanced Features: Human-like timing, protocol compliance, network delay simulation
2025-09-12 19:36:47,062 - attack_logger - INFO - [udp_flood] [Run ID: 1d6337a0-8a4f-4069-9216-1cb6331c42b8] Stress phase: 6s, Advanced phase: 16s
2025-09-12 19:36:53,613 - attack_logger - INFO - [udp_flood] [Run ID: 1d6337a0-8a4f-4069-9216-1cb6331c42b8] Stress phase completed
2025-09-12 19:36:53,613 - attack_logger - INFO - [udp_flood] [Run ID: 1d6337a0-8a4f-4069-9216-1cb6331c42b8] Session pattern: 1 phases, Circadian factor: 0.60, Workday factor: 0.60
2025-09-12 19:36:53,613 - attack_logger - DEBUG - [udp_flood] [Run ID: 1d6337a0-8a4f-4069-9216-1cb6331c42b8] Starting enhanced UDP packet generation with human-like timing
2025-09-12 19:36:53,620 - attack_logger - INFO - [udp_flood] [Run ID: 1d6337a0-8a4f-4069-9216-1cb6331c42b8] Enhanced UDP flood process started (PID: 27338)
2025-09-12 19:36:56,711 - attack_logger - INFO - [udp_flood] [Run ID: 1d6337a0-8a4f-4069-9216-1cb6331c42b8] Attack progress: 3.1s elapsed, ~24 packets sent, Rate: 7.7 pps, Phase: active (intensity: 0.96)
2025-09-12 19:36:56,711 - attack_logger - DEBUG - [udp_flood] [Run ID: 1d6337a0-8a4f-4069-9216-1cb6331c42b8] Process stats - CPU: 0.0%, Memory: 60.2MB
2025-09-12 19:36:56,711 - attack_logger - DEBUG - [udp_flood] [Run ID: 1d6337a0-8a4f-4069-9216-1cb6331c42b8] Timing factors - Circadian: 0.60, Workday: 0.60, Adjusted rate: 8.0 pps
2025-09-12 19:36:59,792 - attack_logger - INFO - [udp_flood] [Run ID: 1d6337a0-8a4f-4069-9216-1cb6331c42b8] Attack progress: 6.2s elapsed, ~56 packets sent, Rate: 9.1 pps, Phase: active (intensity: 0.96)
2025-09-12 19:36:59,792 - attack_logger - DEBUG - [udp_flood] [Run ID: 1d6337a0-8a4f-4069-9216-1cb6331c42b8] Process stats - CPU: 0.0%, Memory: 60.2MB
2025-09-12 19:36:59,792 - attack_logger - DEBUG - [udp_flood] [Run ID: 1d6337a0-8a4f-4069-9216-1cb6331c42b8] Timing factors - Circadian: 0.60, Workday: 0.60, Adjusted rate: 9.2 pps
2025-09-12 19:37:02,831 - attack_logger - INFO - [udp_flood] [Run ID: 1d6337a0-8a4f-4069-9216-1cb6331c42b8] Attack progress: 9.2s elapsed, ~78 packets sent, Rate: 8.5 pps, Phase: active (intensity: 0.96)
2025-09-12 19:37:02,832 - attack_logger - DEBUG - [udp_flood] [Run ID: 1d6337a0-8a4f-4069-9216-1cb6331c42b8] Process stats - CPU: 0.0%, Memory: 60.2MB
2025-09-12 19:37:02,832 - attack_logger - DEBUG - [udp_flood] [Run ID: 1d6337a0-8a4f-4069-9216-1cb6331c42b8] Timing factors - Circadian: 0.60, Workday: 0.60, Adjusted rate: 8.5 pps
2025-09-12 19:37:05,924 - attack_logger - INFO - [udp_flood] [Run ID: 1d6337a0-8a4f-4069-9216-1cb6331c42b8] Attack progress: 12.3s elapsed, ~93 packets sent, Rate: 7.6 pps, Phase: active (intensity: 0.96)
2025-09-12 19:37:05,924 - attack_logger - DEBUG - [udp_flood] [Run ID: 1d6337a0-8a4f-4069-9216-1cb6331c42b8] Process stats - CPU: 0.0%, Memory: 60.2MB
2025-09-12 19:37:05,924 - attack_logger - DEBUG - [udp_flood] [Run ID: 1d6337a0-8a4f-4069-9216-1cb6331c42b8] Timing factors - Circadian: 0.60, Workday: 0.60, Adjusted rate: 7.6 pps
2025-09-12 19:37:08,944 - attack_logger - INFO - [udp_flood] [Run ID: 1d6337a0-8a4f-4069-9216-1cb6331c42b8] Attack progress: 15.3s elapsed, ~157 packets sent, Rate: 10.2 pps, Phase: active (intensity: 0.96)
2025-09-12 19:37:08,944 - attack_logger - DEBUG - [udp_flood] [Run ID: 1d6337a0-8a4f-4069-9216-1cb6331c42b8] Process stats - CPU: 0.0%, Memory: 60.2MB
2025-09-12 19:37:08,944 - attack_logger - DEBUG - [udp_flood] [Run ID: 1d6337a0-8a4f-4069-9216-1cb6331c42b8] Timing factors - Circadian: 0.60, Workday: 0.60, Adjusted rate: 10.3 pps
2025-09-12 19:37:09,717 - attack_logger - DEBUG - [udp_flood] [Run ID: 1d6337a0-8a4f-4069-9216-1cb6331c42b8] Sent SIGINT to UDP flood process 27338
2025-09-12 19:37:10,222 - attack_logger - INFO - [udp_flood] [Run ID: 1d6337a0-8a4f-4069-9216-1cb6331c42b8] Enhanced UDP Flood from h1 to 192.168.30.10 finished.
2025-09-12 19:37:10,222 - attack_logger - INFO - [udp_flood] [Run ID: 1d6337a0-8a4f-4069-9216-1cb6331c42b8] Attack completed. Total packets sent = 173, Average rate = 10.74 packets/sec.
2025-09-12 19:37:10,222 - attack_logger - INFO - [udp_flood] [Run ID: 1d6337a0-8a4f-4069-9216-1cb6331c42b8] --- Enhanced Attack Summary ---
2025-09-12 19:37:10,222 - attack_logger - INFO - [udp_flood] [Run ID: 1d6337a0-8a4f-4069-9216-1cb6331c42b8] Total packets sent: 173
2025-09-12 19:37:10,222 - attack_logger - INFO - [udp_flood] [Run ID: 1d6337a0-8a4f-4069-9216-1cb6331c42b8] Actual duration: 16.10s
2025-09-12 19:37:10,222 - attack_logger - INFO - [udp_flood] [Run ID: 1d6337a0-8a4f-4069-9216-1cb6331c42b8] Average rate: 10.74 packets/sec
2025-09-12 19:37:10,222 - attack_logger - INFO - [udp_flood] [Run ID: 1d6337a0-8a4f-4069-9216-1cb6331c42b8] Base rate: 29.9 pps
2025-09-12 19:37:10,222 - attack_logger - INFO - [udp_flood] [Run ID: 1d6337a0-8a4f-4069-9216-1cb6331c42b8] Circadian factor: 0.60
2025-09-12 19:37:10,222 - attack_logger - INFO - [udp_flood] [Run ID: 1d6337a0-8a4f-4069-9216-1cb6331c42b8] Workday factor: 0.60
2025-09-12 19:37:10,222 - attack_logger - INFO - [udp_flood] [Run ID: 1d6337a0-8a4f-4069-9216-1cb6331c42b8] Session phases: 1
2025-09-12 19:37:10,222 - attack_logger - INFO - [udp_flood] [Run ID: 1d6337a0-8a4f-4069-9216-1cb6331c42b8] Target port: 53 (DNS)
2025-09-12 19:37:10,222 - attack_logger - INFO - [udp_flood] [Run ID: 1d6337a0-8a4f-4069-9216-1cb6331c42b8] Attack method: Enhanced UDP Flood with Human-like Timing
2025-09-12 19:37:10,222 - attack_logger - INFO - [udp_flood] [Run ID: 1d6337a0-8a4f-4069-9216-1cb6331c42b8] Enhancement features: Human timing patterns, protocol compliance, network delay simulation
2025-09-12 19:37:10,222 - attack_logger - INFO - [udp_flood] [Run ID: 1d6337a0-8a4f-4069-9216-1cb6331c42b8] DNS payloads: Realistic query patterns with varied domains
2025-09-12 19:37:10,222 - attack_logger - INFO - [udp_flood] [Run ID: 1d6337a0-8a4f-4069-9216-1cb6331c42b8] ----------------------------------------
2025-09-12 19:37:10,267 - attack_logger - INFO - Attack: Enhanced UDP Flood completed.
2025-09-12 19:37:10,267 - attack_logger - INFO - Attack: Enhanced ICMP Flood (11s) | h1 -> h4
2025-09-12 19:37:12,787 - attack_logger - INFO - [icmp_flood] [Run ID: 00f185ed-50a8-497e-9dc9-596168745dd4] Starting Enhanced ICMP Flood with RFC 1918 IP Rotation from h1 to 192.168.20.12 for 11 seconds.
2025-09-12 19:37:12,788 - attack_logger - INFO - [icmp_flood] [Run ID: 00f185ed-50a8-497e-9dc9-596168745dd4] Attack Phase: Enhanced Traditional ICMP Flood - Attacker: h1, Target: 192.168.20.12, Duration: 11s
2025-09-12 19:37:12,788 - attack_logger - INFO - [icmp_flood] [Run ID: 00f185ed-50a8-497e-9dc9-596168745dd4] Enhanced Features: RFC 1918 IP rotation, human-like timing, protocol compliance, network delay simulation
2025-09-12 19:37:12,788 - attack_logger - INFO - [icmp_flood] [Run ID: 00f185ed-50a8-497e-9dc9-596168745dd4] IP Pool Size: 50 source IPs from RFC 1918 ranges (10.0.0.0/8, 172.16.0.0/12, 192.168.0.0/16)
2025-09-12 19:37:12,788 - attack_logger - INFO - [icmp_flood] [Run ID: 00f185ed-50a8-497e-9dc9-596168745dd4] Stress phase total: 3s (host: 1s, gateway: 2s), Advanced phase: 8s
2025-09-12 19:37:14,387 - attack_logger - INFO - [icmp_flood] [Run ID: 00f185ed-50a8-497e-9dc9-596168745dd4] Host stress sub-phase completed
2025-09-12 19:37:16,979 - attack_logger - INFO - [icmp_flood] [Run ID: 00f185ed-50a8-497e-9dc9-596168745dd4] Gateway stress sub-phase completed
2025-09-12 19:37:16,979 - attack_logger - INFO - [icmp_flood] [Run ID: 00f185ed-50a8-497e-9dc9-596168745dd4] Session pattern: 1 phases, Circadian factor: 0.60, Workday factor: 0.60
2025-09-12 19:37:16,979 - attack_logger - DEBUG - [icmp_flood] [Run ID: 00f185ed-50a8-497e-9dc9-596168745dd4] Starting enhanced ICMP packet generation with IP rotation and human-like timing
2025-09-12 19:37:16,988 - attack_logger - INFO - [icmp_flood] [Run ID: 00f185ed-50a8-497e-9dc9-596168745dd4] Enhanced ICMP flood with IP rotation process started (PID: 27351)
2025-09-12 19:37:18,009 - attack_logger - INFO - [icmp_flood] [Run ID: 00f185ed-50a8-497e-9dc9-596168745dd4] Attack progress: 1.0s elapsed, ~8 packets sent, Rate: 7.8 pps, IP rotations: ~0, Phase: active (intensity: 0.79)
2025-09-12 19:37:18,009 - attack_logger - DEBUG - [icmp_flood] [Run ID: 00f185ed-50a8-497e-9dc9-596168745dd4] Process stats - CPU: 0.0%, Memory: 60.5MB
2025-09-12 19:37:18,009 - attack_logger - DEBUG - [icmp_flood] [Run ID: 00f185ed-50a8-497e-9dc9-596168745dd4] Timing factors - Circadian: 0.60, Workday: 0.60, Adjusted rate: 8.4 pps
2025-09-12 19:37:19,083 - attack_logger - INFO - [icmp_flood] [Run ID: 00f185ed-50a8-497e-9dc9-596168745dd4] Attack progress: 2.1s elapsed, ~14 packets sent, Rate: 6.7 pps, IP rotations: ~0, Phase: active (intensity: 0.79)
2025-09-12 19:37:19,083 - attack_logger - DEBUG - [icmp_flood] [Run ID: 00f185ed-50a8-497e-9dc9-596168745dd4] Process stats - CPU: 0.0%, Memory: 60.5MB
2025-09-12 19:37:19,083 - attack_logger - DEBUG - [icmp_flood] [Run ID: 00f185ed-50a8-497e-9dc9-596168745dd4] Timing factors - Circadian: 0.60, Workday: 0.60, Adjusted rate: 6.7 pps
2025-09-12 19:37:20,117 - attack_logger - INFO - [icmp_flood] [Run ID: 00f185ed-50a8-497e-9dc9-596168745dd4] Attack progress: 3.1s elapsed, ~23 packets sent, Rate: 7.3 pps, IP rotations: ~1, Phase: active (intensity: 0.79)
2025-09-12 19:37:20,117 - attack_logger - DEBUG - [icmp_flood] [Run ID: 00f185ed-50a8-497e-9dc9-596168745dd4] Process stats - CPU: 0.0%, Memory: 60.5MB
2025-09-12 19:37:20,117 - attack_logger - DEBUG - [icmp_flood] [Run ID: 00f185ed-50a8-497e-9dc9-596168745dd4] Timing factors - Circadian: 0.60, Workday: 0.60, Adjusted rate: 7.6 pps
2025-09-12 19:37:21,198 - attack_logger - INFO - [icmp_flood] [Run ID: 00f185ed-50a8-497e-9dc9-596168745dd4] Attack progress: 4.2s elapsed, ~25 packets sent, Rate: 5.9 pps, IP rotations: ~1, Phase: active (intensity: 0.79)
2025-09-12 19:37:21,198 - attack_logger - DEBUG - [icmp_flood] [Run ID: 00f185ed-50a8-497e-9dc9-596168745dd4] Process stats - CPU: 0.0%, Memory: 60.5MB
2025-09-12 19:37:21,198 - attack_logger - DEBUG - [icmp_flood] [Run ID: 00f185ed-50a8-497e-9dc9-596168745dd4] Timing factors - Circadian: 0.60, Workday: 0.60, Adjusted rate: 6.0 pps
2025-09-12 19:37:22,297 - attack_logger - INFO - [icmp_flood] [Run ID: 00f185ed-50a8-497e-9dc9-596168745dd4] Attack progress: 5.3s elapsed, ~36 packets sent, Rate: 6.8 pps, IP rotations: ~2, Phase: active (intensity: 0.79)
2025-09-12 19:37:22,297 - attack_logger - DEBUG - [icmp_flood] [Run ID: 00f185ed-50a8-497e-9dc9-596168745dd4] Process stats - CPU: 0.0%, Memory: 60.5MB
2025-09-12 19:37:22,297 - attack_logger - DEBUG - [icmp_flood] [Run ID: 00f185ed-50a8-497e-9dc9-596168745dd4] Timing factors - Circadian: 0.60, Workday: 0.60, Adjusted rate: 6.8 pps
2025-09-12 19:37:23,329 - attack_logger - INFO - [icmp_flood] [Run ID: 00f185ed-50a8-497e-9dc9-596168745dd4] Attack progress: 6.3s elapsed, ~50 packets sent, Rate: 7.9 pps, IP rotations: ~3, Phase: active (intensity: 0.79)
2025-09-12 19:37:23,329 - attack_logger - DEBUG - [icmp_flood] [Run ID: 00f185ed-50a8-497e-9dc9-596168745dd4] Process stats - CPU: 0.0%, Memory: 60.5MB
2025-09-12 19:37:23,329 - attack_logger - DEBUG - [icmp_flood] [Run ID: 00f185ed-50a8-497e-9dc9-596168745dd4] Timing factors - Circadian: 0.60, Workday: 0.60, Adjusted rate: 8.0 pps
2025-09-12 19:37:24,338 - attack_logger - INFO - [icmp_flood] [Run ID: 00f185ed-50a8-497e-9dc9-596168745dd4] Attack progress: 7.4s elapsed, ~62 packets sent, Rate: 8.4 pps, IP rotations: ~4, Phase: active (intensity: 0.79)
2025-09-12 19:37:24,338 - attack_logger - DEBUG - [icmp_flood] [Run ID: 00f185ed-50a8-497e-9dc9-596168745dd4] Process stats - CPU: 0.0%, Memory: 60.5MB
2025-09-12 19:37:24,338 - attack_logger - DEBUG - [icmp_flood] [Run ID: 00f185ed-50a8-497e-9dc9-596168745dd4] Timing factors - Circadian: 0.60, Workday: 0.60, Adjusted rate: 8.5 pps
2025-09-12 19:37:25,064 - attack_logger - DEBUG - [icmp_flood] [Run ID: 00f185ed-50a8-497e-9dc9-596168745dd4] Sent SIGINT to ICMP flood process 27351
2025-09-12 19:37:25,568 - attack_logger - INFO - [icmp_flood] [Run ID: 00f185ed-50a8-497e-9dc9-596168745dd4] Enhanced ICMP Flood with RFC 1918 IP Rotation from h1 to 192.168.20.12 finished.
2025-09-12 19:37:25,568 - attack_logger - INFO - [icmp_flood] [Run ID: 00f185ed-50a8-497e-9dc9-596168745dd4] Attack completed. Total packets sent = 71, Average rate = 8.78 packets/sec.
2025-09-12 19:37:25,568 - attack_logger - INFO - [icmp_flood] [Run ID: 00f185ed-50a8-497e-9dc9-596168745dd4] --- Enhanced Attack Summary ---
2025-09-12 19:37:25,568 - attack_logger - INFO - [icmp_flood] [Run ID: 00f185ed-50a8-497e-9dc9-596168745dd4] Total packets sent: 71
2025-09-12 19:37:25,568 - attack_logger - INFO - [icmp_flood] [Run ID: 00f185ed-50a8-497e-9dc9-596168745dd4] Total IP rotations: ~4
2025-09-12 19:37:25,568 - attack_logger - INFO - [icmp_flood] [Run ID: 00f185ed-50a8-497e-9dc9-596168745dd4] RFC 1918 IP pool size: 50
2025-09-12 19:37:25,568 - attack_logger - INFO - [icmp_flood] [Run ID: 00f185ed-50a8-497e-9dc9-596168745dd4] IP ranges used: 10.0.0.0/8, 172.16.0.0/12, 192.168.0.0/16
2025-09-12 19:37:25,568 - attack_logger - INFO - [icmp_flood] [Run ID: 00f185ed-50a8-497e-9dc9-596168745dd4] Actual duration: 8.08s
2025-09-12 19:37:25,568 - attack_logger - INFO - [icmp_flood] [Run ID: 00f185ed-50a8-497e-9dc9-596168745dd4] Average rate: 8.78 packets/sec
2025-09-12 19:37:25,568 - attack_logger - INFO - [icmp_flood] [Run ID: 00f185ed-50a8-497e-9dc9-596168745dd4] Base rate: 24.5 pps
2025-09-12 19:37:25,568 - attack_logger - INFO - [icmp_flood] [Run ID: 00f185ed-50a8-497e-9dc9-596168745dd4] Circadian factor: 0.60
2025-09-12 19:37:25,569 - attack_logger - INFO - [icmp_flood] [Run ID: 00f185ed-50a8-497e-9dc9-596168745dd4] Workday factor: 0.60
2025-09-12 19:37:25,569 - attack_logger - INFO - [icmp_flood] [Run ID: 00f185ed-50a8-497e-9dc9-596168745dd4] Session phases: 1
2025-09-12 19:37:25,569 - attack_logger - INFO - [icmp_flood] [Run ID: 00f185ed-50a8-497e-9dc9-596168745dd4] ICMP type: Echo Request (8) with ID/Seq variations
2025-09-12 19:37:25,569 - attack_logger - INFO - [icmp_flood] [Run ID: 00f185ed-50a8-497e-9dc9-596168745dd4] Attack method: Enhanced ICMP Flood with RFC 1918 IP Rotation
2025-09-12 19:37:25,569 - attack_logger - INFO - [icmp_flood] [Run ID: 00f185ed-50a8-497e-9dc9-596168745dd4] Enhancement features: RFC 1918 IP rotation, human timing patterns, protocol compliance, network delay simulation
2025-09-12 19:37:25,569 - attack_logger - INFO - [icmp_flood] [Run ID: 00f185ed-50a8-497e-9dc9-596168745dd4] ----------------------------------------
2025-09-12 19:37:25,637 - attack_logger - INFO - Attack: Enhanced ICMP Flood completed.
2025-09-12 19:37:26,148 - attack_logger - INFO - Attack: ENHANCED Adversarial TCP State Exhaustion (8s) | h1 -> h6
2025-09-12 19:37:37,381 - attack_logger - INFO - Attack: ENHANCED Adversarial Application Layer (3s) | h1 -> h6
2025-09-12 19:37:43,678 - attack_logger - INFO - Attack: ENHANCED Adversarial Slow Read (9s) | h1 -> h6
2025-09-12 19:37:55,973 - attack_logger - INFO - Attack: ENHANCED Adversarial Slow Read completed.
