2025-09-12 19:33:07 - [BENIGN] - INFO - Starting benign traffic for 200 seconds...
2025-09-12 19:33:07 - [BENIGN] - INFO - Protocol separation: h2↔h5 (ICMP), h3↔h5 (TCP/UDP)
2025-09-12 19:33:07 - [BENIGN] - DEBUG - Generated ICMP traffic h2↔h5 0 [len=84B]
2025-09-12 19:33:08 - [BENIGN] - DEBUG - Generated TCP SYN from h3:5144 -> h5:12345 [len=54B]
2025-09-12 19:33:09 - [BENIGN] - DEBUG - Generated TCP SYN-ACK from h5:12345 <- h3:5144 [len=54B]
2025-09-12 19:33:09 - [BENIGN] - DEBUG - Generated TCP ACK from h3:5144 -> h5:12345 [len=54B]
2025-09-12 19:33:10 - [BENIGN] - DEBUG - Generated TCP data traffic from h3:5144 -> h5:12345 [content='TCP data'] [Session 1] [len=926B]
2025-09-12 19:33:11 - [BENIGN] - DEBUG - Generated TCP ACK reply from h5:12345 <- h3:5144 [len=54B]
2025-09-12 19:33:11 - [BENIGN] - DEBUG - Generated UDP traffic from h3:40275 -> h5:12346 [content='a5d3878605fc15730a083499ca75f0829627a9e5...'] [Session 2] [len=159B]
2025-09-12 19:33:12 - [BENIGN] - DEBUG - Generated Telnet SYN from h3:5270 -> h5:23 [len=54B]
2025-09-12 19:33:12 - [BENIGN] - DEBUG - Generated Telnet SYN-ACK from h5:23 <- h3:5270 [len=54B]
2025-09-12 19:33:13 - [BENIGN] - DEBUG - Generated Telnet ACK from h3:5270 -> h5:23 [len=54B]
2025-09-12 19:33:14 - [BENIGN] - DEBUG - Generated Telnet data traffic from h3:5270 -> h5:23 [content='Telnet command'] [Session 3] [len=601B]
2025-09-12 19:33:14 - [BENIGN] - DEBUG - Generated Telnet ACK reply from h5:23 <- h3:5270 [len=54B]
2025-09-12 19:33:15 - [BENIGN] - DEBUG - Generated SSH SYN from h3:23398 -> h5:22 [len=54B]
2025-09-12 19:33:16 - [BENIGN] - DEBUG - Generated SSH SYN-ACK from h5:22 <- h3:23398 [len=54B]
2025-09-12 19:33:16 - [BENIGN] - DEBUG - Generated SSH ACK from h3:23398 -> h5:22 [len=54B]
2025-09-12 19:33:17 - [BENIGN] - DEBUG - Generated SSH data traffic from h3:23398 -> h5:22 [content='SSH encrypted data'] [Session 4] [len=1169B]
2025-09-12 19:33:18 - [BENIGN] - DEBUG - Generated SSH ACK reply from h5:22 <- h3:23398 [len=54B]
2025-09-12 19:33:18 - [BENIGN] - DEBUG - Generated FTP SYN from h3:29478 -> h5:21 [len=54B]
2025-09-12 19:33:19 - [BENIGN] - DEBUG - Generated FTP SYN-ACK from h5:21 <- h3:29478 [len=54B]
2025-09-12 19:33:20 - [BENIGN] - DEBUG - Generated FTP ACK from h3:29478 -> h5:21 [len=54B]
2025-09-12 19:33:20 - [BENIGN] - DEBUG - Generated FTP data traffic from h3:29478 -> h5:21 [content='FTP file transfer'] [Session 5] [len=807B]
2025-09-12 19:33:21 - [BENIGN] - DEBUG - Generated FTP ACK reply from h5:21 <- h3:29478 [len=54B]
2025-09-12 19:33:21 - [BENIGN] - DEBUG - Generated HTTP SYN from h3:57936 -> h5:80 [len=54B]
2025-09-12 19:33:22 - [BENIGN] - DEBUG - Generated HTTP SYN-ACK from h5:80 <- h3:57936 [len=54B]
2025-09-12 19:33:23 - [BENIGN] - DEBUG - Generated HTTP ACK from h3:57936 -> h5:80 [len=54B]
2025-09-12 19:33:23 - [BENIGN] - DEBUG - Generated HTTP data traffic from h3:57936 -> h5:80 [content='GET /index.html HTTP/1.1'] [Session 6] [len=418B]
2025-09-12 19:33:24 - [BENIGN] - DEBUG - Generated HTTP ACK reply from h5:80 <- h3:57936 [len=54B]
2025-09-12 19:33:25 - [BENIGN] - DEBUG - Generated HTTPS SYN from h3:17156 -> h5:443 [len=54B]
2025-09-12 19:33:25 - [BENIGN] - DEBUG - Generated HTTPS SYN-ACK from h5:443 <- h3:17156 [len=54B]
2025-09-12 19:33:26 - [BENIGN] - DEBUG - Generated HTTPS ACK from h3:17156 -> h5:443 [len=54B]
2025-09-12 19:33:26 - [BENIGN] - DEBUG - Generated HTTPS data traffic from h3:17156 -> h5:443 [content='Encrypted Application Data'] [Session 7] [len=488B]
2025-09-12 19:33:27 - [BENIGN] - DEBUG - Generated HTTPS ACK reply from h5:443 <- h3:17156 [len=54B]
2025-09-12 19:33:28 - [BENIGN] - DEBUG - Generated DNS query from h3:34094 -> h5:53 [qname='example.com'] [Session 8] [len=71B]
2025-09-12 19:33:28 - [BENIGN] - DEBUG - Generated ICMP traffic h2↔h5 1 [len=84B]
2025-09-12 19:33:28 - [BENIGN] - DEBUG - Generated TCP SYN from h3:32067 -> h5:12345 [len=54B]
2025-09-12 19:33:29 - [BENIGN] - DEBUG - Generated TCP SYN-ACK from h5:12345 <- h3:32067 [len=54B]
2025-09-12 19:33:30 - [BENIGN] - DEBUG - Generated TCP ACK from h3:32067 -> h5:12345 [len=54B]
2025-09-12 19:33:30 - [BENIGN] - DEBUG - Generated TCP data traffic from h3:32067 -> h5:12345 [content='TCP data'] [Session 9] [len=1166B]
2025-09-12 19:33:31 - [BENIGN] - DEBUG - Generated TCP ACK reply from h5:12345 <- h3:32067 [len=54B]
2025-09-12 19:33:32 - [BENIGN] - DEBUG - Generated UDP traffic from h3:56503 -> h5:12346 [content='4f8036c0f444522b22ba7a0be5329907ac9bfcb2...'] [Session 10] [len=194B]
2025-09-12 19:33:32 - [BENIGN] - DEBUG - Generated Telnet SYN from h3:26912 -> h5:23 [len=54B]
2025-09-12 19:33:33 - [BENIGN] - DEBUG - Generated Telnet SYN-ACK from h5:23 <- h3:26912 [len=54B]
2025-09-12 19:33:33 - [BENIGN] - DEBUG - Generated Telnet ACK from h3:26912 -> h5:23 [len=54B]
2025-09-12 19:33:34 - [BENIGN] - DEBUG - Generated Telnet data traffic from h3:26912 -> h5:23 [content='Telnet command'] [Session 11] [len=1272B]
2025-09-12 19:33:35 - [BENIGN] - DEBUG - Generated Telnet ACK reply from h5:23 <- h3:26912 [len=54B]
2025-09-12 19:33:35 - [BENIGN] - DEBUG - Generated SSH SYN from h3:56478 -> h5:22 [len=54B]
2025-09-12 19:33:36 - [BENIGN] - DEBUG - Generated SSH SYN-ACK from h5:22 <- h3:56478 [len=54B]
2025-09-12 19:33:37 - [BENIGN] - DEBUG - Generated SSH ACK from h3:56478 -> h5:22 [len=54B]
2025-09-12 19:33:37 - [BENIGN] - DEBUG - Generated SSH data traffic from h3:56478 -> h5:22 [content='SSH encrypted data'] [Session 12] [len=1535B]
2025-09-12 19:33:38 - [BENIGN] - DEBUG - Generated SSH ACK reply from h5:22 <- h3:56478 [len=54B]
2025-09-12 19:33:38 - [BENIGN] - DEBUG - Generated FTP SYN from h3:49293 -> h5:21 [len=54B]
2025-09-12 19:33:39 - [BENIGN] - DEBUG - Generated FTP SYN-ACK from h5:21 <- h3:49293 [len=54B]
2025-09-12 19:33:40 - [BENIGN] - DEBUG - Generated FTP ACK from h3:49293 -> h5:21 [len=54B]
2025-09-12 19:33:40 - [BENIGN] - DEBUG - Generated FTP data traffic from h3:49293 -> h5:21 [content='FTP file transfer'] [Session 13] [len=1365B]
2025-09-12 19:33:41 - [BENIGN] - DEBUG - Generated FTP ACK reply from h5:21 <- h3:49293 [len=54B]
2025-09-12 19:33:42 - [BENIGN] - DEBUG - Generated HTTP SYN from h3:6863 -> h5:80 [len=54B]
2025-09-12 19:33:42 - [BENIGN] - DEBUG - Generated HTTP SYN-ACK from h5:80 <- h3:6863 [len=54B]
2025-09-12 19:33:43 - [BENIGN] - DEBUG - Generated HTTP ACK from h3:6863 -> h5:80 [len=54B]
2025-09-12 19:33:43 - [BENIGN] - DEBUG - Generated HTTP data traffic from h3:6863 -> h5:80 [content='GET /index.html HTTP/1.1'] [Session 14] [len=534B]
2025-09-12 19:33:44 - [BENIGN] - DEBUG - Generated HTTP ACK reply from h5:80 <- h3:6863 [len=54B]
2025-09-12 19:33:45 - [BENIGN] - DEBUG - Generated HTTPS SYN from h3:38821 -> h5:443 [len=54B]
2025-09-12 19:33:45 - [BENIGN] - DEBUG - Generated HTTPS SYN-ACK from h5:443 <- h3:38821 [len=54B]
2025-09-12 19:33:46 - [BENIGN] - DEBUG - Generated HTTPS ACK from h3:38821 -> h5:443 [len=54B]
2025-09-12 19:33:47 - [BENIGN] - DEBUG - Generated HTTPS data traffic from h3:38821 -> h5:443 [content='Encrypted Application Data'] [Session 15] [len=801B]
2025-09-12 19:33:47 - [BENIGN] - DEBUG - Generated HTTPS ACK reply from h5:443 <- h3:38821 [len=54B]
2025-09-12 19:33:48 - [BENIGN] - DEBUG - Generated DNS query from h3:30628 -> h5:53 [qname='example.com'] [Session 16] [len=71B]
2025-09-12 19:33:48 - [BENIGN] - DEBUG - Generated ICMP traffic h2↔h5 2 [len=84B]
2025-09-12 19:33:49 - [BENIGN] - DEBUG - Generated TCP SYN from h3:35018 -> h5:12345 [len=54B]
2025-09-12 19:33:49 - [BENIGN] - DEBUG - Generated TCP SYN-ACK from h5:12345 <- h3:35018 [len=54B]
2025-09-12 19:33:50 - [BENIGN] - DEBUG - Generated TCP ACK from h3:35018 -> h5:12345 [len=54B]
2025-09-12 19:33:50 - [BENIGN] - DEBUG - Generated TCP data traffic from h3:35018 -> h5:12345 [content='TCP data'] [Session 17] [len=777B]
2025-09-12 19:33:51 - [BENIGN] - DEBUG - Generated TCP ACK reply from h5:12345 <- h3:35018 [len=54B]
2025-09-12 19:33:52 - [BENIGN] - DEBUG - Generated UDP traffic from h3:48109 -> h5:12346 [content='d4668e20a05829283d94b421f5eb0c1ea0eb73e9...'] [Session 18] [len=328B]
2025-09-12 19:33:52 - [BENIGN] - DEBUG - Generated Telnet SYN from h3:59759 -> h5:23 [len=54B]
2025-09-12 19:33:53 - [BENIGN] - DEBUG - Generated Telnet SYN-ACK from h5:23 <- h3:59759 [len=54B]
2025-09-12 19:33:54 - [BENIGN] - DEBUG - Generated Telnet ACK from h3:59759 -> h5:23 [len=54B]
2025-09-12 19:33:54 - [BENIGN] - DEBUG - Generated Telnet data traffic from h3:59759 -> h5:23 [content='Telnet command'] [Session 19] [len=256B]
2025-09-12 19:33:55 - [BENIGN] - DEBUG - Generated Telnet ACK reply from h5:23 <- h3:59759 [len=54B]
2025-09-12 19:33:55 - [BENIGN] - DEBUG - Generated SSH SYN from h3:24877 -> h5:22 [len=54B]
2025-09-12 19:33:56 - [BENIGN] - DEBUG - Generated SSH SYN-ACK from h5:22 <- h3:24877 [len=54B]
2025-09-12 19:33:57 - [BENIGN] - DEBUG - Generated SSH ACK from h3:24877 -> h5:22 [len=54B]
2025-09-12 19:33:57 - [BENIGN] - DEBUG - Generated SSH data traffic from h3:24877 -> h5:22 [content='SSH encrypted data'] [Session 20] [len=1342B]
2025-09-12 19:33:58 - [BENIGN] - DEBUG - Generated SSH ACK reply from h5:22 <- h3:24877 [len=54B]
2025-09-12 19:33:59 - [BENIGN] - DEBUG - Generated FTP SYN from h3:39838 -> h5:21 [len=54B]
2025-09-12 19:33:59 - [BENIGN] - DEBUG - Generated FTP SYN-ACK from h5:21 <- h3:39838 [len=54B]
2025-09-12 19:34:00 - [BENIGN] - DEBUG - Generated FTP ACK from h3:39838 -> h5:21 [len=54B]
2025-09-12 19:34:00 - [BENIGN] - DEBUG - Generated FTP data traffic from h3:39838 -> h5:21 [content='FTP file transfer'] [Session 21] [len=473B]
2025-09-12 19:34:01 - [BENIGN] - DEBUG - Generated FTP ACK reply from h5:21 <- h3:39838 [len=54B]
2025-09-12 19:34:02 - [BENIGN] - DEBUG - Generated HTTP SYN from h3:13579 -> h5:80 [len=54B]
2025-09-12 19:34:02 - [BENIGN] - DEBUG - Generated HTTP SYN-ACK from h5:80 <- h3:13579 [len=54B]
2025-09-12 19:34:03 - [BENIGN] - DEBUG - Generated HTTP ACK from h3:13579 -> h5:80 [len=54B]
2025-09-12 19:34:04 - [BENIGN] - DEBUG - Generated HTTP data traffic from h3:13579 -> h5:80 [content='GET /index.html HTTP/1.1'] [Session 22] [len=502B]
2025-09-12 19:34:04 - [BENIGN] - DEBUG - Generated HTTP ACK reply from h5:80 <- h3:13579 [len=54B]
2025-09-12 19:34:05 - [BENIGN] - DEBUG - Generated HTTPS SYN from h3:39057 -> h5:443 [len=54B]
2025-09-12 19:34:05 - [BENIGN] - DEBUG - Generated HTTPS SYN-ACK from h5:443 <- h3:39057 [len=54B]
2025-09-12 19:34:06 - [BENIGN] - DEBUG - Generated HTTPS ACK from h3:39057 -> h5:443 [len=54B]
2025-09-12 19:34:07 - [BENIGN] - DEBUG - Generated HTTPS data traffic from h3:39057 -> h5:443 [content='Encrypted Application Data'] [Session 23] [len=544B]
2025-09-12 19:34:07 - [BENIGN] - DEBUG - Generated HTTPS ACK reply from h5:443 <- h3:39057 [len=54B]
2025-09-12 19:34:08 - [BENIGN] - DEBUG - Generated DNS query from h3:31994 -> h5:53 [qname='example.com'] [Session 24] [len=71B]
2025-09-12 19:34:08 - [BENIGN] - DEBUG - Generated ICMP traffic h2↔h5 3 [len=84B]
2025-09-12 19:34:09 - [BENIGN] - DEBUG - Generated TCP SYN from h3:47729 -> h5:12345 [len=54B]
2025-09-12 19:34:09 - [BENIGN] - DEBUG - Generated TCP SYN-ACK from h5:12345 <- h3:47729 [len=54B]
2025-09-12 19:34:10 - [BENIGN] - DEBUG - Generated TCP ACK from h3:47729 -> h5:12345 [len=54B]
2025-09-12 19:34:11 - [BENIGN] - DEBUG - Generated TCP data traffic from h3:47729 -> h5:12345 [content='TCP data'] [Session 25] [len=755B]
2025-09-12 19:34:11 - [BENIGN] - DEBUG - Generated TCP ACK reply from h5:12345 <- h3:47729 [len=54B]
2025-09-12 19:34:12 - [BENIGN] - DEBUG - Generated UDP traffic from h3:51010 -> h5:12346 [content='f0fd16571ca1f16f03b93254493adbb9c2889312...'] [Session 26] [len=558B]
2025-09-12 19:34:12 - [BENIGN] - DEBUG - Generated Telnet SYN from h3:11155 -> h5:23 [len=54B]
2025-09-12 19:34:13 - [BENIGN] - DEBUG - Generated Telnet SYN-ACK from h5:23 <- h3:11155 [len=54B]
2025-09-12 19:34:14 - [BENIGN] - DEBUG - Generated Telnet ACK from h3:11155 -> h5:23 [len=54B]
2025-09-12 19:34:14 - [BENIGN] - DEBUG - Generated Telnet data traffic from h3:11155 -> h5:23 [content='Telnet command'] [Session 27] [len=329B]
2025-09-12 19:34:15 - [BENIGN] - DEBUG - Generated Telnet ACK reply from h5:23 <- h3:11155 [len=54B]
2025-09-12 19:34:16 - [BENIGN] - DEBUG - Generated SSH SYN from h3:58027 -> h5:22 [len=54B]
2025-09-12 19:34:16 - [BENIGN] - DEBUG - Generated SSH SYN-ACK from h5:22 <- h3:58027 [len=54B]
2025-09-12 19:34:17 - [BENIGN] - DEBUG - Generated SSH ACK from h3:58027 -> h5:22 [len=54B]
2025-09-12 19:34:17 - [BENIGN] - DEBUG - Generated SSH data traffic from h3:58027 -> h5:22 [content='SSH encrypted data'] [Session 28] [len=1182B]
2025-09-12 19:34:18 - [BENIGN] - DEBUG - Generated SSH ACK reply from h5:22 <- h3:58027 [len=54B]
2025-09-12 19:34:19 - [BENIGN] - DEBUG - Generated FTP SYN from h3:62227 -> h5:21 [len=54B]
2025-09-12 19:34:19 - [BENIGN] - DEBUG - Generated FTP SYN-ACK from h5:21 <- h3:62227 [len=54B]
2025-09-12 19:34:20 - [BENIGN] - DEBUG - Generated FTP ACK from h3:62227 -> h5:21 [len=54B]
2025-09-12 19:34:21 - [BENIGN] - DEBUG - Generated FTP data traffic from h3:62227 -> h5:21 [content='FTP file transfer'] [Session 29] [len=762B]
2025-09-12 19:34:21 - [BENIGN] - DEBUG - Generated FTP ACK reply from h5:21 <- h3:62227 [len=54B]
2025-09-12 19:34:22 - [BENIGN] - DEBUG - Generated HTTP SYN from h3:36988 -> h5:80 [len=54B]
2025-09-12 19:34:22 - [BENIGN] - DEBUG - Generated HTTP SYN-ACK from h5:80 <- h3:36988 [len=54B]
2025-09-12 19:34:23 - [BENIGN] - DEBUG - Generated HTTP ACK from h3:36988 -> h5:80 [len=54B]
2025-09-12 19:34:24 - [BENIGN] - DEBUG - Generated HTTP data traffic from h3:36988 -> h5:80 [content='GET /index.html HTTP/1.1'] [Session 30] [len=496B]
2025-09-12 19:34:24 - [BENIGN] - DEBUG - Generated HTTP ACK reply from h5:80 <- h3:36988 [len=54B]
2025-09-12 19:34:25 - [BENIGN] - DEBUG - Generated HTTPS SYN from h3:33641 -> h5:443 [len=54B]
2025-09-12 19:34:25 - [BENIGN] - DEBUG - Generated HTTPS SYN-ACK from h5:443 <- h3:33641 [len=54B]
2025-09-12 19:34:26 - [BENIGN] - DEBUG - Generated HTTPS ACK from h3:33641 -> h5:443 [len=54B]
2025-09-12 19:34:27 - [BENIGN] - DEBUG - Generated HTTPS data traffic from h3:33641 -> h5:443 [content='Encrypted Application Data'] [Session 31] [len=327B]
2025-09-12 19:34:27 - [BENIGN] - DEBUG - Generated HTTPS ACK reply from h5:443 <- h3:33641 [len=54B]
2025-09-12 19:34:28 - [BENIGN] - DEBUG - Generated DNS query from h3:19218 -> h5:53 [qname='example.com'] [Session 32] [len=71B]
2025-09-12 19:34:28 - [BENIGN] - DEBUG - Generated ICMP traffic h2↔h5 4 [len=84B]
2025-09-12 19:34:29 - [BENIGN] - DEBUG - Generated TCP SYN from h3:58118 -> h5:12345 [len=54B]
2025-09-12 19:34:29 - [BENIGN] - DEBUG - Generated TCP SYN-ACK from h5:12345 <- h3:58118 [len=54B]
2025-09-12 19:34:30 - [BENIGN] - DEBUG - Generated TCP ACK from h3:58118 -> h5:12345 [len=54B]
2025-09-12 19:34:31 - [BENIGN] - DEBUG - Generated TCP data traffic from h3:58118 -> h5:12345 [content='TCP data'] [Session 33] [len=170B]
2025-09-12 19:34:31 - [BENIGN] - DEBUG - Generated TCP ACK reply from h5:12345 <- h3:58118 [len=54B]
2025-09-12 19:34:32 - [BENIGN] - DEBUG - Generated UDP traffic from h3:51345 -> h5:12346 [content='1dbdb31a96d99f887312699f28c49a5d4b3c8406...'] [Session 34] [len=1374B]
2025-09-12 19:34:32 - [BENIGN] - DEBUG - Generated Telnet SYN from h3:63023 -> h5:23 [len=54B]
2025-09-12 19:34:33 - [BENIGN] - DEBUG - Generated Telnet SYN-ACK from h5:23 <- h3:63023 [len=54B]
2025-09-12 19:34:34 - [BENIGN] - DEBUG - Generated Telnet ACK from h3:63023 -> h5:23 [len=54B]
2025-09-12 19:34:34 - [BENIGN] - DEBUG - Generated Telnet data traffic from h3:63023 -> h5:23 [content='Telnet command'] [Session 35] [len=1384B]
2025-09-12 19:34:35 - [BENIGN] - DEBUG - Generated Telnet ACK reply from h5:23 <- h3:63023 [len=54B]
2025-09-12 19:34:36 - [BENIGN] - DEBUG - Generated SSH SYN from h3:36440 -> h5:22 [len=54B]
2025-09-12 19:34:36 - [BENIGN] - DEBUG - Generated SSH SYN-ACK from h5:22 <- h3:36440 [len=54B]
2025-09-12 19:34:37 - [BENIGN] - DEBUG - Generated SSH ACK from h3:36440 -> h5:22 [len=54B]
2025-09-12 19:34:37 - [BENIGN] - DEBUG - Generated SSH data traffic from h3:36440 -> h5:22 [content='SSH encrypted data'] [Session 36] [len=1466B]
2025-09-12 19:34:38 - [BENIGN] - DEBUG - Generated SSH ACK reply from h5:22 <- h3:36440 [len=54B]
2025-09-12 19:34:39 - [BENIGN] - DEBUG - Generated FTP SYN from h3:22377 -> h5:21 [len=54B]
2025-09-12 19:34:39 - [BENIGN] - DEBUG - Generated FTP SYN-ACK from h5:21 <- h3:22377 [len=54B]
2025-09-12 19:34:40 - [BENIGN] - DEBUG - Generated FTP ACK from h3:22377 -> h5:21 [len=54B]
2025-09-12 19:34:41 - [BENIGN] - DEBUG - Generated FTP data traffic from h3:22377 -> h5:21 [content='FTP file transfer'] [Session 37] [len=596B]
2025-09-12 19:34:41 - [BENIGN] - DEBUG - Generated FTP ACK reply from h5:21 <- h3:22377 [len=54B]
2025-09-12 19:34:42 - [BENIGN] - DEBUG - Generated HTTP SYN from h3:23781 -> h5:80 [len=54B]
2025-09-12 19:34:42 - [BENIGN] - DEBUG - Generated HTTP SYN-ACK from h5:80 <- h3:23781 [len=54B]
2025-09-12 19:34:43 - [BENIGN] - DEBUG - Generated HTTP ACK from h3:23781 -> h5:80 [len=54B]
2025-09-12 19:34:44 - [BENIGN] - DEBUG - Generated HTTP data traffic from h3:23781 -> h5:80 [content='GET /index.html HTTP/1.1'] [Session 38] [len=485B]
2025-09-12 19:34:44 - [BENIGN] - DEBUG - Generated HTTP ACK reply from h5:80 <- h3:23781 [len=54B]
2025-09-12 19:34:45 - [BENIGN] - DEBUG - Generated HTTPS SYN from h3:61610 -> h5:443 [len=54B]
2025-09-12 19:34:46 - [BENIGN] - DEBUG - Generated HTTPS SYN-ACK from h5:443 <- h3:61610 [len=54B]
2025-09-12 19:34:46 - [BENIGN] - DEBUG - Generated HTTPS ACK from h3:61610 -> h5:443 [len=54B]
2025-09-12 19:34:47 - [BENIGN] - DEBUG - Generated HTTPS data traffic from h3:61610 -> h5:443 [content='Encrypted Application Data'] [Session 39] [len=594B]
2025-09-12 19:34:47 - [BENIGN] - DEBUG - Generated HTTPS ACK reply from h5:443 <- h3:61610 [len=54B]
2025-09-12 19:34:48 - [BENIGN] - DEBUG - Generated DNS query from h3:17585 -> h5:53 [qname='example.com'] [Session 40] [len=71B]
2025-09-12 19:34:48 - [BENIGN] - DEBUG - Generated ICMP traffic h2↔h5 5 [len=84B]
2025-09-12 19:34:49 - [BENIGN] - DEBUG - Generated TCP SYN from h3:62615 -> h5:12345 [len=54B]
2025-09-12 19:34:49 - [BENIGN] - DEBUG - Generated TCP SYN-ACK from h5:12345 <- h3:62615 [len=54B]
2025-09-12 19:34:50 - [BENIGN] - DEBUG - Generated TCP ACK from h3:62615 -> h5:12345 [len=54B]
2025-09-12 19:34:51 - [BENIGN] - DEBUG - Generated TCP data traffic from h3:62615 -> h5:12345 [content='TCP data'] [Session 41] [len=171B]
2025-09-12 19:34:51 - [BENIGN] - DEBUG - Generated TCP ACK reply from h5:12345 <- h3:62615 [len=54B]
2025-09-12 19:34:52 - [BENIGN] - DEBUG - Generated UDP traffic from h3:31243 -> h5:12346 [content='e61db2f54e432aa7b70dc3a455e7008dbcd2cc35...'] [Session 42] [len=488B]
2025-09-12 19:34:53 - [BENIGN] - DEBUG - Generated Telnet SYN from h3:13137 -> h5:23 [len=54B]
2025-09-12 19:34:53 - [BENIGN] - DEBUG - Generated Telnet SYN-ACK from h5:23 <- h3:13137 [len=54B]
2025-09-12 19:34:54 - [BENIGN] - DEBUG - Generated Telnet ACK from h3:13137 -> h5:23 [len=54B]
2025-09-12 19:34:54 - [BENIGN] - DEBUG - Generated Telnet data traffic from h3:13137 -> h5:23 [content='Telnet command'] [Session 43] [len=279B]
2025-09-12 19:34:55 - [BENIGN] - DEBUG - Generated Telnet ACK reply from h5:23 <- h3:13137 [len=54B]
2025-09-12 19:34:56 - [BENIGN] - DEBUG - Generated SSH SYN from h3:27499 -> h5:22 [len=54B]
2025-09-12 19:34:56 - [BENIGN] - DEBUG - Generated SSH SYN-ACK from h5:22 <- h3:27499 [len=54B]
2025-09-12 19:34:57 - [BENIGN] - DEBUG - Generated SSH ACK from h3:27499 -> h5:22 [len=54B]
2025-09-12 19:34:58 - [BENIGN] - DEBUG - Generated SSH data traffic from h3:27499 -> h5:22 [content='SSH encrypted data'] [Session 44] [len=1182B]
2025-09-12 19:34:58 - [BENIGN] - DEBUG - Generated SSH ACK reply from h5:22 <- h3:27499 [len=54B]
2025-09-12 19:34:59 - [BENIGN] - DEBUG - Generated FTP SYN from h3:36088 -> h5:21 [len=54B]
2025-09-12 19:34:59 - [BENIGN] - DEBUG - Generated FTP SYN-ACK from h5:21 <- h3:36088 [len=54B]
2025-09-12 19:35:00 - [BENIGN] - DEBUG - Generated FTP ACK from h3:36088 -> h5:21 [len=54B]
2025-09-12 19:35:01 - [BENIGN] - DEBUG - Generated FTP data traffic from h3:36088 -> h5:21 [content='FTP file transfer'] [Session 45] [len=1258B]
2025-09-12 19:35:01 - [BENIGN] - DEBUG - Generated FTP ACK reply from h5:21 <- h3:36088 [len=54B]
2025-09-12 19:35:02 - [BENIGN] - DEBUG - Generated HTTP SYN from h3:14603 -> h5:80 [len=54B]
2025-09-12 19:35:03 - [BENIGN] - DEBUG - Generated HTTP SYN-ACK from h5:80 <- h3:14603 [len=54B]
2025-09-12 19:35:03 - [BENIGN] - DEBUG - Generated HTTP ACK from h3:14603 -> h5:80 [len=54B]
2025-09-12 19:35:04 - [BENIGN] - DEBUG - Generated HTTP data traffic from h3:14603 -> h5:80 [content='GET /index.html HTTP/1.1'] [Session 46] [len=496B]
2025-09-12 19:35:05 - [BENIGN] - DEBUG - Generated HTTP ACK reply from h5:80 <- h3:14603 [len=54B]
2025-09-12 19:35:05 - [BENIGN] - DEBUG - Generated HTTPS SYN from h3:55255 -> h5:443 [len=54B]
2025-09-12 19:35:06 - [BENIGN] - DEBUG - Generated HTTPS SYN-ACK from h5:443 <- h3:55255 [len=54B]
2025-09-12 19:35:06 - [BENIGN] - DEBUG - Generated HTTPS ACK from h3:55255 -> h5:443 [len=54B]
2025-09-12 19:35:07 - [BENIGN] - DEBUG - Generated HTTPS data traffic from h3:55255 -> h5:443 [content='Encrypted Application Data'] [Session 47] [len=340B]
2025-09-12 19:35:08 - [BENIGN] - DEBUG - Generated HTTPS ACK reply from h5:443 <- h3:55255 [len=54B]
2025-09-12 19:35:08 - [BENIGN] - DEBUG - Generated DNS query from h3:8989 -> h5:53 [qname='example.com'] [Session 48] [len=71B]
2025-09-12 19:35:08 - [BENIGN] - DEBUG - Generated ICMP traffic h2↔h5 6 [len=84B]
2025-09-12 19:35:09 - [BENIGN] - DEBUG - Generated TCP SYN from h3:7805 -> h5:12345 [len=54B]
2025-09-12 19:35:10 - [BENIGN] - DEBUG - Generated TCP SYN-ACK from h5:12345 <- h3:7805 [len=54B]
2025-09-12 19:35:10 - [BENIGN] - DEBUG - Generated TCP ACK from h3:7805 -> h5:12345 [len=54B]
2025-09-12 19:35:11 - [BENIGN] - DEBUG - Generated TCP data traffic from h3:7805 -> h5:12345 [content='TCP data'] [Session 49] [len=1005B]
2025-09-12 19:35:12 - [BENIGN] - DEBUG - Generated TCP ACK reply from h5:12345 <- h3:7805 [len=54B]
2025-09-12 19:35:12 - [BENIGN] - DEBUG - Generated UDP traffic from h3:12546 -> h5:12346 [content='2e1a314eef8cacfd1a9a555fe88e98e379d2db08...'] [Session 50] [len=594B]
2025-09-12 19:35:13 - [BENIGN] - DEBUG - Generated Telnet SYN from h3:10711 -> h5:23 [len=54B]
2025-09-12 19:35:13 - [BENIGN] - DEBUG - Generated Telnet SYN-ACK from h5:23 <- h3:10711 [len=54B]
2025-09-12 19:35:14 - [BENIGN] - DEBUG - Generated Telnet ACK from h3:10711 -> h5:23 [len=54B]
2025-09-12 19:35:15 - [BENIGN] - DEBUG - Generated Telnet data traffic from h3:10711 -> h5:23 [content='Telnet command'] [Session 51] [len=752B]
2025-09-12 19:35:15 - [BENIGN] - DEBUG - Generated Telnet ACK reply from h5:23 <- h3:10711 [len=54B]
2025-09-12 19:35:16 - [BENIGN] - DEBUG - Generated SSH SYN from h3:46072 -> h5:22 [len=54B]
2025-09-12 19:35:17 - [BENIGN] - DEBUG - Generated SSH SYN-ACK from h5:22 <- h3:46072 [len=54B]
2025-09-12 19:35:17 - [BENIGN] - DEBUG - Generated SSH ACK from h3:46072 -> h5:22 [len=54B]
2025-09-12 19:35:18 - [BENIGN] - DEBUG - Generated SSH data traffic from h3:46072 -> h5:22 [content='SSH encrypted data'] [Session 52] [len=416B]
2025-09-12 19:35:18 - [BENIGN] - DEBUG - Generated SSH ACK reply from h5:22 <- h3:46072 [len=54B]
2025-09-12 19:35:19 - [BENIGN] - DEBUG - Generated FTP SYN from h3:62832 -> h5:21 [len=54B]
2025-09-12 19:35:20 - [BENIGN] - DEBUG - Generated FTP SYN-ACK from h5:21 <- h3:62832 [len=54B]
2025-09-12 19:35:20 - [BENIGN] - DEBUG - Generated FTP ACK from h3:62832 -> h5:21 [len=54B]
2025-09-12 19:35:21 - [BENIGN] - DEBUG - Generated FTP data traffic from h3:62832 -> h5:21 [content='FTP file transfer'] [Session 53] [len=1240B]
2025-09-12 19:35:22 - [BENIGN] - DEBUG - Generated FTP ACK reply from h5:21 <- h3:62832 [len=54B]
2025-09-12 19:35:22 - [BENIGN] - DEBUG - Generated HTTP SYN from h3:52191 -> h5:80 [len=54B]
2025-09-12 19:35:23 - [BENIGN] - DEBUG - Generated HTTP SYN-ACK from h5:80 <- h3:52191 [len=54B]
2025-09-12 19:35:24 - [BENIGN] - DEBUG - Generated HTTP ACK from h3:52191 -> h5:80 [len=54B]
2025-09-12 19:35:24 - [BENIGN] - DEBUG - Generated HTTP data traffic from h3:52191 -> h5:80 [content='GET /index.html HTTP/1.1'] [Session 54] [len=448B]
2025-09-12 19:35:25 - [BENIGN] - DEBUG - Generated HTTP ACK reply from h5:80 <- h3:52191 [len=54B]
2025-09-12 19:35:25 - [BENIGN] - DEBUG - Generated HTTPS SYN from h3:28658 -> h5:443 [len=54B]
2025-09-12 19:35:26 - [BENIGN] - DEBUG - Generated HTTPS SYN-ACK from h5:443 <- h3:28658 [len=54B]
2025-09-12 19:35:27 - [BENIGN] - DEBUG - Generated HTTPS ACK from h3:28658 -> h5:443 [len=54B]
2025-09-12 19:35:27 - [BENIGN] - DEBUG - Generated HTTPS data traffic from h3:28658 -> h5:443 [content='Encrypted Application Data'] [Session 55] [len=221B]
2025-09-12 19:35:28 - [BENIGN] - DEBUG - Generated HTTPS ACK reply from h5:443 <- h3:28658 [len=54B]
2025-09-12 19:35:28 - [BENIGN] - DEBUG - Generated DNS query from h3:44293 -> h5:53 [qname='example.com'] [Session 56] [len=71B]
2025-09-12 19:35:29 - [BENIGN] - DEBUG - Generated ICMP traffic h2↔h5 7 [len=84B]
2025-09-12 19:35:29 - [BENIGN] - DEBUG - Generated TCP SYN from h3:39600 -> h5:12345 [len=54B]
2025-09-12 19:35:30 - [BENIGN] - DEBUG - Generated TCP SYN-ACK from h5:12345 <- h3:39600 [len=54B]
2025-09-12 19:35:30 - [BENIGN] - DEBUG - Generated TCP ACK from h3:39600 -> h5:12345 [len=54B]
2025-09-12 19:35:31 - [BENIGN] - DEBUG - Generated TCP data traffic from h3:39600 -> h5:12345 [content='TCP data'] [Session 57] [len=862B]
2025-09-12 19:35:32 - [BENIGN] - DEBUG - Generated TCP ACK reply from h5:12345 <- h3:39600 [len=54B]
2025-09-12 19:35:32 - [BENIGN] - DEBUG - Generated UDP traffic from h3:55153 -> h5:12346 [content='112a2fd3ad367af0a277dcaf9d5cd33014b9584d...'] [Session 58] [len=664B]
2025-09-12 19:35:33 - [BENIGN] - DEBUG - Generated Telnet SYN from h3:54278 -> h5:23 [len=54B]
2025-09-12 19:35:34 - [BENIGN] - DEBUG - Generated Telnet SYN-ACK from h5:23 <- h3:54278 [len=54B]
2025-09-12 19:35:34 - [BENIGN] - DEBUG - Generated Telnet ACK from h3:54278 -> h5:23 [len=54B]
2025-09-12 19:35:35 - [BENIGN] - DEBUG - Generated Telnet data traffic from h3:54278 -> h5:23 [content='Telnet command'] [Session 59] [len=146B]
2025-09-12 19:35:35 - [BENIGN] - DEBUG - Generated Telnet ACK reply from h5:23 <- h3:54278 [len=54B]
2025-09-12 19:35:36 - [BENIGN] - DEBUG - Generated SSH SYN from h3:20035 -> h5:22 [len=54B]
2025-09-12 19:35:37 - [BENIGN] - DEBUG - Generated SSH SYN-ACK from h5:22 <- h3:20035 [len=54B]
2025-09-12 19:35:37 - [BENIGN] - DEBUG - Generated SSH ACK from h3:20035 -> h5:22 [len=54B]
2025-09-12 19:35:38 - [BENIGN] - DEBUG - Generated SSH data traffic from h3:20035 -> h5:22 [content='SSH encrypted data'] [Session 60] [len=976B]
2025-09-12 19:35:39 - [BENIGN] - DEBUG - Generated SSH ACK reply from h5:22 <- h3:20035 [len=54B]
2025-09-12 19:35:39 - [BENIGN] - DEBUG - Generated FTP SYN from h3:24539 -> h5:21 [len=54B]
2025-09-12 19:35:40 - [BENIGN] - DEBUG - Generated FTP SYN-ACK from h5:21 <- h3:24539 [len=54B]
2025-09-12 19:35:40 - [BENIGN] - DEBUG - Generated FTP ACK from h3:24539 -> h5:21 [len=54B]
2025-09-12 19:35:41 - [BENIGN] - DEBUG - Generated FTP data traffic from h3:24539 -> h5:21 [content='FTP file transfer'] [Session 61] [len=1467B]
2025-09-12 19:35:42 - [BENIGN] - DEBUG - Generated FTP ACK reply from h5:21 <- h3:24539 [len=54B]
2025-09-12 19:35:42 - [BENIGN] - DEBUG - Generated HTTP SYN from h3:13173 -> h5:80 [len=54B]
2025-09-12 19:35:43 - [BENIGN] - DEBUG - Generated HTTP SYN-ACK from h5:80 <- h3:13173 [len=54B]
2025-09-12 19:35:44 - [BENIGN] - DEBUG - Generated HTTP ACK from h3:13173 -> h5:80 [len=54B]
2025-09-12 19:35:44 - [BENIGN] - DEBUG - Generated HTTP data traffic from h3:13173 -> h5:80 [content='GET /index.html HTTP/1.1'] [Session 62] [len=546B]
2025-09-12 19:35:45 - [BENIGN] - DEBUG - Generated HTTP ACK reply from h5:80 <- h3:13173 [len=54B]
2025-09-12 19:35:45 - [BENIGN] - DEBUG - Generated HTTPS SYN from h3:52425 -> h5:443 [len=54B]
2025-09-12 19:35:46 - [BENIGN] - DEBUG - Generated HTTPS SYN-ACK from h5:443 <- h3:52425 [len=54B]
2025-09-12 19:35:47 - [BENIGN] - DEBUG - Generated HTTPS ACK from h3:52425 -> h5:443 [len=54B]
2025-09-12 19:35:47 - [BENIGN] - DEBUG - Generated HTTPS data traffic from h3:52425 -> h5:443 [content='Encrypted Application Data'] [Session 63] [len=282B]
2025-09-12 19:35:48 - [BENIGN] - DEBUG - Generated HTTPS ACK reply from h5:443 <- h3:52425 [len=54B]
2025-09-12 19:35:49 - [BENIGN] - DEBUG - Generated DNS query from h3:48819 -> h5:53 [qname='example.com'] [Session 64] [len=71B]
2025-09-12 19:35:49 - [BENIGN] - DEBUG - Generated ICMP traffic h2↔h5 8 [len=84B]
2025-09-12 19:35:49 - [BENIGN] - DEBUG - Generated TCP SYN from h3:38074 -> h5:12345 [len=54B]
2025-09-12 19:35:50 - [BENIGN] - DEBUG - Generated TCP SYN-ACK from h5:12345 <- h3:38074 [len=54B]
2025-09-12 19:35:51 - [BENIGN] - DEBUG - Generated TCP ACK from h3:38074 -> h5:12345 [len=54B]
2025-09-12 19:35:51 - [BENIGN] - DEBUG - Generated TCP data traffic from h3:38074 -> h5:12345 [content='TCP data'] [Session 65] [len=726B]
2025-09-12 19:35:52 - [BENIGN] - DEBUG - Generated TCP ACK reply from h5:12345 <- h3:38074 [len=54B]
2025-09-12 19:35:52 - [BENIGN] - DEBUG - Generated UDP traffic from h3:59093 -> h5:12346 [content='35c099c254ae43507435c682de7d38592c775b12...'] [Session 66] [len=1121B]
2025-09-12 19:35:53 - [BENIGN] - DEBUG - Generated Telnet SYN from h3:11776 -> h5:23 [len=54B]
2025-09-12 19:35:54 - [BENIGN] - DEBUG - Generated Telnet SYN-ACK from h5:23 <- h3:11776 [len=54B]
2025-09-12 19:35:54 - [BENIGN] - DEBUG - Generated Telnet ACK from h3:11776 -> h5:23 [len=54B]
2025-09-12 19:35:55 - [BENIGN] - DEBUG - Generated Telnet data traffic from h3:11776 -> h5:23 [content='Telnet command'] [Session 67] [len=135B]
2025-09-12 19:35:56 - [BENIGN] - DEBUG - Generated Telnet ACK reply from h5:23 <- h3:11776 [len=54B]
2025-09-12 19:35:56 - [BENIGN] - DEBUG - Generated SSH SYN from h3:57689 -> h5:22 [len=54B]
2025-09-12 19:35:57 - [BENIGN] - DEBUG - Generated SSH SYN-ACK from h5:22 <- h3:57689 [len=54B]
2025-09-12 19:35:57 - [BENIGN] - DEBUG - Generated SSH ACK from h3:57689 -> h5:22 [len=54B]
2025-09-12 19:35:58 - [BENIGN] - DEBUG - Generated SSH data traffic from h3:57689 -> h5:22 [content='SSH encrypted data'] [Session 68] [len=1509B]
2025-09-12 19:35:59 - [BENIGN] - DEBUG - Generated SSH ACK reply from h5:22 <- h3:57689 [len=54B]
2025-09-12 19:35:59 - [BENIGN] - DEBUG - Generated FTP SYN from h3:51261 -> h5:21 [len=54B]
2025-09-12 19:36:00 - [BENIGN] - DEBUG - Generated FTP SYN-ACK from h5:21 <- h3:51261 [len=54B]
2025-09-12 19:36:01 - [BENIGN] - DEBUG - Generated FTP ACK from h3:51261 -> h5:21 [len=54B]
2025-09-12 19:36:01 - [BENIGN] - DEBUG - Generated FTP data traffic from h3:51261 -> h5:21 [content='FTP file transfer'] [Session 69] [len=145B]
2025-09-12 19:36:02 - [BENIGN] - DEBUG - Generated FTP ACK reply from h5:21 <- h3:51261 [len=54B]
2025-09-12 19:36:02 - [BENIGN] - DEBUG - Generated HTTP SYN from h3:25001 -> h5:80 [len=54B]
2025-09-12 19:36:03 - [BENIGN] - DEBUG - Generated HTTP SYN-ACK from h5:80 <- h3:25001 [len=54B]
2025-09-12 19:36:04 - [BENIGN] - DEBUG - Generated HTTP ACK from h3:25001 -> h5:80 [len=54B]
2025-09-12 19:36:04 - [BENIGN] - DEBUG - Generated HTTP data traffic from h3:25001 -> h5:80 [content='GET /index.html HTTP/1.1'] [Session 70] [len=457B]
2025-09-12 19:36:05 - [BENIGN] - DEBUG - Generated HTTP ACK reply from h5:80 <- h3:25001 [len=54B]
2025-09-12 19:36:06 - [BENIGN] - DEBUG - Generated HTTPS SYN from h3:35945 -> h5:443 [len=54B]
2025-09-12 19:36:06 - [BENIGN] - DEBUG - Generated HTTPS SYN-ACK from h5:443 <- h3:35945 [len=54B]
2025-09-12 19:36:07 - [BENIGN] - DEBUG - Generated HTTPS ACK from h3:35945 -> h5:443 [len=54B]
2025-09-12 19:36:08 - [BENIGN] - DEBUG - Generated HTTPS data traffic from h3:35945 -> h5:443 [content='Encrypted Application Data'] [Session 71] [len=506B]
2025-09-12 19:36:08 - [BENIGN] - DEBUG - Generated HTTPS ACK reply from h5:443 <- h3:35945 [len=54B]
2025-09-12 19:36:09 - [BENIGN] - DEBUG - Generated DNS query from h3:29003 -> h5:53 [qname='example.com'] [Session 72] [len=71B]
2025-09-12 19:36:09 - [BENIGN] - DEBUG - Generated ICMP traffic h2↔h5 9 [len=84B]
2025-09-12 19:36:10 - [BENIGN] - DEBUG - Generated TCP SYN from h3:9234 -> h5:12345 [len=54B]
2025-09-12 19:36:10 - [BENIGN] - DEBUG - Generated TCP SYN-ACK from h5:12345 <- h3:9234 [len=54B]
2025-09-12 19:36:11 - [BENIGN] - DEBUG - Generated TCP ACK from h3:9234 -> h5:12345 [len=54B]
2025-09-12 19:36:11 - [BENIGN] - DEBUG - Generated TCP data traffic from h3:9234 -> h5:12345 [content='TCP data'] [Session 73] [len=1378B]
2025-09-12 19:36:12 - [BENIGN] - DEBUG - Generated TCP ACK reply from h5:12345 <- h3:9234 [len=54B]
2025-09-12 19:36:13 - [BENIGN] - DEBUG - Generated UDP traffic from h3:64584 -> h5:12346 [content='2ab8f4ef3a83b517d14d17a2ca60ae5ba79a008e...'] [Session 74] [len=272B]
2025-09-12 19:36:13 - [BENIGN] - DEBUG - Generated Telnet SYN from h3:59995 -> h5:23 [len=54B]
2025-09-12 19:36:14 - [BENIGN] - DEBUG - Generated Telnet SYN-ACK from h5:23 <- h3:59995 [len=54B]
2025-09-12 19:36:15 - [BENIGN] - DEBUG - Generated Telnet ACK from h3:59995 -> h5:23 [len=54B]
2025-09-12 19:36:15 - [BENIGN] - DEBUG - Generated Telnet data traffic from h3:59995 -> h5:23 [content='Telnet command'] [Session 75] [len=315B]
2025-09-12 19:36:16 - [BENIGN] - DEBUG - Generated Telnet ACK reply from h5:23 <- h3:59995 [len=54B]
2025-09-12 19:36:17 - [BENIGN] - DEBUG - Generated SSH SYN from h3:15312 -> h5:22 [len=54B]
2025-09-12 19:36:17 - [BENIGN] - DEBUG - Generated SSH SYN-ACK from h5:22 <- h3:15312 [len=54B]
2025-09-12 19:36:18 - [BENIGN] - DEBUG - Generated SSH ACK from h3:15312 -> h5:22 [len=54B]
2025-09-12 19:36:18 - [BENIGN] - DEBUG - Generated SSH data traffic from h3:15312 -> h5:22 [content='SSH encrypted data'] [Session 76] [len=936B]
2025-09-12 19:36:19 - [BENIGN] - DEBUG - Generated SSH ACK reply from h5:22 <- h3:15312 [len=54B]
2025-09-12 19:36:20 - [BENIGN] - DEBUG - Generated FTP SYN from h3:27168 -> h5:21 [len=54B]
2025-09-12 19:36:20 - [BENIGN] - DEBUG - Generated FTP SYN-ACK from h5:21 <- h3:27168 [len=54B]
2025-09-12 19:36:21 - [BENIGN] - DEBUG - Generated FTP ACK from h3:27168 -> h5:21 [len=54B]
2025-09-12 19:36:22 - [BENIGN] - DEBUG - Generated FTP data traffic from h3:27168 -> h5:21 [content='FTP file transfer'] [Session 77] [len=917B]
2025-09-12 19:36:22 - [BENIGN] - DEBUG - Generated FTP ACK reply from h5:21 <- h3:27168 [len=54B]
2025-09-12 19:36:23 - [BENIGN] - DEBUG - Generated HTTP SYN from h3:28200 -> h5:80 [len=54B]
2025-09-12 19:36:24 - [BENIGN] - DEBUG - Generated HTTP SYN-ACK from h5:80 <- h3:28200 [len=54B]
2025-09-12 19:36:24 - [BENIGN] - DEBUG - Generated HTTP ACK from h3:28200 -> h5:80 [len=54B]
2025-09-12 19:36:25 - [BENIGN] - DEBUG - Generated HTTP data traffic from h3:28200 -> h5:80 [content='GET /index.html HTTP/1.1'] [Session 78] [len=456B]
2025-09-12 19:36:25 - [BENIGN] - DEBUG - Generated HTTP ACK reply from h5:80 <- h3:28200 [len=54B]
2025-09-12 19:36:26 - [BENIGN] - DEBUG - Generated HTTPS SYN from h3:51768 -> h5:443 [len=54B]
2025-09-12 19:36:27 - [BENIGN] - DEBUG - Generated HTTPS SYN-ACK from h5:443 <- h3:51768 [len=54B]
2025-09-12 19:36:27 - [BENIGN] - DEBUG - Generated HTTPS ACK from h3:51768 -> h5:443 [len=54B]
2025-09-12 19:36:28 - [BENIGN] - DEBUG - Generated HTTPS data traffic from h3:51768 -> h5:443 [content='Encrypted Application Data'] [Session 79] [len=653B]
2025-09-12 19:36:29 - [BENIGN] - DEBUG - Generated HTTPS ACK reply from h5:443 <- h3:51768 [len=54B]
2025-09-12 19:36:29 - [BENIGN] - DEBUG - Generated DNS query from h3:30263 -> h5:53 [qname='example.com'] [Session 80] [len=71B]
2025-09-12 19:36:29 - [BENIGN] - INFO - Benign traffic finished.
2025-09-12 19:36:29 - [BENIGN] - INFO - Summary: 80 protocol sessions with protocol separation:
2025-09-12 19:36:29 - [BENIGN] - INFO -   - h2↔h5: ICMP ping traffic
2025-09-12 19:36:29 - [BENIGN] - INFO -   - h3↔h5: TCP/UDP traffic [TCP, UDP, Telnet, SSH, FTP, HTTP, HTTPS, DNS]
2025-09-12 19:36:29 - [BENIGN] - INFO - Total packets sent: 340
