2025-09-12 21:26:22 - [MAIN] - INFO - 🎯 30-FEATURE REAL-TIME DDOS DETECTION DATASET
2025-09-12 21:26:22 - [MAIN] - INFO - 📊 Feature Set: 24 pure live + 4 minimal calculation + 2 labels = 30 total
2025-09-12 21:26:22 - [MAIN] - INFO - ⚡ Optimized for <1ms real-time extraction latency
2025-09-12 21:26:22 - [MAIN] - INFO - 🏢 4-Subnet Enterprise Topology with Layer 3 Routing
2025-09-12 21:26:22 - [MAIN] - INFO - 🌐 Network Configuration:
2025-09-12 21:26:22 - [MAIN] - INFO -    • h1: 192.168.10.0/24 (Isolated/External Network)
2025-09-12 21:26:22 - [MAIN] - INFO -    • h2-h5: 192.168.20.0/24 (Corporate Internal Network)
2025-09-12 21:26:22 - [MAIN] - INFO -    • h6: 192.168.30.0/24 (Server/DMZ Network)
2025-09-12 21:26:22 - [MAIN] - INFO -    • Controller: 192.168.0.0/24 (Management Network)
2025-09-12 21:26:22 - [MAIN] - INFO - 🔧 CPU Affinity Optimization ENABLED
2025-09-12 21:26:22,622 - __main__ - INFO - 🔧 CPU Core Allocation:
2025-09-12 21:26:22,622 - __main__ - INFO -   System: Cores 0
2025-09-12 21:26:22,623 - __main__ - INFO -   Ryu: Cores 1
2025-09-12 21:26:22,623 - __main__ - INFO -   Mininet: Cores 2,3,4
2025-09-12 21:26:22,623 - __main__ - INFO -   Attacks: Cores 5,6,7,8,9,10
2025-09-12 21:26:22,623 - __main__ - INFO -   Background: Cores 11
2025-09-12 21:26:22,623 - __main__ - INFO -   Pcap: Cores 0-15 (all cores, post-simulation)
2025-09-12 21:26:22 - [MAIN] - INFO - Cleaning up any previous Mininet instances...
2025-09-12 21:26:23 - [MAIN] - INFO - Mininet cleanup complete.
2025-09-12 21:26:23,996 - __main__ - INFO - Verifying required tools...
2025-09-12 21:26:24,220 - __main__ - INFO - TShark version: Running as user "root" and group "root". This could be dangerous.
2025-09-12 21:26:24,221 - __main__ - INFO - All required tools are available.
2025-09-12 21:26:24 - [MAIN] - INFO - Using configuration file: /home/user/Desktop/dataset_generation/config.json
2025-09-12 21:26:24,221 - __main__ - INFO - Starting Ryu SDN controller with CPU affinity...
2025-09-12 21:26:24,221 - __main__ - INFO - 🚀 Starting ryu on cores [1]: ryu-manager --verbose /home/user/Desktop/dataset_generation/src/controller/ryu_l3_router_app.py
2025-09-12 21:26:24,228 - __main__ - INFO - ✅ Started ryu with PID 63076 on cores [1]
2025-09-12 21:26:24,228 - __main__ - INFO - Ryu controller started with PID: 63076. See main_output/v4/120925-52/ryu.log for logs.
2025-09-12 21:26:24,228 - __main__ - INFO - Checking for controller on port 6653 (timeout: 30s)...
2025-09-12 21:26:25,245 - __main__ - INFO - Controller is up and listening.
2025-09-12 21:26:25 - [MAIN] - INFO - Testing /hello endpoint...
2025-09-12 21:26:25 - [MAIN] - INFO - Response status code: 200
2025-09-12 21:26:25 - [MAIN] - INFO - Response headers: {'Content-Type': 'application/json; charset=utf-8', 'Content-Length': '51', 'Date': 'Fri, 12 Sep 2025 13:26:25 GMT', 'Connection': 'keep-alive'}
2025-09-12 21:26:25 - [MAIN] - INFO - Response text: {"message": "Hello from Ryu L3 Router Controller!"}...
2025-09-12 21:26:25 - [MAIN] - INFO - Test /hello endpoint: PASSED
2025-09-12 21:26:25,253 - __main__ - INFO - Setting up Mininet topology...
2025-09-12 21:26:25,498 - __main__ - INFO - Mininet version: 
2025-09-12 21:26:25,507 - __main__ - INFO - Connecting to remote controller at 127.0.0.1:6653
2025-09-12 21:26:25,811 - __main__ - INFO - Mininet network started successfully.
2025-09-12 21:26:25,811 - __main__ - INFO - Waiting for Layer 3 routing to stabilize...
2025-09-12 21:26:40,827 - __main__ - INFO - Testing gateway connectivity for debugging...
2025-09-12 21:26:40,827 - __main__ - INFO - h1 -> 192.168.10.1 (gateway): testing...
2025-09-12 21:26:40,838 - __main__ - INFO - SUCCESS
2025-09-12 21:26:40,838 - __main__ - INFO - h2 -> 192.168.20.1 (gateway): testing...
2025-09-12 21:26:40,841 - __main__ - INFO - SUCCESS
2025-09-12 21:26:40,842 - __main__ - INFO - Running Mininet pingall test...
2025-09-12 21:26:45,914 - __main__ - INFO - Mininet pingall test completed successfully. Packet loss: 0.0%
2025-09-12 21:26:45,914 - __main__ - INFO - Starting v4.0 traffic generation scenario with 30-feature extraction and 4-subnet topology...
2025-09-12 21:26:45,914 - __main__ - INFO - ✅ Set current process affinity to cores [5, 6, 7, 8, 9, 10] for attacks
2025-09-12 21:26:45,914 - __main__ - INFO - ✅ Set CPU affinity for attack generation processes
2025-09-12 21:26:45,915 - __main__ - INFO - Phase 1: Initialization (5s)...
2025-09-12 21:26:50,915 - __main__ - INFO - Timeline updated: normal phase started at 1757683610.915851
2025-09-12 21:26:50,916 - __main__ - INFO - Starting flow statistics collection for 2245 seconds...
2025-09-12 21:26:50,916 - __main__ - INFO - Enhanced flow capture with 0.5s polling and flow timeout guarantees
2025-09-12 21:26:50,916 - __main__ - INFO - Flow statistics collection started in background.
2025-09-12 21:26:50,918 - __main__ - INFO - Phase 2: Normal Traffic (1600s)...
2025-09-12 21:26:50,919 - __main__ - INFO - Starting packet capture. Output file: /home/user/Desktop/dataset_generation/main_output/v4/120925-52/normal.pcap
2025-09-12 21:26:50,919 - __main__ - INFO - Capturing on switch s1 interface any
2025-09-12 21:26:50,919 - __main__ - INFO - Starting tcpdump with command: tcpdump -i any -w /home/user/Desktop/dataset_generation/main_output/v4/120925-52/normal.pcap -s 0 ip and not ip6 and net 192.168.0.0/16
2025-09-12 21:26:52,936 - __main__ - INFO - tcpdump started successfully with PID: 63358
2025-09-12 21:53:33,472 - __main__ - INFO - Stopping packet capture (PID: 63358)...
2025-09-12 21:53:33,545 - __main__ - INFO - Packet capture stopped.
2025-09-12 21:53:33,545 - __main__ - INFO - Phase 3.1: Enhanced Traditional DDoS Attacks...
2025-09-12 21:53:33,545 - __main__ - INFO - Starting packet capture. Output file: /home/user/Desktop/dataset_generation/main_output/v4/120925-52/syn_flood.pcap
2025-09-12 21:53:33,545 - __main__ - INFO - Capturing on switch s1 interface any
2025-09-12 21:53:33,545 - __main__ - INFO - Starting tcpdump with command: tcpdump -i any -w /home/user/Desktop/dataset_generation/main_output/v4/120925-52/syn_flood.pcap -s 0 ip and not ip6 and net 192.168.0.0/16
2025-09-12 21:53:35,560 - __main__ - INFO - tcpdump started successfully with PID: 73713
2025-09-12 21:53:35,560 - __main__ - INFO - Timeline updated: syn_flood phase started at 1757685215.5601897
2025-09-12 21:55:05,245 - __main__ - INFO - Stopping packet capture (PID: 73713)...
2025-09-12 21:55:05,343 - __main__ - INFO - Packet capture stopped.
2025-09-12 21:55:05,343 - __main__ - INFO - Starting packet capture. Output file: /home/user/Desktop/dataset_generation/main_output/v4/120925-52/udp_flood.pcap
2025-09-12 21:55:05,344 - __main__ - INFO - Capturing on switch s1 interface any
2025-09-12 21:55:05,344 - __main__ - INFO - Starting tcpdump with command: tcpdump -i any -w /home/user/Desktop/dataset_generation/main_output/v4/120925-52/udp_flood.pcap -s 0 ip and not ip6 and net 192.168.0.0/16
2025-09-12 21:55:07,358 - __main__ - INFO - tcpdump started successfully with PID: 73728
2025-09-12 21:55:07,358 - __main__ - INFO - Timeline updated: udp_flood phase started at 1757685307.3586216
2025-09-12 21:58:05,024 - __main__ - INFO - Stopping packet capture (PID: 73728)...
2025-09-12 21:58:05,069 - __main__ - INFO - Packet capture stopped.
2025-09-12 21:58:05,070 - __main__ - INFO - Starting packet capture. Output file: /home/user/Desktop/dataset_generation/main_output/v4/120925-52/icmp_flood.pcap
2025-09-12 21:58:05,070 - __main__ - INFO - Capturing on switch s1 interface any
2025-09-12 21:58:05,070 - __main__ - INFO - Starting tcpdump with command: tcpdump -i any -w /home/user/Desktop/dataset_generation/main_output/v4/120925-52/icmp_flood.pcap -s 0 ip and not ip6 and net 192.168.0.0/16
2025-09-12 21:58:07,084 - __main__ - INFO - tcpdump started successfully with PID: 73741
2025-09-12 21:58:07,085 - __main__ - INFO - Timeline updated: icmp_flood phase started at 1757685487.085182
2025-09-12 21:59:37,273 - __main__ - INFO - Stopping packet capture (PID: 73741)...
2025-09-12 21:59:37,402 - __main__ - INFO - Packet capture stopped.
2025-09-12 21:59:37,402 - __main__ - INFO - Phase 3.2: ENHANCED Adversarial DDoS Attacks...
2025-09-12 21:59:37,410 - __main__ - INFO - Started simple HTTP server on h6:80 for adversarial phases
2025-09-12 21:59:37,915 - __main__ - INFO - Starting packet capture. Output file: /home/user/Desktop/dataset_generation/main_output/v4/120925-52/ad_syn.pcap
2025-09-12 21:59:37,915 - __main__ - INFO - Capturing on switch s1 interface any
2025-09-12 21:59:37,915 - __main__ - INFO - Starting tcpdump with command: tcpdump -i any -w /home/user/Desktop/dataset_generation/main_output/v4/120925-52/ad_syn.pcap -s 0 ip and not ip6 and net 192.168.0.0/16
2025-09-12 21:59:39,931 - __main__ - INFO - tcpdump started successfully with PID: 73758
2025-09-12 21:59:39,931 - __main__ - INFO - Timeline updated: ad_syn phase started at 1757685579.9315913
2025-09-12 22:00:53,058 - __main__ - INFO - Stopping packet capture (PID: 73758)...
2025-09-12 22:00:53,129 - __main__ - INFO - Packet capture stopped.
2025-09-12 22:00:53,129 - __main__ - INFO - Starting packet capture. Output file: /home/user/Desktop/dataset_generation/main_output/v4/120925-52/ad_udp.pcap
2025-09-12 22:00:53,129 - __main__ - INFO - Capturing on switch s1 interface any
2025-09-12 22:00:53,129 - __main__ - INFO - Starting tcpdump with command: tcpdump -i any -w /home/user/Desktop/dataset_generation/main_output/v4/120925-52/ad_udp.pcap -s 0 ip and not ip6 and net 192.168.0.0/16
2025-09-12 22:00:55,143 - __main__ - INFO - tcpdump started successfully with PID: 73764
2025-09-12 22:00:55,143 - __main__ - INFO - Timeline updated: ad_udp phase started at 1757685655.1437423
2025-09-12 22:01:20,245 - __main__ - INFO - Stopping packet capture (PID: 73764)...
2025-09-12 22:01:20,343 - __main__ - INFO - Packet capture stopped.
2025-09-12 22:01:20,343 - __main__ - INFO - Starting packet capture. Output file: /home/user/Desktop/dataset_generation/main_output/v4/120925-52/ad_slow.pcap
2025-09-12 22:01:20,343 - __main__ - INFO - Capturing on switch s1 interface any
2025-09-12 22:01:20,343 - __main__ - INFO - Starting tcpdump with command: tcpdump -i any -w /home/user/Desktop/dataset_generation/main_output/v4/120925-52/ad_slow.pcap -s 0 ip and not ip6 and net 192.168.0.0/16
2025-09-12 22:01:22,359 - __main__ - INFO - tcpdump started successfully with PID: 73769
2025-09-12 22:01:22,359 - __main__ - INFO - Timeline updated: ad_slow phase started at 1757685682.3592415
2025-09-12 22:01:22,860 - __main__ - INFO - Proceeding with ENHANCED adversarial slow attack
2025-09-12 22:01:22,861 - __main__ - INFO - Attack traffic will be captured via ad_slow.pcap
2025-09-12 22:02:35,554 - __main__ - INFO - Stopping packet capture (PID: 73769)...
2025-09-12 22:02:35,635 - __main__ - INFO - Packet capture stopped.
2025-09-12 22:02:35,636 - __main__ - INFO - Signaling flow collection thread to stop before cooldown...
2025-09-12 22:02:35,636 - __main__ - INFO - Waiting for flow collection thread to finish...
2025-09-12 22:02:35,919 - __main__ - INFO - Flow collection received stop signal, ending gracefully.
2025-09-12 22:02:35,919 - __main__ - INFO - Flow timeline collection completed.
2025-09-12 22:02:35,919 - __main__ - INFO - === Flow Capture Guarantee Report ===
2025-09-12 22:02:35,919 - __main__ - INFO - Total polling duration: 2150.00s
2025-09-12 22:02:35,919 - __main__ - INFO - Total polls attempted: 4301
2025-09-12 22:02:35,919 - __main__ - INFO - Successful polls: 4301 (100.0%)
2025-09-12 22:02:35,919 - __main__ - INFO - Total flow entries captured: 29993
2025-09-12 22:02:35,919 - __main__ - INFO - Unique flows tracked: 7
2025-09-12 22:02:35,919 - __main__ - INFO - Average flows per poll: 6.97
2025-09-12 22:02:35,919 - __main__ - INFO - Polling interval: 0.5s (improved from 1.0s)
2025-09-12 22:02:35,919 - __main__ - INFO - Flow timeout settings: idle=30s, hard=300s
2025-09-12 22:02:36,259 - __main__ - INFO - Flow statistics saved to main_output/v4/120925-52/flow_features.csv
2025-09-12 22:02:36,275 - __main__ - INFO - Flow collection thread finished successfully
2025-09-12 22:02:36,275 - __main__ - INFO - Phase 4: Cooldown (5s)...
2025-09-12 22:02:36,275 - __main__ - INFO - Note: Flow collection stopped before cooldown to ensure dataset consistency
2025-09-12 22:02:41,283 - __main__ - INFO - Stopping HTTP server on h6
2025-09-12 22:02:41,283 - __main__ - INFO - ============================================================
2025-09-12 22:02:41,283 - __main__ - INFO - v4.0 30-FEATURE TIMING SUMMARY (4-Subnet Topology)
2025-09-12 22:02:41,283 - __main__ - INFO - ============================================================
2025-09-12 22:02:41,283 - __main__ - INFO - Configuration File: /home/user/Desktop/dataset_generation/config.json
2025-09-12 22:02:41,283 - __main__ - INFO - 
2025-09-12 22:02:41,283 - __main__ - INFO - Total Scenario Runtime: 2155.37 seconds (35.92 minutes)
2025-09-12 22:02:41,283 - __main__ - INFO - 
2025-09-12 22:02:41,283 - __main__ - INFO - Phase-by-Phase Breakdown:
2025-09-12 22:02:41,283 - __main__ - INFO -   Enhanced Traditional Attacks:
2025-09-12 22:02:41,283 - __main__ - INFO -     Enhanced Syn Flood: 91.80s (configured: 88s)
2025-09-12 22:02:41,283 - __main__ - INFO -     Enhanced Udp Flood: 179.73s (configured: 176s)
2025-09-12 22:02:41,283 - __main__ - INFO -     Enhanced Icmp Flood: 92.33s (configured: 88s)
2025-09-12 22:02:41,283 - __main__ - INFO -   ENHANCED Adversarial Attacks:
2025-09-12 22:02:41,284 - __main__ - INFO -     ENHANCED TCP State Exhaustion: 75.21s (configured: 72s)
2025-09-12 22:02:41,284 - __main__ - INFO -     ENHANCED Application Layer: 27.21s (configured: 24s)
2025-09-12 22:02:41,284 - __main__ - INFO -     ENHANCED Slow Read: 75.29s (configured: 72s)
2025-09-12 22:02:41,284 - __main__ - INFO -   Initialization: 5.00s (configured: 5s)
2025-09-12 22:02:41,284 - __main__ - INFO -   Normal_Traffic: 1602.63s (configured: 1600s)
2025-09-12 22:02:41,284 - __main__ - INFO -   Cooldown: 5.01s (configured: 5s)
2025-09-12 22:02:41,284 - __main__ - INFO - ============================================================
2025-09-12 22:02:41,284 - __main__ - INFO - v4.0 30-feature 4-subnet traffic generation scenario finished.
2025-09-12 22:02:41 - [MAIN] - INFO - v4.0 PCAP generation complete.
2025-09-12 22:02:41 - [MAIN] - INFO - Processing 7 PCAP files using 4 CPU cores for 30-feature extraction...
2025-09-12 22:02:41,285 - __main__ - INFO - === PARALLEL PCAP PROCESSING START ===
2025-09-12 22:02:41,285 - __main__ - INFO - Files to process: 7
2025-09-12 22:02:41,285 - __main__ - INFO - Max workers: 4
2025-09-12 22:02:41,285 - __main__ - INFO - Output directory: /home/user/Desktop/dataset_generation/main_output/v4/120925-52
2025-09-12 22:02:41,285 - __main__ - INFO -   - normal.pcap -> normal
2025-09-12 22:02:41,285 - __main__ - INFO -   - syn_flood.pcap -> syn_flood
2025-09-12 22:02:41,285 - __main__ - INFO -   - udp_flood.pcap -> udp_flood
2025-09-12 22:02:41,285 - __main__ - INFO -   - icmp_flood.pcap -> icmp_flood
2025-09-12 22:02:41,285 - __main__ - INFO -   - ad_syn.pcap -> ad_syn
2025-09-12 22:02:41,285 - __main__ - INFO -   - ad_udp.pcap -> ad_udp
2025-09-12 22:02:41,285 - __main__ - INFO -   - ad_slow.pcap -> ad_slow
2025-09-12 22:02:41,285 - __main__ - INFO - ✅ Set current process affinity to cores [0, 1, 2, 3, 4, 5, 6, 7, 8, 9, 10, 11, 12, 13, 14, 15] for pcap
2025-09-12 22:02:41,285 - __main__ - INFO - ✅ Set CPU affinity for PCAP processing (all cores)
2025-09-12 22:02:41,287 - __main__ - INFO - Submitting processing jobs...
2025-09-12 22:02:41,304 - __main__ - INFO - ✓ Submitted job for normal.pcap
2025-09-12 22:02:41,306 - __main__ - INFO - ✓ Submitted job for syn_flood.pcap
2025-09-12 22:02:41,307 - __main__ - INFO - ✓ Submitted job for udp_flood.pcap
2025-09-12 22:02:41,307 - __main__ - INFO - ✓ Submitted job for icmp_flood.pcap
2025-09-12 22:02:41,308 - __main__ - INFO - ✓ Submitted job for ad_syn.pcap
2025-09-12 22:02:41,308 - __main__ - INFO - ✓ Submitted job for ad_udp.pcap
2025-09-12 22:02:41,308 - __main__ - INFO - ✓ Submitted job for ad_slow.pcap
2025-09-12 22:02:41,309 - __main__ - INFO - Processing 7 submitted jobs...
2025-09-12 22:02:41,309 - __main__ - INFO - Waiting for result from normal.pcap...
2025-09-12 22:02:50,597 - __main__ - INFO - ✓ Completed processing normal.pcap (10760 records with 32 features)
2025-09-12 22:02:50,598 - __main__ - INFO - Waiting for result from syn_flood.pcap...
2025-09-12 22:02:50,598 - __main__ - INFO - ✓ Completed processing syn_flood.pcap (3624 records with 32 features)
2025-09-12 22:02:50,598 - __main__ - INFO - Waiting for result from udp_flood.pcap...
2025-09-12 22:02:50,598 - __main__ - INFO - ✓ Completed processing udp_flood.pcap (3873 records with 32 features)
2025-09-12 22:02:50,598 - __main__ - INFO - Waiting for result from icmp_flood.pcap...
2025-09-12 22:02:50,598 - __main__ - INFO - ✓ Completed processing icmp_flood.pcap (4068 records with 32 features)
2025-09-12 22:02:50,598 - __main__ - INFO - Waiting for result from ad_syn.pcap...
2025-09-12 22:02:50,598 - __main__ - INFO - ✓ Completed processing ad_syn.pcap (4932 records with 32 features)
2025-09-12 22:02:50,598 - __main__ - INFO - Waiting for result from ad_udp.pcap...
2025-09-12 22:02:50,598 - __main__ - INFO - ✓ Completed processing ad_udp.pcap (5072 records with 32 features)
2025-09-12 22:02:50,598 - __main__ - INFO - Waiting for result from ad_slow.pcap...
2025-09-12 22:02:50,598 - __main__ - INFO - ✓ Completed processing ad_slow.pcap (425 records with 32 features)
2025-09-12 22:02:50,611 - __main__ - INFO - === PARALLEL PROCESSING SUMMARY ===
2025-09-12 22:02:50,611 - __main__ - INFO - Total files submitted: 7
2025-09-12 22:02:50,611 - __main__ - INFO - Successful processing: 7
2025-09-12 22:02:50,611 - __main__ - INFO - Failed processing: 0
2025-09-12 22:02:50,612 - __main__ - INFO - Individual file results:
2025-09-12 22:02:50,612 - __main__ - INFO -   ✓ normal.pcap: SUCCESS (10760 rows)
2025-09-12 22:02:50,612 - __main__ - INFO -   ✓ syn_flood.pcap: SUCCESS (3624 rows)
2025-09-12 22:02:50,612 - __main__ - INFO -   ✓ udp_flood.pcap: SUCCESS (3873 rows)
2025-09-12 22:02:50,612 - __main__ - INFO -   ✓ icmp_flood.pcap: SUCCESS (4068 rows)
2025-09-12 22:02:50,612 - __main__ - INFO -   ✓ ad_syn.pcap: SUCCESS (4932 rows)
2025-09-12 22:02:50,612 - __main__ - INFO -   ✓ ad_udp.pcap: SUCCESS (5072 rows)
2025-09-12 22:02:50,612 - __main__ - INFO -   ✓ ad_slow.pcap: SUCCESS (425 rows)
2025-09-12 22:02:50,612 - __main__ - INFO - ✓ Parallel PCAP processing completed. 7 files processed successfully.
2025-09-12 22:02:50,612 - __main__ - INFO - === PARALLEL PCAP PROCESSING END ===
2025-09-12 22:02:50 - [MAIN] - INFO - Parallel 30-feature PCAP processing completed in 9.33 seconds (0.16 minutes)
2025-09-12 22:02:51 - [MAIN] - INFO - v4.0 30-feature combined labeled CSV generated at: main_output/v4/120925-52/packet_features.csv
2025-09-12 22:02:51 - [MAIN] - INFO - v4.0 final 30-feature combined CSV created successfully.
2025-09-12 22:02:51 - [MAIN] - INFO - 
--- v4.0 30-Feature Packet Counts by Class (4-Subnet Topology) ---
2025-09-12 22:02:51 - [MAIN] - INFO -   normal: 10760 packets
2025-09-12 22:02:51 - [MAIN] - INFO -   ad_udp: 5072 packets
2025-09-12 22:02:51 - [MAIN] - INFO -   ad_syn: 4932 packets
2025-09-12 22:02:51 - [MAIN] - INFO -   icmp_flood: 4068 packets
2025-09-12 22:02:51 - [MAIN] - INFO -   udp_flood: 3873 packets
2025-09-12 22:02:51 - [MAIN] - INFO -   syn_flood: 3624 packets
2025-09-12 22:02:51 - [MAIN] - INFO -   ad_slow: 425 packets
2025-09-12 22:02:51 - [MAIN] - INFO - v4.0 flow-level dataset generated at: main_output/v4/120925-52/flow_features.csv
2025-09-12 22:02:51 - [MAIN] - INFO - 
--- v4.0 Flow Feature Counts by Class (4-Subnet Topology) ---
2025-09-12 22:02:51 - [MAIN] - INFO -   normal: 22426 flows
2025-09-12 22:02:51 - [MAIN] - INFO -   udp_flood: 2520 flows
2025-09-12 22:02:51 - [MAIN] - INFO -   icmp_flood: 1302 flows
2025-09-12 22:02:51 - [MAIN] - INFO -   syn_flood: 1281 flows
2025-09-12 22:02:51 - [MAIN] - INFO -   ad_syn: 1050 flows
2025-09-12 22:02:51 - [MAIN] - INFO -   ad_slow: 1036 flows
2025-09-12 22:02:51 - [MAIN] - INFO -   ad_udp: 378 flows
2025-09-12 22:02:51 - [MAIN] - INFO - Generating v4.0 dataset summary...
2025-09-12 22:02:51 - [MAIN] - INFO - Dataset generation summary displayed above
2025-09-12 22:02:51 - [MAIN] - INFO - Running v4.0 timeline analysis...
2025-09-12 22:02:51 - [MAIN] - INFO - Starting timeline analysis...
2025-09-12 22:02:51 - [MAIN] - INFO - Timeline Analysis Results:
2025-09-12 22:02:51 - [MAIN] - INFO -   Total attack types: 7
2025-09-12 22:02:51 - [MAIN] - INFO -   Good alignment: 6
2025-09-12 22:02:51 - [MAIN] - INFO -   Overall score: 85.7%
2025-09-12 22:02:51 - [MAIN] - INFO -   Status: 👍 GOOD: Timeline alignment is acceptable with minor issues.
2025-09-12 22:02:51 - [MAIN] - WARNING - Poor alignment: ad_slow
2025-09-12 22:02:51 - [MAIN] - INFO - ================================================================================
2025-09-12 22:02:51 - [MAIN] - INFO - v4.0 30-FEATURE FINAL EXECUTION SUMMARY (4-SUBNET TOPOLOGY)
2025-09-12 22:02:51 - [MAIN] - INFO - ================================================================================
2025-09-12 22:02:51 - [MAIN] - INFO - 🚀 Framework Version: v4.0 (4-Subnet Enterprise Topology)
2025-09-12 22:02:51 - [MAIN] - INFO - 📊 Feature Set: 30 features optimized for real-time DDoS detection
2025-09-12 22:02:51 - [MAIN] - INFO - 🎯 Target Latency: <1ms per packet extraction
2025-09-12 22:02:51 - [MAIN] - INFO - ⚡ CPU Affinity Optimization: ENABLED
2025-09-12 22:02:51 - [MAIN] - INFO - 🖥️  Total Cores Utilized: 16
2025-09-12 22:02:51 - [MAIN] - INFO - ⏱️  Total Execution Time: 2188.85 seconds (36.48 minutes | 0.61 hours)
2025-09-12 22:02:51 - [MAIN] - INFO - 📅 v4.0 Dataset Generation Complete: 2025-09-12 22:02:51
2025-09-12 22:02:51 - [MAIN] - INFO - 📈 Timeline Alignment Score: 85.7%
2025-09-12 22:02:51 - [MAIN] - INFO - ✅ Timeline Quality: GOOD
2025-09-12 22:02:51 - [MAIN] - INFO - ================================================================================
2025-09-12 22:02:51 - [MAIN] - INFO - 🎉 v4.0 30-FEATURE REAL-TIME DDOS DETECTION DATASET COMPLETED (4-SUBNET TOPOLOGY)
2025-09-12 22:02:51 - [MAIN] - INFO - 📋 30-Feature Set:
2025-09-12 22:02:51 - [MAIN] - INFO -    • 24 Pure Live Extractable Features (direct packet header fields)
2025-09-12 22:02:51 - [MAIN] - INFO -    • 4 Minimal Calculation Features (lightweight processing)
2025-09-12 22:02:51 - [MAIN] - INFO -    • 2 Labels (multi-class + binary)
2025-09-12 22:02:51 - [MAIN] - INFO -    • Timeline-ordered for ML training compatibility
2025-09-12 22:02:51 - [MAIN] - INFO -    • Optimized for production real-time deployment
2025-09-12 22:02:51 - [MAIN] - INFO - 🏢 4-Subnet Enterprise Network Topology:
2025-09-12 22:02:51 - [MAIN] - INFO -    • Inter-subnet attack scenarios (cross-network DDoS)
2025-09-12 22:02:51 - [MAIN] - INFO -    • Realistic enterprise network segmentation
2025-09-12 22:02:51 - [MAIN] - INFO -    • Layer 3 routing with SDN controller
2025-09-12 22:02:51 - [MAIN] - INFO -    • Enhanced attack diversity and realism
2025-09-12 22:02:51 - [MAIN] - INFO - ================================================================================
2025-09-12 22:02:51,471 - __main__ - INFO - Cleaning up resources...
2025-09-12 22:02:51,471 - __main__ - INFO - Terminating Ryu controller (PID: 63076)...
2025-09-12 22:02:51,475 - __main__ - INFO - Cleaning up Mininet environment...
2025-09-12 22:02:53,089 - __main__ - INFO - Cleanup complete.
