2025-09-12 19:09:05,200 - attack_logger - INFO - Attack: Enhanced SYN Flood (11s) | h1 -> h6
2025-09-12 19:09:07,719 - attack_logger - INFO - [syn_flood] [Run ID: 20b5318f-8a14-4947-841f-4aa56aa04f92] Starting Enhanced SYN Flood from h1 to 192.168.30.10 for 11 seconds.
2025-09-12 19:09:07,720 - attack_logger - INFO - [syn_flood] [Run ID: 20b5318f-8a14-4947-841f-4aa56aa04f92] Attack Phase: Enhanced Traditional SYN Flood - Attacker: h1, Target: 192.168.30.10:80, Duration: 11s
2025-09-12 19:09:07,720 - attack_logger - INFO - [syn_flood] [Run ID: 20b5318f-8a14-4947-841f-4aa56aa04f92] Enhanced Features: Human-like timing, protocol compliance, network delay simulation
2025-09-12 19:09:07,720 - attack_logger - INFO - [syn_flood] [Run ID: 20b5318f-8a14-4947-841f-4aa56aa04f92] Session pattern: 1 phases, Circadian factor: 0.60, Workday factor: 0.60
2025-09-12 19:09:07,720 - attack_logger - DEBUG - [syn_flood] [Run ID: 20b5318f-8a14-4947-841f-4aa56aa04f92] Starting enhanced SYN packet generation with human-like timing
2025-09-12 19:09:07,720 - attack_logger - INFO - [syn_flood] [Run ID: 20b5318f-8a14-4947-841f-4aa56aa04f92] Stress phase: 3s, Advanced phase: 8s
2025-09-12 19:09:11,282 - attack_logger - INFO - [syn_flood] [Run ID: 20b5318f-8a14-4947-841f-4aa56aa04f92] Stress phase completed
2025-09-12 19:09:11,292 - attack_logger - INFO - [syn_flood] [Run ID: 20b5318f-8a14-4947-841f-4aa56aa04f92] Enhanced SYN flood process started (PID: 17931)
2025-09-12 19:09:12,300 - attack_logger - INFO - [syn_flood] [Run ID: 20b5318f-8a14-4947-841f-4aa56aa04f92] Attack progress: 1.0s elapsed, ~1 packets sent, Rate: 1.0 pps, Phase: break (intensity: 0.16)
2025-09-12 19:09:12,301 - attack_logger - DEBUG - [syn_flood] [Run ID: 20b5318f-8a14-4947-841f-4aa56aa04f92] Process stats - CPU: 0.0%, Memory: 59.9MB
2025-09-12 19:09:12,301 - attack_logger - DEBUG - [syn_flood] [Run ID: 20b5318f-8a14-4947-841f-4aa56aa04f92] Timing factors - Circadian: 0.60, Workday: 0.60, Adjusted rate: 1.2 pps
2025-09-12 19:09:13,320 - attack_logger - INFO - [syn_flood] [Run ID: 20b5318f-8a14-4947-841f-4aa56aa04f92] Attack progress: 2.0s elapsed, ~3 packets sent, Rate: 1.5 pps, Phase: break (intensity: 0.16)
2025-09-12 19:09:13,320 - attack_logger - DEBUG - [syn_flood] [Run ID: 20b5318f-8a14-4947-841f-4aa56aa04f92] Process stats - CPU: 0.0%, Memory: 60.1MB
2025-09-12 19:09:13,320 - attack_logger - DEBUG - [syn_flood] [Run ID: 20b5318f-8a14-4947-841f-4aa56aa04f92] Timing factors - Circadian: 0.60, Workday: 0.60, Adjusted rate: 1.6 pps
2025-09-12 19:09:14,339 - attack_logger - INFO - [syn_flood] [Run ID: 20b5318f-8a14-4947-841f-4aa56aa04f92] Attack progress: 3.1s elapsed, ~4 packets sent, Rate: 1.3 pps, Phase: break (intensity: 0.16)
2025-09-12 19:09:14,339 - attack_logger - DEBUG - [syn_flood] [Run ID: 20b5318f-8a14-4947-841f-4aa56aa04f92] Process stats - CPU: 0.0%, Memory: 60.1MB
2025-09-12 19:09:14,339 - attack_logger - DEBUG - [syn_flood] [Run ID: 20b5318f-8a14-4947-841f-4aa56aa04f92] Timing factors - Circadian: 0.60, Workday: 0.60, Adjusted rate: 1.5 pps
2025-09-12 19:09:15,357 - attack_logger - INFO - [syn_flood] [Run ID: 20b5318f-8a14-4947-841f-4aa56aa04f92] Attack progress: 4.1s elapsed, ~4 packets sent, Rate: 1.0 pps, Phase: break (intensity: 0.16)
2025-09-12 19:09:15,357 - attack_logger - DEBUG - [syn_flood] [Run ID: 20b5318f-8a14-4947-841f-4aa56aa04f92] Process stats - CPU: 0.0%, Memory: 60.1MB
2025-09-12 19:09:15,357 - attack_logger - DEBUG - [syn_flood] [Run ID: 20b5318f-8a14-4947-841f-4aa56aa04f92] Timing factors - Circadian: 0.60, Workday: 0.60, Adjusted rate: 1.2 pps
2025-09-12 19:09:16,433 - attack_logger - INFO - [syn_flood] [Run ID: 20b5318f-8a14-4947-841f-4aa56aa04f92] Attack progress: 5.2s elapsed, ~7 packets sent, Rate: 1.4 pps, Phase: break (intensity: 0.16)
2025-09-12 19:09:16,433 - attack_logger - DEBUG - [syn_flood] [Run ID: 20b5318f-8a14-4947-841f-4aa56aa04f92] Process stats - CPU: 0.0%, Memory: 60.1MB
2025-09-12 19:09:16,433 - attack_logger - DEBUG - [syn_flood] [Run ID: 20b5318f-8a14-4947-841f-4aa56aa04f92] Timing factors - Circadian: 0.60, Workday: 0.60, Adjusted rate: 1.5 pps
2025-09-12 19:09:17,437 - attack_logger - INFO - [syn_flood] [Run ID: 20b5318f-8a14-4947-841f-4aa56aa04f92] Attack progress: 6.2s elapsed, ~8 packets sent, Rate: 1.3 pps, Phase: break (intensity: 0.16)
2025-09-12 19:09:17,437 - attack_logger - DEBUG - [syn_flood] [Run ID: 20b5318f-8a14-4947-841f-4aa56aa04f92] Process stats - CPU: 0.0%, Memory: 60.1MB
2025-09-12 19:09:17,437 - attack_logger - DEBUG - [syn_flood] [Run ID: 20b5318f-8a14-4947-841f-4aa56aa04f92] Timing factors - Circadian: 0.60, Workday: 0.60, Adjusted rate: 1.4 pps
2025-09-12 19:09:18,459 - attack_logger - INFO - [syn_flood] [Run ID: 20b5318f-8a14-4947-841f-4aa56aa04f92] Attack progress: 7.2s elapsed, ~8 packets sent, Rate: 1.1 pps, Phase: break (intensity: 0.16)
2025-09-12 19:09:18,459 - attack_logger - DEBUG - [syn_flood] [Run ID: 20b5318f-8a14-4947-841f-4aa56aa04f92] Process stats - CPU: 0.0%, Memory: 60.1MB
2025-09-12 19:09:18,459 - attack_logger - DEBUG - [syn_flood] [Run ID: 20b5318f-8a14-4947-841f-4aa56aa04f92] Timing factors - Circadian: 0.60, Workday: 0.60, Adjusted rate: 1.2 pps
2025-09-12 19:09:19,307 - attack_logger - DEBUG - [syn_flood] [Run ID: 20b5318f-8a14-4947-841f-4aa56aa04f92] Sent SIGINT to SYN flood process 17931
2025-09-12 19:09:19,810 - attack_logger - INFO - [syn_flood] [Run ID: 20b5318f-8a14-4947-841f-4aa56aa04f92] Enhanced SYN Flood from h1 to 192.168.30.10 finished.
2025-09-12 19:09:19,810 - attack_logger - INFO - [syn_flood] [Run ID: 20b5318f-8a14-4947-841f-4aa56aa04f92] Attack completed. Total packets sent = 83, Average rate = 10.34 packets/sec.
2025-09-12 19:09:19,810 - attack_logger - INFO - [syn_flood] [Run ID: 20b5318f-8a14-4947-841f-4aa56aa04f92] --- Enhanced Attack Summary ---
2025-09-12 19:09:19,810 - attack_logger - INFO - [syn_flood] [Run ID: 20b5318f-8a14-4947-841f-4aa56aa04f92] Total packets sent: 83
2025-09-12 19:09:19,810 - attack_logger - INFO - [syn_flood] [Run ID: 20b5318f-8a14-4947-841f-4aa56aa04f92] Actual duration: 8.02s
2025-09-12 19:09:19,810 - attack_logger - INFO - [syn_flood] [Run ID: 20b5318f-8a14-4947-841f-4aa56aa04f92] Average rate: 10.34 packets/sec
2025-09-12 19:09:19,810 - attack_logger - INFO - [syn_flood] [Run ID: 20b5318f-8a14-4947-841f-4aa56aa04f92] Base rate: 29.0 pps
2025-09-12 19:09:19,810 - attack_logger - INFO - [syn_flood] [Run ID: 20b5318f-8a14-4947-841f-4aa56aa04f92] Circadian factor: 0.60
2025-09-12 19:09:19,810 - attack_logger - INFO - [syn_flood] [Run ID: 20b5318f-8a14-4947-841f-4aa56aa04f92] Workday factor: 0.60
2025-09-12 19:09:19,810 - attack_logger - INFO - [syn_flood] [Run ID: 20b5318f-8a14-4947-841f-4aa56aa04f92] Session phases: 1
2025-09-12 19:09:19,810 - attack_logger - INFO - [syn_flood] [Run ID: 20b5318f-8a14-4947-841f-4aa56aa04f92] Target port: 80
2025-09-12 19:09:19,810 - attack_logger - INFO - [syn_flood] [Run ID: 20b5318f-8a14-4947-841f-4aa56aa04f92] Attack method: Enhanced SYN Flood with Human-like Timing
2025-09-12 19:09:19,810 - attack_logger - INFO - [syn_flood] [Run ID: 20b5318f-8a14-4947-841f-4aa56aa04f92] Enhancement features: Human timing patterns, protocol compliance, network delay simulation
2025-09-12 19:09:19,810 - attack_logger - INFO - [syn_flood] [Run ID: 20b5318f-8a14-4947-841f-4aa56aa04f92] TCP options: MSS, WScale, Timestamp, SAckOK
2025-09-12 19:09:19,810 - attack_logger - INFO - [syn_flood] [Run ID: 20b5318f-8a14-4947-841f-4aa56aa04f92] ----------------------------------------
2025-09-12 19:09:19,850 - attack_logger - INFO - Attack: Enhanced SYN Flood completed.
2025-09-12 19:09:19,850 - attack_logger - INFO - Attack: Enhanced UDP Flood (22s) | h1 -> h6
2025-09-12 19:09:22,370 - attack_logger - INFO - [udp_flood] [Run ID: b3bd17fb-252e-47d5-ad52-16352cee46cb] Starting Enhanced UDP Flood from h1 to 192.168.30.10 for 22 seconds.
2025-09-12 19:09:22,370 - attack_logger - INFO - [udp_flood] [Run ID: b3bd17fb-252e-47d5-ad52-16352cee46cb] Attack Phase: Enhanced Traditional UDP Flood - Attacker: h1, Target: 192.168.30.10:53, Duration: 22s
2025-09-12 19:09:22,371 - attack_logger - INFO - [udp_flood] [Run ID: b3bd17fb-252e-47d5-ad52-16352cee46cb] Enhanced Features: Human-like timing, protocol compliance, network delay simulation
2025-09-12 19:09:22,371 - attack_logger - INFO - [udp_flood] [Run ID: b3bd17fb-252e-47d5-ad52-16352cee46cb] Stress phase: 6s, Advanced phase: 16s
2025-09-12 19:09:29,005 - attack_logger - INFO - [udp_flood] [Run ID: b3bd17fb-252e-47d5-ad52-16352cee46cb] Stress phase completed
2025-09-12 19:09:29,005 - attack_logger - INFO - [udp_flood] [Run ID: b3bd17fb-252e-47d5-ad52-16352cee46cb] Session pattern: 1 phases, Circadian factor: 0.60, Workday factor: 0.60
2025-09-12 19:09:29,006 - attack_logger - DEBUG - [udp_flood] [Run ID: b3bd17fb-252e-47d5-ad52-16352cee46cb] Starting enhanced UDP packet generation with human-like timing
2025-09-12 19:09:29,014 - attack_logger - INFO - [udp_flood] [Run ID: b3bd17fb-252e-47d5-ad52-16352cee46cb] Enhanced UDP flood process started (PID: 17942)
2025-09-12 19:09:32,115 - attack_logger - INFO - [udp_flood] [Run ID: b3bd17fb-252e-47d5-ad52-16352cee46cb] Attack progress: 3.1s elapsed, ~25 packets sent, Rate: 8.0 pps, Phase: active (intensity: 0.82)
2025-09-12 19:09:32,115 - attack_logger - DEBUG - [udp_flood] [Run ID: b3bd17fb-252e-47d5-ad52-16352cee46cb] Process stats - CPU: 0.0%, Memory: 60.0MB
2025-09-12 19:09:32,115 - attack_logger - DEBUG - [udp_flood] [Run ID: b3bd17fb-252e-47d5-ad52-16352cee46cb] Timing factors - Circadian: 0.60, Workday: 0.60, Adjusted rate: 8.1 pps
2025-09-12 19:09:35,171 - attack_logger - INFO - [udp_flood] [Run ID: b3bd17fb-252e-47d5-ad52-16352cee46cb] Attack progress: 6.2s elapsed, ~51 packets sent, Rate: 8.3 pps, Phase: active (intensity: 0.82)
2025-09-12 19:09:35,171 - attack_logger - DEBUG - [udp_flood] [Run ID: b3bd17fb-252e-47d5-ad52-16352cee46cb] Process stats - CPU: 0.0%, Memory: 60.3MB
2025-09-12 19:09:35,171 - attack_logger - DEBUG - [udp_flood] [Run ID: b3bd17fb-252e-47d5-ad52-16352cee46cb] Timing factors - Circadian: 0.60, Workday: 0.60, Adjusted rate: 8.4 pps
2025-09-12 19:09:38,188 - attack_logger - INFO - [udp_flood] [Run ID: b3bd17fb-252e-47d5-ad52-16352cee46cb] Attack progress: 9.2s elapsed, ~67 packets sent, Rate: 7.3 pps, Phase: active (intensity: 0.82)
2025-09-12 19:09:38,189 - attack_logger - DEBUG - [udp_flood] [Run ID: b3bd17fb-252e-47d5-ad52-16352cee46cb] Process stats - CPU: 0.0%, Memory: 60.3MB
2025-09-12 19:09:38,189 - attack_logger - DEBUG - [udp_flood] [Run ID: b3bd17fb-252e-47d5-ad52-16352cee46cb] Timing factors - Circadian: 0.60, Workday: 0.60, Adjusted rate: 7.4 pps
2025-09-12 19:09:41,207 - attack_logger - INFO - [udp_flood] [Run ID: b3bd17fb-252e-47d5-ad52-16352cee46cb] Attack progress: 12.2s elapsed, ~85 packets sent, Rate: 7.0 pps, Phase: active (intensity: 0.82)
2025-09-12 19:09:41,207 - attack_logger - DEBUG - [udp_flood] [Run ID: b3bd17fb-252e-47d5-ad52-16352cee46cb] Process stats - CPU: 0.0%, Memory: 60.3MB
2025-09-12 19:09:41,207 - attack_logger - DEBUG - [udp_flood] [Run ID: b3bd17fb-252e-47d5-ad52-16352cee46cb] Timing factors - Circadian: 0.60, Workday: 0.60, Adjusted rate: 7.0 pps
2025-09-12 19:09:44,242 - attack_logger - INFO - [udp_flood] [Run ID: b3bd17fb-252e-47d5-ad52-16352cee46cb] Attack progress: 15.2s elapsed, ~127 packets sent, Rate: 8.3 pps, Phase: active (intensity: 0.82)
2025-09-12 19:09:44,242 - attack_logger - DEBUG - [udp_flood] [Run ID: b3bd17fb-252e-47d5-ad52-16352cee46cb] Process stats - CPU: 0.0%, Memory: 60.3MB
2025-09-12 19:09:44,242 - attack_logger - DEBUG - [udp_flood] [Run ID: b3bd17fb-252e-47d5-ad52-16352cee46cb] Timing factors - Circadian: 0.60, Workday: 0.60, Adjusted rate: 8.4 pps
2025-09-12 19:09:45,047 - attack_logger - DEBUG - [udp_flood] [Run ID: b3bd17fb-252e-47d5-ad52-16352cee46cb] Sent SIGINT to UDP flood process 17942
2025-09-12 19:09:45,552 - attack_logger - INFO - [udp_flood] [Run ID: b3bd17fb-252e-47d5-ad52-16352cee46cb] Enhanced UDP Flood from h1 to 192.168.30.10 finished.
2025-09-12 19:09:45,552 - attack_logger - INFO - [udp_flood] [Run ID: b3bd17fb-252e-47d5-ad52-16352cee46cb] Attack completed. Total packets sent = 164, Average rate = 10.22 packets/sec.
2025-09-12 19:09:45,552 - attack_logger - INFO - [udp_flood] [Run ID: b3bd17fb-252e-47d5-ad52-16352cee46cb] --- Enhanced Attack Summary ---
2025-09-12 19:09:45,552 - attack_logger - INFO - [udp_flood] [Run ID: b3bd17fb-252e-47d5-ad52-16352cee46cb] Total packets sent: 164
2025-09-12 19:09:45,552 - attack_logger - INFO - [udp_flood] [Run ID: b3bd17fb-252e-47d5-ad52-16352cee46cb] Actual duration: 16.04s
2025-09-12 19:09:45,552 - attack_logger - INFO - [udp_flood] [Run ID: b3bd17fb-252e-47d5-ad52-16352cee46cb] Average rate: 10.22 packets/sec
2025-09-12 19:09:45,552 - attack_logger - INFO - [udp_flood] [Run ID: b3bd17fb-252e-47d5-ad52-16352cee46cb] Base rate: 28.5 pps
2025-09-12 19:09:45,552 - attack_logger - INFO - [udp_flood] [Run ID: b3bd17fb-252e-47d5-ad52-16352cee46cb] Circadian factor: 0.60
2025-09-12 19:09:45,552 - attack_logger - INFO - [udp_flood] [Run ID: b3bd17fb-252e-47d5-ad52-16352cee46cb] Workday factor: 0.60
2025-09-12 19:09:45,552 - attack_logger - INFO - [udp_flood] [Run ID: b3bd17fb-252e-47d5-ad52-16352cee46cb] Session phases: 1
2025-09-12 19:09:45,552 - attack_logger - INFO - [udp_flood] [Run ID: b3bd17fb-252e-47d5-ad52-16352cee46cb] Target port: 53 (DNS)
2025-09-12 19:09:45,552 - attack_logger - INFO - [udp_flood] [Run ID: b3bd17fb-252e-47d5-ad52-16352cee46cb] Attack method: Enhanced UDP Flood with Human-like Timing
2025-09-12 19:09:45,552 - attack_logger - INFO - [udp_flood] [Run ID: b3bd17fb-252e-47d5-ad52-16352cee46cb] Enhancement features: Human timing patterns, protocol compliance, network delay simulation
2025-09-12 19:09:45,552 - attack_logger - INFO - [udp_flood] [Run ID: b3bd17fb-252e-47d5-ad52-16352cee46cb] DNS payloads: Realistic query patterns with varied domains
2025-09-12 19:09:45,552 - attack_logger - INFO - [udp_flood] [Run ID: b3bd17fb-252e-47d5-ad52-16352cee46cb] ----------------------------------------
2025-09-12 19:09:45,631 - attack_logger - INFO - Attack: Enhanced UDP Flood completed.
2025-09-12 19:09:45,631 - attack_logger - INFO - Attack: Enhanced ICMP Flood (11s) | h1 -> h4
2025-09-12 19:09:48,144 - attack_logger - INFO - [icmp_flood] [Run ID: 79ac4b71-82da-41f1-8660-32da6769a109] Starting Enhanced ICMP Flood with RFC 1918 IP Rotation from h1 to 192.168.20.12 for 11 seconds.
2025-09-12 19:09:48,144 - attack_logger - INFO - [icmp_flood] [Run ID: 79ac4b71-82da-41f1-8660-32da6769a109] Attack Phase: Enhanced Traditional ICMP Flood - Attacker: h1, Target: 192.168.20.12, Duration: 11s
2025-09-12 19:09:48,144 - attack_logger - INFO - [icmp_flood] [Run ID: 79ac4b71-82da-41f1-8660-32da6769a109] Enhanced Features: RFC 1918 IP rotation, human-like timing, protocol compliance, network delay simulation
2025-09-12 19:09:48,144 - attack_logger - INFO - [icmp_flood] [Run ID: 79ac4b71-82da-41f1-8660-32da6769a109] IP Pool Size: 50 source IPs from RFC 1918 ranges (10.0.0.0/8, 172.16.0.0/12, 192.168.0.0/16)
2025-09-12 19:09:48,144 - attack_logger - INFO - [icmp_flood] [Run ID: 79ac4b71-82da-41f1-8660-32da6769a109] Stress phase total: 3s (host: 1s, gateway: 2s), Advanced phase: 8s
2025-09-12 19:09:49,720 - attack_logger - INFO - [icmp_flood] [Run ID: 79ac4b71-82da-41f1-8660-32da6769a109] Host stress sub-phase completed
2025-09-12 19:09:52,308 - attack_logger - INFO - [icmp_flood] [Run ID: 79ac4b71-82da-41f1-8660-32da6769a109] Gateway stress sub-phase completed
2025-09-12 19:09:52,308 - attack_logger - INFO - [icmp_flood] [Run ID: 79ac4b71-82da-41f1-8660-32da6769a109] Session pattern: 1 phases, Circadian factor: 0.60, Workday factor: 0.60
2025-09-12 19:09:52,308 - attack_logger - DEBUG - [icmp_flood] [Run ID: 79ac4b71-82da-41f1-8660-32da6769a109] Starting enhanced ICMP packet generation with IP rotation and human-like timing
2025-09-12 19:09:52,316 - attack_logger - INFO - [icmp_flood] [Run ID: 79ac4b71-82da-41f1-8660-32da6769a109] Enhanced ICMP flood with IP rotation process started (PID: 17957)
2025-09-12 19:09:53,422 - attack_logger - INFO - [icmp_flood] [Run ID: 79ac4b71-82da-41f1-8660-32da6769a109] Attack progress: 1.1s elapsed, ~9 packets sent, Rate: 8.1 pps, IP rotations: ~0, Phase: active (intensity: 0.81)
2025-09-12 19:09:53,422 - attack_logger - DEBUG - [icmp_flood] [Run ID: 79ac4b71-82da-41f1-8660-32da6769a109] Process stats - CPU: 0.0%, Memory: 60.5MB
2025-09-12 19:09:53,422 - attack_logger - DEBUG - [icmp_flood] [Run ID: 79ac4b71-82da-41f1-8660-32da6769a109] Timing factors - Circadian: 0.60, Workday: 0.60, Adjusted rate: 8.5 pps
2025-09-12 19:09:54,481 - attack_logger - INFO - [icmp_flood] [Run ID: 79ac4b71-82da-41f1-8660-32da6769a109] Attack progress: 2.2s elapsed, ~15 packets sent, Rate: 6.9 pps, IP rotations: ~1, Phase: active (intensity: 0.81)
2025-09-12 19:09:54,481 - attack_logger - DEBUG - [icmp_flood] [Run ID: 79ac4b71-82da-41f1-8660-32da6769a109] Process stats - CPU: 0.0%, Memory: 60.5MB
2025-09-12 19:09:54,481 - attack_logger - DEBUG - [icmp_flood] [Run ID: 79ac4b71-82da-41f1-8660-32da6769a109] Timing factors - Circadian: 0.60, Workday: 0.60, Adjusted rate: 6.9 pps
2025-09-12 19:09:55,515 - attack_logger - INFO - [icmp_flood] [Run ID: 79ac4b71-82da-41f1-8660-32da6769a109] Attack progress: 3.2s elapsed, ~25 packets sent, Rate: 7.8 pps, IP rotations: ~1, Phase: active (intensity: 0.81)
2025-09-12 19:09:55,515 - attack_logger - DEBUG - [icmp_flood] [Run ID: 79ac4b71-82da-41f1-8660-32da6769a109] Process stats - CPU: 0.0%, Memory: 60.5MB
2025-09-12 19:09:55,515 - attack_logger - DEBUG - [icmp_flood] [Run ID: 79ac4b71-82da-41f1-8660-32da6769a109] Timing factors - Circadian: 0.60, Workday: 0.60, Adjusted rate: 7.9 pps
2025-09-12 19:09:56,527 - attack_logger - INFO - [icmp_flood] [Run ID: 79ac4b71-82da-41f1-8660-32da6769a109] Attack progress: 4.2s elapsed, ~30 packets sent, Rate: 7.1 pps, IP rotations: ~2, Phase: active (intensity: 0.81)
2025-09-12 19:09:56,527 - attack_logger - DEBUG - [icmp_flood] [Run ID: 79ac4b71-82da-41f1-8660-32da6769a109] Process stats - CPU: 0.0%, Memory: 60.5MB
2025-09-12 19:09:56,527 - attack_logger - DEBUG - [icmp_flood] [Run ID: 79ac4b71-82da-41f1-8660-32da6769a109] Timing factors - Circadian: 0.60, Workday: 0.60, Adjusted rate: 7.2 pps
2025-09-12 19:09:57,527 - attack_logger - INFO - [icmp_flood] [Run ID: 79ac4b71-82da-41f1-8660-32da6769a109] Attack progress: 5.2s elapsed, ~40 packets sent, Rate: 7.7 pps, IP rotations: ~2, Phase: active (intensity: 0.81)
2025-09-12 19:09:57,527 - attack_logger - DEBUG - [icmp_flood] [Run ID: 79ac4b71-82da-41f1-8660-32da6769a109] Process stats - CPU: 0.0%, Memory: 60.5MB
2025-09-12 19:09:57,527 - attack_logger - DEBUG - [icmp_flood] [Run ID: 79ac4b71-82da-41f1-8660-32da6769a109] Timing factors - Circadian: 0.60, Workday: 0.60, Adjusted rate: 7.8 pps
2025-09-12 19:09:58,632 - attack_logger - INFO - [icmp_flood] [Run ID: 79ac4b71-82da-41f1-8660-32da6769a109] Attack progress: 6.3s elapsed, ~43 packets sent, Rate: 6.8 pps, IP rotations: ~2, Phase: active (intensity: 0.81)
2025-09-12 19:09:58,632 - attack_logger - DEBUG - [icmp_flood] [Run ID: 79ac4b71-82da-41f1-8660-32da6769a109] Process stats - CPU: 0.0%, Memory: 60.5MB
2025-09-12 19:09:58,632 - attack_logger - DEBUG - [icmp_flood] [Run ID: 79ac4b71-82da-41f1-8660-32da6769a109] Timing factors - Circadian: 0.60, Workday: 0.60, Adjusted rate: 6.8 pps
2025-09-12 19:09:59,701 - attack_logger - INFO - [icmp_flood] [Run ID: 79ac4b71-82da-41f1-8660-32da6769a109] Attack progress: 7.4s elapsed, ~58 packets sent, Rate: 7.8 pps, IP rotations: ~3, Phase: active (intensity: 0.81)
2025-09-12 19:09:59,701 - attack_logger - DEBUG - [icmp_flood] [Run ID: 79ac4b71-82da-41f1-8660-32da6769a109] Process stats - CPU: 0.0%, Memory: 60.5MB
2025-09-12 19:09:59,701 - attack_logger - DEBUG - [icmp_flood] [Run ID: 79ac4b71-82da-41f1-8660-32da6769a109] Timing factors - Circadian: 0.60, Workday: 0.60, Adjusted rate: 7.9 pps
2025-09-12 19:10:00,410 - attack_logger - DEBUG - [icmp_flood] [Run ID: 79ac4b71-82da-41f1-8660-32da6769a109] Sent SIGINT to ICMP flood process 17957
2025-09-12 19:10:00,913 - attack_logger - INFO - [icmp_flood] [Run ID: 79ac4b71-82da-41f1-8660-32da6769a109] Enhanced ICMP Flood with RFC 1918 IP Rotation from h1 to 192.168.20.12 finished.
2025-09-12 19:10:00,913 - attack_logger - INFO - [icmp_flood] [Run ID: 79ac4b71-82da-41f1-8660-32da6769a109] Attack completed. Total packets sent = 76, Average rate = 9.38 packets/sec.
2025-09-12 19:10:00,913 - attack_logger - INFO - [icmp_flood] [Run ID: 79ac4b71-82da-41f1-8660-32da6769a109] --- Enhanced Attack Summary ---
2025-09-12 19:10:00,913 - attack_logger - INFO - [icmp_flood] [Run ID: 79ac4b71-82da-41f1-8660-32da6769a109] Total packets sent: 76
2025-09-12 19:10:00,913 - attack_logger - INFO - [icmp_flood] [Run ID: 79ac4b71-82da-41f1-8660-32da6769a109] Total IP rotations: ~5
2025-09-12 19:10:00,913 - attack_logger - INFO - [icmp_flood] [Run ID: 79ac4b71-82da-41f1-8660-32da6769a109] RFC 1918 IP pool size: 50
2025-09-12 19:10:00,913 - attack_logger - INFO - [icmp_flood] [Run ID: 79ac4b71-82da-41f1-8660-32da6769a109] IP ranges used: 10.0.0.0/8, 172.16.0.0/12, 192.168.0.0/16
2025-09-12 19:10:00,913 - attack_logger - INFO - [icmp_flood] [Run ID: 79ac4b71-82da-41f1-8660-32da6769a109] Actual duration: 8.10s
2025-09-12 19:10:00,913 - attack_logger - INFO - [icmp_flood] [Run ID: 79ac4b71-82da-41f1-8660-32da6769a109] Average rate: 9.38 packets/sec
2025-09-12 19:10:00,913 - attack_logger - INFO - [icmp_flood] [Run ID: 79ac4b71-82da-41f1-8660-32da6769a109] Base rate: 26.3 pps
2025-09-12 19:10:00,913 - attack_logger - INFO - [icmp_flood] [Run ID: 79ac4b71-82da-41f1-8660-32da6769a109] Circadian factor: 0.60
2025-09-12 19:10:00,913 - attack_logger - INFO - [icmp_flood] [Run ID: 79ac4b71-82da-41f1-8660-32da6769a109] Workday factor: 0.60
2025-09-12 19:10:00,913 - attack_logger - INFO - [icmp_flood] [Run ID: 79ac4b71-82da-41f1-8660-32da6769a109] Session phases: 1
2025-09-12 19:10:00,913 - attack_logger - INFO - [icmp_flood] [Run ID: 79ac4b71-82da-41f1-8660-32da6769a109] ICMP type: Echo Request (8) with ID/Seq variations
2025-09-12 19:10:00,913 - attack_logger - INFO - [icmp_flood] [Run ID: 79ac4b71-82da-41f1-8660-32da6769a109] Attack method: Enhanced ICMP Flood with RFC 1918 IP Rotation
2025-09-12 19:10:00,913 - attack_logger - INFO - [icmp_flood] [Run ID: 79ac4b71-82da-41f1-8660-32da6769a109] Enhancement features: RFC 1918 IP rotation, human timing patterns, protocol compliance, network delay simulation
2025-09-12 19:10:00,913 - attack_logger - INFO - [icmp_flood] [Run ID: 79ac4b71-82da-41f1-8660-32da6769a109] ----------------------------------------
2025-09-12 19:10:00,951 - attack_logger - INFO - Attack: Enhanced ICMP Flood completed.
2025-09-12 19:10:01,460 - attack_logger - INFO - Attack: ENHANCED Adversarial TCP State Exhaustion (8s) | h1 -> h6
2025-09-12 19:10:12,661 - attack_logger - INFO - Attack: ENHANCED Adversarial Application Layer (3s) | h1 -> h6
2025-09-12 19:10:18,936 - attack_logger - INFO - Attack: ENHANCED Adversarial Slow Read (9s) | h1 -> h6
2025-09-12 19:10:31,269 - attack_logger - INFO - Attack: ENHANCED Adversarial Slow Read completed.
