2025-09-12 19:05:42 - [BENIGN] - INFO - Starting benign traffic for 200 seconds...
2025-09-12 19:05:42 - [BENIGN] - INFO - Protocol separation: h2↔h5 (ICMP), h3↔h5 (TCP/UDP)
2025-09-12 19:05:42 - [BENIGN] - DEBUG - Generated ICMP traffic h2↔h5 0 [len=84B]
2025-09-12 19:05:43 - [BENIGN] - DEBUG - Generated TCP SYN from h3:25386 -> h5:12345 [len=54B]
2025-09-12 19:05:44 - [BENIGN] - DEBUG - Generated TCP SYN-ACK from h5:12345 <- h3:25386 [len=54B]
2025-09-12 19:05:44 - [BENIGN] - DEBUG - Generated TCP ACK from h3:25386 -> h5:12345 [len=54B]
2025-09-12 19:05:45 - [BENIGN] - DEBUG - Generated TCP data traffic from h3:25386 -> h5:12345 [content='TCP data'] [Session 1] [len=516B]
2025-09-12 19:05:45 - [BENIGN] - DEBUG - Generated TCP ACK reply from h5:12345 <- h3:25386 [len=54B]
2025-09-12 19:05:46 - [BENIGN] - DEBUG - Generated UDP traffic from h3:44613 -> h5:12346 [content='235d0c38df79e1e80586de6bcd5f0e5184611976...'] [Session 2] [len=95B]
2025-09-12 19:05:47 - [BENIGN] - DEBUG - Generated Telnet SYN from h3:56536 -> h5:23 [len=54B]
2025-09-12 19:05:47 - [BENIGN] - DEBUG - Generated Telnet SYN-ACK from h5:23 <- h3:56536 [len=54B]
2025-09-12 19:05:48 - [BENIGN] - DEBUG - Generated Telnet ACK from h3:56536 -> h5:23 [len=54B]
2025-09-12 19:05:49 - [BENIGN] - DEBUG - Generated Telnet data traffic from h3:56536 -> h5:23 [content='Telnet command'] [Session 3] [len=1124B]
2025-09-12 19:05:49 - [BENIGN] - DEBUG - Generated Telnet ACK reply from h5:23 <- h3:56536 [len=54B]
2025-09-12 19:05:50 - [BENIGN] - DEBUG - Generated SSH SYN from h3:57804 -> h5:22 [len=54B]
2025-09-12 19:05:51 - [BENIGN] - DEBUG - Generated SSH SYN-ACK from h5:22 <- h3:57804 [len=54B]
2025-09-12 19:05:51 - [BENIGN] - DEBUG - Generated SSH ACK from h3:57804 -> h5:22 [len=54B]
2025-09-12 19:05:52 - [BENIGN] - DEBUG - Generated SSH data traffic from h3:57804 -> h5:22 [content='SSH encrypted data'] [Session 4] [len=538B]
2025-09-12 19:05:53 - [BENIGN] - DEBUG - Generated SSH ACK reply from h5:22 <- h3:57804 [len=54B]
2025-09-12 19:05:53 - [BENIGN] - DEBUG - Generated FTP SYN from h3:42324 -> h5:21 [len=54B]
2025-09-12 19:05:54 - [BENIGN] - DEBUG - Generated FTP SYN-ACK from h5:21 <- h3:42324 [len=54B]
2025-09-12 19:05:55 - [BENIGN] - DEBUG - Generated FTP ACK from h3:42324 -> h5:21 [len=54B]
2025-09-12 19:05:55 - [BENIGN] - DEBUG - Generated FTP data traffic from h3:42324 -> h5:21 [content='FTP file transfer'] [Session 5] [len=965B]
2025-09-12 19:05:56 - [BENIGN] - DEBUG - Generated FTP ACK reply from h5:21 <- h3:42324 [len=54B]
2025-09-12 19:05:57 - [BENIGN] - DEBUG - Generated HTTP SYN from h3:11088 -> h5:80 [len=54B]
2025-09-12 19:05:57 - [BENIGN] - DEBUG - Generated HTTP SYN-ACK from h5:80 <- h3:11088 [len=54B]
2025-09-12 19:05:58 - [BENIGN] - DEBUG - Generated HTTP ACK from h3:11088 -> h5:80 [len=54B]
2025-09-12 19:05:59 - [BENIGN] - DEBUG - Generated HTTP data traffic from h3:11088 -> h5:80 [content='GET /index.html HTTP/1.1'] [Session 6] [len=348B]
2025-09-12 19:05:59 - [BENIGN] - DEBUG - Generated HTTP ACK reply from h5:80 <- h3:11088 [len=54B]
2025-09-12 19:06:00 - [BENIGN] - DEBUG - Generated HTTPS SYN from h3:45853 -> h5:443 [len=54B]
2025-09-12 19:06:01 - [BENIGN] - DEBUG - Generated HTTPS SYN-ACK from h5:443 <- h3:45853 [len=54B]
2025-09-12 19:06:01 - [BENIGN] - DEBUG - Generated HTTPS ACK from h3:45853 -> h5:443 [len=54B]
2025-09-12 19:06:02 - [BENIGN] - DEBUG - Generated HTTPS data traffic from h3:45853 -> h5:443 [content='Encrypted Application Data'] [Session 7] [len=660B]
2025-09-12 19:06:02 - [BENIGN] - DEBUG - Generated HTTPS ACK reply from h5:443 <- h3:45853 [len=54B]
2025-09-12 19:06:03 - [BENIGN] - DEBUG - Generated DNS query from h3:33196 -> h5:53 [qname='example.com'] [Session 8] [len=71B]
2025-09-12 19:06:03 - [BENIGN] - DEBUG - Generated ICMP traffic h2↔h5 1 [len=84B]
2025-09-12 19:06:04 - [BENIGN] - DEBUG - Generated TCP SYN from h3:5292 -> h5:12345 [len=54B]
2025-09-12 19:06:05 - [BENIGN] - DEBUG - Generated TCP SYN-ACK from h5:12345 <- h3:5292 [len=54B]
2025-09-12 19:06:05 - [BENIGN] - DEBUG - Generated TCP ACK from h3:5292 -> h5:12345 [len=54B]
2025-09-12 19:06:06 - [BENIGN] - DEBUG - Generated TCP data traffic from h3:5292 -> h5:12345 [content='TCP data'] [Session 9] [len=775B]
2025-09-12 19:06:06 - [BENIGN] - DEBUG - Generated TCP ACK reply from h5:12345 <- h3:5292 [len=54B]
2025-09-12 19:06:07 - [BENIGN] - DEBUG - Generated UDP traffic from h3:9119 -> h5:12346 [content='5d35aba838bd11ca584515caee8a4cf30ff259d3...'] [Session 10] [len=1292B]
2025-09-12 19:06:08 - [BENIGN] - DEBUG - Generated Telnet SYN from h3:56099 -> h5:23 [len=54B]
2025-09-12 19:06:08 - [BENIGN] - DEBUG - Generated Telnet SYN-ACK from h5:23 <- h3:56099 [len=54B]
2025-09-12 19:06:09 - [BENIGN] - DEBUG - Generated Telnet ACK from h3:56099 -> h5:23 [len=54B]
2025-09-12 19:06:10 - [BENIGN] - DEBUG - Generated Telnet data traffic from h3:56099 -> h5:23 [content='Telnet command'] [Session 11] [len=1052B]
2025-09-12 19:06:10 - [BENIGN] - DEBUG - Generated Telnet ACK reply from h5:23 <- h3:56099 [len=54B]
2025-09-12 19:06:11 - [BENIGN] - DEBUG - Generated SSH SYN from h3:52392 -> h5:22 [len=54B]
2025-09-12 19:06:11 - [BENIGN] - DEBUG - Generated SSH SYN-ACK from h5:22 <- h3:52392 [len=54B]
2025-09-12 19:06:12 - [BENIGN] - DEBUG - Generated SSH ACK from h3:52392 -> h5:22 [len=54B]
2025-09-12 19:06:13 - [BENIGN] - DEBUG - Generated SSH data traffic from h3:52392 -> h5:22 [content='SSH encrypted data'] [Session 12] [len=1542B]
2025-09-12 19:06:13 - [BENIGN] - DEBUG - Generated SSH ACK reply from h5:22 <- h3:52392 [len=54B]
2025-09-12 19:06:14 - [BENIGN] - DEBUG - Generated FTP SYN from h3:3740 -> h5:21 [len=54B]
2025-09-12 19:06:15 - [BENIGN] - DEBUG - Generated FTP SYN-ACK from h5:21 <- h3:3740 [len=54B]
2025-09-12 19:06:15 - [BENIGN] - DEBUG - Generated FTP ACK from h3:3740 -> h5:21 [len=54B]
2025-09-12 19:06:16 - [BENIGN] - DEBUG - Generated FTP data traffic from h3:3740 -> h5:21 [content='FTP file transfer'] [Session 13] [len=1035B]
2025-09-12 19:06:17 - [BENIGN] - DEBUG - Generated FTP ACK reply from h5:21 <- h3:3740 [len=54B]
2025-09-12 19:06:17 - [BENIGN] - DEBUG - Generated HTTP SYN from h3:33230 -> h5:80 [len=54B]
2025-09-12 19:06:18 - [BENIGN] - DEBUG - Generated HTTP SYN-ACK from h5:80 <- h3:33230 [len=54B]
2025-09-12 19:06:18 - [BENIGN] - DEBUG - Generated HTTP ACK from h3:33230 -> h5:80 [len=54B]
2025-09-12 19:06:19 - [BENIGN] - DEBUG - Generated HTTP data traffic from h3:33230 -> h5:80 [content='GET /index.html HTTP/1.1'] [Session 14] [len=464B]
2025-09-12 19:06:20 - [BENIGN] - DEBUG - Generated HTTP ACK reply from h5:80 <- h3:33230 [len=54B]
2025-09-12 19:06:20 - [BENIGN] - DEBUG - Generated HTTPS SYN from h3:21576 -> h5:443 [len=54B]
2025-09-12 19:06:21 - [BENIGN] - DEBUG - Generated HTTPS SYN-ACK from h5:443 <- h3:21576 [len=54B]
2025-09-12 19:06:22 - [BENIGN] - DEBUG - Generated HTTPS ACK from h3:21576 -> h5:443 [len=54B]
2025-09-12 19:06:22 - [BENIGN] - DEBUG - Generated HTTPS data traffic from h3:21576 -> h5:443 [content='Encrypted Application Data'] [Session 15] [len=286B]
2025-09-12 19:06:23 - [BENIGN] - DEBUG - Generated HTTPS ACK reply from h5:443 <- h3:21576 [len=54B]
2025-09-12 19:06:24 - [BENIGN] - DEBUG - Generated DNS query from h3:23368 -> h5:53 [qname='example.com'] [Session 16] [len=71B]
2025-09-12 19:06:24 - [BENIGN] - DEBUG - Generated ICMP traffic h2↔h5 2 [len=84B]
2025-09-12 19:06:24 - [BENIGN] - DEBUG - Generated TCP SYN from h3:46779 -> h5:12345 [len=54B]
2025-09-12 19:06:25 - [BENIGN] - DEBUG - Generated TCP SYN-ACK from h5:12345 <- h3:46779 [len=54B]
2025-09-12 19:06:26 - [BENIGN] - DEBUG - Generated TCP ACK from h3:46779 -> h5:12345 [len=54B]
2025-09-12 19:06:26 - [BENIGN] - DEBUG - Generated TCP data traffic from h3:46779 -> h5:12345 [content='TCP data'] [Session 17] [len=228B]
2025-09-12 19:06:27 - [BENIGN] - DEBUG - Generated TCP ACK reply from h5:12345 <- h3:46779 [len=54B]
2025-09-12 19:06:27 - [BENIGN] - DEBUG - Generated UDP traffic from h3:32727 -> h5:12346 [content='5c90c60ce42733cae4c8ab9b0cc8746c7fb360c1...'] [Session 18] [len=255B]
2025-09-12 19:06:28 - [BENIGN] - DEBUG - Generated Telnet SYN from h3:37882 -> h5:23 [len=54B]
2025-09-12 19:06:29 - [BENIGN] - DEBUG - Generated Telnet SYN-ACK from h5:23 <- h3:37882 [len=54B]
2025-09-12 19:06:29 - [BENIGN] - DEBUG - Generated Telnet ACK from h3:37882 -> h5:23 [len=54B]
2025-09-12 19:06:30 - [BENIGN] - DEBUG - Generated Telnet data traffic from h3:37882 -> h5:23 [content='Telnet command'] [Session 19] [len=1036B]
2025-09-12 19:06:31 - [BENIGN] - DEBUG - Generated Telnet ACK reply from h5:23 <- h3:37882 [len=54B]
2025-09-12 19:06:31 - [BENIGN] - DEBUG - Generated SSH SYN from h3:42509 -> h5:22 [len=54B]
2025-09-12 19:06:32 - [BENIGN] - DEBUG - Generated SSH SYN-ACK from h5:22 <- h3:42509 [len=54B]
2025-09-12 19:06:33 - [BENIGN] - DEBUG - Generated SSH ACK from h3:42509 -> h5:22 [len=54B]
2025-09-12 19:06:33 - [BENIGN] - DEBUG - Generated SSH data traffic from h3:42509 -> h5:22 [content='SSH encrypted data'] [Session 20] [len=406B]
2025-09-12 19:06:34 - [BENIGN] - DEBUG - Generated SSH ACK reply from h5:22 <- h3:42509 [len=54B]
2025-09-12 19:06:34 - [BENIGN] - DEBUG - Generated FTP SYN from h3:21717 -> h5:21 [len=54B]
2025-09-12 19:06:35 - [BENIGN] - DEBUG - Generated FTP SYN-ACK from h5:21 <- h3:21717 [len=54B]
2025-09-12 19:06:36 - [BENIGN] - DEBUG - Generated FTP ACK from h3:21717 -> h5:21 [len=54B]
2025-09-12 19:06:36 - [BENIGN] - DEBUG - Generated FTP data traffic from h3:21717 -> h5:21 [content='FTP file transfer'] [Session 21] [len=1020B]
2025-09-12 19:06:37 - [BENIGN] - DEBUG - Generated FTP ACK reply from h5:21 <- h3:21717 [len=54B]
2025-09-12 19:06:38 - [BENIGN] - DEBUG - Generated HTTP SYN from h3:58024 -> h5:80 [len=54B]
2025-09-12 19:06:38 - [BENIGN] - DEBUG - Generated HTTP SYN-ACK from h5:80 <- h3:58024 [len=54B]
2025-09-12 19:06:39 - [BENIGN] - DEBUG - Generated HTTP ACK from h3:58024 -> h5:80 [len=54B]
2025-09-12 19:06:40 - [BENIGN] - DEBUG - Generated HTTP data traffic from h3:58024 -> h5:80 [content='GET /index.html HTTP/1.1'] [Session 22] [len=266B]
2025-09-12 19:06:40 - [BENIGN] - DEBUG - Generated HTTP ACK reply from h5:80 <- h3:58024 [len=54B]
2025-09-12 19:06:41 - [BENIGN] - DEBUG - Generated HTTPS SYN from h3:63958 -> h5:443 [len=54B]
2025-09-12 19:06:41 - [BENIGN] - DEBUG - Generated HTTPS SYN-ACK from h5:443 <- h3:63958 [len=54B]
2025-09-12 19:06:42 - [BENIGN] - DEBUG - Generated HTTPS ACK from h3:63958 -> h5:443 [len=54B]
2025-09-12 19:06:43 - [BENIGN] - DEBUG - Generated HTTPS data traffic from h3:63958 -> h5:443 [content='Encrypted Application Data'] [Session 23] [len=304B]
2025-09-12 19:06:43 - [BENIGN] - DEBUG - Generated HTTPS ACK reply from h5:443 <- h3:63958 [len=54B]
2025-09-12 19:06:44 - [BENIGN] - DEBUG - Generated DNS query from h3:62775 -> h5:53 [qname='example.com'] [Session 24] [len=71B]
2025-09-12 19:06:44 - [BENIGN] - DEBUG - Generated ICMP traffic h2↔h5 3 [len=84B]
2025-09-12 19:06:45 - [BENIGN] - DEBUG - Generated TCP SYN from h3:30721 -> h5:12345 [len=54B]
2025-09-12 19:06:45 - [BENIGN] - DEBUG - Generated TCP SYN-ACK from h5:12345 <- h3:30721 [len=54B]
2025-09-12 19:06:46 - [BENIGN] - DEBUG - Generated TCP ACK from h3:30721 -> h5:12345 [len=54B]
2025-09-12 19:06:46 - [BENIGN] - DEBUG - Generated TCP data traffic from h3:30721 -> h5:12345 [content='TCP data'] [Session 25] [len=1455B]
2025-09-12 19:06:47 - [BENIGN] - DEBUG - Generated TCP ACK reply from h5:12345 <- h3:30721 [len=54B]
2025-09-12 19:06:48 - [BENIGN] - DEBUG - Generated UDP traffic from h3:57295 -> h5:12346 [content='a54804b06c62e6d4676a1eafa42b05ddd8e00582...'] [Session 26] [len=910B]
2025-09-12 19:06:48 - [BENIGN] - DEBUG - Generated Telnet SYN from h3:56889 -> h5:23 [len=54B]
2025-09-12 19:06:49 - [BENIGN] - DEBUG - Generated Telnet SYN-ACK from h5:23 <- h3:56889 [len=54B]
2025-09-12 19:06:50 - [BENIGN] - DEBUG - Generated Telnet ACK from h3:56889 -> h5:23 [len=54B]
2025-09-12 19:06:50 - [BENIGN] - DEBUG - Generated Telnet data traffic from h3:56889 -> h5:23 [content='Telnet command'] [Session 27] [len=998B]
2025-09-12 19:06:51 - [BENIGN] - DEBUG - Generated Telnet ACK reply from h5:23 <- h3:56889 [len=54B]
2025-09-12 19:06:52 - [BENIGN] - DEBUG - Generated SSH SYN from h3:52488 -> h5:22 [len=54B]
2025-09-12 19:06:52 - [BENIGN] - DEBUG - Generated SSH SYN-ACK from h5:22 <- h3:52488 [len=54B]
2025-09-12 19:06:53 - [BENIGN] - DEBUG - Generated SSH ACK from h3:52488 -> h5:22 [len=54B]
2025-09-12 19:06:53 - [BENIGN] - DEBUG - Generated SSH data traffic from h3:52488 -> h5:22 [content='SSH encrypted data'] [Session 28] [len=585B]
2025-09-12 19:06:54 - [BENIGN] - DEBUG - Generated SSH ACK reply from h5:22 <- h3:52488 [len=54B]
2025-09-12 19:06:55 - [BENIGN] - DEBUG - Generated FTP SYN from h3:41152 -> h5:21 [len=54B]
2025-09-12 19:06:55 - [BENIGN] - DEBUG - Generated FTP SYN-ACK from h5:21 <- h3:41152 [len=54B]
2025-09-12 19:06:56 - [BENIGN] - DEBUG - Generated FTP ACK from h3:41152 -> h5:21 [len=54B]
2025-09-12 19:06:57 - [BENIGN] - DEBUG - Generated FTP data traffic from h3:41152 -> h5:21 [content='FTP file transfer'] [Session 29] [len=831B]
2025-09-12 19:06:57 - [BENIGN] - DEBUG - Generated FTP ACK reply from h5:21 <- h3:41152 [len=54B]
2025-09-12 19:06:58 - [BENIGN] - DEBUG - Generated HTTP SYN from h3:53053 -> h5:80 [len=54B]
2025-09-12 19:06:59 - [BENIGN] - DEBUG - Generated HTTP SYN-ACK from h5:80 <- h3:53053 [len=54B]
2025-09-12 19:06:59 - [BENIGN] - DEBUG - Generated HTTP ACK from h3:53053 -> h5:80 [len=54B]
2025-09-12 19:07:00 - [BENIGN] - DEBUG - Generated HTTP data traffic from h3:53053 -> h5:80 [content='GET /index.html HTTP/1.1'] [Session 30] [len=523B]
2025-09-12 19:07:00 - [BENIGN] - DEBUG - Generated HTTP ACK reply from h5:80 <- h3:53053 [len=54B]
2025-09-12 19:07:01 - [BENIGN] - DEBUG - Generated HTTPS SYN from h3:12237 -> h5:443 [len=54B]
2025-09-12 19:07:02 - [BENIGN] - DEBUG - Generated HTTPS SYN-ACK from h5:443 <- h3:12237 [len=54B]
2025-09-12 19:07:02 - [BENIGN] - DEBUG - Generated HTTPS ACK from h3:12237 -> h5:443 [len=54B]
2025-09-12 19:07:03 - [BENIGN] - DEBUG - Generated HTTPS data traffic from h3:12237 -> h5:443 [content='Encrypted Application Data'] [Session 31] [len=313B]
2025-09-12 19:07:04 - [BENIGN] - DEBUG - Generated HTTPS ACK reply from h5:443 <- h3:12237 [len=54B]
2025-09-12 19:07:04 - [BENIGN] - DEBUG - Generated DNS query from h3:38121 -> h5:53 [qname='example.com'] [Session 32] [len=71B]
2025-09-12 19:07:04 - [BENIGN] - DEBUG - Generated ICMP traffic h2↔h5 4 [len=84B]
2025-09-12 19:07:05 - [BENIGN] - DEBUG - Generated TCP SYN from h3:37276 -> h5:12345 [len=54B]
2025-09-12 19:07:06 - [BENIGN] - DEBUG - Generated TCP SYN-ACK from h5:12345 <- h3:37276 [len=54B]
2025-09-12 19:07:06 - [BENIGN] - DEBUG - Generated TCP ACK from h3:37276 -> h5:12345 [len=54B]
2025-09-12 19:07:07 - [BENIGN] - DEBUG - Generated TCP data traffic from h3:37276 -> h5:12345 [content='TCP data'] [Session 33] [len=795B]
2025-09-12 19:07:07 - [BENIGN] - DEBUG - Generated TCP ACK reply from h5:12345 <- h3:37276 [len=54B]
2025-09-12 19:07:08 - [BENIGN] - DEBUG - Generated UDP traffic from h3:18714 -> h5:12346 [content='8c5da9bfbe40ef703c862fd1e5738f73ca62195c...'] [Session 34] [len=904B]
2025-09-12 19:07:09 - [BENIGN] - DEBUG - Generated Telnet SYN from h3:61768 -> h5:23 [len=54B]
2025-09-12 19:07:09 - [BENIGN] - DEBUG - Generated Telnet SYN-ACK from h5:23 <- h3:61768 [len=54B]
2025-09-12 19:07:10 - [BENIGN] - DEBUG - Generated Telnet ACK from h3:61768 -> h5:23 [len=54B]
2025-09-12 19:07:11 - [BENIGN] - DEBUG - Generated Telnet data traffic from h3:61768 -> h5:23 [content='Telnet command'] [Session 35] [len=683B]
2025-09-12 19:07:11 - [BENIGN] - DEBUG - Generated Telnet ACK reply from h5:23 <- h3:61768 [len=54B]
2025-09-12 19:07:12 - [BENIGN] - DEBUG - Generated SSH SYN from h3:61980 -> h5:22 [len=54B]
2025-09-12 19:07:12 - [BENIGN] - DEBUG - Generated SSH SYN-ACK from h5:22 <- h3:61980 [len=54B]
2025-09-12 19:07:13 - [BENIGN] - DEBUG - Generated SSH ACK from h3:61980 -> h5:22 [len=54B]
2025-09-12 19:07:14 - [BENIGN] - DEBUG - Generated SSH data traffic from h3:61980 -> h5:22 [content='SSH encrypted data'] [Session 36] [len=977B]
2025-09-12 19:07:14 - [BENIGN] - DEBUG - Generated SSH ACK reply from h5:22 <- h3:61980 [len=54B]
2025-09-12 19:07:15 - [BENIGN] - DEBUG - Generated FTP SYN from h3:1350 -> h5:21 [len=54B]
2025-09-12 19:07:15 - [BENIGN] - DEBUG - Generated FTP SYN-ACK from h5:21 <- h3:1350 [len=54B]
2025-09-12 19:07:16 - [BENIGN] - DEBUG - Generated FTP ACK from h3:1350 -> h5:21 [len=54B]
2025-09-12 19:07:17 - [BENIGN] - DEBUG - Generated FTP data traffic from h3:1350 -> h5:21 [content='FTP file transfer'] [Session 37] [len=722B]
2025-09-12 19:07:17 - [BENIGN] - DEBUG - Generated FTP ACK reply from h5:21 <- h3:1350 [len=54B]
2025-09-12 19:07:18 - [BENIGN] - DEBUG - Generated HTTP SYN from h3:5225 -> h5:80 [len=54B]
2025-09-12 19:07:19 - [BENIGN] - DEBUG - Generated HTTP SYN-ACK from h5:80 <- h3:5225 [len=54B]
2025-09-12 19:07:19 - [BENIGN] - DEBUG - Generated HTTP ACK from h3:5225 -> h5:80 [len=54B]
2025-09-12 19:07:20 - [BENIGN] - DEBUG - Generated HTTP data traffic from h3:5225 -> h5:80 [content='GET /index.html HTTP/1.1'] [Session 38] [len=645B]
2025-09-12 19:07:20 - [BENIGN] - DEBUG - Generated HTTP ACK reply from h5:80 <- h3:5225 [len=54B]
2025-09-12 19:07:21 - [BENIGN] - DEBUG - Generated HTTPS SYN from h3:16988 -> h5:443 [len=54B]
2025-09-12 19:07:22 - [BENIGN] - DEBUG - Generated HTTPS SYN-ACK from h5:443 <- h3:16988 [len=54B]
2025-09-12 19:07:22 - [BENIGN] - DEBUG - Generated HTTPS ACK from h3:16988 -> h5:443 [len=54B]
2025-09-12 19:07:23 - [BENIGN] - DEBUG - Generated HTTPS data traffic from h3:16988 -> h5:443 [content='Encrypted Application Data'] [Session 39] [len=449B]
2025-09-12 19:07:24 - [BENIGN] - DEBUG - Generated HTTPS ACK reply from h5:443 <- h3:16988 [len=54B]
2025-09-12 19:07:24 - [BENIGN] - DEBUG - Generated DNS query from h3:46824 -> h5:53 [qname='example.com'] [Session 40] [len=71B]
2025-09-12 19:07:24 - [BENIGN] - DEBUG - Generated ICMP traffic h2↔h5 5 [len=84B]
2025-09-12 19:07:25 - [BENIGN] - DEBUG - Generated TCP SYN from h3:24870 -> h5:12345 [len=54B]
2025-09-12 19:07:26 - [BENIGN] - DEBUG - Generated TCP SYN-ACK from h5:12345 <- h3:24870 [len=54B]
2025-09-12 19:07:26 - [BENIGN] - DEBUG - Generated TCP ACK from h3:24870 -> h5:12345 [len=54B]
2025-09-12 19:07:27 - [BENIGN] - DEBUG - Generated TCP data traffic from h3:24870 -> h5:12345 [content='TCP data'] [Session 41] [len=1172B]
2025-09-12 19:07:27 - [BENIGN] - DEBUG - Generated TCP ACK reply from h5:12345 <- h3:24870 [len=54B]
2025-09-12 19:07:28 - [BENIGN] - DEBUG - Generated UDP traffic from h3:49261 -> h5:12346 [content='d14b25d4b20564d12d3dbb1bd50036d01112b0d2...'] [Session 42] [len=1029B]
2025-09-12 19:07:29 - [BENIGN] - DEBUG - Generated Telnet SYN from h3:12052 -> h5:23 [len=54B]
2025-09-12 19:07:29 - [BENIGN] - DEBUG - Generated Telnet SYN-ACK from h5:23 <- h3:12052 [len=54B]
2025-09-12 19:07:30 - [BENIGN] - DEBUG - Generated Telnet ACK from h3:12052 -> h5:23 [len=54B]
2025-09-12 19:07:31 - [BENIGN] - DEBUG - Generated Telnet data traffic from h3:12052 -> h5:23 [content='Telnet command'] [Session 43] [len=1328B]
2025-09-12 19:07:31 - [BENIGN] - DEBUG - Generated Telnet ACK reply from h5:23 <- h3:12052 [len=54B]
2025-09-12 19:07:32 - [BENIGN] - DEBUG - Generated SSH SYN from h3:46570 -> h5:22 [len=54B]
2025-09-12 19:07:32 - [BENIGN] - DEBUG - Generated SSH SYN-ACK from h5:22 <- h3:46570 [len=54B]
2025-09-12 19:07:33 - [BENIGN] - DEBUG - Generated SSH ACK from h3:46570 -> h5:22 [len=54B]
2025-09-12 19:07:34 - [BENIGN] - DEBUG - Generated SSH data traffic from h3:46570 -> h5:22 [content='SSH encrypted data'] [Session 44] [len=983B]
2025-09-12 19:07:34 - [BENIGN] - DEBUG - Generated SSH ACK reply from h5:22 <- h3:46570 [len=54B]
2025-09-12 19:07:35 - [BENIGN] - DEBUG - Generated FTP SYN from h3:37863 -> h5:21 [len=54B]
2025-09-12 19:07:36 - [BENIGN] - DEBUG - Generated FTP SYN-ACK from h5:21 <- h3:37863 [len=54B]
2025-09-12 19:07:36 - [BENIGN] - DEBUG - Generated FTP ACK from h3:37863 -> h5:21 [len=54B]
2025-09-12 19:07:37 - [BENIGN] - DEBUG - Generated FTP data traffic from h3:37863 -> h5:21 [content='FTP file transfer'] [Session 45] [len=279B]
2025-09-12 19:07:37 - [BENIGN] - DEBUG - Generated FTP ACK reply from h5:21 <- h3:37863 [len=54B]
2025-09-12 19:07:38 - [BENIGN] - DEBUG - Generated HTTP SYN from h3:22471 -> h5:80 [len=54B]
2025-09-12 19:07:39 - [BENIGN] - DEBUG - Generated HTTP SYN-ACK from h5:80 <- h3:22471 [len=54B]
2025-09-12 19:07:39 - [BENIGN] - DEBUG - Generated HTTP ACK from h3:22471 -> h5:80 [len=54B]
2025-09-12 19:07:40 - [BENIGN] - DEBUG - Generated HTTP data traffic from h3:22471 -> h5:80 [content='GET /index.html HTTP/1.1'] [Session 46] [len=404B]
2025-09-12 19:07:41 - [BENIGN] - DEBUG - Generated HTTP ACK reply from h5:80 <- h3:22471 [len=54B]
2025-09-12 19:07:41 - [BENIGN] - DEBUG - Generated HTTPS SYN from h3:13433 -> h5:443 [len=54B]
2025-09-12 19:07:42 - [BENIGN] - DEBUG - Generated HTTPS SYN-ACK from h5:443 <- h3:13433 [len=54B]
2025-09-12 19:07:42 - [BENIGN] - DEBUG - Generated HTTPS ACK from h3:13433 -> h5:443 [len=54B]
2025-09-12 19:07:43 - [BENIGN] - DEBUG - Generated HTTPS data traffic from h3:13433 -> h5:443 [content='Encrypted Application Data'] [Session 47] [len=671B]
2025-09-12 19:07:44 - [BENIGN] - DEBUG - Generated HTTPS ACK reply from h5:443 <- h3:13433 [len=54B]
2025-09-12 19:07:44 - [BENIGN] - DEBUG - Generated DNS query from h3:55352 -> h5:53 [qname='example.com'] [Session 48] [len=71B]
2025-09-12 19:07:44 - [BENIGN] - DEBUG - Generated ICMP traffic h2↔h5 6 [len=84B]
2025-09-12 19:07:45 - [BENIGN] - DEBUG - Generated TCP SYN from h3:52928 -> h5:12345 [len=54B]
2025-09-12 19:07:46 - [BENIGN] - DEBUG - Generated TCP SYN-ACK from h5:12345 <- h3:52928 [len=54B]
2025-09-12 19:07:46 - [BENIGN] - DEBUG - Generated TCP ACK from h3:52928 -> h5:12345 [len=54B]
2025-09-12 19:07:47 - [BENIGN] - DEBUG - Generated TCP data traffic from h3:52928 -> h5:12345 [content='TCP data'] [Session 49] [len=526B]
2025-09-12 19:07:47 - [BENIGN] - DEBUG - Generated TCP ACK reply from h5:12345 <- h3:52928 [len=54B]
2025-09-12 19:07:48 - [BENIGN] - DEBUG - Generated UDP traffic from h3:15848 -> h5:12346 [content='80b0d962a996504f2024311e64297aafabbdd816...'] [Session 50] [len=844B]
2025-09-12 19:07:49 - [BENIGN] - DEBUG - Generated Telnet SYN from h3:45756 -> h5:23 [len=54B]
2025-09-12 19:07:49 - [BENIGN] - DEBUG - Generated Telnet SYN-ACK from h5:23 <- h3:45756 [len=54B]
2025-09-12 19:07:50 - [BENIGN] - DEBUG - Generated Telnet ACK from h3:45756 -> h5:23 [len=54B]
2025-09-12 19:07:51 - [BENIGN] - DEBUG - Generated Telnet data traffic from h3:45756 -> h5:23 [content='Telnet command'] [Session 51] [len=146B]
2025-09-12 19:07:51 - [BENIGN] - DEBUG - Generated Telnet ACK reply from h5:23 <- h3:45756 [len=54B]
2025-09-12 19:07:52 - [BENIGN] - DEBUG - Generated SSH SYN from h3:60828 -> h5:22 [len=54B]
2025-09-12 19:07:52 - [BENIGN] - DEBUG - Generated SSH SYN-ACK from h5:22 <- h3:60828 [len=54B]
2025-09-12 19:07:53 - [BENIGN] - DEBUG - Generated SSH ACK from h3:60828 -> h5:22 [len=54B]
2025-09-12 19:07:54 - [BENIGN] - DEBUG - Generated SSH data traffic from h3:60828 -> h5:22 [content='SSH encrypted data'] [Session 52] [len=1233B]
2025-09-12 19:07:54 - [BENIGN] - DEBUG - Generated SSH ACK reply from h5:22 <- h3:60828 [len=54B]
2025-09-12 19:07:55 - [BENIGN] - DEBUG - Generated FTP SYN from h3:18295 -> h5:21 [len=54B]
2025-09-12 19:07:56 - [BENIGN] - DEBUG - Generated FTP SYN-ACK from h5:21 <- h3:18295 [len=54B]
2025-09-12 19:07:56 - [BENIGN] - DEBUG - Generated FTP ACK from h3:18295 -> h5:21 [len=54B]
2025-09-12 19:07:57 - [BENIGN] - DEBUG - Generated FTP data traffic from h3:18295 -> h5:21 [content='FTP file transfer'] [Session 53] [len=873B]
2025-09-12 19:07:57 - [BENIGN] - DEBUG - Generated FTP ACK reply from h5:21 <- h3:18295 [len=54B]
2025-09-12 19:07:58 - [BENIGN] - DEBUG - Generated HTTP SYN from h3:9807 -> h5:80 [len=54B]
2025-09-12 19:07:59 - [BENIGN] - DEBUG - Generated HTTP SYN-ACK from h5:80 <- h3:9807 [len=54B]
2025-09-12 19:07:59 - [BENIGN] - DEBUG - Generated HTTP ACK from h3:9807 -> h5:80 [len=54B]
2025-09-12 19:08:00 - [BENIGN] - DEBUG - Generated HTTP data traffic from h3:9807 -> h5:80 [content='GET /index.html HTTP/1.1'] [Session 54] [len=547B]
2025-09-12 19:08:01 - [BENIGN] - DEBUG - Generated HTTP ACK reply from h5:80 <- h3:9807 [len=54B]
2025-09-12 19:08:01 - [BENIGN] - DEBUG - Generated HTTPS SYN from h3:44134 -> h5:443 [len=54B]
2025-09-12 19:08:02 - [BENIGN] - DEBUG - Generated HTTPS SYN-ACK from h5:443 <- h3:44134 [len=54B]
2025-09-12 19:08:02 - [BENIGN] - DEBUG - Generated HTTPS ACK from h3:44134 -> h5:443 [len=54B]
2025-09-12 19:08:03 - [BENIGN] - DEBUG - Generated HTTPS data traffic from h3:44134 -> h5:443 [content='Encrypted Application Data'] [Session 55] [len=544B]
2025-09-12 19:08:04 - [BENIGN] - DEBUG - Generated HTTPS ACK reply from h5:443 <- h3:44134 [len=54B]
2025-09-12 19:08:04 - [BENIGN] - DEBUG - Generated DNS query from h3:28153 -> h5:53 [qname='example.com'] [Session 56] [len=71B]
2025-09-12 19:08:04 - [BENIGN] - DEBUG - Generated ICMP traffic h2↔h5 7 [len=84B]
2025-09-12 19:08:05 - [BENIGN] - DEBUG - Generated TCP SYN from h3:51650 -> h5:12345 [len=54B]
2025-09-12 19:08:06 - [BENIGN] - DEBUG - Generated TCP SYN-ACK from h5:12345 <- h3:51650 [len=54B]
2025-09-12 19:08:06 - [BENIGN] - DEBUG - Generated TCP ACK from h3:51650 -> h5:12345 [len=54B]
2025-09-12 19:08:07 - [BENIGN] - DEBUG - Generated TCP data traffic from h3:51650 -> h5:12345 [content='TCP data'] [Session 57] [len=569B]
2025-09-12 19:08:08 - [BENIGN] - DEBUG - Generated TCP ACK reply from h5:12345 <- h3:51650 [len=54B]
2025-09-12 19:08:08 - [BENIGN] - DEBUG - Generated UDP traffic from h3:56021 -> h5:12346 [content='732ecc6ad474f16792fcbd7a6c942bf468a5e281...'] [Session 58] [len=362B]
2025-09-12 19:08:09 - [BENIGN] - DEBUG - Generated Telnet SYN from h3:10139 -> h5:23 [len=54B]
2025-09-12 19:08:09 - [BENIGN] - DEBUG - Generated Telnet SYN-ACK from h5:23 <- h3:10139 [len=54B]
2025-09-12 19:08:10 - [BENIGN] - DEBUG - Generated Telnet ACK from h3:10139 -> h5:23 [len=54B]
2025-09-12 19:08:11 - [BENIGN] - DEBUG - Generated Telnet data traffic from h3:10139 -> h5:23 [content='Telnet command'] [Session 59] [len=1177B]
2025-09-12 19:08:11 - [BENIGN] - DEBUG - Generated Telnet ACK reply from h5:23 <- h3:10139 [len=54B]
2025-09-12 19:08:12 - [BENIGN] - DEBUG - Generated SSH SYN from h3:57676 -> h5:22 [len=54B]
2025-09-12 19:08:13 - [BENIGN] - DEBUG - Generated SSH SYN-ACK from h5:22 <- h3:57676 [len=54B]
2025-09-12 19:08:13 - [BENIGN] - DEBUG - Generated SSH ACK from h3:57676 -> h5:22 [len=54B]
2025-09-12 19:08:14 - [BENIGN] - DEBUG - Generated SSH data traffic from h3:57676 -> h5:22 [content='SSH encrypted data'] [Session 60] [len=794B]
2025-09-12 19:08:14 - [BENIGN] - DEBUG - Generated SSH ACK reply from h5:22 <- h3:57676 [len=54B]
2025-09-12 19:08:15 - [BENIGN] - DEBUG - Generated FTP SYN from h3:7737 -> h5:21 [len=54B]
2025-09-12 19:08:16 - [BENIGN] - DEBUG - Generated FTP SYN-ACK from h5:21 <- h3:7737 [len=54B]
2025-09-12 19:08:16 - [BENIGN] - DEBUG - Generated FTP ACK from h3:7737 -> h5:21 [len=54B]
2025-09-12 19:08:17 - [BENIGN] - DEBUG - Generated FTP data traffic from h3:7737 -> h5:21 [content='FTP file transfer'] [Session 61] [len=969B]
2025-09-12 19:08:18 - [BENIGN] - DEBUG - Generated FTP ACK reply from h5:21 <- h3:7737 [len=54B]
2025-09-12 19:08:18 - [BENIGN] - DEBUG - Generated HTTP SYN from h3:51824 -> h5:80 [len=54B]
2025-09-12 19:08:19 - [BENIGN] - DEBUG - Generated HTTP SYN-ACK from h5:80 <- h3:51824 [len=54B]
2025-09-12 19:08:19 - [BENIGN] - DEBUG - Generated HTTP ACK from h3:51824 -> h5:80 [len=54B]
2025-09-12 19:08:20 - [BENIGN] - DEBUG - Generated HTTP data traffic from h3:51824 -> h5:80 [content='GET /index.html HTTP/1.1'] [Session 62] [len=357B]
2025-09-12 19:08:21 - [BENIGN] - DEBUG - Generated HTTP ACK reply from h5:80 <- h3:51824 [len=54B]
2025-09-12 19:08:21 - [BENIGN] - DEBUG - Generated HTTPS SYN from h3:32827 -> h5:443 [len=54B]
2025-09-12 19:08:22 - [BENIGN] - DEBUG - Generated HTTPS SYN-ACK from h5:443 <- h3:32827 [len=54B]
2025-09-12 19:08:23 - [BENIGN] - DEBUG - Generated HTTPS ACK from h3:32827 -> h5:443 [len=54B]
2025-09-12 19:08:23 - [BENIGN] - DEBUG - Generated HTTPS data traffic from h3:32827 -> h5:443 [content='Encrypted Application Data'] [Session 63] [len=852B]
2025-09-12 19:08:24 - [BENIGN] - DEBUG - Generated HTTPS ACK reply from h5:443 <- h3:32827 [len=54B]
2025-09-12 19:08:24 - [BENIGN] - DEBUG - Generated DNS query from h3:45601 -> h5:53 [qname='example.com'] [Session 64] [len=71B]
2025-09-12 19:08:25 - [BENIGN] - DEBUG - Generated ICMP traffic h2↔h5 8 [len=84B]
2025-09-12 19:08:25 - [BENIGN] - DEBUG - Generated TCP SYN from h3:58816 -> h5:12345 [len=54B]
2025-09-12 19:08:26 - [BENIGN] - DEBUG - Generated TCP SYN-ACK from h5:12345 <- h3:58816 [len=54B]
2025-09-12 19:08:26 - [BENIGN] - DEBUG - Generated TCP ACK from h3:58816 -> h5:12345 [len=54B]
2025-09-12 19:08:27 - [BENIGN] - DEBUG - Generated TCP data traffic from h3:58816 -> h5:12345 [content='TCP data'] [Session 65] [len=409B]
2025-09-12 19:08:28 - [BENIGN] - DEBUG - Generated TCP ACK reply from h5:12345 <- h3:58816 [len=54B]
2025-09-12 19:08:28 - [BENIGN] - DEBUG - Generated UDP traffic from h3:14491 -> h5:12346 [content='1376f1ee9961a09f90bbe7e773eb85ad64d8692d...'] [Session 66] [len=956B]
2025-09-12 19:08:29 - [BENIGN] - DEBUG - Generated Telnet SYN from h3:27117 -> h5:23 [len=54B]
2025-09-12 19:08:30 - [BENIGN] - DEBUG - Generated Telnet SYN-ACK from h5:23 <- h3:27117 [len=54B]
2025-09-12 19:08:30 - [BENIGN] - DEBUG - Generated Telnet ACK from h3:27117 -> h5:23 [len=54B]
2025-09-12 19:08:31 - [BENIGN] - DEBUG - Generated Telnet data traffic from h3:27117 -> h5:23 [content='Telnet command'] [Session 67] [len=768B]
2025-09-12 19:08:31 - [BENIGN] - DEBUG - Generated Telnet ACK reply from h5:23 <- h3:27117 [len=54B]
2025-09-12 19:08:32 - [BENIGN] - DEBUG - Generated SSH SYN from h3:4243 -> h5:22 [len=54B]
2025-09-12 19:08:33 - [BENIGN] - DEBUG - Generated SSH SYN-ACK from h5:22 <- h3:4243 [len=54B]
2025-09-12 19:08:33 - [BENIGN] - DEBUG - Generated SSH ACK from h3:4243 -> h5:22 [len=54B]
2025-09-12 19:08:34 - [BENIGN] - DEBUG - Generated SSH data traffic from h3:4243 -> h5:22 [content='SSH encrypted data'] [Session 68] [len=778B]
2025-09-12 19:08:34 - [BENIGN] - DEBUG - Generated SSH ACK reply from h5:22 <- h3:4243 [len=54B]
2025-09-12 19:08:35 - [BENIGN] - DEBUG - Generated FTP SYN from h3:58211 -> h5:21 [len=54B]
2025-09-12 19:08:36 - [BENIGN] - DEBUG - Generated FTP SYN-ACK from h5:21 <- h3:58211 [len=54B]
2025-09-12 19:08:36 - [BENIGN] - DEBUG - Generated FTP ACK from h3:58211 -> h5:21 [len=54B]
2025-09-12 19:08:37 - [BENIGN] - DEBUG - Generated FTP data traffic from h3:58211 -> h5:21 [content='FTP file transfer'] [Session 69] [len=871B]
2025-09-12 19:08:38 - [BENIGN] - DEBUG - Generated FTP ACK reply from h5:21 <- h3:58211 [len=54B]
2025-09-12 19:08:38 - [BENIGN] - DEBUG - Generated HTTP SYN from h3:33861 -> h5:80 [len=54B]
2025-09-12 19:08:39 - [BENIGN] - DEBUG - Generated HTTP SYN-ACK from h5:80 <- h3:33861 [len=54B]
2025-09-12 19:08:39 - [BENIGN] - DEBUG - Generated HTTP ACK from h3:33861 -> h5:80 [len=54B]
2025-09-12 19:08:40 - [BENIGN] - DEBUG - Generated HTTP data traffic from h3:33861 -> h5:80 [content='GET /index.html HTTP/1.1'] [Session 70] [len=653B]
2025-09-12 19:08:41 - [BENIGN] - DEBUG - Generated HTTP ACK reply from h5:80 <- h3:33861 [len=54B]
2025-09-12 19:08:41 - [BENIGN] - DEBUG - Generated HTTPS SYN from h3:22311 -> h5:443 [len=54B]
2025-09-12 19:08:42 - [BENIGN] - DEBUG - Generated HTTPS SYN-ACK from h5:443 <- h3:22311 [len=54B]
2025-09-12 19:08:43 - [BENIGN] - DEBUG - Generated HTTPS ACK from h3:22311 -> h5:443 [len=54B]
2025-09-12 19:08:43 - [BENIGN] - DEBUG - Generated HTTPS data traffic from h3:22311 -> h5:443 [content='Encrypted Application Data'] [Session 71] [len=255B]
2025-09-12 19:08:44 - [BENIGN] - DEBUG - Generated HTTPS ACK reply from h5:443 <- h3:22311 [len=54B]
2025-09-12 19:08:44 - [BENIGN] - DEBUG - Generated DNS query from h3:19369 -> h5:53 [qname='example.com'] [Session 72] [len=71B]
2025-09-12 19:08:45 - [BENIGN] - DEBUG - Generated ICMP traffic h2↔h5 9 [len=84B]
2025-09-12 19:08:45 - [BENIGN] - DEBUG - Generated TCP SYN from h3:14379 -> h5:12345 [len=54B]
2025-09-12 19:08:46 - [BENIGN] - DEBUG - Generated TCP SYN-ACK from h5:12345 <- h3:14379 [len=54B]
2025-09-12 19:08:46 - [BENIGN] - DEBUG - Generated TCP ACK from h3:14379 -> h5:12345 [len=54B]
2025-09-12 19:08:47 - [BENIGN] - DEBUG - Generated TCP data traffic from h3:14379 -> h5:12345 [content='TCP data'] [Session 73] [len=259B]
2025-09-12 19:08:48 - [BENIGN] - DEBUG - Generated TCP ACK reply from h5:12345 <- h3:14379 [len=54B]
2025-09-12 19:08:48 - [BENIGN] - DEBUG - Generated UDP traffic from h3:32622 -> h5:12346 [content='0d1ca23c33bcdebd6c70a33fdc5a076bf712608e...'] [Session 74] [len=1500B]
2025-09-12 19:08:49 - [BENIGN] - DEBUG - Generated Telnet SYN from h3:14514 -> h5:23 [len=54B]
2025-09-12 19:08:50 - [BENIGN] - DEBUG - Generated Telnet SYN-ACK from h5:23 <- h3:14514 [len=54B]
2025-09-12 19:08:50 - [BENIGN] - DEBUG - Generated Telnet ACK from h3:14514 -> h5:23 [len=54B]
2025-09-12 19:08:51 - [BENIGN] - DEBUG - Generated Telnet data traffic from h3:14514 -> h5:23 [content='Telnet command'] [Session 75] [len=1062B]
2025-09-12 19:08:51 - [BENIGN] - DEBUG - Generated Telnet ACK reply from h5:23 <- h3:14514 [len=54B]
2025-09-12 19:08:52 - [BENIGN] - DEBUG - Generated SSH SYN from h3:5603 -> h5:22 [len=54B]
2025-09-12 19:08:53 - [BENIGN] - DEBUG - Generated SSH SYN-ACK from h5:22 <- h3:5603 [len=54B]
2025-09-12 19:08:53 - [BENIGN] - DEBUG - Generated SSH ACK from h3:5603 -> h5:22 [len=54B]
2025-09-12 19:08:54 - [BENIGN] - DEBUG - Generated SSH data traffic from h3:5603 -> h5:22 [content='SSH encrypted data'] [Session 76] [len=228B]
2025-09-12 19:08:55 - [BENIGN] - DEBUG - Generated SSH ACK reply from h5:22 <- h3:5603 [len=54B]
2025-09-12 19:08:55 - [BENIGN] - DEBUG - Generated FTP SYN from h3:50287 -> h5:21 [len=54B]
2025-09-12 19:08:56 - [BENIGN] - DEBUG - Generated FTP SYN-ACK from h5:21 <- h3:50287 [len=54B]
2025-09-12 19:08:56 - [BENIGN] - DEBUG - Generated FTP ACK from h3:50287 -> h5:21 [len=54B]
2025-09-12 19:08:57 - [BENIGN] - DEBUG - Generated FTP data traffic from h3:50287 -> h5:21 [content='FTP file transfer'] [Session 77] [len=682B]
2025-09-12 19:08:58 - [BENIGN] - DEBUG - Generated FTP ACK reply from h5:21 <- h3:50287 [len=54B]
2025-09-12 19:08:58 - [BENIGN] - DEBUG - Generated HTTP SYN from h3:27853 -> h5:80 [len=54B]
2025-09-12 19:08:59 - [BENIGN] - DEBUG - Generated HTTP SYN-ACK from h5:80 <- h3:27853 [len=54B]
2025-09-12 19:09:00 - [BENIGN] - DEBUG - Generated HTTP ACK from h3:27853 -> h5:80 [len=54B]
2025-09-12 19:09:00 - [BENIGN] - DEBUG - Generated HTTP data traffic from h3:27853 -> h5:80 [content='GET /index.html HTTP/1.1'] [Session 78] [len=363B]
2025-09-12 19:09:01 - [BENIGN] - DEBUG - Generated HTTP ACK reply from h5:80 <- h3:27853 [len=54B]
2025-09-12 19:09:01 - [BENIGN] - DEBUG - Generated HTTPS SYN from h3:26202 -> h5:443 [len=54B]
2025-09-12 19:09:02 - [BENIGN] - DEBUG - Generated HTTPS SYN-ACK from h5:443 <- h3:26202 [len=54B]
2025-09-12 19:09:03 - [BENIGN] - DEBUG - Generated HTTPS ACK from h3:26202 -> h5:443 [len=54B]
2025-09-12 19:09:03 - [BENIGN] - DEBUG - Generated HTTPS data traffic from h3:26202 -> h5:443 [content='Encrypted Application Data'] [Session 79] [len=246B]
2025-09-12 19:09:04 - [BENIGN] - DEBUG - Generated HTTPS ACK reply from h5:443 <- h3:26202 [len=54B]
2025-09-12 19:09:05 - [BENIGN] - DEBUG - Generated DNS query from h3:38848 -> h5:53 [qname='example.com'] [Session 80] [len=71B]
2025-09-12 19:09:05 - [BENIGN] - INFO - Benign traffic finished.
2025-09-12 19:09:05 - [BENIGN] - INFO - Summary: 80 protocol sessions with protocol separation:
2025-09-12 19:09:05 - [BENIGN] - INFO -   - h2↔h5: ICMP ping traffic
2025-09-12 19:09:05 - [BENIGN] - INFO -   - h3↔h5: TCP/UDP traffic [TCP, UDP, Telnet, SSH, FTP, HTTP, HTTPS, DNS]
2025-09-12 19:09:05 - [BENIGN] - INFO - Total packets sent: 340
