2025-07-20 17:15:59 - [MAIN] - INFO - 🚀 TIER 1 ZERO-INSTALLATION ENHANCEMENTS ACTIVE
2025-07-20 17:15:59 - [MAIN] - INFO - 📈 Target Sophistication Level: ~57.5%
2025-07-20 17:15:59 - [MAIN] - INFO - 🔧 Built-in Dependencies Only (statistics, math, hashlib, collections, calendar, base64)
2025-07-20 17:15:59 - [MAIN] - INFO - ⚡ CPU Affinity Optimization ENABLED
2025-07-20 17:15:59,981 - __main__ - INFO - 🔧 CPU Core Allocation:
2025-07-20 17:15:59,981 - __main__ - INFO -   System: Cores 0
2025-07-20 17:15:59,981 - __main__ - INFO -   Ryu: Cores 1
2025-07-20 17:15:59,981 - __main__ - INFO -   Mininet: Cores 2,3,4
2025-07-20 17:15:59,981 - __main__ - INFO -   Attacks: Cores 5,6,7,8,9,10
2025-07-20 17:15:59,981 - __main__ - INFO -   Background: Cores 11
2025-07-20 17:15:59,981 - __main__ - INFO -   Pcap: Cores 0-15 (all cores, post-simulation)
2025-07-20 17:15:59 - [MAIN] - INFO - Cleaning up any previous Mininet instances...
2025-07-20 17:16:01 - [MAIN] - INFO - Mininet cleanup complete.
2025-07-20 17:16:01,353 - __main__ - INFO - Verifying required tools...
2025-07-20 17:16:01,604 - __main__ - INFO - TShark version: Running as user "root" and group "root". This could be dangerous.
2025-07-20 17:16:01,611 - __main__ - INFO - ✅ taskset CPU affinity tool is available
2025-07-20 17:16:01,611 - __main__ - INFO - All required tools are available.
2025-07-20 17:16:01 - [MAIN] - INFO - Using configuration file: /home/user/Desktop/dataset_generation/config.json
2025-07-20 17:16:01,612 - __main__ - INFO - Starting Ryu SDN controller with CPU affinity...
2025-07-20 17:16:01,612 - __main__ - INFO - 🚀 Starting ryu on cores [1]: ryu-manager /home/user/Desktop/dataset_generation/src/controller/ryu_controller_app.py
2025-07-20 17:16:01,616 - __main__ - INFO - ✅ Started ryu with PID 38633 on cores [1]
2025-07-20 17:16:01,616 - __main__ - INFO - Ryu controller started with PID: 38633. See main_output/200725-1/ryu.log for logs.
2025-07-20 17:16:01,617 - __main__ - INFO - Checking for controller on port 6653 (timeout: 30s)...
2025-07-20 17:16:02,638 - __main__ - INFO - Controller is up and listening.
2025-07-20 17:16:02 - [MAIN] - INFO - Testing /hello endpoint...
2025-07-20 17:16:02 - [MAIN] - INFO - Test /hello endpoint: PASSED
2025-07-20 17:16:02,645 - __main__ - INFO - Setting up Mininet topology...
2025-07-20 17:16:02,888 - __main__ - INFO - Mininet version: 
2025-07-20 17:16:02,896 - __main__ - INFO - Connecting to remote controller at 127.0.0.1:6653
2025-07-20 17:16:03,170 - __main__ - INFO - Mininet network started successfully.
2025-07-20 17:16:03,170 - __main__ - INFO - Running Mininet pingall test...
2025-07-20 17:16:08,259 - __main__ - INFO - Mininet pingall test completed successfully. Packet loss: 0.0%
2025-07-20 17:16:08,259 - __main__ - INFO - Starting enhanced traffic generation scenario with CPU affinity optimization...
2025-07-20 17:16:08,259 - __main__ - INFO - ✅ Set current process affinity to cores [5, 6, 7, 8, 9, 10] for attacks
2025-07-20 17:16:08,259 - __main__ - INFO - ✅ Set CPU affinity for attack generation processes
2025-07-20 17:16:08,259 - __main__ - INFO - Phase 1: Initialization (5s)...
2025-07-20 17:16:13,267 - __main__ - INFO - Starting flow statistics collection for 6050 seconds...
2025-07-20 17:16:13,268 - __main__ - INFO - Flow statistics collection started in background.
2025-07-20 17:16:13,270 - __main__ - INFO - Phase 2: Normal Traffic (900s)...
2025-07-20 17:16:13,270 - __main__ - INFO - Timeline updated: normal phase started at 1753002973.2703826
2025-07-20 17:31:24,723 - __main__ - INFO - Stopping packet capture (PID: 38899)...
2025-07-20 17:31:24,797 - __main__ - INFO - Packet capture stopped.
2025-07-20 17:31:24,797 - __main__ - INFO - Phase 3.1: Enhanced Traditional DDoS Attacks...
2025-07-20 17:31:24,797 - __main__ - INFO - Timeline updated: syn_flood phase started at 1753003884.7979312
2025-07-20 17:32:44,371 - __main__ - INFO - Stopping packet capture (PID: 44812)...
2025-07-20 17:32:44,431 - __main__ - INFO - Packet capture stopped.
2025-07-20 17:32:44,432 - __main__ - INFO - Timeline updated: udp_flood phase started at 1753003964.4320195
2025-07-20 17:34:07,026 - __main__ - INFO - Stopping packet capture (PID: 44819)...
2025-07-20 17:34:07,172 - __main__ - INFO - Packet capture stopped.
2025-07-20 17:34:07,172 - __main__ - INFO - Timeline updated: icmp_flood phase started at 1753004047.1726036
2025-07-20 17:35:26,723 - __main__ - INFO - Stopping packet capture (PID: 44828)...
2025-07-20 17:35:26,815 - __main__ - INFO - Packet capture stopped.
2025-07-20 17:35:26,815 - __main__ - INFO - Phase 3.2: ENHANCED Adversarial DDoS Attacks...
2025-07-20 17:35:26,815 - __main__ - INFO - Timeline updated: ad_syn phase started at 1753004126.8155556
2025-07-20 18:05:33,011 - __main__ - INFO - Stopping packet capture (PID: 44837)...
2025-07-20 18:05:33,098 - __main__ - INFO - Packet capture stopped.
2025-07-20 18:05:33,098 - __main__ - INFO - Timeline updated: ad_udp phase started at 1753005933.098659
2025-07-20 18:25:42,687 - __main__ - INFO - Stopping packet capture (PID: 44918)...
2025-07-20 18:25:42,778 - __main__ - INFO - Packet capture stopped.
2025-07-20 18:25:42,778 - __main__ - INFO - Timeline updated: ad_slow phase started at 1753007142.7782657
2025-07-20 18:25:48,831 - __main__ - INFO - Proceeding with ENHANCED adversarial slow attack
2025-07-20 18:25:48,831 - __main__ - INFO - Attack traffic will be captured via h6_slow_read.pcap and ad_slow.pcap
2025-07-20 18:55:50,105 - __main__ - INFO - Stopping packet capture (PID: 44980)...
2025-07-20 18:55:50,168 - __main__ - INFO - Packet capture stopped.
2025-07-20 18:55:50,169 - __main__ - INFO - Stopping packet capture (PID: 44979)...
2025-07-20 18:55:50,328 - __main__ - INFO - Packet capture stopped.
2025-07-20 18:55:50,328 - __main__ - INFO - Analyzing main_output/200725-1/h6_slow_read.pcap for TCP issues...
2025-07-20 18:55:50,329 - __main__ - INFO - TCP Analysis on h6 PCAP: RST Count = 0, Retransmission Count = 0
2025-07-20 18:55:50,329 - __main__ - WARNING - Inter-Packet Arrival Time analysis failed for h6 PCAP: Not enough packets
2025-07-20 18:55:50,329 - __main__ - INFO - Phase 4: Cooldown (5s)...
2025-07-20 18:55:50,329 - __main__ - INFO - Timeline updated: normal phase started at 1753008950.329676
2025-07-20 18:55:55,337 - __main__ - INFO - Signaling flow collection thread to stop...
2025-07-20 18:55:55,337 - __main__ - INFO - Waiting for flow collection thread to finish...
2025-07-20 18:55:56,075 - __main__ - INFO - Flow collection received stop signal, ending gracefully.
2025-07-20 18:55:56,075 - __main__ - INFO - Flow timeline collection completed.
2025-07-20 18:55:58,333 - __main__ - INFO - Flow statistics saved to main_output/200725-1/flow_features.csv
2025-07-20 18:55:58,421 - __main__ - INFO - Flow collection thread finished successfully
2025-07-20 18:55:58,421 - __main__ - INFO - ============================================================
2025-07-20 18:55:58,421 - __main__ - INFO - ENHANCED COMPREHENSIVE TIMING SUMMARY
2025-07-20 18:55:58,421 - __main__ - INFO - ============================================================
2025-07-20 18:55:58,421 - __main__ - INFO - Configuration File: /home/user/Desktop/dataset_generation/config.json
2025-07-20 18:55:58,421 - __main__ - INFO - 
2025-07-20 18:55:58,422 - __main__ - INFO - Total Scenario Runtime: 5990.16 seconds (99.84 minutes)
2025-07-20 18:55:58,422 - __main__ - INFO - 
2025-07-20 18:55:58,422 - __main__ - INFO - Phase-by-Phase Breakdown:
2025-07-20 18:55:58,422 - __main__ - INFO -   Enhanced Traditional Attacks:
2025-07-20 18:55:58,422 - __main__ - INFO -     Enhanced Syn Flood: 79.63s (configured: 75s)
2025-07-20 18:55:58,422 - __main__ - INFO -     Enhanced Udp Flood: 82.74s (configured: 75s)
2025-07-20 18:55:58,422 - __main__ - INFO -     Enhanced Icmp Flood: 79.64s (configured: 75s)
2025-07-20 18:55:58,422 - __main__ - INFO -   ENHANCED Adversarial Attacks:
2025-07-20 18:55:58,422 - __main__ - INFO -     ENHANCED TCP State Exhaustion: 1806.28s (configured: 1800s)
2025-07-20 18:55:58,422 - __main__ - INFO -     ENHANCED Application Layer: 1209.68s (configured: 1200s)
2025-07-20 18:55:58,422 - __main__ - INFO -     ENHANCED Slow Read: 1807.55s (configured: 1800s)
2025-07-20 18:55:58,422 - __main__ - INFO -   Initialization: 5.01s (configured: 5s)
2025-07-20 18:55:58,422 - __main__ - INFO -   Normal_Traffic: 911.53s (configured: 900s)
2025-07-20 18:55:58,422 - __main__ - INFO -   Cooldown: 5.01s (configured: 5s)
2025-07-20 18:55:58,422 - __main__ - INFO - ============================================================
2025-07-20 18:55:58,422 - __main__ - INFO - ENHANCED traffic generation scenario finished with ~57.5% sophistication level.
2025-07-20 18:55:58 - [MAIN] - INFO - Enhanced PCAP generation complete.
2025-07-20 18:55:58 - [MAIN] - INFO - Processing 8 PCAP files using 4 CPU cores...
2025-07-20 18:55:58,423 - __main__ - INFO - Starting parallel PCAP processing with 4 workers...
2025-07-20 18:55:58,423 - __main__ - INFO - ✅ Set current process affinity to cores [0, 1, 2, 3, 4, 5, 6, 7, 8, 9, 10, 11, 12, 13, 14, 15] for pcap
2025-07-20 18:55:58,423 - __main__ - INFO - ✅ Set CPU affinity for PCAP processing (all cores)
2025-07-20 18:56:03,466 - __main__ - INFO - ✓ Completed processing normal.pcap (6072 records)
2025-07-20 18:56:03,466 - __main__ - INFO - ✓ Completed processing syn_flood.pcap (1313 records)
2025-07-20 18:56:03,466 - __main__ - INFO - ✓ Completed processing udp_flood.pcap (848 records)
2025-07-20 18:56:03,466 - __main__ - INFO - ✓ Completed processing icmp_flood.pcap (698 records)
2025-07-20 18:56:03,466 - __main__ - INFO - ✓ Completed processing ad_syn.pcap (1646 records)
2025-07-20 18:56:03,466 - __main__ - INFO - ✓ Completed processing ad_udp.pcap (1006 records)
2025-07-20 18:56:03,466 - __main__ - INFO - ✓ Completed processing ad_slow.pcap (1357 records)
2025-07-20 18:56:03,466 - __main__ - INFO - ✓ Completed processing h6_slow_read.pcap (0 records)
2025-07-20 18:56:03,479 - __main__ - INFO - Parallel PCAP processing completed. Processed 8 files successfully.
2025-07-20 18:56:03 - [MAIN] - INFO - Parallel PCAP processing completed in 5.06 seconds (0.08 minutes)
2025-07-20 18:56:03 - [MAIN] - INFO - Enhanced combined labeled CSV generated at: main_output/200725-1/packet_features.csv
2025-07-20 18:56:03 - [MAIN] - INFO - Enhanced final combined CSV created successfully.
2025-07-20 18:56:03 - [MAIN] - INFO - 
--- Enhanced Packet Feature Counts by Class ---
2025-07-20 18:56:03 - [MAIN] - INFO -   normal: 6072 packets
2025-07-20 18:56:03 - [MAIN] - INFO -   ad_syn: 1646 packets
2025-07-20 18:56:03 - [MAIN] - INFO -   ad_slow: 1357 packets
2025-07-20 18:56:03 - [MAIN] - INFO -   syn_flood: 1313 packets
2025-07-20 18:56:03 - [MAIN] - INFO -   ad_udp: 1006 packets
2025-07-20 18:56:03 - [MAIN] - INFO -   udp_flood: 848 packets
2025-07-20 18:56:03 - [MAIN] - INFO -   icmp_flood: 698 packets
2025-07-20 18:56:03 - [MAIN] - INFO - Enhanced flow-level dataset generated at: main_output/200725-1/flow_features.csv
2025-07-20 18:56:03 - [MAIN] - INFO - 
--- Enhanced Flow Feature Counts by Class ---
2025-07-20 18:56:03 - [MAIN] - INFO -   ad_slow: 55552 flows
2025-07-20 18:56:03 - [MAIN] - INFO -   ad_syn: 55490 flows
2025-07-20 18:56:03 - [MAIN] - INFO -   ad_udp: 37169 flows
2025-07-20 18:56:03 - [MAIN] - INFO -   normal: 28241 flows
2025-07-20 18:56:03 - [MAIN] - INFO -   udp_flood: 2573 flows
2025-07-20 18:56:03 - [MAIN] - INFO -   syn_flood: 2449 flows
2025-07-20 18:56:03 - [MAIN] - INFO -   icmp_flood: 2449 flows
2025-07-20 18:56:03 - [MAIN] - INFO - Generating enhanced dataset summary...
2025-07-20 18:56:04 - [MAIN] - INFO - Dataset generation summary displayed above
2025-07-20 18:56:04 - [MAIN] - INFO - Running enhanced timeline analysis...
2025-07-20 18:56:04 - [MAIN] - INFO - Starting timeline analysis...
2025-07-20 18:56:04 - [MAIN] - INFO - Timeline Analysis Results:
2025-07-20 18:56:04 - [MAIN] - INFO -   Total attack types: 7
2025-07-20 18:56:04 - [MAIN] - INFO -   Good alignment: 6
2025-07-20 18:56:04 - [MAIN] - INFO -   Overall score: 85.7%
2025-07-20 18:56:04 - [MAIN] - INFO -   Status: 👍 GOOD: Timeline alignment is acceptable with minor issues.
2025-07-20 18:56:04 - [MAIN] - WARNING - Poor alignment: normal
2025-07-20 18:56:04 - [MAIN] - INFO - ================================================================================
2025-07-20 18:56:04 - [MAIN] - INFO - ENHANCED FINAL EXECUTION SUMMARY
2025-07-20 18:56:04 - [MAIN] - INFO - ================================================================================
2025-07-20 18:56:04 - [MAIN] - INFO - 🚀 Enhanced Framework Version: v2.0
2025-07-20 18:56:04 - [MAIN] - INFO - 📊 Sophistication Level Achieved: ~57.5%
2025-07-20 18:56:04 - [MAIN] - INFO - 🔧 Enhancement Type: Tier 1 Zero-Installation
2025-07-20 18:56:04 - [MAIN] - INFO - ⚡ CPU Affinity Optimization: ENABLED
2025-07-20 18:56:04 - [MAIN] - INFO - 🖥️  Total Cores Utilized: 16
2025-07-20 18:56:04 - [MAIN] - INFO - ⏱️  Total Execution Time: 6004.48 seconds (100.07 minutes | 1.67 hours)
2025-07-20 18:56:04 - [MAIN] - INFO - 📅 Enhanced Dataset Generation Complete: 2025-07-20 18:56:04
2025-07-20 18:56:04 - [MAIN] - INFO - 📈 Timeline Alignment Score: 85.7%
2025-07-20 18:56:04 - [MAIN] - INFO - ✅ Timeline Quality: GOOD
2025-07-20 18:56:04 - [MAIN] - INFO - ================================================================================
2025-07-20 18:56:04 - [MAIN] - INFO - 🎉 ENHANCED ADVERSARIAL DDOS DATASET GENERATION COMPLETED
2025-07-20 18:56:04 - [MAIN] - INFO - 📋 Enhancements Applied:
2025-07-20 18:56:04 - [MAIN] - INFO -    • Statistical Feature Manipulation (Basic ML Evasion)
2025-07-20 18:56:04 - [MAIN] - INFO -    • TCP State Machine Simulation (Advanced Protocol Exploitation)
2025-07-20 18:56:04 - [MAIN] - INFO -    • Behavioral Pattern Generator (Enhanced Behavioral Mimicry)
2025-07-20 18:56:04 - [MAIN] - INFO -    • Traffic Fingerprint Evasion (Traffic Camouflage Enhancement)
2025-07-20 18:56:04 - [MAIN] - INFO -    • CPU Core Affinity Optimization (Performance Enhancement)
2025-07-20 18:56:04 - [MAIN] - INFO - ================================================================================
2025-07-20 18:56:04,467 - __main__ - INFO - Cleaning up resources...
2025-07-20 18:56:04,467 - __main__ - INFO - Terminating Ryu controller (PID: 38633)...
2025-07-20 18:56:04,470 - __main__ - INFO - Cleaning up Mininet environment...
2025-07-20 18:56:06,098 - __main__ - INFO - Cleanup complete.
