2025-07-19 11:25:23,640 - INFO - ============================================================
2025-07-19 11:25:23,641 - INFO - FLOW DATASET MISSING VALUES CLEANING
2025-07-19 11:25:23,641 - INFO - ============================================================
2025-07-19 11:25:23,641 - INFO - 🔍 Loading FLOW dataset...
2025-07-19 11:25:36,816 - INFO -   Original: 4,053,684 rows × 19 columns
2025-07-19 11:25:36,817 - INFO -   Original memory: 1562.8 MB
2025-07-19 11:26:29,924 - INFO -   📁 Backup created: flow_dataset.csv.backup_missing
2025-07-19 11:26:29,925 - INFO - 
📊 Pre-cleaning analysis:
2025-07-19 11:26:30,217 - INFO -   table_id: 4,053,684 missing (100.00%)
2025-07-19 11:26:30,222 - INFO -   cookie: 4,053,684 missing (100.00%)
2025-07-19 11:26:30,229 - INFO -   in_port: 130,764 missing (3.23%)
2025-07-19 11:26:30,381 - INFO -   eth_src: 130,764 missing (3.23%)
2025-07-19 11:26:30,536 - INFO -   eth_dst: 130,764 missing (3.23%)
2025-07-19 11:26:30,549 - INFO -   duration_nsec: 4,053,684 missing (100.00%)
2025-07-19 11:26:30,719 - INFO - 
🗑️  Step 1: Dropping 100% missing columns...
2025-07-19 11:26:30,719 - INFO -   Dropping columns: table_id, cookie, duration_nsec
2025-07-19 11:26:35,212 - INFO -   After column drop: 4,053,684 rows × 16 columns
2025-07-19 11:26:35,213 - INFO -   Memory after column drop: 1470.0 MB
2025-07-19 11:26:35,213 - INFO -   Memory savings: 92.8 MB
2025-07-19 11:26:35,213 - INFO - 
🗑️  Step 2: Dropping rows with missing values...
2025-07-19 11:26:35,919 - INFO -   Columns with missing values: in_port, eth_src, eth_dst
2025-07-19 11:26:36,341 - INFO -   Rows with missing values: 130,764
2025-07-19 11:26:41,155 - INFO -   After row drop: 3,922,920 rows × 16 columns
2025-07-19 11:26:41,156 - INFO -   Rows removed: 130,764
2025-07-19 11:26:41,156 - INFO -   Data loss: 3.23%
2025-07-19 11:26:41,156 - INFO - 
✅ Step 3: Verification...
2025-07-19 11:26:41,914 - INFO -   Total missing values remaining: 0
2025-07-19 11:26:41,914 - INFO -   ✅ All missing values successfully removed
2025-07-19 11:26:41,914 - INFO - 
💾 Saving cleaned dataset...
