2025-07-21 00:17:04,549 - INFO - ============================================================
2025-07-21 00:17:04,549 - INFO - DATASET COMBINATION STARTED
2025-07-21 00:17:04,549 - INFO - ============================================================
2025-07-21 00:17:04,567 - INFO - Found 12 dataset directories:
2025-07-21 00:17:04,568 - INFO -   - 190725-1
2025-07-21 00:17:04,568 - INFO -   - 190725-2
2025-07-21 00:17:04,568 - INFO -   - 190725-3
2025-07-21 00:17:04,568 - INFO -   - 190725-4
2025-07-21 00:17:04,568 - INFO -   - 190725-5
2025-07-21 00:17:04,568 - INFO -   - 190725-6
2025-07-21 00:17:04,569 - INFO -   - 190725-7
2025-07-21 00:17:04,569 - INFO -   - 200725-1
2025-07-21 00:17:04,569 - INFO -   - 200725-2
2025-07-21 00:17:04,569 - INFO -   - 200725-3
2025-07-21 00:17:04,569 - INFO -   - 200725-4
2025-07-21 00:17:04,569 - INFO -   - 200725-5
2025-07-21 00:17:04,569 - INFO - 
==================================================
2025-07-21 00:17:04,570 - INFO - Combining packet_features.csv files into packet_dataset.csv
2025-07-21 00:17:04,591 - INFO -   190725-1: 9,025 records loaded
2025-07-21 00:17:04,610 - INFO -   190725-2: 9,067 records loaded
2025-07-21 00:17:04,627 - INFO -   190725-3: 8,961 records loaded
2025-07-21 00:17:04,647 - INFO -   190725-4: 9,043 records loaded
2025-07-21 00:17:04,665 - INFO -   190725-5: 8,988 records loaded
2025-07-21 00:17:04,682 - INFO -   190725-6: 9,063 records loaded
2025-07-21 00:17:04,700 - INFO -   190725-7: 9,049 records loaded
2025-07-21 00:17:04,717 - INFO -   200725-1: 9,035 records loaded
2025-07-21 00:17:04,736 - INFO -   200725-2: 9,027 records loaded
2025-07-21 00:17:04,753 - INFO -   200725-3: 8,953 records loaded
2025-07-21 00:17:04,771 - INFO -   200725-4: 9,167 records loaded
2025-07-21 00:17:04,788 - INFO -   200725-5: 8,949 records loaded
2025-07-21 00:17:05,544 - INFO -   Combined dataset saved: packet_dataset.csv
2025-07-21 00:17:05,544 - INFO -   Total records: 108,327
2025-07-21 00:17:05,544 - INFO -   Final shape: (108327, 16)
2025-07-21 00:17:05,549 - INFO -   Dataset distribution:
2025-07-21 00:17:05,550 - INFO -     190725-1: 9,025 records
2025-07-21 00:17:05,550 - INFO -     190725-2: 9,067 records
2025-07-21 00:17:05,550 - INFO -     190725-3: 8,961 records
2025-07-21 00:17:05,550 - INFO -     190725-4: 9,043 records
2025-07-21 00:17:05,551 - INFO -     190725-5: 8,988 records
2025-07-21 00:17:05,551 - INFO -     190725-6: 9,063 records
2025-07-21 00:17:05,551 - INFO -     190725-7: 9,049 records
2025-07-21 00:17:05,551 - INFO -     200725-1: 9,035 records
2025-07-21 00:17:05,551 - INFO -     200725-2: 9,027 records
2025-07-21 00:17:05,551 - INFO -     200725-3: 8,953 records
2025-07-21 00:17:05,552 - INFO -     200725-4: 9,167 records
2025-07-21 00:17:05,552 - INFO -     200725-5: 8,949 records
2025-07-21 00:17:05,555 - INFO - 
==================================================
2025-07-21 00:17:05,555 - INFO - Combining flow_features.csv files into flow_dataset.csv
2025-07-21 00:17:05,641 - INFO -   190725-1: 36,766 records loaded
2025-07-21 00:17:05,720 - INFO -   190725-2: 36,704 records loaded
2025-07-21 00:17:05,796 - INFO -   190725-3: 36,270 records loaded
2025-07-21 00:17:05,885 - INFO -   190725-4: 36,425 records loaded
2025-07-21 00:17:05,964 - INFO -   190725-5: 36,363 records loaded
2025-07-21 00:17:06,047 - INFO -   190725-6: 36,332 records loaded
2025-07-21 00:17:06,146 - INFO -   190725-7: 36,363 records loaded
2025-07-21 00:17:06,229 - INFO -   200725-1: 36,363 records loaded
2025-07-21 00:17:06,315 - INFO -   200725-2: 36,394 records loaded
2025-07-21 00:17:06,400 - INFO -   200725-3: 36,425 records loaded
2025-07-21 00:17:06,500 - INFO -   200725-4: 36,797 records loaded
2025-07-21 00:17:06,623 - INFO -   200725-5: 36,239 records loaded
2025-07-21 00:17:11,624 - INFO -   Combined dataset saved: flow_dataset.csv
2025-07-21 00:17:11,625 - INFO -   Total records: 437,441
2025-07-21 00:17:11,625 - INFO -   Final shape: (437441, 19)
2025-07-21 00:17:11,642 - INFO -   Dataset distribution:
2025-07-21 00:17:11,643 - INFO -     190725-1: 36,766 records
2025-07-21 00:17:11,643 - INFO -     190725-2: 36,704 records
2025-07-21 00:17:11,643 - INFO -     190725-3: 36,270 records
2025-07-21 00:17:11,643 - INFO -     190725-4: 36,425 records
2025-07-21 00:17:11,643 - INFO -     190725-5: 36,363 records
2025-07-21 00:17:11,644 - INFO -     190725-6: 36,332 records
2025-07-21 00:17:11,644 - INFO -     190725-7: 36,363 records
2025-07-21 00:17:11,644 - INFO -     200725-1: 36,363 records
2025-07-21 00:17:11,644 - INFO -     200725-2: 36,394 records
2025-07-21 00:17:11,645 - INFO -     200725-3: 36,425 records
2025-07-21 00:17:11,645 - INFO -     200725-4: 36,797 records
2025-07-21 00:17:11,645 - INFO -     200725-5: 36,239 records
2025-07-21 00:17:11,653 - INFO - 
==================================================
2025-07-21 00:17:11,653 - INFO - Combining cicflow_features_all.csv files into cicflow_dataset.csv
2025-07-21 00:17:11,682 - INFO -   190725-1: 3,778 records loaded
2025-07-21 00:17:11,712 - INFO -   190725-2: 3,765 records loaded
2025-07-21 00:17:11,741 - INFO -   190725-3: 3,770 records loaded
2025-07-21 00:17:11,771 - INFO -   190725-4: 3,811 records loaded
2025-07-21 00:17:11,800 - INFO -   190725-5: 3,843 records loaded
2025-07-21 00:17:11,829 - INFO -   190725-6: 3,821 records loaded
2025-07-21 00:17:11,859 - INFO -   190725-7: 3,819 records loaded
2025-07-21 00:17:11,888 - INFO -   200725-1: 3,776 records loaded
2025-07-21 00:17:11,917 - INFO -   200725-2: 3,787 records loaded
2025-07-21 00:17:11,947 - INFO -   200725-3: 3,821 records loaded
2025-07-21 00:17:11,976 - INFO -   200725-4: 3,809 records loaded
2025-07-21 00:17:12,005 - INFO -   200725-5: 3,750 records loaded
2025-07-21 00:17:13,665 - INFO -   Combined dataset saved: cicflow_dataset.csv
2025-07-21 00:17:13,665 - INFO -   Total records: 45,550
2025-07-21 00:17:13,666 - INFO -   Final shape: (45550, 86)
2025-07-21 00:17:13,668 - INFO -   Dataset distribution:
2025-07-21 00:17:13,668 - INFO -     190725-1: 3,778 records
2025-07-21 00:17:13,668 - INFO -     190725-2: 3,765 records
2025-07-21 00:17:13,669 - INFO -     190725-3: 3,770 records
2025-07-21 00:17:13,669 - INFO -     190725-4: 3,811 records
2025-07-21 00:17:13,669 - INFO -     190725-5: 3,843 records
2025-07-21 00:17:13,669 - INFO -     190725-6: 3,821 records
2025-07-21 00:17:13,669 - INFO -     190725-7: 3,819 records
2025-07-21 00:17:13,670 - INFO -     200725-1: 3,776 records
2025-07-21 00:17:13,670 - INFO -     200725-2: 3,787 records
2025-07-21 00:17:13,670 - INFO -     200725-3: 3,821 records
2025-07-21 00:17:13,670 - INFO -     200725-4: 3,809 records
2025-07-21 00:17:13,670 - INFO -     200725-5: 3,750 records
2025-07-21 00:17:13,672 - INFO - 
============================================================
2025-07-21 00:17:13,672 - INFO - DATASET COMBINATION SUMMARY
2025-07-21 00:17:13,672 - INFO - ============================================================
2025-07-21 00:17:13,673 - INFO - ✅ packet_dataset.csv: 108,327 records, shape (108327, 16)
2025-07-21 00:17:13,673 - INFO - ✅ flow_dataset.csv: 437,441 records, shape (437441, 19)
2025-07-21 00:17:13,673 - INFO - ✅ cicflow_dataset.csv: 45,550 records, shape (45550, 86)
2025-07-21 00:17:13,673 - INFO - 
Total files created: 3/3
2025-07-21 00:17:13,673 - INFO - Total records combined: 591,318
2025-07-21 00:17:13,674 - INFO - 🎉 All datasets combined successfully!
