2025-09-12 17:30:06,903 - attack_logger - INFO - Attack: Enhanced SYN Flood (11s) | h1 -> h6
2025-09-12 17:30:09,419 - attack_logger - INFO - [syn_flood] [Run ID: 33c52cd0-8657-4759-bf6c-55f51ba0ba57] Starting Enhanced SYN Flood from h1 to 192.168.30.10 for 11 seconds.
2025-09-12 17:30:09,419 - attack_logger - INFO - [syn_flood] [Run ID: 33c52cd0-8657-4759-bf6c-55f51ba0ba57] Attack Phase: Enhanced Traditional SYN Flood - Attacker: h1, Target: 192.168.30.10:80, Duration: 11s
2025-09-12 17:30:09,419 - attack_logger - INFO - [syn_flood] [Run ID: 33c52cd0-8657-4759-bf6c-55f51ba0ba57] Enhanced Features: Human-like timing, protocol compliance, network delay simulation
2025-09-12 17:30:09,419 - attack_logger - INFO - [syn_flood] [Run ID: 33c52cd0-8657-4759-bf6c-55f51ba0ba57] Session pattern: 1 phases, Circadian factor: 0.80, Workday factor: 0.96
2025-09-12 17:30:09,419 - attack_logger - DEBUG - [syn_flood] [Run ID: 33c52cd0-8657-4759-bf6c-55f51ba0ba57] Starting enhanced SYN packet generation with human-like timing
2025-09-12 17:30:09,419 - attack_logger - INFO - [syn_flood] [Run ID: 33c52cd0-8657-4759-bf6c-55f51ba0ba57] Stress phase: 3s, Advanced phase: 8s
2025-09-12 17:30:12,996 - attack_logger - INFO - [syn_flood] [Run ID: 33c52cd0-8657-4759-bf6c-55f51ba0ba57] Stress phase completed
2025-09-12 17:30:13,003 - attack_logger - INFO - [syn_flood] [Run ID: 33c52cd0-8657-4759-bf6c-55f51ba0ba57] Enhanced SYN flood process started (PID: 114256)
2025-09-12 17:30:14,081 - attack_logger - INFO - [syn_flood] [Run ID: 33c52cd0-8657-4759-bf6c-55f51ba0ba57] Attack progress: 1.1s elapsed, ~4 packets sent, Rate: 3.7 pps, Phase: break (intensity: 0.27)
2025-09-12 17:30:14,081 - attack_logger - DEBUG - [syn_flood] [Run ID: 33c52cd0-8657-4759-bf6c-55f51ba0ba57] Process stats - CPU: 0.0%, Memory: 60.1MB
2025-09-12 17:30:14,081 - attack_logger - DEBUG - [syn_flood] [Run ID: 33c52cd0-8657-4759-bf6c-55f51ba0ba57] Timing factors - Circadian: 0.80, Workday: 0.96, Adjusted rate: 4.2 pps
2025-09-12 17:30:15,114 - attack_logger - INFO - [syn_flood] [Run ID: 33c52cd0-8657-4759-bf6c-55f51ba0ba57] Attack progress: 2.1s elapsed, ~13 packets sent, Rate: 6.1 pps, Phase: break (intensity: 0.27)
2025-09-12 17:30:15,114 - attack_logger - DEBUG - [syn_flood] [Run ID: 33c52cd0-8657-4759-bf6c-55f51ba0ba57] Process stats - CPU: 0.0%, Memory: 60.3MB
2025-09-12 17:30:15,114 - attack_logger - DEBUG - [syn_flood] [Run ID: 33c52cd0-8657-4759-bf6c-55f51ba0ba57] Timing factors - Circadian: 0.80, Workday: 0.96, Adjusted rate: 6.1 pps
2025-09-12 17:30:16,136 - attack_logger - INFO - [syn_flood] [Run ID: 33c52cd0-8657-4759-bf6c-55f51ba0ba57] Attack progress: 3.1s elapsed, ~18 packets sent, Rate: 5.7 pps, Phase: break (intensity: 0.27)
2025-09-12 17:30:16,136 - attack_logger - DEBUG - [syn_flood] [Run ID: 33c52cd0-8657-4759-bf6c-55f51ba0ba57] Process stats - CPU: 0.0%, Memory: 60.3MB
2025-09-12 17:30:16,136 - attack_logger - DEBUG - [syn_flood] [Run ID: 33c52cd0-8657-4759-bf6c-55f51ba0ba57] Timing factors - Circadian: 0.80, Workday: 0.96, Adjusted rate: 6.0 pps
2025-09-12 17:30:17,182 - attack_logger - INFO - [syn_flood] [Run ID: 33c52cd0-8657-4759-bf6c-55f51ba0ba57] Attack progress: 4.2s elapsed, ~22 packets sent, Rate: 5.3 pps, Phase: break (intensity: 0.27)
2025-09-12 17:30:17,182 - attack_logger - DEBUG - [syn_flood] [Run ID: 33c52cd0-8657-4759-bf6c-55f51ba0ba57] Process stats - CPU: 0.0%, Memory: 60.3MB
2025-09-12 17:30:17,182 - attack_logger - DEBUG - [syn_flood] [Run ID: 33c52cd0-8657-4759-bf6c-55f51ba0ba57] Timing factors - Circadian: 0.80, Workday: 0.96, Adjusted rate: 5.5 pps
2025-09-12 17:30:18,261 - attack_logger - INFO - [syn_flood] [Run ID: 33c52cd0-8657-4759-bf6c-55f51ba0ba57] Attack progress: 5.3s elapsed, ~29 packets sent, Rate: 5.5 pps, Phase: break (intensity: 0.27)
2025-09-12 17:30:18,262 - attack_logger - DEBUG - [syn_flood] [Run ID: 33c52cd0-8657-4759-bf6c-55f51ba0ba57] Process stats - CPU: 0.0%, Memory: 60.3MB
2025-09-12 17:30:18,262 - attack_logger - DEBUG - [syn_flood] [Run ID: 33c52cd0-8657-4759-bf6c-55f51ba0ba57] Timing factors - Circadian: 0.80, Workday: 0.96, Adjusted rate: 5.6 pps
2025-09-12 17:30:19,318 - attack_logger - INFO - [syn_flood] [Run ID: 33c52cd0-8657-4759-bf6c-55f51ba0ba57] Attack progress: 6.3s elapsed, ~35 packets sent, Rate: 5.5 pps, Phase: break (intensity: 0.27)
2025-09-12 17:30:19,318 - attack_logger - DEBUG - [syn_flood] [Run ID: 33c52cd0-8657-4759-bf6c-55f51ba0ba57] Process stats - CPU: 0.0%, Memory: 60.3MB
2025-09-12 17:30:19,318 - attack_logger - DEBUG - [syn_flood] [Run ID: 33c52cd0-8657-4759-bf6c-55f51ba0ba57] Timing factors - Circadian: 0.80, Workday: 0.96, Adjusted rate: 5.6 pps
2025-09-12 17:30:20,371 - attack_logger - INFO - [syn_flood] [Run ID: 33c52cd0-8657-4759-bf6c-55f51ba0ba57] Attack progress: 7.4s elapsed, ~42 packets sent, Rate: 5.7 pps, Phase: break (intensity: 0.27)
2025-09-12 17:30:20,371 - attack_logger - DEBUG - [syn_flood] [Run ID: 33c52cd0-8657-4759-bf6c-55f51ba0ba57] Process stats - CPU: 0.0%, Memory: 60.3MB
2025-09-12 17:30:20,371 - attack_logger - DEBUG - [syn_flood] [Run ID: 33c52cd0-8657-4759-bf6c-55f51ba0ba57] Timing factors - Circadian: 0.80, Workday: 0.96, Adjusted rate: 5.7 pps
2025-09-12 17:30:21,009 - attack_logger - DEBUG - [syn_flood] [Run ID: 33c52cd0-8657-4759-bf6c-55f51ba0ba57] Sent SIGINT to SYN flood process 114256
2025-09-12 17:30:21,511 - attack_logger - INFO - [syn_flood] [Run ID: 33c52cd0-8657-4759-bf6c-55f51ba0ba57] Enhanced SYN Flood from h1 to 192.168.30.10 finished.
2025-09-12 17:30:21,512 - attack_logger - INFO - [syn_flood] [Run ID: 33c52cd0-8657-4759-bf6c-55f51ba0ba57] Attack completed. Total packets sent = 174, Average rate = 21.72 packets/sec.
2025-09-12 17:30:21,512 - attack_logger - INFO - [syn_flood] [Run ID: 33c52cd0-8657-4759-bf6c-55f51ba0ba57] --- Enhanced Attack Summary ---
2025-09-12 17:30:21,512 - attack_logger - INFO - [syn_flood] [Run ID: 33c52cd0-8657-4759-bf6c-55f51ba0ba57] Total packets sent: 174
2025-09-12 17:30:21,512 - attack_logger - INFO - [syn_flood] [Run ID: 33c52cd0-8657-4759-bf6c-55f51ba0ba57] Actual duration: 8.01s
2025-09-12 17:30:21,512 - attack_logger - INFO - [syn_flood] [Run ID: 33c52cd0-8657-4759-bf6c-55f51ba0ba57] Average rate: 21.72 packets/sec
2025-09-12 17:30:21,512 - attack_logger - INFO - [syn_flood] [Run ID: 33c52cd0-8657-4759-bf6c-55f51ba0ba57] Base rate: 28.3 pps
2025-09-12 17:30:21,512 - attack_logger - INFO - [syn_flood] [Run ID: 33c52cd0-8657-4759-bf6c-55f51ba0ba57] Circadian factor: 0.80
2025-09-12 17:30:21,512 - attack_logger - INFO - [syn_flood] [Run ID: 33c52cd0-8657-4759-bf6c-55f51ba0ba57] Workday factor: 0.96
2025-09-12 17:30:21,512 - attack_logger - INFO - [syn_flood] [Run ID: 33c52cd0-8657-4759-bf6c-55f51ba0ba57] Session phases: 1
2025-09-12 17:30:21,512 - attack_logger - INFO - [syn_flood] [Run ID: 33c52cd0-8657-4759-bf6c-55f51ba0ba57] Target port: 80
2025-09-12 17:30:21,512 - attack_logger - INFO - [syn_flood] [Run ID: 33c52cd0-8657-4759-bf6c-55f51ba0ba57] Attack method: Enhanced SYN Flood with Human-like Timing
2025-09-12 17:30:21,512 - attack_logger - INFO - [syn_flood] [Run ID: 33c52cd0-8657-4759-bf6c-55f51ba0ba57] Enhancement features: Human timing patterns, protocol compliance, network delay simulation
2025-09-12 17:30:21,512 - attack_logger - INFO - [syn_flood] [Run ID: 33c52cd0-8657-4759-bf6c-55f51ba0ba57] TCP options: MSS, WScale, Timestamp, SAckOK
2025-09-12 17:30:21,512 - attack_logger - INFO - [syn_flood] [Run ID: 33c52cd0-8657-4759-bf6c-55f51ba0ba57] ----------------------------------------
2025-09-12 17:30:21,583 - attack_logger - INFO - Attack: Enhanced SYN Flood completed.
2025-09-12 17:30:21,583 - attack_logger - INFO - Attack: Enhanced UDP Flood (22s) | h1 -> h6
2025-09-12 17:30:24,100 - attack_logger - INFO - [udp_flood] [Run ID: 46aaf1ce-dbab-448c-ab8c-32e12497899d] Starting Enhanced UDP Flood from h1 to 192.168.30.10 for 22 seconds.
2025-09-12 17:30:24,100 - attack_logger - INFO - [udp_flood] [Run ID: 46aaf1ce-dbab-448c-ab8c-32e12497899d] Attack Phase: Enhanced Traditional UDP Flood - Attacker: h1, Target: 192.168.30.10:53, Duration: 22s
2025-09-12 17:30:24,100 - attack_logger - INFO - [udp_flood] [Run ID: 46aaf1ce-dbab-448c-ab8c-32e12497899d] Enhanced Features: Human-like timing, protocol compliance, network delay simulation
2025-09-12 17:30:24,100 - attack_logger - INFO - [udp_flood] [Run ID: 46aaf1ce-dbab-448c-ab8c-32e12497899d] Stress phase: 6s, Advanced phase: 16s
2025-09-12 17:30:30,708 - attack_logger - INFO - [udp_flood] [Run ID: 46aaf1ce-dbab-448c-ab8c-32e12497899d] Stress phase completed
2025-09-12 17:30:30,708 - attack_logger - INFO - [udp_flood] [Run ID: 46aaf1ce-dbab-448c-ab8c-32e12497899d] Session pattern: 2 phases, Circadian factor: 0.80, Workday factor: 0.96
2025-09-12 17:30:30,708 - attack_logger - DEBUG - [udp_flood] [Run ID: 46aaf1ce-dbab-448c-ab8c-32e12497899d] Starting enhanced UDP packet generation with human-like timing
2025-09-12 17:30:30,719 - attack_logger - INFO - [udp_flood] [Run ID: 46aaf1ce-dbab-448c-ab8c-32e12497899d] Enhanced UDP flood process started (PID: 114266)
2025-09-12 17:30:33,828 - attack_logger - INFO - [udp_flood] [Run ID: 46aaf1ce-dbab-448c-ab8c-32e12497899d] Attack progress: 3.1s elapsed, ~8 packets sent, Rate: 2.6 pps, Phase: break (intensity: 0.12)
2025-09-12 17:30:33,828 - attack_logger - DEBUG - [udp_flood] [Run ID: 46aaf1ce-dbab-448c-ab8c-32e12497899d] Process stats - CPU: 0.0%, Memory: 60.3MB
2025-09-12 17:30:33,829 - attack_logger - DEBUG - [udp_flood] [Run ID: 46aaf1ce-dbab-448c-ab8c-32e12497899d] Timing factors - Circadian: 0.80, Workday: 0.96, Adjusted rate: 2.6 pps
2025-09-12 17:30:36,850 - attack_logger - INFO - [udp_flood] [Run ID: 46aaf1ce-dbab-448c-ab8c-32e12497899d] Attack progress: 6.1s elapsed, ~16 packets sent, Rate: 2.6 pps, Phase: break (intensity: 0.12)
2025-09-12 17:30:36,850 - attack_logger - DEBUG - [udp_flood] [Run ID: 46aaf1ce-dbab-448c-ab8c-32e12497899d] Process stats - CPU: 0.0%, Memory: 60.5MB
2025-09-12 17:30:36,850 - attack_logger - DEBUG - [udp_flood] [Run ID: 46aaf1ce-dbab-448c-ab8c-32e12497899d] Timing factors - Circadian: 0.80, Workday: 0.96, Adjusted rate: 2.6 pps
2025-09-12 17:30:37,236 - attack_logger - DEBUG - [udp_flood] [Run ID: 46aaf1ce-dbab-448c-ab8c-32e12497899d] Entering active phase (intensity: 0.81)
2025-09-12 17:30:39,925 - attack_logger - INFO - [udp_flood] [Run ID: 46aaf1ce-dbab-448c-ab8c-32e12497899d] Attack progress: 9.2s elapsed, ~127 packets sent, Rate: 13.8 pps, Phase: active (intensity: 0.81)
2025-09-12 17:30:39,925 - attack_logger - DEBUG - [udp_flood] [Run ID: 46aaf1ce-dbab-448c-ab8c-32e12497899d] Process stats - CPU: 0.0%, Memory: 60.5MB
2025-09-12 17:30:39,925 - attack_logger - DEBUG - [udp_flood] [Run ID: 46aaf1ce-dbab-448c-ab8c-32e12497899d] Timing factors - Circadian: 0.80, Workday: 0.96, Adjusted rate: 13.8 pps
2025-09-12 17:30:42,952 - attack_logger - INFO - [udp_flood] [Run ID: 46aaf1ce-dbab-448c-ab8c-32e12497899d] Attack progress: 12.2s elapsed, ~169 packets sent, Rate: 13.8 pps, Phase: active (intensity: 0.81)
2025-09-12 17:30:42,952 - attack_logger - DEBUG - [udp_flood] [Run ID: 46aaf1ce-dbab-448c-ab8c-32e12497899d] Process stats - CPU: 0.0%, Memory: 60.5MB
2025-09-12 17:30:42,952 - attack_logger - DEBUG - [udp_flood] [Run ID: 46aaf1ce-dbab-448c-ab8c-32e12497899d] Timing factors - Circadian: 0.80, Workday: 0.96, Adjusted rate: 13.8 pps
2025-09-12 17:30:46,007 - attack_logger - INFO - [udp_flood] [Run ID: 46aaf1ce-dbab-448c-ab8c-32e12497899d] Attack progress: 15.3s elapsed, ~211 packets sent, Rate: 13.8 pps, Phase: active (intensity: 0.81)
2025-09-12 17:30:46,007 - attack_logger - DEBUG - [udp_flood] [Run ID: 46aaf1ce-dbab-448c-ab8c-32e12497899d] Process stats - CPU: 0.0%, Memory: 60.5MB
2025-09-12 17:30:46,007 - attack_logger - DEBUG - [udp_flood] [Run ID: 46aaf1ce-dbab-448c-ab8c-32e12497899d] Timing factors - Circadian: 0.80, Workday: 0.96, Adjusted rate: 13.8 pps
2025-09-12 17:30:46,741 - attack_logger - DEBUG - [udp_flood] [Run ID: 46aaf1ce-dbab-448c-ab8c-32e12497899d] Sent SIGINT to UDP flood process 114266
2025-09-12 17:30:47,243 - attack_logger - INFO - [udp_flood] [Run ID: 46aaf1ce-dbab-448c-ab8c-32e12497899d] Enhanced UDP Flood from h1 to 192.168.30.10 finished.
2025-09-12 17:30:47,243 - attack_logger - INFO - [udp_flood] [Run ID: 46aaf1ce-dbab-448c-ab8c-32e12497899d] Attack completed. Total packets sent = 328, Average rate = 20.46 packets/sec.
2025-09-12 17:30:47,243 - attack_logger - INFO - [udp_flood] [Run ID: 46aaf1ce-dbab-448c-ab8c-32e12497899d] --- Enhanced Attack Summary ---
2025-09-12 17:30:47,243 - attack_logger - INFO - [udp_flood] [Run ID: 46aaf1ce-dbab-448c-ab8c-32e12497899d] Total packets sent: 328
2025-09-12 17:30:47,243 - attack_logger - INFO - [udp_flood] [Run ID: 46aaf1ce-dbab-448c-ab8c-32e12497899d] Actual duration: 16.03s
2025-09-12 17:30:47,243 - attack_logger - INFO - [udp_flood] [Run ID: 46aaf1ce-dbab-448c-ab8c-32e12497899d] Average rate: 20.46 packets/sec
2025-09-12 17:30:47,243 - attack_logger - INFO - [udp_flood] [Run ID: 46aaf1ce-dbab-448c-ab8c-32e12497899d] Base rate: 26.7 pps
2025-09-12 17:30:47,243 - attack_logger - INFO - [udp_flood] [Run ID: 46aaf1ce-dbab-448c-ab8c-32e12497899d] Circadian factor: 0.80
2025-09-12 17:30:47,243 - attack_logger - INFO - [udp_flood] [Run ID: 46aaf1ce-dbab-448c-ab8c-32e12497899d] Workday factor: 0.96
2025-09-12 17:30:47,243 - attack_logger - INFO - [udp_flood] [Run ID: 46aaf1ce-dbab-448c-ab8c-32e12497899d] Session phases: 2
2025-09-12 17:30:47,243 - attack_logger - INFO - [udp_flood] [Run ID: 46aaf1ce-dbab-448c-ab8c-32e12497899d] Target port: 53 (DNS)
2025-09-12 17:30:47,243 - attack_logger - INFO - [udp_flood] [Run ID: 46aaf1ce-dbab-448c-ab8c-32e12497899d] Attack method: Enhanced UDP Flood with Human-like Timing
2025-09-12 17:30:47,243 - attack_logger - INFO - [udp_flood] [Run ID: 46aaf1ce-dbab-448c-ab8c-32e12497899d] Enhancement features: Human timing patterns, protocol compliance, network delay simulation
2025-09-12 17:30:47,243 - attack_logger - INFO - [udp_flood] [Run ID: 46aaf1ce-dbab-448c-ab8c-32e12497899d] DNS payloads: Realistic query patterns with varied domains
2025-09-12 17:30:47,243 - attack_logger - INFO - [udp_flood] [Run ID: 46aaf1ce-dbab-448c-ab8c-32e12497899d] ----------------------------------------
2025-09-12 17:30:47,318 - attack_logger - INFO - Attack: Enhanced UDP Flood completed.
2025-09-12 17:30:47,318 - attack_logger - INFO - Attack: Enhanced ICMP Flood (11s) | h1 -> h4
2025-09-12 17:30:49,832 - attack_logger - INFO - [icmp_flood] [Run ID: 3cee77be-6641-4d11-9e90-9c56211076b2] Starting Enhanced ICMP Flood with RFC 1918 IP Rotation from h1 to 192.168.20.12 for 11 seconds.
2025-09-12 17:30:49,832 - attack_logger - INFO - [icmp_flood] [Run ID: 3cee77be-6641-4d11-9e90-9c56211076b2] Attack Phase: Enhanced Traditional ICMP Flood - Attacker: h1, Target: 192.168.20.12, Duration: 11s
2025-09-12 17:30:49,832 - attack_logger - INFO - [icmp_flood] [Run ID: 3cee77be-6641-4d11-9e90-9c56211076b2] Enhanced Features: RFC 1918 IP rotation, human-like timing, protocol compliance, network delay simulation
2025-09-12 17:30:49,832 - attack_logger - INFO - [icmp_flood] [Run ID: 3cee77be-6641-4d11-9e90-9c56211076b2] IP Pool Size: 50 source IPs from RFC 1918 ranges (10.0.0.0/8, 172.16.0.0/12, 192.168.0.0/16)
2025-09-12 17:30:49,832 - attack_logger - INFO - [icmp_flood] [Run ID: 3cee77be-6641-4d11-9e90-9c56211076b2] Stress phase total: 3s (host: 1s, gateway: 2s), Advanced phase: 8s
2025-09-12 17:30:51,390 - attack_logger - INFO - [icmp_flood] [Run ID: 3cee77be-6641-4d11-9e90-9c56211076b2] Host stress sub-phase completed
2025-09-12 17:30:54,000 - attack_logger - INFO - [icmp_flood] [Run ID: 3cee77be-6641-4d11-9e90-9c56211076b2] Gateway stress sub-phase completed
2025-09-12 17:30:54,001 - attack_logger - INFO - [icmp_flood] [Run ID: 3cee77be-6641-4d11-9e90-9c56211076b2] Session pattern: 1 phases, Circadian factor: 0.80, Workday factor: 0.96
2025-09-12 17:30:54,001 - attack_logger - DEBUG - [icmp_flood] [Run ID: 3cee77be-6641-4d11-9e90-9c56211076b2] Starting enhanced ICMP packet generation with IP rotation and human-like timing
2025-09-12 17:30:54,008 - attack_logger - INFO - [icmp_flood] [Run ID: 3cee77be-6641-4d11-9e90-9c56211076b2] Enhanced ICMP flood with IP rotation process started (PID: 114279)
2025-09-12 17:30:55,020 - attack_logger - INFO - [icmp_flood] [Run ID: 3cee77be-6641-4d11-9e90-9c56211076b2] Attack progress: 1.0s elapsed, ~18 packets sent, Rate: 17.7 pps, IP rotations: ~1, Phase: active (intensity: 0.93)
2025-09-12 17:30:55,020 - attack_logger - DEBUG - [icmp_flood] [Run ID: 3cee77be-6641-4d11-9e90-9c56211076b2] Process stats - CPU: 0.0%, Memory: 60.5MB
2025-09-12 17:30:55,020 - attack_logger - DEBUG - [icmp_flood] [Run ID: 3cee77be-6641-4d11-9e90-9c56211076b2] Timing factors - Circadian: 0.80, Workday: 0.96, Adjusted rate: 18.4 pps
2025-09-12 17:30:56,084 - attack_logger - INFO - [icmp_flood] [Run ID: 3cee77be-6641-4d11-9e90-9c56211076b2] Attack progress: 2.1s elapsed, ~31 packets sent, Rate: 14.9 pps, IP rotations: ~2, Phase: active (intensity: 0.93)
2025-09-12 17:30:56,084 - attack_logger - DEBUG - [icmp_flood] [Run ID: 3cee77be-6641-4d11-9e90-9c56211076b2] Process stats - CPU: 0.0%, Memory: 60.5MB
2025-09-12 17:30:56,085 - attack_logger - DEBUG - [icmp_flood] [Run ID: 3cee77be-6641-4d11-9e90-9c56211076b2] Timing factors - Circadian: 0.80, Workday: 0.96, Adjusted rate: 15.0 pps
2025-09-12 17:30:57,172 - attack_logger - INFO - [icmp_flood] [Run ID: 3cee77be-6641-4d11-9e90-9c56211076b2] Attack progress: 3.2s elapsed, ~67 packets sent, Rate: 21.1 pps, IP rotations: ~4, Phase: active (intensity: 0.93)
2025-09-12 17:30:57,172 - attack_logger - DEBUG - [icmp_flood] [Run ID: 3cee77be-6641-4d11-9e90-9c56211076b2] Process stats - CPU: 0.0%, Memory: 60.5MB
2025-09-12 17:30:57,172 - attack_logger - DEBUG - [icmp_flood] [Run ID: 3cee77be-6641-4d11-9e90-9c56211076b2] Timing factors - Circadian: 0.80, Workday: 0.96, Adjusted rate: 21.3 pps
2025-09-12 17:30:58,197 - attack_logger - INFO - [icmp_flood] [Run ID: 3cee77be-6641-4d11-9e90-9c56211076b2] Attack progress: 4.2s elapsed, ~70 packets sent, Rate: 16.7 pps, IP rotations: ~4, Phase: active (intensity: 0.93)
2025-09-12 17:30:58,197 - attack_logger - DEBUG - [icmp_flood] [Run ID: 3cee77be-6641-4d11-9e90-9c56211076b2] Process stats - CPU: 0.0%, Memory: 60.5MB
2025-09-12 17:30:58,197 - attack_logger - DEBUG - [icmp_flood] [Run ID: 3cee77be-6641-4d11-9e90-9c56211076b2] Timing factors - Circadian: 0.80, Workday: 0.96, Adjusted rate: 16.7 pps
2025-09-12 17:30:59,276 - attack_logger - INFO - [icmp_flood] [Run ID: 3cee77be-6641-4d11-9e90-9c56211076b2] Attack progress: 5.3s elapsed, ~79 packets sent, Rate: 15.0 pps, IP rotations: ~5, Phase: active (intensity: 0.93)
2025-09-12 17:30:59,276 - attack_logger - DEBUG - [icmp_flood] [Run ID: 3cee77be-6641-4d11-9e90-9c56211076b2] Process stats - CPU: 0.0%, Memory: 60.5MB
2025-09-12 17:30:59,276 - attack_logger - DEBUG - [icmp_flood] [Run ID: 3cee77be-6641-4d11-9e90-9c56211076b2] Timing factors - Circadian: 0.80, Workday: 0.96, Adjusted rate: 15.1 pps
2025-09-12 17:31:00,377 - attack_logger - INFO - [icmp_flood] [Run ID: 3cee77be-6641-4d11-9e90-9c56211076b2] Attack progress: 6.4s elapsed, ~134 packets sent, Rate: 21.0 pps, IP rotations: ~8, Phase: active (intensity: 0.93)
2025-09-12 17:31:00,377 - attack_logger - DEBUG - [icmp_flood] [Run ID: 3cee77be-6641-4d11-9e90-9c56211076b2] Process stats - CPU: 0.0%, Memory: 60.5MB
2025-09-12 17:31:00,377 - attack_logger - DEBUG - [icmp_flood] [Run ID: 3cee77be-6641-4d11-9e90-9c56211076b2] Timing factors - Circadian: 0.80, Workday: 0.96, Adjusted rate: 21.1 pps
2025-09-12 17:31:01,449 - attack_logger - INFO - [icmp_flood] [Run ID: 3cee77be-6641-4d11-9e90-9c56211076b2] Attack progress: 7.4s elapsed, ~151 packets sent, Rate: 20.3 pps, IP rotations: ~10, Phase: active (intensity: 0.93)
2025-09-12 17:31:01,449 - attack_logger - DEBUG - [icmp_flood] [Run ID: 3cee77be-6641-4d11-9e90-9c56211076b2] Process stats - CPU: 0.0%, Memory: 60.5MB
2025-09-12 17:31:01,449 - attack_logger - DEBUG - [icmp_flood] [Run ID: 3cee77be-6641-4d11-9e90-9c56211076b2] Timing factors - Circadian: 0.80, Workday: 0.96, Adjusted rate: 20.3 pps
2025-09-12 17:31:02,024 - attack_logger - DEBUG - [icmp_flood] [Run ID: 3cee77be-6641-4d11-9e90-9c56211076b2] Sent SIGINT to ICMP flood process 114279
2025-09-12 17:31:02,526 - attack_logger - INFO - [icmp_flood] [Run ID: 3cee77be-6641-4d11-9e90-9c56211076b2] Enhanced ICMP Flood with RFC 1918 IP Rotation from h1 to 192.168.20.12 finished.
2025-09-12 17:31:02,526 - attack_logger - INFO - [icmp_flood] [Run ID: 3cee77be-6641-4d11-9e90-9c56211076b2] Attack completed. Total packets sent = 171, Average rate = 21.31 packets/sec.
2025-09-12 17:31:02,526 - attack_logger - INFO - [icmp_flood] [Run ID: 3cee77be-6641-4d11-9e90-9c56211076b2] --- Enhanced Attack Summary ---
2025-09-12 17:31:02,526 - attack_logger - INFO - [icmp_flood] [Run ID: 3cee77be-6641-4d11-9e90-9c56211076b2] Total packets sent: 171
2025-09-12 17:31:02,526 - attack_logger - INFO - [icmp_flood] [Run ID: 3cee77be-6641-4d11-9e90-9c56211076b2] Total IP rotations: ~11
2025-09-12 17:31:02,526 - attack_logger - INFO - [icmp_flood] [Run ID: 3cee77be-6641-4d11-9e90-9c56211076b2] RFC 1918 IP pool size: 50
2025-09-12 17:31:02,526 - attack_logger - INFO - [icmp_flood] [Run ID: 3cee77be-6641-4d11-9e90-9c56211076b2] IP ranges used: 10.0.0.0/8, 172.16.0.0/12, 192.168.0.0/16
2025-09-12 17:31:02,526 - attack_logger - INFO - [icmp_flood] [Run ID: 3cee77be-6641-4d11-9e90-9c56211076b2] Actual duration: 8.02s
2025-09-12 17:31:02,526 - attack_logger - INFO - [icmp_flood] [Run ID: 3cee77be-6641-4d11-9e90-9c56211076b2] Average rate: 21.31 packets/sec
2025-09-12 17:31:02,526 - attack_logger - INFO - [icmp_flood] [Run ID: 3cee77be-6641-4d11-9e90-9c56211076b2] Base rate: 27.9 pps
2025-09-12 17:31:02,526 - attack_logger - INFO - [icmp_flood] [Run ID: 3cee77be-6641-4d11-9e90-9c56211076b2] Circadian factor: 0.80
2025-09-12 17:31:02,526 - attack_logger - INFO - [icmp_flood] [Run ID: 3cee77be-6641-4d11-9e90-9c56211076b2] Workday factor: 0.96
2025-09-12 17:31:02,526 - attack_logger - INFO - [icmp_flood] [Run ID: 3cee77be-6641-4d11-9e90-9c56211076b2] Session phases: 1
2025-09-12 17:31:02,526 - attack_logger - INFO - [icmp_flood] [Run ID: 3cee77be-6641-4d11-9e90-9c56211076b2] ICMP type: Echo Request (8) with ID/Seq variations
2025-09-12 17:31:02,526 - attack_logger - INFO - [icmp_flood] [Run ID: 3cee77be-6641-4d11-9e90-9c56211076b2] Attack method: Enhanced ICMP Flood with RFC 1918 IP Rotation
2025-09-12 17:31:02,526 - attack_logger - INFO - [icmp_flood] [Run ID: 3cee77be-6641-4d11-9e90-9c56211076b2] Enhancement features: RFC 1918 IP rotation, human timing patterns, protocol compliance, network delay simulation
2025-09-12 17:31:02,526 - attack_logger - INFO - [icmp_flood] [Run ID: 3cee77be-6641-4d11-9e90-9c56211076b2] ----------------------------------------
2025-09-12 17:31:02,597 - attack_logger - INFO - Attack: Enhanced ICMP Flood completed.
2025-09-12 17:31:03,107 - attack_logger - INFO - Attack: ENHANCED Adversarial TCP State Exhaustion (8s) | h1 -> h6
2025-09-12 17:31:14,288 - attack_logger - INFO - Attack: ENHANCED Adversarial Application Layer (3s) | h1 -> h6
2025-09-12 17:31:20,567 - attack_logger - INFO - Attack: ENHANCED Adversarial Slow Read (9s) | h1 -> h6
2025-09-12 17:31:32,842 - attack_logger - INFO - Attack: ENHANCED Adversarial Slow Read completed.
