2025-09-12 17:26:43 - [BENIGN] - INFO - Starting benign traffic for 200 seconds...
2025-09-12 17:26:43 - [BENIGN] - INFO - Protocol separation: h2↔h5 (ICMP), h3↔h5 (TCP/UDP)
2025-09-12 17:26:43 - [BENIGN] - DEBUG - Generated ICMP traffic h2↔h5 0 [len=84B]
2025-09-12 17:26:44 - [BENIGN] - DEBUG - Generated TCP SYN from h3:62443 -> h5:12345 [len=54B]
2025-09-12 17:26:44 - [BENIGN] - DEBUG - Generated TCP SYN-ACK from h5:12345 <- h3:62443 [len=54B]
2025-09-12 17:26:45 - [BENIGN] - DEBUG - Generated TCP ACK from h3:62443 -> h5:12345 [len=54B]
2025-09-12 17:26:46 - [BENIGN] - DEBUG - Generated TCP data traffic from h3:62443 -> h5:12345 [content='TCP data'] [Session 1] [len=174B]
2025-09-12 17:26:46 - [BENIGN] - DEBUG - Generated TCP ACK reply from h5:12345 <- h3:62443 [len=54B]
2025-09-12 17:26:47 - [BENIGN] - DEBUG - Generated UDP traffic from h3:18028 -> h5:12346 [content='0d6b49102c59399257445fd392047665747b73e8...'] [Session 2] [len=147B]
2025-09-12 17:26:48 - [BENIGN] - DEBUG - Generated Telnet SYN from h3:24722 -> h5:23 [len=54B]
2025-09-12 17:26:48 - [BENIGN] - DEBUG - Generated Telnet SYN-ACK from h5:23 <- h3:24722 [len=54B]
2025-09-12 17:26:49 - [BENIGN] - DEBUG - Generated Telnet ACK from h3:24722 -> h5:23 [len=54B]
2025-09-12 17:26:50 - [BENIGN] - DEBUG - Generated Telnet data traffic from h3:24722 -> h5:23 [content='Telnet command'] [Session 3] [len=1474B]
2025-09-12 17:26:50 - [BENIGN] - DEBUG - Generated Telnet ACK reply from h5:23 <- h3:24722 [len=54B]
2025-09-12 17:26:51 - [BENIGN] - DEBUG - Generated SSH SYN from h3:9384 -> h5:22 [len=54B]
2025-09-12 17:26:51 - [BENIGN] - DEBUG - Generated SSH SYN-ACK from h5:22 <- h3:9384 [len=54B]
2025-09-12 17:26:52 - [BENIGN] - DEBUG - Generated SSH ACK from h3:9384 -> h5:22 [len=54B]
2025-09-12 17:26:53 - [BENIGN] - DEBUG - Generated SSH data traffic from h3:9384 -> h5:22 [content='SSH encrypted data'] [Session 4] [len=311B]
2025-09-12 17:26:53 - [BENIGN] - DEBUG - Generated SSH ACK reply from h5:22 <- h3:9384 [len=54B]
2025-09-12 17:26:54 - [BENIGN] - DEBUG - Generated FTP SYN from h3:1540 -> h5:21 [len=54B]
2025-09-12 17:26:55 - [BENIGN] - DEBUG - Generated FTP SYN-ACK from h5:21 <- h3:1540 [len=54B]
2025-09-12 17:26:55 - [BENIGN] - DEBUG - Generated FTP ACK from h3:1540 -> h5:21 [len=54B]
2025-09-12 17:26:56 - [BENIGN] - DEBUG - Generated FTP data traffic from h3:1540 -> h5:21 [content='FTP file transfer'] [Session 5] [len=284B]
2025-09-12 17:26:57 - [BENIGN] - DEBUG - Generated FTP ACK reply from h5:21 <- h3:1540 [len=54B]
2025-09-12 17:26:57 - [BENIGN] - DEBUG - Generated HTTP SYN from h3:44544 -> h5:80 [len=54B]
2025-09-12 17:26:58 - [BENIGN] - DEBUG - Generated HTTP SYN-ACK from h5:80 <- h3:44544 [len=54B]
2025-09-12 17:26:58 - [BENIGN] - DEBUG - Generated HTTP ACK from h3:44544 -> h5:80 [len=54B]
2025-09-12 17:26:59 - [BENIGN] - DEBUG - Generated HTTP data traffic from h3:44544 -> h5:80 [content='GET /index.html HTTP/1.1'] [Session 6] [len=575B]
2025-09-12 17:27:00 - [BENIGN] - DEBUG - Generated HTTP ACK reply from h5:80 <- h3:44544 [len=54B]
2025-09-12 17:27:00 - [BENIGN] - DEBUG - Generated HTTPS SYN from h3:61898 -> h5:443 [len=54B]
2025-09-12 17:27:01 - [BENIGN] - DEBUG - Generated HTTPS SYN-ACK from h5:443 <- h3:61898 [len=54B]
2025-09-12 17:27:02 - [BENIGN] - DEBUG - Generated HTTPS ACK from h3:61898 -> h5:443 [len=54B]
2025-09-12 17:27:02 - [BENIGN] - DEBUG - Generated HTTPS data traffic from h3:61898 -> h5:443 [content='Encrypted Application Data'] [Session 7] [len=445B]
2025-09-12 17:27:03 - [BENIGN] - DEBUG - Generated HTTPS ACK reply from h5:443 <- h3:61898 [len=54B]
2025-09-12 17:27:04 - [BENIGN] - DEBUG - Generated DNS query from h3:21361 -> h5:53 [qname='example.com'] [Session 8] [len=71B]
2025-09-12 17:27:04 - [BENIGN] - DEBUG - Generated ICMP traffic h2↔h5 1 [len=84B]
2025-09-12 17:27:04 - [BENIGN] - DEBUG - Generated TCP SYN from h3:65120 -> h5:12345 [len=54B]
2025-09-12 17:27:05 - [BENIGN] - DEBUG - Generated TCP SYN-ACK from h5:12345 <- h3:65120 [len=54B]
2025-09-12 17:27:06 - [BENIGN] - DEBUG - Generated TCP ACK from h3:65120 -> h5:12345 [len=54B]
2025-09-12 17:27:06 - [BENIGN] - DEBUG - Generated TCP data traffic from h3:65120 -> h5:12345 [content='TCP data'] [Session 9] [len=1216B]
2025-09-12 17:27:07 - [BENIGN] - DEBUG - Generated TCP ACK reply from h5:12345 <- h3:65120 [len=54B]
2025-09-12 17:27:08 - [BENIGN] - DEBUG - Generated UDP traffic from h3:42179 -> h5:12346 [content='6f46f82cb64e69dd38625eeaa6473f84bc838bc6...'] [Session 10] [len=525B]
2025-09-12 17:27:08 - [BENIGN] - DEBUG - Generated Telnet SYN from h3:39863 -> h5:23 [len=54B]
2025-09-12 17:27:09 - [BENIGN] - DEBUG - Generated Telnet SYN-ACK from h5:23 <- h3:39863 [len=54B]
2025-09-12 17:27:09 - [BENIGN] - DEBUG - Generated Telnet ACK from h3:39863 -> h5:23 [len=54B]
2025-09-12 17:27:10 - [BENIGN] - DEBUG - Generated Telnet data traffic from h3:39863 -> h5:23 [content='Telnet command'] [Session 11] [len=392B]
2025-09-12 17:27:11 - [BENIGN] - DEBUG - Generated Telnet ACK reply from h5:23 <- h3:39863 [len=54B]
2025-09-12 17:27:11 - [BENIGN] - DEBUG - Generated SSH SYN from h3:57434 -> h5:22 [len=54B]
2025-09-12 17:27:12 - [BENIGN] - DEBUG - Generated SSH SYN-ACK from h5:22 <- h3:57434 [len=54B]
2025-09-12 17:27:13 - [BENIGN] - DEBUG - Generated SSH ACK from h3:57434 -> h5:22 [len=54B]
2025-09-12 17:27:13 - [BENIGN] - DEBUG - Generated SSH data traffic from h3:57434 -> h5:22 [content='SSH encrypted data'] [Session 12] [len=1554B]
2025-09-12 17:27:14 - [BENIGN] - DEBUG - Generated SSH ACK reply from h5:22 <- h3:57434 [len=54B]
2025-09-12 17:27:14 - [BENIGN] - DEBUG - Generated FTP SYN from h3:63048 -> h5:21 [len=54B]
2025-09-12 17:27:15 - [BENIGN] - DEBUG - Generated FTP SYN-ACK from h5:21 <- h3:63048 [len=54B]
2025-09-12 17:27:16 - [BENIGN] - DEBUG - Generated FTP ACK from h3:63048 -> h5:21 [len=54B]
2025-09-12 17:27:16 - [BENIGN] - DEBUG - Generated FTP data traffic from h3:63048 -> h5:21 [content='FTP file transfer'] [Session 13] [len=834B]
2025-09-12 17:27:17 - [BENIGN] - DEBUG - Generated FTP ACK reply from h5:21 <- h3:63048 [len=54B]
2025-09-12 17:27:18 - [BENIGN] - DEBUG - Generated HTTP SYN from h3:28094 -> h5:80 [len=54B]
2025-09-12 17:27:18 - [BENIGN] - DEBUG - Generated HTTP SYN-ACK from h5:80 <- h3:28094 [len=54B]
2025-09-12 17:27:19 - [BENIGN] - DEBUG - Generated HTTP ACK from h3:28094 -> h5:80 [len=54B]
2025-09-12 17:27:20 - [BENIGN] - DEBUG - Generated HTTP data traffic from h3:28094 -> h5:80 [content='GET /index.html HTTP/1.1'] [Session 14] [len=362B]
2025-09-12 17:27:20 - [BENIGN] - DEBUG - Generated HTTP ACK reply from h5:80 <- h3:28094 [len=54B]
2025-09-12 17:27:21 - [BENIGN] - DEBUG - Generated HTTPS SYN from h3:24048 -> h5:443 [len=54B]
2025-09-12 17:27:21 - [BENIGN] - DEBUG - Generated HTTPS SYN-ACK from h5:443 <- h3:24048 [len=54B]
2025-09-12 17:27:22 - [BENIGN] - DEBUG - Generated HTTPS ACK from h3:24048 -> h5:443 [len=54B]
2025-09-12 17:27:23 - [BENIGN] - DEBUG - Generated HTTPS data traffic from h3:24048 -> h5:443 [content='Encrypted Application Data'] [Session 15] [len=309B]
2025-09-12 17:27:23 - [BENIGN] - DEBUG - Generated HTTPS ACK reply from h5:443 <- h3:24048 [len=54B]
2025-09-12 17:27:24 - [BENIGN] - DEBUG - Generated DNS query from h3:53608 -> h5:53 [qname='example.com'] [Session 16] [len=71B]
2025-09-12 17:27:24 - [BENIGN] - DEBUG - Generated ICMP traffic h2↔h5 2 [len=84B]
2025-09-12 17:27:25 - [BENIGN] - DEBUG - Generated TCP SYN from h3:50425 -> h5:12345 [len=54B]
2025-09-12 17:27:25 - [BENIGN] - DEBUG - Generated TCP SYN-ACK from h5:12345 <- h3:50425 [len=54B]
2025-09-12 17:27:26 - [BENIGN] - DEBUG - Generated TCP ACK from h3:50425 -> h5:12345 [len=54B]
2025-09-12 17:27:27 - [BENIGN] - DEBUG - Generated TCP data traffic from h3:50425 -> h5:12345 [content='TCP data'] [Session 17] [len=1150B]
2025-09-12 17:27:27 - [BENIGN] - DEBUG - Generated TCP ACK reply from h5:12345 <- h3:50425 [len=54B]
2025-09-12 17:27:28 - [BENIGN] - DEBUG - Generated UDP traffic from h3:26417 -> h5:12346 [content='0037b794f2946ccf538a62d4ec9cbdb32e50c0f7...'] [Session 18] [len=1424B]
2025-09-12 17:27:28 - [BENIGN] - DEBUG - Generated Telnet SYN from h3:2591 -> h5:23 [len=54B]
2025-09-12 17:27:29 - [BENIGN] - DEBUG - Generated Telnet SYN-ACK from h5:23 <- h3:2591 [len=54B]
2025-09-12 17:27:30 - [BENIGN] - DEBUG - Generated Telnet ACK from h3:2591 -> h5:23 [len=54B]
2025-09-12 17:27:30 - [BENIGN] - DEBUG - Generated Telnet data traffic from h3:2591 -> h5:23 [content='Telnet command'] [Session 19] [len=898B]
2025-09-12 17:27:31 - [BENIGN] - DEBUG - Generated Telnet ACK reply from h5:23 <- h3:2591 [len=54B]
2025-09-12 17:27:32 - [BENIGN] - DEBUG - Generated SSH SYN from h3:27574 -> h5:22 [len=54B]
2025-09-12 17:27:32 - [BENIGN] - DEBUG - Generated SSH SYN-ACK from h5:22 <- h3:27574 [len=54B]
2025-09-12 17:27:33 - [BENIGN] - DEBUG - Generated SSH ACK from h3:27574 -> h5:22 [len=54B]
2025-09-12 17:27:34 - [BENIGN] - DEBUG - Generated SSH data traffic from h3:27574 -> h5:22 [content='SSH encrypted data'] [Session 20] [len=1392B]
2025-09-12 17:27:34 - [BENIGN] - DEBUG - Generated SSH ACK reply from h5:22 <- h3:27574 [len=54B]
2025-09-12 17:27:35 - [BENIGN] - DEBUG - Generated FTP SYN from h3:52149 -> h5:21 [len=54B]
2025-09-12 17:27:35 - [BENIGN] - DEBUG - Generated FTP SYN-ACK from h5:21 <- h3:52149 [len=54B]
2025-09-12 17:27:36 - [BENIGN] - DEBUG - Generated FTP ACK from h3:52149 -> h5:21 [len=54B]
2025-09-12 17:27:37 - [BENIGN] - DEBUG - Generated FTP data traffic from h3:52149 -> h5:21 [content='FTP file transfer'] [Session 21] [len=713B]
2025-09-12 17:27:37 - [BENIGN] - DEBUG - Generated FTP ACK reply from h5:21 <- h3:52149 [len=54B]
2025-09-12 17:27:38 - [BENIGN] - DEBUG - Generated HTTP SYN from h3:49299 -> h5:80 [len=54B]
2025-09-12 17:27:39 - [BENIGN] - DEBUG - Generated HTTP SYN-ACK from h5:80 <- h3:49299 [len=54B]
2025-09-12 17:27:39 - [BENIGN] - DEBUG - Generated HTTP ACK from h3:49299 -> h5:80 [len=54B]
2025-09-12 17:27:40 - [BENIGN] - DEBUG - Generated HTTP data traffic from h3:49299 -> h5:80 [content='GET /index.html HTTP/1.1'] [Session 22] [len=288B]
2025-09-12 17:27:40 - [BENIGN] - DEBUG - Generated HTTP ACK reply from h5:80 <- h3:49299 [len=54B]
2025-09-12 17:27:41 - [BENIGN] - DEBUG - Generated HTTPS SYN from h3:64458 -> h5:443 [len=54B]
2025-09-12 17:27:42 - [BENIGN] - DEBUG - Generated HTTPS SYN-ACK from h5:443 <- h3:64458 [len=54B]
2025-09-12 17:27:42 - [BENIGN] - DEBUG - Generated HTTPS ACK from h3:64458 -> h5:443 [len=54B]
2025-09-12 17:27:43 - [BENIGN] - DEBUG - Generated HTTPS data traffic from h3:64458 -> h5:443 [content='Encrypted Application Data'] [Session 23] [len=685B]
2025-09-12 17:27:43 - [BENIGN] - DEBUG - Generated HTTPS ACK reply from h5:443 <- h3:64458 [len=54B]
2025-09-12 17:27:44 - [BENIGN] - DEBUG - Generated DNS query from h3:58063 -> h5:53 [qname='example.com'] [Session 24] [len=71B]
2025-09-12 17:27:44 - [BENIGN] - DEBUG - Generated ICMP traffic h2↔h5 3 [len=84B]
2025-09-12 17:27:45 - [BENIGN] - DEBUG - Generated TCP SYN from h3:47355 -> h5:12345 [len=54B]
2025-09-12 17:27:45 - [BENIGN] - DEBUG - Generated TCP SYN-ACK from h5:12345 <- h3:47355 [len=54B]
2025-09-12 17:27:46 - [BENIGN] - DEBUG - Generated TCP ACK from h3:47355 -> h5:12345 [len=54B]
2025-09-12 17:27:47 - [BENIGN] - DEBUG - Generated TCP data traffic from h3:47355 -> h5:12345 [content='TCP data'] [Session 25] [len=628B]
2025-09-12 17:27:47 - [BENIGN] - DEBUG - Generated TCP ACK reply from h5:12345 <- h3:47355 [len=54B]
2025-09-12 17:27:48 - [BENIGN] - DEBUG - Generated UDP traffic from h3:7773 -> h5:12346 [content='b1534c2f17630614741367c5216208155ae9f98b...'] [Session 26] [len=1184B]
2025-09-12 17:27:49 - [BENIGN] - DEBUG - Generated Telnet SYN from h3:48131 -> h5:23 [len=54B]
2025-09-12 17:27:49 - [BENIGN] - DEBUG - Generated Telnet SYN-ACK from h5:23 <- h3:48131 [len=54B]
2025-09-12 17:27:50 - [BENIGN] - DEBUG - Generated Telnet ACK from h3:48131 -> h5:23 [len=54B]
2025-09-12 17:27:51 - [BENIGN] - DEBUG - Generated Telnet data traffic from h3:48131 -> h5:23 [content='Telnet command'] [Session 27] [len=969B]
2025-09-12 17:27:51 - [BENIGN] - DEBUG - Generated Telnet ACK reply from h5:23 <- h3:48131 [len=54B]
2025-09-12 17:27:52 - [BENIGN] - DEBUG - Generated SSH SYN from h3:4411 -> h5:22 [len=54B]
2025-09-12 17:27:52 - [BENIGN] - DEBUG - Generated SSH SYN-ACK from h5:22 <- h3:4411 [len=54B]
2025-09-12 17:27:53 - [BENIGN] - DEBUG - Generated SSH ACK from h3:4411 -> h5:22 [len=54B]
2025-09-12 17:27:54 - [BENIGN] - DEBUG - Generated SSH data traffic from h3:4411 -> h5:22 [content='SSH encrypted data'] [Session 28] [len=641B]
2025-09-12 17:27:54 - [BENIGN] - DEBUG - Generated SSH ACK reply from h5:22 <- h3:4411 [len=54B]
2025-09-12 17:27:55 - [BENIGN] - DEBUG - Generated FTP SYN from h3:61026 -> h5:21 [len=54B]
2025-09-12 17:27:56 - [BENIGN] - DEBUG - Generated FTP SYN-ACK from h5:21 <- h3:61026 [len=54B]
2025-09-12 17:27:56 - [BENIGN] - DEBUG - Generated FTP ACK from h3:61026 -> h5:21 [len=54B]
2025-09-12 17:27:57 - [BENIGN] - DEBUG - Generated FTP data traffic from h3:61026 -> h5:21 [content='FTP file transfer'] [Session 29] [len=1049B]
2025-09-12 17:27:57 - [BENIGN] - DEBUG - Generated FTP ACK reply from h5:21 <- h3:61026 [len=54B]
2025-09-12 17:27:58 - [BENIGN] - DEBUG - Generated HTTP SYN from h3:27872 -> h5:80 [len=54B]
2025-09-12 17:27:59 - [BENIGN] - DEBUG - Generated HTTP SYN-ACK from h5:80 <- h3:27872 [len=54B]
2025-09-12 17:27:59 - [BENIGN] - DEBUG - Generated HTTP ACK from h3:27872 -> h5:80 [len=54B]
2025-09-12 17:28:00 - [BENIGN] - DEBUG - Generated HTTP data traffic from h3:27872 -> h5:80 [content='GET /index.html HTTP/1.1'] [Session 30] [len=431B]
2025-09-12 17:28:01 - [BENIGN] - DEBUG - Generated HTTP ACK reply from h5:80 <- h3:27872 [len=54B]
2025-09-12 17:28:01 - [BENIGN] - DEBUG - Generated HTTPS SYN from h3:32251 -> h5:443 [len=54B]
2025-09-12 17:28:02 - [BENIGN] - DEBUG - Generated HTTPS SYN-ACK from h5:443 <- h3:32251 [len=54B]
2025-09-12 17:28:02 - [BENIGN] - DEBUG - Generated HTTPS ACK from h3:32251 -> h5:443 [len=54B]
2025-09-12 17:28:03 - [BENIGN] - DEBUG - Generated HTTPS data traffic from h3:32251 -> h5:443 [content='Encrypted Application Data'] [Session 31] [len=354B]
2025-09-12 17:28:04 - [BENIGN] - DEBUG - Generated HTTPS ACK reply from h5:443 <- h3:32251 [len=54B]
2025-09-12 17:28:04 - [BENIGN] - DEBUG - Generated DNS query from h3:50249 -> h5:53 [qname='example.com'] [Session 32] [len=71B]
2025-09-12 17:28:04 - [BENIGN] - DEBUG - Generated ICMP traffic h2↔h5 4 [len=84B]
2025-09-12 17:28:05 - [BENIGN] - DEBUG - Generated TCP SYN from h3:3995 -> h5:12345 [len=54B]
2025-09-12 17:28:06 - [BENIGN] - DEBUG - Generated TCP SYN-ACK from h5:12345 <- h3:3995 [len=54B]
2025-09-12 17:28:06 - [BENIGN] - DEBUG - Generated TCP ACK from h3:3995 -> h5:12345 [len=54B]
2025-09-12 17:28:07 - [BENIGN] - DEBUG - Generated TCP data traffic from h3:3995 -> h5:12345 [content='TCP data'] [Session 33] [len=140B]
2025-09-12 17:28:08 - [BENIGN] - DEBUG - Generated TCP ACK reply from h5:12345 <- h3:3995 [len=54B]
2025-09-12 17:28:08 - [BENIGN] - DEBUG - Generated UDP traffic from h3:63566 -> h5:12346 [content='a009ef437eae4a13a19e1a550ee4d24a1aedd707...'] [Session 34] [len=1253B]
2025-09-12 17:28:09 - [BENIGN] - DEBUG - Generated Telnet SYN from h3:20770 -> h5:23 [len=54B]
2025-09-12 17:28:09 - [BENIGN] - DEBUG - Generated Telnet SYN-ACK from h5:23 <- h3:20770 [len=54B]
2025-09-12 17:28:10 - [BENIGN] - DEBUG - Generated Telnet ACK from h3:20770 -> h5:23 [len=54B]
2025-09-12 17:28:11 - [BENIGN] - DEBUG - Generated Telnet data traffic from h3:20770 -> h5:23 [content='Telnet command'] [Session 35] [len=1243B]
2025-09-12 17:28:11 - [BENIGN] - DEBUG - Generated Telnet ACK reply from h5:23 <- h3:20770 [len=54B]
2025-09-12 17:28:12 - [BENIGN] - DEBUG - Generated SSH SYN from h3:37731 -> h5:22 [len=54B]
2025-09-12 17:28:13 - [BENIGN] - DEBUG - Generated SSH SYN-ACK from h5:22 <- h3:37731 [len=54B]
2025-09-12 17:28:13 - [BENIGN] - DEBUG - Generated SSH ACK from h3:37731 -> h5:22 [len=54B]
2025-09-12 17:28:14 - [BENIGN] - DEBUG - Generated SSH data traffic from h3:37731 -> h5:22 [content='SSH encrypted data'] [Session 36] [len=521B]
2025-09-12 17:28:15 - [BENIGN] - DEBUG - Generated SSH ACK reply from h5:22 <- h3:37731 [len=54B]
2025-09-12 17:28:15 - [BENIGN] - DEBUG - Generated FTP SYN from h3:18698 -> h5:21 [len=54B]
2025-09-12 17:28:16 - [BENIGN] - DEBUG - Generated FTP SYN-ACK from h5:21 <- h3:18698 [len=54B]
2025-09-12 17:28:16 - [BENIGN] - DEBUG - Generated FTP ACK from h3:18698 -> h5:21 [len=54B]
2025-09-12 17:28:17 - [BENIGN] - DEBUG - Generated FTP data traffic from h3:18698 -> h5:21 [content='FTP file transfer'] [Session 37] [len=1420B]
2025-09-12 17:28:18 - [BENIGN] - DEBUG - Generated FTP ACK reply from h5:21 <- h3:18698 [len=54B]
2025-09-12 17:28:18 - [BENIGN] - DEBUG - Generated HTTP SYN from h3:20919 -> h5:80 [len=54B]
2025-09-12 17:28:19 - [BENIGN] - DEBUG - Generated HTTP SYN-ACK from h5:80 <- h3:20919 [len=54B]
2025-09-12 17:28:20 - [BENIGN] - DEBUG - Generated HTTP ACK from h3:20919 -> h5:80 [len=54B]
2025-09-12 17:28:20 - [BENIGN] - DEBUG - Generated HTTP data traffic from h3:20919 -> h5:80 [content='GET /index.html HTTP/1.1'] [Session 38] [len=639B]
2025-09-12 17:28:21 - [BENIGN] - DEBUG - Generated HTTP ACK reply from h5:80 <- h3:20919 [len=54B]
2025-09-12 17:28:22 - [BENIGN] - DEBUG - Generated HTTPS SYN from h3:18999 -> h5:443 [len=54B]
2025-09-12 17:28:22 - [BENIGN] - DEBUG - Generated HTTPS SYN-ACK from h5:443 <- h3:18999 [len=54B]
2025-09-12 17:28:23 - [BENIGN] - DEBUG - Generated HTTPS ACK from h3:18999 -> h5:443 [len=54B]
2025-09-12 17:28:24 - [BENIGN] - DEBUG - Generated HTTPS data traffic from h3:18999 -> h5:443 [content='Encrypted Application Data'] [Session 39] [len=283B]
2025-09-12 17:28:24 - [BENIGN] - DEBUG - Generated HTTPS ACK reply from h5:443 <- h3:18999 [len=54B]
2025-09-12 17:28:25 - [BENIGN] - DEBUG - Generated DNS query from h3:5742 -> h5:53 [qname='example.com'] [Session 40] [len=71B]
2025-09-12 17:28:25 - [BENIGN] - DEBUG - Generated ICMP traffic h2↔h5 5 [len=84B]
2025-09-12 17:28:26 - [BENIGN] - DEBUG - Generated TCP SYN from h3:18358 -> h5:12345 [len=54B]
2025-09-12 17:28:26 - [BENIGN] - DEBUG - Generated TCP SYN-ACK from h5:12345 <- h3:18358 [len=54B]
2025-09-12 17:28:27 - [BENIGN] - DEBUG - Generated TCP ACK from h3:18358 -> h5:12345 [len=54B]
2025-09-12 17:28:27 - [BENIGN] - DEBUG - Generated TCP data traffic from h3:18358 -> h5:12345 [content='TCP data'] [Session 41] [len=701B]
2025-09-12 17:28:28 - [BENIGN] - DEBUG - Generated TCP ACK reply from h5:12345 <- h3:18358 [len=54B]
2025-09-12 17:28:29 - [BENIGN] - DEBUG - Generated UDP traffic from h3:18931 -> h5:12346 [content='de14d5f7cdc11ced558740ccbee7e2f5c6944587...'] [Session 42] [len=1108B]
2025-09-12 17:28:29 - [BENIGN] - DEBUG - Generated Telnet SYN from h3:36387 -> h5:23 [len=54B]
2025-09-12 17:28:30 - [BENIGN] - DEBUG - Generated Telnet SYN-ACK from h5:23 <- h3:36387 [len=54B]
2025-09-12 17:28:31 - [BENIGN] - DEBUG - Generated Telnet ACK from h3:36387 -> h5:23 [len=54B]
2025-09-12 17:28:31 - [BENIGN] - DEBUG - Generated Telnet data traffic from h3:36387 -> h5:23 [content='Telnet command'] [Session 43] [len=1130B]
2025-09-12 17:28:32 - [BENIGN] - DEBUG - Generated Telnet ACK reply from h5:23 <- h3:36387 [len=54B]
2025-09-12 17:28:32 - [BENIGN] - DEBUG - Generated SSH SYN from h3:39684 -> h5:22 [len=54B]
2025-09-12 17:28:33 - [BENIGN] - DEBUG - Generated SSH SYN-ACK from h5:22 <- h3:39684 [len=54B]
2025-09-12 17:28:34 - [BENIGN] - DEBUG - Generated SSH ACK from h3:39684 -> h5:22 [len=54B]
2025-09-12 17:28:34 - [BENIGN] - DEBUG - Generated SSH data traffic from h3:39684 -> h5:22 [content='SSH encrypted data'] [Session 44] [len=412B]
2025-09-12 17:28:35 - [BENIGN] - DEBUG - Generated SSH ACK reply from h5:22 <- h3:39684 [len=54B]
2025-09-12 17:28:36 - [BENIGN] - DEBUG - Generated FTP SYN from h3:54099 -> h5:21 [len=54B]
2025-09-12 17:28:36 - [BENIGN] - DEBUG - Generated FTP SYN-ACK from h5:21 <- h3:54099 [len=54B]
2025-09-12 17:28:37 - [BENIGN] - DEBUG - Generated FTP ACK from h3:54099 -> h5:21 [len=54B]
2025-09-12 17:28:37 - [BENIGN] - DEBUG - Generated FTP data traffic from h3:54099 -> h5:21 [content='FTP file transfer'] [Session 45] [len=662B]
2025-09-12 17:28:38 - [BENIGN] - DEBUG - Generated FTP ACK reply from h5:21 <- h3:54099 [len=54B]
2025-09-12 17:28:39 - [BENIGN] - DEBUG - Generated HTTP SYN from h3:27191 -> h5:80 [len=54B]
2025-09-12 17:28:39 - [BENIGN] - DEBUG - Generated HTTP SYN-ACK from h5:80 <- h3:27191 [len=54B]
2025-09-12 17:28:40 - [BENIGN] - DEBUG - Generated HTTP ACK from h3:27191 -> h5:80 [len=54B]
2025-09-12 17:28:41 - [BENIGN] - DEBUG - Generated HTTP data traffic from h3:27191 -> h5:80 [content='GET /index.html HTTP/1.1'] [Session 46] [len=428B]
2025-09-12 17:28:41 - [BENIGN] - DEBUG - Generated HTTP ACK reply from h5:80 <- h3:27191 [len=54B]
2025-09-12 17:28:42 - [BENIGN] - DEBUG - Generated HTTPS SYN from h3:3854 -> h5:443 [len=54B]
2025-09-12 17:28:43 - [BENIGN] - DEBUG - Generated HTTPS SYN-ACK from h5:443 <- h3:3854 [len=54B]
2025-09-12 17:28:43 - [BENIGN] - DEBUG - Generated HTTPS ACK from h3:3854 -> h5:443 [len=54B]
2025-09-12 17:28:44 - [BENIGN] - DEBUG - Generated HTTPS data traffic from h3:3854 -> h5:443 [content='Encrypted Application Data'] [Session 47] [len=766B]
2025-09-12 17:28:44 - [BENIGN] - DEBUG - Generated HTTPS ACK reply from h5:443 <- h3:3854 [len=54B]
2025-09-12 17:28:45 - [BENIGN] - DEBUG - Generated DNS query from h3:4727 -> h5:53 [qname='example.com'] [Session 48] [len=71B]
2025-09-12 17:28:45 - [BENIGN] - DEBUG - Generated ICMP traffic h2↔h5 6 [len=84B]
2025-09-12 17:28:46 - [BENIGN] - DEBUG - Generated TCP SYN from h3:37892 -> h5:12345 [len=54B]
2025-09-12 17:28:46 - [BENIGN] - DEBUG - Generated TCP SYN-ACK from h5:12345 <- h3:37892 [len=54B]
2025-09-12 17:28:47 - [BENIGN] - DEBUG - Generated TCP ACK from h3:37892 -> h5:12345 [len=54B]
2025-09-12 17:28:48 - [BENIGN] - DEBUG - Generated TCP data traffic from h3:37892 -> h5:12345 [content='TCP data'] [Session 49] [len=1006B]
2025-09-12 17:28:48 - [BENIGN] - DEBUG - Generated TCP ACK reply from h5:12345 <- h3:37892 [len=54B]
2025-09-12 17:28:49 - [BENIGN] - DEBUG - Generated UDP traffic from h3:53706 -> h5:12346 [content='8872b06c61eefa38bbc1e31cecf779e88d964cde...'] [Session 50] [len=686B]
2025-09-12 17:28:50 - [BENIGN] - DEBUG - Generated Telnet SYN from h3:9815 -> h5:23 [len=54B]
2025-09-12 17:28:50 - [BENIGN] - DEBUG - Generated Telnet SYN-ACK from h5:23 <- h3:9815 [len=54B]
2025-09-12 17:28:51 - [BENIGN] - DEBUG - Generated Telnet ACK from h3:9815 -> h5:23 [len=54B]
2025-09-12 17:28:51 - [BENIGN] - DEBUG - Generated Telnet data traffic from h3:9815 -> h5:23 [content='Telnet command'] [Session 51] [len=1268B]
2025-09-12 17:28:52 - [BENIGN] - DEBUG - Generated Telnet ACK reply from h5:23 <- h3:9815 [len=54B]
2025-09-12 17:28:53 - [BENIGN] - DEBUG - Generated SSH SYN from h3:15173 -> h5:22 [len=54B]
2025-09-12 17:28:53 - [BENIGN] - DEBUG - Generated SSH SYN-ACK from h5:22 <- h3:15173 [len=54B]
2025-09-12 17:28:54 - [BENIGN] - DEBUG - Generated SSH ACK from h3:15173 -> h5:22 [len=54B]
2025-09-12 17:28:55 - [BENIGN] - DEBUG - Generated SSH data traffic from h3:15173 -> h5:22 [content='SSH encrypted data'] [Session 52] [len=283B]
2025-09-12 17:28:55 - [BENIGN] - DEBUG - Generated SSH ACK reply from h5:22 <- h3:15173 [len=54B]
2025-09-12 17:28:56 - [BENIGN] - DEBUG - Generated FTP SYN from h3:14845 -> h5:21 [len=54B]
2025-09-12 17:28:57 - [BENIGN] - DEBUG - Generated FTP SYN-ACK from h5:21 <- h3:14845 [len=54B]
2025-09-12 17:28:57 - [BENIGN] - DEBUG - Generated FTP ACK from h3:14845 -> h5:21 [len=54B]
2025-09-12 17:28:58 - [BENIGN] - DEBUG - Generated FTP data traffic from h3:14845 -> h5:21 [content='FTP file transfer'] [Session 53] [len=1524B]
2025-09-12 17:28:58 - [BENIGN] - DEBUG - Generated FTP ACK reply from h5:21 <- h3:14845 [len=54B]
2025-09-12 17:28:59 - [BENIGN] - DEBUG - Generated HTTP SYN from h3:39480 -> h5:80 [len=54B]
2025-09-12 17:29:00 - [BENIGN] - DEBUG - Generated HTTP SYN-ACK from h5:80 <- h3:39480 [len=54B]
2025-09-12 17:29:00 - [BENIGN] - DEBUG - Generated HTTP ACK from h3:39480 -> h5:80 [len=54B]
2025-09-12 17:29:01 - [BENIGN] - DEBUG - Generated HTTP data traffic from h3:39480 -> h5:80 [content='GET /index.html HTTP/1.1'] [Session 54] [len=646B]
2025-09-12 17:29:02 - [BENIGN] - DEBUG - Generated HTTP ACK reply from h5:80 <- h3:39480 [len=54B]
2025-09-12 17:29:02 - [BENIGN] - DEBUG - Generated HTTPS SYN from h3:65238 -> h5:443 [len=54B]
2025-09-12 17:29:03 - [BENIGN] - DEBUG - Generated HTTPS SYN-ACK from h5:443 <- h3:65238 [len=54B]
2025-09-12 17:29:03 - [BENIGN] - DEBUG - Generated HTTPS ACK from h3:65238 -> h5:443 [len=54B]
2025-09-12 17:29:04 - [BENIGN] - DEBUG - Generated HTTPS data traffic from h3:65238 -> h5:443 [content='Encrypted Application Data'] [Session 55] [len=574B]
2025-09-12 17:29:05 - [BENIGN] - DEBUG - Generated HTTPS ACK reply from h5:443 <- h3:65238 [len=54B]
2025-09-12 17:29:05 - [BENIGN] - DEBUG - Generated DNS query from h3:44029 -> h5:53 [qname='example.com'] [Session 56] [len=71B]
2025-09-12 17:29:05 - [BENIGN] - DEBUG - Generated ICMP traffic h2↔h5 7 [len=84B]
2025-09-12 17:29:06 - [BENIGN] - DEBUG - Generated TCP SYN from h3:55543 -> h5:12345 [len=54B]
2025-09-12 17:29:07 - [BENIGN] - DEBUG - Generated TCP SYN-ACK from h5:12345 <- h3:55543 [len=54B]
2025-09-12 17:29:07 - [BENIGN] - DEBUG - Generated TCP ACK from h3:55543 -> h5:12345 [len=54B]
2025-09-12 17:29:08 - [BENIGN] - DEBUG - Generated TCP data traffic from h3:55543 -> h5:12345 [content='TCP data'] [Session 57] [len=302B]
2025-09-12 17:29:09 - [BENIGN] - DEBUG - Generated TCP ACK reply from h5:12345 <- h3:55543 [len=54B]
2025-09-12 17:29:09 - [BENIGN] - DEBUG - Generated UDP traffic from h3:27325 -> h5:12346 [content='44767ce9fb77c8a369dc9d8a562287a900930985...'] [Session 58] [len=562B]
2025-09-12 17:29:10 - [BENIGN] - DEBUG - Generated Telnet SYN from h3:37756 -> h5:23 [len=54B]
2025-09-12 17:29:10 - [BENIGN] - DEBUG - Generated Telnet SYN-ACK from h5:23 <- h3:37756 [len=54B]
2025-09-12 17:29:11 - [BENIGN] - DEBUG - Generated Telnet ACK from h3:37756 -> h5:23 [len=54B]
2025-09-12 17:29:12 - [BENIGN] - DEBUG - Generated Telnet data traffic from h3:37756 -> h5:23 [content='Telnet command'] [Session 59] [len=1179B]
2025-09-12 17:29:12 - [BENIGN] - DEBUG - Generated Telnet ACK reply from h5:23 <- h3:37756 [len=54B]
2025-09-12 17:29:13 - [BENIGN] - DEBUG - Generated SSH SYN from h3:63606 -> h5:22 [len=54B]
2025-09-12 17:29:14 - [BENIGN] - DEBUG - Generated SSH SYN-ACK from h5:22 <- h3:63606 [len=54B]
2025-09-12 17:29:14 - [BENIGN] - DEBUG - Generated SSH ACK from h3:63606 -> h5:22 [len=54B]
2025-09-12 17:29:15 - [BENIGN] - DEBUG - Generated SSH data traffic from h3:63606 -> h5:22 [content='SSH encrypted data'] [Session 60] [len=291B]
2025-09-12 17:29:15 - [BENIGN] - DEBUG - Generated SSH ACK reply from h5:22 <- h3:63606 [len=54B]
2025-09-12 17:29:16 - [BENIGN] - DEBUG - Generated FTP SYN from h3:4024 -> h5:21 [len=54B]
2025-09-12 17:29:17 - [BENIGN] - DEBUG - Generated FTP SYN-ACK from h5:21 <- h3:4024 [len=54B]
2025-09-12 17:29:17 - [BENIGN] - DEBUG - Generated FTP ACK from h3:4024 -> h5:21 [len=54B]
2025-09-12 17:29:18 - [BENIGN] - DEBUG - Generated FTP data traffic from h3:4024 -> h5:21 [content='FTP file transfer'] [Session 61] [len=264B]
2025-09-12 17:29:19 - [BENIGN] - DEBUG - Generated FTP ACK reply from h5:21 <- h3:4024 [len=54B]
2025-09-12 17:29:19 - [BENIGN] - DEBUG - Generated HTTP SYN from h3:25765 -> h5:80 [len=54B]
2025-09-12 17:29:20 - [BENIGN] - DEBUG - Generated HTTP SYN-ACK from h5:80 <- h3:25765 [len=54B]
2025-09-12 17:29:21 - [BENIGN] - DEBUG - Generated HTTP ACK from h3:25765 -> h5:80 [len=54B]
2025-09-12 17:29:21 - [BENIGN] - DEBUG - Generated HTTP data traffic from h3:25765 -> h5:80 [content='GET /index.html HTTP/1.1'] [Session 62] [len=483B]
2025-09-12 17:29:22 - [BENIGN] - DEBUG - Generated HTTP ACK reply from h5:80 <- h3:25765 [len=54B]
2025-09-12 17:29:22 - [BENIGN] - DEBUG - Generated HTTPS SYN from h3:60976 -> h5:443 [len=54B]
2025-09-12 17:29:23 - [BENIGN] - DEBUG - Generated HTTPS SYN-ACK from h5:443 <- h3:60976 [len=54B]
2025-09-12 17:29:24 - [BENIGN] - DEBUG - Generated HTTPS ACK from h3:60976 -> h5:443 [len=54B]
2025-09-12 17:29:24 - [BENIGN] - DEBUG - Generated HTTPS data traffic from h3:60976 -> h5:443 [content='Encrypted Application Data'] [Session 63] [len=773B]
2025-09-12 17:29:25 - [BENIGN] - DEBUG - Generated HTTPS ACK reply from h5:443 <- h3:60976 [len=54B]
2025-09-12 17:29:26 - [BENIGN] - DEBUG - Generated DNS query from h3:32804 -> h5:53 [qname='example.com'] [Session 64] [len=71B]
2025-09-12 17:29:26 - [BENIGN] - DEBUG - Generated ICMP traffic h2↔h5 8 [len=84B]
2025-09-12 17:29:26 - [BENIGN] - DEBUG - Generated TCP SYN from h3:40452 -> h5:12345 [len=54B]
2025-09-12 17:29:27 - [BENIGN] - DEBUG - Generated TCP SYN-ACK from h5:12345 <- h3:40452 [len=54B]
2025-09-12 17:29:28 - [BENIGN] - DEBUG - Generated TCP ACK from h3:40452 -> h5:12345 [len=54B]
2025-09-12 17:29:28 - [BENIGN] - DEBUG - Generated TCP data traffic from h3:40452 -> h5:12345 [content='TCP data'] [Session 65] [len=949B]
2025-09-12 17:29:29 - [BENIGN] - DEBUG - Generated TCP ACK reply from h5:12345 <- h3:40452 [len=54B]
2025-09-12 17:29:30 - [BENIGN] - DEBUG - Generated UDP traffic from h3:35447 -> h5:12346 [content='c1258cedc66e155a82b284d9eabcc240b7d00e19...'] [Session 66] [len=630B]
2025-09-12 17:29:30 - [BENIGN] - DEBUG - Generated Telnet SYN from h3:33573 -> h5:23 [len=54B]
2025-09-12 17:29:31 - [BENIGN] - DEBUG - Generated Telnet SYN-ACK from h5:23 <- h3:33573 [len=54B]
2025-09-12 17:29:31 - [BENIGN] - DEBUG - Generated Telnet ACK from h3:33573 -> h5:23 [len=54B]
2025-09-12 17:29:32 - [BENIGN] - DEBUG - Generated Telnet data traffic from h3:33573 -> h5:23 [content='Telnet command'] [Session 67] [len=714B]
2025-09-12 17:29:33 - [BENIGN] - DEBUG - Generated Telnet ACK reply from h5:23 <- h3:33573 [len=54B]
2025-09-12 17:29:33 - [BENIGN] - DEBUG - Generated SSH SYN from h3:61553 -> h5:22 [len=54B]
2025-09-12 17:29:34 - [BENIGN] - DEBUG - Generated SSH SYN-ACK from h5:22 <- h3:61553 [len=54B]
2025-09-12 17:29:35 - [BENIGN] - DEBUG - Generated SSH ACK from h3:61553 -> h5:22 [len=54B]
2025-09-12 17:29:35 - [BENIGN] - DEBUG - Generated SSH data traffic from h3:61553 -> h5:22 [content='SSH encrypted data'] [Session 68] [len=504B]
2025-09-12 17:29:36 - [BENIGN] - DEBUG - Generated SSH ACK reply from h5:22 <- h3:61553 [len=54B]
2025-09-12 17:29:36 - [BENIGN] - DEBUG - Generated FTP SYN from h3:59027 -> h5:21 [len=54B]
2025-09-12 17:29:37 - [BENIGN] - DEBUG - Generated FTP SYN-ACK from h5:21 <- h3:59027 [len=54B]
2025-09-12 17:29:38 - [BENIGN] - DEBUG - Generated FTP ACK from h3:59027 -> h5:21 [len=54B]
2025-09-12 17:29:38 - [BENIGN] - DEBUG - Generated FTP data traffic from h3:59027 -> h5:21 [content='FTP file transfer'] [Session 69] [len=853B]
2025-09-12 17:29:39 - [BENIGN] - DEBUG - Generated FTP ACK reply from h5:21 <- h3:59027 [len=54B]
2025-09-12 17:29:40 - [BENIGN] - DEBUG - Generated HTTP SYN from h3:23230 -> h5:80 [len=54B]
2025-09-12 17:29:40 - [BENIGN] - DEBUG - Generated HTTP SYN-ACK from h5:80 <- h3:23230 [len=54B]
2025-09-12 17:29:41 - [BENIGN] - DEBUG - Generated HTTP ACK from h3:23230 -> h5:80 [len=54B]
2025-09-12 17:29:41 - [BENIGN] - DEBUG - Generated HTTP data traffic from h3:23230 -> h5:80 [content='GET /index.html HTTP/1.1'] [Session 70] [len=320B]
2025-09-12 17:29:42 - [BENIGN] - DEBUG - Generated HTTP ACK reply from h5:80 <- h3:23230 [len=54B]
2025-09-12 17:29:43 - [BENIGN] - DEBUG - Generated HTTPS SYN from h3:46454 -> h5:443 [len=54B]
2025-09-12 17:29:43 - [BENIGN] - DEBUG - Generated HTTPS SYN-ACK from h5:443 <- h3:46454 [len=54B]
2025-09-12 17:29:44 - [BENIGN] - DEBUG - Generated HTTPS ACK from h3:46454 -> h5:443 [len=54B]
2025-09-12 17:29:45 - [BENIGN] - DEBUG - Generated HTTPS data traffic from h3:46454 -> h5:443 [content='Encrypted Application Data'] [Session 71] [len=421B]
2025-09-12 17:29:45 - [BENIGN] - DEBUG - Generated HTTPS ACK reply from h5:443 <- h3:46454 [len=54B]
2025-09-12 17:29:46 - [BENIGN] - DEBUG - Generated DNS query from h3:44345 -> h5:53 [qname='example.com'] [Session 72] [len=71B]
2025-09-12 17:29:46 - [BENIGN] - DEBUG - Generated ICMP traffic h2↔h5 9 [len=84B]
2025-09-12 17:29:47 - [BENIGN] - DEBUG - Generated TCP SYN from h3:37993 -> h5:12345 [len=54B]
2025-09-12 17:29:47 - [BENIGN] - DEBUG - Generated TCP SYN-ACK from h5:12345 <- h3:37993 [len=54B]
2025-09-12 17:29:48 - [BENIGN] - DEBUG - Generated TCP ACK from h3:37993 -> h5:12345 [len=54B]
2025-09-12 17:29:49 - [BENIGN] - DEBUG - Generated TCP data traffic from h3:37993 -> h5:12345 [content='TCP data'] [Session 73] [len=932B]
2025-09-12 17:29:49 - [BENIGN] - DEBUG - Generated TCP ACK reply from h5:12345 <- h3:37993 [len=54B]
2025-09-12 17:29:50 - [BENIGN] - DEBUG - Generated UDP traffic from h3:42022 -> h5:12346 [content='9d35c7ca60ac8428d5e535efc01948d73e9ae40d...'] [Session 74] [len=1076B]
2025-09-12 17:29:50 - [BENIGN] - DEBUG - Generated Telnet SYN from h3:21668 -> h5:23 [len=54B]
2025-09-12 17:29:51 - [BENIGN] - DEBUG - Generated Telnet SYN-ACK from h5:23 <- h3:21668 [len=54B]
2025-09-12 17:29:52 - [BENIGN] - DEBUG - Generated Telnet ACK from h3:21668 -> h5:23 [len=54B]
2025-09-12 17:29:52 - [BENIGN] - DEBUG - Generated Telnet data traffic from h3:21668 -> h5:23 [content='Telnet command'] [Session 75] [len=216B]
2025-09-12 17:29:53 - [BENIGN] - DEBUG - Generated Telnet ACK reply from h5:23 <- h3:21668 [len=54B]
2025-09-12 17:29:53 - [BENIGN] - DEBUG - Generated SSH SYN from h3:29261 -> h5:22 [len=54B]
2025-09-12 17:29:54 - [BENIGN] - DEBUG - Generated SSH SYN-ACK from h5:22 <- h3:29261 [len=54B]
2025-09-12 17:29:55 - [BENIGN] - DEBUG - Generated SSH ACK from h3:29261 -> h5:22 [len=54B]
2025-09-12 17:29:55 - [BENIGN] - DEBUG - Generated SSH data traffic from h3:29261 -> h5:22 [content='SSH encrypted data'] [Session 76] [len=1364B]
2025-09-12 17:29:56 - [BENIGN] - DEBUG - Generated SSH ACK reply from h5:22 <- h3:29261 [len=54B]
2025-09-12 17:29:57 - [BENIGN] - DEBUG - Generated FTP SYN from h3:32740 -> h5:21 [len=54B]
2025-09-12 17:29:57 - [BENIGN] - DEBUG - Generated FTP SYN-ACK from h5:21 <- h3:32740 [len=54B]
2025-09-12 17:29:58 - [BENIGN] - DEBUG - Generated FTP ACK from h3:32740 -> h5:21 [len=54B]
2025-09-12 17:29:59 - [BENIGN] - DEBUG - Generated FTP data traffic from h3:32740 -> h5:21 [content='FTP file transfer'] [Session 77] [len=151B]
2025-09-12 17:29:59 - [BENIGN] - DEBUG - Generated FTP ACK reply from h5:21 <- h3:32740 [len=54B]
2025-09-12 17:30:00 - [BENIGN] - DEBUG - Generated HTTP SYN from h3:36409 -> h5:80 [len=54B]
2025-09-12 17:30:01 - [BENIGN] - DEBUG - Generated HTTP SYN-ACK from h5:80 <- h3:36409 [len=54B]
2025-09-12 17:30:01 - [BENIGN] - DEBUG - Generated HTTP ACK from h3:36409 -> h5:80 [len=54B]
2025-09-12 17:30:02 - [BENIGN] - DEBUG - Generated HTTP data traffic from h3:36409 -> h5:80 [content='GET /index.html HTTP/1.1'] [Session 78] [len=300B]
2025-09-12 17:30:02 - [BENIGN] - DEBUG - Generated HTTP ACK reply from h5:80 <- h3:36409 [len=54B]
2025-09-12 17:30:03 - [BENIGN] - DEBUG - Generated HTTPS SYN from h3:54517 -> h5:443 [len=54B]
2025-09-12 17:30:04 - [BENIGN] - DEBUG - Generated HTTPS SYN-ACK from h5:443 <- h3:54517 [len=54B]
2025-09-12 17:30:04 - [BENIGN] - DEBUG - Generated HTTPS ACK from h3:54517 -> h5:443 [len=54B]
2025-09-12 17:30:05 - [BENIGN] - DEBUG - Generated HTTPS data traffic from h3:54517 -> h5:443 [content='Encrypted Application Data'] [Session 79] [len=227B]
2025-09-12 17:30:06 - [BENIGN] - DEBUG - Generated HTTPS ACK reply from h5:443 <- h3:54517 [len=54B]
2025-09-12 17:30:06 - [BENIGN] - DEBUG - Generated DNS query from h3:13323 -> h5:53 [qname='example.com'] [Session 80] [len=71B]
2025-09-12 17:30:06 - [BENIGN] - INFO - Benign traffic finished.
2025-09-12 17:30:06 - [BENIGN] - INFO - Summary: 80 protocol sessions with protocol separation:
2025-09-12 17:30:06 - [BENIGN] - INFO -   - h2↔h5: ICMP ping traffic
2025-09-12 17:30:06 - [BENIGN] - INFO -   - h3↔h5: TCP/UDP traffic [TCP, UDP, Telnet, SSH, FTP, HTTP, HTTPS, DNS]
2025-09-12 17:30:06 - [BENIGN] - INFO - Total packets sent: 340
