2025-07-19 20:14:24 - [MAIN] - INFO - 🚀 TIER 1 ZERO-INSTALLATION ENHANCEMENTS ACTIVE
2025-07-19 20:14:24 - [MAIN] - INFO - 📈 Target Sophistication Level: ~57.5%
2025-07-19 20:14:24 - [MAIN] - INFO - 🔧 Built-in Dependencies Only (statistics, math, hashlib, collections, calendar, base64)
2025-07-19 20:14:24 - [MAIN] - INFO - ⚡ CPU Affinity Optimization ENABLED
2025-07-19 20:14:24,053 - __main__ - INFO - 🔧 CPU Core Allocation:
2025-07-19 20:14:24,053 - __main__ - INFO -   System: Cores 0
2025-07-19 20:14:24,053 - __main__ - INFO -   Ryu: Cores 1
2025-07-19 20:14:24,053 - __main__ - INFO -   Mininet: Cores 2,3,4
2025-07-19 20:14:24,053 - __main__ - INFO -   Attacks: Cores 5,6,7,8,9,10
2025-07-19 20:14:24,053 - __main__ - INFO -   Background: Cores 11
2025-07-19 20:14:24,053 - __main__ - INFO -   Pcap: Cores 0-15 (all cores, post-simulation)
2025-07-19 20:14:24 - [MAIN] - INFO - Cleaning up any previous Mininet instances...
2025-07-19 20:14:25 - [MAIN] - INFO - Mininet cleanup complete.
2025-07-19 20:14:25,417 - __main__ - INFO - Verifying required tools...
2025-07-19 20:14:25,637 - __main__ - INFO - TShark version: Running as user "root" and group "root". This could be dangerous.
2025-07-19 20:14:25,644 - __main__ - INFO - ✅ taskset CPU affinity tool is available
2025-07-19 20:14:25,644 - __main__ - INFO - All required tools are available.
2025-07-19 20:14:25 - [MAIN] - INFO - Using configuration file: /home/user/Desktop/dataset_generation/config.json
2025-07-19 20:14:25,645 - __main__ - INFO - Starting Ryu SDN controller with CPU affinity...
2025-07-19 20:14:25,645 - __main__ - INFO - 🚀 Starting ryu on cores [1]: ryu-manager /home/user/Desktop/dataset_generation/src/controller/ryu_controller_app.py
2025-07-19 20:14:25,649 - __main__ - INFO - ✅ Started ryu with PID 2481 on cores [1]
2025-07-19 20:14:25,650 - __main__ - INFO - Ryu controller started with PID: 2481. See main_output/190725-2/ryu.log for logs.
2025-07-19 20:14:25,650 - __main__ - INFO - Checking for controller on port 6653 (timeout: 30s)...
2025-07-19 20:14:26,666 - __main__ - INFO - Controller is up and listening.
2025-07-19 20:14:26 - [MAIN] - INFO - Testing /hello endpoint...
2025-07-19 20:14:26 - [MAIN] - INFO - Test /hello endpoint: PASSED
2025-07-19 20:14:26,673 - __main__ - INFO - Setting up Mininet topology...
2025-07-19 20:14:26,916 - __main__ - INFO - Mininet version: 
2025-07-19 20:14:26,924 - __main__ - INFO - Connecting to remote controller at 127.0.0.1:6653
2025-07-19 20:14:29,207 - __main__ - INFO - Mininet network started successfully.
2025-07-19 20:14:29,207 - __main__ - INFO - Running Mininet pingall test...
2025-07-19 20:14:34,295 - __main__ - INFO - Mininet pingall test completed successfully. Packet loss: 0.0%
2025-07-19 20:14:34,295 - __main__ - INFO - Starting enhanced traffic generation scenario with CPU affinity optimization...
2025-07-19 20:14:34,295 - __main__ - INFO - ✅ Set current process affinity to cores [5, 6, 7, 8, 9, 10] for attacks
2025-07-19 20:14:34,295 - __main__ - INFO - ✅ Set CPU affinity for attack generation processes
2025-07-19 20:14:34,295 - __main__ - INFO - Phase 1: Initialization (5s)...
2025-07-19 20:14:39,302 - __main__ - INFO - Starting flow statistics collection for 6050 seconds...
2025-07-19 20:14:39,303 - __main__ - INFO - Flow statistics collection started in background.
2025-07-19 20:14:39,305 - __main__ - INFO - Phase 2: Normal Traffic (900s)...
2025-07-19 20:14:39,305 - __main__ - INFO - Timeline updated: normal phase started at 1752927279.3052602
2025-07-19 20:29:48,774 - __main__ - INFO - Stopping packet capture (PID: 2745)...
2025-07-19 20:29:48,850 - __main__ - INFO - Packet capture stopped.
2025-07-19 20:29:48,850 - __main__ - INFO - Phase 3.1: Enhanced Traditional DDoS Attacks...
2025-07-19 20:29:48,850 - __main__ - INFO - Timeline updated: syn_flood phase started at 1752928188.8507507
2025-07-19 20:31:08,487 - __main__ - INFO - Stopping packet capture (PID: 8639)...
2025-07-19 20:31:08,541 - __main__ - INFO - Packet capture stopped.
2025-07-19 20:31:08,541 - __main__ - INFO - Timeline updated: udp_flood phase started at 1752928268.5415695
2025-07-19 20:32:31,133 - __main__ - INFO - Stopping packet capture (PID: 8646)...
2025-07-19 20:32:31,229 - __main__ - INFO - Packet capture stopped.
2025-07-19 20:32:31,229 - __main__ - INFO - Timeline updated: icmp_flood phase started at 1752928351.2297177
2025-07-19 20:33:50,820 - __main__ - INFO - Stopping packet capture (PID: 8662)...
2025-07-19 20:33:50,909 - __main__ - INFO - Packet capture stopped.
2025-07-19 20:33:50,909 - __main__ - INFO - Phase 3.2: ENHANCED Adversarial DDoS Attacks...
2025-07-19 20:33:50,909 - __main__ - INFO - Timeline updated: ad_syn phase started at 1752928430.909624
2025-07-19 21:03:58,118 - __main__ - INFO - Stopping packet capture (PID: 8670)...
2025-07-19 21:03:58,204 - __main__ - INFO - Packet capture stopped.
2025-07-19 21:03:58,204 - __main__ - INFO - Timeline updated: ad_udp phase started at 1752930238.2041848
2025-07-19 21:24:06,903 - __main__ - INFO - Stopping packet capture (PID: 8748)...
2025-07-19 21:24:07,003 - __main__ - INFO - Packet capture stopped.
2025-07-19 21:24:07,004 - __main__ - INFO - Timeline updated: ad_slow phase started at 1752931447.00408
2025-07-19 21:24:13,043 - __main__ - INFO - Proceeding with ENHANCED adversarial slow attack
2025-07-19 21:24:13,043 - __main__ - INFO - Attack traffic will be captured via h6_slow_read.pcap and ad_slow.pcap
2025-07-19 21:54:13,419 - __main__ - INFO - Stopping packet capture (PID: 8808)...
2025-07-19 21:54:13,516 - __main__ - INFO - Packet capture stopped.
2025-07-19 21:54:13,517 - __main__ - INFO - Stopping packet capture (PID: 8807)...
2025-07-19 21:54:13,673 - __main__ - INFO - Packet capture stopped.
2025-07-19 21:54:13,674 - __main__ - INFO - Analyzing main_output/190725-2/h6_slow_read.pcap for TCP issues...
2025-07-19 21:54:13,674 - __main__ - INFO - TCP Analysis on h6 PCAP: RST Count = 0, Retransmission Count = 0
2025-07-19 21:54:13,675 - __main__ - WARNING - Inter-Packet Arrival Time analysis failed for h6 PCAP: Not enough packets
2025-07-19 21:54:13,675 - __main__ - INFO - Phase 4: Cooldown (5s)...
2025-07-19 21:54:13,675 - __main__ - INFO - Timeline updated: normal phase started at 1752933253.6753235
2025-07-19 21:54:18,691 - __main__ - INFO - Signaling flow collection thread to stop...
2025-07-19 21:54:18,691 - __main__ - INFO - Waiting for flow collection thread to finish...
2025-07-19 21:54:18,826 - __main__ - INFO - Flow collection received stop signal, ending gracefully.
2025-07-19 21:54:18,826 - __main__ - INFO - Flow timeline collection completed.
2025-07-19 21:54:21,084 - __main__ - INFO - Flow statistics saved to main_output/190725-2/flow_features.csv
2025-07-19 21:54:21,174 - __main__ - INFO - Flow collection thread finished successfully
2025-07-19 21:54:21,174 - __main__ - INFO - ============================================================
2025-07-19 21:54:21,175 - __main__ - INFO - ENHANCED COMPREHENSIVE TIMING SUMMARY
2025-07-19 21:54:21,175 - __main__ - INFO - ============================================================
2025-07-19 21:54:21,175 - __main__ - INFO - Configuration File: /home/user/Desktop/dataset_generation/config.json
2025-07-19 21:54:21,175 - __main__ - INFO - 
2025-07-19 21:54:21,175 - __main__ - INFO - Total Scenario Runtime: 5986.88 seconds (99.78 minutes)
2025-07-19 21:54:21,175 - __main__ - INFO - 
2025-07-19 21:54:21,175 - __main__ - INFO - Phase-by-Phase Breakdown:
2025-07-19 21:54:21,175 - __main__ - INFO -   Enhanced Traditional Attacks:
2025-07-19 21:54:21,175 - __main__ - INFO -     Enhanced Syn Flood: 79.69s (configured: 75s)
2025-07-19 21:54:21,175 - __main__ - INFO -     Enhanced Udp Flood: 82.69s (configured: 75s)
2025-07-19 21:54:21,175 - __main__ - INFO -     Enhanced Icmp Flood: 79.68s (configured: 75s)
2025-07-19 21:54:21,175 - __main__ - INFO -   ENHANCED Adversarial Attacks:
2025-07-19 21:54:21,175 - __main__ - INFO -     ENHANCED TCP State Exhaustion: 1807.29s (configured: 1800s)
2025-07-19 21:54:21,175 - __main__ - INFO -     ENHANCED Application Layer: 1208.80s (configured: 1200s)
2025-07-19 21:54:21,175 - __main__ - INFO -     ENHANCED Slow Read: 1806.67s (configured: 1800s)
2025-07-19 21:54:21,176 - __main__ - INFO -   Initialization: 5.01s (configured: 5s)
2025-07-19 21:54:21,176 - __main__ - INFO -   Normal_Traffic: 909.55s (configured: 900s)
2025-07-19 21:54:21,176 - __main__ - INFO -   Cooldown: 5.02s (configured: 5s)
2025-07-19 21:54:21,176 - __main__ - INFO - ============================================================
2025-07-19 21:54:21,176 - __main__ - INFO - ENHANCED traffic generation scenario finished with ~57.5% sophistication level.
2025-07-19 21:54:21 - [MAIN] - INFO - Enhanced PCAP generation complete.
2025-07-19 21:54:21 - [MAIN] - INFO - Processing 8 PCAP files using 4 CPU cores...
2025-07-19 21:54:21,176 - __main__ - INFO - Starting parallel PCAP processing with 4 workers...
2025-07-19 21:54:21,176 - __main__ - INFO - ✅ Set current process affinity to cores [0, 1, 2, 3, 4, 5, 6, 7, 8, 9, 10, 11, 12, 13, 14, 15] for pcap
2025-07-19 21:54:21,176 - __main__ - INFO - ✅ Set CPU affinity for PCAP processing (all cores)
2025-07-19 21:54:26,187 - __main__ - INFO - ✓ Completed processing normal.pcap (6084 records)
2025-07-19 21:54:26,187 - __main__ - INFO - ✓ Completed processing syn_flood.pcap (1361 records)
2025-07-19 21:54:26,187 - __main__ - INFO - ✓ Completed processing udp_flood.pcap (858 records)
2025-07-19 21:54:26,188 - __main__ - INFO - ✓ Completed processing icmp_flood.pcap (664 records)
2025-07-19 21:54:26,188 - __main__ - INFO - ✓ Completed processing ad_syn.pcap (1633 records)
2025-07-19 21:54:26,188 - __main__ - INFO - ✓ Completed processing ad_udp.pcap (1111 records)
2025-07-19 21:54:26,188 - __main__ - INFO - ✓ Completed processing ad_slow.pcap (1353 records)
2025-07-19 21:54:26,188 - __main__ - INFO - ✓ Completed processing h6_slow_read.pcap (0 records)
2025-07-19 21:54:26,201 - __main__ - INFO - Parallel PCAP processing completed. Processed 8 files successfully.
2025-07-19 21:54:26 - [MAIN] - INFO - Parallel PCAP processing completed in 5.03 seconds (0.08 minutes)
2025-07-19 21:54:26 - [MAIN] - INFO - Enhanced combined labeled CSV generated at: main_output/190725-2/packet_features.csv
2025-07-19 21:54:26 - [MAIN] - INFO - Enhanced final combined CSV created successfully.
2025-07-19 21:54:26 - [MAIN] - INFO - 
--- Enhanced Packet Feature Counts by Class ---
2025-07-19 21:54:26 - [MAIN] - INFO -   normal: 6084 packets
2025-07-19 21:54:26 - [MAIN] - INFO -   ad_syn: 1633 packets
2025-07-19 21:54:26 - [MAIN] - INFO -   syn_flood: 1361 packets
2025-07-19 21:54:26 - [MAIN] - INFO -   ad_slow: 1353 packets
2025-07-19 21:54:26 - [MAIN] - INFO -   ad_udp: 1111 packets
2025-07-19 21:54:26 - [MAIN] - INFO -   udp_flood: 858 packets
2025-07-19 21:54:26 - [MAIN] - INFO -   icmp_flood: 664 packets
2025-07-19 21:54:26 - [MAIN] - INFO - Enhanced flow-level dataset generated at: main_output/190725-2/flow_features.csv
2025-07-19 21:54:26 - [MAIN] - INFO - 
--- Enhanced Flow Feature Counts by Class ---
2025-07-19 21:54:26 - [MAIN] - INFO -   ad_slow: 55490 flows
2025-07-19 21:54:26 - [MAIN] - INFO -   ad_syn: 55490 flows
2025-07-19 21:54:26 - [MAIN] - INFO -   ad_udp: 37169 flows
2025-07-19 21:54:26 - [MAIN] - INFO -   normal: 28179 flows
2025-07-19 21:54:26 - [MAIN] - INFO -   udp_flood: 2542 flows
2025-07-19 21:54:26 - [MAIN] - INFO -   icmp_flood: 2480 flows
2025-07-19 21:54:26 - [MAIN] - INFO -   syn_flood: 2449 flows
2025-07-19 21:54:26 - [MAIN] - INFO - Generating enhanced dataset summary...
2025-07-19 21:54:26 - [MAIN] - INFO - Dataset generation summary displayed above
2025-07-19 21:54:26 - [MAIN] - INFO - Running enhanced timeline analysis...
2025-07-19 21:54:26 - [MAIN] - INFO - Starting timeline analysis...
2025-07-19 21:54:27 - [MAIN] - INFO - Timeline Analysis Results:
2025-07-19 21:54:27 - [MAIN] - INFO -   Total attack types: 7
2025-07-19 21:54:27 - [MAIN] - INFO -   Good alignment: 6
2025-07-19 21:54:27 - [MAIN] - INFO -   Overall score: 85.7%
2025-07-19 21:54:27 - [MAIN] - INFO -   Status: 👍 GOOD: Timeline alignment is acceptable with minor issues.
2025-07-19 21:54:27 - [MAIN] - WARNING - Poor alignment: normal
2025-07-19 21:54:27 - [MAIN] - INFO - ================================================================================
2025-07-19 21:54:27 - [MAIN] - INFO - ENHANCED FINAL EXECUTION SUMMARY
2025-07-19 21:54:27 - [MAIN] - INFO - ================================================================================
2025-07-19 21:54:27 - [MAIN] - INFO - 🚀 Enhanced Framework Version: v2.0
2025-07-19 21:54:27 - [MAIN] - INFO - 📊 Sophistication Level Achieved: ~57.5%
2025-07-19 21:54:27 - [MAIN] - INFO - 🔧 Enhancement Type: Tier 1 Zero-Installation
2025-07-19 21:54:27 - [MAIN] - INFO - ⚡ CPU Affinity Optimization: ENABLED
2025-07-19 21:54:27 - [MAIN] - INFO - 🖥️  Total Cores Utilized: 16
2025-07-19 21:54:27 - [MAIN] - INFO - ⏱️  Total Execution Time: 6003.14 seconds (100.05 minutes | 1.67 hours)
2025-07-19 21:54:27 - [MAIN] - INFO - 📅 Enhanced Dataset Generation Complete: 2025-07-19 21:54:27
2025-07-19 21:54:27 - [MAIN] - INFO - 📈 Timeline Alignment Score: 85.7%
2025-07-19 21:54:27 - [MAIN] - INFO - ✅ Timeline Quality: GOOD
2025-07-19 21:54:27 - [MAIN] - INFO - ================================================================================
2025-07-19 21:54:27 - [MAIN] - INFO - 🎉 ENHANCED ADVERSARIAL DDOS DATASET GENERATION COMPLETED
2025-07-19 21:54:27 - [MAIN] - INFO - 📋 Enhancements Applied:
2025-07-19 21:54:27 - [MAIN] - INFO -    • Statistical Feature Manipulation (Basic ML Evasion)
2025-07-19 21:54:27 - [MAIN] - INFO -    • TCP State Machine Simulation (Advanced Protocol Exploitation)
2025-07-19 21:54:27 - [MAIN] - INFO -    • Behavioral Pattern Generator (Enhanced Behavioral Mimicry)
2025-07-19 21:54:27 - [MAIN] - INFO -    • Traffic Fingerprint Evasion (Traffic Camouflage Enhancement)
2025-07-19 21:54:27 - [MAIN] - INFO -    • CPU Core Affinity Optimization (Performance Enhancement)
2025-07-19 21:54:27 - [MAIN] - INFO - ================================================================================
2025-07-19 21:54:27,193 - __main__ - INFO - Cleaning up resources...
2025-07-19 21:54:27,194 - __main__ - INFO - Terminating Ryu controller (PID: 2481)...
2025-07-19 21:54:27,197 - __main__ - INFO - Cleaning up Mininet environment...
2025-07-19 21:54:28,831 - __main__ - INFO - Cleanup complete.
