2025-09-13 15:19:54,725 - attack_logger - INFO - Attack: Enhanced SYN Flood (88s) | h1 -> h6
2025-09-13 15:19:57,239 - attack_logger - INFO - [syn_flood] [Run ID: ac49db18-fc1d-457a-82d4-f54a9217d526] Starting Enhanced SYN Flood from h1 to 192.168.30.10 for 88 seconds.
2025-09-13 15:19:57,239 - attack_logger - INFO - [syn_flood] [Run ID: ac49db18-fc1d-457a-82d4-f54a9217d526] Attack Phase: Enhanced Traditional SYN Flood - Attacker: h1, Target: 192.168.30.10:80, Duration: 88s
2025-09-13 15:19:57,239 - attack_logger - INFO - [syn_flood] [Run ID: ac49db18-fc1d-457a-82d4-f54a9217d526] Enhanced Features: Human-like timing, protocol compliance, network delay simulation
2025-09-13 15:19:57,239 - attack_logger - INFO - [syn_flood] [Run ID: ac49db18-fc1d-457a-82d4-f54a9217d526] Session pattern: 4 phases, Circadian factor: 0.95, Workday factor: 0.57
2025-09-13 15:19:57,239 - attack_logger - DEBUG - [syn_flood] [Run ID: ac49db18-fc1d-457a-82d4-f54a9217d526] Starting enhanced SYN packet generation with human-like timing
2025-09-13 15:19:57,239 - attack_logger - INFO - [syn_flood] [Run ID: ac49db18-fc1d-457a-82d4-f54a9217d526] Stress phase: 26s, Advanced phase: 62s
2025-09-13 15:20:23,852 - attack_logger - INFO - [syn_flood] [Run ID: ac49db18-fc1d-457a-82d4-f54a9217d526] Stress phase completed
2025-09-13 15:20:23,863 - attack_logger - INFO - [syn_flood] [Run ID: ac49db18-fc1d-457a-82d4-f54a9217d526] Enhanced SYN flood process started (PID: 14470)
2025-09-13 15:20:35,926 - attack_logger - INFO - [syn_flood] [Run ID: ac49db18-fc1d-457a-82d4-f54a9217d526] Attack progress: 12.1s elapsed, ~124 packets sent, Rate: 10.3 pps, Phase: active (intensity: 0.75)
2025-09-13 15:20:35,926 - attack_logger - DEBUG - [syn_flood] [Run ID: ac49db18-fc1d-457a-82d4-f54a9217d526] Process stats - CPU: 0.0%, Memory: 60.4MB
2025-09-13 15:20:35,926 - attack_logger - DEBUG - [syn_flood] [Run ID: ac49db18-fc1d-457a-82d4-f54a9217d526] Timing factors - Circadian: 0.95, Workday: 0.57, Adjusted rate: 10.3 pps
2025-09-13 15:20:47,984 - attack_logger - INFO - [syn_flood] [Run ID: ac49db18-fc1d-457a-82d4-f54a9217d526] Attack progress: 24.1s elapsed, ~220 packets sent, Rate: 9.1 pps, Phase: active (intensity: 0.75)
2025-09-13 15:20:47,984 - attack_logger - DEBUG - [syn_flood] [Run ID: ac49db18-fc1d-457a-82d4-f54a9217d526] Process stats - CPU: 0.0%, Memory: 60.4MB
2025-09-13 15:20:47,984 - attack_logger - DEBUG - [syn_flood] [Run ID: ac49db18-fc1d-457a-82d4-f54a9217d526] Timing factors - Circadian: 0.95, Workday: 0.57, Adjusted rate: 9.1 pps
2025-09-13 15:20:56,114 - attack_logger - DEBUG - [syn_flood] [Run ID: ac49db18-fc1d-457a-82d4-f54a9217d526] Entering active phase (intensity: 0.95)
2025-09-13 15:21:00,041 - attack_logger - INFO - [syn_flood] [Run ID: ac49db18-fc1d-457a-82d4-f54a9217d526] Attack progress: 36.2s elapsed, ~554 packets sent, Rate: 15.3 pps, Phase: active (intensity: 0.95)
2025-09-13 15:21:00,041 - attack_logger - DEBUG - [syn_flood] [Run ID: ac49db18-fc1d-457a-82d4-f54a9217d526] Process stats - CPU: 0.0%, Memory: 60.4MB
2025-09-13 15:21:00,041 - attack_logger - DEBUG - [syn_flood] [Run ID: ac49db18-fc1d-457a-82d4-f54a9217d526] Timing factors - Circadian: 0.95, Workday: 0.57, Adjusted rate: 15.3 pps
2025-09-13 15:21:12,098 - attack_logger - INFO - [syn_flood] [Run ID: ac49db18-fc1d-457a-82d4-f54a9217d526] Attack progress: 48.2s elapsed, ~719 packets sent, Rate: 14.9 pps, Phase: active (intensity: 0.95)
2025-09-13 15:21:12,098 - attack_logger - DEBUG - [syn_flood] [Run ID: ac49db18-fc1d-457a-82d4-f54a9217d526] Process stats - CPU: 0.0%, Memory: 60.4MB
2025-09-13 15:21:12,098 - attack_logger - DEBUG - [syn_flood] [Run ID: ac49db18-fc1d-457a-82d4-f54a9217d526] Timing factors - Circadian: 0.95, Workday: 0.57, Adjusted rate: 14.9 pps
2025-09-13 15:21:24,192 - attack_logger - INFO - [syn_flood] [Run ID: ac49db18-fc1d-457a-82d4-f54a9217d526] Attack progress: 60.3s elapsed, ~868 packets sent, Rate: 14.4 pps, Phase: active (intensity: 0.95)
2025-09-13 15:21:24,192 - attack_logger - DEBUG - [syn_flood] [Run ID: ac49db18-fc1d-457a-82d4-f54a9217d526] Process stats - CPU: 0.0%, Memory: 60.4MB
2025-09-13 15:21:24,192 - attack_logger - DEBUG - [syn_flood] [Run ID: ac49db18-fc1d-457a-82d4-f54a9217d526] Timing factors - Circadian: 0.95, Workday: 0.57, Adjusted rate: 14.4 pps
2025-09-13 15:21:25,947 - attack_logger - DEBUG - [syn_flood] [Run ID: ac49db18-fc1d-457a-82d4-f54a9217d526] Sent SIGINT to SYN flood process 14470
2025-09-13 15:21:26,452 - attack_logger - INFO - [syn_flood] [Run ID: ac49db18-fc1d-457a-82d4-f54a9217d526] Enhanced SYN Flood from h1 to 192.168.30.10 finished.
2025-09-13 15:21:26,452 - attack_logger - INFO - [syn_flood] [Run ID: ac49db18-fc1d-457a-82d4-f54a9217d526] Attack completed. Total packets sent = 679, Average rate = 10.93 packets/sec.
2025-09-13 15:21:26,452 - attack_logger - INFO - [syn_flood] [Run ID: ac49db18-fc1d-457a-82d4-f54a9217d526] --- Enhanced Attack Summary ---
2025-09-13 15:21:26,452 - attack_logger - INFO - [syn_flood] [Run ID: ac49db18-fc1d-457a-82d4-f54a9217d526] Total packets sent: 679
2025-09-13 15:21:26,452 - attack_logger - INFO - [syn_flood] [Run ID: ac49db18-fc1d-457a-82d4-f54a9217d526] Actual duration: 62.09s
2025-09-13 15:21:26,452 - attack_logger - INFO - [syn_flood] [Run ID: ac49db18-fc1d-457a-82d4-f54a9217d526] Average rate: 10.93 packets/sec
2025-09-13 15:21:26,452 - attack_logger - INFO - [syn_flood] [Run ID: ac49db18-fc1d-457a-82d4-f54a9217d526] Base rate: 20.2 pps
2025-09-13 15:21:26,452 - attack_logger - INFO - [syn_flood] [Run ID: ac49db18-fc1d-457a-82d4-f54a9217d526] Circadian factor: 0.95
2025-09-13 15:21:26,452 - attack_logger - INFO - [syn_flood] [Run ID: ac49db18-fc1d-457a-82d4-f54a9217d526] Workday factor: 0.57
2025-09-13 15:21:26,452 - attack_logger - INFO - [syn_flood] [Run ID: ac49db18-fc1d-457a-82d4-f54a9217d526] Session phases: 4
2025-09-13 15:21:26,452 - attack_logger - INFO - [syn_flood] [Run ID: ac49db18-fc1d-457a-82d4-f54a9217d526] Target port: 80
2025-09-13 15:21:26,452 - attack_logger - INFO - [syn_flood] [Run ID: ac49db18-fc1d-457a-82d4-f54a9217d526] Attack method: Enhanced SYN Flood with Human-like Timing
2025-09-13 15:21:26,452 - attack_logger - INFO - [syn_flood] [Run ID: ac49db18-fc1d-457a-82d4-f54a9217d526] Enhancement features: Human timing patterns, protocol compliance, network delay simulation
2025-09-13 15:21:26,452 - attack_logger - INFO - [syn_flood] [Run ID: ac49db18-fc1d-457a-82d4-f54a9217d526] TCP options: MSS, WScale, Timestamp, SAckOK
2025-09-13 15:21:26,452 - attack_logger - INFO - [syn_flood] [Run ID: ac49db18-fc1d-457a-82d4-f54a9217d526] ----------------------------------------
2025-09-13 15:21:26,528 - attack_logger - INFO - Attack: Enhanced SYN Flood completed.
2025-09-13 15:21:26,528 - attack_logger - INFO - Attack: Enhanced UDP Flood (176s) | h1 -> h6
2025-09-13 15:21:29,044 - attack_logger - INFO - [udp_flood] [Run ID: c0a341ae-6a16-441d-93fd-af443b26b210] Starting Enhanced UDP Flood from h1 to 192.168.30.10 for 176 seconds.
2025-09-13 15:21:29,045 - attack_logger - INFO - [udp_flood] [Run ID: c0a341ae-6a16-441d-93fd-af443b26b210] Attack Phase: Enhanced Traditional UDP Flood - Attacker: h1, Target: 192.168.30.10:53, Duration: 176s
2025-09-13 15:21:29,045 - attack_logger - INFO - [udp_flood] [Run ID: c0a341ae-6a16-441d-93fd-af443b26b210] Enhanced Features: Human-like timing, protocol compliance, network delay simulation
2025-09-13 15:21:29,045 - attack_logger - INFO - [udp_flood] [Run ID: c0a341ae-6a16-441d-93fd-af443b26b210] Stress phase: 52s, Advanced phase: 124s
2025-09-13 15:22:21,619 - attack_logger - INFO - [udp_flood] [Run ID: c0a341ae-6a16-441d-93fd-af443b26b210] Stress phase completed
2025-09-13 15:22:21,620 - attack_logger - INFO - [udp_flood] [Run ID: c0a341ae-6a16-441d-93fd-af443b26b210] Session pattern: 4 phases, Circadian factor: 0.95, Workday factor: 0.57
2025-09-13 15:22:21,620 - attack_logger - DEBUG - [udp_flood] [Run ID: c0a341ae-6a16-441d-93fd-af443b26b210] Starting enhanced UDP packet generation with human-like timing
2025-09-13 15:22:21,627 - attack_logger - INFO - [udp_flood] [Run ID: c0a341ae-6a16-441d-93fd-af443b26b210] Enhanced UDP flood process started (PID: 14490)
2025-09-13 15:22:45,677 - attack_logger - INFO - [udp_flood] [Run ID: c0a341ae-6a16-441d-93fd-af443b26b210] Attack progress: 24.1s elapsed, ~282 packets sent, Rate: 11.7 pps, Phase: active (intensity: 0.87)
2025-09-13 15:22:45,677 - attack_logger - DEBUG - [udp_flood] [Run ID: c0a341ae-6a16-441d-93fd-af443b26b210] Process stats - CPU: 0.0%, Memory: 60.4MB
2025-09-13 15:22:45,677 - attack_logger - DEBUG - [udp_flood] [Run ID: c0a341ae-6a16-441d-93fd-af443b26b210] Timing factors - Circadian: 0.95, Workday: 0.57, Adjusted rate: 11.7 pps
2025-09-13 15:22:58,514 - attack_logger - DEBUG - [udp_flood] [Run ID: c0a341ae-6a16-441d-93fd-af443b26b210] Entering break phase (intensity: 0.11)
2025-09-13 15:23:03,813 - attack_logger - DEBUG - [udp_flood] [Run ID: c0a341ae-6a16-441d-93fd-af443b26b210] Entering active phase (intensity: 0.84)
2025-09-13 15:23:09,734 - attack_logger - INFO - [udp_flood] [Run ID: c0a341ae-6a16-441d-93fd-af443b26b210] Attack progress: 48.1s elapsed, ~440 packets sent, Rate: 9.1 pps, Phase: active (intensity: 0.84)
2025-09-13 15:23:09,734 - attack_logger - DEBUG - [udp_flood] [Run ID: c0a341ae-6a16-441d-93fd-af443b26b210] Process stats - CPU: 0.0%, Memory: 60.4MB
2025-09-13 15:23:09,734 - attack_logger - DEBUG - [udp_flood] [Run ID: c0a341ae-6a16-441d-93fd-af443b26b210] Timing factors - Circadian: 0.95, Workday: 0.57, Adjusted rate: 9.2 pps
2025-09-13 15:23:33,770 - attack_logger - INFO - [udp_flood] [Run ID: c0a341ae-6a16-441d-93fd-af443b26b210] Attack progress: 72.1s elapsed, ~676 packets sent, Rate: 9.4 pps, Phase: active (intensity: 0.84)
2025-09-13 15:23:33,770 - attack_logger - DEBUG - [udp_flood] [Run ID: c0a341ae-6a16-441d-93fd-af443b26b210] Process stats - CPU: 0.0%, Memory: 60.4MB
2025-09-13 15:23:33,770 - attack_logger - DEBUG - [udp_flood] [Run ID: c0a341ae-6a16-441d-93fd-af443b26b210] Timing factors - Circadian: 0.95, Workday: 0.57, Adjusted rate: 9.4 pps
2025-09-13 15:23:57,845 - attack_logger - INFO - [udp_flood] [Run ID: c0a341ae-6a16-441d-93fd-af443b26b210] Attack progress: 96.2s elapsed, ~881 packets sent, Rate: 9.2 pps, Phase: active (intensity: 0.84)
2025-09-13 15:23:57,845 - attack_logger - DEBUG - [udp_flood] [Run ID: c0a341ae-6a16-441d-93fd-af443b26b210] Process stats - CPU: 0.0%, Memory: 60.4MB
2025-09-13 15:23:57,845 - attack_logger - DEBUG - [udp_flood] [Run ID: c0a341ae-6a16-441d-93fd-af443b26b210] Timing factors - Circadian: 0.95, Workday: 0.57, Adjusted rate: 9.2 pps
2025-09-13 15:24:21,908 - attack_logger - INFO - [udp_flood] [Run ID: c0a341ae-6a16-441d-93fd-af443b26b210] Attack progress: 120.3s elapsed, ~1574 packets sent, Rate: 13.1 pps, Phase: active (intensity: 0.84)
2025-09-13 15:24:21,908 - attack_logger - DEBUG - [udp_flood] [Run ID: c0a341ae-6a16-441d-93fd-af443b26b210] Process stats - CPU: 0.0%, Memory: 60.4MB
2025-09-13 15:24:21,908 - attack_logger - DEBUG - [udp_flood] [Run ID: c0a341ae-6a16-441d-93fd-af443b26b210] Timing factors - Circadian: 0.95, Workday: 0.57, Adjusted rate: 13.1 pps
2025-09-13 15:24:25,696 - attack_logger - DEBUG - [udp_flood] [Run ID: c0a341ae-6a16-441d-93fd-af443b26b210] Sent SIGINT to UDP flood process 14490
2025-09-13 15:24:26,198 - attack_logger - INFO - [udp_flood] [Run ID: c0a341ae-6a16-441d-93fd-af443b26b210] Enhanced UDP Flood from h1 to 192.168.30.10 finished.
2025-09-13 15:24:26,198 - attack_logger - INFO - [udp_flood] [Run ID: c0a341ae-6a16-441d-93fd-af443b26b210] Attack completed. Total packets sent = 1521, Average rate = 12.26 packets/sec.
2025-09-13 15:24:26,198 - attack_logger - INFO - [udp_flood] [Run ID: c0a341ae-6a16-441d-93fd-af443b26b210] --- Enhanced Attack Summary ---
2025-09-13 15:24:26,198 - attack_logger - INFO - [udp_flood] [Run ID: c0a341ae-6a16-441d-93fd-af443b26b210] Total packets sent: 1521
2025-09-13 15:24:26,198 - attack_logger - INFO - [udp_flood] [Run ID: c0a341ae-6a16-441d-93fd-af443b26b210] Actual duration: 124.08s
2025-09-13 15:24:26,198 - attack_logger - INFO - [udp_flood] [Run ID: c0a341ae-6a16-441d-93fd-af443b26b210] Average rate: 12.26 packets/sec
2025-09-13 15:24:26,198 - attack_logger - INFO - [udp_flood] [Run ID: c0a341ae-6a16-441d-93fd-af443b26b210] Base rate: 22.6 pps
2025-09-13 15:24:26,198 - attack_logger - INFO - [udp_flood] [Run ID: c0a341ae-6a16-441d-93fd-af443b26b210] Circadian factor: 0.95
2025-09-13 15:24:26,198 - attack_logger - INFO - [udp_flood] [Run ID: c0a341ae-6a16-441d-93fd-af443b26b210] Workday factor: 0.57
2025-09-13 15:24:26,198 - attack_logger - INFO - [udp_flood] [Run ID: c0a341ae-6a16-441d-93fd-af443b26b210] Session phases: 4
2025-09-13 15:24:26,198 - attack_logger - INFO - [udp_flood] [Run ID: c0a341ae-6a16-441d-93fd-af443b26b210] Target port: 53 (DNS)
2025-09-13 15:24:26,198 - attack_logger - INFO - [udp_flood] [Run ID: c0a341ae-6a16-441d-93fd-af443b26b210] Attack method: Enhanced UDP Flood with Human-like Timing
2025-09-13 15:24:26,198 - attack_logger - INFO - [udp_flood] [Run ID: c0a341ae-6a16-441d-93fd-af443b26b210] Enhancement features: Human timing patterns, protocol compliance, network delay simulation
2025-09-13 15:24:26,198 - attack_logger - INFO - [udp_flood] [Run ID: c0a341ae-6a16-441d-93fd-af443b26b210] DNS payloads: Realistic query patterns with varied domains
2025-09-13 15:24:26,198 - attack_logger - INFO - [udp_flood] [Run ID: c0a341ae-6a16-441d-93fd-af443b26b210] ----------------------------------------
2025-09-13 15:24:26,284 - attack_logger - INFO - Attack: Enhanced UDP Flood completed.
2025-09-13 15:24:26,285 - attack_logger - INFO - Attack: Enhanced ICMP Flood (88s) | h1 -> h4
2025-09-13 15:24:28,805 - attack_logger - INFO - [icmp_flood] [Run ID: 8ae65ce6-d81d-4d72-8d5e-8395b2c96f21] Starting Enhanced ICMP Flood with RFC 1918 IP Rotation from h1 to 192.168.20.12 for 88 seconds.
2025-09-13 15:24:28,805 - attack_logger - INFO - [icmp_flood] [Run ID: 8ae65ce6-d81d-4d72-8d5e-8395b2c96f21] Attack Phase: Enhanced Traditional ICMP Flood - Attacker: h1, Target: 192.168.20.12, Duration: 88s
2025-09-13 15:24:28,805 - attack_logger - INFO - [icmp_flood] [Run ID: 8ae65ce6-d81d-4d72-8d5e-8395b2c96f21] Enhanced Features: RFC 1918 IP rotation, human-like timing, protocol compliance, network delay simulation
2025-09-13 15:24:28,805 - attack_logger - INFO - [icmp_flood] [Run ID: 8ae65ce6-d81d-4d72-8d5e-8395b2c96f21] IP Pool Size: 50 source IPs from RFC 1918 ranges (10.0.0.0/8, 172.16.0.0/12, 192.168.0.0/16)
2025-09-13 15:24:28,805 - attack_logger - INFO - [icmp_flood] [Run ID: 8ae65ce6-d81d-4d72-8d5e-8395b2c96f21] Stress phase total: 26s (host: 13s, gateway: 13s), Advanced phase: 62s
2025-09-13 15:24:42,391 - attack_logger - INFO - [icmp_flood] [Run ID: 8ae65ce6-d81d-4d72-8d5e-8395b2c96f21] Host stress sub-phase completed
2025-09-13 15:24:56,001 - attack_logger - INFO - [icmp_flood] [Run ID: 8ae65ce6-d81d-4d72-8d5e-8395b2c96f21] Gateway stress sub-phase completed
2025-09-13 15:24:56,001 - attack_logger - INFO - [icmp_flood] [Run ID: 8ae65ce6-d81d-4d72-8d5e-8395b2c96f21] Session pattern: 2 phases, Circadian factor: 0.95, Workday factor: 0.57
2025-09-13 15:24:56,001 - attack_logger - DEBUG - [icmp_flood] [Run ID: 8ae65ce6-d81d-4d72-8d5e-8395b2c96f21] Starting enhanced ICMP packet generation with IP rotation and human-like timing
2025-09-13 15:24:56,009 - attack_logger - INFO - [icmp_flood] [Run ID: 8ae65ce6-d81d-4d72-8d5e-8395b2c96f21] Enhanced ICMP flood with IP rotation process started (PID: 14511)
2025-09-13 15:25:08,123 - attack_logger - INFO - [icmp_flood] [Run ID: 8ae65ce6-d81d-4d72-8d5e-8395b2c96f21] Attack progress: 12.1s elapsed, ~150 packets sent, Rate: 12.4 pps, IP rotations: ~10, Phase: active (intensity: 0.89)
2025-09-13 15:25:08,123 - attack_logger - DEBUG - [icmp_flood] [Run ID: 8ae65ce6-d81d-4d72-8d5e-8395b2c96f21] Process stats - CPU: 0.0%, Memory: 60.2MB
2025-09-13 15:25:08,123 - attack_logger - DEBUG - [icmp_flood] [Run ID: 8ae65ce6-d81d-4d72-8d5e-8395b2c96f21] Timing factors - Circadian: 0.95, Workday: 0.57, Adjusted rate: 12.5 pps
2025-09-13 15:25:20,162 - attack_logger - INFO - [icmp_flood] [Run ID: 8ae65ce6-d81d-4d72-8d5e-8395b2c96f21] Attack progress: 24.2s elapsed, ~325 packets sent, Rate: 13.5 pps, IP rotations: ~21, Phase: active (intensity: 0.89)
2025-09-13 15:25:20,162 - attack_logger - DEBUG - [icmp_flood] [Run ID: 8ae65ce6-d81d-4d72-8d5e-8395b2c96f21] Process stats - CPU: 0.0%, Memory: 60.2MB
2025-09-13 15:25:20,162 - attack_logger - DEBUG - [icmp_flood] [Run ID: 8ae65ce6-d81d-4d72-8d5e-8395b2c96f21] Timing factors - Circadian: 0.95, Workday: 0.57, Adjusted rate: 13.5 pps
2025-09-13 15:25:32,257 - attack_logger - INFO - [icmp_flood] [Run ID: 8ae65ce6-d81d-4d72-8d5e-8395b2c96f21] Attack progress: 36.3s elapsed, ~493 packets sent, Rate: 13.6 pps, IP rotations: ~32, Phase: active (intensity: 0.89)
2025-09-13 15:25:32,257 - attack_logger - DEBUG - [icmp_flood] [Run ID: 8ae65ce6-d81d-4d72-8d5e-8395b2c96f21] Process stats - CPU: 0.0%, Memory: 60.2MB
2025-09-13 15:25:32,257 - attack_logger - DEBUG - [icmp_flood] [Run ID: 8ae65ce6-d81d-4d72-8d5e-8395b2c96f21] Timing factors - Circadian: 0.95, Workday: 0.57, Adjusted rate: 13.6 pps
2025-09-13 15:25:39,381 - attack_logger - DEBUG - [icmp_flood] [Run ID: 8ae65ce6-d81d-4d72-8d5e-8395b2c96f21] Entering active phase (intensity: 0.79)
2025-09-13 15:25:44,373 - attack_logger - INFO - [icmp_flood] [Run ID: 8ae65ce6-d81d-4d72-8d5e-8395b2c96f21] Attack progress: 48.4s elapsed, ~506 packets sent, Rate: 10.5 pps, IP rotations: ~33, Phase: active (intensity: 0.79)
2025-09-13 15:25:44,373 - attack_logger - DEBUG - [icmp_flood] [Run ID: 8ae65ce6-d81d-4d72-8d5e-8395b2c96f21] Process stats - CPU: 0.0%, Memory: 60.4MB
2025-09-13 15:25:44,373 - attack_logger - DEBUG - [icmp_flood] [Run ID: 8ae65ce6-d81d-4d72-8d5e-8395b2c96f21] Timing factors - Circadian: 0.95, Workday: 0.57, Adjusted rate: 10.5 pps
2025-09-13 15:25:56,427 - attack_logger - INFO - [icmp_flood] [Run ID: 8ae65ce6-d81d-4d72-8d5e-8395b2c96f21] Attack progress: 60.4s elapsed, ~577 packets sent, Rate: 9.5 pps, IP rotations: ~38, Phase: active (intensity: 0.79)
2025-09-13 15:25:56,428 - attack_logger - DEBUG - [icmp_flood] [Run ID: 8ae65ce6-d81d-4d72-8d5e-8395b2c96f21] Process stats - CPU: 0.0%, Memory: 60.4MB
2025-09-13 15:25:56,428 - attack_logger - DEBUG - [icmp_flood] [Run ID: 8ae65ce6-d81d-4d72-8d5e-8395b2c96f21] Timing factors - Circadian: 0.95, Workday: 0.57, Adjusted rate: 9.6 pps
2025-09-13 15:25:58,032 - attack_logger - DEBUG - [icmp_flood] [Run ID: 8ae65ce6-d81d-4d72-8d5e-8395b2c96f21] Sent SIGINT to ICMP flood process 14511
2025-09-13 15:25:58,536 - attack_logger - INFO - [icmp_flood] [Run ID: 8ae65ce6-d81d-4d72-8d5e-8395b2c96f21] Enhanced ICMP Flood with RFC 1918 IP Rotation from h1 to 192.168.20.12 finished.
2025-09-13 15:25:58,537 - attack_logger - INFO - [icmp_flood] [Run ID: 8ae65ce6-d81d-4d72-8d5e-8395b2c96f21] Attack completed. Total packets sent = 769, Average rate = 12.40 packets/sec.
2025-09-13 15:25:58,537 - attack_logger - INFO - [icmp_flood] [Run ID: 8ae65ce6-d81d-4d72-8d5e-8395b2c96f21] --- Enhanced Attack Summary ---
2025-09-13 15:25:58,537 - attack_logger - INFO - [icmp_flood] [Run ID: 8ae65ce6-d81d-4d72-8d5e-8395b2c96f21] Total packets sent: 769
2025-09-13 15:25:58,537 - attack_logger - INFO - [icmp_flood] [Run ID: 8ae65ce6-d81d-4d72-8d5e-8395b2c96f21] Total IP rotations: ~51
2025-09-13 15:25:58,537 - attack_logger - INFO - [icmp_flood] [Run ID: 8ae65ce6-d81d-4d72-8d5e-8395b2c96f21] RFC 1918 IP pool size: 50
2025-09-13 15:25:58,537 - attack_logger - INFO - [icmp_flood] [Run ID: 8ae65ce6-d81d-4d72-8d5e-8395b2c96f21] IP ranges used: 10.0.0.0/8, 172.16.0.0/12, 192.168.0.0/16
2025-09-13 15:25:58,537 - attack_logger - INFO - [icmp_flood] [Run ID: 8ae65ce6-d81d-4d72-8d5e-8395b2c96f21] Actual duration: 62.03s
2025-09-13 15:25:58,537 - attack_logger - INFO - [icmp_flood] [Run ID: 8ae65ce6-d81d-4d72-8d5e-8395b2c96f21] Average rate: 12.40 packets/sec
2025-09-13 15:25:58,537 - attack_logger - INFO - [icmp_flood] [Run ID: 8ae65ce6-d81d-4d72-8d5e-8395b2c96f21] Base rate: 22.9 pps
2025-09-13 15:25:58,537 - attack_logger - INFO - [icmp_flood] [Run ID: 8ae65ce6-d81d-4d72-8d5e-8395b2c96f21] Circadian factor: 0.95
2025-09-13 15:25:58,537 - attack_logger - INFO - [icmp_flood] [Run ID: 8ae65ce6-d81d-4d72-8d5e-8395b2c96f21] Workday factor: 0.57
2025-09-13 15:25:58,537 - attack_logger - INFO - [icmp_flood] [Run ID: 8ae65ce6-d81d-4d72-8d5e-8395b2c96f21] Session phases: 2
2025-09-13 15:25:58,537 - attack_logger - INFO - [icmp_flood] [Run ID: 8ae65ce6-d81d-4d72-8d5e-8395b2c96f21] ICMP type: Echo Request (8) with ID/Seq variations
2025-09-13 15:25:58,537 - attack_logger - INFO - [icmp_flood] [Run ID: 8ae65ce6-d81d-4d72-8d5e-8395b2c96f21] Attack method: Enhanced ICMP Flood with RFC 1918 IP Rotation
2025-09-13 15:25:58,537 - attack_logger - INFO - [icmp_flood] [Run ID: 8ae65ce6-d81d-4d72-8d5e-8395b2c96f21] Enhancement features: RFC 1918 IP rotation, human timing patterns, protocol compliance, network delay simulation
2025-09-13 15:25:58,537 - attack_logger - INFO - [icmp_flood] [Run ID: 8ae65ce6-d81d-4d72-8d5e-8395b2c96f21] ----------------------------------------
2025-09-13 15:25:58,614 - attack_logger - INFO - Attack: Enhanced ICMP Flood completed.
2025-09-13 15:25:59,125 - attack_logger - INFO - Attack: ENHANCED Adversarial TCP State Exhaustion (72s) | h1 -> h6
2025-09-13 15:27:14,266 - attack_logger - INFO - Attack: ENHANCED Adversarial Application Layer (24s) | h1 -> h6
2025-09-13 15:27:41,511 - attack_logger - INFO - Attack: ENHANCED Adversarial Slow Read (72s) | h1 -> h6
2025-09-13 15:28:56,698 - attack_logger - INFO - Attack: ENHANCED Adversarial Slow Read completed.
