2025-07-12 14:52:57 - [MAIN] - [32mINFO[0m - Test message
2025-07-12 14:53:14 - [MAIN] - [32mINFO[0m - Logging system test successful
2025-07-12 14:56:55 - [MAIN] - [32mINFO[0m - === DATASET GENERATION SUMMARY ===
2025-07-12 14:56:55 - [MAIN] - [32mINFO[0m - Multi-class packet distribution:
2025-07-12 14:56:55 - [MAIN] - [32mINFO[0m -   ad_slow: 532 packets (15.8%)
2025-07-12 14:56:55 - [MAIN] - [32mINFO[0m -   ad_syn: 6 packets (0.2%)
2025-07-12 14:56:55 - [MAIN] - [32mINFO[0m -   ad_udp: 88 packets (2.6%)
2025-07-12 14:56:55 - [MAIN] - [32mINFO[0m -   icmp_flood: 1,080 packets (32.1%)
2025-07-12 14:56:55 - [MAIN] - [32mINFO[0m -   normal: 132 packets (3.9%)
2025-07-12 14:56:55 - [MAIN] - [32mINFO[0m -   syn_flood: 1,008 packets (29.9%)
2025-07-12 14:56:55 - [MAIN] - [32mINFO[0m -   udp_flood: 522 packets (15.5%)
2025-07-12 14:56:55 - [MAIN] - [32mINFO[0m -   Total: 3,368 packets
2025-07-12 14:56:55 - [MAIN] - [32mINFO[0m - Binary classification distribution:
2025-07-12 14:56:55 - [MAIN] - [32mINFO[0m -   Benign: 132 packets (3.9%)
2025-07-12 14:56:55 - [MAIN] - [32mINFO[0m -   Attack: 3,236 packets (96.1%)
2025-07-12 14:56:55 - [MAIN] - [32mINFO[0m - Generated PCAP files:
2025-07-12 14:56:55 - [MAIN] - [32mINFO[0m -   ad_slow.pcap: 56164 bytes
2025-07-12 14:56:55 - [MAIN] - [32mINFO[0m -   ad_syn.pcap: 468 bytes
2025-07-12 14:56:55 - [MAIN] - [32mINFO[0m -   ad_udp.pcap: 17783 bytes
2025-07-12 14:56:55 - [MAIN] - [32mINFO[0m -   icmp_flood.pcap: 64824 bytes
2025-07-12 14:56:55 - [MAIN] - [32mINFO[0m -   normal.pcap: 19074 bytes
2025-07-12 14:56:55 - [MAIN] - [32mINFO[0m -   syn_flood.pcap: 72600 bytes
2025-07-12 14:56:55 - [MAIN] - [32mINFO[0m -   udp_flood.pcap: 31848 bytes
2025-07-12 14:56:55 - [MAIN] - [32mINFO[0m - === END DATASET SUMMARY ===
2025-07-12 14:57:18 - [MAIN] - [32mINFO[0m - === DATASET GENERATION SUMMARY ===
2025-07-12 14:57:18 - [MAIN] - [32mINFO[0m - Multi-class packet distribution:
2025-07-12 14:57:18 - [MAIN] - [32mINFO[0m -   ad_slow: 532 packets (15.8%)
2025-07-12 14:57:18 - [MAIN] - [32mINFO[0m -   ad_syn: 6 packets (0.2%)
2025-07-12 14:57:18 - [MAIN] - [32mINFO[0m -   ad_udp: 88 packets (2.6%)
2025-07-12 14:57:18 - [MAIN] - [32mINFO[0m -   icmp_flood: 1,080 packets (32.1%)
2025-07-12 14:57:18 - [MAIN] - [32mINFO[0m -   normal: 132 packets (3.9%)
2025-07-12 14:57:18 - [MAIN] - [32mINFO[0m -   syn_flood: 1,008 packets (29.9%)
2025-07-12 14:57:18 - [MAIN] - [32mINFO[0m -   udp_flood: 522 packets (15.5%)
2025-07-12 14:57:18 - [MAIN] - [32mINFO[0m -   Total: 3,368 packets
2025-07-12 14:57:18 - [MAIN] - [32mINFO[0m - Binary classification distribution:
2025-07-12 14:57:18 - [MAIN] - [32mINFO[0m -   Benign: 132 packets (3.9%)
2025-07-12 14:57:18 - [MAIN] - [32mINFO[0m -   Attack: 3,236 packets (96.1%)
2025-07-12 14:57:18 - [MAIN] - [32mINFO[0m - Generated PCAP files:
2025-07-12 14:57:18 - [MAIN] - [32mINFO[0m -   ad_slow.pcap: 532 raw packets
2025-07-12 14:57:18 - [MAIN] - [32mINFO[0m -   ad_syn.pcap: 6 raw packets
2025-07-12 14:57:18 - [MAIN] - [32mINFO[0m -   ad_udp.pcap: 88 raw packets
2025-07-12 14:57:18 - [MAIN] - [32mINFO[0m -   icmp_flood.pcap: 1,080 raw packets
2025-07-12 14:57:18 - [MAIN] - [32mINFO[0m -   normal.pcap: 132 raw packets
2025-07-12 14:57:18 - [MAIN] - [32mINFO[0m -   syn_flood.pcap: 1,008 raw packets
2025-07-12 14:57:18 - [MAIN] - [32mINFO[0m -   udp_flood.pcap: 522 raw packets
2025-07-12 14:57:18 - [MAIN] - [32mINFO[0m - === END DATASET SUMMARY ===
