2025-09-12 17:37:41 - [BENIGN] - INFO - Starting benign traffic for 200 seconds...
2025-09-12 17:37:41 - [BENIGN] - INFO - Protocol separation: h2↔h5 (ICMP), h3↔h5 (TCP/UDP)
2025-09-12 17:37:41 - [BENIGN] - DEBUG - Generated ICMP traffic h2↔h5 0 [len=84B]
2025-09-12 17:37:42 - [BENIGN] - DEBUG - Generated TCP SYN from h3:65113 -> h5:12345 [len=54B]
2025-09-12 17:37:43 - [BENIGN] - DEBUG - Generated TCP SYN-ACK from h5:12345 <- h3:65113 [len=54B]
2025-09-12 17:37:43 - [BENIGN] - DEBUG - Generated TCP ACK from h3:65113 -> h5:12345 [len=54B]
2025-09-12 17:37:44 - [BENIGN] - DEBUG - Generated TCP data traffic from h3:65113 -> h5:12345 [content='TCP data'] [Session 1] [len=888B]
2025-09-12 17:37:45 - [BENIGN] - DEBUG - Generated TCP ACK reply from h5:12345 <- h3:65113 [len=54B]
2025-09-12 17:37:45 - [BENIGN] - DEBUG - Generated UDP traffic from h3:53757 -> h5:12346 [content='d41f62782eb8eb63094677f564806c155816f707...'] [Session 2] [len=756B]
2025-09-12 17:37:46 - [BENIGN] - DEBUG - Generated Telnet SYN from h3:27447 -> h5:23 [len=54B]
2025-09-12 17:37:47 - [BENIGN] - DEBUG - Generated Telnet SYN-ACK from h5:23 <- h3:27447 [len=54B]
2025-09-12 17:37:47 - [BENIGN] - DEBUG - Generated Telnet ACK from h3:27447 -> h5:23 [len=54B]
2025-09-12 17:37:48 - [BENIGN] - DEBUG - Generated Telnet data traffic from h3:27447 -> h5:23 [content='Telnet command'] [Session 3] [len=640B]
2025-09-12 17:37:49 - [BENIGN] - DEBUG - Generated Telnet ACK reply from h5:23 <- h3:27447 [len=54B]
2025-09-12 17:37:49 - [BENIGN] - DEBUG - Generated SSH SYN from h3:23078 -> h5:22 [len=54B]
2025-09-12 17:37:50 - [BENIGN] - DEBUG - Generated SSH SYN-ACK from h5:22 <- h3:23078 [len=54B]
2025-09-12 17:37:51 - [BENIGN] - DEBUG - Generated SSH ACK from h3:23078 -> h5:22 [len=54B]
2025-09-12 17:37:51 - [BENIGN] - DEBUG - Generated SSH data traffic from h3:23078 -> h5:22 [content='SSH encrypted data'] [Session 4] [len=510B]
2025-09-12 17:37:52 - [BENIGN] - DEBUG - Generated SSH ACK reply from h5:22 <- h3:23078 [len=54B]
2025-09-12 17:37:52 - [BENIGN] - DEBUG - Generated FTP SYN from h3:24085 -> h5:21 [len=54B]
2025-09-12 17:37:53 - [BENIGN] - DEBUG - Generated FTP SYN-ACK from h5:21 <- h3:24085 [len=54B]
2025-09-12 17:37:54 - [BENIGN] - DEBUG - Generated FTP ACK from h3:24085 -> h5:21 [len=54B]
2025-09-12 17:37:54 - [BENIGN] - DEBUG - Generated FTP data traffic from h3:24085 -> h5:21 [content='FTP file transfer'] [Session 5] [len=340B]
2025-09-12 17:37:55 - [BENIGN] - DEBUG - Generated FTP ACK reply from h5:21 <- h3:24085 [len=54B]
2025-09-12 17:37:56 - [BENIGN] - DEBUG - Generated HTTP SYN from h3:63140 -> h5:80 [len=54B]
2025-09-12 17:37:56 - [BENIGN] - DEBUG - Generated HTTP SYN-ACK from h5:80 <- h3:63140 [len=54B]
2025-09-12 17:37:57 - [BENIGN] - DEBUG - Generated HTTP ACK from h3:63140 -> h5:80 [len=54B]
2025-09-12 17:37:58 - [BENIGN] - DEBUG - Generated HTTP data traffic from h3:63140 -> h5:80 [content='GET /index.html HTTP/1.1'] [Session 6] [len=262B]
2025-09-12 17:37:58 - [BENIGN] - DEBUG - Generated HTTP ACK reply from h5:80 <- h3:63140 [len=54B]
2025-09-12 17:37:59 - [BENIGN] - DEBUG - Generated HTTPS SYN from h3:7985 -> h5:443 [len=54B]
2025-09-12 17:38:00 - [BENIGN] - DEBUG - Generated HTTPS SYN-ACK from h5:443 <- h3:7985 [len=54B]
2025-09-12 17:38:00 - [BENIGN] - DEBUG - Generated HTTPS ACK from h3:7985 -> h5:443 [len=54B]
2025-09-12 17:38:01 - [BENIGN] - DEBUG - Generated HTTPS data traffic from h3:7985 -> h5:443 [content='Encrypted Application Data'] [Session 7] [len=482B]
2025-09-12 17:38:01 - [BENIGN] - DEBUG - Generated HTTPS ACK reply from h5:443 <- h3:7985 [len=54B]
2025-09-12 17:38:02 - [BENIGN] - DEBUG - Generated DNS query from h3:44233 -> h5:53 [qname='example.com'] [Session 8] [len=71B]
2025-09-12 17:38:02 - [BENIGN] - DEBUG - Generated ICMP traffic h2↔h5 1 [len=84B]
2025-09-12 17:38:03 - [BENIGN] - DEBUG - Generated TCP SYN from h3:30425 -> h5:12345 [len=54B]
2025-09-12 17:38:03 - [BENIGN] - DEBUG - Generated TCP SYN-ACK from h5:12345 <- h3:30425 [len=54B]
2025-09-12 17:38:04 - [BENIGN] - DEBUG - Generated TCP ACK from h3:30425 -> h5:12345 [len=54B]
2025-09-12 17:38:05 - [BENIGN] - DEBUG - Generated TCP data traffic from h3:30425 -> h5:12345 [content='TCP data'] [Session 9] [len=177B]
2025-09-12 17:38:05 - [BENIGN] - DEBUG - Generated TCP ACK reply from h5:12345 <- h3:30425 [len=54B]
2025-09-12 17:38:06 - [BENIGN] - DEBUG - Generated UDP traffic from h3:47005 -> h5:12346 [content='e3cf42417fa434987275a9997929a838c148240d...'] [Session 10] [len=473B]
2025-09-12 17:38:07 - [BENIGN] - DEBUG - Generated Telnet SYN from h3:9701 -> h5:23 [len=54B]
2025-09-12 17:38:07 - [BENIGN] - DEBUG - Generated Telnet SYN-ACK from h5:23 <- h3:9701 [len=54B]
2025-09-12 17:38:08 - [BENIGN] - DEBUG - Generated Telnet ACK from h3:9701 -> h5:23 [len=54B]
2025-09-12 17:38:08 - [BENIGN] - DEBUG - Generated Telnet data traffic from h3:9701 -> h5:23 [content='Telnet command'] [Session 11] [len=1308B]
2025-09-12 17:38:09 - [BENIGN] - DEBUG - Generated Telnet ACK reply from h5:23 <- h3:9701 [len=54B]
2025-09-12 17:38:10 - [BENIGN] - DEBUG - Generated SSH SYN from h3:18146 -> h5:22 [len=54B]
2025-09-12 17:38:10 - [BENIGN] - DEBUG - Generated SSH SYN-ACK from h5:22 <- h3:18146 [len=54B]
2025-09-12 17:38:11 - [BENIGN] - DEBUG - Generated SSH ACK from h3:18146 -> h5:22 [len=54B]
2025-09-12 17:38:12 - [BENIGN] - DEBUG - Generated SSH data traffic from h3:18146 -> h5:22 [content='SSH encrypted data'] [Session 12] [len=312B]
2025-09-12 17:38:12 - [BENIGN] - DEBUG - Generated SSH ACK reply from h5:22 <- h3:18146 [len=54B]
2025-09-12 17:38:13 - [BENIGN] - DEBUG - Generated FTP SYN from h3:59403 -> h5:21 [len=54B]
2025-09-12 17:38:14 - [BENIGN] - DEBUG - Generated FTP SYN-ACK from h5:21 <- h3:59403 [len=54B]
2025-09-12 17:38:14 - [BENIGN] - DEBUG - Generated FTP ACK from h3:59403 -> h5:21 [len=54B]
2025-09-12 17:38:15 - [BENIGN] - DEBUG - Generated FTP data traffic from h3:59403 -> h5:21 [content='FTP file transfer'] [Session 13] [len=1535B]
2025-09-12 17:38:15 - [BENIGN] - DEBUG - Generated FTP ACK reply from h5:21 <- h3:59403 [len=54B]
2025-09-12 17:38:16 - [BENIGN] - DEBUG - Generated HTTP SYN from h3:13180 -> h5:80 [len=54B]
2025-09-12 17:38:17 - [BENIGN] - DEBUG - Generated HTTP SYN-ACK from h5:80 <- h3:13180 [len=54B]
2025-09-12 17:38:17 - [BENIGN] - DEBUG - Generated HTTP ACK from h3:13180 -> h5:80 [len=54B]
2025-09-12 17:38:18 - [BENIGN] - DEBUG - Generated HTTP data traffic from h3:13180 -> h5:80 [content='GET /index.html HTTP/1.1'] [Session 14] [len=423B]
2025-09-12 17:38:19 - [BENIGN] - DEBUG - Generated HTTP ACK reply from h5:80 <- h3:13180 [len=54B]
2025-09-12 17:38:19 - [BENIGN] - DEBUG - Generated HTTPS SYN from h3:59683 -> h5:443 [len=54B]
2025-09-12 17:38:20 - [BENIGN] - DEBUG - Generated HTTPS SYN-ACK from h5:443 <- h3:59683 [len=54B]
2025-09-12 17:38:20 - [BENIGN] - DEBUG - Generated HTTPS ACK from h3:59683 -> h5:443 [len=54B]
2025-09-12 17:38:21 - [BENIGN] - DEBUG - Generated HTTPS data traffic from h3:59683 -> h5:443 [content='Encrypted Application Data'] [Session 15] [len=562B]
2025-09-12 17:38:22 - [BENIGN] - DEBUG - Generated HTTPS ACK reply from h5:443 <- h3:59683 [len=54B]
2025-09-12 17:38:22 - [BENIGN] - DEBUG - Generated DNS query from h3:61282 -> h5:53 [qname='example.com'] [Session 16] [len=71B]
2025-09-12 17:38:22 - [BENIGN] - DEBUG - Generated ICMP traffic h2↔h5 2 [len=84B]
2025-09-12 17:38:23 - [BENIGN] - DEBUG - Generated TCP SYN from h3:53719 -> h5:12345 [len=54B]
2025-09-12 17:38:24 - [BENIGN] - DEBUG - Generated TCP SYN-ACK from h5:12345 <- h3:53719 [len=54B]
2025-09-12 17:38:24 - [BENIGN] - DEBUG - Generated TCP ACK from h3:53719 -> h5:12345 [len=54B]
2025-09-12 17:38:25 - [BENIGN] - DEBUG - Generated TCP data traffic from h3:53719 -> h5:12345 [content='TCP data'] [Session 17] [len=1305B]
2025-09-12 17:38:26 - [BENIGN] - DEBUG - Generated TCP ACK reply from h5:12345 <- h3:53719 [len=54B]
2025-09-12 17:38:26 - [BENIGN] - DEBUG - Generated UDP traffic from h3:27319 -> h5:12346 [content='5e8d52ae24252fe13e1a8c44dcf05d995a28a9a1...'] [Session 18] [len=873B]
2025-09-12 17:38:27 - [BENIGN] - DEBUG - Generated Telnet SYN from h3:18207 -> h5:23 [len=54B]
2025-09-12 17:38:27 - [BENIGN] - DEBUG - Generated Telnet SYN-ACK from h5:23 <- h3:18207 [len=54B]
2025-09-12 17:38:28 - [BENIGN] - DEBUG - Generated Telnet ACK from h3:18207 -> h5:23 [len=54B]
2025-09-12 17:38:29 - [BENIGN] - DEBUG - Generated Telnet data traffic from h3:18207 -> h5:23 [content='Telnet command'] [Session 19] [len=871B]
2025-09-12 17:38:29 - [BENIGN] - DEBUG - Generated Telnet ACK reply from h5:23 <- h3:18207 [len=54B]
2025-09-12 17:38:30 - [BENIGN] - DEBUG - Generated SSH SYN from h3:59604 -> h5:22 [len=54B]
2025-09-12 17:38:31 - [BENIGN] - DEBUG - Generated SSH SYN-ACK from h5:22 <- h3:59604 [len=54B]
2025-09-12 17:38:31 - [BENIGN] - DEBUG - Generated SSH ACK from h3:59604 -> h5:22 [len=54B]
2025-09-12 17:38:32 - [BENIGN] - DEBUG - Generated SSH data traffic from h3:59604 -> h5:22 [content='SSH encrypted data'] [Session 20] [len=1514B]
2025-09-12 17:38:32 - [BENIGN] - DEBUG - Generated SSH ACK reply from h5:22 <- h3:59604 [len=54B]
2025-09-12 17:38:33 - [BENIGN] - DEBUG - Generated FTP SYN from h3:22034 -> h5:21 [len=54B]
2025-09-12 17:38:34 - [BENIGN] - DEBUG - Generated FTP SYN-ACK from h5:21 <- h3:22034 [len=54B]
2025-09-12 17:38:34 - [BENIGN] - DEBUG - Generated FTP ACK from h3:22034 -> h5:21 [len=54B]
2025-09-12 17:38:35 - [BENIGN] - DEBUG - Generated FTP data traffic from h3:22034 -> h5:21 [content='FTP file transfer'] [Session 21] [len=1421B]
2025-09-12 17:38:36 - [BENIGN] - DEBUG - Generated FTP ACK reply from h5:21 <- h3:22034 [len=54B]
2025-09-12 17:38:36 - [BENIGN] - DEBUG - Generated HTTP SYN from h3:60251 -> h5:80 [len=54B]
2025-09-12 17:38:37 - [BENIGN] - DEBUG - Generated HTTP SYN-ACK from h5:80 <- h3:60251 [len=54B]
2025-09-12 17:38:37 - [BENIGN] - DEBUG - Generated HTTP ACK from h3:60251 -> h5:80 [len=54B]
2025-09-12 17:38:38 - [BENIGN] - DEBUG - Generated HTTP data traffic from h3:60251 -> h5:80 [content='GET /index.html HTTP/1.1'] [Session 22] [len=437B]
2025-09-12 17:38:39 - [BENIGN] - DEBUG - Generated HTTP ACK reply from h5:80 <- h3:60251 [len=54B]
2025-09-12 17:38:39 - [BENIGN] - DEBUG - Generated HTTPS SYN from h3:29449 -> h5:443 [len=54B]
2025-09-12 17:38:40 - [BENIGN] - DEBUG - Generated HTTPS SYN-ACK from h5:443 <- h3:29449 [len=54B]
2025-09-12 17:38:41 - [BENIGN] - DEBUG - Generated HTTPS ACK from h3:29449 -> h5:443 [len=54B]
2025-09-12 17:38:41 - [BENIGN] - DEBUG - Generated HTTPS data traffic from h3:29449 -> h5:443 [content='Encrypted Application Data'] [Session 23] [len=583B]
2025-09-12 17:38:42 - [BENIGN] - DEBUG - Generated HTTPS ACK reply from h5:443 <- h3:29449 [len=54B]
2025-09-12 17:38:42 - [BENIGN] - DEBUG - Generated DNS query from h3:51306 -> h5:53 [qname='example.com'] [Session 24] [len=71B]
2025-09-12 17:38:43 - [BENIGN] - DEBUG - Generated ICMP traffic h2↔h5 3 [len=84B]
2025-09-12 17:38:43 - [BENIGN] - DEBUG - Generated TCP SYN from h3:3883 -> h5:12345 [len=54B]
2025-09-12 17:38:44 - [BENIGN] - DEBUG - Generated TCP SYN-ACK from h5:12345 <- h3:3883 [len=54B]
2025-09-12 17:38:44 - [BENIGN] - DEBUG - Generated TCP ACK from h3:3883 -> h5:12345 [len=54B]
2025-09-12 17:38:45 - [BENIGN] - DEBUG - Generated TCP data traffic from h3:3883 -> h5:12345 [content='TCP data'] [Session 25] [len=645B]
2025-09-12 17:38:46 - [BENIGN] - DEBUG - Generated TCP ACK reply from h5:12345 <- h3:3883 [len=54B]
2025-09-12 17:38:46 - [BENIGN] - DEBUG - Generated UDP traffic from h3:34607 -> h5:12346 [content='50628946b2b4a3a0c64e99e0fdc8246df5baca4c...'] [Session 26] [len=1325B]
2025-09-12 17:38:47 - [BENIGN] - DEBUG - Generated Telnet SYN from h3:57280 -> h5:23 [len=54B]
2025-09-12 17:38:48 - [BENIGN] - DEBUG - Generated Telnet SYN-ACK from h5:23 <- h3:57280 [len=54B]
2025-09-12 17:38:48 - [BENIGN] - DEBUG - Generated Telnet ACK from h3:57280 -> h5:23 [len=54B]
2025-09-12 17:38:49 - [BENIGN] - DEBUG - Generated Telnet data traffic from h3:57280 -> h5:23 [content='Telnet command'] [Session 27] [len=990B]
2025-09-12 17:38:50 - [BENIGN] - DEBUG - Generated Telnet ACK reply from h5:23 <- h3:57280 [len=54B]
2025-09-12 17:38:50 - [BENIGN] - DEBUG - Generated SSH SYN from h3:10897 -> h5:22 [len=54B]
2025-09-12 17:38:51 - [BENIGN] - DEBUG - Generated SSH SYN-ACK from h5:22 <- h3:10897 [len=54B]
2025-09-12 17:38:51 - [BENIGN] - DEBUG - Generated SSH ACK from h3:10897 -> h5:22 [len=54B]
2025-09-12 17:38:52 - [BENIGN] - DEBUG - Generated SSH data traffic from h3:10897 -> h5:22 [content='SSH encrypted data'] [Session 28] [len=221B]
2025-09-12 17:38:53 - [BENIGN] - DEBUG - Generated SSH ACK reply from h5:22 <- h3:10897 [len=54B]
2025-09-12 17:38:53 - [BENIGN] - DEBUG - Generated FTP SYN from h3:9093 -> h5:21 [len=54B]
2025-09-12 17:38:54 - [BENIGN] - DEBUG - Generated FTP SYN-ACK from h5:21 <- h3:9093 [len=54B]
2025-09-12 17:38:55 - [BENIGN] - DEBUG - Generated FTP ACK from h3:9093 -> h5:21 [len=54B]
2025-09-12 17:38:55 - [BENIGN] - DEBUG - Generated FTP data traffic from h3:9093 -> h5:21 [content='FTP file transfer'] [Session 29] [len=1264B]
2025-09-12 17:38:56 - [BENIGN] - DEBUG - Generated FTP ACK reply from h5:21 <- h3:9093 [len=54B]
2025-09-12 17:38:56 - [BENIGN] - DEBUG - Generated HTTP SYN from h3:39873 -> h5:80 [len=54B]
2025-09-12 17:38:57 - [BENIGN] - DEBUG - Generated HTTP SYN-ACK from h5:80 <- h3:39873 [len=54B]
2025-09-12 17:38:58 - [BENIGN] - DEBUG - Generated HTTP ACK from h3:39873 -> h5:80 [len=54B]
2025-09-12 17:38:58 - [BENIGN] - DEBUG - Generated HTTP data traffic from h3:39873 -> h5:80 [content='GET /index.html HTTP/1.1'] [Session 30] [len=257B]
2025-09-12 17:38:59 - [BENIGN] - DEBUG - Generated HTTP ACK reply from h5:80 <- h3:39873 [len=54B]
2025-09-12 17:39:00 - [BENIGN] - DEBUG - Generated HTTPS SYN from h3:20194 -> h5:443 [len=54B]
2025-09-12 17:39:00 - [BENIGN] - DEBUG - Generated HTTPS SYN-ACK from h5:443 <- h3:20194 [len=54B]
2025-09-12 17:39:01 - [BENIGN] - DEBUG - Generated HTTPS ACK from h3:20194 -> h5:443 [len=54B]
2025-09-12 17:39:01 - [BENIGN] - DEBUG - Generated HTTPS data traffic from h3:20194 -> h5:443 [content='Encrypted Application Data'] [Session 31] [len=277B]
2025-09-12 17:39:02 - [BENIGN] - DEBUG - Generated HTTPS ACK reply from h5:443 <- h3:20194 [len=54B]
2025-09-12 17:39:03 - [BENIGN] - DEBUG - Generated DNS query from h3:44230 -> h5:53 [qname='example.com'] [Session 32] [len=71B]
2025-09-12 17:39:03 - [BENIGN] - DEBUG - Generated ICMP traffic h2↔h5 4 [len=84B]
2025-09-12 17:39:03 - [BENIGN] - DEBUG - Generated TCP SYN from h3:62693 -> h5:12345 [len=54B]
2025-09-12 17:39:04 - [BENIGN] - DEBUG - Generated TCP SYN-ACK from h5:12345 <- h3:62693 [len=54B]
2025-09-12 17:39:05 - [BENIGN] - DEBUG - Generated TCP ACK from h3:62693 -> h5:12345 [len=54B]
2025-09-12 17:39:05 - [BENIGN] - DEBUG - Generated TCP data traffic from h3:62693 -> h5:12345 [content='TCP data'] [Session 33] [len=364B]
2025-09-12 17:39:06 - [BENIGN] - DEBUG - Generated TCP ACK reply from h5:12345 <- h3:62693 [len=54B]
2025-09-12 17:39:07 - [BENIGN] - DEBUG - Generated UDP traffic from h3:27522 -> h5:12346 [content='4cc877c8d2c2f9e040a9de21cb2d1355a931ce1a...'] [Session 34] [len=763B]
2025-09-12 17:39:07 - [BENIGN] - DEBUG - Generated Telnet SYN from h3:36273 -> h5:23 [len=54B]
2025-09-12 17:39:08 - [BENIGN] - DEBUG - Generated Telnet SYN-ACK from h5:23 <- h3:36273 [len=54B]
2025-09-12 17:39:08 - [BENIGN] - DEBUG - Generated Telnet ACK from h3:36273 -> h5:23 [len=54B]
2025-09-12 17:39:09 - [BENIGN] - DEBUG - Generated Telnet data traffic from h3:36273 -> h5:23 [content='Telnet command'] [Session 35] [len=870B]
2025-09-12 17:39:10 - [BENIGN] - DEBUG - Generated Telnet ACK reply from h5:23 <- h3:36273 [len=54B]
2025-09-12 17:39:10 - [BENIGN] - DEBUG - Generated SSH SYN from h3:24791 -> h5:22 [len=54B]
2025-09-12 17:39:11 - [BENIGN] - DEBUG - Generated SSH SYN-ACK from h5:22 <- h3:24791 [len=54B]
2025-09-12 17:39:12 - [BENIGN] - DEBUG - Generated SSH ACK from h3:24791 -> h5:22 [len=54B]
2025-09-12 17:39:12 - [BENIGN] - DEBUG - Generated SSH data traffic from h3:24791 -> h5:22 [content='SSH encrypted data'] [Session 36] [len=505B]
2025-09-12 17:39:13 - [BENIGN] - DEBUG - Generated SSH ACK reply from h5:22 <- h3:24791 [len=54B]
2025-09-12 17:39:13 - [BENIGN] - DEBUG - Generated FTP SYN from h3:46229 -> h5:21 [len=54B]
2025-09-12 17:39:14 - [BENIGN] - DEBUG - Generated FTP SYN-ACK from h5:21 <- h3:46229 [len=54B]
2025-09-12 17:39:15 - [BENIGN] - DEBUG - Generated FTP ACK from h3:46229 -> h5:21 [len=54B]
2025-09-12 17:39:15 - [BENIGN] - DEBUG - Generated FTP data traffic from h3:46229 -> h5:21 [content='FTP file transfer'] [Session 37] [len=1429B]
2025-09-12 17:39:16 - [BENIGN] - DEBUG - Generated FTP ACK reply from h5:21 <- h3:46229 [len=54B]
2025-09-12 17:39:17 - [BENIGN] - DEBUG - Generated HTTP SYN from h3:8554 -> h5:80 [len=54B]
2025-09-12 17:39:17 - [BENIGN] - DEBUG - Generated HTTP SYN-ACK from h5:80 <- h3:8554 [len=54B]
2025-09-12 17:39:18 - [BENIGN] - DEBUG - Generated HTTP ACK from h3:8554 -> h5:80 [len=54B]
2025-09-12 17:39:19 - [BENIGN] - DEBUG - Generated HTTP data traffic from h3:8554 -> h5:80 [content='GET /index.html HTTP/1.1'] [Session 38] [len=350B]
2025-09-12 17:39:19 - [BENIGN] - DEBUG - Generated HTTP ACK reply from h5:80 <- h3:8554 [len=54B]
2025-09-12 17:39:20 - [BENIGN] - DEBUG - Generated HTTPS SYN from h3:57553 -> h5:443 [len=54B]
2025-09-12 17:39:20 - [BENIGN] - DEBUG - Generated HTTPS SYN-ACK from h5:443 <- h3:57553 [len=54B]
2025-09-12 17:39:21 - [BENIGN] - DEBUG - Generated HTTPS ACK from h3:57553 -> h5:443 [len=54B]
2025-09-12 17:39:22 - [BENIGN] - DEBUG - Generated HTTPS data traffic from h3:57553 -> h5:443 [content='Encrypted Application Data'] [Session 39] [len=358B]
2025-09-12 17:39:22 - [BENIGN] - DEBUG - Generated HTTPS ACK reply from h5:443 <- h3:57553 [len=54B]
2025-09-12 17:39:23 - [BENIGN] - DEBUG - Generated DNS query from h3:13977 -> h5:53 [qname='example.com'] [Session 40] [len=71B]
2025-09-12 17:39:23 - [BENIGN] - DEBUG - Generated ICMP traffic h2↔h5 5 [len=84B]
2025-09-12 17:39:24 - [BENIGN] - DEBUG - Generated TCP SYN from h3:61454 -> h5:12345 [len=54B]
2025-09-12 17:39:24 - [BENIGN] - DEBUG - Generated TCP SYN-ACK from h5:12345 <- h3:61454 [len=54B]
2025-09-12 17:39:25 - [BENIGN] - DEBUG - Generated TCP ACK from h3:61454 -> h5:12345 [len=54B]
2025-09-12 17:39:26 - [BENIGN] - DEBUG - Generated TCP data traffic from h3:61454 -> h5:12345 [content='TCP data'] [Session 41] [len=1065B]
2025-09-12 17:39:26 - [BENIGN] - DEBUG - Generated TCP ACK reply from h5:12345 <- h3:61454 [len=54B]
2025-09-12 17:39:27 - [BENIGN] - DEBUG - Generated UDP traffic from h3:9920 -> h5:12346 [content='86ea70fe70aec9ed0fb3750ab67b790f77b9135b...'] [Session 42] [len=1307B]
2025-09-12 17:39:27 - [BENIGN] - DEBUG - Generated Telnet SYN from h3:28557 -> h5:23 [len=54B]
2025-09-12 17:39:28 - [BENIGN] - DEBUG - Generated Telnet SYN-ACK from h5:23 <- h3:28557 [len=54B]
2025-09-12 17:39:29 - [BENIGN] - DEBUG - Generated Telnet ACK from h3:28557 -> h5:23 [len=54B]
2025-09-12 17:39:29 - [BENIGN] - DEBUG - Generated Telnet data traffic from h3:28557 -> h5:23 [content='Telnet command'] [Session 43] [len=746B]
2025-09-12 17:39:30 - [BENIGN] - DEBUG - Generated Telnet ACK reply from h5:23 <- h3:28557 [len=54B]
2025-09-12 17:39:30 - [BENIGN] - DEBUG - Generated SSH SYN from h3:4633 -> h5:22 [len=54B]
2025-09-12 17:39:31 - [BENIGN] - DEBUG - Generated SSH SYN-ACK from h5:22 <- h3:4633 [len=54B]
2025-09-12 17:39:32 - [BENIGN] - DEBUG - Generated SSH ACK from h3:4633 -> h5:22 [len=54B]
2025-09-12 17:39:32 - [BENIGN] - DEBUG - Generated SSH data traffic from h3:4633 -> h5:22 [content='SSH encrypted data'] [Session 44] [len=630B]
2025-09-12 17:39:33 - [BENIGN] - DEBUG - Generated SSH ACK reply from h5:22 <- h3:4633 [len=54B]
2025-09-12 17:39:34 - [BENIGN] - DEBUG - Generated FTP SYN from h3:16460 -> h5:21 [len=54B]
2025-09-12 17:39:34 - [BENIGN] - DEBUG - Generated FTP SYN-ACK from h5:21 <- h3:16460 [len=54B]
2025-09-12 17:39:35 - [BENIGN] - DEBUG - Generated FTP ACK from h3:16460 -> h5:21 [len=54B]
2025-09-12 17:39:36 - [BENIGN] - DEBUG - Generated FTP data traffic from h3:16460 -> h5:21 [content='FTP file transfer'] [Session 45] [len=1156B]
2025-09-12 17:39:36 - [BENIGN] - DEBUG - Generated FTP ACK reply from h5:21 <- h3:16460 [len=54B]
2025-09-12 17:39:37 - [BENIGN] - DEBUG - Generated HTTP SYN from h3:3368 -> h5:80 [len=54B]
2025-09-12 17:39:37 - [BENIGN] - DEBUG - Generated HTTP SYN-ACK from h5:80 <- h3:3368 [len=54B]
2025-09-12 17:39:38 - [BENIGN] - DEBUG - Generated HTTP ACK from h3:3368 -> h5:80 [len=54B]
2025-09-12 17:39:39 - [BENIGN] - DEBUG - Generated HTTP data traffic from h3:3368 -> h5:80 [content='GET /index.html HTTP/1.1'] [Session 46] [len=610B]
2025-09-12 17:39:39 - [BENIGN] - DEBUG - Generated HTTP ACK reply from h5:80 <- h3:3368 [len=54B]
2025-09-12 17:39:40 - [BENIGN] - DEBUG - Generated HTTPS SYN from h3:2323 -> h5:443 [len=54B]
2025-09-12 17:39:41 - [BENIGN] - DEBUG - Generated HTTPS SYN-ACK from h5:443 <- h3:2323 [len=54B]
2025-09-12 17:39:41 - [BENIGN] - DEBUG - Generated HTTPS ACK from h3:2323 -> h5:443 [len=54B]
2025-09-12 17:39:42 - [BENIGN] - DEBUG - Generated HTTPS data traffic from h3:2323 -> h5:443 [content='Encrypted Application Data'] [Session 47] [len=457B]
2025-09-12 17:39:42 - [BENIGN] - DEBUG - Generated HTTPS ACK reply from h5:443 <- h3:2323 [len=54B]
2025-09-12 17:39:43 - [BENIGN] - DEBUG - Generated DNS query from h3:40519 -> h5:53 [qname='example.com'] [Session 48] [len=71B]
2025-09-12 17:39:43 - [BENIGN] - DEBUG - Generated ICMP traffic h2↔h5 6 [len=84B]
2025-09-12 17:39:44 - [BENIGN] - DEBUG - Generated TCP SYN from h3:46705 -> h5:12345 [len=54B]
2025-09-12 17:39:44 - [BENIGN] - DEBUG - Generated TCP SYN-ACK from h5:12345 <- h3:46705 [len=54B]
2025-09-12 17:39:45 - [BENIGN] - DEBUG - Generated TCP ACK from h3:46705 -> h5:12345 [len=54B]
2025-09-12 17:39:46 - [BENIGN] - DEBUG - Generated TCP data traffic from h3:46705 -> h5:12345 [content='TCP data'] [Session 49] [len=1489B]
2025-09-12 17:39:46 - [BENIGN] - DEBUG - Generated TCP ACK reply from h5:12345 <- h3:46705 [len=54B]
2025-09-12 17:39:47 - [BENIGN] - DEBUG - Generated UDP traffic from h3:19897 -> h5:12346 [content='99a2313b01cab570924721e9865b393cfdf57eb5...'] [Session 50] [len=1427B]
2025-09-12 17:39:48 - [BENIGN] - DEBUG - Generated Telnet SYN from h3:47483 -> h5:23 [len=54B]
2025-09-12 17:39:48 - [BENIGN] - DEBUG - Generated Telnet SYN-ACK from h5:23 <- h3:47483 [len=54B]
2025-09-12 17:39:49 - [BENIGN] - DEBUG - Generated Telnet ACK from h3:47483 -> h5:23 [len=54B]
2025-09-12 17:39:49 - [BENIGN] - DEBUG - Generated Telnet data traffic from h3:47483 -> h5:23 [content='Telnet command'] [Session 51] [len=502B]
2025-09-12 17:39:50 - [BENIGN] - DEBUG - Generated Telnet ACK reply from h5:23 <- h3:47483 [len=54B]
2025-09-12 17:39:51 - [BENIGN] - DEBUG - Generated SSH SYN from h3:57468 -> h5:22 [len=54B]
2025-09-12 17:39:51 - [BENIGN] - DEBUG - Generated SSH SYN-ACK from h5:22 <- h3:57468 [len=54B]
2025-09-12 17:39:52 - [BENIGN] - DEBUG - Generated SSH ACK from h3:57468 -> h5:22 [len=54B]
2025-09-12 17:39:53 - [BENIGN] - DEBUG - Generated SSH data traffic from h3:57468 -> h5:22 [content='SSH encrypted data'] [Session 52] [len=965B]
2025-09-12 17:39:53 - [BENIGN] - DEBUG - Generated SSH ACK reply from h5:22 <- h3:57468 [len=54B]
2025-09-12 17:39:54 - [BENIGN] - DEBUG - Generated FTP SYN from h3:60117 -> h5:21 [len=54B]
2025-09-12 17:39:55 - [BENIGN] - DEBUG - Generated FTP SYN-ACK from h5:21 <- h3:60117 [len=54B]
2025-09-12 17:39:55 - [BENIGN] - DEBUG - Generated FTP ACK from h3:60117 -> h5:21 [len=54B]
2025-09-12 17:39:56 - [BENIGN] - DEBUG - Generated FTP data traffic from h3:60117 -> h5:21 [content='FTP file transfer'] [Session 53] [len=659B]
2025-09-12 17:39:56 - [BENIGN] - DEBUG - Generated FTP ACK reply from h5:21 <- h3:60117 [len=54B]
2025-09-12 17:39:57 - [BENIGN] - DEBUG - Generated HTTP SYN from h3:65098 -> h5:80 [len=54B]
2025-09-12 17:39:58 - [BENIGN] - DEBUG - Generated HTTP SYN-ACK from h5:80 <- h3:65098 [len=54B]
2025-09-12 17:39:58 - [BENIGN] - DEBUG - Generated HTTP ACK from h3:65098 -> h5:80 [len=54B]
2025-09-12 17:39:59 - [BENIGN] - DEBUG - Generated HTTP data traffic from h3:65098 -> h5:80 [content='GET /index.html HTTP/1.1'] [Session 54] [len=350B]
2025-09-12 17:40:00 - [BENIGN] - DEBUG - Generated HTTP ACK reply from h5:80 <- h3:65098 [len=54B]
2025-09-12 17:40:00 - [BENIGN] - DEBUG - Generated HTTPS SYN from h3:23756 -> h5:443 [len=54B]
2025-09-12 17:40:01 - [BENIGN] - DEBUG - Generated HTTPS SYN-ACK from h5:443 <- h3:23756 [len=54B]
2025-09-12 17:40:01 - [BENIGN] - DEBUG - Generated HTTPS ACK from h3:23756 -> h5:443 [len=54B]
2025-09-12 17:40:02 - [BENIGN] - DEBUG - Generated HTTPS data traffic from h3:23756 -> h5:443 [content='Encrypted Application Data'] [Session 55] [len=733B]
2025-09-12 17:40:03 - [BENIGN] - DEBUG - Generated HTTPS ACK reply from h5:443 <- h3:23756 [len=54B]
2025-09-12 17:40:03 - [BENIGN] - DEBUG - Generated DNS query from h3:52594 -> h5:53 [qname='example.com'] [Session 56] [len=71B]
2025-09-12 17:40:03 - [BENIGN] - DEBUG - Generated ICMP traffic h2↔h5 7 [len=84B]
2025-09-12 17:40:04 - [BENIGN] - DEBUG - Generated TCP SYN from h3:26344 -> h5:12345 [len=54B]
2025-09-12 17:40:05 - [BENIGN] - DEBUG - Generated TCP SYN-ACK from h5:12345 <- h3:26344 [len=54B]
2025-09-12 17:40:05 - [BENIGN] - DEBUG - Generated TCP ACK from h3:26344 -> h5:12345 [len=54B]
2025-09-12 17:40:06 - [BENIGN] - DEBUG - Generated TCP data traffic from h3:26344 -> h5:12345 [content='TCP data'] [Session 57] [len=300B]
2025-09-12 17:40:07 - [BENIGN] - DEBUG - Generated TCP ACK reply from h5:12345 <- h3:26344 [len=54B]
2025-09-12 17:40:07 - [BENIGN] - DEBUG - Generated UDP traffic from h3:11819 -> h5:12346 [content='c8d846e8db01eb64f82960ba31a5423333ec11f9...'] [Session 58] [len=1139B]
2025-09-12 17:40:08 - [BENIGN] - DEBUG - Generated Telnet SYN from h3:1616 -> h5:23 [len=54B]
2025-09-12 17:40:09 - [BENIGN] - DEBUG - Generated Telnet SYN-ACK from h5:23 <- h3:1616 [len=54B]
2025-09-12 17:40:09 - [BENIGN] - DEBUG - Generated Telnet ACK from h3:1616 -> h5:23 [len=54B]
2025-09-12 17:40:10 - [BENIGN] - DEBUG - Generated Telnet data traffic from h3:1616 -> h5:23 [content='Telnet command'] [Session 59] [len=1099B]
2025-09-12 17:40:10 - [BENIGN] - DEBUG - Generated Telnet ACK reply from h5:23 <- h3:1616 [len=54B]
2025-09-12 17:40:11 - [BENIGN] - DEBUG - Generated SSH SYN from h3:15375 -> h5:22 [len=54B]
2025-09-12 17:40:12 - [BENIGN] - DEBUG - Generated SSH SYN-ACK from h5:22 <- h3:15375 [len=54B]
2025-09-12 17:40:12 - [BENIGN] - DEBUG - Generated SSH ACK from h3:15375 -> h5:22 [len=54B]
2025-09-12 17:40:13 - [BENIGN] - DEBUG - Generated SSH data traffic from h3:15375 -> h5:22 [content='SSH encrypted data'] [Session 60] [len=640B]
2025-09-12 17:40:14 - [BENIGN] - DEBUG - Generated SSH ACK reply from h5:22 <- h3:15375 [len=54B]
2025-09-12 17:40:14 - [BENIGN] - DEBUG - Generated FTP SYN from h3:43565 -> h5:21 [len=54B]
2025-09-12 17:40:15 - [BENIGN] - DEBUG - Generated FTP SYN-ACK from h5:21 <- h3:43565 [len=54B]
2025-09-12 17:40:16 - [BENIGN] - DEBUG - Generated FTP ACK from h3:43565 -> h5:21 [len=54B]
2025-09-12 17:40:16 - [BENIGN] - DEBUG - Generated FTP data traffic from h3:43565 -> h5:21 [content='FTP file transfer'] [Session 61] [len=1168B]
2025-09-12 17:40:17 - [BENIGN] - DEBUG - Generated FTP ACK reply from h5:21 <- h3:43565 [len=54B]
2025-09-12 17:40:17 - [BENIGN] - DEBUG - Generated HTTP SYN from h3:64418 -> h5:80 [len=54B]
2025-09-12 17:40:18 - [BENIGN] - DEBUG - Generated HTTP SYN-ACK from h5:80 <- h3:64418 [len=54B]
2025-09-12 17:40:19 - [BENIGN] - DEBUG - Generated HTTP ACK from h3:64418 -> h5:80 [len=54B]
2025-09-12 17:40:19 - [BENIGN] - DEBUG - Generated HTTP data traffic from h3:64418 -> h5:80 [content='GET /index.html HTTP/1.1'] [Session 62] [len=387B]
2025-09-12 17:40:20 - [BENIGN] - DEBUG - Generated HTTP ACK reply from h5:80 <- h3:64418 [len=54B]
2025-09-12 17:40:20 - [BENIGN] - DEBUG - Generated HTTPS SYN from h3:25126 -> h5:443 [len=54B]
2025-09-12 17:40:21 - [BENIGN] - DEBUG - Generated HTTPS SYN-ACK from h5:443 <- h3:25126 [len=54B]
2025-09-12 17:40:22 - [BENIGN] - DEBUG - Generated HTTPS ACK from h3:25126 -> h5:443 [len=54B]
2025-09-12 17:40:22 - [BENIGN] - DEBUG - Generated HTTPS data traffic from h3:25126 -> h5:443 [content='Encrypted Application Data'] [Session 63] [len=607B]
2025-09-12 17:40:23 - [BENIGN] - DEBUG - Generated HTTPS ACK reply from h5:443 <- h3:25126 [len=54B]
2025-09-12 17:40:24 - [BENIGN] - DEBUG - Generated DNS query from h3:55266 -> h5:53 [qname='example.com'] [Session 64] [len=71B]
2025-09-12 17:40:24 - [BENIGN] - DEBUG - Generated ICMP traffic h2↔h5 8 [len=84B]
2025-09-12 17:40:24 - [BENIGN] - DEBUG - Generated TCP SYN from h3:4402 -> h5:12345 [len=54B]
2025-09-12 17:40:25 - [BENIGN] - DEBUG - Generated TCP SYN-ACK from h5:12345 <- h3:4402 [len=54B]
2025-09-12 17:40:26 - [BENIGN] - DEBUG - Generated TCP ACK from h3:4402 -> h5:12345 [len=54B]
2025-09-12 17:40:26 - [BENIGN] - DEBUG - Generated TCP data traffic from h3:4402 -> h5:12345 [content='TCP data'] [Session 65] [len=784B]
2025-09-12 17:40:27 - [BENIGN] - DEBUG - Generated TCP ACK reply from h5:12345 <- h3:4402 [len=54B]
2025-09-12 17:40:27 - [BENIGN] - DEBUG - Generated UDP traffic from h3:8121 -> h5:12346 [content='5b0875641104e16fedd26d51631d32411727e391...'] [Session 66] [len=1496B]
2025-09-12 17:40:28 - [BENIGN] - DEBUG - Generated Telnet SYN from h3:12252 -> h5:23 [len=54B]
2025-09-12 17:40:29 - [BENIGN] - DEBUG - Generated Telnet SYN-ACK from h5:23 <- h3:12252 [len=54B]
2025-09-12 17:40:29 - [BENIGN] - DEBUG - Generated Telnet ACK from h3:12252 -> h5:23 [len=54B]
2025-09-12 17:40:30 - [BENIGN] - DEBUG - Generated Telnet data traffic from h3:12252 -> h5:23 [content='Telnet command'] [Session 67] [len=624B]
2025-09-12 17:40:31 - [BENIGN] - DEBUG - Generated Telnet ACK reply from h5:23 <- h3:12252 [len=54B]
2025-09-12 17:40:31 - [BENIGN] - DEBUG - Generated SSH SYN from h3:42282 -> h5:22 [len=54B]
2025-09-12 17:40:32 - [BENIGN] - DEBUG - Generated SSH SYN-ACK from h5:22 <- h3:42282 [len=54B]
2025-09-12 17:40:32 - [BENIGN] - DEBUG - Generated SSH ACK from h3:42282 -> h5:22 [len=54B]
2025-09-12 17:40:33 - [BENIGN] - DEBUG - Generated SSH data traffic from h3:42282 -> h5:22 [content='SSH encrypted data'] [Session 68] [len=396B]
2025-09-12 17:40:34 - [BENIGN] - DEBUG - Generated SSH ACK reply from h5:22 <- h3:42282 [len=54B]
2025-09-12 17:40:34 - [BENIGN] - DEBUG - Generated FTP SYN from h3:25656 -> h5:21 [len=54B]
2025-09-12 17:40:35 - [BENIGN] - DEBUG - Generated FTP SYN-ACK from h5:21 <- h3:25656 [len=54B]
2025-09-12 17:40:36 - [BENIGN] - DEBUG - Generated FTP ACK from h3:25656 -> h5:21 [len=54B]
2025-09-12 17:40:36 - [BENIGN] - DEBUG - Generated FTP data traffic from h3:25656 -> h5:21 [content='FTP file transfer'] [Session 69] [len=274B]
2025-09-12 17:40:37 - [BENIGN] - DEBUG - Generated FTP ACK reply from h5:21 <- h3:25656 [len=54B]
2025-09-12 17:40:37 - [BENIGN] - DEBUG - Generated HTTP SYN from h3:26458 -> h5:80 [len=54B]
2025-09-12 17:40:38 - [BENIGN] - DEBUG - Generated HTTP SYN-ACK from h5:80 <- h3:26458 [len=54B]
2025-09-12 17:40:39 - [BENIGN] - DEBUG - Generated HTTP ACK from h3:26458 -> h5:80 [len=54B]
2025-09-12 17:40:39 - [BENIGN] - DEBUG - Generated HTTP data traffic from h3:26458 -> h5:80 [content='GET /index.html HTTP/1.1'] [Session 70] [len=363B]
2025-09-12 17:40:40 - [BENIGN] - DEBUG - Generated HTTP ACK reply from h5:80 <- h3:26458 [len=54B]
2025-09-12 17:40:41 - [BENIGN] - DEBUG - Generated HTTPS SYN from h3:22955 -> h5:443 [len=54B]
2025-09-12 17:40:41 - [BENIGN] - DEBUG - Generated HTTPS SYN-ACK from h5:443 <- h3:22955 [len=54B]
2025-09-12 17:40:42 - [BENIGN] - DEBUG - Generated HTTPS ACK from h3:22955 -> h5:443 [len=54B]
2025-09-12 17:40:42 - [BENIGN] - DEBUG - Generated HTTPS data traffic from h3:22955 -> h5:443 [content='Encrypted Application Data'] [Session 71] [len=836B]
2025-09-12 17:40:43 - [BENIGN] - DEBUG - Generated HTTPS ACK reply from h5:443 <- h3:22955 [len=54B]
2025-09-12 17:40:44 - [BENIGN] - DEBUG - Generated DNS query from h3:46236 -> h5:53 [qname='example.com'] [Session 72] [len=71B]
2025-09-12 17:40:44 - [BENIGN] - DEBUG - Generated ICMP traffic h2↔h5 9 [len=84B]
2025-09-12 17:40:44 - [BENIGN] - DEBUG - Generated TCP SYN from h3:41360 -> h5:12345 [len=54B]
2025-09-12 17:40:45 - [BENIGN] - DEBUG - Generated TCP SYN-ACK from h5:12345 <- h3:41360 [len=54B]
2025-09-12 17:40:46 - [BENIGN] - DEBUG - Generated TCP ACK from h3:41360 -> h5:12345 [len=54B]
2025-09-12 17:40:46 - [BENIGN] - DEBUG - Generated TCP data traffic from h3:41360 -> h5:12345 [content='TCP data'] [Session 73] [len=767B]
2025-09-12 17:40:47 - [BENIGN] - DEBUG - Generated TCP ACK reply from h5:12345 <- h3:41360 [len=54B]
2025-09-12 17:40:48 - [BENIGN] - DEBUG - Generated UDP traffic from h3:32157 -> h5:12346 [content='e997a9c9afa6ea91c3eeac46ce97ef4606492ee5...'] [Session 74] [len=497B]
2025-09-12 17:40:48 - [BENIGN] - DEBUG - Generated Telnet SYN from h3:26859 -> h5:23 [len=54B]
2025-09-12 17:40:49 - [BENIGN] - DEBUG - Generated Telnet SYN-ACK from h5:23 <- h3:26859 [len=54B]
2025-09-12 17:40:50 - [BENIGN] - DEBUG - Generated Telnet ACK from h3:26859 -> h5:23 [len=54B]
2025-09-12 17:40:50 - [BENIGN] - DEBUG - Generated Telnet data traffic from h3:26859 -> h5:23 [content='Telnet command'] [Session 75] [len=163B]
2025-09-12 17:40:51 - [BENIGN] - DEBUG - Generated Telnet ACK reply from h5:23 <- h3:26859 [len=54B]
2025-09-12 17:40:51 - [BENIGN] - DEBUG - Generated SSH SYN from h3:44963 -> h5:22 [len=54B]
2025-09-12 17:40:52 - [BENIGN] - DEBUG - Generated SSH SYN-ACK from h5:22 <- h3:44963 [len=54B]
2025-09-12 17:40:53 - [BENIGN] - DEBUG - Generated SSH ACK from h3:44963 -> h5:22 [len=54B]
2025-09-12 17:40:53 - [BENIGN] - DEBUG - Generated SSH data traffic from h3:44963 -> h5:22 [content='SSH encrypted data'] [Session 76] [len=1420B]
2025-09-12 17:40:54 - [BENIGN] - DEBUG - Generated SSH ACK reply from h5:22 <- h3:44963 [len=54B]
2025-09-12 17:40:55 - [BENIGN] - DEBUG - Generated FTP SYN from h3:2167 -> h5:21 [len=54B]
2025-09-12 17:40:55 - [BENIGN] - DEBUG - Generated FTP SYN-ACK from h5:21 <- h3:2167 [len=54B]
2025-09-12 17:40:56 - [BENIGN] - DEBUG - Generated FTP ACK from h3:2167 -> h5:21 [len=54B]
2025-09-12 17:40:56 - [BENIGN] - DEBUG - Generated FTP data traffic from h3:2167 -> h5:21 [content='FTP file transfer'] [Session 77] [len=1024B]
2025-09-12 17:40:57 - [BENIGN] - DEBUG - Generated FTP ACK reply from h5:21 <- h3:2167 [len=54B]
2025-09-12 17:40:58 - [BENIGN] - DEBUG - Generated HTTP SYN from h3:56167 -> h5:80 [len=54B]
2025-09-12 17:40:58 - [BENIGN] - DEBUG - Generated HTTP SYN-ACK from h5:80 <- h3:56167 [len=54B]
2025-09-12 17:40:59 - [BENIGN] - DEBUG - Generated HTTP ACK from h3:56167 -> h5:80 [len=54B]
2025-09-12 17:41:00 - [BENIGN] - DEBUG - Generated HTTP data traffic from h3:56167 -> h5:80 [content='GET /index.html HTTP/1.1'] [Session 78] [len=275B]
2025-09-12 17:41:00 - [BENIGN] - DEBUG - Generated HTTP ACK reply from h5:80 <- h3:56167 [len=54B]
2025-09-12 17:41:01 - [BENIGN] - DEBUG - Generated HTTPS SYN from h3:42895 -> h5:443 [len=54B]
2025-09-12 17:41:01 - [BENIGN] - DEBUG - Generated HTTPS SYN-ACK from h5:443 <- h3:42895 [len=54B]
2025-09-12 17:41:02 - [BENIGN] - DEBUG - Generated HTTPS ACK from h3:42895 -> h5:443 [len=54B]
2025-09-12 17:41:03 - [BENIGN] - DEBUG - Generated HTTPS data traffic from h3:42895 -> h5:443 [content='Encrypted Application Data'] [Session 79] [len=734B]
2025-09-12 17:41:03 - [BENIGN] - DEBUG - Generated HTTPS ACK reply from h5:443 <- h3:42895 [len=54B]
2025-09-12 17:41:04 - [BENIGN] - DEBUG - Generated DNS query from h3:52423 -> h5:53 [qname='example.com'] [Session 80] [len=71B]
2025-09-12 17:41:04 - [BENIGN] - INFO - Benign traffic finished.
2025-09-12 17:41:04 - [BENIGN] - INFO - Summary: 80 protocol sessions with protocol separation:
2025-09-12 17:41:04 - [BENIGN] - INFO -   - h2↔h5: ICMP ping traffic
2025-09-12 17:41:04 - [BENIGN] - INFO -   - h3↔h5: TCP/UDP traffic [TCP, UDP, Telnet, SSH, FTP, HTTP, HTTPS, DNS]
2025-09-12 17:41:04 - [BENIGN] - INFO - Total packets sent: 340
