2025-07-20 01:14:43 - [MAIN] - INFO - 🚀 TIER 1 ZERO-INSTALLATION ENHANCEMENTS ACTIVE
2025-07-20 01:14:43 - [MAIN] - INFO - 📈 Target Sophistication Level: ~57.5%
2025-07-20 01:14:43 - [MAIN] - INFO - 🔧 Built-in Dependencies Only (statistics, math, hashlib, collections, calendar, base64)
2025-07-20 01:14:43 - [MAIN] - INFO - ⚡ CPU Affinity Optimization ENABLED
2025-07-20 01:14:43,695 - __main__ - INFO - 🔧 CPU Core Allocation:
2025-07-20 01:14:43,695 - __main__ - INFO -   System: Cores 0
2025-07-20 01:14:43,695 - __main__ - INFO -   Ryu: Cores 1
2025-07-20 01:14:43,695 - __main__ - INFO -   Mininet: Cores 2,3,4
2025-07-20 01:14:43,695 - __main__ - INFO -   Attacks: Cores 5,6,7,8,9,10
2025-07-20 01:14:43,695 - __main__ - INFO -   Background: Cores 11
2025-07-20 01:14:43,695 - __main__ - INFO -   Pcap: Cores 0-15 (all cores, post-simulation)
2025-07-20 01:14:43 - [MAIN] - INFO - Cleaning up any previous Mininet instances...
2025-07-20 01:14:45 - [MAIN] - INFO - Mininet cleanup complete.
2025-07-20 01:14:45,058 - __main__ - INFO - Verifying required tools...
2025-07-20 01:14:45,280 - __main__ - INFO - TShark version: Running as user "root" and group "root". This could be dangerous.
2025-07-20 01:14:45,287 - __main__ - INFO - ✅ taskset CPU affinity tool is available
2025-07-20 01:14:45,287 - __main__ - INFO - All required tools are available.
2025-07-20 01:14:45 - [MAIN] - INFO - Using configuration file: /home/user/Desktop/dataset_generation/config.json
2025-07-20 01:14:45,288 - __main__ - INFO - Starting Ryu SDN controller with CPU affinity...
2025-07-20 01:14:45,288 - __main__ - INFO - 🚀 Starting ryu on cores [1]: ryu-manager /home/user/Desktop/dataset_generation/src/controller/ryu_controller_app.py
2025-07-20 01:14:45,292 - __main__ - INFO - ✅ Started ryu with PID 22600 on cores [1]
2025-07-20 01:14:45,292 - __main__ - INFO - Ryu controller started with PID: 22600. See main_output/200725-5/ryu.log for logs.
2025-07-20 01:14:45,292 - __main__ - INFO - Checking for controller on port 6653 (timeout: 30s)...
2025-07-20 01:14:46,309 - __main__ - INFO - Controller is up and listening.
2025-07-20 01:14:46 - [MAIN] - INFO - Testing /hello endpoint...
2025-07-20 01:14:46 - [MAIN] - INFO - Test /hello endpoint: PASSED
2025-07-20 01:14:46,316 - __main__ - INFO - Setting up Mininet topology...
2025-07-20 01:14:46,561 - __main__ - INFO - Mininet version: 
2025-07-20 01:14:46,569 - __main__ - INFO - Connecting to remote controller at 127.0.0.1:6653
2025-07-20 01:14:48,859 - __main__ - INFO - Mininet network started successfully.
2025-07-20 01:14:48,859 - __main__ - INFO - Running Mininet pingall test...
2025-07-20 01:14:53,943 - __main__ - INFO - Mininet pingall test completed successfully. Packet loss: 0.0%
2025-07-20 01:14:53,943 - __main__ - INFO - Starting enhanced traffic generation scenario with CPU affinity optimization...
2025-07-20 01:14:53,943 - __main__ - INFO - ✅ Set current process affinity to cores [5, 6, 7, 8, 9, 10] for attacks
2025-07-20 01:14:53,943 - __main__ - INFO - ✅ Set CPU affinity for attack generation processes
2025-07-20 01:14:53,943 - __main__ - INFO - Phase 1: Initialization (5s)...
2025-07-20 01:14:58,951 - __main__ - INFO - Starting flow statistics collection for 6050 seconds...
2025-07-20 01:14:58,951 - __main__ - INFO - Flow statistics collection started in background.
2025-07-20 01:14:58,953 - __main__ - INFO - Phase 2: Normal Traffic (900s)...
2025-07-20 01:14:58,954 - __main__ - INFO - Timeline updated: normal phase started at 1752945298.953985
2025-07-20 01:30:07,497 - __main__ - INFO - Stopping packet capture (PID: 22863)...
2025-07-20 01:30:07,571 - __main__ - INFO - Packet capture stopped.
2025-07-20 01:30:07,571 - __main__ - INFO - Phase 3.1: Enhanced Traditional DDoS Attacks...
2025-07-20 01:30:07,572 - __main__ - INFO - Timeline updated: syn_flood phase started at 1752946207.572108
2025-07-20 01:31:27,125 - __main__ - INFO - Stopping packet capture (PID: 28758)...
2025-07-20 01:31:27,224 - __main__ - INFO - Packet capture stopped.
2025-07-20 01:31:27,224 - __main__ - INFO - Timeline updated: udp_flood phase started at 1752946287.2246094
2025-07-20 01:32:49,779 - __main__ - INFO - Stopping packet capture (PID: 28765)...
2025-07-20 01:32:49,870 - __main__ - INFO - Packet capture stopped.
2025-07-20 01:32:49,871 - __main__ - INFO - Timeline updated: icmp_flood phase started at 1752946369.8711507
2025-07-20 01:34:09,485 - __main__ - INFO - Stopping packet capture (PID: 28772)...
2025-07-20 01:34:09,586 - __main__ - INFO - Packet capture stopped.
2025-07-20 01:34:09,586 - __main__ - INFO - Phase 3.2: ENHANCED Adversarial DDoS Attacks...
2025-07-20 01:34:09,586 - __main__ - INFO - Timeline updated: ad_syn phase started at 1752946449.586415
2025-07-20 02:04:16,002 - __main__ - INFO - Stopping packet capture (PID: 28780)...
2025-07-20 02:04:16,107 - __main__ - INFO - Packet capture stopped.
2025-07-20 02:04:16,107 - __main__ - INFO - Timeline updated: ad_udp phase started at 1752948256.1077442
2025-07-20 02:24:23,870 - __main__ - INFO - Stopping packet capture (PID: 28859)...
2025-07-20 02:24:23,929 - __main__ - INFO - Packet capture stopped.
2025-07-20 02:24:23,929 - __main__ - INFO - Timeline updated: ad_slow phase started at 1752949463.929241
2025-07-20 02:24:29,975 - __main__ - INFO - Proceeding with ENHANCED adversarial slow attack
2025-07-20 02:24:29,975 - __main__ - INFO - Attack traffic will be captured via h6_slow_read.pcap and ad_slow.pcap
2025-07-20 02:54:32,125 - __main__ - INFO - Stopping packet capture (PID: 28918)...
2025-07-20 02:54:32,223 - __main__ - INFO - Packet capture stopped.
2025-07-20 02:54:32,223 - __main__ - INFO - Stopping packet capture (PID: 28917)...
2025-07-20 02:54:32,327 - __main__ - INFO - Packet capture stopped.
2025-07-20 02:54:32,327 - __main__ - INFO - Analyzing main_output/200725-5/h6_slow_read.pcap for TCP issues...
2025-07-20 02:54:32,328 - __main__ - INFO - TCP Analysis on h6 PCAP: RST Count = 0, Retransmission Count = 0
2025-07-20 02:54:32,328 - __main__ - WARNING - Inter-Packet Arrival Time analysis failed for h6 PCAP: Not enough packets
2025-07-20 02:54:32,329 - __main__ - INFO - Phase 4: Cooldown (5s)...
2025-07-20 02:54:32,329 - __main__ - INFO - Timeline updated: normal phase started at 1752951272.3290777
2025-07-20 02:54:37,334 - __main__ - INFO - Signaling flow collection thread to stop...
2025-07-20 02:54:37,334 - __main__ - INFO - Waiting for flow collection thread to finish...
2025-07-20 02:54:37,539 - __main__ - INFO - Flow collection received stop signal, ending gracefully.
2025-07-20 02:54:37,539 - __main__ - INFO - Flow timeline collection completed.
2025-07-20 02:54:39,829 - __main__ - INFO - Flow statistics saved to main_output/200725-5/flow_features.csv
2025-07-20 02:54:39,919 - __main__ - INFO - Flow collection thread finished successfully
2025-07-20 02:54:39,919 - __main__ - INFO - ============================================================
2025-07-20 02:54:39,919 - __main__ - INFO - ENHANCED COMPREHENSIVE TIMING SUMMARY
2025-07-20 02:54:39,919 - __main__ - INFO - ============================================================
2025-07-20 02:54:39,919 - __main__ - INFO - Configuration File: /home/user/Desktop/dataset_generation/config.json
2025-07-20 02:54:39,919 - __main__ - INFO - 
2025-07-20 02:54:39,919 - __main__ - INFO - Total Scenario Runtime: 5985.98 seconds (99.77 minutes)
2025-07-20 02:54:39,919 - __main__ - INFO - 
2025-07-20 02:54:39,919 - __main__ - INFO - Phase-by-Phase Breakdown:
2025-07-20 02:54:39,919 - __main__ - INFO -   Enhanced Traditional Attacks:
2025-07-20 02:54:39,919 - __main__ - INFO -     Enhanced Syn Flood: 79.65s (configured: 75s)
2025-07-20 02:54:39,919 - __main__ - INFO -     Enhanced Udp Flood: 82.65s (configured: 75s)
2025-07-20 02:54:39,920 - __main__ - INFO -     Enhanced Icmp Flood: 79.72s (configured: 75s)
2025-07-20 02:54:39,920 - __main__ - INFO -   ENHANCED Adversarial Attacks:
2025-07-20 02:54:39,920 - __main__ - INFO -     ENHANCED TCP State Exhaustion: 1806.52s (configured: 1800s)
2025-07-20 02:54:39,920 - __main__ - INFO -     ENHANCED Application Layer: 1207.82s (configured: 1200s)
2025-07-20 02:54:39,920 - __main__ - INFO -     ENHANCED Slow Read: 1808.40s (configured: 1800s)
2025-07-20 02:54:39,920 - __main__ - INFO -   Initialization: 5.01s (configured: 5s)
2025-07-20 02:54:39,920 - __main__ - INFO -   Normal_Traffic: 908.62s (configured: 900s)
2025-07-20 02:54:39,920 - __main__ - INFO -   Cooldown: 5.01s (configured: 5s)
2025-07-20 02:54:39,920 - __main__ - INFO - ============================================================
2025-07-20 02:54:39,920 - __main__ - INFO - ENHANCED traffic generation scenario finished with ~57.5% sophistication level.
2025-07-20 02:54:39 - [MAIN] - INFO - Enhanced PCAP generation complete.
2025-07-20 02:54:39 - [MAIN] - INFO - Processing 8 PCAP files using 4 CPU cores...
2025-07-20 02:54:39,920 - __main__ - INFO - Starting parallel PCAP processing with 4 workers...
2025-07-20 02:54:39,921 - __main__ - INFO - ✅ Set current process affinity to cores [0, 1, 2, 3, 4, 5, 6, 7, 8, 9, 10, 11, 12, 13, 14, 15] for pcap
2025-07-20 02:54:39,921 - __main__ - INFO - ✅ Set CPU affinity for PCAP processing (all cores)
2025-07-20 02:54:45,085 - __main__ - INFO - ✓ Completed processing normal.pcap (6096 records)
2025-07-20 02:54:45,085 - __main__ - INFO - ✓ Completed processing syn_flood.pcap (1361 records)
2025-07-20 02:54:45,085 - __main__ - INFO - ✓ Completed processing udp_flood.pcap (884 records)
2025-07-20 02:54:45,085 - __main__ - INFO - ✓ Completed processing icmp_flood.pcap (672 records)
2025-07-20 02:54:45,085 - __main__ - INFO - ✓ Completed processing ad_syn.pcap (1628 records)
2025-07-20 02:54:45,085 - __main__ - INFO - ✓ Completed processing ad_udp.pcap (895 records)
2025-07-20 02:54:45,085 - __main__ - INFO - ✓ Completed processing ad_slow.pcap (1352 records)
2025-07-20 02:54:45,085 - __main__ - INFO - ✓ Completed processing h6_slow_read.pcap (0 records)
2025-07-20 02:54:45,098 - __main__ - INFO - Parallel PCAP processing completed. Processed 8 files successfully.
2025-07-20 02:54:45 - [MAIN] - INFO - Parallel PCAP processing completed in 5.18 seconds (0.09 minutes)
2025-07-20 02:54:45 - [MAIN] - INFO - Enhanced combined labeled CSV generated at: main_output/200725-5/packet_features.csv
2025-07-20 02:54:45 - [MAIN] - INFO - Enhanced final combined CSV created successfully.
2025-07-20 02:54:45 - [MAIN] - INFO - 
--- Enhanced Packet Feature Counts by Class ---
2025-07-20 02:54:45 - [MAIN] - INFO -   normal: 6096 packets
2025-07-20 02:54:45 - [MAIN] - INFO -   ad_syn: 1628 packets
2025-07-20 02:54:45 - [MAIN] - INFO -   syn_flood: 1361 packets
2025-07-20 02:54:45 - [MAIN] - INFO -   ad_slow: 1352 packets
2025-07-20 02:54:45 - [MAIN] - INFO -   ad_udp: 895 packets
2025-07-20 02:54:45 - [MAIN] - INFO -   udp_flood: 884 packets
2025-07-20 02:54:45 - [MAIN] - INFO -   icmp_flood: 672 packets
2025-07-20 02:54:45 - [MAIN] - INFO - Enhanced flow-level dataset generated at: main_output/200725-5/flow_features.csv
2025-07-20 02:54:45 - [MAIN] - INFO - 
--- Enhanced Flow Feature Counts by Class ---
2025-07-20 02:54:45 - [MAIN] - INFO -   ad_slow: 55552 flows
2025-07-20 02:54:45 - [MAIN] - INFO -   ad_syn: 55490 flows
2025-07-20 02:54:45 - [MAIN] - INFO -   ad_udp: 37107 flows
2025-07-20 02:54:45 - [MAIN] - INFO -   normal: 28148 flows
2025-07-20 02:54:45 - [MAIN] - INFO -   udp_flood: 2542 flows
2025-07-20 02:54:45 - [MAIN] - INFO -   syn_flood: 2480 flows
2025-07-20 02:54:45 - [MAIN] - INFO -   icmp_flood: 2449 flows
2025-07-20 02:54:45 - [MAIN] - INFO - Generating enhanced dataset summary...
2025-07-20 02:54:45 - [MAIN] - INFO - Dataset generation summary displayed above
2025-07-20 02:54:45 - [MAIN] - INFO - Running enhanced timeline analysis...
2025-07-20 02:54:45 - [MAIN] - INFO - Starting timeline analysis...
2025-07-20 02:54:46 - [MAIN] - INFO - Timeline Analysis Results:
2025-07-20 02:54:46 - [MAIN] - INFO -   Total attack types: 7
2025-07-20 02:54:46 - [MAIN] - INFO -   Good alignment: 6
2025-07-20 02:54:46 - [MAIN] - INFO -   Overall score: 85.7%
2025-07-20 02:54:46 - [MAIN] - INFO -   Status: 👍 GOOD: Timeline alignment is acceptable with minor issues.
2025-07-20 02:54:46 - [MAIN] - WARNING - Poor alignment: normal
2025-07-20 02:54:46 - [MAIN] - INFO - ================================================================================
2025-07-20 02:54:46 - [MAIN] - INFO - ENHANCED FINAL EXECUTION SUMMARY
2025-07-20 02:54:46 - [MAIN] - INFO - ================================================================================
2025-07-20 02:54:46 - [MAIN] - INFO - 🚀 Enhanced Framework Version: v2.0
2025-07-20 02:54:46 - [MAIN] - INFO - 📊 Sophistication Level Achieved: ~57.5%
2025-07-20 02:54:46 - [MAIN] - INFO - 🔧 Enhancement Type: Tier 1 Zero-Installation
2025-07-20 02:54:46 - [MAIN] - INFO - ⚡ CPU Affinity Optimization: ENABLED
2025-07-20 02:54:46 - [MAIN] - INFO - 🖥️  Total Cores Utilized: 16
2025-07-20 02:54:46 - [MAIN] - INFO - ⏱️  Total Execution Time: 6002.38 seconds (100.04 minutes | 1.67 hours)
2025-07-20 02:54:46 - [MAIN] - INFO - 📅 Enhanced Dataset Generation Complete: 2025-07-20 02:54:46
2025-07-20 02:54:46 - [MAIN] - INFO - 📈 Timeline Alignment Score: 85.7%
2025-07-20 02:54:46 - [MAIN] - INFO - ✅ Timeline Quality: GOOD
2025-07-20 02:54:46 - [MAIN] - INFO - ================================================================================
2025-07-20 02:54:46 - [MAIN] - INFO - 🎉 ENHANCED ADVERSARIAL DDOS DATASET GENERATION COMPLETED
2025-07-20 02:54:46 - [MAIN] - INFO - 📋 Enhancements Applied:
2025-07-20 02:54:46 - [MAIN] - INFO -    • Statistical Feature Manipulation (Basic ML Evasion)
2025-07-20 02:54:46 - [MAIN] - INFO -    • TCP State Machine Simulation (Advanced Protocol Exploitation)
2025-07-20 02:54:46 - [MAIN] - INFO -    • Behavioral Pattern Generator (Enhanced Behavioral Mimicry)
2025-07-20 02:54:46 - [MAIN] - INFO -    • Traffic Fingerprint Evasion (Traffic Camouflage Enhancement)
2025-07-20 02:54:46 - [MAIN] - INFO -    • CPU Core Affinity Optimization (Performance Enhancement)
2025-07-20 02:54:46 - [MAIN] - INFO - ================================================================================
2025-07-20 02:54:46,081 - __main__ - INFO - Cleaning up resources...
2025-07-20 02:54:46,081 - __main__ - INFO - Terminating Ryu controller (PID: 22600)...
2025-07-20 02:54:46,085 - __main__ - INFO - Cleaning up Mininet environment...
2025-07-20 02:54:47,691 - __main__ - INFO - Cleanup complete.
