2025-07-19 18:34:17 - [MAIN] - INFO - 🚀 TIER 1 ZERO-INSTALLATION ENHANCEMENTS ACTIVE
2025-07-19 18:34:17 - [MAIN] - INFO - 📈 Target Sophistication Level: ~57.5%
2025-07-19 18:34:17 - [MAIN] - INFO - 🔧 Built-in Dependencies Only (statistics, math, hashlib, collections, calendar, base64)
2025-07-19 18:34:17 - [MAIN] - INFO - ⚡ CPU Affinity Optimization ENABLED
2025-07-19 18:34:17,237 - __main__ - INFO - 🔧 CPU Core Allocation:
2025-07-19 18:34:17,237 - __main__ - INFO -   System: Cores 0
2025-07-19 18:34:17,237 - __main__ - INFO -   Ryu: Cores 1
2025-07-19 18:34:17,237 - __main__ - INFO -   Mininet: Cores 2,3,4
2025-07-19 18:34:17,237 - __main__ - INFO -   Attacks: Cores 5,6,7,8,9,10
2025-07-19 18:34:17,237 - __main__ - INFO -   Background: Cores 11
2025-07-19 18:34:17,237 - __main__ - INFO -   Pcap: Cores 0-15 (all cores, post-simulation)
2025-07-19 18:34:17 - [MAIN] - INFO - Cleaning up any previous Mininet instances...
2025-07-19 18:34:18 - [MAIN] - INFO - Mininet cleanup complete.
2025-07-19 18:34:18,712 - __main__ - INFO - Verifying required tools...
2025-07-19 18:34:18,977 - __main__ - INFO - TShark version: Running as user "root" and group "root". This could be dangerous.
2025-07-19 18:34:18,984 - __main__ - INFO - ✅ taskset CPU affinity tool is available
2025-07-19 18:34:18,984 - __main__ - INFO - All required tools are available.
2025-07-19 18:34:18 - [MAIN] - INFO - Using configuration file: /home/user/Desktop/dataset_generation/config.json
2025-07-19 18:34:18,984 - __main__ - INFO - Starting Ryu SDN controller with CPU affinity...
2025-07-19 18:34:18,985 - __main__ - INFO - 🚀 Starting ryu on cores [1]: ryu-manager /home/user/Desktop/dataset_generation/src/controller/ryu_controller_app.py
2025-07-19 18:34:18,989 - __main__ - INFO - ✅ Started ryu with PID 126370 on cores [1]
2025-07-19 18:34:18,989 - __main__ - INFO - Ryu controller started with PID: 126370. See main_output/190725-1/ryu.log for logs.
2025-07-19 18:34:18,989 - __main__ - INFO - Checking for controller on port 6653 (timeout: 30s)...
2025-07-19 18:34:20,008 - __main__ - INFO - Controller is up and listening.
2025-07-19 18:34:20 - [MAIN] - INFO - Testing /hello endpoint...
2025-07-19 18:34:20 - [MAIN] - INFO - Test /hello endpoint: PASSED
2025-07-19 18:34:20,016 - __main__ - INFO - Setting up Mininet topology...
2025-07-19 18:34:20,260 - __main__ - INFO - Mininet version: 
2025-07-19 18:34:20,269 - __main__ - INFO - Connecting to remote controller at 127.0.0.1:6653
2025-07-19 18:34:20,554 - __main__ - INFO - Mininet network started successfully.
2025-07-19 18:34:20,555 - __main__ - INFO - Running Mininet pingall test...
2025-07-19 18:34:25,651 - __main__ - INFO - Mininet pingall test completed successfully. Packet loss: 0.0%
2025-07-19 18:34:25,651 - __main__ - INFO - Starting enhanced traffic generation scenario with CPU affinity optimization...
2025-07-19 18:34:25,651 - __main__ - INFO - ✅ Set current process affinity to cores [5, 6, 7, 8, 9, 10] for attacks
2025-07-19 18:34:25,651 - __main__ - INFO - ✅ Set CPU affinity for attack generation processes
2025-07-19 18:34:25,651 - __main__ - INFO - Phase 1: Initialization (5s)...
2025-07-19 18:34:30,659 - __main__ - INFO - Starting flow statistics collection for 6050 seconds...
2025-07-19 18:34:30,659 - __main__ - INFO - Flow statistics collection started in background.
2025-07-19 18:34:30,661 - __main__ - INFO - Phase 2: Normal Traffic (900s)...
2025-07-19 18:34:30,661 - __main__ - INFO - Timeline updated: normal phase started at 1752921270.6619654
2025-07-19 18:49:41,099 - __main__ - INFO - Stopping packet capture (PID: 126638)...
2025-07-19 18:49:41,169 - __main__ - INFO - Packet capture stopped.
2025-07-19 18:49:41,169 - __main__ - INFO - Phase 3.1: Enhanced Traditional DDoS Attacks...
2025-07-19 18:49:41,169 - __main__ - INFO - Timeline updated: syn_flood phase started at 1752922181.1698222
2025-07-19 18:51:00,795 - __main__ - INFO - Stopping packet capture (PID: 2057)...
2025-07-19 18:51:00,886 - __main__ - INFO - Packet capture stopped.
2025-07-19 18:51:00,887 - __main__ - INFO - Timeline updated: udp_flood phase started at 1752922260.8871574
2025-07-19 18:52:23,490 - __main__ - INFO - Stopping packet capture (PID: 2063)...
2025-07-19 18:52:23,539 - __main__ - INFO - Packet capture stopped.
2025-07-19 18:52:23,540 - __main__ - INFO - Timeline updated: icmp_flood phase started at 1752922343.5401595
2025-07-19 18:53:43,099 - __main__ - INFO - Stopping packet capture (PID: 2080)...
2025-07-19 18:53:43,190 - __main__ - INFO - Packet capture stopped.
2025-07-19 18:53:43,191 - __main__ - INFO - Phase 3.2: ENHANCED Adversarial DDoS Attacks...
2025-07-19 18:53:43,191 - __main__ - INFO - Timeline updated: ad_syn phase started at 1752922423.1912315
2025-07-19 19:23:49,286 - __main__ - INFO - Stopping packet capture (PID: 2088)...
2025-07-19 19:23:49,376 - __main__ - INFO - Packet capture stopped.
2025-07-19 19:23:49,376 - __main__ - INFO - Timeline updated: ad_udp phase started at 1752924229.3766003
2025-07-19 19:43:58,460 - __main__ - INFO - Stopping packet capture (PID: 2171)...
2025-07-19 19:43:58,553 - __main__ - INFO - Packet capture stopped.
2025-07-19 19:43:58,554 - __main__ - INFO - Timeline updated: ad_slow phase started at 1752925438.5541186
2025-07-19 19:44:04,601 - __main__ - INFO - Proceeding with ENHANCED adversarial slow attack
2025-07-19 19:44:04,601 - __main__ - INFO - Attack traffic will be captured via h6_slow_read.pcap and ad_slow.pcap
2025-07-19 20:14:07,338 - __main__ - INFO - Stopping packet capture (PID: 2231)...
2025-07-19 20:14:07,435 - __main__ - INFO - Packet capture stopped.
2025-07-19 20:14:07,436 - __main__ - INFO - Stopping packet capture (PID: 2230)...
2025-07-19 20:14:07,594 - __main__ - INFO - Packet capture stopped.
2025-07-19 20:14:07,594 - __main__ - INFO - Analyzing main_output/190725-1/h6_slow_read.pcap for TCP issues...
2025-07-19 20:14:07,595 - __main__ - INFO - TCP Analysis on h6 PCAP: RST Count = 0, Retransmission Count = 0
2025-07-19 20:14:07,595 - __main__ - WARNING - Inter-Packet Arrival Time analysis failed for h6 PCAP: Not enough packets
2025-07-19 20:14:07,595 - __main__ - INFO - Phase 4: Cooldown (5s)...
2025-07-19 20:14:07,595 - __main__ - INFO - Timeline updated: normal phase started at 1752927247.5957139
2025-07-19 20:14:12,608 - __main__ - INFO - Signaling flow collection thread to stop...
2025-07-19 20:14:12,608 - __main__ - INFO - Waiting for flow collection thread to finish...
2025-07-19 20:14:12,932 - __main__ - INFO - Flow collection received stop signal, ending gracefully.
2025-07-19 20:14:12,932 - __main__ - INFO - Flow timeline collection completed.
2025-07-19 20:14:15,189 - __main__ - INFO - Flow statistics saved to main_output/190725-1/flow_features.csv
2025-07-19 20:14:15,278 - __main__ - INFO - Flow collection thread finished successfully
2025-07-19 20:14:15,279 - __main__ - INFO - ============================================================
2025-07-19 20:14:15,279 - __main__ - INFO - ENHANCED COMPREHENSIVE TIMING SUMMARY
2025-07-19 20:14:15,279 - __main__ - INFO - ============================================================
2025-07-19 20:14:15,279 - __main__ - INFO - Configuration File: /home/user/Desktop/dataset_generation/config.json
2025-07-19 20:14:15,279 - __main__ - INFO - 
2025-07-19 20:14:15,279 - __main__ - INFO - Total Scenario Runtime: 5989.63 seconds (99.83 minutes)
2025-07-19 20:14:15,279 - __main__ - INFO - 
2025-07-19 20:14:15,279 - __main__ - INFO - Phase-by-Phase Breakdown:
2025-07-19 20:14:15,279 - __main__ - INFO -   Enhanced Traditional Attacks:
2025-07-19 20:14:15,279 - __main__ - INFO -     Enhanced Syn Flood: 79.72s (configured: 75s)
2025-07-19 20:14:15,280 - __main__ - INFO -     Enhanced Udp Flood: 82.65s (configured: 75s)
2025-07-19 20:14:15,280 - __main__ - INFO -     Enhanced Icmp Flood: 79.65s (configured: 75s)
2025-07-19 20:14:15,280 - __main__ - INFO -   ENHANCED Adversarial Attacks:
2025-07-19 20:14:15,280 - __main__ - INFO -     ENHANCED TCP State Exhaustion: 1806.19s (configured: 1800s)
2025-07-19 20:14:15,280 - __main__ - INFO -     ENHANCED Application Layer: 1209.18s (configured: 1200s)
2025-07-19 20:14:15,280 - __main__ - INFO -     ENHANCED Slow Read: 1809.04s (configured: 1800s)
2025-07-19 20:14:15,280 - __main__ - INFO -   Initialization: 5.01s (configured: 5s)
2025-07-19 20:14:15,280 - __main__ - INFO -   Normal_Traffic: 910.51s (configured: 900s)
2025-07-19 20:14:15,280 - __main__ - INFO -   Cooldown: 5.01s (configured: 5s)
2025-07-19 20:14:15,280 - __main__ - INFO - ============================================================
2025-07-19 20:14:15,280 - __main__ - INFO - ENHANCED traffic generation scenario finished with ~57.5% sophistication level.
2025-07-19 20:14:15 - [MAIN] - INFO - Enhanced PCAP generation complete.
2025-07-19 20:14:15 - [MAIN] - INFO - Processing 8 PCAP files using 4 CPU cores...
2025-07-19 20:14:15,281 - __main__ - INFO - Starting parallel PCAP processing with 4 workers...
2025-07-19 20:14:15,281 - __main__ - INFO - ✅ Set current process affinity to cores [0, 1, 2, 3, 4, 5, 6, 7, 8, 9, 10, 11, 12, 13, 14, 15] for pcap
2025-07-19 20:14:15,281 - __main__ - INFO - ✅ Set CPU affinity for PCAP processing (all cores)
2025-07-19 20:14:20,304 - __main__ - INFO - ✓ Completed processing normal.pcap (6104 records)
2025-07-19 20:14:20,304 - __main__ - INFO - ✓ Completed processing syn_flood.pcap (1333 records)
2025-07-19 20:14:20,305 - __main__ - INFO - ✓ Completed processing udp_flood.pcap (892 records)
2025-07-19 20:14:20,305 - __main__ - INFO - ✓ Completed processing icmp_flood.pcap (692 records)
2025-07-19 20:14:20,305 - __main__ - INFO - ✓ Completed processing ad_syn.pcap (1634 records)
2025-07-19 20:14:20,305 - __main__ - INFO - ✓ Completed processing ad_udp.pcap (943 records)
2025-07-19 20:14:20,305 - __main__ - INFO - ✓ Completed processing ad_slow.pcap (1356 records)
2025-07-19 20:14:20,305 - __main__ - INFO - ✓ Completed processing h6_slow_read.pcap (0 records)
2025-07-19 20:14:20,318 - __main__ - INFO - Parallel PCAP processing completed. Processed 8 files successfully.
2025-07-19 20:14:20 - [MAIN] - INFO - Parallel PCAP processing completed in 5.04 seconds (0.08 minutes)
2025-07-19 20:14:20 - [MAIN] - INFO - Enhanced combined labeled CSV generated at: main_output/190725-1/packet_features.csv
2025-07-19 20:14:20 - [MAIN] - INFO - Enhanced final combined CSV created successfully.
2025-07-19 20:14:20 - [MAIN] - INFO - 
--- Enhanced Packet Feature Counts by Class ---
2025-07-19 20:14:20 - [MAIN] - INFO -   normal: 6104 packets
2025-07-19 20:14:20 - [MAIN] - INFO -   ad_syn: 1634 packets
2025-07-19 20:14:20 - [MAIN] - INFO -   ad_slow: 1356 packets
2025-07-19 20:14:20 - [MAIN] - INFO -   syn_flood: 1333 packets
2025-07-19 20:14:20 - [MAIN] - INFO -   ad_udp: 943 packets
2025-07-19 20:14:20 - [MAIN] - INFO -   udp_flood: 892 packets
2025-07-19 20:14:20 - [MAIN] - INFO -   icmp_flood: 692 packets
2025-07-19 20:14:20 - [MAIN] - INFO - Enhanced flow-level dataset generated at: main_output/190725-1/flow_features.csv
2025-07-19 20:14:20 - [MAIN] - INFO - 
--- Enhanced Flow Feature Counts by Class ---
2025-07-19 20:14:20 - [MAIN] - INFO -   ad_slow: 55583 flows
2025-07-19 20:14:20 - [MAIN] - INFO -   ad_syn: 55459 flows
2025-07-19 20:14:20 - [MAIN] - INFO -   ad_udp: 37169 flows
2025-07-19 20:14:20 - [MAIN] - INFO -   normal: 28210 flows
2025-07-19 20:14:20 - [MAIN] - INFO -   udp_flood: 2542 flows
2025-07-19 20:14:20 - [MAIN] - INFO -   syn_flood: 2480 flows
2025-07-19 20:14:20 - [MAIN] - INFO -   icmp_flood: 2449 flows
2025-07-19 20:14:20 - [MAIN] - INFO - Generating enhanced dataset summary...
2025-07-19 20:14:20 - [MAIN] - INFO - Dataset generation summary displayed above
2025-07-19 20:14:20 - [MAIN] - INFO - Running enhanced timeline analysis...
2025-07-19 20:14:20 - [MAIN] - INFO - Starting timeline analysis...
2025-07-19 20:14:21 - [MAIN] - INFO - Timeline Analysis Results:
2025-07-19 20:14:21 - [MAIN] - INFO -   Total attack types: 7
2025-07-19 20:14:21 - [MAIN] - INFO -   Good alignment: 6
2025-07-19 20:14:21 - [MAIN] - INFO -   Overall score: 85.7%
2025-07-19 20:14:21 - [MAIN] - INFO -   Status: 👍 GOOD: Timeline alignment is acceptable with minor issues.
2025-07-19 20:14:21 - [MAIN] - WARNING - Poor alignment: normal
2025-07-19 20:14:21 - [MAIN] - INFO - ================================================================================
2025-07-19 20:14:21 - [MAIN] - INFO - ENHANCED FINAL EXECUTION SUMMARY
2025-07-19 20:14:21 - [MAIN] - INFO - ================================================================================
2025-07-19 20:14:21 - [MAIN] - INFO - 🚀 Enhanced Framework Version: v2.0
2025-07-19 20:14:21 - [MAIN] - INFO - 📊 Sophistication Level Achieved: ~57.5%
2025-07-19 20:14:21 - [MAIN] - INFO - 🔧 Enhancement Type: Tier 1 Zero-Installation
2025-07-19 20:14:21 - [MAIN] - INFO - ⚡ CPU Affinity Optimization: ENABLED
2025-07-19 20:14:21 - [MAIN] - INFO - 🖥️  Total Cores Utilized: 16
2025-07-19 20:14:21 - [MAIN] - INFO - ⏱️  Total Execution Time: 6004.10 seconds (100.07 minutes | 1.67 hours)
2025-07-19 20:14:21 - [MAIN] - INFO - 📅 Enhanced Dataset Generation Complete: 2025-07-19 20:14:21
2025-07-19 20:14:21 - [MAIN] - INFO - 📈 Timeline Alignment Score: 85.7%
2025-07-19 20:14:21 - [MAIN] - INFO - ✅ Timeline Quality: GOOD
2025-07-19 20:14:21 - [MAIN] - INFO - ================================================================================
2025-07-19 20:14:21 - [MAIN] - INFO - 🎉 ENHANCED ADVERSARIAL DDOS DATASET GENERATION COMPLETED
2025-07-19 20:14:21 - [MAIN] - INFO - 📋 Enhancements Applied:
2025-07-19 20:14:21 - [MAIN] - INFO -    • Statistical Feature Manipulation (Basic ML Evasion)
2025-07-19 20:14:21 - [MAIN] - INFO -    • TCP State Machine Simulation (Advanced Protocol Exploitation)
2025-07-19 20:14:21 - [MAIN] - INFO -    • Behavioral Pattern Generator (Enhanced Behavioral Mimicry)
2025-07-19 20:14:21 - [MAIN] - INFO -    • Traffic Fingerprint Evasion (Traffic Camouflage Enhancement)
2025-07-19 20:14:21 - [MAIN] - INFO -    • CPU Core Affinity Optimization (Performance Enhancement)
2025-07-19 20:14:21 - [MAIN] - INFO - ================================================================================
2025-07-19 20:14:21,334 - __main__ - INFO - Cleaning up resources...
2025-07-19 20:14:21,334 - __main__ - INFO - Terminating Ryu controller (PID: 126370)...
2025-07-19 20:14:21,338 - __main__ - INFO - Cleaning up Mininet environment...
2025-07-19 20:14:22,980 - __main__ - INFO - Cleanup complete.
