2025-09-12 19:58:25,033 - attack_logger - INFO - Attack: Enhanced SYN Flood (11s) | h1 -> h6
2025-09-12 19:58:27,548 - attack_logger - INFO - [syn_flood] [Run ID: aeafe9d7-fec0-4721-8b3a-1ce2bf6075a1] Starting Enhanced SYN Flood from h1 to 192.168.30.10 for 11 seconds.
2025-09-12 19:58:27,549 - attack_logger - INFO - [syn_flood] [Run ID: aeafe9d7-fec0-4721-8b3a-1ce2bf6075a1] Attack Phase: Enhanced Traditional SYN Flood - Attacker: h1, Target: 192.168.30.10:80, Duration: 11s
2025-09-12 19:58:27,549 - attack_logger - INFO - [syn_flood] [Run ID: aeafe9d7-fec0-4721-8b3a-1ce2bf6075a1] Enhanced Features: Human-like timing, protocol compliance, network delay simulation
2025-09-12 19:58:27,549 - attack_logger - INFO - [syn_flood] [Run ID: aeafe9d7-fec0-4721-8b3a-1ce2bf6075a1] Session pattern: 1 phases, Circadian factor: 0.60, Workday factor: 0.60
2025-09-12 19:58:27,549 - attack_logger - DEBUG - [syn_flood] [Run ID: aeafe9d7-fec0-4721-8b3a-1ce2bf6075a1] Starting enhanced SYN packet generation with human-like timing
2025-09-12 19:58:27,549 - attack_logger - INFO - [syn_flood] [Run ID: aeafe9d7-fec0-4721-8b3a-1ce2bf6075a1] Stress phase: 3s, Advanced phase: 8s
2025-09-12 19:58:31,170 - attack_logger - INFO - [syn_flood] [Run ID: aeafe9d7-fec0-4721-8b3a-1ce2bf6075a1] Stress phase completed
2025-09-12 19:58:31,178 - attack_logger - INFO - [syn_flood] [Run ID: aeafe9d7-fec0-4721-8b3a-1ce2bf6075a1] Enhanced SYN flood process started (PID: 34845)
2025-09-12 19:58:32,255 - attack_logger - INFO - [syn_flood] [Run ID: aeafe9d7-fec0-4721-8b3a-1ce2bf6075a1] Attack progress: 1.1s elapsed, ~10 packets sent, Rate: 9.2 pps, Phase: active (intensity: 0.95)
2025-09-12 19:58:32,256 - attack_logger - DEBUG - [syn_flood] [Run ID: aeafe9d7-fec0-4721-8b3a-1ce2bf6075a1] Process stats - CPU: 0.0%, Memory: 60.3MB
2025-09-12 19:58:32,256 - attack_logger - DEBUG - [syn_flood] [Run ID: aeafe9d7-fec0-4721-8b3a-1ce2bf6075a1] Timing factors - Circadian: 0.60, Workday: 0.60, Adjusted rate: 9.6 pps
2025-09-12 19:58:33,296 - attack_logger - INFO - [syn_flood] [Run ID: aeafe9d7-fec0-4721-8b3a-1ce2bf6075a1] Attack progress: 2.1s elapsed, ~14 packets sent, Rate: 6.6 pps, Phase: active (intensity: 0.95)
2025-09-12 19:58:33,296 - attack_logger - DEBUG - [syn_flood] [Run ID: aeafe9d7-fec0-4721-8b3a-1ce2bf6075a1] Process stats - CPU: 0.0%, Memory: 60.3MB
2025-09-12 19:58:33,296 - attack_logger - DEBUG - [syn_flood] [Run ID: aeafe9d7-fec0-4721-8b3a-1ce2bf6075a1] Timing factors - Circadian: 0.60, Workday: 0.60, Adjusted rate: 7.0 pps
2025-09-12 19:58:34,403 - attack_logger - INFO - [syn_flood] [Run ID: aeafe9d7-fec0-4721-8b3a-1ce2bf6075a1] Attack progress: 3.2s elapsed, ~32 packets sent, Rate: 9.9 pps, Phase: active (intensity: 0.95)
2025-09-12 19:58:34,403 - attack_logger - DEBUG - [syn_flood] [Run ID: aeafe9d7-fec0-4721-8b3a-1ce2bf6075a1] Process stats - CPU: 0.0%, Memory: 60.3MB
2025-09-12 19:58:34,403 - attack_logger - DEBUG - [syn_flood] [Run ID: aeafe9d7-fec0-4721-8b3a-1ce2bf6075a1] Timing factors - Circadian: 0.60, Workday: 0.60, Adjusted rate: 9.9 pps
2025-09-12 19:58:35,408 - attack_logger - INFO - [syn_flood] [Run ID: aeafe9d7-fec0-4721-8b3a-1ce2bf6075a1] Attack progress: 4.2s elapsed, ~41 packets sent, Rate: 9.7 pps, Phase: active (intensity: 0.95)
2025-09-12 19:58:35,408 - attack_logger - DEBUG - [syn_flood] [Run ID: aeafe9d7-fec0-4721-8b3a-1ce2bf6075a1] Process stats - CPU: 0.0%, Memory: 60.5MB
2025-09-12 19:58:35,409 - attack_logger - DEBUG - [syn_flood] [Run ID: aeafe9d7-fec0-4721-8b3a-1ce2bf6075a1] Timing factors - Circadian: 0.60, Workday: 0.60, Adjusted rate: 9.8 pps
2025-09-12 19:58:36,441 - attack_logger - INFO - [syn_flood] [Run ID: aeafe9d7-fec0-4721-8b3a-1ce2bf6075a1] Attack progress: 5.3s elapsed, ~53 packets sent, Rate: 10.1 pps, Phase: active (intensity: 0.95)
2025-09-12 19:58:36,441 - attack_logger - DEBUG - [syn_flood] [Run ID: aeafe9d7-fec0-4721-8b3a-1ce2bf6075a1] Process stats - CPU: 0.0%, Memory: 60.5MB
2025-09-12 19:58:36,442 - attack_logger - DEBUG - [syn_flood] [Run ID: aeafe9d7-fec0-4721-8b3a-1ce2bf6075a1] Timing factors - Circadian: 0.60, Workday: 0.60, Adjusted rate: 10.1 pps
2025-09-12 19:58:37,547 - attack_logger - INFO - [syn_flood] [Run ID: aeafe9d7-fec0-4721-8b3a-1ce2bf6075a1] Attack progress: 6.4s elapsed, ~54 packets sent, Rate: 8.5 pps, Phase: active (intensity: 0.95)
2025-09-12 19:58:37,547 - attack_logger - DEBUG - [syn_flood] [Run ID: aeafe9d7-fec0-4721-8b3a-1ce2bf6075a1] Process stats - CPU: 0.0%, Memory: 60.5MB
2025-09-12 19:58:37,548 - attack_logger - DEBUG - [syn_flood] [Run ID: aeafe9d7-fec0-4721-8b3a-1ce2bf6075a1] Timing factors - Circadian: 0.60, Workday: 0.60, Adjusted rate: 8.5 pps
2025-09-12 19:58:38,552 - attack_logger - INFO - [syn_flood] [Run ID: aeafe9d7-fec0-4721-8b3a-1ce2bf6075a1] Attack progress: 7.4s elapsed, ~70 packets sent, Rate: 9.5 pps, Phase: active (intensity: 0.95)
2025-09-12 19:58:38,552 - attack_logger - DEBUG - [syn_flood] [Run ID: aeafe9d7-fec0-4721-8b3a-1ce2bf6075a1] Process stats - CPU: 0.0%, Memory: 60.5MB
2025-09-12 19:58:38,552 - attack_logger - DEBUG - [syn_flood] [Run ID: aeafe9d7-fec0-4721-8b3a-1ce2bf6075a1] Timing factors - Circadian: 0.60, Workday: 0.60, Adjusted rate: 9.6 pps
2025-09-12 19:58:39,272 - attack_logger - DEBUG - [syn_flood] [Run ID: aeafe9d7-fec0-4721-8b3a-1ce2bf6075a1] Sent SIGINT to SYN flood process 34845
2025-09-12 19:58:39,774 - attack_logger - INFO - [syn_flood] [Run ID: aeafe9d7-fec0-4721-8b3a-1ce2bf6075a1] Enhanced SYN Flood from h1 to 192.168.30.10 finished.
2025-09-12 19:58:39,774 - attack_logger - INFO - [syn_flood] [Run ID: aeafe9d7-fec0-4721-8b3a-1ce2bf6075a1] Attack completed. Total packets sent = 59, Average rate = 7.28 packets/sec.
2025-09-12 19:58:39,774 - attack_logger - INFO - [syn_flood] [Run ID: aeafe9d7-fec0-4721-8b3a-1ce2bf6075a1] --- Enhanced Attack Summary ---
2025-09-12 19:58:39,774 - attack_logger - INFO - [syn_flood] [Run ID: aeafe9d7-fec0-4721-8b3a-1ce2bf6075a1] Total packets sent: 59
2025-09-12 19:58:39,774 - attack_logger - INFO - [syn_flood] [Run ID: aeafe9d7-fec0-4721-8b3a-1ce2bf6075a1] Actual duration: 8.10s
2025-09-12 19:58:39,774 - attack_logger - INFO - [syn_flood] [Run ID: aeafe9d7-fec0-4721-8b3a-1ce2bf6075a1] Average rate: 7.28 packets/sec
2025-09-12 19:58:39,774 - attack_logger - INFO - [syn_flood] [Run ID: aeafe9d7-fec0-4721-8b3a-1ce2bf6075a1] Base rate: 20.3 pps
2025-09-12 19:58:39,774 - attack_logger - INFO - [syn_flood] [Run ID: aeafe9d7-fec0-4721-8b3a-1ce2bf6075a1] Circadian factor: 0.60
2025-09-12 19:58:39,774 - attack_logger - INFO - [syn_flood] [Run ID: aeafe9d7-fec0-4721-8b3a-1ce2bf6075a1] Workday factor: 0.60
2025-09-12 19:58:39,774 - attack_logger - INFO - [syn_flood] [Run ID: aeafe9d7-fec0-4721-8b3a-1ce2bf6075a1] Session phases: 1
2025-09-12 19:58:39,774 - attack_logger - INFO - [syn_flood] [Run ID: aeafe9d7-fec0-4721-8b3a-1ce2bf6075a1] Target port: 80
2025-09-12 19:58:39,774 - attack_logger - INFO - [syn_flood] [Run ID: aeafe9d7-fec0-4721-8b3a-1ce2bf6075a1] Attack method: Enhanced SYN Flood with Human-like Timing
2025-09-12 19:58:39,774 - attack_logger - INFO - [syn_flood] [Run ID: aeafe9d7-fec0-4721-8b3a-1ce2bf6075a1] Enhancement features: Human timing patterns, protocol compliance, network delay simulation
2025-09-12 19:58:39,774 - attack_logger - INFO - [syn_flood] [Run ID: aeafe9d7-fec0-4721-8b3a-1ce2bf6075a1] TCP options: MSS, WScale, Timestamp, SAckOK
2025-09-12 19:58:39,774 - attack_logger - INFO - [syn_flood] [Run ID: aeafe9d7-fec0-4721-8b3a-1ce2bf6075a1] ----------------------------------------
2025-09-12 19:58:39,812 - attack_logger - INFO - Attack: Enhanced SYN Flood completed.
2025-09-12 19:58:39,812 - attack_logger - INFO - Attack: Enhanced UDP Flood (22s) | h1 -> h6
2025-09-12 19:58:42,331 - attack_logger - INFO - [udp_flood] [Run ID: 2af7a2ef-28cc-41a5-8878-5d2870a9ee64] Starting Enhanced UDP Flood from h1 to 192.168.30.10 for 22 seconds.
2025-09-12 19:58:42,331 - attack_logger - INFO - [udp_flood] [Run ID: 2af7a2ef-28cc-41a5-8878-5d2870a9ee64] Attack Phase: Enhanced Traditional UDP Flood - Attacker: h1, Target: 192.168.30.10:53, Duration: 22s
2025-09-12 19:58:42,331 - attack_logger - INFO - [udp_flood] [Run ID: 2af7a2ef-28cc-41a5-8878-5d2870a9ee64] Enhanced Features: Human-like timing, protocol compliance, network delay simulation
2025-09-12 19:58:42,331 - attack_logger - INFO - [udp_flood] [Run ID: 2af7a2ef-28cc-41a5-8878-5d2870a9ee64] Stress phase: 6s, Advanced phase: 16s
2025-09-12 19:58:48,928 - attack_logger - INFO - [udp_flood] [Run ID: 2af7a2ef-28cc-41a5-8878-5d2870a9ee64] Stress phase completed
2025-09-12 19:58:48,928 - attack_logger - INFO - [udp_flood] [Run ID: 2af7a2ef-28cc-41a5-8878-5d2870a9ee64] Session pattern: 1 phases, Circadian factor: 0.60, Workday factor: 0.60
2025-09-12 19:58:48,928 - attack_logger - DEBUG - [udp_flood] [Run ID: 2af7a2ef-28cc-41a5-8878-5d2870a9ee64] Starting enhanced UDP packet generation with human-like timing
2025-09-12 19:58:48,935 - attack_logger - INFO - [udp_flood] [Run ID: 2af7a2ef-28cc-41a5-8878-5d2870a9ee64] Enhanced UDP flood process started (PID: 34854)
2025-09-12 19:58:52,005 - attack_logger - INFO - [udp_flood] [Run ID: 2af7a2ef-28cc-41a5-8878-5d2870a9ee64] Attack progress: 3.1s elapsed, ~23 packets sent, Rate: 7.5 pps, Phase: active (intensity: 0.78)
2025-09-12 19:58:52,005 - attack_logger - DEBUG - [udp_flood] [Run ID: 2af7a2ef-28cc-41a5-8878-5d2870a9ee64] Process stats - CPU: 0.0%, Memory: 60.3MB
2025-09-12 19:58:52,005 - attack_logger - DEBUG - [udp_flood] [Run ID: 2af7a2ef-28cc-41a5-8878-5d2870a9ee64] Timing factors - Circadian: 0.60, Workday: 0.60, Adjusted rate: 7.6 pps
2025-09-12 19:58:55,032 - attack_logger - INFO - [udp_flood] [Run ID: 2af7a2ef-28cc-41a5-8878-5d2870a9ee64] Attack progress: 6.1s elapsed, ~49 packets sent, Rate: 8.0 pps, Phase: active (intensity: 0.78)
2025-09-12 19:58:55,032 - attack_logger - DEBUG - [udp_flood] [Run ID: 2af7a2ef-28cc-41a5-8878-5d2870a9ee64] Process stats - CPU: 0.0%, Memory: 60.6MB
2025-09-12 19:58:55,032 - attack_logger - DEBUG - [udp_flood] [Run ID: 2af7a2ef-28cc-41a5-8878-5d2870a9ee64] Timing factors - Circadian: 0.60, Workday: 0.60, Adjusted rate: 8.0 pps
2025-09-12 19:58:58,109 - attack_logger - INFO - [udp_flood] [Run ID: 2af7a2ef-28cc-41a5-8878-5d2870a9ee64] Attack progress: 9.2s elapsed, ~59 packets sent, Rate: 6.4 pps, Phase: active (intensity: 0.78)
2025-09-12 19:58:58,110 - attack_logger - DEBUG - [udp_flood] [Run ID: 2af7a2ef-28cc-41a5-8878-5d2870a9ee64] Process stats - CPU: 0.0%, Memory: 60.6MB
2025-09-12 19:58:58,110 - attack_logger - DEBUG - [udp_flood] [Run ID: 2af7a2ef-28cc-41a5-8878-5d2870a9ee64] Timing factors - Circadian: 0.60, Workday: 0.60, Adjusted rate: 6.5 pps
2025-09-12 19:59:01,115 - attack_logger - INFO - [udp_flood] [Run ID: 2af7a2ef-28cc-41a5-8878-5d2870a9ee64] Attack progress: 12.2s elapsed, ~98 packets sent, Rate: 8.0 pps, Phase: active (intensity: 0.78)
2025-09-12 19:59:01,115 - attack_logger - DEBUG - [udp_flood] [Run ID: 2af7a2ef-28cc-41a5-8878-5d2870a9ee64] Process stats - CPU: 0.0%, Memory: 60.6MB
2025-09-12 19:59:01,116 - attack_logger - DEBUG - [udp_flood] [Run ID: 2af7a2ef-28cc-41a5-8878-5d2870a9ee64] Timing factors - Circadian: 0.60, Workday: 0.60, Adjusted rate: 8.1 pps
2025-09-12 19:59:04,159 - attack_logger - INFO - [udp_flood] [Run ID: 2af7a2ef-28cc-41a5-8878-5d2870a9ee64] Attack progress: 15.2s elapsed, ~122 packets sent, Rate: 8.0 pps, Phase: active (intensity: 0.78)
2025-09-12 19:59:04,159 - attack_logger - DEBUG - [udp_flood] [Run ID: 2af7a2ef-28cc-41a5-8878-5d2870a9ee64] Process stats - CPU: 0.0%, Memory: 60.6MB
2025-09-12 19:59:04,159 - attack_logger - DEBUG - [udp_flood] [Run ID: 2af7a2ef-28cc-41a5-8878-5d2870a9ee64] Timing factors - Circadian: 0.60, Workday: 0.60, Adjusted rate: 8.0 pps
2025-09-12 19:59:04,960 - attack_logger - DEBUG - [udp_flood] [Run ID: 2af7a2ef-28cc-41a5-8878-5d2870a9ee64] Sent SIGINT to UDP flood process 34854
2025-09-12 19:59:05,463 - attack_logger - INFO - [udp_flood] [Run ID: 2af7a2ef-28cc-41a5-8878-5d2870a9ee64] Enhanced UDP Flood from h1 to 192.168.30.10 finished.
2025-09-12 19:59:05,463 - attack_logger - INFO - [udp_flood] [Run ID: 2af7a2ef-28cc-41a5-8878-5d2870a9ee64] Attack completed. Total packets sent = 169, Average rate = 10.54 packets/sec.
2025-09-12 19:59:05,463 - attack_logger - INFO - [udp_flood] [Run ID: 2af7a2ef-28cc-41a5-8878-5d2870a9ee64] --- Enhanced Attack Summary ---
2025-09-12 19:59:05,463 - attack_logger - INFO - [udp_flood] [Run ID: 2af7a2ef-28cc-41a5-8878-5d2870a9ee64] Total packets sent: 169
2025-09-12 19:59:05,463 - attack_logger - INFO - [udp_flood] [Run ID: 2af7a2ef-28cc-41a5-8878-5d2870a9ee64] Actual duration: 16.03s
2025-09-12 19:59:05,464 - attack_logger - INFO - [udp_flood] [Run ID: 2af7a2ef-28cc-41a5-8878-5d2870a9ee64] Average rate: 10.54 packets/sec
2025-09-12 19:59:05,464 - attack_logger - INFO - [udp_flood] [Run ID: 2af7a2ef-28cc-41a5-8878-5d2870a9ee64] Base rate: 29.3 pps
2025-09-12 19:59:05,464 - attack_logger - INFO - [udp_flood] [Run ID: 2af7a2ef-28cc-41a5-8878-5d2870a9ee64] Circadian factor: 0.60
2025-09-12 19:59:05,464 - attack_logger - INFO - [udp_flood] [Run ID: 2af7a2ef-28cc-41a5-8878-5d2870a9ee64] Workday factor: 0.60
2025-09-12 19:59:05,464 - attack_logger - INFO - [udp_flood] [Run ID: 2af7a2ef-28cc-41a5-8878-5d2870a9ee64] Session phases: 1
2025-09-12 19:59:05,464 - attack_logger - INFO - [udp_flood] [Run ID: 2af7a2ef-28cc-41a5-8878-5d2870a9ee64] Target port: 53 (DNS)
2025-09-12 19:59:05,464 - attack_logger - INFO - [udp_flood] [Run ID: 2af7a2ef-28cc-41a5-8878-5d2870a9ee64] Attack method: Enhanced UDP Flood with Human-like Timing
2025-09-12 19:59:05,464 - attack_logger - INFO - [udp_flood] [Run ID: 2af7a2ef-28cc-41a5-8878-5d2870a9ee64] Enhancement features: Human timing patterns, protocol compliance, network delay simulation
2025-09-12 19:59:05,464 - attack_logger - INFO - [udp_flood] [Run ID: 2af7a2ef-28cc-41a5-8878-5d2870a9ee64] DNS payloads: Realistic query patterns with varied domains
2025-09-12 19:59:05,464 - attack_logger - INFO - [udp_flood] [Run ID: 2af7a2ef-28cc-41a5-8878-5d2870a9ee64] ----------------------------------------
2025-09-12 19:59:05,547 - attack_logger - INFO - Attack: Enhanced UDP Flood completed.
2025-09-12 19:59:05,547 - attack_logger - INFO - Attack: Enhanced ICMP Flood (11s) | h1 -> h4
2025-09-12 19:59:08,066 - attack_logger - INFO - [icmp_flood] [Run ID: 26a4acb3-2033-4a39-b579-751c6cc11a44] Starting Enhanced ICMP Flood with RFC 1918 IP Rotation from h1 to 192.168.20.12 for 11 seconds.
2025-09-12 19:59:08,066 - attack_logger - INFO - [icmp_flood] [Run ID: 26a4acb3-2033-4a39-b579-751c6cc11a44] Attack Phase: Enhanced Traditional ICMP Flood - Attacker: h1, Target: 192.168.20.12, Duration: 11s
2025-09-12 19:59:08,067 - attack_logger - INFO - [icmp_flood] [Run ID: 26a4acb3-2033-4a39-b579-751c6cc11a44] Enhanced Features: RFC 1918 IP rotation, human-like timing, protocol compliance, network delay simulation
2025-09-12 19:59:08,067 - attack_logger - INFO - [icmp_flood] [Run ID: 26a4acb3-2033-4a39-b579-751c6cc11a44] IP Pool Size: 50 source IPs from RFC 1918 ranges (10.0.0.0/8, 172.16.0.0/12, 192.168.0.0/16)
2025-09-12 19:59:08,067 - attack_logger - INFO - [icmp_flood] [Run ID: 26a4acb3-2033-4a39-b579-751c6cc11a44] Stress phase total: 3s (host: 1s, gateway: 2s), Advanced phase: 8s
2025-09-12 19:59:09,643 - attack_logger - INFO - [icmp_flood] [Run ID: 26a4acb3-2033-4a39-b579-751c6cc11a44] Host stress sub-phase completed
2025-09-12 19:59:12,251 - attack_logger - INFO - [icmp_flood] [Run ID: 26a4acb3-2033-4a39-b579-751c6cc11a44] Gateway stress sub-phase completed
2025-09-12 19:59:12,251 - attack_logger - INFO - [icmp_flood] [Run ID: 26a4acb3-2033-4a39-b579-751c6cc11a44] Session pattern: 1 phases, Circadian factor: 0.60, Workday factor: 0.60
2025-09-12 19:59:12,251 - attack_logger - DEBUG - [icmp_flood] [Run ID: 26a4acb3-2033-4a39-b579-751c6cc11a44] Starting enhanced ICMP packet generation with IP rotation and human-like timing
2025-09-12 19:59:12,262 - attack_logger - INFO - [icmp_flood] [Run ID: 26a4acb3-2033-4a39-b579-751c6cc11a44] Enhanced ICMP flood with IP rotation process started (PID: 34867)
2025-09-12 19:59:13,290 - attack_logger - INFO - [icmp_flood] [Run ID: 26a4acb3-2033-4a39-b579-751c6cc11a44] Attack progress: 1.0s elapsed, ~9 packets sent, Rate: 8.7 pps, IP rotations: ~0, Phase: active (intensity: 0.84)
2025-09-12 19:59:13,290 - attack_logger - DEBUG - [icmp_flood] [Run ID: 26a4acb3-2033-4a39-b579-751c6cc11a44] Process stats - CPU: 0.0%, Memory: 60.2MB
2025-09-12 19:59:13,290 - attack_logger - DEBUG - [icmp_flood] [Run ID: 26a4acb3-2033-4a39-b579-751c6cc11a44] Timing factors - Circadian: 0.60, Workday: 0.60, Adjusted rate: 8.8 pps
2025-09-12 19:59:14,365 - attack_logger - INFO - [icmp_flood] [Run ID: 26a4acb3-2033-4a39-b579-751c6cc11a44] Attack progress: 2.1s elapsed, ~15 packets sent, Rate: 7.1 pps, IP rotations: ~1, Phase: active (intensity: 0.84)
2025-09-12 19:59:14,365 - attack_logger - DEBUG - [icmp_flood] [Run ID: 26a4acb3-2033-4a39-b579-751c6cc11a44] Process stats - CPU: 0.0%, Memory: 60.2MB
2025-09-12 19:59:14,365 - attack_logger - DEBUG - [icmp_flood] [Run ID: 26a4acb3-2033-4a39-b579-751c6cc11a44] Timing factors - Circadian: 0.60, Workday: 0.60, Adjusted rate: 7.3 pps
2025-09-12 19:59:15,389 - attack_logger - INFO - [icmp_flood] [Run ID: 26a4acb3-2033-4a39-b579-751c6cc11a44] Attack progress: 3.1s elapsed, ~25 packets sent, Rate: 8.0 pps, IP rotations: ~1, Phase: active (intensity: 0.84)
2025-09-12 19:59:15,389 - attack_logger - DEBUG - [icmp_flood] [Run ID: 26a4acb3-2033-4a39-b579-751c6cc11a44] Process stats - CPU: 0.0%, Memory: 60.2MB
2025-09-12 19:59:15,389 - attack_logger - DEBUG - [icmp_flood] [Run ID: 26a4acb3-2033-4a39-b579-751c6cc11a44] Timing factors - Circadian: 0.60, Workday: 0.60, Adjusted rate: 8.1 pps
2025-09-12 19:59:16,414 - attack_logger - INFO - [icmp_flood] [Run ID: 26a4acb3-2033-4a39-b579-751c6cc11a44] Attack progress: 4.2s elapsed, ~32 packets sent, Rate: 7.7 pps, IP rotations: ~2, Phase: active (intensity: 0.84)
2025-09-12 19:59:16,414 - attack_logger - DEBUG - [icmp_flood] [Run ID: 26a4acb3-2033-4a39-b579-751c6cc11a44] Process stats - CPU: 0.0%, Memory: 60.2MB
2025-09-12 19:59:16,414 - attack_logger - DEBUG - [icmp_flood] [Run ID: 26a4acb3-2033-4a39-b579-751c6cc11a44] Timing factors - Circadian: 0.60, Workday: 0.60, Adjusted rate: 7.9 pps
2025-09-12 19:59:17,511 - attack_logger - INFO - [icmp_flood] [Run ID: 26a4acb3-2033-4a39-b579-751c6cc11a44] Attack progress: 5.3s elapsed, ~42 packets sent, Rate: 8.0 pps, IP rotations: ~2, Phase: active (intensity: 0.84)
2025-09-12 19:59:17,511 - attack_logger - DEBUG - [icmp_flood] [Run ID: 26a4acb3-2033-4a39-b579-751c6cc11a44] Process stats - CPU: 0.0%, Memory: 60.2MB
2025-09-12 19:59:17,511 - attack_logger - DEBUG - [icmp_flood] [Run ID: 26a4acb3-2033-4a39-b579-751c6cc11a44] Timing factors - Circadian: 0.60, Workday: 0.60, Adjusted rate: 8.1 pps
2025-09-12 19:59:18,583 - attack_logger - INFO - [icmp_flood] [Run ID: 26a4acb3-2033-4a39-b579-751c6cc11a44] Attack progress: 6.3s elapsed, ~44 packets sent, Rate: 6.9 pps, IP rotations: ~2, Phase: active (intensity: 0.84)
2025-09-12 19:59:18,583 - attack_logger - DEBUG - [icmp_flood] [Run ID: 26a4acb3-2033-4a39-b579-751c6cc11a44] Process stats - CPU: 0.0%, Memory: 60.2MB
2025-09-12 19:59:18,583 - attack_logger - DEBUG - [icmp_flood] [Run ID: 26a4acb3-2033-4a39-b579-751c6cc11a44] Timing factors - Circadian: 0.60, Workday: 0.60, Adjusted rate: 7.0 pps
2025-09-12 19:59:19,656 - attack_logger - INFO - [icmp_flood] [Run ID: 26a4acb3-2033-4a39-b579-751c6cc11a44] Attack progress: 7.4s elapsed, ~61 packets sent, Rate: 8.2 pps, IP rotations: ~4, Phase: active (intensity: 0.84)
2025-09-12 19:59:19,657 - attack_logger - DEBUG - [icmp_flood] [Run ID: 26a4acb3-2033-4a39-b579-751c6cc11a44] Process stats - CPU: 0.0%, Memory: 60.2MB
2025-09-12 19:59:19,657 - attack_logger - DEBUG - [icmp_flood] [Run ID: 26a4acb3-2033-4a39-b579-751c6cc11a44] Timing factors - Circadian: 0.60, Workday: 0.60, Adjusted rate: 8.3 pps
2025-09-12 19:59:20,273 - attack_logger - DEBUG - [icmp_flood] [Run ID: 26a4acb3-2033-4a39-b579-751c6cc11a44] Sent SIGINT to ICMP flood process 34867
2025-09-12 19:59:20,775 - attack_logger - INFO - [icmp_flood] [Run ID: 26a4acb3-2033-4a39-b579-751c6cc11a44] Enhanced ICMP Flood with RFC 1918 IP Rotation from h1 to 192.168.20.12 finished.
2025-09-12 19:59:20,775 - attack_logger - INFO - [icmp_flood] [Run ID: 26a4acb3-2033-4a39-b579-751c6cc11a44] Attack completed. Total packets sent = 58, Average rate = 7.23 packets/sec.
2025-09-12 19:59:20,775 - attack_logger - INFO - [icmp_flood] [Run ID: 26a4acb3-2033-4a39-b579-751c6cc11a44] --- Enhanced Attack Summary ---
2025-09-12 19:59:20,775 - attack_logger - INFO - [icmp_flood] [Run ID: 26a4acb3-2033-4a39-b579-751c6cc11a44] Total packets sent: 58
2025-09-12 19:59:20,775 - attack_logger - INFO - [icmp_flood] [Run ID: 26a4acb3-2033-4a39-b579-751c6cc11a44] Total IP rotations: ~3
2025-09-12 19:59:20,775 - attack_logger - INFO - [icmp_flood] [Run ID: 26a4acb3-2033-4a39-b579-751c6cc11a44] RFC 1918 IP pool size: 50
2025-09-12 19:59:20,775 - attack_logger - INFO - [icmp_flood] [Run ID: 26a4acb3-2033-4a39-b579-751c6cc11a44] IP ranges used: 10.0.0.0/8, 172.16.0.0/12, 192.168.0.0/16
2025-09-12 19:59:20,775 - attack_logger - INFO - [icmp_flood] [Run ID: 26a4acb3-2033-4a39-b579-751c6cc11a44] Actual duration: 8.02s
2025-09-12 19:59:20,775 - attack_logger - INFO - [icmp_flood] [Run ID: 26a4acb3-2033-4a39-b579-751c6cc11a44] Average rate: 7.23 packets/sec
2025-09-12 19:59:20,775 - attack_logger - INFO - [icmp_flood] [Run ID: 26a4acb3-2033-4a39-b579-751c6cc11a44] Base rate: 20.1 pps
2025-09-12 19:59:20,775 - attack_logger - INFO - [icmp_flood] [Run ID: 26a4acb3-2033-4a39-b579-751c6cc11a44] Circadian factor: 0.60
2025-09-12 19:59:20,775 - attack_logger - INFO - [icmp_flood] [Run ID: 26a4acb3-2033-4a39-b579-751c6cc11a44] Workday factor: 0.60
2025-09-12 19:59:20,775 - attack_logger - INFO - [icmp_flood] [Run ID: 26a4acb3-2033-4a39-b579-751c6cc11a44] Session phases: 1
2025-09-12 19:59:20,775 - attack_logger - INFO - [icmp_flood] [Run ID: 26a4acb3-2033-4a39-b579-751c6cc11a44] ICMP type: Echo Request (8) with ID/Seq variations
2025-09-12 19:59:20,775 - attack_logger - INFO - [icmp_flood] [Run ID: 26a4acb3-2033-4a39-b579-751c6cc11a44] Attack method: Enhanced ICMP Flood with RFC 1918 IP Rotation
2025-09-12 19:59:20,775 - attack_logger - INFO - [icmp_flood] [Run ID: 26a4acb3-2033-4a39-b579-751c6cc11a44] Enhancement features: RFC 1918 IP rotation, human timing patterns, protocol compliance, network delay simulation
2025-09-12 19:59:20,775 - attack_logger - INFO - [icmp_flood] [Run ID: 26a4acb3-2033-4a39-b579-751c6cc11a44] ----------------------------------------
2025-09-12 19:59:20,847 - attack_logger - INFO - Attack: Enhanced ICMP Flood completed.
2025-09-12 19:59:21,357 - attack_logger - INFO - Attack: ENHANCED Adversarial TCP State Exhaustion (8s) | h1 -> h6
2025-09-12 19:59:32,552 - attack_logger - INFO - Attack: ENHANCED Adversarial Application Layer (3s) | h1 -> h6
2025-09-12 19:59:38,776 - attack_logger - INFO - Attack: ENHANCED Adversarial Slow Read (9s) | h1 -> h6
2025-09-12 19:59:51,063 - attack_logger - INFO - Attack: ENHANCED Adversarial Slow Read completed.
