2025-09-12 19:55:02 - [BENIGN] - INFO - Starting benign traffic for 200 seconds...
2025-09-12 19:55:02 - [BENIGN] - INFO - Protocol separation: h2↔h5 (ICMP), h3↔h5 (TCP/UDP)
2025-09-12 19:55:02 - [BENIGN] - DEBUG - Generated ICMP traffic h2↔h5 0 [len=84B]
2025-09-12 19:55:02 - [BENIGN] - DEBUG - Generated TCP SYN from h3:25317 -> h5:12345 [len=54B]
2025-09-12 19:55:03 - [BENIGN] - DEBUG - Generated TCP SYN-ACK from h5:12345 <- h3:25317 [len=54B]
2025-09-12 19:55:04 - [BENIGN] - DEBUG - Generated TCP ACK from h3:25317 -> h5:12345 [len=54B]
2025-09-12 19:55:04 - [BENIGN] - DEBUG - Generated TCP data traffic from h3:25317 -> h5:12345 [content='TCP data'] [Session 1] [len=665B]
2025-09-12 19:55:05 - [BENIGN] - DEBUG - Generated TCP ACK reply from h5:12345 <- h3:25317 [len=54B]
2025-09-12 19:55:06 - [BENIGN] - DEBUG - Generated UDP traffic from h3:63258 -> h5:12346 [content='fe160cbc9ee0e8160432361a177fc7213dd7a3a5...'] [Session 2] [len=435B]
2025-09-12 19:55:06 - [BENIGN] - DEBUG - Generated Telnet SYN from h3:55188 -> h5:23 [len=54B]
2025-09-12 19:55:07 - [BENIGN] - DEBUG - Generated Telnet SYN-ACK from h5:23 <- h3:55188 [len=54B]
2025-09-12 19:55:08 - [BENIGN] - DEBUG - Generated Telnet ACK from h3:55188 -> h5:23 [len=54B]
2025-09-12 19:55:08 - [BENIGN] - DEBUG - Generated Telnet data traffic from h3:55188 -> h5:23 [content='Telnet command'] [Session 3] [len=305B]
2025-09-12 19:55:09 - [BENIGN] - DEBUG - Generated Telnet ACK reply from h5:23 <- h3:55188 [len=54B]
2025-09-12 19:55:10 - [BENIGN] - DEBUG - Generated SSH SYN from h3:44022 -> h5:22 [len=54B]
2025-09-12 19:55:10 - [BENIGN] - DEBUG - Generated SSH SYN-ACK from h5:22 <- h3:44022 [len=54B]
2025-09-12 19:55:11 - [BENIGN] - DEBUG - Generated SSH ACK from h3:44022 -> h5:22 [len=54B]
2025-09-12 19:55:12 - [BENIGN] - DEBUG - Generated SSH data traffic from h3:44022 -> h5:22 [content='SSH encrypted data'] [Session 4] [len=1101B]
2025-09-12 19:55:12 - [BENIGN] - DEBUG - Generated SSH ACK reply from h5:22 <- h3:44022 [len=54B]
2025-09-12 19:55:13 - [BENIGN] - DEBUG - Generated FTP SYN from h3:10783 -> h5:21 [len=54B]
2025-09-12 19:55:13 - [BENIGN] - DEBUG - Generated FTP SYN-ACK from h5:21 <- h3:10783 [len=54B]
2025-09-12 19:55:14 - [BENIGN] - DEBUG - Generated FTP ACK from h3:10783 -> h5:21 [len=54B]
2025-09-12 19:55:15 - [BENIGN] - DEBUG - Generated FTP data traffic from h3:10783 -> h5:21 [content='FTP file transfer'] [Session 5] [len=219B]
2025-09-12 19:55:15 - [BENIGN] - DEBUG - Generated FTP ACK reply from h5:21 <- h3:10783 [len=54B]
2025-09-12 19:55:16 - [BENIGN] - DEBUG - Generated HTTP SYN from h3:60561 -> h5:80 [len=54B]
2025-09-12 19:55:17 - [BENIGN] - DEBUG - Generated HTTP SYN-ACK from h5:80 <- h3:60561 [len=54B]
2025-09-12 19:55:17 - [BENIGN] - DEBUG - Generated HTTP ACK from h3:60561 -> h5:80 [len=54B]
2025-09-12 19:55:18 - [BENIGN] - DEBUG - Generated HTTP data traffic from h3:60561 -> h5:80 [content='GET /index.html HTTP/1.1'] [Session 6] [len=431B]
2025-09-12 19:55:19 - [BENIGN] - DEBUG - Generated HTTP ACK reply from h5:80 <- h3:60561 [len=54B]
2025-09-12 19:55:19 - [BENIGN] - DEBUG - Generated HTTPS SYN from h3:48209 -> h5:443 [len=54B]
2025-09-12 19:55:20 - [BENIGN] - DEBUG - Generated HTTPS SYN-ACK from h5:443 <- h3:48209 [len=54B]
2025-09-12 19:55:20 - [BENIGN] - DEBUG - Generated HTTPS ACK from h3:48209 -> h5:443 [len=54B]
2025-09-12 19:55:21 - [BENIGN] - DEBUG - Generated HTTPS data traffic from h3:48209 -> h5:443 [content='Encrypted Application Data'] [Session 7] [len=227B]
2025-09-12 19:55:22 - [BENIGN] - DEBUG - Generated HTTPS ACK reply from h5:443 <- h3:48209 [len=54B]
2025-09-12 19:55:22 - [BENIGN] - DEBUG - Generated DNS query from h3:39177 -> h5:53 [qname='example.com'] [Session 8] [len=71B]
2025-09-12 19:55:22 - [BENIGN] - DEBUG - Generated ICMP traffic h2↔h5 1 [len=84B]
2025-09-12 19:55:23 - [BENIGN] - DEBUG - Generated TCP SYN from h3:45149 -> h5:12345 [len=54B]
2025-09-12 19:55:24 - [BENIGN] - DEBUG - Generated TCP SYN-ACK from h5:12345 <- h3:45149 [len=54B]
2025-09-12 19:55:24 - [BENIGN] - DEBUG - Generated TCP ACK from h3:45149 -> h5:12345 [len=54B]
2025-09-12 19:55:25 - [BENIGN] - DEBUG - Generated TCP data traffic from h3:45149 -> h5:12345 [content='TCP data'] [Session 9] [len=1094B]
2025-09-12 19:55:26 - [BENIGN] - DEBUG - Generated TCP ACK reply from h5:12345 <- h3:45149 [len=54B]
2025-09-12 19:55:26 - [BENIGN] - DEBUG - Generated UDP traffic from h3:1504 -> h5:12346 [content='8288201e85f1ad51a5446c1564a66aa47626d00a...'] [Session 10] [len=467B]
2025-09-12 19:55:27 - [BENIGN] - DEBUG - Generated Telnet SYN from h3:2977 -> h5:23 [len=54B]
2025-09-12 19:55:27 - [BENIGN] - DEBUG - Generated Telnet SYN-ACK from h5:23 <- h3:2977 [len=54B]
2025-09-12 19:55:28 - [BENIGN] - DEBUG - Generated Telnet ACK from h3:2977 -> h5:23 [len=54B]
2025-09-12 19:55:29 - [BENIGN] - DEBUG - Generated Telnet data traffic from h3:2977 -> h5:23 [content='Telnet command'] [Session 11] [len=586B]
2025-09-12 19:55:29 - [BENIGN] - DEBUG - Generated Telnet ACK reply from h5:23 <- h3:2977 [len=54B]
2025-09-12 19:55:30 - [BENIGN] - DEBUG - Generated SSH SYN from h3:52052 -> h5:22 [len=54B]
2025-09-12 19:55:31 - [BENIGN] - DEBUG - Generated SSH SYN-ACK from h5:22 <- h3:52052 [len=54B]
2025-09-12 19:55:31 - [BENIGN] - DEBUG - Generated SSH ACK from h3:52052 -> h5:22 [len=54B]
2025-09-12 19:55:32 - [BENIGN] - DEBUG - Generated SSH data traffic from h3:52052 -> h5:22 [content='SSH encrypted data'] [Session 12] [len=117B]
2025-09-12 19:55:33 - [BENIGN] - DEBUG - Generated SSH ACK reply from h5:22 <- h3:52052 [len=54B]
2025-09-12 19:55:33 - [BENIGN] - DEBUG - Generated FTP SYN from h3:19218 -> h5:21 [len=54B]
2025-09-12 19:55:34 - [BENIGN] - DEBUG - Generated FTP SYN-ACK from h5:21 <- h3:19218 [len=54B]
2025-09-12 19:55:34 - [BENIGN] - DEBUG - Generated FTP ACK from h3:19218 -> h5:21 [len=54B]
2025-09-12 19:55:35 - [BENIGN] - DEBUG - Generated FTP data traffic from h3:19218 -> h5:21 [content='FTP file transfer'] [Session 13] [len=515B]
2025-09-12 19:55:36 - [BENIGN] - DEBUG - Generated FTP ACK reply from h5:21 <- h3:19218 [len=54B]
2025-09-12 19:55:36 - [BENIGN] - DEBUG - Generated HTTP SYN from h3:16747 -> h5:80 [len=54B]
2025-09-12 19:55:37 - [BENIGN] - DEBUG - Generated HTTP SYN-ACK from h5:80 <- h3:16747 [len=54B]
2025-09-12 19:55:37 - [BENIGN] - DEBUG - Generated HTTP ACK from h3:16747 -> h5:80 [len=54B]
2025-09-12 19:55:38 - [BENIGN] - DEBUG - Generated HTTP data traffic from h3:16747 -> h5:80 [content='GET /index.html HTTP/1.1'] [Session 14] [len=402B]
2025-09-12 19:55:39 - [BENIGN] - DEBUG - Generated HTTP ACK reply from h5:80 <- h3:16747 [len=54B]
2025-09-12 19:55:39 - [BENIGN] - DEBUG - Generated HTTPS SYN from h3:25915 -> h5:443 [len=54B]
2025-09-12 19:55:40 - [BENIGN] - DEBUG - Generated HTTPS SYN-ACK from h5:443 <- h3:25915 [len=54B]
2025-09-12 19:55:41 - [BENIGN] - DEBUG - Generated HTTPS ACK from h3:25915 -> h5:443 [len=54B]
2025-09-12 19:55:41 - [BENIGN] - DEBUG - Generated HTTPS data traffic from h3:25915 -> h5:443 [content='Encrypted Application Data'] [Session 15] [len=317B]
2025-09-12 19:55:42 - [BENIGN] - DEBUG - Generated HTTPS ACK reply from h5:443 <- h3:25915 [len=54B]
2025-09-12 19:55:42 - [BENIGN] - DEBUG - Generated DNS query from h3:32436 -> h5:53 [qname='example.com'] [Session 16] [len=71B]
2025-09-12 19:55:43 - [BENIGN] - DEBUG - Generated ICMP traffic h2↔h5 2 [len=84B]
2025-09-12 19:55:43 - [BENIGN] - DEBUG - Generated TCP SYN from h3:40979 -> h5:12345 [len=54B]
2025-09-12 19:55:44 - [BENIGN] - DEBUG - Generated TCP SYN-ACK from h5:12345 <- h3:40979 [len=54B]
2025-09-12 19:55:44 - [BENIGN] - DEBUG - Generated TCP ACK from h3:40979 -> h5:12345 [len=54B]
2025-09-12 19:55:45 - [BENIGN] - DEBUG - Generated TCP data traffic from h3:40979 -> h5:12345 [content='TCP data'] [Session 17] [len=1033B]
2025-09-12 19:55:46 - [BENIGN] - DEBUG - Generated TCP ACK reply from h5:12345 <- h3:40979 [len=54B]
2025-09-12 19:55:46 - [BENIGN] - DEBUG - Generated UDP traffic from h3:37277 -> h5:12346 [content='f43b4c16afb23478b08939b86aacbc817a55ead8...'] [Session 18] [len=983B]
2025-09-12 19:55:47 - [BENIGN] - DEBUG - Generated Telnet SYN from h3:44680 -> h5:23 [len=54B]
2025-09-12 19:55:48 - [BENIGN] - DEBUG - Generated Telnet SYN-ACK from h5:23 <- h3:44680 [len=54B]
2025-09-12 19:55:48 - [BENIGN] - DEBUG - Generated Telnet ACK from h3:44680 -> h5:23 [len=54B]
2025-09-12 19:55:49 - [BENIGN] - DEBUG - Generated Telnet data traffic from h3:44680 -> h5:23 [content='Telnet command'] [Session 19] [len=898B]
2025-09-12 19:55:50 - [BENIGN] - DEBUG - Generated Telnet ACK reply from h5:23 <- h3:44680 [len=54B]
2025-09-12 19:55:50 - [BENIGN] - DEBUG - Generated SSH SYN from h3:1680 -> h5:22 [len=54B]
2025-09-12 19:55:51 - [BENIGN] - DEBUG - Generated SSH SYN-ACK from h5:22 <- h3:1680 [len=54B]
2025-09-12 19:55:52 - [BENIGN] - DEBUG - Generated SSH ACK from h3:1680 -> h5:22 [len=54B]
2025-09-12 19:55:52 - [BENIGN] - DEBUG - Generated SSH data traffic from h3:1680 -> h5:22 [content='SSH encrypted data'] [Session 20] [len=131B]
2025-09-12 19:55:53 - [BENIGN] - DEBUG - Generated SSH ACK reply from h5:22 <- h3:1680 [len=54B]
2025-09-12 19:55:53 - [BENIGN] - DEBUG - Generated FTP SYN from h3:19406 -> h5:21 [len=54B]
2025-09-12 19:55:54 - [BENIGN] - DEBUG - Generated FTP SYN-ACK from h5:21 <- h3:19406 [len=54B]
2025-09-12 19:55:55 - [BENIGN] - DEBUG - Generated FTP ACK from h3:19406 -> h5:21 [len=54B]
2025-09-12 19:55:55 - [BENIGN] - DEBUG - Generated FTP data traffic from h3:19406 -> h5:21 [content='FTP file transfer'] [Session 21] [len=1317B]
2025-09-12 19:55:56 - [BENIGN] - DEBUG - Generated FTP ACK reply from h5:21 <- h3:19406 [len=54B]
2025-09-12 19:55:57 - [BENIGN] - DEBUG - Generated HTTP SYN from h3:40159 -> h5:80 [len=54B]
2025-09-12 19:55:57 - [BENIGN] - DEBUG - Generated HTTP SYN-ACK from h5:80 <- h3:40159 [len=54B]
2025-09-12 19:55:58 - [BENIGN] - DEBUG - Generated HTTP ACK from h3:40159 -> h5:80 [len=54B]
2025-09-12 19:55:58 - [BENIGN] - DEBUG - Generated HTTP data traffic from h3:40159 -> h5:80 [content='GET /index.html HTTP/1.1'] [Session 22] [len=256B]
2025-09-12 19:55:59 - [BENIGN] - DEBUG - Generated HTTP ACK reply from h5:80 <- h3:40159 [len=54B]
2025-09-12 19:56:00 - [BENIGN] - DEBUG - Generated HTTPS SYN from h3:18771 -> h5:443 [len=54B]
2025-09-12 19:56:00 - [BENIGN] - DEBUG - Generated HTTPS SYN-ACK from h5:443 <- h3:18771 [len=54B]
2025-09-12 19:56:01 - [BENIGN] - DEBUG - Generated HTTPS ACK from h3:18771 -> h5:443 [len=54B]
2025-09-12 19:56:02 - [BENIGN] - DEBUG - Generated HTTPS data traffic from h3:18771 -> h5:443 [content='Encrypted Application Data'] [Session 23] [len=228B]
2025-09-12 19:56:02 - [BENIGN] - DEBUG - Generated HTTPS ACK reply from h5:443 <- h3:18771 [len=54B]
2025-09-12 19:56:03 - [BENIGN] - DEBUG - Generated DNS query from h3:37795 -> h5:53 [qname='example.com'] [Session 24] [len=71B]
2025-09-12 19:56:03 - [BENIGN] - DEBUG - Generated ICMP traffic h2↔h5 3 [len=84B]
2025-09-12 19:56:04 - [BENIGN] - DEBUG - Generated TCP SYN from h3:5258 -> h5:12345 [len=54B]
2025-09-12 19:56:04 - [BENIGN] - DEBUG - Generated TCP SYN-ACK from h5:12345 <- h3:5258 [len=54B]
2025-09-12 19:56:05 - [BENIGN] - DEBUG - Generated TCP ACK from h3:5258 -> h5:12345 [len=54B]
2025-09-12 19:56:06 - [BENIGN] - DEBUG - Generated TCP data traffic from h3:5258 -> h5:12345 [content='TCP data'] [Session 25] [len=328B]
2025-09-12 19:56:06 - [BENIGN] - DEBUG - Generated TCP ACK reply from h5:12345 <- h3:5258 [len=54B]
2025-09-12 19:56:07 - [BENIGN] - DEBUG - Generated UDP traffic from h3:24741 -> h5:12346 [content='795ebaf74d41f2162a2022d82ef12f1d64db1925...'] [Session 26] [len=215B]
2025-09-12 19:56:07 - [BENIGN] - DEBUG - Generated Telnet SYN from h3:20483 -> h5:23 [len=54B]
2025-09-12 19:56:08 - [BENIGN] - DEBUG - Generated Telnet SYN-ACK from h5:23 <- h3:20483 [len=54B]
2025-09-12 19:56:09 - [BENIGN] - DEBUG - Generated Telnet ACK from h3:20483 -> h5:23 [len=54B]
2025-09-12 19:56:09 - [BENIGN] - DEBUG - Generated Telnet data traffic from h3:20483 -> h5:23 [content='Telnet command'] [Session 27] [len=910B]
2025-09-12 19:56:10 - [BENIGN] - DEBUG - Generated Telnet ACK reply from h5:23 <- h3:20483 [len=54B]
2025-09-12 19:56:11 - [BENIGN] - DEBUG - Generated SSH SYN from h3:11198 -> h5:22 [len=54B]
2025-09-12 19:56:11 - [BENIGN] - DEBUG - Generated SSH SYN-ACK from h5:22 <- h3:11198 [len=54B]
2025-09-12 19:56:12 - [BENIGN] - DEBUG - Generated SSH ACK from h3:11198 -> h5:22 [len=54B]
2025-09-12 19:56:13 - [BENIGN] - DEBUG - Generated SSH data traffic from h3:11198 -> h5:22 [content='SSH encrypted data'] [Session 28] [len=725B]
2025-09-12 19:56:13 - [BENIGN] - DEBUG - Generated SSH ACK reply from h5:22 <- h3:11198 [len=54B]
2025-09-12 19:56:14 - [BENIGN] - DEBUG - Generated FTP SYN from h3:4771 -> h5:21 [len=54B]
2025-09-12 19:56:14 - [BENIGN] - DEBUG - Generated FTP SYN-ACK from h5:21 <- h3:4771 [len=54B]
2025-09-12 19:56:15 - [BENIGN] - DEBUG - Generated FTP ACK from h3:4771 -> h5:21 [len=54B]
2025-09-12 19:56:16 - [BENIGN] - DEBUG - Generated FTP data traffic from h3:4771 -> h5:21 [content='FTP file transfer'] [Session 29] [len=1419B]
2025-09-12 19:56:16 - [BENIGN] - DEBUG - Generated FTP ACK reply from h5:21 <- h3:4771 [len=54B]
2025-09-12 19:56:17 - [BENIGN] - DEBUG - Generated HTTP SYN from h3:25671 -> h5:80 [len=54B]
2025-09-12 19:56:18 - [BENIGN] - DEBUG - Generated HTTP SYN-ACK from h5:80 <- h3:25671 [len=54B]
2025-09-12 19:56:18 - [BENIGN] - DEBUG - Generated HTTP ACK from h3:25671 -> h5:80 [len=54B]
2025-09-12 19:56:19 - [BENIGN] - DEBUG - Generated HTTP data traffic from h3:25671 -> h5:80 [content='GET /index.html HTTP/1.1'] [Session 30] [len=521B]
2025-09-12 19:56:20 - [BENIGN] - DEBUG - Generated HTTP ACK reply from h5:80 <- h3:25671 [len=54B]
2025-09-12 19:56:20 - [BENIGN] - DEBUG - Generated HTTPS SYN from h3:1939 -> h5:443 [len=54B]
2025-09-12 19:56:21 - [BENIGN] - DEBUG - Generated HTTPS SYN-ACK from h5:443 <- h3:1939 [len=54B]
2025-09-12 19:56:21 - [BENIGN] - DEBUG - Generated HTTPS ACK from h3:1939 -> h5:443 [len=54B]
2025-09-12 19:56:22 - [BENIGN] - DEBUG - Generated HTTPS data traffic from h3:1939 -> h5:443 [content='Encrypted Application Data'] [Session 31] [len=761B]
2025-09-12 19:56:23 - [BENIGN] - DEBUG - Generated HTTPS ACK reply from h5:443 <- h3:1939 [len=54B]
2025-09-12 19:56:23 - [BENIGN] - DEBUG - Generated DNS query from h3:17930 -> h5:53 [qname='example.com'] [Session 32] [len=71B]
2025-09-12 19:56:23 - [BENIGN] - DEBUG - Generated ICMP traffic h2↔h5 4 [len=84B]
2025-09-12 19:56:24 - [BENIGN] - DEBUG - Generated TCP SYN from h3:28646 -> h5:12345 [len=54B]
2025-09-12 19:56:25 - [BENIGN] - DEBUG - Generated TCP SYN-ACK from h5:12345 <- h3:28646 [len=54B]
2025-09-12 19:56:25 - [BENIGN] - DEBUG - Generated TCP ACK from h3:28646 -> h5:12345 [len=54B]
2025-09-12 19:56:26 - [BENIGN] - DEBUG - Generated TCP data traffic from h3:28646 -> h5:12345 [content='TCP data'] [Session 33] [len=1453B]
2025-09-12 19:56:27 - [BENIGN] - DEBUG - Generated TCP ACK reply from h5:12345 <- h3:28646 [len=54B]
2025-09-12 19:56:27 - [BENIGN] - DEBUG - Generated UDP traffic from h3:58582 -> h5:12346 [content='2ea8857b54a4f34e8d3b77bfad4140dd085886aa...'] [Session 34] [len=1153B]
2025-09-12 19:56:28 - [BENIGN] - DEBUG - Generated Telnet SYN from h3:4912 -> h5:23 [len=54B]
2025-09-12 19:56:28 - [BENIGN] - DEBUG - Generated Telnet SYN-ACK from h5:23 <- h3:4912 [len=54B]
2025-09-12 19:56:29 - [BENIGN] - DEBUG - Generated Telnet ACK from h3:4912 -> h5:23 [len=54B]
2025-09-12 19:56:30 - [BENIGN] - DEBUG - Generated Telnet data traffic from h3:4912 -> h5:23 [content='Telnet command'] [Session 35] [len=652B]
2025-09-12 19:56:30 - [BENIGN] - DEBUG - Generated Telnet ACK reply from h5:23 <- h3:4912 [len=54B]
2025-09-12 19:56:31 - [BENIGN] - DEBUG - Generated SSH SYN from h3:61179 -> h5:22 [len=54B]
2025-09-12 19:56:32 - [BENIGN] - DEBUG - Generated SSH SYN-ACK from h5:22 <- h3:61179 [len=54B]
2025-09-12 19:56:32 - [BENIGN] - DEBUG - Generated SSH ACK from h3:61179 -> h5:22 [len=54B]
2025-09-12 19:56:33 - [BENIGN] - DEBUG - Generated SSH data traffic from h3:61179 -> h5:22 [content='SSH encrypted data'] [Session 36] [len=776B]
2025-09-12 19:56:33 - [BENIGN] - DEBUG - Generated SSH ACK reply from h5:22 <- h3:61179 [len=54B]
2025-09-12 19:56:34 - [BENIGN] - DEBUG - Generated FTP SYN from h3:54576 -> h5:21 [len=54B]
2025-09-12 19:56:35 - [BENIGN] - DEBUG - Generated FTP SYN-ACK from h5:21 <- h3:54576 [len=54B]
2025-09-12 19:56:35 - [BENIGN] - DEBUG - Generated FTP ACK from h3:54576 -> h5:21 [len=54B]
2025-09-12 19:56:36 - [BENIGN] - DEBUG - Generated FTP data traffic from h3:54576 -> h5:21 [content='FTP file transfer'] [Session 37] [len=215B]
2025-09-12 19:56:37 - [BENIGN] - DEBUG - Generated FTP ACK reply from h5:21 <- h3:54576 [len=54B]
2025-09-12 19:56:37 - [BENIGN] - DEBUG - Generated HTTP SYN from h3:59496 -> h5:80 [len=54B]
2025-09-12 19:56:38 - [BENIGN] - DEBUG - Generated HTTP SYN-ACK from h5:80 <- h3:59496 [len=54B]
2025-09-12 19:56:38 - [BENIGN] - DEBUG - Generated HTTP ACK from h3:59496 -> h5:80 [len=54B]
2025-09-12 19:56:39 - [BENIGN] - DEBUG - Generated HTTP data traffic from h3:59496 -> h5:80 [content='GET /index.html HTTP/1.1'] [Session 38] [len=311B]
2025-09-12 19:56:40 - [BENIGN] - DEBUG - Generated HTTP ACK reply from h5:80 <- h3:59496 [len=54B]
2025-09-12 19:56:40 - [BENIGN] - DEBUG - Generated HTTPS SYN from h3:49356 -> h5:443 [len=54B]
2025-09-12 19:56:41 - [BENIGN] - DEBUG - Generated HTTPS SYN-ACK from h5:443 <- h3:49356 [len=54B]
2025-09-12 19:56:42 - [BENIGN] - DEBUG - Generated HTTPS ACK from h3:49356 -> h5:443 [len=54B]
2025-09-12 19:56:42 - [BENIGN] - DEBUG - Generated HTTPS data traffic from h3:49356 -> h5:443 [content='Encrypted Application Data'] [Session 39] [len=310B]
2025-09-12 19:56:43 - [BENIGN] - DEBUG - Generated HTTPS ACK reply from h5:443 <- h3:49356 [len=54B]
2025-09-12 19:56:44 - [BENIGN] - DEBUG - Generated DNS query from h3:20728 -> h5:53 [qname='example.com'] [Session 40] [len=71B]
2025-09-12 19:56:44 - [BENIGN] - DEBUG - Generated ICMP traffic h2↔h5 5 [len=84B]
2025-09-12 19:56:44 - [BENIGN] - DEBUG - Generated TCP SYN from h3:33427 -> h5:12345 [len=54B]
2025-09-12 19:56:45 - [BENIGN] - DEBUG - Generated TCP SYN-ACK from h5:12345 <- h3:33427 [len=54B]
2025-09-12 19:56:46 - [BENIGN] - DEBUG - Generated TCP ACK from h3:33427 -> h5:12345 [len=54B]
2025-09-12 19:56:46 - [BENIGN] - DEBUG - Generated TCP data traffic from h3:33427 -> h5:12345 [content='TCP data'] [Session 41] [len=228B]
2025-09-12 19:56:47 - [BENIGN] - DEBUG - Generated TCP ACK reply from h5:12345 <- h3:33427 [len=54B]
2025-09-12 19:56:47 - [BENIGN] - DEBUG - Generated UDP traffic from h3:6385 -> h5:12346 [content='d042d9806ca6e5373791e5efa77d1db54c743bf4...'] [Session 42] [len=674B]
2025-09-12 19:56:48 - [BENIGN] - DEBUG - Generated Telnet SYN from h3:48668 -> h5:23 [len=54B]
2025-09-12 19:56:49 - [BENIGN] - DEBUG - Generated Telnet SYN-ACK from h5:23 <- h3:48668 [len=54B]
2025-09-12 19:56:49 - [BENIGN] - DEBUG - Generated Telnet ACK from h3:48668 -> h5:23 [len=54B]
2025-09-12 19:56:50 - [BENIGN] - DEBUG - Generated Telnet data traffic from h3:48668 -> h5:23 [content='Telnet command'] [Session 43] [len=208B]
2025-09-12 19:56:51 - [BENIGN] - DEBUG - Generated Telnet ACK reply from h5:23 <- h3:48668 [len=54B]
2025-09-12 19:56:51 - [BENIGN] - DEBUG - Generated SSH SYN from h3:13048 -> h5:22 [len=54B]
2025-09-12 19:56:52 - [BENIGN] - DEBUG - Generated SSH SYN-ACK from h5:22 <- h3:13048 [len=54B]
2025-09-12 19:56:53 - [BENIGN] - DEBUG - Generated SSH ACK from h3:13048 -> h5:22 [len=54B]
2025-09-12 19:56:53 - [BENIGN] - DEBUG - Generated SSH data traffic from h3:13048 -> h5:22 [content='SSH encrypted data'] [Session 44] [len=578B]
2025-09-12 19:56:54 - [BENIGN] - DEBUG - Generated SSH ACK reply from h5:22 <- h3:13048 [len=54B]
2025-09-12 19:56:54 - [BENIGN] - DEBUG - Generated FTP SYN from h3:58241 -> h5:21 [len=54B]
2025-09-12 19:56:55 - [BENIGN] - DEBUG - Generated FTP SYN-ACK from h5:21 <- h3:58241 [len=54B]
2025-09-12 19:56:56 - [BENIGN] - DEBUG - Generated FTP ACK from h3:58241 -> h5:21 [len=54B]
2025-09-12 19:56:56 - [BENIGN] - DEBUG - Generated FTP data traffic from h3:58241 -> h5:21 [content='FTP file transfer'] [Session 45] [len=597B]
2025-09-12 19:56:57 - [BENIGN] - DEBUG - Generated FTP ACK reply from h5:21 <- h3:58241 [len=54B]
2025-09-12 19:56:58 - [BENIGN] - DEBUG - Generated HTTP SYN from h3:65163 -> h5:80 [len=54B]
2025-09-12 19:56:58 - [BENIGN] - DEBUG - Generated HTTP SYN-ACK from h5:80 <- h3:65163 [len=54B]
2025-09-12 19:56:59 - [BENIGN] - DEBUG - Generated HTTP ACK from h3:65163 -> h5:80 [len=54B]
2025-09-12 19:56:59 - [BENIGN] - DEBUG - Generated HTTP data traffic from h3:65163 -> h5:80 [content='GET /index.html HTTP/1.1'] [Session 46] [len=578B]
2025-09-12 19:57:00 - [BENIGN] - DEBUG - Generated HTTP ACK reply from h5:80 <- h3:65163 [len=54B]
2025-09-12 19:57:01 - [BENIGN] - DEBUG - Generated HTTPS SYN from h3:18117 -> h5:443 [len=54B]
2025-09-12 19:57:01 - [BENIGN] - DEBUG - Generated HTTPS SYN-ACK from h5:443 <- h3:18117 [len=54B]
2025-09-12 19:57:02 - [BENIGN] - DEBUG - Generated HTTPS ACK from h3:18117 -> h5:443 [len=54B]
2025-09-12 19:57:03 - [BENIGN] - DEBUG - Generated HTTPS data traffic from h3:18117 -> h5:443 [content='Encrypted Application Data'] [Session 47] [len=760B]
2025-09-12 19:57:03 - [BENIGN] - DEBUG - Generated HTTPS ACK reply from h5:443 <- h3:18117 [len=54B]
2025-09-12 19:57:04 - [BENIGN] - DEBUG - Generated DNS query from h3:32566 -> h5:53 [qname='example.com'] [Session 48] [len=71B]
2025-09-12 19:57:04 - [BENIGN] - DEBUG - Generated ICMP traffic h2↔h5 6 [len=84B]
2025-09-12 19:57:05 - [BENIGN] - DEBUG - Generated TCP SYN from h3:56255 -> h5:12345 [len=54B]
2025-09-12 19:57:05 - [BENIGN] - DEBUG - Generated TCP SYN-ACK from h5:12345 <- h3:56255 [len=54B]
2025-09-12 19:57:06 - [BENIGN] - DEBUG - Generated TCP ACK from h3:56255 -> h5:12345 [len=54B]
2025-09-12 19:57:06 - [BENIGN] - DEBUG - Generated TCP data traffic from h3:56255 -> h5:12345 [content='TCP data'] [Session 49] [len=755B]
2025-09-12 19:57:07 - [BENIGN] - DEBUG - Generated TCP ACK reply from h5:12345 <- h3:56255 [len=54B]
2025-09-12 19:57:08 - [BENIGN] - DEBUG - Generated UDP traffic from h3:23917 -> h5:12346 [content='e74a32719c9fd7b9f7873f3914a55d7156912034...'] [Session 50] [len=1482B]
2025-09-12 19:57:08 - [BENIGN] - DEBUG - Generated Telnet SYN from h3:58242 -> h5:23 [len=54B]
2025-09-12 19:57:09 - [BENIGN] - DEBUG - Generated Telnet SYN-ACK from h5:23 <- h3:58242 [len=54B]
2025-09-12 19:57:10 - [BENIGN] - DEBUG - Generated Telnet ACK from h3:58242 -> h5:23 [len=54B]
2025-09-12 19:57:10 - [BENIGN] - DEBUG - Generated Telnet data traffic from h3:58242 -> h5:23 [content='Telnet command'] [Session 51] [len=886B]
2025-09-12 19:57:11 - [BENIGN] - DEBUG - Generated Telnet ACK reply from h5:23 <- h3:58242 [len=54B]
2025-09-12 19:57:11 - [BENIGN] - DEBUG - Generated SSH SYN from h3:48010 -> h5:22 [len=54B]
2025-09-12 19:57:12 - [BENIGN] - DEBUG - Generated SSH SYN-ACK from h5:22 <- h3:48010 [len=54B]
2025-09-12 19:57:13 - [BENIGN] - DEBUG - Generated SSH ACK from h3:48010 -> h5:22 [len=54B]
2025-09-12 19:57:13 - [BENIGN] - DEBUG - Generated SSH data traffic from h3:48010 -> h5:22 [content='SSH encrypted data'] [Session 52] [len=175B]
2025-09-12 19:57:14 - [BENIGN] - DEBUG - Generated SSH ACK reply from h5:22 <- h3:48010 [len=54B]
2025-09-12 19:57:15 - [BENIGN] - DEBUG - Generated FTP SYN from h3:33974 -> h5:21 [len=54B]
2025-09-12 19:57:15 - [BENIGN] - DEBUG - Generated FTP SYN-ACK from h5:21 <- h3:33974 [len=54B]
2025-09-12 19:57:16 - [BENIGN] - DEBUG - Generated FTP ACK from h3:33974 -> h5:21 [len=54B]
2025-09-12 19:57:16 - [BENIGN] - DEBUG - Generated FTP data traffic from h3:33974 -> h5:21 [content='FTP file transfer'] [Session 53] [len=590B]
2025-09-12 19:57:17 - [BENIGN] - DEBUG - Generated FTP ACK reply from h5:21 <- h3:33974 [len=54B]
2025-09-12 19:57:18 - [BENIGN] - DEBUG - Generated HTTP SYN from h3:54035 -> h5:80 [len=54B]
2025-09-12 19:57:18 - [BENIGN] - DEBUG - Generated HTTP SYN-ACK from h5:80 <- h3:54035 [len=54B]
2025-09-12 19:57:19 - [BENIGN] - DEBUG - Generated HTTP ACK from h3:54035 -> h5:80 [len=54B]
2025-09-12 19:57:20 - [BENIGN] - DEBUG - Generated HTTP data traffic from h3:54035 -> h5:80 [content='GET /index.html HTTP/1.1'] [Session 54] [len=614B]
2025-09-12 19:57:20 - [BENIGN] - DEBUG - Generated HTTP ACK reply from h5:80 <- h3:54035 [len=54B]
2025-09-12 19:57:21 - [BENIGN] - DEBUG - Generated HTTPS SYN from h3:59158 -> h5:443 [len=54B]
2025-09-12 19:57:21 - [BENIGN] - DEBUG - Generated HTTPS SYN-ACK from h5:443 <- h3:59158 [len=54B]
2025-09-12 19:57:22 - [BENIGN] - DEBUG - Generated HTTPS ACK from h3:59158 -> h5:443 [len=54B]
2025-09-12 19:57:23 - [BENIGN] - DEBUG - Generated HTTPS data traffic from h3:59158 -> h5:443 [content='Encrypted Application Data'] [Session 55] [len=335B]
2025-09-12 19:57:23 - [BENIGN] - DEBUG - Generated HTTPS ACK reply from h5:443 <- h3:59158 [len=54B]
2025-09-12 19:57:24 - [BENIGN] - DEBUG - Generated DNS query from h3:53610 -> h5:53 [qname='example.com'] [Session 56] [len=71B]
2025-09-12 19:57:24 - [BENIGN] - DEBUG - Generated ICMP traffic h2↔h5 7 [len=84B]
2025-09-12 19:57:25 - [BENIGN] - DEBUG - Generated TCP SYN from h3:60473 -> h5:12345 [len=54B]
2025-09-12 19:57:25 - [BENIGN] - DEBUG - Generated TCP SYN-ACK from h5:12345 <- h3:60473 [len=54B]
2025-09-12 19:57:26 - [BENIGN] - DEBUG - Generated TCP ACK from h3:60473 -> h5:12345 [len=54B]
2025-09-12 19:57:26 - [BENIGN] - DEBUG - Generated TCP data traffic from h3:60473 -> h5:12345 [content='TCP data'] [Session 57] [len=633B]
2025-09-12 19:57:27 - [BENIGN] - DEBUG - Generated TCP ACK reply from h5:12345 <- h3:60473 [len=54B]
2025-09-12 19:57:28 - [BENIGN] - DEBUG - Generated UDP traffic from h3:6736 -> h5:12346 [content='7db8a2c6fa5291c44e7a183e9338393b40d8dcff...'] [Session 58] [len=321B]
2025-09-12 19:57:28 - [BENIGN] - DEBUG - Generated Telnet SYN from h3:46597 -> h5:23 [len=54B]
2025-09-12 19:57:29 - [BENIGN] - DEBUG - Generated Telnet SYN-ACK from h5:23 <- h3:46597 [len=54B]
2025-09-12 19:57:30 - [BENIGN] - DEBUG - Generated Telnet ACK from h3:46597 -> h5:23 [len=54B]
2025-09-12 19:57:30 - [BENIGN] - DEBUG - Generated Telnet data traffic from h3:46597 -> h5:23 [content='Telnet command'] [Session 59] [len=734B]
2025-09-12 19:57:31 - [BENIGN] - DEBUG - Generated Telnet ACK reply from h5:23 <- h3:46597 [len=54B]
2025-09-12 19:57:31 - [BENIGN] - DEBUG - Generated SSH SYN from h3:23181 -> h5:22 [len=54B]
2025-09-12 19:57:32 - [BENIGN] - DEBUG - Generated SSH SYN-ACK from h5:22 <- h3:23181 [len=54B]
2025-09-12 19:57:33 - [BENIGN] - DEBUG - Generated SSH ACK from h3:23181 -> h5:22 [len=54B]
2025-09-12 19:57:33 - [BENIGN] - DEBUG - Generated SSH data traffic from h3:23181 -> h5:22 [content='SSH encrypted data'] [Session 60] [len=1032B]
2025-09-12 19:57:34 - [BENIGN] - DEBUG - Generated SSH ACK reply from h5:22 <- h3:23181 [len=54B]
2025-09-12 19:57:35 - [BENIGN] - DEBUG - Generated FTP SYN from h3:34047 -> h5:21 [len=54B]
2025-09-12 19:57:35 - [BENIGN] - DEBUG - Generated FTP SYN-ACK from h5:21 <- h3:34047 [len=54B]
2025-09-12 19:57:36 - [BENIGN] - DEBUG - Generated FTP ACK from h3:34047 -> h5:21 [len=54B]
2025-09-12 19:57:36 - [BENIGN] - DEBUG - Generated FTP data traffic from h3:34047 -> h5:21 [content='FTP file transfer'] [Session 61] [len=225B]
2025-09-12 19:57:37 - [BENIGN] - DEBUG - Generated FTP ACK reply from h5:21 <- h3:34047 [len=54B]
2025-09-12 19:57:38 - [BENIGN] - DEBUG - Generated HTTP SYN from h3:6293 -> h5:80 [len=54B]
2025-09-12 19:57:38 - [BENIGN] - DEBUG - Generated HTTP SYN-ACK from h5:80 <- h3:6293 [len=54B]
2025-09-12 19:57:39 - [BENIGN] - DEBUG - Generated HTTP ACK from h3:6293 -> h5:80 [len=54B]
2025-09-12 19:57:40 - [BENIGN] - DEBUG - Generated HTTP data traffic from h3:6293 -> h5:80 [content='GET /index.html HTTP/1.1'] [Session 62] [len=349B]
2025-09-12 19:57:40 - [BENIGN] - DEBUG - Generated HTTP ACK reply from h5:80 <- h3:6293 [len=54B]
2025-09-12 19:57:41 - [BENIGN] - DEBUG - Generated HTTPS SYN from h3:15902 -> h5:443 [len=54B]
2025-09-12 19:57:42 - [BENIGN] - DEBUG - Generated HTTPS SYN-ACK from h5:443 <- h3:15902 [len=54B]
2025-09-12 19:57:42 - [BENIGN] - DEBUG - Generated HTTPS ACK from h3:15902 -> h5:443 [len=54B]
2025-09-12 19:57:43 - [BENIGN] - DEBUG - Generated HTTPS data traffic from h3:15902 -> h5:443 [content='Encrypted Application Data'] [Session 63] [len=838B]
2025-09-12 19:57:43 - [BENIGN] - DEBUG - Generated HTTPS ACK reply from h5:443 <- h3:15902 [len=54B]
2025-09-12 19:57:44 - [BENIGN] - DEBUG - Generated DNS query from h3:11114 -> h5:53 [qname='example.com'] [Session 64] [len=71B]
2025-09-12 19:57:44 - [BENIGN] - DEBUG - Generated ICMP traffic h2↔h5 8 [len=84B]
2025-09-12 19:57:45 - [BENIGN] - DEBUG - Generated TCP SYN from h3:37796 -> h5:12345 [len=54B]
2025-09-12 19:57:45 - [BENIGN] - DEBUG - Generated TCP SYN-ACK from h5:12345 <- h3:37796 [len=54B]
2025-09-12 19:57:46 - [BENIGN] - DEBUG - Generated TCP ACK from h3:37796 -> h5:12345 [len=54B]
2025-09-12 19:57:47 - [BENIGN] - DEBUG - Generated TCP data traffic from h3:37796 -> h5:12345 [content='TCP data'] [Session 65] [len=354B]
2025-09-12 19:57:47 - [BENIGN] - DEBUG - Generated TCP ACK reply from h5:12345 <- h3:37796 [len=54B]
2025-09-12 19:57:48 - [BENIGN] - DEBUG - Generated UDP traffic from h3:57260 -> h5:12346 [content='d8ec4f26227a282e1811fb713698d89eb7d21461...'] [Session 66] [len=163B]
2025-09-12 19:57:49 - [BENIGN] - DEBUG - Generated Telnet SYN from h3:45054 -> h5:23 [len=54B]
2025-09-12 19:57:49 - [BENIGN] - DEBUG - Generated Telnet SYN-ACK from h5:23 <- h3:45054 [len=54B]
2025-09-12 19:57:50 - [BENIGN] - DEBUG - Generated Telnet ACK from h3:45054 -> h5:23 [len=54B]
2025-09-12 19:57:50 - [BENIGN] - DEBUG - Generated Telnet data traffic from h3:45054 -> h5:23 [content='Telnet command'] [Session 67] [len=251B]
2025-09-12 19:57:51 - [BENIGN] - DEBUG - Generated Telnet ACK reply from h5:23 <- h3:45054 [len=54B]
2025-09-12 19:57:52 - [BENIGN] - DEBUG - Generated SSH SYN from h3:41285 -> h5:22 [len=54B]
2025-09-12 19:57:52 - [BENIGN] - DEBUG - Generated SSH SYN-ACK from h5:22 <- h3:41285 [len=54B]
2025-09-12 19:57:53 - [BENIGN] - DEBUG - Generated SSH ACK from h3:41285 -> h5:22 [len=54B]
2025-09-12 19:57:54 - [BENIGN] - DEBUG - Generated SSH data traffic from h3:41285 -> h5:22 [content='SSH encrypted data'] [Session 68] [len=1547B]
2025-09-12 19:57:54 - [BENIGN] - DEBUG - Generated SSH ACK reply from h5:22 <- h3:41285 [len=54B]
2025-09-12 19:57:55 - [BENIGN] - DEBUG - Generated FTP SYN from h3:53854 -> h5:21 [len=54B]
2025-09-12 19:57:56 - [BENIGN] - DEBUG - Generated FTP SYN-ACK from h5:21 <- h3:53854 [len=54B]
2025-09-12 19:57:56 - [BENIGN] - DEBUG - Generated FTP ACK from h3:53854 -> h5:21 [len=54B]
2025-09-12 19:57:57 - [BENIGN] - DEBUG - Generated FTP data traffic from h3:53854 -> h5:21 [content='FTP file transfer'] [Session 69] [len=1535B]
2025-09-12 19:57:57 - [BENIGN] - DEBUG - Generated FTP ACK reply from h5:21 <- h3:53854 [len=54B]
2025-09-12 19:57:58 - [BENIGN] - DEBUG - Generated HTTP SYN from h3:37881 -> h5:80 [len=54B]
2025-09-12 19:57:59 - [BENIGN] - DEBUG - Generated HTTP SYN-ACK from h5:80 <- h3:37881 [len=54B]
2025-09-12 19:57:59 - [BENIGN] - DEBUG - Generated HTTP ACK from h3:37881 -> h5:80 [len=54B]
2025-09-12 19:58:00 - [BENIGN] - DEBUG - Generated HTTP data traffic from h3:37881 -> h5:80 [content='GET /index.html HTTP/1.1'] [Session 70] [len=370B]
2025-09-12 19:58:01 - [BENIGN] - DEBUG - Generated HTTP ACK reply from h5:80 <- h3:37881 [len=54B]
2025-09-12 19:58:01 - [BENIGN] - DEBUG - Generated HTTPS SYN from h3:52962 -> h5:443 [len=54B]
2025-09-12 19:58:02 - [BENIGN] - DEBUG - Generated HTTPS SYN-ACK from h5:443 <- h3:52962 [len=54B]
2025-09-12 19:58:02 - [BENIGN] - DEBUG - Generated HTTPS ACK from h3:52962 -> h5:443 [len=54B]
2025-09-12 19:58:03 - [BENIGN] - DEBUG - Generated HTTPS data traffic from h3:52962 -> h5:443 [content='Encrypted Application Data'] [Session 71] [len=275B]
2025-09-12 19:58:04 - [BENIGN] - DEBUG - Generated HTTPS ACK reply from h5:443 <- h3:52962 [len=54B]
2025-09-12 19:58:04 - [BENIGN] - DEBUG - Generated DNS query from h3:53206 -> h5:53 [qname='example.com'] [Session 72] [len=71B]
2025-09-12 19:58:04 - [BENIGN] - DEBUG - Generated ICMP traffic h2↔h5 9 [len=84B]
2025-09-12 19:58:05 - [BENIGN] - DEBUG - Generated TCP SYN from h3:46155 -> h5:12345 [len=54B]
2025-09-12 19:58:06 - [BENIGN] - DEBUG - Generated TCP SYN-ACK from h5:12345 <- h3:46155 [len=54B]
2025-09-12 19:58:06 - [BENIGN] - DEBUG - Generated TCP ACK from h3:46155 -> h5:12345 [len=54B]
2025-09-12 19:58:07 - [BENIGN] - DEBUG - Generated TCP data traffic from h3:46155 -> h5:12345 [content='TCP data'] [Session 73] [len=540B]
2025-09-12 19:58:07 - [BENIGN] - DEBUG - Generated TCP ACK reply from h5:12345 <- h3:46155 [len=54B]
2025-09-12 19:58:08 - [BENIGN] - DEBUG - Generated UDP traffic from h3:29006 -> h5:12346 [content='974e8ffad0b035d226c5292af8cc0a036f9f143e...'] [Session 74] [len=761B]
2025-09-12 19:58:09 - [BENIGN] - DEBUG - Generated Telnet SYN from h3:11930 -> h5:23 [len=54B]
2025-09-12 19:58:09 - [BENIGN] - DEBUG - Generated Telnet SYN-ACK from h5:23 <- h3:11930 [len=54B]
2025-09-12 19:58:10 - [BENIGN] - DEBUG - Generated Telnet ACK from h3:11930 -> h5:23 [len=54B]
2025-09-12 19:58:11 - [BENIGN] - DEBUG - Generated Telnet data traffic from h3:11930 -> h5:23 [content='Telnet command'] [Session 75] [len=791B]
2025-09-12 19:58:11 - [BENIGN] - DEBUG - Generated Telnet ACK reply from h5:23 <- h3:11930 [len=54B]
2025-09-12 19:58:12 - [BENIGN] - DEBUG - Generated SSH SYN from h3:10256 -> h5:22 [len=54B]
2025-09-12 19:58:12 - [BENIGN] - DEBUG - Generated SSH SYN-ACK from h5:22 <- h3:10256 [len=54B]
2025-09-12 19:58:13 - [BENIGN] - DEBUG - Generated SSH ACK from h3:10256 -> h5:22 [len=54B]
2025-09-12 19:58:14 - [BENIGN] - DEBUG - Generated SSH data traffic from h3:10256 -> h5:22 [content='SSH encrypted data'] [Session 76] [len=490B]
2025-09-12 19:58:14 - [BENIGN] - DEBUG - Generated SSH ACK reply from h5:22 <- h3:10256 [len=54B]
2025-09-12 19:58:15 - [BENIGN] - DEBUG - Generated FTP SYN from h3:63477 -> h5:21 [len=54B]
2025-09-12 19:58:16 - [BENIGN] - DEBUG - Generated FTP SYN-ACK from h5:21 <- h3:63477 [len=54B]
2025-09-12 19:58:16 - [BENIGN] - DEBUG - Generated FTP ACK from h3:63477 -> h5:21 [len=54B]
2025-09-12 19:58:17 - [BENIGN] - DEBUG - Generated FTP data traffic from h3:63477 -> h5:21 [content='FTP file transfer'] [Session 77] [len=1390B]
2025-09-12 19:58:17 - [BENIGN] - DEBUG - Generated FTP ACK reply from h5:21 <- h3:63477 [len=54B]
2025-09-12 19:58:18 - [BENIGN] - DEBUG - Generated HTTP SYN from h3:58981 -> h5:80 [len=54B]
2025-09-12 19:58:19 - [BENIGN] - DEBUG - Generated HTTP SYN-ACK from h5:80 <- h3:58981 [len=54B]
2025-09-12 19:58:19 - [BENIGN] - DEBUG - Generated HTTP ACK from h3:58981 -> h5:80 [len=54B]
2025-09-12 19:58:20 - [BENIGN] - DEBUG - Generated HTTP data traffic from h3:58981 -> h5:80 [content='GET /index.html HTTP/1.1'] [Session 78] [len=653B]
2025-09-12 19:58:21 - [BENIGN] - DEBUG - Generated HTTP ACK reply from h5:80 <- h3:58981 [len=54B]
2025-09-12 19:58:21 - [BENIGN] - DEBUG - Generated HTTPS SYN from h3:57005 -> h5:443 [len=54B]
2025-09-12 19:58:22 - [BENIGN] - DEBUG - Generated HTTPS SYN-ACK from h5:443 <- h3:57005 [len=54B]
2025-09-12 19:58:22 - [BENIGN] - DEBUG - Generated HTTPS ACK from h3:57005 -> h5:443 [len=54B]
2025-09-12 19:58:23 - [BENIGN] - DEBUG - Generated HTTPS data traffic from h3:57005 -> h5:443 [content='Encrypted Application Data'] [Session 79] [len=745B]
2025-09-12 19:58:24 - [BENIGN] - DEBUG - Generated HTTPS ACK reply from h5:443 <- h3:57005 [len=54B]
2025-09-12 19:58:24 - [BENIGN] - DEBUG - Generated DNS query from h3:32387 -> h5:53 [qname='example.com'] [Session 80] [len=71B]
2025-09-12 19:58:24 - [BENIGN] - INFO - Benign traffic finished.
2025-09-12 19:58:24 - [BENIGN] - INFO - Summary: 80 protocol sessions with protocol separation:
2025-09-12 19:58:24 - [BENIGN] - INFO -   - h2↔h5: ICMP ping traffic
2025-09-12 19:58:24 - [BENIGN] - INFO -   - h3↔h5: TCP/UDP traffic [TCP, UDP, Telnet, SSH, FTP, HTTP, HTTPS, DNS]
2025-09-12 19:58:24 - [BENIGN] - INFO - Total packets sent: 340
