2025-09-12 19:44:05 - [BENIGN] - INFO - Starting benign traffic for 200 seconds...
2025-09-12 19:44:05 - [BENIGN] - INFO - Protocol separation: h2↔h5 (ICMP), h3↔h5 (TCP/UDP)
2025-09-12 19:44:05 - [BENIGN] - DEBUG - Generated ICMP traffic h2↔h5 0 [len=84B]
2025-09-12 19:44:06 - [BENIGN] - DEBUG - Generated TCP SYN from h3:64603 -> h5:12345 [len=54B]
2025-09-12 19:44:06 - [BENIGN] - DEBUG - Generated TCP SYN-ACK from h5:12345 <- h3:64603 [len=54B]
2025-09-12 19:44:07 - [BENIGN] - DEBUG - Generated TCP ACK from h3:64603 -> h5:12345 [len=54B]
2025-09-12 19:44:08 - [BENIGN] - DEBUG - Generated TCP data traffic from h3:64603 -> h5:12345 [content='TCP data'] [Session 1] [len=658B]
2025-09-12 19:44:08 - [BENIGN] - DEBUG - Generated TCP ACK reply from h5:12345 <- h3:64603 [len=54B]
2025-09-12 19:44:09 - [BENIGN] - DEBUG - Generated UDP traffic from h3:3943 -> h5:12346 [content='2fd45e3ff044401f52db612e59304a57250b01da...'] [Session 2] [len=496B]
2025-09-12 19:44:10 - [BENIGN] - DEBUG - Generated Telnet SYN from h3:47497 -> h5:23 [len=54B]
2025-09-12 19:44:10 - [BENIGN] - DEBUG - Generated Telnet SYN-ACK from h5:23 <- h3:47497 [len=54B]
2025-09-12 19:44:11 - [BENIGN] - DEBUG - Generated Telnet ACK from h3:47497 -> h5:23 [len=54B]
2025-09-12 19:44:11 - [BENIGN] - DEBUG - Generated Telnet data traffic from h3:47497 -> h5:23 [content='Telnet command'] [Session 3] [len=275B]
2025-09-12 19:44:12 - [BENIGN] - DEBUG - Generated Telnet ACK reply from h5:23 <- h3:47497 [len=54B]
2025-09-12 19:44:13 - [BENIGN] - DEBUG - Generated SSH SYN from h3:39413 -> h5:22 [len=54B]
2025-09-12 19:44:13 - [BENIGN] - DEBUG - Generated SSH SYN-ACK from h5:22 <- h3:39413 [len=54B]
2025-09-12 19:44:14 - [BENIGN] - DEBUG - Generated SSH ACK from h3:39413 -> h5:22 [len=54B]
2025-09-12 19:44:15 - [BENIGN] - DEBUG - Generated SSH data traffic from h3:39413 -> h5:22 [content='SSH encrypted data'] [Session 4] [len=816B]
2025-09-12 19:44:15 - [BENIGN] - DEBUG - Generated SSH ACK reply from h5:22 <- h3:39413 [len=54B]
2025-09-12 19:44:16 - [BENIGN] - DEBUG - Generated FTP SYN from h3:49700 -> h5:21 [len=54B]
2025-09-12 19:44:17 - [BENIGN] - DEBUG - Generated FTP SYN-ACK from h5:21 <- h3:49700 [len=54B]
2025-09-12 19:44:17 - [BENIGN] - DEBUG - Generated FTP ACK from h3:49700 -> h5:21 [len=54B]
2025-09-12 19:44:18 - [BENIGN] - DEBUG - Generated FTP data traffic from h3:49700 -> h5:21 [content='FTP file transfer'] [Session 5] [len=1238B]
2025-09-12 19:44:18 - [BENIGN] - DEBUG - Generated FTP ACK reply from h5:21 <- h3:49700 [len=54B]
2025-09-12 19:44:19 - [BENIGN] - DEBUG - Generated HTTP SYN from h3:57413 -> h5:80 [len=54B]
2025-09-12 19:44:20 - [BENIGN] - DEBUG - Generated HTTP SYN-ACK from h5:80 <- h3:57413 [len=54B]
2025-09-12 19:44:20 - [BENIGN] - DEBUG - Generated HTTP ACK from h3:57413 -> h5:80 [len=54B]
2025-09-12 19:44:21 - [BENIGN] - DEBUG - Generated HTTP data traffic from h3:57413 -> h5:80 [content='GET /index.html HTTP/1.1'] [Session 6] [len=406B]
2025-09-12 19:44:22 - [BENIGN] - DEBUG - Generated HTTP ACK reply from h5:80 <- h3:57413 [len=54B]
2025-09-12 19:44:22 - [BENIGN] - DEBUG - Generated HTTPS SYN from h3:23119 -> h5:443 [len=54B]
2025-09-12 19:44:23 - [BENIGN] - DEBUG - Generated HTTPS SYN-ACK from h5:443 <- h3:23119 [len=54B]
2025-09-12 19:44:24 - [BENIGN] - DEBUG - Generated HTTPS ACK from h3:23119 -> h5:443 [len=54B]
2025-09-12 19:44:24 - [BENIGN] - DEBUG - Generated HTTPS data traffic from h3:23119 -> h5:443 [content='Encrypted Application Data'] [Session 7] [len=521B]
2025-09-12 19:44:25 - [BENIGN] - DEBUG - Generated HTTPS ACK reply from h5:443 <- h3:23119 [len=54B]
2025-09-12 19:44:25 - [BENIGN] - DEBUG - Generated DNS query from h3:58070 -> h5:53 [qname='example.com'] [Session 8] [len=71B]
2025-09-12 19:44:26 - [BENIGN] - DEBUG - Generated ICMP traffic h2↔h5 1 [len=84B]
2025-09-12 19:44:26 - [BENIGN] - DEBUG - Generated TCP SYN from h3:60577 -> h5:12345 [len=54B]
2025-09-12 19:44:27 - [BENIGN] - DEBUG - Generated TCP SYN-ACK from h5:12345 <- h3:60577 [len=54B]
2025-09-12 19:44:27 - [BENIGN] - DEBUG - Generated TCP ACK from h3:60577 -> h5:12345 [len=54B]
2025-09-12 19:44:28 - [BENIGN] - DEBUG - Generated TCP data traffic from h3:60577 -> h5:12345 [content='TCP data'] [Session 9] [len=1071B]
2025-09-12 19:44:29 - [BENIGN] - DEBUG - Generated TCP ACK reply from h5:12345 <- h3:60577 [len=54B]
2025-09-12 19:44:29 - [BENIGN] - DEBUG - Generated UDP traffic from h3:30647 -> h5:12346 [content='24f0076eada3d4b0b48ec78742621fc9502e0e8b...'] [Session 10] [len=1532B]
2025-09-12 19:44:30 - [BENIGN] - DEBUG - Generated Telnet SYN from h3:60360 -> h5:23 [len=54B]
2025-09-12 19:44:31 - [BENIGN] - DEBUG - Generated Telnet SYN-ACK from h5:23 <- h3:60360 [len=54B]
2025-09-12 19:44:31 - [BENIGN] - DEBUG - Generated Telnet ACK from h3:60360 -> h5:23 [len=54B]
2025-09-12 19:44:32 - [BENIGN] - DEBUG - Generated Telnet data traffic from h3:60360 -> h5:23 [content='Telnet command'] [Session 11] [len=1104B]
2025-09-12 19:44:33 - [BENIGN] - DEBUG - Generated Telnet ACK reply from h5:23 <- h3:60360 [len=54B]
2025-09-12 19:44:33 - [BENIGN] - DEBUG - Generated SSH SYN from h3:17803 -> h5:22 [len=54B]
2025-09-12 19:44:34 - [BENIGN] - DEBUG - Generated SSH SYN-ACK from h5:22 <- h3:17803 [len=54B]
2025-09-12 19:44:35 - [BENIGN] - DEBUG - Generated SSH ACK from h3:17803 -> h5:22 [len=54B]
2025-09-12 19:44:35 - [BENIGN] - DEBUG - Generated SSH data traffic from h3:17803 -> h5:22 [content='SSH encrypted data'] [Session 12] [len=742B]
2025-09-12 19:44:36 - [BENIGN] - DEBUG - Generated SSH ACK reply from h5:22 <- h3:17803 [len=54B]
2025-09-12 19:44:37 - [BENIGN] - DEBUG - Generated FTP SYN from h3:62817 -> h5:21 [len=54B]
2025-09-12 19:44:37 - [BENIGN] - DEBUG - Generated FTP SYN-ACK from h5:21 <- h3:62817 [len=54B]
2025-09-12 19:44:38 - [BENIGN] - DEBUG - Generated FTP ACK from h3:62817 -> h5:21 [len=54B]
2025-09-12 19:44:38 - [BENIGN] - DEBUG - Generated FTP data traffic from h3:62817 -> h5:21 [content='FTP file transfer'] [Session 13] [len=893B]
2025-09-12 19:44:39 - [BENIGN] - DEBUG - Generated FTP ACK reply from h5:21 <- h3:62817 [len=54B]
2025-09-12 19:44:40 - [BENIGN] - DEBUG - Generated HTTP SYN from h3:64209 -> h5:80 [len=54B]
2025-09-12 19:44:40 - [BENIGN] - DEBUG - Generated HTTP SYN-ACK from h5:80 <- h3:64209 [len=54B]
2025-09-12 19:44:41 - [BENIGN] - DEBUG - Generated HTTP ACK from h3:64209 -> h5:80 [len=54B]
2025-09-12 19:44:42 - [BENIGN] - DEBUG - Generated HTTP data traffic from h3:64209 -> h5:80 [content='GET /index.html HTTP/1.1'] [Session 14] [len=600B]
2025-09-12 19:44:42 - [BENIGN] - DEBUG - Generated HTTP ACK reply from h5:80 <- h3:64209 [len=54B]
2025-09-12 19:44:43 - [BENIGN] - DEBUG - Generated HTTPS SYN from h3:36318 -> h5:443 [len=54B]
2025-09-12 19:44:43 - [BENIGN] - DEBUG - Generated HTTPS SYN-ACK from h5:443 <- h3:36318 [len=54B]
2025-09-12 19:44:44 - [BENIGN] - DEBUG - Generated HTTPS ACK from h3:36318 -> h5:443 [len=54B]
2025-09-12 19:44:45 - [BENIGN] - DEBUG - Generated HTTPS data traffic from h3:36318 -> h5:443 [content='Encrypted Application Data'] [Session 15] [len=265B]
2025-09-12 19:44:45 - [BENIGN] - DEBUG - Generated HTTPS ACK reply from h5:443 <- h3:36318 [len=54B]
2025-09-12 19:44:46 - [BENIGN] - DEBUG - Generated DNS query from h3:14477 -> h5:53 [qname='example.com'] [Session 16] [len=71B]
2025-09-12 19:44:46 - [BENIGN] - DEBUG - Generated ICMP traffic h2↔h5 2 [len=84B]
2025-09-12 19:44:47 - [BENIGN] - DEBUG - Generated TCP SYN from h3:9576 -> h5:12345 [len=54B]
2025-09-12 19:44:47 - [BENIGN] - DEBUG - Generated TCP SYN-ACK from h5:12345 <- h3:9576 [len=54B]
2025-09-12 19:44:48 - [BENIGN] - DEBUG - Generated TCP ACK from h3:9576 -> h5:12345 [len=54B]
2025-09-12 19:44:49 - [BENIGN] - DEBUG - Generated TCP data traffic from h3:9576 -> h5:12345 [content='TCP data'] [Session 17] [len=1299B]
2025-09-12 19:44:49 - [BENIGN] - DEBUG - Generated TCP ACK reply from h5:12345 <- h3:9576 [len=54B]
2025-09-12 19:44:50 - [BENIGN] - DEBUG - Generated UDP traffic from h3:41068 -> h5:12346 [content='908c5d58bffb9eeab1eb0e277d793e5dbdbbf83c...'] [Session 18] [len=1345B]
2025-09-12 19:44:50 - [BENIGN] - DEBUG - Generated Telnet SYN from h3:20255 -> h5:23 [len=54B]
2025-09-12 19:44:51 - [BENIGN] - DEBUG - Generated Telnet SYN-ACK from h5:23 <- h3:20255 [len=54B]
2025-09-12 19:44:52 - [BENIGN] - DEBUG - Generated Telnet ACK from h3:20255 -> h5:23 [len=54B]
2025-09-12 19:44:52 - [BENIGN] - DEBUG - Generated Telnet data traffic from h3:20255 -> h5:23 [content='Telnet command'] [Session 19] [len=120B]
2025-09-12 19:44:53 - [BENIGN] - DEBUG - Generated Telnet ACK reply from h5:23 <- h3:20255 [len=54B]
2025-09-12 19:44:54 - [BENIGN] - DEBUG - Generated SSH SYN from h3:31064 -> h5:22 [len=54B]
2025-09-12 19:44:54 - [BENIGN] - DEBUG - Generated SSH SYN-ACK from h5:22 <- h3:31064 [len=54B]
2025-09-12 19:44:55 - [BENIGN] - DEBUG - Generated SSH ACK from h3:31064 -> h5:22 [len=54B]
2025-09-12 19:44:55 - [BENIGN] - DEBUG - Generated SSH data traffic from h3:31064 -> h5:22 [content='SSH encrypted data'] [Session 20] [len=324B]
2025-09-12 19:44:56 - [BENIGN] - DEBUG - Generated SSH ACK reply from h5:22 <- h3:31064 [len=54B]
2025-09-12 19:44:57 - [BENIGN] - DEBUG - Generated FTP SYN from h3:18724 -> h5:21 [len=54B]
2025-09-12 19:44:57 - [BENIGN] - DEBUG - Generated FTP SYN-ACK from h5:21 <- h3:18724 [len=54B]
2025-09-12 19:44:58 - [BENIGN] - DEBUG - Generated FTP ACK from h3:18724 -> h5:21 [len=54B]
2025-09-12 19:44:59 - [BENIGN] - DEBUG - Generated FTP data traffic from h3:18724 -> h5:21 [content='FTP file transfer'] [Session 21] [len=113B]
2025-09-12 19:44:59 - [BENIGN] - DEBUG - Generated FTP ACK reply from h5:21 <- h3:18724 [len=54B]
2025-09-12 19:45:00 - [BENIGN] - DEBUG - Generated HTTP SYN from h3:46283 -> h5:80 [len=54B]
2025-09-12 19:45:00 - [BENIGN] - DEBUG - Generated HTTP SYN-ACK from h5:80 <- h3:46283 [len=54B]
2025-09-12 19:45:01 - [BENIGN] - DEBUG - Generated HTTP ACK from h3:46283 -> h5:80 [len=54B]
2025-09-12 19:45:02 - [BENIGN] - DEBUG - Generated HTTP data traffic from h3:46283 -> h5:80 [content='GET /index.html HTTP/1.1'] [Session 22] [len=429B]
2025-09-12 19:45:02 - [BENIGN] - DEBUG - Generated HTTP ACK reply from h5:80 <- h3:46283 [len=54B]
2025-09-12 19:45:03 - [BENIGN] - DEBUG - Generated HTTPS SYN from h3:57457 -> h5:443 [len=54B]
2025-09-12 19:45:04 - [BENIGN] - DEBUG - Generated HTTPS SYN-ACK from h5:443 <- h3:57457 [len=54B]
2025-09-12 19:45:04 - [BENIGN] - DEBUG - Generated HTTPS ACK from h3:57457 -> h5:443 [len=54B]
2025-09-12 19:45:05 - [BENIGN] - DEBUG - Generated HTTPS data traffic from h3:57457 -> h5:443 [content='Encrypted Application Data'] [Session 23] [len=204B]
2025-09-12 19:45:05 - [BENIGN] - DEBUG - Generated HTTPS ACK reply from h5:443 <- h3:57457 [len=54B]
2025-09-12 19:45:06 - [BENIGN] - DEBUG - Generated DNS query from h3:54184 -> h5:53 [qname='example.com'] [Session 24] [len=71B]
2025-09-12 19:45:06 - [BENIGN] - DEBUG - Generated ICMP traffic h2↔h5 3 [len=84B]
2025-09-12 19:45:07 - [BENIGN] - DEBUG - Generated TCP SYN from h3:32452 -> h5:12345 [len=54B]
2025-09-12 19:45:07 - [BENIGN] - DEBUG - Generated TCP SYN-ACK from h5:12345 <- h3:32452 [len=54B]
2025-09-12 19:45:08 - [BENIGN] - DEBUG - Generated TCP ACK from h3:32452 -> h5:12345 [len=54B]
2025-09-12 19:45:09 - [BENIGN] - DEBUG - Generated TCP data traffic from h3:32452 -> h5:12345 [content='TCP data'] [Session 25] [len=429B]
2025-09-12 19:45:09 - [BENIGN] - DEBUG - Generated TCP ACK reply from h5:12345 <- h3:32452 [len=54B]
2025-09-12 19:45:10 - [BENIGN] - DEBUG - Generated UDP traffic from h3:61259 -> h5:12346 [content='03e7370bc1b9b1657d499b15765427720a5fdf1b...'] [Session 26] [len=1225B]
2025-09-12 19:45:11 - [BENIGN] - DEBUG - Generated Telnet SYN from h3:4777 -> h5:23 [len=54B]
2025-09-12 19:45:11 - [BENIGN] - DEBUG - Generated Telnet SYN-ACK from h5:23 <- h3:4777 [len=54B]
2025-09-12 19:45:12 - [BENIGN] - DEBUG - Generated Telnet ACK from h3:4777 -> h5:23 [len=54B]
2025-09-12 19:45:12 - [BENIGN] - DEBUG - Generated Telnet data traffic from h3:4777 -> h5:23 [content='Telnet command'] [Session 27] [len=1029B]
2025-09-12 19:45:13 - [BENIGN] - DEBUG - Generated Telnet ACK reply from h5:23 <- h3:4777 [len=54B]
2025-09-12 19:45:14 - [BENIGN] - DEBUG - Generated SSH SYN from h3:13095 -> h5:22 [len=54B]
2025-09-12 19:45:14 - [BENIGN] - DEBUG - Generated SSH SYN-ACK from h5:22 <- h3:13095 [len=54B]
2025-09-12 19:45:15 - [BENIGN] - DEBUG - Generated SSH ACK from h3:13095 -> h5:22 [len=54B]
2025-09-12 19:45:16 - [BENIGN] - DEBUG - Generated SSH data traffic from h3:13095 -> h5:22 [content='SSH encrypted data'] [Session 28] [len=875B]
2025-09-12 19:45:16 - [BENIGN] - DEBUG - Generated SSH ACK reply from h5:22 <- h3:13095 [len=54B]
2025-09-12 19:45:17 - [BENIGN] - DEBUG - Generated FTP SYN from h3:38793 -> h5:21 [len=54B]
2025-09-12 19:45:17 - [BENIGN] - DEBUG - Generated FTP SYN-ACK from h5:21 <- h3:38793 [len=54B]
2025-09-12 19:45:18 - [BENIGN] - DEBUG - Generated FTP ACK from h3:38793 -> h5:21 [len=54B]
2025-09-12 19:45:19 - [BENIGN] - DEBUG - Generated FTP data traffic from h3:38793 -> h5:21 [content='FTP file transfer'] [Session 29] [len=229B]
2025-09-12 19:45:19 - [BENIGN] - DEBUG - Generated FTP ACK reply from h5:21 <- h3:38793 [len=54B]
2025-09-12 19:45:20 - [BENIGN] - DEBUG - Generated HTTP SYN from h3:43341 -> h5:80 [len=54B]
2025-09-12 19:45:20 - [BENIGN] - DEBUG - Generated HTTP SYN-ACK from h5:80 <- h3:43341 [len=54B]
2025-09-12 19:45:21 - [BENIGN] - DEBUG - Generated HTTP ACK from h3:43341 -> h5:80 [len=54B]
2025-09-12 19:45:22 - [BENIGN] - DEBUG - Generated HTTP data traffic from h3:43341 -> h5:80 [content='GET /index.html HTTP/1.1'] [Session 30] [len=314B]
2025-09-12 19:45:22 - [BENIGN] - DEBUG - Generated HTTP ACK reply from h5:80 <- h3:43341 [len=54B]
2025-09-12 19:45:23 - [BENIGN] - DEBUG - Generated HTTPS SYN from h3:48347 -> h5:443 [len=54B]
2025-09-12 19:45:24 - [BENIGN] - DEBUG - Generated HTTPS SYN-ACK from h5:443 <- h3:48347 [len=54B]
2025-09-12 19:45:24 - [BENIGN] - DEBUG - Generated HTTPS ACK from h3:48347 -> h5:443 [len=54B]
2025-09-12 19:45:25 - [BENIGN] - DEBUG - Generated HTTPS data traffic from h3:48347 -> h5:443 [content='Encrypted Application Data'] [Session 31] [len=604B]
2025-09-12 19:45:26 - [BENIGN] - DEBUG - Generated HTTPS ACK reply from h5:443 <- h3:48347 [len=54B]
2025-09-12 19:45:26 - [BENIGN] - DEBUG - Generated DNS query from h3:55475 -> h5:53 [qname='example.com'] [Session 32] [len=71B]
2025-09-12 19:45:26 - [BENIGN] - DEBUG - Generated ICMP traffic h2↔h5 4 [len=84B]
2025-09-12 19:45:27 - [BENIGN] - DEBUG - Generated TCP SYN from h3:6703 -> h5:12345 [len=54B]
2025-09-12 19:45:28 - [BENIGN] - DEBUG - Generated TCP SYN-ACK from h5:12345 <- h3:6703 [len=54B]
2025-09-12 19:45:28 - [BENIGN] - DEBUG - Generated TCP ACK from h3:6703 -> h5:12345 [len=54B]
2025-09-12 19:45:29 - [BENIGN] - DEBUG - Generated TCP data traffic from h3:6703 -> h5:12345 [content='TCP data'] [Session 33] [len=1280B]
2025-09-12 19:45:30 - [BENIGN] - DEBUG - Generated TCP ACK reply from h5:12345 <- h3:6703 [len=54B]
2025-09-12 19:45:30 - [BENIGN] - DEBUG - Generated UDP traffic from h3:56261 -> h5:12346 [content='2df871f4e083003280600d1a13d5da37540b01af...'] [Session 34] [len=237B]
2025-09-12 19:45:31 - [BENIGN] - DEBUG - Generated Telnet SYN from h3:36958 -> h5:23 [len=54B]
2025-09-12 19:45:31 - [BENIGN] - DEBUG - Generated Telnet SYN-ACK from h5:23 <- h3:36958 [len=54B]
2025-09-12 19:45:32 - [BENIGN] - DEBUG - Generated Telnet ACK from h3:36958 -> h5:23 [len=54B]
2025-09-12 19:45:33 - [BENIGN] - DEBUG - Generated Telnet data traffic from h3:36958 -> h5:23 [content='Telnet command'] [Session 35] [len=569B]
2025-09-12 19:45:33 - [BENIGN] - DEBUG - Generated Telnet ACK reply from h5:23 <- h3:36958 [len=54B]
2025-09-12 19:45:34 - [BENIGN] - DEBUG - Generated SSH SYN from h3:30670 -> h5:22 [len=54B]
2025-09-12 19:45:35 - [BENIGN] - DEBUG - Generated SSH SYN-ACK from h5:22 <- h3:30670 [len=54B]
2025-09-12 19:45:35 - [BENIGN] - DEBUG - Generated SSH ACK from h3:30670 -> h5:22 [len=54B]
2025-09-12 19:45:36 - [BENIGN] - DEBUG - Generated SSH data traffic from h3:30670 -> h5:22 [content='SSH encrypted data'] [Session 36] [len=1230B]
2025-09-12 19:45:37 - [BENIGN] - DEBUG - Generated SSH ACK reply from h5:22 <- h3:30670 [len=54B]
2025-09-12 19:45:37 - [BENIGN] - DEBUG - Generated FTP SYN from h3:4058 -> h5:21 [len=54B]
2025-09-12 19:45:38 - [BENIGN] - DEBUG - Generated FTP SYN-ACK from h5:21 <- h3:4058 [len=54B]
2025-09-12 19:45:38 - [BENIGN] - DEBUG - Generated FTP ACK from h3:4058 -> h5:21 [len=54B]
2025-09-12 19:45:39 - [BENIGN] - DEBUG - Generated FTP data traffic from h3:4058 -> h5:21 [content='FTP file transfer'] [Session 37] [len=1009B]
2025-09-12 19:45:40 - [BENIGN] - DEBUG - Generated FTP ACK reply from h5:21 <- h3:4058 [len=54B]
2025-09-12 19:45:40 - [BENIGN] - DEBUG - Generated HTTP SYN from h3:58434 -> h5:80 [len=54B]
2025-09-12 19:45:41 - [BENIGN] - DEBUG - Generated HTTP SYN-ACK from h5:80 <- h3:58434 [len=54B]
2025-09-12 19:45:42 - [BENIGN] - DEBUG - Generated HTTP ACK from h3:58434 -> h5:80 [len=54B]
2025-09-12 19:45:42 - [BENIGN] - DEBUG - Generated HTTP data traffic from h3:58434 -> h5:80 [content='GET /index.html HTTP/1.1'] [Session 38] [len=492B]
2025-09-12 19:45:43 - [BENIGN] - DEBUG - Generated HTTP ACK reply from h5:80 <- h3:58434 [len=54B]
2025-09-12 19:45:44 - [BENIGN] - DEBUG - Generated HTTPS SYN from h3:29668 -> h5:443 [len=54B]
2025-09-12 19:45:44 - [BENIGN] - DEBUG - Generated HTTPS SYN-ACK from h5:443 <- h3:29668 [len=54B]
2025-09-12 19:45:45 - [BENIGN] - DEBUG - Generated HTTPS ACK from h3:29668 -> h5:443 [len=54B]
2025-09-12 19:45:45 - [BENIGN] - DEBUG - Generated HTTPS data traffic from h3:29668 -> h5:443 [content='Encrypted Application Data'] [Session 39] [len=749B]
2025-09-12 19:45:46 - [BENIGN] - DEBUG - Generated HTTPS ACK reply from h5:443 <- h3:29668 [len=54B]
2025-09-12 19:45:47 - [BENIGN] - DEBUG - Generated DNS query from h3:16212 -> h5:53 [qname='example.com'] [Session 40] [len=71B]
2025-09-12 19:45:47 - [BENIGN] - DEBUG - Generated ICMP traffic h2↔h5 5 [len=84B]
2025-09-12 19:45:47 - [BENIGN] - DEBUG - Generated TCP SYN from h3:45619 -> h5:12345 [len=54B]
2025-09-12 19:45:48 - [BENIGN] - DEBUG - Generated TCP SYN-ACK from h5:12345 <- h3:45619 [len=54B]
2025-09-12 19:45:49 - [BENIGN] - DEBUG - Generated TCP ACK from h3:45619 -> h5:12345 [len=54B]
2025-09-12 19:45:49 - [BENIGN] - DEBUG - Generated TCP data traffic from h3:45619 -> h5:12345 [content='TCP data'] [Session 41] [len=512B]
2025-09-12 19:45:50 - [BENIGN] - DEBUG - Generated TCP ACK reply from h5:12345 <- h3:45619 [len=54B]
2025-09-12 19:45:51 - [BENIGN] - DEBUG - Generated UDP traffic from h3:39865 -> h5:12346 [content='24da40d5237d4020409610d8e15fefd42f9d7900...'] [Session 42] [len=447B]
2025-09-12 19:45:51 - [BENIGN] - DEBUG - Generated Telnet SYN from h3:63192 -> h5:23 [len=54B]
2025-09-12 19:45:52 - [BENIGN] - DEBUG - Generated Telnet SYN-ACK from h5:23 <- h3:63192 [len=54B]
2025-09-12 19:45:52 - [BENIGN] - DEBUG - Generated Telnet ACK from h3:63192 -> h5:23 [len=54B]
2025-09-12 19:45:53 - [BENIGN] - DEBUG - Generated Telnet data traffic from h3:63192 -> h5:23 [content='Telnet command'] [Session 43] [len=827B]
2025-09-12 19:45:54 - [BENIGN] - DEBUG - Generated Telnet ACK reply from h5:23 <- h3:63192 [len=54B]
2025-09-12 19:45:54 - [BENIGN] - DEBUG - Generated SSH SYN from h3:32642 -> h5:22 [len=54B]
2025-09-12 19:45:55 - [BENIGN] - DEBUG - Generated SSH SYN-ACK from h5:22 <- h3:32642 [len=54B]
2025-09-12 19:45:56 - [BENIGN] - DEBUG - Generated SSH ACK from h3:32642 -> h5:22 [len=54B]
2025-09-12 19:45:56 - [BENIGN] - DEBUG - Generated SSH data traffic from h3:32642 -> h5:22 [content='SSH encrypted data'] [Session 44] [len=1298B]
2025-09-12 19:45:57 - [BENIGN] - DEBUG - Generated SSH ACK reply from h5:22 <- h3:32642 [len=54B]
2025-09-12 19:45:57 - [BENIGN] - DEBUG - Generated FTP SYN from h3:58194 -> h5:21 [len=54B]
2025-09-12 19:45:58 - [BENIGN] - DEBUG - Generated FTP SYN-ACK from h5:21 <- h3:58194 [len=54B]
2025-09-12 19:45:59 - [BENIGN] - DEBUG - Generated FTP ACK from h3:58194 -> h5:21 [len=54B]
2025-09-12 19:45:59 - [BENIGN] - DEBUG - Generated FTP data traffic from h3:58194 -> h5:21 [content='FTP file transfer'] [Session 45] [len=548B]
2025-09-12 19:46:00 - [BENIGN] - DEBUG - Generated FTP ACK reply from h5:21 <- h3:58194 [len=54B]
2025-09-12 19:46:01 - [BENIGN] - DEBUG - Generated HTTP SYN from h3:45963 -> h5:80 [len=54B]
2025-09-12 19:46:01 - [BENIGN] - DEBUG - Generated HTTP SYN-ACK from h5:80 <- h3:45963 [len=54B]
2025-09-12 19:46:02 - [BENIGN] - DEBUG - Generated HTTP ACK from h3:45963 -> h5:80 [len=54B]
2025-09-12 19:46:03 - [BENIGN] - DEBUG - Generated HTTP data traffic from h3:45963 -> h5:80 [content='GET /index.html HTTP/1.1'] [Session 46] [len=637B]
2025-09-12 19:46:03 - [BENIGN] - DEBUG - Generated HTTP ACK reply from h5:80 <- h3:45963 [len=54B]
2025-09-12 19:46:04 - [BENIGN] - DEBUG - Generated HTTPS SYN from h3:11406 -> h5:443 [len=54B]
2025-09-12 19:46:04 - [BENIGN] - DEBUG - Generated HTTPS SYN-ACK from h5:443 <- h3:11406 [len=54B]
2025-09-12 19:46:05 - [BENIGN] - DEBUG - Generated HTTPS ACK from h3:11406 -> h5:443 [len=54B]
2025-09-12 19:46:06 - [BENIGN] - DEBUG - Generated HTTPS data traffic from h3:11406 -> h5:443 [content='Encrypted Application Data'] [Session 47] [len=486B]
2025-09-12 19:46:06 - [BENIGN] - DEBUG - Generated HTTPS ACK reply from h5:443 <- h3:11406 [len=54B]
2025-09-12 19:46:07 - [BENIGN] - DEBUG - Generated DNS query from h3:33133 -> h5:53 [qname='example.com'] [Session 48] [len=71B]
2025-09-12 19:46:07 - [BENIGN] - DEBUG - Generated ICMP traffic h2↔h5 6 [len=84B]
2025-09-12 19:46:08 - [BENIGN] - DEBUG - Generated TCP SYN from h3:41341 -> h5:12345 [len=54B]
2025-09-12 19:46:08 - [BENIGN] - DEBUG - Generated TCP SYN-ACK from h5:12345 <- h3:41341 [len=54B]
2025-09-12 19:46:09 - [BENIGN] - DEBUG - Generated TCP ACK from h3:41341 -> h5:12345 [len=54B]
2025-09-12 19:46:09 - [BENIGN] - DEBUG - Generated TCP data traffic from h3:41341 -> h5:12345 [content='TCP data'] [Session 49] [len=340B]
2025-09-12 19:46:10 - [BENIGN] - DEBUG - Generated TCP ACK reply from h5:12345 <- h3:41341 [len=54B]
2025-09-12 19:46:11 - [BENIGN] - DEBUG - Generated UDP traffic from h3:37018 -> h5:12346 [content='65e185508b5a24e31f241023426ce47abcfabbf7...'] [Session 50] [len=1151B]
2025-09-12 19:46:11 - [BENIGN] - DEBUG - Generated Telnet SYN from h3:48231 -> h5:23 [len=54B]
2025-09-12 19:46:12 - [BENIGN] - DEBUG - Generated Telnet SYN-ACK from h5:23 <- h3:48231 [len=54B]
2025-09-12 19:46:13 - [BENIGN] - DEBUG - Generated Telnet ACK from h3:48231 -> h5:23 [len=54B]
2025-09-12 19:46:13 - [BENIGN] - DEBUG - Generated Telnet data traffic from h3:48231 -> h5:23 [content='Telnet command'] [Session 51] [len=1385B]
2025-09-12 19:46:14 - [BENIGN] - DEBUG - Generated Telnet ACK reply from h5:23 <- h3:48231 [len=54B]
2025-09-12 19:46:14 - [BENIGN] - DEBUG - Generated SSH SYN from h3:14953 -> h5:22 [len=54B]
2025-09-12 19:46:15 - [BENIGN] - DEBUG - Generated SSH SYN-ACK from h5:22 <- h3:14953 [len=54B]
2025-09-12 19:46:16 - [BENIGN] - DEBUG - Generated SSH ACK from h3:14953 -> h5:22 [len=54B]
2025-09-12 19:46:16 - [BENIGN] - DEBUG - Generated SSH data traffic from h3:14953 -> h5:22 [content='SSH encrypted data'] [Session 52] [len=513B]
2025-09-12 19:46:17 - [BENIGN] - DEBUG - Generated SSH ACK reply from h5:22 <- h3:14953 [len=54B]
2025-09-12 19:46:18 - [BENIGN] - DEBUG - Generated FTP SYN from h3:61439 -> h5:21 [len=54B]
2025-09-12 19:46:18 - [BENIGN] - DEBUG - Generated FTP SYN-ACK from h5:21 <- h3:61439 [len=54B]
2025-09-12 19:46:19 - [BENIGN] - DEBUG - Generated FTP ACK from h3:61439 -> h5:21 [len=54B]
2025-09-12 19:46:19 - [BENIGN] - DEBUG - Generated FTP data traffic from h3:61439 -> h5:21 [content='FTP file transfer'] [Session 53] [len=399B]
2025-09-12 19:46:20 - [BENIGN] - DEBUG - Generated FTP ACK reply from h5:21 <- h3:61439 [len=54B]
2025-09-12 19:46:21 - [BENIGN] - DEBUG - Generated HTTP SYN from h3:65371 -> h5:80 [len=54B]
2025-09-12 19:46:21 - [BENIGN] - DEBUG - Generated HTTP SYN-ACK from h5:80 <- h3:65371 [len=54B]
2025-09-12 19:46:22 - [BENIGN] - DEBUG - Generated HTTP ACK from h3:65371 -> h5:80 [len=54B]
2025-09-12 19:46:23 - [BENIGN] - DEBUG - Generated HTTP data traffic from h3:65371 -> h5:80 [content='GET /index.html HTTP/1.1'] [Session 54] [len=412B]
2025-09-12 19:46:23 - [BENIGN] - DEBUG - Generated HTTP ACK reply from h5:80 <- h3:65371 [len=54B]
2025-09-12 19:46:24 - [BENIGN] - DEBUG - Generated HTTPS SYN from h3:2680 -> h5:443 [len=54B]
2025-09-12 19:46:24 - [BENIGN] - DEBUG - Generated HTTPS SYN-ACK from h5:443 <- h3:2680 [len=54B]
2025-09-12 19:46:25 - [BENIGN] - DEBUG - Generated HTTPS ACK from h3:2680 -> h5:443 [len=54B]
2025-09-12 19:46:26 - [BENIGN] - DEBUG - Generated HTTPS data traffic from h3:2680 -> h5:443 [content='Encrypted Application Data'] [Session 55] [len=625B]
2025-09-12 19:46:26 - [BENIGN] - DEBUG - Generated HTTPS ACK reply from h5:443 <- h3:2680 [len=54B]
2025-09-12 19:46:27 - [BENIGN] - DEBUG - Generated DNS query from h3:34367 -> h5:53 [qname='example.com'] [Session 56] [len=71B]
2025-09-12 19:46:27 - [BENIGN] - DEBUG - Generated ICMP traffic h2↔h5 7 [len=84B]
2025-09-12 19:46:28 - [BENIGN] - DEBUG - Generated TCP SYN from h3:40210 -> h5:12345 [len=54B]
2025-09-12 19:46:28 - [BENIGN] - DEBUG - Generated TCP SYN-ACK from h5:12345 <- h3:40210 [len=54B]
2025-09-12 19:46:29 - [BENIGN] - DEBUG - Generated TCP ACK from h3:40210 -> h5:12345 [len=54B]
2025-09-12 19:46:30 - [BENIGN] - DEBUG - Generated TCP data traffic from h3:40210 -> h5:12345 [content='TCP data'] [Session 57] [len=396B]
2025-09-12 19:46:30 - [BENIGN] - DEBUG - Generated TCP ACK reply from h5:12345 <- h3:40210 [len=54B]
2025-09-12 19:46:31 - [BENIGN] - DEBUG - Generated UDP traffic from h3:32135 -> h5:12346 [content='17e2092c741e59b02135cb07192c25a9d37b8322...'] [Session 58] [len=597B]
2025-09-12 19:46:31 - [BENIGN] - DEBUG - Generated Telnet SYN from h3:12162 -> h5:23 [len=54B]
2025-09-12 19:46:32 - [BENIGN] - DEBUG - Generated Telnet SYN-ACK from h5:23 <- h3:12162 [len=54B]
2025-09-12 19:46:33 - [BENIGN] - DEBUG - Generated Telnet ACK from h3:12162 -> h5:23 [len=54B]
2025-09-12 19:46:33 - [BENIGN] - DEBUG - Generated Telnet data traffic from h3:12162 -> h5:23 [content='Telnet command'] [Session 59] [len=660B]
2025-09-12 19:46:34 - [BENIGN] - DEBUG - Generated Telnet ACK reply from h5:23 <- h3:12162 [len=54B]
2025-09-12 19:46:34 - [BENIGN] - DEBUG - Generated SSH SYN from h3:23609 -> h5:22 [len=54B]
2025-09-12 19:46:35 - [BENIGN] - DEBUG - Generated SSH SYN-ACK from h5:22 <- h3:23609 [len=54B]
2025-09-12 19:46:36 - [BENIGN] - DEBUG - Generated SSH ACK from h3:23609 -> h5:22 [len=54B]
2025-09-12 19:46:36 - [BENIGN] - DEBUG - Generated SSH data traffic from h3:23609 -> h5:22 [content='SSH encrypted data'] [Session 60] [len=997B]
2025-09-12 19:46:37 - [BENIGN] - DEBUG - Generated SSH ACK reply from h5:22 <- h3:23609 [len=54B]
2025-09-12 19:46:38 - [BENIGN] - DEBUG - Generated FTP SYN from h3:6803 -> h5:21 [len=54B]
2025-09-12 19:46:38 - [BENIGN] - DEBUG - Generated FTP SYN-ACK from h5:21 <- h3:6803 [len=54B]
2025-09-12 19:46:39 - [BENIGN] - DEBUG - Generated FTP ACK from h3:6803 -> h5:21 [len=54B]
2025-09-12 19:46:40 - [BENIGN] - DEBUG - Generated FTP data traffic from h3:6803 -> h5:21 [content='FTP file transfer'] [Session 61] [len=1220B]
2025-09-12 19:46:40 - [BENIGN] - DEBUG - Generated FTP ACK reply from h5:21 <- h3:6803 [len=54B]
2025-09-12 19:46:41 - [BENIGN] - DEBUG - Generated HTTP SYN from h3:12285 -> h5:80 [len=54B]
2025-09-12 19:46:41 - [BENIGN] - DEBUG - Generated HTTP SYN-ACK from h5:80 <- h3:12285 [len=54B]
2025-09-12 19:46:42 - [BENIGN] - DEBUG - Generated HTTP ACK from h3:12285 -> h5:80 [len=54B]
2025-09-12 19:46:43 - [BENIGN] - DEBUG - Generated HTTP data traffic from h3:12285 -> h5:80 [content='GET /index.html HTTP/1.1'] [Session 62] [len=468B]
2025-09-12 19:46:43 - [BENIGN] - DEBUG - Generated HTTP ACK reply from h5:80 <- h3:12285 [len=54B]
2025-09-12 19:46:44 - [BENIGN] - DEBUG - Generated HTTPS SYN from h3:61712 -> h5:443 [len=54B]
2025-09-12 19:46:45 - [BENIGN] - DEBUG - Generated HTTPS SYN-ACK from h5:443 <- h3:61712 [len=54B]
2025-09-12 19:46:45 - [BENIGN] - DEBUG - Generated HTTPS ACK from h3:61712 -> h5:443 [len=54B]
2025-09-12 19:46:46 - [BENIGN] - DEBUG - Generated HTTPS data traffic from h3:61712 -> h5:443 [content='Encrypted Application Data'] [Session 63] [len=510B]
2025-09-12 19:46:47 - [BENIGN] - DEBUG - Generated HTTPS ACK reply from h5:443 <- h3:61712 [len=54B]
2025-09-12 19:46:47 - [BENIGN] - DEBUG - Generated DNS query from h3:50497 -> h5:53 [qname='example.com'] [Session 64] [len=71B]
2025-09-12 19:46:47 - [BENIGN] - DEBUG - Generated ICMP traffic h2↔h5 8 [len=84B]
2025-09-12 19:46:48 - [BENIGN] - DEBUG - Generated TCP SYN from h3:13178 -> h5:12345 [len=54B]
2025-09-12 19:46:48 - [BENIGN] - DEBUG - Generated TCP SYN-ACK from h5:12345 <- h3:13178 [len=54B]
2025-09-12 19:46:49 - [BENIGN] - DEBUG - Generated TCP ACK from h3:13178 -> h5:12345 [len=54B]
2025-09-12 19:46:50 - [BENIGN] - DEBUG - Generated TCP data traffic from h3:13178 -> h5:12345 [content='TCP data'] [Session 65] [len=1442B]
2025-09-12 19:46:50 - [BENIGN] - DEBUG - Generated TCP ACK reply from h5:12345 <- h3:13178 [len=54B]
2025-09-12 19:46:51 - [BENIGN] - DEBUG - Generated UDP traffic from h3:31253 -> h5:12346 [content='cde0eddbdb5ba3709fc54dff424a50a507e06e67...'] [Session 66] [len=1216B]
2025-09-12 19:46:52 - [BENIGN] - DEBUG - Generated Telnet SYN from h3:59483 -> h5:23 [len=54B]
2025-09-12 19:46:52 - [BENIGN] - DEBUG - Generated Telnet SYN-ACK from h5:23 <- h3:59483 [len=54B]
2025-09-12 19:46:53 - [BENIGN] - DEBUG - Generated Telnet ACK from h3:59483 -> h5:23 [len=54B]
2025-09-12 19:46:53 - [BENIGN] - DEBUG - Generated Telnet data traffic from h3:59483 -> h5:23 [content='Telnet command'] [Session 67] [len=1164B]
2025-09-12 19:46:54 - [BENIGN] - DEBUG - Generated Telnet ACK reply from h5:23 <- h3:59483 [len=54B]
2025-09-12 19:46:55 - [BENIGN] - DEBUG - Generated SSH SYN from h3:33946 -> h5:22 [len=54B]
2025-09-12 19:46:55 - [BENIGN] - DEBUG - Generated SSH SYN-ACK from h5:22 <- h3:33946 [len=54B]
2025-09-12 19:46:56 - [BENIGN] - DEBUG - Generated SSH ACK from h3:33946 -> h5:22 [len=54B]
2025-09-12 19:46:57 - [BENIGN] - DEBUG - Generated SSH data traffic from h3:33946 -> h5:22 [content='SSH encrypted data'] [Session 68] [len=1531B]
2025-09-12 19:46:57 - [BENIGN] - DEBUG - Generated SSH ACK reply from h5:22 <- h3:33946 [len=54B]
2025-09-12 19:46:58 - [BENIGN] - DEBUG - Generated FTP SYN from h3:12254 -> h5:21 [len=54B]
2025-09-12 19:46:58 - [BENIGN] - DEBUG - Generated FTP SYN-ACK from h5:21 <- h3:12254 [len=54B]
2025-09-12 19:46:59 - [BENIGN] - DEBUG - Generated FTP ACK from h3:12254 -> h5:21 [len=54B]
2025-09-12 19:47:00 - [BENIGN] - DEBUG - Generated FTP data traffic from h3:12254 -> h5:21 [content='FTP file transfer'] [Session 69] [len=318B]
2025-09-12 19:47:00 - [BENIGN] - DEBUG - Generated FTP ACK reply from h5:21 <- h3:12254 [len=54B]
2025-09-12 19:47:01 - [BENIGN] - DEBUG - Generated HTTP SYN from h3:42334 -> h5:80 [len=54B]
2025-09-12 19:47:02 - [BENIGN] - DEBUG - Generated HTTP SYN-ACK from h5:80 <- h3:42334 [len=54B]
2025-09-12 19:47:02 - [BENIGN] - DEBUG - Generated HTTP ACK from h3:42334 -> h5:80 [len=54B]
2025-09-12 19:47:03 - [BENIGN] - DEBUG - Generated HTTP data traffic from h3:42334 -> h5:80 [content='GET /index.html HTTP/1.1'] [Session 70] [len=595B]
2025-09-12 19:47:04 - [BENIGN] - DEBUG - Generated HTTP ACK reply from h5:80 <- h3:42334 [len=54B]
2025-09-12 19:47:04 - [BENIGN] - DEBUG - Generated HTTPS SYN from h3:52611 -> h5:443 [len=54B]
2025-09-12 19:47:05 - [BENIGN] - DEBUG - Generated HTTPS SYN-ACK from h5:443 <- h3:52611 [len=54B]
2025-09-12 19:47:05 - [BENIGN] - DEBUG - Generated HTTPS ACK from h3:52611 -> h5:443 [len=54B]
2025-09-12 19:47:06 - [BENIGN] - DEBUG - Generated HTTPS data traffic from h3:52611 -> h5:443 [content='Encrypted Application Data'] [Session 71] [len=339B]
2025-09-12 19:47:07 - [BENIGN] - DEBUG - Generated HTTPS ACK reply from h5:443 <- h3:52611 [len=54B]
2025-09-12 19:47:07 - [BENIGN] - DEBUG - Generated DNS query from h3:35778 -> h5:53 [qname='example.com'] [Session 72] [len=71B]
2025-09-12 19:47:07 - [BENIGN] - DEBUG - Generated ICMP traffic h2↔h5 9 [len=84B]
2025-09-12 19:47:08 - [BENIGN] - DEBUG - Generated TCP SYN from h3:47307 -> h5:12345 [len=54B]
2025-09-12 19:47:09 - [BENIGN] - DEBUG - Generated TCP SYN-ACK from h5:12345 <- h3:47307 [len=54B]
2025-09-12 19:47:09 - [BENIGN] - DEBUG - Generated TCP ACK from h3:47307 -> h5:12345 [len=54B]
2025-09-12 19:47:10 - [BENIGN] - DEBUG - Generated TCP data traffic from h3:47307 -> h5:12345 [content='TCP data'] [Session 73] [len=364B]
2025-09-12 19:47:10 - [BENIGN] - DEBUG - Generated TCP ACK reply from h5:12345 <- h3:47307 [len=54B]
2025-09-12 19:47:11 - [BENIGN] - DEBUG - Generated UDP traffic from h3:26404 -> h5:12346 [content='70c58f14eb02e0eedfb15edaa533383af5574093...'] [Session 74] [len=112B]
2025-09-12 19:47:12 - [BENIGN] - DEBUG - Generated Telnet SYN from h3:58796 -> h5:23 [len=54B]
2025-09-12 19:47:12 - [BENIGN] - DEBUG - Generated Telnet SYN-ACK from h5:23 <- h3:58796 [len=54B]
2025-09-12 19:47:13 - [BENIGN] - DEBUG - Generated Telnet ACK from h3:58796 -> h5:23 [len=54B]
2025-09-12 19:47:14 - [BENIGN] - DEBUG - Generated Telnet data traffic from h3:58796 -> h5:23 [content='Telnet command'] [Session 75] [len=198B]
2025-09-12 19:47:14 - [BENIGN] - DEBUG - Generated Telnet ACK reply from h5:23 <- h3:58796 [len=54B]
2025-09-12 19:47:15 - [BENIGN] - DEBUG - Generated SSH SYN from h3:60556 -> h5:22 [len=54B]
2025-09-12 19:47:15 - [BENIGN] - DEBUG - Generated SSH SYN-ACK from h5:22 <- h3:60556 [len=54B]
2025-09-12 19:47:16 - [BENIGN] - DEBUG - Generated SSH ACK from h3:60556 -> h5:22 [len=54B]
2025-09-12 19:47:17 - [BENIGN] - DEBUG - Generated SSH data traffic from h3:60556 -> h5:22 [content='SSH encrypted data'] [Session 76] [len=165B]
2025-09-12 19:47:17 - [BENIGN] - DEBUG - Generated SSH ACK reply from h5:22 <- h3:60556 [len=54B]
2025-09-12 19:47:18 - [BENIGN] - DEBUG - Generated FTP SYN from h3:28203 -> h5:21 [len=54B]
2025-09-12 19:47:19 - [BENIGN] - DEBUG - Generated FTP SYN-ACK from h5:21 <- h3:28203 [len=54B]
2025-09-12 19:47:19 - [BENIGN] - DEBUG - Generated FTP ACK from h3:28203 -> h5:21 [len=54B]
2025-09-12 19:47:20 - [BENIGN] - DEBUG - Generated FTP data traffic from h3:28203 -> h5:21 [content='FTP file transfer'] [Session 77] [len=1178B]
2025-09-12 19:47:20 - [BENIGN] - DEBUG - Generated FTP ACK reply from h5:21 <- h3:28203 [len=54B]
2025-09-12 19:47:21 - [BENIGN] - DEBUG - Generated HTTP SYN from h3:55674 -> h5:80 [len=54B]
2025-09-12 19:47:22 - [BENIGN] - DEBUG - Generated HTTP SYN-ACK from h5:80 <- h3:55674 [len=54B]
2025-09-12 19:47:22 - [BENIGN] - DEBUG - Generated HTTP ACK from h3:55674 -> h5:80 [len=54B]
2025-09-12 19:47:23 - [BENIGN] - DEBUG - Generated HTTP data traffic from h3:55674 -> h5:80 [content='GET /index.html HTTP/1.1'] [Session 78] [len=506B]
2025-09-12 19:47:23 - [BENIGN] - DEBUG - Generated HTTP ACK reply from h5:80 <- h3:55674 [len=54B]
2025-09-12 19:47:24 - [BENIGN] - DEBUG - Generated HTTPS SYN from h3:17213 -> h5:443 [len=54B]
2025-09-12 19:47:25 - [BENIGN] - DEBUG - Generated HTTPS SYN-ACK from h5:443 <- h3:17213 [len=54B]
2025-09-12 19:47:25 - [BENIGN] - DEBUG - Generated HTTPS ACK from h3:17213 -> h5:443 [len=54B]
2025-09-12 19:47:26 - [BENIGN] - DEBUG - Generated HTTPS data traffic from h3:17213 -> h5:443 [content='Encrypted Application Data'] [Session 79] [len=277B]
2025-09-12 19:47:27 - [BENIGN] - DEBUG - Generated HTTPS ACK reply from h5:443 <- h3:17213 [len=54B]
2025-09-12 19:47:27 - [BENIGN] - DEBUG - Generated DNS query from h3:40422 -> h5:53 [qname='example.com'] [Session 80] [len=71B]
2025-09-12 19:47:27 - [BENIGN] - INFO - Benign traffic finished.
2025-09-12 19:47:27 - [BENIGN] - INFO - Summary: 80 protocol sessions with protocol separation:
2025-09-12 19:47:27 - [BENIGN] - INFO -   - h2↔h5: ICMP ping traffic
2025-09-12 19:47:27 - [BENIGN] - INFO -   - h3↔h5: TCP/UDP traffic [TCP, UDP, Telnet, SSH, FTP, HTTP, HTTPS, DNS]
2025-09-12 19:47:27 - [BENIGN] - INFO - Total packets sent: 340
