2025-09-19 02:02:27,348 - attack_logger - INFO - Attack: Enhanced SYN Flood (88s) | h1 -> h6
2025-09-19 02:02:29,863 - attack_logger - INFO - [syn_flood] [Run ID: 35479f53-ea96-4400-a0a3-8d83cc3de25e] Starting Enhanced SYN Flood from h1 to 192.168.30.10 for 88 seconds.
2025-09-19 02:02:29,863 - attack_logger - INFO - [syn_flood] [Run ID: 35479f53-ea96-4400-a0a3-8d83cc3de25e] Attack Phase: Enhanced Traditional SYN Flood - Attacker: h1, Target: 192.168.30.10:80, Duration: 88s
2025-09-19 02:02:29,863 - attack_logger - INFO - [syn_flood] [Run ID: 35479f53-ea96-4400-a0a3-8d83cc3de25e] Enhanced Features: Human-like timing, protocol compliance, network delay simulation
2025-09-19 02:02:29,863 - attack_logger - INFO - [syn_flood] [Run ID: 35479f53-ea96-4400-a0a3-8d83cc3de25e] Session pattern: 1 phases, Circadian factor: 0.03, Workday factor: 0.01
2025-09-19 02:02:29,863 - attack_logger - DEBUG - [syn_flood] [Run ID: 35479f53-ea96-4400-a0a3-8d83cc3de25e] Starting enhanced SYN packet generation with human-like timing
2025-09-19 02:02:29,864 - attack_logger - INFO - [syn_flood] [Run ID: 35479f53-ea96-4400-a0a3-8d83cc3de25e] Stress phase: 26s, Advanced phase: 62s
2025-09-19 02:02:56,459 - attack_logger - INFO - [syn_flood] [Run ID: 35479f53-ea96-4400-a0a3-8d83cc3de25e] Stress phase completed
2025-09-19 02:02:56,468 - attack_logger - INFO - [syn_flood] [Run ID: 35479f53-ea96-4400-a0a3-8d83cc3de25e] Enhanced SYN flood process started (PID: 40539)
2025-09-19 02:03:08,532 - attack_logger - INFO - [syn_flood] [Run ID: 35479f53-ea96-4400-a0a3-8d83cc3de25e] Attack progress: 12.1s elapsed, ~0 packets sent, Rate: 0.0 pps, Phase: active (intensity: 0.93)
2025-09-19 02:03:08,533 - attack_logger - DEBUG - [syn_flood] [Run ID: 35479f53-ea96-4400-a0a3-8d83cc3de25e] Process stats - CPU: 0.0%, Memory: 60.6MB
2025-09-19 02:03:08,533 - attack_logger - DEBUG - [syn_flood] [Run ID: 35479f53-ea96-4400-a0a3-8d83cc3de25e] Timing factors - Circadian: 0.03, Workday: 0.01, Adjusted rate: 0.0 pps
2025-09-19 02:03:20,535 - attack_logger - INFO - [syn_flood] [Run ID: 35479f53-ea96-4400-a0a3-8d83cc3de25e] Attack progress: 24.1s elapsed, ~0 packets sent, Rate: 0.0 pps, Phase: active (intensity: 0.93)
2025-09-19 02:03:20,535 - attack_logger - DEBUG - [syn_flood] [Run ID: 35479f53-ea96-4400-a0a3-8d83cc3de25e] Process stats - CPU: 0.0%, Memory: 60.6MB
2025-09-19 02:03:20,535 - attack_logger - DEBUG - [syn_flood] [Run ID: 35479f53-ea96-4400-a0a3-8d83cc3de25e] Timing factors - Circadian: 0.03, Workday: 0.01, Adjusted rate: 0.0 pps
2025-09-19 02:03:32,604 - attack_logger - INFO - [syn_flood] [Run ID: 35479f53-ea96-4400-a0a3-8d83cc3de25e] Attack progress: 36.1s elapsed, ~0 packets sent, Rate: 0.0 pps, Phase: active (intensity: 0.93)
2025-09-19 02:03:32,604 - attack_logger - DEBUG - [syn_flood] [Run ID: 35479f53-ea96-4400-a0a3-8d83cc3de25e] Process stats - CPU: 0.0%, Memory: 60.7MB
2025-09-19 02:03:32,604 - attack_logger - DEBUG - [syn_flood] [Run ID: 35479f53-ea96-4400-a0a3-8d83cc3de25e] Timing factors - Circadian: 0.03, Workday: 0.01, Adjusted rate: 0.0 pps
2025-09-19 02:03:44,677 - attack_logger - INFO - [syn_flood] [Run ID: 35479f53-ea96-4400-a0a3-8d83cc3de25e] Attack progress: 48.2s elapsed, ~0 packets sent, Rate: 0.0 pps, Phase: active (intensity: 0.93)
2025-09-19 02:03:44,677 - attack_logger - DEBUG - [syn_flood] [Run ID: 35479f53-ea96-4400-a0a3-8d83cc3de25e] Process stats - CPU: 0.0%, Memory: 60.7MB
2025-09-19 02:03:44,677 - attack_logger - DEBUG - [syn_flood] [Run ID: 35479f53-ea96-4400-a0a3-8d83cc3de25e] Timing factors - Circadian: 0.03, Workday: 0.01, Adjusted rate: 0.0 pps
2025-09-19 02:03:56,761 - attack_logger - INFO - [syn_flood] [Run ID: 35479f53-ea96-4400-a0a3-8d83cc3de25e] Attack progress: 60.3s elapsed, ~0 packets sent, Rate: 0.0 pps, Phase: active (intensity: 0.93)
2025-09-19 02:03:56,761 - attack_logger - DEBUG - [syn_flood] [Run ID: 35479f53-ea96-4400-a0a3-8d83cc3de25e] Process stats - CPU: 0.0%, Memory: 60.7MB
2025-09-19 02:03:56,761 - attack_logger - DEBUG - [syn_flood] [Run ID: 35479f53-ea96-4400-a0a3-8d83cc3de25e] Timing factors - Circadian: 0.03, Workday: 0.01, Adjusted rate: 0.0 pps
2025-09-19 02:03:58,497 - attack_logger - DEBUG - [syn_flood] [Run ID: 35479f53-ea96-4400-a0a3-8d83cc3de25e] Sent SIGINT to SYN flood process 40539
2025-09-19 02:03:59,002 - attack_logger - INFO - [syn_flood] [Run ID: 35479f53-ea96-4400-a0a3-8d83cc3de25e] Enhanced SYN Flood from h1 to 192.168.30.10 finished.
2025-09-19 02:03:59,002 - attack_logger - INFO - [syn_flood] [Run ID: 35479f53-ea96-4400-a0a3-8d83cc3de25e] Attack completed. Total packets sent = 0, Average rate = 0.00 packets/sec.
2025-09-19 02:03:59,002 - attack_logger - INFO - [syn_flood] [Run ID: 35479f53-ea96-4400-a0a3-8d83cc3de25e] --- Enhanced Attack Summary ---
2025-09-19 02:03:59,002 - attack_logger - INFO - [syn_flood] [Run ID: 35479f53-ea96-4400-a0a3-8d83cc3de25e] Total packets sent: 0
2025-09-19 02:03:59,002 - attack_logger - INFO - [syn_flood] [Run ID: 35479f53-ea96-4400-a0a3-8d83cc3de25e] Actual duration: 62.04s
2025-09-19 02:03:59,002 - attack_logger - INFO - [syn_flood] [Run ID: 35479f53-ea96-4400-a0a3-8d83cc3de25e] Average rate: 0.00 packets/sec
2025-09-19 02:03:59,002 - attack_logger - INFO - [syn_flood] [Run ID: 35479f53-ea96-4400-a0a3-8d83cc3de25e] Base rate: 27.3 pps
2025-09-19 02:03:59,002 - attack_logger - INFO - [syn_flood] [Run ID: 35479f53-ea96-4400-a0a3-8d83cc3de25e] Circadian factor: 0.03
2025-09-19 02:03:59,002 - attack_logger - INFO - [syn_flood] [Run ID: 35479f53-ea96-4400-a0a3-8d83cc3de25e] Workday factor: 0.01
2025-09-19 02:03:59,002 - attack_logger - INFO - [syn_flood] [Run ID: 35479f53-ea96-4400-a0a3-8d83cc3de25e] Session phases: 1
2025-09-19 02:03:59,002 - attack_logger - INFO - [syn_flood] [Run ID: 35479f53-ea96-4400-a0a3-8d83cc3de25e] Target port: 80
2025-09-19 02:03:59,002 - attack_logger - INFO - [syn_flood] [Run ID: 35479f53-ea96-4400-a0a3-8d83cc3de25e] Attack method: Enhanced SYN Flood with Human-like Timing
2025-09-19 02:03:59,002 - attack_logger - INFO - [syn_flood] [Run ID: 35479f53-ea96-4400-a0a3-8d83cc3de25e] Enhancement features: Human timing patterns, protocol compliance, network delay simulation
2025-09-19 02:03:59,002 - attack_logger - INFO - [syn_flood] [Run ID: 35479f53-ea96-4400-a0a3-8d83cc3de25e] TCP options: MSS, WScale, Timestamp, SAckOK
2025-09-19 02:03:59,002 - attack_logger - INFO - [syn_flood] [Run ID: 35479f53-ea96-4400-a0a3-8d83cc3de25e] ----------------------------------------
2025-09-19 02:03:59,087 - attack_logger - INFO - Attack: Enhanced SYN Flood completed.
2025-09-19 02:03:59,087 - attack_logger - INFO - Attack: Enhanced UDP Flood (176s) | h1 -> h6
2025-09-19 02:04:01,603 - attack_logger - INFO - [udp_flood] [Run ID: faf2f706-194f-4462-ac15-71772d2fa9d3] Starting Enhanced UDP Flood from h1 to 192.168.30.10 for 176 seconds.
2025-09-19 02:04:01,603 - attack_logger - INFO - [udp_flood] [Run ID: faf2f706-194f-4462-ac15-71772d2fa9d3] Attack Phase: Enhanced Traditional UDP Flood - Attacker: h1, Target: 192.168.30.10:53, Duration: 176s
2025-09-19 02:04:01,604 - attack_logger - INFO - [udp_flood] [Run ID: faf2f706-194f-4462-ac15-71772d2fa9d3] Enhanced Features: Human-like timing, protocol compliance, network delay simulation
2025-09-19 02:04:01,604 - attack_logger - INFO - [udp_flood] [Run ID: faf2f706-194f-4462-ac15-71772d2fa9d3] Stress phase: 52s, Advanced phase: 124s
2025-09-19 02:04:54,212 - attack_logger - INFO - [udp_flood] [Run ID: faf2f706-194f-4462-ac15-71772d2fa9d3] Stress phase completed
2025-09-19 02:04:54,213 - attack_logger - INFO - [udp_flood] [Run ID: faf2f706-194f-4462-ac15-71772d2fa9d3] Session pattern: 5 phases, Circadian factor: 0.03, Workday factor: 0.01
2025-09-19 02:04:54,213 - attack_logger - DEBUG - [udp_flood] [Run ID: faf2f706-194f-4462-ac15-71772d2fa9d3] Starting enhanced UDP packet generation with human-like timing
2025-09-19 02:04:54,222 - attack_logger - INFO - [udp_flood] [Run ID: faf2f706-194f-4462-ac15-71772d2fa9d3] Enhanced UDP flood process started (PID: 40557)
2025-09-19 02:05:18,229 - attack_logger - INFO - [udp_flood] [Run ID: faf2f706-194f-4462-ac15-71772d2fa9d3] Attack progress: 24.0s elapsed, ~0 packets sent, Rate: 0.0 pps, Phase: break (intensity: 0.12)
2025-09-19 02:05:18,230 - attack_logger - DEBUG - [udp_flood] [Run ID: faf2f706-194f-4462-ac15-71772d2fa9d3] Process stats - CPU: 0.0%, Memory: 60.6MB
2025-09-19 02:05:18,230 - attack_logger - DEBUG - [udp_flood] [Run ID: faf2f706-194f-4462-ac15-71772d2fa9d3] Timing factors - Circadian: 0.03, Workday: 0.01, Adjusted rate: 0.0 pps
2025-09-19 02:05:22,522 - attack_logger - DEBUG - [udp_flood] [Run ID: faf2f706-194f-4462-ac15-71772d2fa9d3] Entering break phase (intensity: 0.18)
2025-09-19 02:05:31,257 - attack_logger - DEBUG - [udp_flood] [Run ID: faf2f706-194f-4462-ac15-71772d2fa9d3] Entering active phase (intensity: 0.71)
2025-09-19 02:05:42,282 - attack_logger - INFO - [udp_flood] [Run ID: faf2f706-194f-4462-ac15-71772d2fa9d3] Attack progress: 48.1s elapsed, ~0 packets sent, Rate: 0.0 pps, Phase: active (intensity: 0.71)
2025-09-19 02:05:42,282 - attack_logger - DEBUG - [udp_flood] [Run ID: faf2f706-194f-4462-ac15-71772d2fa9d3] Process stats - CPU: 0.0%, Memory: 60.6MB
2025-09-19 02:05:42,283 - attack_logger - DEBUG - [udp_flood] [Run ID: faf2f706-194f-4462-ac15-71772d2fa9d3] Timing factors - Circadian: 0.03, Workday: 0.01, Adjusted rate: 0.0 pps
2025-09-19 02:06:06,355 - attack_logger - INFO - [udp_flood] [Run ID: faf2f706-194f-4462-ac15-71772d2fa9d3] Attack progress: 72.1s elapsed, ~0 packets sent, Rate: 0.0 pps, Phase: active (intensity: 0.71)
2025-09-19 02:06:06,355 - attack_logger - DEBUG - [udp_flood] [Run ID: faf2f706-194f-4462-ac15-71772d2fa9d3] Process stats - CPU: 0.0%, Memory: 60.6MB
2025-09-19 02:06:06,355 - attack_logger - DEBUG - [udp_flood] [Run ID: faf2f706-194f-4462-ac15-71772d2fa9d3] Timing factors - Circadian: 0.03, Workday: 0.01, Adjusted rate: 0.0 pps
2025-09-19 02:06:08,983 - attack_logger - DEBUG - [udp_flood] [Run ID: faf2f706-194f-4462-ac15-71772d2fa9d3] Entering break phase (intensity: 0.13)
2025-09-19 02:06:30,382 - attack_logger - INFO - [udp_flood] [Run ID: faf2f706-194f-4462-ac15-71772d2fa9d3] Attack progress: 96.2s elapsed, ~0 packets sent, Rate: 0.0 pps, Phase: break (intensity: 0.13)
2025-09-19 02:06:30,383 - attack_logger - DEBUG - [udp_flood] [Run ID: faf2f706-194f-4462-ac15-71772d2fa9d3] Process stats - CPU: 0.0%, Memory: 60.6MB
2025-09-19 02:06:30,383 - attack_logger - DEBUG - [udp_flood] [Run ID: faf2f706-194f-4462-ac15-71772d2fa9d3] Timing factors - Circadian: 0.03, Workday: 0.01, Adjusted rate: 0.0 pps
2025-09-19 02:06:38,201 - attack_logger - DEBUG - [udp_flood] [Run ID: faf2f706-194f-4462-ac15-71772d2fa9d3] Entering active phase (intensity: 0.96)
2025-09-19 02:06:54,397 - attack_logger - INFO - [udp_flood] [Run ID: faf2f706-194f-4462-ac15-71772d2fa9d3] Attack progress: 120.2s elapsed, ~0 packets sent, Rate: 0.0 pps, Phase: active (intensity: 0.96)
2025-09-19 02:06:54,397 - attack_logger - DEBUG - [udp_flood] [Run ID: faf2f706-194f-4462-ac15-71772d2fa9d3] Process stats - CPU: 0.0%, Memory: 60.6MB
2025-09-19 02:06:54,397 - attack_logger - DEBUG - [udp_flood] [Run ID: faf2f706-194f-4462-ac15-71772d2fa9d3] Timing factors - Circadian: 0.03, Workday: 0.01, Adjusted rate: 0.0 pps
2025-09-19 02:06:58,318 - attack_logger - DEBUG - [udp_flood] [Run ID: faf2f706-194f-4462-ac15-71772d2fa9d3] Sent SIGINT to UDP flood process 40557
2025-09-19 02:06:58,824 - attack_logger - INFO - [udp_flood] [Run ID: faf2f706-194f-4462-ac15-71772d2fa9d3] Enhanced UDP Flood from h1 to 192.168.30.10 finished.
2025-09-19 02:06:58,824 - attack_logger - INFO - [udp_flood] [Run ID: faf2f706-194f-4462-ac15-71772d2fa9d3] Attack completed. Total packets sent = 0, Average rate = 0.00 packets/sec.
2025-09-19 02:06:58,824 - attack_logger - INFO - [udp_flood] [Run ID: faf2f706-194f-4462-ac15-71772d2fa9d3] --- Enhanced Attack Summary ---
2025-09-19 02:06:58,824 - attack_logger - INFO - [udp_flood] [Run ID: faf2f706-194f-4462-ac15-71772d2fa9d3] Total packets sent: 0
2025-09-19 02:06:58,824 - attack_logger - INFO - [udp_flood] [Run ID: faf2f706-194f-4462-ac15-71772d2fa9d3] Actual duration: 124.11s
2025-09-19 02:06:58,824 - attack_logger - INFO - [udp_flood] [Run ID: faf2f706-194f-4462-ac15-71772d2fa9d3] Average rate: 0.00 packets/sec
2025-09-19 02:06:58,824 - attack_logger - INFO - [udp_flood] [Run ID: faf2f706-194f-4462-ac15-71772d2fa9d3] Base rate: 23.2 pps
2025-09-19 02:06:58,824 - attack_logger - INFO - [udp_flood] [Run ID: faf2f706-194f-4462-ac15-71772d2fa9d3] Circadian factor: 0.03
2025-09-19 02:06:58,824 - attack_logger - INFO - [udp_flood] [Run ID: faf2f706-194f-4462-ac15-71772d2fa9d3] Workday factor: 0.01
2025-09-19 02:06:58,824 - attack_logger - INFO - [udp_flood] [Run ID: faf2f706-194f-4462-ac15-71772d2fa9d3] Session phases: 5
2025-09-19 02:06:58,824 - attack_logger - INFO - [udp_flood] [Run ID: faf2f706-194f-4462-ac15-71772d2fa9d3] Target port: 53 (DNS)
2025-09-19 02:06:58,824 - attack_logger - INFO - [udp_flood] [Run ID: faf2f706-194f-4462-ac15-71772d2fa9d3] Attack method: Enhanced UDP Flood with Human-like Timing
2025-09-19 02:06:58,824 - attack_logger - INFO - [udp_flood] [Run ID: faf2f706-194f-4462-ac15-71772d2fa9d3] Enhancement features: Human timing patterns, protocol compliance, network delay simulation
2025-09-19 02:06:58,824 - attack_logger - INFO - [udp_flood] [Run ID: faf2f706-194f-4462-ac15-71772d2fa9d3] DNS payloads: Realistic query patterns with varied domains
2025-09-19 02:06:58,824 - attack_logger - INFO - [udp_flood] [Run ID: faf2f706-194f-4462-ac15-71772d2fa9d3] ----------------------------------------
2025-09-19 02:06:58,911 - attack_logger - INFO - Attack: Enhanced UDP Flood completed.
2025-09-19 02:06:58,911 - attack_logger - INFO - Attack: Enhanced ICMP Flood (88s) | h1 -> h4
2025-09-19 02:07:01,433 - attack_logger - INFO - [icmp_flood] [Run ID: 5e493f7b-887e-4642-99af-4328866e7ee2] Starting Enhanced ICMP Flood with RFC 1918 IP Rotation from h1 to 192.168.20.12 for 88 seconds.
2025-09-19 02:07:01,433 - attack_logger - INFO - [icmp_flood] [Run ID: 5e493f7b-887e-4642-99af-4328866e7ee2] Attack Phase: Enhanced Traditional ICMP Flood - Attacker: h1, Target: 192.168.20.12, Duration: 88s
2025-09-19 02:07:01,433 - attack_logger - INFO - [icmp_flood] [Run ID: 5e493f7b-887e-4642-99af-4328866e7ee2] Enhanced Features: RFC 1918 IP rotation, human-like timing, protocol compliance, network delay simulation
2025-09-19 02:07:01,433 - attack_logger - INFO - [icmp_flood] [Run ID: 5e493f7b-887e-4642-99af-4328866e7ee2] IP Pool Size: 50 source IPs from RFC 1918 ranges (10.0.0.0/8, 172.16.0.0/12, 192.168.0.0/16)
2025-09-19 02:07:01,433 - attack_logger - INFO - [icmp_flood] [Run ID: 5e493f7b-887e-4642-99af-4328866e7ee2] Stress phase total: 26s (host: 13s, gateway: 13s), Advanced phase: 62s
2025-09-19 02:07:15,009 - attack_logger - INFO - [icmp_flood] [Run ID: 5e493f7b-887e-4642-99af-4328866e7ee2] Host stress sub-phase completed
2025-09-19 02:07:28,622 - attack_logger - INFO - [icmp_flood] [Run ID: 5e493f7b-887e-4642-99af-4328866e7ee2] Gateway stress sub-phase completed
2025-09-19 02:07:28,622 - attack_logger - INFO - [icmp_flood] [Run ID: 5e493f7b-887e-4642-99af-4328866e7ee2] Session pattern: 1 phases, Circadian factor: 0.03, Workday factor: 0.01
2025-09-19 02:07:28,622 - attack_logger - DEBUG - [icmp_flood] [Run ID: 5e493f7b-887e-4642-99af-4328866e7ee2] Starting enhanced ICMP packet generation with IP rotation and human-like timing
2025-09-19 02:07:28,631 - attack_logger - INFO - [icmp_flood] [Run ID: 5e493f7b-887e-4642-99af-4328866e7ee2] Enhanced ICMP flood with IP rotation process started (PID: 40576)
2025-09-19 02:07:40,665 - attack_logger - INFO - [icmp_flood] [Run ID: 5e493f7b-887e-4642-99af-4328866e7ee2] Attack progress: 12.0s elapsed, ~0 packets sent, Rate: 0.0 pps, IP rotations: ~0, Phase: active (intensity: 0.92)
2025-09-19 02:07:40,666 - attack_logger - DEBUG - [icmp_flood] [Run ID: 5e493f7b-887e-4642-99af-4328866e7ee2] Process stats - CPU: 0.0%, Memory: 60.5MB
2025-09-19 02:07:40,666 - attack_logger - DEBUG - [icmp_flood] [Run ID: 5e493f7b-887e-4642-99af-4328866e7ee2] Timing factors - Circadian: 0.03, Workday: 0.01, Adjusted rate: 0.0 pps
2025-09-19 02:07:52,724 - attack_logger - INFO - [icmp_flood] [Run ID: 5e493f7b-887e-4642-99af-4328866e7ee2] Attack progress: 24.1s elapsed, ~0 packets sent, Rate: 0.0 pps, IP rotations: ~0, Phase: active (intensity: 0.92)
2025-09-19 02:07:52,725 - attack_logger - DEBUG - [icmp_flood] [Run ID: 5e493f7b-887e-4642-99af-4328866e7ee2] Process stats - CPU: 0.0%, Memory: 60.8MB
2025-09-19 02:07:52,725 - attack_logger - DEBUG - [icmp_flood] [Run ID: 5e493f7b-887e-4642-99af-4328866e7ee2] Timing factors - Circadian: 0.03, Workday: 0.01, Adjusted rate: 0.0 pps
2025-09-19 02:08:04,794 - attack_logger - INFO - [icmp_flood] [Run ID: 5e493f7b-887e-4642-99af-4328866e7ee2] Attack progress: 36.2s elapsed, ~0 packets sent, Rate: 0.0 pps, IP rotations: ~0, Phase: active (intensity: 0.92)
2025-09-19 02:08:04,794 - attack_logger - DEBUG - [icmp_flood] [Run ID: 5e493f7b-887e-4642-99af-4328866e7ee2] Process stats - CPU: 0.0%, Memory: 60.8MB
2025-09-19 02:08:04,794 - attack_logger - DEBUG - [icmp_flood] [Run ID: 5e493f7b-887e-4642-99af-4328866e7ee2] Timing factors - Circadian: 0.03, Workday: 0.01, Adjusted rate: 0.0 pps
2025-09-19 02:08:16,903 - attack_logger - INFO - [icmp_flood] [Run ID: 5e493f7b-887e-4642-99af-4328866e7ee2] Attack progress: 48.3s elapsed, ~0 packets sent, Rate: 0.0 pps, IP rotations: ~0, Phase: active (intensity: 0.92)
2025-09-19 02:08:16,904 - attack_logger - DEBUG - [icmp_flood] [Run ID: 5e493f7b-887e-4642-99af-4328866e7ee2] Process stats - CPU: 0.0%, Memory: 60.8MB
2025-09-19 02:08:16,904 - attack_logger - DEBUG - [icmp_flood] [Run ID: 5e493f7b-887e-4642-99af-4328866e7ee2] Timing factors - Circadian: 0.03, Workday: 0.01, Adjusted rate: 0.0 pps
2025-09-19 02:08:28,923 - attack_logger - INFO - [icmp_flood] [Run ID: 5e493f7b-887e-4642-99af-4328866e7ee2] Attack progress: 60.3s elapsed, ~0 packets sent, Rate: 0.0 pps, IP rotations: ~0, Phase: active (intensity: 0.92)
2025-09-19 02:08:28,923 - attack_logger - DEBUG - [icmp_flood] [Run ID: 5e493f7b-887e-4642-99af-4328866e7ee2] Process stats - CPU: 0.0%, Memory: 60.8MB
2025-09-19 02:08:28,923 - attack_logger - DEBUG - [icmp_flood] [Run ID: 5e493f7b-887e-4642-99af-4328866e7ee2] Timing factors - Circadian: 0.03, Workday: 0.01, Adjusted rate: 0.0 pps
2025-09-19 02:08:30,635 - attack_logger - DEBUG - [icmp_flood] [Run ID: 5e493f7b-887e-4642-99af-4328866e7ee2] Sent SIGINT to ICMP flood process 40576
2025-09-19 02:08:31,139 - attack_logger - INFO - [icmp_flood] [Run ID: 5e493f7b-887e-4642-99af-4328866e7ee2] Enhanced ICMP Flood with RFC 1918 IP Rotation from h1 to 192.168.20.12 finished.
2025-09-19 02:08:31,139 - attack_logger - INFO - [icmp_flood] [Run ID: 5e493f7b-887e-4642-99af-4328866e7ee2] Attack completed. Total packets sent = 0, Average rate = 0.00 packets/sec.
2025-09-19 02:08:31,139 - attack_logger - INFO - [icmp_flood] [Run ID: 5e493f7b-887e-4642-99af-4328866e7ee2] --- Enhanced Attack Summary ---
2025-09-19 02:08:31,139 - attack_logger - INFO - [icmp_flood] [Run ID: 5e493f7b-887e-4642-99af-4328866e7ee2] Total packets sent: 0
2025-09-19 02:08:31,139 - attack_logger - INFO - [icmp_flood] [Run ID: 5e493f7b-887e-4642-99af-4328866e7ee2] Total IP rotations: ~0
2025-09-19 02:08:31,139 - attack_logger - INFO - [icmp_flood] [Run ID: 5e493f7b-887e-4642-99af-4328866e7ee2] RFC 1918 IP pool size: 50
2025-09-19 02:08:31,139 - attack_logger - INFO - [icmp_flood] [Run ID: 5e493f7b-887e-4642-99af-4328866e7ee2] IP ranges used: 10.0.0.0/8, 172.16.0.0/12, 192.168.0.0/16
2025-09-19 02:08:31,139 - attack_logger - INFO - [icmp_flood] [Run ID: 5e493f7b-887e-4642-99af-4328866e7ee2] Actual duration: 62.01s
2025-09-19 02:08:31,139 - attack_logger - INFO - [icmp_flood] [Run ID: 5e493f7b-887e-4642-99af-4328866e7ee2] Average rate: 0.00 packets/sec
2025-09-19 02:08:31,139 - attack_logger - INFO - [icmp_flood] [Run ID: 5e493f7b-887e-4642-99af-4328866e7ee2] Base rate: 25.3 pps
2025-09-19 02:08:31,139 - attack_logger - INFO - [icmp_flood] [Run ID: 5e493f7b-887e-4642-99af-4328866e7ee2] Circadian factor: 0.03
2025-09-19 02:08:31,139 - attack_logger - INFO - [icmp_flood] [Run ID: 5e493f7b-887e-4642-99af-4328866e7ee2] Workday factor: 0.01
2025-09-19 02:08:31,139 - attack_logger - INFO - [icmp_flood] [Run ID: 5e493f7b-887e-4642-99af-4328866e7ee2] Session phases: 1
2025-09-19 02:08:31,139 - attack_logger - INFO - [icmp_flood] [Run ID: 5e493f7b-887e-4642-99af-4328866e7ee2] ICMP type: Echo Request (8) with ID/Seq variations
2025-09-19 02:08:31,139 - attack_logger - INFO - [icmp_flood] [Run ID: 5e493f7b-887e-4642-99af-4328866e7ee2] Attack method: Enhanced ICMP Flood with RFC 1918 IP Rotation
2025-09-19 02:08:31,139 - attack_logger - INFO - [icmp_flood] [Run ID: 5e493f7b-887e-4642-99af-4328866e7ee2] Enhancement features: RFC 1918 IP rotation, human timing patterns, protocol compliance, network delay simulation
2025-09-19 02:08:31,139 - attack_logger - INFO - [icmp_flood] [Run ID: 5e493f7b-887e-4642-99af-4328866e7ee2] ----------------------------------------
2025-09-19 02:08:31,232 - attack_logger - INFO - Attack: Enhanced ICMP Flood completed.
2025-09-19 02:08:31,743 - attack_logger - INFO - Attack: ENHANCED Adversarial TCP State Exhaustion (72s) | h1 -> h6
2025-09-19 02:09:46,976 - attack_logger - INFO - Attack: ENHANCED Adversarial Application Layer (24s) | h1 -> h6
2025-09-19 02:10:14,258 - attack_logger - INFO - Attack: ENHANCED Adversarial Slow Read (72s) | h1 -> h6
2025-09-19 02:11:29,593 - attack_logger - INFO - Attack: ENHANCED Adversarial Slow Read completed.
