2025-07-19 09:49:20 - [MAIN] - INFO - 🚀 TIER 1 ZERO-INSTALLATION ENHANCEMENTS ACTIVE
2025-07-19 09:49:20 - [MAIN] - INFO - 📈 Target Sophistication Level: ~57.5%
2025-07-19 09:49:20 - [MAIN] - INFO - 🔧 Built-in Dependencies Only (statistics, math, hashlib, collections, calendar, base64)
2025-07-19 09:49:20 - [MAIN] - INFO - ⚡ CPU Affinity Optimization ENABLED
2025-07-19 09:49:20,616 - __main__ - INFO - 🔧 CPU Core Allocation:
2025-07-19 09:49:20,616 - __main__ - INFO -   System: Cores 0
2025-07-19 09:49:20,616 - __main__ - INFO -   Ryu: Cores 1
2025-07-19 09:49:20,616 - __main__ - INFO -   Mininet: Cores 2,3,4
2025-07-19 09:49:20,617 - __main__ - INFO -   Attacks: Cores 5,6,7,8,9,10
2025-07-19 09:49:20,617 - __main__ - INFO -   Background: Cores 11
2025-07-19 09:49:20,617 - __main__ - INFO -   Pcap: Cores 0-15 (all cores, post-simulation)
2025-07-19 09:49:20 - [MAIN] - INFO - Cleaning up any previous Mininet instances...
2025-07-19 09:49:21 - [MAIN] - INFO - Mininet cleanup complete.
2025-07-19 09:49:21,978 - __main__ - INFO - Verifying required tools...
2025-07-19 09:49:22,197 - __main__ - INFO - TShark version: Running as user "root" and group "root". This could be dangerous.
2025-07-19 09:49:22,204 - __main__ - INFO - ✅ taskset CPU affinity tool is available
2025-07-19 09:49:22,204 - __main__ - INFO - All required tools are available.
2025-07-19 09:49:22 - [MAIN] - INFO - Using configuration file: /home/user/Desktop/dataset_generation/config.json
2025-07-19 09:49:22,205 - __main__ - INFO - Starting Ryu SDN controller with CPU affinity...
2025-07-19 09:49:22,205 - __main__ - INFO - 🚀 Starting ryu on cores [1]: ryu-manager /home/user/Desktop/dataset_generation/src/controller/ryu_controller_app.py
2025-07-19 09:49:22,209 - __main__ - INFO - ✅ Started ryu with PID 110350 on cores [1]
2025-07-19 09:49:22,210 - __main__ - INFO - Ryu controller started with PID: 110350. See main_output/190725-3/ryu.log for logs.
2025-07-19 09:49:22,210 - __main__ - INFO - Checking for controller on port 6653 (timeout: 30s)...
2025-07-19 09:49:23,227 - __main__ - INFO - Controller is up and listening.
2025-07-19 09:49:23 - [MAIN] - INFO - Testing /hello endpoint...
2025-07-19 09:49:23 - [MAIN] - INFO - Test /hello endpoint: PASSED
2025-07-19 09:49:23,234 - __main__ - INFO - Setting up Mininet topology...
2025-07-19 09:49:23,477 - __main__ - INFO - Mininet version: 
2025-07-19 09:49:23,486 - __main__ - INFO - Connecting to remote controller at 127.0.0.1:6653
2025-07-19 09:49:26,765 - __main__ - INFO - Mininet network started successfully.
2025-07-19 09:49:26,765 - __main__ - INFO - Running Mininet pingall test...
2025-07-19 09:49:31,852 - __main__ - INFO - Mininet pingall test completed successfully. Packet loss: 0.0%
2025-07-19 09:49:31,852 - __main__ - INFO - Starting enhanced traffic generation scenario with CPU affinity optimization...
2025-07-19 09:49:31,852 - __main__ - INFO - ✅ Set current process affinity to cores [5, 6, 7, 8, 9, 10] for attacks
2025-07-19 09:49:31,852 - __main__ - INFO - ✅ Set CPU affinity for attack generation processes
2025-07-19 09:49:31,852 - __main__ - INFO - Phase 1: Initialization (5s)...
2025-07-19 09:49:36,859 - __main__ - INFO - Starting flow statistics collection for 6050 seconds...
2025-07-19 09:49:36,860 - __main__ - INFO - Flow statistics collection started in background.
2025-07-19 09:49:36,860 - __main__ - INFO - Phase 2: Normal Traffic (900s)...
2025-07-19 09:49:36,860 - __main__ - INFO - Timeline updated: normal phase started at 1752889776.8607166
2025-07-19 10:04:57,480 - __main__ - INFO - Stopping packet capture (PID: 110615)...
2025-07-19 10:04:57,556 - __main__ - INFO - Packet capture stopped.
2025-07-19 10:04:57,557 - __main__ - INFO - Phase 3.1: Enhanced Traditional DDoS Attacks...
2025-07-19 10:04:57,557 - __main__ - INFO - Timeline updated: syn_flood phase started at 1752890697.5571444
2025-07-19 10:06:17,099 - __main__ - INFO - Stopping packet capture (PID: 116637)...
2025-07-19 10:06:17,197 - __main__ - INFO - Packet capture stopped.
2025-07-19 10:06:17,198 - __main__ - INFO - Timeline updated: udp_flood phase started at 1752890777.1982071
2025-07-19 10:07:39,786 - __main__ - INFO - Stopping packet capture (PID: 116699)...
2025-07-19 10:07:39,871 - __main__ - INFO - Packet capture stopped.
2025-07-19 10:07:39,871 - __main__ - INFO - Timeline updated: icmp_flood phase started at 1752890859.871706
2025-07-19 10:08:59,484 - __main__ - INFO - Stopping packet capture (PID: 116706)...
2025-07-19 10:08:59,532 - __main__ - INFO - Packet capture stopped.
2025-07-19 10:08:59,532 - __main__ - INFO - Phase 3.2: ENHANCED Adversarial DDoS Attacks...
2025-07-19 10:08:59,532 - __main__ - INFO - Timeline updated: ad_syn phase started at 1752890939.5327182
2025-07-19 10:39:06,330 - __main__ - INFO - Stopping packet capture (PID: 116713)...
2025-07-19 10:39:06,397 - __main__ - INFO - Packet capture stopped.
2025-07-19 10:39:06,397 - __main__ - INFO - Timeline updated: ad_udp phase started at 1752892746.3976254
2025-07-19 10:59:15,437 - __main__ - INFO - Stopping packet capture (PID: 117146)...
2025-07-19 10:59:15,537 - __main__ - INFO - Packet capture stopped.
2025-07-19 10:59:15,537 - __main__ - INFO - Timeline updated: ad_slow phase started at 1752893955.5372636
2025-07-19 10:59:21,574 - __main__ - INFO - Proceeding with ENHANCED adversarial slow attack
2025-07-19 10:59:21,574 - __main__ - INFO - Attack traffic will be captured via h6_slow_read.pcap and ad_slow.pcap
2025-07-19 11:29:24,185 - __main__ - INFO - Stopping packet capture (PID: 117197)...
2025-07-19 11:29:24,272 - __main__ - INFO - Packet capture stopped.
2025-07-19 11:29:24,272 - __main__ - INFO - Stopping packet capture (PID: 117196)...
2025-07-19 11:29:24,360 - __main__ - INFO - Packet capture stopped.
2025-07-19 11:29:24,360 - __main__ - INFO - Analyzing main_output/190725-3/h6_slow_read.pcap for TCP issues...
2025-07-19 11:29:24,361 - __main__ - INFO - TCP Analysis on h6 PCAP: RST Count = 0, Retransmission Count = 0
2025-07-19 11:29:24,361 - __main__ - WARNING - Inter-Packet Arrival Time analysis failed for h6 PCAP: Not enough packets
2025-07-19 11:29:24,361 - __main__ - INFO - Phase 4: Cooldown (5s)...
2025-07-19 11:29:24,361 - __main__ - INFO - Timeline updated: normal phase started at 1752895764.361952
2025-07-19 11:29:29,371 - __main__ - INFO - Signaling flow collection thread to stop...
2025-07-19 11:29:29,371 - __main__ - INFO - Waiting for flow collection thread to finish...
2025-07-19 11:29:29,546 - __main__ - INFO - Flow collection received stop signal, ending gracefully.
2025-07-19 11:29:29,546 - __main__ - INFO - Flow timeline collection completed.
2025-07-19 11:29:31,815 - __main__ - INFO - Flow statistics saved to main_output/190725-3/flow_features.csv
2025-07-19 11:29:31,907 - __main__ - INFO - Flow collection thread finished successfully
2025-07-19 11:29:31,908 - __main__ - INFO - ============================================================
2025-07-19 11:29:31,908 - __main__ - INFO - ENHANCED COMPREHENSIVE TIMING SUMMARY
2025-07-19 11:29:31,908 - __main__ - INFO - ============================================================
2025-07-19 11:29:31,908 - __main__ - INFO - Configuration File: /home/user/Desktop/dataset_generation/config.json
2025-07-19 11:29:31,908 - __main__ - INFO - 
2025-07-19 11:29:31,908 - __main__ - INFO - Total Scenario Runtime: 6000.06 seconds (100.00 minutes)
2025-07-19 11:29:31,908 - __main__ - INFO - 
2025-07-19 11:29:31,908 - __main__ - INFO - Phase-by-Phase Breakdown:
2025-07-19 11:29:31,908 - __main__ - INFO -   Enhanced Traditional Attacks:
2025-07-19 11:29:31,908 - __main__ - INFO -     Enhanced Syn Flood: 79.64s (configured: 75s)
2025-07-19 11:29:31,908 - __main__ - INFO -     Enhanced Udp Flood: 82.67s (configured: 75s)
2025-07-19 11:29:31,908 - __main__ - INFO -     Enhanced Icmp Flood: 79.66s (configured: 75s)
2025-07-19 11:29:31,908 - __main__ - INFO -   ENHANCED Adversarial Attacks:
2025-07-19 11:29:31,908 - __main__ - INFO -     ENHANCED TCP State Exhaustion: 1806.86s (configured: 1800s)
2025-07-19 11:29:31,908 - __main__ - INFO -     ENHANCED Application Layer: 1209.14s (configured: 1200s)
2025-07-19 11:29:31,909 - __main__ - INFO -     ENHANCED Slow Read: 1808.82s (configured: 1800s)
2025-07-19 11:29:31,909 - __main__ - INFO -   Initialization: 5.01s (configured: 5s)
2025-07-19 11:29:31,909 - __main__ - INFO -   Normal_Traffic: 920.70s (configured: 900s)
2025-07-19 11:29:31,909 - __main__ - INFO -   Cooldown: 5.01s (configured: 5s)
2025-07-19 11:29:31,909 - __main__ - INFO - ============================================================
2025-07-19 11:29:31,909 - __main__ - INFO - ENHANCED traffic generation scenario finished with ~57.5% sophistication level.
2025-07-19 11:29:31 - [MAIN] - INFO - Enhanced PCAP generation complete.
2025-07-19 11:29:31 - [MAIN] - INFO - Processing 8 PCAP files using 4 CPU cores...
2025-07-19 11:29:31,909 - __main__ - INFO - Starting parallel PCAP processing with 4 workers...
2025-07-19 11:29:31,909 - __main__ - INFO - ✅ Set current process affinity to cores [0, 1, 2, 3, 4, 5, 6, 7, 8, 9, 10, 11, 12, 13, 14, 15] for pcap
2025-07-19 11:29:31,909 - __main__ - INFO - ✅ Set CPU affinity for PCAP processing (all cores)
2025-07-19 11:29:37,164 - __main__ - INFO - ✓ Completed processing normal.pcap (6244 records)
2025-07-19 11:29:37,165 - __main__ - INFO - ✓ Completed processing syn_flood.pcap (1329 records)
2025-07-19 11:29:37,165 - __main__ - INFO - ✓ Completed processing udp_flood.pcap (792 records)
2025-07-19 11:29:37,165 - __main__ - INFO - ✓ Completed processing icmp_flood.pcap (680 records)
2025-07-19 11:29:37,165 - __main__ - INFO - ✓ Completed processing ad_syn.pcap (1647 records)
2025-07-19 11:29:37,165 - __main__ - INFO - ✓ Completed processing ad_udp.pcap (910 records)
2025-07-19 11:29:37,165 - __main__ - INFO - ✓ Completed processing ad_slow.pcap (1357 records)
2025-07-19 11:29:37,165 - __main__ - INFO - ✓ Completed processing h6_slow_read.pcap (0 records)
2025-07-19 11:29:37,179 - __main__ - INFO - Parallel PCAP processing completed. Processed 8 files successfully.
2025-07-19 11:29:37 - [MAIN] - INFO - Parallel PCAP processing completed in 5.27 seconds (0.09 minutes)
2025-07-19 11:29:37 - [MAIN] - INFO - Enhanced combined labeled CSV generated at: main_output/190725-3/packet_features.csv
2025-07-19 11:29:37 - [MAIN] - INFO - Enhanced final combined CSV created successfully.
2025-07-19 11:29:37 - [MAIN] - INFO - 
--- Enhanced Packet Feature Counts by Class ---
2025-07-19 11:29:37 - [MAIN] - INFO -   normal: 6244 packets
2025-07-19 11:29:37 - [MAIN] - INFO -   ad_syn: 1647 packets
2025-07-19 11:29:37 - [MAIN] - INFO -   ad_slow: 1357 packets
2025-07-19 11:29:37 - [MAIN] - INFO -   syn_flood: 1329 packets
2025-07-19 11:29:37 - [MAIN] - INFO -   ad_udp: 910 packets
2025-07-19 11:29:37 - [MAIN] - INFO -   udp_flood: 792 packets
2025-07-19 11:29:37 - [MAIN] - INFO -   icmp_flood: 680 packets
2025-07-19 11:29:37 - [MAIN] - INFO - Enhanced flow-level dataset generated at: main_output/190725-3/flow_features.csv
2025-07-19 11:29:37 - [MAIN] - INFO - 
--- Enhanced Flow Feature Counts by Class ---
2025-07-19 11:29:37 - [MAIN] - INFO -   ad_slow: 55583 flows
2025-07-19 11:29:37 - [MAIN] - INFO -   ad_syn: 55521 flows
2025-07-19 11:29:37 - [MAIN] - INFO -   ad_udp: 37200 flows
2025-07-19 11:29:37 - [MAIN] - INFO -   normal: 28551 flows
2025-07-19 11:29:37 - [MAIN] - INFO -   udp_flood: 2542 flows
2025-07-19 11:29:37 - [MAIN] - INFO -   icmp_flood: 2449 flows
2025-07-19 11:29:37 - [MAIN] - INFO -   syn_flood: 2418 flows
2025-07-19 11:29:37 - [MAIN] - INFO - Generating enhanced dataset summary...
2025-07-19 11:29:37 - [MAIN] - INFO - Dataset generation summary displayed above
2025-07-19 11:29:37 - [MAIN] - INFO - Running enhanced timeline analysis...
2025-07-19 11:29:37 - [MAIN] - INFO - Starting timeline analysis...
2025-07-19 11:29:38 - [MAIN] - INFO - Timeline Analysis Results:
2025-07-19 11:29:38 - [MAIN] - INFO -   Total attack types: 7
2025-07-19 11:29:38 - [MAIN] - INFO -   Good alignment: 6
2025-07-19 11:29:38 - [MAIN] - INFO -   Overall score: 85.7%
2025-07-19 11:29:38 - [MAIN] - INFO -   Status: 👍 GOOD: Timeline alignment is acceptable with minor issues.
2025-07-19 11:29:38 - [MAIN] - WARNING - Poor alignment: normal
2025-07-19 11:29:38 - [MAIN] - INFO - ================================================================================
2025-07-19 11:29:38 - [MAIN] - INFO - ENHANCED FINAL EXECUTION SUMMARY
2025-07-19 11:29:38 - [MAIN] - INFO - ================================================================================
2025-07-19 11:29:38 - [MAIN] - INFO - 🚀 Enhanced Framework Version: v2.0
2025-07-19 11:29:38 - [MAIN] - INFO - 📊 Sophistication Level Achieved: ~57.5%
2025-07-19 11:29:38 - [MAIN] - INFO - 🔧 Enhancement Type: Tier 1 Zero-Installation
2025-07-19 11:29:38 - [MAIN] - INFO - ⚡ CPU Affinity Optimization: ENABLED
2025-07-19 11:29:38 - [MAIN] - INFO - 🖥️  Total Cores Utilized: 16
2025-07-19 11:29:38 - [MAIN] - INFO - ⏱️  Total Execution Time: 6017.59 seconds (100.29 minutes | 1.67 hours)
2025-07-19 11:29:38 - [MAIN] - INFO - 📅 Enhanced Dataset Generation Complete: 2025-07-19 11:29:38
2025-07-19 11:29:38 - [MAIN] - INFO - 📈 Timeline Alignment Score: 85.7%
2025-07-19 11:29:38 - [MAIN] - INFO - ✅ Timeline Quality: GOOD
2025-07-19 11:29:38 - [MAIN] - INFO - ================================================================================
2025-07-19 11:29:38 - [MAIN] - INFO - 🎉 ENHANCED ADVERSARIAL DDOS DATASET GENERATION COMPLETED
2025-07-19 11:29:38 - [MAIN] - INFO - 📋 Enhancements Applied:
2025-07-19 11:29:38 - [MAIN] - INFO -    • Statistical Feature Manipulation (Basic ML Evasion)
2025-07-19 11:29:38 - [MAIN] - INFO -    • TCP State Machine Simulation (Advanced Protocol Exploitation)
2025-07-19 11:29:38 - [MAIN] - INFO -    • Behavioral Pattern Generator (Enhanced Behavioral Mimicry)
2025-07-19 11:29:38 - [MAIN] - INFO -    • Traffic Fingerprint Evasion (Traffic Camouflage Enhancement)
2025-07-19 11:29:38 - [MAIN] - INFO -    • CPU Core Affinity Optimization (Performance Enhancement)
2025-07-19 11:29:38 - [MAIN] - INFO - ================================================================================
2025-07-19 11:29:38,211 - __main__ - INFO - Cleaning up resources...
2025-07-19 11:29:38,211 - __main__ - INFO - Terminating Ryu controller (PID: 110350)...
2025-07-19 11:29:38,215 - __main__ - INFO - Cleaning up Mininet environment...
2025-07-19 11:29:39,822 - __main__ - INFO - Cleanup complete.
