2025-09-19 12:12:23,187 - INFO - 🔍 V3 Combined SDN DDoS Datasets Three-Way Timeline Analysis
2025-09-19 12:12:23,188 - INFO - 📁 Dataset directory: /mnt/c/Users/Intel/Desktop/adddosdn/dataset_generation/dataset_cleanup/../main_output/v4
2025-09-19 12:12:23,188 - INFO - 
================================================================================
2025-09-19 12:12:23,188 - INFO - ANALYZING COMBINED DATASETS IN: v4
2025-09-19 12:12:23,189 - INFO - ================================================================================
2025-09-19 12:12:23,189 - INFO - 📁 Dataset directory: /mnt/c/Users/Intel/Desktop/adddosdn/dataset_generation/dataset_cleanup/../main_output/v4
2025-09-19 12:12:23,189 - INFO - 📄 Packet dataset: ../main_output/v4/packet_dataset.csv
2025-09-19 12:12:23,189 - INFO - 📄 Flow dataset: ../main_output/v4/flow_dataset.csv
2025-09-19 12:12:23,190 - INFO - 📄 CICFlow dataset: ../main_output/v4/cicflow_dataset.csv
2025-09-19 12:12:23,192 - INFO - Found combined datasets: packet_dataset.csv, flow_dataset.csv, cicflow_dataset.csv
2025-09-19 12:12:23,192 - INFO - 
📖 Reading combined timeline data...
2025-09-19 12:12:23,195 - INFO - Reading packet_dataset.csv - timestamp col: 1 (timestamp), label col: 31 (Label_multi)
2025-09-19 12:12:23,195 - INFO - Total columns: 33
2025-09-19 12:12:35,925 - INFO - Found 7 attack types with 1685938 total records
2025-09-19 12:12:35,951 - INFO - Reading flow_dataset.csv - timestamp col: 1 (timestamp), label col: 17 (Label_multi)
2025-09-19 12:12:35,951 - INFO - Total columns: 19
2025-09-19 12:12:43,637 - INFO - Found 7 attack types with 1559778 total records
2025-09-19 12:12:43,659 - INFO - Reading cicflow_dataset.csv - timestamp col: 6 (timestamp), label col: 83 (Label_multi)
2025-09-19 12:12:43,660 - INFO - Total columns: 86
2025-09-19 12:12:51,534 - INFO - Found 7 attack types with 268887 total records
2025-09-19 12:12:51,538 - INFO - 
========================================================================================================================
2025-09-19 12:12:51,538 - INFO - 📊 THREE-WAY TIMELINE ANALYSIS RESULTS
2025-09-19 12:12:51,539 - INFO - ========================================================================================================================
2025-09-19 12:12:51,539 - INFO - Attack Type  Packet Timeline           Flow Timeline             CICFlow Timeline          3-Way Status             
2025-09-19 12:12:51,539 - INFO - ------------------------------------------------------------------------------------------------------------------------
2025-09-19 12:12:51,539 - INFO - ad_slow      582563.4s (39166 entries) 582567.3s (53963 entries) 582563.0s (1967 entries)  ✅ EXCELLENT 3-WAY MATCH  
2025-09-19 12:12:51,540 - INFO - ad_syn       582480.7s (243420 entries) 582483.8s (55167 entries) 582480.0s (62188 entries) ✅ EXCELLENT 3-WAY MATCH  
2025-09-19 12:12:51,540 - INFO - ad_udp       582496.6s (255615 entries) 582499.8s (21623 entries) 582496.0s (10618 entries) ✅ EXCELLENT 3-WAY MATCH  
2025-09-19 12:12:51,540 - INFO - icmp_flood   582420.5s (205324 entries) 582424.8s (69636 entries) 582420.0s (16028 entries) ✅ EXCELLENT 3-WAY MATCH  
2025-09-19 12:12:51,541 - INFO - normal       582305.2s (559346 entries) 582309.8s (1160015 entries) 582305.0s (44201 entries) ✅ EXCELLENT 3-WAY MATCH  
2025-09-19 12:12:51,541 - INFO - syn_flood    582187.6s (182871 entries) 582192.3s (68159 entries) 582188.0s (45186 entries) ✅ EXCELLENT 3-WAY MATCH  
2025-09-19 12:12:51,541 - INFO - udp_flood    582354.1s (200196 entries) 582357.3s (131215 entries) 582354.0s (88699 entries) ✅ EXCELLENT 3-WAY MATCH  
2025-09-19 12:12:51,541 - INFO - 
====================================================================================================
2025-09-19 12:12:51,542 - INFO - 🕐 DETAILED THREE-WAY TIMING INFORMATION
2025-09-19 12:12:51,542 - INFO - ====================================================================================================
2025-09-19 12:12:51,542 - INFO - 
📍 AD_SLOW:
2025-09-19 12:12:51,543 - INFO -    Packet:  16:19:55.550 - 10:09:18.904 (582563.4s)
2025-09-19 12:12:51,543 - INFO -    Flow:    16:19:54.848 - 10:09:22.117 (582567.3s)
2025-09-19 12:12:51,543 - INFO -    CICFlow: 16:19:55.000 - 10:09:18.000 (582563.0s)
2025-09-19 12:12:51,543 - INFO -    Gaps:    Packet-Flow: ±0.7s, Packet-CICFlow: ±0.6s, Flow-CICFlow: ±0.2s
2025-09-19 12:12:51,544 - INFO - 
📍 AD_SYN:
2025-09-19 12:12:51,544 - INFO -    Packet:  16:19:38.240 - 10:07:38.905 (582480.7s)
2025-09-19 12:12:51,544 - INFO -    Flow:    16:19:37.349 - 10:07:41.117 (582483.8s)
2025-09-19 12:12:51,545 - INFO -    CICFlow: 16:19:38.000 - 10:07:38.000 (582480.0s)
2025-09-19 12:12:51,545 - INFO -    Gaps:    Packet-Flow: ±0.9s, Packet-CICFlow: ±0.2s, Flow-CICFlow: ±0.7s
2025-09-19 12:12:51,545 - INFO - 
📍 AD_UDP:
2025-09-19 12:12:51,545 - INFO -    Packet:  16:19:49.313 - 10:08:05.918 (582496.6s)
2025-09-19 12:12:51,546 - INFO -    Flow:    16:19:48.347 - 10:08:08.118 (582499.8s)
2025-09-19 12:12:51,546 - INFO -    CICFlow: 16:19:49.000 - 10:08:05.000 (582496.0s)
2025-09-19 12:12:51,546 - INFO -    Gaps:    Packet-Flow: ±1.0s, Packet-CICFlow: ±0.3s, Flow-CICFlow: ±0.7s
2025-09-19 12:12:51,546 - INFO - 
📍 ICMP_FLOOD:
2025-09-19 12:12:51,547 - INFO -    Packet:  16:19:22.409 - 10:06:22.925 (582420.5s)
2025-09-19 12:12:51,547 - INFO -    Flow:    16:19:21.350 - 10:06:26.121 (582424.8s)
2025-09-19 12:12:51,547 - INFO -    CICFlow: 16:19:22.000 - 10:06:22.000 (582420.0s)
2025-09-19 12:12:51,548 - INFO -    Gaps:    Packet-Flow: ±1.1s, Packet-CICFlow: ±0.4s, Flow-CICFlow: ±0.6s
2025-09-19 12:12:51,548 - INFO - 
📍 NORMAL:
2025-09-19 12:12:51,548 - INFO -    Packet:  16:15:14.374 - 10:00:19.548 (582305.2s)
2025-09-19 12:12:51,548 - INFO -    Flow:    16:15:11.852 - 10:00:21.620 (582309.8s)
2025-09-19 12:12:51,549 - INFO -    CICFlow: 16:15:14.000 - 10:00:19.000 (582305.0s)
2025-09-19 12:12:51,549 - INFO -    Gaps:    Packet-Flow: ±2.5s, Packet-CICFlow: ±0.4s, Flow-CICFlow: ±2.1s
2025-09-19 12:12:51,549 - INFO - 
📍 SYN_FLOOD:
2025-09-19 12:12:51,550 - INFO -    Packet:  16:18:41.840 - 10:01:49.403 (582187.6s)
2025-09-19 12:12:51,550 - INFO -    Flow:    16:18:40.848 - 10:01:53.120 (582192.3s)
2025-09-19 12:12:51,550 - INFO -    CICFlow: 16:18:41.000 - 10:01:49.000 (582188.0s)
2025-09-19 12:12:51,550 - INFO -    Gaps:    Packet-Flow: ±1.0s, Packet-CICFlow: ±0.8s, Flow-CICFlow: ±0.2s
2025-09-19 12:12:51,551 - INFO - 
📍 UDP_FLOOD:
2025-09-19 12:12:51,551 - INFO -    Packet:  16:18:56.599 - 10:04:50.661 (582354.1s)
2025-09-19 12:12:51,551 - INFO -    Flow:    16:18:55.848 - 10:04:53.123 (582357.3s)
2025-09-19 12:12:51,552 - INFO -    CICFlow: 16:18:56.000 - 10:04:50.000 (582354.0s)
2025-09-19 12:12:51,552 - INFO -    Gaps:    Packet-Flow: ±0.8s, Packet-CICFlow: ±0.6s, Flow-CICFlow: ±0.2s
2025-09-19 12:12:51,552 - INFO - 
================================================================================
2025-09-19 12:12:51,553 - INFO - 📈 THREE-WAY SUMMARY STATISTICS
2025-09-19 12:12:51,553 - INFO - ================================================================================
2025-09-19 12:12:51,554 - INFO - Total attack types: 7
2025-09-19 12:12:51,554 - INFO - ✅ Excellent 3-way match: 7
2025-09-19 12:12:51,554 - INFO - ✅ Good 3-way alignment: 0
2025-09-19 12:12:51,554 - INFO - ⚠️  Partial coverage (2/3): 0
2025-09-19 12:12:51,555 - INFO - ❌ Single source only (1/3): 0
2025-09-19 12:12:51,555 - INFO - ❌ Poor alignment/gaps: 0
2025-09-19 12:12:51,555 - INFO - 
🎯 Full Coverage Score: 100.0% (7/7)
2025-09-19 12:12:51,555 - INFO - 
📊 Individual Dataset Coverage:
2025-09-19 12:12:51,556 - INFO -    Packet dataset:  7/7 (100.0%)
2025-09-19 12:12:51,556 - INFO -    Flow dataset:    7/7 (100.0%)
2025-09-19 12:12:51,556 - INFO -    CICFlow dataset: 7/7 (100.0%)
2025-09-19 12:12:51,556 - INFO - 🎉 EXCELLENT: Three-way timeline alignment is outstanding!
2025-09-19 12:12:51,557 - INFO - 
================================================================================
2025-09-19 12:12:51,557 - INFO - 💡 THREE-WAY IMPROVEMENT SUGGESTIONS
2025-09-19 12:12:51,557 - INFO - ================================================================================
2025-09-19 12:12:51,557 - INFO - 
📊 Data Collection Span Analysis:
2025-09-19 12:12:51,558 - INFO -    Packet data spans:  582844.5s
2025-09-19 12:12:51,558 - INFO -    Flow data spans:    582850.3s
2025-09-19 12:12:51,558 - INFO -    CICFlow data spans: 582844.0s
2025-09-19 12:12:51,558 - INFO - 
================================================================================
2025-09-19 12:12:51,558 - INFO - ANALYSIS COMPLETE
2025-09-19 12:12:51,559 - INFO - ================================================================================
2025-09-19 12:12:51,559 - INFO - 🎉 Combined datasets timeline analysis completed successfully!
