2025-09-19 11:58:00,051 - INFO - ============================================================
2025-09-19 11:58:00,052 - INFO - DATASET COMBINATION STARTED
2025-09-19 11:58:00,052 - INFO - ============================================================
2025-09-19 11:58:00,112 - INFO - Found 95 dataset directories:
2025-09-19 11:58:00,112 - INFO -   - 120925-1
2025-09-19 11:58:00,112 - INFO -   - 120925-10
2025-09-19 11:58:00,113 - INFO -   - 120925-11
2025-09-19 11:58:00,113 - INFO -   - 120925-12
2025-09-19 11:58:00,113 - INFO -   - 120925-13
2025-09-19 11:58:00,113 - INFO -   - 120925-14
2025-09-19 11:58:00,114 - INFO -   - 120925-15
2025-09-19 11:58:00,114 - INFO -   - 120925-16
2025-09-19 11:58:00,114 - INFO -   - 120925-17
2025-09-19 11:58:00,114 - INFO -   - 120925-18
2025-09-19 11:58:00,115 - INFO -   - 120925-19
2025-09-19 11:58:00,115 - INFO -   - 120925-2
2025-09-19 11:58:00,115 - INFO -   - 120925-20
2025-09-19 11:58:00,115 - INFO -   - 120925-21
2025-09-19 11:58:00,116 - INFO -   - 120925-22
2025-09-19 11:58:00,116 - INFO -   - 120925-23
2025-09-19 11:58:00,116 - INFO -   - 120925-24
2025-09-19 11:58:00,116 - INFO -   - 120925-25
2025-09-19 11:58:00,117 - INFO -   - 120925-26
2025-09-19 11:58:00,117 - INFO -   - 120925-27
2025-09-19 11:58:00,117 - INFO -   - 120925-28
2025-09-19 11:58:00,117 - INFO -   - 120925-29
2025-09-19 11:58:00,118 - INFO -   - 120925-3
2025-09-19 11:58:00,118 - INFO -   - 120925-30
2025-09-19 11:58:00,118 - INFO -   - 120925-31
2025-09-19 11:58:00,118 - INFO -   - 120925-32
2025-09-19 11:58:00,119 - INFO -   - 120925-33
2025-09-19 11:58:00,119 - INFO -   - 120925-34
2025-09-19 11:58:00,119 - INFO -   - 120925-35
2025-09-19 11:58:00,119 - INFO -   - 120925-36
2025-09-19 11:58:00,120 - INFO -   - 120925-37
2025-09-19 11:58:00,120 - INFO -   - 120925-38
2025-09-19 11:58:00,120 - INFO -   - 120925-39
2025-09-19 11:58:00,120 - INFO -   - 120925-4
2025-09-19 11:58:00,121 - INFO -   - 120925-40
2025-09-19 11:58:00,121 - INFO -   - 120925-41
2025-09-19 11:58:00,121 - INFO -   - 120925-42
2025-09-19 11:58:00,121 - INFO -   - 120925-43
2025-09-19 11:58:00,122 - INFO -   - 120925-44
2025-09-19 11:58:00,122 - INFO -   - 120925-45
2025-09-19 11:58:00,122 - INFO -   - 120925-46
2025-09-19 11:58:00,123 - INFO -   - 120925-47
2025-09-19 11:58:00,123 - INFO -   - 120925-48
2025-09-19 11:58:00,123 - INFO -   - 120925-49
2025-09-19 11:58:00,123 - INFO -   - 120925-5
2025-09-19 11:58:00,124 - INFO -   - 120925-50
2025-09-19 11:58:00,124 - INFO -   - 120925-51
2025-09-19 11:58:00,124 - INFO -   - 120925-52
2025-09-19 11:58:00,125 - INFO -   - 120925-53
2025-09-19 11:58:00,125 - INFO -   - 120925-54
2025-09-19 11:58:00,125 - INFO -   - 120925-55
2025-09-19 11:58:00,126 - INFO -   - 120925-6
2025-09-19 11:58:00,126 - INFO -   - 120925-7
2025-09-19 11:58:00,126 - INFO -   - 120925-8
2025-09-19 11:58:00,126 - INFO -   - 120925-9
2025-09-19 11:58:00,127 - INFO -   - 130925-1
2025-09-19 11:58:00,127 - INFO -   - 130925-10
2025-09-19 11:58:00,127 - INFO -   - 130925-11
2025-09-19 11:58:00,127 - INFO -   - 130925-12
2025-09-19 11:58:00,128 - INFO -   - 130925-13
2025-09-19 11:58:00,128 - INFO -   - 130925-14
2025-09-19 11:58:00,128 - INFO -   - 130925-15
2025-09-19 11:58:00,129 - INFO -   - 130925-16
2025-09-19 11:58:00,129 - INFO -   - 130925-17
2025-09-19 11:58:00,129 - INFO -   - 130925-18
2025-09-19 11:58:00,129 - INFO -   - 130925-19
2025-09-19 11:58:00,129 - INFO -   - 130925-2
2025-09-19 11:58:00,130 - INFO -   - 130925-20
2025-09-19 11:58:00,130 - INFO -   - 130925-3
2025-09-19 11:58:00,130 - INFO -   - 130925-4
2025-09-19 11:58:00,131 - INFO -   - 130925-5
2025-09-19 11:58:00,131 - INFO -   - 130925-6
2025-09-19 11:58:00,131 - INFO -   - 130925-7
2025-09-19 11:58:00,131 - INFO -   - 130925-8
2025-09-19 11:58:00,132 - INFO -   - 130925-9
2025-09-19 11:58:00,132 - INFO -   - 180925-1
2025-09-19 11:58:00,132 - INFO -   - 180925-10
2025-09-19 11:58:00,132 - INFO -   - 180925-11
2025-09-19 11:58:00,133 - INFO -   - 180925-12
2025-09-19 11:58:00,133 - INFO -   - 180925-13
2025-09-19 11:58:00,133 - INFO -   - 180925-14
2025-09-19 11:58:00,133 - INFO -   - 180925-15
2025-09-19 11:58:00,134 - INFO -   - 180925-16
2025-09-19 11:58:00,134 - INFO -   - 180925-17
2025-09-19 11:58:00,134 - INFO -   - 180925-18
2025-09-19 11:58:00,134 - INFO -   - 180925-19
2025-09-19 11:58:00,135 - INFO -   - 180925-2
2025-09-19 11:58:00,135 - INFO -   - 180925-20
2025-09-19 11:58:00,135 - INFO -   - 180925-3
2025-09-19 11:58:00,135 - INFO -   - 180925-4
2025-09-19 11:58:00,136 - INFO -   - 180925-5
2025-09-19 11:58:00,136 - INFO -   - 180925-6
2025-09-19 11:58:00,136 - INFO -   - 180925-7
2025-09-19 11:58:00,137 - INFO -   - 180925-8
2025-09-19 11:58:00,137 - INFO -   - 180925-9
2025-09-19 11:58:00,137 - INFO - 
==================================================
2025-09-19 11:58:00,138 - INFO - COPYING CICFLOW FILES
2025-09-19 11:58:00,138 - INFO - Copying cicflow files from ../cicflow_output/v4 to ../main_output/v4
2025-09-19 11:58:00,309 - INFO -   Copied: 120925-1/cicflow_features_all.csv
2025-09-19 11:58:00,353 - INFO -   Copied: 120925-10/cicflow_features_all.csv
2025-09-19 11:58:00,392 - INFO -   Copied: 120925-11/cicflow_features_all.csv
2025-09-19 11:58:00,427 - INFO -   Copied: 120925-12/cicflow_features_all.csv
2025-09-19 11:58:00,465 - INFO -   Copied: 120925-13/cicflow_features_all.csv
2025-09-19 11:58:00,508 - INFO -   Copied: 120925-14/cicflow_features_all.csv
2025-09-19 11:58:00,542 - INFO -   Copied: 120925-15/cicflow_features_all.csv
2025-09-19 11:58:00,581 - INFO -   Copied: 120925-16/cicflow_features_all.csv
2025-09-19 11:58:00,618 - INFO -   Copied: 120925-17/cicflow_features_all.csv
2025-09-19 11:58:00,653 - INFO -   Copied: 120925-18/cicflow_features_all.csv
2025-09-19 11:58:00,697 - INFO -   Copied: 120925-19/cicflow_features_all.csv
2025-09-19 11:58:00,735 - INFO -   Copied: 120925-2/cicflow_features_all.csv
2025-09-19 11:58:00,775 - INFO -   Copied: 120925-20/cicflow_features_all.csv
2025-09-19 11:58:00,815 - INFO -   Copied: 120925-21/cicflow_features_all.csv
2025-09-19 11:58:00,857 - INFO -   Copied: 120925-22/cicflow_features_all.csv
2025-09-19 11:58:00,898 - INFO -   Copied: 120925-23/cicflow_features_all.csv
2025-09-19 11:58:00,938 - INFO -   Copied: 120925-24/cicflow_features_all.csv
2025-09-19 11:58:00,975 - INFO -   Copied: 120925-25/cicflow_features_all.csv
2025-09-19 11:58:01,017 - INFO -   Copied: 120925-26/cicflow_features_all.csv
2025-09-19 11:58:01,055 - INFO -   Copied: 120925-27/cicflow_features_all.csv
2025-09-19 11:58:01,092 - INFO -   Copied: 120925-28/cicflow_features_all.csv
2025-09-19 11:58:01,136 - INFO -   Copied: 120925-29/cicflow_features_all.csv
2025-09-19 11:58:01,177 - INFO -   Copied: 120925-3/cicflow_features_all.csv
2025-09-19 11:58:01,219 - INFO -   Copied: 120925-30/cicflow_features_all.csv
2025-09-19 11:58:01,257 - INFO -   Copied: 120925-31/cicflow_features_all.csv
2025-09-19 11:58:01,294 - INFO -   Copied: 120925-32/cicflow_features_all.csv
2025-09-19 11:58:01,333 - INFO -   Copied: 120925-33/cicflow_features_all.csv
2025-09-19 11:58:01,373 - INFO -   Copied: 120925-34/cicflow_features_all.csv
2025-09-19 11:58:01,412 - INFO -   Copied: 120925-35/cicflow_features_all.csv
2025-09-19 11:58:01,453 - INFO -   Copied: 120925-36/cicflow_features_all.csv
2025-09-19 11:58:01,493 - INFO -   Copied: 120925-37/cicflow_features_all.csv
2025-09-19 11:58:01,533 - INFO -   Copied: 120925-38/cicflow_features_all.csv
2025-09-19 11:58:01,576 - INFO -   Copied: 120925-39/cicflow_features_all.csv
2025-09-19 11:58:01,617 - INFO -   Copied: 120925-4/cicflow_features_all.csv
2025-09-19 11:58:01,660 - INFO -   Copied: 120925-40/cicflow_features_all.csv
2025-09-19 11:58:01,701 - INFO -   Copied: 120925-41/cicflow_features_all.csv
2025-09-19 11:58:01,742 - INFO -   Copied: 120925-42/cicflow_features_all.csv
2025-09-19 11:58:01,782 - INFO -   Copied: 120925-43/cicflow_features_all.csv
2025-09-19 11:58:01,822 - INFO -   Copied: 120925-44/cicflow_features_all.csv
2025-09-19 11:58:01,863 - INFO -   Copied: 120925-45/cicflow_features_all.csv
2025-09-19 11:58:01,910 - INFO -   Copied: 120925-46/cicflow_features_all.csv
2025-09-19 11:58:01,975 - INFO -   Copied: 120925-47/cicflow_features_all.csv
2025-09-19 11:58:02,029 - INFO -   Copied: 120925-48/cicflow_features_all.csv
2025-09-19 11:58:02,079 - INFO -   Copied: 120925-49/cicflow_features_all.csv
2025-09-19 11:58:02,127 - INFO -   Copied: 120925-5/cicflow_features_all.csv
2025-09-19 11:58:02,174 - INFO -   Copied: 120925-50/cicflow_features_all.csv
2025-09-19 11:58:02,245 - INFO -   Copied: 120925-51/cicflow_features_all.csv
2025-09-19 11:58:02,316 - INFO -   Copied: 120925-52/cicflow_features_all.csv
2025-09-19 11:58:02,404 - INFO -   Copied: 120925-53/cicflow_features_all.csv
2025-09-19 11:58:02,492 - INFO -   Copied: 120925-54/cicflow_features_all.csv
2025-09-19 11:58:02,571 - INFO -   Copied: 120925-55/cicflow_features_all.csv
2025-09-19 11:58:02,615 - INFO -   Copied: 120925-6/cicflow_features_all.csv
2025-09-19 11:58:02,656 - INFO -   Copied: 120925-7/cicflow_features_all.csv
2025-09-19 11:58:02,698 - INFO -   Copied: 120925-8/cicflow_features_all.csv
2025-09-19 11:58:02,741 - INFO -   Copied: 120925-9/cicflow_features_all.csv
2025-09-19 11:58:02,826 - INFO -   Copied: 130925-1/cicflow_features_all.csv
2025-09-19 11:58:02,912 - INFO -   Copied: 130925-10/cicflow_features_all.csv
2025-09-19 11:58:02,999 - INFO -   Copied: 130925-11/cicflow_features_all.csv
2025-09-19 11:58:03,086 - INFO -   Copied: 130925-12/cicflow_features_all.csv
2025-09-19 11:58:03,179 - INFO -   Copied: 130925-13/cicflow_features_all.csv
2025-09-19 11:58:03,263 - INFO -   Copied: 130925-14/cicflow_features_all.csv
2025-09-19 11:58:03,358 - INFO -   Copied: 130925-15/cicflow_features_all.csv
2025-09-19 11:58:03,436 - INFO -   Copied: 130925-16/cicflow_features_all.csv
2025-09-19 11:58:03,531 - INFO -   Copied: 130925-17/cicflow_features_all.csv
2025-09-19 11:58:03,619 - INFO -   Copied: 130925-18/cicflow_features_all.csv
2025-09-19 11:58:03,708 - INFO -   Copied: 130925-19/cicflow_features_all.csv
2025-09-19 11:58:03,781 - INFO -   Copied: 130925-2/cicflow_features_all.csv
2025-09-19 11:58:03,860 - INFO -   Copied: 130925-20/cicflow_features_all.csv
2025-09-19 11:58:03,943 - INFO -   Copied: 130925-3/cicflow_features_all.csv
2025-09-19 11:58:04,027 - INFO -   Copied: 130925-4/cicflow_features_all.csv
2025-09-19 11:58:04,118 - INFO -   Copied: 130925-5/cicflow_features_all.csv
2025-09-19 11:58:04,209 - INFO -   Copied: 130925-6/cicflow_features_all.csv
2025-09-19 11:58:04,274 - INFO -   Copied: 130925-7/cicflow_features_all.csv
2025-09-19 11:58:04,361 - INFO -   Copied: 130925-8/cicflow_features_all.csv
2025-09-19 11:58:04,439 - INFO -   Copied: 130925-9/cicflow_features_all.csv
2025-09-19 11:58:04,498 - INFO -   Copied: 180925-1/cicflow_features_all.csv
2025-09-19 11:58:04,563 - INFO -   Copied: 180925-10/cicflow_features_all.csv
2025-09-19 11:58:04,622 - INFO -   Copied: 180925-11/cicflow_features_all.csv
2025-09-19 11:58:04,673 - INFO -   Copied: 180925-12/cicflow_features_all.csv
2025-09-19 11:58:04,728 - INFO -   Copied: 180925-13/cicflow_features_all.csv
2025-09-19 11:58:04,788 - INFO -   Copied: 180925-14/cicflow_features_all.csv
2025-09-19 11:58:04,843 - INFO -   Copied: 180925-15/cicflow_features_all.csv
2025-09-19 11:58:04,898 - INFO -   Copied: 180925-16/cicflow_features_all.csv
2025-09-19 11:58:04,952 - INFO -   Copied: 180925-17/cicflow_features_all.csv
2025-09-19 11:58:05,013 - INFO -   Copied: 180925-18/cicflow_features_all.csv
2025-09-19 11:58:05,074 - INFO -   Copied: 180925-19/cicflow_features_all.csv
2025-09-19 11:58:05,123 - INFO -   Copied: 180925-2/cicflow_features_all.csv
2025-09-19 11:58:05,182 - INFO -   Copied: 180925-20/cicflow_features_all.csv
2025-09-19 11:58:05,240 - INFO -   Copied: 180925-3/cicflow_features_all.csv
2025-09-19 11:58:05,289 - INFO -   Copied: 180925-4/cicflow_features_all.csv
2025-09-19 11:58:05,339 - INFO -   Copied: 180925-5/cicflow_features_all.csv
2025-09-19 11:58:05,397 - INFO -   Copied: 180925-6/cicflow_features_all.csv
2025-09-19 11:58:05,449 - INFO -   Copied: 180925-7/cicflow_features_all.csv
2025-09-19 11:58:05,510 - INFO -   Copied: 180925-8/cicflow_features_all.csv
2025-09-19 11:58:05,572 - INFO -   Copied: 180925-9/cicflow_features_all.csv
2025-09-19 11:58:05,572 - INFO - Total cicflow files copied: 95
2025-09-19 11:58:05,633 - INFO - 
==================================================
2025-09-19 11:58:05,634 - INFO - Combining packet_features.csv files into packet_dataset.csv
2025-09-19 11:58:05,634 - INFO - Combining packet_features.csv files into packet_dataset.csv
2025-09-19 11:58:05,681 - INFO -   120925-1: 4,178 records loaded
2025-09-19 11:58:05,713 - INFO -   120925-10: 4,335 records loaded
2025-09-19 11:58:05,743 - INFO -   120925-11: 3,963 records loaded
2025-09-19 11:58:05,772 - INFO -   120925-12: 4,110 records loaded
2025-09-19 11:58:05,802 - INFO -   120925-13: 4,088 records loaded
2025-09-19 11:58:05,833 - INFO -   120925-14: 4,326 records loaded
2025-09-19 11:58:05,864 - INFO -   120925-15: 4,408 records loaded
2025-09-19 11:58:05,895 - INFO -   120925-16: 4,047 records loaded
2025-09-19 11:58:05,924 - INFO -   120925-17: 4,220 records loaded
2025-09-19 11:58:05,955 - INFO -   120925-18: 4,118 records loaded
2025-09-19 11:58:05,985 - INFO -   120925-19: 3,967 records loaded
2025-09-19 11:58:06,017 - INFO -   120925-2: 4,247 records loaded
2025-09-19 11:58:06,050 - INFO -   120925-20: 4,015 records loaded
2025-09-19 11:58:06,080 - INFO -   120925-21: 4,138 records loaded
2025-09-19 11:58:06,111 - INFO -   120925-22: 4,323 records loaded
2025-09-19 11:58:06,140 - INFO -   120925-23: 4,242 records loaded
2025-09-19 11:58:06,171 - INFO -   120925-24: 4,095 records loaded
2025-09-19 11:58:06,203 - INFO -   120925-25: 4,202 records loaded
2025-09-19 11:58:06,231 - INFO -   120925-26: 4,162 records loaded
2025-09-19 11:58:06,260 - INFO -   120925-27: 4,321 records loaded
2025-09-19 11:58:06,291 - INFO -   120925-28: 4,232 records loaded
2025-09-19 11:58:06,322 - INFO -   120925-29: 4,209 records loaded
2025-09-19 11:58:06,353 - INFO -   120925-3: 4,328 records loaded
2025-09-19 11:58:06,382 - INFO -   120925-30: 4,097 records loaded
2025-09-19 11:58:06,411 - INFO -   120925-31: 4,127 records loaded
2025-09-19 11:58:06,442 - INFO -   120925-32: 4,452 records loaded
2025-09-19 11:58:06,473 - INFO -   120925-33: 4,193 records loaded
2025-09-19 11:58:06,506 - INFO -   120925-34: 4,159 records loaded
2025-09-19 11:58:06,540 - INFO -   120925-35: 4,309 records loaded
2025-09-19 11:58:06,592 - INFO -   120925-36: 4,038 records loaded
2025-09-19 11:58:06,634 - INFO -   120925-37: 4,259 records loaded
2025-09-19 11:58:06,668 - INFO -   120925-38: 4,004 records loaded
2025-09-19 11:58:06,701 - INFO -   120925-39: 4,016 records loaded
2025-09-19 11:58:06,730 - INFO -   120925-4: 4,284 records loaded
2025-09-19 11:58:06,761 - INFO -   120925-40: 4,215 records loaded
2025-09-19 11:58:06,791 - INFO -   120925-41: 4,043 records loaded
2025-09-19 11:58:06,821 - INFO -   120925-42: 4,153 records loaded
2025-09-19 11:58:06,853 - INFO -   120925-43: 4,237 records loaded
2025-09-19 11:58:06,885 - INFO -   120925-44: 3,919 records loaded
2025-09-19 11:58:06,916 - INFO -   120925-45: 4,098 records loaded
2025-09-19 11:58:06,946 - INFO -   120925-46: 3,978 records loaded
2025-09-19 11:58:06,972 - INFO -   120925-47: 4,266 records loaded
2025-09-19 11:58:07,001 - INFO -   120925-48: 4,314 records loaded
2025-09-19 11:58:07,031 - INFO -   120925-49: 4,361 records loaded
2025-09-19 11:58:07,072 - INFO -   120925-5: 4,085 records loaded
2025-09-19 11:58:07,099 - INFO -   120925-50: 4,452 records loaded
2025-09-19 11:58:07,230 - INFO -   120925-51: 32,797 records loaded
2025-09-19 11:58:07,367 - INFO -   120925-52: 32,754 records loaded
2025-09-19 11:58:07,489 - INFO -   120925-53: 33,084 records loaded
2025-09-19 11:58:07,600 - INFO -   120925-54: 33,008 records loaded
2025-09-19 11:58:07,711 - INFO -   120925-55: 31,988 records loaded
2025-09-19 11:58:07,737 - INFO -   120925-6: 4,154 records loaded
2025-09-19 11:58:07,765 - INFO -   120925-7: 4,233 records loaded
2025-09-19 11:58:07,792 - INFO -   120925-8: 4,190 records loaded
2025-09-19 11:58:07,819 - INFO -   120925-9: 4,089 records loaded
2025-09-19 11:58:07,944 - INFO -   130925-1: 33,159 records loaded
2025-09-19 11:58:08,057 - INFO -   130925-10: 32,622 records loaded
2025-09-19 11:58:08,164 - INFO -   130925-11: 32,648 records loaded
2025-09-19 11:58:08,297 - INFO -   130925-12: 33,280 records loaded
2025-09-19 11:58:08,413 - INFO -   130925-13: 33,401 records loaded
2025-09-19 11:58:08,534 - INFO -   130925-14: 33,276 records loaded
2025-09-19 11:58:08,659 - INFO -   130925-15: 33,412 records loaded
2025-09-19 11:58:08,773 - INFO -   130925-16: 33,012 records loaded
2025-09-19 11:58:08,889 - INFO -   130925-17: 32,969 records loaded
2025-09-19 11:58:09,011 - INFO -   130925-18: 32,801 records loaded
2025-09-19 11:58:09,126 - INFO -   130925-19: 32,964 records loaded
2025-09-19 11:58:09,227 - INFO -   130925-2: 32,797 records loaded
2025-09-19 11:58:09,332 - INFO -   130925-20: 33,036 records loaded
2025-09-19 11:58:09,446 - INFO -   130925-3: 33,188 records loaded
2025-09-19 11:58:09,558 - INFO -   130925-4: 31,785 records loaded
2025-09-19 11:58:09,672 - INFO -   130925-5: 32,362 records loaded
2025-09-19 11:58:09,777 - INFO -   130925-6: 32,003 records loaded
2025-09-19 11:58:09,908 - INFO -   130925-7: 32,945 records loaded
2025-09-19 11:58:10,041 - INFO -   130925-8: 34,743 records loaded
2025-09-19 11:58:10,157 - INFO -   130925-9: 32,746 records loaded
2025-09-19 11:58:10,283 - INFO -   180925-1: 33,722 records loaded
2025-09-19 11:58:10,396 - INFO -   180925-10: 32,354 records loaded
2025-09-19 11:58:10,515 - INFO -   180925-11: 32,736 records loaded
2025-09-19 11:58:10,623 - INFO -   180925-12: 33,015 records loaded
2025-09-19 11:58:10,740 - INFO -   180925-13: 32,308 records loaded
2025-09-19 11:58:10,866 - INFO -   180925-14: 33,076 records loaded
2025-09-19 11:58:10,986 - INFO -   180925-15: 34,136 records loaded
2025-09-19 11:58:11,109 - INFO -   180925-16: 32,787 records loaded
2025-09-19 11:58:11,223 - INFO -   180925-17: 32,433 records loaded
2025-09-19 11:58:11,334 - INFO -   180925-18: 31,869 records loaded
2025-09-19 11:58:11,456 - INFO -   180925-19: 32,474 records loaded
2025-09-19 11:58:11,579 - INFO -   180925-2: 33,429 records loaded
2025-09-19 11:58:11,699 - INFO -   180925-20: 32,650 records loaded
2025-09-19 11:58:11,815 - INFO -   180925-3: 32,687 records loaded
2025-09-19 11:58:11,926 - INFO -   180925-4: 32,971 records loaded
2025-09-19 11:58:12,050 - INFO -   180925-5: 32,638 records loaded
2025-09-19 11:58:12,168 - INFO -   180925-6: 32,165 records loaded
2025-09-19 11:58:12,290 - INFO -   180925-7: 31,936 records loaded
2025-09-19 11:58:12,399 - INFO -   180925-8: 31,886 records loaded
2025-09-19 11:58:12,515 - INFO -   180925-9: 32,887 records loaded
2025-09-19 11:58:44,621 - INFO -   Combined dataset saved: packet_dataset.csv
2025-09-19 11:58:44,621 - INFO -   Total records: 1,685,938
2025-09-19 11:58:44,622 - INFO -   Final shape: (1685938, 33)
2025-09-19 11:58:44,720 - INFO -   Dataset distribution:
2025-09-19 11:58:44,720 - INFO -     120925-1: 4,178 records
2025-09-19 11:58:44,720 - INFO -     120925-10: 4,335 records
2025-09-19 11:58:44,721 - INFO -     120925-11: 3,963 records
2025-09-19 11:58:44,721 - INFO -     120925-12: 4,110 records
2025-09-19 11:58:44,721 - INFO -     120925-13: 4,088 records
2025-09-19 11:58:44,722 - INFO -     120925-14: 4,326 records
2025-09-19 11:58:44,722 - INFO -     120925-15: 4,408 records
2025-09-19 11:58:44,722 - INFO -     120925-16: 4,047 records
2025-09-19 11:58:44,722 - INFO -     120925-17: 4,220 records
2025-09-19 11:58:44,723 - INFO -     120925-18: 4,118 records
2025-09-19 11:58:44,723 - INFO -     120925-19: 3,967 records
2025-09-19 11:58:44,723 - INFO -     120925-2: 4,247 records
2025-09-19 11:58:44,723 - INFO -     120925-20: 4,015 records
2025-09-19 11:58:44,723 - INFO -     120925-21: 4,138 records
2025-09-19 11:58:44,724 - INFO -     120925-22: 4,323 records
2025-09-19 11:58:44,724 - INFO -     120925-23: 4,242 records
2025-09-19 11:58:44,724 - INFO -     120925-24: 4,095 records
2025-09-19 11:58:44,724 - INFO -     120925-25: 4,202 records
2025-09-19 11:58:44,725 - INFO -     120925-26: 4,162 records
2025-09-19 11:58:44,725 - INFO -     120925-27: 4,321 records
2025-09-19 11:58:44,725 - INFO -     120925-28: 4,232 records
2025-09-19 11:58:44,726 - INFO -     120925-29: 4,209 records
2025-09-19 11:58:44,726 - INFO -     120925-3: 4,328 records
2025-09-19 11:58:44,726 - INFO -     120925-30: 4,097 records
2025-09-19 11:58:44,726 - INFO -     120925-31: 4,127 records
2025-09-19 11:58:44,727 - INFO -     120925-32: 4,452 records
2025-09-19 11:58:44,727 - INFO -     120925-33: 4,193 records
2025-09-19 11:58:44,727 - INFO -     120925-34: 4,159 records
2025-09-19 11:58:44,728 - INFO -     120925-35: 4,309 records
2025-09-19 11:58:44,728 - INFO -     120925-36: 4,038 records
2025-09-19 11:58:44,728 - INFO -     120925-37: 4,259 records
2025-09-19 11:58:44,728 - INFO -     120925-38: 4,004 records
2025-09-19 11:58:44,729 - INFO -     120925-39: 4,016 records
2025-09-19 11:58:44,729 - INFO -     120925-4: 4,284 records
2025-09-19 11:58:44,729 - INFO -     120925-40: 4,215 records
2025-09-19 11:58:44,729 - INFO -     120925-41: 4,043 records
2025-09-19 11:58:44,730 - INFO -     120925-42: 4,153 records
2025-09-19 11:58:44,730 - INFO -     120925-43: 4,237 records
2025-09-19 11:58:44,730 - INFO -     120925-44: 3,919 records
2025-09-19 11:58:44,731 - INFO -     120925-45: 4,098 records
2025-09-19 11:58:44,731 - INFO -     120925-46: 3,978 records
2025-09-19 11:58:44,731 - INFO -     120925-47: 4,266 records
2025-09-19 11:58:44,732 - INFO -     120925-48: 4,314 records
2025-09-19 11:58:44,732 - INFO -     120925-49: 4,361 records
2025-09-19 11:58:44,732 - INFO -     120925-5: 4,085 records
2025-09-19 11:58:44,732 - INFO -     120925-50: 4,452 records
2025-09-19 11:58:44,733 - INFO -     120925-51: 32,797 records
2025-09-19 11:58:44,733 - INFO -     120925-52: 32,754 records
2025-09-19 11:58:44,733 - INFO -     120925-53: 33,084 records
2025-09-19 11:58:44,733 - INFO -     120925-54: 33,008 records
2025-09-19 11:58:44,734 - INFO -     120925-55: 31,988 records
2025-09-19 11:58:44,734 - INFO -     120925-6: 4,154 records
2025-09-19 11:58:44,734 - INFO -     120925-7: 4,233 records
2025-09-19 11:58:44,734 - INFO -     120925-8: 4,190 records
2025-09-19 11:58:44,735 - INFO -     120925-9: 4,089 records
2025-09-19 11:58:44,735 - INFO -     130925-1: 33,159 records
2025-09-19 11:58:44,735 - INFO -     130925-10: 32,622 records
2025-09-19 11:58:44,735 - INFO -     130925-11: 32,648 records
2025-09-19 11:58:44,736 - INFO -     130925-12: 33,280 records
2025-09-19 11:58:44,736 - INFO -     130925-13: 33,401 records
2025-09-19 11:58:44,736 - INFO -     130925-14: 33,276 records
2025-09-19 11:58:44,736 - INFO -     130925-15: 33,412 records
2025-09-19 11:58:44,737 - INFO -     130925-16: 33,012 records
2025-09-19 11:58:44,737 - INFO -     130925-17: 32,969 records
2025-09-19 11:58:44,737 - INFO -     130925-18: 32,801 records
2025-09-19 11:58:44,737 - INFO -     130925-19: 32,964 records
2025-09-19 11:58:44,737 - INFO -     130925-2: 32,797 records
2025-09-19 11:58:44,738 - INFO -     130925-20: 33,036 records
2025-09-19 11:58:44,738 - INFO -     130925-3: 33,188 records
2025-09-19 11:58:44,738 - INFO -     130925-4: 31,785 records
2025-09-19 11:58:44,738 - INFO -     130925-5: 32,362 records
2025-09-19 11:58:44,739 - INFO -     130925-6: 32,003 records
2025-09-19 11:58:44,739 - INFO -     130925-7: 32,945 records
2025-09-19 11:58:44,739 - INFO -     130925-8: 34,743 records
2025-09-19 11:58:44,739 - INFO -     130925-9: 32,746 records
2025-09-19 11:58:44,739 - INFO -     180925-1: 33,722 records
2025-09-19 11:58:44,740 - INFO -     180925-10: 32,354 records
2025-09-19 11:58:44,740 - INFO -     180925-11: 32,736 records
2025-09-19 11:58:44,740 - INFO -     180925-12: 33,015 records
2025-09-19 11:58:44,741 - INFO -     180925-13: 32,308 records
2025-09-19 11:58:44,741 - INFO -     180925-14: 33,076 records
2025-09-19 11:58:44,741 - INFO -     180925-15: 34,136 records
2025-09-19 11:58:44,741 - INFO -     180925-16: 32,787 records
2025-09-19 11:58:44,742 - INFO -     180925-17: 32,433 records
2025-09-19 11:58:44,742 - INFO -     180925-18: 31,869 records
2025-09-19 11:58:44,742 - INFO -     180925-19: 32,474 records
2025-09-19 11:58:44,742 - INFO -     180925-2: 33,429 records
2025-09-19 11:58:44,743 - INFO -     180925-20: 32,650 records
2025-09-19 11:58:44,743 - INFO -     180925-3: 32,687 records
2025-09-19 11:58:44,743 - INFO -     180925-4: 32,971 records
2025-09-19 11:58:44,743 - INFO -     180925-5: 32,638 records
2025-09-19 11:58:44,744 - INFO -     180925-6: 32,165 records
2025-09-19 11:58:44,744 - INFO -     180925-7: 31,936 records
2025-09-19 11:58:44,744 - INFO -     180925-8: 31,886 records
2025-09-19 11:58:44,744 - INFO -     180925-9: 32,887 records
2025-09-19 11:58:44,840 - INFO - 
==================================================
2025-09-19 11:58:44,840 - INFO - Combining flow_features.csv files into flow_dataset.csv
2025-09-19 11:58:44,841 - INFO - Combining flow_features.csv files into flow_dataset.csv
2025-09-19 11:58:44,873 - INFO -   120925-1: 4,071 records loaded
2025-09-19 11:58:44,900 - INFO -   120925-10: 4,051 records loaded
2025-09-19 11:58:44,932 - INFO -   120925-11: 4,058 records loaded
2025-09-19 11:58:44,959 - INFO -   120925-12: 4,051 records loaded
2025-09-19 11:58:44,988 - INFO -   120925-13: 4,044 records loaded
2025-09-19 11:58:45,016 - INFO -   120925-14: 4,051 records loaded
2025-09-19 11:58:45,052 - INFO -   120925-15: 4,044 records loaded
2025-09-19 11:58:45,081 - INFO -   120925-16: 4,044 records loaded
2025-09-19 11:58:45,107 - INFO -   120925-17: 4,051 records loaded
2025-09-19 11:58:45,136 - INFO -   120925-18: 4,030 records loaded
2025-09-19 11:58:45,162 - INFO -   120925-19: 4,044 records loaded
2025-09-19 11:58:45,191 - INFO -   120925-2: 4,064 records loaded
2025-09-19 11:58:45,219 - INFO -   120925-20: 4,058 records loaded
2025-09-19 11:58:45,246 - INFO -   120925-21: 4,051 records loaded
2025-09-19 11:58:45,272 - INFO -   120925-22: 4,051 records loaded
2025-09-19 11:58:45,302 - INFO -   120925-23: 4,037 records loaded
2025-09-19 11:58:45,330 - INFO -   120925-24: 4,043 records loaded
2025-09-19 11:58:45,373 - INFO -   120925-25: 4,037 records loaded
2025-09-19 11:58:45,423 - INFO -   120925-26: 4,030 records loaded
2025-09-19 11:58:45,453 - INFO -   120925-27: 4,037 records loaded
2025-09-19 11:58:45,484 - INFO -   120925-28: 4,051 records loaded
2025-09-19 11:58:45,513 - INFO -   120925-29: 4,044 records loaded
2025-09-19 11:58:45,548 - INFO -   120925-3: 4,065 records loaded
2025-09-19 11:58:45,577 - INFO -   120925-30: 4,037 records loaded
2025-09-19 11:58:45,607 - INFO -   120925-31: 4,044 records loaded
2025-09-19 11:58:45,638 - INFO -   120925-32: 4,044 records loaded
2025-09-19 11:58:45,665 - INFO -   120925-33: 4,050 records loaded
2025-09-19 11:58:45,693 - INFO -   120925-34: 4,058 records loaded
2025-09-19 11:58:45,718 - INFO -   120925-35: 4,050 records loaded
2025-09-19 11:58:45,742 - INFO -   120925-36: 4,043 records loaded
2025-09-19 11:58:45,768 - INFO -   120925-37: 4,037 records loaded
2025-09-19 11:58:45,795 - INFO -   120925-38: 4,051 records loaded
2025-09-19 11:58:45,822 - INFO -   120925-39: 4,037 records loaded
2025-09-19 11:58:45,850 - INFO -   120925-4: 4,071 records loaded
2025-09-19 11:58:45,877 - INFO -   120925-40: 4,037 records loaded
2025-09-19 11:58:45,908 - INFO -   120925-41: 4,044 records loaded
2025-09-19 11:58:45,932 - INFO -   120925-42: 4,023 records loaded
2025-09-19 11:58:45,960 - INFO -   120925-43: 4,030 records loaded
2025-09-19 11:58:45,988 - INFO -   120925-44: 4,023 records loaded
2025-09-19 11:58:46,029 - INFO -   120925-45: 4,036 records loaded
2025-09-19 11:58:46,058 - INFO -   120925-46: 4,065 records loaded
2025-09-19 11:58:46,085 - INFO -   120925-47: 4,030 records loaded
2025-09-19 11:58:46,110 - INFO -   120925-48: 4,037 records loaded
2025-09-19 11:58:46,136 - INFO -   120925-49: 4,086 records loaded
2025-09-19 11:58:46,159 - INFO -   120925-5: 4,051 records loaded
2025-09-19 11:58:46,185 - INFO -   120925-50: 4,064 records loaded
2025-09-19 11:58:46,259 - INFO -   120925-51: 30,020 records loaded
2025-09-19 11:58:46,338 - INFO -   120925-52: 29,993 records loaded
2025-09-19 11:58:46,422 - INFO -   120925-53: 30,252 records loaded
2025-09-19 11:58:46,522 - INFO -   120925-54: 30,252 records loaded
2025-09-19 11:58:46,633 - INFO -   120925-55: 30,245 records loaded
2025-09-19 11:58:46,666 - INFO -   120925-6: 4,072 records loaded
2025-09-19 11:58:46,699 - INFO -   120925-7: 4,078 records loaded
2025-09-19 11:58:46,745 - INFO -   120925-8: 4,058 records loaded
2025-09-19 11:58:46,778 - INFO -   120925-9: 4,051 records loaded
2025-09-19 11:58:46,891 - INFO -   130925-1: 30,202 records loaded
2025-09-19 11:58:46,995 - INFO -   130925-10: 30,175 records loaded
2025-09-19 11:58:47,092 - INFO -   130925-11: 30,210 records loaded
2025-09-19 11:58:47,200 - INFO -   130925-12: 30,224 records loaded
2025-09-19 11:58:47,280 - INFO -   130925-13: 30,189 records loaded
2025-09-19 11:58:47,361 - INFO -   130925-14: 30,140 records loaded
2025-09-19 11:58:47,441 - INFO -   130925-15: 30,182 records loaded
2025-09-19 11:58:47,531 - INFO -   130925-16: 30,182 records loaded
2025-09-19 11:58:47,620 - INFO -   130925-17: 30,210 records loaded
2025-09-19 11:58:47,719 - INFO -   130925-18: 30,189 records loaded
2025-09-19 11:58:47,816 - INFO -   130925-19: 30,133 records loaded
2025-09-19 11:58:47,908 - INFO -   130925-2: 30,049 records loaded
2025-09-19 11:58:47,997 - INFO -   130925-20: 30,259 records loaded
2025-09-19 11:58:48,093 - INFO -   130925-3: 30,245 records loaded
2025-09-19 11:58:48,182 - INFO -   130925-4: 30,014 records loaded
2025-09-19 11:58:48,263 - INFO -   130925-5: 30,021 records loaded
2025-09-19 11:58:48,350 - INFO -   130925-6: 30,042 records loaded
2025-09-19 11:58:48,432 - INFO -   130925-7: 30,070 records loaded
2025-09-19 11:58:48,509 - INFO -   130925-8: 30,161 records loaded
2025-09-19 11:58:48,585 - INFO -   130925-9: 30,000 records loaded
2025-09-19 11:58:48,671 - INFO -   180925-1: 30,261 records loaded
2025-09-19 11:58:48,749 - INFO -   180925-10: 30,077 records loaded
2025-09-19 11:58:48,826 - INFO -   180925-11: 30,203 records loaded
2025-09-19 11:58:48,900 - INFO -   180925-12: 30,128 records loaded
2025-09-19 11:58:48,998 - INFO -   180925-13: 30,107 records loaded
2025-09-19 11:58:49,082 - INFO -   180925-14: 30,303 records loaded
2025-09-19 11:58:49,162 - INFO -   180925-15: 30,084 records loaded
2025-09-19 11:58:49,241 - INFO -   180925-16: 30,247 records loaded
2025-09-19 11:58:49,327 - INFO -   180925-17: 30,233 records loaded
2025-09-19 11:58:49,408 - INFO -   180925-18: 30,205 records loaded
2025-09-19 11:58:49,487 - INFO -   180925-19: 30,315 records loaded
2025-09-19 11:58:49,567 - INFO -   180925-2: 30,106 records loaded
2025-09-19 11:58:49,646 - INFO -   180925-20: 30,322 records loaded
2025-09-19 11:58:49,726 - INFO -   180925-3: 30,261 records loaded
2025-09-19 11:58:49,799 - INFO -   180925-4: 30,078 records loaded
2025-09-19 11:58:49,874 - INFO -   180925-5: 30,203 records loaded
2025-09-19 11:58:49,954 - INFO -   180925-6: 30,017 records loaded
2025-09-19 11:58:50,040 - INFO -   180925-7: 30,315 records loaded
2025-09-19 11:58:50,123 - INFO -   180925-8: 30,140 records loaded
2025-09-19 11:58:50,207 - INFO -   180925-9: 30,100 records loaded
2025-09-19 11:59:14,823 - INFO -   Combined dataset saved: flow_dataset.csv
2025-09-19 11:59:14,823 - INFO -   Total records: 1,559,778
2025-09-19 11:59:14,823 - INFO -   Final shape: (1559778, 19)
2025-09-19 11:59:14,895 - INFO -   Dataset distribution:
2025-09-19 11:59:14,896 - INFO -     120925-1: 4,071 records
2025-09-19 11:59:14,896 - INFO -     120925-10: 4,051 records
2025-09-19 11:59:14,897 - INFO -     120925-11: 4,058 records
2025-09-19 11:59:14,897 - INFO -     120925-12: 4,051 records
2025-09-19 11:59:14,897 - INFO -     120925-13: 4,044 records
2025-09-19 11:59:14,898 - INFO -     120925-14: 4,051 records
2025-09-19 11:59:14,898 - INFO -     120925-15: 4,044 records
2025-09-19 11:59:14,898 - INFO -     120925-16: 4,044 records
2025-09-19 11:59:14,898 - INFO -     120925-17: 4,051 records
2025-09-19 11:59:14,899 - INFO -     120925-18: 4,030 records
2025-09-19 11:59:14,899 - INFO -     120925-19: 4,044 records
2025-09-19 11:59:14,899 - INFO -     120925-2: 4,064 records
2025-09-19 11:59:14,900 - INFO -     120925-20: 4,058 records
2025-09-19 11:59:14,900 - INFO -     120925-21: 4,051 records
2025-09-19 11:59:14,900 - INFO -     120925-22: 4,051 records
2025-09-19 11:59:14,900 - INFO -     120925-23: 4,037 records
2025-09-19 11:59:14,901 - INFO -     120925-24: 4,043 records
2025-09-19 11:59:14,901 - INFO -     120925-25: 4,037 records
2025-09-19 11:59:14,901 - INFO -     120925-26: 4,030 records
2025-09-19 11:59:14,901 - INFO -     120925-27: 4,037 records
2025-09-19 11:59:14,902 - INFO -     120925-28: 4,051 records
2025-09-19 11:59:14,902 - INFO -     120925-29: 4,044 records
2025-09-19 11:59:14,902 - INFO -     120925-3: 4,065 records
2025-09-19 11:59:14,903 - INFO -     120925-30: 4,037 records
2025-09-19 11:59:14,903 - INFO -     120925-31: 4,044 records
2025-09-19 11:59:14,903 - INFO -     120925-32: 4,044 records
2025-09-19 11:59:14,903 - INFO -     120925-33: 4,050 records
2025-09-19 11:59:14,904 - INFO -     120925-34: 4,058 records
2025-09-19 11:59:14,904 - INFO -     120925-35: 4,050 records
2025-09-19 11:59:14,904 - INFO -     120925-36: 4,043 records
2025-09-19 11:59:14,904 - INFO -     120925-37: 4,037 records
2025-09-19 11:59:14,905 - INFO -     120925-38: 4,051 records
2025-09-19 11:59:14,905 - INFO -     120925-39: 4,037 records
2025-09-19 11:59:14,905 - INFO -     120925-4: 4,071 records
2025-09-19 11:59:14,906 - INFO -     120925-40: 4,037 records
2025-09-19 11:59:14,906 - INFO -     120925-41: 4,044 records
2025-09-19 11:59:14,906 - INFO -     120925-42: 4,023 records
2025-09-19 11:59:14,906 - INFO -     120925-43: 4,030 records
2025-09-19 11:59:14,907 - INFO -     120925-44: 4,023 records
2025-09-19 11:59:14,907 - INFO -     120925-45: 4,036 records
2025-09-19 11:59:14,907 - INFO -     120925-46: 4,065 records
2025-09-19 11:59:14,907 - INFO -     120925-47: 4,030 records
2025-09-19 11:59:14,908 - INFO -     120925-48: 4,037 records
2025-09-19 11:59:14,908 - INFO -     120925-49: 4,086 records
2025-09-19 11:59:14,908 - INFO -     120925-5: 4,051 records
2025-09-19 11:59:14,909 - INFO -     120925-50: 4,064 records
2025-09-19 11:59:14,909 - INFO -     120925-51: 30,020 records
2025-09-19 11:59:14,909 - INFO -     120925-52: 29,993 records
2025-09-19 11:59:14,910 - INFO -     120925-53: 30,252 records
2025-09-19 11:59:14,910 - INFO -     120925-54: 30,252 records
2025-09-19 11:59:14,910 - INFO -     120925-55: 30,245 records
2025-09-19 11:59:14,911 - INFO -     120925-6: 4,072 records
2025-09-19 11:59:14,911 - INFO -     120925-7: 4,078 records
2025-09-19 11:59:14,911 - INFO -     120925-8: 4,058 records
2025-09-19 11:59:14,912 - INFO -     120925-9: 4,051 records
2025-09-19 11:59:14,912 - INFO -     130925-1: 30,202 records
2025-09-19 11:59:14,913 - INFO -     130925-10: 30,175 records
2025-09-19 11:59:14,913 - INFO -     130925-11: 30,210 records
2025-09-19 11:59:14,913 - INFO -     130925-12: 30,224 records
2025-09-19 11:59:14,913 - INFO -     130925-13: 30,189 records
2025-09-19 11:59:14,914 - INFO -     130925-14: 30,140 records
2025-09-19 11:59:14,914 - INFO -     130925-15: 30,182 records
2025-09-19 11:59:14,914 - INFO -     130925-16: 30,182 records
2025-09-19 11:59:14,914 - INFO -     130925-17: 30,210 records
2025-09-19 11:59:14,915 - INFO -     130925-18: 30,189 records
2025-09-19 11:59:14,915 - INFO -     130925-19: 30,133 records
2025-09-19 11:59:14,915 - INFO -     130925-2: 30,049 records
2025-09-19 11:59:14,915 - INFO -     130925-20: 30,259 records
2025-09-19 11:59:14,916 - INFO -     130925-3: 30,245 records
2025-09-19 11:59:14,916 - INFO -     130925-4: 30,014 records
2025-09-19 11:59:14,916 - INFO -     130925-5: 30,021 records
2025-09-19 11:59:14,916 - INFO -     130925-6: 30,042 records
2025-09-19 11:59:14,917 - INFO -     130925-7: 30,070 records
2025-09-19 11:59:14,917 - INFO -     130925-8: 30,161 records
2025-09-19 11:59:14,917 - INFO -     130925-9: 30,000 records
2025-09-19 11:59:14,917 - INFO -     180925-1: 30,261 records
2025-09-19 11:59:14,918 - INFO -     180925-10: 30,077 records
2025-09-19 11:59:14,918 - INFO -     180925-11: 30,203 records
2025-09-19 11:59:14,918 - INFO -     180925-12: 30,128 records
2025-09-19 11:59:14,918 - INFO -     180925-13: 30,107 records
2025-09-19 11:59:14,918 - INFO -     180925-14: 30,303 records
2025-09-19 11:59:14,919 - INFO -     180925-15: 30,084 records
2025-09-19 11:59:14,919 - INFO -     180925-16: 30,247 records
2025-09-19 11:59:14,919 - INFO -     180925-17: 30,233 records
2025-09-19 11:59:14,919 - INFO -     180925-18: 30,205 records
2025-09-19 11:59:14,920 - INFO -     180925-19: 30,315 records
2025-09-19 11:59:14,920 - INFO -     180925-2: 30,106 records
2025-09-19 11:59:14,920 - INFO -     180925-20: 30,322 records
2025-09-19 11:59:14,920 - INFO -     180925-3: 30,261 records
2025-09-19 11:59:14,921 - INFO -     180925-4: 30,078 records
2025-09-19 11:59:14,921 - INFO -     180925-5: 30,203 records
2025-09-19 11:59:14,921 - INFO -     180925-6: 30,017 records
2025-09-19 11:59:14,921 - INFO -     180925-7: 30,315 records
2025-09-19 11:59:14,922 - INFO -     180925-8: 30,140 records
2025-09-19 11:59:14,922 - INFO -     180925-9: 30,100 records
2025-09-19 11:59:14,938 - INFO - 
==================================================
2025-09-19 11:59:14,939 - INFO - Combining cicflow_features_all.csv files into cicflow_dataset.csv
2025-09-19 11:59:14,939 - INFO - Combining cicflow_features_all.csv files into cicflow_dataset.csv
2025-09-19 11:59:14,953 - INFO -   120925-1: 627 records loaded
2025-09-19 11:59:14,966 - INFO -   120925-10: 661 records loaded
2025-09-19 11:59:14,980 - INFO -   120925-11: 633 records loaded
2025-09-19 11:59:14,994 - INFO -   120925-12: 644 records loaded
2025-09-19 11:59:15,009 - INFO -   120925-13: 637 records loaded
2025-09-19 11:59:15,024 - INFO -   120925-14: 648 records loaded
2025-09-19 11:59:15,039 - INFO -   120925-15: 632 records loaded
2025-09-19 11:59:15,054 - INFO -   120925-16: 632 records loaded
2025-09-19 11:59:15,069 - INFO -   120925-17: 639 records loaded
2025-09-19 11:59:15,084 - INFO -   120925-18: 657 records loaded
2025-09-19 11:59:15,099 - INFO -   120925-19: 616 records loaded
2025-09-19 11:59:15,113 - INFO -   120925-2: 637 records loaded
2025-09-19 11:59:15,129 - INFO -   120925-20: 626 records loaded
2025-09-19 11:59:15,143 - INFO -   120925-21: 637 records loaded
2025-09-19 11:59:15,158 - INFO -   120925-22: 622 records loaded
2025-09-19 11:59:15,173 - INFO -   120925-23: 649 records loaded
2025-09-19 11:59:15,188 - INFO -   120925-24: 657 records loaded
2025-09-19 11:59:15,203 - INFO -   120925-25: 604 records loaded
2025-09-19 11:59:15,217 - INFO -   120925-26: 631 records loaded
2025-09-19 11:59:15,232 - INFO -   120925-27: 643 records loaded
2025-09-19 11:59:15,246 - INFO -   120925-28: 611 records loaded
2025-09-19 11:59:15,260 - INFO -   120925-29: 641 records loaded
2025-09-19 11:59:15,277 - INFO -   120925-3: 648 records loaded
2025-09-19 11:59:15,292 - INFO -   120925-30: 620 records loaded
2025-09-19 11:59:15,306 - INFO -   120925-31: 640 records loaded
2025-09-19 11:59:15,320 - INFO -   120925-32: 655 records loaded
2025-09-19 11:59:15,332 - INFO -   120925-33: 626 records loaded
2025-09-19 11:59:15,346 - INFO -   120925-34: 645 records loaded
2025-09-19 11:59:15,357 - INFO -   120925-35: 652 records loaded
2025-09-19 11:59:15,371 - INFO -   120925-36: 636 records loaded
2025-09-19 11:59:15,383 - INFO -   120925-37: 634 records loaded
2025-09-19 11:59:15,395 - INFO -   120925-38: 613 records loaded
2025-09-19 11:59:15,407 - INFO -   120925-39: 621 records loaded
2025-09-19 11:59:15,419 - INFO -   120925-4: 640 records loaded
2025-09-19 11:59:15,432 - INFO -   120925-40: 621 records loaded
2025-09-19 11:59:15,445 - INFO -   120925-41: 650 records loaded
2025-09-19 11:59:15,458 - INFO -   120925-42: 650 records loaded
2025-09-19 11:59:15,471 - INFO -   120925-43: 639 records loaded
2025-09-19 11:59:15,483 - INFO -   120925-44: 621 records loaded
2025-09-19 11:59:15,497 - INFO -   120925-45: 634 records loaded
2025-09-19 11:59:15,510 - INFO -   120925-46: 641 records loaded
2025-09-19 11:59:15,524 - INFO -   120925-47: 646 records loaded
2025-09-19 11:59:15,539 - INFO -   120925-48: 653 records loaded
2025-09-19 11:59:15,551 - INFO -   120925-49: 636 records loaded
2025-09-19 11:59:15,563 - INFO -   120925-5: 644 records loaded
2025-09-19 11:59:15,576 - INFO -   120925-50: 645 records loaded
2025-09-19 11:59:15,625 - INFO -   120925-51: 5,263 records loaded
2025-09-19 11:59:15,677 - INFO -   120925-52: 5,259 records loaded
2025-09-19 11:59:15,732 - INFO -   120925-53: 5,249 records loaded
2025-09-19 11:59:15,787 - INFO -   120925-54: 5,290 records loaded
2025-09-19 11:59:15,841 - INFO -   120925-55: 5,251 records loaded
2025-09-19 11:59:15,856 - INFO -   120925-6: 615 records loaded
2025-09-19 11:59:15,871 - INFO -   120925-7: 629 records loaded
2025-09-19 11:59:15,887 - INFO -   120925-8: 647 records loaded
2025-09-19 11:59:15,901 - INFO -   120925-9: 646 records loaded
2025-09-19 11:59:15,956 - INFO -   130925-1: 5,278 records loaded
2025-09-19 11:59:16,014 - INFO -   130925-10: 5,290 records loaded
2025-09-19 11:59:16,070 - INFO -   130925-11: 5,283 records loaded
2025-09-19 11:59:16,122 - INFO -   130925-12: 5,257 records loaded
2025-09-19 11:59:16,172 - INFO -   130925-13: 5,299 records loaded
2025-09-19 11:59:16,232 - INFO -   130925-14: 5,287 records loaded
2025-09-19 11:59:16,293 - INFO -   130925-15: 5,299 records loaded
2025-09-19 11:59:16,347 - INFO -   130925-16: 5,273 records loaded
2025-09-19 11:59:16,397 - INFO -   130925-17: 5,287 records loaded
2025-09-19 11:59:16,452 - INFO -   130925-18: 5,255 records loaded
2025-09-19 11:59:16,508 - INFO -   130925-19: 5,239 records loaded
2025-09-19 11:59:16,565 - INFO -   130925-2: 5,279 records loaded
2025-09-19 11:59:16,619 - INFO -   130925-20: 5,283 records loaded
2025-09-19 11:59:16,670 - INFO -   130925-3: 5,247 records loaded
2025-09-19 11:59:16,726 - INFO -   130925-4: 5,227 records loaded
2025-09-19 11:59:16,787 - INFO -   130925-5: 5,325 records loaded
2025-09-19 11:59:16,846 - INFO -   130925-6: 5,281 records loaded
2025-09-19 11:59:16,905 - INFO -   130925-7: 5,273 records loaded
2025-09-19 11:59:16,963 - INFO -   130925-8: 5,292 records loaded
2025-09-19 11:59:17,018 - INFO -   130925-9: 5,239 records loaded
2025-09-19 11:59:17,071 - INFO -   180925-1: 5,562 records loaded
2025-09-19 11:59:17,125 - INFO -   180925-10: 5,178 records loaded
2025-09-19 11:59:17,182 - INFO -   180925-11: 5,245 records loaded
2025-09-19 11:59:17,232 - INFO -   180925-12: 5,300 records loaded
2025-09-19 11:59:17,284 - INFO -   180925-13: 5,177 records loaded
2025-09-19 11:59:17,344 - INFO -   180925-14: 5,281 records loaded
2025-09-19 11:59:17,406 - INFO -   180925-15: 5,249 records loaded
2025-09-19 11:59:17,458 - INFO -   180925-16: 5,258 records loaded
2025-09-19 11:59:17,513 - INFO -   180925-17: 5,248 records loaded
2025-09-19 11:59:17,568 - INFO -   180925-18: 5,221 records loaded
2025-09-19 11:59:17,621 - INFO -   180925-19: 5,199 records loaded
2025-09-19 11:59:17,677 - INFO -   180925-2: 5,359 records loaded
2025-09-19 11:59:17,731 - INFO -   180925-20: 5,239 records loaded
2025-09-19 11:59:17,785 - INFO -   180925-3: 5,247 records loaded
2025-09-19 11:59:17,841 - INFO -   180925-4: 5,265 records loaded
2025-09-19 11:59:17,898 - INFO -   180925-5: 5,214 records loaded
2025-09-19 11:59:17,955 - INFO -   180925-6: 5,254 records loaded
2025-09-19 11:59:18,010 - INFO -   180925-7: 5,286 records loaded
2025-09-19 11:59:18,063 - INFO -   180925-8: 5,226 records loaded
2025-09-19 11:59:18,118 - INFO -   180925-9: 5,243 records loaded
2025-09-19 11:59:32,824 - INFO -   Combined dataset saved: cicflow_dataset.csv
2025-09-19 11:59:32,825 - INFO -   Total records: 268,887
2025-09-19 11:59:32,825 - INFO -   Final shape: (268887, 86)
2025-09-19 11:59:32,841 - INFO -   Dataset distribution:
2025-09-19 11:59:32,841 - INFO -     120925-1: 627 records
2025-09-19 11:59:32,842 - INFO -     120925-10: 661 records
2025-09-19 11:59:32,842 - INFO -     120925-11: 633 records
2025-09-19 11:59:32,842 - INFO -     120925-12: 644 records
2025-09-19 11:59:32,843 - INFO -     120925-13: 637 records
2025-09-19 11:59:32,843 - INFO -     120925-14: 648 records
2025-09-19 11:59:32,843 - INFO -     120925-15: 632 records
2025-09-19 11:59:32,843 - INFO -     120925-16: 632 records
2025-09-19 11:59:32,844 - INFO -     120925-17: 639 records
2025-09-19 11:59:32,844 - INFO -     120925-18: 657 records
2025-09-19 11:59:32,844 - INFO -     120925-19: 616 records
2025-09-19 11:59:32,845 - INFO -     120925-2: 637 records
2025-09-19 11:59:32,845 - INFO -     120925-20: 626 records
2025-09-19 11:59:32,845 - INFO -     120925-21: 637 records
2025-09-19 11:59:32,845 - INFO -     120925-22: 622 records
2025-09-19 11:59:32,846 - INFO -     120925-23: 649 records
2025-09-19 11:59:32,846 - INFO -     120925-24: 657 records
2025-09-19 11:59:32,846 - INFO -     120925-25: 604 records
2025-09-19 11:59:32,847 - INFO -     120925-26: 631 records
2025-09-19 11:59:32,847 - INFO -     120925-27: 643 records
2025-09-19 11:59:32,847 - INFO -     120925-28: 611 records
2025-09-19 11:59:32,847 - INFO -     120925-29: 641 records
2025-09-19 11:59:32,848 - INFO -     120925-3: 648 records
2025-09-19 11:59:32,848 - INFO -     120925-30: 620 records
2025-09-19 11:59:32,848 - INFO -     120925-31: 640 records
2025-09-19 11:59:32,849 - INFO -     120925-32: 655 records
2025-09-19 11:59:32,849 - INFO -     120925-33: 626 records
2025-09-19 11:59:32,849 - INFO -     120925-34: 645 records
2025-09-19 11:59:32,849 - INFO -     120925-35: 652 records
2025-09-19 11:59:32,850 - INFO -     120925-36: 636 records
2025-09-19 11:59:32,850 - INFO -     120925-37: 634 records
2025-09-19 11:59:32,850 - INFO -     120925-38: 613 records
2025-09-19 11:59:32,850 - INFO -     120925-39: 621 records
2025-09-19 11:59:32,851 - INFO -     120925-4: 640 records
2025-09-19 11:59:32,851 - INFO -     120925-40: 621 records
2025-09-19 11:59:32,851 - INFO -     120925-41: 650 records
2025-09-19 11:59:32,852 - INFO -     120925-42: 650 records
2025-09-19 11:59:32,852 - INFO -     120925-43: 639 records
2025-09-19 11:59:32,852 - INFO -     120925-44: 621 records
2025-09-19 11:59:32,852 - INFO -     120925-45: 634 records
2025-09-19 11:59:32,853 - INFO -     120925-46: 641 records
2025-09-19 11:59:32,853 - INFO -     120925-47: 646 records
2025-09-19 11:59:32,853 - INFO -     120925-48: 653 records
2025-09-19 11:59:32,853 - INFO -     120925-49: 636 records
2025-09-19 11:59:32,854 - INFO -     120925-5: 644 records
2025-09-19 11:59:32,854 - INFO -     120925-50: 645 records
2025-09-19 11:59:32,854 - INFO -     120925-51: 5,263 records
2025-09-19 11:59:32,855 - INFO -     120925-52: 5,259 records
2025-09-19 11:59:32,855 - INFO -     120925-53: 5,249 records
2025-09-19 11:59:32,855 - INFO -     120925-54: 5,290 records
2025-09-19 11:59:32,855 - INFO -     120925-55: 5,251 records
2025-09-19 11:59:32,856 - INFO -     120925-6: 615 records
2025-09-19 11:59:32,856 - INFO -     120925-7: 629 records
2025-09-19 11:59:32,856 - INFO -     120925-8: 647 records
2025-09-19 11:59:32,857 - INFO -     120925-9: 646 records
2025-09-19 11:59:32,857 - INFO -     130925-1: 5,278 records
2025-09-19 11:59:32,857 - INFO -     130925-10: 5,290 records
2025-09-19 11:59:32,857 - INFO -     130925-11: 5,283 records
2025-09-19 11:59:32,858 - INFO -     130925-12: 5,257 records
2025-09-19 11:59:32,858 - INFO -     130925-13: 5,299 records
2025-09-19 11:59:32,858 - INFO -     130925-14: 5,287 records
2025-09-19 11:59:32,858 - INFO -     130925-15: 5,299 records
2025-09-19 11:59:32,859 - INFO -     130925-16: 5,273 records
2025-09-19 11:59:32,859 - INFO -     130925-17: 5,287 records
2025-09-19 11:59:32,859 - INFO -     130925-18: 5,255 records
2025-09-19 11:59:32,859 - INFO -     130925-19: 5,239 records
2025-09-19 11:59:32,860 - INFO -     130925-2: 5,279 records
2025-09-19 11:59:32,860 - INFO -     130925-20: 5,283 records
2025-09-19 11:59:32,861 - INFO -     130925-3: 5,247 records
2025-09-19 11:59:32,861 - INFO -     130925-4: 5,227 records
2025-09-19 11:59:32,861 - INFO -     130925-5: 5,325 records
2025-09-19 11:59:32,862 - INFO -     130925-6: 5,281 records
2025-09-19 11:59:32,862 - INFO -     130925-7: 5,273 records
2025-09-19 11:59:32,863 - INFO -     130925-8: 5,292 records
2025-09-19 11:59:32,863 - INFO -     130925-9: 5,239 records
2025-09-19 11:59:32,863 - INFO -     180925-1: 5,562 records
2025-09-19 11:59:32,863 - INFO -     180925-10: 5,178 records
2025-09-19 11:59:32,864 - INFO -     180925-11: 5,245 records
2025-09-19 11:59:32,864 - INFO -     180925-12: 5,300 records
2025-09-19 11:59:32,864 - INFO -     180925-13: 5,177 records
2025-09-19 11:59:32,865 - INFO -     180925-14: 5,281 records
2025-09-19 11:59:32,865 - INFO -     180925-15: 5,249 records
2025-09-19 11:59:32,865 - INFO -     180925-16: 5,258 records
2025-09-19 11:59:32,866 - INFO -     180925-17: 5,248 records
2025-09-19 11:59:32,866 - INFO -     180925-18: 5,221 records
2025-09-19 11:59:32,866 - INFO -     180925-19: 5,199 records
2025-09-19 11:59:32,866 - INFO -     180925-2: 5,359 records
2025-09-19 11:59:32,867 - INFO -     180925-20: 5,239 records
2025-09-19 11:59:32,867 - INFO -     180925-3: 5,247 records
2025-09-19 11:59:32,867 - INFO -     180925-4: 5,265 records
2025-09-19 11:59:32,867 - INFO -     180925-5: 5,214 records
2025-09-19 11:59:32,868 - INFO -     180925-6: 5,254 records
2025-09-19 11:59:32,868 - INFO -     180925-7: 5,286 records
2025-09-19 11:59:32,868 - INFO -     180925-8: 5,226 records
2025-09-19 11:59:32,869 - INFO -     180925-9: 5,243 records
2025-09-19 11:59:32,880 - INFO - 
============================================================
2025-09-19 11:59:32,881 - INFO - DATASET COMBINATION SUMMARY
2025-09-19 11:59:32,881 - INFO - ============================================================
2025-09-19 11:59:32,882 - INFO -  packet_dataset.csv: 1,685,938 records, shape (1685938, 33)
2025-09-19 11:59:32,882 - INFO -  flow_dataset.csv: 1,559,778 records, shape (1559778, 19)
2025-09-19 11:59:32,882 - INFO -  cicflow_dataset.csv: 268,887 records, shape (268887, 86)
2025-09-19 11:59:32,883 - INFO - 
Total files created: 3/3
2025-09-19 11:59:32,883 - INFO - Total records combined: 3,514,603
2025-09-19 11:59:32,883 - INFO -  All datasets combined successfully!
