2025-09-12 18:16:25 - [BENIGN] - INFO - Starting benign traffic for 200 seconds...
2025-09-12 18:16:25 - [BENIGN] - INFO - Protocol separation: h2↔h5 (ICMP), h3↔h5 (TCP/UDP)
2025-09-12 18:16:25 - [BENIGN] - DEBUG - Generated ICMP traffic h2↔h5 0 [len=84B]
2025-09-12 18:16:26 - [BENIGN] - DEBUG - Generated TCP SYN from h3:30468 -> h5:12345 [len=54B]
2025-09-12 18:16:27 - [BENIGN] - DEBUG - Generated TCP SYN-ACK from h5:12345 <- h3:30468 [len=54B]
2025-09-12 18:16:27 - [BENIGN] - DEBUG - Generated TCP ACK from h3:30468 -> h5:12345 [len=54B]
2025-09-12 18:16:28 - [BENIGN] - DEBUG - Generated TCP data traffic from h3:30468 -> h5:12345 [content='TCP data'] [Session 1] [len=712B]
2025-09-12 18:16:29 - [BENIGN] - DEBUG - Generated TCP ACK reply from h5:12345 <- h3:30468 [len=54B]
2025-09-12 18:16:29 - [BENIGN] - DEBUG - Generated UDP traffic from h3:48952 -> h5:12346 [content='1ef64538e81b36b564ff0823761d7839a5a6d47f...'] [Session 2] [len=1141B]
2025-09-12 18:16:30 - [BENIGN] - DEBUG - Generated Telnet SYN from h3:43456 -> h5:23 [len=54B]
2025-09-12 18:16:31 - [BENIGN] - DEBUG - Generated Telnet SYN-ACK from h5:23 <- h3:43456 [len=54B]
2025-09-12 18:16:31 - [BENIGN] - DEBUG - Generated Telnet ACK from h3:43456 -> h5:23 [len=54B]
2025-09-12 18:16:32 - [BENIGN] - DEBUG - Generated Telnet data traffic from h3:43456 -> h5:23 [content='Telnet command'] [Session 3] [len=1529B]
2025-09-12 18:16:33 - [BENIGN] - DEBUG - Generated Telnet ACK reply from h5:23 <- h3:43456 [len=54B]
2025-09-12 18:16:33 - [BENIGN] - DEBUG - Generated SSH SYN from h3:4187 -> h5:22 [len=54B]
2025-09-12 18:16:34 - [BENIGN] - DEBUG - Generated SSH SYN-ACK from h5:22 <- h3:4187 [len=54B]
2025-09-12 18:16:35 - [BENIGN] - DEBUG - Generated SSH ACK from h3:4187 -> h5:22 [len=54B]
2025-09-12 18:16:35 - [BENIGN] - DEBUG - Generated SSH data traffic from h3:4187 -> h5:22 [content='SSH encrypted data'] [Session 4] [len=504B]
2025-09-12 18:16:36 - [BENIGN] - DEBUG - Generated SSH ACK reply from h5:22 <- h3:4187 [len=54B]
2025-09-12 18:16:36 - [BENIGN] - DEBUG - Generated FTP SYN from h3:36370 -> h5:21 [len=54B]
2025-09-12 18:16:37 - [BENIGN] - DEBUG - Generated FTP SYN-ACK from h5:21 <- h3:36370 [len=54B]
2025-09-12 18:16:38 - [BENIGN] - DEBUG - Generated FTP ACK from h3:36370 -> h5:21 [len=54B]
2025-09-12 18:16:38 - [BENIGN] - DEBUG - Generated FTP data traffic from h3:36370 -> h5:21 [content='FTP file transfer'] [Session 5] [len=770B]
2025-09-12 18:16:39 - [BENIGN] - DEBUG - Generated FTP ACK reply from h5:21 <- h3:36370 [len=54B]
2025-09-12 18:16:40 - [BENIGN] - DEBUG - Generated HTTP SYN from h3:39270 -> h5:80 [len=54B]
2025-09-12 18:16:40 - [BENIGN] - DEBUG - Generated HTTP SYN-ACK from h5:80 <- h3:39270 [len=54B]
2025-09-12 18:16:41 - [BENIGN] - DEBUG - Generated HTTP ACK from h3:39270 -> h5:80 [len=54B]
2025-09-12 18:16:42 - [BENIGN] - DEBUG - Generated HTTP data traffic from h3:39270 -> h5:80 [content='GET /index.html HTTP/1.1'] [Session 6] [len=290B]
2025-09-12 18:16:42 - [BENIGN] - DEBUG - Generated HTTP ACK reply from h5:80 <- h3:39270 [len=54B]
2025-09-12 18:16:43 - [BENIGN] - DEBUG - Generated HTTPS SYN from h3:40972 -> h5:443 [len=54B]
2025-09-12 18:16:43 - [BENIGN] - DEBUG - Generated HTTPS SYN-ACK from h5:443 <- h3:40972 [len=54B]
2025-09-12 18:16:44 - [BENIGN] - DEBUG - Generated HTTPS ACK from h3:40972 -> h5:443 [len=54B]
2025-09-12 18:16:45 - [BENIGN] - DEBUG - Generated HTTPS data traffic from h3:40972 -> h5:443 [content='Encrypted Application Data'] [Session 7] [len=706B]
2025-09-12 18:16:45 - [BENIGN] - DEBUG - Generated HTTPS ACK reply from h5:443 <- h3:40972 [len=54B]
2025-09-12 18:16:46 - [BENIGN] - DEBUG - Generated DNS query from h3:37675 -> h5:53 [qname='example.com'] [Session 8] [len=71B]
2025-09-12 18:16:46 - [BENIGN] - DEBUG - Generated ICMP traffic h2↔h5 1 [len=84B]
2025-09-12 18:16:47 - [BENIGN] - DEBUG - Generated TCP SYN from h3:48978 -> h5:12345 [len=54B]
2025-09-12 18:16:47 - [BENIGN] - DEBUG - Generated TCP SYN-ACK from h5:12345 <- h3:48978 [len=54B]
2025-09-12 18:16:48 - [BENIGN] - DEBUG - Generated TCP ACK from h3:48978 -> h5:12345 [len=54B]
2025-09-12 18:16:49 - [BENIGN] - DEBUG - Generated TCP data traffic from h3:48978 -> h5:12345 [content='TCP data'] [Session 9] [len=945B]
2025-09-12 18:16:49 - [BENIGN] - DEBUG - Generated TCP ACK reply from h5:12345 <- h3:48978 [len=54B]
2025-09-12 18:16:50 - [BENIGN] - DEBUG - Generated UDP traffic from h3:61441 -> h5:12346 [content='e200499dc069883eacdbaa1c2e3d9e9aa896ac24...'] [Session 10] [len=555B]
2025-09-12 18:16:50 - [BENIGN] - DEBUG - Generated Telnet SYN from h3:32241 -> h5:23 [len=54B]
2025-09-12 18:16:51 - [BENIGN] - DEBUG - Generated Telnet SYN-ACK from h5:23 <- h3:32241 [len=54B]
2025-09-12 18:16:52 - [BENIGN] - DEBUG - Generated Telnet ACK from h3:32241 -> h5:23 [len=54B]
2025-09-12 18:16:52 - [BENIGN] - DEBUG - Generated Telnet data traffic from h3:32241 -> h5:23 [content='Telnet command'] [Session 11] [len=1441B]
2025-09-12 18:16:53 - [BENIGN] - DEBUG - Generated Telnet ACK reply from h5:23 <- h3:32241 [len=54B]
2025-09-12 18:16:54 - [BENIGN] - DEBUG - Generated SSH SYN from h3:16610 -> h5:22 [len=54B]
2025-09-12 18:16:54 - [BENIGN] - DEBUG - Generated SSH SYN-ACK from h5:22 <- h3:16610 [len=54B]
2025-09-12 18:16:55 - [BENIGN] - DEBUG - Generated SSH ACK from h3:16610 -> h5:22 [len=54B]
2025-09-12 18:16:55 - [BENIGN] - DEBUG - Generated SSH data traffic from h3:16610 -> h5:22 [content='SSH encrypted data'] [Session 12] [len=1383B]
2025-09-12 18:16:56 - [BENIGN] - DEBUG - Generated SSH ACK reply from h5:22 <- h3:16610 [len=54B]
2025-09-12 18:16:57 - [BENIGN] - DEBUG - Generated FTP SYN from h3:35681 -> h5:21 [len=54B]
2025-09-12 18:16:57 - [BENIGN] - DEBUG - Generated FTP SYN-ACK from h5:21 <- h3:35681 [len=54B]
2025-09-12 18:16:58 - [BENIGN] - DEBUG - Generated FTP ACK from h3:35681 -> h5:21 [len=54B]
2025-09-12 18:16:59 - [BENIGN] - DEBUG - Generated FTP data traffic from h3:35681 -> h5:21 [content='FTP file transfer'] [Session 13] [len=109B]
2025-09-12 18:16:59 - [BENIGN] - DEBUG - Generated FTP ACK reply from h5:21 <- h3:35681 [len=54B]
2025-09-12 18:17:00 - [BENIGN] - DEBUG - Generated HTTP SYN from h3:39945 -> h5:80 [len=54B]
2025-09-12 18:17:00 - [BENIGN] - DEBUG - Generated HTTP SYN-ACK from h5:80 <- h3:39945 [len=54B]
2025-09-12 18:17:01 - [BENIGN] - DEBUG - Generated HTTP ACK from h3:39945 -> h5:80 [len=54B]
2025-09-12 18:17:02 - [BENIGN] - DEBUG - Generated HTTP data traffic from h3:39945 -> h5:80 [content='GET /index.html HTTP/1.1'] [Session 14] [len=501B]
2025-09-12 18:17:02 - [BENIGN] - DEBUG - Generated HTTP ACK reply from h5:80 <- h3:39945 [len=54B]
2025-09-12 18:17:03 - [BENIGN] - DEBUG - Generated HTTPS SYN from h3:30183 -> h5:443 [len=54B]
2025-09-12 18:17:04 - [BENIGN] - DEBUG - Generated HTTPS SYN-ACK from h5:443 <- h3:30183 [len=54B]
2025-09-12 18:17:04 - [BENIGN] - DEBUG - Generated HTTPS ACK from h3:30183 -> h5:443 [len=54B]
2025-09-12 18:17:05 - [BENIGN] - DEBUG - Generated HTTPS data traffic from h3:30183 -> h5:443 [content='Encrypted Application Data'] [Session 15] [len=497B]
2025-09-12 18:17:06 - [BENIGN] - DEBUG - Generated HTTPS ACK reply from h5:443 <- h3:30183 [len=54B]
2025-09-12 18:17:06 - [BENIGN] - DEBUG - Generated DNS query from h3:36774 -> h5:53 [qname='example.com'] [Session 16] [len=71B]
2025-09-12 18:17:06 - [BENIGN] - DEBUG - Generated ICMP traffic h2↔h5 2 [len=84B]
2025-09-12 18:17:07 - [BENIGN] - DEBUG - Generated TCP SYN from h3:2937 -> h5:12345 [len=54B]
2025-09-12 18:17:08 - [BENIGN] - DEBUG - Generated TCP SYN-ACK from h5:12345 <- h3:2937 [len=54B]
2025-09-12 18:17:08 - [BENIGN] - DEBUG - Generated TCP ACK from h3:2937 -> h5:12345 [len=54B]
2025-09-12 18:17:09 - [BENIGN] - DEBUG - Generated TCP data traffic from h3:2937 -> h5:12345 [content='TCP data'] [Session 17] [len=885B]
2025-09-12 18:17:09 - [BENIGN] - DEBUG - Generated TCP ACK reply from h5:12345 <- h3:2937 [len=54B]
2025-09-12 18:17:10 - [BENIGN] - DEBUG - Generated UDP traffic from h3:42460 -> h5:12346 [content='2089a3926b10af13303d588430061dfc1a1f52cd...'] [Session 18] [len=132B]
2025-09-12 18:17:11 - [BENIGN] - DEBUG - Generated Telnet SYN from h3:20739 -> h5:23 [len=54B]
2025-09-12 18:17:11 - [BENIGN] - DEBUG - Generated Telnet SYN-ACK from h5:23 <- h3:20739 [len=54B]
2025-09-12 18:17:12 - [BENIGN] - DEBUG - Generated Telnet ACK from h3:20739 -> h5:23 [len=54B]
2025-09-12 18:17:13 - [BENIGN] - DEBUG - Generated Telnet data traffic from h3:20739 -> h5:23 [content='Telnet command'] [Session 19] [len=419B]
2025-09-12 18:17:13 - [BENIGN] - DEBUG - Generated Telnet ACK reply from h5:23 <- h3:20739 [len=54B]
2025-09-12 18:17:14 - [BENIGN] - DEBUG - Generated SSH SYN from h3:28043 -> h5:22 [len=54B]
2025-09-12 18:17:14 - [BENIGN] - DEBUG - Generated SSH SYN-ACK from h5:22 <- h3:28043 [len=54B]
2025-09-12 18:17:15 - [BENIGN] - DEBUG - Generated SSH ACK from h3:28043 -> h5:22 [len=54B]
2025-09-12 18:17:16 - [BENIGN] - DEBUG - Generated SSH data traffic from h3:28043 -> h5:22 [content='SSH encrypted data'] [Session 20] [len=540B]
2025-09-12 18:17:16 - [BENIGN] - DEBUG - Generated SSH ACK reply from h5:22 <- h3:28043 [len=54B]
2025-09-12 18:17:17 - [BENIGN] - DEBUG - Generated FTP SYN from h3:54885 -> h5:21 [len=54B]
2025-09-12 18:17:18 - [BENIGN] - DEBUG - Generated FTP SYN-ACK from h5:21 <- h3:54885 [len=54B]
2025-09-12 18:17:18 - [BENIGN] - DEBUG - Generated FTP ACK from h3:54885 -> h5:21 [len=54B]
2025-09-12 18:17:19 - [BENIGN] - DEBUG - Generated FTP data traffic from h3:54885 -> h5:21 [content='FTP file transfer'] [Session 21] [len=1020B]
2025-09-12 18:17:19 - [BENIGN] - DEBUG - Generated FTP ACK reply from h5:21 <- h3:54885 [len=54B]
2025-09-12 18:17:20 - [BENIGN] - DEBUG - Generated HTTP SYN from h3:1925 -> h5:80 [len=54B]
2025-09-12 18:17:21 - [BENIGN] - DEBUG - Generated HTTP SYN-ACK from h5:80 <- h3:1925 [len=54B]
2025-09-12 18:17:21 - [BENIGN] - DEBUG - Generated HTTP ACK from h3:1925 -> h5:80 [len=54B]
2025-09-12 18:17:22 - [BENIGN] - DEBUG - Generated HTTP data traffic from h3:1925 -> h5:80 [content='GET /index.html HTTP/1.1'] [Session 22] [len=564B]
2025-09-12 18:17:23 - [BENIGN] - DEBUG - Generated HTTP ACK reply from h5:80 <- h3:1925 [len=54B]
2025-09-12 18:17:23 - [BENIGN] - DEBUG - Generated HTTPS SYN from h3:42389 -> h5:443 [len=54B]
2025-09-12 18:17:24 - [BENIGN] - DEBUG - Generated HTTPS SYN-ACK from h5:443 <- h3:42389 [len=54B]
2025-09-12 18:17:24 - [BENIGN] - DEBUG - Generated HTTPS ACK from h3:42389 -> h5:443 [len=54B]
2025-09-12 18:17:25 - [BENIGN] - DEBUG - Generated HTTPS data traffic from h3:42389 -> h5:443 [content='Encrypted Application Data'] [Session 23] [len=432B]
2025-09-12 18:17:26 - [BENIGN] - DEBUG - Generated HTTPS ACK reply from h5:443 <- h3:42389 [len=54B]
2025-09-12 18:17:26 - [BENIGN] - DEBUG - Generated DNS query from h3:22481 -> h5:53 [qname='example.com'] [Session 24] [len=71B]
2025-09-12 18:17:26 - [BENIGN] - DEBUG - Generated ICMP traffic h2↔h5 3 [len=84B]
2025-09-12 18:17:27 - [BENIGN] - DEBUG - Generated TCP SYN from h3:64012 -> h5:12345 [len=54B]
2025-09-12 18:17:28 - [BENIGN] - DEBUG - Generated TCP SYN-ACK from h5:12345 <- h3:64012 [len=54B]
2025-09-12 18:17:28 - [BENIGN] - DEBUG - Generated TCP ACK from h3:64012 -> h5:12345 [len=54B]
2025-09-12 18:17:29 - [BENIGN] - DEBUG - Generated TCP data traffic from h3:64012 -> h5:12345 [content='TCP data'] [Session 25] [len=851B]
2025-09-12 18:17:29 - [BENIGN] - DEBUG - Generated TCP ACK reply from h5:12345 <- h3:64012 [len=54B]
2025-09-12 18:17:30 - [BENIGN] - DEBUG - Generated UDP traffic from h3:23589 -> h5:12346 [content='efd364af5c866807a40da93592c6a909b0c029cd...'] [Session 26] [len=812B]
2025-09-12 18:17:31 - [BENIGN] - DEBUG - Generated Telnet SYN from h3:8923 -> h5:23 [len=54B]
2025-09-12 18:17:31 - [BENIGN] - DEBUG - Generated Telnet SYN-ACK from h5:23 <- h3:8923 [len=54B]
2025-09-12 18:17:32 - [BENIGN] - DEBUG - Generated Telnet ACK from h3:8923 -> h5:23 [len=54B]
2025-09-12 18:17:33 - [BENIGN] - DEBUG - Generated Telnet data traffic from h3:8923 -> h5:23 [content='Telnet command'] [Session 27] [len=800B]
2025-09-12 18:17:33 - [BENIGN] - DEBUG - Generated Telnet ACK reply from h5:23 <- h3:8923 [len=54B]
2025-09-12 18:17:34 - [BENIGN] - DEBUG - Generated SSH SYN from h3:32614 -> h5:22 [len=54B]
2025-09-12 18:17:34 - [BENIGN] - DEBUG - Generated SSH SYN-ACK from h5:22 <- h3:32614 [len=54B]
2025-09-12 18:17:35 - [BENIGN] - DEBUG - Generated SSH ACK from h3:32614 -> h5:22 [len=54B]
2025-09-12 18:17:36 - [BENIGN] - DEBUG - Generated SSH data traffic from h3:32614 -> h5:22 [content='SSH encrypted data'] [Session 28] [len=1415B]
2025-09-12 18:17:36 - [BENIGN] - DEBUG - Generated SSH ACK reply from h5:22 <- h3:32614 [len=54B]
2025-09-12 18:17:37 - [BENIGN] - DEBUG - Generated FTP SYN from h3:11996 -> h5:21 [len=54B]
2025-09-12 18:17:37 - [BENIGN] - DEBUG - Generated FTP SYN-ACK from h5:21 <- h3:11996 [len=54B]
2025-09-12 18:17:38 - [BENIGN] - DEBUG - Generated FTP ACK from h3:11996 -> h5:21 [len=54B]
2025-09-12 18:17:39 - [BENIGN] - DEBUG - Generated FTP data traffic from h3:11996 -> h5:21 [content='FTP file transfer'] [Session 29] [len=173B]
2025-09-12 18:17:39 - [BENIGN] - DEBUG - Generated FTP ACK reply from h5:21 <- h3:11996 [len=54B]
2025-09-12 18:17:40 - [BENIGN] - DEBUG - Generated HTTP SYN from h3:13368 -> h5:80 [len=54B]
2025-09-12 18:17:41 - [BENIGN] - DEBUG - Generated HTTP SYN-ACK from h5:80 <- h3:13368 [len=54B]
2025-09-12 18:17:41 - [BENIGN] - DEBUG - Generated HTTP ACK from h3:13368 -> h5:80 [len=54B]
2025-09-12 18:17:42 - [BENIGN] - DEBUG - Generated HTTP data traffic from h3:13368 -> h5:80 [content='GET /index.html HTTP/1.1'] [Session 30] [len=571B]
2025-09-12 18:17:42 - [BENIGN] - DEBUG - Generated HTTP ACK reply from h5:80 <- h3:13368 [len=54B]
2025-09-12 18:17:43 - [BENIGN] - DEBUG - Generated HTTPS SYN from h3:49676 -> h5:443 [len=54B]
2025-09-12 18:17:44 - [BENIGN] - DEBUG - Generated HTTPS SYN-ACK from h5:443 <- h3:49676 [len=54B]
2025-09-12 18:17:44 - [BENIGN] - DEBUG - Generated HTTPS ACK from h3:49676 -> h5:443 [len=54B]
2025-09-12 18:17:45 - [BENIGN] - DEBUG - Generated HTTPS data traffic from h3:49676 -> h5:443 [content='Encrypted Application Data'] [Session 31] [len=300B]
2025-09-12 18:17:46 - [BENIGN] - DEBUG - Generated HTTPS ACK reply from h5:443 <- h3:49676 [len=54B]
2025-09-12 18:17:46 - [BENIGN] - DEBUG - Generated DNS query from h3:3459 -> h5:53 [qname='example.com'] [Session 32] [len=71B]
2025-09-12 18:17:46 - [BENIGN] - DEBUG - Generated ICMP traffic h2↔h5 4 [len=84B]
2025-09-12 18:17:47 - [BENIGN] - DEBUG - Generated TCP SYN from h3:51284 -> h5:12345 [len=54B]
2025-09-12 18:17:47 - [BENIGN] - DEBUG - Generated TCP SYN-ACK from h5:12345 <- h3:51284 [len=54B]
2025-09-12 18:17:48 - [BENIGN] - DEBUG - Generated TCP ACK from h3:51284 -> h5:12345 [len=54B]
2025-09-12 18:17:49 - [BENIGN] - DEBUG - Generated TCP data traffic from h3:51284 -> h5:12345 [content='TCP data'] [Session 33] [len=1133B]
2025-09-12 18:17:49 - [BENIGN] - DEBUG - Generated TCP ACK reply from h5:12345 <- h3:51284 [len=54B]
2025-09-12 18:17:50 - [BENIGN] - DEBUG - Generated UDP traffic from h3:53773 -> h5:12346 [content='0b65acfdb8fb68b388c04e58c28c814f94cd7c52...'] [Session 34] [len=1442B]
2025-09-12 18:17:51 - [BENIGN] - DEBUG - Generated Telnet SYN from h3:61066 -> h5:23 [len=54B]
2025-09-12 18:17:51 - [BENIGN] - DEBUG - Generated Telnet SYN-ACK from h5:23 <- h3:61066 [len=54B]
2025-09-12 18:17:52 - [BENIGN] - DEBUG - Generated Telnet ACK from h3:61066 -> h5:23 [len=54B]
2025-09-12 18:17:52 - [BENIGN] - DEBUG - Generated Telnet data traffic from h3:61066 -> h5:23 [content='Telnet command'] [Session 35] [len=867B]
2025-09-12 18:17:53 - [BENIGN] - DEBUG - Generated Telnet ACK reply from h5:23 <- h3:61066 [len=54B]
2025-09-12 18:17:54 - [BENIGN] - DEBUG - Generated SSH SYN from h3:33575 -> h5:22 [len=54B]
2025-09-12 18:17:54 - [BENIGN] - DEBUG - Generated SSH SYN-ACK from h5:22 <- h3:33575 [len=54B]
2025-09-12 18:17:55 - [BENIGN] - DEBUG - Generated SSH ACK from h3:33575 -> h5:22 [len=54B]
2025-09-12 18:17:56 - [BENIGN] - DEBUG - Generated SSH data traffic from h3:33575 -> h5:22 [content='SSH encrypted data'] [Session 36] [len=943B]
2025-09-12 18:17:56 - [BENIGN] - DEBUG - Generated SSH ACK reply from h5:22 <- h3:33575 [len=54B]
2025-09-12 18:17:57 - [BENIGN] - DEBUG - Generated FTP SYN from h3:63151 -> h5:21 [len=54B]
2025-09-12 18:17:58 - [BENIGN] - DEBUG - Generated FTP SYN-ACK from h5:21 <- h3:63151 [len=54B]
2025-09-12 18:17:58 - [BENIGN] - DEBUG - Generated FTP ACK from h3:63151 -> h5:21 [len=54B]
2025-09-12 18:17:59 - [BENIGN] - DEBUG - Generated FTP data traffic from h3:63151 -> h5:21 [content='FTP file transfer'] [Session 37] [len=317B]
2025-09-12 18:17:59 - [BENIGN] - DEBUG - Generated FTP ACK reply from h5:21 <- h3:63151 [len=54B]
2025-09-12 18:18:00 - [BENIGN] - DEBUG - Generated HTTP SYN from h3:28166 -> h5:80 [len=54B]
2025-09-12 18:18:01 - [BENIGN] - DEBUG - Generated HTTP SYN-ACK from h5:80 <- h3:28166 [len=54B]
2025-09-12 18:18:01 - [BENIGN] - DEBUG - Generated HTTP ACK from h3:28166 -> h5:80 [len=54B]
2025-09-12 18:18:02 - [BENIGN] - DEBUG - Generated HTTP data traffic from h3:28166 -> h5:80 [content='GET /index.html HTTP/1.1'] [Session 38] [len=495B]
2025-09-12 18:18:03 - [BENIGN] - DEBUG - Generated HTTP ACK reply from h5:80 <- h3:28166 [len=54B]
2025-09-12 18:18:03 - [BENIGN] - DEBUG - Generated HTTPS SYN from h3:4099 -> h5:443 [len=54B]
2025-09-12 18:18:04 - [BENIGN] - DEBUG - Generated HTTPS SYN-ACK from h5:443 <- h3:4099 [len=54B]
2025-09-12 18:18:04 - [BENIGN] - DEBUG - Generated HTTPS ACK from h3:4099 -> h5:443 [len=54B]
2025-09-12 18:18:05 - [BENIGN] - DEBUG - Generated HTTPS data traffic from h3:4099 -> h5:443 [content='Encrypted Application Data'] [Session 39] [len=348B]
2025-09-12 18:18:06 - [BENIGN] - DEBUG - Generated HTTPS ACK reply from h5:443 <- h3:4099 [len=54B]
2025-09-12 18:18:06 - [BENIGN] - DEBUG - Generated DNS query from h3:43902 -> h5:53 [qname='example.com'] [Session 40] [len=71B]
2025-09-12 18:18:06 - [BENIGN] - DEBUG - Generated ICMP traffic h2↔h5 5 [len=84B]
2025-09-12 18:18:07 - [BENIGN] - DEBUG - Generated TCP SYN from h3:61730 -> h5:12345 [len=54B]
2025-09-12 18:18:08 - [BENIGN] - DEBUG - Generated TCP SYN-ACK from h5:12345 <- h3:61730 [len=54B]
2025-09-12 18:18:08 - [BENIGN] - DEBUG - Generated TCP ACK from h3:61730 -> h5:12345 [len=54B]
2025-09-12 18:18:09 - [BENIGN] - DEBUG - Generated TCP data traffic from h3:61730 -> h5:12345 [content='TCP data'] [Session 41] [len=1097B]
2025-09-12 18:18:10 - [BENIGN] - DEBUG - Generated TCP ACK reply from h5:12345 <- h3:61730 [len=54B]
2025-09-12 18:18:10 - [BENIGN] - DEBUG - Generated UDP traffic from h3:34780 -> h5:12346 [content='246177a0dad9f59b87d98582930bda7f25492874...'] [Session 42] [len=1095B]
2025-09-12 18:18:11 - [BENIGN] - DEBUG - Generated Telnet SYN from h3:4799 -> h5:23 [len=54B]
2025-09-12 18:18:11 - [BENIGN] - DEBUG - Generated Telnet SYN-ACK from h5:23 <- h3:4799 [len=54B]
2025-09-12 18:18:12 - [BENIGN] - DEBUG - Generated Telnet ACK from h3:4799 -> h5:23 [len=54B]
2025-09-12 18:18:13 - [BENIGN] - DEBUG - Generated Telnet data traffic from h3:4799 -> h5:23 [content='Telnet command'] [Session 43] [len=665B]
2025-09-12 18:18:13 - [BENIGN] - DEBUG - Generated Telnet ACK reply from h5:23 <- h3:4799 [len=54B]
2025-09-12 18:18:14 - [BENIGN] - DEBUG - Generated SSH SYN from h3:39502 -> h5:22 [len=54B]
2025-09-12 18:18:15 - [BENIGN] - DEBUG - Generated SSH SYN-ACK from h5:22 <- h3:39502 [len=54B]
2025-09-12 18:18:15 - [BENIGN] - DEBUG - Generated SSH ACK from h3:39502 -> h5:22 [len=54B]
2025-09-12 18:18:16 - [BENIGN] - DEBUG - Generated SSH data traffic from h3:39502 -> h5:22 [content='SSH encrypted data'] [Session 44] [len=591B]
2025-09-12 18:18:16 - [BENIGN] - DEBUG - Generated SSH ACK reply from h5:22 <- h3:39502 [len=54B]
2025-09-12 18:18:17 - [BENIGN] - DEBUG - Generated FTP SYN from h3:28230 -> h5:21 [len=54B]
2025-09-12 18:18:18 - [BENIGN] - DEBUG - Generated FTP SYN-ACK from h5:21 <- h3:28230 [len=54B]
2025-09-12 18:18:18 - [BENIGN] - DEBUG - Generated FTP ACK from h3:28230 -> h5:21 [len=54B]
2025-09-12 18:18:19 - [BENIGN] - DEBUG - Generated FTP data traffic from h3:28230 -> h5:21 [content='FTP file transfer'] [Session 45] [len=707B]
2025-09-12 18:18:20 - [BENIGN] - DEBUG - Generated FTP ACK reply from h5:21 <- h3:28230 [len=54B]
2025-09-12 18:18:20 - [BENIGN] - DEBUG - Generated HTTP SYN from h3:36533 -> h5:80 [len=54B]
2025-09-12 18:18:21 - [BENIGN] - DEBUG - Generated HTTP SYN-ACK from h5:80 <- h3:36533 [len=54B]
2025-09-12 18:18:21 - [BENIGN] - DEBUG - Generated HTTP ACK from h3:36533 -> h5:80 [len=54B]
2025-09-12 18:18:22 - [BENIGN] - DEBUG - Generated HTTP data traffic from h3:36533 -> h5:80 [content='GET /index.html HTTP/1.1'] [Session 46] [len=432B]
2025-09-12 18:18:23 - [BENIGN] - DEBUG - Generated HTTP ACK reply from h5:80 <- h3:36533 [len=54B]
2025-09-12 18:18:23 - [BENIGN] - DEBUG - Generated HTTPS SYN from h3:50344 -> h5:443 [len=54B]
2025-09-12 18:18:24 - [BENIGN] - DEBUG - Generated HTTPS SYN-ACK from h5:443 <- h3:50344 [len=54B]
2025-09-12 18:18:25 - [BENIGN] - DEBUG - Generated HTTPS ACK from h3:50344 -> h5:443 [len=54B]
2025-09-12 18:18:25 - [BENIGN] - DEBUG - Generated HTTPS data traffic from h3:50344 -> h5:443 [content='Encrypted Application Data'] [Session 47] [len=626B]
2025-09-12 18:18:26 - [BENIGN] - DEBUG - Generated HTTPS ACK reply from h5:443 <- h3:50344 [len=54B]
2025-09-12 18:18:27 - [BENIGN] - DEBUG - Generated DNS query from h3:27280 -> h5:53 [qname='example.com'] [Session 48] [len=71B]
2025-09-12 18:18:27 - [BENIGN] - DEBUG - Generated ICMP traffic h2↔h5 6 [len=84B]
2025-09-12 18:18:27 - [BENIGN] - DEBUG - Generated TCP SYN from h3:55944 -> h5:12345 [len=54B]
2025-09-12 18:18:28 - [BENIGN] - DEBUG - Generated TCP SYN-ACK from h5:12345 <- h3:55944 [len=54B]
2025-09-12 18:18:29 - [BENIGN] - DEBUG - Generated TCP ACK from h3:55944 -> h5:12345 [len=54B]
2025-09-12 18:18:29 - [BENIGN] - DEBUG - Generated TCP data traffic from h3:55944 -> h5:12345 [content='TCP data'] [Session 49] [len=601B]
2025-09-12 18:18:30 - [BENIGN] - DEBUG - Generated TCP ACK reply from h5:12345 <- h3:55944 [len=54B]
2025-09-12 18:18:31 - [BENIGN] - DEBUG - Generated UDP traffic from h3:38867 -> h5:12346 [content='0aaadabec0e14f23cbf6c05233aee0eef1b49c15...'] [Session 50] [len=950B]
2025-09-12 18:18:31 - [BENIGN] - DEBUG - Generated Telnet SYN from h3:3521 -> h5:23 [len=54B]
2025-09-12 18:18:32 - [BENIGN] - DEBUG - Generated Telnet SYN-ACK from h5:23 <- h3:3521 [len=54B]
2025-09-12 18:18:32 - [BENIGN] - DEBUG - Generated Telnet ACK from h3:3521 -> h5:23 [len=54B]
2025-09-12 18:18:33 - [BENIGN] - DEBUG - Generated Telnet data traffic from h3:3521 -> h5:23 [content='Telnet command'] [Session 51] [len=276B]
2025-09-12 18:18:34 - [BENIGN] - DEBUG - Generated Telnet ACK reply from h5:23 <- h3:3521 [len=54B]
2025-09-12 18:18:34 - [BENIGN] - DEBUG - Generated SSH SYN from h3:62903 -> h5:22 [len=54B]
2025-09-12 18:18:35 - [BENIGN] - DEBUG - Generated SSH SYN-ACK from h5:22 <- h3:62903 [len=54B]
2025-09-12 18:18:36 - [BENIGN] - DEBUG - Generated SSH ACK from h3:62903 -> h5:22 [len=54B]
2025-09-12 18:18:36 - [BENIGN] - DEBUG - Generated SSH data traffic from h3:62903 -> h5:22 [content='SSH encrypted data'] [Session 52] [len=1159B]
2025-09-12 18:18:37 - [BENIGN] - DEBUG - Generated SSH ACK reply from h5:22 <- h3:62903 [len=54B]
2025-09-12 18:18:37 - [BENIGN] - DEBUG - Generated FTP SYN from h3:2110 -> h5:21 [len=54B]
2025-09-12 18:18:38 - [BENIGN] - DEBUG - Generated FTP SYN-ACK from h5:21 <- h3:2110 [len=54B]
2025-09-12 18:18:39 - [BENIGN] - DEBUG - Generated FTP ACK from h3:2110 -> h5:21 [len=54B]
2025-09-12 18:18:39 - [BENIGN] - DEBUG - Generated FTP data traffic from h3:2110 -> h5:21 [content='FTP file transfer'] [Session 53] [len=377B]
2025-09-12 18:18:40 - [BENIGN] - DEBUG - Generated FTP ACK reply from h5:21 <- h3:2110 [len=54B]
2025-09-12 18:18:41 - [BENIGN] - DEBUG - Generated HTTP SYN from h3:51649 -> h5:80 [len=54B]
2025-09-12 18:18:41 - [BENIGN] - DEBUG - Generated HTTP SYN-ACK from h5:80 <- h3:51649 [len=54B]
2025-09-12 18:18:42 - [BENIGN] - DEBUG - Generated HTTP ACK from h3:51649 -> h5:80 [len=54B]
2025-09-12 18:18:42 - [BENIGN] - DEBUG - Generated HTTP data traffic from h3:51649 -> h5:80 [content='GET /index.html HTTP/1.1'] [Session 54] [len=547B]
2025-09-12 18:18:43 - [BENIGN] - DEBUG - Generated HTTP ACK reply from h5:80 <- h3:51649 [len=54B]
2025-09-12 18:18:44 - [BENIGN] - DEBUG - Generated HTTPS SYN from h3:22074 -> h5:443 [len=54B]
2025-09-12 18:18:44 - [BENIGN] - DEBUG - Generated HTTPS SYN-ACK from h5:443 <- h3:22074 [len=54B]
2025-09-12 18:18:45 - [BENIGN] - DEBUG - Generated HTTPS ACK from h3:22074 -> h5:443 [len=54B]
2025-09-12 18:18:46 - [BENIGN] - DEBUG - Generated HTTPS data traffic from h3:22074 -> h5:443 [content='Encrypted Application Data'] [Session 55] [len=683B]
2025-09-12 18:18:46 - [BENIGN] - DEBUG - Generated HTTPS ACK reply from h5:443 <- h3:22074 [len=54B]
2025-09-12 18:18:47 - [BENIGN] - DEBUG - Generated DNS query from h3:21448 -> h5:53 [qname='example.com'] [Session 56] [len=71B]
2025-09-12 18:18:47 - [BENIGN] - DEBUG - Generated ICMP traffic h2↔h5 7 [len=84B]
2025-09-12 18:18:48 - [BENIGN] - DEBUG - Generated TCP SYN from h3:35092 -> h5:12345 [len=54B]
2025-09-12 18:18:48 - [BENIGN] - DEBUG - Generated TCP SYN-ACK from h5:12345 <- h3:35092 [len=54B]
2025-09-12 18:18:49 - [BENIGN] - DEBUG - Generated TCP ACK from h3:35092 -> h5:12345 [len=54B]
2025-09-12 18:18:50 - [BENIGN] - DEBUG - Generated TCP data traffic from h3:35092 -> h5:12345 [content='TCP data'] [Session 57] [len=167B]
2025-09-12 18:18:50 - [BENIGN] - DEBUG - Generated TCP ACK reply from h5:12345 <- h3:35092 [len=54B]
2025-09-12 18:18:51 - [BENIGN] - DEBUG - Generated UDP traffic from h3:32766 -> h5:12346 [content='ff52514b86df03e04675115be037c43e78222714...'] [Session 58] [len=573B]
2025-09-12 18:18:52 - [BENIGN] - DEBUG - Generated Telnet SYN from h3:16716 -> h5:23 [len=54B]
2025-09-12 18:18:52 - [BENIGN] - DEBUG - Generated Telnet SYN-ACK from h5:23 <- h3:16716 [len=54B]
2025-09-12 18:18:53 - [BENIGN] - DEBUG - Generated Telnet ACK from h3:16716 -> h5:23 [len=54B]
2025-09-12 18:18:53 - [BENIGN] - DEBUG - Generated Telnet data traffic from h3:16716 -> h5:23 [content='Telnet command'] [Session 59] [len=189B]
2025-09-12 18:18:54 - [BENIGN] - DEBUG - Generated Telnet ACK reply from h5:23 <- h3:16716 [len=54B]
2025-09-12 18:18:55 - [BENIGN] - DEBUG - Generated SSH SYN from h3:31178 -> h5:22 [len=54B]
2025-09-12 18:18:55 - [BENIGN] - DEBUG - Generated SSH SYN-ACK from h5:22 <- h3:31178 [len=54B]
2025-09-12 18:18:56 - [BENIGN] - DEBUG - Generated SSH ACK from h3:31178 -> h5:22 [len=54B]
2025-09-12 18:18:57 - [BENIGN] - DEBUG - Generated SSH data traffic from h3:31178 -> h5:22 [content='SSH encrypted data'] [Session 60] [len=489B]
2025-09-12 18:18:57 - [BENIGN] - DEBUG - Generated SSH ACK reply from h5:22 <- h3:31178 [len=54B]
2025-09-12 18:18:58 - [BENIGN] - DEBUG - Generated FTP SYN from h3:3638 -> h5:21 [len=54B]
2025-09-12 18:18:58 - [BENIGN] - DEBUG - Generated FTP SYN-ACK from h5:21 <- h3:3638 [len=54B]
2025-09-12 18:18:59 - [BENIGN] - DEBUG - Generated FTP ACK from h3:3638 -> h5:21 [len=54B]
2025-09-12 18:19:00 - [BENIGN] - DEBUG - Generated FTP data traffic from h3:3638 -> h5:21 [content='FTP file transfer'] [Session 61] [len=1492B]
2025-09-12 18:19:00 - [BENIGN] - DEBUG - Generated FTP ACK reply from h5:21 <- h3:3638 [len=54B]
2025-09-12 18:19:01 - [BENIGN] - DEBUG - Generated HTTP SYN from h3:3976 -> h5:80 [len=54B]
2025-09-12 18:19:01 - [BENIGN] - DEBUG - Generated HTTP SYN-ACK from h5:80 <- h3:3976 [len=54B]
2025-09-12 18:19:02 - [BENIGN] - DEBUG - Generated HTTP ACK from h3:3976 -> h5:80 [len=54B]
2025-09-12 18:19:03 - [BENIGN] - DEBUG - Generated HTTP data traffic from h3:3976 -> h5:80 [content='GET /index.html HTTP/1.1'] [Session 62] [len=288B]
2025-09-12 18:19:03 - [BENIGN] - DEBUG - Generated HTTP ACK reply from h5:80 <- h3:3976 [len=54B]
2025-09-12 18:19:04 - [BENIGN] - DEBUG - Generated HTTPS SYN from h3:12438 -> h5:443 [len=54B]
2025-09-12 18:19:05 - [BENIGN] - DEBUG - Generated HTTPS SYN-ACK from h5:443 <- h3:12438 [len=54B]
2025-09-12 18:19:05 - [BENIGN] - DEBUG - Generated HTTPS ACK from h3:12438 -> h5:443 [len=54B]
2025-09-12 18:19:06 - [BENIGN] - DEBUG - Generated HTTPS data traffic from h3:12438 -> h5:443 [content='Encrypted Application Data'] [Session 63] [len=372B]
2025-09-12 18:19:06 - [BENIGN] - DEBUG - Generated HTTPS ACK reply from h5:443 <- h3:12438 [len=54B]
2025-09-12 18:19:07 - [BENIGN] - DEBUG - Generated DNS query from h3:49483 -> h5:53 [qname='example.com'] [Session 64] [len=71B]
2025-09-12 18:19:07 - [BENIGN] - DEBUG - Generated ICMP traffic h2↔h5 8 [len=84B]
2025-09-12 18:19:08 - [BENIGN] - DEBUG - Generated TCP SYN from h3:46486 -> h5:12345 [len=54B]
2025-09-12 18:19:08 - [BENIGN] - DEBUG - Generated TCP SYN-ACK from h5:12345 <- h3:46486 [len=54B]
2025-09-12 18:19:09 - [BENIGN] - DEBUG - Generated TCP ACK from h3:46486 -> h5:12345 [len=54B]
2025-09-12 18:19:10 - [BENIGN] - DEBUG - Generated TCP data traffic from h3:46486 -> h5:12345 [content='TCP data'] [Session 65] [len=1214B]
2025-09-12 18:19:10 - [BENIGN] - DEBUG - Generated TCP ACK reply from h5:12345 <- h3:46486 [len=54B]
2025-09-12 18:19:11 - [BENIGN] - DEBUG - Generated UDP traffic from h3:18778 -> h5:12346 [content='88199e527b344ec76a7cdf987148d0287bc0da3b...'] [Session 66] [len=756B]
2025-09-12 18:19:11 - [BENIGN] - DEBUG - Generated Telnet SYN from h3:4880 -> h5:23 [len=54B]
2025-09-12 18:19:12 - [BENIGN] - DEBUG - Generated Telnet SYN-ACK from h5:23 <- h3:4880 [len=54B]
2025-09-12 18:19:13 - [BENIGN] - DEBUG - Generated Telnet ACK from h3:4880 -> h5:23 [len=54B]
2025-09-12 18:19:13 - [BENIGN] - DEBUG - Generated Telnet data traffic from h3:4880 -> h5:23 [content='Telnet command'] [Session 67] [len=421B]
2025-09-12 18:19:14 - [BENIGN] - DEBUG - Generated Telnet ACK reply from h5:23 <- h3:4880 [len=54B]
2025-09-12 18:19:15 - [BENIGN] - DEBUG - Generated SSH SYN from h3:41468 -> h5:22 [len=54B]
2025-09-12 18:19:15 - [BENIGN] - DEBUG - Generated SSH SYN-ACK from h5:22 <- h3:41468 [len=54B]
2025-09-12 18:19:16 - [BENIGN] - DEBUG - Generated SSH ACK from h3:41468 -> h5:22 [len=54B]
2025-09-12 18:19:16 - [BENIGN] - DEBUG - Generated SSH data traffic from h3:41468 -> h5:22 [content='SSH encrypted data'] [Session 68] [len=1308B]
2025-09-12 18:19:17 - [BENIGN] - DEBUG - Generated SSH ACK reply from h5:22 <- h3:41468 [len=54B]
2025-09-12 18:19:18 - [BENIGN] - DEBUG - Generated FTP SYN from h3:18620 -> h5:21 [len=54B]
2025-09-12 18:19:18 - [BENIGN] - DEBUG - Generated FTP SYN-ACK from h5:21 <- h3:18620 [len=54B]
2025-09-12 18:19:19 - [BENIGN] - DEBUG - Generated FTP ACK from h3:18620 -> h5:21 [len=54B]
2025-09-12 18:19:20 - [BENIGN] - DEBUG - Generated FTP data traffic from h3:18620 -> h5:21 [content='FTP file transfer'] [Session 69] [len=1451B]
2025-09-12 18:19:20 - [BENIGN] - DEBUG - Generated FTP ACK reply from h5:21 <- h3:18620 [len=54B]
2025-09-12 18:19:21 - [BENIGN] - DEBUG - Generated HTTP SYN from h3:12416 -> h5:80 [len=54B]
2025-09-12 18:19:21 - [BENIGN] - DEBUG - Generated HTTP SYN-ACK from h5:80 <- h3:12416 [len=54B]
2025-09-12 18:19:22 - [BENIGN] - DEBUG - Generated HTTP ACK from h3:12416 -> h5:80 [len=54B]
2025-09-12 18:19:23 - [BENIGN] - DEBUG - Generated HTTP data traffic from h3:12416 -> h5:80 [content='GET /index.html HTTP/1.1'] [Session 70] [len=555B]
2025-09-12 18:19:23 - [BENIGN] - DEBUG - Generated HTTP ACK reply from h5:80 <- h3:12416 [len=54B]
2025-09-12 18:19:24 - [BENIGN] - DEBUG - Generated HTTPS SYN from h3:1236 -> h5:443 [len=54B]
2025-09-12 18:19:25 - [BENIGN] - DEBUG - Generated HTTPS SYN-ACK from h5:443 <- h3:1236 [len=54B]
2025-09-12 18:19:25 - [BENIGN] - DEBUG - Generated HTTPS ACK from h3:1236 -> h5:443 [len=54B]
2025-09-12 18:19:26 - [BENIGN] - DEBUG - Generated HTTPS data traffic from h3:1236 -> h5:443 [content='Encrypted Application Data'] [Session 71] [len=333B]
2025-09-12 18:19:26 - [BENIGN] - DEBUG - Generated HTTPS ACK reply from h5:443 <- h3:1236 [len=54B]
2025-09-12 18:19:27 - [BENIGN] - DEBUG - Generated DNS query from h3:21346 -> h5:53 [qname='example.com'] [Session 72] [len=71B]
2025-09-12 18:19:27 - [BENIGN] - DEBUG - Generated ICMP traffic h2↔h5 9 [len=84B]
2025-09-12 18:19:28 - [BENIGN] - DEBUG - Generated TCP SYN from h3:27690 -> h5:12345 [len=54B]
2025-09-12 18:19:28 - [BENIGN] - DEBUG - Generated TCP SYN-ACK from h5:12345 <- h3:27690 [len=54B]
2025-09-12 18:19:29 - [BENIGN] - DEBUG - Generated TCP ACK from h3:27690 -> h5:12345 [len=54B]
2025-09-12 18:19:30 - [BENIGN] - DEBUG - Generated TCP data traffic from h3:27690 -> h5:12345 [content='TCP data'] [Session 73] [len=616B]
2025-09-12 18:19:30 - [BENIGN] - DEBUG - Generated TCP ACK reply from h5:12345 <- h3:27690 [len=54B]
2025-09-12 18:19:31 - [BENIGN] - DEBUG - Generated UDP traffic from h3:35931 -> h5:12346 [content='d11d2d79f5f82addca44c2f2c6180fd2743cfab3...'] [Session 74] [len=654B]
2025-09-12 18:19:32 - [BENIGN] - DEBUG - Generated Telnet SYN from h3:45318 -> h5:23 [len=54B]
2025-09-12 18:19:32 - [BENIGN] - DEBUG - Generated Telnet SYN-ACK from h5:23 <- h3:45318 [len=54B]
2025-09-12 18:19:33 - [BENIGN] - DEBUG - Generated Telnet ACK from h3:45318 -> h5:23 [len=54B]
2025-09-12 18:19:33 - [BENIGN] - DEBUG - Generated Telnet data traffic from h3:45318 -> h5:23 [content='Telnet command'] [Session 75] [len=906B]
2025-09-12 18:19:34 - [BENIGN] - DEBUG - Generated Telnet ACK reply from h5:23 <- h3:45318 [len=54B]
2025-09-12 18:19:35 - [BENIGN] - DEBUG - Generated SSH SYN from h3:42372 -> h5:22 [len=54B]
2025-09-12 18:19:35 - [BENIGN] - DEBUG - Generated SSH SYN-ACK from h5:22 <- h3:42372 [len=54B]
2025-09-12 18:19:36 - [BENIGN] - DEBUG - Generated SSH ACK from h3:42372 -> h5:22 [len=54B]
2025-09-12 18:19:37 - [BENIGN] - DEBUG - Generated SSH data traffic from h3:42372 -> h5:22 [content='SSH encrypted data'] [Session 76] [len=1489B]
2025-09-12 18:19:37 - [BENIGN] - DEBUG - Generated SSH ACK reply from h5:22 <- h3:42372 [len=54B]
2025-09-12 18:19:38 - [BENIGN] - DEBUG - Generated FTP SYN from h3:9658 -> h5:21 [len=54B]
2025-09-12 18:19:38 - [BENIGN] - DEBUG - Generated FTP SYN-ACK from h5:21 <- h3:9658 [len=54B]
2025-09-12 18:19:39 - [BENIGN] - DEBUG - Generated FTP ACK from h3:9658 -> h5:21 [len=54B]
2025-09-12 18:19:40 - [BENIGN] - DEBUG - Generated FTP data traffic from h3:9658 -> h5:21 [content='FTP file transfer'] [Session 77] [len=646B]
2025-09-12 18:19:40 - [BENIGN] - DEBUG - Generated FTP ACK reply from h5:21 <- h3:9658 [len=54B]
2025-09-12 18:19:41 - [BENIGN] - DEBUG - Generated HTTP SYN from h3:3881 -> h5:80 [len=54B]
2025-09-12 18:19:42 - [BENIGN] - DEBUG - Generated HTTP SYN-ACK from h5:80 <- h3:3881 [len=54B]
2025-09-12 18:19:42 - [BENIGN] - DEBUG - Generated HTTP ACK from h3:3881 -> h5:80 [len=54B]
2025-09-12 18:19:43 - [BENIGN] - DEBUG - Generated HTTP data traffic from h3:3881 -> h5:80 [content='GET /index.html HTTP/1.1'] [Session 78] [len=506B]
2025-09-12 18:19:43 - [BENIGN] - DEBUG - Generated HTTP ACK reply from h5:80 <- h3:3881 [len=54B]
2025-09-12 18:19:44 - [BENIGN] - DEBUG - Generated HTTPS SYN from h3:10265 -> h5:443 [len=54B]
2025-09-12 18:19:45 - [BENIGN] - DEBUG - Generated HTTPS SYN-ACK from h5:443 <- h3:10265 [len=54B]
2025-09-12 18:19:45 - [BENIGN] - DEBUG - Generated HTTPS ACK from h3:10265 -> h5:443 [len=54B]
2025-09-12 18:19:46 - [BENIGN] - DEBUG - Generated HTTPS data traffic from h3:10265 -> h5:443 [content='Encrypted Application Data'] [Session 79] [len=690B]
2025-09-12 18:19:47 - [BENIGN] - DEBUG - Generated HTTPS ACK reply from h5:443 <- h3:10265 [len=54B]
2025-09-12 18:19:47 - [BENIGN] - DEBUG - Generated DNS query from h3:63829 -> h5:53 [qname='example.com'] [Session 80] [len=71B]
2025-09-12 18:19:47 - [BENIGN] - INFO - Benign traffic finished.
2025-09-12 18:19:47 - [BENIGN] - INFO - Summary: 80 protocol sessions with protocol separation:
2025-09-12 18:19:47 - [BENIGN] - INFO -   - h2↔h5: ICMP ping traffic
2025-09-12 18:19:47 - [BENIGN] - INFO -   - h3↔h5: TCP/UDP traffic [TCP, UDP, Telnet, SSH, FTP, HTTP, HTTPS, DNS]
2025-09-12 18:19:47 - [BENIGN] - INFO - Total packets sent: 340
