2025-09-12 20:25:45,999 - attack_logger - INFO - Attack: Enhanced SYN Flood (11s) | h1 -> h6
2025-09-12 20:25:48,516 - attack_logger - INFO - [syn_flood] [Run ID: e407d811-b577-4010-baa9-6766d4c9fb25] Starting Enhanced SYN Flood from h1 to 192.168.30.10 for 11 seconds.
2025-09-12 20:25:48,516 - attack_logger - INFO - [syn_flood] [Run ID: e407d811-b577-4010-baa9-6766d4c9fb25] Attack Phase: Enhanced Traditional SYN Flood - Attacker: h1, Target: 192.168.30.10:80, Duration: 11s
2025-09-12 20:25:48,516 - attack_logger - INFO - [syn_flood] [Run ID: e407d811-b577-4010-baa9-6766d4c9fb25] Enhanced Features: Human-like timing, protocol compliance, network delay simulation
2025-09-12 20:25:48,516 - attack_logger - INFO - [syn_flood] [Run ID: e407d811-b577-4010-baa9-6766d4c9fb25] Session pattern: 1 phases, Circadian factor: 0.50, Workday factor: 0.50
2025-09-12 20:25:48,516 - attack_logger - DEBUG - [syn_flood] [Run ID: e407d811-b577-4010-baa9-6766d4c9fb25] Starting enhanced SYN packet generation with human-like timing
2025-09-12 20:25:48,516 - attack_logger - INFO - [syn_flood] [Run ID: e407d811-b577-4010-baa9-6766d4c9fb25] Stress phase: 3s, Advanced phase: 8s
2025-09-12 20:25:52,114 - attack_logger - INFO - [syn_flood] [Run ID: e407d811-b577-4010-baa9-6766d4c9fb25] Stress phase completed
2025-09-12 20:25:52,121 - attack_logger - INFO - [syn_flood] [Run ID: e407d811-b577-4010-baa9-6766d4c9fb25] Enhanced SYN flood process started (PID: 44241)
2025-09-12 20:25:53,179 - attack_logger - INFO - [syn_flood] [Run ID: e407d811-b577-4010-baa9-6766d4c9fb25] Attack progress: 1.1s elapsed, ~5 packets sent, Rate: 4.7 pps, Phase: active (intensity: 0.96)
2025-09-12 20:25:53,179 - attack_logger - DEBUG - [syn_flood] [Run ID: e407d811-b577-4010-baa9-6766d4c9fb25] Process stats - CPU: 0.0%, Memory: 60.3MB
2025-09-12 20:25:53,179 - attack_logger - DEBUG - [syn_flood] [Run ID: e407d811-b577-4010-baa9-6766d4c9fb25] Timing factors - Circadian: 0.50, Workday: 0.50, Adjusted rate: 5.2 pps
2025-09-12 20:25:54,180 - attack_logger - INFO - [syn_flood] [Run ID: e407d811-b577-4010-baa9-6766d4c9fb25] Attack progress: 2.1s elapsed, ~13 packets sent, Rate: 6.3 pps, Phase: active (intensity: 0.96)
2025-09-12 20:25:54,180 - attack_logger - DEBUG - [syn_flood] [Run ID: e407d811-b577-4010-baa9-6766d4c9fb25] Process stats - CPU: 0.0%, Memory: 60.5MB
2025-09-12 20:25:54,180 - attack_logger - DEBUG - [syn_flood] [Run ID: e407d811-b577-4010-baa9-6766d4c9fb25] Timing factors - Circadian: 0.50, Workday: 0.50, Adjusted rate: 6.4 pps
2025-09-12 20:25:55,211 - attack_logger - INFO - [syn_flood] [Run ID: e407d811-b577-4010-baa9-6766d4c9fb25] Attack progress: 3.1s elapsed, ~21 packets sent, Rate: 6.8 pps, Phase: active (intensity: 0.96)
2025-09-12 20:25:55,211 - attack_logger - DEBUG - [syn_flood] [Run ID: e407d811-b577-4010-baa9-6766d4c9fb25] Process stats - CPU: 0.0%, Memory: 60.5MB
2025-09-12 20:25:55,211 - attack_logger - DEBUG - [syn_flood] [Run ID: e407d811-b577-4010-baa9-6766d4c9fb25] Timing factors - Circadian: 0.50, Workday: 0.50, Adjusted rate: 7.0 pps
2025-09-12 20:25:56,264 - attack_logger - INFO - [syn_flood] [Run ID: e407d811-b577-4010-baa9-6766d4c9fb25] Attack progress: 4.2s elapsed, ~25 packets sent, Rate: 6.0 pps, Phase: active (intensity: 0.96)
2025-09-12 20:25:56,264 - attack_logger - DEBUG - [syn_flood] [Run ID: e407d811-b577-4010-baa9-6766d4c9fb25] Process stats - CPU: 0.0%, Memory: 60.5MB
2025-09-12 20:25:56,264 - attack_logger - DEBUG - [syn_flood] [Run ID: e407d811-b577-4010-baa9-6766d4c9fb25] Timing factors - Circadian: 0.50, Workday: 0.50, Adjusted rate: 6.1 pps
2025-09-12 20:25:57,295 - attack_logger - INFO - [syn_flood] [Run ID: e407d811-b577-4010-baa9-6766d4c9fb25] Attack progress: 5.2s elapsed, ~29 packets sent, Rate: 5.6 pps, Phase: active (intensity: 0.96)
2025-09-12 20:25:57,295 - attack_logger - DEBUG - [syn_flood] [Run ID: e407d811-b577-4010-baa9-6766d4c9fb25] Process stats - CPU: 0.0%, Memory: 60.5MB
2025-09-12 20:25:57,295 - attack_logger - DEBUG - [syn_flood] [Run ID: e407d811-b577-4010-baa9-6766d4c9fb25] Timing factors - Circadian: 0.50, Workday: 0.50, Adjusted rate: 5.7 pps
2025-09-12 20:25:58,310 - attack_logger - INFO - [syn_flood] [Run ID: e407d811-b577-4010-baa9-6766d4c9fb25] Attack progress: 6.2s elapsed, ~39 packets sent, Rate: 6.3 pps, Phase: active (intensity: 0.96)
2025-09-12 20:25:58,310 - attack_logger - DEBUG - [syn_flood] [Run ID: e407d811-b577-4010-baa9-6766d4c9fb25] Process stats - CPU: 0.0%, Memory: 60.5MB
2025-09-12 20:25:58,310 - attack_logger - DEBUG - [syn_flood] [Run ID: e407d811-b577-4010-baa9-6766d4c9fb25] Timing factors - Circadian: 0.50, Workday: 0.50, Adjusted rate: 6.4 pps
2025-09-12 20:25:59,313 - attack_logger - INFO - [syn_flood] [Run ID: e407d811-b577-4010-baa9-6766d4c9fb25] Attack progress: 7.2s elapsed, ~37 packets sent, Rate: 5.1 pps, Phase: active (intensity: 0.96)
2025-09-12 20:25:59,313 - attack_logger - DEBUG - [syn_flood] [Run ID: e407d811-b577-4010-baa9-6766d4c9fb25] Process stats - CPU: 0.0%, Memory: 60.5MB
2025-09-12 20:25:59,313 - attack_logger - DEBUG - [syn_flood] [Run ID: e407d811-b577-4010-baa9-6766d4c9fb25] Timing factors - Circadian: 0.50, Workday: 0.50, Adjusted rate: 5.2 pps
2025-09-12 20:26:00,135 - attack_logger - DEBUG - [syn_flood] [Run ID: e407d811-b577-4010-baa9-6766d4c9fb25] Sent SIGINT to SYN flood process 44241
2025-09-12 20:26:00,638 - attack_logger - INFO - [syn_flood] [Run ID: e407d811-b577-4010-baa9-6766d4c9fb25] Enhanced SYN Flood from h1 to 192.168.30.10 finished.
2025-09-12 20:26:00,638 - attack_logger - INFO - [syn_flood] [Run ID: e407d811-b577-4010-baa9-6766d4c9fb25] Attack completed. Total packets sent = 54, Average rate = 6.73 packets/sec.
2025-09-12 20:26:00,638 - attack_logger - INFO - [syn_flood] [Run ID: e407d811-b577-4010-baa9-6766d4c9fb25] --- Enhanced Attack Summary ---
2025-09-12 20:26:00,638 - attack_logger - INFO - [syn_flood] [Run ID: e407d811-b577-4010-baa9-6766d4c9fb25] Total packets sent: 54
2025-09-12 20:26:00,638 - attack_logger - INFO - [syn_flood] [Run ID: e407d811-b577-4010-baa9-6766d4c9fb25] Actual duration: 8.02s
2025-09-12 20:26:00,639 - attack_logger - INFO - [syn_flood] [Run ID: e407d811-b577-4010-baa9-6766d4c9fb25] Average rate: 6.73 packets/sec
2025-09-12 20:26:00,639 - attack_logger - INFO - [syn_flood] [Run ID: e407d811-b577-4010-baa9-6766d4c9fb25] Base rate: 27.4 pps
2025-09-12 20:26:00,639 - attack_logger - INFO - [syn_flood] [Run ID: e407d811-b577-4010-baa9-6766d4c9fb25] Circadian factor: 0.50
2025-09-12 20:26:00,639 - attack_logger - INFO - [syn_flood] [Run ID: e407d811-b577-4010-baa9-6766d4c9fb25] Workday factor: 0.50
2025-09-12 20:26:00,639 - attack_logger - INFO - [syn_flood] [Run ID: e407d811-b577-4010-baa9-6766d4c9fb25] Session phases: 1
2025-09-12 20:26:00,639 - attack_logger - INFO - [syn_flood] [Run ID: e407d811-b577-4010-baa9-6766d4c9fb25] Target port: 80
2025-09-12 20:26:00,639 - attack_logger - INFO - [syn_flood] [Run ID: e407d811-b577-4010-baa9-6766d4c9fb25] Attack method: Enhanced SYN Flood with Human-like Timing
2025-09-12 20:26:00,639 - attack_logger - INFO - [syn_flood] [Run ID: e407d811-b577-4010-baa9-6766d4c9fb25] Enhancement features: Human timing patterns, protocol compliance, network delay simulation
2025-09-12 20:26:00,639 - attack_logger - INFO - [syn_flood] [Run ID: e407d811-b577-4010-baa9-6766d4c9fb25] TCP options: MSS, WScale, Timestamp, SAckOK
2025-09-12 20:26:00,639 - attack_logger - INFO - [syn_flood] [Run ID: e407d811-b577-4010-baa9-6766d4c9fb25] ----------------------------------------
2025-09-12 20:26:00,713 - attack_logger - INFO - Attack: Enhanced SYN Flood completed.
2025-09-12 20:26:00,713 - attack_logger - INFO - Attack: Enhanced UDP Flood (22s) | h1 -> h6
2025-09-12 20:26:03,227 - attack_logger - INFO - [udp_flood] [Run ID: 5beb8bde-f2a5-41c2-825a-93761408dea8] Starting Enhanced UDP Flood from h1 to 192.168.30.10 for 22 seconds.
2025-09-12 20:26:03,227 - attack_logger - INFO - [udp_flood] [Run ID: 5beb8bde-f2a5-41c2-825a-93761408dea8] Attack Phase: Enhanced Traditional UDP Flood - Attacker: h1, Target: 192.168.30.10:53, Duration: 22s
2025-09-12 20:26:03,227 - attack_logger - INFO - [udp_flood] [Run ID: 5beb8bde-f2a5-41c2-825a-93761408dea8] Enhanced Features: Human-like timing, protocol compliance, network delay simulation
2025-09-12 20:26:03,227 - attack_logger - INFO - [udp_flood] [Run ID: 5beb8bde-f2a5-41c2-825a-93761408dea8] Stress phase: 6s, Advanced phase: 16s
2025-09-12 20:26:09,814 - attack_logger - INFO - [udp_flood] [Run ID: 5beb8bde-f2a5-41c2-825a-93761408dea8] Stress phase completed
2025-09-12 20:26:09,814 - attack_logger - INFO - [udp_flood] [Run ID: 5beb8bde-f2a5-41c2-825a-93761408dea8] Session pattern: 1 phases, Circadian factor: 0.50, Workday factor: 0.50
2025-09-12 20:26:09,814 - attack_logger - DEBUG - [udp_flood] [Run ID: 5beb8bde-f2a5-41c2-825a-93761408dea8] Starting enhanced UDP packet generation with human-like timing
2025-09-12 20:26:09,822 - attack_logger - INFO - [udp_flood] [Run ID: 5beb8bde-f2a5-41c2-825a-93761408dea8] Enhanced UDP flood process started (PID: 44250)
2025-09-12 20:26:12,928 - attack_logger - INFO - [udp_flood] [Run ID: 5beb8bde-f2a5-41c2-825a-93761408dea8] Attack progress: 3.1s elapsed, ~13 packets sent, Rate: 4.2 pps, Phase: active (intensity: 0.75)
2025-09-12 20:26:12,928 - attack_logger - DEBUG - [udp_flood] [Run ID: 5beb8bde-f2a5-41c2-825a-93761408dea8] Process stats - CPU: 0.0%, Memory: 60.4MB
2025-09-12 20:26:12,928 - attack_logger - DEBUG - [udp_flood] [Run ID: 5beb8bde-f2a5-41c2-825a-93761408dea8] Timing factors - Circadian: 0.50, Workday: 0.50, Adjusted rate: 4.5 pps
2025-09-12 20:26:15,966 - attack_logger - INFO - [udp_flood] [Run ID: 5beb8bde-f2a5-41c2-825a-93761408dea8] Attack progress: 6.2s elapsed, ~29 packets sent, Rate: 4.7 pps, Phase: active (intensity: 0.75)
2025-09-12 20:26:15,966 - attack_logger - DEBUG - [udp_flood] [Run ID: 5beb8bde-f2a5-41c2-825a-93761408dea8] Process stats - CPU: 0.0%, Memory: 60.6MB
2025-09-12 20:26:15,966 - attack_logger - DEBUG - [udp_flood] [Run ID: 5beb8bde-f2a5-41c2-825a-93761408dea8] Timing factors - Circadian: 0.50, Workday: 0.50, Adjusted rate: 4.8 pps
2025-09-12 20:26:19,018 - attack_logger - INFO - [udp_flood] [Run ID: 5beb8bde-f2a5-41c2-825a-93761408dea8] Attack progress: 9.2s elapsed, ~48 packets sent, Rate: 5.2 pps, Phase: active (intensity: 0.75)
2025-09-12 20:26:19,018 - attack_logger - DEBUG - [udp_flood] [Run ID: 5beb8bde-f2a5-41c2-825a-93761408dea8] Process stats - CPU: 0.0%, Memory: 60.6MB
2025-09-12 20:26:19,018 - attack_logger - DEBUG - [udp_flood] [Run ID: 5beb8bde-f2a5-41c2-825a-93761408dea8] Timing factors - Circadian: 0.50, Workday: 0.50, Adjusted rate: 5.3 pps
2025-09-12 20:26:22,036 - attack_logger - INFO - [udp_flood] [Run ID: 5beb8bde-f2a5-41c2-825a-93761408dea8] Attack progress: 12.2s elapsed, ~56 packets sent, Rate: 4.6 pps, Phase: active (intensity: 0.75)
2025-09-12 20:26:22,036 - attack_logger - DEBUG - [udp_flood] [Run ID: 5beb8bde-f2a5-41c2-825a-93761408dea8] Process stats - CPU: 0.0%, Memory: 60.6MB
2025-09-12 20:26:22,036 - attack_logger - DEBUG - [udp_flood] [Run ID: 5beb8bde-f2a5-41c2-825a-93761408dea8] Timing factors - Circadian: 0.50, Workday: 0.50, Adjusted rate: 4.7 pps
2025-09-12 20:26:25,115 - attack_logger - INFO - [udp_flood] [Run ID: 5beb8bde-f2a5-41c2-825a-93761408dea8] Attack progress: 15.3s elapsed, ~82 packets sent, Rate: 5.4 pps, Phase: active (intensity: 0.75)
2025-09-12 20:26:25,115 - attack_logger - DEBUG - [udp_flood] [Run ID: 5beb8bde-f2a5-41c2-825a-93761408dea8] Process stats - CPU: 0.0%, Memory: 60.6MB
2025-09-12 20:26:25,115 - attack_logger - DEBUG - [udp_flood] [Run ID: 5beb8bde-f2a5-41c2-825a-93761408dea8] Timing factors - Circadian: 0.50, Workday: 0.50, Adjusted rate: 5.4 pps
2025-09-12 20:26:25,923 - attack_logger - DEBUG - [udp_flood] [Run ID: 5beb8bde-f2a5-41c2-825a-93761408dea8] Sent SIGINT to UDP flood process 44250
2025-09-12 20:26:26,426 - attack_logger - INFO - [udp_flood] [Run ID: 5beb8bde-f2a5-41c2-825a-93761408dea8] Enhanced UDP Flood from h1 to 192.168.30.10 finished.
2025-09-12 20:26:26,426 - attack_logger - INFO - [udp_flood] [Run ID: 5beb8bde-f2a5-41c2-825a-93761408dea8] Attack completed. Total packets sent = 94, Average rate = 5.84 packets/sec.
2025-09-12 20:26:26,426 - attack_logger - INFO - [udp_flood] [Run ID: 5beb8bde-f2a5-41c2-825a-93761408dea8] --- Enhanced Attack Summary ---
2025-09-12 20:26:26,426 - attack_logger - INFO - [udp_flood] [Run ID: 5beb8bde-f2a5-41c2-825a-93761408dea8] Total packets sent: 94
2025-09-12 20:26:26,426 - attack_logger - INFO - [udp_flood] [Run ID: 5beb8bde-f2a5-41c2-825a-93761408dea8] Actual duration: 16.11s
2025-09-12 20:26:26,426 - attack_logger - INFO - [udp_flood] [Run ID: 5beb8bde-f2a5-41c2-825a-93761408dea8] Average rate: 5.84 packets/sec
2025-09-12 20:26:26,426 - attack_logger - INFO - [udp_flood] [Run ID: 5beb8bde-f2a5-41c2-825a-93761408dea8] Base rate: 23.4 pps
2025-09-12 20:26:26,426 - attack_logger - INFO - [udp_flood] [Run ID: 5beb8bde-f2a5-41c2-825a-93761408dea8] Circadian factor: 0.50
2025-09-12 20:26:26,426 - attack_logger - INFO - [udp_flood] [Run ID: 5beb8bde-f2a5-41c2-825a-93761408dea8] Workday factor: 0.50
2025-09-12 20:26:26,426 - attack_logger - INFO - [udp_flood] [Run ID: 5beb8bde-f2a5-41c2-825a-93761408dea8] Session phases: 1
2025-09-12 20:26:26,426 - attack_logger - INFO - [udp_flood] [Run ID: 5beb8bde-f2a5-41c2-825a-93761408dea8] Target port: 53 (DNS)
2025-09-12 20:26:26,426 - attack_logger - INFO - [udp_flood] [Run ID: 5beb8bde-f2a5-41c2-825a-93761408dea8] Attack method: Enhanced UDP Flood with Human-like Timing
2025-09-12 20:26:26,426 - attack_logger - INFO - [udp_flood] [Run ID: 5beb8bde-f2a5-41c2-825a-93761408dea8] Enhancement features: Human timing patterns, protocol compliance, network delay simulation
2025-09-12 20:26:26,426 - attack_logger - INFO - [udp_flood] [Run ID: 5beb8bde-f2a5-41c2-825a-93761408dea8] DNS payloads: Realistic query patterns with varied domains
2025-09-12 20:26:26,426 - attack_logger - INFO - [udp_flood] [Run ID: 5beb8bde-f2a5-41c2-825a-93761408dea8] ----------------------------------------
2025-09-12 20:26:26,510 - attack_logger - INFO - Attack: Enhanced UDP Flood completed.
2025-09-12 20:26:26,510 - attack_logger - INFO - Attack: Enhanced ICMP Flood (11s) | h1 -> h4
2025-09-12 20:26:29,026 - attack_logger - INFO - [icmp_flood] [Run ID: eaa0c195-7dbb-4d8a-88a4-db72e0a0948d] Starting Enhanced ICMP Flood with RFC 1918 IP Rotation from h1 to 192.168.20.12 for 11 seconds.
2025-09-12 20:26:29,026 - attack_logger - INFO - [icmp_flood] [Run ID: eaa0c195-7dbb-4d8a-88a4-db72e0a0948d] Attack Phase: Enhanced Traditional ICMP Flood - Attacker: h1, Target: 192.168.20.12, Duration: 11s
2025-09-12 20:26:29,026 - attack_logger - INFO - [icmp_flood] [Run ID: eaa0c195-7dbb-4d8a-88a4-db72e0a0948d] Enhanced Features: RFC 1918 IP rotation, human-like timing, protocol compliance, network delay simulation
2025-09-12 20:26:29,026 - attack_logger - INFO - [icmp_flood] [Run ID: eaa0c195-7dbb-4d8a-88a4-db72e0a0948d] IP Pool Size: 50 source IPs from RFC 1918 ranges (10.0.0.0/8, 172.16.0.0/12, 192.168.0.0/16)
2025-09-12 20:26:29,026 - attack_logger - INFO - [icmp_flood] [Run ID: eaa0c195-7dbb-4d8a-88a4-db72e0a0948d] Stress phase total: 3s (host: 1s, gateway: 2s), Advanced phase: 8s
2025-09-12 20:26:30,583 - attack_logger - INFO - [icmp_flood] [Run ID: eaa0c195-7dbb-4d8a-88a4-db72e0a0948d] Host stress sub-phase completed
2025-09-12 20:26:33,189 - attack_logger - INFO - [icmp_flood] [Run ID: eaa0c195-7dbb-4d8a-88a4-db72e0a0948d] Gateway stress sub-phase completed
2025-09-12 20:26:33,189 - attack_logger - INFO - [icmp_flood] [Run ID: eaa0c195-7dbb-4d8a-88a4-db72e0a0948d] Session pattern: 1 phases, Circadian factor: 0.50, Workday factor: 0.50
2025-09-12 20:26:33,189 - attack_logger - DEBUG - [icmp_flood] [Run ID: eaa0c195-7dbb-4d8a-88a4-db72e0a0948d] Starting enhanced ICMP packet generation with IP rotation and human-like timing
2025-09-12 20:26:33,197 - attack_logger - INFO - [icmp_flood] [Run ID: eaa0c195-7dbb-4d8a-88a4-db72e0a0948d] Enhanced ICMP flood with IP rotation process started (PID: 44264)
2025-09-12 20:26:34,232 - attack_logger - INFO - [icmp_flood] [Run ID: eaa0c195-7dbb-4d8a-88a4-db72e0a0948d] Attack progress: 1.0s elapsed, ~1 packets sent, Rate: 1.0 pps, IP rotations: ~0, Phase: break (intensity: 0.29)
2025-09-12 20:26:34,232 - attack_logger - DEBUG - [icmp_flood] [Run ID: eaa0c195-7dbb-4d8a-88a4-db72e0a0948d] Process stats - CPU: 0.0%, Memory: 60.1MB
2025-09-12 20:26:34,232 - attack_logger - DEBUG - [icmp_flood] [Run ID: eaa0c195-7dbb-4d8a-88a4-db72e0a0948d] Timing factors - Circadian: 0.50, Workday: 0.50, Adjusted rate: 1.7 pps
2025-09-12 20:26:35,262 - attack_logger - INFO - [icmp_flood] [Run ID: eaa0c195-7dbb-4d8a-88a4-db72e0a0948d] Attack progress: 2.1s elapsed, ~3 packets sent, Rate: 1.4 pps, IP rotations: ~0, Phase: break (intensity: 0.29)
2025-09-12 20:26:35,262 - attack_logger - DEBUG - [icmp_flood] [Run ID: eaa0c195-7dbb-4d8a-88a4-db72e0a0948d] Process stats - CPU: 0.0%, Memory: 60.1MB
2025-09-12 20:26:35,262 - attack_logger - DEBUG - [icmp_flood] [Run ID: eaa0c195-7dbb-4d8a-88a4-db72e0a0948d] Timing factors - Circadian: 0.50, Workday: 0.50, Adjusted rate: 1.8 pps
2025-09-12 20:26:36,286 - attack_logger - INFO - [icmp_flood] [Run ID: eaa0c195-7dbb-4d8a-88a4-db72e0a0948d] Attack progress: 3.1s elapsed, ~6 packets sent, Rate: 1.9 pps, IP rotations: ~0, Phase: break (intensity: 0.29)
2025-09-12 20:26:36,286 - attack_logger - DEBUG - [icmp_flood] [Run ID: eaa0c195-7dbb-4d8a-88a4-db72e0a0948d] Process stats - CPU: 0.0%, Memory: 60.1MB
2025-09-12 20:26:36,286 - attack_logger - DEBUG - [icmp_flood] [Run ID: eaa0c195-7dbb-4d8a-88a4-db72e0a0948d] Timing factors - Circadian: 0.50, Workday: 0.50, Adjusted rate: 2.0 pps
2025-09-12 20:26:37,317 - attack_logger - INFO - [icmp_flood] [Run ID: eaa0c195-7dbb-4d8a-88a4-db72e0a0948d] Attack progress: 4.1s elapsed, ~6 packets sent, Rate: 1.5 pps, IP rotations: ~0, Phase: break (intensity: 0.29)
2025-09-12 20:26:37,317 - attack_logger - DEBUG - [icmp_flood] [Run ID: eaa0c195-7dbb-4d8a-88a4-db72e0a0948d] Process stats - CPU: 0.0%, Memory: 60.1MB
2025-09-12 20:26:37,317 - attack_logger - DEBUG - [icmp_flood] [Run ID: eaa0c195-7dbb-4d8a-88a4-db72e0a0948d] Timing factors - Circadian: 0.50, Workday: 0.50, Adjusted rate: 1.5 pps
2025-09-12 20:26:38,416 - attack_logger - INFO - [icmp_flood] [Run ID: eaa0c195-7dbb-4d8a-88a4-db72e0a0948d] Attack progress: 5.2s elapsed, ~10 packets sent, Rate: 1.9 pps, IP rotations: ~0, Phase: break (intensity: 0.29)
2025-09-12 20:26:38,416 - attack_logger - DEBUG - [icmp_flood] [Run ID: eaa0c195-7dbb-4d8a-88a4-db72e0a0948d] Process stats - CPU: 0.0%, Memory: 60.1MB
2025-09-12 20:26:38,416 - attack_logger - DEBUG - [icmp_flood] [Run ID: eaa0c195-7dbb-4d8a-88a4-db72e0a0948d] Timing factors - Circadian: 0.50, Workday: 0.50, Adjusted rate: 2.1 pps
2025-09-12 20:26:39,435 - attack_logger - INFO - [icmp_flood] [Run ID: eaa0c195-7dbb-4d8a-88a4-db72e0a0948d] Attack progress: 6.2s elapsed, ~9 packets sent, Rate: 1.4 pps, IP rotations: ~0, Phase: break (intensity: 0.29)
2025-09-12 20:26:39,435 - attack_logger - DEBUG - [icmp_flood] [Run ID: eaa0c195-7dbb-4d8a-88a4-db72e0a0948d] Process stats - CPU: 0.0%, Memory: 60.1MB
2025-09-12 20:26:39,435 - attack_logger - DEBUG - [icmp_flood] [Run ID: eaa0c195-7dbb-4d8a-88a4-db72e0a0948d] Timing factors - Circadian: 0.50, Workday: 0.50, Adjusted rate: 1.5 pps
2025-09-12 20:26:40,532 - attack_logger - INFO - [icmp_flood] [Run ID: eaa0c195-7dbb-4d8a-88a4-db72e0a0948d] Attack progress: 7.3s elapsed, ~13 packets sent, Rate: 1.8 pps, IP rotations: ~0, Phase: break (intensity: 0.29)
2025-09-12 20:26:40,532 - attack_logger - DEBUG - [icmp_flood] [Run ID: eaa0c195-7dbb-4d8a-88a4-db72e0a0948d] Process stats - CPU: 0.0%, Memory: 60.1MB
2025-09-12 20:26:40,532 - attack_logger - DEBUG - [icmp_flood] [Run ID: eaa0c195-7dbb-4d8a-88a4-db72e0a0948d] Timing factors - Circadian: 0.50, Workday: 0.50, Adjusted rate: 1.8 pps
2025-09-12 20:26:41,198 - attack_logger - DEBUG - [icmp_flood] [Run ID: eaa0c195-7dbb-4d8a-88a4-db72e0a0948d] Sent SIGINT to ICMP flood process 44264
2025-09-12 20:26:41,698 - attack_logger - INFO - [icmp_flood] [Run ID: eaa0c195-7dbb-4d8a-88a4-db72e0a0948d] Enhanced ICMP Flood with RFC 1918 IP Rotation from h1 to 192.168.20.12 finished.
2025-09-12 20:26:41,699 - attack_logger - INFO - [icmp_flood] [Run ID: eaa0c195-7dbb-4d8a-88a4-db72e0a0948d] Attack completed. Total packets sent = 53, Average rate = 6.62 packets/sec.
2025-09-12 20:26:41,699 - attack_logger - INFO - [icmp_flood] [Run ID: eaa0c195-7dbb-4d8a-88a4-db72e0a0948d] --- Enhanced Attack Summary ---
2025-09-12 20:26:41,699 - attack_logger - INFO - [icmp_flood] [Run ID: eaa0c195-7dbb-4d8a-88a4-db72e0a0948d] Total packets sent: 53
2025-09-12 20:26:41,699 - attack_logger - INFO - [icmp_flood] [Run ID: eaa0c195-7dbb-4d8a-88a4-db72e0a0948d] Total IP rotations: ~3
2025-09-12 20:26:41,699 - attack_logger - INFO - [icmp_flood] [Run ID: eaa0c195-7dbb-4d8a-88a4-db72e0a0948d] RFC 1918 IP pool size: 50
2025-09-12 20:26:41,699 - attack_logger - INFO - [icmp_flood] [Run ID: eaa0c195-7dbb-4d8a-88a4-db72e0a0948d] IP ranges used: 10.0.0.0/8, 172.16.0.0/12, 192.168.0.0/16
2025-09-12 20:26:41,699 - attack_logger - INFO - [icmp_flood] [Run ID: eaa0c195-7dbb-4d8a-88a4-db72e0a0948d] Actual duration: 8.01s
2025-09-12 20:26:41,699 - attack_logger - INFO - [icmp_flood] [Run ID: eaa0c195-7dbb-4d8a-88a4-db72e0a0948d] Average rate: 6.62 packets/sec
2025-09-12 20:26:41,699 - attack_logger - INFO - [icmp_flood] [Run ID: eaa0c195-7dbb-4d8a-88a4-db72e0a0948d] Base rate: 26.8 pps
2025-09-12 20:26:41,699 - attack_logger - INFO - [icmp_flood] [Run ID: eaa0c195-7dbb-4d8a-88a4-db72e0a0948d] Circadian factor: 0.50
2025-09-12 20:26:41,699 - attack_logger - INFO - [icmp_flood] [Run ID: eaa0c195-7dbb-4d8a-88a4-db72e0a0948d] Workday factor: 0.50
2025-09-12 20:26:41,699 - attack_logger - INFO - [icmp_flood] [Run ID: eaa0c195-7dbb-4d8a-88a4-db72e0a0948d] Session phases: 1
2025-09-12 20:26:41,699 - attack_logger - INFO - [icmp_flood] [Run ID: eaa0c195-7dbb-4d8a-88a4-db72e0a0948d] ICMP type: Echo Request (8) with ID/Seq variations
2025-09-12 20:26:41,699 - attack_logger - INFO - [icmp_flood] [Run ID: eaa0c195-7dbb-4d8a-88a4-db72e0a0948d] Attack method: Enhanced ICMP Flood with RFC 1918 IP Rotation
2025-09-12 20:26:41,699 - attack_logger - INFO - [icmp_flood] [Run ID: eaa0c195-7dbb-4d8a-88a4-db72e0a0948d] Enhancement features: RFC 1918 IP rotation, human timing patterns, protocol compliance, network delay simulation
2025-09-12 20:26:41,699 - attack_logger - INFO - [icmp_flood] [Run ID: eaa0c195-7dbb-4d8a-88a4-db72e0a0948d] ----------------------------------------
2025-09-12 20:26:41,737 - attack_logger - INFO - Attack: Enhanced ICMP Flood completed.
2025-09-12 20:26:42,247 - attack_logger - INFO - Attack: ENHANCED Adversarial TCP State Exhaustion (8s) | h1 -> h6
2025-09-12 20:26:53,449 - attack_logger - INFO - Attack: ENHANCED Adversarial Application Layer (3s) | h1 -> h6
2025-09-12 20:26:59,626 - attack_logger - INFO - Attack: ENHANCED Adversarial Slow Read (9s) | h1 -> h6
2025-09-12 20:27:11,964 - attack_logger - INFO - Attack: ENHANCED Adversarial Slow Read completed.
