2025-09-12 20:22:21 - [BENIGN] - INFO - Starting benign traffic for 200 seconds...
2025-09-12 20:22:21 - [BENIGN] - INFO - Protocol separation: h2↔h5 (ICMP), h3↔h5 (TCP/UDP)
2025-09-12 20:22:21 - [BENIGN] - DEBUG - Generated ICMP traffic h2↔h5 0 [len=84B]
2025-09-12 20:22:22 - [BENIGN] - DEBUG - Generated TCP SYN from h3:9276 -> h5:12345 [len=54B]
2025-09-12 20:22:23 - [BENIGN] - DEBUG - Generated TCP SYN-ACK from h5:12345 <- h3:9276 [len=54B]
2025-09-12 20:22:23 - [BENIGN] - DEBUG - Generated TCP ACK from h3:9276 -> h5:12345 [len=54B]
2025-09-12 20:22:24 - [BENIGN] - DEBUG - Generated TCP data traffic from h3:9276 -> h5:12345 [content='TCP data'] [Session 1] [len=458B]
2025-09-12 20:22:25 - [BENIGN] - DEBUG - Generated TCP ACK reply from h5:12345 <- h3:9276 [len=54B]
2025-09-12 20:22:25 - [BENIGN] - DEBUG - Generated UDP traffic from h3:2575 -> h5:12346 [content='804effba869364a5defaa3377a4e5f78afbc8839...'] [Session 2] [len=331B]
2025-09-12 20:22:26 - [BENIGN] - DEBUG - Generated Telnet SYN from h3:49740 -> h5:23 [len=54B]
2025-09-12 20:22:26 - [BENIGN] - DEBUG - Generated Telnet SYN-ACK from h5:23 <- h3:49740 [len=54B]
2025-09-12 20:22:27 - [BENIGN] - DEBUG - Generated Telnet ACK from h3:49740 -> h5:23 [len=54B]
2025-09-12 20:22:28 - [BENIGN] - DEBUG - Generated Telnet data traffic from h3:49740 -> h5:23 [content='Telnet command'] [Session 3] [len=1319B]
2025-09-12 20:22:28 - [BENIGN] - DEBUG - Generated Telnet ACK reply from h5:23 <- h3:49740 [len=54B]
2025-09-12 20:22:29 - [BENIGN] - DEBUG - Generated SSH SYN from h3:17017 -> h5:22 [len=54B]
2025-09-12 20:22:30 - [BENIGN] - DEBUG - Generated SSH SYN-ACK from h5:22 <- h3:17017 [len=54B]
2025-09-12 20:22:30 - [BENIGN] - DEBUG - Generated SSH ACK from h3:17017 -> h5:22 [len=54B]
2025-09-12 20:22:31 - [BENIGN] - DEBUG - Generated SSH data traffic from h3:17017 -> h5:22 [content='SSH encrypted data'] [Session 4] [len=967B]
2025-09-12 20:22:32 - [BENIGN] - DEBUG - Generated SSH ACK reply from h5:22 <- h3:17017 [len=54B]
2025-09-12 20:22:32 - [BENIGN] - DEBUG - Generated FTP SYN from h3:13606 -> h5:21 [len=54B]
2025-09-12 20:22:33 - [BENIGN] - DEBUG - Generated FTP SYN-ACK from h5:21 <- h3:13606 [len=54B]
2025-09-12 20:22:34 - [BENIGN] - DEBUG - Generated FTP ACK from h3:13606 -> h5:21 [len=54B]
2025-09-12 20:22:34 - [BENIGN] - DEBUG - Generated FTP data traffic from h3:13606 -> h5:21 [content='FTP file transfer'] [Session 5] [len=1129B]
2025-09-12 20:22:35 - [BENIGN] - DEBUG - Generated FTP ACK reply from h5:21 <- h3:13606 [len=54B]
2025-09-12 20:22:36 - [BENIGN] - DEBUG - Generated HTTP SYN from h3:40667 -> h5:80 [len=54B]
2025-09-12 20:22:36 - [BENIGN] - DEBUG - Generated HTTP SYN-ACK from h5:80 <- h3:40667 [len=54B]
2025-09-12 20:22:37 - [BENIGN] - DEBUG - Generated HTTP ACK from h3:40667 -> h5:80 [len=54B]
2025-09-12 20:22:38 - [BENIGN] - DEBUG - Generated HTTP data traffic from h3:40667 -> h5:80 [content='GET /index.html HTTP/1.1'] [Session 6] [len=655B]
2025-09-12 20:22:38 - [BENIGN] - DEBUG - Generated HTTP ACK reply from h5:80 <- h3:40667 [len=54B]
2025-09-12 20:22:39 - [BENIGN] - DEBUG - Generated HTTPS SYN from h3:52360 -> h5:443 [len=54B]
2025-09-12 20:22:40 - [BENIGN] - DEBUG - Generated HTTPS SYN-ACK from h5:443 <- h3:52360 [len=54B]
2025-09-12 20:22:40 - [BENIGN] - DEBUG - Generated HTTPS ACK from h3:52360 -> h5:443 [len=54B]
2025-09-12 20:22:41 - [BENIGN] - DEBUG - Generated HTTPS data traffic from h3:52360 -> h5:443 [content='Encrypted Application Data'] [Session 7] [len=494B]
2025-09-12 20:22:41 - [BENIGN] - DEBUG - Generated HTTPS ACK reply from h5:443 <- h3:52360 [len=54B]
2025-09-12 20:22:42 - [BENIGN] - DEBUG - Generated DNS query from h3:4963 -> h5:53 [qname='example.com'] [Session 8] [len=71B]
2025-09-12 20:22:42 - [BENIGN] - DEBUG - Generated ICMP traffic h2↔h5 1 [len=84B]
2025-09-12 20:22:43 - [BENIGN] - DEBUG - Generated TCP SYN from h3:63614 -> h5:12345 [len=54B]
2025-09-12 20:22:44 - [BENIGN] - DEBUG - Generated TCP SYN-ACK from h5:12345 <- h3:63614 [len=54B]
2025-09-12 20:22:44 - [BENIGN] - DEBUG - Generated TCP ACK from h3:63614 -> h5:12345 [len=54B]
2025-09-12 20:22:45 - [BENIGN] - DEBUG - Generated TCP data traffic from h3:63614 -> h5:12345 [content='TCP data'] [Session 9] [len=764B]
2025-09-12 20:22:45 - [BENIGN] - DEBUG - Generated TCP ACK reply from h5:12345 <- h3:63614 [len=54B]
2025-09-12 20:22:46 - [BENIGN] - DEBUG - Generated UDP traffic from h3:31990 -> h5:12346 [content='69b3878fa9dddb5122f6fab1f3735961c7334413...'] [Session 10] [len=646B]
2025-09-12 20:22:47 - [BENIGN] - DEBUG - Generated Telnet SYN from h3:54920 -> h5:23 [len=54B]
2025-09-12 20:22:47 - [BENIGN] - DEBUG - Generated Telnet SYN-ACK from h5:23 <- h3:54920 [len=54B]
2025-09-12 20:22:48 - [BENIGN] - DEBUG - Generated Telnet ACK from h3:54920 -> h5:23 [len=54B]
2025-09-12 20:22:49 - [BENIGN] - DEBUG - Generated Telnet data traffic from h3:54920 -> h5:23 [content='Telnet command'] [Session 11] [len=995B]
2025-09-12 20:22:49 - [BENIGN] - DEBUG - Generated Telnet ACK reply from h5:23 <- h3:54920 [len=54B]
2025-09-12 20:22:50 - [BENIGN] - DEBUG - Generated SSH SYN from h3:62811 -> h5:22 [len=54B]
2025-09-12 20:22:51 - [BENIGN] - DEBUG - Generated SSH SYN-ACK from h5:22 <- h3:62811 [len=54B]
2025-09-12 20:22:51 - [BENIGN] - DEBUG - Generated SSH ACK from h3:62811 -> h5:22 [len=54B]
2025-09-12 20:22:52 - [BENIGN] - DEBUG - Generated SSH data traffic from h3:62811 -> h5:22 [content='SSH encrypted data'] [Session 12] [len=495B]
2025-09-12 20:22:52 - [BENIGN] - DEBUG - Generated SSH ACK reply from h5:22 <- h3:62811 [len=54B]
2025-09-12 20:22:53 - [BENIGN] - DEBUG - Generated FTP SYN from h3:13173 -> h5:21 [len=54B]
2025-09-12 20:22:54 - [BENIGN] - DEBUG - Generated FTP SYN-ACK from h5:21 <- h3:13173 [len=54B]
2025-09-12 20:22:54 - [BENIGN] - DEBUG - Generated FTP ACK from h3:13173 -> h5:21 [len=54B]
2025-09-12 20:22:55 - [BENIGN] - DEBUG - Generated FTP data traffic from h3:13173 -> h5:21 [content='FTP file transfer'] [Session 13] [len=1266B]
2025-09-12 20:22:56 - [BENIGN] - DEBUG - Generated FTP ACK reply from h5:21 <- h3:13173 [len=54B]
2025-09-12 20:22:56 - [BENIGN] - DEBUG - Generated HTTP SYN from h3:61883 -> h5:80 [len=54B]
2025-09-12 20:22:57 - [BENIGN] - DEBUG - Generated HTTP SYN-ACK from h5:80 <- h3:61883 [len=54B]
2025-09-12 20:22:57 - [BENIGN] - DEBUG - Generated HTTP ACK from h3:61883 -> h5:80 [len=54B]
2025-09-12 20:22:58 - [BENIGN] - DEBUG - Generated HTTP data traffic from h3:61883 -> h5:80 [content='GET /index.html HTTP/1.1'] [Session 14] [len=275B]
2025-09-12 20:22:59 - [BENIGN] - DEBUG - Generated HTTP ACK reply from h5:80 <- h3:61883 [len=54B]
2025-09-12 20:22:59 - [BENIGN] - DEBUG - Generated HTTPS SYN from h3:36347 -> h5:443 [len=54B]
2025-09-12 20:23:00 - [BENIGN] - DEBUG - Generated HTTPS SYN-ACK from h5:443 <- h3:36347 [len=54B]
2025-09-12 20:23:01 - [BENIGN] - DEBUG - Generated HTTPS ACK from h3:36347 -> h5:443 [len=54B]
2025-09-12 20:23:01 - [BENIGN] - DEBUG - Generated HTTPS data traffic from h3:36347 -> h5:443 [content='Encrypted Application Data'] [Session 15] [len=323B]
2025-09-12 20:23:02 - [BENIGN] - DEBUG - Generated HTTPS ACK reply from h5:443 <- h3:36347 [len=54B]
2025-09-12 20:23:02 - [BENIGN] - DEBUG - Generated DNS query from h3:56568 -> h5:53 [qname='example.com'] [Session 16] [len=71B]
2025-09-12 20:23:03 - [BENIGN] - DEBUG - Generated ICMP traffic h2↔h5 2 [len=84B]
2025-09-12 20:23:03 - [BENIGN] - DEBUG - Generated TCP SYN from h3:19729 -> h5:12345 [len=54B]
2025-09-12 20:23:04 - [BENIGN] - DEBUG - Generated TCP SYN-ACK from h5:12345 <- h3:19729 [len=54B]
2025-09-12 20:23:04 - [BENIGN] - DEBUG - Generated TCP ACK from h3:19729 -> h5:12345 [len=54B]
2025-09-12 20:23:05 - [BENIGN] - DEBUG - Generated TCP data traffic from h3:19729 -> h5:12345 [content='TCP data'] [Session 17] [len=789B]
2025-09-12 20:23:06 - [BENIGN] - DEBUG - Generated TCP ACK reply from h5:12345 <- h3:19729 [len=54B]
2025-09-12 20:23:06 - [BENIGN] - DEBUG - Generated UDP traffic from h3:64651 -> h5:12346 [content='d0b3ca07aaf0aeb522fb29c4fd9c0900d9025ee5...'] [Session 18] [len=1376B]
2025-09-12 20:23:07 - [BENIGN] - DEBUG - Generated Telnet SYN from h3:20462 -> h5:23 [len=54B]
2025-09-12 20:23:08 - [BENIGN] - DEBUG - Generated Telnet SYN-ACK from h5:23 <- h3:20462 [len=54B]
2025-09-12 20:23:08 - [BENIGN] - DEBUG - Generated Telnet ACK from h3:20462 -> h5:23 [len=54B]
2025-09-12 20:23:09 - [BENIGN] - DEBUG - Generated Telnet data traffic from h3:20462 -> h5:23 [content='Telnet command'] [Session 19] [len=1205B]
2025-09-12 20:23:09 - [BENIGN] - DEBUG - Generated Telnet ACK reply from h5:23 <- h3:20462 [len=54B]
2025-09-12 20:23:10 - [BENIGN] - DEBUG - Generated SSH SYN from h3:42171 -> h5:22 [len=54B]
2025-09-12 20:23:11 - [BENIGN] - DEBUG - Generated SSH SYN-ACK from h5:22 <- h3:42171 [len=54B]
2025-09-12 20:23:11 - [BENIGN] - DEBUG - Generated SSH ACK from h3:42171 -> h5:22 [len=54B]
2025-09-12 20:23:12 - [BENIGN] - DEBUG - Generated SSH data traffic from h3:42171 -> h5:22 [content='SSH encrypted data'] [Session 20] [len=973B]
2025-09-12 20:23:13 - [BENIGN] - DEBUG - Generated SSH ACK reply from h5:22 <- h3:42171 [len=54B]
2025-09-12 20:23:13 - [BENIGN] - DEBUG - Generated FTP SYN from h3:56141 -> h5:21 [len=54B]
2025-09-12 20:23:14 - [BENIGN] - DEBUG - Generated FTP SYN-ACK from h5:21 <- h3:56141 [len=54B]
2025-09-12 20:23:15 - [BENIGN] - DEBUG - Generated FTP ACK from h3:56141 -> h5:21 [len=54B]
2025-09-12 20:23:15 - [BENIGN] - DEBUG - Generated FTP data traffic from h3:56141 -> h5:21 [content='FTP file transfer'] [Session 21] [len=959B]
2025-09-12 20:23:16 - [BENIGN] - DEBUG - Generated FTP ACK reply from h5:21 <- h3:56141 [len=54B]
2025-09-12 20:23:16 - [BENIGN] - DEBUG - Generated HTTP SYN from h3:5445 -> h5:80 [len=54B]
2025-09-12 20:23:17 - [BENIGN] - DEBUG - Generated HTTP SYN-ACK from h5:80 <- h3:5445 [len=54B]
2025-09-12 20:23:18 - [BENIGN] - DEBUG - Generated HTTP ACK from h3:5445 -> h5:80 [len=54B]
2025-09-12 20:23:18 - [BENIGN] - DEBUG - Generated HTTP data traffic from h3:5445 -> h5:80 [content='GET /index.html HTTP/1.1'] [Session 22] [len=610B]
2025-09-12 20:23:19 - [BENIGN] - DEBUG - Generated HTTP ACK reply from h5:80 <- h3:5445 [len=54B]
2025-09-12 20:23:20 - [BENIGN] - DEBUG - Generated HTTPS SYN from h3:57536 -> h5:443 [len=54B]
2025-09-12 20:23:20 - [BENIGN] - DEBUG - Generated HTTPS SYN-ACK from h5:443 <- h3:57536 [len=54B]
2025-09-12 20:23:21 - [BENIGN] - DEBUG - Generated HTTPS ACK from h3:57536 -> h5:443 [len=54B]
2025-09-12 20:23:22 - [BENIGN] - DEBUG - Generated HTTPS data traffic from h3:57536 -> h5:443 [content='Encrypted Application Data'] [Session 23] [len=787B]
2025-09-12 20:23:22 - [BENIGN] - DEBUG - Generated HTTPS ACK reply from h5:443 <- h3:57536 [len=54B]
2025-09-12 20:23:23 - [BENIGN] - DEBUG - Generated DNS query from h3:50626 -> h5:53 [qname='example.com'] [Session 24] [len=71B]
2025-09-12 20:23:23 - [BENIGN] - DEBUG - Generated ICMP traffic h2↔h5 3 [len=84B]
2025-09-12 20:23:24 - [BENIGN] - DEBUG - Generated TCP SYN from h3:39406 -> h5:12345 [len=54B]
2025-09-12 20:23:24 - [BENIGN] - DEBUG - Generated TCP SYN-ACK from h5:12345 <- h3:39406 [len=54B]
2025-09-12 20:23:25 - [BENIGN] - DEBUG - Generated TCP ACK from h3:39406 -> h5:12345 [len=54B]
2025-09-12 20:23:26 - [BENIGN] - DEBUG - Generated TCP data traffic from h3:39406 -> h5:12345 [content='TCP data'] [Session 25] [len=500B]
2025-09-12 20:23:26 - [BENIGN] - DEBUG - Generated TCP ACK reply from h5:12345 <- h3:39406 [len=54B]
2025-09-12 20:23:27 - [BENIGN] - DEBUG - Generated UDP traffic from h3:11953 -> h5:12346 [content='4fa778d50f07d07b966f817cfff7f83e0bacd74a...'] [Session 26] [len=1127B]
2025-09-12 20:23:27 - [BENIGN] - DEBUG - Generated Telnet SYN from h3:43133 -> h5:23 [len=54B]
2025-09-12 20:23:28 - [BENIGN] - DEBUG - Generated Telnet SYN-ACK from h5:23 <- h3:43133 [len=54B]
2025-09-12 20:23:29 - [BENIGN] - DEBUG - Generated Telnet ACK from h3:43133 -> h5:23 [len=54B]
2025-09-12 20:23:29 - [BENIGN] - DEBUG - Generated Telnet data traffic from h3:43133 -> h5:23 [content='Telnet command'] [Session 27] [len=874B]
2025-09-12 20:23:30 - [BENIGN] - DEBUG - Generated Telnet ACK reply from h5:23 <- h3:43133 [len=54B]
2025-09-12 20:23:30 - [BENIGN] - DEBUG - Generated SSH SYN from h3:24673 -> h5:22 [len=54B]
2025-09-12 20:23:31 - [BENIGN] - DEBUG - Generated SSH SYN-ACK from h5:22 <- h3:24673 [len=54B]
2025-09-12 20:23:32 - [BENIGN] - DEBUG - Generated SSH ACK from h3:24673 -> h5:22 [len=54B]
2025-09-12 20:23:32 - [BENIGN] - DEBUG - Generated SSH data traffic from h3:24673 -> h5:22 [content='SSH encrypted data'] [Session 28] [len=887B]
2025-09-12 20:23:33 - [BENIGN] - DEBUG - Generated SSH ACK reply from h5:22 <- h3:24673 [len=54B]
2025-09-12 20:23:34 - [BENIGN] - DEBUG - Generated FTP SYN from h3:46096 -> h5:21 [len=54B]
2025-09-12 20:23:34 - [BENIGN] - DEBUG - Generated FTP SYN-ACK from h5:21 <- h3:46096 [len=54B]
2025-09-12 20:23:35 - [BENIGN] - DEBUG - Generated FTP ACK from h3:46096 -> h5:21 [len=54B]
2025-09-12 20:23:36 - [BENIGN] - DEBUG - Generated FTP data traffic from h3:46096 -> h5:21 [content='FTP file transfer'] [Session 29] [len=766B]
2025-09-12 20:23:36 - [BENIGN] - DEBUG - Generated FTP ACK reply from h5:21 <- h3:46096 [len=54B]
2025-09-12 20:23:37 - [BENIGN] - DEBUG - Generated HTTP SYN from h3:54689 -> h5:80 [len=54B]
2025-09-12 20:23:37 - [BENIGN] - DEBUG - Generated HTTP SYN-ACK from h5:80 <- h3:54689 [len=54B]
2025-09-12 20:23:38 - [BENIGN] - DEBUG - Generated HTTP ACK from h3:54689 -> h5:80 [len=54B]
2025-09-12 20:23:39 - [BENIGN] - DEBUG - Generated HTTP data traffic from h3:54689 -> h5:80 [content='GET /index.html HTTP/1.1'] [Session 30] [len=513B]
2025-09-12 20:23:39 - [BENIGN] - DEBUG - Generated HTTP ACK reply from h5:80 <- h3:54689 [len=54B]
2025-09-12 20:23:40 - [BENIGN] - DEBUG - Generated HTTPS SYN from h3:31295 -> h5:443 [len=54B]
2025-09-12 20:23:41 - [BENIGN] - DEBUG - Generated HTTPS SYN-ACK from h5:443 <- h3:31295 [len=54B]
2025-09-12 20:23:41 - [BENIGN] - DEBUG - Generated HTTPS ACK from h3:31295 -> h5:443 [len=54B]
2025-09-12 20:23:42 - [BENIGN] - DEBUG - Generated HTTPS data traffic from h3:31295 -> h5:443 [content='Encrypted Application Data'] [Session 31] [len=795B]
2025-09-12 20:23:42 - [BENIGN] - DEBUG - Generated HTTPS ACK reply from h5:443 <- h3:31295 [len=54B]
2025-09-12 20:23:43 - [BENIGN] - DEBUG - Generated DNS query from h3:47767 -> h5:53 [qname='example.com'] [Session 32] [len=71B]
2025-09-12 20:23:43 - [BENIGN] - DEBUG - Generated ICMP traffic h2↔h5 4 [len=84B]
2025-09-12 20:23:44 - [BENIGN] - DEBUG - Generated TCP SYN from h3:1039 -> h5:12345 [len=54B]
2025-09-12 20:23:44 - [BENIGN] - DEBUG - Generated TCP SYN-ACK from h5:12345 <- h3:1039 [len=54B]
2025-09-12 20:23:45 - [BENIGN] - DEBUG - Generated TCP ACK from h3:1039 -> h5:12345 [len=54B]
2025-09-12 20:23:46 - [BENIGN] - DEBUG - Generated TCP data traffic from h3:1039 -> h5:12345 [content='TCP data'] [Session 33] [len=307B]
2025-09-12 20:23:46 - [BENIGN] - DEBUG - Generated TCP ACK reply from h5:12345 <- h3:1039 [len=54B]
2025-09-12 20:23:47 - [BENIGN] - DEBUG - Generated UDP traffic from h3:17277 -> h5:12346 [content='8137058b74e018263221eb1f8027cbd228e5a351...'] [Session 34] [len=501B]
2025-09-12 20:23:48 - [BENIGN] - DEBUG - Generated Telnet SYN from h3:37358 -> h5:23 [len=54B]
2025-09-12 20:23:48 - [BENIGN] - DEBUG - Generated Telnet SYN-ACK from h5:23 <- h3:37358 [len=54B]
2025-09-12 20:23:49 - [BENIGN] - DEBUG - Generated Telnet ACK from h3:37358 -> h5:23 [len=54B]
2025-09-12 20:23:49 - [BENIGN] - DEBUG - Generated Telnet data traffic from h3:37358 -> h5:23 [content='Telnet command'] [Session 35] [len=463B]
2025-09-12 20:23:50 - [BENIGN] - DEBUG - Generated Telnet ACK reply from h5:23 <- h3:37358 [len=54B]
2025-09-12 20:23:51 - [BENIGN] - DEBUG - Generated SSH SYN from h3:51707 -> h5:22 [len=54B]
2025-09-12 20:23:51 - [BENIGN] - DEBUG - Generated SSH SYN-ACK from h5:22 <- h3:51707 [len=54B]
2025-09-12 20:23:52 - [BENIGN] - DEBUG - Generated SSH ACK from h3:51707 -> h5:22 [len=54B]
2025-09-12 20:23:53 - [BENIGN] - DEBUG - Generated SSH data traffic from h3:51707 -> h5:22 [content='SSH encrypted data'] [Session 36] [len=1256B]
2025-09-12 20:23:53 - [BENIGN] - DEBUG - Generated SSH ACK reply from h5:22 <- h3:51707 [len=54B]
2025-09-12 20:23:54 - [BENIGN] - DEBUG - Generated FTP SYN from h3:48886 -> h5:21 [len=54B]
2025-09-12 20:23:54 - [BENIGN] - DEBUG - Generated FTP SYN-ACK from h5:21 <- h3:48886 [len=54B]
2025-09-12 20:23:55 - [BENIGN] - DEBUG - Generated FTP ACK from h3:48886 -> h5:21 [len=54B]
2025-09-12 20:23:56 - [BENIGN] - DEBUG - Generated FTP data traffic from h3:48886 -> h5:21 [content='FTP file transfer'] [Session 37] [len=1210B]
2025-09-12 20:23:56 - [BENIGN] - DEBUG - Generated FTP ACK reply from h5:21 <- h3:48886 [len=54B]
2025-09-12 20:23:57 - [BENIGN] - DEBUG - Generated HTTP SYN from h3:60925 -> h5:80 [len=54B]
2025-09-12 20:23:58 - [BENIGN] - DEBUG - Generated HTTP SYN-ACK from h5:80 <- h3:60925 [len=54B]
2025-09-12 20:23:58 - [BENIGN] - DEBUG - Generated HTTP ACK from h3:60925 -> h5:80 [len=54B]
2025-09-12 20:23:59 - [BENIGN] - DEBUG - Generated HTTP data traffic from h3:60925 -> h5:80 [content='GET /index.html HTTP/1.1'] [Session 38] [len=610B]
2025-09-12 20:24:00 - [BENIGN] - DEBUG - Generated HTTP ACK reply from h5:80 <- h3:60925 [len=54B]
2025-09-12 20:24:00 - [BENIGN] - DEBUG - Generated HTTPS SYN from h3:25408 -> h5:443 [len=54B]
2025-09-12 20:24:01 - [BENIGN] - DEBUG - Generated HTTPS SYN-ACK from h5:443 <- h3:25408 [len=54B]
2025-09-12 20:24:01 - [BENIGN] - DEBUG - Generated HTTPS ACK from h3:25408 -> h5:443 [len=54B]
2025-09-12 20:24:02 - [BENIGN] - DEBUG - Generated HTTPS data traffic from h3:25408 -> h5:443 [content='Encrypted Application Data'] [Session 39] [len=504B]
2025-09-12 20:24:03 - [BENIGN] - DEBUG - Generated HTTPS ACK reply from h5:443 <- h3:25408 [len=54B]
2025-09-12 20:24:03 - [BENIGN] - DEBUG - Generated DNS query from h3:48677 -> h5:53 [qname='example.com'] [Session 40] [len=71B]
2025-09-12 20:24:03 - [BENIGN] - DEBUG - Generated ICMP traffic h2↔h5 5 [len=84B]
2025-09-12 20:24:04 - [BENIGN] - DEBUG - Generated TCP SYN from h3:26858 -> h5:12345 [len=54B]
2025-09-12 20:24:05 - [BENIGN] - DEBUG - Generated TCP SYN-ACK from h5:12345 <- h3:26858 [len=54B]
2025-09-12 20:24:05 - [BENIGN] - DEBUG - Generated TCP ACK from h3:26858 -> h5:12345 [len=54B]
2025-09-12 20:24:06 - [BENIGN] - DEBUG - Generated TCP data traffic from h3:26858 -> h5:12345 [content='TCP data'] [Session 41] [len=1237B]
2025-09-12 20:24:07 - [BENIGN] - DEBUG - Generated TCP ACK reply from h5:12345 <- h3:26858 [len=54B]
2025-09-12 20:24:07 - [BENIGN] - DEBUG - Generated UDP traffic from h3:6041 -> h5:12346 [content='a8c5ce68b0b746274858af4d80454e5ac1ec8445...'] [Session 42] [len=528B]
2025-09-12 20:24:08 - [BENIGN] - DEBUG - Generated Telnet SYN from h3:29194 -> h5:23 [len=54B]
2025-09-12 20:24:09 - [BENIGN] - DEBUG - Generated Telnet SYN-ACK from h5:23 <- h3:29194 [len=54B]
2025-09-12 20:24:09 - [BENIGN] - DEBUG - Generated Telnet ACK from h3:29194 -> h5:23 [len=54B]
2025-09-12 20:24:10 - [BENIGN] - DEBUG - Generated Telnet data traffic from h3:29194 -> h5:23 [content='Telnet command'] [Session 43] [len=120B]
2025-09-12 20:24:10 - [BENIGN] - DEBUG - Generated Telnet ACK reply from h5:23 <- h3:29194 [len=54B]
2025-09-12 20:24:11 - [BENIGN] - DEBUG - Generated SSH SYN from h3:62817 -> h5:22 [len=54B]
2025-09-12 20:24:12 - [BENIGN] - DEBUG - Generated SSH SYN-ACK from h5:22 <- h3:62817 [len=54B]
2025-09-12 20:24:12 - [BENIGN] - DEBUG - Generated SSH ACK from h3:62817 -> h5:22 [len=54B]
2025-09-12 20:24:13 - [BENIGN] - DEBUG - Generated SSH data traffic from h3:62817 -> h5:22 [content='SSH encrypted data'] [Session 44] [len=656B]
2025-09-12 20:24:14 - [BENIGN] - DEBUG - Generated SSH ACK reply from h5:22 <- h3:62817 [len=54B]
2025-09-12 20:24:14 - [BENIGN] - DEBUG - Generated FTP SYN from h3:25283 -> h5:21 [len=54B]
2025-09-12 20:24:15 - [BENIGN] - DEBUG - Generated FTP SYN-ACK from h5:21 <- h3:25283 [len=54B]
2025-09-12 20:24:15 - [BENIGN] - DEBUG - Generated FTP ACK from h3:25283 -> h5:21 [len=54B]
2025-09-12 20:24:16 - [BENIGN] - DEBUG - Generated FTP data traffic from h3:25283 -> h5:21 [content='FTP file transfer'] [Session 45] [len=1013B]
2025-09-12 20:24:17 - [BENIGN] - DEBUG - Generated FTP ACK reply from h5:21 <- h3:25283 [len=54B]
2025-09-12 20:24:17 - [BENIGN] - DEBUG - Generated HTTP SYN from h3:14080 -> h5:80 [len=54B]
2025-09-12 20:24:18 - [BENIGN] - DEBUG - Generated HTTP SYN-ACK from h5:80 <- h3:14080 [len=54B]
2025-09-12 20:24:19 - [BENIGN] - DEBUG - Generated HTTP ACK from h3:14080 -> h5:80 [len=54B]
2025-09-12 20:24:19 - [BENIGN] - DEBUG - Generated HTTP data traffic from h3:14080 -> h5:80 [content='GET /index.html HTTP/1.1'] [Session 46] [len=411B]
2025-09-12 20:24:20 - [BENIGN] - DEBUG - Generated HTTP ACK reply from h5:80 <- h3:14080 [len=54B]
2025-09-12 20:24:20 - [BENIGN] - DEBUG - Generated HTTPS SYN from h3:3015 -> h5:443 [len=54B]
2025-09-12 20:24:21 - [BENIGN] - DEBUG - Generated HTTPS SYN-ACK from h5:443 <- h3:3015 [len=54B]
2025-09-12 20:24:22 - [BENIGN] - DEBUG - Generated HTTPS ACK from h3:3015 -> h5:443 [len=54B]
2025-09-12 20:24:22 - [BENIGN] - DEBUG - Generated HTTPS data traffic from h3:3015 -> h5:443 [content='Encrypted Application Data'] [Session 47] [len=759B]
2025-09-12 20:24:23 - [BENIGN] - DEBUG - Generated HTTPS ACK reply from h5:443 <- h3:3015 [len=54B]
2025-09-12 20:24:24 - [BENIGN] - DEBUG - Generated DNS query from h3:50884 -> h5:53 [qname='example.com'] [Session 48] [len=71B]
2025-09-12 20:24:24 - [BENIGN] - DEBUG - Generated ICMP traffic h2↔h5 6 [len=84B]
2025-09-12 20:24:24 - [BENIGN] - DEBUG - Generated TCP SYN from h3:48771 -> h5:12345 [len=54B]
2025-09-12 20:24:25 - [BENIGN] - DEBUG - Generated TCP SYN-ACK from h5:12345 <- h3:48771 [len=54B]
2025-09-12 20:24:26 - [BENIGN] - DEBUG - Generated TCP ACK from h3:48771 -> h5:12345 [len=54B]
2025-09-12 20:24:26 - [BENIGN] - DEBUG - Generated TCP data traffic from h3:48771 -> h5:12345 [content='TCP data'] [Session 49] [len=1485B]
2025-09-12 20:24:27 - [BENIGN] - DEBUG - Generated TCP ACK reply from h5:12345 <- h3:48771 [len=54B]
2025-09-12 20:24:28 - [BENIGN] - DEBUG - Generated UDP traffic from h3:37165 -> h5:12346 [content='b06a01f3752c8bd277c0aba7a69be6cd8ce25c51...'] [Session 50] [len=801B]
2025-09-12 20:24:28 - [BENIGN] - DEBUG - Generated Telnet SYN from h3:29623 -> h5:23 [len=54B]
2025-09-12 20:24:29 - [BENIGN] - DEBUG - Generated Telnet SYN-ACK from h5:23 <- h3:29623 [len=54B]
2025-09-12 20:24:30 - [BENIGN] - DEBUG - Generated Telnet ACK from h3:29623 -> h5:23 [len=54B]
2025-09-12 20:24:30 - [BENIGN] - DEBUG - Generated Telnet data traffic from h3:29623 -> h5:23 [content='Telnet command'] [Session 51] [len=137B]
2025-09-12 20:24:31 - [BENIGN] - DEBUG - Generated Telnet ACK reply from h5:23 <- h3:29623 [len=54B]
2025-09-12 20:24:31 - [BENIGN] - DEBUG - Generated SSH SYN from h3:27996 -> h5:22 [len=54B]
2025-09-12 20:24:32 - [BENIGN] - DEBUG - Generated SSH SYN-ACK from h5:22 <- h3:27996 [len=54B]
2025-09-12 20:24:33 - [BENIGN] - DEBUG - Generated SSH ACK from h3:27996 -> h5:22 [len=54B]
2025-09-12 20:24:33 - [BENIGN] - DEBUG - Generated SSH data traffic from h3:27996 -> h5:22 [content='SSH encrypted data'] [Session 52] [len=1114B]
2025-09-12 20:24:34 - [BENIGN] - DEBUG - Generated SSH ACK reply from h5:22 <- h3:27996 [len=54B]
2025-09-12 20:24:35 - [BENIGN] - DEBUG - Generated FTP SYN from h3:29493 -> h5:21 [len=54B]
2025-09-12 20:24:35 - [BENIGN] - DEBUG - Generated FTP SYN-ACK from h5:21 <- h3:29493 [len=54B]
2025-09-12 20:24:36 - [BENIGN] - DEBUG - Generated FTP ACK from h3:29493 -> h5:21 [len=54B]
2025-09-12 20:24:36 - [BENIGN] - DEBUG - Generated FTP data traffic from h3:29493 -> h5:21 [content='FTP file transfer'] [Session 53] [len=660B]
2025-09-12 20:24:37 - [BENIGN] - DEBUG - Generated FTP ACK reply from h5:21 <- h3:29493 [len=54B]
2025-09-12 20:24:38 - [BENIGN] - DEBUG - Generated HTTP SYN from h3:31591 -> h5:80 [len=54B]
2025-09-12 20:24:38 - [BENIGN] - DEBUG - Generated HTTP SYN-ACK from h5:80 <- h3:31591 [len=54B]
2025-09-12 20:24:39 - [BENIGN] - DEBUG - Generated HTTP ACK from h3:31591 -> h5:80 [len=54B]
2025-09-12 20:24:40 - [BENIGN] - DEBUG - Generated HTTP data traffic from h3:31591 -> h5:80 [content='GET /index.html HTTP/1.1'] [Session 54] [len=320B]
2025-09-12 20:24:40 - [BENIGN] - DEBUG - Generated HTTP ACK reply from h5:80 <- h3:31591 [len=54B]
2025-09-12 20:24:41 - [BENIGN] - DEBUG - Generated HTTPS SYN from h3:36744 -> h5:443 [len=54B]
2025-09-12 20:24:42 - [BENIGN] - DEBUG - Generated HTTPS SYN-ACK from h5:443 <- h3:36744 [len=54B]
2025-09-12 20:24:42 - [BENIGN] - DEBUG - Generated HTTPS ACK from h3:36744 -> h5:443 [len=54B]
2025-09-12 20:24:43 - [BENIGN] - DEBUG - Generated HTTPS data traffic from h3:36744 -> h5:443 [content='Encrypted Application Data'] [Session 55] [len=541B]
2025-09-12 20:24:44 - [BENIGN] - DEBUG - Generated HTTPS ACK reply from h5:443 <- h3:36744 [len=54B]
2025-09-12 20:24:44 - [BENIGN] - DEBUG - Generated DNS query from h3:42009 -> h5:53 [qname='example.com'] [Session 56] [len=71B]
2025-09-12 20:24:44 - [BENIGN] - DEBUG - Generated ICMP traffic h2↔h5 7 [len=84B]
2025-09-12 20:24:45 - [BENIGN] - DEBUG - Generated TCP SYN from h3:29387 -> h5:12345 [len=54B]
2025-09-12 20:24:46 - [BENIGN] - DEBUG - Generated TCP SYN-ACK from h5:12345 <- h3:29387 [len=54B]
2025-09-12 20:24:46 - [BENIGN] - DEBUG - Generated TCP ACK from h3:29387 -> h5:12345 [len=54B]
2025-09-12 20:24:47 - [BENIGN] - DEBUG - Generated TCP data traffic from h3:29387 -> h5:12345 [content='TCP data'] [Session 57] [len=814B]
2025-09-12 20:24:48 - [BENIGN] - DEBUG - Generated TCP ACK reply from h5:12345 <- h3:29387 [len=54B]
2025-09-12 20:24:48 - [BENIGN] - DEBUG - Generated UDP traffic from h3:28771 -> h5:12346 [content='4b1edefd694143596c99e685235488edee57f8b1...'] [Session 58] [len=532B]
2025-09-12 20:24:49 - [BENIGN] - DEBUG - Generated Telnet SYN from h3:33132 -> h5:23 [len=54B]
2025-09-12 20:24:50 - [BENIGN] - DEBUG - Generated Telnet SYN-ACK from h5:23 <- h3:33132 [len=54B]
2025-09-12 20:24:50 - [BENIGN] - DEBUG - Generated Telnet ACK from h3:33132 -> h5:23 [len=54B]
2025-09-12 20:24:51 - [BENIGN] - DEBUG - Generated Telnet data traffic from h3:33132 -> h5:23 [content='Telnet command'] [Session 59] [len=1259B]
2025-09-12 20:24:52 - [BENIGN] - DEBUG - Generated Telnet ACK reply from h5:23 <- h3:33132 [len=54B]
2025-09-12 20:24:52 - [BENIGN] - DEBUG - Generated SSH SYN from h3:25195 -> h5:22 [len=54B]
2025-09-12 20:24:53 - [BENIGN] - DEBUG - Generated SSH SYN-ACK from h5:22 <- h3:25195 [len=54B]
2025-09-12 20:24:53 - [BENIGN] - DEBUG - Generated SSH ACK from h3:25195 -> h5:22 [len=54B]
2025-09-12 20:24:54 - [BENIGN] - DEBUG - Generated SSH data traffic from h3:25195 -> h5:22 [content='SSH encrypted data'] [Session 60] [len=899B]
2025-09-12 20:24:55 - [BENIGN] - DEBUG - Generated SSH ACK reply from h5:22 <- h3:25195 [len=54B]
2025-09-12 20:24:55 - [BENIGN] - DEBUG - Generated FTP SYN from h3:11519 -> h5:21 [len=54B]
2025-09-12 20:24:56 - [BENIGN] - DEBUG - Generated FTP SYN-ACK from h5:21 <- h3:11519 [len=54B]
2025-09-12 20:24:57 - [BENIGN] - DEBUG - Generated FTP ACK from h3:11519 -> h5:21 [len=54B]
2025-09-12 20:24:57 - [BENIGN] - DEBUG - Generated FTP data traffic from h3:11519 -> h5:21 [content='FTP file transfer'] [Session 61] [len=343B]
2025-09-12 20:24:58 - [BENIGN] - DEBUG - Generated FTP ACK reply from h5:21 <- h3:11519 [len=54B]
2025-09-12 20:24:58 - [BENIGN] - DEBUG - Generated HTTP SYN from h3:14421 -> h5:80 [len=54B]
2025-09-12 20:24:59 - [BENIGN] - DEBUG - Generated HTTP SYN-ACK from h5:80 <- h3:14421 [len=54B]
2025-09-12 20:25:00 - [BENIGN] - DEBUG - Generated HTTP ACK from h3:14421 -> h5:80 [len=54B]
2025-09-12 20:25:00 - [BENIGN] - DEBUG - Generated HTTP data traffic from h3:14421 -> h5:80 [content='GET /index.html HTTP/1.1'] [Session 62] [len=585B]
2025-09-12 20:25:01 - [BENIGN] - DEBUG - Generated HTTP ACK reply from h5:80 <- h3:14421 [len=54B]
2025-09-12 20:25:01 - [BENIGN] - DEBUG - Generated HTTPS SYN from h3:4723 -> h5:443 [len=54B]
2025-09-12 20:25:02 - [BENIGN] - DEBUG - Generated HTTPS SYN-ACK from h5:443 <- h3:4723 [len=54B]
2025-09-12 20:25:03 - [BENIGN] - DEBUG - Generated HTTPS ACK from h3:4723 -> h5:443 [len=54B]
2025-09-12 20:25:03 - [BENIGN] - DEBUG - Generated HTTPS data traffic from h3:4723 -> h5:443 [content='Encrypted Application Data'] [Session 63] [len=532B]
2025-09-12 20:25:04 - [BENIGN] - DEBUG - Generated HTTPS ACK reply from h5:443 <- h3:4723 [len=54B]
2025-09-12 20:25:05 - [BENIGN] - DEBUG - Generated DNS query from h3:5854 -> h5:53 [qname='example.com'] [Session 64] [len=71B]
2025-09-12 20:25:05 - [BENIGN] - DEBUG - Generated ICMP traffic h2↔h5 8 [len=84B]
2025-09-12 20:25:05 - [BENIGN] - DEBUG - Generated TCP SYN from h3:28454 -> h5:12345 [len=54B]
2025-09-12 20:25:06 - [BENIGN] - DEBUG - Generated TCP SYN-ACK from h5:12345 <- h3:28454 [len=54B]
2025-09-12 20:25:07 - [BENIGN] - DEBUG - Generated TCP ACK from h3:28454 -> h5:12345 [len=54B]
2025-09-12 20:25:07 - [BENIGN] - DEBUG - Generated TCP data traffic from h3:28454 -> h5:12345 [content='TCP data'] [Session 65] [len=319B]
2025-09-12 20:25:08 - [BENIGN] - DEBUG - Generated TCP ACK reply from h5:12345 <- h3:28454 [len=54B]
2025-09-12 20:25:08 - [BENIGN] - DEBUG - Generated UDP traffic from h3:17257 -> h5:12346 [content='d0c6686d374d99a61305f42e6234162b65060a59...'] [Session 66] [len=956B]
2025-09-12 20:25:09 - [BENIGN] - DEBUG - Generated Telnet SYN from h3:23640 -> h5:23 [len=54B]
2025-09-12 20:25:10 - [BENIGN] - DEBUG - Generated Telnet SYN-ACK from h5:23 <- h3:23640 [len=54B]
2025-09-12 20:25:10 - [BENIGN] - DEBUG - Generated Telnet ACK from h3:23640 -> h5:23 [len=54B]
2025-09-12 20:25:11 - [BENIGN] - DEBUG - Generated Telnet data traffic from h3:23640 -> h5:23 [content='Telnet command'] [Session 67] [len=525B]
2025-09-12 20:25:12 - [BENIGN] - DEBUG - Generated Telnet ACK reply from h5:23 <- h3:23640 [len=54B]
2025-09-12 20:25:12 - [BENIGN] - DEBUG - Generated SSH SYN from h3:11205 -> h5:22 [len=54B]
2025-09-12 20:25:13 - [BENIGN] - DEBUG - Generated SSH SYN-ACK from h5:22 <- h3:11205 [len=54B]
2025-09-12 20:25:14 - [BENIGN] - DEBUG - Generated SSH ACK from h3:11205 -> h5:22 [len=54B]
2025-09-12 20:25:14 - [BENIGN] - DEBUG - Generated SSH data traffic from h3:11205 -> h5:22 [content='SSH encrypted data'] [Session 68] [len=1030B]
2025-09-12 20:25:15 - [BENIGN] - DEBUG - Generated SSH ACK reply from h5:22 <- h3:11205 [len=54B]
2025-09-12 20:25:15 - [BENIGN] - DEBUG - Generated FTP SYN from h3:22679 -> h5:21 [len=54B]
2025-09-12 20:25:16 - [BENIGN] - DEBUG - Generated FTP SYN-ACK from h5:21 <- h3:22679 [len=54B]
2025-09-12 20:25:17 - [BENIGN] - DEBUG - Generated FTP ACK from h3:22679 -> h5:21 [len=54B]
2025-09-12 20:25:17 - [BENIGN] - DEBUG - Generated FTP data traffic from h3:22679 -> h5:21 [content='FTP file transfer'] [Session 69] [len=323B]
2025-09-12 20:25:18 - [BENIGN] - DEBUG - Generated FTP ACK reply from h5:21 <- h3:22679 [len=54B]
2025-09-12 20:25:19 - [BENIGN] - DEBUG - Generated HTTP SYN from h3:11695 -> h5:80 [len=54B]
2025-09-12 20:25:19 - [BENIGN] - DEBUG - Generated HTTP SYN-ACK from h5:80 <- h3:11695 [len=54B]
2025-09-12 20:25:20 - [BENIGN] - DEBUG - Generated HTTP ACK from h3:11695 -> h5:80 [len=54B]
2025-09-12 20:25:21 - [BENIGN] - DEBUG - Generated HTTP data traffic from h3:11695 -> h5:80 [content='GET /index.html HTTP/1.1'] [Session 70] [len=505B]
2025-09-12 20:25:21 - [BENIGN] - DEBUG - Generated HTTP ACK reply from h5:80 <- h3:11695 [len=54B]
2025-09-12 20:25:22 - [BENIGN] - DEBUG - Generated HTTPS SYN from h3:58153 -> h5:443 [len=54B]
2025-09-12 20:25:22 - [BENIGN] - DEBUG - Generated HTTPS SYN-ACK from h5:443 <- h3:58153 [len=54B]
2025-09-12 20:25:23 - [BENIGN] - DEBUG - Generated HTTPS ACK from h3:58153 -> h5:443 [len=54B]
2025-09-12 20:25:24 - [BENIGN] - DEBUG - Generated HTTPS data traffic from h3:58153 -> h5:443 [content='Encrypted Application Data'] [Session 71] [len=285B]
2025-09-12 20:25:24 - [BENIGN] - DEBUG - Generated HTTPS ACK reply from h5:443 <- h3:58153 [len=54B]
2025-09-12 20:25:25 - [BENIGN] - DEBUG - Generated DNS query from h3:20429 -> h5:53 [qname='example.com'] [Session 72] [len=71B]
2025-09-12 20:25:25 - [BENIGN] - DEBUG - Generated ICMP traffic h2↔h5 9 [len=84B]
2025-09-12 20:25:26 - [BENIGN] - DEBUG - Generated TCP SYN from h3:5530 -> h5:12345 [len=54B]
2025-09-12 20:25:26 - [BENIGN] - DEBUG - Generated TCP SYN-ACK from h5:12345 <- h3:5530 [len=54B]
2025-09-12 20:25:27 - [BENIGN] - DEBUG - Generated TCP ACK from h3:5530 -> h5:12345 [len=54B]
2025-09-12 20:25:28 - [BENIGN] - DEBUG - Generated TCP data traffic from h3:5530 -> h5:12345 [content='TCP data'] [Session 73] [len=1124B]
2025-09-12 20:25:28 - [BENIGN] - DEBUG - Generated TCP ACK reply from h5:12345 <- h3:5530 [len=54B]
2025-09-12 20:25:29 - [BENIGN] - DEBUG - Generated UDP traffic from h3:52911 -> h5:12346 [content='0d0d15048197458c8ea1f4526e56761fc32184f0...'] [Session 74] [len=364B]
2025-09-12 20:25:30 - [BENIGN] - DEBUG - Generated Telnet SYN from h3:26909 -> h5:23 [len=54B]
2025-09-12 20:25:30 - [BENIGN] - DEBUG - Generated Telnet SYN-ACK from h5:23 <- h3:26909 [len=54B]
2025-09-12 20:25:31 - [BENIGN] - DEBUG - Generated Telnet ACK from h3:26909 -> h5:23 [len=54B]
2025-09-12 20:25:31 - [BENIGN] - DEBUG - Generated Telnet data traffic from h3:26909 -> h5:23 [content='Telnet command'] [Session 75] [len=231B]
2025-09-12 20:25:32 - [BENIGN] - DEBUG - Generated Telnet ACK reply from h5:23 <- h3:26909 [len=54B]
2025-09-12 20:25:33 - [BENIGN] - DEBUG - Generated SSH SYN from h3:24701 -> h5:22 [len=54B]
2025-09-12 20:25:33 - [BENIGN] - DEBUG - Generated SSH SYN-ACK from h5:22 <- h3:24701 [len=54B]
2025-09-12 20:25:34 - [BENIGN] - DEBUG - Generated SSH ACK from h3:24701 -> h5:22 [len=54B]
2025-09-12 20:25:35 - [BENIGN] - DEBUG - Generated SSH data traffic from h3:24701 -> h5:22 [content='SSH encrypted data'] [Session 76] [len=1221B]
2025-09-12 20:25:35 - [BENIGN] - DEBUG - Generated SSH ACK reply from h5:22 <- h3:24701 [len=54B]
2025-09-12 20:25:36 - [BENIGN] - DEBUG - Generated FTP SYN from h3:25556 -> h5:21 [len=54B]
2025-09-12 20:25:36 - [BENIGN] - DEBUG - Generated FTP SYN-ACK from h5:21 <- h3:25556 [len=54B]
2025-09-12 20:25:37 - [BENIGN] - DEBUG - Generated FTP ACK from h3:25556 -> h5:21 [len=54B]
2025-09-12 20:25:38 - [BENIGN] - DEBUG - Generated FTP data traffic from h3:25556 -> h5:21 [content='FTP file transfer'] [Session 77] [len=1451B]
2025-09-12 20:25:38 - [BENIGN] - DEBUG - Generated FTP ACK reply from h5:21 <- h3:25556 [len=54B]
2025-09-12 20:25:39 - [BENIGN] - DEBUG - Generated HTTP SYN from h3:32477 -> h5:80 [len=54B]
2025-09-12 20:25:40 - [BENIGN] - DEBUG - Generated HTTP SYN-ACK from h5:80 <- h3:32477 [len=54B]
2025-09-12 20:25:40 - [BENIGN] - DEBUG - Generated HTTP ACK from h3:32477 -> h5:80 [len=54B]
2025-09-12 20:25:41 - [BENIGN] - DEBUG - Generated HTTP data traffic from h3:32477 -> h5:80 [content='GET /index.html HTTP/1.1'] [Session 78] [len=535B]
2025-09-12 20:25:42 - [BENIGN] - DEBUG - Generated HTTP ACK reply from h5:80 <- h3:32477 [len=54B]
2025-09-12 20:25:42 - [BENIGN] - DEBUG - Generated HTTPS SYN from h3:52400 -> h5:443 [len=54B]
2025-09-12 20:25:43 - [BENIGN] - DEBUG - Generated HTTPS SYN-ACK from h5:443 <- h3:52400 [len=54B]
2025-09-12 20:25:43 - [BENIGN] - DEBUG - Generated HTTPS ACK from h3:52400 -> h5:443 [len=54B]
2025-09-12 20:25:44 - [BENIGN] - DEBUG - Generated HTTPS data traffic from h3:52400 -> h5:443 [content='Encrypted Application Data'] [Session 79] [len=677B]
2025-09-12 20:25:45 - [BENIGN] - DEBUG - Generated HTTPS ACK reply from h5:443 <- h3:52400 [len=54B]
2025-09-12 20:25:45 - [BENIGN] - DEBUG - Generated DNS query from h3:47835 -> h5:53 [qname='example.com'] [Session 80] [len=71B]
2025-09-12 20:25:45 - [BENIGN] - INFO - Benign traffic finished.
2025-09-12 20:25:45 - [BENIGN] - INFO - Summary: 80 protocol sessions with protocol separation:
2025-09-12 20:25:45 - [BENIGN] - INFO -   - h2↔h5: ICMP ping traffic
2025-09-12 20:25:45 - [BENIGN] - INFO -   - h3↔h5: TCP/UDP traffic [TCP, UDP, Telnet, SSH, FTP, HTTP, HTTPS, DNS]
2025-09-12 20:25:45 - [BENIGN] - INFO - Total packets sent: 340
