2025-07-20 20:36:28 - [MAIN] - INFO - 🚀 TIER 1 ZERO-INSTALLATION ENHANCEMENTS ACTIVE
2025-07-20 20:36:28 - [MAIN] - INFO - 📈 Target Sophistication Level: ~57.5%
2025-07-20 20:36:28 - [MAIN] - INFO - 🔧 Built-in Dependencies Only (statistics, math, hashlib, collections, calendar, base64)
2025-07-20 20:36:28 - [MAIN] - INFO - ⚡ CPU Affinity Optimization ENABLED
2025-07-20 20:36:28,763 - __main__ - INFO - 🔧 CPU Core Allocation:
2025-07-20 20:36:28,763 - __main__ - INFO -   System: Cores 0
2025-07-20 20:36:28,763 - __main__ - INFO -   Ryu: Cores 1
2025-07-20 20:36:28,764 - __main__ - INFO -   Mininet: Cores 2,3,4
2025-07-20 20:36:28,764 - __main__ - INFO -   Attacks: Cores 5,6,7,8,9,10
2025-07-20 20:36:28,764 - __main__ - INFO -   Background: Cores 11
2025-07-20 20:36:28,764 - __main__ - INFO -   Pcap: Cores 0-15 (all cores, post-simulation)
2025-07-20 20:36:28 - [MAIN] - INFO - Cleaning up any previous Mininet instances...
2025-07-20 20:36:30 - [MAIN] - INFO - Mininet cleanup complete.
2025-07-20 20:36:30,122 - __main__ - INFO - Verifying required tools...
2025-07-20 20:36:30,338 - __main__ - INFO - TShark version: Running as user "root" and group "root". This could be dangerous.
2025-07-20 20:36:30,344 - __main__ - INFO - ✅ taskset CPU affinity tool is available
2025-07-20 20:36:30,344 - __main__ - INFO - All required tools are available.
2025-07-20 20:36:30 - [MAIN] - INFO - Using configuration file: /home/user/Desktop/dataset_generation/config.json
2025-07-20 20:36:30,345 - __main__ - INFO - Starting Ryu SDN controller with CPU affinity...
2025-07-20 20:36:30,345 - __main__ - INFO - 🚀 Starting ryu on cores [1]: ryu-manager /home/user/Desktop/dataset_generation/src/controller/ryu_controller_app.py
2025-07-20 20:36:30,349 - __main__ - INFO - ✅ Started ryu with PID 51925 on cores [1]
2025-07-20 20:36:30,350 - __main__ - INFO - Ryu controller started with PID: 51925. See main_output/200725-3/ryu.log for logs.
2025-07-20 20:36:30,350 - __main__ - INFO - Checking for controller on port 6653 (timeout: 30s)...
2025-07-20 20:36:31,366 - __main__ - INFO - Controller is up and listening.
2025-07-20 20:36:31 - [MAIN] - INFO - Testing /hello endpoint...
2025-07-20 20:36:31 - [MAIN] - INFO - Test /hello endpoint: PASSED
2025-07-20 20:36:31,374 - __main__ - INFO - Setting up Mininet topology...
2025-07-20 20:36:31,615 - __main__ - INFO - Mininet version: 
2025-07-20 20:36:31,623 - __main__ - INFO - Connecting to remote controller at 127.0.0.1:6653
2025-07-20 20:36:33,901 - __main__ - INFO - Mininet network started successfully.
2025-07-20 20:36:33,901 - __main__ - INFO - Running Mininet pingall test...
2025-07-20 20:36:38,987 - __main__ - INFO - Mininet pingall test completed successfully. Packet loss: 0.0%
2025-07-20 20:36:38,988 - __main__ - INFO - Starting enhanced traffic generation scenario with CPU affinity optimization...
2025-07-20 20:36:38,988 - __main__ - INFO - ✅ Set current process affinity to cores [5, 6, 7, 8, 9, 10] for attacks
2025-07-20 20:36:38,988 - __main__ - INFO - ✅ Set CPU affinity for attack generation processes
2025-07-20 20:36:38,988 - __main__ - INFO - Phase 1: Initialization (5s)...
2025-07-20 20:36:43,999 - __main__ - INFO - Starting flow statistics collection for 6050 seconds...
2025-07-20 20:36:43,999 - __main__ - INFO - Flow statistics collection started in background.
2025-07-20 20:36:44,001 - __main__ - INFO - Phase 2: Normal Traffic (900s)...
2025-07-20 20:36:44,001 - __main__ - INFO - Timeline updated: normal phase started at 1753015004.0018427
2025-07-20 20:51:48,524 - __main__ - INFO - Stopping packet capture (PID: 52191)...
2025-07-20 20:51:48,594 - __main__ - INFO - Packet capture stopped.
2025-07-20 20:51:48,594 - __main__ - INFO - Phase 3.1: Enhanced Traditional DDoS Attacks...
2025-07-20 20:51:48,594 - __main__ - INFO - Timeline updated: syn_flood phase started at 1753015908.5943964
2025-07-20 20:53:08,132 - __main__ - INFO - Stopping packet capture (PID: 58082)...
2025-07-20 20:53:08,185 - __main__ - INFO - Packet capture stopped.
2025-07-20 20:53:08,186 - __main__ - INFO - Timeline updated: udp_flood phase started at 1753015988.1861062
2025-07-20 20:54:30,786 - __main__ - INFO - Stopping packet capture (PID: 58090)...
2025-07-20 20:54:30,886 - __main__ - INFO - Packet capture stopped.
2025-07-20 20:54:30,887 - __main__ - INFO - Timeline updated: icmp_flood phase started at 1753016070.8871353
2025-07-20 20:55:50,529 - __main__ - INFO - Stopping packet capture (PID: 58098)...
2025-07-20 20:55:50,654 - __main__ - INFO - Packet capture stopped.
2025-07-20 20:55:50,655 - __main__ - INFO - Phase 3.2: ENHANCED Adversarial DDoS Attacks...
2025-07-20 20:55:50,655 - __main__ - INFO - Timeline updated: ad_syn phase started at 1753016150.6551554
2025-07-20 21:25:57,644 - __main__ - INFO - Stopping packet capture (PID: 58108)...
2025-07-20 21:25:57,731 - __main__ - INFO - Packet capture stopped.
2025-07-20 21:25:57,731 - __main__ - INFO - Timeline updated: ad_udp phase started at 1753017957.7316866
2025-07-20 21:46:07,692 - __main__ - INFO - Stopping packet capture (PID: 58191)...
2025-07-20 21:46:07,775 - __main__ - INFO - Packet capture stopped.
2025-07-20 21:46:07,775 - __main__ - INFO - Timeline updated: ad_slow phase started at 1753019167.7756433
2025-07-20 21:46:13,817 - __main__ - INFO - Proceeding with ENHANCED adversarial slow attack
2025-07-20 21:46:13,817 - __main__ - INFO - Attack traffic will be captured via h6_slow_read.pcap and ad_slow.pcap
2025-07-20 22:16:18,935 - __main__ - INFO - Stopping packet capture (PID: 58247)...
2025-07-20 22:16:18,997 - __main__ - INFO - Packet capture stopped.
2025-07-20 22:16:18,997 - __main__ - INFO - Stopping packet capture (PID: 58246)...
2025-07-20 22:16:19,098 - __main__ - INFO - Packet capture stopped.
2025-07-20 22:16:19,099 - __main__ - INFO - Analyzing main_output/200725-3/h6_slow_read.pcap for TCP issues...
2025-07-20 22:16:19,099 - __main__ - INFO - TCP Analysis on h6 PCAP: RST Count = 0, Retransmission Count = 0
2025-07-20 22:16:19,100 - __main__ - WARNING - Inter-Packet Arrival Time analysis failed for h6 PCAP: Not enough packets
2025-07-20 22:16:19,100 - __main__ - INFO - Phase 4: Cooldown (5s)...
2025-07-20 22:16:19,100 - __main__ - INFO - Timeline updated: normal phase started at 1753020979.1002915
2025-07-20 22:16:24,111 - __main__ - INFO - Signaling flow collection thread to stop...
2025-07-20 22:16:24,111 - __main__ - INFO - Waiting for flow collection thread to finish...
2025-07-20 22:16:24,427 - __main__ - INFO - Flow collection received stop signal, ending gracefully.
2025-07-20 22:16:24,428 - __main__ - INFO - Flow timeline collection completed.
2025-07-20 22:16:26,676 - __main__ - INFO - Flow statistics saved to main_output/200725-3/flow_features.csv
2025-07-20 22:16:26,763 - __main__ - INFO - Flow collection thread finished successfully
2025-07-20 22:16:26,764 - __main__ - INFO - ============================================================
2025-07-20 22:16:26,764 - __main__ - INFO - ENHANCED COMPREHENSIVE TIMING SUMMARY
2025-07-20 22:16:26,764 - __main__ - INFO - ============================================================
2025-07-20 22:16:26,764 - __main__ - INFO - Configuration File: /home/user/Desktop/dataset_generation/config.json
2025-07-20 22:16:26,764 - __main__ - INFO - 
2025-07-20 22:16:26,764 - __main__ - INFO - Total Scenario Runtime: 5987.78 seconds (99.80 minutes)
2025-07-20 22:16:26,764 - __main__ - INFO - 
2025-07-20 22:16:26,764 - __main__ - INFO - Phase-by-Phase Breakdown:
2025-07-20 22:16:26,764 - __main__ - INFO -   Enhanced Traditional Attacks:
2025-07-20 22:16:26,764 - __main__ - INFO -     Enhanced Syn Flood: 79.59s (configured: 75s)
2025-07-20 22:16:26,764 - __main__ - INFO -     Enhanced Udp Flood: 82.70s (configured: 75s)
2025-07-20 22:16:26,764 - __main__ - INFO -     Enhanced Icmp Flood: 79.77s (configured: 75s)
2025-07-20 22:16:26,764 - __main__ - INFO -   ENHANCED Adversarial Attacks:
2025-07-20 22:16:26,765 - __main__ - INFO -     ENHANCED TCP State Exhaustion: 1807.08s (configured: 1800s)
2025-07-20 22:16:26,765 - __main__ - INFO -     ENHANCED Application Layer: 1210.04s (configured: 1200s)
2025-07-20 22:16:26,765 - __main__ - INFO -     ENHANCED Slow Read: 1811.32s (configured: 1800s)
2025-07-20 22:16:26,765 - __main__ - INFO -   Initialization: 5.01s (configured: 5s)
2025-07-20 22:16:26,765 - __main__ - INFO -   Normal_Traffic: 904.59s (configured: 900s)
2025-07-20 22:16:26,765 - __main__ - INFO -   Cooldown: 5.01s (configured: 5s)
2025-07-20 22:16:26,765 - __main__ - INFO - ============================================================
2025-07-20 22:16:26,765 - __main__ - INFO - ENHANCED traffic generation scenario finished with ~57.5% sophistication level.
2025-07-20 22:16:26 - [MAIN] - INFO - Enhanced PCAP generation complete.
2025-07-20 22:16:26 - [MAIN] - INFO - Processing 8 PCAP files using 4 CPU cores...
2025-07-20 22:16:26,765 - __main__ - INFO - Starting parallel PCAP processing with 4 workers...
2025-07-20 22:16:26,765 - __main__ - INFO - ✅ Set current process affinity to cores [0, 1, 2, 3, 4, 5, 6, 7, 8, 9, 10, 11, 12, 13, 14, 15] for pcap
2025-07-20 22:16:26,765 - __main__ - INFO - ✅ Set CPU affinity for PCAP processing (all cores)
2025-07-20 22:16:31,812 - __main__ - INFO - ✓ Completed processing normal.pcap (6092 records)
2025-07-20 22:16:31,812 - __main__ - INFO - ✓ Completed processing syn_flood.pcap (1321 records)
2025-07-20 22:16:31,812 - __main__ - INFO - ✓ Completed processing udp_flood.pcap (846 records)
2025-07-20 22:16:31,812 - __main__ - INFO - ✓ Completed processing icmp_flood.pcap (668 records)
2025-07-20 22:16:31,812 - __main__ - INFO - ✓ Completed processing ad_syn.pcap (1620 records)
2025-07-20 22:16:31,812 - __main__ - INFO - ✓ Completed processing ad_udp.pcap (916 records)
2025-07-20 22:16:31,813 - __main__ - INFO - ✓ Completed processing ad_slow.pcap (1356 records)
2025-07-20 22:16:31,813 - __main__ - INFO - ✓ Completed processing h6_slow_read.pcap (0 records)
2025-07-20 22:16:31,826 - __main__ - INFO - Parallel PCAP processing completed. Processed 8 files successfully.
2025-07-20 22:16:31 - [MAIN] - INFO - Parallel PCAP processing completed in 5.06 seconds (0.08 minutes)
2025-07-20 22:16:31 - [MAIN] - INFO - Enhanced combined labeled CSV generated at: main_output/200725-3/packet_features.csv
2025-07-20 22:16:31 - [MAIN] - INFO - Enhanced final combined CSV created successfully.
2025-07-20 22:16:31 - [MAIN] - INFO - 
--- Enhanced Packet Feature Counts by Class ---
2025-07-20 22:16:31 - [MAIN] - INFO -   normal: 6092 packets
2025-07-20 22:16:31 - [MAIN] - INFO -   ad_syn: 1620 packets
2025-07-20 22:16:31 - [MAIN] - INFO -   ad_slow: 1356 packets
2025-07-20 22:16:31 - [MAIN] - INFO -   syn_flood: 1321 packets
2025-07-20 22:16:31 - [MAIN] - INFO -   ad_udp: 916 packets
2025-07-20 22:16:31 - [MAIN] - INFO -   udp_flood: 846 packets
2025-07-20 22:16:31 - [MAIN] - INFO -   icmp_flood: 668 packets
2025-07-20 22:16:31 - [MAIN] - INFO - Enhanced flow-level dataset generated at: main_output/200725-3/flow_features.csv
2025-07-20 22:16:32 - [MAIN] - INFO - 
--- Enhanced Flow Feature Counts by Class ---
2025-07-20 22:16:32 - [MAIN] - INFO -   ad_slow: 55676 flows
2025-07-20 22:16:32 - [MAIN] - INFO -   ad_syn: 55521 flows
2025-07-20 22:16:32 - [MAIN] - INFO -   ad_udp: 37200 flows
2025-07-20 22:16:32 - [MAIN] - INFO -   normal: 28055 flows
2025-07-20 22:16:32 - [MAIN] - INFO -   udp_flood: 2542 flows
2025-07-20 22:16:32 - [MAIN] - INFO -   icmp_flood: 2480 flows
2025-07-20 22:16:32 - [MAIN] - INFO -   syn_flood: 2418 flows
2025-07-20 22:16:32 - [MAIN] - INFO - Generating enhanced dataset summary...
2025-07-20 22:16:32 - [MAIN] - INFO - Dataset generation summary displayed above
2025-07-20 22:16:32 - [MAIN] - INFO - Running enhanced timeline analysis...
2025-07-20 22:16:32 - [MAIN] - INFO - Starting timeline analysis...
2025-07-20 22:16:32 - [MAIN] - INFO - Timeline Analysis Results:
2025-07-20 22:16:32 - [MAIN] - INFO -   Total attack types: 7
2025-07-20 22:16:32 - [MAIN] - INFO -   Good alignment: 6
2025-07-20 22:16:32 - [MAIN] - INFO -   Overall score: 85.7%
2025-07-20 22:16:32 - [MAIN] - INFO -   Status: 👍 GOOD: Timeline alignment is acceptable with minor issues.
2025-07-20 22:16:32 - [MAIN] - WARNING - Poor alignment: normal
2025-07-20 22:16:32 - [MAIN] - INFO - ================================================================================
2025-07-20 22:16:32 - [MAIN] - INFO - ENHANCED FINAL EXECUTION SUMMARY
2025-07-20 22:16:32 - [MAIN] - INFO - ================================================================================
2025-07-20 22:16:32 - [MAIN] - INFO - 🚀 Enhanced Framework Version: v2.0
2025-07-20 22:16:32 - [MAIN] - INFO - 📊 Sophistication Level Achieved: ~57.5%
2025-07-20 22:16:32 - [MAIN] - INFO - 🔧 Enhancement Type: Tier 1 Zero-Installation
2025-07-20 22:16:32 - [MAIN] - INFO - ⚡ CPU Affinity Optimization: ENABLED
2025-07-20 22:16:32 - [MAIN] - INFO - 🖥️  Total Cores Utilized: 16
2025-07-20 22:16:32 - [MAIN] - INFO - ⏱️  Total Execution Time: 6004.04 seconds (100.07 minutes | 1.67 hours)
2025-07-20 22:16:32 - [MAIN] - INFO - 📅 Enhanced Dataset Generation Complete: 2025-07-20 22:16:32
2025-07-20 22:16:32 - [MAIN] - INFO - 📈 Timeline Alignment Score: 85.7%
2025-07-20 22:16:32 - [MAIN] - INFO - ✅ Timeline Quality: GOOD
2025-07-20 22:16:32 - [MAIN] - INFO - ================================================================================
2025-07-20 22:16:32 - [MAIN] - INFO - 🎉 ENHANCED ADVERSARIAL DDOS DATASET GENERATION COMPLETED
2025-07-20 22:16:32 - [MAIN] - INFO - 📋 Enhancements Applied:
2025-07-20 22:16:32 - [MAIN] - INFO -    • Statistical Feature Manipulation (Basic ML Evasion)
2025-07-20 22:16:32 - [MAIN] - INFO -    • TCP State Machine Simulation (Advanced Protocol Exploitation)
2025-07-20 22:16:32 - [MAIN] - INFO -    • Behavioral Pattern Generator (Enhanced Behavioral Mimicry)
2025-07-20 22:16:32 - [MAIN] - INFO -    • Traffic Fingerprint Evasion (Traffic Camouflage Enhancement)
2025-07-20 22:16:32 - [MAIN] - INFO -    • CPU Core Affinity Optimization (Performance Enhancement)
2025-07-20 22:16:32 - [MAIN] - INFO - ================================================================================
2025-07-20 22:16:32,805 - __main__ - INFO - Cleaning up resources...
2025-07-20 22:16:32,805 - __main__ - INFO - Terminating Ryu controller (PID: 51925)...
2025-07-20 22:16:32,808 - __main__ - INFO - Cleaning up Mininet environment...
2025-07-20 22:16:34,449 - __main__ - INFO - Cleanup complete.
