2025-09-12 19:52:56,056 - attack_logger - INFO - Attack: Enhanced SYN Flood (11s) | h1 -> h6
2025-09-12 19:52:58,572 - attack_logger - INFO - [syn_flood] [Run ID: a7300b9b-5bf6-49d8-b494-83a93d5814f4] Starting Enhanced SYN Flood from h1 to 192.168.30.10 for 11 seconds.
2025-09-12 19:52:58,572 - attack_logger - INFO - [syn_flood] [Run ID: a7300b9b-5bf6-49d8-b494-83a93d5814f4] Attack Phase: Enhanced Traditional SYN Flood - Attacker: h1, Target: 192.168.30.10:80, Duration: 11s
2025-09-12 19:52:58,572 - attack_logger - INFO - [syn_flood] [Run ID: a7300b9b-5bf6-49d8-b494-83a93d5814f4] Enhanced Features: Human-like timing, protocol compliance, network delay simulation
2025-09-12 19:52:58,572 - attack_logger - INFO - [syn_flood] [Run ID: a7300b9b-5bf6-49d8-b494-83a93d5814f4] Session pattern: 1 phases, Circadian factor: 0.60, Workday factor: 0.60
2025-09-12 19:52:58,572 - attack_logger - DEBUG - [syn_flood] [Run ID: a7300b9b-5bf6-49d8-b494-83a93d5814f4] Starting enhanced SYN packet generation with human-like timing
2025-09-12 19:52:58,572 - attack_logger - INFO - [syn_flood] [Run ID: a7300b9b-5bf6-49d8-b494-83a93d5814f4] Stress phase: 3s, Advanced phase: 8s
2025-09-12 19:53:02,168 - attack_logger - INFO - [syn_flood] [Run ID: a7300b9b-5bf6-49d8-b494-83a93d5814f4] Stress phase completed
2025-09-12 19:53:02,175 - attack_logger - INFO - [syn_flood] [Run ID: a7300b9b-5bf6-49d8-b494-83a93d5814f4] Enhanced SYN flood process started (PID: 32956)
2025-09-12 19:53:03,239 - attack_logger - INFO - [syn_flood] [Run ID: a7300b9b-5bf6-49d8-b494-83a93d5814f4] Attack progress: 1.1s elapsed, ~7 packets sent, Rate: 6.5 pps, Phase: active (intensity: 0.84)
2025-09-12 19:53:03,239 - attack_logger - DEBUG - [syn_flood] [Run ID: a7300b9b-5bf6-49d8-b494-83a93d5814f4] Process stats - CPU: 0.0%, Memory: 60.3MB
2025-09-12 19:53:03,240 - attack_logger - DEBUG - [syn_flood] [Run ID: a7300b9b-5bf6-49d8-b494-83a93d5814f4] Timing factors - Circadian: 0.60, Workday: 0.60, Adjusted rate: 6.6 pps
2025-09-12 19:53:04,243 - attack_logger - INFO - [syn_flood] [Run ID: a7300b9b-5bf6-49d8-b494-83a93d5814f4] Attack progress: 2.1s elapsed, ~13 packets sent, Rate: 6.3 pps, Phase: active (intensity: 0.84)
2025-09-12 19:53:04,243 - attack_logger - DEBUG - [syn_flood] [Run ID: a7300b9b-5bf6-49d8-b494-83a93d5814f4] Process stats - CPU: 0.0%, Memory: 60.3MB
2025-09-12 19:53:04,243 - attack_logger - DEBUG - [syn_flood] [Run ID: a7300b9b-5bf6-49d8-b494-83a93d5814f4] Timing factors - Circadian: 0.60, Workday: 0.60, Adjusted rate: 6.4 pps
2025-09-12 19:53:05,264 - attack_logger - INFO - [syn_flood] [Run ID: a7300b9b-5bf6-49d8-b494-83a93d5814f4] Attack progress: 3.1s elapsed, ~22 packets sent, Rate: 7.1 pps, Phase: active (intensity: 0.84)
2025-09-12 19:53:05,264 - attack_logger - DEBUG - [syn_flood] [Run ID: a7300b9b-5bf6-49d8-b494-83a93d5814f4] Process stats - CPU: 0.0%, Memory: 60.3MB
2025-09-12 19:53:05,264 - attack_logger - DEBUG - [syn_flood] [Run ID: a7300b9b-5bf6-49d8-b494-83a93d5814f4] Timing factors - Circadian: 0.60, Workday: 0.60, Adjusted rate: 7.2 pps
2025-09-12 19:53:06,320 - attack_logger - INFO - [syn_flood] [Run ID: a7300b9b-5bf6-49d8-b494-83a93d5814f4] Attack progress: 4.2s elapsed, ~26 packets sent, Rate: 6.3 pps, Phase: active (intensity: 0.84)
2025-09-12 19:53:06,320 - attack_logger - DEBUG - [syn_flood] [Run ID: a7300b9b-5bf6-49d8-b494-83a93d5814f4] Process stats - CPU: 0.0%, Memory: 60.6MB
2025-09-12 19:53:06,320 - attack_logger - DEBUG - [syn_flood] [Run ID: a7300b9b-5bf6-49d8-b494-83a93d5814f4] Timing factors - Circadian: 0.60, Workday: 0.60, Adjusted rate: 6.4 pps
2025-09-12 19:53:07,352 - attack_logger - INFO - [syn_flood] [Run ID: a7300b9b-5bf6-49d8-b494-83a93d5814f4] Attack progress: 5.2s elapsed, ~41 packets sent, Rate: 7.9 pps, Phase: active (intensity: 0.84)
2025-09-12 19:53:07,352 - attack_logger - DEBUG - [syn_flood] [Run ID: a7300b9b-5bf6-49d8-b494-83a93d5814f4] Process stats - CPU: 0.0%, Memory: 60.6MB
2025-09-12 19:53:07,352 - attack_logger - DEBUG - [syn_flood] [Run ID: a7300b9b-5bf6-49d8-b494-83a93d5814f4] Timing factors - Circadian: 0.60, Workday: 0.60, Adjusted rate: 8.1 pps
2025-09-12 19:53:08,449 - attack_logger - INFO - [syn_flood] [Run ID: a7300b9b-5bf6-49d8-b494-83a93d5814f4] Attack progress: 6.3s elapsed, ~47 packets sent, Rate: 7.5 pps, Phase: active (intensity: 0.84)
2025-09-12 19:53:08,449 - attack_logger - DEBUG - [syn_flood] [Run ID: a7300b9b-5bf6-49d8-b494-83a93d5814f4] Process stats - CPU: 0.0%, Memory: 60.6MB
2025-09-12 19:53:08,449 - attack_logger - DEBUG - [syn_flood] [Run ID: a7300b9b-5bf6-49d8-b494-83a93d5814f4] Timing factors - Circadian: 0.60, Workday: 0.60, Adjusted rate: 7.6 pps
2025-09-12 19:53:09,545 - attack_logger - INFO - [syn_flood] [Run ID: a7300b9b-5bf6-49d8-b494-83a93d5814f4] Attack progress: 7.4s elapsed, ~64 packets sent, Rate: 8.7 pps, Phase: active (intensity: 0.84)
2025-09-12 19:53:09,545 - attack_logger - DEBUG - [syn_flood] [Run ID: a7300b9b-5bf6-49d8-b494-83a93d5814f4] Process stats - CPU: 0.0%, Memory: 60.6MB
2025-09-12 19:53:09,545 - attack_logger - DEBUG - [syn_flood] [Run ID: a7300b9b-5bf6-49d8-b494-83a93d5814f4] Timing factors - Circadian: 0.60, Workday: 0.60, Adjusted rate: 8.7 pps
2025-09-12 19:53:10,181 - attack_logger - DEBUG - [syn_flood] [Run ID: a7300b9b-5bf6-49d8-b494-83a93d5814f4] Sent SIGINT to SYN flood process 32956
2025-09-12 19:53:10,685 - attack_logger - INFO - [syn_flood] [Run ID: a7300b9b-5bf6-49d8-b494-83a93d5814f4] Enhanced SYN Flood from h1 to 192.168.30.10 finished.
2025-09-12 19:53:10,685 - attack_logger - INFO - [syn_flood] [Run ID: a7300b9b-5bf6-49d8-b494-83a93d5814f4] Attack completed. Total packets sent = 72, Average rate = 8.99 packets/sec.
2025-09-12 19:53:10,685 - attack_logger - INFO - [syn_flood] [Run ID: a7300b9b-5bf6-49d8-b494-83a93d5814f4] --- Enhanced Attack Summary ---
2025-09-12 19:53:10,685 - attack_logger - INFO - [syn_flood] [Run ID: a7300b9b-5bf6-49d8-b494-83a93d5814f4] Total packets sent: 72
2025-09-12 19:53:10,685 - attack_logger - INFO - [syn_flood] [Run ID: a7300b9b-5bf6-49d8-b494-83a93d5814f4] Actual duration: 8.01s
2025-09-12 19:53:10,685 - attack_logger - INFO - [syn_flood] [Run ID: a7300b9b-5bf6-49d8-b494-83a93d5814f4] Average rate: 8.99 packets/sec
2025-09-12 19:53:10,685 - attack_logger - INFO - [syn_flood] [Run ID: a7300b9b-5bf6-49d8-b494-83a93d5814f4] Base rate: 25.2 pps
2025-09-12 19:53:10,685 - attack_logger - INFO - [syn_flood] [Run ID: a7300b9b-5bf6-49d8-b494-83a93d5814f4] Circadian factor: 0.60
2025-09-12 19:53:10,685 - attack_logger - INFO - [syn_flood] [Run ID: a7300b9b-5bf6-49d8-b494-83a93d5814f4] Workday factor: 0.60
2025-09-12 19:53:10,685 - attack_logger - INFO - [syn_flood] [Run ID: a7300b9b-5bf6-49d8-b494-83a93d5814f4] Session phases: 1
2025-09-12 19:53:10,685 - attack_logger - INFO - [syn_flood] [Run ID: a7300b9b-5bf6-49d8-b494-83a93d5814f4] Target port: 80
2025-09-12 19:53:10,685 - attack_logger - INFO - [syn_flood] [Run ID: a7300b9b-5bf6-49d8-b494-83a93d5814f4] Attack method: Enhanced SYN Flood with Human-like Timing
2025-09-12 19:53:10,685 - attack_logger - INFO - [syn_flood] [Run ID: a7300b9b-5bf6-49d8-b494-83a93d5814f4] Enhancement features: Human timing patterns, protocol compliance, network delay simulation
2025-09-12 19:53:10,685 - attack_logger - INFO - [syn_flood] [Run ID: a7300b9b-5bf6-49d8-b494-83a93d5814f4] TCP options: MSS, WScale, Timestamp, SAckOK
2025-09-12 19:53:10,685 - attack_logger - INFO - [syn_flood] [Run ID: a7300b9b-5bf6-49d8-b494-83a93d5814f4] ----------------------------------------
2025-09-12 19:53:10,761 - attack_logger - INFO - Attack: Enhanced SYN Flood completed.
2025-09-12 19:53:10,761 - attack_logger - INFO - Attack: Enhanced UDP Flood (22s) | h1 -> h6
2025-09-12 19:53:13,274 - attack_logger - INFO - [udp_flood] [Run ID: db1c25c0-658f-4c49-ba95-448acc43eb2f] Starting Enhanced UDP Flood from h1 to 192.168.30.10 for 22 seconds.
2025-09-12 19:53:13,275 - attack_logger - INFO - [udp_flood] [Run ID: db1c25c0-658f-4c49-ba95-448acc43eb2f] Attack Phase: Enhanced Traditional UDP Flood - Attacker: h1, Target: 192.168.30.10:53, Duration: 22s
2025-09-12 19:53:13,275 - attack_logger - INFO - [udp_flood] [Run ID: db1c25c0-658f-4c49-ba95-448acc43eb2f] Enhanced Features: Human-like timing, protocol compliance, network delay simulation
2025-09-12 19:53:13,275 - attack_logger - INFO - [udp_flood] [Run ID: db1c25c0-658f-4c49-ba95-448acc43eb2f] Stress phase: 6s, Advanced phase: 16s
2025-09-12 19:53:19,838 - attack_logger - INFO - [udp_flood] [Run ID: db1c25c0-658f-4c49-ba95-448acc43eb2f] Stress phase completed
2025-09-12 19:53:19,838 - attack_logger - INFO - [udp_flood] [Run ID: db1c25c0-658f-4c49-ba95-448acc43eb2f] Session pattern: 1 phases, Circadian factor: 0.60, Workday factor: 0.60
2025-09-12 19:53:19,838 - attack_logger - DEBUG - [udp_flood] [Run ID: db1c25c0-658f-4c49-ba95-448acc43eb2f] Starting enhanced UDP packet generation with human-like timing
2025-09-12 19:53:19,846 - attack_logger - INFO - [udp_flood] [Run ID: db1c25c0-658f-4c49-ba95-448acc43eb2f] Enhanced UDP flood process started (PID: 32965)
2025-09-12 19:53:22,912 - attack_logger - INFO - [udp_flood] [Run ID: db1c25c0-658f-4c49-ba95-448acc43eb2f] Attack progress: 3.1s elapsed, ~23 packets sent, Rate: 7.5 pps, Phase: active (intensity: 0.92)
2025-09-12 19:53:22,912 - attack_logger - DEBUG - [udp_flood] [Run ID: db1c25c0-658f-4c49-ba95-448acc43eb2f] Process stats - CPU: 0.0%, Memory: 60.2MB
2025-09-12 19:53:22,912 - attack_logger - DEBUG - [udp_flood] [Run ID: db1c25c0-658f-4c49-ba95-448acc43eb2f] Timing factors - Circadian: 0.60, Workday: 0.60, Adjusted rate: 7.8 pps
2025-09-12 19:53:25,938 - attack_logger - INFO - [udp_flood] [Run ID: db1c25c0-658f-4c49-ba95-448acc43eb2f] Attack progress: 6.1s elapsed, ~46 packets sent, Rate: 7.5 pps, Phase: active (intensity: 0.92)
2025-09-12 19:53:25,938 - attack_logger - DEBUG - [udp_flood] [Run ID: db1c25c0-658f-4c49-ba95-448acc43eb2f] Process stats - CPU: 0.0%, Memory: 60.4MB
2025-09-12 19:53:25,938 - attack_logger - DEBUG - [udp_flood] [Run ID: db1c25c0-658f-4c49-ba95-448acc43eb2f] Timing factors - Circadian: 0.60, Workday: 0.60, Adjusted rate: 7.6 pps
2025-09-12 19:53:29,008 - attack_logger - INFO - [udp_flood] [Run ID: db1c25c0-658f-4c49-ba95-448acc43eb2f] Attack progress: 9.2s elapsed, ~74 packets sent, Rate: 8.1 pps, Phase: active (intensity: 0.92)
2025-09-12 19:53:29,008 - attack_logger - DEBUG - [udp_flood] [Run ID: db1c25c0-658f-4c49-ba95-448acc43eb2f] Process stats - CPU: 0.0%, Memory: 60.4MB
2025-09-12 19:53:29,008 - attack_logger - DEBUG - [udp_flood] [Run ID: db1c25c0-658f-4c49-ba95-448acc43eb2f] Timing factors - Circadian: 0.60, Workday: 0.60, Adjusted rate: 8.1 pps
2025-09-12 19:53:32,097 - attack_logger - INFO - [udp_flood] [Run ID: db1c25c0-658f-4c49-ba95-448acc43eb2f] Attack progress: 12.3s elapsed, ~117 packets sent, Rate: 9.5 pps, Phase: active (intensity: 0.92)
2025-09-12 19:53:32,098 - attack_logger - DEBUG - [udp_flood] [Run ID: db1c25c0-658f-4c49-ba95-448acc43eb2f] Process stats - CPU: 0.0%, Memory: 60.4MB
2025-09-12 19:53:32,098 - attack_logger - DEBUG - [udp_flood] [Run ID: db1c25c0-658f-4c49-ba95-448acc43eb2f] Timing factors - Circadian: 0.60, Workday: 0.60, Adjusted rate: 9.6 pps
2025-09-12 19:53:35,109 - attack_logger - INFO - [udp_flood] [Run ID: db1c25c0-658f-4c49-ba95-448acc43eb2f] Attack progress: 15.3s elapsed, ~120 packets sent, Rate: 7.9 pps, Phase: active (intensity: 0.92)
2025-09-12 19:53:35,109 - attack_logger - DEBUG - [udp_flood] [Run ID: db1c25c0-658f-4c49-ba95-448acc43eb2f] Process stats - CPU: 0.0%, Memory: 60.4MB
2025-09-12 19:53:35,109 - attack_logger - DEBUG - [udp_flood] [Run ID: db1c25c0-658f-4c49-ba95-448acc43eb2f] Timing factors - Circadian: 0.60, Workday: 0.60, Adjusted rate: 7.9 pps
2025-09-12 19:53:35,931 - attack_logger - DEBUG - [udp_flood] [Run ID: db1c25c0-658f-4c49-ba95-448acc43eb2f] Sent SIGINT to UDP flood process 32965
2025-09-12 19:53:36,437 - attack_logger - INFO - [udp_flood] [Run ID: db1c25c0-658f-4c49-ba95-448acc43eb2f] Enhanced UDP Flood from h1 to 192.168.30.10 finished.
2025-09-12 19:53:36,437 - attack_logger - INFO - [udp_flood] [Run ID: db1c25c0-658f-4c49-ba95-448acc43eb2f] Attack completed. Total packets sent = 138, Average rate = 8.58 packets/sec.
2025-09-12 19:53:36,437 - attack_logger - INFO - [udp_flood] [Run ID: db1c25c0-658f-4c49-ba95-448acc43eb2f] --- Enhanced Attack Summary ---
2025-09-12 19:53:36,437 - attack_logger - INFO - [udp_flood] [Run ID: db1c25c0-658f-4c49-ba95-448acc43eb2f] Total packets sent: 138
2025-09-12 19:53:36,437 - attack_logger - INFO - [udp_flood] [Run ID: db1c25c0-658f-4c49-ba95-448acc43eb2f] Actual duration: 16.09s
2025-09-12 19:53:36,437 - attack_logger - INFO - [udp_flood] [Run ID: db1c25c0-658f-4c49-ba95-448acc43eb2f] Average rate: 8.58 packets/sec
2025-09-12 19:53:36,437 - attack_logger - INFO - [udp_flood] [Run ID: db1c25c0-658f-4c49-ba95-448acc43eb2f] Base rate: 24.0 pps
2025-09-12 19:53:36,437 - attack_logger - INFO - [udp_flood] [Run ID: db1c25c0-658f-4c49-ba95-448acc43eb2f] Circadian factor: 0.60
2025-09-12 19:53:36,437 - attack_logger - INFO - [udp_flood] [Run ID: db1c25c0-658f-4c49-ba95-448acc43eb2f] Workday factor: 0.60
2025-09-12 19:53:36,437 - attack_logger - INFO - [udp_flood] [Run ID: db1c25c0-658f-4c49-ba95-448acc43eb2f] Session phases: 1
2025-09-12 19:53:36,437 - attack_logger - INFO - [udp_flood] [Run ID: db1c25c0-658f-4c49-ba95-448acc43eb2f] Target port: 53 (DNS)
2025-09-12 19:53:36,437 - attack_logger - INFO - [udp_flood] [Run ID: db1c25c0-658f-4c49-ba95-448acc43eb2f] Attack method: Enhanced UDP Flood with Human-like Timing
2025-09-12 19:53:36,437 - attack_logger - INFO - [udp_flood] [Run ID: db1c25c0-658f-4c49-ba95-448acc43eb2f] Enhancement features: Human timing patterns, protocol compliance, network delay simulation
2025-09-12 19:53:36,437 - attack_logger - INFO - [udp_flood] [Run ID: db1c25c0-658f-4c49-ba95-448acc43eb2f] DNS payloads: Realistic query patterns with varied domains
2025-09-12 19:53:36,437 - attack_logger - INFO - [udp_flood] [Run ID: db1c25c0-658f-4c49-ba95-448acc43eb2f] ----------------------------------------
2025-09-12 19:53:36,517 - attack_logger - INFO - Attack: Enhanced UDP Flood completed.
2025-09-12 19:53:36,517 - attack_logger - INFO - Attack: Enhanced ICMP Flood (11s) | h1 -> h4
2025-09-12 19:53:39,033 - attack_logger - INFO - [icmp_flood] [Run ID: 7a2d891a-0e82-4d19-9d18-150909a107ea] Starting Enhanced ICMP Flood with RFC 1918 IP Rotation from h1 to 192.168.20.12 for 11 seconds.
2025-09-12 19:53:39,033 - attack_logger - INFO - [icmp_flood] [Run ID: 7a2d891a-0e82-4d19-9d18-150909a107ea] Attack Phase: Enhanced Traditional ICMP Flood - Attacker: h1, Target: 192.168.20.12, Duration: 11s
2025-09-12 19:53:39,033 - attack_logger - INFO - [icmp_flood] [Run ID: 7a2d891a-0e82-4d19-9d18-150909a107ea] Enhanced Features: RFC 1918 IP rotation, human-like timing, protocol compliance, network delay simulation
2025-09-12 19:53:39,033 - attack_logger - INFO - [icmp_flood] [Run ID: 7a2d891a-0e82-4d19-9d18-150909a107ea] IP Pool Size: 50 source IPs from RFC 1918 ranges (10.0.0.0/8, 172.16.0.0/12, 192.168.0.0/16)
2025-09-12 19:53:39,033 - attack_logger - INFO - [icmp_flood] [Run ID: 7a2d891a-0e82-4d19-9d18-150909a107ea] Stress phase total: 3s (host: 1s, gateway: 2s), Advanced phase: 8s
2025-09-12 19:53:40,604 - attack_logger - INFO - [icmp_flood] [Run ID: 7a2d891a-0e82-4d19-9d18-150909a107ea] Host stress sub-phase completed
2025-09-12 19:53:43,173 - attack_logger - INFO - [icmp_flood] [Run ID: 7a2d891a-0e82-4d19-9d18-150909a107ea] Gateway stress sub-phase completed
2025-09-12 19:53:43,173 - attack_logger - INFO - [icmp_flood] [Run ID: 7a2d891a-0e82-4d19-9d18-150909a107ea] Session pattern: 1 phases, Circadian factor: 0.60, Workday factor: 0.60
2025-09-12 19:53:43,173 - attack_logger - DEBUG - [icmp_flood] [Run ID: 7a2d891a-0e82-4d19-9d18-150909a107ea] Starting enhanced ICMP packet generation with IP rotation and human-like timing
2025-09-12 19:53:43,180 - attack_logger - INFO - [icmp_flood] [Run ID: 7a2d891a-0e82-4d19-9d18-150909a107ea] Enhanced ICMP flood with IP rotation process started (PID: 32979)
2025-09-12 19:53:44,183 - attack_logger - INFO - [icmp_flood] [Run ID: 7a2d891a-0e82-4d19-9d18-150909a107ea] Attack progress: 1.0s elapsed, ~8 packets sent, Rate: 7.9 pps, IP rotations: ~0, Phase: active (intensity: 0.84)
2025-09-12 19:53:44,183 - attack_logger - DEBUG - [icmp_flood] [Run ID: 7a2d891a-0e82-4d19-9d18-150909a107ea] Process stats - CPU: 0.0%, Memory: 60.1MB
2025-09-12 19:53:44,183 - attack_logger - DEBUG - [icmp_flood] [Run ID: 7a2d891a-0e82-4d19-9d18-150909a107ea] Timing factors - Circadian: 0.60, Workday: 0.60, Adjusted rate: 8.4 pps
2025-09-12 19:53:45,203 - attack_logger - INFO - [icmp_flood] [Run ID: 7a2d891a-0e82-4d19-9d18-150909a107ea] Attack progress: 2.0s elapsed, ~15 packets sent, Rate: 7.4 pps, IP rotations: ~1, Phase: active (intensity: 0.84)
2025-09-12 19:53:45,203 - attack_logger - DEBUG - [icmp_flood] [Run ID: 7a2d891a-0e82-4d19-9d18-150909a107ea] Process stats - CPU: 0.0%, Memory: 60.1MB
2025-09-12 19:53:45,203 - attack_logger - DEBUG - [icmp_flood] [Run ID: 7a2d891a-0e82-4d19-9d18-150909a107ea] Timing factors - Circadian: 0.60, Workday: 0.60, Adjusted rate: 7.5 pps
2025-09-12 19:53:46,227 - attack_logger - INFO - [icmp_flood] [Run ID: 7a2d891a-0e82-4d19-9d18-150909a107ea] Attack progress: 3.1s elapsed, ~23 packets sent, Rate: 7.5 pps, IP rotations: ~1, Phase: active (intensity: 0.84)
2025-09-12 19:53:46,227 - attack_logger - DEBUG - [icmp_flood] [Run ID: 7a2d891a-0e82-4d19-9d18-150909a107ea] Process stats - CPU: 0.0%, Memory: 60.1MB
2025-09-12 19:53:46,228 - attack_logger - DEBUG - [icmp_flood] [Run ID: 7a2d891a-0e82-4d19-9d18-150909a107ea] Timing factors - Circadian: 0.60, Workday: 0.60, Adjusted rate: 7.5 pps
2025-09-12 19:53:47,298 - attack_logger - INFO - [icmp_flood] [Run ID: 7a2d891a-0e82-4d19-9d18-150909a107ea] Attack progress: 4.1s elapsed, ~34 packets sent, Rate: 8.2 pps, IP rotations: ~2, Phase: active (intensity: 0.84)
2025-09-12 19:53:47,298 - attack_logger - DEBUG - [icmp_flood] [Run ID: 7a2d891a-0e82-4d19-9d18-150909a107ea] Process stats - CPU: 0.0%, Memory: 60.1MB
2025-09-12 19:53:47,298 - attack_logger - DEBUG - [icmp_flood] [Run ID: 7a2d891a-0e82-4d19-9d18-150909a107ea] Timing factors - Circadian: 0.60, Workday: 0.60, Adjusted rate: 8.3 pps
2025-09-12 19:53:48,388 - attack_logger - INFO - [icmp_flood] [Run ID: 7a2d891a-0e82-4d19-9d18-150909a107ea] Attack progress: 5.2s elapsed, ~39 packets sent, Rate: 7.5 pps, IP rotations: ~2, Phase: active (intensity: 0.84)
2025-09-12 19:53:48,388 - attack_logger - DEBUG - [icmp_flood] [Run ID: 7a2d891a-0e82-4d19-9d18-150909a107ea] Process stats - CPU: 0.0%, Memory: 60.1MB
2025-09-12 19:53:48,388 - attack_logger - DEBUG - [icmp_flood] [Run ID: 7a2d891a-0e82-4d19-9d18-150909a107ea] Timing factors - Circadian: 0.60, Workday: 0.60, Adjusted rate: 7.6 pps
2025-09-12 19:53:49,471 - attack_logger - INFO - [icmp_flood] [Run ID: 7a2d891a-0e82-4d19-9d18-150909a107ea] Attack progress: 6.3s elapsed, ~53 packets sent, Rate: 8.4 pps, IP rotations: ~3, Phase: active (intensity: 0.84)
2025-09-12 19:53:49,471 - attack_logger - DEBUG - [icmp_flood] [Run ID: 7a2d891a-0e82-4d19-9d18-150909a107ea] Process stats - CPU: 0.0%, Memory: 60.1MB
2025-09-12 19:53:49,471 - attack_logger - DEBUG - [icmp_flood] [Run ID: 7a2d891a-0e82-4d19-9d18-150909a107ea] Timing factors - Circadian: 0.60, Workday: 0.60, Adjusted rate: 8.6 pps
2025-09-12 19:53:50,530 - attack_logger - INFO - [icmp_flood] [Run ID: 7a2d891a-0e82-4d19-9d18-150909a107ea] Attack progress: 7.4s elapsed, ~58 packets sent, Rate: 7.9 pps, IP rotations: ~3, Phase: active (intensity: 0.84)
2025-09-12 19:53:50,530 - attack_logger - DEBUG - [icmp_flood] [Run ID: 7a2d891a-0e82-4d19-9d18-150909a107ea] Process stats - CPU: 0.0%, Memory: 60.1MB
2025-09-12 19:53:50,530 - attack_logger - DEBUG - [icmp_flood] [Run ID: 7a2d891a-0e82-4d19-9d18-150909a107ea] Timing factors - Circadian: 0.60, Workday: 0.60, Adjusted rate: 7.9 pps
2025-09-12 19:53:51,263 - attack_logger - DEBUG - [icmp_flood] [Run ID: 7a2d891a-0e82-4d19-9d18-150909a107ea] Sent SIGINT to ICMP flood process 32979
2025-09-12 19:53:51,765 - attack_logger - INFO - [icmp_flood] [Run ID: 7a2d891a-0e82-4d19-9d18-150909a107ea] Enhanced ICMP Flood with RFC 1918 IP Rotation from h1 to 192.168.20.12 finished.
2025-09-12 19:53:51,765 - attack_logger - INFO - [icmp_flood] [Run ID: 7a2d891a-0e82-4d19-9d18-150909a107ea] Attack completed. Total packets sent = 67, Average rate = 8.28 packets/sec.
2025-09-12 19:53:51,765 - attack_logger - INFO - [icmp_flood] [Run ID: 7a2d891a-0e82-4d19-9d18-150909a107ea] --- Enhanced Attack Summary ---
2025-09-12 19:53:51,765 - attack_logger - INFO - [icmp_flood] [Run ID: 7a2d891a-0e82-4d19-9d18-150909a107ea] Total packets sent: 67
2025-09-12 19:53:51,765 - attack_logger - INFO - [icmp_flood] [Run ID: 7a2d891a-0e82-4d19-9d18-150909a107ea] Total IP rotations: ~4
2025-09-12 19:53:51,765 - attack_logger - INFO - [icmp_flood] [Run ID: 7a2d891a-0e82-4d19-9d18-150909a107ea] RFC 1918 IP pool size: 50
2025-09-12 19:53:51,765 - attack_logger - INFO - [icmp_flood] [Run ID: 7a2d891a-0e82-4d19-9d18-150909a107ea] IP ranges used: 10.0.0.0/8, 172.16.0.0/12, 192.168.0.0/16
2025-09-12 19:53:51,765 - attack_logger - INFO - [icmp_flood] [Run ID: 7a2d891a-0e82-4d19-9d18-150909a107ea] Actual duration: 8.09s
2025-09-12 19:53:51,765 - attack_logger - INFO - [icmp_flood] [Run ID: 7a2d891a-0e82-4d19-9d18-150909a107ea] Average rate: 8.28 packets/sec
2025-09-12 19:53:51,765 - attack_logger - INFO - [icmp_flood] [Run ID: 7a2d891a-0e82-4d19-9d18-150909a107ea] Base rate: 23.3 pps
2025-09-12 19:53:51,765 - attack_logger - INFO - [icmp_flood] [Run ID: 7a2d891a-0e82-4d19-9d18-150909a107ea] Circadian factor: 0.60
2025-09-12 19:53:51,765 - attack_logger - INFO - [icmp_flood] [Run ID: 7a2d891a-0e82-4d19-9d18-150909a107ea] Workday factor: 0.60
2025-09-12 19:53:51,766 - attack_logger - INFO - [icmp_flood] [Run ID: 7a2d891a-0e82-4d19-9d18-150909a107ea] Session phases: 1
2025-09-12 19:53:51,766 - attack_logger - INFO - [icmp_flood] [Run ID: 7a2d891a-0e82-4d19-9d18-150909a107ea] ICMP type: Echo Request (8) with ID/Seq variations
2025-09-12 19:53:51,766 - attack_logger - INFO - [icmp_flood] [Run ID: 7a2d891a-0e82-4d19-9d18-150909a107ea] Attack method: Enhanced ICMP Flood with RFC 1918 IP Rotation
2025-09-12 19:53:51,766 - attack_logger - INFO - [icmp_flood] [Run ID: 7a2d891a-0e82-4d19-9d18-150909a107ea] Enhancement features: RFC 1918 IP rotation, human timing patterns, protocol compliance, network delay simulation
2025-09-12 19:53:51,766 - attack_logger - INFO - [icmp_flood] [Run ID: 7a2d891a-0e82-4d19-9d18-150909a107ea] ----------------------------------------
2025-09-12 19:53:51,845 - attack_logger - INFO - Attack: Enhanced ICMP Flood completed.
2025-09-12 19:53:52,354 - attack_logger - INFO - Attack: ENHANCED Adversarial TCP State Exhaustion (8s) | h1 -> h6
2025-09-12 19:54:03,582 - attack_logger - INFO - Attack: ENHANCED Adversarial Application Layer (3s) | h1 -> h6
2025-09-12 19:54:09,826 - attack_logger - INFO - Attack: ENHANCED Adversarial Slow Read (9s) | h1 -> h6
2025-09-12 19:54:22,118 - attack_logger - INFO - Attack: ENHANCED Adversarial Slow Read completed.
