2025-09-12 19:49:33 - [BENIGN] - INFO - Starting benign traffic for 200 seconds...
2025-09-12 19:49:33 - [BENIGN] - INFO - Protocol separation: h2↔h5 (ICMP), h3↔h5 (TCP/UDP)
2025-09-12 19:49:33 - [BENIGN] - DEBUG - Generated ICMP traffic h2↔h5 0 [len=84B]
2025-09-12 19:49:34 - [BENIGN] - DEBUG - Generated TCP SYN from h3:31664 -> h5:12345 [len=54B]
2025-09-12 19:49:35 - [BENIGN] - DEBUG - Generated TCP SYN-ACK from h5:12345 <- h3:31664 [len=54B]
2025-09-12 19:49:35 - [BENIGN] - DEBUG - Generated TCP ACK from h3:31664 -> h5:12345 [len=54B]
2025-09-12 19:49:36 - [BENIGN] - DEBUG - Generated TCP data traffic from h3:31664 -> h5:12345 [content='TCP data'] [Session 1] [len=538B]
2025-09-12 19:49:37 - [BENIGN] - DEBUG - Generated TCP ACK reply from h5:12345 <- h3:31664 [len=54B]
2025-09-12 19:49:37 - [BENIGN] - DEBUG - Generated UDP traffic from h3:10086 -> h5:12346 [content='2ddef1143b6af28eedcf96ca54b1da8213e9731c...'] [Session 2] [len=1334B]
2025-09-12 19:49:38 - [BENIGN] - DEBUG - Generated Telnet SYN from h3:35769 -> h5:23 [len=54B]
2025-09-12 19:49:39 - [BENIGN] - DEBUG - Generated Telnet SYN-ACK from h5:23 <- h3:35769 [len=54B]
2025-09-12 19:49:39 - [BENIGN] - DEBUG - Generated Telnet ACK from h3:35769 -> h5:23 [len=54B]
2025-09-12 19:49:40 - [BENIGN] - DEBUG - Generated Telnet data traffic from h3:35769 -> h5:23 [content='Telnet command'] [Session 3] [len=448B]
2025-09-12 19:49:41 - [BENIGN] - DEBUG - Generated Telnet ACK reply from h5:23 <- h3:35769 [len=54B]
2025-09-12 19:49:41 - [BENIGN] - DEBUG - Generated SSH SYN from h3:43012 -> h5:22 [len=54B]
2025-09-12 19:49:42 - [BENIGN] - DEBUG - Generated SSH SYN-ACK from h5:22 <- h3:43012 [len=54B]
2025-09-12 19:49:43 - [BENIGN] - DEBUG - Generated SSH ACK from h3:43012 -> h5:22 [len=54B]
2025-09-12 19:49:43 - [BENIGN] - DEBUG - Generated SSH data traffic from h3:43012 -> h5:22 [content='SSH encrypted data'] [Session 4] [len=270B]
2025-09-12 19:49:44 - [BENIGN] - DEBUG - Generated SSH ACK reply from h5:22 <- h3:43012 [len=54B]
2025-09-12 19:49:44 - [BENIGN] - DEBUG - Generated FTP SYN from h3:9856 -> h5:21 [len=54B]
2025-09-12 19:49:45 - [BENIGN] - DEBUG - Generated FTP SYN-ACK from h5:21 <- h3:9856 [len=54B]
2025-09-12 19:49:46 - [BENIGN] - DEBUG - Generated FTP ACK from h3:9856 -> h5:21 [len=54B]
2025-09-12 19:49:46 - [BENIGN] - DEBUG - Generated FTP data traffic from h3:9856 -> h5:21 [content='FTP file transfer'] [Session 5] [len=770B]
2025-09-12 19:49:47 - [BENIGN] - DEBUG - Generated FTP ACK reply from h5:21 <- h3:9856 [len=54B]
2025-09-12 19:49:48 - [BENIGN] - DEBUG - Generated HTTP SYN from h3:37952 -> h5:80 [len=54B]
2025-09-12 19:49:48 - [BENIGN] - DEBUG - Generated HTTP SYN-ACK from h5:80 <- h3:37952 [len=54B]
2025-09-12 19:49:49 - [BENIGN] - DEBUG - Generated HTTP ACK from h3:37952 -> h5:80 [len=54B]
2025-09-12 19:49:50 - [BENIGN] - DEBUG - Generated HTTP data traffic from h3:37952 -> h5:80 [content='GET /index.html HTTP/1.1'] [Session 6] [len=406B]
2025-09-12 19:49:50 - [BENIGN] - DEBUG - Generated HTTP ACK reply from h5:80 <- h3:37952 [len=54B]
2025-09-12 19:49:51 - [BENIGN] - DEBUG - Generated HTTPS SYN from h3:43070 -> h5:443 [len=54B]
2025-09-12 19:49:51 - [BENIGN] - DEBUG - Generated HTTPS SYN-ACK from h5:443 <- h3:43070 [len=54B]
2025-09-12 19:49:52 - [BENIGN] - DEBUG - Generated HTTPS ACK from h3:43070 -> h5:443 [len=54B]
2025-09-12 19:49:53 - [BENIGN] - DEBUG - Generated HTTPS data traffic from h3:43070 -> h5:443 [content='Encrypted Application Data'] [Session 7] [len=691B]
2025-09-12 19:49:53 - [BENIGN] - DEBUG - Generated HTTPS ACK reply from h5:443 <- h3:43070 [len=54B]
2025-09-12 19:49:54 - [BENIGN] - DEBUG - Generated DNS query from h3:21974 -> h5:53 [qname='example.com'] [Session 8] [len=71B]
2025-09-12 19:49:54 - [BENIGN] - DEBUG - Generated ICMP traffic h2↔h5 1 [len=84B]
2025-09-12 19:49:55 - [BENIGN] - DEBUG - Generated TCP SYN from h3:4936 -> h5:12345 [len=54B]
2025-09-12 19:49:55 - [BENIGN] - DEBUG - Generated TCP SYN-ACK from h5:12345 <- h3:4936 [len=54B]
2025-09-12 19:49:56 - [BENIGN] - DEBUG - Generated TCP ACK from h3:4936 -> h5:12345 [len=54B]
2025-09-12 19:49:57 - [BENIGN] - DEBUG - Generated TCP data traffic from h3:4936 -> h5:12345 [content='TCP data'] [Session 9] [len=708B]
2025-09-12 19:49:57 - [BENIGN] - DEBUG - Generated TCP ACK reply from h5:12345 <- h3:4936 [len=54B]
2025-09-12 19:49:58 - [BENIGN] - DEBUG - Generated UDP traffic from h3:16868 -> h5:12346 [content='d1928ba7dd92ce55171ad3187fa3e9f02035364a...'] [Session 10] [len=1522B]
2025-09-12 19:49:58 - [BENIGN] - DEBUG - Generated Telnet SYN from h3:40566 -> h5:23 [len=54B]
2025-09-12 19:49:59 - [BENIGN] - DEBUG - Generated Telnet SYN-ACK from h5:23 <- h3:40566 [len=54B]
2025-09-12 19:50:00 - [BENIGN] - DEBUG - Generated Telnet ACK from h3:40566 -> h5:23 [len=54B]
2025-09-12 19:50:00 - [BENIGN] - DEBUG - Generated Telnet data traffic from h3:40566 -> h5:23 [content='Telnet command'] [Session 11] [len=636B]
2025-09-12 19:50:01 - [BENIGN] - DEBUG - Generated Telnet ACK reply from h5:23 <- h3:40566 [len=54B]
2025-09-12 19:50:02 - [BENIGN] - DEBUG - Generated SSH SYN from h3:49200 -> h5:22 [len=54B]
2025-09-12 19:50:02 - [BENIGN] - DEBUG - Generated SSH SYN-ACK from h5:22 <- h3:49200 [len=54B]
2025-09-12 19:50:03 - [BENIGN] - DEBUG - Generated SSH ACK from h3:49200 -> h5:22 [len=54B]
2025-09-12 19:50:04 - [BENIGN] - DEBUG - Generated SSH data traffic from h3:49200 -> h5:22 [content='SSH encrypted data'] [Session 12] [len=1374B]
2025-09-12 19:50:04 - [BENIGN] - DEBUG - Generated SSH ACK reply from h5:22 <- h3:49200 [len=54B]
2025-09-12 19:50:05 - [BENIGN] - DEBUG - Generated FTP SYN from h3:53728 -> h5:21 [len=54B]
2025-09-12 19:50:05 - [BENIGN] - DEBUG - Generated FTP SYN-ACK from h5:21 <- h3:53728 [len=54B]
2025-09-12 19:50:06 - [BENIGN] - DEBUG - Generated FTP ACK from h3:53728 -> h5:21 [len=54B]
2025-09-12 19:50:07 - [BENIGN] - DEBUG - Generated FTP data traffic from h3:53728 -> h5:21 [content='FTP file transfer'] [Session 13] [len=257B]
2025-09-12 19:50:07 - [BENIGN] - DEBUG - Generated FTP ACK reply from h5:21 <- h3:53728 [len=54B]
2025-09-12 19:50:08 - [BENIGN] - DEBUG - Generated HTTP SYN from h3:26875 -> h5:80 [len=54B]
2025-09-12 19:50:09 - [BENIGN] - DEBUG - Generated HTTP SYN-ACK from h5:80 <- h3:26875 [len=54B]
2025-09-12 19:50:09 - [BENIGN] - DEBUG - Generated HTTP ACK from h3:26875 -> h5:80 [len=54B]
2025-09-12 19:50:10 - [BENIGN] - DEBUG - Generated HTTP data traffic from h3:26875 -> h5:80 [content='GET /index.html HTTP/1.1'] [Session 14] [len=487B]
2025-09-12 19:50:10 - [BENIGN] - DEBUG - Generated HTTP ACK reply from h5:80 <- h3:26875 [len=54B]
2025-09-12 19:50:11 - [BENIGN] - DEBUG - Generated HTTPS SYN from h3:7537 -> h5:443 [len=54B]
2025-09-12 19:50:12 - [BENIGN] - DEBUG - Generated HTTPS SYN-ACK from h5:443 <- h3:7537 [len=54B]
2025-09-12 19:50:12 - [BENIGN] - DEBUG - Generated HTTPS ACK from h3:7537 -> h5:443 [len=54B]
2025-09-12 19:50:13 - [BENIGN] - DEBUG - Generated HTTPS data traffic from h3:7537 -> h5:443 [content='Encrypted Application Data'] [Session 15] [len=634B]
2025-09-12 19:50:13 - [BENIGN] - DEBUG - Generated HTTPS ACK reply from h5:443 <- h3:7537 [len=54B]
2025-09-12 19:50:14 - [BENIGN] - DEBUG - Generated DNS query from h3:46089 -> h5:53 [qname='example.com'] [Session 16] [len=71B]
2025-09-12 19:50:14 - [BENIGN] - DEBUG - Generated ICMP traffic h2↔h5 2 [len=84B]
2025-09-12 19:50:15 - [BENIGN] - DEBUG - Generated TCP SYN from h3:48292 -> h5:12345 [len=54B]
2025-09-12 19:50:15 - [BENIGN] - DEBUG - Generated TCP SYN-ACK from h5:12345 <- h3:48292 [len=54B]
2025-09-12 19:50:16 - [BENIGN] - DEBUG - Generated TCP ACK from h3:48292 -> h5:12345 [len=54B]
2025-09-12 19:50:17 - [BENIGN] - DEBUG - Generated TCP data traffic from h3:48292 -> h5:12345 [content='TCP data'] [Session 17] [len=1090B]
2025-09-12 19:50:17 - [BENIGN] - DEBUG - Generated TCP ACK reply from h5:12345 <- h3:48292 [len=54B]
2025-09-12 19:50:18 - [BENIGN] - DEBUG - Generated UDP traffic from h3:54568 -> h5:12346 [content='81e6fd9111efc5c90ee8786147c309e97d397a6d...'] [Session 18] [len=775B]
2025-09-12 19:50:19 - [BENIGN] - DEBUG - Generated Telnet SYN from h3:25537 -> h5:23 [len=54B]
2025-09-12 19:50:19 - [BENIGN] - DEBUG - Generated Telnet SYN-ACK from h5:23 <- h3:25537 [len=54B]
2025-09-12 19:50:20 - [BENIGN] - DEBUG - Generated Telnet ACK from h3:25537 -> h5:23 [len=54B]
2025-09-12 19:50:20 - [BENIGN] - DEBUG - Generated Telnet data traffic from h3:25537 -> h5:23 [content='Telnet command'] [Session 19] [len=1068B]
2025-09-12 19:50:21 - [BENIGN] - DEBUG - Generated Telnet ACK reply from h5:23 <- h3:25537 [len=54B]
2025-09-12 19:50:22 - [BENIGN] - DEBUG - Generated SSH SYN from h3:26276 -> h5:22 [len=54B]
2025-09-12 19:50:22 - [BENIGN] - DEBUG - Generated SSH SYN-ACK from h5:22 <- h3:26276 [len=54B]
2025-09-12 19:50:23 - [BENIGN] - DEBUG - Generated SSH ACK from h3:26276 -> h5:22 [len=54B]
2025-09-12 19:50:24 - [BENIGN] - DEBUG - Generated SSH data traffic from h3:26276 -> h5:22 [content='SSH encrypted data'] [Session 20] [len=292B]
2025-09-12 19:50:24 - [BENIGN] - DEBUG - Generated SSH ACK reply from h5:22 <- h3:26276 [len=54B]
2025-09-12 19:50:25 - [BENIGN] - DEBUG - Generated FTP SYN from h3:13659 -> h5:21 [len=54B]
2025-09-12 19:50:26 - [BENIGN] - DEBUG - Generated FTP SYN-ACK from h5:21 <- h3:13659 [len=54B]
2025-09-12 19:50:26 - [BENIGN] - DEBUG - Generated FTP ACK from h3:13659 -> h5:21 [len=54B]
2025-09-12 19:50:27 - [BENIGN] - DEBUG - Generated FTP data traffic from h3:13659 -> h5:21 [content='FTP file transfer'] [Session 21] [len=1427B]
2025-09-12 19:50:27 - [BENIGN] - DEBUG - Generated FTP ACK reply from h5:21 <- h3:13659 [len=54B]
2025-09-12 19:50:28 - [BENIGN] - DEBUG - Generated HTTP SYN from h3:48805 -> h5:80 [len=54B]
2025-09-12 19:50:29 - [BENIGN] - DEBUG - Generated HTTP SYN-ACK from h5:80 <- h3:48805 [len=54B]
2025-09-12 19:50:29 - [BENIGN] - DEBUG - Generated HTTP ACK from h3:48805 -> h5:80 [len=54B]
2025-09-12 19:50:30 - [BENIGN] - DEBUG - Generated HTTP data traffic from h3:48805 -> h5:80 [content='GET /index.html HTTP/1.1'] [Session 22] [len=639B]
2025-09-12 19:50:31 - [BENIGN] - DEBUG - Generated HTTP ACK reply from h5:80 <- h3:48805 [len=54B]
2025-09-12 19:50:31 - [BENIGN] - DEBUG - Generated HTTPS SYN from h3:57789 -> h5:443 [len=54B]
2025-09-12 19:50:32 - [BENIGN] - DEBUG - Generated HTTPS SYN-ACK from h5:443 <- h3:57789 [len=54B]
2025-09-12 19:50:33 - [BENIGN] - DEBUG - Generated HTTPS ACK from h3:57789 -> h5:443 [len=54B]
2025-09-12 19:50:33 - [BENIGN] - DEBUG - Generated HTTPS data traffic from h3:57789 -> h5:443 [content='Encrypted Application Data'] [Session 23] [len=277B]
2025-09-12 19:50:34 - [BENIGN] - DEBUG - Generated HTTPS ACK reply from h5:443 <- h3:57789 [len=54B]
2025-09-12 19:50:34 - [BENIGN] - DEBUG - Generated DNS query from h3:50357 -> h5:53 [qname='example.com'] [Session 24] [len=71B]
2025-09-12 19:50:34 - [BENIGN] - DEBUG - Generated ICMP traffic h2↔h5 3 [len=84B]
2025-09-12 19:50:35 - [BENIGN] - DEBUG - Generated TCP SYN from h3:35160 -> h5:12345 [len=54B]
2025-09-12 19:50:36 - [BENIGN] - DEBUG - Generated TCP SYN-ACK from h5:12345 <- h3:35160 [len=54B]
2025-09-12 19:50:36 - [BENIGN] - DEBUG - Generated TCP ACK from h3:35160 -> h5:12345 [len=54B]
2025-09-12 19:50:37 - [BENIGN] - DEBUG - Generated TCP data traffic from h3:35160 -> h5:12345 [content='TCP data'] [Session 25] [len=1377B]
2025-09-12 19:50:38 - [BENIGN] - DEBUG - Generated TCP ACK reply from h5:12345 <- h3:35160 [len=54B]
2025-09-12 19:50:38 - [BENIGN] - DEBUG - Generated UDP traffic from h3:38403 -> h5:12346 [content='cf93428a3c367237c9404fd5ba1dc96eaa3b76ca...'] [Session 26] [len=379B]
2025-09-12 19:50:39 - [BENIGN] - DEBUG - Generated Telnet SYN from h3:23601 -> h5:23 [len=54B]
2025-09-12 19:50:39 - [BENIGN] - DEBUG - Generated Telnet SYN-ACK from h5:23 <- h3:23601 [len=54B]
2025-09-12 19:50:40 - [BENIGN] - DEBUG - Generated Telnet ACK from h3:23601 -> h5:23 [len=54B]
2025-09-12 19:50:41 - [BENIGN] - DEBUG - Generated Telnet data traffic from h3:23601 -> h5:23 [content='Telnet command'] [Session 27] [len=1096B]
2025-09-12 19:50:41 - [BENIGN] - DEBUG - Generated Telnet ACK reply from h5:23 <- h3:23601 [len=54B]
2025-09-12 19:50:42 - [BENIGN] - DEBUG - Generated SSH SYN from h3:35073 -> h5:22 [len=54B]
2025-09-12 19:50:43 - [BENIGN] - DEBUG - Generated SSH SYN-ACK from h5:22 <- h3:35073 [len=54B]
2025-09-12 19:50:43 - [BENIGN] - DEBUG - Generated SSH ACK from h3:35073 -> h5:22 [len=54B]
2025-09-12 19:50:44 - [BENIGN] - DEBUG - Generated SSH data traffic from h3:35073 -> h5:22 [content='SSH encrypted data'] [Session 28] [len=1106B]
2025-09-12 19:50:44 - [BENIGN] - DEBUG - Generated SSH ACK reply from h5:22 <- h3:35073 [len=54B]
2025-09-12 19:50:45 - [BENIGN] - DEBUG - Generated FTP SYN from h3:25905 -> h5:21 [len=54B]
2025-09-12 19:50:46 - [BENIGN] - DEBUG - Generated FTP SYN-ACK from h5:21 <- h3:25905 [len=54B]
2025-09-12 19:50:46 - [BENIGN] - DEBUG - Generated FTP ACK from h3:25905 -> h5:21 [len=54B]
2025-09-12 19:50:47 - [BENIGN] - DEBUG - Generated FTP data traffic from h3:25905 -> h5:21 [content='FTP file transfer'] [Session 29] [len=588B]
2025-09-12 19:50:48 - [BENIGN] - DEBUG - Generated FTP ACK reply from h5:21 <- h3:25905 [len=54B]
2025-09-12 19:50:48 - [BENIGN] - DEBUG - Generated HTTP SYN from h3:49463 -> h5:80 [len=54B]
2025-09-12 19:50:49 - [BENIGN] - DEBUG - Generated HTTP SYN-ACK from h5:80 <- h3:49463 [len=54B]
2025-09-12 19:50:49 - [BENIGN] - DEBUG - Generated HTTP ACK from h3:49463 -> h5:80 [len=54B]
2025-09-12 19:50:50 - [BENIGN] - DEBUG - Generated HTTP data traffic from h3:49463 -> h5:80 [content='GET /index.html HTTP/1.1'] [Session 30] [len=618B]
2025-09-12 19:50:51 - [BENIGN] - DEBUG - Generated HTTP ACK reply from h5:80 <- h3:49463 [len=54B]
2025-09-12 19:50:51 - [BENIGN] - DEBUG - Generated HTTPS SYN from h3:14797 -> h5:443 [len=54B]
2025-09-12 19:50:52 - [BENIGN] - DEBUG - Generated HTTPS SYN-ACK from h5:443 <- h3:14797 [len=54B]
2025-09-12 19:50:53 - [BENIGN] - DEBUG - Generated HTTPS ACK from h3:14797 -> h5:443 [len=54B]
2025-09-12 19:50:53 - [BENIGN] - DEBUG - Generated HTTPS data traffic from h3:14797 -> h5:443 [content='Encrypted Application Data'] [Session 31] [len=529B]
2025-09-12 19:50:54 - [BENIGN] - DEBUG - Generated HTTPS ACK reply from h5:443 <- h3:14797 [len=54B]
2025-09-12 19:50:55 - [BENIGN] - DEBUG - Generated DNS query from h3:47703 -> h5:53 [qname='example.com'] [Session 32] [len=71B]
2025-09-12 19:50:55 - [BENIGN] - DEBUG - Generated ICMP traffic h2↔h5 4 [len=84B]
2025-09-12 19:50:55 - [BENIGN] - DEBUG - Generated TCP SYN from h3:29926 -> h5:12345 [len=54B]
2025-09-12 19:50:56 - [BENIGN] - DEBUG - Generated TCP SYN-ACK from h5:12345 <- h3:29926 [len=54B]
2025-09-12 19:50:56 - [BENIGN] - DEBUG - Generated TCP ACK from h3:29926 -> h5:12345 [len=54B]
2025-09-12 19:50:57 - [BENIGN] - DEBUG - Generated TCP data traffic from h3:29926 -> h5:12345 [content='TCP data'] [Session 33] [len=906B]
2025-09-12 19:50:58 - [BENIGN] - DEBUG - Generated TCP ACK reply from h5:12345 <- h3:29926 [len=54B]
2025-09-12 19:50:58 - [BENIGN] - DEBUG - Generated UDP traffic from h3:46166 -> h5:12346 [content='eb110d72a2e90acc6b67409a6d8269710204f4d7...'] [Session 34] [len=957B]
2025-09-12 19:50:59 - [BENIGN] - DEBUG - Generated Telnet SYN from h3:38174 -> h5:23 [len=54B]
2025-09-12 19:51:00 - [BENIGN] - DEBUG - Generated Telnet SYN-ACK from h5:23 <- h3:38174 [len=54B]
2025-09-12 19:51:00 - [BENIGN] - DEBUG - Generated Telnet ACK from h3:38174 -> h5:23 [len=54B]
2025-09-12 19:51:01 - [BENIGN] - DEBUG - Generated Telnet data traffic from h3:38174 -> h5:23 [content='Telnet command'] [Session 35] [len=596B]
2025-09-12 19:51:01 - [BENIGN] - DEBUG - Generated Telnet ACK reply from h5:23 <- h3:38174 [len=54B]
2025-09-12 19:51:02 - [BENIGN] - DEBUG - Generated SSH SYN from h3:20443 -> h5:22 [len=54B]
2025-09-12 19:51:03 - [BENIGN] - DEBUG - Generated SSH SYN-ACK from h5:22 <- h3:20443 [len=54B]
2025-09-12 19:51:03 - [BENIGN] - DEBUG - Generated SSH ACK from h3:20443 -> h5:22 [len=54B]
2025-09-12 19:51:04 - [BENIGN] - DEBUG - Generated SSH data traffic from h3:20443 -> h5:22 [content='SSH encrypted data'] [Session 36] [len=442B]
2025-09-12 19:51:05 - [BENIGN] - DEBUG - Generated SSH ACK reply from h5:22 <- h3:20443 [len=54B]
2025-09-12 19:51:05 - [BENIGN] - DEBUG - Generated FTP SYN from h3:15911 -> h5:21 [len=54B]
2025-09-12 19:51:06 - [BENIGN] - DEBUG - Generated FTP SYN-ACK from h5:21 <- h3:15911 [len=54B]
2025-09-12 19:51:06 - [BENIGN] - DEBUG - Generated FTP ACK from h3:15911 -> h5:21 [len=54B]
2025-09-12 19:51:07 - [BENIGN] - DEBUG - Generated FTP data traffic from h3:15911 -> h5:21 [content='FTP file transfer'] [Session 37] [len=349B]
2025-09-12 19:51:08 - [BENIGN] - DEBUG - Generated FTP ACK reply from h5:21 <- h3:15911 [len=54B]
2025-09-12 19:51:08 - [BENIGN] - DEBUG - Generated HTTP SYN from h3:5905 -> h5:80 [len=54B]
2025-09-12 19:51:09 - [BENIGN] - DEBUG - Generated HTTP SYN-ACK from h5:80 <- h3:5905 [len=54B]
2025-09-12 19:51:10 - [BENIGN] - DEBUG - Generated HTTP ACK from h3:5905 -> h5:80 [len=54B]
2025-09-12 19:51:10 - [BENIGN] - DEBUG - Generated HTTP data traffic from h3:5905 -> h5:80 [content='GET /index.html HTTP/1.1'] [Session 38] [len=427B]
2025-09-12 19:51:11 - [BENIGN] - DEBUG - Generated HTTP ACK reply from h5:80 <- h3:5905 [len=54B]
2025-09-12 19:51:11 - [BENIGN] - DEBUG - Generated HTTPS SYN from h3:20779 -> h5:443 [len=54B]
2025-09-12 19:51:12 - [BENIGN] - DEBUG - Generated HTTPS SYN-ACK from h5:443 <- h3:20779 [len=54B]
2025-09-12 19:51:13 - [BENIGN] - DEBUG - Generated HTTPS ACK from h3:20779 -> h5:443 [len=54B]
2025-09-12 19:51:13 - [BENIGN] - DEBUG - Generated HTTPS data traffic from h3:20779 -> h5:443 [content='Encrypted Application Data'] [Session 39] [len=590B]
2025-09-12 19:51:14 - [BENIGN] - DEBUG - Generated HTTPS ACK reply from h5:443 <- h3:20779 [len=54B]
2025-09-12 19:51:14 - [BENIGN] - DEBUG - Generated DNS query from h3:32669 -> h5:53 [qname='example.com'] [Session 40] [len=71B]
2025-09-12 19:51:15 - [BENIGN] - DEBUG - Generated ICMP traffic h2↔h5 5 [len=84B]
2025-09-12 19:51:15 - [BENIGN] - DEBUG - Generated TCP SYN from h3:5843 -> h5:12345 [len=54B]
2025-09-12 19:51:16 - [BENIGN] - DEBUG - Generated TCP SYN-ACK from h5:12345 <- h3:5843 [len=54B]
2025-09-12 19:51:16 - [BENIGN] - DEBUG - Generated TCP ACK from h3:5843 -> h5:12345 [len=54B]
2025-09-12 19:51:17 - [BENIGN] - DEBUG - Generated TCP data traffic from h3:5843 -> h5:12345 [content='TCP data'] [Session 41] [len=314B]
2025-09-12 19:51:18 - [BENIGN] - DEBUG - Generated TCP ACK reply from h5:12345 <- h3:5843 [len=54B]
2025-09-12 19:51:18 - [BENIGN] - DEBUG - Generated UDP traffic from h3:38617 -> h5:12346 [content='e720fead84a65db933dac0edaa3a757cc5f7f234...'] [Session 42] [len=679B]
2025-09-12 19:51:19 - [BENIGN] - DEBUG - Generated Telnet SYN from h3:61881 -> h5:23 [len=54B]
2025-09-12 19:51:20 - [BENIGN] - DEBUG - Generated Telnet SYN-ACK from h5:23 <- h3:61881 [len=54B]
2025-09-12 19:51:20 - [BENIGN] - DEBUG - Generated Telnet ACK from h3:61881 -> h5:23 [len=54B]
2025-09-12 19:51:21 - [BENIGN] - DEBUG - Generated Telnet data traffic from h3:61881 -> h5:23 [content='Telnet command'] [Session 43] [len=122B]
2025-09-12 19:51:21 - [BENIGN] - DEBUG - Generated Telnet ACK reply from h5:23 <- h3:61881 [len=54B]
2025-09-12 19:51:22 - [BENIGN] - DEBUG - Generated SSH SYN from h3:50393 -> h5:22 [len=54B]
2025-09-12 19:51:23 - [BENIGN] - DEBUG - Generated SSH SYN-ACK from h5:22 <- h3:50393 [len=54B]
2025-09-12 19:51:23 - [BENIGN] - DEBUG - Generated SSH ACK from h3:50393 -> h5:22 [len=54B]
2025-09-12 19:51:24 - [BENIGN] - DEBUG - Generated SSH data traffic from h3:50393 -> h5:22 [content='SSH encrypted data'] [Session 44] [len=1408B]
2025-09-12 19:51:25 - [BENIGN] - DEBUG - Generated SSH ACK reply from h5:22 <- h3:50393 [len=54B]
2025-09-12 19:51:25 - [BENIGN] - DEBUG - Generated FTP SYN from h3:51634 -> h5:21 [len=54B]
2025-09-12 19:51:26 - [BENIGN] - DEBUG - Generated FTP SYN-ACK from h5:21 <- h3:51634 [len=54B]
2025-09-12 19:51:26 - [BENIGN] - DEBUG - Generated FTP ACK from h3:51634 -> h5:21 [len=54B]
2025-09-12 19:51:27 - [BENIGN] - DEBUG - Generated FTP data traffic from h3:51634 -> h5:21 [content='FTP file transfer'] [Session 45] [len=928B]
2025-09-12 19:51:28 - [BENIGN] - DEBUG - Generated FTP ACK reply from h5:21 <- h3:51634 [len=54B]
2025-09-12 19:51:28 - [BENIGN] - DEBUG - Generated HTTP SYN from h3:22920 -> h5:80 [len=54B]
2025-09-12 19:51:29 - [BENIGN] - DEBUG - Generated HTTP SYN-ACK from h5:80 <- h3:22920 [len=54B]
2025-09-12 19:51:30 - [BENIGN] - DEBUG - Generated HTTP ACK from h3:22920 -> h5:80 [len=54B]
2025-09-12 19:51:30 - [BENIGN] - DEBUG - Generated HTTP data traffic from h3:22920 -> h5:80 [content='GET /index.html HTTP/1.1'] [Session 46] [len=552B]
2025-09-12 19:51:31 - [BENIGN] - DEBUG - Generated HTTP ACK reply from h5:80 <- h3:22920 [len=54B]
2025-09-12 19:51:31 - [BENIGN] - DEBUG - Generated HTTPS SYN from h3:30894 -> h5:443 [len=54B]
2025-09-12 19:51:32 - [BENIGN] - DEBUG - Generated HTTPS SYN-ACK from h5:443 <- h3:30894 [len=54B]
2025-09-12 19:51:33 - [BENIGN] - DEBUG - Generated HTTPS ACK from h3:30894 -> h5:443 [len=54B]
2025-09-12 19:51:33 - [BENIGN] - DEBUG - Generated HTTPS data traffic from h3:30894 -> h5:443 [content='Encrypted Application Data'] [Session 47] [len=281B]
2025-09-12 19:51:34 - [BENIGN] - DEBUG - Generated HTTPS ACK reply from h5:443 <- h3:30894 [len=54B]
2025-09-12 19:51:34 - [BENIGN] - DEBUG - Generated DNS query from h3:29004 -> h5:53 [qname='example.com'] [Session 48] [len=71B]
2025-09-12 19:51:35 - [BENIGN] - DEBUG - Generated ICMP traffic h2↔h5 6 [len=84B]
2025-09-12 19:51:35 - [BENIGN] - DEBUG - Generated TCP SYN from h3:63861 -> h5:12345 [len=54B]
2025-09-12 19:51:36 - [BENIGN] - DEBUG - Generated TCP SYN-ACK from h5:12345 <- h3:63861 [len=54B]
2025-09-12 19:51:36 - [BENIGN] - DEBUG - Generated TCP ACK from h3:63861 -> h5:12345 [len=54B]
2025-09-12 19:51:37 - [BENIGN] - DEBUG - Generated TCP data traffic from h3:63861 -> h5:12345 [content='TCP data'] [Session 49] [len=668B]
2025-09-12 19:51:38 - [BENIGN] - DEBUG - Generated TCP ACK reply from h5:12345 <- h3:63861 [len=54B]
2025-09-12 19:51:38 - [BENIGN] - DEBUG - Generated UDP traffic from h3:56197 -> h5:12346 [content='a72a109eaeebbd05f3daabddaf5afa870c9bc0ad...'] [Session 50] [len=658B]
2025-09-12 19:51:39 - [BENIGN] - DEBUG - Generated Telnet SYN from h3:47016 -> h5:23 [len=54B]
2025-09-12 19:51:40 - [BENIGN] - DEBUG - Generated Telnet SYN-ACK from h5:23 <- h3:47016 [len=54B]
2025-09-12 19:51:40 - [BENIGN] - DEBUG - Generated Telnet ACK from h3:47016 -> h5:23 [len=54B]
2025-09-12 19:51:41 - [BENIGN] - DEBUG - Generated Telnet data traffic from h3:47016 -> h5:23 [content='Telnet command'] [Session 51] [len=1205B]
2025-09-12 19:51:41 - [BENIGN] - DEBUG - Generated Telnet ACK reply from h5:23 <- h3:47016 [len=54B]
2025-09-12 19:51:42 - [BENIGN] - DEBUG - Generated SSH SYN from h3:19755 -> h5:22 [len=54B]
2025-09-12 19:51:43 - [BENIGN] - DEBUG - Generated SSH SYN-ACK from h5:22 <- h3:19755 [len=54B]
2025-09-12 19:51:43 - [BENIGN] - DEBUG - Generated SSH ACK from h3:19755 -> h5:22 [len=54B]
2025-09-12 19:51:44 - [BENIGN] - DEBUG - Generated SSH data traffic from h3:19755 -> h5:22 [content='SSH encrypted data'] [Session 52] [len=610B]
2025-09-12 19:51:45 - [BENIGN] - DEBUG - Generated SSH ACK reply from h5:22 <- h3:19755 [len=54B]
2025-09-12 19:51:45 - [BENIGN] - DEBUG - Generated FTP SYN from h3:5075 -> h5:21 [len=54B]
2025-09-12 19:51:46 - [BENIGN] - DEBUG - Generated FTP SYN-ACK from h5:21 <- h3:5075 [len=54B]
2025-09-12 19:51:46 - [BENIGN] - DEBUG - Generated FTP ACK from h3:5075 -> h5:21 [len=54B]
2025-09-12 19:51:47 - [BENIGN] - DEBUG - Generated FTP data traffic from h3:5075 -> h5:21 [content='FTP file transfer'] [Session 53] [len=1135B]
2025-09-12 19:51:48 - [BENIGN] - DEBUG - Generated FTP ACK reply from h5:21 <- h3:5075 [len=54B]
2025-09-12 19:51:48 - [BENIGN] - DEBUG - Generated HTTP SYN from h3:37999 -> h5:80 [len=54B]
2025-09-12 19:51:49 - [BENIGN] - DEBUG - Generated HTTP SYN-ACK from h5:80 <- h3:37999 [len=54B]
2025-09-12 19:51:50 - [BENIGN] - DEBUG - Generated HTTP ACK from h3:37999 -> h5:80 [len=54B]
2025-09-12 19:51:50 - [BENIGN] - DEBUG - Generated HTTP data traffic from h3:37999 -> h5:80 [content='GET /index.html HTTP/1.1'] [Session 54] [len=578B]
2025-09-12 19:51:51 - [BENIGN] - DEBUG - Generated HTTP ACK reply from h5:80 <- h3:37999 [len=54B]
2025-09-12 19:51:51 - [BENIGN] - DEBUG - Generated HTTPS SYN from h3:63017 -> h5:443 [len=54B]
2025-09-12 19:51:52 - [BENIGN] - DEBUG - Generated HTTPS SYN-ACK from h5:443 <- h3:63017 [len=54B]
2025-09-12 19:51:53 - [BENIGN] - DEBUG - Generated HTTPS ACK from h3:63017 -> h5:443 [len=54B]
2025-09-12 19:51:53 - [BENIGN] - DEBUG - Generated HTTPS data traffic from h3:63017 -> h5:443 [content='Encrypted Application Data'] [Session 55] [len=581B]
2025-09-12 19:51:54 - [BENIGN] - DEBUG - Generated HTTPS ACK reply from h5:443 <- h3:63017 [len=54B]
2025-09-12 19:51:55 - [BENIGN] - DEBUG - Generated DNS query from h3:44169 -> h5:53 [qname='example.com'] [Session 56] [len=71B]
2025-09-12 19:51:55 - [BENIGN] - DEBUG - Generated ICMP traffic h2↔h5 7 [len=84B]
2025-09-12 19:51:55 - [BENIGN] - DEBUG - Generated TCP SYN from h3:59932 -> h5:12345 [len=54B]
2025-09-12 19:51:56 - [BENIGN] - DEBUG - Generated TCP SYN-ACK from h5:12345 <- h3:59932 [len=54B]
2025-09-12 19:51:57 - [BENIGN] - DEBUG - Generated TCP ACK from h3:59932 -> h5:12345 [len=54B]
2025-09-12 19:51:57 - [BENIGN] - DEBUG - Generated TCP data traffic from h3:59932 -> h5:12345 [content='TCP data'] [Session 57] [len=172B]
2025-09-12 19:51:58 - [BENIGN] - DEBUG - Generated TCP ACK reply from h5:12345 <- h3:59932 [len=54B]
2025-09-12 19:51:58 - [BENIGN] - DEBUG - Generated UDP traffic from h3:23296 -> h5:12346 [content='e508ab200786f4fbfd1cafdc08630bac66bab5ab...'] [Session 58] [len=815B]
2025-09-12 19:51:59 - [BENIGN] - DEBUG - Generated Telnet SYN from h3:42720 -> h5:23 [len=54B]
2025-09-12 19:52:00 - [BENIGN] - DEBUG - Generated Telnet SYN-ACK from h5:23 <- h3:42720 [len=54B]
2025-09-12 19:52:00 - [BENIGN] - DEBUG - Generated Telnet ACK from h3:42720 -> h5:23 [len=54B]
2025-09-12 19:52:01 - [BENIGN] - DEBUG - Generated Telnet data traffic from h3:42720 -> h5:23 [content='Telnet command'] [Session 59] [len=384B]
2025-09-12 19:52:02 - [BENIGN] - DEBUG - Generated Telnet ACK reply from h5:23 <- h3:42720 [len=54B]
2025-09-12 19:52:02 - [BENIGN] - DEBUG - Generated SSH SYN from h3:9970 -> h5:22 [len=54B]
2025-09-12 19:52:03 - [BENIGN] - DEBUG - Generated SSH SYN-ACK from h5:22 <- h3:9970 [len=54B]
2025-09-12 19:52:04 - [BENIGN] - DEBUG - Generated SSH ACK from h3:9970 -> h5:22 [len=54B]
2025-09-12 19:52:04 - [BENIGN] - DEBUG - Generated SSH data traffic from h3:9970 -> h5:22 [content='SSH encrypted data'] [Session 60] [len=920B]
2025-09-12 19:52:05 - [BENIGN] - DEBUG - Generated SSH ACK reply from h5:22 <- h3:9970 [len=54B]
2025-09-12 19:52:05 - [BENIGN] - DEBUG - Generated FTP SYN from h3:51799 -> h5:21 [len=54B]
2025-09-12 19:52:06 - [BENIGN] - DEBUG - Generated FTP SYN-ACK from h5:21 <- h3:51799 [len=54B]
2025-09-12 19:52:07 - [BENIGN] - DEBUG - Generated FTP ACK from h3:51799 -> h5:21 [len=54B]
2025-09-12 19:52:07 - [BENIGN] - DEBUG - Generated FTP data traffic from h3:51799 -> h5:21 [content='FTP file transfer'] [Session 61] [len=1469B]
2025-09-12 19:52:08 - [BENIGN] - DEBUG - Generated FTP ACK reply from h5:21 <- h3:51799 [len=54B]
2025-09-12 19:52:09 - [BENIGN] - DEBUG - Generated HTTP SYN from h3:4652 -> h5:80 [len=54B]
2025-09-12 19:52:09 - [BENIGN] - DEBUG - Generated HTTP SYN-ACK from h5:80 <- h3:4652 [len=54B]
2025-09-12 19:52:10 - [BENIGN] - DEBUG - Generated HTTP ACK from h3:4652 -> h5:80 [len=54B]
2025-09-12 19:52:11 - [BENIGN] - DEBUG - Generated HTTP data traffic from h3:4652 -> h5:80 [content='GET /index.html HTTP/1.1'] [Session 62] [len=508B]
2025-09-12 19:52:11 - [BENIGN] - DEBUG - Generated HTTP ACK reply from h5:80 <- h3:4652 [len=54B]
2025-09-12 19:52:12 - [BENIGN] - DEBUG - Generated HTTPS SYN from h3:26548 -> h5:443 [len=54B]
2025-09-12 19:52:12 - [BENIGN] - DEBUG - Generated HTTPS SYN-ACK from h5:443 <- h3:26548 [len=54B]
2025-09-12 19:52:13 - [BENIGN] - DEBUG - Generated HTTPS ACK from h3:26548 -> h5:443 [len=54B]
2025-09-12 19:52:14 - [BENIGN] - DEBUG - Generated HTTPS data traffic from h3:26548 -> h5:443 [content='Encrypted Application Data'] [Session 63] [len=325B]
2025-09-12 19:52:14 - [BENIGN] - DEBUG - Generated HTTPS ACK reply from h5:443 <- h3:26548 [len=54B]
2025-09-12 19:52:15 - [BENIGN] - DEBUG - Generated DNS query from h3:50680 -> h5:53 [qname='example.com'] [Session 64] [len=71B]
2025-09-12 19:52:15 - [BENIGN] - DEBUG - Generated ICMP traffic h2↔h5 8 [len=84B]
2025-09-12 19:52:16 - [BENIGN] - DEBUG - Generated TCP SYN from h3:62221 -> h5:12345 [len=54B]
2025-09-12 19:52:16 - [BENIGN] - DEBUG - Generated TCP SYN-ACK from h5:12345 <- h3:62221 [len=54B]
2025-09-12 19:52:17 - [BENIGN] - DEBUG - Generated TCP ACK from h3:62221 -> h5:12345 [len=54B]
2025-09-12 19:52:18 - [BENIGN] - DEBUG - Generated TCP data traffic from h3:62221 -> h5:12345 [content='TCP data'] [Session 65] [len=512B]
2025-09-12 19:52:18 - [BENIGN] - DEBUG - Generated TCP ACK reply from h5:12345 <- h3:62221 [len=54B]
2025-09-12 19:52:19 - [BENIGN] - DEBUG - Generated UDP traffic from h3:22174 -> h5:12346 [content='f13a158a287d7e6ec3c0c676a16eaf62ca0e14aa...'] [Session 66] [len=1282B]
2025-09-12 19:52:19 - [BENIGN] - DEBUG - Generated Telnet SYN from h3:49794 -> h5:23 [len=54B]
2025-09-12 19:52:20 - [BENIGN] - DEBUG - Generated Telnet SYN-ACK from h5:23 <- h3:49794 [len=54B]
2025-09-12 19:52:21 - [BENIGN] - DEBUG - Generated Telnet ACK from h3:49794 -> h5:23 [len=54B]
2025-09-12 19:52:21 - [BENIGN] - DEBUG - Generated Telnet data traffic from h3:49794 -> h5:23 [content='Telnet command'] [Session 67] [len=732B]
2025-09-12 19:52:22 - [BENIGN] - DEBUG - Generated Telnet ACK reply from h5:23 <- h3:49794 [len=54B]
2025-09-12 19:52:23 - [BENIGN] - DEBUG - Generated SSH SYN from h3:24583 -> h5:22 [len=54B]
2025-09-12 19:52:23 - [BENIGN] - DEBUG - Generated SSH SYN-ACK from h5:22 <- h3:24583 [len=54B]
2025-09-12 19:52:24 - [BENIGN] - DEBUG - Generated SSH ACK from h3:24583 -> h5:22 [len=54B]
2025-09-12 19:52:24 - [BENIGN] - DEBUG - Generated SSH data traffic from h3:24583 -> h5:22 [content='SSH encrypted data'] [Session 68] [len=272B]
2025-09-12 19:52:25 - [BENIGN] - DEBUG - Generated SSH ACK reply from h5:22 <- h3:24583 [len=54B]
2025-09-12 19:52:26 - [BENIGN] - DEBUG - Generated FTP SYN from h3:28537 -> h5:21 [len=54B]
2025-09-12 19:52:26 - [BENIGN] - DEBUG - Generated FTP SYN-ACK from h5:21 <- h3:28537 [len=54B]
2025-09-12 19:52:27 - [BENIGN] - DEBUG - Generated FTP ACK from h3:28537 -> h5:21 [len=54B]
2025-09-12 19:52:28 - [BENIGN] - DEBUG - Generated FTP data traffic from h3:28537 -> h5:21 [content='FTP file transfer'] [Session 69] [len=186B]
2025-09-12 19:52:28 - [BENIGN] - DEBUG - Generated FTP ACK reply from h5:21 <- h3:28537 [len=54B]
2025-09-12 19:52:29 - [BENIGN] - DEBUG - Generated HTTP SYN from h3:51079 -> h5:80 [len=54B]
2025-09-12 19:52:30 - [BENIGN] - DEBUG - Generated HTTP SYN-ACK from h5:80 <- h3:51079 [len=54B]
2025-09-12 19:52:30 - [BENIGN] - DEBUG - Generated HTTP ACK from h3:51079 -> h5:80 [len=54B]
2025-09-12 19:52:31 - [BENIGN] - DEBUG - Generated HTTP data traffic from h3:51079 -> h5:80 [content='GET /index.html HTTP/1.1'] [Session 70] [len=265B]
2025-09-12 19:52:31 - [BENIGN] - DEBUG - Generated HTTP ACK reply from h5:80 <- h3:51079 [len=54B]
2025-09-12 19:52:32 - [BENIGN] - DEBUG - Generated HTTPS SYN from h3:29212 -> h5:443 [len=54B]
2025-09-12 19:52:33 - [BENIGN] - DEBUG - Generated HTTPS SYN-ACK from h5:443 <- h3:29212 [len=54B]
2025-09-12 19:52:33 - [BENIGN] - DEBUG - Generated HTTPS ACK from h3:29212 -> h5:443 [len=54B]
2025-09-12 19:52:34 - [BENIGN] - DEBUG - Generated HTTPS data traffic from h3:29212 -> h5:443 [content='Encrypted Application Data'] [Session 71] [len=646B]
2025-09-12 19:52:35 - [BENIGN] - DEBUG - Generated HTTPS ACK reply from h5:443 <- h3:29212 [len=54B]
2025-09-12 19:52:35 - [BENIGN] - DEBUG - Generated DNS query from h3:51004 -> h5:53 [qname='example.com'] [Session 72] [len=71B]
2025-09-12 19:52:35 - [BENIGN] - DEBUG - Generated ICMP traffic h2↔h5 9 [len=84B]
2025-09-12 19:52:36 - [BENIGN] - DEBUG - Generated TCP SYN from h3:10593 -> h5:12345 [len=54B]
2025-09-12 19:52:37 - [BENIGN] - DEBUG - Generated TCP SYN-ACK from h5:12345 <- h3:10593 [len=54B]
2025-09-12 19:52:37 - [BENIGN] - DEBUG - Generated TCP ACK from h3:10593 -> h5:12345 [len=54B]
2025-09-12 19:52:38 - [BENIGN] - DEBUG - Generated TCP data traffic from h3:10593 -> h5:12345 [content='TCP data'] [Session 73] [len=668B]
2025-09-12 19:52:38 - [BENIGN] - DEBUG - Generated TCP ACK reply from h5:12345 <- h3:10593 [len=54B]
2025-09-12 19:52:39 - [BENIGN] - DEBUG - Generated UDP traffic from h3:10010 -> h5:12346 [content='ed9c529d1140b940a9b3666ca689642ae2733664...'] [Session 74] [len=1282B]
2025-09-12 19:52:40 - [BENIGN] - DEBUG - Generated Telnet SYN from h3:38670 -> h5:23 [len=54B]
2025-09-12 19:52:40 - [BENIGN] - DEBUG - Generated Telnet SYN-ACK from h5:23 <- h3:38670 [len=54B]
2025-09-12 19:52:41 - [BENIGN] - DEBUG - Generated Telnet ACK from h3:38670 -> h5:23 [len=54B]
2025-09-12 19:52:42 - [BENIGN] - DEBUG - Generated Telnet data traffic from h3:38670 -> h5:23 [content='Telnet command'] [Session 75] [len=1192B]
2025-09-12 19:52:42 - [BENIGN] - DEBUG - Generated Telnet ACK reply from h5:23 <- h3:38670 [len=54B]
2025-09-12 19:52:43 - [BENIGN] - DEBUG - Generated SSH SYN from h3:15055 -> h5:22 [len=54B]
2025-09-12 19:52:44 - [BENIGN] - DEBUG - Generated SSH SYN-ACK from h5:22 <- h3:15055 [len=54B]
2025-09-12 19:52:44 - [BENIGN] - DEBUG - Generated SSH ACK from h3:15055 -> h5:22 [len=54B]
2025-09-12 19:52:45 - [BENIGN] - DEBUG - Generated SSH data traffic from h3:15055 -> h5:22 [content='SSH encrypted data'] [Session 76] [len=841B]
2025-09-12 19:52:45 - [BENIGN] - DEBUG - Generated SSH ACK reply from h5:22 <- h3:15055 [len=54B]
2025-09-12 19:52:46 - [BENIGN] - DEBUG - Generated FTP SYN from h3:36357 -> h5:21 [len=54B]
2025-09-12 19:52:47 - [BENIGN] - DEBUG - Generated FTP SYN-ACK from h5:21 <- h3:36357 [len=54B]
2025-09-12 19:52:47 - [BENIGN] - DEBUG - Generated FTP ACK from h3:36357 -> h5:21 [len=54B]
2025-09-12 19:52:48 - [BENIGN] - DEBUG - Generated FTP data traffic from h3:36357 -> h5:21 [content='FTP file transfer'] [Session 77] [len=350B]
2025-09-12 19:52:48 - [BENIGN] - DEBUG - Generated FTP ACK reply from h5:21 <- h3:36357 [len=54B]
2025-09-12 19:52:49 - [BENIGN] - DEBUG - Generated HTTP SYN from h3:9808 -> h5:80 [len=54B]
2025-09-12 19:52:50 - [BENIGN] - DEBUG - Generated HTTP SYN-ACK from h5:80 <- h3:9808 [len=54B]
2025-09-12 19:52:50 - [BENIGN] - DEBUG - Generated HTTP ACK from h3:9808 -> h5:80 [len=54B]
2025-09-12 19:52:51 - [BENIGN] - DEBUG - Generated HTTP data traffic from h3:9808 -> h5:80 [content='GET /index.html HTTP/1.1'] [Session 78] [len=396B]
2025-09-12 19:52:52 - [BENIGN] - DEBUG - Generated HTTP ACK reply from h5:80 <- h3:9808 [len=54B]
2025-09-12 19:52:52 - [BENIGN] - DEBUG - Generated HTTPS SYN from h3:6894 -> h5:443 [len=54B]
2025-09-12 19:52:53 - [BENIGN] - DEBUG - Generated HTTPS SYN-ACK from h5:443 <- h3:6894 [len=54B]
2025-09-12 19:52:53 - [BENIGN] - DEBUG - Generated HTTPS ACK from h3:6894 -> h5:443 [len=54B]
2025-09-12 19:52:54 - [BENIGN] - DEBUG - Generated HTTPS data traffic from h3:6894 -> h5:443 [content='Encrypted Application Data'] [Session 79] [len=448B]
2025-09-12 19:52:55 - [BENIGN] - DEBUG - Generated HTTPS ACK reply from h5:443 <- h3:6894 [len=54B]
2025-09-12 19:52:55 - [BENIGN] - DEBUG - Generated DNS query from h3:24408 -> h5:53 [qname='example.com'] [Session 80] [len=71B]
2025-09-12 19:52:55 - [BENIGN] - INFO - Benign traffic finished.
2025-09-12 19:52:55 - [BENIGN] - INFO - Summary: 80 protocol sessions with protocol separation:
2025-09-12 19:52:55 - [BENIGN] - INFO -   - h2↔h5: ICMP ping traffic
2025-09-12 19:52:55 - [BENIGN] - INFO -   - h3↔h5: TCP/UDP traffic [TCP, UDP, Telnet, SSH, FTP, HTTP, HTTPS, DNS]
2025-09-12 19:52:55 - [BENIGN] - INFO - Total packets sent: 340
