2025-09-12 18:47:10,480 - attack_logger - INFO - Attack: Enhanced SYN Flood (11s) | h1 -> h6
2025-09-12 18:47:12,994 - attack_logger - INFO - [syn_flood] [Run ID: d3a0e11c-2cd2-477f-bc36-c58d7daab1d9] Starting Enhanced SYN Flood from h1 to 192.168.30.10 for 11 seconds.
2025-09-12 18:47:12,994 - attack_logger - INFO - [syn_flood] [Run ID: d3a0e11c-2cd2-477f-bc36-c58d7daab1d9] Attack Phase: Enhanced Traditional SYN Flood - Attacker: h1, Target: 192.168.30.10:80, Duration: 11s
2025-09-12 18:47:12,994 - attack_logger - INFO - [syn_flood] [Run ID: d3a0e11c-2cd2-477f-bc36-c58d7daab1d9] Enhanced Features: Human-like timing, protocol compliance, network delay simulation
2025-09-12 18:47:12,994 - attack_logger - INFO - [syn_flood] [Run ID: d3a0e11c-2cd2-477f-bc36-c58d7daab1d9] Session pattern: 1 phases, Circadian factor: 0.70, Workday factor: 0.70
2025-09-12 18:47:12,994 - attack_logger - DEBUG - [syn_flood] [Run ID: d3a0e11c-2cd2-477f-bc36-c58d7daab1d9] Starting enhanced SYN packet generation with human-like timing
2025-09-12 18:47:12,994 - attack_logger - INFO - [syn_flood] [Run ID: d3a0e11c-2cd2-477f-bc36-c58d7daab1d9] Stress phase: 3s, Advanced phase: 8s
2025-09-12 18:47:16,595 - attack_logger - INFO - [syn_flood] [Run ID: d3a0e11c-2cd2-477f-bc36-c58d7daab1d9] Stress phase completed
2025-09-12 18:47:16,602 - attack_logger - INFO - [syn_flood] [Run ID: d3a0e11c-2cd2-477f-bc36-c58d7daab1d9] Enhanced SYN flood process started (PID: 10137)
2025-09-12 18:47:17,671 - attack_logger - INFO - [syn_flood] [Run ID: d3a0e11c-2cd2-477f-bc36-c58d7daab1d9] Attack progress: 1.1s elapsed, ~11 packets sent, Rate: 10.2 pps, Phase: active (intensity: 0.72)
2025-09-12 18:47:17,671 - attack_logger - DEBUG - [syn_flood] [Run ID: d3a0e11c-2cd2-477f-bc36-c58d7daab1d9] Process stats - CPU: 0.0%, Memory: 60.2MB
2025-09-12 18:47:17,671 - attack_logger - DEBUG - [syn_flood] [Run ID: d3a0e11c-2cd2-477f-bc36-c58d7daab1d9] Timing factors - Circadian: 0.70, Workday: 0.70, Adjusted rate: 10.4 pps
2025-09-12 18:47:18,760 - attack_logger - INFO - [syn_flood] [Run ID: d3a0e11c-2cd2-477f-bc36-c58d7daab1d9] Attack progress: 2.2s elapsed, ~18 packets sent, Rate: 8.3 pps, Phase: active (intensity: 0.72)
2025-09-12 18:47:18,760 - attack_logger - DEBUG - [syn_flood] [Run ID: d3a0e11c-2cd2-477f-bc36-c58d7daab1d9] Process stats - CPU: 0.0%, Memory: 60.4MB
2025-09-12 18:47:18,760 - attack_logger - DEBUG - [syn_flood] [Run ID: d3a0e11c-2cd2-477f-bc36-c58d7daab1d9] Timing factors - Circadian: 0.70, Workday: 0.70, Adjusted rate: 8.3 pps
2025-09-12 18:47:19,796 - attack_logger - INFO - [syn_flood] [Run ID: d3a0e11c-2cd2-477f-bc36-c58d7daab1d9] Attack progress: 3.2s elapsed, ~28 packets sent, Rate: 8.7 pps, Phase: active (intensity: 0.72)
2025-09-12 18:47:19,796 - attack_logger - DEBUG - [syn_flood] [Run ID: d3a0e11c-2cd2-477f-bc36-c58d7daab1d9] Process stats - CPU: 0.0%, Memory: 60.4MB
2025-09-12 18:47:19,796 - attack_logger - DEBUG - [syn_flood] [Run ID: d3a0e11c-2cd2-477f-bc36-c58d7daab1d9] Timing factors - Circadian: 0.70, Workday: 0.70, Adjusted rate: 9.0 pps
2025-09-12 18:47:20,817 - attack_logger - INFO - [syn_flood] [Run ID: d3a0e11c-2cd2-477f-bc36-c58d7daab1d9] Attack progress: 4.2s elapsed, ~43 packets sent, Rate: 10.2 pps, Phase: active (intensity: 0.72)
2025-09-12 18:47:20,818 - attack_logger - DEBUG - [syn_flood] [Run ID: d3a0e11c-2cd2-477f-bc36-c58d7daab1d9] Process stats - CPU: 0.0%, Memory: 60.4MB
2025-09-12 18:47:20,818 - attack_logger - DEBUG - [syn_flood] [Run ID: d3a0e11c-2cd2-477f-bc36-c58d7daab1d9] Timing factors - Circadian: 0.70, Workday: 0.70, Adjusted rate: 10.2 pps
2025-09-12 18:47:21,910 - attack_logger - INFO - [syn_flood] [Run ID: d3a0e11c-2cd2-477f-bc36-c58d7daab1d9] Attack progress: 5.3s elapsed, ~44 packets sent, Rate: 8.3 pps, Phase: active (intensity: 0.72)
2025-09-12 18:47:21,911 - attack_logger - DEBUG - [syn_flood] [Run ID: d3a0e11c-2cd2-477f-bc36-c58d7daab1d9] Process stats - CPU: 0.0%, Memory: 60.4MB
2025-09-12 18:47:21,911 - attack_logger - DEBUG - [syn_flood] [Run ID: d3a0e11c-2cd2-477f-bc36-c58d7daab1d9] Timing factors - Circadian: 0.70, Workday: 0.70, Adjusted rate: 8.3 pps
2025-09-12 18:47:23,018 - attack_logger - INFO - [syn_flood] [Run ID: d3a0e11c-2cd2-477f-bc36-c58d7daab1d9] Attack progress: 6.4s elapsed, ~64 packets sent, Rate: 10.0 pps, Phase: active (intensity: 0.72)
2025-09-12 18:47:23,018 - attack_logger - DEBUG - [syn_flood] [Run ID: d3a0e11c-2cd2-477f-bc36-c58d7daab1d9] Process stats - CPU: 0.0%, Memory: 60.4MB
2025-09-12 18:47:23,018 - attack_logger - DEBUG - [syn_flood] [Run ID: d3a0e11c-2cd2-477f-bc36-c58d7daab1d9] Timing factors - Circadian: 0.70, Workday: 0.70, Adjusted rate: 10.1 pps
2025-09-12 18:47:24,061 - attack_logger - INFO - [syn_flood] [Run ID: d3a0e11c-2cd2-477f-bc36-c58d7daab1d9] Attack progress: 7.5s elapsed, ~57 packets sent, Rate: 7.6 pps, Phase: active (intensity: 0.72)
2025-09-12 18:47:24,061 - attack_logger - DEBUG - [syn_flood] [Run ID: d3a0e11c-2cd2-477f-bc36-c58d7daab1d9] Process stats - CPU: 0.0%, Memory: 60.4MB
2025-09-12 18:47:24,061 - attack_logger - DEBUG - [syn_flood] [Run ID: d3a0e11c-2cd2-477f-bc36-c58d7daab1d9] Timing factors - Circadian: 0.70, Workday: 0.70, Adjusted rate: 7.7 pps
2025-09-12 18:47:24,686 - attack_logger - DEBUG - [syn_flood] [Run ID: d3a0e11c-2cd2-477f-bc36-c58d7daab1d9] Sent SIGINT to SYN flood process 10137
2025-09-12 18:47:25,188 - attack_logger - INFO - [syn_flood] [Run ID: d3a0e11c-2cd2-477f-bc36-c58d7daab1d9] Enhanced SYN Flood from h1 to 192.168.30.10 finished.
2025-09-12 18:47:25,188 - attack_logger - INFO - [syn_flood] [Run ID: d3a0e11c-2cd2-477f-bc36-c58d7daab1d9] Attack completed. Total packets sent = 91, Average rate = 11.25 packets/sec.
2025-09-12 18:47:25,188 - attack_logger - INFO - [syn_flood] [Run ID: d3a0e11c-2cd2-477f-bc36-c58d7daab1d9] --- Enhanced Attack Summary ---
2025-09-12 18:47:25,188 - attack_logger - INFO - [syn_flood] [Run ID: d3a0e11c-2cd2-477f-bc36-c58d7daab1d9] Total packets sent: 91
2025-09-12 18:47:25,188 - attack_logger - INFO - [syn_flood] [Run ID: d3a0e11c-2cd2-477f-bc36-c58d7daab1d9] Actual duration: 8.09s
2025-09-12 18:47:25,188 - attack_logger - INFO - [syn_flood] [Run ID: d3a0e11c-2cd2-477f-bc36-c58d7daab1d9] Average rate: 11.25 packets/sec
2025-09-12 18:47:25,188 - attack_logger - INFO - [syn_flood] [Run ID: d3a0e11c-2cd2-477f-bc36-c58d7daab1d9] Base rate: 23.2 pps
2025-09-12 18:47:25,188 - attack_logger - INFO - [syn_flood] [Run ID: d3a0e11c-2cd2-477f-bc36-c58d7daab1d9] Circadian factor: 0.70
2025-09-12 18:47:25,188 - attack_logger - INFO - [syn_flood] [Run ID: d3a0e11c-2cd2-477f-bc36-c58d7daab1d9] Workday factor: 0.70
2025-09-12 18:47:25,188 - attack_logger - INFO - [syn_flood] [Run ID: d3a0e11c-2cd2-477f-bc36-c58d7daab1d9] Session phases: 1
2025-09-12 18:47:25,188 - attack_logger - INFO - [syn_flood] [Run ID: d3a0e11c-2cd2-477f-bc36-c58d7daab1d9] Target port: 80
2025-09-12 18:47:25,188 - attack_logger - INFO - [syn_flood] [Run ID: d3a0e11c-2cd2-477f-bc36-c58d7daab1d9] Attack method: Enhanced SYN Flood with Human-like Timing
2025-09-12 18:47:25,188 - attack_logger - INFO - [syn_flood] [Run ID: d3a0e11c-2cd2-477f-bc36-c58d7daab1d9] Enhancement features: Human timing patterns, protocol compliance, network delay simulation
2025-09-12 18:47:25,188 - attack_logger - INFO - [syn_flood] [Run ID: d3a0e11c-2cd2-477f-bc36-c58d7daab1d9] TCP options: MSS, WScale, Timestamp, SAckOK
2025-09-12 18:47:25,188 - attack_logger - INFO - [syn_flood] [Run ID: d3a0e11c-2cd2-477f-bc36-c58d7daab1d9] ----------------------------------------
2025-09-12 18:47:25,227 - attack_logger - INFO - Attack: Enhanced SYN Flood completed.
2025-09-12 18:47:25,227 - attack_logger - INFO - Attack: Enhanced UDP Flood (22s) | h1 -> h6
2025-09-12 18:47:27,743 - attack_logger - INFO - [udp_flood] [Run ID: a34e6a9a-68b8-40ca-991c-2da35e98228c] Starting Enhanced UDP Flood from h1 to 192.168.30.10 for 22 seconds.
2025-09-12 18:47:27,743 - attack_logger - INFO - [udp_flood] [Run ID: a34e6a9a-68b8-40ca-991c-2da35e98228c] Attack Phase: Enhanced Traditional UDP Flood - Attacker: h1, Target: 192.168.30.10:53, Duration: 22s
2025-09-12 18:47:27,743 - attack_logger - INFO - [udp_flood] [Run ID: a34e6a9a-68b8-40ca-991c-2da35e98228c] Enhanced Features: Human-like timing, protocol compliance, network delay simulation
2025-09-12 18:47:27,743 - attack_logger - INFO - [udp_flood] [Run ID: a34e6a9a-68b8-40ca-991c-2da35e98228c] Stress phase: 6s, Advanced phase: 16s
2025-09-12 18:47:34,326 - attack_logger - INFO - [udp_flood] [Run ID: a34e6a9a-68b8-40ca-991c-2da35e98228c] Stress phase completed
2025-09-12 18:47:34,326 - attack_logger - INFO - [udp_flood] [Run ID: a34e6a9a-68b8-40ca-991c-2da35e98228c] Session pattern: 1 phases, Circadian factor: 0.70, Workday factor: 0.70
2025-09-12 18:47:34,326 - attack_logger - DEBUG - [udp_flood] [Run ID: a34e6a9a-68b8-40ca-991c-2da35e98228c] Starting enhanced UDP packet generation with human-like timing
2025-09-12 18:47:34,333 - attack_logger - INFO - [udp_flood] [Run ID: a34e6a9a-68b8-40ca-991c-2da35e98228c] Enhanced UDP flood process started (PID: 10147)
2025-09-12 18:47:37,407 - attack_logger - INFO - [udp_flood] [Run ID: a34e6a9a-68b8-40ca-991c-2da35e98228c] Attack progress: 3.1s elapsed, ~12 packets sent, Rate: 3.9 pps, Phase: break (intensity: 0.29)
2025-09-12 18:47:37,407 - attack_logger - DEBUG - [udp_flood] [Run ID: a34e6a9a-68b8-40ca-991c-2da35e98228c] Process stats - CPU: 0.0%, Memory: 60.7MB
2025-09-12 18:47:37,407 - attack_logger - DEBUG - [udp_flood] [Run ID: a34e6a9a-68b8-40ca-991c-2da35e98228c] Timing factors - Circadian: 0.70, Workday: 0.70, Adjusted rate: 4.2 pps
2025-09-12 18:47:40,455 - attack_logger - INFO - [udp_flood] [Run ID: a34e6a9a-68b8-40ca-991c-2da35e98228c] Attack progress: 6.1s elapsed, ~19 packets sent, Rate: 3.1 pps, Phase: break (intensity: 0.29)
2025-09-12 18:47:40,455 - attack_logger - DEBUG - [udp_flood] [Run ID: a34e6a9a-68b8-40ca-991c-2da35e98228c] Process stats - CPU: 0.0%, Memory: 60.7MB
2025-09-12 18:47:40,455 - attack_logger - DEBUG - [udp_flood] [Run ID: a34e6a9a-68b8-40ca-991c-2da35e98228c] Timing factors - Circadian: 0.70, Workday: 0.70, Adjusted rate: 3.3 pps
2025-09-12 18:47:43,518 - attack_logger - INFO - [udp_flood] [Run ID: a34e6a9a-68b8-40ca-991c-2da35e98228c] Attack progress: 9.2s elapsed, ~36 packets sent, Rate: 3.9 pps, Phase: break (intensity: 0.29)
2025-09-12 18:47:43,519 - attack_logger - DEBUG - [udp_flood] [Run ID: a34e6a9a-68b8-40ca-991c-2da35e98228c] Process stats - CPU: 0.0%, Memory: 60.7MB
2025-09-12 18:47:43,519 - attack_logger - DEBUG - [udp_flood] [Run ID: a34e6a9a-68b8-40ca-991c-2da35e98228c] Timing factors - Circadian: 0.70, Workday: 0.70, Adjusted rate: 4.0 pps
2025-09-12 18:47:46,543 - attack_logger - INFO - [udp_flood] [Run ID: a34e6a9a-68b8-40ca-991c-2da35e98228c] Attack progress: 12.2s elapsed, ~42 packets sent, Rate: 3.4 pps, Phase: break (intensity: 0.29)
2025-09-12 18:47:46,543 - attack_logger - DEBUG - [udp_flood] [Run ID: a34e6a9a-68b8-40ca-991c-2da35e98228c] Process stats - CPU: 0.0%, Memory: 60.7MB
2025-09-12 18:47:46,543 - attack_logger - DEBUG - [udp_flood] [Run ID: a34e6a9a-68b8-40ca-991c-2da35e98228c] Timing factors - Circadian: 0.70, Workday: 0.70, Adjusted rate: 3.5 pps
2025-09-12 18:47:49,599 - attack_logger - INFO - [udp_flood] [Run ID: a34e6a9a-68b8-40ca-991c-2da35e98228c] Attack progress: 15.3s elapsed, ~64 packets sent, Rate: 4.2 pps, Phase: break (intensity: 0.29)
2025-09-12 18:47:49,599 - attack_logger - DEBUG - [udp_flood] [Run ID: a34e6a9a-68b8-40ca-991c-2da35e98228c] Process stats - CPU: 0.0%, Memory: 60.7MB
2025-09-12 18:47:49,599 - attack_logger - DEBUG - [udp_flood] [Run ID: a34e6a9a-68b8-40ca-991c-2da35e98228c] Timing factors - Circadian: 0.70, Workday: 0.70, Adjusted rate: 4.2 pps
2025-09-12 18:47:50,345 - attack_logger - DEBUG - [udp_flood] [Run ID: a34e6a9a-68b8-40ca-991c-2da35e98228c] Sent SIGINT to UDP flood process 10147
2025-09-12 18:47:50,847 - attack_logger - INFO - [udp_flood] [Run ID: a34e6a9a-68b8-40ca-991c-2da35e98228c] Enhanced UDP Flood from h1 to 192.168.30.10 finished.
2025-09-12 18:47:50,847 - attack_logger - INFO - [udp_flood] [Run ID: a34e6a9a-68b8-40ca-991c-2da35e98228c] Attack completed. Total packets sent = 214, Average rate = 13.36 packets/sec.
2025-09-12 18:47:50,847 - attack_logger - INFO - [udp_flood] [Run ID: a34e6a9a-68b8-40ca-991c-2da35e98228c] --- Enhanced Attack Summary ---
2025-09-12 18:47:50,847 - attack_logger - INFO - [udp_flood] [Run ID: a34e6a9a-68b8-40ca-991c-2da35e98228c] Total packets sent: 214
2025-09-12 18:47:50,847 - attack_logger - INFO - [udp_flood] [Run ID: a34e6a9a-68b8-40ca-991c-2da35e98228c] Actual duration: 16.02s
2025-09-12 18:47:50,847 - attack_logger - INFO - [udp_flood] [Run ID: a34e6a9a-68b8-40ca-991c-2da35e98228c] Average rate: 13.36 packets/sec
2025-09-12 18:47:50,847 - attack_logger - INFO - [udp_flood] [Run ID: a34e6a9a-68b8-40ca-991c-2da35e98228c] Base rate: 27.4 pps
2025-09-12 18:47:50,847 - attack_logger - INFO - [udp_flood] [Run ID: a34e6a9a-68b8-40ca-991c-2da35e98228c] Circadian factor: 0.70
2025-09-12 18:47:50,847 - attack_logger - INFO - [udp_flood] [Run ID: a34e6a9a-68b8-40ca-991c-2da35e98228c] Workday factor: 0.70
2025-09-12 18:47:50,847 - attack_logger - INFO - [udp_flood] [Run ID: a34e6a9a-68b8-40ca-991c-2da35e98228c] Session phases: 1
2025-09-12 18:47:50,847 - attack_logger - INFO - [udp_flood] [Run ID: a34e6a9a-68b8-40ca-991c-2da35e98228c] Target port: 53 (DNS)
2025-09-12 18:47:50,847 - attack_logger - INFO - [udp_flood] [Run ID: a34e6a9a-68b8-40ca-991c-2da35e98228c] Attack method: Enhanced UDP Flood with Human-like Timing
2025-09-12 18:47:50,847 - attack_logger - INFO - [udp_flood] [Run ID: a34e6a9a-68b8-40ca-991c-2da35e98228c] Enhancement features: Human timing patterns, protocol compliance, network delay simulation
2025-09-12 18:47:50,848 - attack_logger - INFO - [udp_flood] [Run ID: a34e6a9a-68b8-40ca-991c-2da35e98228c] DNS payloads: Realistic query patterns with varied domains
2025-09-12 18:47:50,848 - attack_logger - INFO - [udp_flood] [Run ID: a34e6a9a-68b8-40ca-991c-2da35e98228c] ----------------------------------------
2025-09-12 18:47:50,890 - attack_logger - INFO - Attack: Enhanced UDP Flood completed.
2025-09-12 18:47:50,890 - attack_logger - INFO - Attack: Enhanced ICMP Flood (11s) | h1 -> h4
2025-09-12 18:47:53,407 - attack_logger - INFO - [icmp_flood] [Run ID: 747129ea-618f-4425-bb0d-cf1a6450c971] Starting Enhanced ICMP Flood with RFC 1918 IP Rotation from h1 to 192.168.20.12 for 11 seconds.
2025-09-12 18:47:53,407 - attack_logger - INFO - [icmp_flood] [Run ID: 747129ea-618f-4425-bb0d-cf1a6450c971] Attack Phase: Enhanced Traditional ICMP Flood - Attacker: h1, Target: 192.168.20.12, Duration: 11s
2025-09-12 18:47:53,407 - attack_logger - INFO - [icmp_flood] [Run ID: 747129ea-618f-4425-bb0d-cf1a6450c971] Enhanced Features: RFC 1918 IP rotation, human-like timing, protocol compliance, network delay simulation
2025-09-12 18:47:53,407 - attack_logger - INFO - [icmp_flood] [Run ID: 747129ea-618f-4425-bb0d-cf1a6450c971] IP Pool Size: 50 source IPs from RFC 1918 ranges (10.0.0.0/8, 172.16.0.0/12, 192.168.0.0/16)
2025-09-12 18:47:53,407 - attack_logger - INFO - [icmp_flood] [Run ID: 747129ea-618f-4425-bb0d-cf1a6450c971] Stress phase total: 3s (host: 1s, gateway: 2s), Advanced phase: 8s
2025-09-12 18:47:55,021 - attack_logger - INFO - [icmp_flood] [Run ID: 747129ea-618f-4425-bb0d-cf1a6450c971] Host stress sub-phase completed
2025-09-12 18:47:57,606 - attack_logger - INFO - [icmp_flood] [Run ID: 747129ea-618f-4425-bb0d-cf1a6450c971] Gateway stress sub-phase completed
2025-09-12 18:47:57,606 - attack_logger - INFO - [icmp_flood] [Run ID: 747129ea-618f-4425-bb0d-cf1a6450c971] Session pattern: 1 phases, Circadian factor: 0.70, Workday factor: 0.70
2025-09-12 18:47:57,606 - attack_logger - DEBUG - [icmp_flood] [Run ID: 747129ea-618f-4425-bb0d-cf1a6450c971] Starting enhanced ICMP packet generation with IP rotation and human-like timing
2025-09-12 18:47:57,614 - attack_logger - INFO - [icmp_flood] [Run ID: 747129ea-618f-4425-bb0d-cf1a6450c971] Enhanced ICMP flood with IP rotation process started (PID: 10160)
2025-09-12 18:47:58,713 - attack_logger - INFO - [icmp_flood] [Run ID: 747129ea-618f-4425-bb0d-cf1a6450c971] Attack progress: 1.1s elapsed, ~9 packets sent, Rate: 8.1 pps, IP rotations: ~0, Phase: active (intensity: 0.77)
2025-09-12 18:47:58,713 - attack_logger - DEBUG - [icmp_flood] [Run ID: 747129ea-618f-4425-bb0d-cf1a6450c971] Process stats - CPU: 0.0%, Memory: 60.3MB
2025-09-12 18:47:58,713 - attack_logger - DEBUG - [icmp_flood] [Run ID: 747129ea-618f-4425-bb0d-cf1a6450c971] Timing factors - Circadian: 0.70, Workday: 0.70, Adjusted rate: 8.4 pps
2025-09-12 18:47:59,744 - attack_logger - INFO - [icmp_flood] [Run ID: 747129ea-618f-4425-bb0d-cf1a6450c971] Attack progress: 2.1s elapsed, ~23 packets sent, Rate: 10.8 pps, IP rotations: ~1, Phase: active (intensity: 0.77)
2025-09-12 18:47:59,744 - attack_logger - DEBUG - [icmp_flood] [Run ID: 747129ea-618f-4425-bb0d-cf1a6450c971] Process stats - CPU: 0.0%, Memory: 60.3MB
2025-09-12 18:47:59,744 - attack_logger - DEBUG - [icmp_flood] [Run ID: 747129ea-618f-4425-bb0d-cf1a6450c971] Timing factors - Circadian: 0.70, Workday: 0.70, Adjusted rate: 11.2 pps
2025-09-12 18:48:00,822 - attack_logger - INFO - [icmp_flood] [Run ID: 747129ea-618f-4425-bb0d-cf1a6450c971] Attack progress: 3.2s elapsed, ~31 packets sent, Rate: 9.6 pps, IP rotations: ~2, Phase: active (intensity: 0.77)
2025-09-12 18:48:00,822 - attack_logger - DEBUG - [icmp_flood] [Run ID: 747129ea-618f-4425-bb0d-cf1a6450c971] Process stats - CPU: 0.0%, Memory: 60.6MB
2025-09-12 18:48:00,822 - attack_logger - DEBUG - [icmp_flood] [Run ID: 747129ea-618f-4425-bb0d-cf1a6450c971] Timing factors - Circadian: 0.70, Workday: 0.70, Adjusted rate: 9.7 pps
2025-09-12 18:48:01,923 - attack_logger - INFO - [icmp_flood] [Run ID: 747129ea-618f-4425-bb0d-cf1a6450c971] Attack progress: 4.3s elapsed, ~41 packets sent, Rate: 9.5 pps, IP rotations: ~2, Phase: active (intensity: 0.77)
2025-09-12 18:48:01,923 - attack_logger - DEBUG - [icmp_flood] [Run ID: 747129ea-618f-4425-bb0d-cf1a6450c971] Process stats - CPU: 0.0%, Memory: 60.6MB
2025-09-12 18:48:01,923 - attack_logger - DEBUG - [icmp_flood] [Run ID: 747129ea-618f-4425-bb0d-cf1a6450c971] Timing factors - Circadian: 0.70, Workday: 0.70, Adjusted rate: 9.6 pps
2025-09-12 18:48:03,001 - attack_logger - INFO - [icmp_flood] [Run ID: 747129ea-618f-4425-bb0d-cf1a6450c971] Attack progress: 5.4s elapsed, ~60 packets sent, Rate: 11.1 pps, IP rotations: ~4, Phase: active (intensity: 0.77)
2025-09-12 18:48:03,001 - attack_logger - DEBUG - [icmp_flood] [Run ID: 747129ea-618f-4425-bb0d-cf1a6450c971] Process stats - CPU: 0.0%, Memory: 60.6MB
2025-09-12 18:48:03,001 - attack_logger - DEBUG - [icmp_flood] [Run ID: 747129ea-618f-4425-bb0d-cf1a6450c971] Timing factors - Circadian: 0.70, Workday: 0.70, Adjusted rate: 11.1 pps
2025-09-12 18:48:04,038 - attack_logger - INFO - [icmp_flood] [Run ID: 747129ea-618f-4425-bb0d-cf1a6450c971] Attack progress: 6.4s elapsed, ~53 packets sent, Rate: 8.2 pps, IP rotations: ~3, Phase: active (intensity: 0.77)
2025-09-12 18:48:04,038 - attack_logger - DEBUG - [icmp_flood] [Run ID: 747129ea-618f-4425-bb0d-cf1a6450c971] Process stats - CPU: 0.0%, Memory: 60.6MB
2025-09-12 18:48:04,038 - attack_logger - DEBUG - [icmp_flood] [Run ID: 747129ea-618f-4425-bb0d-cf1a6450c971] Timing factors - Circadian: 0.70, Workday: 0.70, Adjusted rate: 8.3 pps
2025-09-12 18:48:05,135 - attack_logger - INFO - [icmp_flood] [Run ID: 747129ea-618f-4425-bb0d-cf1a6450c971] Attack progress: 7.5s elapsed, ~60 packets sent, Rate: 8.0 pps, IP rotations: ~4, Phase: active (intensity: 0.77)
2025-09-12 18:48:05,136 - attack_logger - DEBUG - [icmp_flood] [Run ID: 747129ea-618f-4425-bb0d-cf1a6450c971] Process stats - CPU: 0.0%, Memory: 60.6MB
2025-09-12 18:48:05,136 - attack_logger - DEBUG - [icmp_flood] [Run ID: 747129ea-618f-4425-bb0d-cf1a6450c971] Timing factors - Circadian: 0.70, Workday: 0.70, Adjusted rate: 8.0 pps
2025-09-12 18:48:05,709 - attack_logger - DEBUG - [icmp_flood] [Run ID: 747129ea-618f-4425-bb0d-cf1a6450c971] Sent SIGINT to ICMP flood process 10160
2025-09-12 18:48:06,210 - attack_logger - INFO - [icmp_flood] [Run ID: 747129ea-618f-4425-bb0d-cf1a6450c971] Enhanced ICMP Flood with RFC 1918 IP Rotation from h1 to 192.168.20.12 finished.
2025-09-12 18:48:06,210 - attack_logger - INFO - [icmp_flood] [Run ID: 747129ea-618f-4425-bb0d-cf1a6450c971] Attack completed. Total packets sent = 112, Average rate = 13.82 packets/sec.
2025-09-12 18:48:06,210 - attack_logger - INFO - [icmp_flood] [Run ID: 747129ea-618f-4425-bb0d-cf1a6450c971] --- Enhanced Attack Summary ---
2025-09-12 18:48:06,210 - attack_logger - INFO - [icmp_flood] [Run ID: 747129ea-618f-4425-bb0d-cf1a6450c971] Total packets sent: 112
2025-09-12 18:48:06,210 - attack_logger - INFO - [icmp_flood] [Run ID: 747129ea-618f-4425-bb0d-cf1a6450c971] Total IP rotations: ~7
2025-09-12 18:48:06,210 - attack_logger - INFO - [icmp_flood] [Run ID: 747129ea-618f-4425-bb0d-cf1a6450c971] RFC 1918 IP pool size: 50
2025-09-12 18:48:06,210 - attack_logger - INFO - [icmp_flood] [Run ID: 747129ea-618f-4425-bb0d-cf1a6450c971] IP ranges used: 10.0.0.0/8, 172.16.0.0/12, 192.168.0.0/16
2025-09-12 18:48:06,210 - attack_logger - INFO - [icmp_flood] [Run ID: 747129ea-618f-4425-bb0d-cf1a6450c971] Actual duration: 8.10s
2025-09-12 18:48:06,210 - attack_logger - INFO - [icmp_flood] [Run ID: 747129ea-618f-4425-bb0d-cf1a6450c971] Average rate: 13.82 packets/sec
2025-09-12 18:48:06,210 - attack_logger - INFO - [icmp_flood] [Run ID: 747129ea-618f-4425-bb0d-cf1a6450c971] Base rate: 28.4 pps
2025-09-12 18:48:06,210 - attack_logger - INFO - [icmp_flood] [Run ID: 747129ea-618f-4425-bb0d-cf1a6450c971] Circadian factor: 0.70
2025-09-12 18:48:06,210 - attack_logger - INFO - [icmp_flood] [Run ID: 747129ea-618f-4425-bb0d-cf1a6450c971] Workday factor: 0.70
2025-09-12 18:48:06,210 - attack_logger - INFO - [icmp_flood] [Run ID: 747129ea-618f-4425-bb0d-cf1a6450c971] Session phases: 1
2025-09-12 18:48:06,210 - attack_logger - INFO - [icmp_flood] [Run ID: 747129ea-618f-4425-bb0d-cf1a6450c971] ICMP type: Echo Request (8) with ID/Seq variations
2025-09-12 18:48:06,210 - attack_logger - INFO - [icmp_flood] [Run ID: 747129ea-618f-4425-bb0d-cf1a6450c971] Attack method: Enhanced ICMP Flood with RFC 1918 IP Rotation
2025-09-12 18:48:06,210 - attack_logger - INFO - [icmp_flood] [Run ID: 747129ea-618f-4425-bb0d-cf1a6450c971] Enhancement features: RFC 1918 IP rotation, human timing patterns, protocol compliance, network delay simulation
2025-09-12 18:48:06,210 - attack_logger - INFO - [icmp_flood] [Run ID: 747129ea-618f-4425-bb0d-cf1a6450c971] ----------------------------------------
2025-09-12 18:48:06,250 - attack_logger - INFO - Attack: Enhanced ICMP Flood completed.
2025-09-12 18:48:06,762 - attack_logger - INFO - Attack: ENHANCED Adversarial TCP State Exhaustion (8s) | h1 -> h6
2025-09-12 18:48:17,918 - attack_logger - INFO - Attack: ENHANCED Adversarial Application Layer (3s) | h1 -> h6
2025-09-12 18:48:24,145 - attack_logger - INFO - Attack: ENHANCED Adversarial Slow Read (9s) | h1 -> h6
2025-09-12 18:48:36,427 - attack_logger - INFO - Attack: ENHANCED Adversarial Slow Read completed.
