2025-09-12 18:43:47 - [BENIGN] - INFO - Starting benign traffic for 200 seconds...
2025-09-12 18:43:47 - [BENIGN] - INFO - Protocol separation: h2↔h5 (ICMP), h3↔h5 (TCP/UDP)
2025-09-12 18:43:47 - [BENIGN] - DEBUG - Generated ICMP traffic h2↔h5 0 [len=84B]
2025-09-12 18:43:47 - [BENIGN] - DEBUG - Generated TCP SYN from h3:61151 -> h5:12345 [len=54B]
2025-09-12 18:43:48 - [BENIGN] - DEBUG - Generated TCP SYN-ACK from h5:12345 <- h3:61151 [len=54B]
2025-09-12 18:43:49 - [BENIGN] - DEBUG - Generated TCP ACK from h3:61151 -> h5:12345 [len=54B]
2025-09-12 18:43:49 - [BENIGN] - DEBUG - Generated TCP data traffic from h3:61151 -> h5:12345 [content='TCP data'] [Session 1] [len=1096B]
2025-09-12 18:43:50 - [BENIGN] - DEBUG - Generated TCP ACK reply from h5:12345 <- h3:61151 [len=54B]
2025-09-12 18:43:51 - [BENIGN] - DEBUG - Generated UDP traffic from h3:21895 -> h5:12346 [content='f4f826203b33667aad38766e91168041bd434139...'] [Session 2] [len=175B]
2025-09-12 18:43:51 - [BENIGN] - DEBUG - Generated Telnet SYN from h3:23350 -> h5:23 [len=54B]
2025-09-12 18:43:52 - [BENIGN] - DEBUG - Generated Telnet SYN-ACK from h5:23 <- h3:23350 [len=54B]
2025-09-12 18:43:52 - [BENIGN] - DEBUG - Generated Telnet ACK from h3:23350 -> h5:23 [len=54B]
2025-09-12 18:43:53 - [BENIGN] - DEBUG - Generated Telnet data traffic from h3:23350 -> h5:23 [content='Telnet command'] [Session 3] [len=547B]
2025-09-12 18:43:54 - [BENIGN] - DEBUG - Generated Telnet ACK reply from h5:23 <- h3:23350 [len=54B]
2025-09-12 18:43:54 - [BENIGN] - DEBUG - Generated SSH SYN from h3:12512 -> h5:22 [len=54B]
2025-09-12 18:43:55 - [BENIGN] - DEBUG - Generated SSH SYN-ACK from h5:22 <- h3:12512 [len=54B]
2025-09-12 18:43:56 - [BENIGN] - DEBUG - Generated SSH ACK from h3:12512 -> h5:22 [len=54B]
2025-09-12 18:43:56 - [BENIGN] - DEBUG - Generated SSH data traffic from h3:12512 -> h5:22 [content='SSH encrypted data'] [Session 4] [len=579B]
2025-09-12 18:43:57 - [BENIGN] - DEBUG - Generated SSH ACK reply from h5:22 <- h3:12512 [len=54B]
2025-09-12 18:43:58 - [BENIGN] - DEBUG - Generated FTP SYN from h3:56653 -> h5:21 [len=54B]
2025-09-12 18:43:58 - [BENIGN] - DEBUG - Generated FTP SYN-ACK from h5:21 <- h3:56653 [len=54B]
2025-09-12 18:43:59 - [BENIGN] - DEBUG - Generated FTP ACK from h3:56653 -> h5:21 [len=54B]
2025-09-12 18:43:59 - [BENIGN] - DEBUG - Generated FTP data traffic from h3:56653 -> h5:21 [content='FTP file transfer'] [Session 5] [len=682B]
2025-09-12 18:44:00 - [BENIGN] - DEBUG - Generated FTP ACK reply from h5:21 <- h3:56653 [len=54B]
2025-09-12 18:44:01 - [BENIGN] - DEBUG - Generated HTTP SYN from h3:47343 -> h5:80 [len=54B]
2025-09-12 18:44:01 - [BENIGN] - DEBUG - Generated HTTP SYN-ACK from h5:80 <- h3:47343 [len=54B]
2025-09-12 18:44:02 - [BENIGN] - DEBUG - Generated HTTP ACK from h3:47343 -> h5:80 [len=54B]
2025-09-12 18:44:03 - [BENIGN] - DEBUG - Generated HTTP data traffic from h3:47343 -> h5:80 [content='GET /index.html HTTP/1.1'] [Session 6] [len=586B]
2025-09-12 18:44:03 - [BENIGN] - DEBUG - Generated HTTP ACK reply from h5:80 <- h3:47343 [len=54B]
2025-09-12 18:44:04 - [BENIGN] - DEBUG - Generated HTTPS SYN from h3:9147 -> h5:443 [len=54B]
2025-09-12 18:44:05 - [BENIGN] - DEBUG - Generated HTTPS SYN-ACK from h5:443 <- h3:9147 [len=54B]
2025-09-12 18:44:05 - [BENIGN] - DEBUG - Generated HTTPS ACK from h3:9147 -> h5:443 [len=54B]
2025-09-12 18:44:06 - [BENIGN] - DEBUG - Generated HTTPS data traffic from h3:9147 -> h5:443 [content='Encrypted Application Data'] [Session 7] [len=339B]
2025-09-12 18:44:06 - [BENIGN] - DEBUG - Generated HTTPS ACK reply from h5:443 <- h3:9147 [len=54B]
2025-09-12 18:44:07 - [BENIGN] - DEBUG - Generated DNS query from h3:9650 -> h5:53 [qname='example.com'] [Session 8] [len=71B]
2025-09-12 18:44:07 - [BENIGN] - DEBUG - Generated ICMP traffic h2↔h5 1 [len=84B]
2025-09-12 18:44:08 - [BENIGN] - DEBUG - Generated TCP SYN from h3:58465 -> h5:12345 [len=54B]
2025-09-12 18:44:08 - [BENIGN] - DEBUG - Generated TCP SYN-ACK from h5:12345 <- h3:58465 [len=54B]
2025-09-12 18:44:09 - [BENIGN] - DEBUG - Generated TCP ACK from h3:58465 -> h5:12345 [len=54B]
2025-09-12 18:44:10 - [BENIGN] - DEBUG - Generated TCP data traffic from h3:58465 -> h5:12345 [content='TCP data'] [Session 9] [len=281B]
2025-09-12 18:44:10 - [BENIGN] - DEBUG - Generated TCP ACK reply from h5:12345 <- h3:58465 [len=54B]
2025-09-12 18:44:11 - [BENIGN] - DEBUG - Generated UDP traffic from h3:62590 -> h5:12346 [content='e617ee8328a9a81459d171a9b20f665e147c6d53...'] [Session 10] [len=927B]
2025-09-12 18:44:12 - [BENIGN] - DEBUG - Generated Telnet SYN from h3:43190 -> h5:23 [len=54B]
2025-09-12 18:44:12 - [BENIGN] - DEBUG - Generated Telnet SYN-ACK from h5:23 <- h3:43190 [len=54B]
2025-09-12 18:44:13 - [BENIGN] - DEBUG - Generated Telnet ACK from h3:43190 -> h5:23 [len=54B]
2025-09-12 18:44:13 - [BENIGN] - DEBUG - Generated Telnet data traffic from h3:43190 -> h5:23 [content='Telnet command'] [Session 11] [len=290B]
2025-09-12 18:44:14 - [BENIGN] - DEBUG - Generated Telnet ACK reply from h5:23 <- h3:43190 [len=54B]
2025-09-12 18:44:15 - [BENIGN] - DEBUG - Generated SSH SYN from h3:59894 -> h5:22 [len=54B]
2025-09-12 18:44:15 - [BENIGN] - DEBUG - Generated SSH SYN-ACK from h5:22 <- h3:59894 [len=54B]
2025-09-12 18:44:16 - [BENIGN] - DEBUG - Generated SSH ACK from h3:59894 -> h5:22 [len=54B]
2025-09-12 18:44:16 - [BENIGN] - DEBUG - Generated SSH data traffic from h3:59894 -> h5:22 [content='SSH encrypted data'] [Session 12] [len=1508B]
2025-09-12 18:44:17 - [BENIGN] - DEBUG - Generated SSH ACK reply from h5:22 <- h3:59894 [len=54B]
2025-09-12 18:44:18 - [BENIGN] - DEBUG - Generated FTP SYN from h3:60038 -> h5:21 [len=54B]
2025-09-12 18:44:18 - [BENIGN] - DEBUG - Generated FTP SYN-ACK from h5:21 <- h3:60038 [len=54B]
2025-09-12 18:44:19 - [BENIGN] - DEBUG - Generated FTP ACK from h3:60038 -> h5:21 [len=54B]
2025-09-12 18:44:20 - [BENIGN] - DEBUG - Generated FTP data traffic from h3:60038 -> h5:21 [content='FTP file transfer'] [Session 13] [len=215B]
2025-09-12 18:44:20 - [BENIGN] - DEBUG - Generated FTP ACK reply from h5:21 <- h3:60038 [len=54B]
2025-09-12 18:44:21 - [BENIGN] - DEBUG - Generated HTTP SYN from h3:31834 -> h5:80 [len=54B]
2025-09-12 18:44:22 - [BENIGN] - DEBUG - Generated HTTP SYN-ACK from h5:80 <- h3:31834 [len=54B]
2025-09-12 18:44:22 - [BENIGN] - DEBUG - Generated HTTP ACK from h3:31834 -> h5:80 [len=54B]
2025-09-12 18:44:23 - [BENIGN] - DEBUG - Generated HTTP data traffic from h3:31834 -> h5:80 [content='GET /index.html HTTP/1.1'] [Session 14] [len=384B]
2025-09-12 18:44:23 - [BENIGN] - DEBUG - Generated HTTP ACK reply from h5:80 <- h3:31834 [len=54B]
2025-09-12 18:44:24 - [BENIGN] - DEBUG - Generated HTTPS SYN from h3:62744 -> h5:443 [len=54B]
2025-09-12 18:44:25 - [BENIGN] - DEBUG - Generated HTTPS SYN-ACK from h5:443 <- h3:62744 [len=54B]
2025-09-12 18:44:25 - [BENIGN] - DEBUG - Generated HTTPS ACK from h3:62744 -> h5:443 [len=54B]
2025-09-12 18:44:26 - [BENIGN] - DEBUG - Generated HTTPS data traffic from h3:62744 -> h5:443 [content='Encrypted Application Data'] [Session 15] [len=348B]
2025-09-12 18:44:26 - [BENIGN] - DEBUG - Generated HTTPS ACK reply from h5:443 <- h3:62744 [len=54B]
2025-09-12 18:44:27 - [BENIGN] - DEBUG - Generated DNS query from h3:18773 -> h5:53 [qname='example.com'] [Session 16] [len=71B]
2025-09-12 18:44:27 - [BENIGN] - DEBUG - Generated ICMP traffic h2↔h5 2 [len=84B]
2025-09-12 18:44:28 - [BENIGN] - DEBUG - Generated TCP SYN from h3:9032 -> h5:12345 [len=54B]
2025-09-12 18:44:28 - [BENIGN] - DEBUG - Generated TCP SYN-ACK from h5:12345 <- h3:9032 [len=54B]
2025-09-12 18:44:29 - [BENIGN] - DEBUG - Generated TCP ACK from h3:9032 -> h5:12345 [len=54B]
2025-09-12 18:44:30 - [BENIGN] - DEBUG - Generated TCP data traffic from h3:9032 -> h5:12345 [content='TCP data'] [Session 17] [len=1144B]
2025-09-12 18:44:30 - [BENIGN] - DEBUG - Generated TCP ACK reply from h5:12345 <- h3:9032 [len=54B]
2025-09-12 18:44:31 - [BENIGN] - DEBUG - Generated UDP traffic from h3:4814 -> h5:12346 [content='a9edab2558b545e5a2cf6b374564c537ed2134ae...'] [Session 18] [len=726B]
2025-09-12 18:44:32 - [BENIGN] - DEBUG - Generated Telnet SYN from h3:50608 -> h5:23 [len=54B]
2025-09-12 18:44:32 - [BENIGN] - DEBUG - Generated Telnet SYN-ACK from h5:23 <- h3:50608 [len=54B]
2025-09-12 18:44:33 - [BENIGN] - DEBUG - Generated Telnet ACK from h3:50608 -> h5:23 [len=54B]
2025-09-12 18:44:34 - [BENIGN] - DEBUG - Generated Telnet data traffic from h3:50608 -> h5:23 [content='Telnet command'] [Session 19] [len=650B]
2025-09-12 18:44:34 - [BENIGN] - DEBUG - Generated Telnet ACK reply from h5:23 <- h3:50608 [len=54B]
2025-09-12 18:44:35 - [BENIGN] - DEBUG - Generated SSH SYN from h3:48379 -> h5:22 [len=54B]
2025-09-12 18:44:35 - [BENIGN] - DEBUG - Generated SSH SYN-ACK from h5:22 <- h3:48379 [len=54B]
2025-09-12 18:44:36 - [BENIGN] - DEBUG - Generated SSH ACK from h3:48379 -> h5:22 [len=54B]
2025-09-12 18:44:37 - [BENIGN] - DEBUG - Generated SSH data traffic from h3:48379 -> h5:22 [content='SSH encrypted data'] [Session 20] [len=1235B]
2025-09-12 18:44:37 - [BENIGN] - DEBUG - Generated SSH ACK reply from h5:22 <- h3:48379 [len=54B]
2025-09-12 18:44:38 - [BENIGN] - DEBUG - Generated FTP SYN from h3:39654 -> h5:21 [len=54B]
2025-09-12 18:44:39 - [BENIGN] - DEBUG - Generated FTP SYN-ACK from h5:21 <- h3:39654 [len=54B]
2025-09-12 18:44:39 - [BENIGN] - DEBUG - Generated FTP ACK from h3:39654 -> h5:21 [len=54B]
2025-09-12 18:44:40 - [BENIGN] - DEBUG - Generated FTP data traffic from h3:39654 -> h5:21 [content='FTP file transfer'] [Session 21] [len=642B]
2025-09-12 18:44:41 - [BENIGN] - DEBUG - Generated FTP ACK reply from h5:21 <- h3:39654 [len=54B]
2025-09-12 18:44:41 - [BENIGN] - DEBUG - Generated HTTP SYN from h3:63601 -> h5:80 [len=54B]
2025-09-12 18:44:42 - [BENIGN] - DEBUG - Generated HTTP SYN-ACK from h5:80 <- h3:63601 [len=54B]
2025-09-12 18:44:43 - [BENIGN] - DEBUG - Generated HTTP ACK from h3:63601 -> h5:80 [len=54B]
2025-09-12 18:44:43 - [BENIGN] - DEBUG - Generated HTTP data traffic from h3:63601 -> h5:80 [content='GET /index.html HTTP/1.1'] [Session 22] [len=257B]
2025-09-12 18:44:44 - [BENIGN] - DEBUG - Generated HTTP ACK reply from h5:80 <- h3:63601 [len=54B]
2025-09-12 18:44:44 - [BENIGN] - DEBUG - Generated HTTPS SYN from h3:47637 -> h5:443 [len=54B]
2025-09-12 18:44:45 - [BENIGN] - DEBUG - Generated HTTPS SYN-ACK from h5:443 <- h3:47637 [len=54B]
2025-09-12 18:44:46 - [BENIGN] - DEBUG - Generated HTTPS ACK from h3:47637 -> h5:443 [len=54B]
2025-09-12 18:44:46 - [BENIGN] - DEBUG - Generated HTTPS data traffic from h3:47637 -> h5:443 [content='Encrypted Application Data'] [Session 23] [len=754B]
2025-09-12 18:44:47 - [BENIGN] - DEBUG - Generated HTTPS ACK reply from h5:443 <- h3:47637 [len=54B]
2025-09-12 18:44:48 - [BENIGN] - DEBUG - Generated DNS query from h3:27242 -> h5:53 [qname='example.com'] [Session 24] [len=71B]
2025-09-12 18:44:48 - [BENIGN] - DEBUG - Generated ICMP traffic h2↔h5 3 [len=84B]
2025-09-12 18:44:48 - [BENIGN] - DEBUG - Generated TCP SYN from h3:53431 -> h5:12345 [len=54B]
2025-09-12 18:44:49 - [BENIGN] - DEBUG - Generated TCP SYN-ACK from h5:12345 <- h3:53431 [len=54B]
2025-09-12 18:44:50 - [BENIGN] - DEBUG - Generated TCP ACK from h3:53431 -> h5:12345 [len=54B]
2025-09-12 18:44:50 - [BENIGN] - DEBUG - Generated TCP data traffic from h3:53431 -> h5:12345 [content='TCP data'] [Session 25] [len=646B]
2025-09-12 18:44:51 - [BENIGN] - DEBUG - Generated TCP ACK reply from h5:12345 <- h3:53431 [len=54B]
2025-09-12 18:44:52 - [BENIGN] - DEBUG - Generated UDP traffic from h3:22236 -> h5:12346 [content='a8af3b43f7d5828802dead728af446bd3f53160e...'] [Session 26] [len=926B]
2025-09-12 18:44:52 - [BENIGN] - DEBUG - Generated Telnet SYN from h3:23369 -> h5:23 [len=54B]
2025-09-12 18:44:53 - [BENIGN] - DEBUG - Generated Telnet SYN-ACK from h5:23 <- h3:23369 [len=54B]
2025-09-12 18:44:53 - [BENIGN] - DEBUG - Generated Telnet ACK from h3:23369 -> h5:23 [len=54B]
2025-09-12 18:44:54 - [BENIGN] - DEBUG - Generated Telnet data traffic from h3:23369 -> h5:23 [content='Telnet command'] [Session 27] [len=126B]
2025-09-12 18:44:55 - [BENIGN] - DEBUG - Generated Telnet ACK reply from h5:23 <- h3:23369 [len=54B]
2025-09-12 18:44:55 - [BENIGN] - DEBUG - Generated SSH SYN from h3:37130 -> h5:22 [len=54B]
2025-09-12 18:44:56 - [BENIGN] - DEBUG - Generated SSH SYN-ACK from h5:22 <- h3:37130 [len=54B]
2025-09-12 18:44:57 - [BENIGN] - DEBUG - Generated SSH ACK from h3:37130 -> h5:22 [len=54B]
2025-09-12 18:44:57 - [BENIGN] - DEBUG - Generated SSH data traffic from h3:37130 -> h5:22 [content='SSH encrypted data'] [Session 28] [len=295B]
2025-09-12 18:44:58 - [BENIGN] - DEBUG - Generated SSH ACK reply from h5:22 <- h3:37130 [len=54B]
2025-09-12 18:44:58 - [BENIGN] - DEBUG - Generated FTP SYN from h3:19548 -> h5:21 [len=54B]
2025-09-12 18:44:59 - [BENIGN] - DEBUG - Generated FTP SYN-ACK from h5:21 <- h3:19548 [len=54B]
2025-09-12 18:45:00 - [BENIGN] - DEBUG - Generated FTP ACK from h3:19548 -> h5:21 [len=54B]
2025-09-12 18:45:00 - [BENIGN] - DEBUG - Generated FTP data traffic from h3:19548 -> h5:21 [content='FTP file transfer'] [Session 29] [len=501B]
2025-09-12 18:45:01 - [BENIGN] - DEBUG - Generated FTP ACK reply from h5:21 <- h3:19548 [len=54B]
2025-09-12 18:45:02 - [BENIGN] - DEBUG - Generated HTTP SYN from h3:32824 -> h5:80 [len=54B]
2025-09-12 18:45:02 - [BENIGN] - DEBUG - Generated HTTP SYN-ACK from h5:80 <- h3:32824 [len=54B]
2025-09-12 18:45:03 - [BENIGN] - DEBUG - Generated HTTP ACK from h3:32824 -> h5:80 [len=54B]
2025-09-12 18:45:04 - [BENIGN] - DEBUG - Generated HTTP data traffic from h3:32824 -> h5:80 [content='GET /index.html HTTP/1.1'] [Session 30] [len=332B]
2025-09-12 18:45:04 - [BENIGN] - DEBUG - Generated HTTP ACK reply from h5:80 <- h3:32824 [len=54B]
2025-09-12 18:45:05 - [BENIGN] - DEBUG - Generated HTTPS SYN from h3:55198 -> h5:443 [len=54B]
2025-09-12 18:45:05 - [BENIGN] - DEBUG - Generated HTTPS SYN-ACK from h5:443 <- h3:55198 [len=54B]
2025-09-12 18:45:06 - [BENIGN] - DEBUG - Generated HTTPS ACK from h3:55198 -> h5:443 [len=54B]
2025-09-12 18:45:07 - [BENIGN] - DEBUG - Generated HTTPS data traffic from h3:55198 -> h5:443 [content='Encrypted Application Data'] [Session 31] [len=313B]
2025-09-12 18:45:07 - [BENIGN] - DEBUG - Generated HTTPS ACK reply from h5:443 <- h3:55198 [len=54B]
2025-09-12 18:45:08 - [BENIGN] - DEBUG - Generated DNS query from h3:60502 -> h5:53 [qname='example.com'] [Session 32] [len=71B]
2025-09-12 18:45:08 - [BENIGN] - DEBUG - Generated ICMP traffic h2↔h5 4 [len=84B]
2025-09-12 18:45:09 - [BENIGN] - DEBUG - Generated TCP SYN from h3:32787 -> h5:12345 [len=54B]
2025-09-12 18:45:09 - [BENIGN] - DEBUG - Generated TCP SYN-ACK from h5:12345 <- h3:32787 [len=54B]
2025-09-12 18:45:10 - [BENIGN] - DEBUG - Generated TCP ACK from h3:32787 -> h5:12345 [len=54B]
2025-09-12 18:45:11 - [BENIGN] - DEBUG - Generated TCP data traffic from h3:32787 -> h5:12345 [content='TCP data'] [Session 33] [len=158B]
2025-09-12 18:45:11 - [BENIGN] - DEBUG - Generated TCP ACK reply from h5:12345 <- h3:32787 [len=54B]
2025-09-12 18:45:12 - [BENIGN] - DEBUG - Generated UDP traffic from h3:61641 -> h5:12346 [content='435977728d38595bbeda5da0e72ac6739f758587...'] [Session 34] [len=1501B]
2025-09-12 18:45:12 - [BENIGN] - DEBUG - Generated Telnet SYN from h3:62805 -> h5:23 [len=54B]
2025-09-12 18:45:13 - [BENIGN] - DEBUG - Generated Telnet SYN-ACK from h5:23 <- h3:62805 [len=54B]
2025-09-12 18:45:14 - [BENIGN] - DEBUG - Generated Telnet ACK from h3:62805 -> h5:23 [len=54B]
2025-09-12 18:45:14 - [BENIGN] - DEBUG - Generated Telnet data traffic from h3:62805 -> h5:23 [content='Telnet command'] [Session 35] [len=106B]
2025-09-12 18:45:15 - [BENIGN] - DEBUG - Generated Telnet ACK reply from h5:23 <- h3:62805 [len=54B]
2025-09-12 18:45:16 - [BENIGN] - DEBUG - Generated SSH SYN from h3:57967 -> h5:22 [len=54B]
2025-09-12 18:45:16 - [BENIGN] - DEBUG - Generated SSH SYN-ACK from h5:22 <- h3:57967 [len=54B]
2025-09-12 18:45:17 - [BENIGN] - DEBUG - Generated SSH ACK from h3:57967 -> h5:22 [len=54B]
2025-09-12 18:45:17 - [BENIGN] - DEBUG - Generated SSH data traffic from h3:57967 -> h5:22 [content='SSH encrypted data'] [Session 36] [len=515B]
2025-09-12 18:45:18 - [BENIGN] - DEBUG - Generated SSH ACK reply from h5:22 <- h3:57967 [len=54B]
2025-09-12 18:45:19 - [BENIGN] - DEBUG - Generated FTP SYN from h3:24051 -> h5:21 [len=54B]
2025-09-12 18:45:19 - [BENIGN] - DEBUG - Generated FTP SYN-ACK from h5:21 <- h3:24051 [len=54B]
2025-09-12 18:45:20 - [BENIGN] - DEBUG - Generated FTP ACK from h3:24051 -> h5:21 [len=54B]
2025-09-12 18:45:21 - [BENIGN] - DEBUG - Generated FTP data traffic from h3:24051 -> h5:21 [content='FTP file transfer'] [Session 37] [len=739B]
2025-09-12 18:45:21 - [BENIGN] - DEBUG - Generated FTP ACK reply from h5:21 <- h3:24051 [len=54B]
2025-09-12 18:45:22 - [BENIGN] - DEBUG - Generated HTTP SYN from h3:45292 -> h5:80 [len=54B]
2025-09-12 18:45:22 - [BENIGN] - DEBUG - Generated HTTP SYN-ACK from h5:80 <- h3:45292 [len=54B]
2025-09-12 18:45:23 - [BENIGN] - DEBUG - Generated HTTP ACK from h3:45292 -> h5:80 [len=54B]
2025-09-12 18:45:24 - [BENIGN] - DEBUG - Generated HTTP data traffic from h3:45292 -> h5:80 [content='GET /index.html HTTP/1.1'] [Session 38] [len=531B]
2025-09-12 18:45:24 - [BENIGN] - DEBUG - Generated HTTP ACK reply from h5:80 <- h3:45292 [len=54B]
2025-09-12 18:45:25 - [BENIGN] - DEBUG - Generated HTTPS SYN from h3:40946 -> h5:443 [len=54B]
2025-09-12 18:45:26 - [BENIGN] - DEBUG - Generated HTTPS SYN-ACK from h5:443 <- h3:40946 [len=54B]
2025-09-12 18:45:26 - [BENIGN] - DEBUG - Generated HTTPS ACK from h3:40946 -> h5:443 [len=54B]
2025-09-12 18:45:27 - [BENIGN] - DEBUG - Generated HTTPS data traffic from h3:40946 -> h5:443 [content='Encrypted Application Data'] [Session 39] [len=720B]
2025-09-12 18:45:27 - [BENIGN] - DEBUG - Generated HTTPS ACK reply from h5:443 <- h3:40946 [len=54B]
2025-09-12 18:45:28 - [BENIGN] - DEBUG - Generated DNS query from h3:60881 -> h5:53 [qname='example.com'] [Session 40] [len=71B]
2025-09-12 18:45:28 - [BENIGN] - DEBUG - Generated ICMP traffic h2↔h5 5 [len=84B]
2025-09-12 18:45:29 - [BENIGN] - DEBUG - Generated TCP SYN from h3:25333 -> h5:12345 [len=54B]
2025-09-12 18:45:29 - [BENIGN] - DEBUG - Generated TCP SYN-ACK from h5:12345 <- h3:25333 [len=54B]
2025-09-12 18:45:30 - [BENIGN] - DEBUG - Generated TCP ACK from h3:25333 -> h5:12345 [len=54B]
2025-09-12 18:45:31 - [BENIGN] - DEBUG - Generated TCP data traffic from h3:25333 -> h5:12345 [content='TCP data'] [Session 41] [len=974B]
2025-09-12 18:45:31 - [BENIGN] - DEBUG - Generated TCP ACK reply from h5:12345 <- h3:25333 [len=54B]
2025-09-12 18:45:32 - [BENIGN] - DEBUG - Generated UDP traffic from h3:20762 -> h5:12346 [content='33d301f185e2a9640e522fcaec2bcaebd9dd7e59...'] [Session 42] [len=1285B]
2025-09-12 18:45:33 - [BENIGN] - DEBUG - Generated Telnet SYN from h3:13460 -> h5:23 [len=54B]
2025-09-12 18:45:33 - [BENIGN] - DEBUG - Generated Telnet SYN-ACK from h5:23 <- h3:13460 [len=54B]
2025-09-12 18:45:34 - [BENIGN] - DEBUG - Generated Telnet ACK from h3:13460 -> h5:23 [len=54B]
2025-09-12 18:45:35 - [BENIGN] - DEBUG - Generated Telnet data traffic from h3:13460 -> h5:23 [content='Telnet command'] [Session 43] [len=974B]
2025-09-12 18:45:35 - [BENIGN] - DEBUG - Generated Telnet ACK reply from h5:23 <- h3:13460 [len=54B]
2025-09-12 18:45:36 - [BENIGN] - DEBUG - Generated SSH SYN from h3:7271 -> h5:22 [len=54B]
2025-09-12 18:45:37 - [BENIGN] - DEBUG - Generated SSH SYN-ACK from h5:22 <- h3:7271 [len=54B]
2025-09-12 18:45:37 - [BENIGN] - DEBUG - Generated SSH ACK from h3:7271 -> h5:22 [len=54B]
2025-09-12 18:45:38 - [BENIGN] - DEBUG - Generated SSH data traffic from h3:7271 -> h5:22 [content='SSH encrypted data'] [Session 44] [len=497B]
2025-09-12 18:45:39 - [BENIGN] - DEBUG - Generated SSH ACK reply from h5:22 <- h3:7271 [len=54B]
2025-09-12 18:45:39 - [BENIGN] - DEBUG - Generated FTP SYN from h3:24926 -> h5:21 [len=54B]
2025-09-12 18:45:40 - [BENIGN] - DEBUG - Generated FTP SYN-ACK from h5:21 <- h3:24926 [len=54B]
2025-09-12 18:45:40 - [BENIGN] - DEBUG - Generated FTP ACK from h3:24926 -> h5:21 [len=54B]
2025-09-12 18:45:41 - [BENIGN] - DEBUG - Generated FTP data traffic from h3:24926 -> h5:21 [content='FTP file transfer'] [Session 45] [len=735B]
2025-09-12 18:45:42 - [BENIGN] - DEBUG - Generated FTP ACK reply from h5:21 <- h3:24926 [len=54B]
2025-09-12 18:45:42 - [BENIGN] - DEBUG - Generated HTTP SYN from h3:13913 -> h5:80 [len=54B]
2025-09-12 18:45:43 - [BENIGN] - DEBUG - Generated HTTP SYN-ACK from h5:80 <- h3:13913 [len=54B]
2025-09-12 18:45:44 - [BENIGN] - DEBUG - Generated HTTP ACK from h3:13913 -> h5:80 [len=54B]
2025-09-12 18:45:44 - [BENIGN] - DEBUG - Generated HTTP data traffic from h3:13913 -> h5:80 [content='GET /index.html HTTP/1.1'] [Session 46] [len=294B]
2025-09-12 18:45:45 - [BENIGN] - DEBUG - Generated HTTP ACK reply from h5:80 <- h3:13913 [len=54B]
2025-09-12 18:45:46 - [BENIGN] - DEBUG - Generated HTTPS SYN from h3:24205 -> h5:443 [len=54B]
2025-09-12 18:45:46 - [BENIGN] - DEBUG - Generated HTTPS SYN-ACK from h5:443 <- h3:24205 [len=54B]
2025-09-12 18:45:47 - [BENIGN] - DEBUG - Generated HTTPS ACK from h3:24205 -> h5:443 [len=54B]
2025-09-12 18:45:48 - [BENIGN] - DEBUG - Generated HTTPS data traffic from h3:24205 -> h5:443 [content='Encrypted Application Data'] [Session 47] [len=556B]
2025-09-12 18:45:48 - [BENIGN] - DEBUG - Generated HTTPS ACK reply from h5:443 <- h3:24205 [len=54B]
2025-09-12 18:45:49 - [BENIGN] - DEBUG - Generated DNS query from h3:9533 -> h5:53 [qname='example.com'] [Session 48] [len=71B]
2025-09-12 18:45:49 - [BENIGN] - DEBUG - Generated ICMP traffic h2↔h5 6 [len=84B]
2025-09-12 18:45:50 - [BENIGN] - DEBUG - Generated TCP SYN from h3:1166 -> h5:12345 [len=54B]
2025-09-12 18:45:50 - [BENIGN] - DEBUG - Generated TCP SYN-ACK from h5:12345 <- h3:1166 [len=54B]
2025-09-12 18:45:51 - [BENIGN] - DEBUG - Generated TCP ACK from h3:1166 -> h5:12345 [len=54B]
2025-09-12 18:45:51 - [BENIGN] - DEBUG - Generated TCP data traffic from h3:1166 -> h5:12345 [content='TCP data'] [Session 49] [len=442B]
2025-09-12 18:45:52 - [BENIGN] - DEBUG - Generated TCP ACK reply from h5:12345 <- h3:1166 [len=54B]
2025-09-12 18:45:53 - [BENIGN] - DEBUG - Generated UDP traffic from h3:47541 -> h5:12346 [content='7f5694317bfba99ced73bb3dbd106977f5f23796...'] [Session 50] [len=1232B]
2025-09-12 18:45:53 - [BENIGN] - DEBUG - Generated Telnet SYN from h3:40056 -> h5:23 [len=54B]
2025-09-12 18:45:54 - [BENIGN] - DEBUG - Generated Telnet SYN-ACK from h5:23 <- h3:40056 [len=54B]
2025-09-12 18:45:55 - [BENIGN] - DEBUG - Generated Telnet ACK from h3:40056 -> h5:23 [len=54B]
2025-09-12 18:45:55 - [BENIGN] - DEBUG - Generated Telnet data traffic from h3:40056 -> h5:23 [content='Telnet command'] [Session 51] [len=734B]
2025-09-12 18:45:56 - [BENIGN] - DEBUG - Generated Telnet ACK reply from h5:23 <- h3:40056 [len=54B]
2025-09-12 18:45:57 - [BENIGN] - DEBUG - Generated SSH SYN from h3:62476 -> h5:22 [len=54B]
2025-09-12 18:45:57 - [BENIGN] - DEBUG - Generated SSH SYN-ACK from h5:22 <- h3:62476 [len=54B]
2025-09-12 18:45:58 - [BENIGN] - DEBUG - Generated SSH ACK from h3:62476 -> h5:22 [len=54B]
2025-09-12 18:45:59 - [BENIGN] - DEBUG - Generated SSH data traffic from h3:62476 -> h5:22 [content='SSH encrypted data'] [Session 52] [len=638B]
2025-09-12 18:45:59 - [BENIGN] - DEBUG - Generated SSH ACK reply from h5:22 <- h3:62476 [len=54B]
2025-09-12 18:46:00 - [BENIGN] - DEBUG - Generated FTP SYN from h3:4336 -> h5:21 [len=54B]
2025-09-12 18:46:00 - [BENIGN] - DEBUG - Generated FTP SYN-ACK from h5:21 <- h3:4336 [len=54B]
2025-09-12 18:46:01 - [BENIGN] - DEBUG - Generated FTP ACK from h3:4336 -> h5:21 [len=54B]
2025-09-12 18:46:02 - [BENIGN] - DEBUG - Generated FTP data traffic from h3:4336 -> h5:21 [content='FTP file transfer'] [Session 53] [len=807B]
2025-09-12 18:46:02 - [BENIGN] - DEBUG - Generated FTP ACK reply from h5:21 <- h3:4336 [len=54B]
2025-09-12 18:46:03 - [BENIGN] - DEBUG - Generated HTTP SYN from h3:62047 -> h5:80 [len=54B]
2025-09-12 18:46:04 - [BENIGN] - DEBUG - Generated HTTP SYN-ACK from h5:80 <- h3:62047 [len=54B]
2025-09-12 18:46:04 - [BENIGN] - DEBUG - Generated HTTP ACK from h3:62047 -> h5:80 [len=54B]
2025-09-12 18:46:05 - [BENIGN] - DEBUG - Generated HTTP data traffic from h3:62047 -> h5:80 [content='GET /index.html HTTP/1.1'] [Session 54] [len=605B]
2025-09-12 18:46:06 - [BENIGN] - DEBUG - Generated HTTP ACK reply from h5:80 <- h3:62047 [len=54B]
2025-09-12 18:46:06 - [BENIGN] - DEBUG - Generated HTTPS SYN from h3:1542 -> h5:443 [len=54B]
2025-09-12 18:46:07 - [BENIGN] - DEBUG - Generated HTTPS SYN-ACK from h5:443 <- h3:1542 [len=54B]
2025-09-12 18:46:08 - [BENIGN] - DEBUG - Generated HTTPS ACK from h3:1542 -> h5:443 [len=54B]
2025-09-12 18:46:08 - [BENIGN] - DEBUG - Generated HTTPS data traffic from h3:1542 -> h5:443 [content='Encrypted Application Data'] [Session 55] [len=598B]
2025-09-12 18:46:09 - [BENIGN] - DEBUG - Generated HTTPS ACK reply from h5:443 <- h3:1542 [len=54B]
2025-09-12 18:46:09 - [BENIGN] - DEBUG - Generated DNS query from h3:25894 -> h5:53 [qname='example.com'] [Session 56] [len=71B]
2025-09-12 18:46:10 - [BENIGN] - DEBUG - Generated ICMP traffic h2↔h5 7 [len=84B]
2025-09-12 18:46:10 - [BENIGN] - DEBUG - Generated TCP SYN from h3:59877 -> h5:12345 [len=54B]
2025-09-12 18:46:11 - [BENIGN] - DEBUG - Generated TCP SYN-ACK from h5:12345 <- h3:59877 [len=54B]
2025-09-12 18:46:11 - [BENIGN] - DEBUG - Generated TCP ACK from h3:59877 -> h5:12345 [len=54B]
2025-09-12 18:46:12 - [BENIGN] - DEBUG - Generated TCP data traffic from h3:59877 -> h5:12345 [content='TCP data'] [Session 57] [len=702B]
2025-09-12 18:46:13 - [BENIGN] - DEBUG - Generated TCP ACK reply from h5:12345 <- h3:59877 [len=54B]
2025-09-12 18:46:13 - [BENIGN] - DEBUG - Generated UDP traffic from h3:37461 -> h5:12346 [content='b02eb09530a8743a3a1290fe8b098b26b7275c71...'] [Session 58] [len=960B]
2025-09-12 18:46:14 - [BENIGN] - DEBUG - Generated Telnet SYN from h3:21939 -> h5:23 [len=54B]
2025-09-12 18:46:15 - [BENIGN] - DEBUG - Generated Telnet SYN-ACK from h5:23 <- h3:21939 [len=54B]
2025-09-12 18:46:15 - [BENIGN] - DEBUG - Generated Telnet ACK from h3:21939 -> h5:23 [len=54B]
2025-09-12 18:46:16 - [BENIGN] - DEBUG - Generated Telnet data traffic from h3:21939 -> h5:23 [content='Telnet command'] [Session 59] [len=445B]
2025-09-12 18:46:16 - [BENIGN] - DEBUG - Generated Telnet ACK reply from h5:23 <- h3:21939 [len=54B]
2025-09-12 18:46:17 - [BENIGN] - DEBUG - Generated SSH SYN from h3:10688 -> h5:22 [len=54B]
2025-09-12 18:46:18 - [BENIGN] - DEBUG - Generated SSH SYN-ACK from h5:22 <- h3:10688 [len=54B]
2025-09-12 18:46:18 - [BENIGN] - DEBUG - Generated SSH ACK from h3:10688 -> h5:22 [len=54B]
2025-09-12 18:46:19 - [BENIGN] - DEBUG - Generated SSH data traffic from h3:10688 -> h5:22 [content='SSH encrypted data'] [Session 60] [len=1020B]
2025-09-12 18:46:20 - [BENIGN] - DEBUG - Generated SSH ACK reply from h5:22 <- h3:10688 [len=54B]
2025-09-12 18:46:20 - [BENIGN] - DEBUG - Generated FTP SYN from h3:60691 -> h5:21 [len=54B]
2025-09-12 18:46:21 - [BENIGN] - DEBUG - Generated FTP SYN-ACK from h5:21 <- h3:60691 [len=54B]
2025-09-12 18:46:21 - [BENIGN] - DEBUG - Generated FTP ACK from h3:60691 -> h5:21 [len=54B]
2025-09-12 18:46:22 - [BENIGN] - DEBUG - Generated FTP data traffic from h3:60691 -> h5:21 [content='FTP file transfer'] [Session 61] [len=1288B]
2025-09-12 18:46:23 - [BENIGN] - DEBUG - Generated FTP ACK reply from h5:21 <- h3:60691 [len=54B]
2025-09-12 18:46:23 - [BENIGN] - DEBUG - Generated HTTP SYN from h3:26440 -> h5:80 [len=54B]
2025-09-12 18:46:24 - [BENIGN] - DEBUG - Generated HTTP SYN-ACK from h5:80 <- h3:26440 [len=54B]
2025-09-12 18:46:25 - [BENIGN] - DEBUG - Generated HTTP ACK from h3:26440 -> h5:80 [len=54B]
2025-09-12 18:46:25 - [BENIGN] - DEBUG - Generated HTTP data traffic from h3:26440 -> h5:80 [content='GET /index.html HTTP/1.1'] [Session 62] [len=437B]
2025-09-12 18:46:26 - [BENIGN] - DEBUG - Generated HTTP ACK reply from h5:80 <- h3:26440 [len=54B]
2025-09-12 18:46:26 - [BENIGN] - DEBUG - Generated HTTPS SYN from h3:48268 -> h5:443 [len=54B]
2025-09-12 18:46:27 - [BENIGN] - DEBUG - Generated HTTPS SYN-ACK from h5:443 <- h3:48268 [len=54B]
2025-09-12 18:46:28 - [BENIGN] - DEBUG - Generated HTTPS ACK from h3:48268 -> h5:443 [len=54B]
2025-09-12 18:46:28 - [BENIGN] - DEBUG - Generated HTTPS data traffic from h3:48268 -> h5:443 [content='Encrypted Application Data'] [Session 63] [len=233B]
2025-09-12 18:46:29 - [BENIGN] - DEBUG - Generated HTTPS ACK reply from h5:443 <- h3:48268 [len=54B]
2025-09-12 18:46:29 - [BENIGN] - DEBUG - Generated DNS query from h3:41358 -> h5:53 [qname='example.com'] [Session 64] [len=71B]
2025-09-12 18:46:30 - [BENIGN] - DEBUG - Generated ICMP traffic h2↔h5 8 [len=84B]
2025-09-12 18:46:30 - [BENIGN] - DEBUG - Generated TCP SYN from h3:18536 -> h5:12345 [len=54B]
2025-09-12 18:46:31 - [BENIGN] - DEBUG - Generated TCP SYN-ACK from h5:12345 <- h3:18536 [len=54B]
2025-09-12 18:46:31 - [BENIGN] - DEBUG - Generated TCP ACK from h3:18536 -> h5:12345 [len=54B]
2025-09-12 18:46:32 - [BENIGN] - DEBUG - Generated TCP data traffic from h3:18536 -> h5:12345 [content='TCP data'] [Session 65] [len=449B]
2025-09-12 18:46:33 - [BENIGN] - DEBUG - Generated TCP ACK reply from h5:12345 <- h3:18536 [len=54B]
2025-09-12 18:46:33 - [BENIGN] - DEBUG - Generated UDP traffic from h3:36129 -> h5:12346 [content='1ac14d2c0a644815ff5cf81089002a6c15768b01...'] [Session 66] [len=775B]
2025-09-12 18:46:34 - [BENIGN] - DEBUG - Generated Telnet SYN from h3:62158 -> h5:23 [len=54B]
2025-09-12 18:46:35 - [BENIGN] - DEBUG - Generated Telnet SYN-ACK from h5:23 <- h3:62158 [len=54B]
2025-09-12 18:46:35 - [BENIGN] - DEBUG - Generated Telnet ACK from h3:62158 -> h5:23 [len=54B]
2025-09-12 18:46:36 - [BENIGN] - DEBUG - Generated Telnet data traffic from h3:62158 -> h5:23 [content='Telnet command'] [Session 67] [len=378B]
2025-09-12 18:46:37 - [BENIGN] - DEBUG - Generated Telnet ACK reply from h5:23 <- h3:62158 [len=54B]
2025-09-12 18:46:37 - [BENIGN] - DEBUG - Generated SSH SYN from h3:6821 -> h5:22 [len=54B]
2025-09-12 18:46:38 - [BENIGN] - DEBUG - Generated SSH SYN-ACK from h5:22 <- h3:6821 [len=54B]
2025-09-12 18:46:38 - [BENIGN] - DEBUG - Generated SSH ACK from h3:6821 -> h5:22 [len=54B]
2025-09-12 18:46:39 - [BENIGN] - DEBUG - Generated SSH data traffic from h3:6821 -> h5:22 [content='SSH encrypted data'] [Session 68] [len=523B]
2025-09-12 18:46:40 - [BENIGN] - DEBUG - Generated SSH ACK reply from h5:22 <- h3:6821 [len=54B]
2025-09-12 18:46:40 - [BENIGN] - DEBUG - Generated FTP SYN from h3:57252 -> h5:21 [len=54B]
2025-09-12 18:46:41 - [BENIGN] - DEBUG - Generated FTP SYN-ACK from h5:21 <- h3:57252 [len=54B]
2025-09-12 18:46:42 - [BENIGN] - DEBUG - Generated FTP ACK from h3:57252 -> h5:21 [len=54B]
2025-09-12 18:46:42 - [BENIGN] - DEBUG - Generated FTP data traffic from h3:57252 -> h5:21 [content='FTP file transfer'] [Session 69] [len=1123B]
2025-09-12 18:46:43 - [BENIGN] - DEBUG - Generated FTP ACK reply from h5:21 <- h3:57252 [len=54B]
2025-09-12 18:46:43 - [BENIGN] - DEBUG - Generated HTTP SYN from h3:6042 -> h5:80 [len=54B]
2025-09-12 18:46:44 - [BENIGN] - DEBUG - Generated HTTP SYN-ACK from h5:80 <- h3:6042 [len=54B]
2025-09-12 18:46:45 - [BENIGN] - DEBUG - Generated HTTP ACK from h3:6042 -> h5:80 [len=54B]
2025-09-12 18:46:45 - [BENIGN] - DEBUG - Generated HTTP data traffic from h3:6042 -> h5:80 [content='GET /index.html HTTP/1.1'] [Session 70] [len=490B]
2025-09-12 18:46:46 - [BENIGN] - DEBUG - Generated HTTP ACK reply from h5:80 <- h3:6042 [len=54B]
2025-09-12 18:46:47 - [BENIGN] - DEBUG - Generated HTTPS SYN from h3:45204 -> h5:443 [len=54B]
2025-09-12 18:46:47 - [BENIGN] - DEBUG - Generated HTTPS SYN-ACK from h5:443 <- h3:45204 [len=54B]
2025-09-12 18:46:48 - [BENIGN] - DEBUG - Generated HTTPS ACK from h3:45204 -> h5:443 [len=54B]
2025-09-12 18:46:48 - [BENIGN] - DEBUG - Generated HTTPS data traffic from h3:45204 -> h5:443 [content='Encrypted Application Data'] [Session 71] [len=485B]
2025-09-12 18:46:49 - [BENIGN] - DEBUG - Generated HTTPS ACK reply from h5:443 <- h3:45204 [len=54B]
2025-09-12 18:46:50 - [BENIGN] - DEBUG - Generated DNS query from h3:3422 -> h5:53 [qname='example.com'] [Session 72] [len=71B]
2025-09-12 18:46:50 - [BENIGN] - DEBUG - Generated ICMP traffic h2↔h5 9 [len=84B]
2025-09-12 18:46:50 - [BENIGN] - DEBUG - Generated TCP SYN from h3:61456 -> h5:12345 [len=54B]
2025-09-12 18:46:51 - [BENIGN] - DEBUG - Generated TCP SYN-ACK from h5:12345 <- h3:61456 [len=54B]
2025-09-12 18:46:52 - [BENIGN] - DEBUG - Generated TCP ACK from h3:61456 -> h5:12345 [len=54B]
2025-09-12 18:46:52 - [BENIGN] - DEBUG - Generated TCP data traffic from h3:61456 -> h5:12345 [content='TCP data'] [Session 73] [len=639B]
2025-09-12 18:46:53 - [BENIGN] - DEBUG - Generated TCP ACK reply from h5:12345 <- h3:61456 [len=54B]
2025-09-12 18:46:54 - [BENIGN] - DEBUG - Generated UDP traffic from h3:33897 -> h5:12346 [content='731a0f6bd431eadcd85a8a93b1b059688cad24bc...'] [Session 74] [len=1013B]
2025-09-12 18:46:54 - [BENIGN] - DEBUG - Generated Telnet SYN from h3:34243 -> h5:23 [len=54B]
2025-09-12 18:46:55 - [BENIGN] - DEBUG - Generated Telnet SYN-ACK from h5:23 <- h3:34243 [len=54B]
2025-09-12 18:46:55 - [BENIGN] - DEBUG - Generated Telnet ACK from h3:34243 -> h5:23 [len=54B]
2025-09-12 18:46:56 - [BENIGN] - DEBUG - Generated Telnet data traffic from h3:34243 -> h5:23 [content='Telnet command'] [Session 75] [len=327B]
2025-09-12 18:46:57 - [BENIGN] - DEBUG - Generated Telnet ACK reply from h5:23 <- h3:34243 [len=54B]
2025-09-12 18:46:57 - [BENIGN] - DEBUG - Generated SSH SYN from h3:44207 -> h5:22 [len=54B]
2025-09-12 18:46:58 - [BENIGN] - DEBUG - Generated SSH SYN-ACK from h5:22 <- h3:44207 [len=54B]
2025-09-12 18:46:59 - [BENIGN] - DEBUG - Generated SSH ACK from h3:44207 -> h5:22 [len=54B]
2025-09-12 18:46:59 - [BENIGN] - DEBUG - Generated SSH data traffic from h3:44207 -> h5:22 [content='SSH encrypted data'] [Session 76] [len=1182B]
2025-09-12 18:47:00 - [BENIGN] - DEBUG - Generated SSH ACK reply from h5:22 <- h3:44207 [len=54B]
2025-09-12 18:47:00 - [BENIGN] - DEBUG - Generated FTP SYN from h3:19137 -> h5:21 [len=54B]
2025-09-12 18:47:01 - [BENIGN] - DEBUG - Generated FTP SYN-ACK from h5:21 <- h3:19137 [len=54B]
2025-09-12 18:47:02 - [BENIGN] - DEBUG - Generated FTP ACK from h3:19137 -> h5:21 [len=54B]
2025-09-12 18:47:02 - [BENIGN] - DEBUG - Generated FTP data traffic from h3:19137 -> h5:21 [content='FTP file transfer'] [Session 77] [len=224B]
2025-09-12 18:47:03 - [BENIGN] - DEBUG - Generated FTP ACK reply from h5:21 <- h3:19137 [len=54B]
2025-09-12 18:47:04 - [BENIGN] - DEBUG - Generated HTTP SYN from h3:35578 -> h5:80 [len=54B]
2025-09-12 18:47:04 - [BENIGN] - DEBUG - Generated HTTP SYN-ACK from h5:80 <- h3:35578 [len=54B]
2025-09-12 18:47:05 - [BENIGN] - DEBUG - Generated HTTP ACK from h3:35578 -> h5:80 [len=54B]
2025-09-12 18:47:05 - [BENIGN] - DEBUG - Generated HTTP data traffic from h3:35578 -> h5:80 [content='GET /index.html HTTP/1.1'] [Session 78] [len=479B]
2025-09-12 18:47:06 - [BENIGN] - DEBUG - Generated HTTP ACK reply from h5:80 <- h3:35578 [len=54B]
2025-09-12 18:47:07 - [BENIGN] - DEBUG - Generated HTTPS SYN from h3:38741 -> h5:443 [len=54B]
2025-09-12 18:47:07 - [BENIGN] - DEBUG - Generated HTTPS SYN-ACK from h5:443 <- h3:38741 [len=54B]
2025-09-12 18:47:08 - [BENIGN] - DEBUG - Generated HTTPS ACK from h3:38741 -> h5:443 [len=54B]
2025-09-12 18:47:09 - [BENIGN] - DEBUG - Generated HTTPS data traffic from h3:38741 -> h5:443 [content='Encrypted Application Data'] [Session 79] [len=842B]
2025-09-12 18:47:09 - [BENIGN] - DEBUG - Generated HTTPS ACK reply from h5:443 <- h3:38741 [len=54B]
2025-09-12 18:47:10 - [BENIGN] - DEBUG - Generated DNS query from h3:32239 -> h5:53 [qname='example.com'] [Session 80] [len=71B]
2025-09-12 18:47:10 - [BENIGN] - INFO - Benign traffic finished.
2025-09-12 18:47:10 - [BENIGN] - INFO - Summary: 80 protocol sessions with protocol separation:
2025-09-12 18:47:10 - [BENIGN] - INFO -   - h2↔h5: ICMP ping traffic
2025-09-12 18:47:10 - [BENIGN] - INFO -   - h3↔h5: TCP/UDP traffic [TCP, UDP, Telnet, SSH, FTP, HTTP, HTTPS, DNS]
2025-09-12 18:47:10 - [BENIGN] - INFO - Total packets sent: 340
