2025-09-12 17:21:14 - [BENIGN] - INFO - Starting benign traffic for 200 seconds...
2025-09-12 17:21:14 - [BENIGN] - INFO - Protocol separation: h2↔h5 (ICMP), h3↔h5 (TCP/UDP)
2025-09-12 17:21:14 - [BENIGN] - DEBUG - Generated ICMP traffic h2↔h5 0 [len=84B]
2025-09-12 17:21:15 - [BENIGN] - DEBUG - Generated TCP SYN from h3:61770 -> h5:12345 [len=54B]
2025-09-12 17:21:15 - [BENIGN] - DEBUG - Generated TCP SYN-ACK from h5:12345 <- h3:61770 [len=54B]
2025-09-12 17:21:16 - [BENIGN] - DEBUG - Generated TCP ACK from h3:61770 -> h5:12345 [len=54B]
2025-09-12 17:21:17 - [BENIGN] - DEBUG - Generated TCP data traffic from h3:61770 -> h5:12345 [content='TCP data'] [Session 1] [len=1547B]
2025-09-12 17:21:17 - [BENIGN] - DEBUG - Generated TCP ACK reply from h5:12345 <- h3:61770 [len=54B]
2025-09-12 17:21:18 - [BENIGN] - DEBUG - Generated UDP traffic from h3:13895 -> h5:12346 [content='25ffdbf709677bc934530c4a28f6031b0404f8b4...'] [Session 2] [len=757B]
2025-09-12 17:21:19 - [BENIGN] - DEBUG - Generated Telnet SYN from h3:10974 -> h5:23 [len=54B]
2025-09-12 17:21:19 - [BENIGN] - DEBUG - Generated Telnet SYN-ACK from h5:23 <- h3:10974 [len=54B]
2025-09-12 17:21:20 - [BENIGN] - DEBUG - Generated Telnet ACK from h3:10974 -> h5:23 [len=54B]
2025-09-12 17:21:21 - [BENIGN] - DEBUG - Generated Telnet data traffic from h3:10974 -> h5:23 [content='Telnet command'] [Session 3] [len=961B]
2025-09-12 17:21:21 - [BENIGN] - DEBUG - Generated Telnet ACK reply from h5:23 <- h3:10974 [len=54B]
2025-09-12 17:21:22 - [BENIGN] - DEBUG - Generated SSH SYN from h3:17824 -> h5:22 [len=54B]
2025-09-12 17:21:23 - [BENIGN] - DEBUG - Generated SSH SYN-ACK from h5:22 <- h3:17824 [len=54B]
2025-09-12 17:21:23 - [BENIGN] - DEBUG - Generated SSH ACK from h3:17824 -> h5:22 [len=54B]
2025-09-12 17:21:24 - [BENIGN] - DEBUG - Generated SSH data traffic from h3:17824 -> h5:22 [content='SSH encrypted data'] [Session 4] [len=681B]
2025-09-12 17:21:25 - [BENIGN] - DEBUG - Generated SSH ACK reply from h5:22 <- h3:17824 [len=54B]
2025-09-12 17:21:25 - [BENIGN] - DEBUG - Generated FTP SYN from h3:60315 -> h5:21 [len=54B]
2025-09-12 17:21:26 - [BENIGN] - DEBUG - Generated FTP SYN-ACK from h5:21 <- h3:60315 [len=54B]
2025-09-12 17:21:27 - [BENIGN] - DEBUG - Generated FTP ACK from h3:60315 -> h5:21 [len=54B]
2025-09-12 17:21:27 - [BENIGN] - DEBUG - Generated FTP data traffic from h3:60315 -> h5:21 [content='FTP file transfer'] [Session 5] [len=266B]
2025-09-12 17:21:28 - [BENIGN] - DEBUG - Generated FTP ACK reply from h5:21 <- h3:60315 [len=54B]
2025-09-12 17:21:28 - [BENIGN] - DEBUG - Generated HTTP SYN from h3:56241 -> h5:80 [len=54B]
2025-09-12 17:21:29 - [BENIGN] - DEBUG - Generated HTTP SYN-ACK from h5:80 <- h3:56241 [len=54B]
2025-09-12 17:21:30 - [BENIGN] - DEBUG - Generated HTTP ACK from h3:56241 -> h5:80 [len=54B]
2025-09-12 17:21:30 - [BENIGN] - DEBUG - Generated HTTP data traffic from h3:56241 -> h5:80 [content='GET /index.html HTTP/1.1'] [Session 6] [len=597B]
2025-09-12 17:21:31 - [BENIGN] - DEBUG - Generated HTTP ACK reply from h5:80 <- h3:56241 [len=54B]
2025-09-12 17:21:32 - [BENIGN] - DEBUG - Generated HTTPS SYN from h3:19075 -> h5:443 [len=54B]
2025-09-12 17:21:32 - [BENIGN] - DEBUG - Generated HTTPS SYN-ACK from h5:443 <- h3:19075 [len=54B]
2025-09-12 17:21:33 - [BENIGN] - DEBUG - Generated HTTPS ACK from h3:19075 -> h5:443 [len=54B]
2025-09-12 17:21:34 - [BENIGN] - DEBUG - Generated HTTPS data traffic from h3:19075 -> h5:443 [content='Encrypted Application Data'] [Session 7] [len=312B]
2025-09-12 17:21:34 - [BENIGN] - DEBUG - Generated HTTPS ACK reply from h5:443 <- h3:19075 [len=54B]
2025-09-12 17:21:35 - [BENIGN] - DEBUG - Generated DNS query from h3:17098 -> h5:53 [qname='example.com'] [Session 8] [len=71B]
2025-09-12 17:21:35 - [BENIGN] - DEBUG - Generated ICMP traffic h2↔h5 1 [len=84B]
2025-09-12 17:21:36 - [BENIGN] - DEBUG - Generated TCP SYN from h3:23458 -> h5:12345 [len=54B]
2025-09-12 17:21:36 - [BENIGN] - DEBUG - Generated TCP SYN-ACK from h5:12345 <- h3:23458 [len=54B]
2025-09-12 17:21:37 - [BENIGN] - DEBUG - Generated TCP ACK from h3:23458 -> h5:12345 [len=54B]
2025-09-12 17:21:37 - [BENIGN] - DEBUG - Generated TCP data traffic from h3:23458 -> h5:12345 [content='TCP data'] [Session 9] [len=171B]
2025-09-12 17:21:38 - [BENIGN] - DEBUG - Generated TCP ACK reply from h5:12345 <- h3:23458 [len=54B]
2025-09-12 17:21:39 - [BENIGN] - DEBUG - Generated UDP traffic from h3:6856 -> h5:12346 [content='b73f90ec915b3a39e1af36a5c4281fcbf3122e33...'] [Session 10] [len=1253B]
2025-09-12 17:21:39 - [BENIGN] - DEBUG - Generated Telnet SYN from h3:3251 -> h5:23 [len=54B]
2025-09-12 17:21:40 - [BENIGN] - DEBUG - Generated Telnet SYN-ACK from h5:23 <- h3:3251 [len=54B]
2025-09-12 17:21:41 - [BENIGN] - DEBUG - Generated Telnet ACK from h3:3251 -> h5:23 [len=54B]
2025-09-12 17:21:41 - [BENIGN] - DEBUG - Generated Telnet data traffic from h3:3251 -> h5:23 [content='Telnet command'] [Session 11] [len=1203B]
2025-09-12 17:21:42 - [BENIGN] - DEBUG - Generated Telnet ACK reply from h5:23 <- h3:3251 [len=54B]
2025-09-12 17:21:42 - [BENIGN] - DEBUG - Generated SSH SYN from h3:7110 -> h5:22 [len=54B]
2025-09-12 17:21:43 - [BENIGN] - DEBUG - Generated SSH SYN-ACK from h5:22 <- h3:7110 [len=54B]
2025-09-12 17:21:44 - [BENIGN] - DEBUG - Generated SSH ACK from h3:7110 -> h5:22 [len=54B]
2025-09-12 17:21:44 - [BENIGN] - DEBUG - Generated SSH data traffic from h3:7110 -> h5:22 [content='SSH encrypted data'] [Session 12] [len=1477B]
2025-09-12 17:21:45 - [BENIGN] - DEBUG - Generated SSH ACK reply from h5:22 <- h3:7110 [len=54B]
2025-09-12 17:21:45 - [BENIGN] - DEBUG - Generated FTP SYN from h3:15521 -> h5:21 [len=54B]
2025-09-12 17:21:46 - [BENIGN] - DEBUG - Generated FTP SYN-ACK from h5:21 <- h3:15521 [len=54B]
2025-09-12 17:21:47 - [BENIGN] - DEBUG - Generated FTP ACK from h3:15521 -> h5:21 [len=54B]
2025-09-12 17:21:47 - [BENIGN] - DEBUG - Generated FTP data traffic from h3:15521 -> h5:21 [content='FTP file transfer'] [Session 13] [len=430B]
2025-09-12 17:21:48 - [BENIGN] - DEBUG - Generated FTP ACK reply from h5:21 <- h3:15521 [len=54B]
2025-09-12 17:21:49 - [BENIGN] - DEBUG - Generated HTTP SYN from h3:25064 -> h5:80 [len=54B]
2025-09-12 17:21:49 - [BENIGN] - DEBUG - Generated HTTP SYN-ACK from h5:80 <- h3:25064 [len=54B]
2025-09-12 17:21:50 - [BENIGN] - DEBUG - Generated HTTP ACK from h3:25064 -> h5:80 [len=54B]
2025-09-12 17:21:50 - [BENIGN] - DEBUG - Generated HTTP data traffic from h3:25064 -> h5:80 [content='GET /index.html HTTP/1.1'] [Session 14] [len=588B]
2025-09-12 17:21:51 - [BENIGN] - DEBUG - Generated HTTP ACK reply from h5:80 <- h3:25064 [len=54B]
2025-09-12 17:21:52 - [BENIGN] - DEBUG - Generated HTTPS SYN from h3:29125 -> h5:443 [len=54B]
2025-09-12 17:21:52 - [BENIGN] - DEBUG - Generated HTTPS SYN-ACK from h5:443 <- h3:29125 [len=54B]
2025-09-12 17:21:53 - [BENIGN] - DEBUG - Generated HTTPS ACK from h3:29125 -> h5:443 [len=54B]
2025-09-12 17:21:54 - [BENIGN] - DEBUG - Generated HTTPS data traffic from h3:29125 -> h5:443 [content='Encrypted Application Data'] [Session 15] [len=802B]
2025-09-12 17:21:54 - [BENIGN] - DEBUG - Generated HTTPS ACK reply from h5:443 <- h3:29125 [len=54B]
2025-09-12 17:21:55 - [BENIGN] - DEBUG - Generated DNS query from h3:56821 -> h5:53 [qname='example.com'] [Session 16] [len=71B]
2025-09-12 17:21:55 - [BENIGN] - DEBUG - Generated ICMP traffic h2↔h5 2 [len=84B]
2025-09-12 17:21:56 - [BENIGN] - DEBUG - Generated TCP SYN from h3:24226 -> h5:12345 [len=54B]
2025-09-12 17:21:56 - [BENIGN] - DEBUG - Generated TCP SYN-ACK from h5:12345 <- h3:24226 [len=54B]
2025-09-12 17:21:57 - [BENIGN] - DEBUG - Generated TCP ACK from h3:24226 -> h5:12345 [len=54B]
2025-09-12 17:21:58 - [BENIGN] - DEBUG - Generated TCP data traffic from h3:24226 -> h5:12345 [content='TCP data'] [Session 17] [len=1365B]
2025-09-12 17:21:58 - [BENIGN] - DEBUG - Generated TCP ACK reply from h5:12345 <- h3:24226 [len=54B]
2025-09-12 17:21:59 - [BENIGN] - DEBUG - Generated UDP traffic from h3:35547 -> h5:12346 [content='400308c8020b8277a6a29880ef6bcf706451345a...'] [Session 18] [len=469B]
2025-09-12 17:21:59 - [BENIGN] - DEBUG - Generated Telnet SYN from h3:63996 -> h5:23 [len=54B]
2025-09-12 17:22:00 - [BENIGN] - DEBUG - Generated Telnet SYN-ACK from h5:23 <- h3:63996 [len=54B]
2025-09-12 17:22:01 - [BENIGN] - DEBUG - Generated Telnet ACK from h3:63996 -> h5:23 [len=54B]
2025-09-12 17:22:01 - [BENIGN] - DEBUG - Generated Telnet data traffic from h3:63996 -> h5:23 [content='Telnet command'] [Session 19] [len=1191B]
2025-09-12 17:22:02 - [BENIGN] - DEBUG - Generated Telnet ACK reply from h5:23 <- h3:63996 [len=54B]
2025-09-12 17:22:03 - [BENIGN] - DEBUG - Generated SSH SYN from h3:43705 -> h5:22 [len=54B]
2025-09-12 17:22:03 - [BENIGN] - DEBUG - Generated SSH SYN-ACK from h5:22 <- h3:43705 [len=54B]
2025-09-12 17:22:04 - [BENIGN] - DEBUG - Generated SSH ACK from h3:43705 -> h5:22 [len=54B]
2025-09-12 17:22:05 - [BENIGN] - DEBUG - Generated SSH data traffic from h3:43705 -> h5:22 [content='SSH encrypted data'] [Session 20] [len=113B]
2025-09-12 17:22:05 - [BENIGN] - DEBUG - Generated SSH ACK reply from h5:22 <- h3:43705 [len=54B]
2025-09-12 17:22:06 - [BENIGN] - DEBUG - Generated FTP SYN from h3:23395 -> h5:21 [len=54B]
2025-09-12 17:22:06 - [BENIGN] - DEBUG - Generated FTP SYN-ACK from h5:21 <- h3:23395 [len=54B]
2025-09-12 17:22:07 - [BENIGN] - DEBUG - Generated FTP ACK from h3:23395 -> h5:21 [len=54B]
2025-09-12 17:22:08 - [BENIGN] - DEBUG - Generated FTP data traffic from h3:23395 -> h5:21 [content='FTP file transfer'] [Session 21] [len=371B]
2025-09-12 17:22:08 - [BENIGN] - DEBUG - Generated FTP ACK reply from h5:21 <- h3:23395 [len=54B]
2025-09-12 17:22:09 - [BENIGN] - DEBUG - Generated HTTP SYN from h3:49715 -> h5:80 [len=54B]
2025-09-12 17:22:10 - [BENIGN] - DEBUG - Generated HTTP SYN-ACK from h5:80 <- h3:49715 [len=54B]
2025-09-12 17:22:10 - [BENIGN] - DEBUG - Generated HTTP ACK from h3:49715 -> h5:80 [len=54B]
2025-09-12 17:22:11 - [BENIGN] - DEBUG - Generated HTTP data traffic from h3:49715 -> h5:80 [content='GET /index.html HTTP/1.1'] [Session 22] [len=564B]
2025-09-12 17:22:12 - [BENIGN] - DEBUG - Generated HTTP ACK reply from h5:80 <- h3:49715 [len=54B]
2025-09-12 17:22:12 - [BENIGN] - DEBUG - Generated HTTPS SYN from h3:30054 -> h5:443 [len=54B]
2025-09-12 17:22:13 - [BENIGN] - DEBUG - Generated HTTPS SYN-ACK from h5:443 <- h3:30054 [len=54B]
2025-09-12 17:22:13 - [BENIGN] - DEBUG - Generated HTTPS ACK from h3:30054 -> h5:443 [len=54B]
2025-09-12 17:22:14 - [BENIGN] - DEBUG - Generated HTTPS data traffic from h3:30054 -> h5:443 [content='Encrypted Application Data'] [Session 23] [len=257B]
2025-09-12 17:22:15 - [BENIGN] - DEBUG - Generated HTTPS ACK reply from h5:443 <- h3:30054 [len=54B]
2025-09-12 17:22:15 - [BENIGN] - DEBUG - Generated DNS query from h3:64390 -> h5:53 [qname='example.com'] [Session 24] [len=71B]
2025-09-12 17:22:15 - [BENIGN] - DEBUG - Generated ICMP traffic h2↔h5 3 [len=84B]
2025-09-12 17:22:16 - [BENIGN] - DEBUG - Generated TCP SYN from h3:62093 -> h5:12345 [len=54B]
2025-09-12 17:22:17 - [BENIGN] - DEBUG - Generated TCP SYN-ACK from h5:12345 <- h3:62093 [len=54B]
2025-09-12 17:22:17 - [BENIGN] - DEBUG - Generated TCP ACK from h3:62093 -> h5:12345 [len=54B]
2025-09-12 17:22:18 - [BENIGN] - DEBUG - Generated TCP data traffic from h3:62093 -> h5:12345 [content='TCP data'] [Session 25] [len=245B]
2025-09-12 17:22:19 - [BENIGN] - DEBUG - Generated TCP ACK reply from h5:12345 <- h3:62093 [len=54B]
2025-09-12 17:22:19 - [BENIGN] - DEBUG - Generated UDP traffic from h3:58207 -> h5:12346 [content='fe3acea66de3e9e911f43acddb513df3acb2c021...'] [Session 26] [len=483B]
2025-09-12 17:22:20 - [BENIGN] - DEBUG - Generated Telnet SYN from h3:61514 -> h5:23 [len=54B]
2025-09-12 17:22:21 - [BENIGN] - DEBUG - Generated Telnet SYN-ACK from h5:23 <- h3:61514 [len=54B]
2025-09-12 17:22:21 - [BENIGN] - DEBUG - Generated Telnet ACK from h3:61514 -> h5:23 [len=54B]
2025-09-12 17:22:22 - [BENIGN] - DEBUG - Generated Telnet data traffic from h3:61514 -> h5:23 [content='Telnet command'] [Session 27] [len=1048B]
2025-09-12 17:22:22 - [BENIGN] - DEBUG - Generated Telnet ACK reply from h5:23 <- h3:61514 [len=54B]
2025-09-12 17:22:23 - [BENIGN] - DEBUG - Generated SSH SYN from h3:46859 -> h5:22 [len=54B]
2025-09-12 17:22:24 - [BENIGN] - DEBUG - Generated SSH SYN-ACK from h5:22 <- h3:46859 [len=54B]
2025-09-12 17:22:24 - [BENIGN] - DEBUG - Generated SSH ACK from h3:46859 -> h5:22 [len=54B]
2025-09-12 17:22:25 - [BENIGN] - DEBUG - Generated SSH data traffic from h3:46859 -> h5:22 [content='SSH encrypted data'] [Session 28] [len=1114B]
2025-09-12 17:22:26 - [BENIGN] - DEBUG - Generated SSH ACK reply from h5:22 <- h3:46859 [len=54B]
2025-09-12 17:22:26 - [BENIGN] - DEBUG - Generated FTP SYN from h3:13631 -> h5:21 [len=54B]
2025-09-12 17:22:27 - [BENIGN] - DEBUG - Generated FTP SYN-ACK from h5:21 <- h3:13631 [len=54B]
2025-09-12 17:22:27 - [BENIGN] - DEBUG - Generated FTP ACK from h3:13631 -> h5:21 [len=54B]
2025-09-12 17:22:28 - [BENIGN] - DEBUG - Generated FTP data traffic from h3:13631 -> h5:21 [content='FTP file transfer'] [Session 29] [len=427B]
2025-09-12 17:22:29 - [BENIGN] - DEBUG - Generated FTP ACK reply from h5:21 <- h3:13631 [len=54B]
2025-09-12 17:22:29 - [BENIGN] - DEBUG - Generated HTTP SYN from h3:32125 -> h5:80 [len=54B]
2025-09-12 17:22:30 - [BENIGN] - DEBUG - Generated HTTP SYN-ACK from h5:80 <- h3:32125 [len=54B]
2025-09-12 17:22:31 - [BENIGN] - DEBUG - Generated HTTP ACK from h3:32125 -> h5:80 [len=54B]
2025-09-12 17:22:31 - [BENIGN] - DEBUG - Generated HTTP data traffic from h3:32125 -> h5:80 [content='GET /index.html HTTP/1.1'] [Session 30] [len=632B]
2025-09-12 17:22:32 - [BENIGN] - DEBUG - Generated HTTP ACK reply from h5:80 <- h3:32125 [len=54B]
2025-09-12 17:22:32 - [BENIGN] - DEBUG - Generated HTTPS SYN from h3:25411 -> h5:443 [len=54B]
2025-09-12 17:22:33 - [BENIGN] - DEBUG - Generated HTTPS SYN-ACK from h5:443 <- h3:25411 [len=54B]
2025-09-12 17:22:34 - [BENIGN] - DEBUG - Generated HTTPS ACK from h3:25411 -> h5:443 [len=54B]
2025-09-12 17:22:34 - [BENIGN] - DEBUG - Generated HTTPS data traffic from h3:25411 -> h5:443 [content='Encrypted Application Data'] [Session 31] [len=690B]
2025-09-12 17:22:35 - [BENIGN] - DEBUG - Generated HTTPS ACK reply from h5:443 <- h3:25411 [len=54B]
2025-09-12 17:22:36 - [BENIGN] - DEBUG - Generated DNS query from h3:45238 -> h5:53 [qname='example.com'] [Session 32] [len=71B]
2025-09-12 17:22:36 - [BENIGN] - DEBUG - Generated ICMP traffic h2↔h5 4 [len=84B]
2025-09-12 17:22:36 - [BENIGN] - DEBUG - Generated TCP SYN from h3:41925 -> h5:12345 [len=54B]
2025-09-12 17:22:37 - [BENIGN] - DEBUG - Generated TCP SYN-ACK from h5:12345 <- h3:41925 [len=54B]
2025-09-12 17:22:38 - [BENIGN] - DEBUG - Generated TCP ACK from h3:41925 -> h5:12345 [len=54B]
2025-09-12 17:22:38 - [BENIGN] - DEBUG - Generated TCP data traffic from h3:41925 -> h5:12345 [content='TCP data'] [Session 33] [len=1017B]
2025-09-12 17:22:39 - [BENIGN] - DEBUG - Generated TCP ACK reply from h5:12345 <- h3:41925 [len=54B]
2025-09-12 17:22:39 - [BENIGN] - DEBUG - Generated UDP traffic from h3:7662 -> h5:12346 [content='393a005c3896e1ddec4a6a9ef90dc69cd3b6e042...'] [Session 34] [len=498B]
2025-09-12 17:22:40 - [BENIGN] - DEBUG - Generated Telnet SYN from h3:47142 -> h5:23 [len=54B]
2025-09-12 17:22:41 - [BENIGN] - DEBUG - Generated Telnet SYN-ACK from h5:23 <- h3:47142 [len=54B]
2025-09-12 17:22:41 - [BENIGN] - DEBUG - Generated Telnet ACK from h3:47142 -> h5:23 [len=54B]
2025-09-12 17:22:42 - [BENIGN] - DEBUG - Generated Telnet data traffic from h3:47142 -> h5:23 [content='Telnet command'] [Session 35] [len=1380B]
2025-09-12 17:22:43 - [BENIGN] - DEBUG - Generated Telnet ACK reply from h5:23 <- h3:47142 [len=54B]
2025-09-12 17:22:43 - [BENIGN] - DEBUG - Generated SSH SYN from h3:57197 -> h5:22 [len=54B]
2025-09-12 17:22:44 - [BENIGN] - DEBUG - Generated SSH SYN-ACK from h5:22 <- h3:57197 [len=54B]
2025-09-12 17:22:44 - [BENIGN] - DEBUG - Generated SSH ACK from h3:57197 -> h5:22 [len=54B]
2025-09-12 17:22:45 - [BENIGN] - DEBUG - Generated SSH data traffic from h3:57197 -> h5:22 [content='SSH encrypted data'] [Session 36] [len=861B]
2025-09-12 17:22:46 - [BENIGN] - DEBUG - Generated SSH ACK reply from h5:22 <- h3:57197 [len=54B]
2025-09-12 17:22:46 - [BENIGN] - DEBUG - Generated FTP SYN from h3:47563 -> h5:21 [len=54B]
2025-09-12 17:22:47 - [BENIGN] - DEBUG - Generated FTP SYN-ACK from h5:21 <- h3:47563 [len=54B]
2025-09-12 17:22:47 - [BENIGN] - DEBUG - Generated FTP ACK from h3:47563 -> h5:21 [len=54B]
2025-09-12 17:22:48 - [BENIGN] - DEBUG - Generated FTP data traffic from h3:47563 -> h5:21 [content='FTP file transfer'] [Session 37] [len=236B]
2025-09-12 17:22:49 - [BENIGN] - DEBUG - Generated FTP ACK reply from h5:21 <- h3:47563 [len=54B]
2025-09-12 17:22:49 - [BENIGN] - DEBUG - Generated HTTP SYN from h3:44641 -> h5:80 [len=54B]
2025-09-12 17:22:50 - [BENIGN] - DEBUG - Generated HTTP SYN-ACK from h5:80 <- h3:44641 [len=54B]
2025-09-12 17:22:51 - [BENIGN] - DEBUG - Generated HTTP ACK from h3:44641 -> h5:80 [len=54B]
2025-09-12 17:22:51 - [BENIGN] - DEBUG - Generated HTTP data traffic from h3:44641 -> h5:80 [content='GET /index.html HTTP/1.1'] [Session 38] [len=478B]
2025-09-12 17:22:52 - [BENIGN] - DEBUG - Generated HTTP ACK reply from h5:80 <- h3:44641 [len=54B]
2025-09-12 17:22:52 - [BENIGN] - DEBUG - Generated HTTPS SYN from h3:56653 -> h5:443 [len=54B]
2025-09-12 17:22:53 - [BENIGN] - DEBUG - Generated HTTPS SYN-ACK from h5:443 <- h3:56653 [len=54B]
2025-09-12 17:22:54 - [BENIGN] - DEBUG - Generated HTTPS ACK from h3:56653 -> h5:443 [len=54B]
2025-09-12 17:22:54 - [BENIGN] - DEBUG - Generated HTTPS data traffic from h3:56653 -> h5:443 [content='Encrypted Application Data'] [Session 39] [len=803B]
2025-09-12 17:22:55 - [BENIGN] - DEBUG - Generated HTTPS ACK reply from h5:443 <- h3:56653 [len=54B]
2025-09-12 17:22:56 - [BENIGN] - DEBUG - Generated DNS query from h3:33970 -> h5:53 [qname='example.com'] [Session 40] [len=71B]
2025-09-12 17:22:56 - [BENIGN] - DEBUG - Generated ICMP traffic h2↔h5 5 [len=84B]
2025-09-12 17:22:56 - [BENIGN] - DEBUG - Generated TCP SYN from h3:9360 -> h5:12345 [len=54B]
2025-09-12 17:22:57 - [BENIGN] - DEBUG - Generated TCP SYN-ACK from h5:12345 <- h3:9360 [len=54B]
2025-09-12 17:22:58 - [BENIGN] - DEBUG - Generated TCP ACK from h3:9360 -> h5:12345 [len=54B]
2025-09-12 17:22:58 - [BENIGN] - DEBUG - Generated TCP data traffic from h3:9360 -> h5:12345 [content='TCP data'] [Session 41] [len=1456B]
2025-09-12 17:22:59 - [BENIGN] - DEBUG - Generated TCP ACK reply from h5:12345 <- h3:9360 [len=54B]
2025-09-12 17:22:59 - [BENIGN] - DEBUG - Generated UDP traffic from h3:51652 -> h5:12346 [content='fbdcc83b5bf47b414656fdb12466e93d192931e8...'] [Session 42] [len=776B]
2025-09-12 17:23:00 - [BENIGN] - DEBUG - Generated Telnet SYN from h3:24237 -> h5:23 [len=54B]
2025-09-12 17:23:01 - [BENIGN] - DEBUG - Generated Telnet SYN-ACK from h5:23 <- h3:24237 [len=54B]
2025-09-12 17:23:01 - [BENIGN] - DEBUG - Generated Telnet ACK from h3:24237 -> h5:23 [len=54B]
2025-09-12 17:23:02 - [BENIGN] - DEBUG - Generated Telnet data traffic from h3:24237 -> h5:23 [content='Telnet command'] [Session 43] [len=1551B]
2025-09-12 17:23:03 - [BENIGN] - DEBUG - Generated Telnet ACK reply from h5:23 <- h3:24237 [len=54B]
2025-09-12 17:23:03 - [BENIGN] - DEBUG - Generated SSH SYN from h3:2597 -> h5:22 [len=54B]
2025-09-12 17:23:04 - [BENIGN] - DEBUG - Generated SSH SYN-ACK from h5:22 <- h3:2597 [len=54B]
2025-09-12 17:23:05 - [BENIGN] - DEBUG - Generated SSH ACK from h3:2597 -> h5:22 [len=54B]
2025-09-12 17:23:05 - [BENIGN] - DEBUG - Generated SSH data traffic from h3:2597 -> h5:22 [content='SSH encrypted data'] [Session 44] [len=896B]
2025-09-12 17:23:06 - [BENIGN] - DEBUG - Generated SSH ACK reply from h5:22 <- h3:2597 [len=54B]
2025-09-12 17:23:06 - [BENIGN] - DEBUG - Generated FTP SYN from h3:64500 -> h5:21 [len=54B]
2025-09-12 17:23:07 - [BENIGN] - DEBUG - Generated FTP SYN-ACK from h5:21 <- h3:64500 [len=54B]
2025-09-12 17:23:08 - [BENIGN] - DEBUG - Generated FTP ACK from h3:64500 -> h5:21 [len=54B]
2025-09-12 17:23:08 - [BENIGN] - DEBUG - Generated FTP data traffic from h3:64500 -> h5:21 [content='FTP file transfer'] [Session 45] [len=1362B]
2025-09-12 17:23:09 - [BENIGN] - DEBUG - Generated FTP ACK reply from h5:21 <- h3:64500 [len=54B]
2025-09-12 17:23:10 - [BENIGN] - DEBUG - Generated HTTP SYN from h3:40703 -> h5:80 [len=54B]
2025-09-12 17:23:10 - [BENIGN] - DEBUG - Generated HTTP SYN-ACK from h5:80 <- h3:40703 [len=54B]
2025-09-12 17:23:11 - [BENIGN] - DEBUG - Generated HTTP ACK from h3:40703 -> h5:80 [len=54B]
2025-09-12 17:23:11 - [BENIGN] - DEBUG - Generated HTTP data traffic from h3:40703 -> h5:80 [content='GET /index.html HTTP/1.1'] [Session 46] [len=424B]
2025-09-12 17:23:12 - [BENIGN] - DEBUG - Generated HTTP ACK reply from h5:80 <- h3:40703 [len=54B]
2025-09-12 17:23:13 - [BENIGN] - DEBUG - Generated HTTPS SYN from h3:29157 -> h5:443 [len=54B]
2025-09-12 17:23:13 - [BENIGN] - DEBUG - Generated HTTPS SYN-ACK from h5:443 <- h3:29157 [len=54B]
2025-09-12 17:23:14 - [BENIGN] - DEBUG - Generated HTTPS ACK from h3:29157 -> h5:443 [len=54B]
2025-09-12 17:23:15 - [BENIGN] - DEBUG - Generated HTTPS data traffic from h3:29157 -> h5:443 [content='Encrypted Application Data'] [Session 47] [len=738B]
2025-09-12 17:23:15 - [BENIGN] - DEBUG - Generated HTTPS ACK reply from h5:443 <- h3:29157 [len=54B]
2025-09-12 17:23:16 - [BENIGN] - DEBUG - Generated DNS query from h3:31569 -> h5:53 [qname='example.com'] [Session 48] [len=71B]
2025-09-12 17:23:16 - [BENIGN] - DEBUG - Generated ICMP traffic h2↔h5 6 [len=84B]
2025-09-12 17:23:17 - [BENIGN] - DEBUG - Generated TCP SYN from h3:53056 -> h5:12345 [len=54B]
2025-09-12 17:23:17 - [BENIGN] - DEBUG - Generated TCP SYN-ACK from h5:12345 <- h3:53056 [len=54B]
2025-09-12 17:23:18 - [BENIGN] - DEBUG - Generated TCP ACK from h3:53056 -> h5:12345 [len=54B]
2025-09-12 17:23:18 - [BENIGN] - DEBUG - Generated TCP data traffic from h3:53056 -> h5:12345 [content='TCP data'] [Session 49] [len=545B]
2025-09-12 17:23:19 - [BENIGN] - DEBUG - Generated TCP ACK reply from h5:12345 <- h3:53056 [len=54B]
2025-09-12 17:23:20 - [BENIGN] - DEBUG - Generated UDP traffic from h3:29458 -> h5:12346 [content='26b62cd96828aa831d731bf02ae5aa998a4e133f...'] [Session 50] [len=345B]
2025-09-12 17:23:20 - [BENIGN] - DEBUG - Generated Telnet SYN from h3:31735 -> h5:23 [len=54B]
2025-09-12 17:23:21 - [BENIGN] - DEBUG - Generated Telnet SYN-ACK from h5:23 <- h3:31735 [len=54B]
2025-09-12 17:23:22 - [BENIGN] - DEBUG - Generated Telnet ACK from h3:31735 -> h5:23 [len=54B]
2025-09-12 17:23:22 - [BENIGN] - DEBUG - Generated Telnet data traffic from h3:31735 -> h5:23 [content='Telnet command'] [Session 51] [len=936B]
2025-09-12 17:23:23 - [BENIGN] - DEBUG - Generated Telnet ACK reply from h5:23 <- h3:31735 [len=54B]
2025-09-12 17:23:23 - [BENIGN] - DEBUG - Generated SSH SYN from h3:32042 -> h5:22 [len=54B]
2025-09-12 17:23:24 - [BENIGN] - DEBUG - Generated SSH SYN-ACK from h5:22 <- h3:32042 [len=54B]
2025-09-12 17:23:25 - [BENIGN] - DEBUG - Generated SSH ACK from h3:32042 -> h5:22 [len=54B]
2025-09-12 17:23:25 - [BENIGN] - DEBUG - Generated SSH data traffic from h3:32042 -> h5:22 [content='SSH encrypted data'] [Session 52] [len=234B]
2025-09-12 17:23:26 - [BENIGN] - DEBUG - Generated SSH ACK reply from h5:22 <- h3:32042 [len=54B]
2025-09-12 17:23:27 - [BENIGN] - DEBUG - Generated FTP SYN from h3:48946 -> h5:21 [len=54B]
2025-09-12 17:23:27 - [BENIGN] - DEBUG - Generated FTP SYN-ACK from h5:21 <- h3:48946 [len=54B]
2025-09-12 17:23:28 - [BENIGN] - DEBUG - Generated FTP ACK from h3:48946 -> h5:21 [len=54B]
2025-09-12 17:23:28 - [BENIGN] - DEBUG - Generated FTP data traffic from h3:48946 -> h5:21 [content='FTP file transfer'] [Session 53] [len=1214B]
2025-09-12 17:23:29 - [BENIGN] - DEBUG - Generated FTP ACK reply from h5:21 <- h3:48946 [len=54B]
2025-09-12 17:23:30 - [BENIGN] - DEBUG - Generated HTTP SYN from h3:15369 -> h5:80 [len=54B]
2025-09-12 17:23:30 - [BENIGN] - DEBUG - Generated HTTP SYN-ACK from h5:80 <- h3:15369 [len=54B]
2025-09-12 17:23:31 - [BENIGN] - DEBUG - Generated HTTP ACK from h3:15369 -> h5:80 [len=54B]
2025-09-12 17:23:32 - [BENIGN] - DEBUG - Generated HTTP data traffic from h3:15369 -> h5:80 [content='GET /index.html HTTP/1.1'] [Session 54] [len=351B]
2025-09-12 17:23:32 - [BENIGN] - DEBUG - Generated HTTP ACK reply from h5:80 <- h3:15369 [len=54B]
2025-09-12 17:23:33 - [BENIGN] - DEBUG - Generated HTTPS SYN from h3:29559 -> h5:443 [len=54B]
2025-09-12 17:23:33 - [BENIGN] - DEBUG - Generated HTTPS SYN-ACK from h5:443 <- h3:29559 [len=54B]
2025-09-12 17:23:34 - [BENIGN] - DEBUG - Generated HTTPS ACK from h3:29559 -> h5:443 [len=54B]
2025-09-12 17:23:35 - [BENIGN] - DEBUG - Generated HTTPS data traffic from h3:29559 -> h5:443 [content='Encrypted Application Data'] [Session 55] [len=800B]
2025-09-12 17:23:35 - [BENIGN] - DEBUG - Generated HTTPS ACK reply from h5:443 <- h3:29559 [len=54B]
2025-09-12 17:23:36 - [BENIGN] - DEBUG - Generated DNS query from h3:51039 -> h5:53 [qname='example.com'] [Session 56] [len=71B]
2025-09-12 17:23:36 - [BENIGN] - DEBUG - Generated ICMP traffic h2↔h5 7 [len=84B]
2025-09-12 17:23:37 - [BENIGN] - DEBUG - Generated TCP SYN from h3:57506 -> h5:12345 [len=54B]
2025-09-12 17:23:37 - [BENIGN] - DEBUG - Generated TCP SYN-ACK from h5:12345 <- h3:57506 [len=54B]
2025-09-12 17:23:38 - [BENIGN] - DEBUG - Generated TCP ACK from h3:57506 -> h5:12345 [len=54B]
2025-09-12 17:23:39 - [BENIGN] - DEBUG - Generated TCP data traffic from h3:57506 -> h5:12345 [content='TCP data'] [Session 57] [len=290B]
2025-09-12 17:23:39 - [BENIGN] - DEBUG - Generated TCP ACK reply from h5:12345 <- h3:57506 [len=54B]
2025-09-12 17:23:40 - [BENIGN] - DEBUG - Generated UDP traffic from h3:16969 -> h5:12346 [content='9e69f46ddfb6a90b33fba885bc9ff0838be3ed19...'] [Session 58] [len=620B]
2025-09-12 17:23:40 - [BENIGN] - DEBUG - Generated Telnet SYN from h3:31072 -> h5:23 [len=54B]
2025-09-12 17:23:41 - [BENIGN] - DEBUG - Generated Telnet SYN-ACK from h5:23 <- h3:31072 [len=54B]
2025-09-12 17:23:42 - [BENIGN] - DEBUG - Generated Telnet ACK from h3:31072 -> h5:23 [len=54B]
2025-09-12 17:23:42 - [BENIGN] - DEBUG - Generated Telnet data traffic from h3:31072 -> h5:23 [content='Telnet command'] [Session 59] [len=1283B]
2025-09-12 17:23:43 - [BENIGN] - DEBUG - Generated Telnet ACK reply from h5:23 <- h3:31072 [len=54B]
2025-09-12 17:23:44 - [BENIGN] - DEBUG - Generated SSH SYN from h3:6765 -> h5:22 [len=54B]
2025-09-12 17:23:44 - [BENIGN] - DEBUG - Generated SSH SYN-ACK from h5:22 <- h3:6765 [len=54B]
2025-09-12 17:23:45 - [BENIGN] - DEBUG - Generated SSH ACK from h3:6765 -> h5:22 [len=54B]
2025-09-12 17:23:46 - [BENIGN] - DEBUG - Generated SSH data traffic from h3:6765 -> h5:22 [content='SSH encrypted data'] [Session 60] [len=1507B]
2025-09-12 17:23:46 - [BENIGN] - DEBUG - Generated SSH ACK reply from h5:22 <- h3:6765 [len=54B]
2025-09-12 17:23:47 - [BENIGN] - DEBUG - Generated FTP SYN from h3:60541 -> h5:21 [len=54B]
2025-09-12 17:23:47 - [BENIGN] - DEBUG - Generated FTP SYN-ACK from h5:21 <- h3:60541 [len=54B]
2025-09-12 17:23:48 - [BENIGN] - DEBUG - Generated FTP ACK from h3:60541 -> h5:21 [len=54B]
2025-09-12 17:23:49 - [BENIGN] - DEBUG - Generated FTP data traffic from h3:60541 -> h5:21 [content='FTP file transfer'] [Session 61] [len=1336B]
2025-09-12 17:23:49 - [BENIGN] - DEBUG - Generated FTP ACK reply from h5:21 <- h3:60541 [len=54B]
2025-09-12 17:23:50 - [BENIGN] - DEBUG - Generated HTTP SYN from h3:18748 -> h5:80 [len=54B]
2025-09-12 17:23:51 - [BENIGN] - DEBUG - Generated HTTP SYN-ACK from h5:80 <- h3:18748 [len=54B]
2025-09-12 17:23:51 - [BENIGN] - DEBUG - Generated HTTP ACK from h3:18748 -> h5:80 [len=54B]
2025-09-12 17:23:52 - [BENIGN] - DEBUG - Generated HTTP data traffic from h3:18748 -> h5:80 [content='GET /index.html HTTP/1.1'] [Session 62] [len=282B]
2025-09-12 17:23:52 - [BENIGN] - DEBUG - Generated HTTP ACK reply from h5:80 <- h3:18748 [len=54B]
2025-09-12 17:23:53 - [BENIGN] - DEBUG - Generated HTTPS SYN from h3:55004 -> h5:443 [len=54B]
2025-09-12 17:23:54 - [BENIGN] - DEBUG - Generated HTTPS SYN-ACK from h5:443 <- h3:55004 [len=54B]
2025-09-12 17:23:54 - [BENIGN] - DEBUG - Generated HTTPS ACK from h3:55004 -> h5:443 [len=54B]
2025-09-12 17:23:55 - [BENIGN] - DEBUG - Generated HTTPS data traffic from h3:55004 -> h5:443 [content='Encrypted Application Data'] [Session 63] [len=637B]
2025-09-12 17:23:56 - [BENIGN] - DEBUG - Generated HTTPS ACK reply from h5:443 <- h3:55004 [len=54B]
2025-09-12 17:23:56 - [BENIGN] - DEBUG - Generated DNS query from h3:5078 -> h5:53 [qname='example.com'] [Session 64] [len=71B]
2025-09-12 17:23:56 - [BENIGN] - DEBUG - Generated ICMP traffic h2↔h5 8 [len=84B]
2025-09-12 17:23:57 - [BENIGN] - DEBUG - Generated TCP SYN from h3:3073 -> h5:12345 [len=54B]
2025-09-12 17:23:58 - [BENIGN] - DEBUG - Generated TCP SYN-ACK from h5:12345 <- h3:3073 [len=54B]
2025-09-12 17:23:58 - [BENIGN] - DEBUG - Generated TCP ACK from h3:3073 -> h5:12345 [len=54B]
2025-09-12 17:23:59 - [BENIGN] - DEBUG - Generated TCP data traffic from h3:3073 -> h5:12345 [content='TCP data'] [Session 65] [len=553B]
2025-09-12 17:23:59 - [BENIGN] - DEBUG - Generated TCP ACK reply from h5:12345 <- h3:3073 [len=54B]
2025-09-12 17:24:00 - [BENIGN] - DEBUG - Generated UDP traffic from h3:45067 -> h5:12346 [content='25920b940ab95536efbc2b431eef174e0a5d7b84...'] [Session 66] [len=457B]
2025-09-12 17:24:01 - [BENIGN] - DEBUG - Generated Telnet SYN from h3:58868 -> h5:23 [len=54B]
2025-09-12 17:24:01 - [BENIGN] - DEBUG - Generated Telnet SYN-ACK from h5:23 <- h3:58868 [len=54B]
2025-09-12 17:24:02 - [BENIGN] - DEBUG - Generated Telnet ACK from h3:58868 -> h5:23 [len=54B]
2025-09-12 17:24:03 - [BENIGN] - DEBUG - Generated Telnet data traffic from h3:58868 -> h5:23 [content='Telnet command'] [Session 67] [len=987B]
2025-09-12 17:24:03 - [BENIGN] - DEBUG - Generated Telnet ACK reply from h5:23 <- h3:58868 [len=54B]
2025-09-12 17:24:04 - [BENIGN] - DEBUG - Generated SSH SYN from h3:10202 -> h5:22 [len=54B]
2025-09-12 17:24:04 - [BENIGN] - DEBUG - Generated SSH SYN-ACK from h5:22 <- h3:10202 [len=54B]
2025-09-12 17:24:05 - [BENIGN] - DEBUG - Generated SSH ACK from h3:10202 -> h5:22 [len=54B]
2025-09-12 17:24:06 - [BENIGN] - DEBUG - Generated SSH data traffic from h3:10202 -> h5:22 [content='SSH encrypted data'] [Session 68] [len=1222B]
2025-09-12 17:24:06 - [BENIGN] - DEBUG - Generated SSH ACK reply from h5:22 <- h3:10202 [len=54B]
2025-09-12 17:24:07 - [BENIGN] - DEBUG - Generated FTP SYN from h3:36453 -> h5:21 [len=54B]
2025-09-12 17:24:08 - [BENIGN] - DEBUG - Generated FTP SYN-ACK from h5:21 <- h3:36453 [len=54B]
2025-09-12 17:24:08 - [BENIGN] - DEBUG - Generated FTP ACK from h3:36453 -> h5:21 [len=54B]
2025-09-12 17:24:09 - [BENIGN] - DEBUG - Generated FTP data traffic from h3:36453 -> h5:21 [content='FTP file transfer'] [Session 69] [len=783B]
2025-09-12 17:24:09 - [BENIGN] - DEBUG - Generated FTP ACK reply from h5:21 <- h3:36453 [len=54B]
2025-09-12 17:24:10 - [BENIGN] - DEBUG - Generated HTTP SYN from h3:21843 -> h5:80 [len=54B]
2025-09-12 17:24:11 - [BENIGN] - DEBUG - Generated HTTP SYN-ACK from h5:80 <- h3:21843 [len=54B]
2025-09-12 17:24:11 - [BENIGN] - DEBUG - Generated HTTP ACK from h3:21843 -> h5:80 [len=54B]
2025-09-12 17:24:12 - [BENIGN] - DEBUG - Generated HTTP data traffic from h3:21843 -> h5:80 [content='GET /index.html HTTP/1.1'] [Session 70] [len=368B]
2025-09-12 17:24:13 - [BENIGN] - DEBUG - Generated HTTP ACK reply from h5:80 <- h3:21843 [len=54B]
2025-09-12 17:24:13 - [BENIGN] - DEBUG - Generated HTTPS SYN from h3:50719 -> h5:443 [len=54B]
2025-09-12 17:24:14 - [BENIGN] - DEBUG - Generated HTTPS SYN-ACK from h5:443 <- h3:50719 [len=54B]
2025-09-12 17:24:15 - [BENIGN] - DEBUG - Generated HTTPS ACK from h3:50719 -> h5:443 [len=54B]
2025-09-12 17:24:15 - [BENIGN] - DEBUG - Generated HTTPS data traffic from h3:50719 -> h5:443 [content='Encrypted Application Data'] [Session 71] [len=470B]
2025-09-12 17:24:16 - [BENIGN] - DEBUG - Generated HTTPS ACK reply from h5:443 <- h3:50719 [len=54B]
2025-09-12 17:24:16 - [BENIGN] - DEBUG - Generated DNS query from h3:48009 -> h5:53 [qname='example.com'] [Session 72] [len=71B]
2025-09-12 17:24:16 - [BENIGN] - DEBUG - Generated ICMP traffic h2↔h5 9 [len=84B]
2025-09-12 17:24:17 - [BENIGN] - DEBUG - Generated TCP SYN from h3:28156 -> h5:12345 [len=54B]
2025-09-12 17:24:18 - [BENIGN] - DEBUG - Generated TCP SYN-ACK from h5:12345 <- h3:28156 [len=54B]
2025-09-12 17:24:18 - [BENIGN] - DEBUG - Generated TCP ACK from h3:28156 -> h5:12345 [len=54B]
2025-09-12 17:24:19 - [BENIGN] - DEBUG - Generated TCP data traffic from h3:28156 -> h5:12345 [content='TCP data'] [Session 73] [len=1030B]
2025-09-12 17:24:20 - [BENIGN] - DEBUG - Generated TCP ACK reply from h5:12345 <- h3:28156 [len=54B]
2025-09-12 17:24:20 - [BENIGN] - DEBUG - Generated UDP traffic from h3:40066 -> h5:12346 [content='b12a92bf1afd5fa0b1a315fb1404e82c534d167d...'] [Session 74] [len=839B]
2025-09-12 17:24:21 - [BENIGN] - DEBUG - Generated Telnet SYN from h3:49505 -> h5:23 [len=54B]
2025-09-12 17:24:21 - [BENIGN] - DEBUG - Generated Telnet SYN-ACK from h5:23 <- h3:49505 [len=54B]
2025-09-12 17:24:22 - [BENIGN] - DEBUG - Generated Telnet ACK from h3:49505 -> h5:23 [len=54B]
2025-09-12 17:24:23 - [BENIGN] - DEBUG - Generated Telnet data traffic from h3:49505 -> h5:23 [content='Telnet command'] [Session 75] [len=969B]
2025-09-12 17:24:23 - [BENIGN] - DEBUG - Generated Telnet ACK reply from h5:23 <- h3:49505 [len=54B]
2025-09-12 17:24:24 - [BENIGN] - DEBUG - Generated SSH SYN from h3:12480 -> h5:22 [len=54B]
2025-09-12 17:24:25 - [BENIGN] - DEBUG - Generated SSH SYN-ACK from h5:22 <- h3:12480 [len=54B]
2025-09-12 17:24:25 - [BENIGN] - DEBUG - Generated SSH ACK from h3:12480 -> h5:22 [len=54B]
2025-09-12 17:24:26 - [BENIGN] - DEBUG - Generated SSH data traffic from h3:12480 -> h5:22 [content='SSH encrypted data'] [Session 76] [len=1380B]
2025-09-12 17:24:27 - [BENIGN] - DEBUG - Generated SSH ACK reply from h5:22 <- h3:12480 [len=54B]
2025-09-12 17:24:27 - [BENIGN] - DEBUG - Generated FTP SYN from h3:40698 -> h5:21 [len=54B]
2025-09-12 17:24:28 - [BENIGN] - DEBUG - Generated FTP SYN-ACK from h5:21 <- h3:40698 [len=54B]
2025-09-12 17:24:28 - [BENIGN] - DEBUG - Generated FTP ACK from h3:40698 -> h5:21 [len=54B]
2025-09-12 17:24:29 - [BENIGN] - DEBUG - Generated FTP data traffic from h3:40698 -> h5:21 [content='FTP file transfer'] [Session 77] [len=1240B]
2025-09-12 17:24:30 - [BENIGN] - DEBUG - Generated FTP ACK reply from h5:21 <- h3:40698 [len=54B]
2025-09-12 17:24:30 - [BENIGN] - DEBUG - Generated HTTP SYN from h3:65147 -> h5:80 [len=54B]
2025-09-12 17:24:31 - [BENIGN] - DEBUG - Generated HTTP SYN-ACK from h5:80 <- h3:65147 [len=54B]
2025-09-12 17:24:32 - [BENIGN] - DEBUG - Generated HTTP ACK from h3:65147 -> h5:80 [len=54B]
2025-09-12 17:24:32 - [BENIGN] - DEBUG - Generated HTTP data traffic from h3:65147 -> h5:80 [content='GET /index.html HTTP/1.1'] [Session 78] [len=260B]
2025-09-12 17:24:33 - [BENIGN] - DEBUG - Generated HTTP ACK reply from h5:80 <- h3:65147 [len=54B]
2025-09-12 17:24:34 - [BENIGN] - DEBUG - Generated HTTPS SYN from h3:44817 -> h5:443 [len=54B]
2025-09-12 17:24:34 - [BENIGN] - DEBUG - Generated HTTPS SYN-ACK from h5:443 <- h3:44817 [len=54B]
2025-09-12 17:24:35 - [BENIGN] - DEBUG - Generated HTTPS ACK from h3:44817 -> h5:443 [len=54B]
2025-09-12 17:24:36 - [BENIGN] - DEBUG - Generated HTTPS data traffic from h3:44817 -> h5:443 [content='Encrypted Application Data'] [Session 79] [len=707B]
2025-09-12 17:24:36 - [BENIGN] - DEBUG - Generated HTTPS ACK reply from h5:443 <- h3:44817 [len=54B]
2025-09-12 17:24:37 - [BENIGN] - DEBUG - Generated DNS query from h3:58722 -> h5:53 [qname='example.com'] [Session 80] [len=71B]
2025-09-12 17:24:37 - [BENIGN] - INFO - Benign traffic finished.
2025-09-12 17:24:37 - [BENIGN] - INFO - Summary: 80 protocol sessions with protocol separation:
2025-09-12 17:24:37 - [BENIGN] - INFO -   - h2↔h5: ICMP ping traffic
2025-09-12 17:24:37 - [BENIGN] - INFO -   - h3↔h5: TCP/UDP traffic [TCP, UDP, Telnet, SSH, FTP, HTTP, HTTPS, DNS]
2025-09-12 17:24:37 - [BENIGN] - INFO - Total packets sent: 340
