2025-09-12 20:47:44,230 - attack_logger - INFO - Attack: Enhanced SYN Flood (11s) | h1 -> h6
2025-09-12 20:47:46,743 - attack_logger - INFO - [syn_flood] [Run ID: e2c4805c-5730-413e-af59-0e968994d9fd] Starting Enhanced SYN Flood from h1 to 192.168.30.10 for 11 seconds.
2025-09-12 20:47:46,743 - attack_logger - INFO - [syn_flood] [Run ID: e2c4805c-5730-413e-af59-0e968994d9fd] Attack Phase: Enhanced Traditional SYN Flood - Attacker: h1, Target: 192.168.30.10:80, Duration: 11s
2025-09-12 20:47:46,743 - attack_logger - INFO - [syn_flood] [Run ID: e2c4805c-5730-413e-af59-0e968994d9fd] Enhanced Features: Human-like timing, protocol compliance, network delay simulation
2025-09-12 20:47:46,743 - attack_logger - INFO - [syn_flood] [Run ID: e2c4805c-5730-413e-af59-0e968994d9fd] Session pattern: 1 phases, Circadian factor: 0.50, Workday factor: 0.50
2025-09-12 20:47:46,743 - attack_logger - DEBUG - [syn_flood] [Run ID: e2c4805c-5730-413e-af59-0e968994d9fd] Starting enhanced SYN packet generation with human-like timing
2025-09-12 20:47:46,744 - attack_logger - INFO - [syn_flood] [Run ID: e2c4805c-5730-413e-af59-0e968994d9fd] Stress phase: 3s, Advanced phase: 8s
2025-09-12 20:47:50,315 - attack_logger - INFO - [syn_flood] [Run ID: e2c4805c-5730-413e-af59-0e968994d9fd] Stress phase completed
2025-09-12 20:47:50,322 - attack_logger - INFO - [syn_flood] [Run ID: e2c4805c-5730-413e-af59-0e968994d9fd] Enhanced SYN flood process started (PID: 51799)
2025-09-12 20:47:51,397 - attack_logger - INFO - [syn_flood] [Run ID: e2c4805c-5730-413e-af59-0e968994d9fd] Attack progress: 1.1s elapsed, ~4 packets sent, Rate: 3.7 pps, Phase: active (intensity: 0.73)
2025-09-12 20:47:51,397 - attack_logger - DEBUG - [syn_flood] [Run ID: e2c4805c-5730-413e-af59-0e968994d9fd] Process stats - CPU: 0.0%, Memory: 60.0MB
2025-09-12 20:47:51,397 - attack_logger - DEBUG - [syn_flood] [Run ID: e2c4805c-5730-413e-af59-0e968994d9fd] Timing factors - Circadian: 0.50, Workday: 0.50, Adjusted rate: 4.3 pps
2025-09-12 20:47:52,463 - attack_logger - INFO - [syn_flood] [Run ID: e2c4805c-5730-413e-af59-0e968994d9fd] Attack progress: 2.1s elapsed, ~8 packets sent, Rate: 3.7 pps, Phase: active (intensity: 0.73)
2025-09-12 20:47:52,463 - attack_logger - DEBUG - [syn_flood] [Run ID: e2c4805c-5730-413e-af59-0e968994d9fd] Process stats - CPU: 0.0%, Memory: 60.0MB
2025-09-12 20:47:52,463 - attack_logger - DEBUG - [syn_flood] [Run ID: e2c4805c-5730-413e-af59-0e968994d9fd] Timing factors - Circadian: 0.50, Workday: 0.50, Adjusted rate: 4.1 pps
2025-09-12 20:47:53,539 - attack_logger - INFO - [syn_flood] [Run ID: e2c4805c-5730-413e-af59-0e968994d9fd] Attack progress: 3.2s elapsed, ~16 packets sent, Rate: 5.0 pps, Phase: active (intensity: 0.73)
2025-09-12 20:47:53,539 - attack_logger - DEBUG - [syn_flood] [Run ID: e2c4805c-5730-413e-af59-0e968994d9fd] Process stats - CPU: 0.0%, Memory: 60.0MB
2025-09-12 20:47:53,539 - attack_logger - DEBUG - [syn_flood] [Run ID: e2c4805c-5730-413e-af59-0e968994d9fd] Timing factors - Circadian: 0.50, Workday: 0.50, Adjusted rate: 5.1 pps
2025-09-12 20:47:54,542 - attack_logger - INFO - [syn_flood] [Run ID: e2c4805c-5730-413e-af59-0e968994d9fd] Attack progress: 4.2s elapsed, ~21 packets sent, Rate: 5.0 pps, Phase: active (intensity: 0.73)
2025-09-12 20:47:54,542 - attack_logger - DEBUG - [syn_flood] [Run ID: e2c4805c-5730-413e-af59-0e968994d9fd] Process stats - CPU: 0.0%, Memory: 60.0MB
2025-09-12 20:47:54,542 - attack_logger - DEBUG - [syn_flood] [Run ID: e2c4805c-5730-413e-af59-0e968994d9fd] Timing factors - Circadian: 0.50, Workday: 0.50, Adjusted rate: 5.0 pps
2025-09-12 20:47:55,616 - attack_logger - INFO - [syn_flood] [Run ID: e2c4805c-5730-413e-af59-0e968994d9fd] Attack progress: 5.3s elapsed, ~20 packets sent, Rate: 3.8 pps, Phase: active (intensity: 0.73)
2025-09-12 20:47:55,616 - attack_logger - DEBUG - [syn_flood] [Run ID: e2c4805c-5730-413e-af59-0e968994d9fd] Process stats - CPU: 0.0%, Memory: 60.0MB
2025-09-12 20:47:55,616 - attack_logger - DEBUG - [syn_flood] [Run ID: e2c4805c-5730-413e-af59-0e968994d9fd] Timing factors - Circadian: 0.50, Workday: 0.50, Adjusted rate: 3.8 pps
2025-09-12 20:47:56,632 - attack_logger - INFO - [syn_flood] [Run ID: e2c4805c-5730-413e-af59-0e968994d9fd] Attack progress: 6.3s elapsed, ~26 packets sent, Rate: 4.1 pps, Phase: active (intensity: 0.73)
2025-09-12 20:47:56,632 - attack_logger - DEBUG - [syn_flood] [Run ID: e2c4805c-5730-413e-af59-0e968994d9fd] Process stats - CPU: 0.0%, Memory: 60.0MB
2025-09-12 20:47:56,632 - attack_logger - DEBUG - [syn_flood] [Run ID: e2c4805c-5730-413e-af59-0e968994d9fd] Timing factors - Circadian: 0.50, Workday: 0.50, Adjusted rate: 4.1 pps
2025-09-12 20:47:57,676 - attack_logger - INFO - [syn_flood] [Run ID: e2c4805c-5730-413e-af59-0e968994d9fd] Attack progress: 7.4s elapsed, ~28 packets sent, Rate: 3.8 pps, Phase: active (intensity: 0.73)
2025-09-12 20:47:57,676 - attack_logger - DEBUG - [syn_flood] [Run ID: e2c4805c-5730-413e-af59-0e968994d9fd] Process stats - CPU: 0.0%, Memory: 60.0MB
2025-09-12 20:47:57,676 - attack_logger - DEBUG - [syn_flood] [Run ID: e2c4805c-5730-413e-af59-0e968994d9fd] Timing factors - Circadian: 0.50, Workday: 0.50, Adjusted rate: 3.9 pps
2025-09-12 20:47:58,404 - attack_logger - DEBUG - [syn_flood] [Run ID: e2c4805c-5730-413e-af59-0e968994d9fd] Sent SIGINT to SYN flood process 51799
2025-09-12 20:47:58,906 - attack_logger - INFO - [syn_flood] [Run ID: e2c4805c-5730-413e-af59-0e968994d9fd] Enhanced SYN Flood from h1 to 192.168.30.10 finished.
2025-09-12 20:47:58,906 - attack_logger - INFO - [syn_flood] [Run ID: e2c4805c-5730-413e-af59-0e968994d9fd] Attack completed. Total packets sent = 44, Average rate = 5.44 packets/sec.
2025-09-12 20:47:58,906 - attack_logger - INFO - [syn_flood] [Run ID: e2c4805c-5730-413e-af59-0e968994d9fd] --- Enhanced Attack Summary ---
2025-09-12 20:47:58,906 - attack_logger - INFO - [syn_flood] [Run ID: e2c4805c-5730-413e-af59-0e968994d9fd] Total packets sent: 44
2025-09-12 20:47:58,906 - attack_logger - INFO - [syn_flood] [Run ID: e2c4805c-5730-413e-af59-0e968994d9fd] Actual duration: 8.09s
2025-09-12 20:47:58,907 - attack_logger - INFO - [syn_flood] [Run ID: e2c4805c-5730-413e-af59-0e968994d9fd] Average rate: 5.44 packets/sec
2025-09-12 20:47:58,907 - attack_logger - INFO - [syn_flood] [Run ID: e2c4805c-5730-413e-af59-0e968994d9fd] Base rate: 22.0 pps
2025-09-12 20:47:58,907 - attack_logger - INFO - [syn_flood] [Run ID: e2c4805c-5730-413e-af59-0e968994d9fd] Circadian factor: 0.50
2025-09-12 20:47:58,907 - attack_logger - INFO - [syn_flood] [Run ID: e2c4805c-5730-413e-af59-0e968994d9fd] Workday factor: 0.50
2025-09-12 20:47:58,907 - attack_logger - INFO - [syn_flood] [Run ID: e2c4805c-5730-413e-af59-0e968994d9fd] Session phases: 1
2025-09-12 20:47:58,907 - attack_logger - INFO - [syn_flood] [Run ID: e2c4805c-5730-413e-af59-0e968994d9fd] Target port: 80
2025-09-12 20:47:58,907 - attack_logger - INFO - [syn_flood] [Run ID: e2c4805c-5730-413e-af59-0e968994d9fd] Attack method: Enhanced SYN Flood with Human-like Timing
2025-09-12 20:47:58,907 - attack_logger - INFO - [syn_flood] [Run ID: e2c4805c-5730-413e-af59-0e968994d9fd] Enhancement features: Human timing patterns, protocol compliance, network delay simulation
2025-09-12 20:47:58,907 - attack_logger - INFO - [syn_flood] [Run ID: e2c4805c-5730-413e-af59-0e968994d9fd] TCP options: MSS, WScale, Timestamp, SAckOK
2025-09-12 20:47:58,907 - attack_logger - INFO - [syn_flood] [Run ID: e2c4805c-5730-413e-af59-0e968994d9fd] ----------------------------------------
2025-09-12 20:47:58,977 - attack_logger - INFO - Attack: Enhanced SYN Flood completed.
2025-09-12 20:47:58,977 - attack_logger - INFO - Attack: Enhanced UDP Flood (22s) | h1 -> h6
2025-09-12 20:48:01,491 - attack_logger - INFO - [udp_flood] [Run ID: d6e26576-da1f-4e4f-a341-83ec6f4baaa1] Starting Enhanced UDP Flood from h1 to 192.168.30.10 for 22 seconds.
2025-09-12 20:48:01,492 - attack_logger - INFO - [udp_flood] [Run ID: d6e26576-da1f-4e4f-a341-83ec6f4baaa1] Attack Phase: Enhanced Traditional UDP Flood - Attacker: h1, Target: 192.168.30.10:53, Duration: 22s
2025-09-12 20:48:01,492 - attack_logger - INFO - [udp_flood] [Run ID: d6e26576-da1f-4e4f-a341-83ec6f4baaa1] Enhanced Features: Human-like timing, protocol compliance, network delay simulation
2025-09-12 20:48:01,492 - attack_logger - INFO - [udp_flood] [Run ID: d6e26576-da1f-4e4f-a341-83ec6f4baaa1] Stress phase: 6s, Advanced phase: 16s
2025-09-12 20:48:08,119 - attack_logger - INFO - [udp_flood] [Run ID: d6e26576-da1f-4e4f-a341-83ec6f4baaa1] Stress phase completed
2025-09-12 20:48:08,120 - attack_logger - INFO - [udp_flood] [Run ID: d6e26576-da1f-4e4f-a341-83ec6f4baaa1] Session pattern: 1 phases, Circadian factor: 0.50, Workday factor: 0.50
2025-09-12 20:48:08,120 - attack_logger - DEBUG - [udp_flood] [Run ID: d6e26576-da1f-4e4f-a341-83ec6f4baaa1] Starting enhanced UDP packet generation with human-like timing
2025-09-12 20:48:08,127 - attack_logger - INFO - [udp_flood] [Run ID: d6e26576-da1f-4e4f-a341-83ec6f4baaa1] Enhanced UDP flood process started (PID: 51808)
2025-09-12 20:48:11,160 - attack_logger - INFO - [udp_flood] [Run ID: d6e26576-da1f-4e4f-a341-83ec6f4baaa1] Attack progress: 3.0s elapsed, ~4 packets sent, Rate: 1.3 pps, Phase: break (intensity: 0.25)
2025-09-12 20:48:11,160 - attack_logger - DEBUG - [udp_flood] [Run ID: d6e26576-da1f-4e4f-a341-83ec6f4baaa1] Process stats - CPU: 0.0%, Memory: 60.4MB
2025-09-12 20:48:11,160 - attack_logger - DEBUG - [udp_flood] [Run ID: d6e26576-da1f-4e4f-a341-83ec6f4baaa1] Timing factors - Circadian: 0.50, Workday: 0.50, Adjusted rate: 1.5 pps
2025-09-12 20:48:14,234 - attack_logger - INFO - [udp_flood] [Run ID: d6e26576-da1f-4e4f-a341-83ec6f4baaa1] Attack progress: 6.1s elapsed, ~11 packets sent, Rate: 1.8 pps, Phase: break (intensity: 0.25)
2025-09-12 20:48:14,234 - attack_logger - DEBUG - [udp_flood] [Run ID: d6e26576-da1f-4e4f-a341-83ec6f4baaa1] Process stats - CPU: 0.0%, Memory: 60.5MB
2025-09-12 20:48:14,234 - attack_logger - DEBUG - [udp_flood] [Run ID: d6e26576-da1f-4e4f-a341-83ec6f4baaa1] Timing factors - Circadian: 0.50, Workday: 0.50, Adjusted rate: 1.8 pps
2025-09-12 20:48:17,295 - attack_logger - INFO - [udp_flood] [Run ID: d6e26576-da1f-4e4f-a341-83ec6f4baaa1] Attack progress: 9.2s elapsed, ~14 packets sent, Rate: 1.5 pps, Phase: break (intensity: 0.25)
2025-09-12 20:48:17,295 - attack_logger - DEBUG - [udp_flood] [Run ID: d6e26576-da1f-4e4f-a341-83ec6f4baaa1] Process stats - CPU: 0.0%, Memory: 60.5MB
2025-09-12 20:48:17,295 - attack_logger - DEBUG - [udp_flood] [Run ID: d6e26576-da1f-4e4f-a341-83ec6f4baaa1] Timing factors - Circadian: 0.50, Workday: 0.50, Adjusted rate: 1.6 pps
2025-09-12 20:48:20,308 - attack_logger - INFO - [udp_flood] [Run ID: d6e26576-da1f-4e4f-a341-83ec6f4baaa1] Attack progress: 12.2s elapsed, ~15 packets sent, Rate: 1.2 pps, Phase: break (intensity: 0.25)
2025-09-12 20:48:20,308 - attack_logger - DEBUG - [udp_flood] [Run ID: d6e26576-da1f-4e4f-a341-83ec6f4baaa1] Process stats - CPU: 0.0%, Memory: 60.5MB
2025-09-12 20:48:20,308 - attack_logger - DEBUG - [udp_flood] [Run ID: d6e26576-da1f-4e4f-a341-83ec6f4baaa1] Timing factors - Circadian: 0.50, Workday: 0.50, Adjusted rate: 1.3 pps
2025-09-12 20:48:23,327 - attack_logger - INFO - [udp_flood] [Run ID: d6e26576-da1f-4e4f-a341-83ec6f4baaa1] Attack progress: 15.2s elapsed, ~24 packets sent, Rate: 1.6 pps, Phase: break (intensity: 0.25)
2025-09-12 20:48:23,327 - attack_logger - DEBUG - [udp_flood] [Run ID: d6e26576-da1f-4e4f-a341-83ec6f4baaa1] Process stats - CPU: 0.0%, Memory: 60.5MB
2025-09-12 20:48:23,327 - attack_logger - DEBUG - [udp_flood] [Run ID: d6e26576-da1f-4e4f-a341-83ec6f4baaa1] Timing factors - Circadian: 0.50, Workday: 0.50, Adjusted rate: 1.6 pps
2025-09-12 20:48:24,158 - attack_logger - DEBUG - [udp_flood] [Run ID: d6e26576-da1f-4e4f-a341-83ec6f4baaa1] Sent SIGINT to UDP flood process 51808
2025-09-12 20:48:24,660 - attack_logger - INFO - [udp_flood] [Run ID: d6e26576-da1f-4e4f-a341-83ec6f4baaa1] Enhanced UDP Flood from h1 to 192.168.30.10 finished.
2025-09-12 20:48:24,660 - attack_logger - INFO - [udp_flood] [Run ID: d6e26576-da1f-4e4f-a341-83ec6f4baaa1] Attack completed. Total packets sent = 88, Average rate = 5.49 packets/sec.
2025-09-12 20:48:24,661 - attack_logger - INFO - [udp_flood] [Run ID: d6e26576-da1f-4e4f-a341-83ec6f4baaa1] --- Enhanced Attack Summary ---
2025-09-12 20:48:24,661 - attack_logger - INFO - [udp_flood] [Run ID: d6e26576-da1f-4e4f-a341-83ec6f4baaa1] Total packets sent: 88
2025-09-12 20:48:24,661 - attack_logger - INFO - [udp_flood] [Run ID: d6e26576-da1f-4e4f-a341-83ec6f4baaa1] Actual duration: 16.04s
2025-09-12 20:48:24,661 - attack_logger - INFO - [udp_flood] [Run ID: d6e26576-da1f-4e4f-a341-83ec6f4baaa1] Average rate: 5.49 packets/sec
2025-09-12 20:48:24,661 - attack_logger - INFO - [udp_flood] [Run ID: d6e26576-da1f-4e4f-a341-83ec6f4baaa1] Base rate: 22.1 pps
2025-09-12 20:48:24,661 - attack_logger - INFO - [udp_flood] [Run ID: d6e26576-da1f-4e4f-a341-83ec6f4baaa1] Circadian factor: 0.50
2025-09-12 20:48:24,661 - attack_logger - INFO - [udp_flood] [Run ID: d6e26576-da1f-4e4f-a341-83ec6f4baaa1] Workday factor: 0.50
2025-09-12 20:48:24,661 - attack_logger - INFO - [udp_flood] [Run ID: d6e26576-da1f-4e4f-a341-83ec6f4baaa1] Session phases: 1
2025-09-12 20:48:24,661 - attack_logger - INFO - [udp_flood] [Run ID: d6e26576-da1f-4e4f-a341-83ec6f4baaa1] Target port: 53 (DNS)
2025-09-12 20:48:24,661 - attack_logger - INFO - [udp_flood] [Run ID: d6e26576-da1f-4e4f-a341-83ec6f4baaa1] Attack method: Enhanced UDP Flood with Human-like Timing
2025-09-12 20:48:24,661 - attack_logger - INFO - [udp_flood] [Run ID: d6e26576-da1f-4e4f-a341-83ec6f4baaa1] Enhancement features: Human timing patterns, protocol compliance, network delay simulation
2025-09-12 20:48:24,661 - attack_logger - INFO - [udp_flood] [Run ID: d6e26576-da1f-4e4f-a341-83ec6f4baaa1] DNS payloads: Realistic query patterns with varied domains
2025-09-12 20:48:24,661 - attack_logger - INFO - [udp_flood] [Run ID: d6e26576-da1f-4e4f-a341-83ec6f4baaa1] ----------------------------------------
2025-09-12 20:48:24,735 - attack_logger - INFO - Attack: Enhanced UDP Flood completed.
2025-09-12 20:48:24,735 - attack_logger - INFO - Attack: Enhanced ICMP Flood (11s) | h1 -> h4
2025-09-12 20:48:27,252 - attack_logger - INFO - [icmp_flood] [Run ID: 0f416ba8-1108-4ca8-84ba-e43894f9ce8e] Starting Enhanced ICMP Flood with RFC 1918 IP Rotation from h1 to 192.168.20.12 for 11 seconds.
2025-09-12 20:48:27,253 - attack_logger - INFO - [icmp_flood] [Run ID: 0f416ba8-1108-4ca8-84ba-e43894f9ce8e] Attack Phase: Enhanced Traditional ICMP Flood - Attacker: h1, Target: 192.168.20.12, Duration: 11s
2025-09-12 20:48:27,253 - attack_logger - INFO - [icmp_flood] [Run ID: 0f416ba8-1108-4ca8-84ba-e43894f9ce8e] Enhanced Features: RFC 1918 IP rotation, human-like timing, protocol compliance, network delay simulation
2025-09-12 20:48:27,253 - attack_logger - INFO - [icmp_flood] [Run ID: 0f416ba8-1108-4ca8-84ba-e43894f9ce8e] IP Pool Size: 50 source IPs from RFC 1918 ranges (10.0.0.0/8, 172.16.0.0/12, 192.168.0.0/16)
2025-09-12 20:48:27,253 - attack_logger - INFO - [icmp_flood] [Run ID: 0f416ba8-1108-4ca8-84ba-e43894f9ce8e] Stress phase total: 3s (host: 1s, gateway: 2s), Advanced phase: 8s
2025-09-12 20:48:28,847 - attack_logger - INFO - [icmp_flood] [Run ID: 0f416ba8-1108-4ca8-84ba-e43894f9ce8e] Host stress sub-phase completed
2025-09-12 20:48:31,416 - attack_logger - INFO - [icmp_flood] [Run ID: 0f416ba8-1108-4ca8-84ba-e43894f9ce8e] Gateway stress sub-phase completed
2025-09-12 20:48:31,417 - attack_logger - INFO - [icmp_flood] [Run ID: 0f416ba8-1108-4ca8-84ba-e43894f9ce8e] Session pattern: 1 phases, Circadian factor: 0.50, Workday factor: 0.50
2025-09-12 20:48:31,417 - attack_logger - DEBUG - [icmp_flood] [Run ID: 0f416ba8-1108-4ca8-84ba-e43894f9ce8e] Starting enhanced ICMP packet generation with IP rotation and human-like timing
2025-09-12 20:48:31,425 - attack_logger - INFO - [icmp_flood] [Run ID: 0f416ba8-1108-4ca8-84ba-e43894f9ce8e] Enhanced ICMP flood with IP rotation process started (PID: 51822)
2025-09-12 20:48:32,445 - attack_logger - INFO - [icmp_flood] [Run ID: 0f416ba8-1108-4ca8-84ba-e43894f9ce8e] Attack progress: 1.0s elapsed, ~5 packets sent, Rate: 4.9 pps, IP rotations: ~0, Phase: active (intensity: 0.79)
2025-09-12 20:48:32,446 - attack_logger - DEBUG - [icmp_flood] [Run ID: 0f416ba8-1108-4ca8-84ba-e43894f9ce8e] Process stats - CPU: 0.0%, Memory: 60.4MB
2025-09-12 20:48:32,446 - attack_logger - DEBUG - [icmp_flood] [Run ID: 0f416ba8-1108-4ca8-84ba-e43894f9ce8e] Timing factors - Circadian: 0.50, Workday: 0.50, Adjusted rate: 5.6 pps
2025-09-12 20:48:33,448 - attack_logger - INFO - [icmp_flood] [Run ID: 0f416ba8-1108-4ca8-84ba-e43894f9ce8e] Attack progress: 2.0s elapsed, ~8 packets sent, Rate: 3.9 pps, IP rotations: ~0, Phase: active (intensity: 0.79)
2025-09-12 20:48:33,449 - attack_logger - DEBUG - [icmp_flood] [Run ID: 0f416ba8-1108-4ca8-84ba-e43894f9ce8e] Process stats - CPU: 0.0%, Memory: 60.4MB
2025-09-12 20:48:33,449 - attack_logger - DEBUG - [icmp_flood] [Run ID: 0f416ba8-1108-4ca8-84ba-e43894f9ce8e] Timing factors - Circadian: 0.50, Workday: 0.50, Adjusted rate: 4.4 pps
2025-09-12 20:48:34,544 - attack_logger - INFO - [icmp_flood] [Run ID: 0f416ba8-1108-4ca8-84ba-e43894f9ce8e] Attack progress: 3.1s elapsed, ~17 packets sent, Rate: 5.4 pps, IP rotations: ~1, Phase: active (intensity: 0.79)
2025-09-12 20:48:34,544 - attack_logger - DEBUG - [icmp_flood] [Run ID: 0f416ba8-1108-4ca8-84ba-e43894f9ce8e] Process stats - CPU: 0.0%, Memory: 60.4MB
2025-09-12 20:48:34,544 - attack_logger - DEBUG - [icmp_flood] [Run ID: 0f416ba8-1108-4ca8-84ba-e43894f9ce8e] Timing factors - Circadian: 0.50, Workday: 0.50, Adjusted rate: 5.6 pps
2025-09-12 20:48:35,635 - attack_logger - INFO - [icmp_flood] [Run ID: 0f416ba8-1108-4ca8-84ba-e43894f9ce8e] Attack progress: 4.2s elapsed, ~23 packets sent, Rate: 5.5 pps, IP rotations: ~1, Phase: active (intensity: 0.79)
2025-09-12 20:48:35,635 - attack_logger - DEBUG - [icmp_flood] [Run ID: 0f416ba8-1108-4ca8-84ba-e43894f9ce8e] Process stats - CPU: 0.0%, Memory: 60.4MB
2025-09-12 20:48:35,635 - attack_logger - DEBUG - [icmp_flood] [Run ID: 0f416ba8-1108-4ca8-84ba-e43894f9ce8e] Timing factors - Circadian: 0.50, Workday: 0.50, Adjusted rate: 5.6 pps
2025-09-12 20:48:36,672 - attack_logger - INFO - [icmp_flood] [Run ID: 0f416ba8-1108-4ca8-84ba-e43894f9ce8e] Attack progress: 5.3s elapsed, ~21 packets sent, Rate: 4.0 pps, IP rotations: ~1, Phase: active (intensity: 0.79)
2025-09-12 20:48:36,672 - attack_logger - DEBUG - [icmp_flood] [Run ID: 0f416ba8-1108-4ca8-84ba-e43894f9ce8e] Process stats - CPU: 0.0%, Memory: 60.4MB
2025-09-12 20:48:36,672 - attack_logger - DEBUG - [icmp_flood] [Run ID: 0f416ba8-1108-4ca8-84ba-e43894f9ce8e] Timing factors - Circadian: 0.50, Workday: 0.50, Adjusted rate: 4.0 pps
2025-09-12 20:48:37,684 - attack_logger - INFO - [icmp_flood] [Run ID: 0f416ba8-1108-4ca8-84ba-e43894f9ce8e] Attack progress: 6.3s elapsed, ~27 packets sent, Rate: 4.3 pps, IP rotations: ~1, Phase: active (intensity: 0.79)
2025-09-12 20:48:37,684 - attack_logger - DEBUG - [icmp_flood] [Run ID: 0f416ba8-1108-4ca8-84ba-e43894f9ce8e] Process stats - CPU: 0.0%, Memory: 60.4MB
2025-09-12 20:48:37,684 - attack_logger - DEBUG - [icmp_flood] [Run ID: 0f416ba8-1108-4ca8-84ba-e43894f9ce8e] Timing factors - Circadian: 0.50, Workday: 0.50, Adjusted rate: 4.4 pps
2025-09-12 20:48:38,786 - attack_logger - INFO - [icmp_flood] [Run ID: 0f416ba8-1108-4ca8-84ba-e43894f9ce8e] Attack progress: 7.4s elapsed, ~42 packets sent, Rate: 5.7 pps, IP rotations: ~2, Phase: active (intensity: 0.79)
2025-09-12 20:48:38,786 - attack_logger - DEBUG - [icmp_flood] [Run ID: 0f416ba8-1108-4ca8-84ba-e43894f9ce8e] Process stats - CPU: 0.0%, Memory: 60.4MB
2025-09-12 20:48:38,786 - attack_logger - DEBUG - [icmp_flood] [Run ID: 0f416ba8-1108-4ca8-84ba-e43894f9ce8e] Timing factors - Circadian: 0.50, Workday: 0.50, Adjusted rate: 5.8 pps
2025-09-12 20:48:39,462 - attack_logger - DEBUG - [icmp_flood] [Run ID: 0f416ba8-1108-4ca8-84ba-e43894f9ce8e] Sent SIGINT to ICMP flood process 51822
2025-09-12 20:48:39,965 - attack_logger - INFO - [icmp_flood] [Run ID: 0f416ba8-1108-4ca8-84ba-e43894f9ce8e] Enhanced ICMP Flood with RFC 1918 IP Rotation from h1 to 192.168.20.12 finished.
2025-09-12 20:48:39,965 - attack_logger - INFO - [icmp_flood] [Run ID: 0f416ba8-1108-4ca8-84ba-e43894f9ce8e] Attack completed. Total packets sent = 54, Average rate = 6.71 packets/sec.
2025-09-12 20:48:39,965 - attack_logger - INFO - [icmp_flood] [Run ID: 0f416ba8-1108-4ca8-84ba-e43894f9ce8e] --- Enhanced Attack Summary ---
2025-09-12 20:48:39,965 - attack_logger - INFO - [icmp_flood] [Run ID: 0f416ba8-1108-4ca8-84ba-e43894f9ce8e] Total packets sent: 54
2025-09-12 20:48:39,965 - attack_logger - INFO - [icmp_flood] [Run ID: 0f416ba8-1108-4ca8-84ba-e43894f9ce8e] Total IP rotations: ~3
2025-09-12 20:48:39,965 - attack_logger - INFO - [icmp_flood] [Run ID: 0f416ba8-1108-4ca8-84ba-e43894f9ce8e] RFC 1918 IP pool size: 50
2025-09-12 20:48:39,965 - attack_logger - INFO - [icmp_flood] [Run ID: 0f416ba8-1108-4ca8-84ba-e43894f9ce8e] IP ranges used: 10.0.0.0/8, 172.16.0.0/12, 192.168.0.0/16
2025-09-12 20:48:39,965 - attack_logger - INFO - [icmp_flood] [Run ID: 0f416ba8-1108-4ca8-84ba-e43894f9ce8e] Actual duration: 8.05s
2025-09-12 20:48:39,965 - attack_logger - INFO - [icmp_flood] [Run ID: 0f416ba8-1108-4ca8-84ba-e43894f9ce8e] Average rate: 6.71 packets/sec
2025-09-12 20:48:39,965 - attack_logger - INFO - [icmp_flood] [Run ID: 0f416ba8-1108-4ca8-84ba-e43894f9ce8e] Base rate: 27.1 pps
2025-09-12 20:48:39,965 - attack_logger - INFO - [icmp_flood] [Run ID: 0f416ba8-1108-4ca8-84ba-e43894f9ce8e] Circadian factor: 0.50
2025-09-12 20:48:39,965 - attack_logger - INFO - [icmp_flood] [Run ID: 0f416ba8-1108-4ca8-84ba-e43894f9ce8e] Workday factor: 0.50
2025-09-12 20:48:39,965 - attack_logger - INFO - [icmp_flood] [Run ID: 0f416ba8-1108-4ca8-84ba-e43894f9ce8e] Session phases: 1
2025-09-12 20:48:39,965 - attack_logger - INFO - [icmp_flood] [Run ID: 0f416ba8-1108-4ca8-84ba-e43894f9ce8e] ICMP type: Echo Request (8) with ID/Seq variations
2025-09-12 20:48:39,965 - attack_logger - INFO - [icmp_flood] [Run ID: 0f416ba8-1108-4ca8-84ba-e43894f9ce8e] Attack method: Enhanced ICMP Flood with RFC 1918 IP Rotation
2025-09-12 20:48:39,965 - attack_logger - INFO - [icmp_flood] [Run ID: 0f416ba8-1108-4ca8-84ba-e43894f9ce8e] Enhancement features: RFC 1918 IP rotation, human timing patterns, protocol compliance, network delay simulation
2025-09-12 20:48:39,965 - attack_logger - INFO - [icmp_flood] [Run ID: 0f416ba8-1108-4ca8-84ba-e43894f9ce8e] ----------------------------------------
2025-09-12 20:48:40,006 - attack_logger - INFO - Attack: Enhanced ICMP Flood completed.
2025-09-12 20:48:40,521 - attack_logger - INFO - Attack: ENHANCED Adversarial TCP State Exhaustion (8s) | h1 -> h6
2025-09-12 20:48:51,740 - attack_logger - INFO - Attack: ENHANCED Adversarial Application Layer (3s) | h1 -> h6
2025-09-12 20:48:58,009 - attack_logger - INFO - Attack: ENHANCED Adversarial Slow Read (9s) | h1 -> h6
2025-09-12 20:49:10,303 - attack_logger - INFO - Attack: ENHANCED Adversarial Slow Read completed.
