2025-09-12 20:44:20 - [BENIGN] - INFO - Starting benign traffic for 200 seconds...
2025-09-12 20:44:20 - [BENIGN] - INFO - Protocol separation: h2↔h5 (ICMP), h3↔h5 (TCP/UDP)
2025-09-12 20:44:20 - [BENIGN] - DEBUG - Generated ICMP traffic h2↔h5 0 [len=84B]
2025-09-12 20:44:21 - [BENIGN] - DEBUG - Generated TCP SYN from h3:18446 -> h5:12345 [len=54B]
2025-09-12 20:44:21 - [BENIGN] - DEBUG - Generated TCP SYN-ACK from h5:12345 <- h3:18446 [len=54B]
2025-09-12 20:44:22 - [BENIGN] - DEBUG - Generated TCP ACK from h3:18446 -> h5:12345 [len=54B]
2025-09-12 20:44:23 - [BENIGN] - DEBUG - Generated TCP data traffic from h3:18446 -> h5:12345 [content='TCP data'] [Session 1] [len=1202B]
2025-09-12 20:44:23 - [BENIGN] - DEBUG - Generated TCP ACK reply from h5:12345 <- h3:18446 [len=54B]
2025-09-12 20:44:24 - [BENIGN] - DEBUG - Generated UDP traffic from h3:22007 -> h5:12346 [content='1fa95d80b361aa27f8a8917995c5147eed544cf2...'] [Session 2] [len=1053B]
2025-09-12 20:44:25 - [BENIGN] - DEBUG - Generated Telnet SYN from h3:6839 -> h5:23 [len=54B]
2025-09-12 20:44:25 - [BENIGN] - DEBUG - Generated Telnet SYN-ACK from h5:23 <- h3:6839 [len=54B]
2025-09-12 20:44:26 - [BENIGN] - DEBUG - Generated Telnet ACK from h3:6839 -> h5:23 [len=54B]
2025-09-12 20:44:27 - [BENIGN] - DEBUG - Generated Telnet data traffic from h3:6839 -> h5:23 [content='Telnet command'] [Session 3] [len=166B]
2025-09-12 20:44:27 - [BENIGN] - DEBUG - Generated Telnet ACK reply from h5:23 <- h3:6839 [len=54B]
2025-09-12 20:44:28 - [BENIGN] - DEBUG - Generated SSH SYN from h3:22926 -> h5:22 [len=54B]
2025-09-12 20:44:29 - [BENIGN] - DEBUG - Generated SSH SYN-ACK from h5:22 <- h3:22926 [len=54B]
2025-09-12 20:44:29 - [BENIGN] - DEBUG - Generated SSH ACK from h3:22926 -> h5:22 [len=54B]
2025-09-12 20:44:30 - [BENIGN] - DEBUG - Generated SSH data traffic from h3:22926 -> h5:22 [content='SSH encrypted data'] [Session 4] [len=671B]
2025-09-12 20:44:30 - [BENIGN] - DEBUG - Generated SSH ACK reply from h5:22 <- h3:22926 [len=54B]
2025-09-12 20:44:31 - [BENIGN] - DEBUG - Generated FTP SYN from h3:44699 -> h5:21 [len=54B]
2025-09-12 20:44:32 - [BENIGN] - DEBUG - Generated FTP SYN-ACK from h5:21 <- h3:44699 [len=54B]
2025-09-12 20:44:32 - [BENIGN] - DEBUG - Generated FTP ACK from h3:44699 -> h5:21 [len=54B]
2025-09-12 20:44:33 - [BENIGN] - DEBUG - Generated FTP data traffic from h3:44699 -> h5:21 [content='FTP file transfer'] [Session 5] [len=443B]
2025-09-12 20:44:34 - [BENIGN] - DEBUG - Generated FTP ACK reply from h5:21 <- h3:44699 [len=54B]
2025-09-12 20:44:34 - [BENIGN] - DEBUG - Generated HTTP SYN from h3:35065 -> h5:80 [len=54B]
2025-09-12 20:44:35 - [BENIGN] - DEBUG - Generated HTTP SYN-ACK from h5:80 <- h3:35065 [len=54B]
2025-09-12 20:44:36 - [BENIGN] - DEBUG - Generated HTTP ACK from h3:35065 -> h5:80 [len=54B]
2025-09-12 20:44:36 - [BENIGN] - DEBUG - Generated HTTP data traffic from h3:35065 -> h5:80 [content='GET /index.html HTTP/1.1'] [Session 6] [len=419B]
2025-09-12 20:44:37 - [BENIGN] - DEBUG - Generated HTTP ACK reply from h5:80 <- h3:35065 [len=54B]
2025-09-12 20:44:38 - [BENIGN] - DEBUG - Generated HTTPS SYN from h3:63724 -> h5:443 [len=54B]
2025-09-12 20:44:38 - [BENIGN] - DEBUG - Generated HTTPS SYN-ACK from h5:443 <- h3:63724 [len=54B]
2025-09-12 20:44:39 - [BENIGN] - DEBUG - Generated HTTPS ACK from h3:63724 -> h5:443 [len=54B]
2025-09-12 20:44:39 - [BENIGN] - DEBUG - Generated HTTPS data traffic from h3:63724 -> h5:443 [content='Encrypted Application Data'] [Session 7] [len=470B]
2025-09-12 20:44:40 - [BENIGN] - DEBUG - Generated HTTPS ACK reply from h5:443 <- h3:63724 [len=54B]
2025-09-12 20:44:41 - [BENIGN] - DEBUG - Generated DNS query from h3:53055 -> h5:53 [qname='example.com'] [Session 8] [len=71B]
2025-09-12 20:44:41 - [BENIGN] - DEBUG - Generated ICMP traffic h2↔h5 1 [len=84B]
2025-09-12 20:44:41 - [BENIGN] - DEBUG - Generated TCP SYN from h3:33864 -> h5:12345 [len=54B]
2025-09-12 20:44:42 - [BENIGN] - DEBUG - Generated TCP SYN-ACK from h5:12345 <- h3:33864 [len=54B]
2025-09-12 20:44:43 - [BENIGN] - DEBUG - Generated TCP ACK from h3:33864 -> h5:12345 [len=54B]
2025-09-12 20:44:43 - [BENIGN] - DEBUG - Generated TCP data traffic from h3:33864 -> h5:12345 [content='TCP data'] [Session 9] [len=1325B]
2025-09-12 20:44:44 - [BENIGN] - DEBUG - Generated TCP ACK reply from h5:12345 <- h3:33864 [len=54B]
2025-09-12 20:44:45 - [BENIGN] - DEBUG - Generated UDP traffic from h3:7288 -> h5:12346 [content='1d40819d4e6b9fab02457a9fb450ebd041563f2e...'] [Session 10] [len=385B]
2025-09-12 20:44:45 - [BENIGN] - DEBUG - Generated Telnet SYN from h3:14833 -> h5:23 [len=54B]
2025-09-12 20:44:46 - [BENIGN] - DEBUG - Generated Telnet SYN-ACK from h5:23 <- h3:14833 [len=54B]
2025-09-12 20:44:46 - [BENIGN] - DEBUG - Generated Telnet ACK from h3:14833 -> h5:23 [len=54B]
2025-09-12 20:44:47 - [BENIGN] - DEBUG - Generated Telnet data traffic from h3:14833 -> h5:23 [content='Telnet command'] [Session 11] [len=228B]
2025-09-12 20:44:48 - [BENIGN] - DEBUG - Generated Telnet ACK reply from h5:23 <- h3:14833 [len=54B]
2025-09-12 20:44:48 - [BENIGN] - DEBUG - Generated SSH SYN from h3:29494 -> h5:22 [len=54B]
2025-09-12 20:44:49 - [BENIGN] - DEBUG - Generated SSH SYN-ACK from h5:22 <- h3:29494 [len=54B]
2025-09-12 20:44:50 - [BENIGN] - DEBUG - Generated SSH ACK from h3:29494 -> h5:22 [len=54B]
2025-09-12 20:44:50 - [BENIGN] - DEBUG - Generated SSH data traffic from h3:29494 -> h5:22 [content='SSH encrypted data'] [Session 12] [len=709B]
2025-09-12 20:44:51 - [BENIGN] - DEBUG - Generated SSH ACK reply from h5:22 <- h3:29494 [len=54B]
2025-09-12 20:44:51 - [BENIGN] - DEBUG - Generated FTP SYN from h3:64095 -> h5:21 [len=54B]
2025-09-12 20:44:52 - [BENIGN] - DEBUG - Generated FTP SYN-ACK from h5:21 <- h3:64095 [len=54B]
2025-09-12 20:44:53 - [BENIGN] - DEBUG - Generated FTP ACK from h3:64095 -> h5:21 [len=54B]
2025-09-12 20:44:53 - [BENIGN] - DEBUG - Generated FTP data traffic from h3:64095 -> h5:21 [content='FTP file transfer'] [Session 13] [len=949B]
2025-09-12 20:44:54 - [BENIGN] - DEBUG - Generated FTP ACK reply from h5:21 <- h3:64095 [len=54B]
2025-09-12 20:44:55 - [BENIGN] - DEBUG - Generated HTTP SYN from h3:61513 -> h5:80 [len=54B]
2025-09-12 20:44:55 - [BENIGN] - DEBUG - Generated HTTP SYN-ACK from h5:80 <- h3:61513 [len=54B]
2025-09-12 20:44:56 - [BENIGN] - DEBUG - Generated HTTP ACK from h3:61513 -> h5:80 [len=54B]
2025-09-12 20:44:57 - [BENIGN] - DEBUG - Generated HTTP data traffic from h3:61513 -> h5:80 [content='GET /index.html HTTP/1.1'] [Session 14] [len=343B]
2025-09-12 20:44:57 - [BENIGN] - DEBUG - Generated HTTP ACK reply from h5:80 <- h3:61513 [len=54B]
2025-09-12 20:44:58 - [BENIGN] - DEBUG - Generated HTTPS SYN from h3:19179 -> h5:443 [len=54B]
2025-09-12 20:44:58 - [BENIGN] - DEBUG - Generated HTTPS SYN-ACK from h5:443 <- h3:19179 [len=54B]
2025-09-12 20:44:59 - [BENIGN] - DEBUG - Generated HTTPS ACK from h3:19179 -> h5:443 [len=54B]
2025-09-12 20:45:00 - [BENIGN] - DEBUG - Generated HTTPS data traffic from h3:19179 -> h5:443 [content='Encrypted Application Data'] [Session 15] [len=324B]
2025-09-12 20:45:00 - [BENIGN] - DEBUG - Generated HTTPS ACK reply from h5:443 <- h3:19179 [len=54B]
2025-09-12 20:45:01 - [BENIGN] - DEBUG - Generated DNS query from h3:61549 -> h5:53 [qname='example.com'] [Session 16] [len=71B]
2025-09-12 20:45:01 - [BENIGN] - DEBUG - Generated ICMP traffic h2↔h5 2 [len=84B]
2025-09-12 20:45:02 - [BENIGN] - DEBUG - Generated TCP SYN from h3:43042 -> h5:12345 [len=54B]
2025-09-12 20:45:02 - [BENIGN] - DEBUG - Generated TCP SYN-ACK from h5:12345 <- h3:43042 [len=54B]
2025-09-12 20:45:03 - [BENIGN] - DEBUG - Generated TCP ACK from h3:43042 -> h5:12345 [len=54B]
2025-09-12 20:45:04 - [BENIGN] - DEBUG - Generated TCP data traffic from h3:43042 -> h5:12345 [content='TCP data'] [Session 17] [len=519B]
2025-09-12 20:45:04 - [BENIGN] - DEBUG - Generated TCP ACK reply from h5:12345 <- h3:43042 [len=54B]
2025-09-12 20:45:05 - [BENIGN] - DEBUG - Generated UDP traffic from h3:57661 -> h5:12346 [content='133f9d2b73cf41e897dd88742bcb8a1da563eb0f...'] [Session 18] [len=1346B]
2025-09-12 20:45:05 - [BENIGN] - DEBUG - Generated Telnet SYN from h3:51774 -> h5:23 [len=54B]
2025-09-12 20:45:06 - [BENIGN] - DEBUG - Generated Telnet SYN-ACK from h5:23 <- h3:51774 [len=54B]
2025-09-12 20:45:07 - [BENIGN] - DEBUG - Generated Telnet ACK from h3:51774 -> h5:23 [len=54B]
2025-09-12 20:45:07 - [BENIGN] - DEBUG - Generated Telnet data traffic from h3:51774 -> h5:23 [content='Telnet command'] [Session 19] [len=1103B]
2025-09-12 20:45:08 - [BENIGN] - DEBUG - Generated Telnet ACK reply from h5:23 <- h3:51774 [len=54B]
2025-09-12 20:45:08 - [BENIGN] - DEBUG - Generated SSH SYN from h3:6467 -> h5:22 [len=54B]
2025-09-12 20:45:09 - [BENIGN] - DEBUG - Generated SSH SYN-ACK from h5:22 <- h3:6467 [len=54B]
2025-09-12 20:45:10 - [BENIGN] - DEBUG - Generated SSH ACK from h3:6467 -> h5:22 [len=54B]
2025-09-12 20:45:10 - [BENIGN] - DEBUG - Generated SSH data traffic from h3:6467 -> h5:22 [content='SSH encrypted data'] [Session 20] [len=297B]
2025-09-12 20:45:11 - [BENIGN] - DEBUG - Generated SSH ACK reply from h5:22 <- h3:6467 [len=54B]
2025-09-12 20:45:12 - [BENIGN] - DEBUG - Generated FTP SYN from h3:7817 -> h5:21 [len=54B]
2025-09-12 20:45:12 - [BENIGN] - DEBUG - Generated FTP SYN-ACK from h5:21 <- h3:7817 [len=54B]
2025-09-12 20:45:13 - [BENIGN] - DEBUG - Generated FTP ACK from h3:7817 -> h5:21 [len=54B]
2025-09-12 20:45:14 - [BENIGN] - DEBUG - Generated FTP data traffic from h3:7817 -> h5:21 [content='FTP file transfer'] [Session 21] [len=318B]
2025-09-12 20:45:14 - [BENIGN] - DEBUG - Generated FTP ACK reply from h5:21 <- h3:7817 [len=54B]
2025-09-12 20:45:15 - [BENIGN] - DEBUG - Generated HTTP SYN from h3:45045 -> h5:80 [len=54B]
2025-09-12 20:45:15 - [BENIGN] - DEBUG - Generated HTTP SYN-ACK from h5:80 <- h3:45045 [len=54B]
2025-09-12 20:45:16 - [BENIGN] - DEBUG - Generated HTTP ACK from h3:45045 -> h5:80 [len=54B]
2025-09-12 20:45:17 - [BENIGN] - DEBUG - Generated HTTP data traffic from h3:45045 -> h5:80 [content='GET /index.html HTTP/1.1'] [Session 22] [len=546B]
2025-09-12 20:45:17 - [BENIGN] - DEBUG - Generated HTTP ACK reply from h5:80 <- h3:45045 [len=54B]
2025-09-12 20:45:18 - [BENIGN] - DEBUG - Generated HTTPS SYN from h3:28854 -> h5:443 [len=54B]
2025-09-12 20:45:18 - [BENIGN] - DEBUG - Generated HTTPS SYN-ACK from h5:443 <- h3:28854 [len=54B]
2025-09-12 20:45:19 - [BENIGN] - DEBUG - Generated HTTPS ACK from h3:28854 -> h5:443 [len=54B]
2025-09-12 20:45:20 - [BENIGN] - DEBUG - Generated HTTPS data traffic from h3:28854 -> h5:443 [content='Encrypted Application Data'] [Session 23] [len=575B]
2025-09-12 20:45:20 - [BENIGN] - DEBUG - Generated HTTPS ACK reply from h5:443 <- h3:28854 [len=54B]
2025-09-12 20:45:21 - [BENIGN] - DEBUG - Generated DNS query from h3:27481 -> h5:53 [qname='example.com'] [Session 24] [len=71B]
2025-09-12 20:45:21 - [BENIGN] - DEBUG - Generated ICMP traffic h2↔h5 3 [len=84B]
2025-09-12 20:45:22 - [BENIGN] - DEBUG - Generated TCP SYN from h3:19669 -> h5:12345 [len=54B]
2025-09-12 20:45:22 - [BENIGN] - DEBUG - Generated TCP SYN-ACK from h5:12345 <- h3:19669 [len=54B]
2025-09-12 20:45:23 - [BENIGN] - DEBUG - Generated TCP ACK from h3:19669 -> h5:12345 [len=54B]
2025-09-12 20:45:24 - [BENIGN] - DEBUG - Generated TCP data traffic from h3:19669 -> h5:12345 [content='TCP data'] [Session 25] [len=884B]
2025-09-12 20:45:24 - [BENIGN] - DEBUG - Generated TCP ACK reply from h5:12345 <- h3:19669 [len=54B]
2025-09-12 20:45:25 - [BENIGN] - DEBUG - Generated UDP traffic from h3:55382 -> h5:12346 [content='88f0ea77f01a3fa88ba638b775b5ae62249c2090...'] [Session 26] [len=1339B]
2025-09-12 20:45:25 - [BENIGN] - DEBUG - Generated Telnet SYN from h3:29936 -> h5:23 [len=54B]
2025-09-12 20:45:26 - [BENIGN] - DEBUG - Generated Telnet SYN-ACK from h5:23 <- h3:29936 [len=54B]
2025-09-12 20:45:27 - [BENIGN] - DEBUG - Generated Telnet ACK from h3:29936 -> h5:23 [len=54B]
2025-09-12 20:45:27 - [BENIGN] - DEBUG - Generated Telnet data traffic from h3:29936 -> h5:23 [content='Telnet command'] [Session 27] [len=161B]
2025-09-12 20:45:28 - [BENIGN] - DEBUG - Generated Telnet ACK reply from h5:23 <- h3:29936 [len=54B]
2025-09-12 20:45:29 - [BENIGN] - DEBUG - Generated SSH SYN from h3:1814 -> h5:22 [len=54B]
2025-09-12 20:45:29 - [BENIGN] - DEBUG - Generated SSH SYN-ACK from h5:22 <- h3:1814 [len=54B]
2025-09-12 20:45:30 - [BENIGN] - DEBUG - Generated SSH ACK from h3:1814 -> h5:22 [len=54B]
2025-09-12 20:45:31 - [BENIGN] - DEBUG - Generated SSH data traffic from h3:1814 -> h5:22 [content='SSH encrypted data'] [Session 28] [len=1472B]
2025-09-12 20:45:31 - [BENIGN] - DEBUG - Generated SSH ACK reply from h5:22 <- h3:1814 [len=54B]
2025-09-12 20:45:32 - [BENIGN] - DEBUG - Generated FTP SYN from h3:8247 -> h5:21 [len=54B]
2025-09-12 20:45:32 - [BENIGN] - DEBUG - Generated FTP SYN-ACK from h5:21 <- h3:8247 [len=54B]
2025-09-12 20:45:33 - [BENIGN] - DEBUG - Generated FTP ACK from h3:8247 -> h5:21 [len=54B]
2025-09-12 20:45:34 - [BENIGN] - DEBUG - Generated FTP data traffic from h3:8247 -> h5:21 [content='FTP file transfer'] [Session 29] [len=1057B]
2025-09-12 20:45:34 - [BENIGN] - DEBUG - Generated FTP ACK reply from h5:21 <- h3:8247 [len=54B]
2025-09-12 20:45:35 - [BENIGN] - DEBUG - Generated HTTP SYN from h3:43115 -> h5:80 [len=54B]
2025-09-12 20:45:36 - [BENIGN] - DEBUG - Generated HTTP SYN-ACK from h5:80 <- h3:43115 [len=54B]
2025-09-12 20:45:36 - [BENIGN] - DEBUG - Generated HTTP ACK from h3:43115 -> h5:80 [len=54B]
2025-09-12 20:45:37 - [BENIGN] - DEBUG - Generated HTTP data traffic from h3:43115 -> h5:80 [content='GET /index.html HTTP/1.1'] [Session 30] [len=620B]
2025-09-12 20:45:37 - [BENIGN] - DEBUG - Generated HTTP ACK reply from h5:80 <- h3:43115 [len=54B]
2025-09-12 20:45:38 - [BENIGN] - DEBUG - Generated HTTPS SYN from h3:31290 -> h5:443 [len=54B]
2025-09-12 20:45:39 - [BENIGN] - DEBUG - Generated HTTPS SYN-ACK from h5:443 <- h3:31290 [len=54B]
2025-09-12 20:45:39 - [BENIGN] - DEBUG - Generated HTTPS ACK from h3:31290 -> h5:443 [len=54B]
2025-09-12 20:45:40 - [BENIGN] - DEBUG - Generated HTTPS data traffic from h3:31290 -> h5:443 [content='Encrypted Application Data'] [Session 31] [len=269B]
2025-09-12 20:45:41 - [BENIGN] - DEBUG - Generated HTTPS ACK reply from h5:443 <- h3:31290 [len=54B]
2025-09-12 20:45:41 - [BENIGN] - DEBUG - Generated DNS query from h3:9365 -> h5:53 [qname='example.com'] [Session 32] [len=71B]
2025-09-12 20:45:41 - [BENIGN] - DEBUG - Generated ICMP traffic h2↔h5 4 [len=84B]
2025-09-12 20:45:42 - [BENIGN] - DEBUG - Generated TCP SYN from h3:1185 -> h5:12345 [len=54B]
2025-09-12 20:45:43 - [BENIGN] - DEBUG - Generated TCP SYN-ACK from h5:12345 <- h3:1185 [len=54B]
2025-09-12 20:45:43 - [BENIGN] - DEBUG - Generated TCP ACK from h3:1185 -> h5:12345 [len=54B]
2025-09-12 20:45:44 - [BENIGN] - DEBUG - Generated TCP data traffic from h3:1185 -> h5:12345 [content='TCP data'] [Session 33] [len=590B]
2025-09-12 20:45:44 - [BENIGN] - DEBUG - Generated TCP ACK reply from h5:12345 <- h3:1185 [len=54B]
2025-09-12 20:45:45 - [BENIGN] - DEBUG - Generated UDP traffic from h3:27960 -> h5:12346 [content='460035cf24dc63e452fe2c44934ade52a0813abc...'] [Session 34] [len=1320B]
2025-09-12 20:45:46 - [BENIGN] - DEBUG - Generated Telnet SYN from h3:48232 -> h5:23 [len=54B]
2025-09-12 20:45:46 - [BENIGN] - DEBUG - Generated Telnet SYN-ACK from h5:23 <- h3:48232 [len=54B]
2025-09-12 20:45:47 - [BENIGN] - DEBUG - Generated Telnet ACK from h3:48232 -> h5:23 [len=54B]
2025-09-12 20:45:48 - [BENIGN] - DEBUG - Generated Telnet data traffic from h3:48232 -> h5:23 [content='Telnet command'] [Session 35] [len=1477B]
2025-09-12 20:45:48 - [BENIGN] - DEBUG - Generated Telnet ACK reply from h5:23 <- h3:48232 [len=54B]
2025-09-12 20:45:49 - [BENIGN] - DEBUG - Generated SSH SYN from h3:15065 -> h5:22 [len=54B]
2025-09-12 20:45:49 - [BENIGN] - DEBUG - Generated SSH SYN-ACK from h5:22 <- h3:15065 [len=54B]
2025-09-12 20:45:50 - [BENIGN] - DEBUG - Generated SSH ACK from h3:15065 -> h5:22 [len=54B]
2025-09-12 20:45:51 - [BENIGN] - DEBUG - Generated SSH data traffic from h3:15065 -> h5:22 [content='SSH encrypted data'] [Session 36] [len=1090B]
2025-09-12 20:45:51 - [BENIGN] - DEBUG - Generated SSH ACK reply from h5:22 <- h3:15065 [len=54B]
2025-09-12 20:45:52 - [BENIGN] - DEBUG - Generated FTP SYN from h3:18684 -> h5:21 [len=54B]
2025-09-12 20:45:53 - [BENIGN] - DEBUG - Generated FTP SYN-ACK from h5:21 <- h3:18684 [len=54B]
2025-09-12 20:45:53 - [BENIGN] - DEBUG - Generated FTP ACK from h3:18684 -> h5:21 [len=54B]
2025-09-12 20:45:54 - [BENIGN] - DEBUG - Generated FTP data traffic from h3:18684 -> h5:21 [content='FTP file transfer'] [Session 37] [len=282B]
2025-09-12 20:45:55 - [BENIGN] - DEBUG - Generated FTP ACK reply from h5:21 <- h3:18684 [len=54B]
2025-09-12 20:45:55 - [BENIGN] - DEBUG - Generated HTTP SYN from h3:2768 -> h5:80 [len=54B]
2025-09-12 20:45:56 - [BENIGN] - DEBUG - Generated HTTP SYN-ACK from h5:80 <- h3:2768 [len=54B]
2025-09-12 20:45:56 - [BENIGN] - DEBUG - Generated HTTP ACK from h3:2768 -> h5:80 [len=54B]
2025-09-12 20:45:57 - [BENIGN] - DEBUG - Generated HTTP data traffic from h3:2768 -> h5:80 [content='GET /index.html HTTP/1.1'] [Session 38] [len=655B]
2025-09-12 20:45:58 - [BENIGN] - DEBUG - Generated HTTP ACK reply from h5:80 <- h3:2768 [len=54B]
2025-09-12 20:45:58 - [BENIGN] - DEBUG - Generated HTTPS SYN from h3:30056 -> h5:443 [len=54B]
2025-09-12 20:45:59 - [BENIGN] - DEBUG - Generated HTTPS SYN-ACK from h5:443 <- h3:30056 [len=54B]
2025-09-12 20:46:00 - [BENIGN] - DEBUG - Generated HTTPS ACK from h3:30056 -> h5:443 [len=54B]
2025-09-12 20:46:00 - [BENIGN] - DEBUG - Generated HTTPS data traffic from h3:30056 -> h5:443 [content='Encrypted Application Data'] [Session 39] [len=593B]
2025-09-12 20:46:01 - [BENIGN] - DEBUG - Generated HTTPS ACK reply from h5:443 <- h3:30056 [len=54B]
2025-09-12 20:46:02 - [BENIGN] - DEBUG - Generated DNS query from h3:42799 -> h5:53 [qname='example.com'] [Session 40] [len=71B]
2025-09-12 20:46:02 - [BENIGN] - DEBUG - Generated ICMP traffic h2↔h5 5 [len=84B]
2025-09-12 20:46:02 - [BENIGN] - DEBUG - Generated TCP SYN from h3:1990 -> h5:12345 [len=54B]
2025-09-12 20:46:03 - [BENIGN] - DEBUG - Generated TCP SYN-ACK from h5:12345 <- h3:1990 [len=54B]
2025-09-12 20:46:04 - [BENIGN] - DEBUG - Generated TCP ACK from h3:1990 -> h5:12345 [len=54B]
2025-09-12 20:46:04 - [BENIGN] - DEBUG - Generated TCP data traffic from h3:1990 -> h5:12345 [content='TCP data'] [Session 41] [len=1257B]
2025-09-12 20:46:05 - [BENIGN] - DEBUG - Generated TCP ACK reply from h5:12345 <- h3:1990 [len=54B]
2025-09-12 20:46:05 - [BENIGN] - DEBUG - Generated UDP traffic from h3:19628 -> h5:12346 [content='3ed677fbb0584cb6afe14d4bac58f82aa2f839f1...'] [Session 42] [len=223B]
2025-09-12 20:46:06 - [BENIGN] - DEBUG - Generated Telnet SYN from h3:16555 -> h5:23 [len=54B]
2025-09-12 20:46:07 - [BENIGN] - DEBUG - Generated Telnet SYN-ACK from h5:23 <- h3:16555 [len=54B]
2025-09-12 20:46:07 - [BENIGN] - DEBUG - Generated Telnet ACK from h3:16555 -> h5:23 [len=54B]
2025-09-12 20:46:08 - [BENIGN] - DEBUG - Generated Telnet data traffic from h3:16555 -> h5:23 [content='Telnet command'] [Session 43] [len=1093B]
2025-09-12 20:46:09 - [BENIGN] - DEBUG - Generated Telnet ACK reply from h5:23 <- h3:16555 [len=54B]
2025-09-12 20:46:09 - [BENIGN] - DEBUG - Generated SSH SYN from h3:27616 -> h5:22 [len=54B]
2025-09-12 20:46:10 - [BENIGN] - DEBUG - Generated SSH SYN-ACK from h5:22 <- h3:27616 [len=54B]
2025-09-12 20:46:11 - [BENIGN] - DEBUG - Generated SSH ACK from h3:27616 -> h5:22 [len=54B]
2025-09-12 20:46:11 - [BENIGN] - DEBUG - Generated SSH data traffic from h3:27616 -> h5:22 [content='SSH encrypted data'] [Session 44] [len=870B]
2025-09-12 20:46:12 - [BENIGN] - DEBUG - Generated SSH ACK reply from h5:22 <- h3:27616 [len=54B]
2025-09-12 20:46:13 - [BENIGN] - DEBUG - Generated FTP SYN from h3:59060 -> h5:21 [len=54B]
2025-09-12 20:46:13 - [BENIGN] - DEBUG - Generated FTP SYN-ACK from h5:21 <- h3:59060 [len=54B]
2025-09-12 20:46:14 - [BENIGN] - DEBUG - Generated FTP ACK from h3:59060 -> h5:21 [len=54B]
2025-09-12 20:46:15 - [BENIGN] - DEBUG - Generated FTP data traffic from h3:59060 -> h5:21 [content='FTP file transfer'] [Session 45] [len=1358B]
2025-09-12 20:46:15 - [BENIGN] - DEBUG - Generated FTP ACK reply from h5:21 <- h3:59060 [len=54B]
2025-09-12 20:46:16 - [BENIGN] - DEBUG - Generated HTTP SYN from h3:8907 -> h5:80 [len=54B]
2025-09-12 20:46:17 - [BENIGN] - DEBUG - Generated HTTP SYN-ACK from h5:80 <- h3:8907 [len=54B]
2025-09-12 20:46:17 - [BENIGN] - DEBUG - Generated HTTP ACK from h3:8907 -> h5:80 [len=54B]
2025-09-12 20:46:18 - [BENIGN] - DEBUG - Generated HTTP data traffic from h3:8907 -> h5:80 [content='GET /index.html HTTP/1.1'] [Session 46] [len=636B]
2025-09-12 20:46:18 - [BENIGN] - DEBUG - Generated HTTP ACK reply from h5:80 <- h3:8907 [len=54B]
2025-09-12 20:46:19 - [BENIGN] - DEBUG - Generated HTTPS SYN from h3:52418 -> h5:443 [len=54B]
2025-09-12 20:46:20 - [BENIGN] - DEBUG - Generated HTTPS SYN-ACK from h5:443 <- h3:52418 [len=54B]
2025-09-12 20:46:20 - [BENIGN] - DEBUG - Generated HTTPS ACK from h3:52418 -> h5:443 [len=54B]
2025-09-12 20:46:21 - [BENIGN] - DEBUG - Generated HTTPS data traffic from h3:52418 -> h5:443 [content='Encrypted Application Data'] [Session 47] [len=538B]
2025-09-12 20:46:22 - [BENIGN] - DEBUG - Generated HTTPS ACK reply from h5:443 <- h3:52418 [len=54B]
2025-09-12 20:46:22 - [BENIGN] - DEBUG - Generated DNS query from h3:55507 -> h5:53 [qname='example.com'] [Session 48] [len=71B]
2025-09-12 20:46:22 - [BENIGN] - DEBUG - Generated ICMP traffic h2↔h5 6 [len=84B]
2025-09-12 20:46:23 - [BENIGN] - DEBUG - Generated TCP SYN from h3:5196 -> h5:12345 [len=54B]
2025-09-12 20:46:24 - [BENIGN] - DEBUG - Generated TCP SYN-ACK from h5:12345 <- h3:5196 [len=54B]
2025-09-12 20:46:24 - [BENIGN] - DEBUG - Generated TCP ACK from h3:5196 -> h5:12345 [len=54B]
2025-09-12 20:46:25 - [BENIGN] - DEBUG - Generated TCP data traffic from h3:5196 -> h5:12345 [content='TCP data'] [Session 49] [len=905B]
2025-09-12 20:46:26 - [BENIGN] - DEBUG - Generated TCP ACK reply from h5:12345 <- h3:5196 [len=54B]
2025-09-12 20:46:26 - [BENIGN] - DEBUG - Generated UDP traffic from h3:42490 -> h5:12346 [content='94ddc0e2445ab43e1318912f3411d187e556dc8d...'] [Session 50] [len=1477B]
2025-09-12 20:46:27 - [BENIGN] - DEBUG - Generated Telnet SYN from h3:19792 -> h5:23 [len=54B]
2025-09-12 20:46:27 - [BENIGN] - DEBUG - Generated Telnet SYN-ACK from h5:23 <- h3:19792 [len=54B]
2025-09-12 20:46:28 - [BENIGN] - DEBUG - Generated Telnet ACK from h3:19792 -> h5:23 [len=54B]
2025-09-12 20:46:29 - [BENIGN] - DEBUG - Generated Telnet data traffic from h3:19792 -> h5:23 [content='Telnet command'] [Session 51] [len=641B]
2025-09-12 20:46:29 - [BENIGN] - DEBUG - Generated Telnet ACK reply from h5:23 <- h3:19792 [len=54B]
2025-09-12 20:46:30 - [BENIGN] - DEBUG - Generated SSH SYN from h3:1180 -> h5:22 [len=54B]
2025-09-12 20:46:31 - [BENIGN] - DEBUG - Generated SSH SYN-ACK from h5:22 <- h3:1180 [len=54B]
2025-09-12 20:46:31 - [BENIGN] - DEBUG - Generated SSH ACK from h3:1180 -> h5:22 [len=54B]
2025-09-12 20:46:32 - [BENIGN] - DEBUG - Generated SSH data traffic from h3:1180 -> h5:22 [content='SSH encrypted data'] [Session 52] [len=205B]
2025-09-12 20:46:33 - [BENIGN] - DEBUG - Generated SSH ACK reply from h5:22 <- h3:1180 [len=54B]
2025-09-12 20:46:33 - [BENIGN] - DEBUG - Generated FTP SYN from h3:55469 -> h5:21 [len=54B]
2025-09-12 20:46:34 - [BENIGN] - DEBUG - Generated FTP SYN-ACK from h5:21 <- h3:55469 [len=54B]
2025-09-12 20:46:34 - [BENIGN] - DEBUG - Generated FTP ACK from h3:55469 -> h5:21 [len=54B]
2025-09-12 20:46:35 - [BENIGN] - DEBUG - Generated FTP data traffic from h3:55469 -> h5:21 [content='FTP file transfer'] [Session 53] [len=1128B]
2025-09-12 20:46:36 - [BENIGN] - DEBUG - Generated FTP ACK reply from h5:21 <- h3:55469 [len=54B]
2025-09-12 20:46:36 - [BENIGN] - DEBUG - Generated HTTP SYN from h3:58656 -> h5:80 [len=54B]
2025-09-12 20:46:37 - [BENIGN] - DEBUG - Generated HTTP SYN-ACK from h5:80 <- h3:58656 [len=54B]
2025-09-12 20:46:38 - [BENIGN] - DEBUG - Generated HTTP ACK from h3:58656 -> h5:80 [len=54B]
2025-09-12 20:46:38 - [BENIGN] - DEBUG - Generated HTTP data traffic from h3:58656 -> h5:80 [content='GET /index.html HTTP/1.1'] [Session 54] [len=473B]
2025-09-12 20:46:39 - [BENIGN] - DEBUG - Generated HTTP ACK reply from h5:80 <- h3:58656 [len=54B]
2025-09-12 20:46:39 - [BENIGN] - DEBUG - Generated HTTPS SYN from h3:62364 -> h5:443 [len=54B]
2025-09-12 20:46:40 - [BENIGN] - DEBUG - Generated HTTPS SYN-ACK from h5:443 <- h3:62364 [len=54B]
2025-09-12 20:46:41 - [BENIGN] - DEBUG - Generated HTTPS ACK from h3:62364 -> h5:443 [len=54B]
2025-09-12 20:46:41 - [BENIGN] - DEBUG - Generated HTTPS data traffic from h3:62364 -> h5:443 [content='Encrypted Application Data'] [Session 55] [len=652B]
2025-09-12 20:46:42 - [BENIGN] - DEBUG - Generated HTTPS ACK reply from h5:443 <- h3:62364 [len=54B]
2025-09-12 20:46:43 - [BENIGN] - DEBUG - Generated DNS query from h3:45465 -> h5:53 [qname='example.com'] [Session 56] [len=71B]
2025-09-12 20:46:43 - [BENIGN] - DEBUG - Generated ICMP traffic h2↔h5 7 [len=84B]
2025-09-12 20:46:43 - [BENIGN] - DEBUG - Generated TCP SYN from h3:22611 -> h5:12345 [len=54B]
2025-09-12 20:46:44 - [BENIGN] - DEBUG - Generated TCP SYN-ACK from h5:12345 <- h3:22611 [len=54B]
2025-09-12 20:46:45 - [BENIGN] - DEBUG - Generated TCP ACK from h3:22611 -> h5:12345 [len=54B]
2025-09-12 20:46:45 - [BENIGN] - DEBUG - Generated TCP data traffic from h3:22611 -> h5:12345 [content='TCP data'] [Session 57] [len=990B]
2025-09-12 20:46:46 - [BENIGN] - DEBUG - Generated TCP ACK reply from h5:12345 <- h3:22611 [len=54B]
2025-09-12 20:46:46 - [BENIGN] - DEBUG - Generated UDP traffic from h3:26397 -> h5:12346 [content='4efc62f0fca33c4939123a464aff666fbd0301c0...'] [Session 58] [len=935B]
2025-09-12 20:46:47 - [BENIGN] - DEBUG - Generated Telnet SYN from h3:32101 -> h5:23 [len=54B]
2025-09-12 20:46:48 - [BENIGN] - DEBUG - Generated Telnet SYN-ACK from h5:23 <- h3:32101 [len=54B]
2025-09-12 20:46:48 - [BENIGN] - DEBUG - Generated Telnet ACK from h3:32101 -> h5:23 [len=54B]
2025-09-12 20:46:49 - [BENIGN] - DEBUG - Generated Telnet data traffic from h3:32101 -> h5:23 [content='Telnet command'] [Session 59] [len=1351B]
2025-09-12 20:46:50 - [BENIGN] - DEBUG - Generated Telnet ACK reply from h5:23 <- h3:32101 [len=54B]
2025-09-12 20:46:50 - [BENIGN] - DEBUG - Generated SSH SYN from h3:7653 -> h5:22 [len=54B]
2025-09-12 20:46:51 - [BENIGN] - DEBUG - Generated SSH SYN-ACK from h5:22 <- h3:7653 [len=54B]
2025-09-12 20:46:51 - [BENIGN] - DEBUG - Generated SSH ACK from h3:7653 -> h5:22 [len=54B]
2025-09-12 20:46:52 - [BENIGN] - DEBUG - Generated SSH data traffic from h3:7653 -> h5:22 [content='SSH encrypted data'] [Session 60] [len=1439B]
2025-09-12 20:46:53 - [BENIGN] - DEBUG - Generated SSH ACK reply from h5:22 <- h3:7653 [len=54B]
2025-09-12 20:46:53 - [BENIGN] - DEBUG - Generated FTP SYN from h3:29186 -> h5:21 [len=54B]
2025-09-12 20:46:54 - [BENIGN] - DEBUG - Generated FTP SYN-ACK from h5:21 <- h3:29186 [len=54B]
2025-09-12 20:46:55 - [BENIGN] - DEBUG - Generated FTP ACK from h3:29186 -> h5:21 [len=54B]
2025-09-12 20:46:55 - [BENIGN] - DEBUG - Generated FTP data traffic from h3:29186 -> h5:21 [content='FTP file transfer'] [Session 61] [len=545B]
2025-09-12 20:46:56 - [BENIGN] - DEBUG - Generated FTP ACK reply from h5:21 <- h3:29186 [len=54B]
2025-09-12 20:46:57 - [BENIGN] - DEBUG - Generated HTTP SYN from h3:7704 -> h5:80 [len=54B]
2025-09-12 20:46:57 - [BENIGN] - DEBUG - Generated HTTP SYN-ACK from h5:80 <- h3:7704 [len=54B]
2025-09-12 20:46:58 - [BENIGN] - DEBUG - Generated HTTP ACK from h3:7704 -> h5:80 [len=54B]
2025-09-12 20:46:59 - [BENIGN] - DEBUG - Generated HTTP data traffic from h3:7704 -> h5:80 [content='GET /index.html HTTP/1.1'] [Session 62] [len=259B]
2025-09-12 20:46:59 - [BENIGN] - DEBUG - Generated HTTP ACK reply from h5:80 <- h3:7704 [len=54B]
2025-09-12 20:47:00 - [BENIGN] - DEBUG - Generated HTTPS SYN from h3:47070 -> h5:443 [len=54B]
2025-09-12 20:47:00 - [BENIGN] - DEBUG - Generated HTTPS SYN-ACK from h5:443 <- h3:47070 [len=54B]
2025-09-12 20:47:01 - [BENIGN] - DEBUG - Generated HTTPS ACK from h3:47070 -> h5:443 [len=54B]
2025-09-12 20:47:02 - [BENIGN] - DEBUG - Generated HTTPS data traffic from h3:47070 -> h5:443 [content='Encrypted Application Data'] [Session 63] [len=787B]
2025-09-12 20:47:02 - [BENIGN] - DEBUG - Generated HTTPS ACK reply from h5:443 <- h3:47070 [len=54B]
2025-09-12 20:47:03 - [BENIGN] - DEBUG - Generated DNS query from h3:12131 -> h5:53 [qname='example.com'] [Session 64] [len=71B]
2025-09-12 20:47:03 - [BENIGN] - DEBUG - Generated ICMP traffic h2↔h5 8 [len=84B]
2025-09-12 20:47:04 - [BENIGN] - DEBUG - Generated TCP SYN from h3:50068 -> h5:12345 [len=54B]
2025-09-12 20:47:04 - [BENIGN] - DEBUG - Generated TCP SYN-ACK from h5:12345 <- h3:50068 [len=54B]
2025-09-12 20:47:05 - [BENIGN] - DEBUG - Generated TCP ACK from h3:50068 -> h5:12345 [len=54B]
2025-09-12 20:47:06 - [BENIGN] - DEBUG - Generated TCP data traffic from h3:50068 -> h5:12345 [content='TCP data'] [Session 65] [len=229B]
2025-09-12 20:47:06 - [BENIGN] - DEBUG - Generated TCP ACK reply from h5:12345 <- h3:50068 [len=54B]
2025-09-12 20:47:07 - [BENIGN] - DEBUG - Generated UDP traffic from h3:22790 -> h5:12346 [content='3beb12759495bd287f26e78f26901426cbd51280...'] [Session 66] [len=1464B]
2025-09-12 20:47:08 - [BENIGN] - DEBUG - Generated Telnet SYN from h3:25672 -> h5:23 [len=54B]
2025-09-12 20:47:08 - [BENIGN] - DEBUG - Generated Telnet SYN-ACK from h5:23 <- h3:25672 [len=54B]
2025-09-12 20:47:09 - [BENIGN] - DEBUG - Generated Telnet ACK from h3:25672 -> h5:23 [len=54B]
2025-09-12 20:47:09 - [BENIGN] - DEBUG - Generated Telnet data traffic from h3:25672 -> h5:23 [content='Telnet command'] [Session 67] [len=402B]
2025-09-12 20:47:10 - [BENIGN] - DEBUG - Generated Telnet ACK reply from h5:23 <- h3:25672 [len=54B]
2025-09-12 20:47:11 - [BENIGN] - DEBUG - Generated SSH SYN from h3:30630 -> h5:22 [len=54B]
2025-09-12 20:47:11 - [BENIGN] - DEBUG - Generated SSH SYN-ACK from h5:22 <- h3:30630 [len=54B]
2025-09-12 20:47:12 - [BENIGN] - DEBUG - Generated SSH ACK from h3:30630 -> h5:22 [len=54B]
2025-09-12 20:47:12 - [BENIGN] - DEBUG - Generated SSH data traffic from h3:30630 -> h5:22 [content='SSH encrypted data'] [Session 68] [len=267B]
2025-09-12 20:47:13 - [BENIGN] - DEBUG - Generated SSH ACK reply from h5:22 <- h3:30630 [len=54B]
2025-09-12 20:47:14 - [BENIGN] - DEBUG - Generated FTP SYN from h3:42335 -> h5:21 [len=54B]
2025-09-12 20:47:14 - [BENIGN] - DEBUG - Generated FTP SYN-ACK from h5:21 <- h3:42335 [len=54B]
2025-09-12 20:47:15 - [BENIGN] - DEBUG - Generated FTP ACK from h3:42335 -> h5:21 [len=54B]
2025-09-12 20:47:16 - [BENIGN] - DEBUG - Generated FTP data traffic from h3:42335 -> h5:21 [content='FTP file transfer'] [Session 69] [len=828B]
2025-09-12 20:47:16 - [BENIGN] - DEBUG - Generated FTP ACK reply from h5:21 <- h3:42335 [len=54B]
2025-09-12 20:47:17 - [BENIGN] - DEBUG - Generated HTTP SYN from h3:24548 -> h5:80 [len=54B]
2025-09-12 20:47:17 - [BENIGN] - DEBUG - Generated HTTP SYN-ACK from h5:80 <- h3:24548 [len=54B]
2025-09-12 20:47:18 - [BENIGN] - DEBUG - Generated HTTP ACK from h3:24548 -> h5:80 [len=54B]
2025-09-12 20:47:19 - [BENIGN] - DEBUG - Generated HTTP data traffic from h3:24548 -> h5:80 [content='GET /index.html HTTP/1.1'] [Session 70] [len=259B]
2025-09-12 20:47:19 - [BENIGN] - DEBUG - Generated HTTP ACK reply from h5:80 <- h3:24548 [len=54B]
2025-09-12 20:47:20 - [BENIGN] - DEBUG - Generated HTTPS SYN from h3:38397 -> h5:443 [len=54B]
2025-09-12 20:47:21 - [BENIGN] - DEBUG - Generated HTTPS SYN-ACK from h5:443 <- h3:38397 [len=54B]
2025-09-12 20:47:21 - [BENIGN] - DEBUG - Generated HTTPS ACK from h3:38397 -> h5:443 [len=54B]
2025-09-12 20:47:22 - [BENIGN] - DEBUG - Generated HTTPS data traffic from h3:38397 -> h5:443 [content='Encrypted Application Data'] [Session 71] [len=526B]
2025-09-12 20:47:23 - [BENIGN] - DEBUG - Generated HTTPS ACK reply from h5:443 <- h3:38397 [len=54B]
2025-09-12 20:47:23 - [BENIGN] - DEBUG - Generated DNS query from h3:18529 -> h5:53 [qname='example.com'] [Session 72] [len=71B]
2025-09-12 20:47:23 - [BENIGN] - DEBUG - Generated ICMP traffic h2↔h5 9 [len=84B]
2025-09-12 20:47:24 - [BENIGN] - DEBUG - Generated TCP SYN from h3:5275 -> h5:12345 [len=54B]
2025-09-12 20:47:25 - [BENIGN] - DEBUG - Generated TCP SYN-ACK from h5:12345 <- h3:5275 [len=54B]
2025-09-12 20:47:25 - [BENIGN] - DEBUG - Generated TCP ACK from h3:5275 -> h5:12345 [len=54B]
2025-09-12 20:47:26 - [BENIGN] - DEBUG - Generated TCP data traffic from h3:5275 -> h5:12345 [content='TCP data'] [Session 73] [len=1421B]
2025-09-12 20:47:27 - [BENIGN] - DEBUG - Generated TCP ACK reply from h5:12345 <- h3:5275 [len=54B]
2025-09-12 20:47:27 - [BENIGN] - DEBUG - Generated UDP traffic from h3:44098 -> h5:12346 [content='4904965bda672ab89743b5e6a18c16c1dfb7de72...'] [Session 74] [len=601B]
2025-09-12 20:47:28 - [BENIGN] - DEBUG - Generated Telnet SYN from h3:10301 -> h5:23 [len=54B]
2025-09-12 20:47:28 - [BENIGN] - DEBUG - Generated Telnet SYN-ACK from h5:23 <- h3:10301 [len=54B]
2025-09-12 20:47:29 - [BENIGN] - DEBUG - Generated Telnet ACK from h3:10301 -> h5:23 [len=54B]
2025-09-12 20:47:30 - [BENIGN] - DEBUG - Generated Telnet data traffic from h3:10301 -> h5:23 [content='Telnet command'] [Session 75] [len=469B]
2025-09-12 20:47:30 - [BENIGN] - DEBUG - Generated Telnet ACK reply from h5:23 <- h3:10301 [len=54B]
2025-09-12 20:47:31 - [BENIGN] - DEBUG - Generated SSH SYN from h3:20542 -> h5:22 [len=54B]
2025-09-12 20:47:32 - [BENIGN] - DEBUG - Generated SSH SYN-ACK from h5:22 <- h3:20542 [len=54B]
2025-09-12 20:47:32 - [BENIGN] - DEBUG - Generated SSH ACK from h3:20542 -> h5:22 [len=54B]
2025-09-12 20:47:33 - [BENIGN] - DEBUG - Generated SSH data traffic from h3:20542 -> h5:22 [content='SSH encrypted data'] [Session 76] [len=508B]
2025-09-12 20:47:33 - [BENIGN] - DEBUG - Generated SSH ACK reply from h5:22 <- h3:20542 [len=54B]
2025-09-12 20:47:34 - [BENIGN] - DEBUG - Generated FTP SYN from h3:32620 -> h5:21 [len=54B]
2025-09-12 20:47:35 - [BENIGN] - DEBUG - Generated FTP SYN-ACK from h5:21 <- h3:32620 [len=54B]
2025-09-12 20:47:35 - [BENIGN] - DEBUG - Generated FTP ACK from h3:32620 -> h5:21 [len=54B]
2025-09-12 20:47:36 - [BENIGN] - DEBUG - Generated FTP data traffic from h3:32620 -> h5:21 [content='FTP file transfer'] [Session 77] [len=651B]
2025-09-12 20:47:37 - [BENIGN] - DEBUG - Generated FTP ACK reply from h5:21 <- h3:32620 [len=54B]
2025-09-12 20:47:37 - [BENIGN] - DEBUG - Generated HTTP SYN from h3:13006 -> h5:80 [len=54B]
2025-09-12 20:47:38 - [BENIGN] - DEBUG - Generated HTTP SYN-ACK from h5:80 <- h3:13006 [len=54B]
2025-09-12 20:47:38 - [BENIGN] - DEBUG - Generated HTTP ACK from h3:13006 -> h5:80 [len=54B]
2025-09-12 20:47:39 - [BENIGN] - DEBUG - Generated HTTP data traffic from h3:13006 -> h5:80 [content='GET /index.html HTTP/1.1'] [Session 78] [len=589B]
2025-09-12 20:47:40 - [BENIGN] - DEBUG - Generated HTTP ACK reply from h5:80 <- h3:13006 [len=54B]
2025-09-12 20:47:40 - [BENIGN] - DEBUG - Generated HTTPS SYN from h3:15817 -> h5:443 [len=54B]
2025-09-12 20:47:41 - [BENIGN] - DEBUG - Generated HTTPS SYN-ACK from h5:443 <- h3:15817 [len=54B]
2025-09-12 20:47:42 - [BENIGN] - DEBUG - Generated HTTPS ACK from h3:15817 -> h5:443 [len=54B]
2025-09-12 20:47:42 - [BENIGN] - DEBUG - Generated HTTPS data traffic from h3:15817 -> h5:443 [content='Encrypted Application Data'] [Session 79] [len=271B]
2025-09-12 20:47:43 - [BENIGN] - DEBUG - Generated HTTPS ACK reply from h5:443 <- h3:15817 [len=54B]
2025-09-12 20:47:44 - [BENIGN] - DEBUG - Generated DNS query from h3:59912 -> h5:53 [qname='example.com'] [Session 80] [len=71B]
2025-09-12 20:47:44 - [BENIGN] - INFO - Benign traffic finished.
2025-09-12 20:47:44 - [BENIGN] - INFO - Summary: 80 protocol sessions with protocol separation:
2025-09-12 20:47:44 - [BENIGN] - INFO -   - h2↔h5: ICMP ping traffic
2025-09-12 20:47:44 - [BENIGN] - INFO -   - h3↔h5: TCP/UDP traffic [TCP, UDP, Telnet, SSH, FTP, HTTP, HTTPS, DNS]
2025-09-12 20:47:44 - [BENIGN] - INFO - Total packets sent: 340
