2025-09-12 18:27:22 - [BENIGN] - INFO - Starting benign traffic for 200 seconds...
2025-09-12 18:27:22 - [BENIGN] - INFO - Protocol separation: h2↔h5 (ICMP), h3↔h5 (TCP/UDP)
2025-09-12 18:27:22 - [BENIGN] - DEBUG - Generated ICMP traffic h2↔h5 0 [len=84B]
2025-09-12 18:27:23 - [BENIGN] - DEBUG - Generated TCP SYN from h3:18765 -> h5:12345 [len=54B]
2025-09-12 18:27:23 - [BENIGN] - DEBUG - Generated TCP SYN-ACK from h5:12345 <- h3:18765 [len=54B]
2025-09-12 18:27:24 - [BENIGN] - DEBUG - Generated TCP ACK from h3:18765 -> h5:12345 [len=54B]
2025-09-12 18:27:25 - [BENIGN] - DEBUG - Generated TCP data traffic from h3:18765 -> h5:12345 [content='TCP data'] [Session 1] [len=643B]
2025-09-12 18:27:25 - [BENIGN] - DEBUG - Generated TCP ACK reply from h5:12345 <- h3:18765 [len=54B]
2025-09-12 18:27:26 - [BENIGN] - DEBUG - Generated UDP traffic from h3:59133 -> h5:12346 [content='c297f7c0ec0b85747c553155bd3426841043a4e5...'] [Session 2] [len=1020B]
2025-09-12 18:27:26 - [BENIGN] - DEBUG - Generated Telnet SYN from h3:54998 -> h5:23 [len=54B]
2025-09-12 18:27:27 - [BENIGN] - DEBUG - Generated Telnet SYN-ACK from h5:23 <- h3:54998 [len=54B]
2025-09-12 18:27:28 - [BENIGN] - DEBUG - Generated Telnet ACK from h3:54998 -> h5:23 [len=54B]
2025-09-12 18:27:28 - [BENIGN] - DEBUG - Generated Telnet data traffic from h3:54998 -> h5:23 [content='Telnet command'] [Session 3] [len=632B]
2025-09-12 18:27:29 - [BENIGN] - DEBUG - Generated Telnet ACK reply from h5:23 <- h3:54998 [len=54B]
2025-09-12 18:27:30 - [BENIGN] - DEBUG - Generated SSH SYN from h3:57871 -> h5:22 [len=54B]
2025-09-12 18:27:30 - [BENIGN] - DEBUG - Generated SSH SYN-ACK from h5:22 <- h3:57871 [len=54B]
2025-09-12 18:27:31 - [BENIGN] - DEBUG - Generated SSH ACK from h3:57871 -> h5:22 [len=54B]
2025-09-12 18:27:32 - [BENIGN] - DEBUG - Generated SSH data traffic from h3:57871 -> h5:22 [content='SSH encrypted data'] [Session 4] [len=893B]
2025-09-12 18:27:32 - [BENIGN] - DEBUG - Generated SSH ACK reply from h5:22 <- h3:57871 [len=54B]
2025-09-12 18:27:33 - [BENIGN] - DEBUG - Generated FTP SYN from h3:60410 -> h5:21 [len=54B]
2025-09-12 18:27:34 - [BENIGN] - DEBUG - Generated FTP SYN-ACK from h5:21 <- h3:60410 [len=54B]
2025-09-12 18:27:34 - [BENIGN] - DEBUG - Generated FTP ACK from h3:60410 -> h5:21 [len=54B]
2025-09-12 18:27:35 - [BENIGN] - DEBUG - Generated FTP data traffic from h3:60410 -> h5:21 [content='FTP file transfer'] [Session 5] [len=104B]
2025-09-12 18:27:35 - [BENIGN] - DEBUG - Generated FTP ACK reply from h5:21 <- h3:60410 [len=54B]
2025-09-12 18:27:36 - [BENIGN] - DEBUG - Generated HTTP SYN from h3:28533 -> h5:80 [len=54B]
2025-09-12 18:27:37 - [BENIGN] - DEBUG - Generated HTTP SYN-ACK from h5:80 <- h3:28533 [len=54B]
2025-09-12 18:27:37 - [BENIGN] - DEBUG - Generated HTTP ACK from h3:28533 -> h5:80 [len=54B]
2025-09-12 18:27:38 - [BENIGN] - DEBUG - Generated HTTP data traffic from h3:28533 -> h5:80 [content='GET /index.html HTTP/1.1'] [Session 6] [len=262B]
2025-09-12 18:27:39 - [BENIGN] - DEBUG - Generated HTTP ACK reply from h5:80 <- h3:28533 [len=54B]
2025-09-12 18:27:39 - [BENIGN] - DEBUG - Generated HTTPS SYN from h3:39337 -> h5:443 [len=54B]
2025-09-12 18:27:40 - [BENIGN] - DEBUG - Generated HTTPS SYN-ACK from h5:443 <- h3:39337 [len=54B]
2025-09-12 18:27:40 - [BENIGN] - DEBUG - Generated HTTPS ACK from h3:39337 -> h5:443 [len=54B]
2025-09-12 18:27:41 - [BENIGN] - DEBUG - Generated HTTPS data traffic from h3:39337 -> h5:443 [content='Encrypted Application Data'] [Session 7] [len=771B]
2025-09-12 18:27:42 - [BENIGN] - DEBUG - Generated HTTPS ACK reply from h5:443 <- h3:39337 [len=54B]
2025-09-12 18:27:42 - [BENIGN] - DEBUG - Generated DNS query from h3:58654 -> h5:53 [qname='example.com'] [Session 8] [len=71B]
2025-09-12 18:27:42 - [BENIGN] - DEBUG - Generated ICMP traffic h2↔h5 1 [len=84B]
2025-09-12 18:27:43 - [BENIGN] - DEBUG - Generated TCP SYN from h3:31148 -> h5:12345 [len=54B]
2025-09-12 18:27:44 - [BENIGN] - DEBUG - Generated TCP SYN-ACK from h5:12345 <- h3:31148 [len=54B]
2025-09-12 18:27:44 - [BENIGN] - DEBUG - Generated TCP ACK from h3:31148 -> h5:12345 [len=54B]
2025-09-12 18:27:45 - [BENIGN] - DEBUG - Generated TCP data traffic from h3:31148 -> h5:12345 [content='TCP data'] [Session 9] [len=499B]
2025-09-12 18:27:46 - [BENIGN] - DEBUG - Generated TCP ACK reply from h5:12345 <- h3:31148 [len=54B]
2025-09-12 18:27:46 - [BENIGN] - DEBUG - Generated UDP traffic from h3:35571 -> h5:12346 [content='3000ec8de9922a9d28a4b272abd8135767b8a055...'] [Session 10] [len=1451B]
2025-09-12 18:27:47 - [BENIGN] - DEBUG - Generated Telnet SYN from h3:3900 -> h5:23 [len=54B]
2025-09-12 18:27:47 - [BENIGN] - DEBUG - Generated Telnet SYN-ACK from h5:23 <- h3:3900 [len=54B]
2025-09-12 18:27:48 - [BENIGN] - DEBUG - Generated Telnet ACK from h3:3900 -> h5:23 [len=54B]
2025-09-12 18:27:49 - [BENIGN] - DEBUG - Generated Telnet data traffic from h3:3900 -> h5:23 [content='Telnet command'] [Session 11] [len=1271B]
2025-09-12 18:27:49 - [BENIGN] - DEBUG - Generated Telnet ACK reply from h5:23 <- h3:3900 [len=54B]
2025-09-12 18:27:50 - [BENIGN] - DEBUG - Generated SSH SYN from h3:53000 -> h5:22 [len=54B]
2025-09-12 18:27:51 - [BENIGN] - DEBUG - Generated SSH SYN-ACK from h5:22 <- h3:53000 [len=54B]
2025-09-12 18:27:51 - [BENIGN] - DEBUG - Generated SSH ACK from h3:53000 -> h5:22 [len=54B]
2025-09-12 18:27:52 - [BENIGN] - DEBUG - Generated SSH data traffic from h3:53000 -> h5:22 [content='SSH encrypted data'] [Session 12] [len=362B]
2025-09-12 18:27:52 - [BENIGN] - DEBUG - Generated SSH ACK reply from h5:22 <- h3:53000 [len=54B]
2025-09-12 18:27:53 - [BENIGN] - DEBUG - Generated FTP SYN from h3:35672 -> h5:21 [len=54B]
2025-09-12 18:27:54 - [BENIGN] - DEBUG - Generated FTP SYN-ACK from h5:21 <- h3:35672 [len=54B]
2025-09-12 18:27:54 - [BENIGN] - DEBUG - Generated FTP ACK from h3:35672 -> h5:21 [len=54B]
2025-09-12 18:27:55 - [BENIGN] - DEBUG - Generated FTP data traffic from h3:35672 -> h5:21 [content='FTP file transfer'] [Session 13] [len=523B]
2025-09-12 18:27:56 - [BENIGN] - DEBUG - Generated FTP ACK reply from h5:21 <- h3:35672 [len=54B]
2025-09-12 18:27:56 - [BENIGN] - DEBUG - Generated HTTP SYN from h3:49543 -> h5:80 [len=54B]
2025-09-12 18:27:57 - [BENIGN] - DEBUG - Generated HTTP SYN-ACK from h5:80 <- h3:49543 [len=54B]
2025-09-12 18:27:57 - [BENIGN] - DEBUG - Generated HTTP ACK from h3:49543 -> h5:80 [len=54B]
2025-09-12 18:27:58 - [BENIGN] - DEBUG - Generated HTTP data traffic from h3:49543 -> h5:80 [content='GET /index.html HTTP/1.1'] [Session 14] [len=372B]
2025-09-12 18:27:59 - [BENIGN] - DEBUG - Generated HTTP ACK reply from h5:80 <- h3:49543 [len=54B]
2025-09-12 18:27:59 - [BENIGN] - DEBUG - Generated HTTPS SYN from h3:17333 -> h5:443 [len=54B]
2025-09-12 18:28:00 - [BENIGN] - DEBUG - Generated HTTPS SYN-ACK from h5:443 <- h3:17333 [len=54B]
2025-09-12 18:28:01 - [BENIGN] - DEBUG - Generated HTTPS ACK from h3:17333 -> h5:443 [len=54B]
2025-09-12 18:28:01 - [BENIGN] - DEBUG - Generated HTTPS data traffic from h3:17333 -> h5:443 [content='Encrypted Application Data'] [Session 15] [len=554B]
2025-09-12 18:28:02 - [BENIGN] - DEBUG - Generated HTTPS ACK reply from h5:443 <- h3:17333 [len=54B]
2025-09-12 18:28:02 - [BENIGN] - DEBUG - Generated DNS query from h3:20061 -> h5:53 [qname='example.com'] [Session 16] [len=71B]
2025-09-12 18:28:03 - [BENIGN] - DEBUG - Generated ICMP traffic h2↔h5 2 [len=84B]
2025-09-12 18:28:03 - [BENIGN] - DEBUG - Generated TCP SYN from h3:15327 -> h5:12345 [len=54B]
2025-09-12 18:28:04 - [BENIGN] - DEBUG - Generated TCP SYN-ACK from h5:12345 <- h3:15327 [len=54B]
2025-09-12 18:28:04 - [BENIGN] - DEBUG - Generated TCP ACK from h3:15327 -> h5:12345 [len=54B]
2025-09-12 18:28:05 - [BENIGN] - DEBUG - Generated TCP data traffic from h3:15327 -> h5:12345 [content='TCP data'] [Session 17] [len=628B]
2025-09-12 18:28:06 - [BENIGN] - DEBUG - Generated TCP ACK reply from h5:12345 <- h3:15327 [len=54B]
2025-09-12 18:28:06 - [BENIGN] - DEBUG - Generated UDP traffic from h3:37177 -> h5:12346 [content='73b31d6eca9d9db3dd523790a2651c5d99c35096...'] [Session 18] [len=1044B]
2025-09-12 18:28:07 - [BENIGN] - DEBUG - Generated Telnet SYN from h3:46804 -> h5:23 [len=54B]
2025-09-12 18:28:08 - [BENIGN] - DEBUG - Generated Telnet SYN-ACK from h5:23 <- h3:46804 [len=54B]
2025-09-12 18:28:08 - [BENIGN] - DEBUG - Generated Telnet ACK from h3:46804 -> h5:23 [len=54B]
2025-09-12 18:28:09 - [BENIGN] - DEBUG - Generated Telnet data traffic from h3:46804 -> h5:23 [content='Telnet command'] [Session 19] [len=1151B]
2025-09-12 18:28:09 - [BENIGN] - DEBUG - Generated Telnet ACK reply from h5:23 <- h3:46804 [len=54B]
2025-09-12 18:28:10 - [BENIGN] - DEBUG - Generated SSH SYN from h3:63122 -> h5:22 [len=54B]
2025-09-12 18:28:11 - [BENIGN] - DEBUG - Generated SSH SYN-ACK from h5:22 <- h3:63122 [len=54B]
2025-09-12 18:28:11 - [BENIGN] - DEBUG - Generated SSH ACK from h3:63122 -> h5:22 [len=54B]
2025-09-12 18:28:12 - [BENIGN] - DEBUG - Generated SSH data traffic from h3:63122 -> h5:22 [content='SSH encrypted data'] [Session 20] [len=998B]
2025-09-12 18:28:13 - [BENIGN] - DEBUG - Generated SSH ACK reply from h5:22 <- h3:63122 [len=54B]
2025-09-12 18:28:13 - [BENIGN] - DEBUG - Generated FTP SYN from h3:30653 -> h5:21 [len=54B]
2025-09-12 18:28:14 - [BENIGN] - DEBUG - Generated FTP SYN-ACK from h5:21 <- h3:30653 [len=54B]
2025-09-12 18:28:14 - [BENIGN] - DEBUG - Generated FTP ACK from h3:30653 -> h5:21 [len=54B]
2025-09-12 18:28:15 - [BENIGN] - DEBUG - Generated FTP data traffic from h3:30653 -> h5:21 [content='FTP file transfer'] [Session 21] [len=1184B]
2025-09-12 18:28:16 - [BENIGN] - DEBUG - Generated FTP ACK reply from h5:21 <- h3:30653 [len=54B]
2025-09-12 18:28:16 - [BENIGN] - DEBUG - Generated HTTP SYN from h3:3042 -> h5:80 [len=54B]
2025-09-12 18:28:17 - [BENIGN] - DEBUG - Generated HTTP SYN-ACK from h5:80 <- h3:3042 [len=54B]
2025-09-12 18:28:18 - [BENIGN] - DEBUG - Generated HTTP ACK from h3:3042 -> h5:80 [len=54B]
2025-09-12 18:28:18 - [BENIGN] - DEBUG - Generated HTTP data traffic from h3:3042 -> h5:80 [content='GET /index.html HTTP/1.1'] [Session 22] [len=353B]
2025-09-12 18:28:19 - [BENIGN] - DEBUG - Generated HTTP ACK reply from h5:80 <- h3:3042 [len=54B]
2025-09-12 18:28:19 - [BENIGN] - DEBUG - Generated HTTPS SYN from h3:29799 -> h5:443 [len=54B]
2025-09-12 18:28:20 - [BENIGN] - DEBUG - Generated HTTPS SYN-ACK from h5:443 <- h3:29799 [len=54B]
2025-09-12 18:28:21 - [BENIGN] - DEBUG - Generated HTTPS ACK from h3:29799 -> h5:443 [len=54B]
2025-09-12 18:28:21 - [BENIGN] - DEBUG - Generated HTTPS data traffic from h3:29799 -> h5:443 [content='Encrypted Application Data'] [Session 23] [len=571B]
2025-09-12 18:28:22 - [BENIGN] - DEBUG - Generated HTTPS ACK reply from h5:443 <- h3:29799 [len=54B]
2025-09-12 18:28:22 - [BENIGN] - DEBUG - Generated DNS query from h3:51696 -> h5:53 [qname='example.com'] [Session 24] [len=71B]
2025-09-12 18:28:23 - [BENIGN] - DEBUG - Generated ICMP traffic h2↔h5 3 [len=84B]
2025-09-12 18:28:23 - [BENIGN] - DEBUG - Generated TCP SYN from h3:17689 -> h5:12345 [len=54B]
2025-09-12 18:28:24 - [BENIGN] - DEBUG - Generated TCP SYN-ACK from h5:12345 <- h3:17689 [len=54B]
2025-09-12 18:28:24 - [BENIGN] - DEBUG - Generated TCP ACK from h3:17689 -> h5:12345 [len=54B]
2025-09-12 18:28:25 - [BENIGN] - DEBUG - Generated TCP data traffic from h3:17689 -> h5:12345 [content='TCP data'] [Session 25] [len=555B]
2025-09-12 18:28:26 - [BENIGN] - DEBUG - Generated TCP ACK reply from h5:12345 <- h3:17689 [len=54B]
2025-09-12 18:28:26 - [BENIGN] - DEBUG - Generated UDP traffic from h3:18129 -> h5:12346 [content='0e0bb026d7510690c1c7cd2e8155b5eefc724e5f...'] [Session 26] [len=1216B]
2025-09-12 18:28:27 - [BENIGN] - DEBUG - Generated Telnet SYN from h3:19624 -> h5:23 [len=54B]
2025-09-12 18:28:28 - [BENIGN] - DEBUG - Generated Telnet SYN-ACK from h5:23 <- h3:19624 [len=54B]
2025-09-12 18:28:28 - [BENIGN] - DEBUG - Generated Telnet ACK from h3:19624 -> h5:23 [len=54B]
2025-09-12 18:28:29 - [BENIGN] - DEBUG - Generated Telnet data traffic from h3:19624 -> h5:23 [content='Telnet command'] [Session 27] [len=1299B]
2025-09-12 18:28:29 - [BENIGN] - DEBUG - Generated Telnet ACK reply from h5:23 <- h3:19624 [len=54B]
2025-09-12 18:28:30 - [BENIGN] - DEBUG - Generated SSH SYN from h3:51478 -> h5:22 [len=54B]
2025-09-12 18:28:31 - [BENIGN] - DEBUG - Generated SSH SYN-ACK from h5:22 <- h3:51478 [len=54B]
2025-09-12 18:28:31 - [BENIGN] - DEBUG - Generated SSH ACK from h3:51478 -> h5:22 [len=54B]
2025-09-12 18:28:32 - [BENIGN] - DEBUG - Generated SSH data traffic from h3:51478 -> h5:22 [content='SSH encrypted data'] [Session 28] [len=199B]
2025-09-12 18:28:33 - [BENIGN] - DEBUG - Generated SSH ACK reply from h5:22 <- h3:51478 [len=54B]
2025-09-12 18:28:33 - [BENIGN] - DEBUG - Generated FTP SYN from h3:38883 -> h5:21 [len=54B]
2025-09-12 18:28:34 - [BENIGN] - DEBUG - Generated FTP SYN-ACK from h5:21 <- h3:38883 [len=54B]
2025-09-12 18:28:34 - [BENIGN] - DEBUG - Generated FTP ACK from h3:38883 -> h5:21 [len=54B]
2025-09-12 18:28:35 - [BENIGN] - DEBUG - Generated FTP data traffic from h3:38883 -> h5:21 [content='FTP file transfer'] [Session 29] [len=943B]
2025-09-12 18:28:36 - [BENIGN] - DEBUG - Generated FTP ACK reply from h5:21 <- h3:38883 [len=54B]
2025-09-12 18:28:36 - [BENIGN] - DEBUG - Generated HTTP SYN from h3:14825 -> h5:80 [len=54B]
2025-09-12 18:28:37 - [BENIGN] - DEBUG - Generated HTTP SYN-ACK from h5:80 <- h3:14825 [len=54B]
2025-09-12 18:28:38 - [BENIGN] - DEBUG - Generated HTTP ACK from h3:14825 -> h5:80 [len=54B]
2025-09-12 18:28:38 - [BENIGN] - DEBUG - Generated HTTP data traffic from h3:14825 -> h5:80 [content='GET /index.html HTTP/1.1'] [Session 30] [len=428B]
2025-09-12 18:28:39 - [BENIGN] - DEBUG - Generated HTTP ACK reply from h5:80 <- h3:14825 [len=54B]
2025-09-12 18:28:39 - [BENIGN] - DEBUG - Generated HTTPS SYN from h3:49695 -> h5:443 [len=54B]
2025-09-12 18:28:40 - [BENIGN] - DEBUG - Generated HTTPS SYN-ACK from h5:443 <- h3:49695 [len=54B]
2025-09-12 18:28:41 - [BENIGN] - DEBUG - Generated HTTPS ACK from h3:49695 -> h5:443 [len=54B]
2025-09-12 18:28:41 - [BENIGN] - DEBUG - Generated HTTPS data traffic from h3:49695 -> h5:443 [content='Encrypted Application Data'] [Session 31] [len=269B]
2025-09-12 18:28:42 - [BENIGN] - DEBUG - Generated HTTPS ACK reply from h5:443 <- h3:49695 [len=54B]
2025-09-12 18:28:43 - [BENIGN] - DEBUG - Generated DNS query from h3:25289 -> h5:53 [qname='example.com'] [Session 32] [len=71B]
2025-09-12 18:28:43 - [BENIGN] - DEBUG - Generated ICMP traffic h2↔h5 4 [len=84B]
2025-09-12 18:28:43 - [BENIGN] - DEBUG - Generated TCP SYN from h3:61310 -> h5:12345 [len=54B]
2025-09-12 18:28:44 - [BENIGN] - DEBUG - Generated TCP SYN-ACK from h5:12345 <- h3:61310 [len=54B]
2025-09-12 18:28:44 - [BENIGN] - DEBUG - Generated TCP ACK from h3:61310 -> h5:12345 [len=54B]
2025-09-12 18:28:45 - [BENIGN] - DEBUG - Generated TCP data traffic from h3:61310 -> h5:12345 [content='TCP data'] [Session 33] [len=343B]
2025-09-12 18:28:46 - [BENIGN] - DEBUG - Generated TCP ACK reply from h5:12345 <- h3:61310 [len=54B]
2025-09-12 18:28:46 - [BENIGN] - DEBUG - Generated UDP traffic from h3:43385 -> h5:12346 [content='95797b1b5a24c43bafb880e57f88b6336133ce4f...'] [Session 34] [len=1231B]
2025-09-12 18:28:47 - [BENIGN] - DEBUG - Generated Telnet SYN from h3:9095 -> h5:23 [len=54B]
2025-09-12 18:28:48 - [BENIGN] - DEBUG - Generated Telnet SYN-ACK from h5:23 <- h3:9095 [len=54B]
2025-09-12 18:28:48 - [BENIGN] - DEBUG - Generated Telnet ACK from h3:9095 -> h5:23 [len=54B]
2025-09-12 18:28:49 - [BENIGN] - DEBUG - Generated Telnet data traffic from h3:9095 -> h5:23 [content='Telnet command'] [Session 35] [len=825B]
2025-09-12 18:28:49 - [BENIGN] - DEBUG - Generated Telnet ACK reply from h5:23 <- h3:9095 [len=54B]
2025-09-12 18:28:50 - [BENIGN] - DEBUG - Generated SSH SYN from h3:23475 -> h5:22 [len=54B]
2025-09-12 18:28:51 - [BENIGN] - DEBUG - Generated SSH SYN-ACK from h5:22 <- h3:23475 [len=54B]
2025-09-12 18:28:51 - [BENIGN] - DEBUG - Generated SSH ACK from h3:23475 -> h5:22 [len=54B]
2025-09-12 18:28:52 - [BENIGN] - DEBUG - Generated SSH data traffic from h3:23475 -> h5:22 [content='SSH encrypted data'] [Session 36] [len=394B]
2025-09-12 18:28:53 - [BENIGN] - DEBUG - Generated SSH ACK reply from h5:22 <- h3:23475 [len=54B]
2025-09-12 18:28:53 - [BENIGN] - DEBUG - Generated FTP SYN from h3:26284 -> h5:21 [len=54B]
2025-09-12 18:28:54 - [BENIGN] - DEBUG - Generated FTP SYN-ACK from h5:21 <- h3:26284 [len=54B]
2025-09-12 18:28:54 - [BENIGN] - DEBUG - Generated FTP ACK from h3:26284 -> h5:21 [len=54B]
2025-09-12 18:28:55 - [BENIGN] - DEBUG - Generated FTP data traffic from h3:26284 -> h5:21 [content='FTP file transfer'] [Session 37] [len=292B]
2025-09-12 18:28:56 - [BENIGN] - DEBUG - Generated FTP ACK reply from h5:21 <- h3:26284 [len=54B]
2025-09-12 18:28:56 - [BENIGN] - DEBUG - Generated HTTP SYN from h3:38190 -> h5:80 [len=54B]
2025-09-12 18:28:57 - [BENIGN] - DEBUG - Generated HTTP SYN-ACK from h5:80 <- h3:38190 [len=54B]
2025-09-12 18:28:58 - [BENIGN] - DEBUG - Generated HTTP ACK from h3:38190 -> h5:80 [len=54B]
2025-09-12 18:28:58 - [BENIGN] - DEBUG - Generated HTTP data traffic from h3:38190 -> h5:80 [content='GET /index.html HTTP/1.1'] [Session 38] [len=479B]
2025-09-12 18:28:59 - [BENIGN] - DEBUG - Generated HTTP ACK reply from h5:80 <- h3:38190 [len=54B]
2025-09-12 18:28:59 - [BENIGN] - DEBUG - Generated HTTPS SYN from h3:60593 -> h5:443 [len=54B]
2025-09-12 18:29:00 - [BENIGN] - DEBUG - Generated HTTPS SYN-ACK from h5:443 <- h3:60593 [len=54B]
2025-09-12 18:29:01 - [BENIGN] - DEBUG - Generated HTTPS ACK from h3:60593 -> h5:443 [len=54B]
2025-09-12 18:29:01 - [BENIGN] - DEBUG - Generated HTTPS data traffic from h3:60593 -> h5:443 [content='Encrypted Application Data'] [Session 39] [len=204B]
2025-09-12 18:29:02 - [BENIGN] - DEBUG - Generated HTTPS ACK reply from h5:443 <- h3:60593 [len=54B]
2025-09-12 18:29:03 - [BENIGN] - DEBUG - Generated DNS query from h3:31260 -> h5:53 [qname='example.com'] [Session 40] [len=71B]
2025-09-12 18:29:03 - [BENIGN] - DEBUG - Generated ICMP traffic h2↔h5 5 [len=84B]
2025-09-12 18:29:03 - [BENIGN] - DEBUG - Generated TCP SYN from h3:19404 -> h5:12345 [len=54B]
2025-09-12 18:29:04 - [BENIGN] - DEBUG - Generated TCP SYN-ACK from h5:12345 <- h3:19404 [len=54B]
2025-09-12 18:29:04 - [BENIGN] - DEBUG - Generated TCP ACK from h3:19404 -> h5:12345 [len=54B]
2025-09-12 18:29:05 - [BENIGN] - DEBUG - Generated TCP data traffic from h3:19404 -> h5:12345 [content='TCP data'] [Session 41] [len=1442B]
2025-09-12 18:29:06 - [BENIGN] - DEBUG - Generated TCP ACK reply from h5:12345 <- h3:19404 [len=54B]
2025-09-12 18:29:06 - [BENIGN] - DEBUG - Generated UDP traffic from h3:53550 -> h5:12346 [content='55d0fc7220e66f490dddf50db0eab16d6e4b1f9d...'] [Session 42] [len=391B]
2025-09-12 18:29:07 - [BENIGN] - DEBUG - Generated Telnet SYN from h3:5490 -> h5:23 [len=54B]
2025-09-12 18:29:08 - [BENIGN] - DEBUG - Generated Telnet SYN-ACK from h5:23 <- h3:5490 [len=54B]
2025-09-12 18:29:08 - [BENIGN] - DEBUG - Generated Telnet ACK from h3:5490 -> h5:23 [len=54B]
2025-09-12 18:29:09 - [BENIGN] - DEBUG - Generated Telnet data traffic from h3:5490 -> h5:23 [content='Telnet command'] [Session 43] [len=1198B]
2025-09-12 18:29:09 - [BENIGN] - DEBUG - Generated Telnet ACK reply from h5:23 <- h3:5490 [len=54B]
2025-09-12 18:29:10 - [BENIGN] - DEBUG - Generated SSH SYN from h3:44973 -> h5:22 [len=54B]
2025-09-12 18:29:11 - [BENIGN] - DEBUG - Generated SSH SYN-ACK from h5:22 <- h3:44973 [len=54B]
2025-09-12 18:29:11 - [BENIGN] - DEBUG - Generated SSH ACK from h3:44973 -> h5:22 [len=54B]
2025-09-12 18:29:12 - [BENIGN] - DEBUG - Generated SSH data traffic from h3:44973 -> h5:22 [content='SSH encrypted data'] [Session 44] [len=222B]
2025-09-12 18:29:13 - [BENIGN] - DEBUG - Generated SSH ACK reply from h5:22 <- h3:44973 [len=54B]
2025-09-12 18:29:13 - [BENIGN] - DEBUG - Generated FTP SYN from h3:22097 -> h5:21 [len=54B]
2025-09-12 18:29:14 - [BENIGN] - DEBUG - Generated FTP SYN-ACK from h5:21 <- h3:22097 [len=54B]
2025-09-12 18:29:14 - [BENIGN] - DEBUG - Generated FTP ACK from h3:22097 -> h5:21 [len=54B]
2025-09-12 18:29:15 - [BENIGN] - DEBUG - Generated FTP data traffic from h3:22097 -> h5:21 [content='FTP file transfer'] [Session 45] [len=1092B]
2025-09-12 18:29:16 - [BENIGN] - DEBUG - Generated FTP ACK reply from h5:21 <- h3:22097 [len=54B]
2025-09-12 18:29:16 - [BENIGN] - DEBUG - Generated HTTP SYN from h3:29774 -> h5:80 [len=54B]
2025-09-12 18:29:17 - [BENIGN] - DEBUG - Generated HTTP SYN-ACK from h5:80 <- h3:29774 [len=54B]
2025-09-12 18:29:18 - [BENIGN] - DEBUG - Generated HTTP ACK from h3:29774 -> h5:80 [len=54B]
2025-09-12 18:29:18 - [BENIGN] - DEBUG - Generated HTTP data traffic from h3:29774 -> h5:80 [content='GET /index.html HTTP/1.1'] [Session 46] [len=624B]
2025-09-12 18:29:19 - [BENIGN] - DEBUG - Generated HTTP ACK reply from h5:80 <- h3:29774 [len=54B]
2025-09-12 18:29:19 - [BENIGN] - DEBUG - Generated HTTPS SYN from h3:35402 -> h5:443 [len=54B]
2025-09-12 18:29:20 - [BENIGN] - DEBUG - Generated HTTPS SYN-ACK from h5:443 <- h3:35402 [len=54B]
2025-09-12 18:29:21 - [BENIGN] - DEBUG - Generated HTTPS ACK from h3:35402 -> h5:443 [len=54B]
2025-09-12 18:29:21 - [BENIGN] - DEBUG - Generated HTTPS data traffic from h3:35402 -> h5:443 [content='Encrypted Application Data'] [Session 47] [len=251B]
2025-09-12 18:29:22 - [BENIGN] - DEBUG - Generated HTTPS ACK reply from h5:443 <- h3:35402 [len=54B]
2025-09-12 18:29:23 - [BENIGN] - DEBUG - Generated DNS query from h3:32625 -> h5:53 [qname='example.com'] [Session 48] [len=71B]
2025-09-12 18:29:23 - [BENIGN] - DEBUG - Generated ICMP traffic h2↔h5 6 [len=84B]
2025-09-12 18:29:24 - [BENIGN] - DEBUG - Generated TCP SYN from h3:9891 -> h5:12345 [len=54B]
2025-09-12 18:29:24 - [BENIGN] - DEBUG - Generated TCP SYN-ACK from h5:12345 <- h3:9891 [len=54B]
2025-09-12 18:29:25 - [BENIGN] - DEBUG - Generated TCP ACK from h3:9891 -> h5:12345 [len=54B]
2025-09-12 18:29:25 - [BENIGN] - DEBUG - Generated TCP data traffic from h3:9891 -> h5:12345 [content='TCP data'] [Session 49] [len=880B]
2025-09-12 18:29:26 - [BENIGN] - DEBUG - Generated TCP ACK reply from h5:12345 <- h3:9891 [len=54B]
2025-09-12 18:29:27 - [BENIGN] - DEBUG - Generated UDP traffic from h3:54455 -> h5:12346 [content='1b1246e4bb24b3bf75268a66b9ffc44e2bdaede8...'] [Session 50] [len=113B]
2025-09-12 18:29:27 - [BENIGN] - DEBUG - Generated Telnet SYN from h3:24177 -> h5:23 [len=54B]
2025-09-12 18:29:28 - [BENIGN] - DEBUG - Generated Telnet SYN-ACK from h5:23 <- h3:24177 [len=54B]
2025-09-12 18:29:29 - [BENIGN] - DEBUG - Generated Telnet ACK from h3:24177 -> h5:23 [len=54B]
2025-09-12 18:29:29 - [BENIGN] - DEBUG - Generated Telnet data traffic from h3:24177 -> h5:23 [content='Telnet command'] [Session 51] [len=404B]
2025-09-12 18:29:30 - [BENIGN] - DEBUG - Generated Telnet ACK reply from h5:23 <- h3:24177 [len=54B]
2025-09-12 18:29:30 - [BENIGN] - DEBUG - Generated SSH SYN from h3:62173 -> h5:22 [len=54B]
2025-09-12 18:29:31 - [BENIGN] - DEBUG - Generated SSH SYN-ACK from h5:22 <- h3:62173 [len=54B]
2025-09-12 18:29:32 - [BENIGN] - DEBUG - Generated SSH ACK from h3:62173 -> h5:22 [len=54B]
2025-09-12 18:29:32 - [BENIGN] - DEBUG - Generated SSH data traffic from h3:62173 -> h5:22 [content='SSH encrypted data'] [Session 52] [len=314B]
2025-09-12 18:29:33 - [BENIGN] - DEBUG - Generated SSH ACK reply from h5:22 <- h3:62173 [len=54B]
2025-09-12 18:29:34 - [BENIGN] - DEBUG - Generated FTP SYN from h3:49275 -> h5:21 [len=54B]
2025-09-12 18:29:34 - [BENIGN] - DEBUG - Generated FTP SYN-ACK from h5:21 <- h3:49275 [len=54B]
2025-09-12 18:29:35 - [BENIGN] - DEBUG - Generated FTP ACK from h3:49275 -> h5:21 [len=54B]
2025-09-12 18:29:36 - [BENIGN] - DEBUG - Generated FTP data traffic from h3:49275 -> h5:21 [content='FTP file transfer'] [Session 53] [len=230B]
2025-09-12 18:29:36 - [BENIGN] - DEBUG - Generated FTP ACK reply from h5:21 <- h3:49275 [len=54B]
2025-09-12 18:29:37 - [BENIGN] - DEBUG - Generated HTTP SYN from h3:9481 -> h5:80 [len=54B]
2025-09-12 18:29:38 - [BENIGN] - DEBUG - Generated HTTP SYN-ACK from h5:80 <- h3:9481 [len=54B]
2025-09-12 18:29:38 - [BENIGN] - DEBUG - Generated HTTP ACK from h3:9481 -> h5:80 [len=54B]
2025-09-12 18:29:39 - [BENIGN] - DEBUG - Generated HTTP data traffic from h3:9481 -> h5:80 [content='GET /index.html HTTP/1.1'] [Session 54] [len=637B]
2025-09-12 18:29:39 - [BENIGN] - DEBUG - Generated HTTP ACK reply from h5:80 <- h3:9481 [len=54B]
2025-09-12 18:29:40 - [BENIGN] - DEBUG - Generated HTTPS SYN from h3:56720 -> h5:443 [len=54B]
2025-09-12 18:29:41 - [BENIGN] - DEBUG - Generated HTTPS SYN-ACK from h5:443 <- h3:56720 [len=54B]
2025-09-12 18:29:41 - [BENIGN] - DEBUG - Generated HTTPS ACK from h3:56720 -> h5:443 [len=54B]
2025-09-12 18:29:42 - [BENIGN] - DEBUG - Generated HTTPS data traffic from h3:56720 -> h5:443 [content='Encrypted Application Data'] [Session 55] [len=662B]
2025-09-12 18:29:43 - [BENIGN] - DEBUG - Generated HTTPS ACK reply from h5:443 <- h3:56720 [len=54B]
2025-09-12 18:29:43 - [BENIGN] - DEBUG - Generated DNS query from h3:63582 -> h5:53 [qname='example.com'] [Session 56] [len=71B]
2025-09-12 18:29:43 - [BENIGN] - DEBUG - Generated ICMP traffic h2↔h5 7 [len=84B]
2025-09-12 18:29:44 - [BENIGN] - DEBUG - Generated TCP SYN from h3:49149 -> h5:12345 [len=54B]
2025-09-12 18:29:45 - [BENIGN] - DEBUG - Generated TCP SYN-ACK from h5:12345 <- h3:49149 [len=54B]
2025-09-12 18:29:45 - [BENIGN] - DEBUG - Generated TCP ACK from h3:49149 -> h5:12345 [len=54B]
2025-09-12 18:29:46 - [BENIGN] - DEBUG - Generated TCP data traffic from h3:49149 -> h5:12345 [content='TCP data'] [Session 57] [len=877B]
2025-09-12 18:29:46 - [BENIGN] - DEBUG - Generated TCP ACK reply from h5:12345 <- h3:49149 [len=54B]
2025-09-12 18:29:47 - [BENIGN] - DEBUG - Generated UDP traffic from h3:65419 -> h5:12346 [content='6782e6ce190edb5c89d400eb236d4963a8c39943...'] [Session 58] [len=789B]
2025-09-12 18:29:48 - [BENIGN] - DEBUG - Generated Telnet SYN from h3:34560 -> h5:23 [len=54B]
2025-09-12 18:29:48 - [BENIGN] - DEBUG - Generated Telnet SYN-ACK from h5:23 <- h3:34560 [len=54B]
2025-09-12 18:29:49 - [BENIGN] - DEBUG - Generated Telnet ACK from h3:34560 -> h5:23 [len=54B]
2025-09-12 18:29:50 - [BENIGN] - DEBUG - Generated Telnet data traffic from h3:34560 -> h5:23 [content='Telnet command'] [Session 59] [len=188B]
2025-09-12 18:29:50 - [BENIGN] - DEBUG - Generated Telnet ACK reply from h5:23 <- h3:34560 [len=54B]
2025-09-12 18:29:51 - [BENIGN] - DEBUG - Generated SSH SYN from h3:62417 -> h5:22 [len=54B]
2025-09-12 18:29:52 - [BENIGN] - DEBUG - Generated SSH SYN-ACK from h5:22 <- h3:62417 [len=54B]
2025-09-12 18:29:52 - [BENIGN] - DEBUG - Generated SSH ACK from h3:62417 -> h5:22 [len=54B]
2025-09-12 18:29:53 - [BENIGN] - DEBUG - Generated SSH data traffic from h3:62417 -> h5:22 [content='SSH encrypted data'] [Session 60] [len=890B]
2025-09-12 18:29:53 - [BENIGN] - DEBUG - Generated SSH ACK reply from h5:22 <- h3:62417 [len=54B]
2025-09-12 18:29:54 - [BENIGN] - DEBUG - Generated FTP SYN from h3:31182 -> h5:21 [len=54B]
2025-09-12 18:29:55 - [BENIGN] - DEBUG - Generated FTP SYN-ACK from h5:21 <- h3:31182 [len=54B]
2025-09-12 18:29:55 - [BENIGN] - DEBUG - Generated FTP ACK from h3:31182 -> h5:21 [len=54B]
2025-09-12 18:29:56 - [BENIGN] - DEBUG - Generated FTP data traffic from h3:31182 -> h5:21 [content='FTP file transfer'] [Session 61] [len=1218B]
2025-09-12 18:29:57 - [BENIGN] - DEBUG - Generated FTP ACK reply from h5:21 <- h3:31182 [len=54B]
2025-09-12 18:29:57 - [BENIGN] - DEBUG - Generated HTTP SYN from h3:37792 -> h5:80 [len=54B]
2025-09-12 18:29:58 - [BENIGN] - DEBUG - Generated HTTP SYN-ACK from h5:80 <- h3:37792 [len=54B]
2025-09-12 18:29:58 - [BENIGN] - DEBUG - Generated HTTP ACK from h3:37792 -> h5:80 [len=54B]
2025-09-12 18:29:59 - [BENIGN] - DEBUG - Generated HTTP data traffic from h3:37792 -> h5:80 [content='GET /index.html HTTP/1.1'] [Session 62] [len=535B]
2025-09-12 18:30:00 - [BENIGN] - DEBUG - Generated HTTP ACK reply from h5:80 <- h3:37792 [len=54B]
2025-09-12 18:30:00 - [BENIGN] - DEBUG - Generated HTTPS SYN from h3:32709 -> h5:443 [len=54B]
2025-09-12 18:30:01 - [BENIGN] - DEBUG - Generated HTTPS SYN-ACK from h5:443 <- h3:32709 [len=54B]
2025-09-12 18:30:02 - [BENIGN] - DEBUG - Generated HTTPS ACK from h3:32709 -> h5:443 [len=54B]
2025-09-12 18:30:02 - [BENIGN] - DEBUG - Generated HTTPS data traffic from h3:32709 -> h5:443 [content='Encrypted Application Data'] [Session 63] [len=407B]
2025-09-12 18:30:03 - [BENIGN] - DEBUG - Generated HTTPS ACK reply from h5:443 <- h3:32709 [len=54B]
2025-09-12 18:30:03 - [BENIGN] - DEBUG - Generated DNS query from h3:15220 -> h5:53 [qname='example.com'] [Session 64] [len=71B]
2025-09-12 18:30:03 - [BENIGN] - DEBUG - Generated ICMP traffic h2↔h5 8 [len=84B]
2025-09-12 18:30:04 - [BENIGN] - DEBUG - Generated TCP SYN from h3:13711 -> h5:12345 [len=54B]
2025-09-12 18:30:05 - [BENIGN] - DEBUG - Generated TCP SYN-ACK from h5:12345 <- h3:13711 [len=54B]
2025-09-12 18:30:05 - [BENIGN] - DEBUG - Generated TCP ACK from h3:13711 -> h5:12345 [len=54B]
2025-09-12 18:30:06 - [BENIGN] - DEBUG - Generated TCP data traffic from h3:13711 -> h5:12345 [content='TCP data'] [Session 65] [len=473B]
2025-09-12 18:30:07 - [BENIGN] - DEBUG - Generated TCP ACK reply from h5:12345 <- h3:13711 [len=54B]
2025-09-12 18:30:07 - [BENIGN] - DEBUG - Generated UDP traffic from h3:50286 -> h5:12346 [content='b25fcff5db66b08145a5fca1beb45fd44a2ebf2e...'] [Session 66] [len=1267B]
2025-09-12 18:30:08 - [BENIGN] - DEBUG - Generated Telnet SYN from h3:14759 -> h5:23 [len=54B]
2025-09-12 18:30:08 - [BENIGN] - DEBUG - Generated Telnet SYN-ACK from h5:23 <- h3:14759 [len=54B]
2025-09-12 18:30:09 - [BENIGN] - DEBUG - Generated Telnet ACK from h3:14759 -> h5:23 [len=54B]
2025-09-12 18:30:10 - [BENIGN] - DEBUG - Generated Telnet data traffic from h3:14759 -> h5:23 [content='Telnet command'] [Session 67] [len=448B]
2025-09-12 18:30:10 - [BENIGN] - DEBUG - Generated Telnet ACK reply from h5:23 <- h3:14759 [len=54B]
2025-09-12 18:30:11 - [BENIGN] - DEBUG - Generated SSH SYN from h3:45044 -> h5:22 [len=54B]
2025-09-12 18:30:12 - [BENIGN] - DEBUG - Generated SSH SYN-ACK from h5:22 <- h3:45044 [len=54B]
2025-09-12 18:30:12 - [BENIGN] - DEBUG - Generated SSH ACK from h3:45044 -> h5:22 [len=54B]
2025-09-12 18:30:13 - [BENIGN] - DEBUG - Generated SSH data traffic from h3:45044 -> h5:22 [content='SSH encrypted data'] [Session 68] [len=913B]
2025-09-12 18:30:13 - [BENIGN] - DEBUG - Generated SSH ACK reply from h5:22 <- h3:45044 [len=54B]
2025-09-12 18:30:14 - [BENIGN] - DEBUG - Generated FTP SYN from h3:1640 -> h5:21 [len=54B]
2025-09-12 18:30:15 - [BENIGN] - DEBUG - Generated FTP SYN-ACK from h5:21 <- h3:1640 [len=54B]
2025-09-12 18:30:15 - [BENIGN] - DEBUG - Generated FTP ACK from h3:1640 -> h5:21 [len=54B]
2025-09-12 18:30:16 - [BENIGN] - DEBUG - Generated FTP data traffic from h3:1640 -> h5:21 [content='FTP file transfer'] [Session 69] [len=667B]
2025-09-12 18:30:17 - [BENIGN] - DEBUG - Generated FTP ACK reply from h5:21 <- h3:1640 [len=54B]
2025-09-12 18:30:17 - [BENIGN] - DEBUG - Generated HTTP SYN from h3:53617 -> h5:80 [len=54B]
2025-09-12 18:30:18 - [BENIGN] - DEBUG - Generated HTTP SYN-ACK from h5:80 <- h3:53617 [len=54B]
2025-09-12 18:30:18 - [BENIGN] - DEBUG - Generated HTTP ACK from h3:53617 -> h5:80 [len=54B]
2025-09-12 18:30:19 - [BENIGN] - DEBUG - Generated HTTP data traffic from h3:53617 -> h5:80 [content='GET /index.html HTTP/1.1'] [Session 70] [len=378B]
2025-09-12 18:30:20 - [BENIGN] - DEBUG - Generated HTTP ACK reply from h5:80 <- h3:53617 [len=54B]
2025-09-12 18:30:20 - [BENIGN] - DEBUG - Generated HTTPS SYN from h3:21129 -> h5:443 [len=54B]
2025-09-12 18:30:21 - [BENIGN] - DEBUG - Generated HTTPS SYN-ACK from h5:443 <- h3:21129 [len=54B]
2025-09-12 18:30:22 - [BENIGN] - DEBUG - Generated HTTPS ACK from h3:21129 -> h5:443 [len=54B]
2025-09-12 18:30:22 - [BENIGN] - DEBUG - Generated HTTPS data traffic from h3:21129 -> h5:443 [content='Encrypted Application Data'] [Session 71] [len=298B]
2025-09-12 18:30:23 - [BENIGN] - DEBUG - Generated HTTPS ACK reply from h5:443 <- h3:21129 [len=54B]
2025-09-12 18:30:23 - [BENIGN] - DEBUG - Generated DNS query from h3:3297 -> h5:53 [qname='example.com'] [Session 72] [len=71B]
2025-09-12 18:30:24 - [BENIGN] - DEBUG - Generated ICMP traffic h2↔h5 9 [len=84B]
2025-09-12 18:30:24 - [BENIGN] - DEBUG - Generated TCP SYN from h3:40408 -> h5:12345 [len=54B]
2025-09-12 18:30:25 - [BENIGN] - DEBUG - Generated TCP SYN-ACK from h5:12345 <- h3:40408 [len=54B]
2025-09-12 18:30:25 - [BENIGN] - DEBUG - Generated TCP ACK from h3:40408 -> h5:12345 [len=54B]
2025-09-12 18:30:26 - [BENIGN] - DEBUG - Generated TCP data traffic from h3:40408 -> h5:12345 [content='TCP data'] [Session 73] [len=365B]
2025-09-12 18:30:27 - [BENIGN] - DEBUG - Generated TCP ACK reply from h5:12345 <- h3:40408 [len=54B]
2025-09-12 18:30:27 - [BENIGN] - DEBUG - Generated UDP traffic from h3:65524 -> h5:12346 [content='84e1133ce42ead5823d3158743b0ec7d37c9957d...'] [Session 74] [len=709B]
2025-09-12 18:30:28 - [BENIGN] - DEBUG - Generated Telnet SYN from h3:51592 -> h5:23 [len=54B]
2025-09-12 18:30:28 - [BENIGN] - DEBUG - Generated Telnet SYN-ACK from h5:23 <- h3:51592 [len=54B]
2025-09-12 18:30:29 - [BENIGN] - DEBUG - Generated Telnet ACK from h3:51592 -> h5:23 [len=54B]
2025-09-12 18:30:30 - [BENIGN] - DEBUG - Generated Telnet data traffic from h3:51592 -> h5:23 [content='Telnet command'] [Session 75] [len=1317B]
2025-09-12 18:30:30 - [BENIGN] - DEBUG - Generated Telnet ACK reply from h5:23 <- h3:51592 [len=54B]
2025-09-12 18:30:31 - [BENIGN] - DEBUG - Generated SSH SYN from h3:33865 -> h5:22 [len=54B]
2025-09-12 18:30:32 - [BENIGN] - DEBUG - Generated SSH SYN-ACK from h5:22 <- h3:33865 [len=54B]
2025-09-12 18:30:32 - [BENIGN] - DEBUG - Generated SSH ACK from h3:33865 -> h5:22 [len=54B]
2025-09-12 18:30:33 - [BENIGN] - DEBUG - Generated SSH data traffic from h3:33865 -> h5:22 [content='SSH encrypted data'] [Session 76] [len=648B]
2025-09-12 18:30:33 - [BENIGN] - DEBUG - Generated SSH ACK reply from h5:22 <- h3:33865 [len=54B]
2025-09-12 18:30:34 - [BENIGN] - DEBUG - Generated FTP SYN from h3:34425 -> h5:21 [len=54B]
2025-09-12 18:30:35 - [BENIGN] - DEBUG - Generated FTP SYN-ACK from h5:21 <- h3:34425 [len=54B]
2025-09-12 18:30:35 - [BENIGN] - DEBUG - Generated FTP ACK from h3:34425 -> h5:21 [len=54B]
2025-09-12 18:30:36 - [BENIGN] - DEBUG - Generated FTP data traffic from h3:34425 -> h5:21 [content='FTP file transfer'] [Session 77] [len=724B]
2025-09-12 18:30:37 - [BENIGN] - DEBUG - Generated FTP ACK reply from h5:21 <- h3:34425 [len=54B]
2025-09-12 18:30:37 - [BENIGN] - DEBUG - Generated HTTP SYN from h3:49479 -> h5:80 [len=54B]
2025-09-12 18:30:38 - [BENIGN] - DEBUG - Generated HTTP SYN-ACK from h5:80 <- h3:49479 [len=54B]
2025-09-12 18:30:39 - [BENIGN] - DEBUG - Generated HTTP ACK from h3:49479 -> h5:80 [len=54B]
2025-09-12 18:30:39 - [BENIGN] - DEBUG - Generated HTTP data traffic from h3:49479 -> h5:80 [content='GET /index.html HTTP/1.1'] [Session 78] [len=366B]
2025-09-12 18:30:40 - [BENIGN] - DEBUG - Generated HTTP ACK reply from h5:80 <- h3:49479 [len=54B]
2025-09-12 18:30:40 - [BENIGN] - DEBUG - Generated HTTPS SYN from h3:3232 -> h5:443 [len=54B]
2025-09-12 18:30:41 - [BENIGN] - DEBUG - Generated HTTPS SYN-ACK from h5:443 <- h3:3232 [len=54B]
2025-09-12 18:30:42 - [BENIGN] - DEBUG - Generated HTTPS ACK from h3:3232 -> h5:443 [len=54B]
2025-09-12 18:30:42 - [BENIGN] - DEBUG - Generated HTTPS data traffic from h3:3232 -> h5:443 [content='Encrypted Application Data'] [Session 79] [len=838B]
2025-09-12 18:30:43 - [BENIGN] - DEBUG - Generated HTTPS ACK reply from h5:443 <- h3:3232 [len=54B]
2025-09-12 18:30:44 - [BENIGN] - DEBUG - Generated DNS query from h3:10561 -> h5:53 [qname='example.com'] [Session 80] [len=71B]
2025-09-12 18:30:44 - [BENIGN] - INFO - Benign traffic finished.
2025-09-12 18:30:44 - [BENIGN] - INFO - Summary: 80 protocol sessions with protocol separation:
2025-09-12 18:30:44 - [BENIGN] - INFO -   - h2↔h5: ICMP ping traffic
2025-09-12 18:30:44 - [BENIGN] - INFO -   - h3↔h5: TCP/UDP traffic [TCP, UDP, Telnet, SSH, FTP, HTTP, HTTPS, DNS]
2025-09-12 18:30:44 - [BENIGN] - INFO - Total packets sent: 340
