2025-09-12 21:17:01,979 - attack_logger - INFO - Attack: Enhanced SYN Flood (88s) | h1 -> h6
2025-09-12 21:17:04,493 - attack_logger - INFO - [syn_flood] [Run ID: 45a6ea66-e609-49d5-9961-fad1de089178] Starting Enhanced SYN Flood from h1 to 192.168.30.10 for 88 seconds.
2025-09-12 21:17:04,493 - attack_logger - INFO - [syn_flood] [Run ID: 45a6ea66-e609-49d5-9961-fad1de089178] Attack Phase: Enhanced Traditional SYN Flood - Attacker: h1, Target: 192.168.30.10:80, Duration: 88s
2025-09-12 21:17:04,493 - attack_logger - INFO - [syn_flood] [Run ID: 45a6ea66-e609-49d5-9961-fad1de089178] Enhanced Features: Human-like timing, protocol compliance, network delay simulation
2025-09-12 21:17:04,493 - attack_logger - INFO - [syn_flood] [Run ID: 45a6ea66-e609-49d5-9961-fad1de089178] Session pattern: 1 phases, Circadian factor: 0.40, Workday factor: 0.40
2025-09-12 21:17:04,493 - attack_logger - DEBUG - [syn_flood] [Run ID: 45a6ea66-e609-49d5-9961-fad1de089178] Starting enhanced SYN packet generation with human-like timing
2025-09-12 21:17:04,493 - attack_logger - INFO - [syn_flood] [Run ID: 45a6ea66-e609-49d5-9961-fad1de089178] Stress phase: 26s, Advanced phase: 62s
2025-09-12 21:17:31,091 - attack_logger - INFO - [syn_flood] [Run ID: 45a6ea66-e609-49d5-9961-fad1de089178] Stress phase completed
2025-09-12 21:17:31,100 - attack_logger - INFO - [syn_flood] [Run ID: 45a6ea66-e609-49d5-9961-fad1de089178] Enhanced SYN flood process started (PID: 62775)
2025-09-12 21:17:43,108 - attack_logger - INFO - [syn_flood] [Run ID: 45a6ea66-e609-49d5-9961-fad1de089178] Attack progress: 12.0s elapsed, ~45 packets sent, Rate: 3.7 pps, Phase: active (intensity: 0.93)
2025-09-12 21:17:43,108 - attack_logger - DEBUG - [syn_flood] [Run ID: 45a6ea66-e609-49d5-9961-fad1de089178] Process stats - CPU: 0.0%, Memory: 60.4MB
2025-09-12 21:17:43,108 - attack_logger - DEBUG - [syn_flood] [Run ID: 45a6ea66-e609-49d5-9961-fad1de089178] Timing factors - Circadian: 0.40, Workday: 0.40, Adjusted rate: 3.8 pps
2025-09-12 21:17:55,142 - attack_logger - INFO - [syn_flood] [Run ID: 45a6ea66-e609-49d5-9961-fad1de089178] Attack progress: 24.0s elapsed, ~71 packets sent, Rate: 3.0 pps, Phase: active (intensity: 0.93)
2025-09-12 21:17:55,142 - attack_logger - DEBUG - [syn_flood] [Run ID: 45a6ea66-e609-49d5-9961-fad1de089178] Process stats - CPU: 0.0%, Memory: 60.4MB
2025-09-12 21:17:55,142 - attack_logger - DEBUG - [syn_flood] [Run ID: 45a6ea66-e609-49d5-9961-fad1de089178] Timing factors - Circadian: 0.40, Workday: 0.40, Adjusted rate: 3.0 pps
2025-09-12 21:18:07,221 - attack_logger - INFO - [syn_flood] [Run ID: 45a6ea66-e609-49d5-9961-fad1de089178] Attack progress: 36.1s elapsed, ~138 packets sent, Rate: 3.8 pps, Phase: active (intensity: 0.93)
2025-09-12 21:18:07,221 - attack_logger - DEBUG - [syn_flood] [Run ID: 45a6ea66-e609-49d5-9961-fad1de089178] Process stats - CPU: 0.0%, Memory: 60.4MB
2025-09-12 21:18:07,221 - attack_logger - DEBUG - [syn_flood] [Run ID: 45a6ea66-e609-49d5-9961-fad1de089178] Timing factors - Circadian: 0.40, Workday: 0.40, Adjusted rate: 3.8 pps
2025-09-12 21:18:19,277 - attack_logger - INFO - [syn_flood] [Run ID: 45a6ea66-e609-49d5-9961-fad1de089178] Attack progress: 48.2s elapsed, ~148 packets sent, Rate: 3.1 pps, Phase: active (intensity: 0.93)
2025-09-12 21:18:19,277 - attack_logger - DEBUG - [syn_flood] [Run ID: 45a6ea66-e609-49d5-9961-fad1de089178] Process stats - CPU: 0.0%, Memory: 60.4MB
2025-09-12 21:18:19,278 - attack_logger - DEBUG - [syn_flood] [Run ID: 45a6ea66-e609-49d5-9961-fad1de089178] Timing factors - Circadian: 0.40, Workday: 0.40, Adjusted rate: 3.1 pps
2025-09-12 21:18:31,282 - attack_logger - INFO - [syn_flood] [Run ID: 45a6ea66-e609-49d5-9961-fad1de089178] Attack progress: 60.2s elapsed, ~197 packets sent, Rate: 3.3 pps, Phase: active (intensity: 0.93)
2025-09-12 21:18:31,282 - attack_logger - DEBUG - [syn_flood] [Run ID: 45a6ea66-e609-49d5-9961-fad1de089178] Process stats - CPU: 0.0%, Memory: 60.4MB
2025-09-12 21:18:31,282 - attack_logger - DEBUG - [syn_flood] [Run ID: 45a6ea66-e609-49d5-9961-fad1de089178] Timing factors - Circadian: 0.40, Workday: 0.40, Adjusted rate: 3.3 pps
2025-09-12 21:18:33,112 - attack_logger - DEBUG - [syn_flood] [Run ID: 45a6ea66-e609-49d5-9961-fad1de089178] Sent SIGINT to SYN flood process 62775
2025-09-12 21:18:33,615 - attack_logger - INFO - [syn_flood] [Run ID: 45a6ea66-e609-49d5-9961-fad1de089178] Enhanced SYN Flood from h1 to 192.168.30.10 finished.
2025-09-12 21:18:33,615 - attack_logger - INFO - [syn_flood] [Run ID: 45a6ea66-e609-49d5-9961-fad1de089178] Attack completed. Total packets sent = 242, Average rate = 3.90 packets/sec.
2025-09-12 21:18:33,615 - attack_logger - INFO - [syn_flood] [Run ID: 45a6ea66-e609-49d5-9961-fad1de089178] --- Enhanced Attack Summary ---
2025-09-12 21:18:33,615 - attack_logger - INFO - [syn_flood] [Run ID: 45a6ea66-e609-49d5-9961-fad1de089178] Total packets sent: 242
2025-09-12 21:18:33,615 - attack_logger - INFO - [syn_flood] [Run ID: 45a6ea66-e609-49d5-9961-fad1de089178] Actual duration: 62.02s
2025-09-12 21:18:33,615 - attack_logger - INFO - [syn_flood] [Run ID: 45a6ea66-e609-49d5-9961-fad1de089178] Average rate: 3.90 packets/sec
2025-09-12 21:18:33,615 - attack_logger - INFO - [syn_flood] [Run ID: 45a6ea66-e609-49d5-9961-fad1de089178] Base rate: 24.5 pps
2025-09-12 21:18:33,615 - attack_logger - INFO - [syn_flood] [Run ID: 45a6ea66-e609-49d5-9961-fad1de089178] Circadian factor: 0.40
2025-09-12 21:18:33,615 - attack_logger - INFO - [syn_flood] [Run ID: 45a6ea66-e609-49d5-9961-fad1de089178] Workday factor: 0.40
2025-09-12 21:18:33,615 - attack_logger - INFO - [syn_flood] [Run ID: 45a6ea66-e609-49d5-9961-fad1de089178] Session phases: 1
2025-09-12 21:18:33,615 - attack_logger - INFO - [syn_flood] [Run ID: 45a6ea66-e609-49d5-9961-fad1de089178] Target port: 80
2025-09-12 21:18:33,615 - attack_logger - INFO - [syn_flood] [Run ID: 45a6ea66-e609-49d5-9961-fad1de089178] Attack method: Enhanced SYN Flood with Human-like Timing
2025-09-12 21:18:33,615 - attack_logger - INFO - [syn_flood] [Run ID: 45a6ea66-e609-49d5-9961-fad1de089178] Enhancement features: Human timing patterns, protocol compliance, network delay simulation
2025-09-12 21:18:33,615 - attack_logger - INFO - [syn_flood] [Run ID: 45a6ea66-e609-49d5-9961-fad1de089178] TCP options: MSS, WScale, Timestamp, SAckOK
2025-09-12 21:18:33,615 - attack_logger - INFO - [syn_flood] [Run ID: 45a6ea66-e609-49d5-9961-fad1de089178] ----------------------------------------
2025-09-12 21:18:33,657 - attack_logger - INFO - Attack: Enhanced SYN Flood completed.
2025-09-12 21:18:33,657 - attack_logger - INFO - Attack: Enhanced UDP Flood (176s) | h1 -> h6
2025-09-12 21:18:36,173 - attack_logger - INFO - [udp_flood] [Run ID: a577f9c7-f1cb-487f-b16c-844bf343f560] Starting Enhanced UDP Flood from h1 to 192.168.30.10 for 176 seconds.
2025-09-12 21:18:36,173 - attack_logger - INFO - [udp_flood] [Run ID: a577f9c7-f1cb-487f-b16c-844bf343f560] Attack Phase: Enhanced Traditional UDP Flood - Attacker: h1, Target: 192.168.30.10:53, Duration: 176s
2025-09-12 21:18:36,174 - attack_logger - INFO - [udp_flood] [Run ID: a577f9c7-f1cb-487f-b16c-844bf343f560] Enhanced Features: Human-like timing, protocol compliance, network delay simulation
2025-09-12 21:18:36,174 - attack_logger - INFO - [udp_flood] [Run ID: a577f9c7-f1cb-487f-b16c-844bf343f560] Stress phase: 52s, Advanced phase: 124s
2025-09-12 21:19:28,767 - attack_logger - INFO - [udp_flood] [Run ID: a577f9c7-f1cb-487f-b16c-844bf343f560] Stress phase completed
2025-09-12 21:19:28,767 - attack_logger - INFO - [udp_flood] [Run ID: a577f9c7-f1cb-487f-b16c-844bf343f560] Session pattern: 2 phases, Circadian factor: 0.40, Workday factor: 0.40
2025-09-12 21:19:28,767 - attack_logger - DEBUG - [udp_flood] [Run ID: a577f9c7-f1cb-487f-b16c-844bf343f560] Starting enhanced UDP packet generation with human-like timing
2025-09-12 21:19:28,777 - attack_logger - INFO - [udp_flood] [Run ID: a577f9c7-f1cb-487f-b16c-844bf343f560] Enhanced UDP flood process started (PID: 62788)
2025-09-12 21:19:52,820 - attack_logger - INFO - [udp_flood] [Run ID: a577f9c7-f1cb-487f-b16c-844bf343f560] Attack progress: 24.1s elapsed, ~97 packets sent, Rate: 4.0 pps, Phase: active (intensity: 0.91)
2025-09-12 21:19:52,820 - attack_logger - DEBUG - [udp_flood] [Run ID: a577f9c7-f1cb-487f-b16c-844bf343f560] Process stats - CPU: 0.0%, Memory: 60.6MB
2025-09-12 21:19:52,820 - attack_logger - DEBUG - [udp_flood] [Run ID: a577f9c7-f1cb-487f-b16c-844bf343f560] Timing factors - Circadian: 0.40, Workday: 0.40, Adjusted rate: 4.0 pps
2025-09-12 21:20:16,824 - attack_logger - INFO - [udp_flood] [Run ID: a577f9c7-f1cb-487f-b16c-844bf343f560] Attack progress: 48.1s elapsed, ~156 packets sent, Rate: 3.2 pps, Phase: active (intensity: 0.91)
2025-09-12 21:20:16,824 - attack_logger - DEBUG - [udp_flood] [Run ID: a577f9c7-f1cb-487f-b16c-844bf343f560] Process stats - CPU: 0.0%, Memory: 60.6MB
2025-09-12 21:20:16,824 - attack_logger - DEBUG - [udp_flood] [Run ID: a577f9c7-f1cb-487f-b16c-844bf343f560] Timing factors - Circadian: 0.40, Workday: 0.40, Adjusted rate: 3.3 pps
2025-09-12 21:20:40,934 - attack_logger - INFO - [udp_flood] [Run ID: a577f9c7-f1cb-487f-b16c-844bf343f560] Attack progress: 72.2s elapsed, ~227 packets sent, Rate: 3.1 pps, Phase: active (intensity: 0.91)
2025-09-12 21:20:40,934 - attack_logger - DEBUG - [udp_flood] [Run ID: a577f9c7-f1cb-487f-b16c-844bf343f560] Process stats - CPU: 0.0%, Memory: 60.6MB
2025-09-12 21:20:40,934 - attack_logger - DEBUG - [udp_flood] [Run ID: a577f9c7-f1cb-487f-b16c-844bf343f560] Timing factors - Circadian: 0.40, Workday: 0.40, Adjusted rate: 3.2 pps
2025-09-12 21:21:04,992 - attack_logger - INFO - [udp_flood] [Run ID: a577f9c7-f1cb-487f-b16c-844bf343f560] Attack progress: 96.2s elapsed, ~397 packets sent, Rate: 4.1 pps, Phase: active (intensity: 0.91)
2025-09-12 21:21:04,992 - attack_logger - DEBUG - [udp_flood] [Run ID: a577f9c7-f1cb-487f-b16c-844bf343f560] Process stats - CPU: 0.0%, Memory: 60.6MB
2025-09-12 21:21:04,992 - attack_logger - DEBUG - [udp_flood] [Run ID: a577f9c7-f1cb-487f-b16c-844bf343f560] Timing factors - Circadian: 0.40, Workday: 0.40, Adjusted rate: 4.1 pps
2025-09-12 21:21:23,420 - attack_logger - DEBUG - [udp_flood] [Run ID: a577f9c7-f1cb-487f-b16c-844bf343f560] Entering active phase (intensity: 0.70)
2025-09-12 21:21:29,052 - attack_logger - INFO - [udp_flood] [Run ID: a577f9c7-f1cb-487f-b16c-844bf343f560] Attack progress: 120.3s elapsed, ~305 packets sent, Rate: 2.5 pps, Phase: active (intensity: 0.70)
2025-09-12 21:21:29,052 - attack_logger - DEBUG - [udp_flood] [Run ID: a577f9c7-f1cb-487f-b16c-844bf343f560] Process stats - CPU: 0.0%, Memory: 60.6MB
2025-09-12 21:21:29,052 - attack_logger - DEBUG - [udp_flood] [Run ID: a577f9c7-f1cb-487f-b16c-844bf343f560] Timing factors - Circadian: 0.40, Workday: 0.40, Adjusted rate: 2.5 pps
2025-09-12 21:21:32,821 - attack_logger - DEBUG - [udp_flood] [Run ID: a577f9c7-f1cb-487f-b16c-844bf343f560] Sent SIGINT to UDP flood process 62788
2025-09-12 21:21:33,328 - attack_logger - INFO - [udp_flood] [Run ID: a577f9c7-f1cb-487f-b16c-844bf343f560] Enhanced UDP Flood from h1 to 192.168.30.10 finished.
2025-09-12 21:21:33,328 - attack_logger - INFO - [udp_flood] [Run ID: a577f9c7-f1cb-487f-b16c-844bf343f560] Attack completed. Total packets sent = 426, Average rate = 3.43 packets/sec.
2025-09-12 21:21:33,328 - attack_logger - INFO - [udp_flood] [Run ID: a577f9c7-f1cb-487f-b16c-844bf343f560] --- Enhanced Attack Summary ---
2025-09-12 21:21:33,328 - attack_logger - INFO - [udp_flood] [Run ID: a577f9c7-f1cb-487f-b16c-844bf343f560] Total packets sent: 426
2025-09-12 21:21:33,328 - attack_logger - INFO - [udp_flood] [Run ID: a577f9c7-f1cb-487f-b16c-844bf343f560] Actual duration: 124.05s
2025-09-12 21:21:33,328 - attack_logger - INFO - [udp_flood] [Run ID: a577f9c7-f1cb-487f-b16c-844bf343f560] Average rate: 3.43 packets/sec
2025-09-12 21:21:33,328 - attack_logger - INFO - [udp_flood] [Run ID: a577f9c7-f1cb-487f-b16c-844bf343f560] Base rate: 21.5 pps
2025-09-12 21:21:33,328 - attack_logger - INFO - [udp_flood] [Run ID: a577f9c7-f1cb-487f-b16c-844bf343f560] Circadian factor: 0.40
2025-09-12 21:21:33,328 - attack_logger - INFO - [udp_flood] [Run ID: a577f9c7-f1cb-487f-b16c-844bf343f560] Workday factor: 0.40
2025-09-12 21:21:33,328 - attack_logger - INFO - [udp_flood] [Run ID: a577f9c7-f1cb-487f-b16c-844bf343f560] Session phases: 2
2025-09-12 21:21:33,328 - attack_logger - INFO - [udp_flood] [Run ID: a577f9c7-f1cb-487f-b16c-844bf343f560] Target port: 53 (DNS)
2025-09-12 21:21:33,328 - attack_logger - INFO - [udp_flood] [Run ID: a577f9c7-f1cb-487f-b16c-844bf343f560] Attack method: Enhanced UDP Flood with Human-like Timing
2025-09-12 21:21:33,328 - attack_logger - INFO - [udp_flood] [Run ID: a577f9c7-f1cb-487f-b16c-844bf343f560] Enhancement features: Human timing patterns, protocol compliance, network delay simulation
2025-09-12 21:21:33,328 - attack_logger - INFO - [udp_flood] [Run ID: a577f9c7-f1cb-487f-b16c-844bf343f560] DNS payloads: Realistic query patterns with varied domains
2025-09-12 21:21:33,328 - attack_logger - INFO - [udp_flood] [Run ID: a577f9c7-f1cb-487f-b16c-844bf343f560] ----------------------------------------
2025-09-12 21:21:33,473 - attack_logger - INFO - Attack: Enhanced UDP Flood completed.
2025-09-12 21:21:33,473 - attack_logger - INFO - Attack: Enhanced ICMP Flood (88s) | h1 -> h4
2025-09-12 21:21:35,997 - attack_logger - INFO - [icmp_flood] [Run ID: fc4f2c97-4212-47d8-8b9c-fe6e33957f60] Starting Enhanced ICMP Flood with RFC 1918 IP Rotation from h1 to 192.168.20.12 for 88 seconds.
2025-09-12 21:21:35,997 - attack_logger - INFO - [icmp_flood] [Run ID: fc4f2c97-4212-47d8-8b9c-fe6e33957f60] Attack Phase: Enhanced Traditional ICMP Flood - Attacker: h1, Target: 192.168.20.12, Duration: 88s
2025-09-12 21:21:35,997 - attack_logger - INFO - [icmp_flood] [Run ID: fc4f2c97-4212-47d8-8b9c-fe6e33957f60] Enhanced Features: RFC 1918 IP rotation, human-like timing, protocol compliance, network delay simulation
2025-09-12 21:21:35,997 - attack_logger - INFO - [icmp_flood] [Run ID: fc4f2c97-4212-47d8-8b9c-fe6e33957f60] IP Pool Size: 50 source IPs from RFC 1918 ranges (10.0.0.0/8, 172.16.0.0/12, 192.168.0.0/16)
2025-09-12 21:21:35,997 - attack_logger - INFO - [icmp_flood] [Run ID: fc4f2c97-4212-47d8-8b9c-fe6e33957f60] Stress phase total: 26s (host: 13s, gateway: 13s), Advanced phase: 62s
2025-09-12 21:21:49,612 - attack_logger - INFO - [icmp_flood] [Run ID: fc4f2c97-4212-47d8-8b9c-fe6e33957f60] Host stress sub-phase completed
2025-09-12 21:22:03,180 - attack_logger - INFO - [icmp_flood] [Run ID: fc4f2c97-4212-47d8-8b9c-fe6e33957f60] Gateway stress sub-phase completed
2025-09-12 21:22:03,180 - attack_logger - INFO - [icmp_flood] [Run ID: fc4f2c97-4212-47d8-8b9c-fe6e33957f60] Session pattern: 1 phases, Circadian factor: 0.40, Workday factor: 0.40
2025-09-12 21:22:03,180 - attack_logger - DEBUG - [icmp_flood] [Run ID: fc4f2c97-4212-47d8-8b9c-fe6e33957f60] Starting enhanced ICMP packet generation with IP rotation and human-like timing
2025-09-12 21:22:03,189 - attack_logger - INFO - [icmp_flood] [Run ID: fc4f2c97-4212-47d8-8b9c-fe6e33957f60] Enhanced ICMP flood with IP rotation process started (PID: 62804)
2025-09-12 21:22:15,279 - attack_logger - INFO - [icmp_flood] [Run ID: fc4f2c97-4212-47d8-8b9c-fe6e33957f60] Attack progress: 12.1s elapsed, ~50 packets sent, Rate: 4.1 pps, IP rotations: ~3, Phase: active (intensity: 0.99)
2025-09-12 21:22:15,279 - attack_logger - DEBUG - [icmp_flood] [Run ID: fc4f2c97-4212-47d8-8b9c-fe6e33957f60] Process stats - CPU: 0.0%, Memory: 60.5MB
2025-09-12 21:22:15,279 - attack_logger - DEBUG - [icmp_flood] [Run ID: fc4f2c97-4212-47d8-8b9c-fe6e33957f60] Timing factors - Circadian: 0.40, Workday: 0.40, Adjusted rate: 4.2 pps
2025-09-12 21:22:27,318 - attack_logger - INFO - [icmp_flood] [Run ID: fc4f2c97-4212-47d8-8b9c-fe6e33957f60] Attack progress: 24.1s elapsed, ~113 packets sent, Rate: 4.7 pps, IP rotations: ~7, Phase: active (intensity: 0.99)
2025-09-12 21:22:27,319 - attack_logger - DEBUG - [icmp_flood] [Run ID: fc4f2c97-4212-47d8-8b9c-fe6e33957f60] Process stats - CPU: 0.0%, Memory: 60.7MB
2025-09-12 21:22:27,319 - attack_logger - DEBUG - [icmp_flood] [Run ID: fc4f2c97-4212-47d8-8b9c-fe6e33957f60] Timing factors - Circadian: 0.40, Workday: 0.40, Adjusted rate: 4.7 pps
2025-09-12 21:22:39,371 - attack_logger - INFO - [icmp_flood] [Run ID: fc4f2c97-4212-47d8-8b9c-fe6e33957f60] Attack progress: 36.2s elapsed, ~130 packets sent, Rate: 3.6 pps, IP rotations: ~8, Phase: active (intensity: 0.99)
2025-09-12 21:22:39,371 - attack_logger - DEBUG - [icmp_flood] [Run ID: fc4f2c97-4212-47d8-8b9c-fe6e33957f60] Process stats - CPU: 0.0%, Memory: 60.7MB
2025-09-12 21:22:39,371 - attack_logger - DEBUG - [icmp_flood] [Run ID: fc4f2c97-4212-47d8-8b9c-fe6e33957f60] Timing factors - Circadian: 0.40, Workday: 0.40, Adjusted rate: 3.6 pps
2025-09-12 21:22:51,401 - attack_logger - INFO - [icmp_flood] [Run ID: fc4f2c97-4212-47d8-8b9c-fe6e33957f60] Attack progress: 48.2s elapsed, ~219 packets sent, Rate: 4.5 pps, IP rotations: ~14, Phase: active (intensity: 0.99)
2025-09-12 21:22:51,401 - attack_logger - DEBUG - [icmp_flood] [Run ID: fc4f2c97-4212-47d8-8b9c-fe6e33957f60] Process stats - CPU: 0.0%, Memory: 60.7MB
2025-09-12 21:22:51,401 - attack_logger - DEBUG - [icmp_flood] [Run ID: fc4f2c97-4212-47d8-8b9c-fe6e33957f60] Timing factors - Circadian: 0.40, Workday: 0.40, Adjusted rate: 4.6 pps
2025-09-12 21:23:03,410 - attack_logger - INFO - [icmp_flood] [Run ID: fc4f2c97-4212-47d8-8b9c-fe6e33957f60] Attack progress: 60.2s elapsed, ~229 packets sent, Rate: 3.8 pps, IP rotations: ~15, Phase: active (intensity: 0.99)
2025-09-12 21:23:03,410 - attack_logger - DEBUG - [icmp_flood] [Run ID: fc4f2c97-4212-47d8-8b9c-fe6e33957f60] Process stats - CPU: 0.0%, Memory: 60.7MB
2025-09-12 21:23:03,410 - attack_logger - DEBUG - [icmp_flood] [Run ID: fc4f2c97-4212-47d8-8b9c-fe6e33957f60] Timing factors - Circadian: 0.40, Workday: 0.40, Adjusted rate: 3.8 pps
2025-09-12 21:23:05,284 - attack_logger - DEBUG - [icmp_flood] [Run ID: fc4f2c97-4212-47d8-8b9c-fe6e33957f60] Sent SIGINT to ICMP flood process 62804
2025-09-12 21:23:05,791 - attack_logger - INFO - [icmp_flood] [Run ID: fc4f2c97-4212-47d8-8b9c-fe6e33957f60] Enhanced ICMP Flood with RFC 1918 IP Rotation from h1 to 192.168.20.12 finished.
2025-09-12 21:23:05,791 - attack_logger - INFO - [icmp_flood] [Run ID: fc4f2c97-4212-47d8-8b9c-fe6e33957f60] Attack completed. Total packets sent = 198, Average rate = 3.19 packets/sec.
2025-09-12 21:23:05,791 - attack_logger - INFO - [icmp_flood] [Run ID: fc4f2c97-4212-47d8-8b9c-fe6e33957f60] --- Enhanced Attack Summary ---
2025-09-12 21:23:05,791 - attack_logger - INFO - [icmp_flood] [Run ID: fc4f2c97-4212-47d8-8b9c-fe6e33957f60] Total packets sent: 198
2025-09-12 21:23:05,791 - attack_logger - INFO - [icmp_flood] [Run ID: fc4f2c97-4212-47d8-8b9c-fe6e33957f60] Total IP rotations: ~13
2025-09-12 21:23:05,791 - attack_logger - INFO - [icmp_flood] [Run ID: fc4f2c97-4212-47d8-8b9c-fe6e33957f60] RFC 1918 IP pool size: 50
2025-09-12 21:23:05,791 - attack_logger - INFO - [icmp_flood] [Run ID: fc4f2c97-4212-47d8-8b9c-fe6e33957f60] IP ranges used: 10.0.0.0/8, 172.16.0.0/12, 192.168.0.0/16
2025-09-12 21:23:05,791 - attack_logger - INFO - [icmp_flood] [Run ID: fc4f2c97-4212-47d8-8b9c-fe6e33957f60] Actual duration: 62.10s
2025-09-12 21:23:05,791 - attack_logger - INFO - [icmp_flood] [Run ID: fc4f2c97-4212-47d8-8b9c-fe6e33957f60] Average rate: 3.19 packets/sec
2025-09-12 21:23:05,791 - attack_logger - INFO - [icmp_flood] [Run ID: fc4f2c97-4212-47d8-8b9c-fe6e33957f60] Base rate: 20.0 pps
2025-09-12 21:23:05,791 - attack_logger - INFO - [icmp_flood] [Run ID: fc4f2c97-4212-47d8-8b9c-fe6e33957f60] Circadian factor: 0.40
2025-09-12 21:23:05,791 - attack_logger - INFO - [icmp_flood] [Run ID: fc4f2c97-4212-47d8-8b9c-fe6e33957f60] Workday factor: 0.40
2025-09-12 21:23:05,791 - attack_logger - INFO - [icmp_flood] [Run ID: fc4f2c97-4212-47d8-8b9c-fe6e33957f60] Session phases: 1
2025-09-12 21:23:05,791 - attack_logger - INFO - [icmp_flood] [Run ID: fc4f2c97-4212-47d8-8b9c-fe6e33957f60] ICMP type: Echo Request (8) with ID/Seq variations
2025-09-12 21:23:05,791 - attack_logger - INFO - [icmp_flood] [Run ID: fc4f2c97-4212-47d8-8b9c-fe6e33957f60] Attack method: Enhanced ICMP Flood with RFC 1918 IP Rotation
2025-09-12 21:23:05,791 - attack_logger - INFO - [icmp_flood] [Run ID: fc4f2c97-4212-47d8-8b9c-fe6e33957f60] Enhancement features: RFC 1918 IP rotation, human timing patterns, protocol compliance, network delay simulation
2025-09-12 21:23:05,791 - attack_logger - INFO - [icmp_flood] [Run ID: fc4f2c97-4212-47d8-8b9c-fe6e33957f60] ----------------------------------------
2025-09-12 21:23:05,867 - attack_logger - INFO - Attack: Enhanced ICMP Flood completed.
2025-09-12 21:23:06,380 - attack_logger - INFO - Attack: ENHANCED Adversarial TCP State Exhaustion (72s) | h1 -> h6
2025-09-12 21:24:21,593 - attack_logger - INFO - Attack: ENHANCED Adversarial Application Layer (24s) | h1 -> h6
2025-09-12 21:24:48,872 - attack_logger - INFO - Attack: ENHANCED Adversarial Slow Read (72s) | h1 -> h6
2025-09-12 21:26:04,162 - attack_logger - INFO - Attack: ENHANCED Adversarial Slow Read completed.
