2025-09-12 20:49:49 - [MAIN] - INFO - 🎯 30-FEATURE REAL-TIME DDOS DETECTION DATASET
2025-09-12 20:49:49 - [MAIN] - INFO - 📊 Feature Set: 24 pure live + 4 minimal calculation + 2 labels = 30 total
2025-09-12 20:49:49 - [MAIN] - INFO - ⚡ Optimized for <1ms real-time extraction latency
2025-09-12 20:49:49 - [MAIN] - INFO - 🏢 4-Subnet Enterprise Topology with Layer 3 Routing
2025-09-12 20:49:49 - [MAIN] - INFO - 🌐 Network Configuration:
2025-09-12 20:49:49 - [MAIN] - INFO -    • h1: 192.168.10.0/24 (Isolated/External Network)
2025-09-12 20:49:49 - [MAIN] - INFO -    • h2-h5: 192.168.20.0/24 (Corporate Internal Network)
2025-09-12 20:49:49 - [MAIN] - INFO -    • h6: 192.168.30.0/24 (Server/DMZ Network)
2025-09-12 20:49:49 - [MAIN] - INFO -    • Controller: 192.168.0.0/24 (Management Network)
2025-09-12 20:49:49 - [MAIN] - INFO - 🔧 CPU Affinity Optimization ENABLED
2025-09-12 20:49:49,418 - __main__ - INFO - 🔧 CPU Core Allocation:
2025-09-12 20:49:49,418 - __main__ - INFO -   System: Cores 0
2025-09-12 20:49:49,418 - __main__ - INFO -   Ryu: Cores 1
2025-09-12 20:49:49,418 - __main__ - INFO -   Mininet: Cores 2,3,4
2025-09-12 20:49:49,418 - __main__ - INFO -   Attacks: Cores 5,6,7,8,9,10
2025-09-12 20:49:49,418 - __main__ - INFO -   Background: Cores 11
2025-09-12 20:49:49,419 - __main__ - INFO -   Pcap: Cores 0-15 (all cores, post-simulation)
2025-09-12 20:49:49 - [MAIN] - INFO - Cleaning up any previous Mininet instances...
2025-09-12 20:49:50 - [MAIN] - INFO - Mininet cleanup complete.
2025-09-12 20:49:50,801 - __main__ - INFO - Verifying required tools...
2025-09-12 20:49:51,067 - __main__ - INFO - TShark version: Running as user "root" and group "root". This could be dangerous.
2025-09-12 20:49:51,068 - __main__ - INFO - All required tools are available.
2025-09-12 20:49:51 - [MAIN] - INFO - Using configuration file: /home/user/Desktop/dataset_generation/config.json
2025-09-12 20:49:51,069 - __main__ - INFO - Starting Ryu SDN controller with CPU affinity...
2025-09-12 20:49:51,069 - __main__ - INFO - 🚀 Starting ryu on cores [1]: ryu-manager --verbose /home/user/Desktop/dataset_generation/src/controller/ryu_l3_router_app.py
2025-09-12 20:49:51,076 - __main__ - INFO - ✅ Started ryu with PID 52076 on cores [1]
2025-09-12 20:49:51,076 - __main__ - INFO - Ryu controller started with PID: 52076. See main_output/v4/120925-51/ryu.log for logs.
2025-09-12 20:49:51,077 - __main__ - INFO - Checking for controller on port 6653 (timeout: 30s)...
2025-09-12 20:49:52,102 - __main__ - INFO - Controller is up and listening.
2025-09-12 20:49:52 - [MAIN] - INFO - Testing /hello endpoint...
2025-09-12 20:49:52 - [MAIN] - INFO - Response status code: 200
2025-09-12 20:49:52 - [MAIN] - INFO - Response headers: {'Content-Type': 'application/json; charset=utf-8', 'Content-Length': '51', 'Date': 'Fri, 12 Sep 2025 12:49:52 GMT', 'Connection': 'keep-alive'}
2025-09-12 20:49:52 - [MAIN] - INFO - Response text: {"message": "Hello from Ryu L3 Router Controller!"}...
2025-09-12 20:49:52 - [MAIN] - INFO - Test /hello endpoint: PASSED
2025-09-12 20:49:52,110 - __main__ - INFO - Setting up Mininet topology...
2025-09-12 20:49:52,357 - __main__ - INFO - Mininet version: 
2025-09-12 20:49:52,366 - __main__ - INFO - Connecting to remote controller at 127.0.0.1:6653
2025-09-12 20:49:52,679 - __main__ - INFO - Mininet network started successfully.
2025-09-12 20:49:52,679 - __main__ - INFO - Waiting for Layer 3 routing to stabilize...
2025-09-12 20:50:07,695 - __main__ - INFO - Testing gateway connectivity for debugging...
2025-09-12 20:50:07,696 - __main__ - INFO - h1 -> 192.168.10.1 (gateway): testing...
2025-09-12 20:50:07,707 - __main__ - INFO - SUCCESS
2025-09-12 20:50:07,708 - __main__ - INFO - h2 -> 192.168.20.1 (gateway): testing...
2025-09-12 20:50:07,712 - __main__ - INFO - SUCCESS
2025-09-12 20:50:07,712 - __main__ - INFO - Running Mininet pingall test...
2025-09-12 20:50:12,785 - __main__ - INFO - Mininet pingall test completed successfully. Packet loss: 0.0%
2025-09-12 20:50:12,785 - __main__ - INFO - Starting v4.0 traffic generation scenario with 30-feature extraction and 4-subnet topology...
2025-09-12 20:50:12,785 - __main__ - INFO - ✅ Set current process affinity to cores [5, 6, 7, 8, 9, 10] for attacks
2025-09-12 20:50:12,785 - __main__ - INFO - ✅ Set CPU affinity for attack generation processes
2025-09-12 20:50:12,785 - __main__ - INFO - Phase 1: Initialization (5s)...
2025-09-12 20:50:17,799 - __main__ - INFO - Timeline updated: normal phase started at 1757681417.7996354
2025-09-12 20:50:17,800 - __main__ - INFO - Starting flow statistics collection for 2245 seconds...
2025-09-12 20:50:17,800 - __main__ - INFO - Flow statistics collection started in background.
2025-09-12 20:50:17,800 - __main__ - INFO - Enhanced flow capture with 0.5s polling and flow timeout guarantees
2025-09-12 20:50:17,800 - __main__ - INFO - Phase 2: Normal Traffic (1600s)...
2025-09-12 20:50:17,802 - __main__ - INFO - Starting packet capture. Output file: /home/user/Desktop/dataset_generation/main_output/v4/120925-51/normal.pcap
2025-09-12 20:50:17,803 - __main__ - INFO - Capturing on switch s1 interface any
2025-09-12 20:50:17,803 - __main__ - INFO - Starting tcpdump with command: tcpdump -i any -w /home/user/Desktop/dataset_generation/main_output/v4/120925-51/normal.pcap -s 0 ip and not ip6 and net 192.168.0.0/16
2025-09-12 20:50:19,824 - __main__ - INFO - tcpdump started successfully with PID: 52401
2025-09-12 21:17:01,906 - __main__ - INFO - Stopping packet capture (PID: 52401)...
2025-09-12 21:17:01,979 - __main__ - INFO - Packet capture stopped.
2025-09-12 21:17:01,979 - __main__ - INFO - Phase 3.1: Enhanced Traditional DDoS Attacks...
2025-09-12 21:17:01,979 - __main__ - INFO - Starting packet capture. Output file: /home/user/Desktop/dataset_generation/main_output/v4/120925-51/syn_flood.pcap
2025-09-12 21:17:01,980 - __main__ - INFO - Capturing on switch s1 interface any
2025-09-12 21:17:01,980 - __main__ - INFO - Starting tcpdump with command: tcpdump -i any -w /home/user/Desktop/dataset_generation/main_output/v4/120925-51/syn_flood.pcap -s 0 ip and not ip6 and net 192.168.0.0/16
2025-09-12 21:17:03,991 - __main__ - INFO - tcpdump started successfully with PID: 62769
2025-09-12 21:17:03,991 - __main__ - INFO - Timeline updated: syn_flood phase started at 1757683023.991873
2025-09-12 21:18:33,615 - __main__ - INFO - Stopping packet capture (PID: 62769)...
2025-09-12 21:18:33,657 - __main__ - INFO - Packet capture stopped.
2025-09-12 21:18:33,658 - __main__ - INFO - Starting packet capture. Output file: /home/user/Desktop/dataset_generation/main_output/v4/120925-51/udp_flood.pcap
2025-09-12 21:18:33,658 - __main__ - INFO - Capturing on switch s1 interface any
2025-09-12 21:18:33,658 - __main__ - INFO - Starting tcpdump with command: tcpdump -i any -w /home/user/Desktop/dataset_generation/main_output/v4/120925-51/udp_flood.pcap -s 0 ip and not ip6 and net 192.168.0.0/16
2025-09-12 21:18:35,670 - __main__ - INFO - tcpdump started successfully with PID: 62780
2025-09-12 21:18:35,670 - __main__ - INFO - Timeline updated: udp_flood phase started at 1757683115.6704817
2025-09-12 21:21:33,328 - __main__ - INFO - Stopping packet capture (PID: 62780)...
2025-09-12 21:21:33,472 - __main__ - INFO - Packet capture stopped.
2025-09-12 21:21:33,473 - __main__ - INFO - Starting packet capture. Output file: /home/user/Desktop/dataset_generation/main_output/v4/120925-51/icmp_flood.pcap
2025-09-12 21:21:33,473 - __main__ - INFO - Capturing on switch s1 interface any
2025-09-12 21:21:33,473 - __main__ - INFO - Starting tcpdump with command: tcpdump -i any -w /home/user/Desktop/dataset_generation/main_output/v4/120925-51/icmp_flood.pcap -s 0 ip and not ip6 and net 192.168.0.0/16
2025-09-12 21:21:35,490 - __main__ - INFO - tcpdump started successfully with PID: 62795
2025-09-12 21:21:35,490 - __main__ - INFO - Timeline updated: icmp_flood phase started at 1757683295.490548
2025-09-12 21:23:05,791 - __main__ - INFO - Stopping packet capture (PID: 62795)...
2025-09-12 21:23:05,867 - __main__ - INFO - Packet capture stopped.
2025-09-12 21:23:05,867 - __main__ - INFO - Phase 3.2: ENHANCED Adversarial DDoS Attacks...
2025-09-12 21:23:05,876 - __main__ - INFO - Started simple HTTP server on h6:80 for adversarial phases
2025-09-12 21:23:06,380 - __main__ - INFO - Starting packet capture. Output file: /home/user/Desktop/dataset_generation/main_output/v4/120925-51/ad_syn.pcap
2025-09-12 21:23:06,380 - __main__ - INFO - Capturing on switch s1 interface any
2025-09-12 21:23:06,381 - __main__ - INFO - Starting tcpdump with command: tcpdump -i any -w /home/user/Desktop/dataset_generation/main_output/v4/120925-51/ad_syn.pcap -s 0 ip and not ip6 and net 192.168.0.0/16
2025-09-12 21:23:08,394 - __main__ - INFO - tcpdump started successfully with PID: 62810
2025-09-12 21:23:08,394 - __main__ - INFO - Timeline updated: ad_syn phase started at 1757683388.3943348
2025-09-12 21:24:21,555 - __main__ - INFO - Stopping packet capture (PID: 62810)...
2025-09-12 21:24:21,593 - __main__ - INFO - Packet capture stopped.
2025-09-12 21:24:21,593 - __main__ - INFO - Starting packet capture. Output file: /home/user/Desktop/dataset_generation/main_output/v4/120925-51/ad_udp.pcap
2025-09-12 21:24:21,593 - __main__ - INFO - Capturing on switch s1 interface any
2025-09-12 21:24:21,593 - __main__ - INFO - Starting tcpdump with command: tcpdump -i any -w /home/user/Desktop/dataset_generation/main_output/v4/120925-51/ad_udp.pcap -s 0 ip and not ip6 and net 192.168.0.0/16
2025-09-12 21:24:23,606 - __main__ - INFO - tcpdump started successfully with PID: 62829
2025-09-12 21:24:23,606 - __main__ - INFO - Timeline updated: ad_udp phase started at 1757683463.6067576
2025-09-12 21:24:48,791 - __main__ - INFO - Stopping packet capture (PID: 62829)...
2025-09-12 21:24:48,871 - __main__ - INFO - Packet capture stopped.
2025-09-12 21:24:48,872 - __main__ - INFO - Starting packet capture. Output file: /home/user/Desktop/dataset_generation/main_output/v4/120925-51/ad_slow.pcap
2025-09-12 21:24:48,872 - __main__ - INFO - Capturing on switch s1 interface any
2025-09-12 21:24:48,872 - __main__ - INFO - Starting tcpdump with command: tcpdump -i any -w /home/user/Desktop/dataset_generation/main_output/v4/120925-51/ad_slow.pcap -s 0 ip and not ip6 and net 192.168.0.0/16
2025-09-12 21:24:50,886 - __main__ - INFO - tcpdump started successfully with PID: 62835
2025-09-12 21:24:50,886 - __main__ - INFO - Timeline updated: ad_slow phase started at 1757683490.8868732
2025-09-12 21:24:51,392 - __main__ - INFO - Proceeding with ENHANCED adversarial slow attack
2025-09-12 21:24:51,392 - __main__ - INFO - Attack traffic will be captured via ad_slow.pcap
2025-09-12 21:26:04,062 - __main__ - INFO - Stopping packet capture (PID: 62835)...
2025-09-12 21:26:04,162 - __main__ - INFO - Packet capture stopped.
2025-09-12 21:26:04,162 - __main__ - INFO - Signaling flow collection thread to stop before cooldown...
2025-09-12 21:26:04,163 - __main__ - INFO - Waiting for flow collection thread to finish...
2025-09-12 21:26:04,292 - __main__ - INFO - Flow collection received stop signal, ending gracefully.
2025-09-12 21:26:04,292 - __main__ - INFO - Flow timeline collection completed.
2025-09-12 21:26:04,292 - __main__ - INFO - === Flow Capture Guarantee Report ===
2025-09-12 21:26:04,292 - __main__ - INFO - Total polling duration: 2151.51s
2025-09-12 21:26:04,292 - __main__ - INFO - Total polls attempted: 4304
2025-09-12 21:26:04,292 - __main__ - INFO - Successful polls: 4304 (100.0%)
2025-09-12 21:26:04,292 - __main__ - INFO - Total flow entries captured: 30020
2025-09-12 21:26:04,292 - __main__ - INFO - Unique flows tracked: 7
2025-09-12 21:26:04,292 - __main__ - INFO - Average flows per poll: 6.97
2025-09-12 21:26:04,292 - __main__ - INFO - Polling interval: 0.5s (improved from 1.0s)
2025-09-12 21:26:04,292 - __main__ - INFO - Flow timeout settings: idle=30s, hard=300s
2025-09-12 21:26:04,635 - __main__ - INFO - Flow statistics saved to main_output/v4/120925-51/flow_features.csv
2025-09-12 21:26:04,650 - __main__ - INFO - Flow collection thread finished successfully
2025-09-12 21:26:04,650 - __main__ - INFO - Phase 4: Cooldown (5s)...
2025-09-12 21:26:04,650 - __main__ - INFO - Note: Flow collection stopped before cooldown to ensure dataset consistency
2025-09-12 21:26:09,663 - __main__ - INFO - Stopping HTTP server on h6
2025-09-12 21:26:09,663 - __main__ - INFO - ============================================================
2025-09-12 21:26:09,663 - __main__ - INFO - v4.0 30-FEATURE TIMING SUMMARY (4-Subnet Topology)
2025-09-12 21:26:09,663 - __main__ - INFO - ============================================================
2025-09-12 21:26:09,663 - __main__ - INFO - Configuration File: /home/user/Desktop/dataset_generation/config.json
2025-09-12 21:26:09,663 - __main__ - INFO - 
2025-09-12 21:26:09,663 - __main__ - INFO - Total Scenario Runtime: 2156.88 seconds (35.95 minutes)
2025-09-12 21:26:09,663 - __main__ - INFO - 
2025-09-12 21:26:09,663 - __main__ - INFO - Phase-by-Phase Breakdown:
2025-09-12 21:26:09,663 - __main__ - INFO -   Enhanced Traditional Attacks:
2025-09-12 21:26:09,663 - __main__ - INFO -     Enhanced Syn Flood: 91.68s (configured: 88s)
2025-09-12 21:26:09,664 - __main__ - INFO -     Enhanced Udp Flood: 179.82s (configured: 176s)
2025-09-12 21:26:09,664 - __main__ - INFO -     Enhanced Icmp Flood: 92.39s (configured: 88s)
2025-09-12 21:26:09,664 - __main__ - INFO -   ENHANCED Adversarial Attacks:
2025-09-12 21:26:09,664 - __main__ - INFO -     ENHANCED TCP State Exhaustion: 75.21s (configured: 72s)
2025-09-12 21:26:09,664 - __main__ - INFO -     ENHANCED Application Layer: 27.28s (configured: 24s)
2025-09-12 21:26:09,664 - __main__ - INFO -     ENHANCED Slow Read: 75.29s (configured: 72s)
2025-09-12 21:26:09,664 - __main__ - INFO -   Initialization: 5.01s (configured: 5s)
2025-09-12 21:26:09,664 - __main__ - INFO -   Normal_Traffic: 1604.18s (configured: 1600s)
2025-09-12 21:26:09,664 - __main__ - INFO -   Cooldown: 5.01s (configured: 5s)
2025-09-12 21:26:09,664 - __main__ - INFO - ============================================================
2025-09-12 21:26:09,664 - __main__ - INFO - v4.0 30-feature 4-subnet traffic generation scenario finished.
2025-09-12 21:26:09 - [MAIN] - INFO - v4.0 PCAP generation complete.
2025-09-12 21:26:09 - [MAIN] - INFO - Processing 7 PCAP files using 4 CPU cores for 30-feature extraction...
2025-09-12 21:26:09,665 - __main__ - INFO - === PARALLEL PCAP PROCESSING START ===
2025-09-12 21:26:09,665 - __main__ - INFO - Files to process: 7
2025-09-12 21:26:09,665 - __main__ - INFO - Max workers: 4
2025-09-12 21:26:09,665 - __main__ - INFO - Output directory: /home/user/Desktop/dataset_generation/main_output/v4/120925-51
2025-09-12 21:26:09,666 - __main__ - INFO -   - normal.pcap -> normal
2025-09-12 21:26:09,666 - __main__ - INFO -   - syn_flood.pcap -> syn_flood
2025-09-12 21:26:09,666 - __main__ - INFO -   - udp_flood.pcap -> udp_flood
2025-09-12 21:26:09,666 - __main__ - INFO -   - icmp_flood.pcap -> icmp_flood
2025-09-12 21:26:09,666 - __main__ - INFO -   - ad_syn.pcap -> ad_syn
2025-09-12 21:26:09,666 - __main__ - INFO -   - ad_udp.pcap -> ad_udp
2025-09-12 21:26:09,666 - __main__ - INFO -   - ad_slow.pcap -> ad_slow
2025-09-12 21:26:09,666 - __main__ - INFO - ✅ Set current process affinity to cores [0, 1, 2, 3, 4, 5, 6, 7, 8, 9, 10, 11, 12, 13, 14, 15] for pcap
2025-09-12 21:26:09,666 - __main__ - INFO - ✅ Set CPU affinity for PCAP processing (all cores)
2025-09-12 21:26:09,668 - __main__ - INFO - Submitting processing jobs...
2025-09-12 21:26:09,686 - __main__ - INFO - ✓ Submitted job for normal.pcap
2025-09-12 21:26:09,687 - __main__ - INFO - ✓ Submitted job for syn_flood.pcap
2025-09-12 21:26:09,688 - __main__ - INFO - ✓ Submitted job for udp_flood.pcap
2025-09-12 21:26:09,688 - __main__ - INFO - ✓ Submitted job for icmp_flood.pcap
2025-09-12 21:26:09,688 - __main__ - INFO - ✓ Submitted job for ad_syn.pcap
2025-09-12 21:26:09,688 - __main__ - INFO - ✓ Submitted job for ad_udp.pcap
2025-09-12 21:26:09,689 - __main__ - INFO - ✓ Submitted job for ad_slow.pcap
2025-09-12 21:26:09,689 - __main__ - INFO - Processing 7 submitted jobs...
2025-09-12 21:26:09,689 - __main__ - INFO - Waiting for result from normal.pcap...
2025-09-12 21:26:19,042 - __main__ - INFO - ✓ Completed processing normal.pcap (10791 records with 32 features)
2025-09-12 21:26:19,042 - __main__ - INFO - Waiting for result from syn_flood.pcap...
2025-09-12 21:26:19,042 - __main__ - INFO - ✓ Completed processing syn_flood.pcap (3608 records with 32 features)
2025-09-12 21:26:19,042 - __main__ - INFO - Waiting for result from udp_flood.pcap...
2025-09-12 21:26:19,042 - __main__ - INFO - ✓ Completed processing udp_flood.pcap (3910 records with 32 features)
2025-09-12 21:26:19,043 - __main__ - INFO - Waiting for result from icmp_flood.pcap...
2025-09-12 21:26:19,043 - __main__ - INFO - ✓ Completed processing icmp_flood.pcap (4056 records with 32 features)
2025-09-12 21:26:19,043 - __main__ - INFO - Waiting for result from ad_syn.pcap...
2025-09-12 21:26:19,043 - __main__ - INFO - ✓ Completed processing ad_syn.pcap (4912 records with 32 features)
2025-09-12 21:26:19,043 - __main__ - INFO - Waiting for result from ad_udp.pcap...
2025-09-12 21:26:19,043 - __main__ - INFO - ✓ Completed processing ad_udp.pcap (5112 records with 32 features)
2025-09-12 21:26:19,043 - __main__ - INFO - Waiting for result from ad_slow.pcap...
2025-09-12 21:26:19,043 - __main__ - INFO - ✓ Completed processing ad_slow.pcap (408 records with 32 features)
2025-09-12 21:26:19,062 - __main__ - INFO - === PARALLEL PROCESSING SUMMARY ===
2025-09-12 21:26:19,062 - __main__ - INFO - Total files submitted: 7
2025-09-12 21:26:19,062 - __main__ - INFO - Successful processing: 7
2025-09-12 21:26:19,062 - __main__ - INFO - Failed processing: 0
2025-09-12 21:26:19,062 - __main__ - INFO - Individual file results:
2025-09-12 21:26:19,062 - __main__ - INFO -   ✓ normal.pcap: SUCCESS (10791 rows)
2025-09-12 21:26:19,062 - __main__ - INFO -   ✓ syn_flood.pcap: SUCCESS (3608 rows)
2025-09-12 21:26:19,062 - __main__ - INFO -   ✓ udp_flood.pcap: SUCCESS (3910 rows)
2025-09-12 21:26:19,062 - __main__ - INFO -   ✓ icmp_flood.pcap: SUCCESS (4056 rows)
2025-09-12 21:26:19,062 - __main__ - INFO -   ✓ ad_syn.pcap: SUCCESS (4912 rows)
2025-09-12 21:26:19,062 - __main__ - INFO -   ✓ ad_udp.pcap: SUCCESS (5112 rows)
2025-09-12 21:26:19,063 - __main__ - INFO -   ✓ ad_slow.pcap: SUCCESS (408 rows)
2025-09-12 21:26:19,063 - __main__ - INFO - ✓ Parallel PCAP processing completed. 7 files processed successfully.
2025-09-12 21:26:19,063 - __main__ - INFO - === PARALLEL PCAP PROCESSING END ===
2025-09-12 21:26:19 - [MAIN] - INFO - Parallel 30-feature PCAP processing completed in 9.40 seconds (0.16 minutes)
2025-09-12 21:26:19 - [MAIN] - INFO - v4.0 30-feature combined labeled CSV generated at: main_output/v4/120925-51/packet_features.csv
2025-09-12 21:26:19 - [MAIN] - INFO - v4.0 final 30-feature combined CSV created successfully.
2025-09-12 21:26:19 - [MAIN] - INFO - 
--- v4.0 30-Feature Packet Counts by Class (4-Subnet Topology) ---
2025-09-12 21:26:19 - [MAIN] - INFO -   normal: 10791 packets
2025-09-12 21:26:19 - [MAIN] - INFO -   ad_udp: 5112 packets
2025-09-12 21:26:19 - [MAIN] - INFO -   ad_syn: 4912 packets
2025-09-12 21:26:19 - [MAIN] - INFO -   icmp_flood: 4056 packets
2025-09-12 21:26:19 - [MAIN] - INFO -   udp_flood: 3910 packets
2025-09-12 21:26:19 - [MAIN] - INFO -   syn_flood: 3608 packets
2025-09-12 21:26:19 - [MAIN] - INFO -   ad_slow: 408 packets
2025-09-12 21:26:19 - [MAIN] - INFO - v4.0 flow-level dataset generated at: main_output/v4/120925-51/flow_features.csv
2025-09-12 21:26:19 - [MAIN] - INFO - 
--- v4.0 Flow Feature Counts by Class (4-Subnet Topology) ---
2025-09-12 21:26:19 - [MAIN] - INFO -   normal: 22453 flows
2025-09-12 21:26:19 - [MAIN] - INFO -   udp_flood: 2520 flows
2025-09-12 21:26:19 - [MAIN] - INFO -   icmp_flood: 1302 flows
2025-09-12 21:26:19 - [MAIN] - INFO -   syn_flood: 1281 flows
2025-09-12 21:26:19 - [MAIN] - INFO -   ad_syn: 1050 flows
2025-09-12 21:26:19 - [MAIN] - INFO -   ad_slow: 1029 flows
2025-09-12 21:26:19 - [MAIN] - INFO -   ad_udp: 385 flows
2025-09-12 21:26:19 - [MAIN] - INFO - Generating v4.0 dataset summary...
2025-09-12 21:26:19 - [MAIN] - INFO - Dataset generation summary displayed above
2025-09-12 21:26:19 - [MAIN] - INFO - Running v4.0 timeline analysis...
2025-09-12 21:26:19 - [MAIN] - INFO - Starting timeline analysis...
2025-09-12 21:26:19 - [MAIN] - INFO - Timeline Analysis Results:
2025-09-12 21:26:19 - [MAIN] - INFO -   Total attack types: 7
2025-09-12 21:26:19 - [MAIN] - INFO -   Good alignment: 6
2025-09-12 21:26:19 - [MAIN] - INFO -   Overall score: 85.7%
2025-09-12 21:26:19 - [MAIN] - INFO -   Status: 👍 GOOD: Timeline alignment is acceptable with minor issues.
2025-09-12 21:26:19 - [MAIN] - WARNING - Poor alignment: ad_slow
2025-09-12 21:26:19 - [MAIN] - INFO - ================================================================================
2025-09-12 21:26:19 - [MAIN] - INFO - v4.0 30-FEATURE FINAL EXECUTION SUMMARY (4-SUBNET TOPOLOGY)
2025-09-12 21:26:19 - [MAIN] - INFO - ================================================================================
2025-09-12 21:26:19 - [MAIN] - INFO - 🚀 Framework Version: v4.0 (4-Subnet Enterprise Topology)
2025-09-12 21:26:19 - [MAIN] - INFO - 📊 Feature Set: 30 features optimized for real-time DDoS detection
2025-09-12 21:26:19 - [MAIN] - INFO - 🎯 Target Latency: <1ms per packet extraction
2025-09-12 21:26:19 - [MAIN] - INFO - ⚡ CPU Affinity Optimization: ENABLED
2025-09-12 21:26:19 - [MAIN] - INFO - 🖥️  Total Cores Utilized: 16
2025-09-12 21:26:19 - [MAIN] - INFO - ⏱️  Total Execution Time: 2190.50 seconds (36.51 minutes | 0.61 hours)
2025-09-12 21:26:19 - [MAIN] - INFO - 📅 v4.0 Dataset Generation Complete: 2025-09-12 21:26:19
2025-09-12 21:26:19 - [MAIN] - INFO - 📈 Timeline Alignment Score: 85.7%
2025-09-12 21:26:19 - [MAIN] - INFO - ✅ Timeline Quality: GOOD
2025-09-12 21:26:19 - [MAIN] - INFO - ================================================================================
2025-09-12 21:26:19 - [MAIN] - INFO - 🎉 v4.0 30-FEATURE REAL-TIME DDOS DETECTION DATASET COMPLETED (4-SUBNET TOPOLOGY)
2025-09-12 21:26:19 - [MAIN] - INFO - 📋 30-Feature Set:
2025-09-12 21:26:19 - [MAIN] - INFO -    • 24 Pure Live Extractable Features (direct packet header fields)
2025-09-12 21:26:19 - [MAIN] - INFO -    • 4 Minimal Calculation Features (lightweight processing)
2025-09-12 21:26:19 - [MAIN] - INFO -    • 2 Labels (multi-class + binary)
2025-09-12 21:26:19 - [MAIN] - INFO -    • Timeline-ordered for ML training compatibility
2025-09-12 21:26:19 - [MAIN] - INFO -    • Optimized for production real-time deployment
2025-09-12 21:26:19 - [MAIN] - INFO - 🏢 4-Subnet Enterprise Network Topology:
2025-09-12 21:26:19 - [MAIN] - INFO -    • Inter-subnet attack scenarios (cross-network DDoS)
2025-09-12 21:26:19 - [MAIN] - INFO -    • Realistic enterprise network segmentation
2025-09-12 21:26:19 - [MAIN] - INFO -    • Layer 3 routing with SDN controller
2025-09-12 21:26:19 - [MAIN] - INFO -    • Enhanced attack diversity and realism
2025-09-12 21:26:19 - [MAIN] - INFO - ================================================================================
2025-09-12 21:26:19,925 - __main__ - INFO - Cleaning up resources...
2025-09-12 21:26:19,925 - __main__ - INFO - Terminating Ryu controller (PID: 52076)...
2025-09-12 21:26:19,929 - __main__ - INFO - Cleaning up Mininet environment...
2025-09-12 21:26:21,547 - __main__ - INFO - Cleanup complete.
