2025-09-12 20:20:15,527 - attack_logger - INFO - Attack: Enhanced SYN Flood (11s) | h1 -> h6
2025-09-12 20:20:18,046 - attack_logger - INFO - [syn_flood] [Run ID: e2353f2b-9682-4e28-8b78-e2f05c34f7bf] Starting Enhanced SYN Flood from h1 to 192.168.30.10 for 11 seconds.
2025-09-12 20:20:18,046 - attack_logger - INFO - [syn_flood] [Run ID: e2353f2b-9682-4e28-8b78-e2f05c34f7bf] Attack Phase: Enhanced Traditional SYN Flood - Attacker: h1, Target: 192.168.30.10:80, Duration: 11s
2025-09-12 20:20:18,046 - attack_logger - INFO - [syn_flood] [Run ID: e2353f2b-9682-4e28-8b78-e2f05c34f7bf] Enhanced Features: Human-like timing, protocol compliance, network delay simulation
2025-09-12 20:20:18,047 - attack_logger - INFO - [syn_flood] [Run ID: e2353f2b-9682-4e28-8b78-e2f05c34f7bf] Session pattern: 1 phases, Circadian factor: 0.50, Workday factor: 0.50
2025-09-12 20:20:18,047 - attack_logger - DEBUG - [syn_flood] [Run ID: e2353f2b-9682-4e28-8b78-e2f05c34f7bf] Starting enhanced SYN packet generation with human-like timing
2025-09-12 20:20:18,047 - attack_logger - INFO - [syn_flood] [Run ID: e2353f2b-9682-4e28-8b78-e2f05c34f7bf] Stress phase: 3s, Advanced phase: 8s
2025-09-12 20:20:21,668 - attack_logger - INFO - [syn_flood] [Run ID: e2353f2b-9682-4e28-8b78-e2f05c34f7bf] Stress phase completed
2025-09-12 20:20:21,691 - attack_logger - INFO - [syn_flood] [Run ID: e2353f2b-9682-4e28-8b78-e2f05c34f7bf] Enhanced SYN flood process started (PID: 42360)
2025-09-12 20:20:22,744 - attack_logger - INFO - [syn_flood] [Run ID: e2353f2b-9682-4e28-8b78-e2f05c34f7bf] Attack progress: 1.1s elapsed, ~0 packets sent, Rate: 0.0 pps, Phase: break (intensity: 0.11)
2025-09-12 20:20:22,744 - attack_logger - DEBUG - [syn_flood] [Run ID: e2353f2b-9682-4e28-8b78-e2f05c34f7bf] Process stats - CPU: 0.0%, Memory: 60.0MB
2025-09-12 20:20:22,744 - attack_logger - DEBUG - [syn_flood] [Run ID: e2353f2b-9682-4e28-8b78-e2f05c34f7bf] Timing factors - Circadian: 0.50, Workday: 0.50, Adjusted rate: 0.8 pps
2025-09-12 20:20:23,756 - attack_logger - INFO - [syn_flood] [Run ID: e2353f2b-9682-4e28-8b78-e2f05c34f7bf] Attack progress: 2.1s elapsed, ~1 packets sent, Rate: 0.5 pps, Phase: break (intensity: 0.11)
2025-09-12 20:20:23,756 - attack_logger - DEBUG - [syn_flood] [Run ID: e2353f2b-9682-4e28-8b78-e2f05c34f7bf] Process stats - CPU: 0.0%, Memory: 60.0MB
2025-09-12 20:20:23,756 - attack_logger - DEBUG - [syn_flood] [Run ID: e2353f2b-9682-4e28-8b78-e2f05c34f7bf] Timing factors - Circadian: 0.50, Workday: 0.50, Adjusted rate: 0.8 pps
2025-09-12 20:20:24,787 - attack_logger - INFO - [syn_flood] [Run ID: e2353f2b-9682-4e28-8b78-e2f05c34f7bf] Attack progress: 3.1s elapsed, ~2 packets sent, Rate: 0.6 pps, Phase: break (intensity: 0.11)
2025-09-12 20:20:24,787 - attack_logger - DEBUG - [syn_flood] [Run ID: e2353f2b-9682-4e28-8b78-e2f05c34f7bf] Process stats - CPU: 0.0%, Memory: 60.0MB
2025-09-12 20:20:24,787 - attack_logger - DEBUG - [syn_flood] [Run ID: e2353f2b-9682-4e28-8b78-e2f05c34f7bf] Timing factors - Circadian: 0.50, Workday: 0.50, Adjusted rate: 0.7 pps
2025-09-12 20:20:25,826 - attack_logger - INFO - [syn_flood] [Run ID: e2353f2b-9682-4e28-8b78-e2f05c34f7bf] Attack progress: 4.2s elapsed, ~2 packets sent, Rate: 0.5 pps, Phase: break (intensity: 0.11)
2025-09-12 20:20:25,826 - attack_logger - DEBUG - [syn_flood] [Run ID: e2353f2b-9682-4e28-8b78-e2f05c34f7bf] Process stats - CPU: 0.0%, Memory: 60.2MB
2025-09-12 20:20:25,826 - attack_logger - DEBUG - [syn_flood] [Run ID: e2353f2b-9682-4e28-8b78-e2f05c34f7bf] Timing factors - Circadian: 0.50, Workday: 0.50, Adjusted rate: 0.6 pps
2025-09-12 20:20:26,826 - attack_logger - INFO - [syn_flood] [Run ID: e2353f2b-9682-4e28-8b78-e2f05c34f7bf] Attack progress: 5.2s elapsed, ~3 packets sent, Rate: 0.6 pps, Phase: break (intensity: 0.11)
2025-09-12 20:20:26,826 - attack_logger - DEBUG - [syn_flood] [Run ID: e2353f2b-9682-4e28-8b78-e2f05c34f7bf] Process stats - CPU: 0.0%, Memory: 60.2MB
2025-09-12 20:20:26,826 - attack_logger - DEBUG - [syn_flood] [Run ID: e2353f2b-9682-4e28-8b78-e2f05c34f7bf] Timing factors - Circadian: 0.50, Workday: 0.50, Adjusted rate: 0.7 pps
2025-09-12 20:20:27,917 - attack_logger - INFO - [syn_flood] [Run ID: e2353f2b-9682-4e28-8b78-e2f05c34f7bf] Attack progress: 6.2s elapsed, ~4 packets sent, Rate: 0.6 pps, Phase: break (intensity: 0.11)
2025-09-12 20:20:27,917 - attack_logger - DEBUG - [syn_flood] [Run ID: e2353f2b-9682-4e28-8b78-e2f05c34f7bf] Process stats - CPU: 0.0%, Memory: 60.2MB
2025-09-12 20:20:27,917 - attack_logger - DEBUG - [syn_flood] [Run ID: e2353f2b-9682-4e28-8b78-e2f05c34f7bf] Timing factors - Circadian: 0.50, Workday: 0.50, Adjusted rate: 0.8 pps
2025-09-12 20:20:28,917 - attack_logger - INFO - [syn_flood] [Run ID: e2353f2b-9682-4e28-8b78-e2f05c34f7bf] Attack progress: 7.2s elapsed, ~5 packets sent, Rate: 0.7 pps, Phase: break (intensity: 0.11)
2025-09-12 20:20:28,917 - attack_logger - DEBUG - [syn_flood] [Run ID: e2353f2b-9682-4e28-8b78-e2f05c34f7bf] Process stats - CPU: 0.0%, Memory: 60.2MB
2025-09-12 20:20:28,917 - attack_logger - DEBUG - [syn_flood] [Run ID: e2353f2b-9682-4e28-8b78-e2f05c34f7bf] Timing factors - Circadian: 0.50, Workday: 0.50, Adjusted rate: 0.7 pps
2025-09-12 20:20:29,751 - attack_logger - DEBUG - [syn_flood] [Run ID: e2353f2b-9682-4e28-8b78-e2f05c34f7bf] Sent SIGINT to SYN flood process 42360
2025-09-12 20:20:30,252 - attack_logger - INFO - [syn_flood] [Run ID: e2353f2b-9682-4e28-8b78-e2f05c34f7bf] Enhanced SYN Flood from h1 to 192.168.30.10 finished.
2025-09-12 20:20:30,252 - attack_logger - INFO - [syn_flood] [Run ID: e2353f2b-9682-4e28-8b78-e2f05c34f7bf] Attack completed. Total packets sent = 52, Average rate = 6.43 packets/sec.
2025-09-12 20:20:30,252 - attack_logger - INFO - [syn_flood] [Run ID: e2353f2b-9682-4e28-8b78-e2f05c34f7bf] --- Enhanced Attack Summary ---
2025-09-12 20:20:30,252 - attack_logger - INFO - [syn_flood] [Run ID: e2353f2b-9682-4e28-8b78-e2f05c34f7bf] Total packets sent: 52
2025-09-12 20:20:30,252 - attack_logger - INFO - [syn_flood] [Run ID: e2353f2b-9682-4e28-8b78-e2f05c34f7bf] Actual duration: 8.08s
2025-09-12 20:20:30,252 - attack_logger - INFO - [syn_flood] [Run ID: e2353f2b-9682-4e28-8b78-e2f05c34f7bf] Average rate: 6.43 packets/sec
2025-09-12 20:20:30,252 - attack_logger - INFO - [syn_flood] [Run ID: e2353f2b-9682-4e28-8b78-e2f05c34f7bf] Base rate: 26.1 pps
2025-09-12 20:20:30,252 - attack_logger - INFO - [syn_flood] [Run ID: e2353f2b-9682-4e28-8b78-e2f05c34f7bf] Circadian factor: 0.50
2025-09-12 20:20:30,252 - attack_logger - INFO - [syn_flood] [Run ID: e2353f2b-9682-4e28-8b78-e2f05c34f7bf] Workday factor: 0.50
2025-09-12 20:20:30,252 - attack_logger - INFO - [syn_flood] [Run ID: e2353f2b-9682-4e28-8b78-e2f05c34f7bf] Session phases: 1
2025-09-12 20:20:30,252 - attack_logger - INFO - [syn_flood] [Run ID: e2353f2b-9682-4e28-8b78-e2f05c34f7bf] Target port: 80
2025-09-12 20:20:30,252 - attack_logger - INFO - [syn_flood] [Run ID: e2353f2b-9682-4e28-8b78-e2f05c34f7bf] Attack method: Enhanced SYN Flood with Human-like Timing
2025-09-12 20:20:30,252 - attack_logger - INFO - [syn_flood] [Run ID: e2353f2b-9682-4e28-8b78-e2f05c34f7bf] Enhancement features: Human timing patterns, protocol compliance, network delay simulation
2025-09-12 20:20:30,252 - attack_logger - INFO - [syn_flood] [Run ID: e2353f2b-9682-4e28-8b78-e2f05c34f7bf] TCP options: MSS, WScale, Timestamp, SAckOK
2025-09-12 20:20:30,252 - attack_logger - INFO - [syn_flood] [Run ID: e2353f2b-9682-4e28-8b78-e2f05c34f7bf] ----------------------------------------
2025-09-12 20:20:30,324 - attack_logger - INFO - Attack: Enhanced SYN Flood completed.
2025-09-12 20:20:30,324 - attack_logger - INFO - Attack: Enhanced UDP Flood (22s) | h1 -> h6
2025-09-12 20:20:32,838 - attack_logger - INFO - [udp_flood] [Run ID: 8596769a-ab84-4859-8ba6-c0984d8d4641] Starting Enhanced UDP Flood from h1 to 192.168.30.10 for 22 seconds.
2025-09-12 20:20:32,838 - attack_logger - INFO - [udp_flood] [Run ID: 8596769a-ab84-4859-8ba6-c0984d8d4641] Attack Phase: Enhanced Traditional UDP Flood - Attacker: h1, Target: 192.168.30.10:53, Duration: 22s
2025-09-12 20:20:32,838 - attack_logger - INFO - [udp_flood] [Run ID: 8596769a-ab84-4859-8ba6-c0984d8d4641] Enhanced Features: Human-like timing, protocol compliance, network delay simulation
2025-09-12 20:20:32,838 - attack_logger - INFO - [udp_flood] [Run ID: 8596769a-ab84-4859-8ba6-c0984d8d4641] Stress phase: 6s, Advanced phase: 16s
2025-09-12 20:20:39,409 - attack_logger - INFO - [udp_flood] [Run ID: 8596769a-ab84-4859-8ba6-c0984d8d4641] Stress phase completed
2025-09-12 20:20:39,410 - attack_logger - INFO - [udp_flood] [Run ID: 8596769a-ab84-4859-8ba6-c0984d8d4641] Session pattern: 1 phases, Circadian factor: 0.50, Workday factor: 0.50
2025-09-12 20:20:39,410 - attack_logger - DEBUG - [udp_flood] [Run ID: 8596769a-ab84-4859-8ba6-c0984d8d4641] Starting enhanced UDP packet generation with human-like timing
2025-09-12 20:20:39,417 - attack_logger - INFO - [udp_flood] [Run ID: 8596769a-ab84-4859-8ba6-c0984d8d4641] Enhanced UDP flood process started (PID: 42372)
2025-09-12 20:20:42,511 - attack_logger - INFO - [udp_flood] [Run ID: 8596769a-ab84-4859-8ba6-c0984d8d4641] Attack progress: 3.1s elapsed, ~16 packets sent, Rate: 5.2 pps, Phase: active (intensity: 0.92)
2025-09-12 20:20:42,511 - attack_logger - DEBUG - [udp_flood] [Run ID: 8596769a-ab84-4859-8ba6-c0984d8d4641] Process stats - CPU: 0.0%, Memory: 60.0MB
2025-09-12 20:20:42,511 - attack_logger - DEBUG - [udp_flood] [Run ID: 8596769a-ab84-4859-8ba6-c0984d8d4641] Timing factors - Circadian: 0.50, Workday: 0.50, Adjusted rate: 5.2 pps
2025-09-12 20:20:45,568 - attack_logger - INFO - [udp_flood] [Run ID: 8596769a-ab84-4859-8ba6-c0984d8d4641] Attack progress: 6.2s elapsed, ~34 packets sent, Rate: 5.5 pps, Phase: active (intensity: 0.92)
2025-09-12 20:20:45,568 - attack_logger - DEBUG - [udp_flood] [Run ID: 8596769a-ab84-4859-8ba6-c0984d8d4641] Process stats - CPU: 0.0%, Memory: 60.2MB
2025-09-12 20:20:45,568 - attack_logger - DEBUG - [udp_flood] [Run ID: 8596769a-ab84-4859-8ba6-c0984d8d4641] Timing factors - Circadian: 0.50, Workday: 0.50, Adjusted rate: 5.6 pps
2025-09-12 20:20:48,573 - attack_logger - INFO - [udp_flood] [Run ID: 8596769a-ab84-4859-8ba6-c0984d8d4641] Attack progress: 9.2s elapsed, ~59 packets sent, Rate: 6.4 pps, Phase: active (intensity: 0.92)
2025-09-12 20:20:48,573 - attack_logger - DEBUG - [udp_flood] [Run ID: 8596769a-ab84-4859-8ba6-c0984d8d4641] Process stats - CPU: 0.0%, Memory: 60.2MB
2025-09-12 20:20:48,573 - attack_logger - DEBUG - [udp_flood] [Run ID: 8596769a-ab84-4859-8ba6-c0984d8d4641] Timing factors - Circadian: 0.50, Workday: 0.50, Adjusted rate: 6.5 pps
2025-09-12 20:20:51,630 - attack_logger - INFO - [udp_flood] [Run ID: 8596769a-ab84-4859-8ba6-c0984d8d4641] Attack progress: 12.2s elapsed, ~71 packets sent, Rate: 5.8 pps, Phase: active (intensity: 0.92)
2025-09-12 20:20:51,630 - attack_logger - DEBUG - [udp_flood] [Run ID: 8596769a-ab84-4859-8ba6-c0984d8d4641] Process stats - CPU: 0.0%, Memory: 60.2MB
2025-09-12 20:20:51,630 - attack_logger - DEBUG - [udp_flood] [Run ID: 8596769a-ab84-4859-8ba6-c0984d8d4641] Timing factors - Circadian: 0.50, Workday: 0.50, Adjusted rate: 5.9 pps
2025-09-12 20:20:54,686 - attack_logger - INFO - [udp_flood] [Run ID: 8596769a-ab84-4859-8ba6-c0984d8d4641] Attack progress: 15.3s elapsed, ~95 packets sent, Rate: 6.2 pps, Phase: active (intensity: 0.92)
2025-09-12 20:20:54,687 - attack_logger - DEBUG - [udp_flood] [Run ID: 8596769a-ab84-4859-8ba6-c0984d8d4641] Process stats - CPU: 0.0%, Memory: 60.2MB
2025-09-12 20:20:54,687 - attack_logger - DEBUG - [udp_flood] [Run ID: 8596769a-ab84-4859-8ba6-c0984d8d4641] Timing factors - Circadian: 0.50, Workday: 0.50, Adjusted rate: 6.3 pps
2025-09-12 20:20:55,412 - attack_logger - DEBUG - [udp_flood] [Run ID: 8596769a-ab84-4859-8ba6-c0984d8d4641] Sent SIGINT to UDP flood process 42372
2025-09-12 20:20:55,916 - attack_logger - INFO - [udp_flood] [Run ID: 8596769a-ab84-4859-8ba6-c0984d8d4641] Enhanced UDP Flood from h1 to 192.168.30.10 finished.
2025-09-12 20:20:55,916 - attack_logger - INFO - [udp_flood] [Run ID: 8596769a-ab84-4859-8ba6-c0984d8d4641] Attack completed. Total packets sent = 105, Average rate = 6.56 packets/sec.
2025-09-12 20:20:55,916 - attack_logger - INFO - [udp_flood] [Run ID: 8596769a-ab84-4859-8ba6-c0984d8d4641] --- Enhanced Attack Summary ---
2025-09-12 20:20:55,916 - attack_logger - INFO - [udp_flood] [Run ID: 8596769a-ab84-4859-8ba6-c0984d8d4641] Total packets sent: 105
2025-09-12 20:20:55,916 - attack_logger - INFO - [udp_flood] [Run ID: 8596769a-ab84-4859-8ba6-c0984d8d4641] Actual duration: 16.00s
2025-09-12 20:20:55,916 - attack_logger - INFO - [udp_flood] [Run ID: 8596769a-ab84-4859-8ba6-c0984d8d4641] Average rate: 6.56 packets/sec
2025-09-12 20:20:55,916 - attack_logger - INFO - [udp_flood] [Run ID: 8596769a-ab84-4859-8ba6-c0984d8d4641] Base rate: 26.3 pps
2025-09-12 20:20:55,916 - attack_logger - INFO - [udp_flood] [Run ID: 8596769a-ab84-4859-8ba6-c0984d8d4641] Circadian factor: 0.50
2025-09-12 20:20:55,916 - attack_logger - INFO - [udp_flood] [Run ID: 8596769a-ab84-4859-8ba6-c0984d8d4641] Workday factor: 0.50
2025-09-12 20:20:55,916 - attack_logger - INFO - [udp_flood] [Run ID: 8596769a-ab84-4859-8ba6-c0984d8d4641] Session phases: 1
2025-09-12 20:20:55,916 - attack_logger - INFO - [udp_flood] [Run ID: 8596769a-ab84-4859-8ba6-c0984d8d4641] Target port: 53 (DNS)
2025-09-12 20:20:55,916 - attack_logger - INFO - [udp_flood] [Run ID: 8596769a-ab84-4859-8ba6-c0984d8d4641] Attack method: Enhanced UDP Flood with Human-like Timing
2025-09-12 20:20:55,916 - attack_logger - INFO - [udp_flood] [Run ID: 8596769a-ab84-4859-8ba6-c0984d8d4641] Enhancement features: Human timing patterns, protocol compliance, network delay simulation
2025-09-12 20:20:55,916 - attack_logger - INFO - [udp_flood] [Run ID: 8596769a-ab84-4859-8ba6-c0984d8d4641] DNS payloads: Realistic query patterns with varied domains
2025-09-12 20:20:55,916 - attack_logger - INFO - [udp_flood] [Run ID: 8596769a-ab84-4859-8ba6-c0984d8d4641] ----------------------------------------
2025-09-12 20:20:56,000 - attack_logger - INFO - Attack: Enhanced UDP Flood completed.
2025-09-12 20:20:56,000 - attack_logger - INFO - Attack: Enhanced ICMP Flood (11s) | h1 -> h4
2025-09-12 20:20:58,521 - attack_logger - INFO - [icmp_flood] [Run ID: a80416a0-7acf-45d7-ae60-02c6c2de5507] Starting Enhanced ICMP Flood with RFC 1918 IP Rotation from h1 to 192.168.20.12 for 11 seconds.
2025-09-12 20:20:58,522 - attack_logger - INFO - [icmp_flood] [Run ID: a80416a0-7acf-45d7-ae60-02c6c2de5507] Attack Phase: Enhanced Traditional ICMP Flood - Attacker: h1, Target: 192.168.20.12, Duration: 11s
2025-09-12 20:20:58,522 - attack_logger - INFO - [icmp_flood] [Run ID: a80416a0-7acf-45d7-ae60-02c6c2de5507] Enhanced Features: RFC 1918 IP rotation, human-like timing, protocol compliance, network delay simulation
2025-09-12 20:20:58,522 - attack_logger - INFO - [icmp_flood] [Run ID: a80416a0-7acf-45d7-ae60-02c6c2de5507] IP Pool Size: 50 source IPs from RFC 1918 ranges (10.0.0.0/8, 172.16.0.0/12, 192.168.0.0/16)
2025-09-12 20:20:58,522 - attack_logger - INFO - [icmp_flood] [Run ID: a80416a0-7acf-45d7-ae60-02c6c2de5507] Stress phase total: 3s (host: 1s, gateway: 2s), Advanced phase: 8s
2025-09-12 20:21:00,173 - attack_logger - INFO - [icmp_flood] [Run ID: a80416a0-7acf-45d7-ae60-02c6c2de5507] Host stress sub-phase completed
2025-09-12 20:21:02,755 - attack_logger - INFO - [icmp_flood] [Run ID: a80416a0-7acf-45d7-ae60-02c6c2de5507] Gateway stress sub-phase completed
2025-09-12 20:21:02,755 - attack_logger - INFO - [icmp_flood] [Run ID: a80416a0-7acf-45d7-ae60-02c6c2de5507] Session pattern: 1 phases, Circadian factor: 0.50, Workday factor: 0.50
2025-09-12 20:21:02,756 - attack_logger - DEBUG - [icmp_flood] [Run ID: a80416a0-7acf-45d7-ae60-02c6c2de5507] Starting enhanced ICMP packet generation with IP rotation and human-like timing
2025-09-12 20:21:02,763 - attack_logger - INFO - [icmp_flood] [Run ID: a80416a0-7acf-45d7-ae60-02c6c2de5507] Enhanced ICMP flood with IP rotation process started (PID: 42385)
2025-09-12 20:21:03,819 - attack_logger - INFO - [icmp_flood] [Run ID: a80416a0-7acf-45d7-ae60-02c6c2de5507] Attack progress: 1.1s elapsed, ~3 packets sent, Rate: 2.8 pps, IP rotations: ~0, Phase: active (intensity: 0.72)
2025-09-12 20:21:03,819 - attack_logger - DEBUG - [icmp_flood] [Run ID: a80416a0-7acf-45d7-ae60-02c6c2de5507] Process stats - CPU: 0.0%, Memory: 60.3MB
2025-09-12 20:21:03,819 - attack_logger - DEBUG - [icmp_flood] [Run ID: a80416a0-7acf-45d7-ae60-02c6c2de5507] Timing factors - Circadian: 0.50, Workday: 0.50, Adjusted rate: 3.7 pps
2025-09-12 20:21:04,845 - attack_logger - INFO - [icmp_flood] [Run ID: a80416a0-7acf-45d7-ae60-02c6c2de5507] Attack progress: 2.1s elapsed, ~10 packets sent, Rate: 4.8 pps, IP rotations: ~0, Phase: active (intensity: 0.72)
2025-09-12 20:21:04,845 - attack_logger - DEBUG - [icmp_flood] [Run ID: a80416a0-7acf-45d7-ae60-02c6c2de5507] Process stats - CPU: 0.0%, Memory: 60.5MB
2025-09-12 20:21:04,845 - attack_logger - DEBUG - [icmp_flood] [Run ID: a80416a0-7acf-45d7-ae60-02c6c2de5507] Timing factors - Circadian: 0.50, Workday: 0.50, Adjusted rate: 5.0 pps
2025-09-12 20:21:05,882 - attack_logger - INFO - [icmp_flood] [Run ID: a80416a0-7acf-45d7-ae60-02c6c2de5507] Attack progress: 3.1s elapsed, ~12 packets sent, Rate: 3.8 pps, IP rotations: ~0, Phase: active (intensity: 0.72)
2025-09-12 20:21:05,882 - attack_logger - DEBUG - [icmp_flood] [Run ID: a80416a0-7acf-45d7-ae60-02c6c2de5507] Process stats - CPU: 0.0%, Memory: 60.5MB
2025-09-12 20:21:05,882 - attack_logger - DEBUG - [icmp_flood] [Run ID: a80416a0-7acf-45d7-ae60-02c6c2de5507] Timing factors - Circadian: 0.50, Workday: 0.50, Adjusted rate: 4.1 pps
2025-09-12 20:21:06,893 - attack_logger - INFO - [icmp_flood] [Run ID: a80416a0-7acf-45d7-ae60-02c6c2de5507] Attack progress: 4.1s elapsed, ~21 packets sent, Rate: 5.1 pps, IP rotations: ~1, Phase: active (intensity: 0.72)
2025-09-12 20:21:06,893 - attack_logger - DEBUG - [icmp_flood] [Run ID: a80416a0-7acf-45d7-ae60-02c6c2de5507] Process stats - CPU: 0.0%, Memory: 60.5MB
2025-09-12 20:21:06,894 - attack_logger - DEBUG - [icmp_flood] [Run ID: a80416a0-7acf-45d7-ae60-02c6c2de5507] Timing factors - Circadian: 0.50, Workday: 0.50, Adjusted rate: 5.3 pps
2025-09-12 20:21:07,972 - attack_logger - INFO - [icmp_flood] [Run ID: a80416a0-7acf-45d7-ae60-02c6c2de5507] Attack progress: 5.2s elapsed, ~19 packets sent, Rate: 3.6 pps, IP rotations: ~1, Phase: active (intensity: 0.72)
2025-09-12 20:21:07,972 - attack_logger - DEBUG - [icmp_flood] [Run ID: a80416a0-7acf-45d7-ae60-02c6c2de5507] Process stats - CPU: 0.0%, Memory: 60.5MB
2025-09-12 20:21:07,972 - attack_logger - DEBUG - [icmp_flood] [Run ID: a80416a0-7acf-45d7-ae60-02c6c2de5507] Timing factors - Circadian: 0.50, Workday: 0.50, Adjusted rate: 3.7 pps
2025-09-12 20:21:09,017 - attack_logger - INFO - [icmp_flood] [Run ID: a80416a0-7acf-45d7-ae60-02c6c2de5507] Attack progress: 6.3s elapsed, ~32 packets sent, Rate: 5.1 pps, IP rotations: ~2, Phase: active (intensity: 0.72)
2025-09-12 20:21:09,017 - attack_logger - DEBUG - [icmp_flood] [Run ID: a80416a0-7acf-45d7-ae60-02c6c2de5507] Process stats - CPU: 0.0%, Memory: 60.5MB
2025-09-12 20:21:09,017 - attack_logger - DEBUG - [icmp_flood] [Run ID: a80416a0-7acf-45d7-ae60-02c6c2de5507] Timing factors - Circadian: 0.50, Workday: 0.50, Adjusted rate: 5.2 pps
2025-09-12 20:21:10,114 - attack_logger - INFO - [icmp_flood] [Run ID: a80416a0-7acf-45d7-ae60-02c6c2de5507] Attack progress: 7.4s elapsed, ~39 packets sent, Rate: 5.3 pps, IP rotations: ~2, Phase: active (intensity: 0.72)
2025-09-12 20:21:10,114 - attack_logger - DEBUG - [icmp_flood] [Run ID: a80416a0-7acf-45d7-ae60-02c6c2de5507] Process stats - CPU: 0.0%, Memory: 60.5MB
2025-09-12 20:21:10,114 - attack_logger - DEBUG - [icmp_flood] [Run ID: a80416a0-7acf-45d7-ae60-02c6c2de5507] Timing factors - Circadian: 0.50, Workday: 0.50, Adjusted rate: 5.4 pps
2025-09-12 20:21:10,769 - attack_logger - DEBUG - [icmp_flood] [Run ID: a80416a0-7acf-45d7-ae60-02c6c2de5507] Sent SIGINT to ICMP flood process 42385
2025-09-12 20:21:11,271 - attack_logger - INFO - [icmp_flood] [Run ID: a80416a0-7acf-45d7-ae60-02c6c2de5507] Enhanced ICMP Flood with RFC 1918 IP Rotation from h1 to 192.168.20.12 finished.
2025-09-12 20:21:11,271 - attack_logger - INFO - [icmp_flood] [Run ID: a80416a0-7acf-45d7-ae60-02c6c2de5507] Attack completed. Total packets sent = 52, Average rate = 6.49 packets/sec.
2025-09-12 20:21:11,271 - attack_logger - INFO - [icmp_flood] [Run ID: a80416a0-7acf-45d7-ae60-02c6c2de5507] --- Enhanced Attack Summary ---
2025-09-12 20:21:11,271 - attack_logger - INFO - [icmp_flood] [Run ID: a80416a0-7acf-45d7-ae60-02c6c2de5507] Total packets sent: 52
2025-09-12 20:21:11,271 - attack_logger - INFO - [icmp_flood] [Run ID: a80416a0-7acf-45d7-ae60-02c6c2de5507] Total IP rotations: ~3
2025-09-12 20:21:11,271 - attack_logger - INFO - [icmp_flood] [Run ID: a80416a0-7acf-45d7-ae60-02c6c2de5507] RFC 1918 IP pool size: 50
2025-09-12 20:21:11,271 - attack_logger - INFO - [icmp_flood] [Run ID: a80416a0-7acf-45d7-ae60-02c6c2de5507] IP ranges used: 10.0.0.0/8, 172.16.0.0/12, 192.168.0.0/16
2025-09-12 20:21:11,271 - attack_logger - INFO - [icmp_flood] [Run ID: a80416a0-7acf-45d7-ae60-02c6c2de5507] Actual duration: 8.01s
2025-09-12 20:21:11,271 - attack_logger - INFO - [icmp_flood] [Run ID: a80416a0-7acf-45d7-ae60-02c6c2de5507] Average rate: 6.49 packets/sec
2025-09-12 20:21:11,271 - attack_logger - INFO - [icmp_flood] [Run ID: a80416a0-7acf-45d7-ae60-02c6c2de5507] Base rate: 26.2 pps
2025-09-12 20:21:11,271 - attack_logger - INFO - [icmp_flood] [Run ID: a80416a0-7acf-45d7-ae60-02c6c2de5507] Circadian factor: 0.50
2025-09-12 20:21:11,271 - attack_logger - INFO - [icmp_flood] [Run ID: a80416a0-7acf-45d7-ae60-02c6c2de5507] Workday factor: 0.50
2025-09-12 20:21:11,271 - attack_logger - INFO - [icmp_flood] [Run ID: a80416a0-7acf-45d7-ae60-02c6c2de5507] Session phases: 1
2025-09-12 20:21:11,271 - attack_logger - INFO - [icmp_flood] [Run ID: a80416a0-7acf-45d7-ae60-02c6c2de5507] ICMP type: Echo Request (8) with ID/Seq variations
2025-09-12 20:21:11,271 - attack_logger - INFO - [icmp_flood] [Run ID: a80416a0-7acf-45d7-ae60-02c6c2de5507] Attack method: Enhanced ICMP Flood with RFC 1918 IP Rotation
2025-09-12 20:21:11,271 - attack_logger - INFO - [icmp_flood] [Run ID: a80416a0-7acf-45d7-ae60-02c6c2de5507] Enhancement features: RFC 1918 IP rotation, human timing patterns, protocol compliance, network delay simulation
2025-09-12 20:21:11,271 - attack_logger - INFO - [icmp_flood] [Run ID: a80416a0-7acf-45d7-ae60-02c6c2de5507] ----------------------------------------
2025-09-12 20:21:11,316 - attack_logger - INFO - Attack: Enhanced ICMP Flood completed.
2025-09-12 20:21:11,825 - attack_logger - INFO - Attack: ENHANCED Adversarial TCP State Exhaustion (8s) | h1 -> h6
2025-09-12 20:21:23,009 - attack_logger - INFO - Attack: ENHANCED Adversarial Application Layer (3s) | h1 -> h6
2025-09-12 20:21:29,206 - attack_logger - INFO - Attack: ENHANCED Adversarial Slow Read (9s) | h1 -> h6
2025-09-12 20:21:41,490 - attack_logger - INFO - Attack: ENHANCED Adversarial Slow Read completed.
