2025-09-12 20:16:53 - [BENIGN] - INFO - Starting benign traffic for 200 seconds...
2025-09-12 20:16:53 - [BENIGN] - INFO - Protocol separation: h2↔h5 (ICMP), h3↔h5 (TCP/UDP)
2025-09-12 20:16:53 - [BENIGN] - DEBUG - Generated ICMP traffic h2↔h5 0 [len=84B]
2025-09-12 20:16:54 - [BENIGN] - DEBUG - Generated TCP SYN from h3:31941 -> h5:12345 [len=54B]
2025-09-12 20:16:55 - [BENIGN] - DEBUG - Generated TCP SYN-ACK from h5:12345 <- h3:31941 [len=54B]
2025-09-12 20:16:55 - [BENIGN] - DEBUG - Generated TCP ACK from h3:31941 -> h5:12345 [len=54B]
2025-09-12 20:16:56 - [BENIGN] - DEBUG - Generated TCP data traffic from h3:31941 -> h5:12345 [content='TCP data'] [Session 1] [len=448B]
2025-09-12 20:16:57 - [BENIGN] - DEBUG - Generated TCP ACK reply from h5:12345 <- h3:31941 [len=54B]
2025-09-12 20:16:57 - [BENIGN] - DEBUG - Generated UDP traffic from h3:41919 -> h5:12346 [content='32a5ed3fecbdcc7f05c7a6811afc36922c012e53...'] [Session 2] [len=146B]
2025-09-12 20:16:58 - [BENIGN] - DEBUG - Generated Telnet SYN from h3:22795 -> h5:23 [len=54B]
2025-09-12 20:16:59 - [BENIGN] - DEBUG - Generated Telnet SYN-ACK from h5:23 <- h3:22795 [len=54B]
2025-09-12 20:16:59 - [BENIGN] - DEBUG - Generated Telnet ACK from h3:22795 -> h5:23 [len=54B]
2025-09-12 20:17:00 - [BENIGN] - DEBUG - Generated Telnet data traffic from h3:22795 -> h5:23 [content='Telnet command'] [Session 3] [len=753B]
2025-09-12 20:17:00 - [BENIGN] - DEBUG - Generated Telnet ACK reply from h5:23 <- h3:22795 [len=54B]
2025-09-12 20:17:01 - [BENIGN] - DEBUG - Generated SSH SYN from h3:46756 -> h5:22 [len=54B]
2025-09-12 20:17:02 - [BENIGN] - DEBUG - Generated SSH SYN-ACK from h5:22 <- h3:46756 [len=54B]
2025-09-12 20:17:02 - [BENIGN] - DEBUG - Generated SSH ACK from h3:46756 -> h5:22 [len=54B]
2025-09-12 20:17:03 - [BENIGN] - DEBUG - Generated SSH data traffic from h3:46756 -> h5:22 [content='SSH encrypted data'] [Session 4] [len=1353B]
2025-09-12 20:17:04 - [BENIGN] - DEBUG - Generated SSH ACK reply from h5:22 <- h3:46756 [len=54B]
2025-09-12 20:17:04 - [BENIGN] - DEBUG - Generated FTP SYN from h3:46143 -> h5:21 [len=54B]
2025-09-12 20:17:05 - [BENIGN] - DEBUG - Generated FTP SYN-ACK from h5:21 <- h3:46143 [len=54B]
2025-09-12 20:17:06 - [BENIGN] - DEBUG - Generated FTP ACK from h3:46143 -> h5:21 [len=54B]
2025-09-12 20:17:06 - [BENIGN] - DEBUG - Generated FTP data traffic from h3:46143 -> h5:21 [content='FTP file transfer'] [Session 5] [len=1165B]
2025-09-12 20:17:07 - [BENIGN] - DEBUG - Generated FTP ACK reply from h5:21 <- h3:46143 [len=54B]
2025-09-12 20:17:08 - [BENIGN] - DEBUG - Generated HTTP SYN from h3:46191 -> h5:80 [len=54B]
2025-09-12 20:17:08 - [BENIGN] - DEBUG - Generated HTTP SYN-ACK from h5:80 <- h3:46191 [len=54B]
2025-09-12 20:17:09 - [BENIGN] - DEBUG - Generated HTTP ACK from h3:46191 -> h5:80 [len=54B]
2025-09-12 20:17:10 - [BENIGN] - DEBUG - Generated HTTP data traffic from h3:46191 -> h5:80 [content='GET /index.html HTTP/1.1'] [Session 6] [len=632B]
2025-09-12 20:17:10 - [BENIGN] - DEBUG - Generated HTTP ACK reply from h5:80 <- h3:46191 [len=54B]
2025-09-12 20:17:11 - [BENIGN] - DEBUG - Generated HTTPS SYN from h3:22893 -> h5:443 [len=54B]
2025-09-12 20:17:11 - [BENIGN] - DEBUG - Generated HTTPS SYN-ACK from h5:443 <- h3:22893 [len=54B]
2025-09-12 20:17:12 - [BENIGN] - DEBUG - Generated HTTPS ACK from h3:22893 -> h5:443 [len=54B]
2025-09-12 20:17:13 - [BENIGN] - DEBUG - Generated HTTPS data traffic from h3:22893 -> h5:443 [content='Encrypted Application Data'] [Session 7] [len=812B]
2025-09-12 20:17:13 - [BENIGN] - DEBUG - Generated HTTPS ACK reply from h5:443 <- h3:22893 [len=54B]
2025-09-12 20:17:14 - [BENIGN] - DEBUG - Generated DNS query from h3:3079 -> h5:53 [qname='example.com'] [Session 8] [len=71B]
2025-09-12 20:17:14 - [BENIGN] - DEBUG - Generated ICMP traffic h2↔h5 1 [len=84B]
2025-09-12 20:17:15 - [BENIGN] - DEBUG - Generated TCP SYN from h3:54390 -> h5:12345 [len=54B]
2025-09-12 20:17:15 - [BENIGN] - DEBUG - Generated TCP SYN-ACK from h5:12345 <- h3:54390 [len=54B]
2025-09-12 20:17:16 - [BENIGN] - DEBUG - Generated TCP ACK from h3:54390 -> h5:12345 [len=54B]
2025-09-12 20:17:16 - [BENIGN] - DEBUG - Generated TCP data traffic from h3:54390 -> h5:12345 [content='TCP data'] [Session 9] [len=175B]
2025-09-12 20:17:17 - [BENIGN] - DEBUG - Generated TCP ACK reply from h5:12345 <- h3:54390 [len=54B]
2025-09-12 20:17:18 - [BENIGN] - DEBUG - Generated UDP traffic from h3:40950 -> h5:12346 [content='fd84b3dbe5990b8797aafac47dce44717a963d3b...'] [Session 10] [len=1390B]
2025-09-12 20:17:18 - [BENIGN] - DEBUG - Generated Telnet SYN from h3:58471 -> h5:23 [len=54B]
2025-09-12 20:17:19 - [BENIGN] - DEBUG - Generated Telnet SYN-ACK from h5:23 <- h3:58471 [len=54B]
2025-09-12 20:17:20 - [BENIGN] - DEBUG - Generated Telnet ACK from h3:58471 -> h5:23 [len=54B]
2025-09-12 20:17:20 - [BENIGN] - DEBUG - Generated Telnet data traffic from h3:58471 -> h5:23 [content='Telnet command'] [Session 11] [len=1396B]
2025-09-12 20:17:21 - [BENIGN] - DEBUG - Generated Telnet ACK reply from h5:23 <- h3:58471 [len=54B]
2025-09-12 20:17:22 - [BENIGN] - DEBUG - Generated SSH SYN from h3:50854 -> h5:22 [len=54B]
2025-09-12 20:17:22 - [BENIGN] - DEBUG - Generated SSH SYN-ACK from h5:22 <- h3:50854 [len=54B]
2025-09-12 20:17:23 - [BENIGN] - DEBUG - Generated SSH ACK from h3:50854 -> h5:22 [len=54B]
2025-09-12 20:17:23 - [BENIGN] - DEBUG - Generated SSH data traffic from h3:50854 -> h5:22 [content='SSH encrypted data'] [Session 12] [len=1450B]
2025-09-12 20:17:24 - [BENIGN] - DEBUG - Generated SSH ACK reply from h5:22 <- h3:50854 [len=54B]
2025-09-12 20:17:25 - [BENIGN] - DEBUG - Generated FTP SYN from h3:61326 -> h5:21 [len=54B]
2025-09-12 20:17:25 - [BENIGN] - DEBUG - Generated FTP SYN-ACK from h5:21 <- h3:61326 [len=54B]
2025-09-12 20:17:26 - [BENIGN] - DEBUG - Generated FTP ACK from h3:61326 -> h5:21 [len=54B]
2025-09-12 20:17:26 - [BENIGN] - DEBUG - Generated FTP data traffic from h3:61326 -> h5:21 [content='FTP file transfer'] [Session 13] [len=1239B]
2025-09-12 20:17:27 - [BENIGN] - DEBUG - Generated FTP ACK reply from h5:21 <- h3:61326 [len=54B]
2025-09-12 20:17:28 - [BENIGN] - DEBUG - Generated HTTP SYN from h3:5946 -> h5:80 [len=54B]
2025-09-12 20:17:28 - [BENIGN] - DEBUG - Generated HTTP SYN-ACK from h5:80 <- h3:5946 [len=54B]
2025-09-12 20:17:29 - [BENIGN] - DEBUG - Generated HTTP ACK from h3:5946 -> h5:80 [len=54B]
2025-09-12 20:17:30 - [BENIGN] - DEBUG - Generated HTTP data traffic from h3:5946 -> h5:80 [content='GET /index.html HTTP/1.1'] [Session 14] [len=504B]
2025-09-12 20:17:30 - [BENIGN] - DEBUG - Generated HTTP ACK reply from h5:80 <- h3:5946 [len=54B]
2025-09-12 20:17:31 - [BENIGN] - DEBUG - Generated HTTPS SYN from h3:35597 -> h5:443 [len=54B]
2025-09-12 20:17:31 - [BENIGN] - DEBUG - Generated HTTPS SYN-ACK from h5:443 <- h3:35597 [len=54B]
2025-09-12 20:17:32 - [BENIGN] - DEBUG - Generated HTTPS ACK from h3:35597 -> h5:443 [len=54B]
2025-09-12 20:17:33 - [BENIGN] - DEBUG - Generated HTTPS data traffic from h3:35597 -> h5:443 [content='Encrypted Application Data'] [Session 15] [len=610B]
2025-09-12 20:17:33 - [BENIGN] - DEBUG - Generated HTTPS ACK reply from h5:443 <- h3:35597 [len=54B]
2025-09-12 20:17:34 - [BENIGN] - DEBUG - Generated DNS query from h3:51462 -> h5:53 [qname='example.com'] [Session 16] [len=71B]
2025-09-12 20:17:34 - [BENIGN] - DEBUG - Generated ICMP traffic h2↔h5 2 [len=84B]
2025-09-12 20:17:35 - [BENIGN] - DEBUG - Generated TCP SYN from h3:19228 -> h5:12345 [len=54B]
2025-09-12 20:17:35 - [BENIGN] - DEBUG - Generated TCP SYN-ACK from h5:12345 <- h3:19228 [len=54B]
2025-09-12 20:17:36 - [BENIGN] - DEBUG - Generated TCP ACK from h3:19228 -> h5:12345 [len=54B]
2025-09-12 20:17:37 - [BENIGN] - DEBUG - Generated TCP data traffic from h3:19228 -> h5:12345 [content='TCP data'] [Session 17] [len=295B]
2025-09-12 20:17:37 - [BENIGN] - DEBUG - Generated TCP ACK reply from h5:12345 <- h3:19228 [len=54B]
2025-09-12 20:17:38 - [BENIGN] - DEBUG - Generated UDP traffic from h3:24735 -> h5:12346 [content='193cd6dfa54fd54a0e5820ef227af045141bc237...'] [Session 18] [len=646B]
2025-09-12 20:17:38 - [BENIGN] - DEBUG - Generated Telnet SYN from h3:57649 -> h5:23 [len=54B]
2025-09-12 20:17:39 - [BENIGN] - DEBUG - Generated Telnet SYN-ACK from h5:23 <- h3:57649 [len=54B]
2025-09-12 20:17:40 - [BENIGN] - DEBUG - Generated Telnet ACK from h3:57649 -> h5:23 [len=54B]
2025-09-12 20:17:40 - [BENIGN] - DEBUG - Generated Telnet data traffic from h3:57649 -> h5:23 [content='Telnet command'] [Session 19] [len=107B]
2025-09-12 20:17:41 - [BENIGN] - DEBUG - Generated Telnet ACK reply from h5:23 <- h3:57649 [len=54B]
2025-09-12 20:17:42 - [BENIGN] - DEBUG - Generated SSH SYN from h3:6525 -> h5:22 [len=54B]
2025-09-12 20:17:42 - [BENIGN] - DEBUG - Generated SSH SYN-ACK from h5:22 <- h3:6525 [len=54B]
2025-09-12 20:17:43 - [BENIGN] - DEBUG - Generated SSH ACK from h3:6525 -> h5:22 [len=54B]
2025-09-12 20:17:43 - [BENIGN] - DEBUG - Generated SSH data traffic from h3:6525 -> h5:22 [content='SSH encrypted data'] [Session 20] [len=898B]
2025-09-12 20:17:44 - [BENIGN] - DEBUG - Generated SSH ACK reply from h5:22 <- h3:6525 [len=54B]
2025-09-12 20:17:45 - [BENIGN] - DEBUG - Generated FTP SYN from h3:54182 -> h5:21 [len=54B]
2025-09-12 20:17:45 - [BENIGN] - DEBUG - Generated FTP SYN-ACK from h5:21 <- h3:54182 [len=54B]
2025-09-12 20:17:46 - [BENIGN] - DEBUG - Generated FTP ACK from h3:54182 -> h5:21 [len=54B]
2025-09-12 20:17:47 - [BENIGN] - DEBUG - Generated FTP data traffic from h3:54182 -> h5:21 [content='FTP file transfer'] [Session 21] [len=193B]
2025-09-12 20:17:47 - [BENIGN] - DEBUG - Generated FTP ACK reply from h5:21 <- h3:54182 [len=54B]
2025-09-12 20:17:48 - [BENIGN] - DEBUG - Generated HTTP SYN from h3:3824 -> h5:80 [len=54B]
2025-09-12 20:17:48 - [BENIGN] - DEBUG - Generated HTTP SYN-ACK from h5:80 <- h3:3824 [len=54B]
2025-09-12 20:17:49 - [BENIGN] - DEBUG - Generated HTTP ACK from h3:3824 -> h5:80 [len=54B]
2025-09-12 20:17:50 - [BENIGN] - DEBUG - Generated HTTP data traffic from h3:3824 -> h5:80 [content='GET /index.html HTTP/1.1'] [Session 22] [len=433B]
2025-09-12 20:17:50 - [BENIGN] - DEBUG - Generated HTTP ACK reply from h5:80 <- h3:3824 [len=54B]
2025-09-12 20:17:51 - [BENIGN] - DEBUG - Generated HTTPS SYN from h3:10571 -> h5:443 [len=54B]
2025-09-12 20:17:52 - [BENIGN] - DEBUG - Generated HTTPS SYN-ACK from h5:443 <- h3:10571 [len=54B]
2025-09-12 20:17:52 - [BENIGN] - DEBUG - Generated HTTPS ACK from h3:10571 -> h5:443 [len=54B]
2025-09-12 20:17:53 - [BENIGN] - DEBUG - Generated HTTPS data traffic from h3:10571 -> h5:443 [content='Encrypted Application Data'] [Session 23] [len=359B]
2025-09-12 20:17:53 - [BENIGN] - DEBUG - Generated HTTPS ACK reply from h5:443 <- h3:10571 [len=54B]
2025-09-12 20:17:54 - [BENIGN] - DEBUG - Generated DNS query from h3:10965 -> h5:53 [qname='example.com'] [Session 24] [len=71B]
2025-09-12 20:17:54 - [BENIGN] - DEBUG - Generated ICMP traffic h2↔h5 3 [len=84B]
2025-09-12 20:17:55 - [BENIGN] - DEBUG - Generated TCP SYN from h3:13660 -> h5:12345 [len=54B]
2025-09-12 20:17:55 - [BENIGN] - DEBUG - Generated TCP SYN-ACK from h5:12345 <- h3:13660 [len=54B]
2025-09-12 20:17:56 - [BENIGN] - DEBUG - Generated TCP ACK from h3:13660 -> h5:12345 [len=54B]
2025-09-12 20:17:57 - [BENIGN] - DEBUG - Generated TCP data traffic from h3:13660 -> h5:12345 [content='TCP data'] [Session 25] [len=626B]
2025-09-12 20:17:57 - [BENIGN] - DEBUG - Generated TCP ACK reply from h5:12345 <- h3:13660 [len=54B]
2025-09-12 20:17:58 - [BENIGN] - DEBUG - Generated UDP traffic from h3:22666 -> h5:12346 [content='5bb28933d945fc17c41d68e4cab778da85078a54...'] [Session 26] [len=1313B]
2025-09-12 20:17:58 - [BENIGN] - DEBUG - Generated Telnet SYN from h3:13814 -> h5:23 [len=54B]
2025-09-12 20:17:59 - [BENIGN] - DEBUG - Generated Telnet SYN-ACK from h5:23 <- h3:13814 [len=54B]
2025-09-12 20:18:00 - [BENIGN] - DEBUG - Generated Telnet ACK from h3:13814 -> h5:23 [len=54B]
2025-09-12 20:18:00 - [BENIGN] - DEBUG - Generated Telnet data traffic from h3:13814 -> h5:23 [content='Telnet command'] [Session 27] [len=555B]
2025-09-12 20:18:01 - [BENIGN] - DEBUG - Generated Telnet ACK reply from h5:23 <- h3:13814 [len=54B]
2025-09-12 20:18:02 - [BENIGN] - DEBUG - Generated SSH SYN from h3:17340 -> h5:22 [len=54B]
2025-09-12 20:18:02 - [BENIGN] - DEBUG - Generated SSH SYN-ACK from h5:22 <- h3:17340 [len=54B]
2025-09-12 20:18:03 - [BENIGN] - DEBUG - Generated SSH ACK from h3:17340 -> h5:22 [len=54B]
2025-09-12 20:18:04 - [BENIGN] - DEBUG - Generated SSH data traffic from h3:17340 -> h5:22 [content='SSH encrypted data'] [Session 28] [len=1112B]
2025-09-12 20:18:04 - [BENIGN] - DEBUG - Generated SSH ACK reply from h5:22 <- h3:17340 [len=54B]
2025-09-12 20:18:05 - [BENIGN] - DEBUG - Generated FTP SYN from h3:25957 -> h5:21 [len=54B]
2025-09-12 20:18:05 - [BENIGN] - DEBUG - Generated FTP SYN-ACK from h5:21 <- h3:25957 [len=54B]
2025-09-12 20:18:06 - [BENIGN] - DEBUG - Generated FTP ACK from h3:25957 -> h5:21 [len=54B]
2025-09-12 20:18:07 - [BENIGN] - DEBUG - Generated FTP data traffic from h3:25957 -> h5:21 [content='FTP file transfer'] [Session 29] [len=375B]
2025-09-12 20:18:07 - [BENIGN] - DEBUG - Generated FTP ACK reply from h5:21 <- h3:25957 [len=54B]
2025-09-12 20:18:08 - [BENIGN] - DEBUG - Generated HTTP SYN from h3:21983 -> h5:80 [len=54B]
2025-09-12 20:18:08 - [BENIGN] - DEBUG - Generated HTTP SYN-ACK from h5:80 <- h3:21983 [len=54B]
2025-09-12 20:18:09 - [BENIGN] - DEBUG - Generated HTTP ACK from h3:21983 -> h5:80 [len=54B]
2025-09-12 20:18:10 - [BENIGN] - DEBUG - Generated HTTP data traffic from h3:21983 -> h5:80 [content='GET /index.html HTTP/1.1'] [Session 30] [len=401B]
2025-09-12 20:18:10 - [BENIGN] - DEBUG - Generated HTTP ACK reply from h5:80 <- h3:21983 [len=54B]
2025-09-12 20:18:11 - [BENIGN] - DEBUG - Generated HTTPS SYN from h3:23640 -> h5:443 [len=54B]
2025-09-12 20:18:12 - [BENIGN] - DEBUG - Generated HTTPS SYN-ACK from h5:443 <- h3:23640 [len=54B]
2025-09-12 20:18:12 - [BENIGN] - DEBUG - Generated HTTPS ACK from h3:23640 -> h5:443 [len=54B]
2025-09-12 20:18:13 - [BENIGN] - DEBUG - Generated HTTPS data traffic from h3:23640 -> h5:443 [content='Encrypted Application Data'] [Session 31] [len=278B]
2025-09-12 20:18:13 - [BENIGN] - DEBUG - Generated HTTPS ACK reply from h5:443 <- h3:23640 [len=54B]
2025-09-12 20:18:14 - [BENIGN] - DEBUG - Generated DNS query from h3:43080 -> h5:53 [qname='example.com'] [Session 32] [len=71B]
2025-09-12 20:18:14 - [BENIGN] - DEBUG - Generated ICMP traffic h2↔h5 4 [len=84B]
2025-09-12 20:18:15 - [BENIGN] - DEBUG - Generated TCP SYN from h3:31465 -> h5:12345 [len=54B]
2025-09-12 20:18:15 - [BENIGN] - DEBUG - Generated TCP SYN-ACK from h5:12345 <- h3:31465 [len=54B]
2025-09-12 20:18:16 - [BENIGN] - DEBUG - Generated TCP ACK from h3:31465 -> h5:12345 [len=54B]
2025-09-12 20:18:17 - [BENIGN] - DEBUG - Generated TCP data traffic from h3:31465 -> h5:12345 [content='TCP data'] [Session 33] [len=279B]
2025-09-12 20:18:17 - [BENIGN] - DEBUG - Generated TCP ACK reply from h5:12345 <- h3:31465 [len=54B]
2025-09-12 20:18:18 - [BENIGN] - DEBUG - Generated UDP traffic from h3:37599 -> h5:12346 [content='25a67909674d9cf493d0983fd8e0a0856a2ae617...'] [Session 34] [len=253B]
2025-09-12 20:18:19 - [BENIGN] - DEBUG - Generated Telnet SYN from h3:29091 -> h5:23 [len=54B]
2025-09-12 20:18:19 - [BENIGN] - DEBUG - Generated Telnet SYN-ACK from h5:23 <- h3:29091 [len=54B]
2025-09-12 20:18:20 - [BENIGN] - DEBUG - Generated Telnet ACK from h3:29091 -> h5:23 [len=54B]
2025-09-12 20:18:20 - [BENIGN] - DEBUG - Generated Telnet data traffic from h3:29091 -> h5:23 [content='Telnet command'] [Session 35] [len=215B]
2025-09-12 20:18:21 - [BENIGN] - DEBUG - Generated Telnet ACK reply from h5:23 <- h3:29091 [len=54B]
2025-09-12 20:18:22 - [BENIGN] - DEBUG - Generated SSH SYN from h3:28320 -> h5:22 [len=54B]
2025-09-12 20:18:22 - [BENIGN] - DEBUG - Generated SSH SYN-ACK from h5:22 <- h3:28320 [len=54B]
2025-09-12 20:18:23 - [BENIGN] - DEBUG - Generated SSH ACK from h3:28320 -> h5:22 [len=54B]
2025-09-12 20:18:24 - [BENIGN] - DEBUG - Generated SSH data traffic from h3:28320 -> h5:22 [content='SSH encrypted data'] [Session 36] [len=242B]
2025-09-12 20:18:24 - [BENIGN] - DEBUG - Generated SSH ACK reply from h5:22 <- h3:28320 [len=54B]
2025-09-12 20:18:25 - [BENIGN] - DEBUG - Generated FTP SYN from h3:32121 -> h5:21 [len=54B]
2025-09-12 20:18:25 - [BENIGN] - DEBUG - Generated FTP SYN-ACK from h5:21 <- h3:32121 [len=54B]
2025-09-12 20:18:26 - [BENIGN] - DEBUG - Generated FTP ACK from h3:32121 -> h5:21 [len=54B]
2025-09-12 20:18:27 - [BENIGN] - DEBUG - Generated FTP data traffic from h3:32121 -> h5:21 [content='FTP file transfer'] [Session 37] [len=328B]
2025-09-12 20:18:27 - [BENIGN] - DEBUG - Generated FTP ACK reply from h5:21 <- h3:32121 [len=54B]
2025-09-12 20:18:28 - [BENIGN] - DEBUG - Generated HTTP SYN from h3:9325 -> h5:80 [len=54B]
2025-09-12 20:18:29 - [BENIGN] - DEBUG - Generated HTTP SYN-ACK from h5:80 <- h3:9325 [len=54B]
2025-09-12 20:18:29 - [BENIGN] - DEBUG - Generated HTTP ACK from h3:9325 -> h5:80 [len=54B]
2025-09-12 20:18:30 - [BENIGN] - DEBUG - Generated HTTP data traffic from h3:9325 -> h5:80 [content='GET /index.html HTTP/1.1'] [Session 38] [len=633B]
2025-09-12 20:18:30 - [BENIGN] - DEBUG - Generated HTTP ACK reply from h5:80 <- h3:9325 [len=54B]
2025-09-12 20:18:31 - [BENIGN] - DEBUG - Generated HTTPS SYN from h3:20223 -> h5:443 [len=54B]
2025-09-12 20:18:32 - [BENIGN] - DEBUG - Generated HTTPS SYN-ACK from h5:443 <- h3:20223 [len=54B]
2025-09-12 20:18:32 - [BENIGN] - DEBUG - Generated HTTPS ACK from h3:20223 -> h5:443 [len=54B]
2025-09-12 20:18:33 - [BENIGN] - DEBUG - Generated HTTPS data traffic from h3:20223 -> h5:443 [content='Encrypted Application Data'] [Session 39] [len=411B]
2025-09-12 20:18:34 - [BENIGN] - DEBUG - Generated HTTPS ACK reply from h5:443 <- h3:20223 [len=54B]
2025-09-12 20:18:34 - [BENIGN] - DEBUG - Generated DNS query from h3:40808 -> h5:53 [qname='example.com'] [Session 40] [len=71B]
2025-09-12 20:18:34 - [BENIGN] - DEBUG - Generated ICMP traffic h2↔h5 5 [len=84B]
2025-09-12 20:18:35 - [BENIGN] - DEBUG - Generated TCP SYN from h3:21763 -> h5:12345 [len=54B]
2025-09-12 20:18:36 - [BENIGN] - DEBUG - Generated TCP SYN-ACK from h5:12345 <- h3:21763 [len=54B]
2025-09-12 20:18:36 - [BENIGN] - DEBUG - Generated TCP ACK from h3:21763 -> h5:12345 [len=54B]
2025-09-12 20:18:37 - [BENIGN] - DEBUG - Generated TCP data traffic from h3:21763 -> h5:12345 [content='TCP data'] [Session 41] [len=1441B]
2025-09-12 20:18:38 - [BENIGN] - DEBUG - Generated TCP ACK reply from h5:12345 <- h3:21763 [len=54B]
2025-09-12 20:18:38 - [BENIGN] - DEBUG - Generated UDP traffic from h3:27959 -> h5:12346 [content='6c1f1400f383dbc970814180f4396fd02c569f8a...'] [Session 42] [len=309B]
2025-09-12 20:18:39 - [BENIGN] - DEBUG - Generated Telnet SYN from h3:19575 -> h5:23 [len=54B]
2025-09-12 20:18:39 - [BENIGN] - DEBUG - Generated Telnet SYN-ACK from h5:23 <- h3:19575 [len=54B]
2025-09-12 20:18:40 - [BENIGN] - DEBUG - Generated Telnet ACK from h3:19575 -> h5:23 [len=54B]
2025-09-12 20:18:41 - [BENIGN] - DEBUG - Generated Telnet data traffic from h3:19575 -> h5:23 [content='Telnet command'] [Session 43] [len=1145B]
2025-09-12 20:18:41 - [BENIGN] - DEBUG - Generated Telnet ACK reply from h5:23 <- h3:19575 [len=54B]
2025-09-12 20:18:42 - [BENIGN] - DEBUG - Generated SSH SYN from h3:23501 -> h5:22 [len=54B]
2025-09-12 20:18:43 - [BENIGN] - DEBUG - Generated SSH SYN-ACK from h5:22 <- h3:23501 [len=54B]
2025-09-12 20:18:43 - [BENIGN] - DEBUG - Generated SSH ACK from h3:23501 -> h5:22 [len=54B]
2025-09-12 20:18:44 - [BENIGN] - DEBUG - Generated SSH data traffic from h3:23501 -> h5:22 [content='SSH encrypted data'] [Session 44] [len=1042B]
2025-09-12 20:18:45 - [BENIGN] - DEBUG - Generated SSH ACK reply from h5:22 <- h3:23501 [len=54B]
2025-09-12 20:18:45 - [BENIGN] - DEBUG - Generated FTP SYN from h3:11933 -> h5:21 [len=54B]
2025-09-12 20:18:46 - [BENIGN] - DEBUG - Generated FTP SYN-ACK from h5:21 <- h3:11933 [len=54B]
2025-09-12 20:18:46 - [BENIGN] - DEBUG - Generated FTP ACK from h3:11933 -> h5:21 [len=54B]
2025-09-12 20:18:47 - [BENIGN] - DEBUG - Generated FTP data traffic from h3:11933 -> h5:21 [content='FTP file transfer'] [Session 45] [len=1162B]
2025-09-12 20:18:48 - [BENIGN] - DEBUG - Generated FTP ACK reply from h5:21 <- h3:11933 [len=54B]
2025-09-12 20:18:48 - [BENIGN] - DEBUG - Generated HTTP SYN from h3:7983 -> h5:80 [len=54B]
2025-09-12 20:18:49 - [BENIGN] - DEBUG - Generated HTTP SYN-ACK from h5:80 <- h3:7983 [len=54B]
2025-09-12 20:18:50 - [BENIGN] - DEBUG - Generated HTTP ACK from h3:7983 -> h5:80 [len=54B]
2025-09-12 20:18:50 - [BENIGN] - DEBUG - Generated HTTP data traffic from h3:7983 -> h5:80 [content='GET /index.html HTTP/1.1'] [Session 46] [len=444B]
2025-09-12 20:18:51 - [BENIGN] - DEBUG - Generated HTTP ACK reply from h5:80 <- h3:7983 [len=54B]
2025-09-12 20:18:51 - [BENIGN] - DEBUG - Generated HTTPS SYN from h3:64936 -> h5:443 [len=54B]
2025-09-12 20:18:52 - [BENIGN] - DEBUG - Generated HTTPS SYN-ACK from h5:443 <- h3:64936 [len=54B]
2025-09-12 20:18:53 - [BENIGN] - DEBUG - Generated HTTPS ACK from h3:64936 -> h5:443 [len=54B]
2025-09-12 20:18:53 - [BENIGN] - DEBUG - Generated HTTPS data traffic from h3:64936 -> h5:443 [content='Encrypted Application Data'] [Session 47] [len=630B]
2025-09-12 20:18:54 - [BENIGN] - DEBUG - Generated HTTPS ACK reply from h5:443 <- h3:64936 [len=54B]
2025-09-12 20:18:54 - [BENIGN] - DEBUG - Generated DNS query from h3:9483 -> h5:53 [qname='example.com'] [Session 48] [len=71B]
2025-09-12 20:18:55 - [BENIGN] - DEBUG - Generated ICMP traffic h2↔h5 6 [len=84B]
2025-09-12 20:18:55 - [BENIGN] - DEBUG - Generated TCP SYN from h3:61849 -> h5:12345 [len=54B]
2025-09-12 20:18:56 - [BENIGN] - DEBUG - Generated TCP SYN-ACK from h5:12345 <- h3:61849 [len=54B]
2025-09-12 20:18:56 - [BENIGN] - DEBUG - Generated TCP ACK from h3:61849 -> h5:12345 [len=54B]
2025-09-12 20:18:57 - [BENIGN] - DEBUG - Generated TCP data traffic from h3:61849 -> h5:12345 [content='TCP data'] [Session 49] [len=1149B]
2025-09-12 20:18:58 - [BENIGN] - DEBUG - Generated TCP ACK reply from h5:12345 <- h3:61849 [len=54B]
2025-09-12 20:18:58 - [BENIGN] - DEBUG - Generated UDP traffic from h3:24532 -> h5:12346 [content='51e547f4eb1c6138d621fb8663a4128a854d2639...'] [Session 50] [len=556B]
2025-09-12 20:18:59 - [BENIGN] - DEBUG - Generated Telnet SYN from h3:8065 -> h5:23 [len=54B]
2025-09-12 20:19:00 - [BENIGN] - DEBUG - Generated Telnet SYN-ACK from h5:23 <- h3:8065 [len=54B]
2025-09-12 20:19:00 - [BENIGN] - DEBUG - Generated Telnet ACK from h3:8065 -> h5:23 [len=54B]
2025-09-12 20:19:01 - [BENIGN] - DEBUG - Generated Telnet data traffic from h3:8065 -> h5:23 [content='Telnet command'] [Session 51] [len=247B]
2025-09-12 20:19:01 - [BENIGN] - DEBUG - Generated Telnet ACK reply from h5:23 <- h3:8065 [len=54B]
2025-09-12 20:19:02 - [BENIGN] - DEBUG - Generated SSH SYN from h3:2174 -> h5:22 [len=54B]
2025-09-12 20:19:03 - [BENIGN] - DEBUG - Generated SSH SYN-ACK from h5:22 <- h3:2174 [len=54B]
2025-09-12 20:19:03 - [BENIGN] - DEBUG - Generated SSH ACK from h3:2174 -> h5:22 [len=54B]
2025-09-12 20:19:04 - [BENIGN] - DEBUG - Generated SSH data traffic from h3:2174 -> h5:22 [content='SSH encrypted data'] [Session 52] [len=199B]
2025-09-12 20:19:04 - [BENIGN] - DEBUG - Generated SSH ACK reply from h5:22 <- h3:2174 [len=54B]
2025-09-12 20:19:05 - [BENIGN] - DEBUG - Generated FTP SYN from h3:33476 -> h5:21 [len=54B]
2025-09-12 20:19:06 - [BENIGN] - DEBUG - Generated FTP SYN-ACK from h5:21 <- h3:33476 [len=54B]
2025-09-12 20:19:06 - [BENIGN] - DEBUG - Generated FTP ACK from h3:33476 -> h5:21 [len=54B]
2025-09-12 20:19:07 - [BENIGN] - DEBUG - Generated FTP data traffic from h3:33476 -> h5:21 [content='FTP file transfer'] [Session 53] [len=970B]
2025-09-12 20:19:08 - [BENIGN] - DEBUG - Generated FTP ACK reply from h5:21 <- h3:33476 [len=54B]
2025-09-12 20:19:08 - [BENIGN] - DEBUG - Generated HTTP SYN from h3:38681 -> h5:80 [len=54B]
2025-09-12 20:19:09 - [BENIGN] - DEBUG - Generated HTTP SYN-ACK from h5:80 <- h3:38681 [len=54B]
2025-09-12 20:19:09 - [BENIGN] - DEBUG - Generated HTTP ACK from h3:38681 -> h5:80 [len=54B]
2025-09-12 20:19:10 - [BENIGN] - DEBUG - Generated HTTP data traffic from h3:38681 -> h5:80 [content='GET /index.html HTTP/1.1'] [Session 54] [len=509B]
2025-09-12 20:19:11 - [BENIGN] - DEBUG - Generated HTTP ACK reply from h5:80 <- h3:38681 [len=54B]
2025-09-12 20:19:11 - [BENIGN] - DEBUG - Generated HTTPS SYN from h3:6227 -> h5:443 [len=54B]
2025-09-12 20:19:12 - [BENIGN] - DEBUG - Generated HTTPS SYN-ACK from h5:443 <- h3:6227 [len=54B]
2025-09-12 20:19:13 - [BENIGN] - DEBUG - Generated HTTPS ACK from h3:6227 -> h5:443 [len=54B]
2025-09-12 20:19:13 - [BENIGN] - DEBUG - Generated HTTPS data traffic from h3:6227 -> h5:443 [content='Encrypted Application Data'] [Session 55] [len=358B]
2025-09-12 20:19:14 - [BENIGN] - DEBUG - Generated HTTPS ACK reply from h5:443 <- h3:6227 [len=54B]
2025-09-12 20:19:14 - [BENIGN] - DEBUG - Generated DNS query from h3:64998 -> h5:53 [qname='example.com'] [Session 56] [len=71B]
2025-09-12 20:19:15 - [BENIGN] - DEBUG - Generated ICMP traffic h2↔h5 7 [len=84B]
2025-09-12 20:19:15 - [BENIGN] - DEBUG - Generated TCP SYN from h3:11371 -> h5:12345 [len=54B]
2025-09-12 20:19:16 - [BENIGN] - DEBUG - Generated TCP SYN-ACK from h5:12345 <- h3:11371 [len=54B]
2025-09-12 20:19:16 - [BENIGN] - DEBUG - Generated TCP ACK from h3:11371 -> h5:12345 [len=54B]
2025-09-12 20:19:17 - [BENIGN] - DEBUG - Generated TCP data traffic from h3:11371 -> h5:12345 [content='TCP data'] [Session 57] [len=1393B]
2025-09-12 20:19:18 - [BENIGN] - DEBUG - Generated TCP ACK reply from h5:12345 <- h3:11371 [len=54B]
2025-09-12 20:19:18 - [BENIGN] - DEBUG - Generated UDP traffic from h3:51950 -> h5:12346 [content='51620c0a6adbf5eb2180ccb46d8c505254ee73e1...'] [Session 58] [len=1158B]
2025-09-12 20:19:19 - [BENIGN] - DEBUG - Generated Telnet SYN from h3:55639 -> h5:23 [len=54B]
2025-09-12 20:19:20 - [BENIGN] - DEBUG - Generated Telnet SYN-ACK from h5:23 <- h3:55639 [len=54B]
2025-09-12 20:19:20 - [BENIGN] - DEBUG - Generated Telnet ACK from h3:55639 -> h5:23 [len=54B]
2025-09-12 20:19:21 - [BENIGN] - DEBUG - Generated Telnet data traffic from h3:55639 -> h5:23 [content='Telnet command'] [Session 59] [len=527B]
2025-09-12 20:19:21 - [BENIGN] - DEBUG - Generated Telnet ACK reply from h5:23 <- h3:55639 [len=54B]
2025-09-12 20:19:22 - [BENIGN] - DEBUG - Generated SSH SYN from h3:45738 -> h5:22 [len=54B]
2025-09-12 20:19:23 - [BENIGN] - DEBUG - Generated SSH SYN-ACK from h5:22 <- h3:45738 [len=54B]
2025-09-12 20:19:23 - [BENIGN] - DEBUG - Generated SSH ACK from h3:45738 -> h5:22 [len=54B]
2025-09-12 20:19:24 - [BENIGN] - DEBUG - Generated SSH data traffic from h3:45738 -> h5:22 [content='SSH encrypted data'] [Session 60] [len=672B]
2025-09-12 20:19:25 - [BENIGN] - DEBUG - Generated SSH ACK reply from h5:22 <- h3:45738 [len=54B]
2025-09-12 20:19:25 - [BENIGN] - DEBUG - Generated FTP SYN from h3:19685 -> h5:21 [len=54B]
2025-09-12 20:19:26 - [BENIGN] - DEBUG - Generated FTP SYN-ACK from h5:21 <- h3:19685 [len=54B]
2025-09-12 20:19:27 - [BENIGN] - DEBUG - Generated FTP ACK from h3:19685 -> h5:21 [len=54B]
2025-09-12 20:19:27 - [BENIGN] - DEBUG - Generated FTP data traffic from h3:19685 -> h5:21 [content='FTP file transfer'] [Session 61] [len=1150B]
2025-09-12 20:19:28 - [BENIGN] - DEBUG - Generated FTP ACK reply from h5:21 <- h3:19685 [len=54B]
2025-09-12 20:19:28 - [BENIGN] - DEBUG - Generated HTTP SYN from h3:2561 -> h5:80 [len=54B]
2025-09-12 20:19:29 - [BENIGN] - DEBUG - Generated HTTP SYN-ACK from h5:80 <- h3:2561 [len=54B]
2025-09-12 20:19:30 - [BENIGN] - DEBUG - Generated HTTP ACK from h3:2561 -> h5:80 [len=54B]
2025-09-12 20:19:30 - [BENIGN] - DEBUG - Generated HTTP data traffic from h3:2561 -> h5:80 [content='GET /index.html HTTP/1.1'] [Session 62] [len=446B]
2025-09-12 20:19:31 - [BENIGN] - DEBUG - Generated HTTP ACK reply from h5:80 <- h3:2561 [len=54B]
2025-09-12 20:19:32 - [BENIGN] - DEBUG - Generated HTTPS SYN from h3:46771 -> h5:443 [len=54B]
2025-09-12 20:19:32 - [BENIGN] - DEBUG - Generated HTTPS SYN-ACK from h5:443 <- h3:46771 [len=54B]
2025-09-12 20:19:33 - [BENIGN] - DEBUG - Generated HTTPS ACK from h3:46771 -> h5:443 [len=54B]
2025-09-12 20:19:33 - [BENIGN] - DEBUG - Generated HTTPS data traffic from h3:46771 -> h5:443 [content='Encrypted Application Data'] [Session 63] [len=418B]
2025-09-12 20:19:34 - [BENIGN] - DEBUG - Generated HTTPS ACK reply from h5:443 <- h3:46771 [len=54B]
2025-09-12 20:19:35 - [BENIGN] - DEBUG - Generated DNS query from h3:31494 -> h5:53 [qname='example.com'] [Session 64] [len=71B]
2025-09-12 20:19:35 - [BENIGN] - DEBUG - Generated ICMP traffic h2↔h5 8 [len=84B]
2025-09-12 20:19:35 - [BENIGN] - DEBUG - Generated TCP SYN from h3:42417 -> h5:12345 [len=54B]
2025-09-12 20:19:36 - [BENIGN] - DEBUG - Generated TCP SYN-ACK from h5:12345 <- h3:42417 [len=54B]
2025-09-12 20:19:37 - [BENIGN] - DEBUG - Generated TCP ACK from h3:42417 -> h5:12345 [len=54B]
2025-09-12 20:19:37 - [BENIGN] - DEBUG - Generated TCP data traffic from h3:42417 -> h5:12345 [content='TCP data'] [Session 65] [len=902B]
2025-09-12 20:19:38 - [BENIGN] - DEBUG - Generated TCP ACK reply from h5:12345 <- h3:42417 [len=54B]
2025-09-12 20:19:39 - [BENIGN] - DEBUG - Generated UDP traffic from h3:47623 -> h5:12346 [content='32341ea135235a1544dd9e2393656081fe766cb0...'] [Session 66] [len=1434B]
2025-09-12 20:19:39 - [BENIGN] - DEBUG - Generated Telnet SYN from h3:13359 -> h5:23 [len=54B]
2025-09-12 20:19:40 - [BENIGN] - DEBUG - Generated Telnet SYN-ACK from h5:23 <- h3:13359 [len=54B]
2025-09-12 20:19:40 - [BENIGN] - DEBUG - Generated Telnet ACK from h3:13359 -> h5:23 [len=54B]
2025-09-12 20:19:41 - [BENIGN] - DEBUG - Generated Telnet data traffic from h3:13359 -> h5:23 [content='Telnet command'] [Session 67] [len=1456B]
2025-09-12 20:19:42 - [BENIGN] - DEBUG - Generated Telnet ACK reply from h5:23 <- h3:13359 [len=54B]
2025-09-12 20:19:42 - [BENIGN] - DEBUG - Generated SSH SYN from h3:47956 -> h5:22 [len=54B]
2025-09-12 20:19:43 - [BENIGN] - DEBUG - Generated SSH SYN-ACK from h5:22 <- h3:47956 [len=54B]
2025-09-12 20:19:44 - [BENIGN] - DEBUG - Generated SSH ACK from h3:47956 -> h5:22 [len=54B]
2025-09-12 20:19:44 - [BENIGN] - DEBUG - Generated SSH data traffic from h3:47956 -> h5:22 [content='SSH encrypted data'] [Session 68] [len=627B]
2025-09-12 20:19:45 - [BENIGN] - DEBUG - Generated SSH ACK reply from h5:22 <- h3:47956 [len=54B]
2025-09-12 20:19:45 - [BENIGN] - DEBUG - Generated FTP SYN from h3:23082 -> h5:21 [len=54B]
2025-09-12 20:19:46 - [BENIGN] - DEBUG - Generated FTP SYN-ACK from h5:21 <- h3:23082 [len=54B]
2025-09-12 20:19:47 - [BENIGN] - DEBUG - Generated FTP ACK from h3:23082 -> h5:21 [len=54B]
2025-09-12 20:19:47 - [BENIGN] - DEBUG - Generated FTP data traffic from h3:23082 -> h5:21 [content='FTP file transfer'] [Session 69] [len=398B]
2025-09-12 20:19:48 - [BENIGN] - DEBUG - Generated FTP ACK reply from h5:21 <- h3:23082 [len=54B]
2025-09-12 20:19:49 - [BENIGN] - DEBUG - Generated HTTP SYN from h3:13191 -> h5:80 [len=54B]
2025-09-12 20:19:49 - [BENIGN] - DEBUG - Generated HTTP SYN-ACK from h5:80 <- h3:13191 [len=54B]
2025-09-12 20:19:50 - [BENIGN] - DEBUG - Generated HTTP ACK from h3:13191 -> h5:80 [len=54B]
2025-09-12 20:19:50 - [BENIGN] - DEBUG - Generated HTTP data traffic from h3:13191 -> h5:80 [content='GET /index.html HTTP/1.1'] [Session 70] [len=388B]
2025-09-12 20:19:51 - [BENIGN] - DEBUG - Generated HTTP ACK reply from h5:80 <- h3:13191 [len=54B]
2025-09-12 20:19:52 - [BENIGN] - DEBUG - Generated HTTPS SYN from h3:4304 -> h5:443 [len=54B]
2025-09-12 20:19:52 - [BENIGN] - DEBUG - Generated HTTPS SYN-ACK from h5:443 <- h3:4304 [len=54B]
2025-09-12 20:19:53 - [BENIGN] - DEBUG - Generated HTTPS ACK from h3:4304 -> h5:443 [len=54B]
2025-09-12 20:19:54 - [BENIGN] - DEBUG - Generated HTTPS data traffic from h3:4304 -> h5:443 [content='Encrypted Application Data'] [Session 71] [len=524B]
2025-09-12 20:19:54 - [BENIGN] - DEBUG - Generated HTTPS ACK reply from h5:443 <- h3:4304 [len=54B]
2025-09-12 20:19:55 - [BENIGN] - DEBUG - Generated DNS query from h3:30486 -> h5:53 [qname='example.com'] [Session 72] [len=71B]
2025-09-12 20:19:55 - [BENIGN] - DEBUG - Generated ICMP traffic h2↔h5 9 [len=84B]
2025-09-12 20:19:55 - [BENIGN] - DEBUG - Generated TCP SYN from h3:16989 -> h5:12345 [len=54B]
2025-09-12 20:19:56 - [BENIGN] - DEBUG - Generated TCP SYN-ACK from h5:12345 <- h3:16989 [len=54B]
2025-09-12 20:19:57 - [BENIGN] - DEBUG - Generated TCP ACK from h3:16989 -> h5:12345 [len=54B]
2025-09-12 20:19:57 - [BENIGN] - DEBUG - Generated TCP data traffic from h3:16989 -> h5:12345 [content='TCP data'] [Session 73] [len=952B]
2025-09-12 20:19:58 - [BENIGN] - DEBUG - Generated TCP ACK reply from h5:12345 <- h3:16989 [len=54B]
2025-09-12 20:19:59 - [BENIGN] - DEBUG - Generated UDP traffic from h3:24344 -> h5:12346 [content='63bc129de4736205856ea071621716f06f149761...'] [Session 74] [len=888B]
2025-09-12 20:19:59 - [BENIGN] - DEBUG - Generated Telnet SYN from h3:62494 -> h5:23 [len=54B]
2025-09-12 20:20:00 - [BENIGN] - DEBUG - Generated Telnet SYN-ACK from h5:23 <- h3:62494 [len=54B]
2025-09-12 20:20:01 - [BENIGN] - DEBUG - Generated Telnet ACK from h3:62494 -> h5:23 [len=54B]
2025-09-12 20:20:01 - [BENIGN] - DEBUG - Generated Telnet data traffic from h3:62494 -> h5:23 [content='Telnet command'] [Session 75] [len=1341B]
2025-09-12 20:20:02 - [BENIGN] - DEBUG - Generated Telnet ACK reply from h5:23 <- h3:62494 [len=54B]
2025-09-12 20:20:02 - [BENIGN] - DEBUG - Generated SSH SYN from h3:49348 -> h5:22 [len=54B]
2025-09-12 20:20:03 - [BENIGN] - DEBUG - Generated SSH SYN-ACK from h5:22 <- h3:49348 [len=54B]
2025-09-12 20:20:04 - [BENIGN] - DEBUG - Generated SSH ACK from h3:49348 -> h5:22 [len=54B]
2025-09-12 20:20:04 - [BENIGN] - DEBUG - Generated SSH data traffic from h3:49348 -> h5:22 [content='SSH encrypted data'] [Session 76] [len=352B]
2025-09-12 20:20:05 - [BENIGN] - DEBUG - Generated SSH ACK reply from h5:22 <- h3:49348 [len=54B]
2025-09-12 20:20:05 - [BENIGN] - DEBUG - Generated FTP SYN from h3:14964 -> h5:21 [len=54B]
2025-09-12 20:20:06 - [BENIGN] - DEBUG - Generated FTP SYN-ACK from h5:21 <- h3:14964 [len=54B]
2025-09-12 20:20:07 - [BENIGN] - DEBUG - Generated FTP ACK from h3:14964 -> h5:21 [len=54B]
2025-09-12 20:20:07 - [BENIGN] - DEBUG - Generated FTP data traffic from h3:14964 -> h5:21 [content='FTP file transfer'] [Session 77] [len=1476B]
2025-09-12 20:20:08 - [BENIGN] - DEBUG - Generated FTP ACK reply from h5:21 <- h3:14964 [len=54B]
2025-09-12 20:20:09 - [BENIGN] - DEBUG - Generated HTTP SYN from h3:40214 -> h5:80 [len=54B]
2025-09-12 20:20:09 - [BENIGN] - DEBUG - Generated HTTP SYN-ACK from h5:80 <- h3:40214 [len=54B]
2025-09-12 20:20:10 - [BENIGN] - DEBUG - Generated HTTP ACK from h3:40214 -> h5:80 [len=54B]
2025-09-12 20:20:10 - [BENIGN] - DEBUG - Generated HTTP data traffic from h3:40214 -> h5:80 [content='GET /index.html HTTP/1.1'] [Session 78] [len=434B]
2025-09-12 20:20:11 - [BENIGN] - DEBUG - Generated HTTP ACK reply from h5:80 <- h3:40214 [len=54B]
2025-09-12 20:20:12 - [BENIGN] - DEBUG - Generated HTTPS SYN from h3:41642 -> h5:443 [len=54B]
2025-09-12 20:20:12 - [BENIGN] - DEBUG - Generated HTTPS SYN-ACK from h5:443 <- h3:41642 [len=54B]
2025-09-12 20:20:13 - [BENIGN] - DEBUG - Generated HTTPS ACK from h3:41642 -> h5:443 [len=54B]
2025-09-12 20:20:14 - [BENIGN] - DEBUG - Generated HTTPS data traffic from h3:41642 -> h5:443 [content='Encrypted Application Data'] [Session 79] [len=364B]
2025-09-12 20:20:14 - [BENIGN] - DEBUG - Generated HTTPS ACK reply from h5:443 <- h3:41642 [len=54B]
2025-09-12 20:20:15 - [BENIGN] - DEBUG - Generated DNS query from h3:31946 -> h5:53 [qname='example.com'] [Session 80] [len=71B]
2025-09-12 20:20:15 - [BENIGN] - INFO - Benign traffic finished.
2025-09-12 20:20:15 - [BENIGN] - INFO - Summary: 80 protocol sessions with protocol separation:
2025-09-12 20:20:15 - [BENIGN] - INFO -   - h2↔h5: ICMP ping traffic
2025-09-12 20:20:15 - [BENIGN] - INFO -   - h3↔h5: TCP/UDP traffic [TCP, UDP, Telnet, SSH, FTP, HTTP, HTTPS, DNS]
2025-09-12 20:20:15 - [BENIGN] - INFO - Total packets sent: 340
