2025-09-12 20:38:48 - [BENIGN] - INFO - Starting benign traffic for 200 seconds...
2025-09-12 20:38:48 - [BENIGN] - INFO - Protocol separation: h2↔h5 (ICMP), h3↔h5 (TCP/UDP)
2025-09-12 20:38:48 - [BENIGN] - DEBUG - Generated ICMP traffic h2↔h5 0 [len=84B]
2025-09-12 20:38:49 - [BENIGN] - DEBUG - Generated TCP SYN from h3:12214 -> h5:12345 [len=54B]
2025-09-12 20:38:49 - [BENIGN] - DEBUG - Generated TCP SYN-ACK from h5:12345 <- h3:12214 [len=54B]
2025-09-12 20:38:50 - [BENIGN] - DEBUG - Generated TCP ACK from h3:12214 -> h5:12345 [len=54B]
2025-09-12 20:38:51 - [BENIGN] - DEBUG - Generated TCP data traffic from h3:12214 -> h5:12345 [content='TCP data'] [Session 1] [len=1546B]
2025-09-12 20:38:51 - [BENIGN] - DEBUG - Generated TCP ACK reply from h5:12345 <- h3:12214 [len=54B]
2025-09-12 20:38:52 - [BENIGN] - DEBUG - Generated UDP traffic from h3:44876 -> h5:12346 [content='fc07a5cbdc27292ea0d4a1ab1f7acf188630d23b...'] [Session 2] [len=250B]
2025-09-12 20:38:52 - [BENIGN] - DEBUG - Generated Telnet SYN from h3:54388 -> h5:23 [len=54B]
2025-09-12 20:38:53 - [BENIGN] - DEBUG - Generated Telnet SYN-ACK from h5:23 <- h3:54388 [len=54B]
2025-09-12 20:38:54 - [BENIGN] - DEBUG - Generated Telnet ACK from h3:54388 -> h5:23 [len=54B]
2025-09-12 20:38:55 - [BENIGN] - DEBUG - Generated Telnet data traffic from h3:54388 -> h5:23 [content='Telnet command'] [Session 3] [len=120B]
2025-09-12 20:38:55 - [BENIGN] - DEBUG - Generated Telnet ACK reply from h5:23 <- h3:54388 [len=54B]
2025-09-12 20:38:56 - [BENIGN] - DEBUG - Generated SSH SYN from h3:4307 -> h5:22 [len=54B]
2025-09-12 20:38:56 - [BENIGN] - DEBUG - Generated SSH SYN-ACK from h5:22 <- h3:4307 [len=54B]
2025-09-12 20:38:57 - [BENIGN] - DEBUG - Generated SSH ACK from h3:4307 -> h5:22 [len=54B]
2025-09-12 20:38:58 - [BENIGN] - DEBUG - Generated SSH data traffic from h3:4307 -> h5:22 [content='SSH encrypted data'] [Session 4] [len=1025B]
2025-09-12 20:38:58 - [BENIGN] - DEBUG - Generated SSH ACK reply from h5:22 <- h3:4307 [len=54B]
2025-09-12 20:38:59 - [BENIGN] - DEBUG - Generated FTP SYN from h3:28227 -> h5:21 [len=54B]
2025-09-12 20:39:00 - [BENIGN] - DEBUG - Generated FTP SYN-ACK from h5:21 <- h3:28227 [len=54B]
2025-09-12 20:39:00 - [BENIGN] - DEBUG - Generated FTP ACK from h3:28227 -> h5:21 [len=54B]
2025-09-12 20:39:01 - [BENIGN] - DEBUG - Generated FTP data traffic from h3:28227 -> h5:21 [content='FTP file transfer'] [Session 5] [len=1400B]
2025-09-12 20:39:02 - [BENIGN] - DEBUG - Generated FTP ACK reply from h5:21 <- h3:28227 [len=54B]
2025-09-12 20:39:02 - [BENIGN] - DEBUG - Generated HTTP SYN from h3:57462 -> h5:80 [len=54B]
2025-09-12 20:39:03 - [BENIGN] - DEBUG - Generated HTTP SYN-ACK from h5:80 <- h3:57462 [len=54B]
2025-09-12 20:39:04 - [BENIGN] - DEBUG - Generated HTTP ACK from h3:57462 -> h5:80 [len=54B]
2025-09-12 20:39:04 - [BENIGN] - DEBUG - Generated HTTP data traffic from h3:57462 -> h5:80 [content='GET /index.html HTTP/1.1'] [Session 6] [len=511B]
2025-09-12 20:39:05 - [BENIGN] - DEBUG - Generated HTTP ACK reply from h5:80 <- h3:57462 [len=54B]
2025-09-12 20:39:05 - [BENIGN] - DEBUG - Generated HTTPS SYN from h3:15761 -> h5:443 [len=54B]
2025-09-12 20:39:06 - [BENIGN] - DEBUG - Generated HTTPS SYN-ACK from h5:443 <- h3:15761 [len=54B]
2025-09-12 20:39:07 - [BENIGN] - DEBUG - Generated HTTPS ACK from h3:15761 -> h5:443 [len=54B]
2025-09-12 20:39:07 - [BENIGN] - DEBUG - Generated HTTPS data traffic from h3:15761 -> h5:443 [content='Encrypted Application Data'] [Session 7] [len=475B]
2025-09-12 20:39:08 - [BENIGN] - DEBUG - Generated HTTPS ACK reply from h5:443 <- h3:15761 [len=54B]
2025-09-12 20:39:09 - [BENIGN] - DEBUG - Generated DNS query from h3:36743 -> h5:53 [qname='example.com'] [Session 8] [len=71B]
2025-09-12 20:39:09 - [BENIGN] - DEBUG - Generated ICMP traffic h2↔h5 1 [len=84B]
2025-09-12 20:39:09 - [BENIGN] - DEBUG - Generated TCP SYN from h3:16693 -> h5:12345 [len=54B]
2025-09-12 20:39:10 - [BENIGN] - DEBUG - Generated TCP SYN-ACK from h5:12345 <- h3:16693 [len=54B]
2025-09-12 20:39:11 - [BENIGN] - DEBUG - Generated TCP ACK from h3:16693 -> h5:12345 [len=54B]
2025-09-12 20:39:11 - [BENIGN] - DEBUG - Generated TCP data traffic from h3:16693 -> h5:12345 [content='TCP data'] [Session 9] [len=666B]
2025-09-12 20:39:12 - [BENIGN] - DEBUG - Generated TCP ACK reply from h5:12345 <- h3:16693 [len=54B]
2025-09-12 20:39:12 - [BENIGN] - DEBUG - Generated UDP traffic from h3:26221 -> h5:12346 [content='0495673eb2caa6f3cf1d6acfe0b192b8d38c298a...'] [Session 10] [len=1081B]
2025-09-12 20:39:13 - [BENIGN] - DEBUG - Generated Telnet SYN from h3:57049 -> h5:23 [len=54B]
2025-09-12 20:39:14 - [BENIGN] - DEBUG - Generated Telnet SYN-ACK from h5:23 <- h3:57049 [len=54B]
2025-09-12 20:39:14 - [BENIGN] - DEBUG - Generated Telnet ACK from h3:57049 -> h5:23 [len=54B]
2025-09-12 20:39:15 - [BENIGN] - DEBUG - Generated Telnet data traffic from h3:57049 -> h5:23 [content='Telnet command'] [Session 11] [len=205B]
2025-09-12 20:39:16 - [BENIGN] - DEBUG - Generated Telnet ACK reply from h5:23 <- h3:57049 [len=54B]
2025-09-12 20:39:16 - [BENIGN] - DEBUG - Generated SSH SYN from h3:51272 -> h5:22 [len=54B]
2025-09-12 20:39:17 - [BENIGN] - DEBUG - Generated SSH SYN-ACK from h5:22 <- h3:51272 [len=54B]
2025-09-12 20:39:18 - [BENIGN] - DEBUG - Generated SSH ACK from h3:51272 -> h5:22 [len=54B]
2025-09-12 20:39:18 - [BENIGN] - DEBUG - Generated SSH data traffic from h3:51272 -> h5:22 [content='SSH encrypted data'] [Session 12] [len=1203B]
2025-09-12 20:39:19 - [BENIGN] - DEBUG - Generated SSH ACK reply from h5:22 <- h3:51272 [len=54B]
2025-09-12 20:39:20 - [BENIGN] - DEBUG - Generated FTP SYN from h3:28392 -> h5:21 [len=54B]
2025-09-12 20:39:20 - [BENIGN] - DEBUG - Generated FTP SYN-ACK from h5:21 <- h3:28392 [len=54B]
2025-09-12 20:39:21 - [BENIGN] - DEBUG - Generated FTP ACK from h3:28392 -> h5:21 [len=54B]
2025-09-12 20:39:22 - [BENIGN] - DEBUG - Generated FTP data traffic from h3:28392 -> h5:21 [content='FTP file transfer'] [Session 13] [len=364B]
2025-09-12 20:39:22 - [BENIGN] - DEBUG - Generated FTP ACK reply from h5:21 <- h3:28392 [len=54B]
2025-09-12 20:39:23 - [BENIGN] - DEBUG - Generated HTTP SYN from h3:17081 -> h5:80 [len=54B]
2025-09-12 20:39:24 - [BENIGN] - DEBUG - Generated HTTP SYN-ACK from h5:80 <- h3:17081 [len=54B]
2025-09-12 20:39:24 - [BENIGN] - DEBUG - Generated HTTP ACK from h3:17081 -> h5:80 [len=54B]
2025-09-12 20:39:25 - [BENIGN] - DEBUG - Generated HTTP data traffic from h3:17081 -> h5:80 [content='GET /index.html HTTP/1.1'] [Session 14] [len=259B]
2025-09-12 20:39:26 - [BENIGN] - DEBUG - Generated HTTP ACK reply from h5:80 <- h3:17081 [len=54B]
2025-09-12 20:39:26 - [BENIGN] - DEBUG - Generated HTTPS SYN from h3:4709 -> h5:443 [len=54B]
2025-09-12 20:39:27 - [BENIGN] - DEBUG - Generated HTTPS SYN-ACK from h5:443 <- h3:4709 [len=54B]
2025-09-12 20:39:28 - [BENIGN] - DEBUG - Generated HTTPS ACK from h3:4709 -> h5:443 [len=54B]
2025-09-12 20:39:28 - [BENIGN] - DEBUG - Generated HTTPS data traffic from h3:4709 -> h5:443 [content='Encrypted Application Data'] [Session 15] [len=311B]
2025-09-12 20:39:29 - [BENIGN] - DEBUG - Generated HTTPS ACK reply from h5:443 <- h3:4709 [len=54B]
2025-09-12 20:39:29 - [BENIGN] - DEBUG - Generated DNS query from h3:64419 -> h5:53 [qname='example.com'] [Session 16] [len=71B]
2025-09-12 20:39:30 - [BENIGN] - DEBUG - Generated ICMP traffic h2↔h5 2 [len=84B]
2025-09-12 20:39:30 - [BENIGN] - DEBUG - Generated TCP SYN from h3:27373 -> h5:12345 [len=54B]
2025-09-12 20:39:31 - [BENIGN] - DEBUG - Generated TCP SYN-ACK from h5:12345 <- h3:27373 [len=54B]
2025-09-12 20:39:31 - [BENIGN] - DEBUG - Generated TCP ACK from h3:27373 -> h5:12345 [len=54B]
2025-09-12 20:39:32 - [BENIGN] - DEBUG - Generated TCP data traffic from h3:27373 -> h5:12345 [content='TCP data'] [Session 17] [len=430B]
2025-09-12 20:39:33 - [BENIGN] - DEBUG - Generated TCP ACK reply from h5:12345 <- h3:27373 [len=54B]
2025-09-12 20:39:33 - [BENIGN] - DEBUG - Generated UDP traffic from h3:28568 -> h5:12346 [content='dabd8192ab35cf2f0c78016543b4c68119f1ce8d...'] [Session 18] [len=464B]
2025-09-12 20:39:34 - [BENIGN] - DEBUG - Generated Telnet SYN from h3:39117 -> h5:23 [len=54B]
2025-09-12 20:39:35 - [BENIGN] - DEBUG - Generated Telnet SYN-ACK from h5:23 <- h3:39117 [len=54B]
2025-09-12 20:39:35 - [BENIGN] - DEBUG - Generated Telnet ACK from h3:39117 -> h5:23 [len=54B]
2025-09-12 20:39:36 - [BENIGN] - DEBUG - Generated Telnet data traffic from h3:39117 -> h5:23 [content='Telnet command'] [Session 19] [len=1553B]
2025-09-12 20:39:37 - [BENIGN] - DEBUG - Generated Telnet ACK reply from h5:23 <- h3:39117 [len=54B]
2025-09-12 20:39:37 - [BENIGN] - DEBUG - Generated SSH SYN from h3:58660 -> h5:22 [len=54B]
2025-09-12 20:39:38 - [BENIGN] - DEBUG - Generated SSH SYN-ACK from h5:22 <- h3:58660 [len=54B]
2025-09-12 20:39:38 - [BENIGN] - DEBUG - Generated SSH ACK from h3:58660 -> h5:22 [len=54B]
2025-09-12 20:39:39 - [BENIGN] - DEBUG - Generated SSH data traffic from h3:58660 -> h5:22 [content='SSH encrypted data'] [Session 20] [len=414B]
2025-09-12 20:39:40 - [BENIGN] - DEBUG - Generated SSH ACK reply from h5:22 <- h3:58660 [len=54B]
2025-09-12 20:39:40 - [BENIGN] - DEBUG - Generated FTP SYN from h3:36721 -> h5:21 [len=54B]
2025-09-12 20:39:41 - [BENIGN] - DEBUG - Generated FTP SYN-ACK from h5:21 <- h3:36721 [len=54B]
2025-09-12 20:39:42 - [BENIGN] - DEBUG - Generated FTP ACK from h3:36721 -> h5:21 [len=54B]
2025-09-12 20:39:42 - [BENIGN] - DEBUG - Generated FTP data traffic from h3:36721 -> h5:21 [content='FTP file transfer'] [Session 21] [len=716B]
2025-09-12 20:39:43 - [BENIGN] - DEBUG - Generated FTP ACK reply from h5:21 <- h3:36721 [len=54B]
2025-09-12 20:39:43 - [BENIGN] - DEBUG - Generated HTTP SYN from h3:33213 -> h5:80 [len=54B]
2025-09-12 20:39:44 - [BENIGN] - DEBUG - Generated HTTP SYN-ACK from h5:80 <- h3:33213 [len=54B]
2025-09-12 20:39:45 - [BENIGN] - DEBUG - Generated HTTP ACK from h3:33213 -> h5:80 [len=54B]
2025-09-12 20:39:45 - [BENIGN] - DEBUG - Generated HTTP data traffic from h3:33213 -> h5:80 [content='GET /index.html HTTP/1.1'] [Session 22] [len=333B]
2025-09-12 20:39:46 - [BENIGN] - DEBUG - Generated HTTP ACK reply from h5:80 <- h3:33213 [len=54B]
2025-09-12 20:39:47 - [BENIGN] - DEBUG - Generated HTTPS SYN from h3:1818 -> h5:443 [len=54B]
2025-09-12 20:39:47 - [BENIGN] - DEBUG - Generated HTTPS SYN-ACK from h5:443 <- h3:1818 [len=54B]
2025-09-12 20:39:48 - [BENIGN] - DEBUG - Generated HTTPS ACK from h3:1818 -> h5:443 [len=54B]
2025-09-12 20:39:49 - [BENIGN] - DEBUG - Generated HTTPS data traffic from h3:1818 -> h5:443 [content='Encrypted Application Data'] [Session 23] [len=673B]
2025-09-12 20:39:49 - [BENIGN] - DEBUG - Generated HTTPS ACK reply from h5:443 <- h3:1818 [len=54B]
2025-09-12 20:39:50 - [BENIGN] - DEBUG - Generated DNS query from h3:61685 -> h5:53 [qname='example.com'] [Session 24] [len=71B]
2025-09-12 20:39:50 - [BENIGN] - DEBUG - Generated ICMP traffic h2↔h5 3 [len=84B]
2025-09-12 20:39:50 - [BENIGN] - DEBUG - Generated TCP SYN from h3:59009 -> h5:12345 [len=54B]
2025-09-12 20:39:51 - [BENIGN] - DEBUG - Generated TCP SYN-ACK from h5:12345 <- h3:59009 [len=54B]
2025-09-12 20:39:52 - [BENIGN] - DEBUG - Generated TCP ACK from h3:59009 -> h5:12345 [len=54B]
2025-09-12 20:39:52 - [BENIGN] - DEBUG - Generated TCP data traffic from h3:59009 -> h5:12345 [content='TCP data'] [Session 25] [len=121B]
2025-09-12 20:39:53 - [BENIGN] - DEBUG - Generated TCP ACK reply from h5:12345 <- h3:59009 [len=54B]
2025-09-12 20:39:54 - [BENIGN] - DEBUG - Generated UDP traffic from h3:28678 -> h5:12346 [content='b058d928e438173c683950fcb825d35a01490a8a...'] [Session 26] [len=637B]
2025-09-12 20:39:54 - [BENIGN] - DEBUG - Generated Telnet SYN from h3:22340 -> h5:23 [len=54B]
2025-09-12 20:39:55 - [BENIGN] - DEBUG - Generated Telnet SYN-ACK from h5:23 <- h3:22340 [len=54B]
2025-09-12 20:39:56 - [BENIGN] - DEBUG - Generated Telnet ACK from h3:22340 -> h5:23 [len=54B]
2025-09-12 20:39:56 - [BENIGN] - DEBUG - Generated Telnet data traffic from h3:22340 -> h5:23 [content='Telnet command'] [Session 27] [len=391B]
2025-09-12 20:39:57 - [BENIGN] - DEBUG - Generated Telnet ACK reply from h5:23 <- h3:22340 [len=54B]
2025-09-12 20:39:58 - [BENIGN] - DEBUG - Generated SSH SYN from h3:37503 -> h5:22 [len=54B]
2025-09-12 20:39:58 - [BENIGN] - DEBUG - Generated SSH SYN-ACK from h5:22 <- h3:37503 [len=54B]
2025-09-12 20:39:59 - [BENIGN] - DEBUG - Generated SSH ACK from h3:37503 -> h5:22 [len=54B]
2025-09-12 20:40:00 - [BENIGN] - DEBUG - Generated SSH data traffic from h3:37503 -> h5:22 [content='SSH encrypted data'] [Session 28] [len=1482B]
2025-09-12 20:40:00 - [BENIGN] - DEBUG - Generated SSH ACK reply from h5:22 <- h3:37503 [len=54B]
2025-09-12 20:40:01 - [BENIGN] - DEBUG - Generated FTP SYN from h3:34621 -> h5:21 [len=54B]
2025-09-12 20:40:01 - [BENIGN] - DEBUG - Generated FTP SYN-ACK from h5:21 <- h3:34621 [len=54B]
2025-09-12 20:40:02 - [BENIGN] - DEBUG - Generated FTP ACK from h3:34621 -> h5:21 [len=54B]
2025-09-12 20:40:03 - [BENIGN] - DEBUG - Generated FTP data traffic from h3:34621 -> h5:21 [content='FTP file transfer'] [Session 29] [len=759B]
2025-09-12 20:40:03 - [BENIGN] - DEBUG - Generated FTP ACK reply from h5:21 <- h3:34621 [len=54B]
2025-09-12 20:40:04 - [BENIGN] - DEBUG - Generated HTTP SYN from h3:54293 -> h5:80 [len=54B]
2025-09-12 20:40:05 - [BENIGN] - DEBUG - Generated HTTP SYN-ACK from h5:80 <- h3:54293 [len=54B]
2025-09-12 20:40:05 - [BENIGN] - DEBUG - Generated HTTP ACK from h3:54293 -> h5:80 [len=54B]
2025-09-12 20:40:06 - [BENIGN] - DEBUG - Generated HTTP data traffic from h3:54293 -> h5:80 [content='GET /index.html HTTP/1.1'] [Session 30] [len=413B]
2025-09-12 20:40:07 - [BENIGN] - DEBUG - Generated HTTP ACK reply from h5:80 <- h3:54293 [len=54B]
2025-09-12 20:40:07 - [BENIGN] - DEBUG - Generated HTTPS SYN from h3:62538 -> h5:443 [len=54B]
2025-09-12 20:40:08 - [BENIGN] - DEBUG - Generated HTTPS SYN-ACK from h5:443 <- h3:62538 [len=54B]
2025-09-12 20:40:09 - [BENIGN] - DEBUG - Generated HTTPS ACK from h3:62538 -> h5:443 [len=54B]
2025-09-12 20:40:09 - [BENIGN] - DEBUG - Generated HTTPS data traffic from h3:62538 -> h5:443 [content='Encrypted Application Data'] [Session 31] [len=209B]
2025-09-12 20:40:10 - [BENIGN] - DEBUG - Generated HTTPS ACK reply from h5:443 <- h3:62538 [len=54B]
2025-09-12 20:40:11 - [BENIGN] - DEBUG - Generated DNS query from h3:44010 -> h5:53 [qname='example.com'] [Session 32] [len=71B]
2025-09-12 20:40:11 - [BENIGN] - DEBUG - Generated ICMP traffic h2↔h5 4 [len=84B]
2025-09-12 20:40:11 - [BENIGN] - DEBUG - Generated TCP SYN from h3:31474 -> h5:12345 [len=54B]
2025-09-12 20:40:12 - [BENIGN] - DEBUG - Generated TCP SYN-ACK from h5:12345 <- h3:31474 [len=54B]
2025-09-12 20:40:13 - [BENIGN] - DEBUG - Generated TCP ACK from h3:31474 -> h5:12345 [len=54B]
2025-09-12 20:40:13 - [BENIGN] - DEBUG - Generated TCP data traffic from h3:31474 -> h5:12345 [content='TCP data'] [Session 33] [len=1441B]
2025-09-12 20:40:14 - [BENIGN] - DEBUG - Generated TCP ACK reply from h5:12345 <- h3:31474 [len=54B]
2025-09-12 20:40:14 - [BENIGN] - DEBUG - Generated UDP traffic from h3:34508 -> h5:12346 [content='575dd7d77a299299400571be38d45b8e18c29b8f...'] [Session 34] [len=1154B]
2025-09-12 20:40:15 - [BENIGN] - DEBUG - Generated Telnet SYN from h3:33069 -> h5:23 [len=54B]
2025-09-12 20:40:16 - [BENIGN] - DEBUG - Generated Telnet SYN-ACK from h5:23 <- h3:33069 [len=54B]
2025-09-12 20:40:16 - [BENIGN] - DEBUG - Generated Telnet ACK from h3:33069 -> h5:23 [len=54B]
2025-09-12 20:40:17 - [BENIGN] - DEBUG - Generated Telnet data traffic from h3:33069 -> h5:23 [content='Telnet command'] [Session 35] [len=350B]
2025-09-12 20:40:18 - [BENIGN] - DEBUG - Generated Telnet ACK reply from h5:23 <- h3:33069 [len=54B]
2025-09-12 20:40:18 - [BENIGN] - DEBUG - Generated SSH SYN from h3:25210 -> h5:22 [len=54B]
2025-09-12 20:40:19 - [BENIGN] - DEBUG - Generated SSH SYN-ACK from h5:22 <- h3:25210 [len=54B]
2025-09-12 20:40:20 - [BENIGN] - DEBUG - Generated SSH ACK from h3:25210 -> h5:22 [len=54B]
2025-09-12 20:40:20 - [BENIGN] - DEBUG - Generated SSH data traffic from h3:25210 -> h5:22 [content='SSH encrypted data'] [Session 36] [len=810B]
2025-09-12 20:40:21 - [BENIGN] - DEBUG - Generated SSH ACK reply from h5:22 <- h3:25210 [len=54B]
2025-09-12 20:40:22 - [BENIGN] - DEBUG - Generated FTP SYN from h3:48105 -> h5:21 [len=54B]
2025-09-12 20:40:22 - [BENIGN] - DEBUG - Generated FTP SYN-ACK from h5:21 <- h3:48105 [len=54B]
2025-09-12 20:40:23 - [BENIGN] - DEBUG - Generated FTP ACK from h3:48105 -> h5:21 [len=54B]
2025-09-12 20:40:24 - [BENIGN] - DEBUG - Generated FTP data traffic from h3:48105 -> h5:21 [content='FTP file transfer'] [Session 37] [len=1335B]
2025-09-12 20:40:24 - [BENIGN] - DEBUG - Generated FTP ACK reply from h5:21 <- h3:48105 [len=54B]
2025-09-12 20:40:25 - [BENIGN] - DEBUG - Generated HTTP SYN from h3:32840 -> h5:80 [len=54B]
2025-09-12 20:40:25 - [BENIGN] - DEBUG - Generated HTTP SYN-ACK from h5:80 <- h3:32840 [len=54B]
2025-09-12 20:40:26 - [BENIGN] - DEBUG - Generated HTTP ACK from h3:32840 -> h5:80 [len=54B]
2025-09-12 20:40:27 - [BENIGN] - DEBUG - Generated HTTP data traffic from h3:32840 -> h5:80 [content='GET /index.html HTTP/1.1'] [Session 38] [len=318B]
2025-09-12 20:40:27 - [BENIGN] - DEBUG - Generated HTTP ACK reply from h5:80 <- h3:32840 [len=54B]
2025-09-12 20:40:28 - [BENIGN] - DEBUG - Generated HTTPS SYN from h3:19055 -> h5:443 [len=54B]
2025-09-12 20:40:29 - [BENIGN] - DEBUG - Generated HTTPS SYN-ACK from h5:443 <- h3:19055 [len=54B]
2025-09-12 20:40:29 - [BENIGN] - DEBUG - Generated HTTPS ACK from h3:19055 -> h5:443 [len=54B]
2025-09-12 20:40:30 - [BENIGN] - DEBUG - Generated HTTPS data traffic from h3:19055 -> h5:443 [content='Encrypted Application Data'] [Session 39] [len=792B]
2025-09-12 20:40:31 - [BENIGN] - DEBUG - Generated HTTPS ACK reply from h5:443 <- h3:19055 [len=54B]
2025-09-12 20:40:31 - [BENIGN] - DEBUG - Generated DNS query from h3:56130 -> h5:53 [qname='example.com'] [Session 40] [len=71B]
2025-09-12 20:40:31 - [BENIGN] - DEBUG - Generated ICMP traffic h2↔h5 5 [len=84B]
2025-09-12 20:40:32 - [BENIGN] - DEBUG - Generated TCP SYN from h3:49814 -> h5:12345 [len=54B]
2025-09-12 20:40:33 - [BENIGN] - DEBUG - Generated TCP SYN-ACK from h5:12345 <- h3:49814 [len=54B]
2025-09-12 20:40:33 - [BENIGN] - DEBUG - Generated TCP ACK from h3:49814 -> h5:12345 [len=54B]
2025-09-12 20:40:34 - [BENIGN] - DEBUG - Generated TCP data traffic from h3:49814 -> h5:12345 [content='TCP data'] [Session 41] [len=1280B]
2025-09-12 20:40:35 - [BENIGN] - DEBUG - Generated TCP ACK reply from h5:12345 <- h3:49814 [len=54B]
2025-09-12 20:40:35 - [BENIGN] - DEBUG - Generated UDP traffic from h3:35324 -> h5:12346 [content='f84b4ad731093cf7f94fd1d3b1e32e0cffa03389...'] [Session 42] [len=1318B]
2025-09-12 20:40:36 - [BENIGN] - DEBUG - Generated Telnet SYN from h3:43499 -> h5:23 [len=54B]
2025-09-12 20:40:37 - [BENIGN] - DEBUG - Generated Telnet SYN-ACK from h5:23 <- h3:43499 [len=54B]
2025-09-12 20:40:37 - [BENIGN] - DEBUG - Generated Telnet ACK from h3:43499 -> h5:23 [len=54B]
2025-09-12 20:40:38 - [BENIGN] - DEBUG - Generated Telnet data traffic from h3:43499 -> h5:23 [content='Telnet command'] [Session 43] [len=887B]
2025-09-12 20:40:38 - [BENIGN] - DEBUG - Generated Telnet ACK reply from h5:23 <- h3:43499 [len=54B]
2025-09-12 20:40:39 - [BENIGN] - DEBUG - Generated SSH SYN from h3:19009 -> h5:22 [len=54B]
2025-09-12 20:40:40 - [BENIGN] - DEBUG - Generated SSH SYN-ACK from h5:22 <- h3:19009 [len=54B]
2025-09-12 20:40:40 - [BENIGN] - DEBUG - Generated SSH ACK from h3:19009 -> h5:22 [len=54B]
2025-09-12 20:40:41 - [BENIGN] - DEBUG - Generated SSH data traffic from h3:19009 -> h5:22 [content='SSH encrypted data'] [Session 44] [len=955B]
2025-09-12 20:40:42 - [BENIGN] - DEBUG - Generated SSH ACK reply from h5:22 <- h3:19009 [len=54B]
2025-09-12 20:40:42 - [BENIGN] - DEBUG - Generated FTP SYN from h3:32932 -> h5:21 [len=54B]
2025-09-12 20:40:43 - [BENIGN] - DEBUG - Generated FTP SYN-ACK from h5:21 <- h3:32932 [len=54B]
2025-09-12 20:40:43 - [BENIGN] - DEBUG - Generated FTP ACK from h3:32932 -> h5:21 [len=54B]
2025-09-12 20:40:44 - [BENIGN] - DEBUG - Generated FTP data traffic from h3:32932 -> h5:21 [content='FTP file transfer'] [Session 45] [len=870B]
2025-09-12 20:40:45 - [BENIGN] - DEBUG - Generated FTP ACK reply from h5:21 <- h3:32932 [len=54B]
2025-09-12 20:40:45 - [BENIGN] - DEBUG - Generated HTTP SYN from h3:56076 -> h5:80 [len=54B]
2025-09-12 20:40:46 - [BENIGN] - DEBUG - Generated HTTP SYN-ACK from h5:80 <- h3:56076 [len=54B]
2025-09-12 20:40:47 - [BENIGN] - DEBUG - Generated HTTP ACK from h3:56076 -> h5:80 [len=54B]
2025-09-12 20:40:47 - [BENIGN] - DEBUG - Generated HTTP data traffic from h3:56076 -> h5:80 [content='GET /index.html HTTP/1.1'] [Session 46] [len=279B]
2025-09-12 20:40:48 - [BENIGN] - DEBUG - Generated HTTP ACK reply from h5:80 <- h3:56076 [len=54B]
2025-09-12 20:40:48 - [BENIGN] - DEBUG - Generated HTTPS SYN from h3:48101 -> h5:443 [len=54B]
2025-09-12 20:40:49 - [BENIGN] - DEBUG - Generated HTTPS SYN-ACK from h5:443 <- h3:48101 [len=54B]
2025-09-12 20:40:50 - [BENIGN] - DEBUG - Generated HTTPS ACK from h3:48101 -> h5:443 [len=54B]
2025-09-12 20:40:50 - [BENIGN] - DEBUG - Generated HTTPS data traffic from h3:48101 -> h5:443 [content='Encrypted Application Data'] [Session 47] [len=368B]
2025-09-12 20:40:51 - [BENIGN] - DEBUG - Generated HTTPS ACK reply from h5:443 <- h3:48101 [len=54B]
2025-09-12 20:40:52 - [BENIGN] - DEBUG - Generated DNS query from h3:13901 -> h5:53 [qname='example.com'] [Session 48] [len=71B]
2025-09-12 20:40:52 - [BENIGN] - DEBUG - Generated ICMP traffic h2↔h5 6 [len=84B]
2025-09-12 20:40:52 - [BENIGN] - DEBUG - Generated TCP SYN from h3:51522 -> h5:12345 [len=54B]
2025-09-12 20:40:53 - [BENIGN] - DEBUG - Generated TCP SYN-ACK from h5:12345 <- h3:51522 [len=54B]
2025-09-12 20:40:54 - [BENIGN] - DEBUG - Generated TCP ACK from h3:51522 -> h5:12345 [len=54B]
2025-09-12 20:40:54 - [BENIGN] - DEBUG - Generated TCP data traffic from h3:51522 -> h5:12345 [content='TCP data'] [Session 49] [len=854B]
2025-09-12 20:40:55 - [BENIGN] - DEBUG - Generated TCP ACK reply from h5:12345 <- h3:51522 [len=54B]
2025-09-12 20:40:55 - [BENIGN] - DEBUG - Generated UDP traffic from h3:2578 -> h5:12346 [content='b7748f82090dced415c677c9f06cd724253a8fe2...'] [Session 50] [len=763B]
2025-09-12 20:40:56 - [BENIGN] - DEBUG - Generated Telnet SYN from h3:56546 -> h5:23 [len=54B]
2025-09-12 20:40:57 - [BENIGN] - DEBUG - Generated Telnet SYN-ACK from h5:23 <- h3:56546 [len=54B]
2025-09-12 20:40:57 - [BENIGN] - DEBUG - Generated Telnet ACK from h3:56546 -> h5:23 [len=54B]
2025-09-12 20:40:58 - [BENIGN] - DEBUG - Generated Telnet data traffic from h3:56546 -> h5:23 [content='Telnet command'] [Session 51] [len=1410B]
2025-09-12 20:40:59 - [BENIGN] - DEBUG - Generated Telnet ACK reply from h5:23 <- h3:56546 [len=54B]
2025-09-12 20:40:59 - [BENIGN] - DEBUG - Generated SSH SYN from h3:48254 -> h5:22 [len=54B]
2025-09-12 20:41:00 - [BENIGN] - DEBUG - Generated SSH SYN-ACK from h5:22 <- h3:48254 [len=54B]
2025-09-12 20:41:00 - [BENIGN] - DEBUG - Generated SSH ACK from h3:48254 -> h5:22 [len=54B]
2025-09-12 20:41:01 - [BENIGN] - DEBUG - Generated SSH data traffic from h3:48254 -> h5:22 [content='SSH encrypted data'] [Session 52] [len=631B]
2025-09-12 20:41:02 - [BENIGN] - DEBUG - Generated SSH ACK reply from h5:22 <- h3:48254 [len=54B]
2025-09-12 20:41:02 - [BENIGN] - DEBUG - Generated FTP SYN from h3:59741 -> h5:21 [len=54B]
2025-09-12 20:41:03 - [BENIGN] - DEBUG - Generated FTP SYN-ACK from h5:21 <- h3:59741 [len=54B]
2025-09-12 20:41:04 - [BENIGN] - DEBUG - Generated FTP ACK from h3:59741 -> h5:21 [len=54B]
2025-09-12 20:41:04 - [BENIGN] - DEBUG - Generated FTP data traffic from h3:59741 -> h5:21 [content='FTP file transfer'] [Session 53] [len=1082B]
2025-09-12 20:41:05 - [BENIGN] - DEBUG - Generated FTP ACK reply from h5:21 <- h3:59741 [len=54B]
2025-09-12 20:41:06 - [BENIGN] - DEBUG - Generated HTTP SYN from h3:21619 -> h5:80 [len=54B]
2025-09-12 20:41:06 - [BENIGN] - DEBUG - Generated HTTP SYN-ACK from h5:80 <- h3:21619 [len=54B]
2025-09-12 20:41:07 - [BENIGN] - DEBUG - Generated HTTP ACK from h3:21619 -> h5:80 [len=54B]
2025-09-12 20:41:08 - [BENIGN] - DEBUG - Generated HTTP data traffic from h3:21619 -> h5:80 [content='GET /index.html HTTP/1.1'] [Session 54] [len=442B]
2025-09-12 20:41:08 - [BENIGN] - DEBUG - Generated HTTP ACK reply from h5:80 <- h3:21619 [len=54B]
2025-09-12 20:41:09 - [BENIGN] - DEBUG - Generated HTTPS SYN from h3:64531 -> h5:443 [len=54B]
2025-09-12 20:41:09 - [BENIGN] - DEBUG - Generated HTTPS SYN-ACK from h5:443 <- h3:64531 [len=54B]
2025-09-12 20:41:10 - [BENIGN] - DEBUG - Generated HTTPS ACK from h3:64531 -> h5:443 [len=54B]
2025-09-12 20:41:11 - [BENIGN] - DEBUG - Generated HTTPS data traffic from h3:64531 -> h5:443 [content='Encrypted Application Data'] [Session 55] [len=825B]
2025-09-12 20:41:11 - [BENIGN] - DEBUG - Generated HTTPS ACK reply from h5:443 <- h3:64531 [len=54B]
2025-09-12 20:41:12 - [BENIGN] - DEBUG - Generated DNS query from h3:10277 -> h5:53 [qname='example.com'] [Session 56] [len=71B]
2025-09-12 20:41:12 - [BENIGN] - DEBUG - Generated ICMP traffic h2↔h5 7 [len=84B]
2025-09-12 20:41:13 - [BENIGN] - DEBUG - Generated TCP SYN from h3:15775 -> h5:12345 [len=54B]
2025-09-12 20:41:13 - [BENIGN] - DEBUG - Generated TCP SYN-ACK from h5:12345 <- h3:15775 [len=54B]
2025-09-12 20:41:14 - [BENIGN] - DEBUG - Generated TCP ACK from h3:15775 -> h5:12345 [len=54B]
2025-09-12 20:41:15 - [BENIGN] - DEBUG - Generated TCP data traffic from h3:15775 -> h5:12345 [content='TCP data'] [Session 57] [len=809B]
2025-09-12 20:41:15 - [BENIGN] - DEBUG - Generated TCP ACK reply from h5:12345 <- h3:15775 [len=54B]
2025-09-12 20:41:16 - [BENIGN] - DEBUG - Generated UDP traffic from h3:14066 -> h5:12346 [content='80d37feccdf0f21469cf0686167054bf70ec4e7c...'] [Session 58] [len=1204B]
2025-09-12 20:41:17 - [BENIGN] - DEBUG - Generated Telnet SYN from h3:8001 -> h5:23 [len=54B]
2025-09-12 20:41:17 - [BENIGN] - DEBUG - Generated Telnet SYN-ACK from h5:23 <- h3:8001 [len=54B]
2025-09-12 20:41:18 - [BENIGN] - DEBUG - Generated Telnet ACK from h3:8001 -> h5:23 [len=54B]
2025-09-12 20:41:18 - [BENIGN] - DEBUG - Generated Telnet data traffic from h3:8001 -> h5:23 [content='Telnet command'] [Session 59] [len=327B]
2025-09-12 20:41:19 - [BENIGN] - DEBUG - Generated Telnet ACK reply from h5:23 <- h3:8001 [len=54B]
2025-09-12 20:41:20 - [BENIGN] - DEBUG - Generated SSH SYN from h3:11408 -> h5:22 [len=54B]
2025-09-12 20:41:20 - [BENIGN] - DEBUG - Generated SSH SYN-ACK from h5:22 <- h3:11408 [len=54B]
2025-09-12 20:41:21 - [BENIGN] - DEBUG - Generated SSH ACK from h3:11408 -> h5:22 [len=54B]
2025-09-12 20:41:22 - [BENIGN] - DEBUG - Generated SSH data traffic from h3:11408 -> h5:22 [content='SSH encrypted data'] [Session 60] [len=947B]
2025-09-12 20:41:22 - [BENIGN] - DEBUG - Generated SSH ACK reply from h5:22 <- h3:11408 [len=54B]
2025-09-12 20:41:23 - [BENIGN] - DEBUG - Generated FTP SYN from h3:59341 -> h5:21 [len=54B]
2025-09-12 20:41:24 - [BENIGN] - DEBUG - Generated FTP SYN-ACK from h5:21 <- h3:59341 [len=54B]
2025-09-12 20:41:24 - [BENIGN] - DEBUG - Generated FTP ACK from h3:59341 -> h5:21 [len=54B]
2025-09-12 20:41:25 - [BENIGN] - DEBUG - Generated FTP data traffic from h3:59341 -> h5:21 [content='FTP file transfer'] [Session 61] [len=951B]
2025-09-12 20:41:25 - [BENIGN] - DEBUG - Generated FTP ACK reply from h5:21 <- h3:59341 [len=54B]
2025-09-12 20:41:26 - [BENIGN] - DEBUG - Generated HTTP SYN from h3:15777 -> h5:80 [len=54B]
2025-09-12 20:41:27 - [BENIGN] - DEBUG - Generated HTTP SYN-ACK from h5:80 <- h3:15777 [len=54B]
2025-09-12 20:41:27 - [BENIGN] - DEBUG - Generated HTTP ACK from h3:15777 -> h5:80 [len=54B]
2025-09-12 20:41:28 - [BENIGN] - DEBUG - Generated HTTP data traffic from h3:15777 -> h5:80 [content='GET /index.html HTTP/1.1'] [Session 62] [len=478B]
2025-09-12 20:41:29 - [BENIGN] - DEBUG - Generated HTTP ACK reply from h5:80 <- h3:15777 [len=54B]
2025-09-12 20:41:29 - [BENIGN] - DEBUG - Generated HTTPS SYN from h3:29574 -> h5:443 [len=54B]
2025-09-12 20:41:30 - [BENIGN] - DEBUG - Generated HTTPS SYN-ACK from h5:443 <- h3:29574 [len=54B]
2025-09-12 20:41:31 - [BENIGN] - DEBUG - Generated HTTPS ACK from h3:29574 -> h5:443 [len=54B]
2025-09-12 20:41:31 - [BENIGN] - DEBUG - Generated HTTPS data traffic from h3:29574 -> h5:443 [content='Encrypted Application Data'] [Session 63] [len=522B]
2025-09-12 20:41:32 - [BENIGN] - DEBUG - Generated HTTPS ACK reply from h5:443 <- h3:29574 [len=54B]
2025-09-12 20:41:33 - [BENIGN] - DEBUG - Generated DNS query from h3:36577 -> h5:53 [qname='example.com'] [Session 64] [len=71B]
2025-09-12 20:41:33 - [BENIGN] - DEBUG - Generated ICMP traffic h2↔h5 8 [len=84B]
2025-09-12 20:41:33 - [BENIGN] - DEBUG - Generated TCP SYN from h3:19480 -> h5:12345 [len=54B]
2025-09-12 20:41:34 - [BENIGN] - DEBUG - Generated TCP SYN-ACK from h5:12345 <- h3:19480 [len=54B]
2025-09-12 20:41:35 - [BENIGN] - DEBUG - Generated TCP ACK from h3:19480 -> h5:12345 [len=54B]
2025-09-12 20:41:35 - [BENIGN] - DEBUG - Generated TCP data traffic from h3:19480 -> h5:12345 [content='TCP data'] [Session 65] [len=391B]
2025-09-12 20:41:36 - [BENIGN] - DEBUG - Generated TCP ACK reply from h5:12345 <- h3:19480 [len=54B]
2025-09-12 20:41:37 - [BENIGN] - DEBUG - Generated UDP traffic from h3:60436 -> h5:12346 [content='a811041e37a00037a81df7acb304894bfce78f44...'] [Session 66] [len=480B]
2025-09-12 20:41:37 - [BENIGN] - DEBUG - Generated Telnet SYN from h3:57452 -> h5:23 [len=54B]
2025-09-12 20:41:38 - [BENIGN] - DEBUG - Generated Telnet SYN-ACK from h5:23 <- h3:57452 [len=54B]
2025-09-12 20:41:38 - [BENIGN] - DEBUG - Generated Telnet ACK from h3:57452 -> h5:23 [len=54B]
2025-09-12 20:41:39 - [BENIGN] - DEBUG - Generated Telnet data traffic from h3:57452 -> h5:23 [content='Telnet command'] [Session 67] [len=1202B]
2025-09-12 20:41:40 - [BENIGN] - DEBUG - Generated Telnet ACK reply from h5:23 <- h3:57452 [len=54B]
2025-09-12 20:41:40 - [BENIGN] - DEBUG - Generated SSH SYN from h3:46961 -> h5:22 [len=54B]
2025-09-12 20:41:41 - [BENIGN] - DEBUG - Generated SSH SYN-ACK from h5:22 <- h3:46961 [len=54B]
2025-09-12 20:41:42 - [BENIGN] - DEBUG - Generated SSH ACK from h3:46961 -> h5:22 [len=54B]
2025-09-12 20:41:42 - [BENIGN] - DEBUG - Generated SSH data traffic from h3:46961 -> h5:22 [content='SSH encrypted data'] [Session 68] [len=695B]
2025-09-12 20:41:43 - [BENIGN] - DEBUG - Generated SSH ACK reply from h5:22 <- h3:46961 [len=54B]
2025-09-12 20:41:43 - [BENIGN] - DEBUG - Generated FTP SYN from h3:38524 -> h5:21 [len=54B]
2025-09-12 20:41:44 - [BENIGN] - DEBUG - Generated FTP SYN-ACK from h5:21 <- h3:38524 [len=54B]
2025-09-12 20:41:45 - [BENIGN] - DEBUG - Generated FTP ACK from h3:38524 -> h5:21 [len=54B]
2025-09-12 20:41:45 - [BENIGN] - DEBUG - Generated FTP data traffic from h3:38524 -> h5:21 [content='FTP file transfer'] [Session 69] [len=384B]
2025-09-12 20:41:46 - [BENIGN] - DEBUG - Generated FTP ACK reply from h5:21 <- h3:38524 [len=54B]
2025-09-12 20:41:47 - [BENIGN] - DEBUG - Generated HTTP SYN from h3:13266 -> h5:80 [len=54B]
2025-09-12 20:41:47 - [BENIGN] - DEBUG - Generated HTTP SYN-ACK from h5:80 <- h3:13266 [len=54B]
2025-09-12 20:41:48 - [BENIGN] - DEBUG - Generated HTTP ACK from h3:13266 -> h5:80 [len=54B]
2025-09-12 20:41:49 - [BENIGN] - DEBUG - Generated HTTP data traffic from h3:13266 -> h5:80 [content='GET /index.html HTTP/1.1'] [Session 70] [len=587B]
2025-09-12 20:41:49 - [BENIGN] - DEBUG - Generated HTTP ACK reply from h5:80 <- h3:13266 [len=54B]
2025-09-12 20:41:50 - [BENIGN] - DEBUG - Generated HTTPS SYN from h3:20811 -> h5:443 [len=54B]
2025-09-12 20:41:50 - [BENIGN] - DEBUG - Generated HTTPS SYN-ACK from h5:443 <- h3:20811 [len=54B]
2025-09-12 20:41:51 - [BENIGN] - DEBUG - Generated HTTPS ACK from h3:20811 -> h5:443 [len=54B]
2025-09-12 20:41:52 - [BENIGN] - DEBUG - Generated HTTPS data traffic from h3:20811 -> h5:443 [content='Encrypted Application Data'] [Session 71] [len=396B]
2025-09-12 20:41:52 - [BENIGN] - DEBUG - Generated HTTPS ACK reply from h5:443 <- h3:20811 [len=54B]
2025-09-12 20:41:53 - [BENIGN] - DEBUG - Generated DNS query from h3:31896 -> h5:53 [qname='example.com'] [Session 72] [len=71B]
2025-09-12 20:41:53 - [BENIGN] - DEBUG - Generated ICMP traffic h2↔h5 9 [len=84B]
2025-09-12 20:41:54 - [BENIGN] - DEBUG - Generated TCP SYN from h3:56497 -> h5:12345 [len=54B]
2025-09-12 20:41:54 - [BENIGN] - DEBUG - Generated TCP SYN-ACK from h5:12345 <- h3:56497 [len=54B]
2025-09-12 20:41:55 - [BENIGN] - DEBUG - Generated TCP ACK from h3:56497 -> h5:12345 [len=54B]
2025-09-12 20:41:55 - [BENIGN] - DEBUG - Generated TCP data traffic from h3:56497 -> h5:12345 [content='TCP data'] [Session 73] [len=1468B]
2025-09-12 20:41:56 - [BENIGN] - DEBUG - Generated TCP ACK reply from h5:12345 <- h3:56497 [len=54B]
2025-09-12 20:41:57 - [BENIGN] - DEBUG - Generated UDP traffic from h3:28832 -> h5:12346 [content='c0634487b89cceb40f1dc4328610d734b4ed6a03...'] [Session 74] [len=186B]
2025-09-12 20:41:57 - [BENIGN] - DEBUG - Generated Telnet SYN from h3:16968 -> h5:23 [len=54B]
2025-09-12 20:41:58 - [BENIGN] - DEBUG - Generated Telnet SYN-ACK from h5:23 <- h3:16968 [len=54B]
2025-09-12 20:41:59 - [BENIGN] - DEBUG - Generated Telnet ACK from h3:16968 -> h5:23 [len=54B]
2025-09-12 20:41:59 - [BENIGN] - DEBUG - Generated Telnet data traffic from h3:16968 -> h5:23 [content='Telnet command'] [Session 75] [len=164B]
2025-09-12 20:42:00 - [BENIGN] - DEBUG - Generated Telnet ACK reply from h5:23 <- h3:16968 [len=54B]
2025-09-12 20:42:01 - [BENIGN] - DEBUG - Generated SSH SYN from h3:37618 -> h5:22 [len=54B]
2025-09-12 20:42:01 - [BENIGN] - DEBUG - Generated SSH SYN-ACK from h5:22 <- h3:37618 [len=54B]
2025-09-12 20:42:02 - [BENIGN] - DEBUG - Generated SSH ACK from h3:37618 -> h5:22 [len=54B]
2025-09-12 20:42:02 - [BENIGN] - DEBUG - Generated SSH data traffic from h3:37618 -> h5:22 [content='SSH encrypted data'] [Session 76] [len=973B]
2025-09-12 20:42:03 - [BENIGN] - DEBUG - Generated SSH ACK reply from h5:22 <- h3:37618 [len=54B]
2025-09-12 20:42:04 - [BENIGN] - DEBUG - Generated FTP SYN from h3:43614 -> h5:21 [len=54B]
2025-09-12 20:42:04 - [BENIGN] - DEBUG - Generated FTP SYN-ACK from h5:21 <- h3:43614 [len=54B]
2025-09-12 20:42:05 - [BENIGN] - DEBUG - Generated FTP ACK from h3:43614 -> h5:21 [len=54B]
2025-09-12 20:42:06 - [BENIGN] - DEBUG - Generated FTP data traffic from h3:43614 -> h5:21 [content='FTP file transfer'] [Session 77] [len=1274B]
2025-09-12 20:42:06 - [BENIGN] - DEBUG - Generated FTP ACK reply from h5:21 <- h3:43614 [len=54B]
2025-09-12 20:42:07 - [BENIGN] - DEBUG - Generated HTTP SYN from h3:57898 -> h5:80 [len=54B]
2025-09-12 20:42:07 - [BENIGN] - DEBUG - Generated HTTP SYN-ACK from h5:80 <- h3:57898 [len=54B]
2025-09-12 20:42:08 - [BENIGN] - DEBUG - Generated HTTP ACK from h3:57898 -> h5:80 [len=54B]
2025-09-12 20:42:09 - [BENIGN] - DEBUG - Generated HTTP data traffic from h3:57898 -> h5:80 [content='GET /index.html HTTP/1.1'] [Session 78] [len=541B]
2025-09-12 20:42:09 - [BENIGN] - DEBUG - Generated HTTP ACK reply from h5:80 <- h3:57898 [len=54B]
2025-09-12 20:42:10 - [BENIGN] - DEBUG - Generated HTTPS SYN from h3:61264 -> h5:443 [len=54B]
2025-09-12 20:42:11 - [BENIGN] - DEBUG - Generated HTTPS SYN-ACK from h5:443 <- h3:61264 [len=54B]
2025-09-12 20:42:11 - [BENIGN] - DEBUG - Generated HTTPS ACK from h3:61264 -> h5:443 [len=54B]
2025-09-12 20:42:12 - [BENIGN] - DEBUG - Generated HTTPS data traffic from h3:61264 -> h5:443 [content='Encrypted Application Data'] [Session 79] [len=742B]
2025-09-12 20:42:12 - [BENIGN] - DEBUG - Generated HTTPS ACK reply from h5:443 <- h3:61264 [len=54B]
2025-09-12 20:42:13 - [BENIGN] - DEBUG - Generated DNS query from h3:48662 -> h5:53 [qname='example.com'] [Session 80] [len=71B]
2025-09-12 20:42:13 - [BENIGN] - INFO - Benign traffic finished.
2025-09-12 20:42:13 - [BENIGN] - INFO - Summary: 80 protocol sessions with protocol separation:
2025-09-12 20:42:13 - [BENIGN] - INFO -   - h2↔h5: ICMP ping traffic
2025-09-12 20:42:13 - [BENIGN] - INFO -   - h3↔h5: TCP/UDP traffic [TCP, UDP, Telnet, SSH, FTP, HTTP, HTTPS, DNS]
2025-09-12 20:42:13 - [BENIGN] - INFO - Total packets sent: 340
