2025-09-12 20:14:47,376 - attack_logger - INFO - Attack: Enhanced SYN Flood (11s) | h1 -> h6
2025-09-12 20:14:49,892 - attack_logger - INFO - [syn_flood] [Run ID: fa688dcc-25f8-4b5c-bf5c-ebc6a57cf139] Starting Enhanced SYN Flood from h1 to 192.168.30.10 for 11 seconds.
2025-09-12 20:14:49,892 - attack_logger - INFO - [syn_flood] [Run ID: fa688dcc-25f8-4b5c-bf5c-ebc6a57cf139] Attack Phase: Enhanced Traditional SYN Flood - Attacker: h1, Target: 192.168.30.10:80, Duration: 11s
2025-09-12 20:14:49,892 - attack_logger - INFO - [syn_flood] [Run ID: fa688dcc-25f8-4b5c-bf5c-ebc6a57cf139] Enhanced Features: Human-like timing, protocol compliance, network delay simulation
2025-09-12 20:14:49,892 - attack_logger - INFO - [syn_flood] [Run ID: fa688dcc-25f8-4b5c-bf5c-ebc6a57cf139] Session pattern: 1 phases, Circadian factor: 0.50, Workday factor: 0.50
2025-09-12 20:14:49,892 - attack_logger - DEBUG - [syn_flood] [Run ID: fa688dcc-25f8-4b5c-bf5c-ebc6a57cf139] Starting enhanced SYN packet generation with human-like timing
2025-09-12 20:14:49,892 - attack_logger - INFO - [syn_flood] [Run ID: fa688dcc-25f8-4b5c-bf5c-ebc6a57cf139] Stress phase: 3s, Advanced phase: 8s
2025-09-12 20:14:53,516 - attack_logger - INFO - [syn_flood] [Run ID: fa688dcc-25f8-4b5c-bf5c-ebc6a57cf139] Stress phase completed
2025-09-12 20:14:53,524 - attack_logger - INFO - [syn_flood] [Run ID: fa688dcc-25f8-4b5c-bf5c-ebc6a57cf139] Enhanced SYN flood process started (PID: 40471)
2025-09-12 20:14:54,552 - attack_logger - INFO - [syn_flood] [Run ID: fa688dcc-25f8-4b5c-bf5c-ebc6a57cf139] Attack progress: 1.0s elapsed, ~4 packets sent, Rate: 3.9 pps, Phase: active (intensity: 0.73)
2025-09-12 20:14:54,552 - attack_logger - DEBUG - [syn_flood] [Run ID: fa688dcc-25f8-4b5c-bf5c-ebc6a57cf139] Process stats - CPU: 0.0%, Memory: 60.0MB
2025-09-12 20:14:54,552 - attack_logger - DEBUG - [syn_flood] [Run ID: fa688dcc-25f8-4b5c-bf5c-ebc6a57cf139] Timing factors - Circadian: 0.50, Workday: 0.50, Adjusted rate: 4.0 pps
2025-09-12 20:14:55,556 - attack_logger - INFO - [syn_flood] [Run ID: fa688dcc-25f8-4b5c-bf5c-ebc6a57cf139] Attack progress: 2.0s elapsed, ~11 packets sent, Rate: 5.4 pps, Phase: active (intensity: 0.73)
2025-09-12 20:14:55,556 - attack_logger - DEBUG - [syn_flood] [Run ID: fa688dcc-25f8-4b5c-bf5c-ebc6a57cf139] Process stats - CPU: 0.0%, Memory: 60.2MB
2025-09-12 20:14:55,556 - attack_logger - DEBUG - [syn_flood] [Run ID: fa688dcc-25f8-4b5c-bf5c-ebc6a57cf139] Timing factors - Circadian: 0.50, Workday: 0.50, Adjusted rate: 5.4 pps
2025-09-12 20:14:56,595 - attack_logger - INFO - [syn_flood] [Run ID: fa688dcc-25f8-4b5c-bf5c-ebc6a57cf139] Attack progress: 3.1s elapsed, ~16 packets sent, Rate: 5.2 pps, Phase: active (intensity: 0.73)
2025-09-12 20:14:56,595 - attack_logger - DEBUG - [syn_flood] [Run ID: fa688dcc-25f8-4b5c-bf5c-ebc6a57cf139] Process stats - CPU: 0.0%, Memory: 60.2MB
2025-09-12 20:14:56,595 - attack_logger - DEBUG - [syn_flood] [Run ID: fa688dcc-25f8-4b5c-bf5c-ebc6a57cf139] Timing factors - Circadian: 0.50, Workday: 0.50, Adjusted rate: 5.3 pps
2025-09-12 20:14:57,610 - attack_logger - INFO - [syn_flood] [Run ID: fa688dcc-25f8-4b5c-bf5c-ebc6a57cf139] Attack progress: 4.1s elapsed, ~15 packets sent, Rate: 3.7 pps, Phase: active (intensity: 0.73)
2025-09-12 20:14:57,610 - attack_logger - DEBUG - [syn_flood] [Run ID: fa688dcc-25f8-4b5c-bf5c-ebc6a57cf139] Process stats - CPU: 0.0%, Memory: 60.2MB
2025-09-12 20:14:57,610 - attack_logger - DEBUG - [syn_flood] [Run ID: fa688dcc-25f8-4b5c-bf5c-ebc6a57cf139] Timing factors - Circadian: 0.50, Workday: 0.50, Adjusted rate: 3.8 pps
2025-09-12 20:14:58,649 - attack_logger - INFO - [syn_flood] [Run ID: fa688dcc-25f8-4b5c-bf5c-ebc6a57cf139] Attack progress: 5.1s elapsed, ~18 packets sent, Rate: 3.5 pps, Phase: active (intensity: 0.73)
2025-09-12 20:14:58,649 - attack_logger - DEBUG - [syn_flood] [Run ID: fa688dcc-25f8-4b5c-bf5c-ebc6a57cf139] Process stats - CPU: 0.0%, Memory: 60.2MB
2025-09-12 20:14:58,649 - attack_logger - DEBUG - [syn_flood] [Run ID: fa688dcc-25f8-4b5c-bf5c-ebc6a57cf139] Timing factors - Circadian: 0.50, Workday: 0.50, Adjusted rate: 3.7 pps
2025-09-12 20:14:59,651 - attack_logger - INFO - [syn_flood] [Run ID: fa688dcc-25f8-4b5c-bf5c-ebc6a57cf139] Attack progress: 6.1s elapsed, ~26 packets sent, Rate: 4.2 pps, Phase: active (intensity: 0.73)
2025-09-12 20:14:59,651 - attack_logger - DEBUG - [syn_flood] [Run ID: fa688dcc-25f8-4b5c-bf5c-ebc6a57cf139] Process stats - CPU: 0.0%, Memory: 60.2MB
2025-09-12 20:14:59,651 - attack_logger - DEBUG - [syn_flood] [Run ID: fa688dcc-25f8-4b5c-bf5c-ebc6a57cf139] Timing factors - Circadian: 0.50, Workday: 0.50, Adjusted rate: 4.3 pps
2025-09-12 20:15:00,654 - attack_logger - INFO - [syn_flood] [Run ID: fa688dcc-25f8-4b5c-bf5c-ebc6a57cf139] Attack progress: 7.1s elapsed, ~27 packets sent, Rate: 3.8 pps, Phase: active (intensity: 0.73)
2025-09-12 20:15:00,654 - attack_logger - DEBUG - [syn_flood] [Run ID: fa688dcc-25f8-4b5c-bf5c-ebc6a57cf139] Process stats - CPU: 0.0%, Memory: 60.2MB
2025-09-12 20:15:00,654 - attack_logger - DEBUG - [syn_flood] [Run ID: fa688dcc-25f8-4b5c-bf5c-ebc6a57cf139] Timing factors - Circadian: 0.50, Workday: 0.50, Adjusted rate: 3.9 pps
2025-09-12 20:15:01,576 - attack_logger - DEBUG - [syn_flood] [Run ID: fa688dcc-25f8-4b5c-bf5c-ebc6a57cf139] Sent SIGINT to SYN flood process 40471
2025-09-12 20:15:02,080 - attack_logger - INFO - [syn_flood] [Run ID: fa688dcc-25f8-4b5c-bf5c-ebc6a57cf139] Enhanced SYN Flood from h1 to 192.168.30.10 finished.
2025-09-12 20:15:02,080 - attack_logger - INFO - [syn_flood] [Run ID: fa688dcc-25f8-4b5c-bf5c-ebc6a57cf139] Attack completed. Total packets sent = 45, Average rate = 5.58 packets/sec.
2025-09-12 20:15:02,080 - attack_logger - INFO - [syn_flood] [Run ID: fa688dcc-25f8-4b5c-bf5c-ebc6a57cf139] --- Enhanced Attack Summary ---
2025-09-12 20:15:02,080 - attack_logger - INFO - [syn_flood] [Run ID: fa688dcc-25f8-4b5c-bf5c-ebc6a57cf139] Total packets sent: 45
2025-09-12 20:15:02,080 - attack_logger - INFO - [syn_flood] [Run ID: fa688dcc-25f8-4b5c-bf5c-ebc6a57cf139] Actual duration: 8.06s
2025-09-12 20:15:02,080 - attack_logger - INFO - [syn_flood] [Run ID: fa688dcc-25f8-4b5c-bf5c-ebc6a57cf139] Average rate: 5.58 packets/sec
2025-09-12 20:15:02,080 - attack_logger - INFO - [syn_flood] [Run ID: fa688dcc-25f8-4b5c-bf5c-ebc6a57cf139] Base rate: 22.6 pps
2025-09-12 20:15:02,080 - attack_logger - INFO - [syn_flood] [Run ID: fa688dcc-25f8-4b5c-bf5c-ebc6a57cf139] Circadian factor: 0.50
2025-09-12 20:15:02,080 - attack_logger - INFO - [syn_flood] [Run ID: fa688dcc-25f8-4b5c-bf5c-ebc6a57cf139] Workday factor: 0.50
2025-09-12 20:15:02,080 - attack_logger - INFO - [syn_flood] [Run ID: fa688dcc-25f8-4b5c-bf5c-ebc6a57cf139] Session phases: 1
2025-09-12 20:15:02,080 - attack_logger - INFO - [syn_flood] [Run ID: fa688dcc-25f8-4b5c-bf5c-ebc6a57cf139] Target port: 80
2025-09-12 20:15:02,080 - attack_logger - INFO - [syn_flood] [Run ID: fa688dcc-25f8-4b5c-bf5c-ebc6a57cf139] Attack method: Enhanced SYN Flood with Human-like Timing
2025-09-12 20:15:02,080 - attack_logger - INFO - [syn_flood] [Run ID: fa688dcc-25f8-4b5c-bf5c-ebc6a57cf139] Enhancement features: Human timing patterns, protocol compliance, network delay simulation
2025-09-12 20:15:02,080 - attack_logger - INFO - [syn_flood] [Run ID: fa688dcc-25f8-4b5c-bf5c-ebc6a57cf139] TCP options: MSS, WScale, Timestamp, SAckOK
2025-09-12 20:15:02,080 - attack_logger - INFO - [syn_flood] [Run ID: fa688dcc-25f8-4b5c-bf5c-ebc6a57cf139] ----------------------------------------
2025-09-12 20:15:02,153 - attack_logger - INFO - Attack: Enhanced SYN Flood completed.
2025-09-12 20:15:02,153 - attack_logger - INFO - Attack: Enhanced UDP Flood (22s) | h1 -> h6
2025-09-12 20:15:04,667 - attack_logger - INFO - [udp_flood] [Run ID: 26366a1c-6d9a-4de9-ac3e-2e04a5d19dc1] Starting Enhanced UDP Flood from h1 to 192.168.30.10 for 22 seconds.
2025-09-12 20:15:04,667 - attack_logger - INFO - [udp_flood] [Run ID: 26366a1c-6d9a-4de9-ac3e-2e04a5d19dc1] Attack Phase: Enhanced Traditional UDP Flood - Attacker: h1, Target: 192.168.30.10:53, Duration: 22s
2025-09-12 20:15:04,667 - attack_logger - INFO - [udp_flood] [Run ID: 26366a1c-6d9a-4de9-ac3e-2e04a5d19dc1] Enhanced Features: Human-like timing, protocol compliance, network delay simulation
2025-09-12 20:15:04,667 - attack_logger - INFO - [udp_flood] [Run ID: 26366a1c-6d9a-4de9-ac3e-2e04a5d19dc1] Stress phase: 6s, Advanced phase: 16s
2025-09-12 20:15:11,268 - attack_logger - INFO - [udp_flood] [Run ID: 26366a1c-6d9a-4de9-ac3e-2e04a5d19dc1] Stress phase completed
2025-09-12 20:15:11,268 - attack_logger - INFO - [udp_flood] [Run ID: 26366a1c-6d9a-4de9-ac3e-2e04a5d19dc1] Session pattern: 1 phases, Circadian factor: 0.50, Workday factor: 0.50
2025-09-12 20:15:11,268 - attack_logger - DEBUG - [udp_flood] [Run ID: 26366a1c-6d9a-4de9-ac3e-2e04a5d19dc1] Starting enhanced UDP packet generation with human-like timing
2025-09-12 20:15:11,288 - attack_logger - INFO - [udp_flood] [Run ID: 26366a1c-6d9a-4de9-ac3e-2e04a5d19dc1] Enhanced UDP flood process started (PID: 40483)
2025-09-12 20:15:14,297 - attack_logger - INFO - [udp_flood] [Run ID: 26366a1c-6d9a-4de9-ac3e-2e04a5d19dc1] Attack progress: 3.0s elapsed, ~16 packets sent, Rate: 5.3 pps, Phase: active (intensity: 0.86)
2025-09-12 20:15:14,297 - attack_logger - DEBUG - [udp_flood] [Run ID: 26366a1c-6d9a-4de9-ac3e-2e04a5d19dc1] Process stats - CPU: 0.0%, Memory: 60.2MB
2025-09-12 20:15:14,297 - attack_logger - DEBUG - [udp_flood] [Run ID: 26366a1c-6d9a-4de9-ac3e-2e04a5d19dc1] Timing factors - Circadian: 0.50, Workday: 0.50, Adjusted rate: 5.4 pps
2025-09-12 20:15:17,317 - attack_logger - INFO - [udp_flood] [Run ID: 26366a1c-6d9a-4de9-ac3e-2e04a5d19dc1] Attack progress: 6.0s elapsed, ~33 packets sent, Rate: 5.5 pps, Phase: active (intensity: 0.86)
2025-09-12 20:15:17,318 - attack_logger - DEBUG - [udp_flood] [Run ID: 26366a1c-6d9a-4de9-ac3e-2e04a5d19dc1] Process stats - CPU: 0.0%, Memory: 60.2MB
2025-09-12 20:15:17,318 - attack_logger - DEBUG - [udp_flood] [Run ID: 26366a1c-6d9a-4de9-ac3e-2e04a5d19dc1] Timing factors - Circadian: 0.50, Workday: 0.50, Adjusted rate: 5.5 pps
2025-09-12 20:15:20,376 - attack_logger - INFO - [udp_flood] [Run ID: 26366a1c-6d9a-4de9-ac3e-2e04a5d19dc1] Attack progress: 9.1s elapsed, ~49 packets sent, Rate: 5.4 pps, Phase: active (intensity: 0.86)
2025-09-12 20:15:20,376 - attack_logger - DEBUG - [udp_flood] [Run ID: 26366a1c-6d9a-4de9-ac3e-2e04a5d19dc1] Process stats - CPU: 0.0%, Memory: 60.2MB
2025-09-12 20:15:20,376 - attack_logger - DEBUG - [udp_flood] [Run ID: 26366a1c-6d9a-4de9-ac3e-2e04a5d19dc1] Timing factors - Circadian: 0.50, Workday: 0.50, Adjusted rate: 5.4 pps
2025-09-12 20:15:23,376 - attack_logger - INFO - [udp_flood] [Run ID: 26366a1c-6d9a-4de9-ac3e-2e04a5d19dc1] Attack progress: 12.1s elapsed, ~62 packets sent, Rate: 5.1 pps, Phase: active (intensity: 0.86)
2025-09-12 20:15:23,376 - attack_logger - DEBUG - [udp_flood] [Run ID: 26366a1c-6d9a-4de9-ac3e-2e04a5d19dc1] Process stats - CPU: 0.0%, Memory: 60.5MB
2025-09-12 20:15:23,376 - attack_logger - DEBUG - [udp_flood] [Run ID: 26366a1c-6d9a-4de9-ac3e-2e04a5d19dc1] Timing factors - Circadian: 0.50, Workday: 0.50, Adjusted rate: 5.1 pps
2025-09-12 20:15:26,461 - attack_logger - INFO - [udp_flood] [Run ID: 26366a1c-6d9a-4de9-ac3e-2e04a5d19dc1] Attack progress: 15.2s elapsed, ~71 packets sent, Rate: 4.7 pps, Phase: active (intensity: 0.86)
2025-09-12 20:15:26,461 - attack_logger - DEBUG - [udp_flood] [Run ID: 26366a1c-6d9a-4de9-ac3e-2e04a5d19dc1] Process stats - CPU: 0.0%, Memory: 60.5MB
2025-09-12 20:15:26,461 - attack_logger - DEBUG - [udp_flood] [Run ID: 26366a1c-6d9a-4de9-ac3e-2e04a5d19dc1] Timing factors - Circadian: 0.50, Workday: 0.50, Adjusted rate: 4.7 pps
2025-09-12 20:15:27,331 - attack_logger - DEBUG - [udp_flood] [Run ID: 26366a1c-6d9a-4de9-ac3e-2e04a5d19dc1] Sent SIGINT to UDP flood process 40483
2025-09-12 20:15:27,833 - attack_logger - INFO - [udp_flood] [Run ID: 26366a1c-6d9a-4de9-ac3e-2e04a5d19dc1] Enhanced UDP Flood from h1 to 192.168.30.10 finished.
2025-09-12 20:15:27,833 - attack_logger - INFO - [udp_flood] [Run ID: 26366a1c-6d9a-4de9-ac3e-2e04a5d19dc1] Attack completed. Total packets sent = 89, Average rate = 5.54 packets/sec.
2025-09-12 20:15:27,833 - attack_logger - INFO - [udp_flood] [Run ID: 26366a1c-6d9a-4de9-ac3e-2e04a5d19dc1] --- Enhanced Attack Summary ---
2025-09-12 20:15:27,834 - attack_logger - INFO - [udp_flood] [Run ID: 26366a1c-6d9a-4de9-ac3e-2e04a5d19dc1] Total packets sent: 89
2025-09-12 20:15:27,834 - attack_logger - INFO - [udp_flood] [Run ID: 26366a1c-6d9a-4de9-ac3e-2e04a5d19dc1] Actual duration: 16.06s
2025-09-12 20:15:27,834 - attack_logger - INFO - [udp_flood] [Run ID: 26366a1c-6d9a-4de9-ac3e-2e04a5d19dc1] Average rate: 5.54 packets/sec
2025-09-12 20:15:27,834 - attack_logger - INFO - [udp_flood] [Run ID: 26366a1c-6d9a-4de9-ac3e-2e04a5d19dc1] Base rate: 22.2 pps
2025-09-12 20:15:27,834 - attack_logger - INFO - [udp_flood] [Run ID: 26366a1c-6d9a-4de9-ac3e-2e04a5d19dc1] Circadian factor: 0.50
2025-09-12 20:15:27,834 - attack_logger - INFO - [udp_flood] [Run ID: 26366a1c-6d9a-4de9-ac3e-2e04a5d19dc1] Workday factor: 0.50
2025-09-12 20:15:27,834 - attack_logger - INFO - [udp_flood] [Run ID: 26366a1c-6d9a-4de9-ac3e-2e04a5d19dc1] Session phases: 1
2025-09-12 20:15:27,834 - attack_logger - INFO - [udp_flood] [Run ID: 26366a1c-6d9a-4de9-ac3e-2e04a5d19dc1] Target port: 53 (DNS)
2025-09-12 20:15:27,834 - attack_logger - INFO - [udp_flood] [Run ID: 26366a1c-6d9a-4de9-ac3e-2e04a5d19dc1] Attack method: Enhanced UDP Flood with Human-like Timing
2025-09-12 20:15:27,834 - attack_logger - INFO - [udp_flood] [Run ID: 26366a1c-6d9a-4de9-ac3e-2e04a5d19dc1] Enhancement features: Human timing patterns, protocol compliance, network delay simulation
2025-09-12 20:15:27,834 - attack_logger - INFO - [udp_flood] [Run ID: 26366a1c-6d9a-4de9-ac3e-2e04a5d19dc1] DNS payloads: Realistic query patterns with varied domains
2025-09-12 20:15:27,834 - attack_logger - INFO - [udp_flood] [Run ID: 26366a1c-6d9a-4de9-ac3e-2e04a5d19dc1] ----------------------------------------
2025-09-12 20:15:27,928 - attack_logger - INFO - Attack: Enhanced UDP Flood completed.
2025-09-12 20:15:27,928 - attack_logger - INFO - Attack: Enhanced ICMP Flood (11s) | h1 -> h4
2025-09-12 20:15:30,440 - attack_logger - INFO - [icmp_flood] [Run ID: 837622b8-3f73-4206-9fe8-8a9b158cd6fd] Starting Enhanced ICMP Flood with RFC 1918 IP Rotation from h1 to 192.168.20.12 for 11 seconds.
2025-09-12 20:15:30,440 - attack_logger - INFO - [icmp_flood] [Run ID: 837622b8-3f73-4206-9fe8-8a9b158cd6fd] Attack Phase: Enhanced Traditional ICMP Flood - Attacker: h1, Target: 192.168.20.12, Duration: 11s
2025-09-12 20:15:30,440 - attack_logger - INFO - [icmp_flood] [Run ID: 837622b8-3f73-4206-9fe8-8a9b158cd6fd] Enhanced Features: RFC 1918 IP rotation, human-like timing, protocol compliance, network delay simulation
2025-09-12 20:15:30,440 - attack_logger - INFO - [icmp_flood] [Run ID: 837622b8-3f73-4206-9fe8-8a9b158cd6fd] IP Pool Size: 50 source IPs from RFC 1918 ranges (10.0.0.0/8, 172.16.0.0/12, 192.168.0.0/16)
2025-09-12 20:15:30,440 - attack_logger - INFO - [icmp_flood] [Run ID: 837622b8-3f73-4206-9fe8-8a9b158cd6fd] Stress phase total: 3s (host: 1s, gateway: 2s), Advanced phase: 8s
2025-09-12 20:15:32,038 - attack_logger - INFO - [icmp_flood] [Run ID: 837622b8-3f73-4206-9fe8-8a9b158cd6fd] Host stress sub-phase completed
2025-09-12 20:15:34,643 - attack_logger - INFO - [icmp_flood] [Run ID: 837622b8-3f73-4206-9fe8-8a9b158cd6fd] Gateway stress sub-phase completed
2025-09-12 20:15:34,643 - attack_logger - INFO - [icmp_flood] [Run ID: 837622b8-3f73-4206-9fe8-8a9b158cd6fd] Session pattern: 1 phases, Circadian factor: 0.50, Workday factor: 0.50
2025-09-12 20:15:34,643 - attack_logger - DEBUG - [icmp_flood] [Run ID: 837622b8-3f73-4206-9fe8-8a9b158cd6fd] Starting enhanced ICMP packet generation with IP rotation and human-like timing
2025-09-12 20:15:34,652 - attack_logger - INFO - [icmp_flood] [Run ID: 837622b8-3f73-4206-9fe8-8a9b158cd6fd] Enhanced ICMP flood with IP rotation process started (PID: 40499)
2025-09-12 20:15:35,728 - attack_logger - INFO - [icmp_flood] [Run ID: 837622b8-3f73-4206-9fe8-8a9b158cd6fd] Attack progress: 1.1s elapsed, ~7 packets sent, Rate: 6.5 pps, IP rotations: ~0, Phase: active (intensity: 0.90)
2025-09-12 20:15:35,728 - attack_logger - DEBUG - [icmp_flood] [Run ID: 837622b8-3f73-4206-9fe8-8a9b158cd6fd] Process stats - CPU: 0.0%, Memory: 60.2MB
2025-09-12 20:15:35,728 - attack_logger - DEBUG - [icmp_flood] [Run ID: 837622b8-3f73-4206-9fe8-8a9b158cd6fd] Timing factors - Circadian: 0.50, Workday: 0.50, Adjusted rate: 6.7 pps
2025-09-12 20:15:36,753 - attack_logger - INFO - [icmp_flood] [Run ID: 837622b8-3f73-4206-9fe8-8a9b158cd6fd] Attack progress: 2.1s elapsed, ~12 packets sent, Rate: 5.7 pps, IP rotations: ~0, Phase: active (intensity: 0.90)
2025-09-12 20:15:36,753 - attack_logger - DEBUG - [icmp_flood] [Run ID: 837622b8-3f73-4206-9fe8-8a9b158cd6fd] Process stats - CPU: 0.0%, Memory: 60.2MB
2025-09-12 20:15:36,753 - attack_logger - DEBUG - [icmp_flood] [Run ID: 837622b8-3f73-4206-9fe8-8a9b158cd6fd] Timing factors - Circadian: 0.50, Workday: 0.50, Adjusted rate: 5.7 pps
2025-09-12 20:15:37,758 - attack_logger - INFO - [icmp_flood] [Run ID: 837622b8-3f73-4206-9fe8-8a9b158cd6fd] Attack progress: 3.1s elapsed, ~20 packets sent, Rate: 6.4 pps, IP rotations: ~1, Phase: active (intensity: 0.90)
2025-09-12 20:15:37,758 - attack_logger - DEBUG - [icmp_flood] [Run ID: 837622b8-3f73-4206-9fe8-8a9b158cd6fd] Process stats - CPU: 0.0%, Memory: 60.2MB
2025-09-12 20:15:37,758 - attack_logger - DEBUG - [icmp_flood] [Run ID: 837622b8-3f73-4206-9fe8-8a9b158cd6fd] Timing factors - Circadian: 0.50, Workday: 0.50, Adjusted rate: 6.6 pps
2025-09-12 20:15:38,808 - attack_logger - INFO - [icmp_flood] [Run ID: 837622b8-3f73-4206-9fe8-8a9b158cd6fd] Attack progress: 4.2s elapsed, ~19 packets sent, Rate: 4.6 pps, IP rotations: ~1, Phase: active (intensity: 0.90)
2025-09-12 20:15:38,808 - attack_logger - DEBUG - [icmp_flood] [Run ID: 837622b8-3f73-4206-9fe8-8a9b158cd6fd] Process stats - CPU: 0.0%, Memory: 60.2MB
2025-09-12 20:15:38,808 - attack_logger - DEBUG - [icmp_flood] [Run ID: 837622b8-3f73-4206-9fe8-8a9b158cd6fd] Timing factors - Circadian: 0.50, Workday: 0.50, Adjusted rate: 4.7 pps
2025-09-12 20:15:39,885 - attack_logger - INFO - [icmp_flood] [Run ID: 837622b8-3f73-4206-9fe8-8a9b158cd6fd] Attack progress: 5.2s elapsed, ~33 packets sent, Rate: 6.3 pps, IP rotations: ~2, Phase: active (intensity: 0.90)
2025-09-12 20:15:39,885 - attack_logger - DEBUG - [icmp_flood] [Run ID: 837622b8-3f73-4206-9fe8-8a9b158cd6fd] Process stats - CPU: 0.0%, Memory: 60.2MB
2025-09-12 20:15:39,885 - attack_logger - DEBUG - [icmp_flood] [Run ID: 837622b8-3f73-4206-9fe8-8a9b158cd6fd] Timing factors - Circadian: 0.50, Workday: 0.50, Adjusted rate: 6.4 pps
2025-09-12 20:15:40,945 - attack_logger - INFO - [icmp_flood] [Run ID: 837622b8-3f73-4206-9fe8-8a9b158cd6fd] Attack progress: 6.3s elapsed, ~40 packets sent, Rate: 6.3 pps, IP rotations: ~2, Phase: active (intensity: 0.90)
2025-09-12 20:15:40,945 - attack_logger - DEBUG - [icmp_flood] [Run ID: 837622b8-3f73-4206-9fe8-8a9b158cd6fd] Process stats - CPU: 0.0%, Memory: 60.2MB
2025-09-12 20:15:40,945 - attack_logger - DEBUG - [icmp_flood] [Run ID: 837622b8-3f73-4206-9fe8-8a9b158cd6fd] Timing factors - Circadian: 0.50, Workday: 0.50, Adjusted rate: 6.4 pps
2025-09-12 20:15:41,972 - attack_logger - INFO - [icmp_flood] [Run ID: 837622b8-3f73-4206-9fe8-8a9b158cd6fd] Attack progress: 7.3s elapsed, ~41 packets sent, Rate: 5.6 pps, IP rotations: ~2, Phase: active (intensity: 0.90)
2025-09-12 20:15:41,972 - attack_logger - DEBUG - [icmp_flood] [Run ID: 837622b8-3f73-4206-9fe8-8a9b158cd6fd] Process stats - CPU: 0.0%, Memory: 60.2MB
2025-09-12 20:15:41,972 - attack_logger - DEBUG - [icmp_flood] [Run ID: 837622b8-3f73-4206-9fe8-8a9b158cd6fd] Timing factors - Circadian: 0.50, Workday: 0.50, Adjusted rate: 5.6 pps
2025-09-12 20:15:42,687 - attack_logger - DEBUG - [icmp_flood] [Run ID: 837622b8-3f73-4206-9fe8-8a9b158cd6fd] Sent SIGINT to ICMP flood process 40499
2025-09-12 20:15:43,191 - attack_logger - INFO - [icmp_flood] [Run ID: 837622b8-3f73-4206-9fe8-8a9b158cd6fd] Enhanced ICMP Flood with RFC 1918 IP Rotation from h1 to 192.168.20.12 finished.
2025-09-12 20:15:43,191 - attack_logger - INFO - [icmp_flood] [Run ID: 837622b8-3f73-4206-9fe8-8a9b158cd6fd] Attack completed. Total packets sent = 60, Average rate = 7.46 packets/sec.
2025-09-12 20:15:43,191 - attack_logger - INFO - [icmp_flood] [Run ID: 837622b8-3f73-4206-9fe8-8a9b158cd6fd] --- Enhanced Attack Summary ---
2025-09-12 20:15:43,191 - attack_logger - INFO - [icmp_flood] [Run ID: 837622b8-3f73-4206-9fe8-8a9b158cd6fd] Total packets sent: 60
2025-09-12 20:15:43,191 - attack_logger - INFO - [icmp_flood] [Run ID: 837622b8-3f73-4206-9fe8-8a9b158cd6fd] Total IP rotations: ~4
2025-09-12 20:15:43,191 - attack_logger - INFO - [icmp_flood] [Run ID: 837622b8-3f73-4206-9fe8-8a9b158cd6fd] RFC 1918 IP pool size: 50
2025-09-12 20:15:43,191 - attack_logger - INFO - [icmp_flood] [Run ID: 837622b8-3f73-4206-9fe8-8a9b158cd6fd] IP ranges used: 10.0.0.0/8, 172.16.0.0/12, 192.168.0.0/16
2025-09-12 20:15:43,191 - attack_logger - INFO - [icmp_flood] [Run ID: 837622b8-3f73-4206-9fe8-8a9b158cd6fd] Actual duration: 8.04s
2025-09-12 20:15:43,191 - attack_logger - INFO - [icmp_flood] [Run ID: 837622b8-3f73-4206-9fe8-8a9b158cd6fd] Average rate: 7.46 packets/sec
2025-09-12 20:15:43,191 - attack_logger - INFO - [icmp_flood] [Run ID: 837622b8-3f73-4206-9fe8-8a9b158cd6fd] Base rate: 29.9 pps
2025-09-12 20:15:43,191 - attack_logger - INFO - [icmp_flood] [Run ID: 837622b8-3f73-4206-9fe8-8a9b158cd6fd] Circadian factor: 0.50
2025-09-12 20:15:43,191 - attack_logger - INFO - [icmp_flood] [Run ID: 837622b8-3f73-4206-9fe8-8a9b158cd6fd] Workday factor: 0.50
2025-09-12 20:15:43,191 - attack_logger - INFO - [icmp_flood] [Run ID: 837622b8-3f73-4206-9fe8-8a9b158cd6fd] Session phases: 1
2025-09-12 20:15:43,191 - attack_logger - INFO - [icmp_flood] [Run ID: 837622b8-3f73-4206-9fe8-8a9b158cd6fd] ICMP type: Echo Request (8) with ID/Seq variations
2025-09-12 20:15:43,191 - attack_logger - INFO - [icmp_flood] [Run ID: 837622b8-3f73-4206-9fe8-8a9b158cd6fd] Attack method: Enhanced ICMP Flood with RFC 1918 IP Rotation
2025-09-12 20:15:43,191 - attack_logger - INFO - [icmp_flood] [Run ID: 837622b8-3f73-4206-9fe8-8a9b158cd6fd] Enhancement features: RFC 1918 IP rotation, human timing patterns, protocol compliance, network delay simulation
2025-09-12 20:15:43,191 - attack_logger - INFO - [icmp_flood] [Run ID: 837622b8-3f73-4206-9fe8-8a9b158cd6fd] ----------------------------------------
2025-09-12 20:15:43,267 - attack_logger - INFO - Attack: Enhanced ICMP Flood completed.
2025-09-12 20:15:43,776 - attack_logger - INFO - Attack: ENHANCED Adversarial TCP State Exhaustion (8s) | h1 -> h6
2025-09-12 20:15:55,003 - attack_logger - INFO - Attack: ENHANCED Adversarial Application Layer (3s) | h1 -> h6
2025-09-12 20:16:01,211 - attack_logger - INFO - Attack: ENHANCED Adversarial Slow Read (9s) | h1 -> h6
2025-09-12 20:16:13,497 - attack_logger - INFO - Attack: ENHANCED Adversarial Slow Read completed.
