2025-09-12 20:11:26 - [BENIGN] - INFO - Starting benign traffic for 200 seconds...
2025-09-12 20:11:26 - [BENIGN] - INFO - Protocol separation: h2↔h5 (ICMP), h3↔h5 (TCP/UDP)
2025-09-12 20:11:26 - [BENIGN] - DEBUG - Generated ICMP traffic h2↔h5 0 [len=84B]
2025-09-12 20:11:27 - [BENIGN] - DEBUG - Generated TCP SYN from h3:1439 -> h5:12345 [len=54B]
2025-09-12 20:11:27 - [BENIGN] - DEBUG - Generated TCP SYN-ACK from h5:12345 <- h3:1439 [len=54B]
2025-09-12 20:11:28 - [BENIGN] - DEBUG - Generated TCP ACK from h3:1439 -> h5:12345 [len=54B]
2025-09-12 20:11:28 - [BENIGN] - DEBUG - Generated TCP data traffic from h3:1439 -> h5:12345 [content='TCP data'] [Session 1] [len=1324B]
2025-09-12 20:11:29 - [BENIGN] - DEBUG - Generated TCP ACK reply from h5:12345 <- h3:1439 [len=54B]
2025-09-12 20:11:30 - [BENIGN] - DEBUG - Generated UDP traffic from h3:58837 -> h5:12346 [content='7efbfaedeba38a016836b1626d096150e709fe4a...'] [Session 2] [len=975B]
2025-09-12 20:11:30 - [BENIGN] - DEBUG - Generated Telnet SYN from h3:31922 -> h5:23 [len=54B]
2025-09-12 20:11:31 - [BENIGN] - DEBUG - Generated Telnet SYN-ACK from h5:23 <- h3:31922 [len=54B]
2025-09-12 20:11:32 - [BENIGN] - DEBUG - Generated Telnet ACK from h3:31922 -> h5:23 [len=54B]
2025-09-12 20:11:32 - [BENIGN] - DEBUG - Generated Telnet data traffic from h3:31922 -> h5:23 [content='Telnet command'] [Session 3] [len=217B]
2025-09-12 20:11:33 - [BENIGN] - DEBUG - Generated Telnet ACK reply from h5:23 <- h3:31922 [len=54B]
2025-09-12 20:11:34 - [BENIGN] - DEBUG - Generated SSH SYN from h3:21406 -> h5:22 [len=54B]
2025-09-12 20:11:34 - [BENIGN] - DEBUG - Generated SSH SYN-ACK from h5:22 <- h3:21406 [len=54B]
2025-09-12 20:11:35 - [BENIGN] - DEBUG - Generated SSH ACK from h3:21406 -> h5:22 [len=54B]
2025-09-12 20:11:36 - [BENIGN] - DEBUG - Generated SSH data traffic from h3:21406 -> h5:22 [content='SSH encrypted data'] [Session 4] [len=1340B]
2025-09-12 20:11:36 - [BENIGN] - DEBUG - Generated SSH ACK reply from h5:22 <- h3:21406 [len=54B]
2025-09-12 20:11:37 - [BENIGN] - DEBUG - Generated FTP SYN from h3:44112 -> h5:21 [len=54B]
2025-09-12 20:11:38 - [BENIGN] - DEBUG - Generated FTP SYN-ACK from h5:21 <- h3:44112 [len=54B]
2025-09-12 20:11:38 - [BENIGN] - DEBUG - Generated FTP ACK from h3:44112 -> h5:21 [len=54B]
2025-09-12 20:11:39 - [BENIGN] - DEBUG - Generated FTP data traffic from h3:44112 -> h5:21 [content='FTP file transfer'] [Session 5] [len=104B]
2025-09-12 20:11:39 - [BENIGN] - DEBUG - Generated FTP ACK reply from h5:21 <- h3:44112 [len=54B]
2025-09-12 20:11:40 - [BENIGN] - DEBUG - Generated HTTP SYN from h3:49040 -> h5:80 [len=54B]
2025-09-12 20:11:41 - [BENIGN] - DEBUG - Generated HTTP SYN-ACK from h5:80 <- h3:49040 [len=54B]
2025-09-12 20:11:41 - [BENIGN] - DEBUG - Generated HTTP ACK from h3:49040 -> h5:80 [len=54B]
2025-09-12 20:11:42 - [BENIGN] - DEBUG - Generated HTTP data traffic from h3:49040 -> h5:80 [content='GET /index.html HTTP/1.1'] [Session 6] [len=456B]
2025-09-12 20:11:43 - [BENIGN] - DEBUG - Generated HTTP ACK reply from h5:80 <- h3:49040 [len=54B]
2025-09-12 20:11:43 - [BENIGN] - DEBUG - Generated HTTPS SYN from h3:48090 -> h5:443 [len=54B]
2025-09-12 20:11:44 - [BENIGN] - DEBUG - Generated HTTPS SYN-ACK from h5:443 <- h3:48090 [len=54B]
2025-09-12 20:11:44 - [BENIGN] - DEBUG - Generated HTTPS ACK from h3:48090 -> h5:443 [len=54B]
2025-09-12 20:11:45 - [BENIGN] - DEBUG - Generated HTTPS data traffic from h3:48090 -> h5:443 [content='Encrypted Application Data'] [Session 7] [len=629B]
2025-09-12 20:11:46 - [BENIGN] - DEBUG - Generated HTTPS ACK reply from h5:443 <- h3:48090 [len=54B]
2025-09-12 20:11:46 - [BENIGN] - DEBUG - Generated DNS query from h3:56585 -> h5:53 [qname='example.com'] [Session 8] [len=71B]
2025-09-12 20:11:46 - [BENIGN] - DEBUG - Generated ICMP traffic h2↔h5 1 [len=84B]
2025-09-12 20:11:47 - [BENIGN] - DEBUG - Generated TCP SYN from h3:33626 -> h5:12345 [len=54B]
2025-09-12 20:11:48 - [BENIGN] - DEBUG - Generated TCP SYN-ACK from h5:12345 <- h3:33626 [len=54B]
2025-09-12 20:11:48 - [BENIGN] - DEBUG - Generated TCP ACK from h3:33626 -> h5:12345 [len=54B]
2025-09-12 20:11:49 - [BENIGN] - DEBUG - Generated TCP data traffic from h3:33626 -> h5:12345 [content='TCP data'] [Session 9] [len=844B]
2025-09-12 20:11:50 - [BENIGN] - DEBUG - Generated TCP ACK reply from h5:12345 <- h3:33626 [len=54B]
2025-09-12 20:11:50 - [BENIGN] - DEBUG - Generated UDP traffic from h3:15260 -> h5:12346 [content='4790533f887428ec22518ba38ff5d16b2e8c05a3...'] [Session 10] [len=719B]
2025-09-12 20:11:51 - [BENIGN] - DEBUG - Generated Telnet SYN from h3:31802 -> h5:23 [len=54B]
2025-09-12 20:11:51 - [BENIGN] - DEBUG - Generated Telnet SYN-ACK from h5:23 <- h3:31802 [len=54B]
2025-09-12 20:11:52 - [BENIGN] - DEBUG - Generated Telnet ACK from h3:31802 -> h5:23 [len=54B]
2025-09-12 20:11:53 - [BENIGN] - DEBUG - Generated Telnet data traffic from h3:31802 -> h5:23 [content='Telnet command'] [Session 11] [len=581B]
2025-09-12 20:11:53 - [BENIGN] - DEBUG - Generated Telnet ACK reply from h5:23 <- h3:31802 [len=54B]
2025-09-12 20:11:54 - [BENIGN] - DEBUG - Generated SSH SYN from h3:53576 -> h5:22 [len=54B]
2025-09-12 20:11:54 - [BENIGN] - DEBUG - Generated SSH SYN-ACK from h5:22 <- h3:53576 [len=54B]
2025-09-12 20:11:55 - [BENIGN] - DEBUG - Generated SSH ACK from h3:53576 -> h5:22 [len=54B]
2025-09-12 20:11:56 - [BENIGN] - DEBUG - Generated SSH data traffic from h3:53576 -> h5:22 [content='SSH encrypted data'] [Session 12] [len=1080B]
2025-09-12 20:11:56 - [BENIGN] - DEBUG - Generated SSH ACK reply from h5:22 <- h3:53576 [len=54B]
2025-09-12 20:11:57 - [BENIGN] - DEBUG - Generated FTP SYN from h3:55769 -> h5:21 [len=54B]
2025-09-12 20:11:58 - [BENIGN] - DEBUG - Generated FTP SYN-ACK from h5:21 <- h3:55769 [len=54B]
2025-09-12 20:11:58 - [BENIGN] - DEBUG - Generated FTP ACK from h3:55769 -> h5:21 [len=54B]
2025-09-12 20:11:59 - [BENIGN] - DEBUG - Generated FTP data traffic from h3:55769 -> h5:21 [content='FTP file transfer'] [Session 13] [len=603B]
2025-09-12 20:11:59 - [BENIGN] - DEBUG - Generated FTP ACK reply from h5:21 <- h3:55769 [len=54B]
2025-09-12 20:12:00 - [BENIGN] - DEBUG - Generated HTTP SYN from h3:42466 -> h5:80 [len=54B]
2025-09-12 20:12:01 - [BENIGN] - DEBUG - Generated HTTP SYN-ACK from h5:80 <- h3:42466 [len=54B]
2025-09-12 20:12:01 - [BENIGN] - DEBUG - Generated HTTP ACK from h3:42466 -> h5:80 [len=54B]
2025-09-12 20:12:02 - [BENIGN] - DEBUG - Generated HTTP data traffic from h3:42466 -> h5:80 [content='GET /index.html HTTP/1.1'] [Session 14] [len=425B]
2025-09-12 20:12:03 - [BENIGN] - DEBUG - Generated HTTP ACK reply from h5:80 <- h3:42466 [len=54B]
2025-09-12 20:12:03 - [BENIGN] - DEBUG - Generated HTTPS SYN from h3:38840 -> h5:443 [len=54B]
2025-09-12 20:12:04 - [BENIGN] - DEBUG - Generated HTTPS SYN-ACK from h5:443 <- h3:38840 [len=54B]
2025-09-12 20:12:04 - [BENIGN] - DEBUG - Generated HTTPS ACK from h3:38840 -> h5:443 [len=54B]
2025-09-12 20:12:05 - [BENIGN] - DEBUG - Generated HTTPS data traffic from h3:38840 -> h5:443 [content='Encrypted Application Data'] [Session 15] [len=374B]
2025-09-12 20:12:06 - [BENIGN] - DEBUG - Generated HTTPS ACK reply from h5:443 <- h3:38840 [len=54B]
2025-09-12 20:12:06 - [BENIGN] - DEBUG - Generated DNS query from h3:1806 -> h5:53 [qname='example.com'] [Session 16] [len=71B]
2025-09-12 20:12:06 - [BENIGN] - DEBUG - Generated ICMP traffic h2↔h5 2 [len=84B]
2025-09-12 20:12:07 - [BENIGN] - DEBUG - Generated TCP SYN from h3:37453 -> h5:12345 [len=54B]
2025-09-12 20:12:08 - [BENIGN] - DEBUG - Generated TCP SYN-ACK from h5:12345 <- h3:37453 [len=54B]
2025-09-12 20:12:08 - [BENIGN] - DEBUG - Generated TCP ACK from h3:37453 -> h5:12345 [len=54B]
2025-09-12 20:12:09 - [BENIGN] - DEBUG - Generated TCP data traffic from h3:37453 -> h5:12345 [content='TCP data'] [Session 17] [len=548B]
2025-09-12 20:12:09 - [BENIGN] - DEBUG - Generated TCP ACK reply from h5:12345 <- h3:37453 [len=54B]
2025-09-12 20:12:10 - [BENIGN] - DEBUG - Generated UDP traffic from h3:15738 -> h5:12346 [content='bfcf8338e43e41768be348f5bcfd2b102e7f8418...'] [Session 18] [len=378B]
2025-09-12 20:12:11 - [BENIGN] - DEBUG - Generated Telnet SYN from h3:24318 -> h5:23 [len=54B]
2025-09-12 20:12:11 - [BENIGN] - DEBUG - Generated Telnet SYN-ACK from h5:23 <- h3:24318 [len=54B]
2025-09-12 20:12:12 - [BENIGN] - DEBUG - Generated Telnet ACK from h3:24318 -> h5:23 [len=54B]
2025-09-12 20:12:13 - [BENIGN] - DEBUG - Generated Telnet data traffic from h3:24318 -> h5:23 [content='Telnet command'] [Session 19] [len=360B]
2025-09-12 20:12:13 - [BENIGN] - DEBUG - Generated Telnet ACK reply from h5:23 <- h3:24318 [len=54B]
2025-09-12 20:12:14 - [BENIGN] - DEBUG - Generated SSH SYN from h3:42341 -> h5:22 [len=54B]
2025-09-12 20:12:14 - [BENIGN] - DEBUG - Generated SSH SYN-ACK from h5:22 <- h3:42341 [len=54B]
2025-09-12 20:12:15 - [BENIGN] - DEBUG - Generated SSH ACK from h3:42341 -> h5:22 [len=54B]
2025-09-12 20:12:16 - [BENIGN] - DEBUG - Generated SSH data traffic from h3:42341 -> h5:22 [content='SSH encrypted data'] [Session 20] [len=234B]
2025-09-12 20:12:16 - [BENIGN] - DEBUG - Generated SSH ACK reply from h5:22 <- h3:42341 [len=54B]
2025-09-12 20:12:17 - [BENIGN] - DEBUG - Generated FTP SYN from h3:9531 -> h5:21 [len=54B]
2025-09-12 20:12:18 - [BENIGN] - DEBUG - Generated FTP SYN-ACK from h5:21 <- h3:9531 [len=54B]
2025-09-12 20:12:18 - [BENIGN] - DEBUG - Generated FTP ACK from h3:9531 -> h5:21 [len=54B]
2025-09-12 20:12:19 - [BENIGN] - DEBUG - Generated FTP data traffic from h3:9531 -> h5:21 [content='FTP file transfer'] [Session 21] [len=531B]
2025-09-12 20:12:19 - [BENIGN] - DEBUG - Generated FTP ACK reply from h5:21 <- h3:9531 [len=54B]
2025-09-12 20:12:20 - [BENIGN] - DEBUG - Generated HTTP SYN from h3:41726 -> h5:80 [len=54B]
2025-09-12 20:12:21 - [BENIGN] - DEBUG - Generated HTTP SYN-ACK from h5:80 <- h3:41726 [len=54B]
2025-09-12 20:12:21 - [BENIGN] - DEBUG - Generated HTTP ACK from h3:41726 -> h5:80 [len=54B]
2025-09-12 20:12:22 - [BENIGN] - DEBUG - Generated HTTP data traffic from h3:41726 -> h5:80 [content='GET /index.html HTTP/1.1'] [Session 22] [len=268B]
2025-09-12 20:12:22 - [BENIGN] - DEBUG - Generated HTTP ACK reply from h5:80 <- h3:41726 [len=54B]
2025-09-12 20:12:23 - [BENIGN] - DEBUG - Generated HTTPS SYN from h3:17894 -> h5:443 [len=54B]
2025-09-12 20:12:24 - [BENIGN] - DEBUG - Generated HTTPS SYN-ACK from h5:443 <- h3:17894 [len=54B]
2025-09-12 20:12:24 - [BENIGN] - DEBUG - Generated HTTPS ACK from h3:17894 -> h5:443 [len=54B]
2025-09-12 20:12:25 - [BENIGN] - DEBUG - Generated HTTPS data traffic from h3:17894 -> h5:443 [content='Encrypted Application Data'] [Session 23] [len=352B]
2025-09-12 20:12:26 - [BENIGN] - DEBUG - Generated HTTPS ACK reply from h5:443 <- h3:17894 [len=54B]
2025-09-12 20:12:26 - [BENIGN] - DEBUG - Generated DNS query from h3:56326 -> h5:53 [qname='example.com'] [Session 24] [len=71B]
2025-09-12 20:12:26 - [BENIGN] - DEBUG - Generated ICMP traffic h2↔h5 3 [len=84B]
2025-09-12 20:12:27 - [BENIGN] - DEBUG - Generated TCP SYN from h3:9223 -> h5:12345 [len=54B]
2025-09-12 20:12:28 - [BENIGN] - DEBUG - Generated TCP SYN-ACK from h5:12345 <- h3:9223 [len=54B]
2025-09-12 20:12:28 - [BENIGN] - DEBUG - Generated TCP ACK from h3:9223 -> h5:12345 [len=54B]
2025-09-12 20:12:29 - [BENIGN] - DEBUG - Generated TCP data traffic from h3:9223 -> h5:12345 [content='TCP data'] [Session 25] [len=1202B]
2025-09-12 20:12:29 - [BENIGN] - DEBUG - Generated TCP ACK reply from h5:12345 <- h3:9223 [len=54B]
2025-09-12 20:12:30 - [BENIGN] - DEBUG - Generated UDP traffic from h3:15499 -> h5:12346 [content='164adaf9f2e1c2c9ae880b8b931d4b541af54478...'] [Session 26] [len=953B]
2025-09-12 20:12:31 - [BENIGN] - DEBUG - Generated Telnet SYN from h3:52745 -> h5:23 [len=54B]
2025-09-12 20:12:31 - [BENIGN] - DEBUG - Generated Telnet SYN-ACK from h5:23 <- h3:52745 [len=54B]
2025-09-12 20:12:32 - [BENIGN] - DEBUG - Generated Telnet ACK from h3:52745 -> h5:23 [len=54B]
2025-09-12 20:12:33 - [BENIGN] - DEBUG - Generated Telnet data traffic from h3:52745 -> h5:23 [content='Telnet command'] [Session 27] [len=757B]
2025-09-12 20:12:33 - [BENIGN] - DEBUG - Generated Telnet ACK reply from h5:23 <- h3:52745 [len=54B]
2025-09-12 20:12:34 - [BENIGN] - DEBUG - Generated SSH SYN from h3:55658 -> h5:22 [len=54B]
2025-09-12 20:12:34 - [BENIGN] - DEBUG - Generated SSH SYN-ACK from h5:22 <- h3:55658 [len=54B]
2025-09-12 20:12:35 - [BENIGN] - DEBUG - Generated SSH ACK from h3:55658 -> h5:22 [len=54B]
2025-09-12 20:12:36 - [BENIGN] - DEBUG - Generated SSH data traffic from h3:55658 -> h5:22 [content='SSH encrypted data'] [Session 28] [len=1297B]
2025-09-12 20:12:36 - [BENIGN] - DEBUG - Generated SSH ACK reply from h5:22 <- h3:55658 [len=54B]
2025-09-12 20:12:37 - [BENIGN] - DEBUG - Generated FTP SYN from h3:21163 -> h5:21 [len=54B]
2025-09-12 20:12:38 - [BENIGN] - DEBUG - Generated FTP SYN-ACK from h5:21 <- h3:21163 [len=54B]
2025-09-12 20:12:38 - [BENIGN] - DEBUG - Generated FTP ACK from h3:21163 -> h5:21 [len=54B]
2025-09-12 20:12:39 - [BENIGN] - DEBUG - Generated FTP data traffic from h3:21163 -> h5:21 [content='FTP file transfer'] [Session 29] [len=1516B]
2025-09-12 20:12:39 - [BENIGN] - DEBUG - Generated FTP ACK reply from h5:21 <- h3:21163 [len=54B]
2025-09-12 20:12:40 - [BENIGN] - DEBUG - Generated HTTP SYN from h3:13554 -> h5:80 [len=54B]
2025-09-12 20:12:41 - [BENIGN] - DEBUG - Generated HTTP SYN-ACK from h5:80 <- h3:13554 [len=54B]
2025-09-12 20:12:41 - [BENIGN] - DEBUG - Generated HTTP ACK from h3:13554 -> h5:80 [len=54B]
2025-09-12 20:12:42 - [BENIGN] - DEBUG - Generated HTTP data traffic from h3:13554 -> h5:80 [content='GET /index.html HTTP/1.1'] [Session 30] [len=508B]
2025-09-12 20:12:43 - [BENIGN] - DEBUG - Generated HTTP ACK reply from h5:80 <- h3:13554 [len=54B]
2025-09-12 20:12:43 - [BENIGN] - DEBUG - Generated HTTPS SYN from h3:6006 -> h5:443 [len=54B]
2025-09-12 20:12:44 - [BENIGN] - DEBUG - Generated HTTPS SYN-ACK from h5:443 <- h3:6006 [len=54B]
2025-09-12 20:12:44 - [BENIGN] - DEBUG - Generated HTTPS ACK from h3:6006 -> h5:443 [len=54B]
2025-09-12 20:12:45 - [BENIGN] - DEBUG - Generated HTTPS data traffic from h3:6006 -> h5:443 [content='Encrypted Application Data'] [Session 31] [len=272B]
2025-09-12 20:12:46 - [BENIGN] - DEBUG - Generated HTTPS ACK reply from h5:443 <- h3:6006 [len=54B]
2025-09-12 20:12:46 - [BENIGN] - DEBUG - Generated DNS query from h3:19657 -> h5:53 [qname='example.com'] [Session 32] [len=71B]
2025-09-12 20:12:46 - [BENIGN] - DEBUG - Generated ICMP traffic h2↔h5 4 [len=84B]
2025-09-12 20:12:47 - [BENIGN] - DEBUG - Generated TCP SYN from h3:53611 -> h5:12345 [len=54B]
2025-09-12 20:12:48 - [BENIGN] - DEBUG - Generated TCP SYN-ACK from h5:12345 <- h3:53611 [len=54B]
2025-09-12 20:12:48 - [BENIGN] - DEBUG - Generated TCP ACK from h3:53611 -> h5:12345 [len=54B]
2025-09-12 20:12:49 - [BENIGN] - DEBUG - Generated TCP data traffic from h3:53611 -> h5:12345 [content='TCP data'] [Session 33] [len=391B]
2025-09-12 20:12:49 - [BENIGN] - DEBUG - Generated TCP ACK reply from h5:12345 <- h3:53611 [len=54B]
2025-09-12 20:12:50 - [BENIGN] - DEBUG - Generated UDP traffic from h3:42139 -> h5:12346 [content='25c84db27b7117c594c006729b584ef12c79c07b...'] [Session 34] [len=885B]
2025-09-12 20:12:51 - [BENIGN] - DEBUG - Generated Telnet SYN from h3:1306 -> h5:23 [len=54B]
2025-09-12 20:12:51 - [BENIGN] - DEBUG - Generated Telnet SYN-ACK from h5:23 <- h3:1306 [len=54B]
2025-09-12 20:12:52 - [BENIGN] - DEBUG - Generated Telnet ACK from h3:1306 -> h5:23 [len=54B]
2025-09-12 20:12:53 - [BENIGN] - DEBUG - Generated Telnet data traffic from h3:1306 -> h5:23 [content='Telnet command'] [Session 35] [len=956B]
2025-09-12 20:12:53 - [BENIGN] - DEBUG - Generated Telnet ACK reply from h5:23 <- h3:1306 [len=54B]
2025-09-12 20:12:54 - [BENIGN] - DEBUG - Generated SSH SYN from h3:30338 -> h5:22 [len=54B]
2025-09-12 20:12:54 - [BENIGN] - DEBUG - Generated SSH SYN-ACK from h5:22 <- h3:30338 [len=54B]
2025-09-12 20:12:55 - [BENIGN] - DEBUG - Generated SSH ACK from h3:30338 -> h5:22 [len=54B]
2025-09-12 20:12:56 - [BENIGN] - DEBUG - Generated SSH data traffic from h3:30338 -> h5:22 [content='SSH encrypted data'] [Session 36] [len=497B]
2025-09-12 20:12:56 - [BENIGN] - DEBUG - Generated SSH ACK reply from h5:22 <- h3:30338 [len=54B]
2025-09-12 20:12:57 - [BENIGN] - DEBUG - Generated FTP SYN from h3:29265 -> h5:21 [len=54B]
2025-09-12 20:12:58 - [BENIGN] - DEBUG - Generated FTP SYN-ACK from h5:21 <- h3:29265 [len=54B]
2025-09-12 20:12:58 - [BENIGN] - DEBUG - Generated FTP ACK from h3:29265 -> h5:21 [len=54B]
2025-09-12 20:12:59 - [BENIGN] - DEBUG - Generated FTP data traffic from h3:29265 -> h5:21 [content='FTP file transfer'] [Session 37] [len=726B]
2025-09-12 20:12:59 - [BENIGN] - DEBUG - Generated FTP ACK reply from h5:21 <- h3:29265 [len=54B]
2025-09-12 20:13:00 - [BENIGN] - DEBUG - Generated HTTP SYN from h3:47730 -> h5:80 [len=54B]
2025-09-12 20:13:01 - [BENIGN] - DEBUG - Generated HTTP SYN-ACK from h5:80 <- h3:47730 [len=54B]
2025-09-12 20:13:01 - [BENIGN] - DEBUG - Generated HTTP ACK from h3:47730 -> h5:80 [len=54B]
2025-09-12 20:13:02 - [BENIGN] - DEBUG - Generated HTTP data traffic from h3:47730 -> h5:80 [content='GET /index.html HTTP/1.1'] [Session 38] [len=606B]
2025-09-12 20:13:03 - [BENIGN] - DEBUG - Generated HTTP ACK reply from h5:80 <- h3:47730 [len=54B]
2025-09-12 20:13:03 - [BENIGN] - DEBUG - Generated HTTPS SYN from h3:61039 -> h5:443 [len=54B]
2025-09-12 20:13:04 - [BENIGN] - DEBUG - Generated HTTPS SYN-ACK from h5:443 <- h3:61039 [len=54B]
2025-09-12 20:13:04 - [BENIGN] - DEBUG - Generated HTTPS ACK from h3:61039 -> h5:443 [len=54B]
2025-09-12 20:13:05 - [BENIGN] - DEBUG - Generated HTTPS data traffic from h3:61039 -> h5:443 [content='Encrypted Application Data'] [Session 39] [len=548B]
2025-09-12 20:13:06 - [BENIGN] - DEBUG - Generated HTTPS ACK reply from h5:443 <- h3:61039 [len=54B]
2025-09-12 20:13:06 - [BENIGN] - DEBUG - Generated DNS query from h3:65112 -> h5:53 [qname='example.com'] [Session 40] [len=71B]
2025-09-12 20:13:06 - [BENIGN] - DEBUG - Generated ICMP traffic h2↔h5 5 [len=84B]
2025-09-12 20:13:07 - [BENIGN] - DEBUG - Generated TCP SYN from h3:9903 -> h5:12345 [len=54B]
2025-09-12 20:13:08 - [BENIGN] - DEBUG - Generated TCP SYN-ACK from h5:12345 <- h3:9903 [len=54B]
2025-09-12 20:13:08 - [BENIGN] - DEBUG - Generated TCP ACK from h3:9903 -> h5:12345 [len=54B]
2025-09-12 20:13:09 - [BENIGN] - DEBUG - Generated TCP data traffic from h3:9903 -> h5:12345 [content='TCP data'] [Session 41] [len=446B]
2025-09-12 20:13:10 - [BENIGN] - DEBUG - Generated TCP ACK reply from h5:12345 <- h3:9903 [len=54B]
2025-09-12 20:13:10 - [BENIGN] - DEBUG - Generated UDP traffic from h3:4816 -> h5:12346 [content='9b955944bcb2563f7b6b811c9e7e5f1bf4ccba5a...'] [Session 42] [len=1086B]
2025-09-12 20:13:11 - [BENIGN] - DEBUG - Generated Telnet SYN from h3:43973 -> h5:23 [len=54B]
2025-09-12 20:13:11 - [BENIGN] - DEBUG - Generated Telnet SYN-ACK from h5:23 <- h3:43973 [len=54B]
2025-09-12 20:13:12 - [BENIGN] - DEBUG - Generated Telnet ACK from h3:43973 -> h5:23 [len=54B]
2025-09-12 20:13:13 - [BENIGN] - DEBUG - Generated Telnet data traffic from h3:43973 -> h5:23 [content='Telnet command'] [Session 43] [len=558B]
2025-09-12 20:13:13 - [BENIGN] - DEBUG - Generated Telnet ACK reply from h5:23 <- h3:43973 [len=54B]
2025-09-12 20:13:14 - [BENIGN] - DEBUG - Generated SSH SYN from h3:41300 -> h5:22 [len=54B]
2025-09-12 20:13:14 - [BENIGN] - DEBUG - Generated SSH SYN-ACK from h5:22 <- h3:41300 [len=54B]
2025-09-12 20:13:15 - [BENIGN] - DEBUG - Generated SSH ACK from h3:41300 -> h5:22 [len=54B]
2025-09-12 20:13:16 - [BENIGN] - DEBUG - Generated SSH data traffic from h3:41300 -> h5:22 [content='SSH encrypted data'] [Session 44] [len=1127B]
2025-09-12 20:13:16 - [BENIGN] - DEBUG - Generated SSH ACK reply from h5:22 <- h3:41300 [len=54B]
2025-09-12 20:13:17 - [BENIGN] - DEBUG - Generated FTP SYN from h3:59346 -> h5:21 [len=54B]
2025-09-12 20:13:18 - [BENIGN] - DEBUG - Generated FTP SYN-ACK from h5:21 <- h3:59346 [len=54B]
2025-09-12 20:13:18 - [BENIGN] - DEBUG - Generated FTP ACK from h3:59346 -> h5:21 [len=54B]
2025-09-12 20:13:19 - [BENIGN] - DEBUG - Generated FTP data traffic from h3:59346 -> h5:21 [content='FTP file transfer'] [Session 45] [len=349B]
2025-09-12 20:13:20 - [BENIGN] - DEBUG - Generated FTP ACK reply from h5:21 <- h3:59346 [len=54B]
2025-09-12 20:13:20 - [BENIGN] - DEBUG - Generated HTTP SYN from h3:62255 -> h5:80 [len=54B]
2025-09-12 20:13:21 - [BENIGN] - DEBUG - Generated HTTP SYN-ACK from h5:80 <- h3:62255 [len=54B]
2025-09-12 20:13:21 - [BENIGN] - DEBUG - Generated HTTP ACK from h3:62255 -> h5:80 [len=54B]
2025-09-12 20:13:22 - [BENIGN] - DEBUG - Generated HTTP data traffic from h3:62255 -> h5:80 [content='GET /index.html HTTP/1.1'] [Session 46] [len=551B]
2025-09-12 20:13:23 - [BENIGN] - DEBUG - Generated HTTP ACK reply from h5:80 <- h3:62255 [len=54B]
2025-09-12 20:13:23 - [BENIGN] - DEBUG - Generated HTTPS SYN from h3:38067 -> h5:443 [len=54B]
2025-09-12 20:13:24 - [BENIGN] - DEBUG - Generated HTTPS SYN-ACK from h5:443 <- h3:38067 [len=54B]
2025-09-12 20:13:25 - [BENIGN] - DEBUG - Generated HTTPS ACK from h3:38067 -> h5:443 [len=54B]
2025-09-12 20:13:25 - [BENIGN] - DEBUG - Generated HTTPS data traffic from h3:38067 -> h5:443 [content='Encrypted Application Data'] [Session 47] [len=837B]
2025-09-12 20:13:26 - [BENIGN] - DEBUG - Generated HTTPS ACK reply from h5:443 <- h3:38067 [len=54B]
2025-09-12 20:13:26 - [BENIGN] - DEBUG - Generated DNS query from h3:14021 -> h5:53 [qname='example.com'] [Session 48] [len=71B]
2025-09-12 20:13:26 - [BENIGN] - DEBUG - Generated ICMP traffic h2↔h5 6 [len=84B]
2025-09-12 20:13:27 - [BENIGN] - DEBUG - Generated TCP SYN from h3:28904 -> h5:12345 [len=54B]
2025-09-12 20:13:28 - [BENIGN] - DEBUG - Generated TCP SYN-ACK from h5:12345 <- h3:28904 [len=54B]
2025-09-12 20:13:28 - [BENIGN] - DEBUG - Generated TCP ACK from h3:28904 -> h5:12345 [len=54B]
2025-09-12 20:13:29 - [BENIGN] - DEBUG - Generated TCP data traffic from h3:28904 -> h5:12345 [content='TCP data'] [Session 49] [len=732B]
2025-09-12 20:13:30 - [BENIGN] - DEBUG - Generated TCP ACK reply from h5:12345 <- h3:28904 [len=54B]
2025-09-12 20:13:30 - [BENIGN] - DEBUG - Generated UDP traffic from h3:14811 -> h5:12346 [content='8d6ad857a23840b9c955419722080e90618e5d44...'] [Session 50] [len=171B]
2025-09-12 20:13:31 - [BENIGN] - DEBUG - Generated Telnet SYN from h3:32316 -> h5:23 [len=54B]
2025-09-12 20:13:31 - [BENIGN] - DEBUG - Generated Telnet SYN-ACK from h5:23 <- h3:32316 [len=54B]
2025-09-12 20:13:32 - [BENIGN] - DEBUG - Generated Telnet ACK from h3:32316 -> h5:23 [len=54B]
2025-09-12 20:13:33 - [BENIGN] - DEBUG - Generated Telnet data traffic from h3:32316 -> h5:23 [content='Telnet command'] [Session 51] [len=748B]
2025-09-12 20:13:33 - [BENIGN] - DEBUG - Generated Telnet ACK reply from h5:23 <- h3:32316 [len=54B]
2025-09-12 20:13:34 - [BENIGN] - DEBUG - Generated SSH SYN from h3:61751 -> h5:22 [len=54B]
2025-09-12 20:13:34 - [BENIGN] - DEBUG - Generated SSH SYN-ACK from h5:22 <- h3:61751 [len=54B]
2025-09-12 20:13:35 - [BENIGN] - DEBUG - Generated SSH ACK from h3:61751 -> h5:22 [len=54B]
2025-09-12 20:13:36 - [BENIGN] - DEBUG - Generated SSH data traffic from h3:61751 -> h5:22 [content='SSH encrypted data'] [Session 52] [len=1417B]
2025-09-12 20:13:36 - [BENIGN] - DEBUG - Generated SSH ACK reply from h5:22 <- h3:61751 [len=54B]
2025-09-12 20:13:37 - [BENIGN] - DEBUG - Generated FTP SYN from h3:11553 -> h5:21 [len=54B]
2025-09-12 20:13:38 - [BENIGN] - DEBUG - Generated FTP SYN-ACK from h5:21 <- h3:11553 [len=54B]
2025-09-12 20:13:38 - [BENIGN] - DEBUG - Generated FTP ACK from h3:11553 -> h5:21 [len=54B]
2025-09-12 20:13:39 - [BENIGN] - DEBUG - Generated FTP data traffic from h3:11553 -> h5:21 [content='FTP file transfer'] [Session 53] [len=1266B]
2025-09-12 20:13:40 - [BENIGN] - DEBUG - Generated FTP ACK reply from h5:21 <- h3:11553 [len=54B]
2025-09-12 20:13:40 - [BENIGN] - DEBUG - Generated HTTP SYN from h3:64407 -> h5:80 [len=54B]
2025-09-12 20:13:41 - [BENIGN] - DEBUG - Generated HTTP SYN-ACK from h5:80 <- h3:64407 [len=54B]
2025-09-12 20:13:41 - [BENIGN] - DEBUG - Generated HTTP ACK from h3:64407 -> h5:80 [len=54B]
2025-09-12 20:13:42 - [BENIGN] - DEBUG - Generated HTTP data traffic from h3:64407 -> h5:80 [content='GET /index.html HTTP/1.1'] [Session 54] [len=426B]
2025-09-12 20:13:43 - [BENIGN] - DEBUG - Generated HTTP ACK reply from h5:80 <- h3:64407 [len=54B]
2025-09-12 20:13:43 - [BENIGN] - DEBUG - Generated HTTPS SYN from h3:52112 -> h5:443 [len=54B]
2025-09-12 20:13:44 - [BENIGN] - DEBUG - Generated HTTPS SYN-ACK from h5:443 <- h3:52112 [len=54B]
2025-09-12 20:13:45 - [BENIGN] - DEBUG - Generated HTTPS ACK from h3:52112 -> h5:443 [len=54B]
2025-09-12 20:13:45 - [BENIGN] - DEBUG - Generated HTTPS data traffic from h3:52112 -> h5:443 [content='Encrypted Application Data'] [Session 55] [len=521B]
2025-09-12 20:13:46 - [BENIGN] - DEBUG - Generated HTTPS ACK reply from h5:443 <- h3:52112 [len=54B]
2025-09-12 20:13:46 - [BENIGN] - DEBUG - Generated DNS query from h3:10671 -> h5:53 [qname='example.com'] [Session 56] [len=71B]
2025-09-12 20:13:47 - [BENIGN] - DEBUG - Generated ICMP traffic h2↔h5 7 [len=84B]
2025-09-12 20:13:47 - [BENIGN] - DEBUG - Generated TCP SYN from h3:22532 -> h5:12345 [len=54B]
2025-09-12 20:13:48 - [BENIGN] - DEBUG - Generated TCP SYN-ACK from h5:12345 <- h3:22532 [len=54B]
2025-09-12 20:13:48 - [BENIGN] - DEBUG - Generated TCP ACK from h3:22532 -> h5:12345 [len=54B]
2025-09-12 20:13:49 - [BENIGN] - DEBUG - Generated TCP data traffic from h3:22532 -> h5:12345 [content='TCP data'] [Session 57] [len=1081B]
2025-09-12 20:13:50 - [BENIGN] - DEBUG - Generated TCP ACK reply from h5:12345 <- h3:22532 [len=54B]
2025-09-12 20:13:50 - [BENIGN] - DEBUG - Generated UDP traffic from h3:39591 -> h5:12346 [content='fd51cd9b1492aa0f5672967baf74b1bac9814ab2...'] [Session 58] [len=1349B]
2025-09-12 20:13:51 - [BENIGN] - DEBUG - Generated Telnet SYN from h3:1473 -> h5:23 [len=54B]
2025-09-12 20:13:51 - [BENIGN] - DEBUG - Generated Telnet SYN-ACK from h5:23 <- h3:1473 [len=54B]
2025-09-12 20:13:52 - [BENIGN] - DEBUG - Generated Telnet ACK from h3:1473 -> h5:23 [len=54B]
2025-09-12 20:13:53 - [BENIGN] - DEBUG - Generated Telnet data traffic from h3:1473 -> h5:23 [content='Telnet command'] [Session 59] [len=1467B]
2025-09-12 20:13:53 - [BENIGN] - DEBUG - Generated Telnet ACK reply from h5:23 <- h3:1473 [len=54B]
2025-09-12 20:13:54 - [BENIGN] - DEBUG - Generated SSH SYN from h3:31883 -> h5:22 [len=54B]
2025-09-12 20:13:55 - [BENIGN] - DEBUG - Generated SSH SYN-ACK from h5:22 <- h3:31883 [len=54B]
2025-09-12 20:13:55 - [BENIGN] - DEBUG - Generated SSH ACK from h3:31883 -> h5:22 [len=54B]
2025-09-12 20:13:56 - [BENIGN] - DEBUG - Generated SSH data traffic from h3:31883 -> h5:22 [content='SSH encrypted data'] [Session 60] [len=1522B]
2025-09-12 20:13:56 - [BENIGN] - DEBUG - Generated SSH ACK reply from h5:22 <- h3:31883 [len=54B]
2025-09-12 20:13:57 - [BENIGN] - DEBUG - Generated FTP SYN from h3:48384 -> h5:21 [len=54B]
2025-09-12 20:13:58 - [BENIGN] - DEBUG - Generated FTP SYN-ACK from h5:21 <- h3:48384 [len=54B]
2025-09-12 20:13:58 - [BENIGN] - DEBUG - Generated FTP ACK from h3:48384 -> h5:21 [len=54B]
2025-09-12 20:13:59 - [BENIGN] - DEBUG - Generated FTP data traffic from h3:48384 -> h5:21 [content='FTP file transfer'] [Session 61] [len=637B]
2025-09-12 20:14:00 - [BENIGN] - DEBUG - Generated FTP ACK reply from h5:21 <- h3:48384 [len=54B]
2025-09-12 20:14:00 - [BENIGN] - DEBUG - Generated HTTP SYN from h3:62753 -> h5:80 [len=54B]
2025-09-12 20:14:01 - [BENIGN] - DEBUG - Generated HTTP SYN-ACK from h5:80 <- h3:62753 [len=54B]
2025-09-12 20:14:02 - [BENIGN] - DEBUG - Generated HTTP ACK from h3:62753 -> h5:80 [len=54B]
2025-09-12 20:14:02 - [BENIGN] - DEBUG - Generated HTTP data traffic from h3:62753 -> h5:80 [content='GET /index.html HTTP/1.1'] [Session 62] [len=453B]
2025-09-12 20:14:03 - [BENIGN] - DEBUG - Generated HTTP ACK reply from h5:80 <- h3:62753 [len=54B]
2025-09-12 20:14:03 - [BENIGN] - DEBUG - Generated HTTPS SYN from h3:49417 -> h5:443 [len=54B]
2025-09-12 20:14:04 - [BENIGN] - DEBUG - Generated HTTPS SYN-ACK from h5:443 <- h3:49417 [len=54B]
2025-09-12 20:14:05 - [BENIGN] - DEBUG - Generated HTTPS ACK from h3:49417 -> h5:443 [len=54B]
2025-09-12 20:14:05 - [BENIGN] - DEBUG - Generated HTTPS data traffic from h3:49417 -> h5:443 [content='Encrypted Application Data'] [Session 63] [len=781B]
2025-09-12 20:14:06 - [BENIGN] - DEBUG - Generated HTTPS ACK reply from h5:443 <- h3:49417 [len=54B]
2025-09-12 20:14:07 - [BENIGN] - DEBUG - Generated DNS query from h3:12228 -> h5:53 [qname='example.com'] [Session 64] [len=71B]
2025-09-12 20:14:07 - [BENIGN] - DEBUG - Generated ICMP traffic h2↔h5 8 [len=84B]
2025-09-12 20:14:07 - [BENIGN] - DEBUG - Generated TCP SYN from h3:22775 -> h5:12345 [len=54B]
2025-09-12 20:14:08 - [BENIGN] - DEBUG - Generated TCP SYN-ACK from h5:12345 <- h3:22775 [len=54B]
2025-09-12 20:14:09 - [BENIGN] - DEBUG - Generated TCP ACK from h3:22775 -> h5:12345 [len=54B]
2025-09-12 20:14:09 - [BENIGN] - DEBUG - Generated TCP data traffic from h3:22775 -> h5:12345 [content='TCP data'] [Session 65] [len=594B]
2025-09-12 20:14:10 - [BENIGN] - DEBUG - Generated TCP ACK reply from h5:12345 <- h3:22775 [len=54B]
2025-09-12 20:14:10 - [BENIGN] - DEBUG - Generated UDP traffic from h3:21451 -> h5:12346 [content='1f2f54d219ebfd6c7936a4c306e79a62086f831e...'] [Session 66] [len=952B]
2025-09-12 20:14:11 - [BENIGN] - DEBUG - Generated Telnet SYN from h3:24575 -> h5:23 [len=54B]
2025-09-12 20:14:12 - [BENIGN] - DEBUG - Generated Telnet SYN-ACK from h5:23 <- h3:24575 [len=54B]
2025-09-12 20:14:12 - [BENIGN] - DEBUG - Generated Telnet ACK from h3:24575 -> h5:23 [len=54B]
2025-09-12 20:14:13 - [BENIGN] - DEBUG - Generated Telnet data traffic from h3:24575 -> h5:23 [content='Telnet command'] [Session 67] [len=1175B]
2025-09-12 20:14:14 - [BENIGN] - DEBUG - Generated Telnet ACK reply from h5:23 <- h3:24575 [len=54B]
2025-09-12 20:14:14 - [BENIGN] - DEBUG - Generated SSH SYN from h3:36232 -> h5:22 [len=54B]
2025-09-12 20:14:15 - [BENIGN] - DEBUG - Generated SSH SYN-ACK from h5:22 <- h3:36232 [len=54B]
2025-09-12 20:14:15 - [BENIGN] - DEBUG - Generated SSH ACK from h3:36232 -> h5:22 [len=54B]
2025-09-12 20:14:16 - [BENIGN] - DEBUG - Generated SSH data traffic from h3:36232 -> h5:22 [content='SSH encrypted data'] [Session 68] [len=187B]
2025-09-12 20:14:17 - [BENIGN] - DEBUG - Generated SSH ACK reply from h5:22 <- h3:36232 [len=54B]
2025-09-12 20:14:17 - [BENIGN] - DEBUG - Generated FTP SYN from h3:28514 -> h5:21 [len=54B]
2025-09-12 20:14:18 - [BENIGN] - DEBUG - Generated FTP SYN-ACK from h5:21 <- h3:28514 [len=54B]
2025-09-12 20:14:19 - [BENIGN] - DEBUG - Generated FTP ACK from h3:28514 -> h5:21 [len=54B]
2025-09-12 20:14:19 - [BENIGN] - DEBUG - Generated FTP data traffic from h3:28514 -> h5:21 [content='FTP file transfer'] [Session 69] [len=1411B]
2025-09-12 20:14:20 - [BENIGN] - DEBUG - Generated FTP ACK reply from h5:21 <- h3:28514 [len=54B]
2025-09-12 20:14:20 - [BENIGN] - DEBUG - Generated HTTP SYN from h3:35816 -> h5:80 [len=54B]
2025-09-12 20:14:21 - [BENIGN] - DEBUG - Generated HTTP SYN-ACK from h5:80 <- h3:35816 [len=54B]
2025-09-12 20:14:22 - [BENIGN] - DEBUG - Generated HTTP ACK from h3:35816 -> h5:80 [len=54B]
2025-09-12 20:14:22 - [BENIGN] - DEBUG - Generated HTTP data traffic from h3:35816 -> h5:80 [content='GET /index.html HTTP/1.1'] [Session 70] [len=649B]
2025-09-12 20:14:23 - [BENIGN] - DEBUG - Generated HTTP ACK reply from h5:80 <- h3:35816 [len=54B]
2025-09-12 20:14:24 - [BENIGN] - DEBUG - Generated HTTPS SYN from h3:8754 -> h5:443 [len=54B]
2025-09-12 20:14:24 - [BENIGN] - DEBUG - Generated HTTPS SYN-ACK from h5:443 <- h3:8754 [len=54B]
2025-09-12 20:14:25 - [BENIGN] - DEBUG - Generated HTTPS ACK from h3:8754 -> h5:443 [len=54B]
2025-09-12 20:14:25 - [BENIGN] - DEBUG - Generated HTTPS data traffic from h3:8754 -> h5:443 [content='Encrypted Application Data'] [Session 71] [len=498B]
2025-09-12 20:14:26 - [BENIGN] - DEBUG - Generated HTTPS ACK reply from h5:443 <- h3:8754 [len=54B]
2025-09-12 20:14:27 - [BENIGN] - DEBUG - Generated DNS query from h3:48213 -> h5:53 [qname='example.com'] [Session 72] [len=71B]
2025-09-12 20:14:27 - [BENIGN] - DEBUG - Generated ICMP traffic h2↔h5 9 [len=84B]
2025-09-12 20:14:27 - [BENIGN] - DEBUG - Generated TCP SYN from h3:1874 -> h5:12345 [len=54B]
2025-09-12 20:14:28 - [BENIGN] - DEBUG - Generated TCP SYN-ACK from h5:12345 <- h3:1874 [len=54B]
2025-09-12 20:14:29 - [BENIGN] - DEBUG - Generated TCP ACK from h3:1874 -> h5:12345 [len=54B]
2025-09-12 20:14:29 - [BENIGN] - DEBUG - Generated TCP data traffic from h3:1874 -> h5:12345 [content='TCP data'] [Session 73] [len=806B]
2025-09-12 20:14:30 - [BENIGN] - DEBUG - Generated TCP ACK reply from h5:12345 <- h3:1874 [len=54B]
2025-09-12 20:14:30 - [BENIGN] - DEBUG - Generated UDP traffic from h3:31955 -> h5:12346 [content='5d93c5894e703feb5f916b1f14571b2ee0299c2b...'] [Session 74] [len=1285B]
2025-09-12 20:14:31 - [BENIGN] - DEBUG - Generated Telnet SYN from h3:29126 -> h5:23 [len=54B]
2025-09-12 20:14:32 - [BENIGN] - DEBUG - Generated Telnet SYN-ACK from h5:23 <- h3:29126 [len=54B]
2025-09-12 20:14:32 - [BENIGN] - DEBUG - Generated Telnet ACK from h3:29126 -> h5:23 [len=54B]
2025-09-12 20:14:33 - [BENIGN] - DEBUG - Generated Telnet data traffic from h3:29126 -> h5:23 [content='Telnet command'] [Session 75] [len=677B]
2025-09-12 20:14:34 - [BENIGN] - DEBUG - Generated Telnet ACK reply from h5:23 <- h3:29126 [len=54B]
2025-09-12 20:14:34 - [BENIGN] - DEBUG - Generated SSH SYN from h3:64770 -> h5:22 [len=54B]
2025-09-12 20:14:35 - [BENIGN] - DEBUG - Generated SSH SYN-ACK from h5:22 <- h3:64770 [len=54B]
2025-09-12 20:14:36 - [BENIGN] - DEBUG - Generated SSH ACK from h3:64770 -> h5:22 [len=54B]
2025-09-12 20:14:36 - [BENIGN] - DEBUG - Generated SSH data traffic from h3:64770 -> h5:22 [content='SSH encrypted data'] [Session 76] [len=669B]
2025-09-12 20:14:37 - [BENIGN] - DEBUG - Generated SSH ACK reply from h5:22 <- h3:64770 [len=54B]
2025-09-12 20:14:37 - [BENIGN] - DEBUG - Generated FTP SYN from h3:7837 -> h5:21 [len=54B]
2025-09-12 20:14:38 - [BENIGN] - DEBUG - Generated FTP SYN-ACK from h5:21 <- h3:7837 [len=54B]
2025-09-12 20:14:39 - [BENIGN] - DEBUG - Generated FTP ACK from h3:7837 -> h5:21 [len=54B]
2025-09-12 20:14:39 - [BENIGN] - DEBUG - Generated FTP data traffic from h3:7837 -> h5:21 [content='FTP file transfer'] [Session 77] [len=1403B]
2025-09-12 20:14:40 - [BENIGN] - DEBUG - Generated FTP ACK reply from h5:21 <- h3:7837 [len=54B]
2025-09-12 20:14:41 - [BENIGN] - DEBUG - Generated HTTP SYN from h3:24099 -> h5:80 [len=54B]
2025-09-12 20:14:41 - [BENIGN] - DEBUG - Generated HTTP SYN-ACK from h5:80 <- h3:24099 [len=54B]
2025-09-12 20:14:42 - [BENIGN] - DEBUG - Generated HTTP ACK from h3:24099 -> h5:80 [len=54B]
2025-09-12 20:14:42 - [BENIGN] - DEBUG - Generated HTTP data traffic from h3:24099 -> h5:80 [content='GET /index.html HTTP/1.1'] [Session 78] [len=522B]
2025-09-12 20:14:43 - [BENIGN] - DEBUG - Generated HTTP ACK reply from h5:80 <- h3:24099 [len=54B]
2025-09-12 20:14:44 - [BENIGN] - DEBUG - Generated HTTPS SYN from h3:34087 -> h5:443 [len=54B]
2025-09-12 20:14:44 - [BENIGN] - DEBUG - Generated HTTPS SYN-ACK from h5:443 <- h3:34087 [len=54B]
2025-09-12 20:14:45 - [BENIGN] - DEBUG - Generated HTTPS ACK from h3:34087 -> h5:443 [len=54B]
2025-09-12 20:14:45 - [BENIGN] - DEBUG - Generated HTTPS data traffic from h3:34087 -> h5:443 [content='Encrypted Application Data'] [Session 79] [len=403B]
2025-09-12 20:14:46 - [BENIGN] - DEBUG - Generated HTTPS ACK reply from h5:443 <- h3:34087 [len=54B]
2025-09-12 20:14:47 - [BENIGN] - DEBUG - Generated DNS query from h3:42312 -> h5:53 [qname='example.com'] [Session 80] [len=71B]
2025-09-12 20:14:47 - [BENIGN] - INFO - Benign traffic finished.
2025-09-12 20:14:47 - [BENIGN] - INFO - Summary: 80 protocol sessions with protocol separation:
2025-09-12 20:14:47 - [BENIGN] - INFO -   - h2↔h5: ICMP ping traffic
2025-09-12 20:14:47 - [BENIGN] - INFO -   - h3↔h5: TCP/UDP traffic [TCP, UDP, Telnet, SSH, FTP, HTTP, HTTPS, DNS]
2025-09-12 20:14:47 - [BENIGN] - INFO - Total packets sent: 340
