2025-09-12 18:49:16 - [BENIGN] - INFO - Starting benign traffic for 200 seconds...
2025-09-12 18:49:16 - [BENIGN] - INFO - Protocol separation: h2↔h5 (ICMP), h3↔h5 (TCP/UDP)
2025-09-12 18:49:16 - [BENIGN] - DEBUG - Generated ICMP traffic h2↔h5 0 [len=84B]
2025-09-12 18:49:17 - [BENIGN] - DEBUG - Generated TCP SYN from h3:5548 -> h5:12345 [len=54B]
2025-09-12 18:49:17 - [BENIGN] - DEBUG - Generated TCP SYN-ACK from h5:12345 <- h3:5548 [len=54B]
2025-09-12 18:49:18 - [BENIGN] - DEBUG - Generated TCP ACK from h3:5548 -> h5:12345 [len=54B]
2025-09-12 18:49:19 - [BENIGN] - DEBUG - Generated TCP data traffic from h3:5548 -> h5:12345 [content='TCP data'] [Session 1] [len=1465B]
2025-09-12 18:49:19 - [BENIGN] - DEBUG - Generated TCP ACK reply from h5:12345 <- h3:5548 [len=54B]
2025-09-12 18:49:20 - [BENIGN] - DEBUG - Generated UDP traffic from h3:22609 -> h5:12346 [content='17ba6ea310e59f0ea31ae12b129e2dda649c16d0...'] [Session 2] [len=1352B]
2025-09-12 18:49:21 - [BENIGN] - DEBUG - Generated Telnet SYN from h3:43784 -> h5:23 [len=54B]
2025-09-12 18:49:21 - [BENIGN] - DEBUG - Generated Telnet SYN-ACK from h5:23 <- h3:43784 [len=54B]
2025-09-12 18:49:22 - [BENIGN] - DEBUG - Generated Telnet ACK from h3:43784 -> h5:23 [len=54B]
2025-09-12 18:49:23 - [BENIGN] - DEBUG - Generated Telnet data traffic from h3:43784 -> h5:23 [content='Telnet command'] [Session 3] [len=1321B]
2025-09-12 18:49:23 - [BENIGN] - DEBUG - Generated Telnet ACK reply from h5:23 <- h3:43784 [len=54B]
2025-09-12 18:49:24 - [BENIGN] - DEBUG - Generated SSH SYN from h3:41841 -> h5:22 [len=54B]
2025-09-12 18:49:25 - [BENIGN] - DEBUG - Generated SSH SYN-ACK from h5:22 <- h3:41841 [len=54B]
2025-09-12 18:49:25 - [BENIGN] - DEBUG - Generated SSH ACK from h3:41841 -> h5:22 [len=54B]
2025-09-12 18:49:26 - [BENIGN] - DEBUG - Generated SSH data traffic from h3:41841 -> h5:22 [content='SSH encrypted data'] [Session 4] [len=1528B]
2025-09-12 18:49:27 - [BENIGN] - DEBUG - Generated SSH ACK reply from h5:22 <- h3:41841 [len=54B]
2025-09-12 18:49:27 - [BENIGN] - DEBUG - Generated FTP SYN from h3:55199 -> h5:21 [len=54B]
2025-09-12 18:49:28 - [BENIGN] - DEBUG - Generated FTP SYN-ACK from h5:21 <- h3:55199 [len=54B]
2025-09-12 18:49:29 - [BENIGN] - DEBUG - Generated FTP ACK from h3:55199 -> h5:21 [len=54B]
2025-09-12 18:49:29 - [BENIGN] - DEBUG - Generated FTP data traffic from h3:55199 -> h5:21 [content='FTP file transfer'] [Session 5] [len=571B]
2025-09-12 18:49:30 - [BENIGN] - DEBUG - Generated FTP ACK reply from h5:21 <- h3:55199 [len=54B]
2025-09-12 18:49:31 - [BENIGN] - DEBUG - Generated HTTP SYN from h3:35779 -> h5:80 [len=54B]
2025-09-12 18:49:31 - [BENIGN] - DEBUG - Generated HTTP SYN-ACK from h5:80 <- h3:35779 [len=54B]
2025-09-12 18:49:32 - [BENIGN] - DEBUG - Generated HTTP ACK from h3:35779 -> h5:80 [len=54B]
2025-09-12 18:49:33 - [BENIGN] - DEBUG - Generated HTTP data traffic from h3:35779 -> h5:80 [content='GET /index.html HTTP/1.1'] [Session 6] [len=271B]
2025-09-12 18:49:33 - [BENIGN] - DEBUG - Generated HTTP ACK reply from h5:80 <- h3:35779 [len=54B]
2025-09-12 18:49:34 - [BENIGN] - DEBUG - Generated HTTPS SYN from h3:61315 -> h5:443 [len=54B]
2025-09-12 18:49:34 - [BENIGN] - DEBUG - Generated HTTPS SYN-ACK from h5:443 <- h3:61315 [len=54B]
2025-09-12 18:49:35 - [BENIGN] - DEBUG - Generated HTTPS ACK from h3:61315 -> h5:443 [len=54B]
2025-09-12 18:49:36 - [BENIGN] - DEBUG - Generated HTTPS data traffic from h3:61315 -> h5:443 [content='Encrypted Application Data'] [Session 7] [len=521B]
2025-09-12 18:49:36 - [BENIGN] - DEBUG - Generated HTTPS ACK reply from h5:443 <- h3:61315 [len=54B]
2025-09-12 18:49:37 - [BENIGN] - DEBUG - Generated DNS query from h3:44981 -> h5:53 [qname='example.com'] [Session 8] [len=71B]
2025-09-12 18:49:37 - [BENIGN] - DEBUG - Generated ICMP traffic h2↔h5 1 [len=84B]
2025-09-12 18:49:38 - [BENIGN] - DEBUG - Generated TCP SYN from h3:27322 -> h5:12345 [len=54B]
2025-09-12 18:49:38 - [BENIGN] - DEBUG - Generated TCP SYN-ACK from h5:12345 <- h3:27322 [len=54B]
2025-09-12 18:49:39 - [BENIGN] - DEBUG - Generated TCP ACK from h3:27322 -> h5:12345 [len=54B]
2025-09-12 18:49:40 - [BENIGN] - DEBUG - Generated TCP data traffic from h3:27322 -> h5:12345 [content='TCP data'] [Session 9] [len=355B]
2025-09-12 18:49:40 - [BENIGN] - DEBUG - Generated TCP ACK reply from h5:12345 <- h3:27322 [len=54B]
2025-09-12 18:49:41 - [BENIGN] - DEBUG - Generated UDP traffic from h3:6905 -> h5:12346 [content='358e8a1891723b871dafe33d6aa17f8d88e8296c...'] [Session 10] [len=1338B]
2025-09-12 18:49:41 - [BENIGN] - DEBUG - Generated Telnet SYN from h3:36361 -> h5:23 [len=54B]
2025-09-12 18:49:42 - [BENIGN] - DEBUG - Generated Telnet SYN-ACK from h5:23 <- h3:36361 [len=54B]
2025-09-12 18:49:43 - [BENIGN] - DEBUG - Generated Telnet ACK from h3:36361 -> h5:23 [len=54B]
2025-09-12 18:49:43 - [BENIGN] - DEBUG - Generated Telnet data traffic from h3:36361 -> h5:23 [content='Telnet command'] [Session 11] [len=671B]
2025-09-12 18:49:44 - [BENIGN] - DEBUG - Generated Telnet ACK reply from h5:23 <- h3:36361 [len=54B]
2025-09-12 18:49:45 - [BENIGN] - DEBUG - Generated SSH SYN from h3:25672 -> h5:22 [len=54B]
2025-09-12 18:49:45 - [BENIGN] - DEBUG - Generated SSH SYN-ACK from h5:22 <- h3:25672 [len=54B]
2025-09-12 18:49:46 - [BENIGN] - DEBUG - Generated SSH ACK from h3:25672 -> h5:22 [len=54B]
2025-09-12 18:49:47 - [BENIGN] - DEBUG - Generated SSH data traffic from h3:25672 -> h5:22 [content='SSH encrypted data'] [Session 12] [len=1443B]
2025-09-12 18:49:47 - [BENIGN] - DEBUG - Generated SSH ACK reply from h5:22 <- h3:25672 [len=54B]
2025-09-12 18:49:48 - [BENIGN] - DEBUG - Generated FTP SYN from h3:65415 -> h5:21 [len=54B]
2025-09-12 18:49:48 - [BENIGN] - DEBUG - Generated FTP SYN-ACK from h5:21 <- h3:65415 [len=54B]
2025-09-12 18:49:49 - [BENIGN] - DEBUG - Generated FTP ACK from h3:65415 -> h5:21 [len=54B]
2025-09-12 18:49:50 - [BENIGN] - DEBUG - Generated FTP data traffic from h3:65415 -> h5:21 [content='FTP file transfer'] [Session 13] [len=377B]
2025-09-12 18:49:50 - [BENIGN] - DEBUG - Generated FTP ACK reply from h5:21 <- h3:65415 [len=54B]
2025-09-12 18:49:51 - [BENIGN] - DEBUG - Generated HTTP SYN from h3:17073 -> h5:80 [len=54B]
2025-09-12 18:49:52 - [BENIGN] - DEBUG - Generated HTTP SYN-ACK from h5:80 <- h3:17073 [len=54B]
2025-09-12 18:49:52 - [BENIGN] - DEBUG - Generated HTTP ACK from h3:17073 -> h5:80 [len=54B]
2025-09-12 18:49:53 - [BENIGN] - DEBUG - Generated HTTP data traffic from h3:17073 -> h5:80 [content='GET /index.html HTTP/1.1'] [Session 14] [len=651B]
2025-09-12 18:49:53 - [BENIGN] - DEBUG - Generated HTTP ACK reply from h5:80 <- h3:17073 [len=54B]
2025-09-12 18:49:54 - [BENIGN] - DEBUG - Generated HTTPS SYN from h3:1480 -> h5:443 [len=54B]
2025-09-12 18:49:55 - [BENIGN] - DEBUG - Generated HTTPS SYN-ACK from h5:443 <- h3:1480 [len=54B]
2025-09-12 18:49:55 - [BENIGN] - DEBUG - Generated HTTPS ACK from h3:1480 -> h5:443 [len=54B]
2025-09-12 18:49:56 - [BENIGN] - DEBUG - Generated HTTPS data traffic from h3:1480 -> h5:443 [content='Encrypted Application Data'] [Session 15] [len=640B]
2025-09-12 18:49:57 - [BENIGN] - DEBUG - Generated HTTPS ACK reply from h5:443 <- h3:1480 [len=54B]
2025-09-12 18:49:57 - [BENIGN] - DEBUG - Generated DNS query from h3:34969 -> h5:53 [qname='example.com'] [Session 16] [len=71B]
2025-09-12 18:49:57 - [BENIGN] - DEBUG - Generated ICMP traffic h2↔h5 2 [len=84B]
2025-09-12 18:49:58 - [BENIGN] - DEBUG - Generated TCP SYN from h3:1282 -> h5:12345 [len=54B]
2025-09-12 18:49:59 - [BENIGN] - DEBUG - Generated TCP SYN-ACK from h5:12345 <- h3:1282 [len=54B]
2025-09-12 18:49:59 - [BENIGN] - DEBUG - Generated TCP ACK from h3:1282 -> h5:12345 [len=54B]
2025-09-12 18:50:00 - [BENIGN] - DEBUG - Generated TCP data traffic from h3:1282 -> h5:12345 [content='TCP data'] [Session 17] [len=1016B]
2025-09-12 18:50:00 - [BENIGN] - DEBUG - Generated TCP ACK reply from h5:12345 <- h3:1282 [len=54B]
2025-09-12 18:50:01 - [BENIGN] - DEBUG - Generated UDP traffic from h3:47835 -> h5:12346 [content='a3cdf395000045f947e56efd5c836b672f5e6e98...'] [Session 18] [len=1519B]
2025-09-12 18:50:02 - [BENIGN] - DEBUG - Generated Telnet SYN from h3:15987 -> h5:23 [len=54B]
2025-09-12 18:50:02 - [BENIGN] - DEBUG - Generated Telnet SYN-ACK from h5:23 <- h3:15987 [len=54B]
2025-09-12 18:50:03 - [BENIGN] - DEBUG - Generated Telnet ACK from h3:15987 -> h5:23 [len=54B]
2025-09-12 18:50:04 - [BENIGN] - DEBUG - Generated Telnet data traffic from h3:15987 -> h5:23 [content='Telnet command'] [Session 19] [len=553B]
2025-09-12 18:50:04 - [BENIGN] - DEBUG - Generated Telnet ACK reply from h5:23 <- h3:15987 [len=54B]
2025-09-12 18:50:05 - [BENIGN] - DEBUG - Generated SSH SYN from h3:59230 -> h5:22 [len=54B]
2025-09-12 18:50:06 - [BENIGN] - DEBUG - Generated SSH SYN-ACK from h5:22 <- h3:59230 [len=54B]
2025-09-12 18:50:06 - [BENIGN] - DEBUG - Generated SSH ACK from h3:59230 -> h5:22 [len=54B]
2025-09-12 18:50:07 - [BENIGN] - DEBUG - Generated SSH data traffic from h3:59230 -> h5:22 [content='SSH encrypted data'] [Session 20] [len=823B]
2025-09-12 18:50:07 - [BENIGN] - DEBUG - Generated SSH ACK reply from h5:22 <- h3:59230 [len=54B]
2025-09-12 18:50:08 - [BENIGN] - DEBUG - Generated FTP SYN from h3:4197 -> h5:21 [len=54B]
2025-09-12 18:50:09 - [BENIGN] - DEBUG - Generated FTP SYN-ACK from h5:21 <- h3:4197 [len=54B]
2025-09-12 18:50:09 - [BENIGN] - DEBUG - Generated FTP ACK from h3:4197 -> h5:21 [len=54B]
2025-09-12 18:50:10 - [BENIGN] - DEBUG - Generated FTP data traffic from h3:4197 -> h5:21 [content='FTP file transfer'] [Session 21] [len=1260B]
2025-09-12 18:50:11 - [BENIGN] - DEBUG - Generated FTP ACK reply from h5:21 <- h3:4197 [len=54B]
2025-09-12 18:50:11 - [BENIGN] - DEBUG - Generated HTTP SYN from h3:55632 -> h5:80 [len=54B]
2025-09-12 18:50:12 - [BENIGN] - DEBUG - Generated HTTP SYN-ACK from h5:80 <- h3:55632 [len=54B]
2025-09-12 18:50:12 - [BENIGN] - DEBUG - Generated HTTP ACK from h3:55632 -> h5:80 [len=54B]
2025-09-12 18:50:13 - [BENIGN] - DEBUG - Generated HTTP data traffic from h3:55632 -> h5:80 [content='GET /index.html HTTP/1.1'] [Session 22] [len=565B]
2025-09-12 18:50:14 - [BENIGN] - DEBUG - Generated HTTP ACK reply from h5:80 <- h3:55632 [len=54B]
2025-09-12 18:50:14 - [BENIGN] - DEBUG - Generated HTTPS SYN from h3:9099 -> h5:443 [len=54B]
2025-09-12 18:50:15 - [BENIGN] - DEBUG - Generated HTTPS SYN-ACK from h5:443 <- h3:9099 [len=54B]
2025-09-12 18:50:16 - [BENIGN] - DEBUG - Generated HTTPS ACK from h3:9099 -> h5:443 [len=54B]
2025-09-12 18:50:16 - [BENIGN] - DEBUG - Generated HTTPS data traffic from h3:9099 -> h5:443 [content='Encrypted Application Data'] [Session 23] [len=821B]
2025-09-12 18:50:17 - [BENIGN] - DEBUG - Generated HTTPS ACK reply from h5:443 <- h3:9099 [len=54B]
2025-09-12 18:50:17 - [BENIGN] - DEBUG - Generated DNS query from h3:6736 -> h5:53 [qname='example.com'] [Session 24] [len=71B]
2025-09-12 18:50:18 - [BENIGN] - DEBUG - Generated ICMP traffic h2↔h5 3 [len=84B]
2025-09-12 18:50:18 - [BENIGN] - DEBUG - Generated TCP SYN from h3:59735 -> h5:12345 [len=54B]
2025-09-12 18:50:19 - [BENIGN] - DEBUG - Generated TCP SYN-ACK from h5:12345 <- h3:59735 [len=54B]
2025-09-12 18:50:19 - [BENIGN] - DEBUG - Generated TCP ACK from h3:59735 -> h5:12345 [len=54B]
2025-09-12 18:50:20 - [BENIGN] - DEBUG - Generated TCP data traffic from h3:59735 -> h5:12345 [content='TCP data'] [Session 25] [len=424B]
2025-09-12 18:50:21 - [BENIGN] - DEBUG - Generated TCP ACK reply from h5:12345 <- h3:59735 [len=54B]
2025-09-12 18:50:21 - [BENIGN] - DEBUG - Generated UDP traffic from h3:16064 -> h5:12346 [content='7302e92cf7191e6ef0f3777b0862175d5d48548e...'] [Session 26] [len=736B]
2025-09-12 18:50:22 - [BENIGN] - DEBUG - Generated Telnet SYN from h3:40600 -> h5:23 [len=54B]
2025-09-12 18:50:23 - [BENIGN] - DEBUG - Generated Telnet SYN-ACK from h5:23 <- h3:40600 [len=54B]
2025-09-12 18:50:23 - [BENIGN] - DEBUG - Generated Telnet ACK from h3:40600 -> h5:23 [len=54B]
2025-09-12 18:50:24 - [BENIGN] - DEBUG - Generated Telnet data traffic from h3:40600 -> h5:23 [content='Telnet command'] [Session 27] [len=1128B]
2025-09-12 18:50:24 - [BENIGN] - DEBUG - Generated Telnet ACK reply from h5:23 <- h3:40600 [len=54B]
2025-09-12 18:50:25 - [BENIGN] - DEBUG - Generated SSH SYN from h3:1075 -> h5:22 [len=54B]
2025-09-12 18:50:26 - [BENIGN] - DEBUG - Generated SSH SYN-ACK from h5:22 <- h3:1075 [len=54B]
2025-09-12 18:50:26 - [BENIGN] - DEBUG - Generated SSH ACK from h3:1075 -> h5:22 [len=54B]
2025-09-12 18:50:27 - [BENIGN] - DEBUG - Generated SSH data traffic from h3:1075 -> h5:22 [content='SSH encrypted data'] [Session 28] [len=750B]
2025-09-12 18:50:28 - [BENIGN] - DEBUG - Generated SSH ACK reply from h5:22 <- h3:1075 [len=54B]
2025-09-12 18:50:28 - [BENIGN] - DEBUG - Generated FTP SYN from h3:35785 -> h5:21 [len=54B]
2025-09-12 18:50:29 - [BENIGN] - DEBUG - Generated FTP SYN-ACK from h5:21 <- h3:35785 [len=54B]
2025-09-12 18:50:29 - [BENIGN] - DEBUG - Generated FTP ACK from h3:35785 -> h5:21 [len=54B]
2025-09-12 18:50:30 - [BENIGN] - DEBUG - Generated FTP data traffic from h3:35785 -> h5:21 [content='FTP file transfer'] [Session 29] [len=1065B]
2025-09-12 18:50:31 - [BENIGN] - DEBUG - Generated FTP ACK reply from h5:21 <- h3:35785 [len=54B]
2025-09-12 18:50:31 - [BENIGN] - DEBUG - Generated HTTP SYN from h3:53071 -> h5:80 [len=54B]
2025-09-12 18:50:32 - [BENIGN] - DEBUG - Generated HTTP SYN-ACK from h5:80 <- h3:53071 [len=54B]
2025-09-12 18:50:32 - [BENIGN] - DEBUG - Generated HTTP ACK from h3:53071 -> h5:80 [len=54B]
2025-09-12 18:50:33 - [BENIGN] - DEBUG - Generated HTTP data traffic from h3:53071 -> h5:80 [content='GET /index.html HTTP/1.1'] [Session 30] [len=366B]
2025-09-12 18:50:34 - [BENIGN] - DEBUG - Generated HTTP ACK reply from h5:80 <- h3:53071 [len=54B]
2025-09-12 18:50:34 - [BENIGN] - DEBUG - Generated HTTPS SYN from h3:44686 -> h5:443 [len=54B]
2025-09-12 18:50:35 - [BENIGN] - DEBUG - Generated HTTPS SYN-ACK from h5:443 <- h3:44686 [len=54B]
2025-09-12 18:50:36 - [BENIGN] - DEBUG - Generated HTTPS ACK from h3:44686 -> h5:443 [len=54B]
2025-09-12 18:50:36 - [BENIGN] - DEBUG - Generated HTTPS data traffic from h3:44686 -> h5:443 [content='Encrypted Application Data'] [Session 31] [len=388B]
2025-09-12 18:50:37 - [BENIGN] - DEBUG - Generated HTTPS ACK reply from h5:443 <- h3:44686 [len=54B]
2025-09-12 18:50:37 - [BENIGN] - DEBUG - Generated DNS query from h3:45095 -> h5:53 [qname='example.com'] [Session 32] [len=71B]
2025-09-12 18:50:38 - [BENIGN] - DEBUG - Generated ICMP traffic h2↔h5 4 [len=84B]
2025-09-12 18:50:38 - [BENIGN] - DEBUG - Generated TCP SYN from h3:46977 -> h5:12345 [len=54B]
2025-09-12 18:50:39 - [BENIGN] - DEBUG - Generated TCP SYN-ACK from h5:12345 <- h3:46977 [len=54B]
2025-09-12 18:50:39 - [BENIGN] - DEBUG - Generated TCP ACK from h3:46977 -> h5:12345 [len=54B]
2025-09-12 18:50:40 - [BENIGN] - DEBUG - Generated TCP data traffic from h3:46977 -> h5:12345 [content='TCP data'] [Session 33] [len=519B]
2025-09-12 18:50:41 - [BENIGN] - DEBUG - Generated TCP ACK reply from h5:12345 <- h3:46977 [len=54B]
2025-09-12 18:50:41 - [BENIGN] - DEBUG - Generated UDP traffic from h3:1746 -> h5:12346 [content='7a94d70b9c1ab5a02e64d4e5020f98eb75a2ffb8...'] [Session 34] [len=1074B]
2025-09-12 18:50:42 - [BENIGN] - DEBUG - Generated Telnet SYN from h3:8065 -> h5:23 [len=54B]
2025-09-12 18:50:42 - [BENIGN] - DEBUG - Generated Telnet SYN-ACK from h5:23 <- h3:8065 [len=54B]
2025-09-12 18:50:43 - [BENIGN] - DEBUG - Generated Telnet ACK from h3:8065 -> h5:23 [len=54B]
2025-09-12 18:50:44 - [BENIGN] - DEBUG - Generated Telnet data traffic from h3:8065 -> h5:23 [content='Telnet command'] [Session 35] [len=850B]
2025-09-12 18:50:44 - [BENIGN] - DEBUG - Generated Telnet ACK reply from h5:23 <- h3:8065 [len=54B]
2025-09-12 18:50:45 - [BENIGN] - DEBUG - Generated SSH SYN from h3:5901 -> h5:22 [len=54B]
2025-09-12 18:50:46 - [BENIGN] - DEBUG - Generated SSH SYN-ACK from h5:22 <- h3:5901 [len=54B]
2025-09-12 18:50:46 - [BENIGN] - DEBUG - Generated SSH ACK from h3:5901 -> h5:22 [len=54B]
2025-09-12 18:50:47 - [BENIGN] - DEBUG - Generated SSH data traffic from h3:5901 -> h5:22 [content='SSH encrypted data'] [Session 36] [len=599B]
2025-09-12 18:50:48 - [BENIGN] - DEBUG - Generated SSH ACK reply from h5:22 <- h3:5901 [len=54B]
2025-09-12 18:50:48 - [BENIGN] - DEBUG - Generated FTP SYN from h3:1802 -> h5:21 [len=54B]
2025-09-12 18:50:49 - [BENIGN] - DEBUG - Generated FTP SYN-ACK from h5:21 <- h3:1802 [len=54B]
2025-09-12 18:50:49 - [BENIGN] - DEBUG - Generated FTP ACK from h3:1802 -> h5:21 [len=54B]
2025-09-12 18:50:50 - [BENIGN] - DEBUG - Generated FTP data traffic from h3:1802 -> h5:21 [content='FTP file transfer'] [Session 37] [len=1125B]
2025-09-12 18:50:51 - [BENIGN] - DEBUG - Generated FTP ACK reply from h5:21 <- h3:1802 [len=54B]
2025-09-12 18:50:51 - [BENIGN] - DEBUG - Generated HTTP SYN from h3:16669 -> h5:80 [len=54B]
2025-09-12 18:50:52 - [BENIGN] - DEBUG - Generated HTTP SYN-ACK from h5:80 <- h3:16669 [len=54B]
2025-09-12 18:50:53 - [BENIGN] - DEBUG - Generated HTTP ACK from h3:16669 -> h5:80 [len=54B]
2025-09-12 18:50:53 - [BENIGN] - DEBUG - Generated HTTP data traffic from h3:16669 -> h5:80 [content='GET /index.html HTTP/1.1'] [Session 38] [len=653B]
2025-09-12 18:50:54 - [BENIGN] - DEBUG - Generated HTTP ACK reply from h5:80 <- h3:16669 [len=54B]
2025-09-12 18:50:54 - [BENIGN] - DEBUG - Generated HTTPS SYN from h3:12228 -> h5:443 [len=54B]
2025-09-12 18:50:55 - [BENIGN] - DEBUG - Generated HTTPS SYN-ACK from h5:443 <- h3:12228 [len=54B]
2025-09-12 18:50:56 - [BENIGN] - DEBUG - Generated HTTPS ACK from h3:12228 -> h5:443 [len=54B]
2025-09-12 18:50:56 - [BENIGN] - DEBUG - Generated HTTPS data traffic from h3:12228 -> h5:443 [content='Encrypted Application Data'] [Session 39] [len=708B]
2025-09-12 18:50:57 - [BENIGN] - DEBUG - Generated HTTPS ACK reply from h5:443 <- h3:12228 [len=54B]
2025-09-12 18:50:58 - [BENIGN] - DEBUG - Generated DNS query from h3:44503 -> h5:53 [qname='example.com'] [Session 40] [len=71B]
2025-09-12 18:50:58 - [BENIGN] - DEBUG - Generated ICMP traffic h2↔h5 5 [len=84B]
2025-09-12 18:50:58 - [BENIGN] - DEBUG - Generated TCP SYN from h3:56082 -> h5:12345 [len=54B]
2025-09-12 18:50:59 - [BENIGN] - DEBUG - Generated TCP SYN-ACK from h5:12345 <- h3:56082 [len=54B]
2025-09-12 18:51:00 - [BENIGN] - DEBUG - Generated TCP ACK from h3:56082 -> h5:12345 [len=54B]
2025-09-12 18:51:00 - [BENIGN] - DEBUG - Generated TCP data traffic from h3:56082 -> h5:12345 [content='TCP data'] [Session 41] [len=1179B]
2025-09-12 18:51:01 - [BENIGN] - DEBUG - Generated TCP ACK reply from h5:12345 <- h3:56082 [len=54B]
2025-09-12 18:51:01 - [BENIGN] - DEBUG - Generated UDP traffic from h3:64648 -> h5:12346 [content='125cc73e05b5b8b8e959576e03152b614ad8bb9f...'] [Session 42] [len=1177B]
2025-09-12 18:51:02 - [BENIGN] - DEBUG - Generated Telnet SYN from h3:56607 -> h5:23 [len=54B]
2025-09-12 18:51:03 - [BENIGN] - DEBUG - Generated Telnet SYN-ACK from h5:23 <- h3:56607 [len=54B]
2025-09-12 18:51:03 - [BENIGN] - DEBUG - Generated Telnet ACK from h3:56607 -> h5:23 [len=54B]
2025-09-12 18:51:04 - [BENIGN] - DEBUG - Generated Telnet data traffic from h3:56607 -> h5:23 [content='Telnet command'] [Session 43] [len=716B]
2025-09-12 18:51:04 - [BENIGN] - DEBUG - Generated Telnet ACK reply from h5:23 <- h3:56607 [len=54B]
2025-09-12 18:51:05 - [BENIGN] - DEBUG - Generated SSH SYN from h3:46392 -> h5:22 [len=54B]
2025-09-12 18:51:06 - [BENIGN] - DEBUG - Generated SSH SYN-ACK from h5:22 <- h3:46392 [len=54B]
2025-09-12 18:51:06 - [BENIGN] - DEBUG - Generated SSH ACK from h3:46392 -> h5:22 [len=54B]
2025-09-12 18:51:07 - [BENIGN] - DEBUG - Generated SSH data traffic from h3:46392 -> h5:22 [content='SSH encrypted data'] [Session 44] [len=1045B]
2025-09-12 18:51:08 - [BENIGN] - DEBUG - Generated SSH ACK reply from h5:22 <- h3:46392 [len=54B]
2025-09-12 18:51:08 - [BENIGN] - DEBUG - Generated FTP SYN from h3:32666 -> h5:21 [len=54B]
2025-09-12 18:51:09 - [BENIGN] - DEBUG - Generated FTP SYN-ACK from h5:21 <- h3:32666 [len=54B]
2025-09-12 18:51:09 - [BENIGN] - DEBUG - Generated FTP ACK from h3:32666 -> h5:21 [len=54B]
2025-09-12 18:51:10 - [BENIGN] - DEBUG - Generated FTP data traffic from h3:32666 -> h5:21 [content='FTP file transfer'] [Session 45] [len=1475B]
2025-09-12 18:51:11 - [BENIGN] - DEBUG - Generated FTP ACK reply from h5:21 <- h3:32666 [len=54B]
2025-09-12 18:51:11 - [BENIGN] - DEBUG - Generated HTTP SYN from h3:39449 -> h5:80 [len=54B]
2025-09-12 18:51:12 - [BENIGN] - DEBUG - Generated HTTP SYN-ACK from h5:80 <- h3:39449 [len=54B]
2025-09-12 18:51:13 - [BENIGN] - DEBUG - Generated HTTP ACK from h3:39449 -> h5:80 [len=54B]
2025-09-12 18:51:13 - [BENIGN] - DEBUG - Generated HTTP data traffic from h3:39449 -> h5:80 [content='GET /index.html HTTP/1.1'] [Session 46] [len=626B]
2025-09-12 18:51:14 - [BENIGN] - DEBUG - Generated HTTP ACK reply from h5:80 <- h3:39449 [len=54B]
2025-09-12 18:51:14 - [BENIGN] - DEBUG - Generated HTTPS SYN from h3:40971 -> h5:443 [len=54B]
2025-09-12 18:51:15 - [BENIGN] - DEBUG - Generated HTTPS SYN-ACK from h5:443 <- h3:40971 [len=54B]
2025-09-12 18:51:16 - [BENIGN] - DEBUG - Generated HTTPS ACK from h3:40971 -> h5:443 [len=54B]
2025-09-12 18:51:16 - [BENIGN] - DEBUG - Generated HTTPS data traffic from h3:40971 -> h5:443 [content='Encrypted Application Data'] [Session 47] [len=486B]
2025-09-12 18:51:17 - [BENIGN] - DEBUG - Generated HTTPS ACK reply from h5:443 <- h3:40971 [len=54B]
2025-09-12 18:51:18 - [BENIGN] - DEBUG - Generated DNS query from h3:64382 -> h5:53 [qname='example.com'] [Session 48] [len=71B]
2025-09-12 18:51:18 - [BENIGN] - DEBUG - Generated ICMP traffic h2↔h5 6 [len=84B]
2025-09-12 18:51:18 - [BENIGN] - DEBUG - Generated TCP SYN from h3:58204 -> h5:12345 [len=54B]
2025-09-12 18:51:19 - [BENIGN] - DEBUG - Generated TCP SYN-ACK from h5:12345 <- h3:58204 [len=54B]
2025-09-12 18:51:20 - [BENIGN] - DEBUG - Generated TCP ACK from h3:58204 -> h5:12345 [len=54B]
2025-09-12 18:51:20 - [BENIGN] - DEBUG - Generated TCP data traffic from h3:58204 -> h5:12345 [content='TCP data'] [Session 49] [len=1400B]
2025-09-12 18:51:21 - [BENIGN] - DEBUG - Generated TCP ACK reply from h5:12345 <- h3:58204 [len=54B]
2025-09-12 18:51:22 - [BENIGN] - DEBUG - Generated UDP traffic from h3:51442 -> h5:12346 [content='440cba0d32b35409ce622f6ae2951e54b9c9bc59...'] [Session 50] [len=672B]
2025-09-12 18:51:22 - [BENIGN] - DEBUG - Generated Telnet SYN from h3:51836 -> h5:23 [len=54B]
2025-09-12 18:51:23 - [BENIGN] - DEBUG - Generated Telnet SYN-ACK from h5:23 <- h3:51836 [len=54B]
2025-09-12 18:51:23 - [BENIGN] - DEBUG - Generated Telnet ACK from h3:51836 -> h5:23 [len=54B]
2025-09-12 18:51:24 - [BENIGN] - DEBUG - Generated Telnet data traffic from h3:51836 -> h5:23 [content='Telnet command'] [Session 51] [len=766B]
2025-09-12 18:51:25 - [BENIGN] - DEBUG - Generated Telnet ACK reply from h5:23 <- h3:51836 [len=54B]
2025-09-12 18:51:25 - [BENIGN] - DEBUG - Generated SSH SYN from h3:17393 -> h5:22 [len=54B]
2025-09-12 18:51:26 - [BENIGN] - DEBUG - Generated SSH SYN-ACK from h5:22 <- h3:17393 [len=54B]
2025-09-12 18:51:27 - [BENIGN] - DEBUG - Generated SSH ACK from h3:17393 -> h5:22 [len=54B]
2025-09-12 18:51:27 - [BENIGN] - DEBUG - Generated SSH data traffic from h3:17393 -> h5:22 [content='SSH encrypted data'] [Session 52] [len=759B]
2025-09-12 18:51:28 - [BENIGN] - DEBUG - Generated SSH ACK reply from h5:22 <- h3:17393 [len=54B]
2025-09-12 18:51:29 - [BENIGN] - DEBUG - Generated FTP SYN from h3:57143 -> h5:21 [len=54B]
2025-09-12 18:51:29 - [BENIGN] - DEBUG - Generated FTP SYN-ACK from h5:21 <- h3:57143 [len=54B]
2025-09-12 18:51:30 - [BENIGN] - DEBUG - Generated FTP ACK from h3:57143 -> h5:21 [len=54B]
2025-09-12 18:51:30 - [BENIGN] - DEBUG - Generated FTP data traffic from h3:57143 -> h5:21 [content='FTP file transfer'] [Session 53] [len=1034B]
2025-09-12 18:51:31 - [BENIGN] - DEBUG - Generated FTP ACK reply from h5:21 <- h3:57143 [len=54B]
2025-09-12 18:51:32 - [BENIGN] - DEBUG - Generated HTTP SYN from h3:3981 -> h5:80 [len=54B]
2025-09-12 18:51:32 - [BENIGN] - DEBUG - Generated HTTP SYN-ACK from h5:80 <- h3:3981 [len=54B]
2025-09-12 18:51:33 - [BENIGN] - DEBUG - Generated HTTP ACK from h3:3981 -> h5:80 [len=54B]
2025-09-12 18:51:34 - [BENIGN] - DEBUG - Generated HTTP data traffic from h3:3981 -> h5:80 [content='GET /index.html HTTP/1.1'] [Session 54] [len=380B]
2025-09-12 18:51:34 - [BENIGN] - DEBUG - Generated HTTP ACK reply from h5:80 <- h3:3981 [len=54B]
2025-09-12 18:51:35 - [BENIGN] - DEBUG - Generated HTTPS SYN from h3:45705 -> h5:443 [len=54B]
2025-09-12 18:51:35 - [BENIGN] - DEBUG - Generated HTTPS SYN-ACK from h5:443 <- h3:45705 [len=54B]
2025-09-12 18:51:36 - [BENIGN] - DEBUG - Generated HTTPS ACK from h3:45705 -> h5:443 [len=54B]
2025-09-12 18:51:37 - [BENIGN] - DEBUG - Generated HTTPS data traffic from h3:45705 -> h5:443 [content='Encrypted Application Data'] [Session 55] [len=401B]
2025-09-12 18:51:37 - [BENIGN] - DEBUG - Generated HTTPS ACK reply from h5:443 <- h3:45705 [len=54B]
2025-09-12 18:51:38 - [BENIGN] - DEBUG - Generated DNS query from h3:18809 -> h5:53 [qname='example.com'] [Session 56] [len=71B]
2025-09-12 18:51:38 - [BENIGN] - DEBUG - Generated ICMP traffic h2↔h5 7 [len=84B]
2025-09-12 18:51:39 - [BENIGN] - DEBUG - Generated TCP SYN from h3:31998 -> h5:12345 [len=54B]
2025-09-12 18:51:39 - [BENIGN] - DEBUG - Generated TCP SYN-ACK from h5:12345 <- h3:31998 [len=54B]
2025-09-12 18:51:40 - [BENIGN] - DEBUG - Generated TCP ACK from h3:31998 -> h5:12345 [len=54B]
2025-09-12 18:51:41 - [BENIGN] - DEBUG - Generated TCP data traffic from h3:31998 -> h5:12345 [content='TCP data'] [Session 57] [len=1147B]
2025-09-12 18:51:41 - [BENIGN] - DEBUG - Generated TCP ACK reply from h5:12345 <- h3:31998 [len=54B]
2025-09-12 18:51:42 - [BENIGN] - DEBUG - Generated UDP traffic from h3:46305 -> h5:12346 [content='9b064256a74b38982d9bf980309ac7c4c3417131...'] [Session 58] [len=485B]
2025-09-12 18:51:43 - [BENIGN] - DEBUG - Generated Telnet SYN from h3:36071 -> h5:23 [len=54B]
2025-09-12 18:51:43 - [BENIGN] - DEBUG - Generated Telnet SYN-ACK from h5:23 <- h3:36071 [len=54B]
2025-09-12 18:51:44 - [BENIGN] - DEBUG - Generated Telnet ACK from h3:36071 -> h5:23 [len=54B]
2025-09-12 18:51:44 - [BENIGN] - DEBUG - Generated Telnet data traffic from h3:36071 -> h5:23 [content='Telnet command'] [Session 59] [len=989B]
2025-09-12 18:51:45 - [BENIGN] - DEBUG - Generated Telnet ACK reply from h5:23 <- h3:36071 [len=54B]
2025-09-12 18:51:46 - [BENIGN] - DEBUG - Generated SSH SYN from h3:26537 -> h5:22 [len=54B]
2025-09-12 18:51:46 - [BENIGN] - DEBUG - Generated SSH SYN-ACK from h5:22 <- h3:26537 [len=54B]
2025-09-12 18:51:47 - [BENIGN] - DEBUG - Generated SSH ACK from h3:26537 -> h5:22 [len=54B]
2025-09-12 18:51:48 - [BENIGN] - DEBUG - Generated SSH data traffic from h3:26537 -> h5:22 [content='SSH encrypted data'] [Session 60] [len=312B]
2025-09-12 18:51:48 - [BENIGN] - DEBUG - Generated SSH ACK reply from h5:22 <- h3:26537 [len=54B]
2025-09-12 18:51:49 - [BENIGN] - DEBUG - Generated FTP SYN from h3:23865 -> h5:21 [len=54B]
2025-09-12 18:51:50 - [BENIGN] - DEBUG - Generated FTP SYN-ACK from h5:21 <- h3:23865 [len=54B]
2025-09-12 18:51:50 - [BENIGN] - DEBUG - Generated FTP ACK from h3:23865 -> h5:21 [len=54B]
2025-09-12 18:51:51 - [BENIGN] - DEBUG - Generated FTP data traffic from h3:23865 -> h5:21 [content='FTP file transfer'] [Session 61] [len=1346B]
2025-09-12 18:51:52 - [BENIGN] - DEBUG - Generated FTP ACK reply from h5:21 <- h3:23865 [len=54B]
2025-09-12 18:51:52 - [BENIGN] - DEBUG - Generated HTTP SYN from h3:38563 -> h5:80 [len=54B]
2025-09-12 18:51:53 - [BENIGN] - DEBUG - Generated HTTP SYN-ACK from h5:80 <- h3:38563 [len=54B]
2025-09-12 18:51:53 - [BENIGN] - DEBUG - Generated HTTP ACK from h3:38563 -> h5:80 [len=54B]
2025-09-12 18:51:54 - [BENIGN] - DEBUG - Generated HTTP data traffic from h3:38563 -> h5:80 [content='GET /index.html HTTP/1.1'] [Session 62] [len=588B]
2025-09-12 18:51:55 - [BENIGN] - DEBUG - Generated HTTP ACK reply from h5:80 <- h3:38563 [len=54B]
2025-09-12 18:51:55 - [BENIGN] - DEBUG - Generated HTTPS SYN from h3:35612 -> h5:443 [len=54B]
2025-09-12 18:51:56 - [BENIGN] - DEBUG - Generated HTTPS SYN-ACK from h5:443 <- h3:35612 [len=54B]
2025-09-12 18:51:57 - [BENIGN] - DEBUG - Generated HTTPS ACK from h3:35612 -> h5:443 [len=54B]
2025-09-12 18:51:57 - [BENIGN] - DEBUG - Generated HTTPS data traffic from h3:35612 -> h5:443 [content='Encrypted Application Data'] [Session 63] [len=536B]
2025-09-12 18:51:58 - [BENIGN] - DEBUG - Generated HTTPS ACK reply from h5:443 <- h3:35612 [len=54B]
2025-09-12 18:51:58 - [BENIGN] - DEBUG - Generated DNS query from h3:34571 -> h5:53 [qname='example.com'] [Session 64] [len=71B]
2025-09-12 18:51:58 - [BENIGN] - DEBUG - Generated ICMP traffic h2↔h5 8 [len=84B]
2025-09-12 18:51:59 - [BENIGN] - DEBUG - Generated TCP SYN from h3:46339 -> h5:12345 [len=54B]
2025-09-12 18:52:00 - [BENIGN] - DEBUG - Generated TCP SYN-ACK from h5:12345 <- h3:46339 [len=54B]
2025-09-12 18:52:00 - [BENIGN] - DEBUG - Generated TCP ACK from h3:46339 -> h5:12345 [len=54B]
2025-09-12 18:52:01 - [BENIGN] - DEBUG - Generated TCP data traffic from h3:46339 -> h5:12345 [content='TCP data'] [Session 65] [len=1332B]
2025-09-12 18:52:02 - [BENIGN] - DEBUG - Generated TCP ACK reply from h5:12345 <- h3:46339 [len=54B]
2025-09-12 18:52:02 - [BENIGN] - DEBUG - Generated UDP traffic from h3:33951 -> h5:12346 [content='612d14d34f52402ec1a7061c88b7c73c5e03d335...'] [Session 66] [len=799B]
2025-09-12 18:52:03 - [BENIGN] - DEBUG - Generated Telnet SYN from h3:56872 -> h5:23 [len=54B]
2025-09-12 18:52:03 - [BENIGN] - DEBUG - Generated Telnet SYN-ACK from h5:23 <- h3:56872 [len=54B]
2025-09-12 18:52:04 - [BENIGN] - DEBUG - Generated Telnet ACK from h3:56872 -> h5:23 [len=54B]
2025-09-12 18:52:05 - [BENIGN] - DEBUG - Generated Telnet data traffic from h3:56872 -> h5:23 [content='Telnet command'] [Session 67] [len=537B]
2025-09-12 18:52:05 - [BENIGN] - DEBUG - Generated Telnet ACK reply from h5:23 <- h3:56872 [len=54B]
2025-09-12 18:52:06 - [BENIGN] - DEBUG - Generated SSH SYN from h3:37000 -> h5:22 [len=54B]
2025-09-12 18:52:07 - [BENIGN] - DEBUG - Generated SSH SYN-ACK from h5:22 <- h3:37000 [len=54B]
2025-09-12 18:52:07 - [BENIGN] - DEBUG - Generated SSH ACK from h3:37000 -> h5:22 [len=54B]
2025-09-12 18:52:08 - [BENIGN] - DEBUG - Generated SSH data traffic from h3:37000 -> h5:22 [content='SSH encrypted data'] [Session 68] [len=543B]
2025-09-12 18:52:08 - [BENIGN] - DEBUG - Generated SSH ACK reply from h5:22 <- h3:37000 [len=54B]
2025-09-12 18:52:09 - [BENIGN] - DEBUG - Generated FTP SYN from h3:57846 -> h5:21 [len=54B]
2025-09-12 18:52:10 - [BENIGN] - DEBUG - Generated FTP SYN-ACK from h5:21 <- h3:57846 [len=54B]
2025-09-12 18:52:10 - [BENIGN] - DEBUG - Generated FTP ACK from h3:57846 -> h5:21 [len=54B]
2025-09-12 18:52:11 - [BENIGN] - DEBUG - Generated FTP data traffic from h3:57846 -> h5:21 [content='FTP file transfer'] [Session 69] [len=701B]
2025-09-12 18:52:12 - [BENIGN] - DEBUG - Generated FTP ACK reply from h5:21 <- h3:57846 [len=54B]
2025-09-12 18:52:12 - [BENIGN] - DEBUG - Generated HTTP SYN from h3:24894 -> h5:80 [len=54B]
2025-09-12 18:52:13 - [BENIGN] - DEBUG - Generated HTTP SYN-ACK from h5:80 <- h3:24894 [len=54B]
2025-09-12 18:52:13 - [BENIGN] - DEBUG - Generated HTTP ACK from h3:24894 -> h5:80 [len=54B]
2025-09-12 18:52:14 - [BENIGN] - DEBUG - Generated HTTP data traffic from h3:24894 -> h5:80 [content='GET /index.html HTTP/1.1'] [Session 70] [len=414B]
2025-09-12 18:52:15 - [BENIGN] - DEBUG - Generated HTTP ACK reply from h5:80 <- h3:24894 [len=54B]
2025-09-12 18:52:15 - [BENIGN] - DEBUG - Generated HTTPS SYN from h3:51361 -> h5:443 [len=54B]
2025-09-12 18:52:16 - [BENIGN] - DEBUG - Generated HTTPS SYN-ACK from h5:443 <- h3:51361 [len=54B]
2025-09-12 18:52:17 - [BENIGN] - DEBUG - Generated HTTPS ACK from h3:51361 -> h5:443 [len=54B]
2025-09-12 18:52:17 - [BENIGN] - DEBUG - Generated HTTPS data traffic from h3:51361 -> h5:443 [content='Encrypted Application Data'] [Session 71] [len=376B]
2025-09-12 18:52:18 - [BENIGN] - DEBUG - Generated HTTPS ACK reply from h5:443 <- h3:51361 [len=54B]
2025-09-12 18:52:18 - [BENIGN] - DEBUG - Generated DNS query from h3:61676 -> h5:53 [qname='example.com'] [Session 72] [len=71B]
2025-09-12 18:52:18 - [BENIGN] - DEBUG - Generated ICMP traffic h2↔h5 9 [len=84B]
2025-09-12 18:52:19 - [BENIGN] - DEBUG - Generated TCP SYN from h3:58133 -> h5:12345 [len=54B]
2025-09-12 18:52:20 - [BENIGN] - DEBUG - Generated TCP SYN-ACK from h5:12345 <- h3:58133 [len=54B]
2025-09-12 18:52:20 - [BENIGN] - DEBUG - Generated TCP ACK from h3:58133 -> h5:12345 [len=54B]
2025-09-12 18:52:21 - [BENIGN] - DEBUG - Generated TCP data traffic from h3:58133 -> h5:12345 [content='TCP data'] [Session 73] [len=173B]
2025-09-12 18:52:22 - [BENIGN] - DEBUG - Generated TCP ACK reply from h5:12345 <- h3:58133 [len=54B]
2025-09-12 18:52:22 - [BENIGN] - DEBUG - Generated UDP traffic from h3:10163 -> h5:12346 [content='26e1fc065e3a3082e8cbdaaf38eaab19d143b899...'] [Session 74] [len=1251B]
2025-09-12 18:52:23 - [BENIGN] - DEBUG - Generated Telnet SYN from h3:5704 -> h5:23 [len=54B]
2025-09-12 18:52:23 - [BENIGN] - DEBUG - Generated Telnet SYN-ACK from h5:23 <- h3:5704 [len=54B]
2025-09-12 18:52:24 - [BENIGN] - DEBUG - Generated Telnet ACK from h3:5704 -> h5:23 [len=54B]
2025-09-12 18:52:25 - [BENIGN] - DEBUG - Generated Telnet data traffic from h3:5704 -> h5:23 [content='Telnet command'] [Session 75] [len=1223B]
2025-09-12 18:52:25 - [BENIGN] - DEBUG - Generated Telnet ACK reply from h5:23 <- h3:5704 [len=54B]
2025-09-12 18:52:26 - [BENIGN] - DEBUG - Generated SSH SYN from h3:54300 -> h5:22 [len=54B]
2025-09-12 18:52:26 - [BENIGN] - DEBUG - Generated SSH SYN-ACK from h5:22 <- h3:54300 [len=54B]
2025-09-12 18:52:27 - [BENIGN] - DEBUG - Generated SSH ACK from h3:54300 -> h5:22 [len=54B]
2025-09-12 18:52:28 - [BENIGN] - DEBUG - Generated SSH data traffic from h3:54300 -> h5:22 [content='SSH encrypted data'] [Session 76] [len=220B]
2025-09-12 18:52:28 - [BENIGN] - DEBUG - Generated SSH ACK reply from h5:22 <- h3:54300 [len=54B]
2025-09-12 18:52:29 - [BENIGN] - DEBUG - Generated FTP SYN from h3:38227 -> h5:21 [len=54B]
2025-09-12 18:52:30 - [BENIGN] - DEBUG - Generated FTP SYN-ACK from h5:21 <- h3:38227 [len=54B]
2025-09-12 18:52:30 - [BENIGN] - DEBUG - Generated FTP ACK from h3:38227 -> h5:21 [len=54B]
2025-09-12 18:52:31 - [BENIGN] - DEBUG - Generated FTP data traffic from h3:38227 -> h5:21 [content='FTP file transfer'] [Session 77] [len=753B]
2025-09-12 18:52:32 - [BENIGN] - DEBUG - Generated FTP ACK reply from h5:21 <- h3:38227 [len=54B]
2025-09-12 18:52:32 - [BENIGN] - DEBUG - Generated HTTP SYN from h3:35904 -> h5:80 [len=54B]
2025-09-12 18:52:33 - [BENIGN] - DEBUG - Generated HTTP SYN-ACK from h5:80 <- h3:35904 [len=54B]
2025-09-12 18:52:34 - [BENIGN] - DEBUG - Generated HTTP ACK from h3:35904 -> h5:80 [len=54B]
2025-09-12 18:52:34 - [BENIGN] - DEBUG - Generated HTTP data traffic from h3:35904 -> h5:80 [content='GET /index.html HTTP/1.1'] [Session 78] [len=540B]
2025-09-12 18:52:35 - [BENIGN] - DEBUG - Generated HTTP ACK reply from h5:80 <- h3:35904 [len=54B]
2025-09-12 18:52:35 - [BENIGN] - DEBUG - Generated HTTPS SYN from h3:44521 -> h5:443 [len=54B]
2025-09-12 18:52:36 - [BENIGN] - DEBUG - Generated HTTPS SYN-ACK from h5:443 <- h3:44521 [len=54B]
2025-09-12 18:52:37 - [BENIGN] - DEBUG - Generated HTTPS ACK from h3:44521 -> h5:443 [len=54B]
2025-09-12 18:52:37 - [BENIGN] - DEBUG - Generated HTTPS data traffic from h3:44521 -> h5:443 [content='Encrypted Application Data'] [Session 79] [len=651B]
2025-09-12 18:52:38 - [BENIGN] - DEBUG - Generated HTTPS ACK reply from h5:443 <- h3:44521 [len=54B]
2025-09-12 18:52:39 - [BENIGN] - DEBUG - Generated DNS query from h3:25365 -> h5:53 [qname='example.com'] [Session 80] [len=71B]
2025-09-12 18:52:39 - [BENIGN] - INFO - Benign traffic finished.
2025-09-12 18:52:39 - [BENIGN] - INFO - Summary: 80 protocol sessions with protocol separation:
2025-09-12 18:52:39 - [BENIGN] - INFO -   - h2↔h5: ICMP ping traffic
2025-09-12 18:52:39 - [BENIGN] - INFO -   - h3↔h5: TCP/UDP traffic [TCP, UDP, Telnet, SSH, FTP, HTTP, HTTPS, DNS]
2025-09-12 18:52:39 - [BENIGN] - INFO - Total packets sent: 340
