2025-09-18 23:35:35,942 - attack_logger - INFO - Attack: Enhanced SYN Flood (88s) | h1 -> h6
2025-09-18 23:35:38,462 - attack_logger - INFO - [syn_flood] [Run ID: 28435f8a-83d2-44cd-a805-59904a61a1f6] Starting Enhanced SYN Flood from h1 to 192.168.30.10 for 88 seconds.
2025-09-18 23:35:38,462 - attack_logger - INFO - [syn_flood] [Run ID: 28435f8a-83d2-44cd-a805-59904a61a1f6] Attack Phase: Enhanced Traditional SYN Flood - Attacker: h1, Target: 192.168.30.10:80, Duration: 88s
2025-09-18 23:35:38,462 - attack_logger - INFO - [syn_flood] [Run ID: 28435f8a-83d2-44cd-a805-59904a61a1f6] Enhanced Features: Human-like timing, protocol compliance, network delay simulation
2025-09-18 23:35:38,462 - attack_logger - INFO - [syn_flood] [Run ID: 28435f8a-83d2-44cd-a805-59904a61a1f6] Session pattern: 1 phases, Circadian factor: 0.20, Workday factor: 0.06
2025-09-18 23:35:38,462 - attack_logger - DEBUG - [syn_flood] [Run ID: 28435f8a-83d2-44cd-a805-59904a61a1f6] Starting enhanced SYN packet generation with human-like timing
2025-09-18 23:35:38,462 - attack_logger - INFO - [syn_flood] [Run ID: 28435f8a-83d2-44cd-a805-59904a61a1f6] Stress phase: 26s, Advanced phase: 62s
2025-09-18 23:36:05,084 - attack_logger - INFO - [syn_flood] [Run ID: 28435f8a-83d2-44cd-a805-59904a61a1f6] Stress phase completed
2025-09-18 23:36:05,095 - attack_logger - INFO - [syn_flood] [Run ID: 28435f8a-83d2-44cd-a805-59904a61a1f6] Enhanced SYN flood process started (PID: 127427)
2025-09-18 23:36:17,177 - attack_logger - INFO - [syn_flood] [Run ID: 28435f8a-83d2-44cd-a805-59904a61a1f6] Attack progress: 12.1s elapsed, ~3 packets sent, Rate: 0.2 pps, Phase: active (intensity: 0.80)
2025-09-18 23:36:17,177 - attack_logger - DEBUG - [syn_flood] [Run ID: 28435f8a-83d2-44cd-a805-59904a61a1f6] Process stats - CPU: 0.0%, Memory: 60.2MB
2025-09-18 23:36:17,177 - attack_logger - DEBUG - [syn_flood] [Run ID: 28435f8a-83d2-44cd-a805-59904a61a1f6] Timing factors - Circadian: 0.20, Workday: 0.06, Adjusted rate: 0.3 pps
2025-09-18 23:36:29,270 - attack_logger - INFO - [syn_flood] [Run ID: 28435f8a-83d2-44cd-a805-59904a61a1f6] Attack progress: 24.2s elapsed, ~5 packets sent, Rate: 0.2 pps, Phase: active (intensity: 0.80)
2025-09-18 23:36:29,270 - attack_logger - DEBUG - [syn_flood] [Run ID: 28435f8a-83d2-44cd-a805-59904a61a1f6] Process stats - CPU: 0.0%, Memory: 60.2MB
2025-09-18 23:36:29,270 - attack_logger - DEBUG - [syn_flood] [Run ID: 28435f8a-83d2-44cd-a805-59904a61a1f6] Timing factors - Circadian: 0.20, Workday: 0.06, Adjusted rate: 0.2 pps
2025-09-18 23:36:41,304 - attack_logger - INFO - [syn_flood] [Run ID: 28435f8a-83d2-44cd-a805-59904a61a1f6] Attack progress: 36.2s elapsed, ~7 packets sent, Rate: 0.2 pps, Phase: active (intensity: 0.80)
2025-09-18 23:36:41,304 - attack_logger - DEBUG - [syn_flood] [Run ID: 28435f8a-83d2-44cd-a805-59904a61a1f6] Process stats - CPU: 0.0%, Memory: 60.3MB
2025-09-18 23:36:41,305 - attack_logger - DEBUG - [syn_flood] [Run ID: 28435f8a-83d2-44cd-a805-59904a61a1f6] Timing factors - Circadian: 0.20, Workday: 0.06, Adjusted rate: 0.2 pps
2025-09-18 23:36:53,331 - attack_logger - INFO - [syn_flood] [Run ID: 28435f8a-83d2-44cd-a805-59904a61a1f6] Attack progress: 48.2s elapsed, ~10 packets sent, Rate: 0.2 pps, Phase: active (intensity: 0.80)
2025-09-18 23:36:53,331 - attack_logger - DEBUG - [syn_flood] [Run ID: 28435f8a-83d2-44cd-a805-59904a61a1f6] Process stats - CPU: 0.0%, Memory: 60.3MB
2025-09-18 23:36:53,331 - attack_logger - DEBUG - [syn_flood] [Run ID: 28435f8a-83d2-44cd-a805-59904a61a1f6] Timing factors - Circadian: 0.20, Workday: 0.06, Adjusted rate: 0.2 pps
2025-09-18 23:37:05,436 - attack_logger - INFO - [syn_flood] [Run ID: 28435f8a-83d2-44cd-a805-59904a61a1f6] Attack progress: 60.4s elapsed, ~12 packets sent, Rate: 0.2 pps, Phase: active (intensity: 0.80)
2025-09-18 23:37:05,436 - attack_logger - DEBUG - [syn_flood] [Run ID: 28435f8a-83d2-44cd-a805-59904a61a1f6] Process stats - CPU: 0.0%, Memory: 60.3MB
2025-09-18 23:37:05,436 - attack_logger - DEBUG - [syn_flood] [Run ID: 28435f8a-83d2-44cd-a805-59904a61a1f6] Timing factors - Circadian: 0.20, Workday: 0.06, Adjusted rate: 0.2 pps
2025-09-18 23:37:07,132 - attack_logger - DEBUG - [syn_flood] [Run ID: 28435f8a-83d2-44cd-a805-59904a61a1f6] Sent SIGINT to SYN flood process 127427
2025-09-18 23:37:07,634 - attack_logger - INFO - [syn_flood] [Run ID: 28435f8a-83d2-44cd-a805-59904a61a1f6] Enhanced SYN Flood from h1 to 192.168.30.10 finished.
2025-09-18 23:37:07,634 - attack_logger - INFO - [syn_flood] [Run ID: 28435f8a-83d2-44cd-a805-59904a61a1f6] Attack completed. Total packets sent = 21, Average rate = 0.34 packets/sec.
2025-09-18 23:37:07,634 - attack_logger - INFO - [syn_flood] [Run ID: 28435f8a-83d2-44cd-a805-59904a61a1f6] --- Enhanced Attack Summary ---
2025-09-18 23:37:07,634 - attack_logger - INFO - [syn_flood] [Run ID: 28435f8a-83d2-44cd-a805-59904a61a1f6] Total packets sent: 21
2025-09-18 23:37:07,634 - attack_logger - INFO - [syn_flood] [Run ID: 28435f8a-83d2-44cd-a805-59904a61a1f6] Actual duration: 62.05s
2025-09-18 23:37:07,634 - attack_logger - INFO - [syn_flood] [Run ID: 28435f8a-83d2-44cd-a805-59904a61a1f6] Average rate: 0.34 packets/sec
2025-09-18 23:37:07,634 - attack_logger - INFO - [syn_flood] [Run ID: 28435f8a-83d2-44cd-a805-59904a61a1f6] Base rate: 29.4 pps
2025-09-18 23:37:07,634 - attack_logger - INFO - [syn_flood] [Run ID: 28435f8a-83d2-44cd-a805-59904a61a1f6] Circadian factor: 0.20
2025-09-18 23:37:07,634 - attack_logger - INFO - [syn_flood] [Run ID: 28435f8a-83d2-44cd-a805-59904a61a1f6] Workday factor: 0.06
2025-09-18 23:37:07,634 - attack_logger - INFO - [syn_flood] [Run ID: 28435f8a-83d2-44cd-a805-59904a61a1f6] Session phases: 1
2025-09-18 23:37:07,634 - attack_logger - INFO - [syn_flood] [Run ID: 28435f8a-83d2-44cd-a805-59904a61a1f6] Target port: 80
2025-09-18 23:37:07,634 - attack_logger - INFO - [syn_flood] [Run ID: 28435f8a-83d2-44cd-a805-59904a61a1f6] Attack method: Enhanced SYN Flood with Human-like Timing
2025-09-18 23:37:07,634 - attack_logger - INFO - [syn_flood] [Run ID: 28435f8a-83d2-44cd-a805-59904a61a1f6] Enhancement features: Human timing patterns, protocol compliance, network delay simulation
2025-09-18 23:37:07,634 - attack_logger - INFO - [syn_flood] [Run ID: 28435f8a-83d2-44cd-a805-59904a61a1f6] TCP options: MSS, WScale, Timestamp, SAckOK
2025-09-18 23:37:07,634 - attack_logger - INFO - [syn_flood] [Run ID: 28435f8a-83d2-44cd-a805-59904a61a1f6] ----------------------------------------
2025-09-18 23:37:07,725 - attack_logger - INFO - Attack: Enhanced SYN Flood completed.
2025-09-18 23:37:07,725 - attack_logger - INFO - Attack: Enhanced UDP Flood (176s) | h1 -> h6
2025-09-18 23:37:10,239 - attack_logger - INFO - [udp_flood] [Run ID: 15800ece-9630-44c0-a89c-117c2d537342] Starting Enhanced UDP Flood from h1 to 192.168.30.10 for 176 seconds.
2025-09-18 23:37:10,239 - attack_logger - INFO - [udp_flood] [Run ID: 15800ece-9630-44c0-a89c-117c2d537342] Attack Phase: Enhanced Traditional UDP Flood - Attacker: h1, Target: 192.168.30.10:53, Duration: 176s
2025-09-18 23:37:10,240 - attack_logger - INFO - [udp_flood] [Run ID: 15800ece-9630-44c0-a89c-117c2d537342] Enhanced Features: Human-like timing, protocol compliance, network delay simulation
2025-09-18 23:37:10,240 - attack_logger - INFO - [udp_flood] [Run ID: 15800ece-9630-44c0-a89c-117c2d537342] Stress phase: 52s, Advanced phase: 124s
2025-09-18 23:38:02,855 - attack_logger - INFO - [udp_flood] [Run ID: 15800ece-9630-44c0-a89c-117c2d537342] Stress phase completed
2025-09-18 23:38:02,855 - attack_logger - INFO - [udp_flood] [Run ID: 15800ece-9630-44c0-a89c-117c2d537342] Session pattern: 3 phases, Circadian factor: 0.20, Workday factor: 0.06
2025-09-18 23:38:02,855 - attack_logger - DEBUG - [udp_flood] [Run ID: 15800ece-9630-44c0-a89c-117c2d537342] Starting enhanced UDP packet generation with human-like timing
2025-09-18 23:38:02,864 - attack_logger - INFO - [udp_flood] [Run ID: 15800ece-9630-44c0-a89c-117c2d537342] Enhanced UDP flood process started (PID: 127439)
2025-09-18 23:38:09,147 - attack_logger - DEBUG - [udp_flood] [Run ID: 15800ece-9630-44c0-a89c-117c2d537342] Entering active phase (intensity: 0.97)
2025-09-18 23:38:26,942 - attack_logger - INFO - [udp_flood] [Run ID: 15800ece-9630-44c0-a89c-117c2d537342] Attack progress: 24.1s elapsed, ~6 packets sent, Rate: 0.2 pps, Phase: active (intensity: 0.97)
2025-09-18 23:38:26,942 - attack_logger - DEBUG - [udp_flood] [Run ID: 15800ece-9630-44c0-a89c-117c2d537342] Process stats - CPU: 0.0%, Memory: 60.7MB
2025-09-18 23:38:26,942 - attack_logger - DEBUG - [udp_flood] [Run ID: 15800ece-9630-44c0-a89c-117c2d537342] Timing factors - Circadian: 0.20, Workday: 0.06, Adjusted rate: 0.3 pps
2025-09-18 23:38:50,949 - attack_logger - INFO - [udp_flood] [Run ID: 15800ece-9630-44c0-a89c-117c2d537342] Attack progress: 48.1s elapsed, ~14 packets sent, Rate: 0.3 pps, Phase: active (intensity: 0.97)
2025-09-18 23:38:50,949 - attack_logger - DEBUG - [udp_flood] [Run ID: 15800ece-9630-44c0-a89c-117c2d537342] Process stats - CPU: 0.0%, Memory: 60.7MB
2025-09-18 23:38:50,949 - attack_logger - DEBUG - [udp_flood] [Run ID: 15800ece-9630-44c0-a89c-117c2d537342] Timing factors - Circadian: 0.20, Workday: 0.06, Adjusted rate: 0.3 pps
2025-09-18 23:38:51,832 - attack_logger - DEBUG - [udp_flood] [Run ID: 15800ece-9630-44c0-a89c-117c2d537342] Entering active phase (intensity: 0.79)
2025-09-18 23:39:14,975 - attack_logger - INFO - [udp_flood] [Run ID: 15800ece-9630-44c0-a89c-117c2d537342] Attack progress: 72.1s elapsed, ~17 packets sent, Rate: 0.2 pps, Phase: active (intensity: 0.79)
2025-09-18 23:39:14,975 - attack_logger - DEBUG - [udp_flood] [Run ID: 15800ece-9630-44c0-a89c-117c2d537342] Process stats - CPU: 0.0%, Memory: 60.7MB
2025-09-18 23:39:14,975 - attack_logger - DEBUG - [udp_flood] [Run ID: 15800ece-9630-44c0-a89c-117c2d537342] Timing factors - Circadian: 0.20, Workday: 0.06, Adjusted rate: 0.2 pps
2025-09-18 23:39:38,986 - attack_logger - INFO - [udp_flood] [Run ID: 15800ece-9630-44c0-a89c-117c2d537342] Attack progress: 96.1s elapsed, ~27 packets sent, Rate: 0.3 pps, Phase: active (intensity: 0.79)
2025-09-18 23:39:38,986 - attack_logger - DEBUG - [udp_flood] [Run ID: 15800ece-9630-44c0-a89c-117c2d537342] Process stats - CPU: 0.0%, Memory: 60.7MB
2025-09-18 23:39:38,986 - attack_logger - DEBUG - [udp_flood] [Run ID: 15800ece-9630-44c0-a89c-117c2d537342] Timing factors - Circadian: 0.20, Workday: 0.06, Adjusted rate: 0.3 pps
2025-09-18 23:40:03,059 - attack_logger - INFO - [udp_flood] [Run ID: 15800ece-9630-44c0-a89c-117c2d537342] Attack progress: 120.2s elapsed, ~27 packets sent, Rate: 0.2 pps, Phase: active (intensity: 0.79)
2025-09-18 23:40:03,059 - attack_logger - DEBUG - [udp_flood] [Run ID: 15800ece-9630-44c0-a89c-117c2d537342] Process stats - CPU: 0.0%, Memory: 60.7MB
2025-09-18 23:40:03,059 - attack_logger - DEBUG - [udp_flood] [Run ID: 15800ece-9630-44c0-a89c-117c2d537342] Timing factors - Circadian: 0.20, Workday: 0.06, Adjusted rate: 0.2 pps
2025-09-18 23:40:06,905 - attack_logger - DEBUG - [udp_flood] [Run ID: 15800ece-9630-44c0-a89c-117c2d537342] Sent SIGINT to UDP flood process 127439
2025-09-18 23:40:07,413 - attack_logger - INFO - [udp_flood] [Run ID: 15800ece-9630-44c0-a89c-117c2d537342] Enhanced UDP Flood from h1 to 192.168.30.10 finished.
2025-09-18 23:40:07,413 - attack_logger - INFO - [udp_flood] [Run ID: 15800ece-9630-44c0-a89c-117c2d537342] Attack completed. Total packets sent = 42, Average rate = 0.34 packets/sec.
2025-09-18 23:40:07,413 - attack_logger - INFO - [udp_flood] [Run ID: 15800ece-9630-44c0-a89c-117c2d537342] --- Enhanced Attack Summary ---
2025-09-18 23:40:07,413 - attack_logger - INFO - [udp_flood] [Run ID: 15800ece-9630-44c0-a89c-117c2d537342] Total packets sent: 42
2025-09-18 23:40:07,413 - attack_logger - INFO - [udp_flood] [Run ID: 15800ece-9630-44c0-a89c-117c2d537342] Actual duration: 124.05s
2025-09-18 23:40:07,413 - attack_logger - INFO - [udp_flood] [Run ID: 15800ece-9630-44c0-a89c-117c2d537342] Average rate: 0.34 packets/sec
2025-09-18 23:40:07,413 - attack_logger - INFO - [udp_flood] [Run ID: 15800ece-9630-44c0-a89c-117c2d537342] Base rate: 28.7 pps
2025-09-18 23:40:07,413 - attack_logger - INFO - [udp_flood] [Run ID: 15800ece-9630-44c0-a89c-117c2d537342] Circadian factor: 0.20
2025-09-18 23:40:07,413 - attack_logger - INFO - [udp_flood] [Run ID: 15800ece-9630-44c0-a89c-117c2d537342] Workday factor: 0.06
2025-09-18 23:40:07,413 - attack_logger - INFO - [udp_flood] [Run ID: 15800ece-9630-44c0-a89c-117c2d537342] Session phases: 3
2025-09-18 23:40:07,414 - attack_logger - INFO - [udp_flood] [Run ID: 15800ece-9630-44c0-a89c-117c2d537342] Target port: 53 (DNS)
2025-09-18 23:40:07,414 - attack_logger - INFO - [udp_flood] [Run ID: 15800ece-9630-44c0-a89c-117c2d537342] Attack method: Enhanced UDP Flood with Human-like Timing
2025-09-18 23:40:07,414 - attack_logger - INFO - [udp_flood] [Run ID: 15800ece-9630-44c0-a89c-117c2d537342] Enhancement features: Human timing patterns, protocol compliance, network delay simulation
2025-09-18 23:40:07,414 - attack_logger - INFO - [udp_flood] [Run ID: 15800ece-9630-44c0-a89c-117c2d537342] DNS payloads: Realistic query patterns with varied domains
2025-09-18 23:40:07,414 - attack_logger - INFO - [udp_flood] [Run ID: 15800ece-9630-44c0-a89c-117c2d537342] ----------------------------------------
2025-09-18 23:40:07,553 - attack_logger - INFO - Attack: Enhanced UDP Flood completed.
2025-09-18 23:40:07,553 - attack_logger - INFO - Attack: Enhanced ICMP Flood (88s) | h1 -> h4
2025-09-18 23:40:10,077 - attack_logger - INFO - [icmp_flood] [Run ID: 9cbc64cc-a6f7-430a-bf4d-58458f4280ac] Starting Enhanced ICMP Flood with RFC 1918 IP Rotation from h1 to 192.168.20.12 for 88 seconds.
2025-09-18 23:40:10,078 - attack_logger - INFO - [icmp_flood] [Run ID: 9cbc64cc-a6f7-430a-bf4d-58458f4280ac] Attack Phase: Enhanced Traditional ICMP Flood - Attacker: h1, Target: 192.168.20.12, Duration: 88s
2025-09-18 23:40:10,078 - attack_logger - INFO - [icmp_flood] [Run ID: 9cbc64cc-a6f7-430a-bf4d-58458f4280ac] Enhanced Features: RFC 1918 IP rotation, human-like timing, protocol compliance, network delay simulation
2025-09-18 23:40:10,078 - attack_logger - INFO - [icmp_flood] [Run ID: 9cbc64cc-a6f7-430a-bf4d-58458f4280ac] IP Pool Size: 50 source IPs from RFC 1918 ranges (10.0.0.0/8, 172.16.0.0/12, 192.168.0.0/16)
2025-09-18 23:40:10,078 - attack_logger - INFO - [icmp_flood] [Run ID: 9cbc64cc-a6f7-430a-bf4d-58458f4280ac] Stress phase total: 26s (host: 13s, gateway: 13s), Advanced phase: 62s
2025-09-18 23:40:23,694 - attack_logger - INFO - [icmp_flood] [Run ID: 9cbc64cc-a6f7-430a-bf4d-58458f4280ac] Host stress sub-phase completed
2025-09-18 23:40:37,303 - attack_logger - INFO - [icmp_flood] [Run ID: 9cbc64cc-a6f7-430a-bf4d-58458f4280ac] Gateway stress sub-phase completed
2025-09-18 23:40:37,303 - attack_logger - INFO - [icmp_flood] [Run ID: 9cbc64cc-a6f7-430a-bf4d-58458f4280ac] Session pattern: 2 phases, Circadian factor: 0.20, Workday factor: 0.06
2025-09-18 23:40:37,303 - attack_logger - DEBUG - [icmp_flood] [Run ID: 9cbc64cc-a6f7-430a-bf4d-58458f4280ac] Starting enhanced ICMP packet generation with IP rotation and human-like timing
2025-09-18 23:40:37,312 - attack_logger - INFO - [icmp_flood] [Run ID: 9cbc64cc-a6f7-430a-bf4d-58458f4280ac] Enhanced ICMP flood with IP rotation process started (PID: 127457)
2025-09-18 23:40:49,421 - attack_logger - INFO - [icmp_flood] [Run ID: 9cbc64cc-a6f7-430a-bf4d-58458f4280ac] Attack progress: 12.1s elapsed, ~4 packets sent, Rate: 0.3 pps, IP rotations: ~0, Phase: active (intensity: 1.00)
2025-09-18 23:40:49,421 - attack_logger - DEBUG - [icmp_flood] [Run ID: 9cbc64cc-a6f7-430a-bf4d-58458f4280ac] Process stats - CPU: 0.0%, Memory: 60.7MB
2025-09-18 23:40:49,421 - attack_logger - DEBUG - [icmp_flood] [Run ID: 9cbc64cc-a6f7-430a-bf4d-58458f4280ac] Timing factors - Circadian: 0.20, Workday: 0.06, Adjusted rate: 0.3 pps
2025-09-18 23:41:01,511 - attack_logger - INFO - [icmp_flood] [Run ID: 9cbc64cc-a6f7-430a-bf4d-58458f4280ac] Attack progress: 24.2s elapsed, ~7 packets sent, Rate: 0.3 pps, IP rotations: ~0, Phase: active (intensity: 1.00)
2025-09-18 23:41:01,511 - attack_logger - DEBUG - [icmp_flood] [Run ID: 9cbc64cc-a6f7-430a-bf4d-58458f4280ac] Process stats - CPU: 0.0%, Memory: 60.8MB
2025-09-18 23:41:01,511 - attack_logger - DEBUG - [icmp_flood] [Run ID: 9cbc64cc-a6f7-430a-bf4d-58458f4280ac] Timing factors - Circadian: 0.20, Workday: 0.06, Adjusted rate: 0.3 pps
2025-09-18 23:41:13,543 - attack_logger - INFO - [icmp_flood] [Run ID: 9cbc64cc-a6f7-430a-bf4d-58458f4280ac] Attack progress: 36.2s elapsed, ~10 packets sent, Rate: 0.3 pps, IP rotations: ~0, Phase: active (intensity: 1.00)
2025-09-18 23:41:13,543 - attack_logger - DEBUG - [icmp_flood] [Run ID: 9cbc64cc-a6f7-430a-bf4d-58458f4280ac] Process stats - CPU: 0.0%, Memory: 60.8MB
2025-09-18 23:41:13,543 - attack_logger - DEBUG - [icmp_flood] [Run ID: 9cbc64cc-a6f7-430a-bf4d-58458f4280ac] Timing factors - Circadian: 0.20, Workday: 0.06, Adjusted rate: 0.3 pps
2025-09-18 23:41:24,796 - attack_logger - DEBUG - [icmp_flood] [Run ID: 9cbc64cc-a6f7-430a-bf4d-58458f4280ac] Entering active phase (intensity: 0.97)
2025-09-18 23:41:25,619 - attack_logger - INFO - [icmp_flood] [Run ID: 9cbc64cc-a6f7-430a-bf4d-58458f4280ac] Attack progress: 48.3s elapsed, ~14 packets sent, Rate: 0.3 pps, IP rotations: ~0, Phase: active (intensity: 0.97)
2025-09-18 23:41:25,619 - attack_logger - DEBUG - [icmp_flood] [Run ID: 9cbc64cc-a6f7-430a-bf4d-58458f4280ac] Process stats - CPU: 0.0%, Memory: 60.8MB
2025-09-18 23:41:25,619 - attack_logger - DEBUG - [icmp_flood] [Run ID: 9cbc64cc-a6f7-430a-bf4d-58458f4280ac] Timing factors - Circadian: 0.20, Workday: 0.06, Adjusted rate: 0.3 pps
2025-09-18 23:41:37,653 - attack_logger - INFO - [icmp_flood] [Run ID: 9cbc64cc-a6f7-430a-bf4d-58458f4280ac] Attack progress: 60.4s elapsed, ~16 packets sent, Rate: 0.3 pps, IP rotations: ~1, Phase: active (intensity: 0.97)
2025-09-18 23:41:37,653 - attack_logger - DEBUG - [icmp_flood] [Run ID: 9cbc64cc-a6f7-430a-bf4d-58458f4280ac] Process stats - CPU: 0.0%, Memory: 60.8MB
2025-09-18 23:41:37,653 - attack_logger - DEBUG - [icmp_flood] [Run ID: 9cbc64cc-a6f7-430a-bf4d-58458f4280ac] Timing factors - Circadian: 0.20, Workday: 0.06, Adjusted rate: 0.3 pps
2025-09-18 23:41:39,368 - attack_logger - DEBUG - [icmp_flood] [Run ID: 9cbc64cc-a6f7-430a-bf4d-58458f4280ac] Sent SIGINT to ICMP flood process 127457
2025-09-18 23:41:39,872 - attack_logger - INFO - [icmp_flood] [Run ID: 9cbc64cc-a6f7-430a-bf4d-58458f4280ac] Enhanced ICMP Flood with RFC 1918 IP Rotation from h1 to 192.168.20.12 finished.
2025-09-18 23:41:39,872 - attack_logger - INFO - [icmp_flood] [Run ID: 9cbc64cc-a6f7-430a-bf4d-58458f4280ac] Attack completed. Total packets sent = 16, Average rate = 0.26 packets/sec.
2025-09-18 23:41:39,872 - attack_logger - INFO - [icmp_flood] [Run ID: 9cbc64cc-a6f7-430a-bf4d-58458f4280ac] --- Enhanced Attack Summary ---
2025-09-18 23:41:39,872 - attack_logger - INFO - [icmp_flood] [Run ID: 9cbc64cc-a6f7-430a-bf4d-58458f4280ac] Total packets sent: 16
2025-09-18 23:41:39,872 - attack_logger - INFO - [icmp_flood] [Run ID: 9cbc64cc-a6f7-430a-bf4d-58458f4280ac] Total IP rotations: ~1
2025-09-18 23:41:39,872 - attack_logger - INFO - [icmp_flood] [Run ID: 9cbc64cc-a6f7-430a-bf4d-58458f4280ac] RFC 1918 IP pool size: 50
2025-09-18 23:41:39,872 - attack_logger - INFO - [icmp_flood] [Run ID: 9cbc64cc-a6f7-430a-bf4d-58458f4280ac] IP ranges used: 10.0.0.0/8, 172.16.0.0/12, 192.168.0.0/16
2025-09-18 23:41:39,872 - attack_logger - INFO - [icmp_flood] [Run ID: 9cbc64cc-a6f7-430a-bf4d-58458f4280ac] Actual duration: 62.07s
2025-09-18 23:41:39,872 - attack_logger - INFO - [icmp_flood] [Run ID: 9cbc64cc-a6f7-430a-bf4d-58458f4280ac] Average rate: 0.26 packets/sec
2025-09-18 23:41:39,872 - attack_logger - INFO - [icmp_flood] [Run ID: 9cbc64cc-a6f7-430a-bf4d-58458f4280ac] Base rate: 22.3 pps
2025-09-18 23:41:39,872 - attack_logger - INFO - [icmp_flood] [Run ID: 9cbc64cc-a6f7-430a-bf4d-58458f4280ac] Circadian factor: 0.20
2025-09-18 23:41:39,872 - attack_logger - INFO - [icmp_flood] [Run ID: 9cbc64cc-a6f7-430a-bf4d-58458f4280ac] Workday factor: 0.06
2025-09-18 23:41:39,872 - attack_logger - INFO - [icmp_flood] [Run ID: 9cbc64cc-a6f7-430a-bf4d-58458f4280ac] Session phases: 2
2025-09-18 23:41:39,872 - attack_logger - INFO - [icmp_flood] [Run ID: 9cbc64cc-a6f7-430a-bf4d-58458f4280ac] ICMP type: Echo Request (8) with ID/Seq variations
2025-09-18 23:41:39,872 - attack_logger - INFO - [icmp_flood] [Run ID: 9cbc64cc-a6f7-430a-bf4d-58458f4280ac] Attack method: Enhanced ICMP Flood with RFC 1918 IP Rotation
2025-09-18 23:41:39,873 - attack_logger - INFO - [icmp_flood] [Run ID: 9cbc64cc-a6f7-430a-bf4d-58458f4280ac] Enhancement features: RFC 1918 IP rotation, human timing patterns, protocol compliance, network delay simulation
2025-09-18 23:41:39,873 - attack_logger - INFO - [icmp_flood] [Run ID: 9cbc64cc-a6f7-430a-bf4d-58458f4280ac] ----------------------------------------
2025-09-18 23:41:39,931 - attack_logger - INFO - Attack: Enhanced ICMP Flood completed.
2025-09-18 23:41:40,442 - attack_logger - INFO - Attack: ENHANCED Adversarial TCP State Exhaustion (72s) | h1 -> h6
2025-09-18 23:42:55,679 - attack_logger - INFO - Attack: ENHANCED Adversarial Application Layer (24s) | h1 -> h6
2025-09-18 23:43:23,062 - attack_logger - INFO - Attack: ENHANCED Adversarial Slow Read (72s) | h1 -> h6
2025-09-18 23:44:38,376 - attack_logger - INFO - Attack: ENHANCED Adversarial Slow Read completed.
