2025-09-18 22:22:04,481 - attack_logger - INFO - Attack: Enhanced SYN Flood (88s) | h1 -> h6
2025-09-18 22:22:06,996 - attack_logger - INFO - [syn_flood] [Run ID: 5bea5485-b4be-4192-8610-7fbf6c052597] Starting Enhanced SYN Flood from h1 to 192.168.30.10 for 88 seconds.
2025-09-18 22:22:06,996 - attack_logger - INFO - [syn_flood] [Run ID: 5bea5485-b4be-4192-8610-7fbf6c052597] Attack Phase: Enhanced Traditional SYN Flood - Attacker: h1, Target: 192.168.30.10:80, Duration: 88s
2025-09-18 22:22:06,996 - attack_logger - INFO - [syn_flood] [Run ID: 5bea5485-b4be-4192-8610-7fbf6c052597] Enhanced Features: Human-like timing, protocol compliance, network delay simulation
2025-09-18 22:22:06,996 - attack_logger - INFO - [syn_flood] [Run ID: 5bea5485-b4be-4192-8610-7fbf6c052597] Session pattern: 4 phases, Circadian factor: 0.30, Workday factor: 0.30
2025-09-18 22:22:06,997 - attack_logger - DEBUG - [syn_flood] [Run ID: 5bea5485-b4be-4192-8610-7fbf6c052597] Starting enhanced SYN packet generation with human-like timing
2025-09-18 22:22:06,997 - attack_logger - INFO - [syn_flood] [Run ID: 5bea5485-b4be-4192-8610-7fbf6c052597] Stress phase: 26s, Advanced phase: 62s
2025-09-18 22:22:33,588 - attack_logger - INFO - [syn_flood] [Run ID: 5bea5485-b4be-4192-8610-7fbf6c052597] Stress phase completed
2025-09-18 22:22:33,597 - attack_logger - INFO - [syn_flood] [Run ID: 5bea5485-b4be-4192-8610-7fbf6c052597] Enhanced SYN flood process started (PID: 105573)
2025-09-18 22:22:45,654 - attack_logger - INFO - [syn_flood] [Run ID: 5bea5485-b4be-4192-8610-7fbf6c052597] Attack progress: 12.1s elapsed, ~5 packets sent, Rate: 0.4 pps, Phase: break (intensity: 0.20)
2025-09-18 22:22:45,654 - attack_logger - DEBUG - [syn_flood] [Run ID: 5bea5485-b4be-4192-8610-7fbf6c052597] Process stats - CPU: 0.0%, Memory: 60.6MB
2025-09-18 22:22:45,654 - attack_logger - DEBUG - [syn_flood] [Run ID: 5bea5485-b4be-4192-8610-7fbf6c052597] Timing factors - Circadian: 0.30, Workday: 0.30, Adjusted rate: 0.5 pps
2025-09-18 22:22:52,142 - attack_logger - DEBUG - [syn_flood] [Run ID: 5bea5485-b4be-4192-8610-7fbf6c052597] Entering break phase (intensity: 0.24)
2025-09-18 22:22:57,654 - attack_logger - INFO - [syn_flood] [Run ID: 5bea5485-b4be-4192-8610-7fbf6c052597] Attack progress: 24.1s elapsed, ~10 packets sent, Rate: 0.4 pps, Phase: break (intensity: 0.24)
2025-09-18 22:22:57,654 - attack_logger - DEBUG - [syn_flood] [Run ID: 5bea5485-b4be-4192-8610-7fbf6c052597] Process stats - CPU: 0.0%, Memory: 60.6MB
2025-09-18 22:22:57,655 - attack_logger - DEBUG - [syn_flood] [Run ID: 5bea5485-b4be-4192-8610-7fbf6c052597] Timing factors - Circadian: 0.30, Workday: 0.30, Adjusted rate: 0.5 pps
2025-09-18 22:23:09,084 - attack_logger - DEBUG - [syn_flood] [Run ID: 5bea5485-b4be-4192-8610-7fbf6c052597] Entering active phase (intensity: 0.91)
2025-09-18 22:23:09,679 - attack_logger - INFO - [syn_flood] [Run ID: 5bea5485-b4be-4192-8610-7fbf6c052597] Attack progress: 36.1s elapsed, ~86 packets sent, Rate: 2.4 pps, Phase: active (intensity: 0.91)
2025-09-18 22:23:09,679 - attack_logger - DEBUG - [syn_flood] [Run ID: 5bea5485-b4be-4192-8610-7fbf6c052597] Process stats - CPU: 0.0%, Memory: 60.7MB
2025-09-18 22:23:09,679 - attack_logger - DEBUG - [syn_flood] [Run ID: 5bea5485-b4be-4192-8610-7fbf6c052597] Timing factors - Circadian: 0.30, Workday: 0.30, Adjusted rate: 2.4 pps
2025-09-18 22:23:21,742 - attack_logger - INFO - [syn_flood] [Run ID: 5bea5485-b4be-4192-8610-7fbf6c052597] Attack progress: 48.2s elapsed, ~100 packets sent, Rate: 2.1 pps, Phase: active (intensity: 0.91)
2025-09-18 22:23:21,742 - attack_logger - DEBUG - [syn_flood] [Run ID: 5bea5485-b4be-4192-8610-7fbf6c052597] Process stats - CPU: 0.0%, Memory: 60.7MB
2025-09-18 22:23:21,742 - attack_logger - DEBUG - [syn_flood] [Run ID: 5bea5485-b4be-4192-8610-7fbf6c052597] Timing factors - Circadian: 0.30, Workday: 0.30, Adjusted rate: 2.1 pps
2025-09-18 22:23:33,759 - attack_logger - INFO - [syn_flood] [Run ID: 5bea5485-b4be-4192-8610-7fbf6c052597] Attack progress: 60.2s elapsed, ~128 packets sent, Rate: 2.1 pps, Phase: active (intensity: 0.91)
2025-09-18 22:23:33,759 - attack_logger - DEBUG - [syn_flood] [Run ID: 5bea5485-b4be-4192-8610-7fbf6c052597] Process stats - CPU: 0.0%, Memory: 60.7MB
2025-09-18 22:23:33,759 - attack_logger - DEBUG - [syn_flood] [Run ID: 5bea5485-b4be-4192-8610-7fbf6c052597] Timing factors - Circadian: 0.30, Workday: 0.30, Adjusted rate: 2.1 pps
2025-09-18 22:23:35,649 - attack_logger - DEBUG - [syn_flood] [Run ID: 5bea5485-b4be-4192-8610-7fbf6c052597] Sent SIGINT to SYN flood process 105573
2025-09-18 22:23:36,150 - attack_logger - INFO - [syn_flood] [Run ID: 5bea5485-b4be-4192-8610-7fbf6c052597] Enhanced SYN Flood from h1 to 192.168.30.10 finished.
2025-09-18 22:23:36,150 - attack_logger - INFO - [syn_flood] [Run ID: 5bea5485-b4be-4192-8610-7fbf6c052597] Attack completed. Total packets sent = 156, Average rate = 2.51 packets/sec.
2025-09-18 22:23:36,150 - attack_logger - INFO - [syn_flood] [Run ID: 5bea5485-b4be-4192-8610-7fbf6c052597] --- Enhanced Attack Summary ---
2025-09-18 22:23:36,150 - attack_logger - INFO - [syn_flood] [Run ID: 5bea5485-b4be-4192-8610-7fbf6c052597] Total packets sent: 156
2025-09-18 22:23:36,150 - attack_logger - INFO - [syn_flood] [Run ID: 5bea5485-b4be-4192-8610-7fbf6c052597] Actual duration: 62.06s
2025-09-18 22:23:36,150 - attack_logger - INFO - [syn_flood] [Run ID: 5bea5485-b4be-4192-8610-7fbf6c052597] Average rate: 2.51 packets/sec
2025-09-18 22:23:36,150 - attack_logger - INFO - [syn_flood] [Run ID: 5bea5485-b4be-4192-8610-7fbf6c052597] Base rate: 28.0 pps
2025-09-18 22:23:36,150 - attack_logger - INFO - [syn_flood] [Run ID: 5bea5485-b4be-4192-8610-7fbf6c052597] Circadian factor: 0.30
2025-09-18 22:23:36,150 - attack_logger - INFO - [syn_flood] [Run ID: 5bea5485-b4be-4192-8610-7fbf6c052597] Workday factor: 0.30
2025-09-18 22:23:36,150 - attack_logger - INFO - [syn_flood] [Run ID: 5bea5485-b4be-4192-8610-7fbf6c052597] Session phases: 4
2025-09-18 22:23:36,150 - attack_logger - INFO - [syn_flood] [Run ID: 5bea5485-b4be-4192-8610-7fbf6c052597] Target port: 80
2025-09-18 22:23:36,150 - attack_logger - INFO - [syn_flood] [Run ID: 5bea5485-b4be-4192-8610-7fbf6c052597] Attack method: Enhanced SYN Flood with Human-like Timing
2025-09-18 22:23:36,150 - attack_logger - INFO - [syn_flood] [Run ID: 5bea5485-b4be-4192-8610-7fbf6c052597] Enhancement features: Human timing patterns, protocol compliance, network delay simulation
2025-09-18 22:23:36,150 - attack_logger - INFO - [syn_flood] [Run ID: 5bea5485-b4be-4192-8610-7fbf6c052597] TCP options: MSS, WScale, Timestamp, SAckOK
2025-09-18 22:23:36,150 - attack_logger - INFO - [syn_flood] [Run ID: 5bea5485-b4be-4192-8610-7fbf6c052597] ----------------------------------------
2025-09-18 22:23:36,218 - attack_logger - INFO - Attack: Enhanced SYN Flood completed.
2025-09-18 22:23:36,218 - attack_logger - INFO - Attack: Enhanced UDP Flood (176s) | h1 -> h6
2025-09-18 22:23:38,731 - attack_logger - INFO - [udp_flood] [Run ID: e2d207b2-0a8f-4f82-9b35-3c1b895678b8] Starting Enhanced UDP Flood from h1 to 192.168.30.10 for 176 seconds.
2025-09-18 22:23:38,731 - attack_logger - INFO - [udp_flood] [Run ID: e2d207b2-0a8f-4f82-9b35-3c1b895678b8] Attack Phase: Enhanced Traditional UDP Flood - Attacker: h1, Target: 192.168.30.10:53, Duration: 176s
2025-09-18 22:23:38,731 - attack_logger - INFO - [udp_flood] [Run ID: e2d207b2-0a8f-4f82-9b35-3c1b895678b8] Enhanced Features: Human-like timing, protocol compliance, network delay simulation
2025-09-18 22:23:38,731 - attack_logger - INFO - [udp_flood] [Run ID: e2d207b2-0a8f-4f82-9b35-3c1b895678b8] Stress phase: 52s, Advanced phase: 124s
2025-09-18 22:24:31,409 - attack_logger - INFO - [udp_flood] [Run ID: e2d207b2-0a8f-4f82-9b35-3c1b895678b8] Stress phase completed
2025-09-18 22:24:31,410 - attack_logger - INFO - [udp_flood] [Run ID: e2d207b2-0a8f-4f82-9b35-3c1b895678b8] Session pattern: 1 phases, Circadian factor: 0.30, Workday factor: 0.30
2025-09-18 22:24:31,410 - attack_logger - DEBUG - [udp_flood] [Run ID: e2d207b2-0a8f-4f82-9b35-3c1b895678b8] Starting enhanced UDP packet generation with human-like timing
2025-09-18 22:24:31,421 - attack_logger - INFO - [udp_flood] [Run ID: e2d207b2-0a8f-4f82-9b35-3c1b895678b8] Enhanced UDP flood process started (PID: 105589)
2025-09-18 22:24:55,439 - attack_logger - INFO - [udp_flood] [Run ID: e2d207b2-0a8f-4f82-9b35-3c1b895678b8] Attack progress: 24.0s elapsed, ~44 packets sent, Rate: 1.8 pps, Phase: active (intensity: 0.79)
2025-09-18 22:24:55,439 - attack_logger - DEBUG - [udp_flood] [Run ID: e2d207b2-0a8f-4f82-9b35-3c1b895678b8] Process stats - CPU: 0.0%, Memory: 60.6MB
2025-09-18 22:24:55,439 - attack_logger - DEBUG - [udp_flood] [Run ID: e2d207b2-0a8f-4f82-9b35-3c1b895678b8] Timing factors - Circadian: 0.30, Workday: 0.30, Adjusted rate: 1.8 pps
2025-09-18 22:25:19,536 - attack_logger - INFO - [udp_flood] [Run ID: e2d207b2-0a8f-4f82-9b35-3c1b895678b8] Attack progress: 48.1s elapsed, ~69 packets sent, Rate: 1.4 pps, Phase: active (intensity: 0.79)
2025-09-18 22:25:19,537 - attack_logger - DEBUG - [udp_flood] [Run ID: e2d207b2-0a8f-4f82-9b35-3c1b895678b8] Process stats - CPU: 0.0%, Memory: 60.6MB
2025-09-18 22:25:19,537 - attack_logger - DEBUG - [udp_flood] [Run ID: e2d207b2-0a8f-4f82-9b35-3c1b895678b8] Timing factors - Circadian: 0.30, Workday: 0.30, Adjusted rate: 1.5 pps
2025-09-18 22:25:43,619 - attack_logger - INFO - [udp_flood] [Run ID: e2d207b2-0a8f-4f82-9b35-3c1b895678b8] Attack progress: 72.2s elapsed, ~127 packets sent, Rate: 1.8 pps, Phase: active (intensity: 0.79)
2025-09-18 22:25:43,619 - attack_logger - DEBUG - [udp_flood] [Run ID: e2d207b2-0a8f-4f82-9b35-3c1b895678b8] Process stats - CPU: 0.0%, Memory: 60.6MB
2025-09-18 22:25:43,619 - attack_logger - DEBUG - [udp_flood] [Run ID: e2d207b2-0a8f-4f82-9b35-3c1b895678b8] Timing factors - Circadian: 0.30, Workday: 0.30, Adjusted rate: 1.8 pps
2025-09-18 22:26:07,659 - attack_logger - INFO - [udp_flood] [Run ID: e2d207b2-0a8f-4f82-9b35-3c1b895678b8] Attack progress: 96.2s elapsed, ~198 packets sent, Rate: 2.1 pps, Phase: active (intensity: 0.79)
2025-09-18 22:26:07,659 - attack_logger - DEBUG - [udp_flood] [Run ID: e2d207b2-0a8f-4f82-9b35-3c1b895678b8] Process stats - CPU: 0.0%, Memory: 60.6MB
2025-09-18 22:26:07,659 - attack_logger - DEBUG - [udp_flood] [Run ID: e2d207b2-0a8f-4f82-9b35-3c1b895678b8] Timing factors - Circadian: 0.30, Workday: 0.30, Adjusted rate: 2.1 pps
2025-09-18 22:26:31,685 - attack_logger - INFO - [udp_flood] [Run ID: e2d207b2-0a8f-4f82-9b35-3c1b895678b8] Attack progress: 120.3s elapsed, ~184 packets sent, Rate: 1.5 pps, Phase: active (intensity: 0.79)
2025-09-18 22:26:31,685 - attack_logger - DEBUG - [udp_flood] [Run ID: e2d207b2-0a8f-4f82-9b35-3c1b895678b8] Process stats - CPU: 0.0%, Memory: 60.6MB
2025-09-18 22:26:31,686 - attack_logger - DEBUG - [udp_flood] [Run ID: e2d207b2-0a8f-4f82-9b35-3c1b895678b8] Timing factors - Circadian: 0.30, Workday: 0.30, Adjusted rate: 1.5 pps
2025-09-18 22:26:35,481 - attack_logger - DEBUG - [udp_flood] [Run ID: e2d207b2-0a8f-4f82-9b35-3c1b895678b8] Sent SIGINT to UDP flood process 105589
2025-09-18 22:26:35,982 - attack_logger - INFO - [udp_flood] [Run ID: e2d207b2-0a8f-4f82-9b35-3c1b895678b8] Enhanced UDP Flood from h1 to 192.168.30.10 finished.
2025-09-18 22:26:35,983 - attack_logger - INFO - [udp_flood] [Run ID: e2d207b2-0a8f-4f82-9b35-3c1b895678b8] Attack completed. Total packets sent = 294, Average rate = 2.37 packets/sec.
2025-09-18 22:26:35,983 - attack_logger - INFO - [udp_flood] [Run ID: e2d207b2-0a8f-4f82-9b35-3c1b895678b8] --- Enhanced Attack Summary ---
2025-09-18 22:26:35,983 - attack_logger - INFO - [udp_flood] [Run ID: e2d207b2-0a8f-4f82-9b35-3c1b895678b8] Total packets sent: 294
2025-09-18 22:26:35,983 - attack_logger - INFO - [udp_flood] [Run ID: e2d207b2-0a8f-4f82-9b35-3c1b895678b8] Actual duration: 124.07s
2025-09-18 22:26:35,983 - attack_logger - INFO - [udp_flood] [Run ID: e2d207b2-0a8f-4f82-9b35-3c1b895678b8] Average rate: 2.37 packets/sec
2025-09-18 22:26:35,983 - attack_logger - INFO - [udp_flood] [Run ID: e2d207b2-0a8f-4f82-9b35-3c1b895678b8] Base rate: 26.4 pps
2025-09-18 22:26:35,983 - attack_logger - INFO - [udp_flood] [Run ID: e2d207b2-0a8f-4f82-9b35-3c1b895678b8] Circadian factor: 0.30
2025-09-18 22:26:35,983 - attack_logger - INFO - [udp_flood] [Run ID: e2d207b2-0a8f-4f82-9b35-3c1b895678b8] Workday factor: 0.30
2025-09-18 22:26:35,983 - attack_logger - INFO - [udp_flood] [Run ID: e2d207b2-0a8f-4f82-9b35-3c1b895678b8] Session phases: 1
2025-09-18 22:26:35,983 - attack_logger - INFO - [udp_flood] [Run ID: e2d207b2-0a8f-4f82-9b35-3c1b895678b8] Target port: 53 (DNS)
2025-09-18 22:26:35,983 - attack_logger - INFO - [udp_flood] [Run ID: e2d207b2-0a8f-4f82-9b35-3c1b895678b8] Attack method: Enhanced UDP Flood with Human-like Timing
2025-09-18 22:26:35,983 - attack_logger - INFO - [udp_flood] [Run ID: e2d207b2-0a8f-4f82-9b35-3c1b895678b8] Enhancement features: Human timing patterns, protocol compliance, network delay simulation
2025-09-18 22:26:35,983 - attack_logger - INFO - [udp_flood] [Run ID: e2d207b2-0a8f-4f82-9b35-3c1b895678b8] DNS payloads: Realistic query patterns with varied domains
2025-09-18 22:26:35,983 - attack_logger - INFO - [udp_flood] [Run ID: e2d207b2-0a8f-4f82-9b35-3c1b895678b8] ----------------------------------------
2025-09-18 22:26:36,018 - attack_logger - INFO - Attack: Enhanced UDP Flood completed.
2025-09-18 22:26:36,018 - attack_logger - INFO - Attack: Enhanced ICMP Flood (88s) | h1 -> h4
2025-09-18 22:26:38,532 - attack_logger - INFO - [icmp_flood] [Run ID: d47252c5-9eea-407b-8d2a-486fa9b30275] Starting Enhanced ICMP Flood with RFC 1918 IP Rotation from h1 to 192.168.20.12 for 88 seconds.
2025-09-18 22:26:38,532 - attack_logger - INFO - [icmp_flood] [Run ID: d47252c5-9eea-407b-8d2a-486fa9b30275] Attack Phase: Enhanced Traditional ICMP Flood - Attacker: h1, Target: 192.168.20.12, Duration: 88s
2025-09-18 22:26:38,533 - attack_logger - INFO - [icmp_flood] [Run ID: d47252c5-9eea-407b-8d2a-486fa9b30275] Enhanced Features: RFC 1918 IP rotation, human-like timing, protocol compliance, network delay simulation
2025-09-18 22:26:38,533 - attack_logger - INFO - [icmp_flood] [Run ID: d47252c5-9eea-407b-8d2a-486fa9b30275] IP Pool Size: 50 source IPs from RFC 1918 ranges (10.0.0.0/8, 172.16.0.0/12, 192.168.0.0/16)
2025-09-18 22:26:38,533 - attack_logger - INFO - [icmp_flood] [Run ID: d47252c5-9eea-407b-8d2a-486fa9b30275] Stress phase total: 26s (host: 13s, gateway: 13s), Advanced phase: 62s
2025-09-18 22:26:52,142 - attack_logger - INFO - [icmp_flood] [Run ID: d47252c5-9eea-407b-8d2a-486fa9b30275] Host stress sub-phase completed
2025-09-18 22:27:05,765 - attack_logger - INFO - [icmp_flood] [Run ID: d47252c5-9eea-407b-8d2a-486fa9b30275] Gateway stress sub-phase completed
2025-09-18 22:27:05,765 - attack_logger - INFO - [icmp_flood] [Run ID: d47252c5-9eea-407b-8d2a-486fa9b30275] Session pattern: 1 phases, Circadian factor: 0.30, Workday factor: 0.30
2025-09-18 22:27:05,765 - attack_logger - DEBUG - [icmp_flood] [Run ID: d47252c5-9eea-407b-8d2a-486fa9b30275] Starting enhanced ICMP packet generation with IP rotation and human-like timing
2025-09-18 22:27:05,774 - attack_logger - INFO - [icmp_flood] [Run ID: d47252c5-9eea-407b-8d2a-486fa9b30275] Enhanced ICMP flood with IP rotation process started (PID: 105607)
2025-09-18 22:27:17,867 - attack_logger - INFO - [icmp_flood] [Run ID: d47252c5-9eea-407b-8d2a-486fa9b30275] Attack progress: 12.1s elapsed, ~21 packets sent, Rate: 1.7 pps, IP rotations: ~1, Phase: active (intensity: 0.88)
2025-09-18 22:27:17,867 - attack_logger - DEBUG - [icmp_flood] [Run ID: d47252c5-9eea-407b-8d2a-486fa9b30275] Process stats - CPU: 0.0%, Memory: 60.3MB
2025-09-18 22:27:17,868 - attack_logger - DEBUG - [icmp_flood] [Run ID: d47252c5-9eea-407b-8d2a-486fa9b30275] Timing factors - Circadian: 0.30, Workday: 0.30, Adjusted rate: 1.7 pps
2025-09-18 22:27:29,919 - attack_logger - INFO - [icmp_flood] [Run ID: d47252c5-9eea-407b-8d2a-486fa9b30275] Attack progress: 24.2s elapsed, ~53 packets sent, Rate: 2.2 pps, IP rotations: ~3, Phase: active (intensity: 0.88)
2025-09-18 22:27:29,919 - attack_logger - DEBUG - [icmp_flood] [Run ID: d47252c5-9eea-407b-8d2a-486fa9b30275] Process stats - CPU: 0.0%, Memory: 60.4MB
2025-09-18 22:27:29,919 - attack_logger - DEBUG - [icmp_flood] [Run ID: d47252c5-9eea-407b-8d2a-486fa9b30275] Timing factors - Circadian: 0.30, Workday: 0.30, Adjusted rate: 2.2 pps
2025-09-18 22:27:41,949 - attack_logger - INFO - [icmp_flood] [Run ID: d47252c5-9eea-407b-8d2a-486fa9b30275] Attack progress: 36.2s elapsed, ~76 packets sent, Rate: 2.1 pps, IP rotations: ~5, Phase: active (intensity: 0.88)
2025-09-18 22:27:41,950 - attack_logger - DEBUG - [icmp_flood] [Run ID: d47252c5-9eea-407b-8d2a-486fa9b30275] Process stats - CPU: 0.0%, Memory: 60.4MB
2025-09-18 22:27:41,950 - attack_logger - DEBUG - [icmp_flood] [Run ID: d47252c5-9eea-407b-8d2a-486fa9b30275] Timing factors - Circadian: 0.30, Workday: 0.30, Adjusted rate: 2.1 pps
2025-09-18 22:27:53,989 - attack_logger - INFO - [icmp_flood] [Run ID: d47252c5-9eea-407b-8d2a-486fa9b30275] Attack progress: 48.2s elapsed, ~79 packets sent, Rate: 1.6 pps, IP rotations: ~5, Phase: active (intensity: 0.88)
2025-09-18 22:27:53,990 - attack_logger - DEBUG - [icmp_flood] [Run ID: d47252c5-9eea-407b-8d2a-486fa9b30275] Process stats - CPU: 0.0%, Memory: 60.4MB
2025-09-18 22:27:53,990 - attack_logger - DEBUG - [icmp_flood] [Run ID: d47252c5-9eea-407b-8d2a-486fa9b30275] Timing factors - Circadian: 0.30, Workday: 0.30, Adjusted rate: 1.6 pps
2025-09-18 22:28:06,052 - attack_logger - INFO - [icmp_flood] [Run ID: d47252c5-9eea-407b-8d2a-486fa9b30275] Attack progress: 60.3s elapsed, ~115 packets sent, Rate: 1.9 pps, IP rotations: ~7, Phase: active (intensity: 0.88)
2025-09-18 22:28:06,052 - attack_logger - DEBUG - [icmp_flood] [Run ID: d47252c5-9eea-407b-8d2a-486fa9b30275] Process stats - CPU: 0.0%, Memory: 60.4MB
2025-09-18 22:28:06,052 - attack_logger - DEBUG - [icmp_flood] [Run ID: d47252c5-9eea-407b-8d2a-486fa9b30275] Timing factors - Circadian: 0.30, Workday: 0.30, Adjusted rate: 1.9 pps
2025-09-18 22:28:07,831 - attack_logger - DEBUG - [icmp_flood] [Run ID: d47252c5-9eea-407b-8d2a-486fa9b30275] Sent SIGINT to ICMP flood process 105607
2025-09-18 22:28:08,332 - attack_logger - INFO - [icmp_flood] [Run ID: d47252c5-9eea-407b-8d2a-486fa9b30275] Enhanced ICMP Flood with RFC 1918 IP Rotation from h1 to 192.168.20.12 finished.
2025-09-18 22:28:08,332 - attack_logger - INFO - [icmp_flood] [Run ID: d47252c5-9eea-407b-8d2a-486fa9b30275] Attack completed. Total packets sent = 148, Average rate = 2.38 packets/sec.
2025-09-18 22:28:08,332 - attack_logger - INFO - [icmp_flood] [Run ID: d47252c5-9eea-407b-8d2a-486fa9b30275] --- Enhanced Attack Summary ---
2025-09-18 22:28:08,332 - attack_logger - INFO - [icmp_flood] [Run ID: d47252c5-9eea-407b-8d2a-486fa9b30275] Total packets sent: 148
2025-09-18 22:28:08,332 - attack_logger - INFO - [icmp_flood] [Run ID: d47252c5-9eea-407b-8d2a-486fa9b30275] Total IP rotations: ~9
2025-09-18 22:28:08,332 - attack_logger - INFO - [icmp_flood] [Run ID: d47252c5-9eea-407b-8d2a-486fa9b30275] RFC 1918 IP pool size: 50
2025-09-18 22:28:08,332 - attack_logger - INFO - [icmp_flood] [Run ID: d47252c5-9eea-407b-8d2a-486fa9b30275] IP ranges used: 10.0.0.0/8, 172.16.0.0/12, 192.168.0.0/16
2025-09-18 22:28:08,332 - attack_logger - INFO - [icmp_flood] [Run ID: d47252c5-9eea-407b-8d2a-486fa9b30275] Actual duration: 62.07s
2025-09-18 22:28:08,332 - attack_logger - INFO - [icmp_flood] [Run ID: d47252c5-9eea-407b-8d2a-486fa9b30275] Average rate: 2.38 packets/sec
2025-09-18 22:28:08,332 - attack_logger - INFO - [icmp_flood] [Run ID: d47252c5-9eea-407b-8d2a-486fa9b30275] Base rate: 26.7 pps
2025-09-18 22:28:08,332 - attack_logger - INFO - [icmp_flood] [Run ID: d47252c5-9eea-407b-8d2a-486fa9b30275] Circadian factor: 0.30
2025-09-18 22:28:08,332 - attack_logger - INFO - [icmp_flood] [Run ID: d47252c5-9eea-407b-8d2a-486fa9b30275] Workday factor: 0.30
2025-09-18 22:28:08,332 - attack_logger - INFO - [icmp_flood] [Run ID: d47252c5-9eea-407b-8d2a-486fa9b30275] Session phases: 1
2025-09-18 22:28:08,332 - attack_logger - INFO - [icmp_flood] [Run ID: d47252c5-9eea-407b-8d2a-486fa9b30275] ICMP type: Echo Request (8) with ID/Seq variations
2025-09-18 22:28:08,332 - attack_logger - INFO - [icmp_flood] [Run ID: d47252c5-9eea-407b-8d2a-486fa9b30275] Attack method: Enhanced ICMP Flood with RFC 1918 IP Rotation
2025-09-18 22:28:08,332 - attack_logger - INFO - [icmp_flood] [Run ID: d47252c5-9eea-407b-8d2a-486fa9b30275] Enhancement features: RFC 1918 IP rotation, human timing patterns, protocol compliance, network delay simulation
2025-09-18 22:28:08,332 - attack_logger - INFO - [icmp_flood] [Run ID: d47252c5-9eea-407b-8d2a-486fa9b30275] ----------------------------------------
2025-09-18 22:28:08,400 - attack_logger - INFO - Attack: Enhanced ICMP Flood completed.
2025-09-18 22:28:08,909 - attack_logger - INFO - Attack: ENHANCED Adversarial TCP State Exhaustion (72s) | h1 -> h6
2025-09-18 22:29:24,104 - attack_logger - INFO - Attack: ENHANCED Adversarial Application Layer (24s) | h1 -> h6
2025-09-18 22:29:51,360 - attack_logger - INFO - Attack: ENHANCED Adversarial Slow Read (72s) | h1 -> h6
2025-09-18 22:31:06,647 - attack_logger - INFO - Attack: ENHANCED Adversarial Slow Read completed.
