2025-09-12 17:19:08,389 - attack_logger - INFO - Attack: Enhanced SYN Flood (11s) | h1 -> h6
2025-09-12 17:19:10,907 - attack_logger - INFO - [syn_flood] [Run ID: 3e86594d-07a8-4428-a1d0-44cdeb24a35b] Starting Enhanced SYN Flood from h1 to 192.168.30.10 for 11 seconds.
2025-09-12 17:19:10,907 - attack_logger - INFO - [syn_flood] [Run ID: 3e86594d-07a8-4428-a1d0-44cdeb24a35b] Attack Phase: Enhanced Traditional SYN Flood - Attacker: h1, Target: 192.168.30.10:80, Duration: 11s
2025-09-12 17:19:10,908 - attack_logger - INFO - [syn_flood] [Run ID: 3e86594d-07a8-4428-a1d0-44cdeb24a35b] Enhanced Features: Human-like timing, protocol compliance, network delay simulation
2025-09-12 17:19:10,908 - attack_logger - INFO - [syn_flood] [Run ID: 3e86594d-07a8-4428-a1d0-44cdeb24a35b] Session pattern: 1 phases, Circadian factor: 0.80, Workday factor: 0.96
2025-09-12 17:19:10,908 - attack_logger - DEBUG - [syn_flood] [Run ID: 3e86594d-07a8-4428-a1d0-44cdeb24a35b] Starting enhanced SYN packet generation with human-like timing
2025-09-12 17:19:10,908 - attack_logger - INFO - [syn_flood] [Run ID: 3e86594d-07a8-4428-a1d0-44cdeb24a35b] Stress phase: 3s, Advanced phase: 8s
2025-09-12 17:19:14,488 - attack_logger - INFO - [syn_flood] [Run ID: 3e86594d-07a8-4428-a1d0-44cdeb24a35b] Stress phase completed
2025-09-12 17:19:14,496 - attack_logger - INFO - [syn_flood] [Run ID: 3e86594d-07a8-4428-a1d0-44cdeb24a35b] Enhanced SYN flood process started (PID: 110497)
2025-09-12 17:19:15,607 - attack_logger - INFO - [syn_flood] [Run ID: 3e86594d-07a8-4428-a1d0-44cdeb24a35b] Attack progress: 1.1s elapsed, ~16 packets sent, Rate: 14.3 pps, Phase: active (intensity: 0.91)
2025-09-12 17:19:15,607 - attack_logger - DEBUG - [syn_flood] [Run ID: 3e86594d-07a8-4428-a1d0-44cdeb24a35b] Process stats - CPU: 0.0%, Memory: 60.0MB
2025-09-12 17:19:15,607 - attack_logger - DEBUG - [syn_flood] [Run ID: 3e86594d-07a8-4428-a1d0-44cdeb24a35b] Timing factors - Circadian: 0.80, Workday: 0.96, Adjusted rate: 14.7 pps
2025-09-12 17:19:16,619 - attack_logger - INFO - [syn_flood] [Run ID: 3e86594d-07a8-4428-a1d0-44cdeb24a35b] Attack progress: 2.1s elapsed, ~40 packets sent, Rate: 18.8 pps, Phase: active (intensity: 0.91)
2025-09-12 17:19:16,619 - attack_logger - DEBUG - [syn_flood] [Run ID: 3e86594d-07a8-4428-a1d0-44cdeb24a35b] Process stats - CPU: 0.0%, Memory: 60.2MB
2025-09-12 17:19:16,619 - attack_logger - DEBUG - [syn_flood] [Run ID: 3e86594d-07a8-4428-a1d0-44cdeb24a35b] Timing factors - Circadian: 0.80, Workday: 0.96, Adjusted rate: 18.8 pps
2025-09-12 17:19:17,644 - attack_logger - INFO - [syn_flood] [Run ID: 3e86594d-07a8-4428-a1d0-44cdeb24a35b] Attack progress: 3.2s elapsed, ~49 packets sent, Rate: 15.5 pps, Phase: active (intensity: 0.91)
2025-09-12 17:19:17,644 - attack_logger - DEBUG - [syn_flood] [Run ID: 3e86594d-07a8-4428-a1d0-44cdeb24a35b] Process stats - CPU: 0.0%, Memory: 60.2MB
2025-09-12 17:19:17,644 - attack_logger - DEBUG - [syn_flood] [Run ID: 3e86594d-07a8-4428-a1d0-44cdeb24a35b] Timing factors - Circadian: 0.80, Workday: 0.96, Adjusted rate: 15.7 pps
2025-09-12 17:19:18,709 - attack_logger - INFO - [syn_flood] [Run ID: 3e86594d-07a8-4428-a1d0-44cdeb24a35b] Attack progress: 4.2s elapsed, ~82 packets sent, Rate: 19.4 pps, Phase: active (intensity: 0.91)
2025-09-12 17:19:18,709 - attack_logger - DEBUG - [syn_flood] [Run ID: 3e86594d-07a8-4428-a1d0-44cdeb24a35b] Process stats - CPU: 0.0%, Memory: 60.2MB
2025-09-12 17:19:18,709 - attack_logger - DEBUG - [syn_flood] [Run ID: 3e86594d-07a8-4428-a1d0-44cdeb24a35b] Timing factors - Circadian: 0.80, Workday: 0.96, Adjusted rate: 19.6 pps
2025-09-12 17:19:19,731 - attack_logger - INFO - [syn_flood] [Run ID: 3e86594d-07a8-4428-a1d0-44cdeb24a35b] Attack progress: 5.2s elapsed, ~94 packets sent, Rate: 17.9 pps, Phase: active (intensity: 0.91)
2025-09-12 17:19:19,731 - attack_logger - DEBUG - [syn_flood] [Run ID: 3e86594d-07a8-4428-a1d0-44cdeb24a35b] Process stats - CPU: 0.0%, Memory: 60.2MB
2025-09-12 17:19:19,731 - attack_logger - DEBUG - [syn_flood] [Run ID: 3e86594d-07a8-4428-a1d0-44cdeb24a35b] Timing factors - Circadian: 0.80, Workday: 0.96, Adjusted rate: 18.1 pps
2025-09-12 17:19:20,766 - attack_logger - INFO - [syn_flood] [Run ID: 3e86594d-07a8-4428-a1d0-44cdeb24a35b] Attack progress: 6.3s elapsed, ~108 packets sent, Rate: 17.2 pps, Phase: active (intensity: 0.91)
2025-09-12 17:19:20,766 - attack_logger - DEBUG - [syn_flood] [Run ID: 3e86594d-07a8-4428-a1d0-44cdeb24a35b] Process stats - CPU: 0.0%, Memory: 60.2MB
2025-09-12 17:19:20,766 - attack_logger - DEBUG - [syn_flood] [Run ID: 3e86594d-07a8-4428-a1d0-44cdeb24a35b] Timing factors - Circadian: 0.80, Workday: 0.96, Adjusted rate: 17.3 pps
2025-09-12 17:19:21,823 - attack_logger - INFO - [syn_flood] [Run ID: 3e86594d-07a8-4428-a1d0-44cdeb24a35b] Attack progress: 7.3s elapsed, ~123 packets sent, Rate: 16.8 pps, Phase: active (intensity: 0.91)
2025-09-12 17:19:21,823 - attack_logger - DEBUG - [syn_flood] [Run ID: 3e86594d-07a8-4428-a1d0-44cdeb24a35b] Process stats - CPU: 0.0%, Memory: 60.2MB
2025-09-12 17:19:21,823 - attack_logger - DEBUG - [syn_flood] [Run ID: 3e86594d-07a8-4428-a1d0-44cdeb24a35b] Timing factors - Circadian: 0.80, Workday: 0.96, Adjusted rate: 16.9 pps
2025-09-12 17:19:22,548 - attack_logger - DEBUG - [syn_flood] [Run ID: 3e86594d-07a8-4428-a1d0-44cdeb24a35b] Sent SIGINT to SYN flood process 110497
2025-09-12 17:19:23,049 - attack_logger - INFO - [syn_flood] [Run ID: 3e86594d-07a8-4428-a1d0-44cdeb24a35b] Enhanced SYN Flood from h1 to 192.168.30.10 finished.
2025-09-12 17:19:23,049 - attack_logger - INFO - [syn_flood] [Run ID: 3e86594d-07a8-4428-a1d0-44cdeb24a35b] Attack completed. Total packets sent = 139, Average rate = 17.24 packets/sec.
2025-09-12 17:19:23,050 - attack_logger - INFO - [syn_flood] [Run ID: 3e86594d-07a8-4428-a1d0-44cdeb24a35b] --- Enhanced Attack Summary ---
2025-09-12 17:19:23,050 - attack_logger - INFO - [syn_flood] [Run ID: 3e86594d-07a8-4428-a1d0-44cdeb24a35b] Total packets sent: 139
2025-09-12 17:19:23,050 - attack_logger - INFO - [syn_flood] [Run ID: 3e86594d-07a8-4428-a1d0-44cdeb24a35b] Actual duration: 8.06s
2025-09-12 17:19:23,050 - attack_logger - INFO - [syn_flood] [Run ID: 3e86594d-07a8-4428-a1d0-44cdeb24a35b] Average rate: 17.24 packets/sec
2025-09-12 17:19:23,050 - attack_logger - INFO - [syn_flood] [Run ID: 3e86594d-07a8-4428-a1d0-44cdeb24a35b] Base rate: 22.5 pps
2025-09-12 17:19:23,050 - attack_logger - INFO - [syn_flood] [Run ID: 3e86594d-07a8-4428-a1d0-44cdeb24a35b] Circadian factor: 0.80
2025-09-12 17:19:23,050 - attack_logger - INFO - [syn_flood] [Run ID: 3e86594d-07a8-4428-a1d0-44cdeb24a35b] Workday factor: 0.96
2025-09-12 17:19:23,050 - attack_logger - INFO - [syn_flood] [Run ID: 3e86594d-07a8-4428-a1d0-44cdeb24a35b] Session phases: 1
2025-09-12 17:19:23,050 - attack_logger - INFO - [syn_flood] [Run ID: 3e86594d-07a8-4428-a1d0-44cdeb24a35b] Target port: 80
2025-09-12 17:19:23,050 - attack_logger - INFO - [syn_flood] [Run ID: 3e86594d-07a8-4428-a1d0-44cdeb24a35b] Attack method: Enhanced SYN Flood with Human-like Timing
2025-09-12 17:19:23,050 - attack_logger - INFO - [syn_flood] [Run ID: 3e86594d-07a8-4428-a1d0-44cdeb24a35b] Enhancement features: Human timing patterns, protocol compliance, network delay simulation
2025-09-12 17:19:23,050 - attack_logger - INFO - [syn_flood] [Run ID: 3e86594d-07a8-4428-a1d0-44cdeb24a35b] TCP options: MSS, WScale, Timestamp, SAckOK
2025-09-12 17:19:23,050 - attack_logger - INFO - [syn_flood] [Run ID: 3e86594d-07a8-4428-a1d0-44cdeb24a35b] ----------------------------------------
2025-09-12 17:19:23,123 - attack_logger - INFO - Attack: Enhanced SYN Flood completed.
2025-09-12 17:19:23,123 - attack_logger - INFO - Attack: Enhanced UDP Flood (22s) | h1 -> h6
2025-09-12 17:19:25,638 - attack_logger - INFO - [udp_flood] [Run ID: c2a4b550-d7fb-4dfd-9279-795122e58074] Starting Enhanced UDP Flood from h1 to 192.168.30.10 for 22 seconds.
2025-09-12 17:19:25,639 - attack_logger - INFO - [udp_flood] [Run ID: c2a4b550-d7fb-4dfd-9279-795122e58074] Attack Phase: Enhanced Traditional UDP Flood - Attacker: h1, Target: 192.168.30.10:53, Duration: 22s
2025-09-12 17:19:25,639 - attack_logger - INFO - [udp_flood] [Run ID: c2a4b550-d7fb-4dfd-9279-795122e58074] Enhanced Features: Human-like timing, protocol compliance, network delay simulation
2025-09-12 17:19:25,639 - attack_logger - INFO - [udp_flood] [Run ID: c2a4b550-d7fb-4dfd-9279-795122e58074] Stress phase: 6s, Advanced phase: 16s
2025-09-12 17:19:32,208 - attack_logger - INFO - [udp_flood] [Run ID: c2a4b550-d7fb-4dfd-9279-795122e58074] Stress phase completed
2025-09-12 17:19:32,208 - attack_logger - INFO - [udp_flood] [Run ID: c2a4b550-d7fb-4dfd-9279-795122e58074] Session pattern: 1 phases, Circadian factor: 0.80, Workday factor: 0.96
2025-09-12 17:19:32,209 - attack_logger - DEBUG - [udp_flood] [Run ID: c2a4b550-d7fb-4dfd-9279-795122e58074] Starting enhanced UDP packet generation with human-like timing
2025-09-12 17:19:32,216 - attack_logger - INFO - [udp_flood] [Run ID: c2a4b550-d7fb-4dfd-9279-795122e58074] Enhanced UDP flood process started (PID: 110507)
2025-09-12 17:19:35,258 - attack_logger - INFO - [udp_flood] [Run ID: c2a4b550-d7fb-4dfd-9279-795122e58074] Attack progress: 3.0s elapsed, ~41 packets sent, Rate: 13.4 pps, Phase: active (intensity: 0.88)
2025-09-12 17:19:35,258 - attack_logger - DEBUG - [udp_flood] [Run ID: c2a4b550-d7fb-4dfd-9279-795122e58074] Process stats - CPU: 0.0%, Memory: 60.0MB
2025-09-12 17:19:35,258 - attack_logger - DEBUG - [udp_flood] [Run ID: c2a4b550-d7fb-4dfd-9279-795122e58074] Timing factors - Circadian: 0.80, Workday: 0.96, Adjusted rate: 13.7 pps
2025-09-12 17:19:38,299 - attack_logger - INFO - [udp_flood] [Run ID: c2a4b550-d7fb-4dfd-9279-795122e58074] Attack progress: 6.1s elapsed, ~120 packets sent, Rate: 19.7 pps, Phase: active (intensity: 0.88)
2025-09-12 17:19:38,299 - attack_logger - DEBUG - [udp_flood] [Run ID: c2a4b550-d7fb-4dfd-9279-795122e58074] Process stats - CPU: 0.0%, Memory: 60.3MB
2025-09-12 17:19:38,299 - attack_logger - DEBUG - [udp_flood] [Run ID: c2a4b550-d7fb-4dfd-9279-795122e58074] Timing factors - Circadian: 0.80, Workday: 0.96, Adjusted rate: 19.8 pps
2025-09-12 17:19:41,305 - attack_logger - INFO - [udp_flood] [Run ID: c2a4b550-d7fb-4dfd-9279-795122e58074] Attack progress: 9.1s elapsed, ~145 packets sent, Rate: 15.9 pps, Phase: active (intensity: 0.88)
2025-09-12 17:19:41,305 - attack_logger - DEBUG - [udp_flood] [Run ID: c2a4b550-d7fb-4dfd-9279-795122e58074] Process stats - CPU: 0.0%, Memory: 60.3MB
2025-09-12 17:19:41,305 - attack_logger - DEBUG - [udp_flood] [Run ID: c2a4b550-d7fb-4dfd-9279-795122e58074] Timing factors - Circadian: 0.80, Workday: 0.96, Adjusted rate: 16.0 pps
2025-09-12 17:19:44,332 - attack_logger - INFO - [udp_flood] [Run ID: c2a4b550-d7fb-4dfd-9279-795122e58074] Attack progress: 12.1s elapsed, ~197 packets sent, Rate: 16.3 pps, Phase: active (intensity: 0.88)
2025-09-12 17:19:44,332 - attack_logger - DEBUG - [udp_flood] [Run ID: c2a4b550-d7fb-4dfd-9279-795122e58074] Process stats - CPU: 0.0%, Memory: 60.3MB
2025-09-12 17:19:44,332 - attack_logger - DEBUG - [udp_flood] [Run ID: c2a4b550-d7fb-4dfd-9279-795122e58074] Timing factors - Circadian: 0.80, Workday: 0.96, Adjusted rate: 16.3 pps
2025-09-12 17:19:47,380 - attack_logger - INFO - [udp_flood] [Run ID: c2a4b550-d7fb-4dfd-9279-795122e58074] Attack progress: 15.2s elapsed, ~225 packets sent, Rate: 14.8 pps, Phase: active (intensity: 0.88)
2025-09-12 17:19:47,381 - attack_logger - DEBUG - [udp_flood] [Run ID: c2a4b550-d7fb-4dfd-9279-795122e58074] Process stats - CPU: 0.0%, Memory: 60.3MB
2025-09-12 17:19:47,381 - attack_logger - DEBUG - [udp_flood] [Run ID: c2a4b550-d7fb-4dfd-9279-795122e58074] Timing factors - Circadian: 0.80, Workday: 0.96, Adjusted rate: 14.9 pps
2025-09-12 17:19:48,241 - attack_logger - DEBUG - [udp_flood] [Run ID: c2a4b550-d7fb-4dfd-9279-795122e58074] Sent SIGINT to UDP flood process 110507
2025-09-12 17:19:48,743 - attack_logger - INFO - [udp_flood] [Run ID: c2a4b550-d7fb-4dfd-9279-795122e58074] Enhanced UDP Flood from h1 to 192.168.30.10 finished.
2025-09-12 17:19:48,743 - attack_logger - INFO - [udp_flood] [Run ID: c2a4b550-d7fb-4dfd-9279-795122e58074] Attack completed. Total packets sent = 339, Average rate = 21.14 packets/sec.
2025-09-12 17:19:48,744 - attack_logger - INFO - [udp_flood] [Run ID: c2a4b550-d7fb-4dfd-9279-795122e58074] --- Enhanced Attack Summary ---
2025-09-12 17:19:48,744 - attack_logger - INFO - [udp_flood] [Run ID: c2a4b550-d7fb-4dfd-9279-795122e58074] Total packets sent: 339
2025-09-12 17:19:48,744 - attack_logger - INFO - [udp_flood] [Run ID: c2a4b550-d7fb-4dfd-9279-795122e58074] Actual duration: 16.03s
2025-09-12 17:19:48,744 - attack_logger - INFO - [udp_flood] [Run ID: c2a4b550-d7fb-4dfd-9279-795122e58074] Average rate: 21.14 packets/sec
2025-09-12 17:19:48,744 - attack_logger - INFO - [udp_flood] [Run ID: c2a4b550-d7fb-4dfd-9279-795122e58074] Base rate: 27.6 pps
2025-09-12 17:19:48,744 - attack_logger - INFO - [udp_flood] [Run ID: c2a4b550-d7fb-4dfd-9279-795122e58074] Circadian factor: 0.80
2025-09-12 17:19:48,744 - attack_logger - INFO - [udp_flood] [Run ID: c2a4b550-d7fb-4dfd-9279-795122e58074] Workday factor: 0.96
2025-09-12 17:19:48,744 - attack_logger - INFO - [udp_flood] [Run ID: c2a4b550-d7fb-4dfd-9279-795122e58074] Session phases: 1
2025-09-12 17:19:48,744 - attack_logger - INFO - [udp_flood] [Run ID: c2a4b550-d7fb-4dfd-9279-795122e58074] Target port: 53 (DNS)
2025-09-12 17:19:48,744 - attack_logger - INFO - [udp_flood] [Run ID: c2a4b550-d7fb-4dfd-9279-795122e58074] Attack method: Enhanced UDP Flood with Human-like Timing
2025-09-12 17:19:48,744 - attack_logger - INFO - [udp_flood] [Run ID: c2a4b550-d7fb-4dfd-9279-795122e58074] Enhancement features: Human timing patterns, protocol compliance, network delay simulation
2025-09-12 17:19:48,744 - attack_logger - INFO - [udp_flood] [Run ID: c2a4b550-d7fb-4dfd-9279-795122e58074] DNS payloads: Realistic query patterns with varied domains
2025-09-12 17:19:48,744 - attack_logger - INFO - [udp_flood] [Run ID: c2a4b550-d7fb-4dfd-9279-795122e58074] ----------------------------------------
2025-09-12 17:19:48,820 - attack_logger - INFO - Attack: Enhanced UDP Flood completed.
2025-09-12 17:19:48,820 - attack_logger - INFO - Attack: Enhanced ICMP Flood (11s) | h1 -> h4
2025-09-12 17:19:51,336 - attack_logger - INFO - [icmp_flood] [Run ID: 96da3d71-8df7-4955-8df9-00ab09130669] Starting Enhanced ICMP Flood with RFC 1918 IP Rotation from h1 to 192.168.20.12 for 11 seconds.
2025-09-12 17:19:51,336 - attack_logger - INFO - [icmp_flood] [Run ID: 96da3d71-8df7-4955-8df9-00ab09130669] Attack Phase: Enhanced Traditional ICMP Flood - Attacker: h1, Target: 192.168.20.12, Duration: 11s
2025-09-12 17:19:51,336 - attack_logger - INFO - [icmp_flood] [Run ID: 96da3d71-8df7-4955-8df9-00ab09130669] Enhanced Features: RFC 1918 IP rotation, human-like timing, protocol compliance, network delay simulation
2025-09-12 17:19:51,336 - attack_logger - INFO - [icmp_flood] [Run ID: 96da3d71-8df7-4955-8df9-00ab09130669] IP Pool Size: 50 source IPs from RFC 1918 ranges (10.0.0.0/8, 172.16.0.0/12, 192.168.0.0/16)
2025-09-12 17:19:51,336 - attack_logger - INFO - [icmp_flood] [Run ID: 96da3d71-8df7-4955-8df9-00ab09130669] Stress phase total: 3s (host: 1s, gateway: 2s), Advanced phase: 8s
2025-09-12 17:19:52,921 - attack_logger - INFO - [icmp_flood] [Run ID: 96da3d71-8df7-4955-8df9-00ab09130669] Host stress sub-phase completed
2025-09-12 17:19:55,548 - attack_logger - INFO - [icmp_flood] [Run ID: 96da3d71-8df7-4955-8df9-00ab09130669] Gateway stress sub-phase completed
2025-09-12 17:19:55,549 - attack_logger - INFO - [icmp_flood] [Run ID: 96da3d71-8df7-4955-8df9-00ab09130669] Session pattern: 1 phases, Circadian factor: 0.80, Workday factor: 0.96
2025-09-12 17:19:55,549 - attack_logger - DEBUG - [icmp_flood] [Run ID: 96da3d71-8df7-4955-8df9-00ab09130669] Starting enhanced ICMP packet generation with IP rotation and human-like timing
2025-09-12 17:19:55,556 - attack_logger - INFO - [icmp_flood] [Run ID: 96da3d71-8df7-4955-8df9-00ab09130669] Enhanced ICMP flood with IP rotation process started (PID: 110520)
2025-09-12 17:19:56,664 - attack_logger - INFO - [icmp_flood] [Run ID: 96da3d71-8df7-4955-8df9-00ab09130669] Attack progress: 1.1s elapsed, ~23 packets sent, Rate: 20.6 pps, IP rotations: ~1, Phase: active (intensity: 0.94)
2025-09-12 17:19:56,664 - attack_logger - DEBUG - [icmp_flood] [Run ID: 96da3d71-8df7-4955-8df9-00ab09130669] Process stats - CPU: 0.0%, Memory: 60.3MB
2025-09-12 17:19:56,664 - attack_logger - DEBUG - [icmp_flood] [Run ID: 96da3d71-8df7-4955-8df9-00ab09130669] Timing factors - Circadian: 0.80, Workday: 0.96, Adjusted rate: 21.3 pps
2025-09-12 17:19:57,759 - attack_logger - INFO - [icmp_flood] [Run ID: 96da3d71-8df7-4955-8df9-00ab09130669] Attack progress: 2.2s elapsed, ~36 packets sent, Rate: 16.3 pps, IP rotations: ~2, Phase: active (intensity: 0.94)
2025-09-12 17:19:57,759 - attack_logger - DEBUG - [icmp_flood] [Run ID: 96da3d71-8df7-4955-8df9-00ab09130669] Process stats - CPU: 0.0%, Memory: 60.3MB
2025-09-12 17:19:57,759 - attack_logger - DEBUG - [icmp_flood] [Run ID: 96da3d71-8df7-4955-8df9-00ab09130669] Timing factors - Circadian: 0.80, Workday: 0.96, Adjusted rate: 16.4 pps
2025-09-12 17:19:58,828 - attack_logger - INFO - [icmp_flood] [Run ID: 96da3d71-8df7-4955-8df9-00ab09130669] Attack progress: 3.3s elapsed, ~65 packets sent, Rate: 19.8 pps, IP rotations: ~4, Phase: active (intensity: 0.94)
2025-09-12 17:19:58,828 - attack_logger - DEBUG - [icmp_flood] [Run ID: 96da3d71-8df7-4955-8df9-00ab09130669] Process stats - CPU: 0.0%, Memory: 60.3MB
2025-09-12 17:19:58,828 - attack_logger - DEBUG - [icmp_flood] [Run ID: 96da3d71-8df7-4955-8df9-00ab09130669] Timing factors - Circadian: 0.80, Workday: 0.96, Adjusted rate: 20.0 pps
2025-09-12 17:19:59,888 - attack_logger - INFO - [icmp_flood] [Run ID: 96da3d71-8df7-4955-8df9-00ab09130669] Attack progress: 4.3s elapsed, ~75 packets sent, Rate: 17.3 pps, IP rotations: ~5, Phase: active (intensity: 0.94)
2025-09-12 17:19:59,888 - attack_logger - DEBUG - [icmp_flood] [Run ID: 96da3d71-8df7-4955-8df9-00ab09130669] Process stats - CPU: 0.0%, Memory: 60.3MB
2025-09-12 17:19:59,888 - attack_logger - DEBUG - [icmp_flood] [Run ID: 96da3d71-8df7-4955-8df9-00ab09130669] Timing factors - Circadian: 0.80, Workday: 0.96, Adjusted rate: 17.4 pps
2025-09-12 17:20:00,920 - attack_logger - INFO - [icmp_flood] [Run ID: 96da3d71-8df7-4955-8df9-00ab09130669] Attack progress: 5.4s elapsed, ~96 packets sent, Rate: 17.9 pps, IP rotations: ~6, Phase: active (intensity: 0.94)
2025-09-12 17:20:00,920 - attack_logger - DEBUG - [icmp_flood] [Run ID: 96da3d71-8df7-4955-8df9-00ab09130669] Process stats - CPU: 0.0%, Memory: 60.3MB
2025-09-12 17:20:00,920 - attack_logger - DEBUG - [icmp_flood] [Run ID: 96da3d71-8df7-4955-8df9-00ab09130669] Timing factors - Circadian: 0.80, Workday: 0.96, Adjusted rate: 18.0 pps
2025-09-12 17:20:01,961 - attack_logger - INFO - [icmp_flood] [Run ID: 96da3d71-8df7-4955-8df9-00ab09130669] Attack progress: 6.4s elapsed, ~117 packets sent, Rate: 18.2 pps, IP rotations: ~7, Phase: active (intensity: 0.94)
2025-09-12 17:20:01,961 - attack_logger - DEBUG - [icmp_flood] [Run ID: 96da3d71-8df7-4955-8df9-00ab09130669] Process stats - CPU: 0.0%, Memory: 60.3MB
2025-09-12 17:20:01,961 - attack_logger - DEBUG - [icmp_flood] [Run ID: 96da3d71-8df7-4955-8df9-00ab09130669] Timing factors - Circadian: 0.80, Workday: 0.96, Adjusted rate: 18.4 pps
2025-09-12 17:20:03,005 - attack_logger - INFO - [icmp_flood] [Run ID: 96da3d71-8df7-4955-8df9-00ab09130669] Attack progress: 7.5s elapsed, ~122 packets sent, Rate: 16.4 pps, IP rotations: ~8, Phase: active (intensity: 0.94)
2025-09-12 17:20:03,005 - attack_logger - DEBUG - [icmp_flood] [Run ID: 96da3d71-8df7-4955-8df9-00ab09130669] Process stats - CPU: 0.0%, Memory: 60.3MB
2025-09-12 17:20:03,005 - attack_logger - DEBUG - [icmp_flood] [Run ID: 96da3d71-8df7-4955-8df9-00ab09130669] Timing factors - Circadian: 0.80, Workday: 0.96, Adjusted rate: 16.4 pps
2025-09-12 17:20:03,628 - attack_logger - DEBUG - [icmp_flood] [Run ID: 96da3d71-8df7-4955-8df9-00ab09130669] Sent SIGINT to ICMP flood process 110520
2025-09-12 17:20:04,129 - attack_logger - INFO - [icmp_flood] [Run ID: 96da3d71-8df7-4955-8df9-00ab09130669] Enhanced ICMP Flood with RFC 1918 IP Rotation from h1 to 192.168.20.12 finished.
2025-09-12 17:20:04,129 - attack_logger - INFO - [icmp_flood] [Run ID: 96da3d71-8df7-4955-8df9-00ab09130669] Attack completed. Total packets sent = 179, Average rate = 22.15 packets/sec.
2025-09-12 17:20:04,129 - attack_logger - INFO - [icmp_flood] [Run ID: 96da3d71-8df7-4955-8df9-00ab09130669] --- Enhanced Attack Summary ---
2025-09-12 17:20:04,129 - attack_logger - INFO - [icmp_flood] [Run ID: 96da3d71-8df7-4955-8df9-00ab09130669] Total packets sent: 179
2025-09-12 17:20:04,129 - attack_logger - INFO - [icmp_flood] [Run ID: 96da3d71-8df7-4955-8df9-00ab09130669] Total IP rotations: ~11
2025-09-12 17:20:04,129 - attack_logger - INFO - [icmp_flood] [Run ID: 96da3d71-8df7-4955-8df9-00ab09130669] RFC 1918 IP pool size: 50
2025-09-12 17:20:04,129 - attack_logger - INFO - [icmp_flood] [Run ID: 96da3d71-8df7-4955-8df9-00ab09130669] IP ranges used: 10.0.0.0/8, 172.16.0.0/12, 192.168.0.0/16
2025-09-12 17:20:04,129 - attack_logger - INFO - [icmp_flood] [Run ID: 96da3d71-8df7-4955-8df9-00ab09130669] Actual duration: 8.08s
2025-09-12 17:20:04,129 - attack_logger - INFO - [icmp_flood] [Run ID: 96da3d71-8df7-4955-8df9-00ab09130669] Average rate: 22.15 packets/sec
2025-09-12 17:20:04,129 - attack_logger - INFO - [icmp_flood] [Run ID: 96da3d71-8df7-4955-8df9-00ab09130669] Base rate: 29.0 pps
2025-09-12 17:20:04,129 - attack_logger - INFO - [icmp_flood] [Run ID: 96da3d71-8df7-4955-8df9-00ab09130669] Circadian factor: 0.80
2025-09-12 17:20:04,129 - attack_logger - INFO - [icmp_flood] [Run ID: 96da3d71-8df7-4955-8df9-00ab09130669] Workday factor: 0.96
2025-09-12 17:20:04,130 - attack_logger - INFO - [icmp_flood] [Run ID: 96da3d71-8df7-4955-8df9-00ab09130669] Session phases: 1
2025-09-12 17:20:04,130 - attack_logger - INFO - [icmp_flood] [Run ID: 96da3d71-8df7-4955-8df9-00ab09130669] ICMP type: Echo Request (8) with ID/Seq variations
2025-09-12 17:20:04,130 - attack_logger - INFO - [icmp_flood] [Run ID: 96da3d71-8df7-4955-8df9-00ab09130669] Attack method: Enhanced ICMP Flood with RFC 1918 IP Rotation
2025-09-12 17:20:04,130 - attack_logger - INFO - [icmp_flood] [Run ID: 96da3d71-8df7-4955-8df9-00ab09130669] Enhancement features: RFC 1918 IP rotation, human timing patterns, protocol compliance, network delay simulation
2025-09-12 17:20:04,130 - attack_logger - INFO - [icmp_flood] [Run ID: 96da3d71-8df7-4955-8df9-00ab09130669] ----------------------------------------
2025-09-12 17:20:04,197 - attack_logger - INFO - Attack: Enhanced ICMP Flood completed.
2025-09-12 17:20:04,708 - attack_logger - INFO - Attack: ENHANCED Adversarial TCP State Exhaustion (8s) | h1 -> h6
2025-09-12 17:20:15,861 - attack_logger - INFO - Attack: ENHANCED Adversarial Application Layer (3s) | h1 -> h6
2025-09-12 17:20:22,076 - attack_logger - INFO - Attack: ENHANCED Adversarial Slow Read (9s) | h1 -> h6
2025-09-12 17:20:34,359 - attack_logger - INFO - Attack: ENHANCED Adversarial Slow Read completed.
