2025-09-12 17:15:45 - [BENIGN] - INFO - Starting benign traffic for 200 seconds...
2025-09-12 17:15:45 - [BENIGN] - INFO - Protocol separation: h2↔h5 (ICMP), h3↔h5 (TCP/UDP)
2025-09-12 17:15:45 - [BENIGN] - DEBUG - Generated ICMP traffic h2↔h5 0 [len=84B]
2025-09-12 17:15:45 - [BENIGN] - DEBUG - Generated TCP SYN from h3:2328 -> h5:12345 [len=54B]
2025-09-12 17:15:46 - [BENIGN] - DEBUG - Generated TCP SYN-ACK from h5:12345 <- h3:2328 [len=54B]
2025-09-12 17:15:47 - [BENIGN] - DEBUG - Generated TCP ACK from h3:2328 -> h5:12345 [len=54B]
2025-09-12 17:15:47 - [BENIGN] - DEBUG - Generated TCP data traffic from h3:2328 -> h5:12345 [content='TCP data'] [Session 1] [len=1425B]
2025-09-12 17:15:48 - [BENIGN] - DEBUG - Generated TCP ACK reply from h5:12345 <- h3:2328 [len=54B]
2025-09-12 17:15:49 - [BENIGN] - DEBUG - Generated UDP traffic from h3:38110 -> h5:12346 [content='1e753991a9f884dbee3bbbe947c6fc1472af7b45...'] [Session 2] [len=1168B]
2025-09-12 17:15:49 - [BENIGN] - DEBUG - Generated Telnet SYN from h3:20295 -> h5:23 [len=54B]
2025-09-12 17:15:50 - [BENIGN] - DEBUG - Generated Telnet SYN-ACK from h5:23 <- h3:20295 [len=54B]
2025-09-12 17:15:51 - [BENIGN] - DEBUG - Generated Telnet ACK from h3:20295 -> h5:23 [len=54B]
2025-09-12 17:15:51 - [BENIGN] - DEBUG - Generated Telnet data traffic from h3:20295 -> h5:23 [content='Telnet command'] [Session 3] [len=401B]
2025-09-12 17:15:52 - [BENIGN] - DEBUG - Generated Telnet ACK reply from h5:23 <- h3:20295 [len=54B]
2025-09-12 17:15:53 - [BENIGN] - DEBUG - Generated SSH SYN from h3:38341 -> h5:22 [len=54B]
2025-09-12 17:15:53 - [BENIGN] - DEBUG - Generated SSH SYN-ACK from h5:22 <- h3:38341 [len=54B]
2025-09-12 17:15:54 - [BENIGN] - DEBUG - Generated SSH ACK from h3:38341 -> h5:22 [len=54B]
2025-09-12 17:15:54 - [BENIGN] - DEBUG - Generated SSH data traffic from h3:38341 -> h5:22 [content='SSH encrypted data'] [Session 4] [len=489B]
2025-09-12 17:15:55 - [BENIGN] - DEBUG - Generated SSH ACK reply from h5:22 <- h3:38341 [len=54B]
2025-09-12 17:15:56 - [BENIGN] - DEBUG - Generated FTP SYN from h3:40624 -> h5:21 [len=54B]
2025-09-12 17:15:56 - [BENIGN] - DEBUG - Generated FTP SYN-ACK from h5:21 <- h3:40624 [len=54B]
2025-09-12 17:15:57 - [BENIGN] - DEBUG - Generated FTP ACK from h3:40624 -> h5:21 [len=54B]
2025-09-12 17:15:58 - [BENIGN] - DEBUG - Generated FTP data traffic from h3:40624 -> h5:21 [content='FTP file transfer'] [Session 5] [len=422B]
2025-09-12 17:15:58 - [BENIGN] - DEBUG - Generated FTP ACK reply from h5:21 <- h3:40624 [len=54B]
2025-09-12 17:15:59 - [BENIGN] - DEBUG - Generated HTTP SYN from h3:38885 -> h5:80 [len=54B]
2025-09-12 17:16:00 - [BENIGN] - DEBUG - Generated HTTP SYN-ACK from h5:80 <- h3:38885 [len=54B]
2025-09-12 17:16:00 - [BENIGN] - DEBUG - Generated HTTP ACK from h3:38885 -> h5:80 [len=54B]
2025-09-12 17:16:01 - [BENIGN] - DEBUG - Generated HTTP data traffic from h3:38885 -> h5:80 [content='GET /index.html HTTP/1.1'] [Session 6] [len=486B]
2025-09-12 17:16:02 - [BENIGN] - DEBUG - Generated HTTP ACK reply from h5:80 <- h3:38885 [len=54B]
2025-09-12 17:16:02 - [BENIGN] - DEBUG - Generated HTTPS SYN from h3:44944 -> h5:443 [len=54B]
2025-09-12 17:16:03 - [BENIGN] - DEBUG - Generated HTTPS SYN-ACK from h5:443 <- h3:44944 [len=54B]
2025-09-12 17:16:03 - [BENIGN] - DEBUG - Generated HTTPS ACK from h3:44944 -> h5:443 [len=54B]
2025-09-12 17:16:04 - [BENIGN] - DEBUG - Generated HTTPS data traffic from h3:44944 -> h5:443 [content='Encrypted Application Data'] [Session 7] [len=444B]
2025-09-12 17:16:05 - [BENIGN] - DEBUG - Generated HTTPS ACK reply from h5:443 <- h3:44944 [len=54B]
2025-09-12 17:16:05 - [BENIGN] - DEBUG - Generated DNS query from h3:7902 -> h5:53 [qname='example.com'] [Session 8] [len=71B]
2025-09-12 17:16:05 - [BENIGN] - DEBUG - Generated ICMP traffic h2↔h5 1 [len=84B]
2025-09-12 17:16:06 - [BENIGN] - DEBUG - Generated TCP SYN from h3:29235 -> h5:12345 [len=54B]
2025-09-12 17:16:07 - [BENIGN] - DEBUG - Generated TCP SYN-ACK from h5:12345 <- h3:29235 [len=54B]
2025-09-12 17:16:07 - [BENIGN] - DEBUG - Generated TCP ACK from h3:29235 -> h5:12345 [len=54B]
2025-09-12 17:16:08 - [BENIGN] - DEBUG - Generated TCP data traffic from h3:29235 -> h5:12345 [content='TCP data'] [Session 9] [len=1226B]
2025-09-12 17:16:09 - [BENIGN] - DEBUG - Generated TCP ACK reply from h5:12345 <- h3:29235 [len=54B]
2025-09-12 17:16:09 - [BENIGN] - DEBUG - Generated UDP traffic from h3:6998 -> h5:12346 [content='793ff283b7cb2a900442ec801986b354bd0691db...'] [Session 10] [len=617B]
2025-09-12 17:16:10 - [BENIGN] - DEBUG - Generated Telnet SYN from h3:11288 -> h5:23 [len=54B]
2025-09-12 17:16:10 - [BENIGN] - DEBUG - Generated Telnet SYN-ACK from h5:23 <- h3:11288 [len=54B]
2025-09-12 17:16:11 - [BENIGN] - DEBUG - Generated Telnet ACK from h3:11288 -> h5:23 [len=54B]
2025-09-12 17:16:12 - [BENIGN] - DEBUG - Generated Telnet data traffic from h3:11288 -> h5:23 [content='Telnet command'] [Session 11] [len=504B]
2025-09-12 17:16:12 - [BENIGN] - DEBUG - Generated Telnet ACK reply from h5:23 <- h3:11288 [len=54B]
2025-09-12 17:16:13 - [BENIGN] - DEBUG - Generated SSH SYN from h3:44914 -> h5:22 [len=54B]
2025-09-12 17:16:14 - [BENIGN] - DEBUG - Generated SSH SYN-ACK from h5:22 <- h3:44914 [len=54B]
2025-09-12 17:16:14 - [BENIGN] - DEBUG - Generated SSH ACK from h3:44914 -> h5:22 [len=54B]
2025-09-12 17:16:15 - [BENIGN] - DEBUG - Generated SSH data traffic from h3:44914 -> h5:22 [content='SSH encrypted data'] [Session 12] [len=915B]
2025-09-12 17:16:15 - [BENIGN] - DEBUG - Generated SSH ACK reply from h5:22 <- h3:44914 [len=54B]
2025-09-12 17:16:16 - [BENIGN] - DEBUG - Generated FTP SYN from h3:6356 -> h5:21 [len=54B]
2025-09-12 17:16:17 - [BENIGN] - DEBUG - Generated FTP SYN-ACK from h5:21 <- h3:6356 [len=54B]
2025-09-12 17:16:17 - [BENIGN] - DEBUG - Generated FTP ACK from h3:6356 -> h5:21 [len=54B]
2025-09-12 17:16:18 - [BENIGN] - DEBUG - Generated FTP data traffic from h3:6356 -> h5:21 [content='FTP file transfer'] [Session 13] [len=1336B]
2025-09-12 17:16:19 - [BENIGN] - DEBUG - Generated FTP ACK reply from h5:21 <- h3:6356 [len=54B]
2025-09-12 17:16:19 - [BENIGN] - DEBUG - Generated HTTP SYN from h3:39980 -> h5:80 [len=54B]
2025-09-12 17:16:20 - [BENIGN] - DEBUG - Generated HTTP SYN-ACK from h5:80 <- h3:39980 [len=54B]
2025-09-12 17:16:20 - [BENIGN] - DEBUG - Generated HTTP ACK from h3:39980 -> h5:80 [len=54B]
2025-09-12 17:16:21 - [BENIGN] - DEBUG - Generated HTTP data traffic from h3:39980 -> h5:80 [content='GET /index.html HTTP/1.1'] [Session 14] [len=557B]
2025-09-12 17:16:22 - [BENIGN] - DEBUG - Generated HTTP ACK reply from h5:80 <- h3:39980 [len=54B]
2025-09-12 17:16:22 - [BENIGN] - DEBUG - Generated HTTPS SYN from h3:37459 -> h5:443 [len=54B]
2025-09-12 17:16:23 - [BENIGN] - DEBUG - Generated HTTPS SYN-ACK from h5:443 <- h3:37459 [len=54B]
2025-09-12 17:16:24 - [BENIGN] - DEBUG - Generated HTTPS ACK from h3:37459 -> h5:443 [len=54B]
2025-09-12 17:16:24 - [BENIGN] - DEBUG - Generated HTTPS data traffic from h3:37459 -> h5:443 [content='Encrypted Application Data'] [Session 15] [len=510B]
2025-09-12 17:16:25 - [BENIGN] - DEBUG - Generated HTTPS ACK reply from h5:443 <- h3:37459 [len=54B]
2025-09-12 17:16:25 - [BENIGN] - DEBUG - Generated DNS query from h3:41615 -> h5:53 [qname='example.com'] [Session 16] [len=71B]
2025-09-12 17:16:26 - [BENIGN] - DEBUG - Generated ICMP traffic h2↔h5 2 [len=84B]
2025-09-12 17:16:26 - [BENIGN] - DEBUG - Generated TCP SYN from h3:31246 -> h5:12345 [len=54B]
2025-09-12 17:16:27 - [BENIGN] - DEBUG - Generated TCP SYN-ACK from h5:12345 <- h3:31246 [len=54B]
2025-09-12 17:16:27 - [BENIGN] - DEBUG - Generated TCP ACK from h3:31246 -> h5:12345 [len=54B]
2025-09-12 17:16:28 - [BENIGN] - DEBUG - Generated TCP data traffic from h3:31246 -> h5:12345 [content='TCP data'] [Session 17] [len=863B]
2025-09-12 17:16:29 - [BENIGN] - DEBUG - Generated TCP ACK reply from h5:12345 <- h3:31246 [len=54B]
2025-09-12 17:16:29 - [BENIGN] - DEBUG - Generated UDP traffic from h3:9542 -> h5:12346 [content='ace4a4875cd7d2252a802004f634a3145b988992...'] [Session 18] [len=933B]
2025-09-12 17:16:30 - [BENIGN] - DEBUG - Generated Telnet SYN from h3:29918 -> h5:23 [len=54B]
2025-09-12 17:16:31 - [BENIGN] - DEBUG - Generated Telnet SYN-ACK from h5:23 <- h3:29918 [len=54B]
2025-09-12 17:16:31 - [BENIGN] - DEBUG - Generated Telnet ACK from h3:29918 -> h5:23 [len=54B]
2025-09-12 17:16:32 - [BENIGN] - DEBUG - Generated Telnet data traffic from h3:29918 -> h5:23 [content='Telnet command'] [Session 19] [len=123B]
2025-09-12 17:16:33 - [BENIGN] - DEBUG - Generated Telnet ACK reply from h5:23 <- h3:29918 [len=54B]
2025-09-12 17:16:33 - [BENIGN] - DEBUG - Generated SSH SYN from h3:43887 -> h5:22 [len=54B]
2025-09-12 17:16:34 - [BENIGN] - DEBUG - Generated SSH SYN-ACK from h5:22 <- h3:43887 [len=54B]
2025-09-12 17:16:34 - [BENIGN] - DEBUG - Generated SSH ACK from h3:43887 -> h5:22 [len=54B]
2025-09-12 17:16:35 - [BENIGN] - DEBUG - Generated SSH data traffic from h3:43887 -> h5:22 [content='SSH encrypted data'] [Session 20] [len=1519B]
2025-09-12 17:16:36 - [BENIGN] - DEBUG - Generated SSH ACK reply from h5:22 <- h3:43887 [len=54B]
2025-09-12 17:16:36 - [BENIGN] - DEBUG - Generated FTP SYN from h3:26356 -> h5:21 [len=54B]
2025-09-12 17:16:37 - [BENIGN] - DEBUG - Generated FTP SYN-ACK from h5:21 <- h3:26356 [len=54B]
2025-09-12 17:16:38 - [BENIGN] - DEBUG - Generated FTP ACK from h3:26356 -> h5:21 [len=54B]
2025-09-12 17:16:38 - [BENIGN] - DEBUG - Generated FTP data traffic from h3:26356 -> h5:21 [content='FTP file transfer'] [Session 21] [len=1290B]
2025-09-12 17:16:39 - [BENIGN] - DEBUG - Generated FTP ACK reply from h5:21 <- h3:26356 [len=54B]
2025-09-12 17:16:40 - [BENIGN] - DEBUG - Generated HTTP SYN from h3:48048 -> h5:80 [len=54B]
2025-09-12 17:16:40 - [BENIGN] - DEBUG - Generated HTTP SYN-ACK from h5:80 <- h3:48048 [len=54B]
2025-09-12 17:16:41 - [BENIGN] - DEBUG - Generated HTTP ACK from h3:48048 -> h5:80 [len=54B]
2025-09-12 17:16:41 - [BENIGN] - DEBUG - Generated HTTP data traffic from h3:48048 -> h5:80 [content='GET /index.html HTTP/1.1'] [Session 22] [len=366B]
2025-09-12 17:16:42 - [BENIGN] - DEBUG - Generated HTTP ACK reply from h5:80 <- h3:48048 [len=54B]
2025-09-12 17:16:43 - [BENIGN] - DEBUG - Generated HTTPS SYN from h3:2095 -> h5:443 [len=54B]
2025-09-12 17:16:43 - [BENIGN] - DEBUG - Generated HTTPS SYN-ACK from h5:443 <- h3:2095 [len=54B]
2025-09-12 17:16:44 - [BENIGN] - DEBUG - Generated HTTPS ACK from h3:2095 -> h5:443 [len=54B]
2025-09-12 17:16:45 - [BENIGN] - DEBUG - Generated HTTPS data traffic from h3:2095 -> h5:443 [content='Encrypted Application Data'] [Session 23] [len=688B]
2025-09-12 17:16:45 - [BENIGN] - DEBUG - Generated HTTPS ACK reply from h5:443 <- h3:2095 [len=54B]
2025-09-12 17:16:46 - [BENIGN] - DEBUG - Generated DNS query from h3:54704 -> h5:53 [qname='example.com'] [Session 24] [len=71B]
2025-09-12 17:16:46 - [BENIGN] - DEBUG - Generated ICMP traffic h2↔h5 3 [len=84B]
2025-09-12 17:16:47 - [BENIGN] - DEBUG - Generated TCP SYN from h3:35506 -> h5:12345 [len=54B]
2025-09-12 17:16:47 - [BENIGN] - DEBUG - Generated TCP SYN-ACK from h5:12345 <- h3:35506 [len=54B]
2025-09-12 17:16:48 - [BENIGN] - DEBUG - Generated TCP ACK from h3:35506 -> h5:12345 [len=54B]
2025-09-12 17:16:49 - [BENIGN] - DEBUG - Generated TCP data traffic from h3:35506 -> h5:12345 [content='TCP data'] [Session 25] [len=1455B]
2025-09-12 17:16:49 - [BENIGN] - DEBUG - Generated TCP ACK reply from h5:12345 <- h3:35506 [len=54B]
2025-09-12 17:16:50 - [BENIGN] - DEBUG - Generated UDP traffic from h3:32334 -> h5:12346 [content='c7e130e41bab76ea536660a1ef9759667ad96673...'] [Session 26] [len=1044B]
2025-09-12 17:16:50 - [BENIGN] - DEBUG - Generated Telnet SYN from h3:40789 -> h5:23 [len=54B]
2025-09-12 17:16:51 - [BENIGN] - DEBUG - Generated Telnet SYN-ACK from h5:23 <- h3:40789 [len=54B]
2025-09-12 17:16:52 - [BENIGN] - DEBUG - Generated Telnet ACK from h3:40789 -> h5:23 [len=54B]
2025-09-12 17:16:52 - [BENIGN] - DEBUG - Generated Telnet data traffic from h3:40789 -> h5:23 [content='Telnet command'] [Session 27] [len=1120B]
2025-09-12 17:16:53 - [BENIGN] - DEBUG - Generated Telnet ACK reply from h5:23 <- h3:40789 [len=54B]
2025-09-12 17:16:54 - [BENIGN] - DEBUG - Generated SSH SYN from h3:23486 -> h5:22 [len=54B]
2025-09-12 17:16:54 - [BENIGN] - DEBUG - Generated SSH SYN-ACK from h5:22 <- h3:23486 [len=54B]
2025-09-12 17:16:55 - [BENIGN] - DEBUG - Generated SSH ACK from h3:23486 -> h5:22 [len=54B]
2025-09-12 17:16:56 - [BENIGN] - DEBUG - Generated SSH data traffic from h3:23486 -> h5:22 [content='SSH encrypted data'] [Session 28] [len=901B]
2025-09-12 17:16:56 - [BENIGN] - DEBUG - Generated SSH ACK reply from h5:22 <- h3:23486 [len=54B]
2025-09-12 17:16:57 - [BENIGN] - DEBUG - Generated FTP SYN from h3:54483 -> h5:21 [len=54B]
2025-09-12 17:16:57 - [BENIGN] - DEBUG - Generated FTP SYN-ACK from h5:21 <- h3:54483 [len=54B]
2025-09-12 17:16:58 - [BENIGN] - DEBUG - Generated FTP ACK from h3:54483 -> h5:21 [len=54B]
2025-09-12 17:16:59 - [BENIGN] - DEBUG - Generated FTP data traffic from h3:54483 -> h5:21 [content='FTP file transfer'] [Session 29] [len=871B]
2025-09-12 17:16:59 - [BENIGN] - DEBUG - Generated FTP ACK reply from h5:21 <- h3:54483 [len=54B]
2025-09-12 17:17:00 - [BENIGN] - DEBUG - Generated HTTP SYN from h3:3580 -> h5:80 [len=54B]
2025-09-12 17:17:01 - [BENIGN] - DEBUG - Generated HTTP SYN-ACK from h5:80 <- h3:3580 [len=54B]
2025-09-12 17:17:01 - [BENIGN] - DEBUG - Generated HTTP ACK from h3:3580 -> h5:80 [len=54B]
2025-09-12 17:17:02 - [BENIGN] - DEBUG - Generated HTTP data traffic from h3:3580 -> h5:80 [content='GET /index.html HTTP/1.1'] [Session 30] [len=309B]
2025-09-12 17:17:03 - [BENIGN] - DEBUG - Generated HTTP ACK reply from h5:80 <- h3:3580 [len=54B]
2025-09-12 17:17:03 - [BENIGN] - DEBUG - Generated HTTPS SYN from h3:55639 -> h5:443 [len=54B]
2025-09-12 17:17:04 - [BENIGN] - DEBUG - Generated HTTPS SYN-ACK from h5:443 <- h3:55639 [len=54B]
2025-09-12 17:17:04 - [BENIGN] - DEBUG - Generated HTTPS ACK from h3:55639 -> h5:443 [len=54B]
2025-09-12 17:17:05 - [BENIGN] - DEBUG - Generated HTTPS data traffic from h3:55639 -> h5:443 [content='Encrypted Application Data'] [Session 31] [len=209B]
2025-09-12 17:17:06 - [BENIGN] - DEBUG - Generated HTTPS ACK reply from h5:443 <- h3:55639 [len=54B]
2025-09-12 17:17:06 - [BENIGN] - DEBUG - Generated DNS query from h3:33778 -> h5:53 [qname='example.com'] [Session 32] [len=71B]
2025-09-12 17:17:06 - [BENIGN] - DEBUG - Generated ICMP traffic h2↔h5 4 [len=84B]
2025-09-12 17:17:07 - [BENIGN] - DEBUG - Generated TCP SYN from h3:1854 -> h5:12345 [len=54B]
2025-09-12 17:17:08 - [BENIGN] - DEBUG - Generated TCP SYN-ACK from h5:12345 <- h3:1854 [len=54B]
2025-09-12 17:17:08 - [BENIGN] - DEBUG - Generated TCP ACK from h3:1854 -> h5:12345 [len=54B]
2025-09-12 17:17:09 - [BENIGN] - DEBUG - Generated TCP data traffic from h3:1854 -> h5:12345 [content='TCP data'] [Session 33] [len=1240B]
2025-09-12 17:17:09 - [BENIGN] - DEBUG - Generated TCP ACK reply from h5:12345 <- h3:1854 [len=54B]
2025-09-12 17:17:10 - [BENIGN] - DEBUG - Generated UDP traffic from h3:59926 -> h5:12346 [content='00a68e9076ce54ff80dd9f3e505dec686da6b592...'] [Session 34] [len=98B]
2025-09-12 17:17:11 - [BENIGN] - DEBUG - Generated Telnet SYN from h3:59374 -> h5:23 [len=54B]
2025-09-12 17:17:11 - [BENIGN] - DEBUG - Generated Telnet SYN-ACK from h5:23 <- h3:59374 [len=54B]
2025-09-12 17:17:12 - [BENIGN] - DEBUG - Generated Telnet ACK from h3:59374 -> h5:23 [len=54B]
2025-09-12 17:17:13 - [BENIGN] - DEBUG - Generated Telnet data traffic from h3:59374 -> h5:23 [content='Telnet command'] [Session 35] [len=871B]
2025-09-12 17:17:13 - [BENIGN] - DEBUG - Generated Telnet ACK reply from h5:23 <- h3:59374 [len=54B]
2025-09-12 17:17:14 - [BENIGN] - DEBUG - Generated SSH SYN from h3:49003 -> h5:22 [len=54B]
2025-09-12 17:17:15 - [BENIGN] - DEBUG - Generated SSH SYN-ACK from h5:22 <- h3:49003 [len=54B]
2025-09-12 17:17:15 - [BENIGN] - DEBUG - Generated SSH ACK from h3:49003 -> h5:22 [len=54B]
2025-09-12 17:17:16 - [BENIGN] - DEBUG - Generated SSH data traffic from h3:49003 -> h5:22 [content='SSH encrypted data'] [Session 36] [len=615B]
2025-09-12 17:17:16 - [BENIGN] - DEBUG - Generated SSH ACK reply from h5:22 <- h3:49003 [len=54B]
2025-09-12 17:17:17 - [BENIGN] - DEBUG - Generated FTP SYN from h3:36251 -> h5:21 [len=54B]
2025-09-12 17:17:18 - [BENIGN] - DEBUG - Generated FTP SYN-ACK from h5:21 <- h3:36251 [len=54B]
2025-09-12 17:17:18 - [BENIGN] - DEBUG - Generated FTP ACK from h3:36251 -> h5:21 [len=54B]
2025-09-12 17:17:19 - [BENIGN] - DEBUG - Generated FTP data traffic from h3:36251 -> h5:21 [content='FTP file transfer'] [Session 37] [len=310B]
2025-09-12 17:17:20 - [BENIGN] - DEBUG - Generated FTP ACK reply from h5:21 <- h3:36251 [len=54B]
2025-09-12 17:17:20 - [BENIGN] - DEBUG - Generated HTTP SYN from h3:24276 -> h5:80 [len=54B]
2025-09-12 17:17:21 - [BENIGN] - DEBUG - Generated HTTP SYN-ACK from h5:80 <- h3:24276 [len=54B]
2025-09-12 17:17:22 - [BENIGN] - DEBUG - Generated HTTP ACK from h3:24276 -> h5:80 [len=54B]
2025-09-12 17:17:22 - [BENIGN] - DEBUG - Generated HTTP data traffic from h3:24276 -> h5:80 [content='GET /index.html HTTP/1.1'] [Session 38] [len=499B]
2025-09-12 17:17:23 - [BENIGN] - DEBUG - Generated HTTP ACK reply from h5:80 <- h3:24276 [len=54B]
2025-09-12 17:17:23 - [BENIGN] - DEBUG - Generated HTTPS SYN from h3:52474 -> h5:443 [len=54B]
2025-09-12 17:17:24 - [BENIGN] - DEBUG - Generated HTTPS SYN-ACK from h5:443 <- h3:52474 [len=54B]
2025-09-12 17:17:25 - [BENIGN] - DEBUG - Generated HTTPS ACK from h3:52474 -> h5:443 [len=54B]
2025-09-12 17:17:25 - [BENIGN] - DEBUG - Generated HTTPS data traffic from h3:52474 -> h5:443 [content='Encrypted Application Data'] [Session 39] [len=490B]
2025-09-12 17:17:26 - [BENIGN] - DEBUG - Generated HTTPS ACK reply from h5:443 <- h3:52474 [len=54B]
2025-09-12 17:17:27 - [BENIGN] - DEBUG - Generated DNS query from h3:31226 -> h5:53 [qname='example.com'] [Session 40] [len=71B]
2025-09-12 17:17:27 - [BENIGN] - DEBUG - Generated ICMP traffic h2↔h5 5 [len=84B]
2025-09-12 17:17:27 - [BENIGN] - DEBUG - Generated TCP SYN from h3:62001 -> h5:12345 [len=54B]
2025-09-12 17:17:28 - [BENIGN] - DEBUG - Generated TCP SYN-ACK from h5:12345 <- h3:62001 [len=54B]
2025-09-12 17:17:29 - [BENIGN] - DEBUG - Generated TCP ACK from h3:62001 -> h5:12345 [len=54B]
2025-09-12 17:17:29 - [BENIGN] - DEBUG - Generated TCP data traffic from h3:62001 -> h5:12345 [content='TCP data'] [Session 41] [len=759B]
2025-09-12 17:17:30 - [BENIGN] - DEBUG - Generated TCP ACK reply from h5:12345 <- h3:62001 [len=54B]
2025-09-12 17:17:31 - [BENIGN] - DEBUG - Generated UDP traffic from h3:60583 -> h5:12346 [content='e3d3c767faa4d8756619f475fe24facc2dd06d2c...'] [Session 42] [len=97B]
2025-09-12 17:17:31 - [BENIGN] - DEBUG - Generated Telnet SYN from h3:1653 -> h5:23 [len=54B]
2025-09-12 17:17:32 - [BENIGN] - DEBUG - Generated Telnet SYN-ACK from h5:23 <- h3:1653 [len=54B]
2025-09-12 17:17:32 - [BENIGN] - DEBUG - Generated Telnet ACK from h3:1653 -> h5:23 [len=54B]
2025-09-12 17:17:33 - [BENIGN] - DEBUG - Generated Telnet data traffic from h3:1653 -> h5:23 [content='Telnet command'] [Session 43] [len=1297B]
2025-09-12 17:17:34 - [BENIGN] - DEBUG - Generated Telnet ACK reply from h5:23 <- h3:1653 [len=54B]
2025-09-12 17:17:34 - [BENIGN] - DEBUG - Generated SSH SYN from h3:41144 -> h5:22 [len=54B]
2025-09-12 17:17:35 - [BENIGN] - DEBUG - Generated SSH SYN-ACK from h5:22 <- h3:41144 [len=54B]
2025-09-12 17:17:36 - [BENIGN] - DEBUG - Generated SSH ACK from h3:41144 -> h5:22 [len=54B]
2025-09-12 17:17:36 - [BENIGN] - DEBUG - Generated SSH data traffic from h3:41144 -> h5:22 [content='SSH encrypted data'] [Session 44] [len=514B]
2025-09-12 17:17:37 - [BENIGN] - DEBUG - Generated SSH ACK reply from h5:22 <- h3:41144 [len=54B]
2025-09-12 17:17:37 - [BENIGN] - DEBUG - Generated FTP SYN from h3:58993 -> h5:21 [len=54B]
2025-09-12 17:17:38 - [BENIGN] - DEBUG - Generated FTP SYN-ACK from h5:21 <- h3:58993 [len=54B]
2025-09-12 17:17:39 - [BENIGN] - DEBUG - Generated FTP ACK from h3:58993 -> h5:21 [len=54B]
2025-09-12 17:17:39 - [BENIGN] - DEBUG - Generated FTP data traffic from h3:58993 -> h5:21 [content='FTP file transfer'] [Session 45] [len=507B]
2025-09-12 17:17:40 - [BENIGN] - DEBUG - Generated FTP ACK reply from h5:21 <- h3:58993 [len=54B]
2025-09-12 17:17:41 - [BENIGN] - DEBUG - Generated HTTP SYN from h3:24237 -> h5:80 [len=54B]
2025-09-12 17:17:41 - [BENIGN] - DEBUG - Generated HTTP SYN-ACK from h5:80 <- h3:24237 [len=54B]
2025-09-12 17:17:42 - [BENIGN] - DEBUG - Generated HTTP ACK from h3:24237 -> h5:80 [len=54B]
2025-09-12 17:17:42 - [BENIGN] - DEBUG - Generated HTTP data traffic from h3:24237 -> h5:80 [content='GET /index.html HTTP/1.1'] [Session 46] [len=541B]
2025-09-12 17:17:43 - [BENIGN] - DEBUG - Generated HTTP ACK reply from h5:80 <- h3:24237 [len=54B]
2025-09-12 17:17:44 - [BENIGN] - DEBUG - Generated HTTPS SYN from h3:4340 -> h5:443 [len=54B]
2025-09-12 17:17:44 - [BENIGN] - DEBUG - Generated HTTPS SYN-ACK from h5:443 <- h3:4340 [len=54B]
2025-09-12 17:17:45 - [BENIGN] - DEBUG - Generated HTTPS ACK from h3:4340 -> h5:443 [len=54B]
2025-09-12 17:17:46 - [BENIGN] - DEBUG - Generated HTTPS data traffic from h3:4340 -> h5:443 [content='Encrypted Application Data'] [Session 47] [len=654B]
2025-09-12 17:17:46 - [BENIGN] - DEBUG - Generated HTTPS ACK reply from h5:443 <- h3:4340 [len=54B]
2025-09-12 17:17:47 - [BENIGN] - DEBUG - Generated DNS query from h3:42805 -> h5:53 [qname='example.com'] [Session 48] [len=71B]
2025-09-12 17:17:47 - [BENIGN] - DEBUG - Generated ICMP traffic h2↔h5 6 [len=84B]
2025-09-12 17:17:48 - [BENIGN] - DEBUG - Generated TCP SYN from h3:19119 -> h5:12345 [len=54B]
2025-09-12 17:17:48 - [BENIGN] - DEBUG - Generated TCP SYN-ACK from h5:12345 <- h3:19119 [len=54B]
2025-09-12 17:17:49 - [BENIGN] - DEBUG - Generated TCP ACK from h3:19119 -> h5:12345 [len=54B]
2025-09-12 17:17:50 - [BENIGN] - DEBUG - Generated TCP data traffic from h3:19119 -> h5:12345 [content='TCP data'] [Session 49] [len=1203B]
2025-09-12 17:17:50 - [BENIGN] - DEBUG - Generated TCP ACK reply from h5:12345 <- h3:19119 [len=54B]
2025-09-12 17:17:51 - [BENIGN] - DEBUG - Generated UDP traffic from h3:55039 -> h5:12346 [content='96ba70910408e014c0f582a23b8c5c15e2ad2ce9...'] [Session 50] [len=785B]
2025-09-12 17:17:51 - [BENIGN] - DEBUG - Generated Telnet SYN from h3:13148 -> h5:23 [len=54B]
2025-09-12 17:17:52 - [BENIGN] - DEBUG - Generated Telnet SYN-ACK from h5:23 <- h3:13148 [len=54B]
2025-09-12 17:17:53 - [BENIGN] - DEBUG - Generated Telnet ACK from h3:13148 -> h5:23 [len=54B]
2025-09-12 17:17:53 - [BENIGN] - DEBUG - Generated Telnet data traffic from h3:13148 -> h5:23 [content='Telnet command'] [Session 51] [len=1262B]
2025-09-12 17:17:54 - [BENIGN] - DEBUG - Generated Telnet ACK reply from h5:23 <- h3:13148 [len=54B]
2025-09-12 17:17:55 - [BENIGN] - DEBUG - Generated SSH SYN from h3:30914 -> h5:22 [len=54B]
2025-09-12 17:17:55 - [BENIGN] - DEBUG - Generated SSH SYN-ACK from h5:22 <- h3:30914 [len=54B]
2025-09-12 17:17:56 - [BENIGN] - DEBUG - Generated SSH ACK from h3:30914 -> h5:22 [len=54B]
2025-09-12 17:17:56 - [BENIGN] - DEBUG - Generated SSH data traffic from h3:30914 -> h5:22 [content='SSH encrypted data'] [Session 52] [len=154B]
2025-09-12 17:17:57 - [BENIGN] - DEBUG - Generated SSH ACK reply from h5:22 <- h3:30914 [len=54B]
2025-09-12 17:17:58 - [BENIGN] - DEBUG - Generated FTP SYN from h3:40087 -> h5:21 [len=54B]
2025-09-12 17:17:58 - [BENIGN] - DEBUG - Generated FTP SYN-ACK from h5:21 <- h3:40087 [len=54B]
2025-09-12 17:17:59 - [BENIGN] - DEBUG - Generated FTP ACK from h3:40087 -> h5:21 [len=54B]
2025-09-12 17:18:00 - [BENIGN] - DEBUG - Generated FTP data traffic from h3:40087 -> h5:21 [content='FTP file transfer'] [Session 53] [len=693B]
2025-09-12 17:18:00 - [BENIGN] - DEBUG - Generated FTP ACK reply from h5:21 <- h3:40087 [len=54B]
2025-09-12 17:18:01 - [BENIGN] - DEBUG - Generated HTTP SYN from h3:42503 -> h5:80 [len=54B]
2025-09-12 17:18:01 - [BENIGN] - DEBUG - Generated HTTP SYN-ACK from h5:80 <- h3:42503 [len=54B]
2025-09-12 17:18:02 - [BENIGN] - DEBUG - Generated HTTP ACK from h3:42503 -> h5:80 [len=54B]
2025-09-12 17:18:03 - [BENIGN] - DEBUG - Generated HTTP data traffic from h3:42503 -> h5:80 [content='GET /index.html HTTP/1.1'] [Session 54] [len=347B]
2025-09-12 17:18:03 - [BENIGN] - DEBUG - Generated HTTP ACK reply from h5:80 <- h3:42503 [len=54B]
2025-09-12 17:18:04 - [BENIGN] - DEBUG - Generated HTTPS SYN from h3:5510 -> h5:443 [len=54B]
2025-09-12 17:18:05 - [BENIGN] - DEBUG - Generated HTTPS SYN-ACK from h5:443 <- h3:5510 [len=54B]
2025-09-12 17:18:05 - [BENIGN] - DEBUG - Generated HTTPS ACK from h3:5510 -> h5:443 [len=54B]
2025-09-12 17:18:06 - [BENIGN] - DEBUG - Generated HTTPS data traffic from h3:5510 -> h5:443 [content='Encrypted Application Data'] [Session 55] [len=609B]
2025-09-12 17:18:06 - [BENIGN] - DEBUG - Generated HTTPS ACK reply from h5:443 <- h3:5510 [len=54B]
2025-09-12 17:18:07 - [BENIGN] - DEBUG - Generated DNS query from h3:35734 -> h5:53 [qname='example.com'] [Session 56] [len=71B]
2025-09-12 17:18:07 - [BENIGN] - DEBUG - Generated ICMP traffic h2↔h5 7 [len=84B]
2025-09-12 17:18:08 - [BENIGN] - DEBUG - Generated TCP SYN from h3:39642 -> h5:12345 [len=54B]
2025-09-12 17:18:08 - [BENIGN] - DEBUG - Generated TCP SYN-ACK from h5:12345 <- h3:39642 [len=54B]
2025-09-12 17:18:09 - [BENIGN] - DEBUG - Generated TCP ACK from h3:39642 -> h5:12345 [len=54B]
2025-09-12 17:18:10 - [BENIGN] - DEBUG - Generated TCP data traffic from h3:39642 -> h5:12345 [content='TCP data'] [Session 57] [len=639B]
2025-09-12 17:18:10 - [BENIGN] - DEBUG - Generated TCP ACK reply from h5:12345 <- h3:39642 [len=54B]
2025-09-12 17:18:11 - [BENIGN] - DEBUG - Generated UDP traffic from h3:11362 -> h5:12346 [content='8edab4389d7273e1731bd672215ccf7bb9eee93e...'] [Session 58] [len=620B]
2025-09-12 17:18:12 - [BENIGN] - DEBUG - Generated Telnet SYN from h3:45065 -> h5:23 [len=54B]
2025-09-12 17:18:12 - [BENIGN] - DEBUG - Generated Telnet SYN-ACK from h5:23 <- h3:45065 [len=54B]
2025-09-12 17:18:13 - [BENIGN] - DEBUG - Generated Telnet ACK from h3:45065 -> h5:23 [len=54B]
2025-09-12 17:18:14 - [BENIGN] - DEBUG - Generated Telnet data traffic from h3:45065 -> h5:23 [content='Telnet command'] [Session 59] [len=1469B]
2025-09-12 17:18:14 - [BENIGN] - DEBUG - Generated Telnet ACK reply from h5:23 <- h3:45065 [len=54B]
2025-09-12 17:18:15 - [BENIGN] - DEBUG - Generated SSH SYN from h3:42994 -> h5:22 [len=54B]
2025-09-12 17:18:15 - [BENIGN] - DEBUG - Generated SSH SYN-ACK from h5:22 <- h3:42994 [len=54B]
2025-09-12 17:18:16 - [BENIGN] - DEBUG - Generated SSH ACK from h3:42994 -> h5:22 [len=54B]
2025-09-12 17:18:17 - [BENIGN] - DEBUG - Generated SSH data traffic from h3:42994 -> h5:22 [content='SSH encrypted data'] [Session 60] [len=425B]
2025-09-12 17:18:17 - [BENIGN] - DEBUG - Generated SSH ACK reply from h5:22 <- h3:42994 [len=54B]
2025-09-12 17:18:18 - [BENIGN] - DEBUG - Generated FTP SYN from h3:57911 -> h5:21 [len=54B]
2025-09-12 17:18:19 - [BENIGN] - DEBUG - Generated FTP SYN-ACK from h5:21 <- h3:57911 [len=54B]
2025-09-12 17:18:19 - [BENIGN] - DEBUG - Generated FTP ACK from h3:57911 -> h5:21 [len=54B]
2025-09-12 17:18:20 - [BENIGN] - DEBUG - Generated FTP data traffic from h3:57911 -> h5:21 [content='FTP file transfer'] [Session 61] [len=663B]
2025-09-12 17:18:20 - [BENIGN] - DEBUG - Generated FTP ACK reply from h5:21 <- h3:57911 [len=54B]
2025-09-12 17:18:21 - [BENIGN] - DEBUG - Generated HTTP SYN from h3:1972 -> h5:80 [len=54B]
2025-09-12 17:18:22 - [BENIGN] - DEBUG - Generated HTTP SYN-ACK from h5:80 <- h3:1972 [len=54B]
2025-09-12 17:18:22 - [BENIGN] - DEBUG - Generated HTTP ACK from h3:1972 -> h5:80 [len=54B]
2025-09-12 17:18:23 - [BENIGN] - DEBUG - Generated HTTP data traffic from h3:1972 -> h5:80 [content='GET /index.html HTTP/1.1'] [Session 62] [len=495B]
2025-09-12 17:18:24 - [BENIGN] - DEBUG - Generated HTTP ACK reply from h5:80 <- h3:1972 [len=54B]
2025-09-12 17:18:24 - [BENIGN] - DEBUG - Generated HTTPS SYN from h3:49076 -> h5:443 [len=54B]
2025-09-12 17:18:25 - [BENIGN] - DEBUG - Generated HTTPS SYN-ACK from h5:443 <- h3:49076 [len=54B]
2025-09-12 17:18:25 - [BENIGN] - DEBUG - Generated HTTPS ACK from h3:49076 -> h5:443 [len=54B]
2025-09-12 17:18:26 - [BENIGN] - DEBUG - Generated HTTPS data traffic from h3:49076 -> h5:443 [content='Encrypted Application Data'] [Session 63] [len=728B]
2025-09-12 17:18:27 - [BENIGN] - DEBUG - Generated HTTPS ACK reply from h5:443 <- h3:49076 [len=54B]
2025-09-12 17:18:27 - [BENIGN] - DEBUG - Generated DNS query from h3:64597 -> h5:53 [qname='example.com'] [Session 64] [len=71B]
2025-09-12 17:18:27 - [BENIGN] - DEBUG - Generated ICMP traffic h2↔h5 8 [len=84B]
2025-09-12 17:18:28 - [BENIGN] - DEBUG - Generated TCP SYN from h3:22017 -> h5:12345 [len=54B]
2025-09-12 17:18:29 - [BENIGN] - DEBUG - Generated TCP SYN-ACK from h5:12345 <- h3:22017 [len=54B]
2025-09-12 17:18:29 - [BENIGN] - DEBUG - Generated TCP ACK from h3:22017 -> h5:12345 [len=54B]
2025-09-12 17:18:30 - [BENIGN] - DEBUG - Generated TCP data traffic from h3:22017 -> h5:12345 [content='TCP data'] [Session 65] [len=350B]
2025-09-12 17:18:31 - [BENIGN] - DEBUG - Generated TCP ACK reply from h5:12345 <- h3:22017 [len=54B]
2025-09-12 17:18:31 - [BENIGN] - DEBUG - Generated UDP traffic from h3:9062 -> h5:12346 [content='79fa2caf453f74cda1602690c5faae0967f1299e...'] [Session 66] [len=446B]
2025-09-12 17:18:32 - [BENIGN] - DEBUG - Generated Telnet SYN from h3:30736 -> h5:23 [len=54B]
2025-09-12 17:18:32 - [BENIGN] - DEBUG - Generated Telnet SYN-ACK from h5:23 <- h3:30736 [len=54B]
2025-09-12 17:18:33 - [BENIGN] - DEBUG - Generated Telnet ACK from h3:30736 -> h5:23 [len=54B]
2025-09-12 17:18:34 - [BENIGN] - DEBUG - Generated Telnet data traffic from h3:30736 -> h5:23 [content='Telnet command'] [Session 67] [len=1335B]
2025-09-12 17:18:34 - [BENIGN] - DEBUG - Generated Telnet ACK reply from h5:23 <- h3:30736 [len=54B]
2025-09-12 17:18:35 - [BENIGN] - DEBUG - Generated SSH SYN from h3:20810 -> h5:22 [len=54B]
2025-09-12 17:18:36 - [BENIGN] - DEBUG - Generated SSH SYN-ACK from h5:22 <- h3:20810 [len=54B]
2025-09-12 17:18:36 - [BENIGN] - DEBUG - Generated SSH ACK from h3:20810 -> h5:22 [len=54B]
2025-09-12 17:18:37 - [BENIGN] - DEBUG - Generated SSH data traffic from h3:20810 -> h5:22 [content='SSH encrypted data'] [Session 68] [len=754B]
2025-09-12 17:18:37 - [BENIGN] - DEBUG - Generated SSH ACK reply from h5:22 <- h3:20810 [len=54B]
2025-09-12 17:18:38 - [BENIGN] - DEBUG - Generated FTP SYN from h3:30923 -> h5:21 [len=54B]
2025-09-12 17:18:39 - [BENIGN] - DEBUG - Generated FTP SYN-ACK from h5:21 <- h3:30923 [len=54B]
2025-09-12 17:18:39 - [BENIGN] - DEBUG - Generated FTP ACK from h3:30923 -> h5:21 [len=54B]
2025-09-12 17:18:40 - [BENIGN] - DEBUG - Generated FTP data traffic from h3:30923 -> h5:21 [content='FTP file transfer'] [Session 69] [len=1014B]
2025-09-12 17:18:41 - [BENIGN] - DEBUG - Generated FTP ACK reply from h5:21 <- h3:30923 [len=54B]
2025-09-12 17:18:41 - [BENIGN] - DEBUG - Generated HTTP SYN from h3:57442 -> h5:80 [len=54B]
2025-09-12 17:18:42 - [BENIGN] - DEBUG - Generated HTTP SYN-ACK from h5:80 <- h3:57442 [len=54B]
2025-09-12 17:18:43 - [BENIGN] - DEBUG - Generated HTTP ACK from h3:57442 -> h5:80 [len=54B]
2025-09-12 17:18:43 - [BENIGN] - DEBUG - Generated HTTP data traffic from h3:57442 -> h5:80 [content='GET /index.html HTTP/1.1'] [Session 70] [len=372B]
2025-09-12 17:18:44 - [BENIGN] - DEBUG - Generated HTTP ACK reply from h5:80 <- h3:57442 [len=54B]
2025-09-12 17:18:44 - [BENIGN] - DEBUG - Generated HTTPS SYN from h3:34503 -> h5:443 [len=54B]
2025-09-12 17:18:45 - [BENIGN] - DEBUG - Generated HTTPS SYN-ACK from h5:443 <- h3:34503 [len=54B]
2025-09-12 17:18:46 - [BENIGN] - DEBUG - Generated HTTPS ACK from h3:34503 -> h5:443 [len=54B]
2025-09-12 17:18:46 - [BENIGN] - DEBUG - Generated HTTPS data traffic from h3:34503 -> h5:443 [content='Encrypted Application Data'] [Session 71] [len=761B]
2025-09-12 17:18:47 - [BENIGN] - DEBUG - Generated HTTPS ACK reply from h5:443 <- h3:34503 [len=54B]
2025-09-12 17:18:48 - [BENIGN] - DEBUG - Generated DNS query from h3:15790 -> h5:53 [qname='example.com'] [Session 72] [len=71B]
2025-09-12 17:18:48 - [BENIGN] - DEBUG - Generated ICMP traffic h2↔h5 9 [len=84B]
2025-09-12 17:18:48 - [BENIGN] - DEBUG - Generated TCP SYN from h3:10573 -> h5:12345 [len=54B]
2025-09-12 17:18:49 - [BENIGN] - DEBUG - Generated TCP SYN-ACK from h5:12345 <- h3:10573 [len=54B]
2025-09-12 17:18:50 - [BENIGN] - DEBUG - Generated TCP ACK from h3:10573 -> h5:12345 [len=54B]
2025-09-12 17:18:50 - [BENIGN] - DEBUG - Generated TCP data traffic from h3:10573 -> h5:12345 [content='TCP data'] [Session 73] [len=776B]
2025-09-12 17:18:51 - [BENIGN] - DEBUG - Generated TCP ACK reply from h5:12345 <- h3:10573 [len=54B]
2025-09-12 17:18:51 - [BENIGN] - DEBUG - Generated UDP traffic from h3:54296 -> h5:12346 [content='84465cd2a02b9eab274b14717a6fd4beec5814f1...'] [Session 74] [len=542B]
2025-09-12 17:18:52 - [BENIGN] - DEBUG - Generated Telnet SYN from h3:55241 -> h5:23 [len=54B]
2025-09-12 17:18:53 - [BENIGN] - DEBUG - Generated Telnet SYN-ACK from h5:23 <- h3:55241 [len=54B]
2025-09-12 17:18:53 - [BENIGN] - DEBUG - Generated Telnet ACK from h3:55241 -> h5:23 [len=54B]
2025-09-12 17:18:54 - [BENIGN] - DEBUG - Generated Telnet data traffic from h3:55241 -> h5:23 [content='Telnet command'] [Session 75] [len=982B]
2025-09-12 17:18:55 - [BENIGN] - DEBUG - Generated Telnet ACK reply from h5:23 <- h3:55241 [len=54B]
2025-09-12 17:18:55 - [BENIGN] - DEBUG - Generated SSH SYN from h3:16408 -> h5:22 [len=54B]
2025-09-12 17:18:56 - [BENIGN] - DEBUG - Generated SSH SYN-ACK from h5:22 <- h3:16408 [len=54B]
2025-09-12 17:18:56 - [BENIGN] - DEBUG - Generated SSH ACK from h3:16408 -> h5:22 [len=54B]
2025-09-12 17:18:57 - [BENIGN] - DEBUG - Generated SSH data traffic from h3:16408 -> h5:22 [content='SSH encrypted data'] [Session 76] [len=1388B]
2025-09-12 17:18:58 - [BENIGN] - DEBUG - Generated SSH ACK reply from h5:22 <- h3:16408 [len=54B]
2025-09-12 17:18:58 - [BENIGN] - DEBUG - Generated FTP SYN from h3:48447 -> h5:21 [len=54B]
2025-09-12 17:18:59 - [BENIGN] - DEBUG - Generated FTP SYN-ACK from h5:21 <- h3:48447 [len=54B]
2025-09-12 17:19:00 - [BENIGN] - DEBUG - Generated FTP ACK from h3:48447 -> h5:21 [len=54B]
2025-09-12 17:19:00 - [BENIGN] - DEBUG - Generated FTP data traffic from h3:48447 -> h5:21 [content='FTP file transfer'] [Session 77] [len=1517B]
2025-09-12 17:19:01 - [BENIGN] - DEBUG - Generated FTP ACK reply from h5:21 <- h3:48447 [len=54B]
2025-09-12 17:19:01 - [BENIGN] - DEBUG - Generated HTTP SYN from h3:7789 -> h5:80 [len=54B]
2025-09-12 17:19:02 - [BENIGN] - DEBUG - Generated HTTP SYN-ACK from h5:80 <- h3:7789 [len=54B]
2025-09-12 17:19:03 - [BENIGN] - DEBUG - Generated HTTP ACK from h3:7789 -> h5:80 [len=54B]
2025-09-12 17:19:03 - [BENIGN] - DEBUG - Generated HTTP data traffic from h3:7789 -> h5:80 [content='GET /index.html HTTP/1.1'] [Session 78] [len=610B]
2025-09-12 17:19:04 - [BENIGN] - DEBUG - Generated HTTP ACK reply from h5:80 <- h3:7789 [len=54B]
2025-09-12 17:19:05 - [BENIGN] - DEBUG - Generated HTTPS SYN from h3:23698 -> h5:443 [len=54B]
2025-09-12 17:19:05 - [BENIGN] - DEBUG - Generated HTTPS SYN-ACK from h5:443 <- h3:23698 [len=54B]
2025-09-12 17:19:06 - [BENIGN] - DEBUG - Generated HTTPS ACK from h3:23698 -> h5:443 [len=54B]
2025-09-12 17:19:06 - [BENIGN] - DEBUG - Generated HTTPS data traffic from h3:23698 -> h5:443 [content='Encrypted Application Data'] [Session 79] [len=833B]
2025-09-12 17:19:07 - [BENIGN] - DEBUG - Generated HTTPS ACK reply from h5:443 <- h3:23698 [len=54B]
2025-09-12 17:19:08 - [BENIGN] - DEBUG - Generated DNS query from h3:12272 -> h5:53 [qname='example.com'] [Session 80] [len=71B]
2025-09-12 17:19:08 - [BENIGN] - INFO - Benign traffic finished.
2025-09-12 17:19:08 - [BENIGN] - INFO - Summary: 80 protocol sessions with protocol separation:
2025-09-12 17:19:08 - [BENIGN] - INFO -   - h2↔h5: ICMP ping traffic
2025-09-12 17:19:08 - [BENIGN] - INFO -   - h3↔h5: TCP/UDP traffic [TCP, UDP, Telnet, SSH, FTP, HTTP, HTTPS, DNS]
2025-09-12 17:19:08 - [BENIGN] - INFO - Total packets sent: 340
