2025-09-12 19:25:33,228 - attack_logger - INFO - Attack: Enhanced SYN Flood (11s) | h1 -> h6
2025-09-12 19:25:35,741 - attack_logger - INFO - [syn_flood] [Run ID: 44ae5615-98b2-4482-9540-dca2f0fcbf6a] Starting Enhanced SYN Flood from h1 to 192.168.30.10 for 11 seconds.
2025-09-12 19:25:35,741 - attack_logger - INFO - [syn_flood] [Run ID: 44ae5615-98b2-4482-9540-dca2f0fcbf6a] Attack Phase: Enhanced Traditional SYN Flood - Attacker: h1, Target: 192.168.30.10:80, Duration: 11s
2025-09-12 19:25:35,741 - attack_logger - INFO - [syn_flood] [Run ID: 44ae5615-98b2-4482-9540-dca2f0fcbf6a] Enhanced Features: Human-like timing, protocol compliance, network delay simulation
2025-09-12 19:25:35,741 - attack_logger - INFO - [syn_flood] [Run ID: 44ae5615-98b2-4482-9540-dca2f0fcbf6a] Session pattern: 1 phases, Circadian factor: 0.60, Workday factor: 0.60
2025-09-12 19:25:35,741 - attack_logger - DEBUG - [syn_flood] [Run ID: 44ae5615-98b2-4482-9540-dca2f0fcbf6a] Starting enhanced SYN packet generation with human-like timing
2025-09-12 19:25:35,741 - attack_logger - INFO - [syn_flood] [Run ID: 44ae5615-98b2-4482-9540-dca2f0fcbf6a] Stress phase: 3s, Advanced phase: 8s
2025-09-12 19:25:39,320 - attack_logger - INFO - [syn_flood] [Run ID: 44ae5615-98b2-4482-9540-dca2f0fcbf6a] Stress phase completed
2025-09-12 19:25:39,328 - attack_logger - INFO - [syn_flood] [Run ID: 44ae5615-98b2-4482-9540-dca2f0fcbf6a] Enhanced SYN flood process started (PID: 23573)
2025-09-12 19:25:40,374 - attack_logger - INFO - [syn_flood] [Run ID: 44ae5615-98b2-4482-9540-dca2f0fcbf6a] Attack progress: 1.1s elapsed, ~7 packets sent, Rate: 6.6 pps, Phase: active (intensity: 0.70)
2025-09-12 19:25:40,374 - attack_logger - DEBUG - [syn_flood] [Run ID: 44ae5615-98b2-4482-9540-dca2f0fcbf6a] Process stats - CPU: 0.0%, Memory: 59.9MB
2025-09-12 19:25:40,374 - attack_logger - DEBUG - [syn_flood] [Run ID: 44ae5615-98b2-4482-9540-dca2f0fcbf6a] Timing factors - Circadian: 0.60, Workday: 0.60, Adjusted rate: 7.5 pps
2025-09-12 19:25:41,401 - attack_logger - INFO - [syn_flood] [Run ID: 44ae5615-98b2-4482-9540-dca2f0fcbf6a] Attack progress: 2.1s elapsed, ~12 packets sent, Rate: 5.8 pps, Phase: active (intensity: 0.70)
2025-09-12 19:25:41,401 - attack_logger - DEBUG - [syn_flood] [Run ID: 44ae5615-98b2-4482-9540-dca2f0fcbf6a] Process stats - CPU: 0.0%, Memory: 59.9MB
2025-09-12 19:25:41,401 - attack_logger - DEBUG - [syn_flood] [Run ID: 44ae5615-98b2-4482-9540-dca2f0fcbf6a] Timing factors - Circadian: 0.60, Workday: 0.60, Adjusted rate: 6.1 pps
2025-09-12 19:25:42,448 - attack_logger - INFO - [syn_flood] [Run ID: 44ae5615-98b2-4482-9540-dca2f0fcbf6a] Attack progress: 3.1s elapsed, ~18 packets sent, Rate: 5.8 pps, Phase: active (intensity: 0.70)
2025-09-12 19:25:42,448 - attack_logger - DEBUG - [syn_flood] [Run ID: 44ae5615-98b2-4482-9540-dca2f0fcbf6a] Process stats - CPU: 0.0%, Memory: 59.9MB
2025-09-12 19:25:42,448 - attack_logger - DEBUG - [syn_flood] [Run ID: 44ae5615-98b2-4482-9540-dca2f0fcbf6a] Timing factors - Circadian: 0.60, Workday: 0.60, Adjusted rate: 6.1 pps
2025-09-12 19:25:43,485 - attack_logger - INFO - [syn_flood] [Run ID: 44ae5615-98b2-4482-9540-dca2f0fcbf6a] Attack progress: 4.2s elapsed, ~23 packets sent, Rate: 5.5 pps, Phase: active (intensity: 0.70)
2025-09-12 19:25:43,485 - attack_logger - DEBUG - [syn_flood] [Run ID: 44ae5615-98b2-4482-9540-dca2f0fcbf6a] Process stats - CPU: 0.0%, Memory: 60.2MB
2025-09-12 19:25:43,485 - attack_logger - DEBUG - [syn_flood] [Run ID: 44ae5615-98b2-4482-9540-dca2f0fcbf6a] Timing factors - Circadian: 0.60, Workday: 0.60, Adjusted rate: 5.7 pps
2025-09-12 19:25:44,502 - attack_logger - INFO - [syn_flood] [Run ID: 44ae5615-98b2-4482-9540-dca2f0fcbf6a] Attack progress: 5.2s elapsed, ~38 packets sent, Rate: 7.3 pps, Phase: active (intensity: 0.70)
2025-09-12 19:25:44,502 - attack_logger - DEBUG - [syn_flood] [Run ID: 44ae5615-98b2-4482-9540-dca2f0fcbf6a] Process stats - CPU: 0.0%, Memory: 60.2MB
2025-09-12 19:25:44,502 - attack_logger - DEBUG - [syn_flood] [Run ID: 44ae5615-98b2-4482-9540-dca2f0fcbf6a] Timing factors - Circadian: 0.60, Workday: 0.60, Adjusted rate: 7.5 pps
2025-09-12 19:25:45,511 - attack_logger - INFO - [syn_flood] [Run ID: 44ae5615-98b2-4482-9540-dca2f0fcbf6a] Attack progress: 6.2s elapsed, ~45 packets sent, Rate: 7.3 pps, Phase: active (intensity: 0.70)
2025-09-12 19:25:45,511 - attack_logger - DEBUG - [syn_flood] [Run ID: 44ae5615-98b2-4482-9540-dca2f0fcbf6a] Process stats - CPU: 0.0%, Memory: 60.2MB
2025-09-12 19:25:45,511 - attack_logger - DEBUG - [syn_flood] [Run ID: 44ae5615-98b2-4482-9540-dca2f0fcbf6a] Timing factors - Circadian: 0.60, Workday: 0.60, Adjusted rate: 7.3 pps
2025-09-12 19:25:46,513 - attack_logger - INFO - [syn_flood] [Run ID: 44ae5615-98b2-4482-9540-dca2f0fcbf6a] Attack progress: 7.2s elapsed, ~44 packets sent, Rate: 6.1 pps, Phase: active (intensity: 0.70)
2025-09-12 19:25:46,513 - attack_logger - DEBUG - [syn_flood] [Run ID: 44ae5615-98b2-4482-9540-dca2f0fcbf6a] Process stats - CPU: 0.0%, Memory: 60.2MB
2025-09-12 19:25:46,513 - attack_logger - DEBUG - [syn_flood] [Run ID: 44ae5615-98b2-4482-9540-dca2f0fcbf6a] Timing factors - Circadian: 0.60, Workday: 0.60, Adjusted rate: 6.2 pps
2025-09-12 19:25:47,415 - attack_logger - DEBUG - [syn_flood] [Run ID: 44ae5615-98b2-4482-9540-dca2f0fcbf6a] Sent SIGINT to SYN flood process 23573
2025-09-12 19:25:47,917 - attack_logger - INFO - [syn_flood] [Run ID: 44ae5615-98b2-4482-9540-dca2f0fcbf6a] Enhanced SYN Flood from h1 to 192.168.30.10 finished.
2025-09-12 19:25:47,917 - attack_logger - INFO - [syn_flood] [Run ID: 44ae5615-98b2-4482-9540-dca2f0fcbf6a] Attack completed. Total packets sent = 67, Average rate = 8.28 packets/sec.
2025-09-12 19:25:47,917 - attack_logger - INFO - [syn_flood] [Run ID: 44ae5615-98b2-4482-9540-dca2f0fcbf6a] --- Enhanced Attack Summary ---
2025-09-12 19:25:47,917 - attack_logger - INFO - [syn_flood] [Run ID: 44ae5615-98b2-4482-9540-dca2f0fcbf6a] Total packets sent: 67
2025-09-12 19:25:47,917 - attack_logger - INFO - [syn_flood] [Run ID: 44ae5615-98b2-4482-9540-dca2f0fcbf6a] Actual duration: 8.09s
2025-09-12 19:25:47,917 - attack_logger - INFO - [syn_flood] [Run ID: 44ae5615-98b2-4482-9540-dca2f0fcbf6a] Average rate: 8.28 packets/sec
2025-09-12 19:25:47,918 - attack_logger - INFO - [syn_flood] [Run ID: 44ae5615-98b2-4482-9540-dca2f0fcbf6a] Base rate: 23.2 pps
2025-09-12 19:25:47,918 - attack_logger - INFO - [syn_flood] [Run ID: 44ae5615-98b2-4482-9540-dca2f0fcbf6a] Circadian factor: 0.60
2025-09-12 19:25:47,918 - attack_logger - INFO - [syn_flood] [Run ID: 44ae5615-98b2-4482-9540-dca2f0fcbf6a] Workday factor: 0.60
2025-09-12 19:25:47,918 - attack_logger - INFO - [syn_flood] [Run ID: 44ae5615-98b2-4482-9540-dca2f0fcbf6a] Session phases: 1
2025-09-12 19:25:47,918 - attack_logger - INFO - [syn_flood] [Run ID: 44ae5615-98b2-4482-9540-dca2f0fcbf6a] Target port: 80
2025-09-12 19:25:47,918 - attack_logger - INFO - [syn_flood] [Run ID: 44ae5615-98b2-4482-9540-dca2f0fcbf6a] Attack method: Enhanced SYN Flood with Human-like Timing
2025-09-12 19:25:47,918 - attack_logger - INFO - [syn_flood] [Run ID: 44ae5615-98b2-4482-9540-dca2f0fcbf6a] Enhancement features: Human timing patterns, protocol compliance, network delay simulation
2025-09-12 19:25:47,918 - attack_logger - INFO - [syn_flood] [Run ID: 44ae5615-98b2-4482-9540-dca2f0fcbf6a] TCP options: MSS, WScale, Timestamp, SAckOK
2025-09-12 19:25:47,918 - attack_logger - INFO - [syn_flood] [Run ID: 44ae5615-98b2-4482-9540-dca2f0fcbf6a] ----------------------------------------
2025-09-12 19:25:47,992 - attack_logger - INFO - Attack: Enhanced SYN Flood completed.
2025-09-12 19:25:47,992 - attack_logger - INFO - Attack: Enhanced UDP Flood (22s) | h1 -> h6
2025-09-12 19:25:50,508 - attack_logger - INFO - [udp_flood] [Run ID: 3db878e2-885b-43fd-8dfc-1dc9d485e676] Starting Enhanced UDP Flood from h1 to 192.168.30.10 for 22 seconds.
2025-09-12 19:25:50,508 - attack_logger - INFO - [udp_flood] [Run ID: 3db878e2-885b-43fd-8dfc-1dc9d485e676] Attack Phase: Enhanced Traditional UDP Flood - Attacker: h1, Target: 192.168.30.10:53, Duration: 22s
2025-09-12 19:25:50,508 - attack_logger - INFO - [udp_flood] [Run ID: 3db878e2-885b-43fd-8dfc-1dc9d485e676] Enhanced Features: Human-like timing, protocol compliance, network delay simulation
2025-09-12 19:25:50,508 - attack_logger - INFO - [udp_flood] [Run ID: 3db878e2-885b-43fd-8dfc-1dc9d485e676] Stress phase: 6s, Advanced phase: 16s
2025-09-12 19:25:57,078 - attack_logger - INFO - [udp_flood] [Run ID: 3db878e2-885b-43fd-8dfc-1dc9d485e676] Stress phase completed
2025-09-12 19:25:57,078 - attack_logger - INFO - [udp_flood] [Run ID: 3db878e2-885b-43fd-8dfc-1dc9d485e676] Session pattern: 1 phases, Circadian factor: 0.60, Workday factor: 0.60
2025-09-12 19:25:57,078 - attack_logger - DEBUG - [udp_flood] [Run ID: 3db878e2-885b-43fd-8dfc-1dc9d485e676] Starting enhanced UDP packet generation with human-like timing
2025-09-12 19:25:57,086 - attack_logger - INFO - [udp_flood] [Run ID: 3db878e2-885b-43fd-8dfc-1dc9d485e676] Enhanced UDP flood process started (PID: 23582)
2025-09-12 19:26:00,087 - attack_logger - INFO - [udp_flood] [Run ID: 3db878e2-885b-43fd-8dfc-1dc9d485e676] Attack progress: 3.0s elapsed, ~19 packets sent, Rate: 6.3 pps, Phase: active (intensity: 0.75)
2025-09-12 19:26:00,087 - attack_logger - DEBUG - [udp_flood] [Run ID: 3db878e2-885b-43fd-8dfc-1dc9d485e676] Process stats - CPU: 0.0%, Memory: 60.3MB
2025-09-12 19:26:00,087 - attack_logger - DEBUG - [udp_flood] [Run ID: 3db878e2-885b-43fd-8dfc-1dc9d485e676] Timing factors - Circadian: 0.60, Workday: 0.60, Adjusted rate: 6.5 pps
2025-09-12 19:26:03,115 - attack_logger - INFO - [udp_flood] [Run ID: 3db878e2-885b-43fd-8dfc-1dc9d485e676] Attack progress: 6.0s elapsed, ~37 packets sent, Rate: 6.1 pps, Phase: active (intensity: 0.75)
2025-09-12 19:26:03,115 - attack_logger - DEBUG - [udp_flood] [Run ID: 3db878e2-885b-43fd-8dfc-1dc9d485e676] Process stats - CPU: 0.0%, Memory: 60.5MB
2025-09-12 19:26:03,115 - attack_logger - DEBUG - [udp_flood] [Run ID: 3db878e2-885b-43fd-8dfc-1dc9d485e676] Timing factors - Circadian: 0.60, Workday: 0.60, Adjusted rate: 6.3 pps
2025-09-12 19:26:06,166 - attack_logger - INFO - [udp_flood] [Run ID: 3db878e2-885b-43fd-8dfc-1dc9d485e676] Attack progress: 9.1s elapsed, ~69 packets sent, Rate: 7.6 pps, Phase: active (intensity: 0.75)
2025-09-12 19:26:06,166 - attack_logger - DEBUG - [udp_flood] [Run ID: 3db878e2-885b-43fd-8dfc-1dc9d485e676] Process stats - CPU: 0.0%, Memory: 60.5MB
2025-09-12 19:26:06,166 - attack_logger - DEBUG - [udp_flood] [Run ID: 3db878e2-885b-43fd-8dfc-1dc9d485e676] Timing factors - Circadian: 0.60, Workday: 0.60, Adjusted rate: 7.6 pps
2025-09-12 19:26:09,200 - attack_logger - INFO - [udp_flood] [Run ID: 3db878e2-885b-43fd-8dfc-1dc9d485e676] Attack progress: 12.1s elapsed, ~72 packets sent, Rate: 5.9 pps, Phase: active (intensity: 0.75)
2025-09-12 19:26:09,200 - attack_logger - DEBUG - [udp_flood] [Run ID: 3db878e2-885b-43fd-8dfc-1dc9d485e676] Process stats - CPU: 0.0%, Memory: 60.5MB
2025-09-12 19:26:09,200 - attack_logger - DEBUG - [udp_flood] [Run ID: 3db878e2-885b-43fd-8dfc-1dc9d485e676] Timing factors - Circadian: 0.60, Workday: 0.60, Adjusted rate: 6.0 pps
2025-09-12 19:26:12,275 - attack_logger - INFO - [udp_flood] [Run ID: 3db878e2-885b-43fd-8dfc-1dc9d485e676] Attack progress: 15.2s elapsed, ~117 packets sent, Rate: 7.7 pps, Phase: active (intensity: 0.75)
2025-09-12 19:26:12,275 - attack_logger - DEBUG - [udp_flood] [Run ID: 3db878e2-885b-43fd-8dfc-1dc9d485e676] Process stats - CPU: 0.0%, Memory: 60.5MB
2025-09-12 19:26:12,275 - attack_logger - DEBUG - [udp_flood] [Run ID: 3db878e2-885b-43fd-8dfc-1dc9d485e676] Timing factors - Circadian: 0.60, Workday: 0.60, Adjusted rate: 7.7 pps
2025-09-12 19:26:13,128 - attack_logger - DEBUG - [udp_flood] [Run ID: 3db878e2-885b-43fd-8dfc-1dc9d485e676] Sent SIGINT to UDP flood process 23582
2025-09-12 19:26:13,629 - attack_logger - INFO - [udp_flood] [Run ID: 3db878e2-885b-43fd-8dfc-1dc9d485e676] Enhanced UDP Flood from h1 to 192.168.30.10 finished.
2025-09-12 19:26:13,629 - attack_logger - INFO - [udp_flood] [Run ID: 3db878e2-885b-43fd-8dfc-1dc9d485e676] Attack completed. Total packets sent = 117, Average rate = 7.29 packets/sec.
2025-09-12 19:26:13,629 - attack_logger - INFO - [udp_flood] [Run ID: 3db878e2-885b-43fd-8dfc-1dc9d485e676] --- Enhanced Attack Summary ---
2025-09-12 19:26:13,630 - attack_logger - INFO - [udp_flood] [Run ID: 3db878e2-885b-43fd-8dfc-1dc9d485e676] Total packets sent: 117
2025-09-12 19:26:13,630 - attack_logger - INFO - [udp_flood] [Run ID: 3db878e2-885b-43fd-8dfc-1dc9d485e676] Actual duration: 16.05s
2025-09-12 19:26:13,630 - attack_logger - INFO - [udp_flood] [Run ID: 3db878e2-885b-43fd-8dfc-1dc9d485e676] Average rate: 7.29 packets/sec
2025-09-12 19:26:13,630 - attack_logger - INFO - [udp_flood] [Run ID: 3db878e2-885b-43fd-8dfc-1dc9d485e676] Base rate: 20.4 pps
2025-09-12 19:26:13,630 - attack_logger - INFO - [udp_flood] [Run ID: 3db878e2-885b-43fd-8dfc-1dc9d485e676] Circadian factor: 0.60
2025-09-12 19:26:13,630 - attack_logger - INFO - [udp_flood] [Run ID: 3db878e2-885b-43fd-8dfc-1dc9d485e676] Workday factor: 0.60
2025-09-12 19:26:13,630 - attack_logger - INFO - [udp_flood] [Run ID: 3db878e2-885b-43fd-8dfc-1dc9d485e676] Session phases: 1
2025-09-12 19:26:13,630 - attack_logger - INFO - [udp_flood] [Run ID: 3db878e2-885b-43fd-8dfc-1dc9d485e676] Target port: 53 (DNS)
2025-09-12 19:26:13,630 - attack_logger - INFO - [udp_flood] [Run ID: 3db878e2-885b-43fd-8dfc-1dc9d485e676] Attack method: Enhanced UDP Flood with Human-like Timing
2025-09-12 19:26:13,630 - attack_logger - INFO - [udp_flood] [Run ID: 3db878e2-885b-43fd-8dfc-1dc9d485e676] Enhancement features: Human timing patterns, protocol compliance, network delay simulation
2025-09-12 19:26:13,630 - attack_logger - INFO - [udp_flood] [Run ID: 3db878e2-885b-43fd-8dfc-1dc9d485e676] DNS payloads: Realistic query patterns with varied domains
2025-09-12 19:26:13,630 - attack_logger - INFO - [udp_flood] [Run ID: 3db878e2-885b-43fd-8dfc-1dc9d485e676] ----------------------------------------
2025-09-12 19:26:13,712 - attack_logger - INFO - Attack: Enhanced UDP Flood completed.
2025-09-12 19:26:13,712 - attack_logger - INFO - Attack: Enhanced ICMP Flood (11s) | h1 -> h4
2025-09-12 19:26:16,226 - attack_logger - INFO - [icmp_flood] [Run ID: f97bf19e-c152-4bfd-b7d2-01345cea0011] Starting Enhanced ICMP Flood with RFC 1918 IP Rotation from h1 to 192.168.20.12 for 11 seconds.
2025-09-12 19:26:16,226 - attack_logger - INFO - [icmp_flood] [Run ID: f97bf19e-c152-4bfd-b7d2-01345cea0011] Attack Phase: Enhanced Traditional ICMP Flood - Attacker: h1, Target: 192.168.20.12, Duration: 11s
2025-09-12 19:26:16,226 - attack_logger - INFO - [icmp_flood] [Run ID: f97bf19e-c152-4bfd-b7d2-01345cea0011] Enhanced Features: RFC 1918 IP rotation, human-like timing, protocol compliance, network delay simulation
2025-09-12 19:26:16,226 - attack_logger - INFO - [icmp_flood] [Run ID: f97bf19e-c152-4bfd-b7d2-01345cea0011] IP Pool Size: 50 source IPs from RFC 1918 ranges (10.0.0.0/8, 172.16.0.0/12, 192.168.0.0/16)
2025-09-12 19:26:16,226 - attack_logger - INFO - [icmp_flood] [Run ID: f97bf19e-c152-4bfd-b7d2-01345cea0011] Stress phase total: 3s (host: 1s, gateway: 2s), Advanced phase: 8s
2025-09-12 19:26:17,818 - attack_logger - INFO - [icmp_flood] [Run ID: f97bf19e-c152-4bfd-b7d2-01345cea0011] Host stress sub-phase completed
2025-09-12 19:26:20,404 - attack_logger - INFO - [icmp_flood] [Run ID: f97bf19e-c152-4bfd-b7d2-01345cea0011] Gateway stress sub-phase completed
2025-09-12 19:26:20,404 - attack_logger - INFO - [icmp_flood] [Run ID: f97bf19e-c152-4bfd-b7d2-01345cea0011] Session pattern: 1 phases, Circadian factor: 0.60, Workday factor: 0.60
2025-09-12 19:26:20,404 - attack_logger - DEBUG - [icmp_flood] [Run ID: f97bf19e-c152-4bfd-b7d2-01345cea0011] Starting enhanced ICMP packet generation with IP rotation and human-like timing
2025-09-12 19:26:20,411 - attack_logger - INFO - [icmp_flood] [Run ID: f97bf19e-c152-4bfd-b7d2-01345cea0011] Enhanced ICMP flood with IP rotation process started (PID: 23595)
2025-09-12 19:26:21,461 - attack_logger - INFO - [icmp_flood] [Run ID: f97bf19e-c152-4bfd-b7d2-01345cea0011] Attack progress: 1.1s elapsed, ~9 packets sent, Rate: 8.5 pps, IP rotations: ~0, Phase: active (intensity: 0.98)
2025-09-12 19:26:21,461 - attack_logger - DEBUG - [icmp_flood] [Run ID: f97bf19e-c152-4bfd-b7d2-01345cea0011] Process stats - CPU: 0.0%, Memory: 60.1MB
2025-09-12 19:26:21,461 - attack_logger - DEBUG - [icmp_flood] [Run ID: f97bf19e-c152-4bfd-b7d2-01345cea0011] Timing factors - Circadian: 0.60, Workday: 0.60, Adjusted rate: 8.5 pps
2025-09-12 19:26:22,492 - attack_logger - INFO - [icmp_flood] [Run ID: f97bf19e-c152-4bfd-b7d2-01345cea0011] Attack progress: 2.1s elapsed, ~15 packets sent, Rate: 7.2 pps, IP rotations: ~1, Phase: active (intensity: 0.98)
2025-09-12 19:26:22,492 - attack_logger - DEBUG - [icmp_flood] [Run ID: f97bf19e-c152-4bfd-b7d2-01345cea0011] Process stats - CPU: 0.0%, Memory: 60.1MB
2025-09-12 19:26:22,492 - attack_logger - DEBUG - [icmp_flood] [Run ID: f97bf19e-c152-4bfd-b7d2-01345cea0011] Timing factors - Circadian: 0.60, Workday: 0.60, Adjusted rate: 7.4 pps
2025-09-12 19:26:23,536 - attack_logger - INFO - [icmp_flood] [Run ID: f97bf19e-c152-4bfd-b7d2-01345cea0011] Attack progress: 3.1s elapsed, ~28 packets sent, Rate: 8.9 pps, IP rotations: ~1, Phase: active (intensity: 0.98)
2025-09-12 19:26:23,536 - attack_logger - DEBUG - [icmp_flood] [Run ID: f97bf19e-c152-4bfd-b7d2-01345cea0011] Process stats - CPU: 0.0%, Memory: 60.1MB
2025-09-12 19:26:23,536 - attack_logger - DEBUG - [icmp_flood] [Run ID: f97bf19e-c152-4bfd-b7d2-01345cea0011] Timing factors - Circadian: 0.60, Workday: 0.60, Adjusted rate: 9.2 pps
2025-09-12 19:26:24,541 - attack_logger - INFO - [icmp_flood] [Run ID: f97bf19e-c152-4bfd-b7d2-01345cea0011] Attack progress: 4.1s elapsed, ~31 packets sent, Rate: 7.5 pps, IP rotations: ~2, Phase: active (intensity: 0.98)
2025-09-12 19:26:24,541 - attack_logger - DEBUG - [icmp_flood] [Run ID: f97bf19e-c152-4bfd-b7d2-01345cea0011] Process stats - CPU: 0.0%, Memory: 60.1MB
2025-09-12 19:26:24,541 - attack_logger - DEBUG - [icmp_flood] [Run ID: f97bf19e-c152-4bfd-b7d2-01345cea0011] Timing factors - Circadian: 0.60, Workday: 0.60, Adjusted rate: 7.7 pps
2025-09-12 19:26:25,554 - attack_logger - INFO - [icmp_flood] [Run ID: f97bf19e-c152-4bfd-b7d2-01345cea0011] Attack progress: 5.2s elapsed, ~43 packets sent, Rate: 8.3 pps, IP rotations: ~2, Phase: active (intensity: 0.98)
2025-09-12 19:26:25,555 - attack_logger - DEBUG - [icmp_flood] [Run ID: f97bf19e-c152-4bfd-b7d2-01345cea0011] Process stats - CPU: 0.0%, Memory: 60.1MB
2025-09-12 19:26:25,555 - attack_logger - DEBUG - [icmp_flood] [Run ID: f97bf19e-c152-4bfd-b7d2-01345cea0011] Timing factors - Circadian: 0.60, Workday: 0.60, Adjusted rate: 8.4 pps
2025-09-12 19:26:26,597 - attack_logger - INFO - [icmp_flood] [Run ID: f97bf19e-c152-4bfd-b7d2-01345cea0011] Attack progress: 6.2s elapsed, ~45 packets sent, Rate: 7.3 pps, IP rotations: ~3, Phase: active (intensity: 0.98)
2025-09-12 19:26:26,597 - attack_logger - DEBUG - [icmp_flood] [Run ID: f97bf19e-c152-4bfd-b7d2-01345cea0011] Process stats - CPU: 0.0%, Memory: 60.1MB
2025-09-12 19:26:26,597 - attack_logger - DEBUG - [icmp_flood] [Run ID: f97bf19e-c152-4bfd-b7d2-01345cea0011] Timing factors - Circadian: 0.60, Workday: 0.60, Adjusted rate: 7.4 pps
2025-09-12 19:26:27,654 - attack_logger - INFO - [icmp_flood] [Run ID: f97bf19e-c152-4bfd-b7d2-01345cea0011] Attack progress: 7.2s elapsed, ~67 packets sent, Rate: 9.2 pps, IP rotations: ~4, Phase: active (intensity: 0.98)
2025-09-12 19:26:27,654 - attack_logger - DEBUG - [icmp_flood] [Run ID: f97bf19e-c152-4bfd-b7d2-01345cea0011] Process stats - CPU: 0.0%, Memory: 60.1MB
2025-09-12 19:26:27,654 - attack_logger - DEBUG - [icmp_flood] [Run ID: f97bf19e-c152-4bfd-b7d2-01345cea0011] Timing factors - Circadian: 0.60, Workday: 0.60, Adjusted rate: 9.2 pps
2025-09-12 19:26:28,415 - attack_logger - DEBUG - [icmp_flood] [Run ID: f97bf19e-c152-4bfd-b7d2-01345cea0011] Sent SIGINT to ICMP flood process 23595
2025-09-12 19:26:28,917 - attack_logger - INFO - [icmp_flood] [Run ID: f97bf19e-c152-4bfd-b7d2-01345cea0011] Enhanced ICMP Flood with RFC 1918 IP Rotation from h1 to 192.168.20.12 finished.
2025-09-12 19:26:28,917 - attack_logger - INFO - [icmp_flood] [Run ID: f97bf19e-c152-4bfd-b7d2-01345cea0011] Attack completed. Total packets sent = 64, Average rate = 7.99 packets/sec.
2025-09-12 19:26:28,917 - attack_logger - INFO - [icmp_flood] [Run ID: f97bf19e-c152-4bfd-b7d2-01345cea0011] --- Enhanced Attack Summary ---
2025-09-12 19:26:28,917 - attack_logger - INFO - [icmp_flood] [Run ID: f97bf19e-c152-4bfd-b7d2-01345cea0011] Total packets sent: 64
2025-09-12 19:26:28,917 - attack_logger - INFO - [icmp_flood] [Run ID: f97bf19e-c152-4bfd-b7d2-01345cea0011] Total IP rotations: ~4
2025-09-12 19:26:28,917 - attack_logger - INFO - [icmp_flood] [Run ID: f97bf19e-c152-4bfd-b7d2-01345cea0011] RFC 1918 IP pool size: 50
2025-09-12 19:26:28,917 - attack_logger - INFO - [icmp_flood] [Run ID: f97bf19e-c152-4bfd-b7d2-01345cea0011] IP ranges used: 10.0.0.0/8, 172.16.0.0/12, 192.168.0.0/16
2025-09-12 19:26:28,917 - attack_logger - INFO - [icmp_flood] [Run ID: f97bf19e-c152-4bfd-b7d2-01345cea0011] Actual duration: 8.01s
2025-09-12 19:26:28,917 - attack_logger - INFO - [icmp_flood] [Run ID: f97bf19e-c152-4bfd-b7d2-01345cea0011] Average rate: 7.99 packets/sec
2025-09-12 19:26:28,917 - attack_logger - INFO - [icmp_flood] [Run ID: f97bf19e-c152-4bfd-b7d2-01345cea0011] Base rate: 22.3 pps
2025-09-12 19:26:28,917 - attack_logger - INFO - [icmp_flood] [Run ID: f97bf19e-c152-4bfd-b7d2-01345cea0011] Circadian factor: 0.60
2025-09-12 19:26:28,917 - attack_logger - INFO - [icmp_flood] [Run ID: f97bf19e-c152-4bfd-b7d2-01345cea0011] Workday factor: 0.60
2025-09-12 19:26:28,918 - attack_logger - INFO - [icmp_flood] [Run ID: f97bf19e-c152-4bfd-b7d2-01345cea0011] Session phases: 1
2025-09-12 19:26:28,918 - attack_logger - INFO - [icmp_flood] [Run ID: f97bf19e-c152-4bfd-b7d2-01345cea0011] ICMP type: Echo Request (8) with ID/Seq variations
2025-09-12 19:26:28,918 - attack_logger - INFO - [icmp_flood] [Run ID: f97bf19e-c152-4bfd-b7d2-01345cea0011] Attack method: Enhanced ICMP Flood with RFC 1918 IP Rotation
2025-09-12 19:26:28,918 - attack_logger - INFO - [icmp_flood] [Run ID: f97bf19e-c152-4bfd-b7d2-01345cea0011] Enhancement features: RFC 1918 IP rotation, human timing patterns, protocol compliance, network delay simulation
2025-09-12 19:26:28,918 - attack_logger - INFO - [icmp_flood] [Run ID: f97bf19e-c152-4bfd-b7d2-01345cea0011] ----------------------------------------
2025-09-12 19:26:28,959 - attack_logger - INFO - Attack: Enhanced ICMP Flood completed.
2025-09-12 19:26:29,471 - attack_logger - INFO - Attack: ENHANCED Adversarial TCP State Exhaustion (8s) | h1 -> h6
2025-09-12 19:26:40,684 - attack_logger - INFO - Attack: ENHANCED Adversarial Application Layer (3s) | h1 -> h6
2025-09-12 19:26:46,929 - attack_logger - INFO - Attack: ENHANCED Adversarial Slow Read (9s) | h1 -> h6
2025-09-12 19:26:59,179 - attack_logger - INFO - Attack: ENHANCED Adversarial Slow Read completed.
