2025-09-12 19:22:10 - [BENIGN] - INFO - Starting benign traffic for 200 seconds...
2025-09-12 19:22:10 - [BENIGN] - INFO - Protocol separation: h2↔h5 (ICMP), h3↔h5 (TCP/UDP)
2025-09-12 19:22:10 - [BENIGN] - DEBUG - Generated ICMP traffic h2↔h5 0 [len=84B]
2025-09-12 19:22:11 - [BENIGN] - DEBUG - Generated TCP SYN from h3:42479 -> h5:12345 [len=54B]
2025-09-12 19:22:11 - [BENIGN] - DEBUG - Generated TCP SYN-ACK from h5:12345 <- h3:42479 [len=54B]
2025-09-12 19:22:12 - [BENIGN] - DEBUG - Generated TCP ACK from h3:42479 -> h5:12345 [len=54B]
2025-09-12 19:22:13 - [BENIGN] - DEBUG - Generated TCP data traffic from h3:42479 -> h5:12345 [content='TCP data'] [Session 1] [len=558B]
2025-09-12 19:22:13 - [BENIGN] - DEBUG - Generated TCP ACK reply from h5:12345 <- h3:42479 [len=54B]
2025-09-12 19:22:14 - [BENIGN] - DEBUG - Generated UDP traffic from h3:43671 -> h5:12346 [content='1c20daec9e290a89107d1efb7b91719ee51c3534...'] [Session 2] [len=617B]
2025-09-12 19:22:14 - [BENIGN] - DEBUG - Generated Telnet SYN from h3:19294 -> h5:23 [len=54B]
2025-09-12 19:22:15 - [BENIGN] - DEBUG - Generated Telnet SYN-ACK from h5:23 <- h3:19294 [len=54B]
2025-09-12 19:22:16 - [BENIGN] - DEBUG - Generated Telnet ACK from h3:19294 -> h5:23 [len=54B]
2025-09-12 19:22:16 - [BENIGN] - DEBUG - Generated Telnet data traffic from h3:19294 -> h5:23 [content='Telnet command'] [Session 3] [len=331B]
2025-09-12 19:22:17 - [BENIGN] - DEBUG - Generated Telnet ACK reply from h5:23 <- h3:19294 [len=54B]
2025-09-12 19:22:18 - [BENIGN] - DEBUG - Generated SSH SYN from h3:34586 -> h5:22 [len=54B]
2025-09-12 19:22:18 - [BENIGN] - DEBUG - Generated SSH SYN-ACK from h5:22 <- h3:34586 [len=54B]
2025-09-12 19:22:19 - [BENIGN] - DEBUG - Generated SSH ACK from h3:34586 -> h5:22 [len=54B]
2025-09-12 19:22:20 - [BENIGN] - DEBUG - Generated SSH data traffic from h3:34586 -> h5:22 [content='SSH encrypted data'] [Session 4] [len=859B]
2025-09-12 19:22:20 - [BENIGN] - DEBUG - Generated SSH ACK reply from h5:22 <- h3:34586 [len=54B]
2025-09-12 19:22:21 - [BENIGN] - DEBUG - Generated FTP SYN from h3:19849 -> h5:21 [len=54B]
2025-09-12 19:22:22 - [BENIGN] - DEBUG - Generated FTP SYN-ACK from h5:21 <- h3:19849 [len=54B]
2025-09-12 19:22:22 - [BENIGN] - DEBUG - Generated FTP ACK from h3:19849 -> h5:21 [len=54B]
2025-09-12 19:22:23 - [BENIGN] - DEBUG - Generated FTP data traffic from h3:19849 -> h5:21 [content='FTP file transfer'] [Session 5] [len=137B]
2025-09-12 19:22:23 - [BENIGN] - DEBUG - Generated FTP ACK reply from h5:21 <- h3:19849 [len=54B]
2025-09-12 19:22:24 - [BENIGN] - DEBUG - Generated HTTP SYN from h3:24813 -> h5:80 [len=54B]
2025-09-12 19:22:25 - [BENIGN] - DEBUG - Generated HTTP SYN-ACK from h5:80 <- h3:24813 [len=54B]
2025-09-12 19:22:25 - [BENIGN] - DEBUG - Generated HTTP ACK from h3:24813 -> h5:80 [len=54B]
2025-09-12 19:22:26 - [BENIGN] - DEBUG - Generated HTTP data traffic from h3:24813 -> h5:80 [content='GET /index.html HTTP/1.1'] [Session 6] [len=435B]
2025-09-12 19:22:27 - [BENIGN] - DEBUG - Generated HTTP ACK reply from h5:80 <- h3:24813 [len=54B]
2025-09-12 19:22:27 - [BENIGN] - DEBUG - Generated HTTPS SYN from h3:48825 -> h5:443 [len=54B]
2025-09-12 19:22:28 - [BENIGN] - DEBUG - Generated HTTPS SYN-ACK from h5:443 <- h3:48825 [len=54B]
2025-09-12 19:22:28 - [BENIGN] - DEBUG - Generated HTTPS ACK from h3:48825 -> h5:443 [len=54B]
2025-09-12 19:22:29 - [BENIGN] - DEBUG - Generated HTTPS data traffic from h3:48825 -> h5:443 [content='Encrypted Application Data'] [Session 7] [len=362B]
2025-09-12 19:22:30 - [BENIGN] - DEBUG - Generated HTTPS ACK reply from h5:443 <- h3:48825 [len=54B]
2025-09-12 19:22:30 - [BENIGN] - DEBUG - Generated DNS query from h3:35656 -> h5:53 [qname='example.com'] [Session 8] [len=71B]
2025-09-12 19:22:30 - [BENIGN] - DEBUG - Generated ICMP traffic h2↔h5 1 [len=84B]
2025-09-12 19:22:31 - [BENIGN] - DEBUG - Generated TCP SYN from h3:9422 -> h5:12345 [len=54B]
2025-09-12 19:22:32 - [BENIGN] - DEBUG - Generated TCP SYN-ACK from h5:12345 <- h3:9422 [len=54B]
2025-09-12 19:22:32 - [BENIGN] - DEBUG - Generated TCP ACK from h3:9422 -> h5:12345 [len=54B]
2025-09-12 19:22:33 - [BENIGN] - DEBUG - Generated TCP data traffic from h3:9422 -> h5:12345 [content='TCP data'] [Session 9] [len=1298B]
2025-09-12 19:22:34 - [BENIGN] - DEBUG - Generated TCP ACK reply from h5:12345 <- h3:9422 [len=54B]
2025-09-12 19:22:34 - [BENIGN] - DEBUG - Generated UDP traffic from h3:4980 -> h5:12346 [content='0fb0d56639251cc7440d5692e50b7084838c3de5...'] [Session 10] [len=609B]
2025-09-12 19:22:35 - [BENIGN] - DEBUG - Generated Telnet SYN from h3:45180 -> h5:23 [len=54B]
2025-09-12 19:22:35 - [BENIGN] - DEBUG - Generated Telnet SYN-ACK from h5:23 <- h3:45180 [len=54B]
2025-09-12 19:22:36 - [BENIGN] - DEBUG - Generated Telnet ACK from h3:45180 -> h5:23 [len=54B]
2025-09-12 19:22:37 - [BENIGN] - DEBUG - Generated Telnet data traffic from h3:45180 -> h5:23 [content='Telnet command'] [Session 11] [len=619B]
2025-09-12 19:22:37 - [BENIGN] - DEBUG - Generated Telnet ACK reply from h5:23 <- h3:45180 [len=54B]
2025-09-12 19:22:38 - [BENIGN] - DEBUG - Generated SSH SYN from h3:42050 -> h5:22 [len=54B]
2025-09-12 19:22:38 - [BENIGN] - DEBUG - Generated SSH SYN-ACK from h5:22 <- h3:42050 [len=54B]
2025-09-12 19:22:39 - [BENIGN] - DEBUG - Generated SSH ACK from h3:42050 -> h5:22 [len=54B]
2025-09-12 19:22:40 - [BENIGN] - DEBUG - Generated SSH data traffic from h3:42050 -> h5:22 [content='SSH encrypted data'] [Session 12] [len=577B]
2025-09-12 19:22:40 - [BENIGN] - DEBUG - Generated SSH ACK reply from h5:22 <- h3:42050 [len=54B]
2025-09-12 19:22:41 - [BENIGN] - DEBUG - Generated FTP SYN from h3:33915 -> h5:21 [len=54B]
2025-09-12 19:22:42 - [BENIGN] - DEBUG - Generated FTP SYN-ACK from h5:21 <- h3:33915 [len=54B]
2025-09-12 19:22:42 - [BENIGN] - DEBUG - Generated FTP ACK from h3:33915 -> h5:21 [len=54B]
2025-09-12 19:22:43 - [BENIGN] - DEBUG - Generated FTP data traffic from h3:33915 -> h5:21 [content='FTP file transfer'] [Session 13] [len=350B]
2025-09-12 19:22:43 - [BENIGN] - DEBUG - Generated FTP ACK reply from h5:21 <- h3:33915 [len=54B]
2025-09-12 19:22:44 - [BENIGN] - DEBUG - Generated HTTP SYN from h3:32389 -> h5:80 [len=54B]
2025-09-12 19:22:45 - [BENIGN] - DEBUG - Generated HTTP SYN-ACK from h5:80 <- h3:32389 [len=54B]
2025-09-12 19:22:45 - [BENIGN] - DEBUG - Generated HTTP ACK from h3:32389 -> h5:80 [len=54B]
2025-09-12 19:22:46 - [BENIGN] - DEBUG - Generated HTTP data traffic from h3:32389 -> h5:80 [content='GET /index.html HTTP/1.1'] [Session 14] [len=573B]
2025-09-12 19:22:47 - [BENIGN] - DEBUG - Generated HTTP ACK reply from h5:80 <- h3:32389 [len=54B]
2025-09-12 19:22:47 - [BENIGN] - DEBUG - Generated HTTPS SYN from h3:37902 -> h5:443 [len=54B]
2025-09-12 19:22:48 - [BENIGN] - DEBUG - Generated HTTPS SYN-ACK from h5:443 <- h3:37902 [len=54B]
2025-09-12 19:22:49 - [BENIGN] - DEBUG - Generated HTTPS ACK from h3:37902 -> h5:443 [len=54B]
2025-09-12 19:22:49 - [BENIGN] - DEBUG - Generated HTTPS data traffic from h3:37902 -> h5:443 [content='Encrypted Application Data'] [Session 15] [len=504B]
2025-09-12 19:22:50 - [BENIGN] - DEBUG - Generated HTTPS ACK reply from h5:443 <- h3:37902 [len=54B]
2025-09-12 19:22:50 - [BENIGN] - DEBUG - Generated DNS query from h3:9335 -> h5:53 [qname='example.com'] [Session 16] [len=71B]
2025-09-12 19:22:50 - [BENIGN] - DEBUG - Generated ICMP traffic h2↔h5 2 [len=84B]
2025-09-12 19:22:51 - [BENIGN] - DEBUG - Generated TCP SYN from h3:41552 -> h5:12345 [len=54B]
2025-09-12 19:22:52 - [BENIGN] - DEBUG - Generated TCP SYN-ACK from h5:12345 <- h3:41552 [len=54B]
2025-09-12 19:22:52 - [BENIGN] - DEBUG - Generated TCP ACK from h3:41552 -> h5:12345 [len=54B]
2025-09-12 19:22:53 - [BENIGN] - DEBUG - Generated TCP data traffic from h3:41552 -> h5:12345 [content='TCP data'] [Session 17] [len=1278B]
2025-09-12 19:22:54 - [BENIGN] - DEBUG - Generated TCP ACK reply from h5:12345 <- h3:41552 [len=54B]
2025-09-12 19:22:54 - [BENIGN] - DEBUG - Generated UDP traffic from h3:49684 -> h5:12346 [content='3279080b4616b0af9b32458f30b92591c3694c23...'] [Session 18] [len=912B]
2025-09-12 19:22:55 - [BENIGN] - DEBUG - Generated Telnet SYN from h3:6973 -> h5:23 [len=54B]
2025-09-12 19:22:56 - [BENIGN] - DEBUG - Generated Telnet SYN-ACK from h5:23 <- h3:6973 [len=54B]
2025-09-12 19:22:56 - [BENIGN] - DEBUG - Generated Telnet ACK from h3:6973 -> h5:23 [len=54B]
2025-09-12 19:22:57 - [BENIGN] - DEBUG - Generated Telnet data traffic from h3:6973 -> h5:23 [content='Telnet command'] [Session 19] [len=1189B]
2025-09-12 19:22:58 - [BENIGN] - DEBUG - Generated Telnet ACK reply from h5:23 <- h3:6973 [len=54B]
2025-09-12 19:22:58 - [BENIGN] - DEBUG - Generated SSH SYN from h3:53366 -> h5:22 [len=54B]
2025-09-12 19:22:59 - [BENIGN] - DEBUG - Generated SSH SYN-ACK from h5:22 <- h3:53366 [len=54B]
2025-09-12 19:22:59 - [BENIGN] - DEBUG - Generated SSH ACK from h3:53366 -> h5:22 [len=54B]
2025-09-12 19:23:00 - [BENIGN] - DEBUG - Generated SSH data traffic from h3:53366 -> h5:22 [content='SSH encrypted data'] [Session 20] [len=346B]
2025-09-12 19:23:01 - [BENIGN] - DEBUG - Generated SSH ACK reply from h5:22 <- h3:53366 [len=54B]
2025-09-12 19:23:01 - [BENIGN] - DEBUG - Generated FTP SYN from h3:59142 -> h5:21 [len=54B]
2025-09-12 19:23:02 - [BENIGN] - DEBUG - Generated FTP SYN-ACK from h5:21 <- h3:59142 [len=54B]
2025-09-12 19:23:03 - [BENIGN] - DEBUG - Generated FTP ACK from h3:59142 -> h5:21 [len=54B]
2025-09-12 19:23:03 - [BENIGN] - DEBUG - Generated FTP data traffic from h3:59142 -> h5:21 [content='FTP file transfer'] [Session 21] [len=1232B]
2025-09-12 19:23:04 - [BENIGN] - DEBUG - Generated FTP ACK reply from h5:21 <- h3:59142 [len=54B]
2025-09-12 19:23:05 - [BENIGN] - DEBUG - Generated HTTP SYN from h3:24790 -> h5:80 [len=54B]
2025-09-12 19:23:05 - [BENIGN] - DEBUG - Generated HTTP SYN-ACK from h5:80 <- h3:24790 [len=54B]
2025-09-12 19:23:06 - [BENIGN] - DEBUG - Generated HTTP ACK from h3:24790 -> h5:80 [len=54B]
2025-09-12 19:23:07 - [BENIGN] - DEBUG - Generated HTTP data traffic from h3:24790 -> h5:80 [content='GET /index.html HTTP/1.1'] [Session 22] [len=329B]
2025-09-12 19:23:07 - [BENIGN] - DEBUG - Generated HTTP ACK reply from h5:80 <- h3:24790 [len=54B]
2025-09-12 19:23:08 - [BENIGN] - DEBUG - Generated HTTPS SYN from h3:51451 -> h5:443 [len=54B]
2025-09-12 19:23:08 - [BENIGN] - DEBUG - Generated HTTPS SYN-ACK from h5:443 <- h3:51451 [len=54B]
2025-09-12 19:23:09 - [BENIGN] - DEBUG - Generated HTTPS ACK from h3:51451 -> h5:443 [len=54B]
2025-09-12 19:23:10 - [BENIGN] - DEBUG - Generated HTTPS data traffic from h3:51451 -> h5:443 [content='Encrypted Application Data'] [Session 23] [len=647B]
2025-09-12 19:23:10 - [BENIGN] - DEBUG - Generated HTTPS ACK reply from h5:443 <- h3:51451 [len=54B]
2025-09-12 19:23:11 - [BENIGN] - DEBUG - Generated DNS query from h3:41782 -> h5:53 [qname='example.com'] [Session 24] [len=71B]
2025-09-12 19:23:11 - [BENIGN] - DEBUG - Generated ICMP traffic h2↔h5 3 [len=84B]
2025-09-12 19:23:12 - [BENIGN] - DEBUG - Generated TCP SYN from h3:58847 -> h5:12345 [len=54B]
2025-09-12 19:23:12 - [BENIGN] - DEBUG - Generated TCP SYN-ACK from h5:12345 <- h3:58847 [len=54B]
2025-09-12 19:23:13 - [BENIGN] - DEBUG - Generated TCP ACK from h3:58847 -> h5:12345 [len=54B]
2025-09-12 19:23:14 - [BENIGN] - DEBUG - Generated TCP data traffic from h3:58847 -> h5:12345 [content='TCP data'] [Session 25] [len=147B]
2025-09-12 19:23:14 - [BENIGN] - DEBUG - Generated TCP ACK reply from h5:12345 <- h3:58847 [len=54B]
2025-09-12 19:23:15 - [BENIGN] - DEBUG - Generated UDP traffic from h3:50584 -> h5:12346 [content='3dc7f7694b20c89b0729a4d27988643806ebabf1...'] [Session 26] [len=1013B]
2025-09-12 19:23:15 - [BENIGN] - DEBUG - Generated Telnet SYN from h3:11872 -> h5:23 [len=54B]
2025-09-12 19:23:16 - [BENIGN] - DEBUG - Generated Telnet SYN-ACK from h5:23 <- h3:11872 [len=54B]
2025-09-12 19:23:17 - [BENIGN] - DEBUG - Generated Telnet ACK from h3:11872 -> h5:23 [len=54B]
2025-09-12 19:23:17 - [BENIGN] - DEBUG - Generated Telnet data traffic from h3:11872 -> h5:23 [content='Telnet command'] [Session 27] [len=270B]
2025-09-12 19:23:18 - [BENIGN] - DEBUG - Generated Telnet ACK reply from h5:23 <- h3:11872 [len=54B]
2025-09-12 19:23:18 - [BENIGN] - DEBUG - Generated SSH SYN from h3:58882 -> h5:22 [len=54B]
2025-09-12 19:23:19 - [BENIGN] - DEBUG - Generated SSH SYN-ACK from h5:22 <- h3:58882 [len=54B]
2025-09-12 19:23:20 - [BENIGN] - DEBUG - Generated SSH ACK from h3:58882 -> h5:22 [len=54B]
2025-09-12 19:23:20 - [BENIGN] - DEBUG - Generated SSH data traffic from h3:58882 -> h5:22 [content='SSH encrypted data'] [Session 28] [len=1493B]
2025-09-12 19:23:21 - [BENIGN] - DEBUG - Generated SSH ACK reply from h5:22 <- h3:58882 [len=54B]
2025-09-12 19:23:22 - [BENIGN] - DEBUG - Generated FTP SYN from h3:35810 -> h5:21 [len=54B]
2025-09-12 19:23:22 - [BENIGN] - DEBUG - Generated FTP SYN-ACK from h5:21 <- h3:35810 [len=54B]
2025-09-12 19:23:23 - [BENIGN] - DEBUG - Generated FTP ACK from h3:35810 -> h5:21 [len=54B]
2025-09-12 19:23:24 - [BENIGN] - DEBUG - Generated FTP data traffic from h3:35810 -> h5:21 [content='FTP file transfer'] [Session 29] [len=948B]
2025-09-12 19:23:24 - [BENIGN] - DEBUG - Generated FTP ACK reply from h5:21 <- h3:35810 [len=54B]
2025-09-12 19:23:25 - [BENIGN] - DEBUG - Generated HTTP SYN from h3:15564 -> h5:80 [len=54B]
2025-09-12 19:23:25 - [BENIGN] - DEBUG - Generated HTTP SYN-ACK from h5:80 <- h3:15564 [len=54B]
2025-09-12 19:23:26 - [BENIGN] - DEBUG - Generated HTTP ACK from h3:15564 -> h5:80 [len=54B]
2025-09-12 19:23:27 - [BENIGN] - DEBUG - Generated HTTP data traffic from h3:15564 -> h5:80 [content='GET /index.html HTTP/1.1'] [Session 30] [len=396B]
2025-09-12 19:23:27 - [BENIGN] - DEBUG - Generated HTTP ACK reply from h5:80 <- h3:15564 [len=54B]
2025-09-12 19:23:28 - [BENIGN] - DEBUG - Generated HTTPS SYN from h3:21959 -> h5:443 [len=54B]
2025-09-12 19:23:29 - [BENIGN] - DEBUG - Generated HTTPS SYN-ACK from h5:443 <- h3:21959 [len=54B]
2025-09-12 19:23:29 - [BENIGN] - DEBUG - Generated HTTPS ACK from h3:21959 -> h5:443 [len=54B]
2025-09-12 19:23:30 - [BENIGN] - DEBUG - Generated HTTPS data traffic from h3:21959 -> h5:443 [content='Encrypted Application Data'] [Session 31] [len=295B]
2025-09-12 19:23:30 - [BENIGN] - DEBUG - Generated HTTPS ACK reply from h5:443 <- h3:21959 [len=54B]
2025-09-12 19:23:31 - [BENIGN] - DEBUG - Generated DNS query from h3:17327 -> h5:53 [qname='example.com'] [Session 32] [len=71B]
2025-09-12 19:23:31 - [BENIGN] - DEBUG - Generated ICMP traffic h2↔h5 4 [len=84B]
2025-09-12 19:23:32 - [BENIGN] - DEBUG - Generated TCP SYN from h3:36007 -> h5:12345 [len=54B]
2025-09-12 19:23:32 - [BENIGN] - DEBUG - Generated TCP SYN-ACK from h5:12345 <- h3:36007 [len=54B]
2025-09-12 19:23:33 - [BENIGN] - DEBUG - Generated TCP ACK from h3:36007 -> h5:12345 [len=54B]
2025-09-12 19:23:34 - [BENIGN] - DEBUG - Generated TCP data traffic from h3:36007 -> h5:12345 [content='TCP data'] [Session 33] [len=139B]
2025-09-12 19:23:34 - [BENIGN] - DEBUG - Generated TCP ACK reply from h5:12345 <- h3:36007 [len=54B]
2025-09-12 19:23:35 - [BENIGN] - DEBUG - Generated UDP traffic from h3:31167 -> h5:12346 [content='18a545e584173ad44cccf8cf8c4e6bbf9e4c5e33...'] [Session 34] [len=1227B]
2025-09-12 19:23:36 - [BENIGN] - DEBUG - Generated Telnet SYN from h3:38916 -> h5:23 [len=54B]
2025-09-12 19:23:36 - [BENIGN] - DEBUG - Generated Telnet SYN-ACK from h5:23 <- h3:38916 [len=54B]
2025-09-12 19:23:37 - [BENIGN] - DEBUG - Generated Telnet ACK from h3:38916 -> h5:23 [len=54B]
2025-09-12 19:23:37 - [BENIGN] - DEBUG - Generated Telnet data traffic from h3:38916 -> h5:23 [content='Telnet command'] [Session 35] [len=119B]
2025-09-12 19:23:38 - [BENIGN] - DEBUG - Generated Telnet ACK reply from h5:23 <- h3:38916 [len=54B]
2025-09-12 19:23:39 - [BENIGN] - DEBUG - Generated SSH SYN from h3:61582 -> h5:22 [len=54B]
2025-09-12 19:23:39 - [BENIGN] - DEBUG - Generated SSH SYN-ACK from h5:22 <- h3:61582 [len=54B]
2025-09-12 19:23:40 - [BENIGN] - DEBUG - Generated SSH ACK from h3:61582 -> h5:22 [len=54B]
2025-09-12 19:23:41 - [BENIGN] - DEBUG - Generated SSH data traffic from h3:61582 -> h5:22 [content='SSH encrypted data'] [Session 36] [len=886B]
2025-09-12 19:23:41 - [BENIGN] - DEBUG - Generated SSH ACK reply from h5:22 <- h3:61582 [len=54B]
2025-09-12 19:23:42 - [BENIGN] - DEBUG - Generated FTP SYN from h3:37019 -> h5:21 [len=54B]
2025-09-12 19:23:43 - [BENIGN] - DEBUG - Generated FTP SYN-ACK from h5:21 <- h3:37019 [len=54B]
2025-09-12 19:23:43 - [BENIGN] - DEBUG - Generated FTP ACK from h3:37019 -> h5:21 [len=54B]
2025-09-12 19:23:44 - [BENIGN] - DEBUG - Generated FTP data traffic from h3:37019 -> h5:21 [content='FTP file transfer'] [Session 37] [len=961B]
2025-09-12 19:23:44 - [BENIGN] - DEBUG - Generated FTP ACK reply from h5:21 <- h3:37019 [len=54B]
2025-09-12 19:23:45 - [BENIGN] - DEBUG - Generated HTTP SYN from h3:1583 -> h5:80 [len=54B]
2025-09-12 19:23:46 - [BENIGN] - DEBUG - Generated HTTP SYN-ACK from h5:80 <- h3:1583 [len=54B]
2025-09-12 19:23:46 - [BENIGN] - DEBUG - Generated HTTP ACK from h3:1583 -> h5:80 [len=54B]
2025-09-12 19:23:47 - [BENIGN] - DEBUG - Generated HTTP data traffic from h3:1583 -> h5:80 [content='GET /index.html HTTP/1.1'] [Session 38] [len=618B]
2025-09-12 19:23:48 - [BENIGN] - DEBUG - Generated HTTP ACK reply from h5:80 <- h3:1583 [len=54B]
2025-09-12 19:23:48 - [BENIGN] - DEBUG - Generated HTTPS SYN from h3:59781 -> h5:443 [len=54B]
2025-09-12 19:23:49 - [BENIGN] - DEBUG - Generated HTTPS SYN-ACK from h5:443 <- h3:59781 [len=54B]
2025-09-12 19:23:49 - [BENIGN] - DEBUG - Generated HTTPS ACK from h3:59781 -> h5:443 [len=54B]
2025-09-12 19:23:50 - [BENIGN] - DEBUG - Generated HTTPS data traffic from h3:59781 -> h5:443 [content='Encrypted Application Data'] [Session 39] [len=832B]
2025-09-12 19:23:51 - [BENIGN] - DEBUG - Generated HTTPS ACK reply from h5:443 <- h3:59781 [len=54B]
2025-09-12 19:23:51 - [BENIGN] - DEBUG - Generated DNS query from h3:49597 -> h5:53 [qname='example.com'] [Session 40] [len=71B]
2025-09-12 19:23:51 - [BENIGN] - DEBUG - Generated ICMP traffic h2↔h5 5 [len=84B]
2025-09-12 19:23:52 - [BENIGN] - DEBUG - Generated TCP SYN from h3:48983 -> h5:12345 [len=54B]
2025-09-12 19:23:53 - [BENIGN] - DEBUG - Generated TCP SYN-ACK from h5:12345 <- h3:48983 [len=54B]
2025-09-12 19:23:53 - [BENIGN] - DEBUG - Generated TCP ACK from h3:48983 -> h5:12345 [len=54B]
2025-09-12 19:23:54 - [BENIGN] - DEBUG - Generated TCP data traffic from h3:48983 -> h5:12345 [content='TCP data'] [Session 41] [len=868B]
2025-09-12 19:23:55 - [BENIGN] - DEBUG - Generated TCP ACK reply from h5:12345 <- h3:48983 [len=54B]
2025-09-12 19:23:55 - [BENIGN] - DEBUG - Generated UDP traffic from h3:11275 -> h5:12346 [content='3cbb93a1eeacc9cac8e8bf8c4ec389559e476567...'] [Session 42] [len=794B]
2025-09-12 19:23:56 - [BENIGN] - DEBUG - Generated Telnet SYN from h3:20526 -> h5:23 [len=54B]
2025-09-12 19:23:56 - [BENIGN] - DEBUG - Generated Telnet SYN-ACK from h5:23 <- h3:20526 [len=54B]
2025-09-12 19:23:57 - [BENIGN] - DEBUG - Generated Telnet ACK from h3:20526 -> h5:23 [len=54B]
2025-09-12 19:23:58 - [BENIGN] - DEBUG - Generated Telnet data traffic from h3:20526 -> h5:23 [content='Telnet command'] [Session 43] [len=153B]
2025-09-12 19:23:58 - [BENIGN] - DEBUG - Generated Telnet ACK reply from h5:23 <- h3:20526 [len=54B]
2025-09-12 19:23:59 - [BENIGN] - DEBUG - Generated SSH SYN from h3:54562 -> h5:22 [len=54B]
2025-09-12 19:24:00 - [BENIGN] - DEBUG - Generated SSH SYN-ACK from h5:22 <- h3:54562 [len=54B]
2025-09-12 19:24:00 - [BENIGN] - DEBUG - Generated SSH ACK from h3:54562 -> h5:22 [len=54B]
2025-09-12 19:24:01 - [BENIGN] - DEBUG - Generated SSH data traffic from h3:54562 -> h5:22 [content='SSH encrypted data'] [Session 44] [len=1551B]
2025-09-12 19:24:02 - [BENIGN] - DEBUG - Generated SSH ACK reply from h5:22 <- h3:54562 [len=54B]
2025-09-12 19:24:02 - [BENIGN] - DEBUG - Generated FTP SYN from h3:25822 -> h5:21 [len=54B]
2025-09-12 19:24:03 - [BENIGN] - DEBUG - Generated FTP SYN-ACK from h5:21 <- h3:25822 [len=54B]
2025-09-12 19:24:04 - [BENIGN] - DEBUG - Generated FTP ACK from h3:25822 -> h5:21 [len=54B]
2025-09-12 19:24:04 - [BENIGN] - DEBUG - Generated FTP data traffic from h3:25822 -> h5:21 [content='FTP file transfer'] [Session 45] [len=627B]
2025-09-12 19:24:05 - [BENIGN] - DEBUG - Generated FTP ACK reply from h5:21 <- h3:25822 [len=54B]
2025-09-12 19:24:05 - [BENIGN] - DEBUG - Generated HTTP SYN from h3:5694 -> h5:80 [len=54B]
2025-09-12 19:24:06 - [BENIGN] - DEBUG - Generated HTTP SYN-ACK from h5:80 <- h3:5694 [len=54B]
2025-09-12 19:24:07 - [BENIGN] - DEBUG - Generated HTTP ACK from h3:5694 -> h5:80 [len=54B]
2025-09-12 19:24:07 - [BENIGN] - DEBUG - Generated HTTP data traffic from h3:5694 -> h5:80 [content='GET /index.html HTTP/1.1'] [Session 46] [len=559B]
2025-09-12 19:24:08 - [BENIGN] - DEBUG - Generated HTTP ACK reply from h5:80 <- h3:5694 [len=54B]
2025-09-12 19:24:09 - [BENIGN] - DEBUG - Generated HTTPS SYN from h3:64124 -> h5:443 [len=54B]
2025-09-12 19:24:09 - [BENIGN] - DEBUG - Generated HTTPS SYN-ACK from h5:443 <- h3:64124 [len=54B]
2025-09-12 19:24:10 - [BENIGN] - DEBUG - Generated HTTPS ACK from h3:64124 -> h5:443 [len=54B]
2025-09-12 19:24:11 - [BENIGN] - DEBUG - Generated HTTPS data traffic from h3:64124 -> h5:443 [content='Encrypted Application Data'] [Session 47] [len=433B]
2025-09-12 19:24:11 - [BENIGN] - DEBUG - Generated HTTPS ACK reply from h5:443 <- h3:64124 [len=54B]
2025-09-12 19:24:12 - [BENIGN] - DEBUG - Generated DNS query from h3:17098 -> h5:53 [qname='example.com'] [Session 48] [len=71B]
2025-09-12 19:24:12 - [BENIGN] - DEBUG - Generated ICMP traffic h2↔h5 6 [len=84B]
2025-09-12 19:24:13 - [BENIGN] - DEBUG - Generated TCP SYN from h3:60267 -> h5:12345 [len=54B]
2025-09-12 19:24:13 - [BENIGN] - DEBUG - Generated TCP SYN-ACK from h5:12345 <- h3:60267 [len=54B]
2025-09-12 19:24:14 - [BENIGN] - DEBUG - Generated TCP ACK from h3:60267 -> h5:12345 [len=54B]
2025-09-12 19:24:14 - [BENIGN] - DEBUG - Generated TCP data traffic from h3:60267 -> h5:12345 [content='TCP data'] [Session 49] [len=143B]
2025-09-12 19:24:15 - [BENIGN] - DEBUG - Generated TCP ACK reply from h5:12345 <- h3:60267 [len=54B]
2025-09-12 19:24:16 - [BENIGN] - DEBUG - Generated UDP traffic from h3:60261 -> h5:12346 [content='7933fbb8c95c3214d1fcc46b4b728c79c3926f2d...'] [Session 50] [len=1406B]
2025-09-12 19:24:16 - [BENIGN] - DEBUG - Generated Telnet SYN from h3:12556 -> h5:23 [len=54B]
2025-09-12 19:24:17 - [BENIGN] - DEBUG - Generated Telnet SYN-ACK from h5:23 <- h3:12556 [len=54B]
2025-09-12 19:24:18 - [BENIGN] - DEBUG - Generated Telnet ACK from h3:12556 -> h5:23 [len=54B]
2025-09-12 19:24:18 - [BENIGN] - DEBUG - Generated Telnet data traffic from h3:12556 -> h5:23 [content='Telnet command'] [Session 51] [len=1511B]
2025-09-12 19:24:19 - [BENIGN] - DEBUG - Generated Telnet ACK reply from h5:23 <- h3:12556 [len=54B]
2025-09-12 19:24:19 - [BENIGN] - DEBUG - Generated SSH SYN from h3:18109 -> h5:22 [len=54B]
2025-09-12 19:24:20 - [BENIGN] - DEBUG - Generated SSH SYN-ACK from h5:22 <- h3:18109 [len=54B]
2025-09-12 19:24:21 - [BENIGN] - DEBUG - Generated SSH ACK from h3:18109 -> h5:22 [len=54B]
2025-09-12 19:24:21 - [BENIGN] - DEBUG - Generated SSH data traffic from h3:18109 -> h5:22 [content='SSH encrypted data'] [Session 52] [len=532B]
2025-09-12 19:24:22 - [BENIGN] - DEBUG - Generated SSH ACK reply from h5:22 <- h3:18109 [len=54B]
2025-09-12 19:24:23 - [BENIGN] - DEBUG - Generated FTP SYN from h3:6924 -> h5:21 [len=54B]
2025-09-12 19:24:23 - [BENIGN] - DEBUG - Generated FTP SYN-ACK from h5:21 <- h3:6924 [len=54B]
2025-09-12 19:24:24 - [BENIGN] - DEBUG - Generated FTP ACK from h3:6924 -> h5:21 [len=54B]
2025-09-12 19:24:24 - [BENIGN] - DEBUG - Generated FTP data traffic from h3:6924 -> h5:21 [content='FTP file transfer'] [Session 53] [len=1025B]
2025-09-12 19:24:25 - [BENIGN] - DEBUG - Generated FTP ACK reply from h5:21 <- h3:6924 [len=54B]
2025-09-12 19:24:26 - [BENIGN] - DEBUG - Generated HTTP SYN from h3:29618 -> h5:80 [len=54B]
2025-09-12 19:24:26 - [BENIGN] - DEBUG - Generated HTTP SYN-ACK from h5:80 <- h3:29618 [len=54B]
2025-09-12 19:24:27 - [BENIGN] - DEBUG - Generated HTTP ACK from h3:29618 -> h5:80 [len=54B]
2025-09-12 19:24:28 - [BENIGN] - DEBUG - Generated HTTP data traffic from h3:29618 -> h5:80 [content='GET /index.html HTTP/1.1'] [Session 54] [len=516B]
2025-09-12 19:24:28 - [BENIGN] - DEBUG - Generated HTTP ACK reply from h5:80 <- h3:29618 [len=54B]
2025-09-12 19:24:29 - [BENIGN] - DEBUG - Generated HTTPS SYN from h3:30440 -> h5:443 [len=54B]
2025-09-12 19:24:29 - [BENIGN] - DEBUG - Generated HTTPS SYN-ACK from h5:443 <- h3:30440 [len=54B]
2025-09-12 19:24:30 - [BENIGN] - DEBUG - Generated HTTPS ACK from h3:30440 -> h5:443 [len=54B]
2025-09-12 19:24:31 - [BENIGN] - DEBUG - Generated HTTPS data traffic from h3:30440 -> h5:443 [content='Encrypted Application Data'] [Session 55] [len=279B]
2025-09-12 19:24:31 - [BENIGN] - DEBUG - Generated HTTPS ACK reply from h5:443 <- h3:30440 [len=54B]
2025-09-12 19:24:32 - [BENIGN] - DEBUG - Generated DNS query from h3:61127 -> h5:53 [qname='example.com'] [Session 56] [len=71B]
2025-09-12 19:24:32 - [BENIGN] - DEBUG - Generated ICMP traffic h2↔h5 7 [len=84B]
2025-09-12 19:24:33 - [BENIGN] - DEBUG - Generated TCP SYN from h3:54472 -> h5:12345 [len=54B]
2025-09-12 19:24:33 - [BENIGN] - DEBUG - Generated TCP SYN-ACK from h5:12345 <- h3:54472 [len=54B]
2025-09-12 19:24:34 - [BENIGN] - DEBUG - Generated TCP ACK from h3:54472 -> h5:12345 [len=54B]
2025-09-12 19:24:34 - [BENIGN] - DEBUG - Generated TCP data traffic from h3:54472 -> h5:12345 [content='TCP data'] [Session 57] [len=356B]
2025-09-12 19:24:35 - [BENIGN] - DEBUG - Generated TCP ACK reply from h5:12345 <- h3:54472 [len=54B]
2025-09-12 19:24:36 - [BENIGN] - DEBUG - Generated UDP traffic from h3:49635 -> h5:12346 [content='41ceb0be08ecf0f975836b9cb3652cbcaafbc045...'] [Session 58] [len=903B]
2025-09-12 19:24:36 - [BENIGN] - DEBUG - Generated Telnet SYN from h3:10712 -> h5:23 [len=54B]
2025-09-12 19:24:37 - [BENIGN] - DEBUG - Generated Telnet SYN-ACK from h5:23 <- h3:10712 [len=54B]
2025-09-12 19:24:38 - [BENIGN] - DEBUG - Generated Telnet ACK from h3:10712 -> h5:23 [len=54B]
2025-09-12 19:24:38 - [BENIGN] - DEBUG - Generated Telnet data traffic from h3:10712 -> h5:23 [content='Telnet command'] [Session 59] [len=1149B]
2025-09-12 19:24:39 - [BENIGN] - DEBUG - Generated Telnet ACK reply from h5:23 <- h3:10712 [len=54B]
2025-09-12 19:24:40 - [BENIGN] - DEBUG - Generated SSH SYN from h3:41114 -> h5:22 [len=54B]
2025-09-12 19:24:40 - [BENIGN] - DEBUG - Generated SSH SYN-ACK from h5:22 <- h3:41114 [len=54B]
2025-09-12 19:24:41 - [BENIGN] - DEBUG - Generated SSH ACK from h3:41114 -> h5:22 [len=54B]
2025-09-12 19:24:42 - [BENIGN] - DEBUG - Generated SSH data traffic from h3:41114 -> h5:22 [content='SSH encrypted data'] [Session 60] [len=1097B]
2025-09-12 19:24:42 - [BENIGN] - DEBUG - Generated SSH ACK reply from h5:22 <- h3:41114 [len=54B]
2025-09-12 19:24:43 - [BENIGN] - DEBUG - Generated FTP SYN from h3:22282 -> h5:21 [len=54B]
2025-09-12 19:24:43 - [BENIGN] - DEBUG - Generated FTP SYN-ACK from h5:21 <- h3:22282 [len=54B]
2025-09-12 19:24:44 - [BENIGN] - DEBUG - Generated FTP ACK from h3:22282 -> h5:21 [len=54B]
2025-09-12 19:24:45 - [BENIGN] - DEBUG - Generated FTP data traffic from h3:22282 -> h5:21 [content='FTP file transfer'] [Session 61] [len=126B]
2025-09-12 19:24:45 - [BENIGN] - DEBUG - Generated FTP ACK reply from h5:21 <- h3:22282 [len=54B]
2025-09-12 19:24:46 - [BENIGN] - DEBUG - Generated HTTP SYN from h3:58588 -> h5:80 [len=54B]
2025-09-12 19:24:46 - [BENIGN] - DEBUG - Generated HTTP SYN-ACK from h5:80 <- h3:58588 [len=54B]
2025-09-12 19:24:47 - [BENIGN] - DEBUG - Generated HTTP ACK from h3:58588 -> h5:80 [len=54B]
2025-09-12 19:24:48 - [BENIGN] - DEBUG - Generated HTTP data traffic from h3:58588 -> h5:80 [content='GET /index.html HTTP/1.1'] [Session 62] [len=565B]
2025-09-12 19:24:48 - [BENIGN] - DEBUG - Generated HTTP ACK reply from h5:80 <- h3:58588 [len=54B]
2025-09-12 19:24:49 - [BENIGN] - DEBUG - Generated HTTPS SYN from h3:24181 -> h5:443 [len=54B]
2025-09-12 19:24:50 - [BENIGN] - DEBUG - Generated HTTPS SYN-ACK from h5:443 <- h3:24181 [len=54B]
2025-09-12 19:24:50 - [BENIGN] - DEBUG - Generated HTTPS ACK from h3:24181 -> h5:443 [len=54B]
2025-09-12 19:24:51 - [BENIGN] - DEBUG - Generated HTTPS data traffic from h3:24181 -> h5:443 [content='Encrypted Application Data'] [Session 63] [len=595B]
2025-09-12 19:24:51 - [BENIGN] - DEBUG - Generated HTTPS ACK reply from h5:443 <- h3:24181 [len=54B]
2025-09-12 19:24:52 - [BENIGN] - DEBUG - Generated DNS query from h3:17883 -> h5:53 [qname='example.com'] [Session 64] [len=71B]
2025-09-12 19:24:52 - [BENIGN] - DEBUG - Generated ICMP traffic h2↔h5 8 [len=84B]
2025-09-12 19:24:53 - [BENIGN] - DEBUG - Generated TCP SYN from h3:58312 -> h5:12345 [len=54B]
2025-09-12 19:24:53 - [BENIGN] - DEBUG - Generated TCP SYN-ACK from h5:12345 <- h3:58312 [len=54B]
2025-09-12 19:24:54 - [BENIGN] - DEBUG - Generated TCP ACK from h3:58312 -> h5:12345 [len=54B]
2025-09-12 19:24:55 - [BENIGN] - DEBUG - Generated TCP data traffic from h3:58312 -> h5:12345 [content='TCP data'] [Session 65] [len=1329B]
2025-09-12 19:24:55 - [BENIGN] - DEBUG - Generated TCP ACK reply from h5:12345 <- h3:58312 [len=54B]
2025-09-12 19:24:56 - [BENIGN] - DEBUG - Generated UDP traffic from h3:63280 -> h5:12346 [content='b750d46bfe120e39b54e6a725250624a8521f8ca...'] [Session 66] [len=1210B]
2025-09-12 19:24:57 - [BENIGN] - DEBUG - Generated Telnet SYN from h3:1333 -> h5:23 [len=54B]
2025-09-12 19:24:57 - [BENIGN] - DEBUG - Generated Telnet SYN-ACK from h5:23 <- h3:1333 [len=54B]
2025-09-12 19:24:58 - [BENIGN] - DEBUG - Generated Telnet ACK from h3:1333 -> h5:23 [len=54B]
2025-09-12 19:24:58 - [BENIGN] - DEBUG - Generated Telnet data traffic from h3:1333 -> h5:23 [content='Telnet command'] [Session 67] [len=354B]
2025-09-12 19:24:59 - [BENIGN] - DEBUG - Generated Telnet ACK reply from h5:23 <- h3:1333 [len=54B]
2025-09-12 19:25:00 - [BENIGN] - DEBUG - Generated SSH SYN from h3:43031 -> h5:22 [len=54B]
2025-09-12 19:25:00 - [BENIGN] - DEBUG - Generated SSH SYN-ACK from h5:22 <- h3:43031 [len=54B]
2025-09-12 19:25:01 - [BENIGN] - DEBUG - Generated SSH ACK from h3:43031 -> h5:22 [len=54B]
2025-09-12 19:25:02 - [BENIGN] - DEBUG - Generated SSH data traffic from h3:43031 -> h5:22 [content='SSH encrypted data'] [Session 68] [len=258B]
2025-09-12 19:25:02 - [BENIGN] - DEBUG - Generated SSH ACK reply from h5:22 <- h3:43031 [len=54B]
2025-09-12 19:25:03 - [BENIGN] - DEBUG - Generated FTP SYN from h3:11351 -> h5:21 [len=54B]
2025-09-12 19:25:04 - [BENIGN] - DEBUG - Generated FTP SYN-ACK from h5:21 <- h3:11351 [len=54B]
2025-09-12 19:25:04 - [BENIGN] - DEBUG - Generated FTP ACK from h3:11351 -> h5:21 [len=54B]
2025-09-12 19:25:05 - [BENIGN] - DEBUG - Generated FTP data traffic from h3:11351 -> h5:21 [content='FTP file transfer'] [Session 69] [len=868B]
2025-09-12 19:25:06 - [BENIGN] - DEBUG - Generated FTP ACK reply from h5:21 <- h3:11351 [len=54B]
2025-09-12 19:25:06 - [BENIGN] - DEBUG - Generated HTTP SYN from h3:62717 -> h5:80 [len=54B]
2025-09-12 19:25:07 - [BENIGN] - DEBUG - Generated HTTP SYN-ACK from h5:80 <- h3:62717 [len=54B]
2025-09-12 19:25:08 - [BENIGN] - DEBUG - Generated HTTP ACK from h3:62717 -> h5:80 [len=54B]
2025-09-12 19:25:08 - [BENIGN] - DEBUG - Generated HTTP data traffic from h3:62717 -> h5:80 [content='GET /index.html HTTP/1.1'] [Session 70] [len=425B]
2025-09-12 19:25:09 - [BENIGN] - DEBUG - Generated HTTP ACK reply from h5:80 <- h3:62717 [len=54B]
2025-09-12 19:25:09 - [BENIGN] - DEBUG - Generated HTTPS SYN from h3:1320 -> h5:443 [len=54B]
2025-09-12 19:25:10 - [BENIGN] - DEBUG - Generated HTTPS SYN-ACK from h5:443 <- h3:1320 [len=54B]
2025-09-12 19:25:11 - [BENIGN] - DEBUG - Generated HTTPS ACK from h3:1320 -> h5:443 [len=54B]
2025-09-12 19:25:11 - [BENIGN] - DEBUG - Generated HTTPS data traffic from h3:1320 -> h5:443 [content='Encrypted Application Data'] [Session 71] [len=851B]
2025-09-12 19:25:12 - [BENIGN] - DEBUG - Generated HTTPS ACK reply from h5:443 <- h3:1320 [len=54B]
2025-09-12 19:25:13 - [BENIGN] - DEBUG - Generated DNS query from h3:27209 -> h5:53 [qname='example.com'] [Session 72] [len=71B]
2025-09-12 19:25:13 - [BENIGN] - DEBUG - Generated ICMP traffic h2↔h5 9 [len=84B]
2025-09-12 19:25:13 - [BENIGN] - DEBUG - Generated TCP SYN from h3:24991 -> h5:12345 [len=54B]
2025-09-12 19:25:14 - [BENIGN] - DEBUG - Generated TCP SYN-ACK from h5:12345 <- h3:24991 [len=54B]
2025-09-12 19:25:14 - [BENIGN] - DEBUG - Generated TCP ACK from h3:24991 -> h5:12345 [len=54B]
2025-09-12 19:25:15 - [BENIGN] - DEBUG - Generated TCP data traffic from h3:24991 -> h5:12345 [content='TCP data'] [Session 73] [len=651B]
2025-09-12 19:25:16 - [BENIGN] - DEBUG - Generated TCP ACK reply from h5:12345 <- h3:24991 [len=54B]
2025-09-12 19:25:16 - [BENIGN] - DEBUG - Generated UDP traffic from h3:35970 -> h5:12346 [content='124319e3e6b4d4fd03df6f848fa819d5fdd3b34b...'] [Session 74] [len=1115B]
2025-09-12 19:25:17 - [BENIGN] - DEBUG - Generated Telnet SYN from h3:33636 -> h5:23 [len=54B]
2025-09-12 19:25:18 - [BENIGN] - DEBUG - Generated Telnet SYN-ACK from h5:23 <- h3:33636 [len=54B]
2025-09-12 19:25:18 - [BENIGN] - DEBUG - Generated Telnet ACK from h3:33636 -> h5:23 [len=54B]
2025-09-12 19:25:19 - [BENIGN] - DEBUG - Generated Telnet data traffic from h3:33636 -> h5:23 [content='Telnet command'] [Session 75] [len=604B]
2025-09-12 19:25:19 - [BENIGN] - DEBUG - Generated Telnet ACK reply from h5:23 <- h3:33636 [len=54B]
2025-09-12 19:25:20 - [BENIGN] - DEBUG - Generated SSH SYN from h3:14664 -> h5:22 [len=54B]
2025-09-12 19:25:21 - [BENIGN] - DEBUG - Generated SSH SYN-ACK from h5:22 <- h3:14664 [len=54B]
2025-09-12 19:25:21 - [BENIGN] - DEBUG - Generated SSH ACK from h3:14664 -> h5:22 [len=54B]
2025-09-12 19:25:22 - [BENIGN] - DEBUG - Generated SSH data traffic from h3:14664 -> h5:22 [content='SSH encrypted data'] [Session 76] [len=998B]
2025-09-12 19:25:23 - [BENIGN] - DEBUG - Generated SSH ACK reply from h5:22 <- h3:14664 [len=54B]
2025-09-12 19:25:23 - [BENIGN] - DEBUG - Generated FTP SYN from h3:38855 -> h5:21 [len=54B]
2025-09-12 19:25:24 - [BENIGN] - DEBUG - Generated FTP SYN-ACK from h5:21 <- h3:38855 [len=54B]
2025-09-12 19:25:24 - [BENIGN] - DEBUG - Generated FTP ACK from h3:38855 -> h5:21 [len=54B]
2025-09-12 19:25:25 - [BENIGN] - DEBUG - Generated FTP data traffic from h3:38855 -> h5:21 [content='FTP file transfer'] [Session 77] [len=1082B]
2025-09-12 19:25:26 - [BENIGN] - DEBUG - Generated FTP ACK reply from h5:21 <- h3:38855 [len=54B]
2025-09-12 19:25:26 - [BENIGN] - DEBUG - Generated HTTP SYN from h3:24303 -> h5:80 [len=54B]
2025-09-12 19:25:27 - [BENIGN] - DEBUG - Generated HTTP SYN-ACK from h5:80 <- h3:24303 [len=54B]
2025-09-12 19:25:28 - [BENIGN] - DEBUG - Generated HTTP ACK from h3:24303 -> h5:80 [len=54B]
2025-09-12 19:25:28 - [BENIGN] - DEBUG - Generated HTTP data traffic from h3:24303 -> h5:80 [content='GET /index.html HTTP/1.1'] [Session 78] [len=520B]
2025-09-12 19:25:29 - [BENIGN] - DEBUG - Generated HTTP ACK reply from h5:80 <- h3:24303 [len=54B]
2025-09-12 19:25:29 - [BENIGN] - DEBUG - Generated HTTPS SYN from h3:27028 -> h5:443 [len=54B]
2025-09-12 19:25:30 - [BENIGN] - DEBUG - Generated HTTPS SYN-ACK from h5:443 <- h3:27028 [len=54B]
2025-09-12 19:25:31 - [BENIGN] - DEBUG - Generated HTTPS ACK from h3:27028 -> h5:443 [len=54B]
2025-09-12 19:25:31 - [BENIGN] - DEBUG - Generated HTTPS data traffic from h3:27028 -> h5:443 [content='Encrypted Application Data'] [Session 79] [len=216B]
2025-09-12 19:25:32 - [BENIGN] - DEBUG - Generated HTTPS ACK reply from h5:443 <- h3:27028 [len=54B]
2025-09-12 19:25:33 - [BENIGN] - DEBUG - Generated DNS query from h3:29772 -> h5:53 [qname='example.com'] [Session 80] [len=71B]
2025-09-12 19:25:33 - [BENIGN] - INFO - Benign traffic finished.
2025-09-12 19:25:33 - [BENIGN] - INFO - Summary: 80 protocol sessions with protocol separation:
2025-09-12 19:25:33 - [BENIGN] - INFO -   - h2↔h5: ICMP ping traffic
2025-09-12 19:25:33 - [BENIGN] - INFO -   - h3↔h5: TCP/UDP traffic [TCP, UDP, Telnet, SSH, FTP, HTTP, HTTPS, DNS]
2025-09-12 19:25:33 - [BENIGN] - INFO - Total packets sent: 340
