2025-07-20 18:56:07 - [MAIN] - INFO - 🚀 TIER 1 ZERO-INSTALLATION ENHANCEMENTS ACTIVE
2025-07-20 18:56:07 - [MAIN] - INFO - 📈 Target Sophistication Level: ~57.5%
2025-07-20 18:56:07 - [MAIN] - INFO - 🔧 Built-in Dependencies Only (statistics, math, hashlib, collections, calendar, base64)
2025-07-20 18:56:07 - [MAIN] - INFO - ⚡ CPU Affinity Optimization ENABLED
2025-07-20 18:56:07,167 - __main__ - INFO - 🔧 CPU Core Allocation:
2025-07-20 18:56:07,167 - __main__ - INFO -   System: Cores 0
2025-07-20 18:56:07,167 - __main__ - INFO -   Ryu: Cores 1
2025-07-20 18:56:07,167 - __main__ - INFO -   Mininet: Cores 2,3,4
2025-07-20 18:56:07,167 - __main__ - INFO -   Attacks: Cores 5,6,7,8,9,10
2025-07-20 18:56:07,167 - __main__ - INFO -   Background: Cores 11
2025-07-20 18:56:07,167 - __main__ - INFO -   Pcap: Cores 0-15 (all cores, post-simulation)
2025-07-20 18:56:07 - [MAIN] - INFO - Cleaning up any previous Mininet instances...
2025-07-20 18:56:08 - [MAIN] - INFO - Mininet cleanup complete.
2025-07-20 18:56:08,528 - __main__ - INFO - Verifying required tools...
2025-07-20 18:56:08,743 - __main__ - INFO - TShark version: Running as user "root" and group "root". This could be dangerous.
2025-07-20 18:56:08,749 - __main__ - INFO - ✅ taskset CPU affinity tool is available
2025-07-20 18:56:08,749 - __main__ - INFO - All required tools are available.
2025-07-20 18:56:08 - [MAIN] - INFO - Using configuration file: /home/user/Desktop/dataset_generation/config.json
2025-07-20 18:56:08,750 - __main__ - INFO - Starting Ryu SDN controller with CPU affinity...
2025-07-20 18:56:08,750 - __main__ - INFO - 🚀 Starting ryu on cores [1]: ryu-manager /home/user/Desktop/dataset_generation/src/controller/ryu_controller_app.py
2025-07-20 18:56:08,754 - __main__ - INFO - ✅ Started ryu with PID 45223 on cores [1]
2025-07-20 18:56:08,754 - __main__ - INFO - Ryu controller started with PID: 45223. See main_output/200725-2/ryu.log for logs.
2025-07-20 18:56:08,754 - __main__ - INFO - Checking for controller on port 6653 (timeout: 30s)...
2025-07-20 18:56:09,772 - __main__ - INFO - Controller is up and listening.
2025-07-20 18:56:09 - [MAIN] - INFO - Testing /hello endpoint...
2025-07-20 18:56:09 - [MAIN] - INFO - Test /hello endpoint: PASSED
2025-07-20 18:56:09,779 - __main__ - INFO - Setting up Mininet topology...
2025-07-20 18:56:10,021 - __main__ - INFO - Mininet version: 
2025-07-20 18:56:10,029 - __main__ - INFO - Connecting to remote controller at 127.0.0.1:6653
2025-07-20 18:56:12,307 - __main__ - INFO - Mininet network started successfully.
2025-07-20 18:56:12,307 - __main__ - INFO - Running Mininet pingall test...
2025-07-20 18:56:17,398 - __main__ - INFO - Mininet pingall test completed successfully. Packet loss: 0.0%
2025-07-20 18:56:17,398 - __main__ - INFO - Starting enhanced traffic generation scenario with CPU affinity optimization...
2025-07-20 18:56:17,398 - __main__ - INFO - ✅ Set current process affinity to cores [5, 6, 7, 8, 9, 10] for attacks
2025-07-20 18:56:17,398 - __main__ - INFO - ✅ Set CPU affinity for attack generation processes
2025-07-20 18:56:17,399 - __main__ - INFO - Phase 1: Initialization (5s)...
2025-07-20 18:56:22,410 - __main__ - INFO - Starting flow statistics collection for 6050 seconds...
2025-07-20 18:56:22,410 - __main__ - INFO - Flow statistics collection started in background.
2025-07-20 18:56:22,411 - __main__ - INFO - Phase 2: Normal Traffic (900s)...
2025-07-20 18:56:22,411 - __main__ - INFO - Timeline updated: normal phase started at 1753008982.4116666
2025-07-20 19:11:45,178 - __main__ - INFO - Stopping packet capture (PID: 45487)...
2025-07-20 19:11:45,223 - __main__ - INFO - Packet capture stopped.
2025-07-20 19:11:45,223 - __main__ - INFO - Phase 3.1: Enhanced Traditional DDoS Attacks...
2025-07-20 19:11:45,223 - __main__ - INFO - Timeline updated: syn_flood phase started at 1753009905.2234895
2025-07-20 19:13:04,802 - __main__ - INFO - Stopping packet capture (PID: 51507)...
2025-07-20 19:13:04,887 - __main__ - INFO - Packet capture stopped.
2025-07-20 19:13:04,887 - __main__ - INFO - Timeline updated: udp_flood phase started at 1753009984.8873918
2025-07-20 19:14:27,432 - __main__ - INFO - Stopping packet capture (PID: 51523)...
2025-07-20 19:14:27,531 - __main__ - INFO - Packet capture stopped.
2025-07-20 19:14:27,531 - __main__ - INFO - Timeline updated: icmp_flood phase started at 1753010067.531929
2025-07-20 19:15:47,139 - __main__ - INFO - Stopping packet capture (PID: 51531)...
2025-07-20 19:15:47,191 - __main__ - INFO - Packet capture stopped.
2025-07-20 19:15:47,191 - __main__ - INFO - Phase 3.2: ENHANCED Adversarial DDoS Attacks...
2025-07-20 19:15:47,191 - __main__ - INFO - Timeline updated: ad_syn phase started at 1753010147.1917527
2025-07-20 19:45:53,782 - __main__ - INFO - Stopping packet capture (PID: 51542)...
2025-07-20 19:45:53,876 - __main__ - INFO - Packet capture stopped.
2025-07-20 19:45:53,876 - __main__ - INFO - Timeline updated: ad_udp phase started at 1753011953.8768141
2025-07-20 20:06:02,403 - __main__ - INFO - Stopping packet capture (PID: 51621)...
2025-07-20 20:06:02,499 - __main__ - INFO - Packet capture stopped.
2025-07-20 20:06:02,500 - __main__ - INFO - Timeline updated: ad_slow phase started at 1753013162.5000026
2025-07-20 20:06:08,541 - __main__ - INFO - Proceeding with ENHANCED adversarial slow attack
2025-07-20 20:06:08,541 - __main__ - INFO - Attack traffic will be captured via h6_slow_read.pcap and ad_slow.pcap
2025-07-20 20:36:11,516 - __main__ - INFO - Stopping packet capture (PID: 51671)...
2025-07-20 20:36:11,579 - __main__ - INFO - Packet capture stopped.
2025-07-20 20:36:11,579 - __main__ - INFO - Stopping packet capture (PID: 51670)...
2025-07-20 20:36:11,682 - __main__ - INFO - Packet capture stopped.
2025-07-20 20:36:11,683 - __main__ - INFO - Analyzing main_output/200725-2/h6_slow_read.pcap for TCP issues...
2025-07-20 20:36:11,683 - __main__ - INFO - TCP Analysis on h6 PCAP: RST Count = 0, Retransmission Count = 0
2025-07-20 20:36:11,684 - __main__ - WARNING - Inter-Packet Arrival Time analysis failed for h6 PCAP: Not enough packets
2025-07-20 20:36:11,684 - __main__ - INFO - Phase 4: Cooldown (5s)...
2025-07-20 20:36:11,684 - __main__ - INFO - Timeline updated: normal phase started at 1753014971.6843235
2025-07-20 20:36:16,696 - __main__ - INFO - Signaling flow collection thread to stop...
2025-07-20 20:36:16,696 - __main__ - INFO - Waiting for flow collection thread to finish...
2025-07-20 20:36:17,551 - __main__ - INFO - Flow collection received stop signal, ending gracefully.
2025-07-20 20:36:17,552 - __main__ - INFO - Flow timeline collection completed.
2025-07-20 20:36:19,800 - __main__ - INFO - Flow statistics saved to main_output/200725-2/flow_features.csv
2025-07-20 20:36:19,888 - __main__ - INFO - Flow collection thread finished successfully
2025-07-20 20:36:19,888 - __main__ - INFO - ============================================================
2025-07-20 20:36:19,888 - __main__ - INFO - ENHANCED COMPREHENSIVE TIMING SUMMARY
2025-07-20 20:36:19,889 - __main__ - INFO - ============================================================
2025-07-20 20:36:19,889 - __main__ - INFO - Configuration File: /home/user/Desktop/dataset_generation/config.json
2025-07-20 20:36:19,889 - __main__ - INFO - 
2025-07-20 20:36:19,889 - __main__ - INFO - Total Scenario Runtime: 6002.49 seconds (100.04 minutes)
2025-07-20 20:36:19,889 - __main__ - INFO - 
2025-07-20 20:36:19,889 - __main__ - INFO - Phase-by-Phase Breakdown:
2025-07-20 20:36:19,889 - __main__ - INFO -   Enhanced Traditional Attacks:
2025-07-20 20:36:19,889 - __main__ - INFO -     Enhanced Syn Flood: 79.66s (configured: 75s)
2025-07-20 20:36:19,889 - __main__ - INFO -     Enhanced Udp Flood: 82.64s (configured: 75s)
2025-07-20 20:36:19,889 - __main__ - INFO -     Enhanced Icmp Flood: 79.66s (configured: 75s)
2025-07-20 20:36:19,889 - __main__ - INFO -   ENHANCED Adversarial Attacks:
2025-07-20 20:36:19,889 - __main__ - INFO -     ENHANCED TCP State Exhaustion: 1806.69s (configured: 1800s)
2025-07-20 20:36:19,889 - __main__ - INFO -     ENHANCED Application Layer: 1208.62s (configured: 1200s)
2025-07-20 20:36:19,889 - __main__ - INFO -     ENHANCED Slow Read: 1809.18s (configured: 1800s)
2025-07-20 20:36:19,889 - __main__ - INFO -   Initialization: 5.01s (configured: 5s)
2025-07-20 20:36:19,889 - __main__ - INFO -   Normal_Traffic: 922.81s (configured: 900s)
2025-07-20 20:36:19,889 - __main__ - INFO -   Cooldown: 5.01s (configured: 5s)
2025-07-20 20:36:19,889 - __main__ - INFO - ============================================================
2025-07-20 20:36:19,889 - __main__ - INFO - ENHANCED traffic generation scenario finished with ~57.5% sophistication level.
2025-07-20 20:36:19 - [MAIN] - INFO - Enhanced PCAP generation complete.
2025-07-20 20:36:19 - [MAIN] - INFO - Processing 8 PCAP files using 4 CPU cores...
2025-07-20 20:36:19,889 - __main__ - INFO - Starting parallel PCAP processing with 4 workers...
2025-07-20 20:36:19,890 - __main__ - INFO - ✅ Set current process affinity to cores [0, 1, 2, 3, 4, 5, 6, 7, 8, 9, 10, 11, 12, 13, 14, 15] for pcap
2025-07-20 20:36:19,890 - __main__ - INFO - ✅ Set CPU affinity for PCAP processing (all cores)
2025-07-20 20:36:25,068 - __main__ - INFO - ✓ Completed processing normal.pcap (6244 records)
2025-07-20 20:36:25,069 - __main__ - INFO - ✓ Completed processing syn_flood.pcap (1397 records)
2025-07-20 20:36:25,069 - __main__ - INFO - ✓ Completed processing udp_flood.pcap (824 records)
2025-07-20 20:36:25,069 - __main__ - INFO - ✓ Completed processing icmp_flood.pcap (680 records)
2025-07-20 20:36:25,069 - __main__ - INFO - ✓ Completed processing ad_syn.pcap (1633 records)
2025-07-20 20:36:25,069 - __main__ - INFO - ✓ Completed processing ad_udp.pcap (976 records)
2025-07-20 20:36:25,069 - __main__ - INFO - ✓ Completed processing ad_slow.pcap (1357 records)
2025-07-20 20:36:25,069 - __main__ - INFO - ✓ Completed processing h6_slow_read.pcap (0 records)
2025-07-20 20:36:25,082 - __main__ - INFO - Parallel PCAP processing completed. Processed 8 files successfully.
2025-07-20 20:36:25 - [MAIN] - INFO - Parallel PCAP processing completed in 5.19 seconds (0.09 minutes)
2025-07-20 20:36:25 - [MAIN] - INFO - Enhanced combined labeled CSV generated at: main_output/200725-2/packet_features.csv
2025-07-20 20:36:25 - [MAIN] - INFO - Enhanced final combined CSV created successfully.
2025-07-20 20:36:25 - [MAIN] - INFO - 
--- Enhanced Packet Feature Counts by Class ---
2025-07-20 20:36:25 - [MAIN] - INFO -   normal: 6244 packets
2025-07-20 20:36:25 - [MAIN] - INFO -   ad_syn: 1633 packets
2025-07-20 20:36:25 - [MAIN] - INFO -   syn_flood: 1397 packets
2025-07-20 20:36:25 - [MAIN] - INFO -   ad_slow: 1357 packets
2025-07-20 20:36:25 - [MAIN] - INFO -   ad_udp: 976 packets
2025-07-20 20:36:25 - [MAIN] - INFO -   udp_flood: 824 packets
2025-07-20 20:36:25 - [MAIN] - INFO -   icmp_flood: 680 packets
2025-07-20 20:36:25 - [MAIN] - INFO - Enhanced flow-level dataset generated at: main_output/200725-2/flow_features.csv
2025-07-20 20:36:25 - [MAIN] - INFO - 
--- Enhanced Flow Feature Counts by Class ---
2025-07-20 20:36:25 - [MAIN] - INFO -   ad_slow: 55614 flows
2025-07-20 20:36:25 - [MAIN] - INFO -   ad_syn: 55490 flows
2025-07-20 20:36:25 - [MAIN] - INFO -   ad_udp: 37138 flows
2025-07-20 20:36:25 - [MAIN] - INFO -   normal: 28613 flows
2025-07-20 20:36:25 - [MAIN] - INFO -   udp_flood: 2542 flows
2025-07-20 20:36:25 - [MAIN] - INFO -   syn_flood: 2449 flows
2025-07-20 20:36:25 - [MAIN] - INFO -   icmp_flood: 2449 flows
2025-07-20 20:36:25 - [MAIN] - INFO - Generating enhanced dataset summary...
2025-07-20 20:36:25 - [MAIN] - INFO - Dataset generation summary displayed above
2025-07-20 20:36:25 - [MAIN] - INFO - Running enhanced timeline analysis...
2025-07-20 20:36:25 - [MAIN] - INFO - Starting timeline analysis...
2025-07-20 20:36:26 - [MAIN] - INFO - Timeline Analysis Results:
2025-07-20 20:36:26 - [MAIN] - INFO -   Total attack types: 7
2025-07-20 20:36:26 - [MAIN] - INFO -   Good alignment: 6
2025-07-20 20:36:26 - [MAIN] - INFO -   Overall score: 85.7%
2025-07-20 20:36:26 - [MAIN] - INFO -   Status: 👍 GOOD: Timeline alignment is acceptable with minor issues.
2025-07-20 20:36:26 - [MAIN] - WARNING - Poor alignment: normal
2025-07-20 20:36:26 - [MAIN] - INFO - ================================================================================
2025-07-20 20:36:26 - [MAIN] - INFO - ENHANCED FINAL EXECUTION SUMMARY
2025-07-20 20:36:26 - [MAIN] - INFO - ================================================================================
2025-07-20 20:36:26 - [MAIN] - INFO - 🚀 Enhanced Framework Version: v2.0
2025-07-20 20:36:26 - [MAIN] - INFO - 📊 Sophistication Level Achieved: ~57.5%
2025-07-20 20:36:26 - [MAIN] - INFO - 🔧 Enhancement Type: Tier 1 Zero-Installation
2025-07-20 20:36:26 - [MAIN] - INFO - ⚡ CPU Affinity Optimization: ENABLED
2025-07-20 20:36:26 - [MAIN] - INFO - 🖥️  Total Cores Utilized: 16
2025-07-20 20:36:26 - [MAIN] - INFO - ⏱️  Total Execution Time: 6018.92 seconds (100.32 minutes | 1.67 hours)
2025-07-20 20:36:26 - [MAIN] - INFO - 📅 Enhanced Dataset Generation Complete: 2025-07-20 20:36:26
2025-07-20 20:36:26 - [MAIN] - INFO - 📈 Timeline Alignment Score: 85.7%
2025-07-20 20:36:26 - [MAIN] - INFO - ✅ Timeline Quality: GOOD
2025-07-20 20:36:26 - [MAIN] - INFO - ================================================================================
2025-07-20 20:36:26 - [MAIN] - INFO - 🎉 ENHANCED ADVERSARIAL DDOS DATASET GENERATION COMPLETED
2025-07-20 20:36:26 - [MAIN] - INFO - 📋 Enhancements Applied:
2025-07-20 20:36:26 - [MAIN] - INFO -    • Statistical Feature Manipulation (Basic ML Evasion)
2025-07-20 20:36:26 - [MAIN] - INFO -    • TCP State Machine Simulation (Advanced Protocol Exploitation)
2025-07-20 20:36:26 - [MAIN] - INFO -    • Behavioral Pattern Generator (Enhanced Behavioral Mimicry)
2025-07-20 20:36:26 - [MAIN] - INFO -    • Traffic Fingerprint Evasion (Traffic Camouflage Enhancement)
2025-07-20 20:36:26 - [MAIN] - INFO -    • CPU Core Affinity Optimization (Performance Enhancement)
2025-07-20 20:36:26 - [MAIN] - INFO - ================================================================================
2025-07-20 20:36:26,086 - __main__ - INFO - Cleaning up resources...
2025-07-20 20:36:26,086 - __main__ - INFO - Terminating Ryu controller (PID: 45223)...
2025-07-20 20:36:26,090 - __main__ - INFO - Cleaning up Mininet environment...
2025-07-20 20:36:27,700 - __main__ - INFO - Cleanup complete.
