2025-09-12 18:54:45 - [BENIGN] - INFO - Starting benign traffic for 200 seconds...
2025-09-12 18:54:45 - [BENIGN] - INFO - Protocol separation: h2↔h5 (ICMP), h3↔h5 (TCP/UDP)
2025-09-12 18:54:45 - [BENIGN] - DEBUG - Generated ICMP traffic h2↔h5 0 [len=84B]
2025-09-12 18:54:46 - [BENIGN] - DEBUG - Generated TCP SYN from h3:52688 -> h5:12345 [len=54B]
2025-09-12 18:54:46 - [BENIGN] - DEBUG - Generated TCP SYN-ACK from h5:12345 <- h3:52688 [len=54B]
2025-09-12 18:54:47 - [BENIGN] - DEBUG - Generated TCP ACK from h3:52688 -> h5:12345 [len=54B]
2025-09-12 18:54:48 - [BENIGN] - DEBUG - Generated TCP data traffic from h3:52688 -> h5:12345 [content='TCP data'] [Session 1] [len=142B]
2025-09-12 18:54:48 - [BENIGN] - DEBUG - Generated TCP ACK reply from h5:12345 <- h3:52688 [len=54B]
2025-09-12 18:54:49 - [BENIGN] - DEBUG - Generated UDP traffic from h3:15589 -> h5:12346 [content='e04b02b77a27d2a1c7bca4f1ac2edbe15a09b0a8...'] [Session 2] [len=156B]
2025-09-12 18:54:50 - [BENIGN] - DEBUG - Generated Telnet SYN from h3:33187 -> h5:23 [len=54B]
2025-09-12 18:54:50 - [BENIGN] - DEBUG - Generated Telnet SYN-ACK from h5:23 <- h3:33187 [len=54B]
2025-09-12 18:54:51 - [BENIGN] - DEBUG - Generated Telnet ACK from h3:33187 -> h5:23 [len=54B]
2025-09-12 18:54:52 - [BENIGN] - DEBUG - Generated Telnet data traffic from h3:33187 -> h5:23 [content='Telnet command'] [Session 3] [len=761B]
2025-09-12 18:54:52 - [BENIGN] - DEBUG - Generated Telnet ACK reply from h5:23 <- h3:33187 [len=54B]
2025-09-12 18:54:53 - [BENIGN] - DEBUG - Generated SSH SYN from h3:1732 -> h5:22 [len=54B]
2025-09-12 18:54:54 - [BENIGN] - DEBUG - Generated SSH SYN-ACK from h5:22 <- h3:1732 [len=54B]
2025-09-12 18:54:54 - [BENIGN] - DEBUG - Generated SSH ACK from h3:1732 -> h5:22 [len=54B]
2025-09-12 18:54:55 - [BENIGN] - DEBUG - Generated SSH data traffic from h3:1732 -> h5:22 [content='SSH encrypted data'] [Session 4] [len=851B]
2025-09-12 18:54:55 - [BENIGN] - DEBUG - Generated SSH ACK reply from h5:22 <- h3:1732 [len=54B]
2025-09-12 18:54:56 - [BENIGN] - DEBUG - Generated FTP SYN from h3:41507 -> h5:21 [len=54B]
2025-09-12 18:54:57 - [BENIGN] - DEBUG - Generated FTP SYN-ACK from h5:21 <- h3:41507 [len=54B]
2025-09-12 18:54:57 - [BENIGN] - DEBUG - Generated FTP ACK from h3:41507 -> h5:21 [len=54B]
2025-09-12 18:54:58 - [BENIGN] - DEBUG - Generated FTP data traffic from h3:41507 -> h5:21 [content='FTP file transfer'] [Session 5] [len=540B]
2025-09-12 18:54:59 - [BENIGN] - DEBUG - Generated FTP ACK reply from h5:21 <- h3:41507 [len=54B]
2025-09-12 18:54:59 - [BENIGN] - DEBUG - Generated HTTP SYN from h3:39964 -> h5:80 [len=54B]
2025-09-12 18:55:00 - [BENIGN] - DEBUG - Generated HTTP SYN-ACK from h5:80 <- h3:39964 [len=54B]
2025-09-12 18:55:01 - [BENIGN] - DEBUG - Generated HTTP ACK from h3:39964 -> h5:80 [len=54B]
2025-09-12 18:55:01 - [BENIGN] - DEBUG - Generated HTTP data traffic from h3:39964 -> h5:80 [content='GET /index.html HTTP/1.1'] [Session 6] [len=618B]
2025-09-12 18:55:02 - [BENIGN] - DEBUG - Generated HTTP ACK reply from h5:80 <- h3:39964 [len=54B]
2025-09-12 18:55:02 - [BENIGN] - DEBUG - Generated HTTPS SYN from h3:62566 -> h5:443 [len=54B]
2025-09-12 18:55:03 - [BENIGN] - DEBUG - Generated HTTPS SYN-ACK from h5:443 <- h3:62566 [len=54B]
2025-09-12 18:55:04 - [BENIGN] - DEBUG - Generated HTTPS ACK from h3:62566 -> h5:443 [len=54B]
2025-09-12 18:55:04 - [BENIGN] - DEBUG - Generated HTTPS data traffic from h3:62566 -> h5:443 [content='Encrypted Application Data'] [Session 7] [len=226B]
2025-09-12 18:55:05 - [BENIGN] - DEBUG - Generated HTTPS ACK reply from h5:443 <- h3:62566 [len=54B]
2025-09-12 18:55:06 - [BENIGN] - DEBUG - Generated DNS query from h3:42852 -> h5:53 [qname='example.com'] [Session 8] [len=71B]
2025-09-12 18:55:06 - [BENIGN] - DEBUG - Generated ICMP traffic h2↔h5 1 [len=84B]
2025-09-12 18:55:06 - [BENIGN] - DEBUG - Generated TCP SYN from h3:64635 -> h5:12345 [len=54B]
2025-09-12 18:55:07 - [BENIGN] - DEBUG - Generated TCP SYN-ACK from h5:12345 <- h3:64635 [len=54B]
2025-09-12 18:55:08 - [BENIGN] - DEBUG - Generated TCP ACK from h3:64635 -> h5:12345 [len=54B]
2025-09-12 18:55:08 - [BENIGN] - DEBUG - Generated TCP data traffic from h3:64635 -> h5:12345 [content='TCP data'] [Session 9] [len=879B]
2025-09-12 18:55:09 - [BENIGN] - DEBUG - Generated TCP ACK reply from h5:12345 <- h3:64635 [len=54B]
2025-09-12 18:55:09 - [BENIGN] - DEBUG - Generated UDP traffic from h3:42938 -> h5:12346 [content='fff6e4164348c62bfd494f61d9405bdbd1bd0260...'] [Session 10] [len=1536B]
2025-09-12 18:55:10 - [BENIGN] - DEBUG - Generated Telnet SYN from h3:61316 -> h5:23 [len=54B]
2025-09-12 18:55:11 - [BENIGN] - DEBUG - Generated Telnet SYN-ACK from h5:23 <- h3:61316 [len=54B]
2025-09-12 18:55:11 - [BENIGN] - DEBUG - Generated Telnet ACK from h3:61316 -> h5:23 [len=54B]
2025-09-12 18:55:12 - [BENIGN] - DEBUG - Generated Telnet data traffic from h3:61316 -> h5:23 [content='Telnet command'] [Session 11] [len=132B]
2025-09-12 18:55:13 - [BENIGN] - DEBUG - Generated Telnet ACK reply from h5:23 <- h3:61316 [len=54B]
2025-09-12 18:55:13 - [BENIGN] - DEBUG - Generated SSH SYN from h3:50461 -> h5:22 [len=54B]
2025-09-12 18:55:14 - [BENIGN] - DEBUG - Generated SSH SYN-ACK from h5:22 <- h3:50461 [len=54B]
2025-09-12 18:55:14 - [BENIGN] - DEBUG - Generated SSH ACK from h3:50461 -> h5:22 [len=54B]
2025-09-12 18:55:15 - [BENIGN] - DEBUG - Generated SSH data traffic from h3:50461 -> h5:22 [content='SSH encrypted data'] [Session 12] [len=564B]
2025-09-12 18:55:16 - [BENIGN] - DEBUG - Generated SSH ACK reply from h5:22 <- h3:50461 [len=54B]
2025-09-12 18:55:16 - [BENIGN] - DEBUG - Generated FTP SYN from h3:62010 -> h5:21 [len=54B]
2025-09-12 18:55:17 - [BENIGN] - DEBUG - Generated FTP SYN-ACK from h5:21 <- h3:62010 [len=54B]
2025-09-12 18:55:18 - [BENIGN] - DEBUG - Generated FTP ACK from h3:62010 -> h5:21 [len=54B]
2025-09-12 18:55:18 - [BENIGN] - DEBUG - Generated FTP data traffic from h3:62010 -> h5:21 [content='FTP file transfer'] [Session 13] [len=648B]
2025-09-12 18:55:19 - [BENIGN] - DEBUG - Generated FTP ACK reply from h5:21 <- h3:62010 [len=54B]
2025-09-12 18:55:19 - [BENIGN] - DEBUG - Generated HTTP SYN from h3:32309 -> h5:80 [len=54B]
2025-09-12 18:55:20 - [BENIGN] - DEBUG - Generated HTTP SYN-ACK from h5:80 <- h3:32309 [len=54B]
2025-09-12 18:55:21 - [BENIGN] - DEBUG - Generated HTTP ACK from h3:32309 -> h5:80 [len=54B]
2025-09-12 18:55:21 - [BENIGN] - DEBUG - Generated HTTP data traffic from h3:32309 -> h5:80 [content='GET /index.html HTTP/1.1'] [Session 14] [len=531B]
2025-09-12 18:55:22 - [BENIGN] - DEBUG - Generated HTTP ACK reply from h5:80 <- h3:32309 [len=54B]
2025-09-12 18:55:23 - [BENIGN] - DEBUG - Generated HTTPS SYN from h3:57408 -> h5:443 [len=54B]
2025-09-12 18:55:23 - [BENIGN] - DEBUG - Generated HTTPS SYN-ACK from h5:443 <- h3:57408 [len=54B]
2025-09-12 18:55:24 - [BENIGN] - DEBUG - Generated HTTPS ACK from h3:57408 -> h5:443 [len=54B]
2025-09-12 18:55:24 - [BENIGN] - DEBUG - Generated HTTPS data traffic from h3:57408 -> h5:443 [content='Encrypted Application Data'] [Session 15] [len=254B]
2025-09-12 18:55:25 - [BENIGN] - DEBUG - Generated HTTPS ACK reply from h5:443 <- h3:57408 [len=54B]
2025-09-12 18:55:26 - [BENIGN] - DEBUG - Generated DNS query from h3:21851 -> h5:53 [qname='example.com'] [Session 16] [len=71B]
2025-09-12 18:55:26 - [BENIGN] - DEBUG - Generated ICMP traffic h2↔h5 2 [len=84B]
2025-09-12 18:55:26 - [BENIGN] - DEBUG - Generated TCP SYN from h3:55740 -> h5:12345 [len=54B]
2025-09-12 18:55:27 - [BENIGN] - DEBUG - Generated TCP SYN-ACK from h5:12345 <- h3:55740 [len=54B]
2025-09-12 18:55:28 - [BENIGN] - DEBUG - Generated TCP ACK from h3:55740 -> h5:12345 [len=54B]
2025-09-12 18:55:28 - [BENIGN] - DEBUG - Generated TCP data traffic from h3:55740 -> h5:12345 [content='TCP data'] [Session 17] [len=1214B]
2025-09-12 18:55:29 - [BENIGN] - DEBUG - Generated TCP ACK reply from h5:12345 <- h3:55740 [len=54B]
2025-09-12 18:55:30 - [BENIGN] - DEBUG - Generated UDP traffic from h3:45967 -> h5:12346 [content='81e1f6d4bc7928d0e0b25cf8d924dbc5530cceb2...'] [Session 18] [len=1489B]
2025-09-12 18:55:30 - [BENIGN] - DEBUG - Generated Telnet SYN from h3:33356 -> h5:23 [len=54B]
2025-09-12 18:55:31 - [BENIGN] - DEBUG - Generated Telnet SYN-ACK from h5:23 <- h3:33356 [len=54B]
2025-09-12 18:55:31 - [BENIGN] - DEBUG - Generated Telnet ACK from h3:33356 -> h5:23 [len=54B]
2025-09-12 18:55:32 - [BENIGN] - DEBUG - Generated Telnet data traffic from h3:33356 -> h5:23 [content='Telnet command'] [Session 19] [len=1390B]
2025-09-12 18:55:33 - [BENIGN] - DEBUG - Generated Telnet ACK reply from h5:23 <- h3:33356 [len=54B]
2025-09-12 18:55:33 - [BENIGN] - DEBUG - Generated SSH SYN from h3:24061 -> h5:22 [len=54B]
2025-09-12 18:55:34 - [BENIGN] - DEBUG - Generated SSH SYN-ACK from h5:22 <- h3:24061 [len=54B]
2025-09-12 18:55:35 - [BENIGN] - DEBUG - Generated SSH ACK from h3:24061 -> h5:22 [len=54B]
2025-09-12 18:55:35 - [BENIGN] - DEBUG - Generated SSH data traffic from h3:24061 -> h5:22 [content='SSH encrypted data'] [Session 20] [len=328B]
2025-09-12 18:55:36 - [BENIGN] - DEBUG - Generated SSH ACK reply from h5:22 <- h3:24061 [len=54B]
2025-09-12 18:55:36 - [BENIGN] - DEBUG - Generated FTP SYN from h3:60364 -> h5:21 [len=54B]
2025-09-12 18:55:37 - [BENIGN] - DEBUG - Generated FTP SYN-ACK from h5:21 <- h3:60364 [len=54B]
2025-09-12 18:55:38 - [BENIGN] - DEBUG - Generated FTP ACK from h3:60364 -> h5:21 [len=54B]
2025-09-12 18:55:38 - [BENIGN] - DEBUG - Generated FTP data traffic from h3:60364 -> h5:21 [content='FTP file transfer'] [Session 21] [len=778B]
2025-09-12 18:55:39 - [BENIGN] - DEBUG - Generated FTP ACK reply from h5:21 <- h3:60364 [len=54B]
2025-09-12 18:55:40 - [BENIGN] - DEBUG - Generated HTTP SYN from h3:38841 -> h5:80 [len=54B]
2025-09-12 18:55:40 - [BENIGN] - DEBUG - Generated HTTP SYN-ACK from h5:80 <- h3:38841 [len=54B]
2025-09-12 18:55:41 - [BENIGN] - DEBUG - Generated HTTP ACK from h3:38841 -> h5:80 [len=54B]
2025-09-12 18:55:41 - [BENIGN] - DEBUG - Generated HTTP data traffic from h3:38841 -> h5:80 [content='GET /index.html HTTP/1.1'] [Session 22] [len=629B]
2025-09-12 18:55:42 - [BENIGN] - DEBUG - Generated HTTP ACK reply from h5:80 <- h3:38841 [len=54B]
2025-09-12 18:55:43 - [BENIGN] - DEBUG - Generated HTTPS SYN from h3:18256 -> h5:443 [len=54B]
2025-09-12 18:55:43 - [BENIGN] - DEBUG - Generated HTTPS SYN-ACK from h5:443 <- h3:18256 [len=54B]
2025-09-12 18:55:44 - [BENIGN] - DEBUG - Generated HTTPS ACK from h3:18256 -> h5:443 [len=54B]
2025-09-12 18:55:45 - [BENIGN] - DEBUG - Generated HTTPS data traffic from h3:18256 -> h5:443 [content='Encrypted Application Data'] [Session 23] [len=287B]
2025-09-12 18:55:45 - [BENIGN] - DEBUG - Generated HTTPS ACK reply from h5:443 <- h3:18256 [len=54B]
2025-09-12 18:55:46 - [BENIGN] - DEBUG - Generated DNS query from h3:9990 -> h5:53 [qname='example.com'] [Session 24] [len=71B]
2025-09-12 18:55:46 - [BENIGN] - DEBUG - Generated ICMP traffic h2↔h5 3 [len=84B]
2025-09-12 18:55:47 - [BENIGN] - DEBUG - Generated TCP SYN from h3:55856 -> h5:12345 [len=54B]
2025-09-12 18:55:47 - [BENIGN] - DEBUG - Generated TCP SYN-ACK from h5:12345 <- h3:55856 [len=54B]
2025-09-12 18:55:48 - [BENIGN] - DEBUG - Generated TCP ACK from h3:55856 -> h5:12345 [len=54B]
2025-09-12 18:55:48 - [BENIGN] - DEBUG - Generated TCP data traffic from h3:55856 -> h5:12345 [content='TCP data'] [Session 25] [len=496B]
2025-09-12 18:55:49 - [BENIGN] - DEBUG - Generated TCP ACK reply from h5:12345 <- h3:55856 [len=54B]
2025-09-12 18:55:50 - [BENIGN] - DEBUG - Generated UDP traffic from h3:41969 -> h5:12346 [content='e4a13ba2d98734f5658cee4669fbbe9e056fcfde...'] [Session 26] [len=571B]
2025-09-12 18:55:50 - [BENIGN] - DEBUG - Generated Telnet SYN from h3:33631 -> h5:23 [len=54B]
2025-09-12 18:55:51 - [BENIGN] - DEBUG - Generated Telnet SYN-ACK from h5:23 <- h3:33631 [len=54B]
2025-09-12 18:55:52 - [BENIGN] - DEBUG - Generated Telnet ACK from h3:33631 -> h5:23 [len=54B]
2025-09-12 18:55:52 - [BENIGN] - DEBUG - Generated Telnet data traffic from h3:33631 -> h5:23 [content='Telnet command'] [Session 27] [len=618B]
2025-09-12 18:55:53 - [BENIGN] - DEBUG - Generated Telnet ACK reply from h5:23 <- h3:33631 [len=54B]
2025-09-12 18:55:53 - [BENIGN] - DEBUG - Generated SSH SYN from h3:16605 -> h5:22 [len=54B]
2025-09-12 18:55:54 - [BENIGN] - DEBUG - Generated SSH SYN-ACK from h5:22 <- h3:16605 [len=54B]
2025-09-12 18:55:55 - [BENIGN] - DEBUG - Generated SSH ACK from h3:16605 -> h5:22 [len=54B]
2025-09-12 18:55:55 - [BENIGN] - DEBUG - Generated SSH data traffic from h3:16605 -> h5:22 [content='SSH encrypted data'] [Session 28] [len=1456B]
2025-09-12 18:55:56 - [BENIGN] - DEBUG - Generated SSH ACK reply from h5:22 <- h3:16605 [len=54B]
2025-09-12 18:55:57 - [BENIGN] - DEBUG - Generated FTP SYN from h3:30901 -> h5:21 [len=54B]
2025-09-12 18:55:57 - [BENIGN] - DEBUG - Generated FTP SYN-ACK from h5:21 <- h3:30901 [len=54B]
2025-09-12 18:55:58 - [BENIGN] - DEBUG - Generated FTP ACK from h3:30901 -> h5:21 [len=54B]
2025-09-12 18:55:58 - [BENIGN] - DEBUG - Generated FTP data traffic from h3:30901 -> h5:21 [content='FTP file transfer'] [Session 29] [len=591B]
2025-09-12 18:55:59 - [BENIGN] - DEBUG - Generated FTP ACK reply from h5:21 <- h3:30901 [len=54B]
2025-09-12 18:56:00 - [BENIGN] - DEBUG - Generated HTTP SYN from h3:16272 -> h5:80 [len=54B]
2025-09-12 18:56:00 - [BENIGN] - DEBUG - Generated HTTP SYN-ACK from h5:80 <- h3:16272 [len=54B]
2025-09-12 18:56:01 - [BENIGN] - DEBUG - Generated HTTP ACK from h3:16272 -> h5:80 [len=54B]
2025-09-12 18:56:02 - [BENIGN] - DEBUG - Generated HTTP data traffic from h3:16272 -> h5:80 [content='GET /index.html HTTP/1.1'] [Session 30] [len=356B]
2025-09-12 18:56:02 - [BENIGN] - DEBUG - Generated HTTP ACK reply from h5:80 <- h3:16272 [len=54B]
2025-09-12 18:56:03 - [BENIGN] - DEBUG - Generated HTTPS SYN from h3:62576 -> h5:443 [len=54B]
2025-09-12 18:56:04 - [BENIGN] - DEBUG - Generated HTTPS SYN-ACK from h5:443 <- h3:62576 [len=54B]
2025-09-12 18:56:04 - [BENIGN] - DEBUG - Generated HTTPS ACK from h3:62576 -> h5:443 [len=54B]
2025-09-12 18:56:05 - [BENIGN] - DEBUG - Generated HTTPS data traffic from h3:62576 -> h5:443 [content='Encrypted Application Data'] [Session 31] [len=408B]
2025-09-12 18:56:05 - [BENIGN] - DEBUG - Generated HTTPS ACK reply from h5:443 <- h3:62576 [len=54B]
2025-09-12 18:56:06 - [BENIGN] - DEBUG - Generated DNS query from h3:18488 -> h5:53 [qname='example.com'] [Session 32] [len=71B]
2025-09-12 18:56:06 - [BENIGN] - DEBUG - Generated ICMP traffic h2↔h5 4 [len=84B]
2025-09-12 18:56:07 - [BENIGN] - DEBUG - Generated TCP SYN from h3:44231 -> h5:12345 [len=54B]
2025-09-12 18:56:07 - [BENIGN] - DEBUG - Generated TCP SYN-ACK from h5:12345 <- h3:44231 [len=54B]
2025-09-12 18:56:08 - [BENIGN] - DEBUG - Generated TCP ACK from h3:44231 -> h5:12345 [len=54B]
2025-09-12 18:56:09 - [BENIGN] - DEBUG - Generated TCP data traffic from h3:44231 -> h5:12345 [content='TCP data'] [Session 33] [len=1011B]
2025-09-12 18:56:09 - [BENIGN] - DEBUG - Generated TCP ACK reply from h5:12345 <- h3:44231 [len=54B]
2025-09-12 18:56:10 - [BENIGN] - DEBUG - Generated UDP traffic from h3:54631 -> h5:12346 [content='3e33eb7a200a309985b0c398f0275fd52933862f...'] [Session 34] [len=1057B]
2025-09-12 18:56:11 - [BENIGN] - DEBUG - Generated Telnet SYN from h3:37095 -> h5:23 [len=54B]
2025-09-12 18:56:11 - [BENIGN] - DEBUG - Generated Telnet SYN-ACK from h5:23 <- h3:37095 [len=54B]
2025-09-12 18:56:12 - [BENIGN] - DEBUG - Generated Telnet ACK from h3:37095 -> h5:23 [len=54B]
2025-09-12 18:56:13 - [BENIGN] - DEBUG - Generated Telnet data traffic from h3:37095 -> h5:23 [content='Telnet command'] [Session 35] [len=890B]
2025-09-12 18:56:13 - [BENIGN] - DEBUG - Generated Telnet ACK reply from h5:23 <- h3:37095 [len=54B]
2025-09-12 18:56:14 - [BENIGN] - DEBUG - Generated SSH SYN from h3:49760 -> h5:22 [len=54B]
2025-09-12 18:56:15 - [BENIGN] - DEBUG - Generated SSH SYN-ACK from h5:22 <- h3:49760 [len=54B]
2025-09-12 18:56:15 - [BENIGN] - DEBUG - Generated SSH ACK from h3:49760 -> h5:22 [len=54B]
2025-09-12 18:56:16 - [BENIGN] - DEBUG - Generated SSH data traffic from h3:49760 -> h5:22 [content='SSH encrypted data'] [Session 36] [len=1155B]
2025-09-12 18:56:16 - [BENIGN] - DEBUG - Generated SSH ACK reply from h5:22 <- h3:49760 [len=54B]
2025-09-12 18:56:17 - [BENIGN] - DEBUG - Generated FTP SYN from h3:37858 -> h5:21 [len=54B]
2025-09-12 18:56:18 - [BENIGN] - DEBUG - Generated FTP SYN-ACK from h5:21 <- h3:37858 [len=54B]
2025-09-12 18:56:18 - [BENIGN] - DEBUG - Generated FTP ACK from h3:37858 -> h5:21 [len=54B]
2025-09-12 18:56:19 - [BENIGN] - DEBUG - Generated FTP data traffic from h3:37858 -> h5:21 [content='FTP file transfer'] [Session 37] [len=1064B]
2025-09-12 18:56:20 - [BENIGN] - DEBUG - Generated FTP ACK reply from h5:21 <- h3:37858 [len=54B]
2025-09-12 18:56:20 - [BENIGN] - DEBUG - Generated HTTP SYN from h3:17226 -> h5:80 [len=54B]
2025-09-12 18:56:21 - [BENIGN] - DEBUG - Generated HTTP SYN-ACK from h5:80 <- h3:17226 [len=54B]
2025-09-12 18:56:22 - [BENIGN] - DEBUG - Generated HTTP ACK from h3:17226 -> h5:80 [len=54B]
2025-09-12 18:56:22 - [BENIGN] - DEBUG - Generated HTTP data traffic from h3:17226 -> h5:80 [content='GET /index.html HTTP/1.1'] [Session 38] [len=301B]
2025-09-12 18:56:23 - [BENIGN] - DEBUG - Generated HTTP ACK reply from h5:80 <- h3:17226 [len=54B]
2025-09-12 18:56:23 - [BENIGN] - DEBUG - Generated HTTPS SYN from h3:3074 -> h5:443 [len=54B]
2025-09-12 18:56:24 - [BENIGN] - DEBUG - Generated HTTPS SYN-ACK from h5:443 <- h3:3074 [len=54B]
2025-09-12 18:56:25 - [BENIGN] - DEBUG - Generated HTTPS ACK from h3:3074 -> h5:443 [len=54B]
2025-09-12 18:56:25 - [BENIGN] - DEBUG - Generated HTTPS data traffic from h3:3074 -> h5:443 [content='Encrypted Application Data'] [Session 39] [len=795B]
2025-09-12 18:56:26 - [BENIGN] - DEBUG - Generated HTTPS ACK reply from h5:443 <- h3:3074 [len=54B]
2025-09-12 18:56:27 - [BENIGN] - DEBUG - Generated DNS query from h3:51431 -> h5:53 [qname='example.com'] [Session 40] [len=71B]
2025-09-12 18:56:27 - [BENIGN] - DEBUG - Generated ICMP traffic h2↔h5 5 [len=84B]
2025-09-12 18:56:27 - [BENIGN] - DEBUG - Generated TCP SYN from h3:14607 -> h5:12345 [len=54B]
2025-09-12 18:56:28 - [BENIGN] - DEBUG - Generated TCP SYN-ACK from h5:12345 <- h3:14607 [len=54B]
2025-09-12 18:56:28 - [BENIGN] - DEBUG - Generated TCP ACK from h3:14607 -> h5:12345 [len=54B]
2025-09-12 18:56:29 - [BENIGN] - DEBUG - Generated TCP data traffic from h3:14607 -> h5:12345 [content='TCP data'] [Session 41] [len=279B]
2025-09-12 18:56:30 - [BENIGN] - DEBUG - Generated TCP ACK reply from h5:12345 <- h3:14607 [len=54B]
2025-09-12 18:56:30 - [BENIGN] - DEBUG - Generated UDP traffic from h3:60381 -> h5:12346 [content='67fe94096df27432b64e31e1fbc0fe52fde20e8b...'] [Session 42] [len=517B]
2025-09-12 18:56:31 - [BENIGN] - DEBUG - Generated Telnet SYN from h3:43532 -> h5:23 [len=54B]
2025-09-12 18:56:32 - [BENIGN] - DEBUG - Generated Telnet SYN-ACK from h5:23 <- h3:43532 [len=54B]
2025-09-12 18:56:32 - [BENIGN] - DEBUG - Generated Telnet ACK from h3:43532 -> h5:23 [len=54B]
2025-09-12 18:56:33 - [BENIGN] - DEBUG - Generated Telnet data traffic from h3:43532 -> h5:23 [content='Telnet command'] [Session 43] [len=559B]
2025-09-12 18:56:33 - [BENIGN] - DEBUG - Generated Telnet ACK reply from h5:23 <- h3:43532 [len=54B]
2025-09-12 18:56:34 - [BENIGN] - DEBUG - Generated SSH SYN from h3:62067 -> h5:22 [len=54B]
2025-09-12 18:56:35 - [BENIGN] - DEBUG - Generated SSH SYN-ACK from h5:22 <- h3:62067 [len=54B]
2025-09-12 18:56:35 - [BENIGN] - DEBUG - Generated SSH ACK from h3:62067 -> h5:22 [len=54B]
2025-09-12 18:56:36 - [BENIGN] - DEBUG - Generated SSH data traffic from h3:62067 -> h5:22 [content='SSH encrypted data'] [Session 44] [len=864B]
2025-09-12 18:56:37 - [BENIGN] - DEBUG - Generated SSH ACK reply from h5:22 <- h3:62067 [len=54B]
2025-09-12 18:56:37 - [BENIGN] - DEBUG - Generated FTP SYN from h3:26145 -> h5:21 [len=54B]
2025-09-12 18:56:38 - [BENIGN] - DEBUG - Generated FTP SYN-ACK from h5:21 <- h3:26145 [len=54B]
2025-09-12 18:56:38 - [BENIGN] - DEBUG - Generated FTP ACK from h3:26145 -> h5:21 [len=54B]
2025-09-12 18:56:39 - [BENIGN] - DEBUG - Generated FTP data traffic from h3:26145 -> h5:21 [content='FTP file transfer'] [Session 45] [len=594B]
2025-09-12 18:56:40 - [BENIGN] - DEBUG - Generated FTP ACK reply from h5:21 <- h3:26145 [len=54B]
2025-09-12 18:56:40 - [BENIGN] - DEBUG - Generated HTTP SYN from h3:32814 -> h5:80 [len=54B]
2025-09-12 18:56:41 - [BENIGN] - DEBUG - Generated HTTP SYN-ACK from h5:80 <- h3:32814 [len=54B]
2025-09-12 18:56:42 - [BENIGN] - DEBUG - Generated HTTP ACK from h3:32814 -> h5:80 [len=54B]
2025-09-12 18:56:42 - [BENIGN] - DEBUG - Generated HTTP data traffic from h3:32814 -> h5:80 [content='GET /index.html HTTP/1.1'] [Session 46] [len=581B]
2025-09-12 18:56:43 - [BENIGN] - DEBUG - Generated HTTP ACK reply from h5:80 <- h3:32814 [len=54B]
2025-09-12 18:56:43 - [BENIGN] - DEBUG - Generated HTTPS SYN from h3:6431 -> h5:443 [len=54B]
2025-09-12 18:56:44 - [BENIGN] - DEBUG - Generated HTTPS SYN-ACK from h5:443 <- h3:6431 [len=54B]
2025-09-12 18:56:45 - [BENIGN] - DEBUG - Generated HTTPS ACK from h3:6431 -> h5:443 [len=54B]
2025-09-12 18:56:45 - [BENIGN] - DEBUG - Generated HTTPS data traffic from h3:6431 -> h5:443 [content='Encrypted Application Data'] [Session 47] [len=237B]
2025-09-12 18:56:46 - [BENIGN] - DEBUG - Generated HTTPS ACK reply from h5:443 <- h3:6431 [len=54B]
2025-09-12 18:56:47 - [BENIGN] - DEBUG - Generated DNS query from h3:58636 -> h5:53 [qname='example.com'] [Session 48] [len=71B]
2025-09-12 18:56:47 - [BENIGN] - DEBUG - Generated ICMP traffic h2↔h5 6 [len=84B]
2025-09-12 18:56:47 - [BENIGN] - DEBUG - Generated TCP SYN from h3:17833 -> h5:12345 [len=54B]
2025-09-12 18:56:48 - [BENIGN] - DEBUG - Generated TCP SYN-ACK from h5:12345 <- h3:17833 [len=54B]
2025-09-12 18:56:49 - [BENIGN] - DEBUG - Generated TCP ACK from h3:17833 -> h5:12345 [len=54B]
2025-09-12 18:56:49 - [BENIGN] - DEBUG - Generated TCP data traffic from h3:17833 -> h5:12345 [content='TCP data'] [Session 49] [len=314B]
2025-09-12 18:56:50 - [BENIGN] - DEBUG - Generated TCP ACK reply from h5:12345 <- h3:17833 [len=54B]
2025-09-12 18:56:50 - [BENIGN] - DEBUG - Generated UDP traffic from h3:45916 -> h5:12346 [content='62d8615ae5b3a25821db0d0d947638e2d7a7a526...'] [Session 50] [len=916B]
2025-09-12 18:56:51 - [BENIGN] - DEBUG - Generated Telnet SYN from h3:47797 -> h5:23 [len=54B]
2025-09-12 18:56:52 - [BENIGN] - DEBUG - Generated Telnet SYN-ACK from h5:23 <- h3:47797 [len=54B]
2025-09-12 18:56:52 - [BENIGN] - DEBUG - Generated Telnet ACK from h3:47797 -> h5:23 [len=54B]
2025-09-12 18:56:53 - [BENIGN] - DEBUG - Generated Telnet data traffic from h3:47797 -> h5:23 [content='Telnet command'] [Session 51] [len=279B]
2025-09-12 18:56:54 - [BENIGN] - DEBUG - Generated Telnet ACK reply from h5:23 <- h3:47797 [len=54B]
2025-09-12 18:56:54 - [BENIGN] - DEBUG - Generated SSH SYN from h3:46188 -> h5:22 [len=54B]
2025-09-12 18:56:55 - [BENIGN] - DEBUG - Generated SSH SYN-ACK from h5:22 <- h3:46188 [len=54B]
2025-09-12 18:56:55 - [BENIGN] - DEBUG - Generated SSH ACK from h3:46188 -> h5:22 [len=54B]
2025-09-12 18:56:56 - [BENIGN] - DEBUG - Generated SSH data traffic from h3:46188 -> h5:22 [content='SSH encrypted data'] [Session 52] [len=784B]
2025-09-12 18:56:57 - [BENIGN] - DEBUG - Generated SSH ACK reply from h5:22 <- h3:46188 [len=54B]
2025-09-12 18:56:57 - [BENIGN] - DEBUG - Generated FTP SYN from h3:6668 -> h5:21 [len=54B]
2025-09-12 18:56:58 - [BENIGN] - DEBUG - Generated FTP SYN-ACK from h5:21 <- h3:6668 [len=54B]
2025-09-12 18:56:59 - [BENIGN] - DEBUG - Generated FTP ACK from h3:6668 -> h5:21 [len=54B]
2025-09-12 18:56:59 - [BENIGN] - DEBUG - Generated FTP data traffic from h3:6668 -> h5:21 [content='FTP file transfer'] [Session 53] [len=733B]
2025-09-12 18:57:00 - [BENIGN] - DEBUG - Generated FTP ACK reply from h5:21 <- h3:6668 [len=54B]
2025-09-12 18:57:00 - [BENIGN] - DEBUG - Generated HTTP SYN from h3:56109 -> h5:80 [len=54B]
2025-09-12 18:57:01 - [BENIGN] - DEBUG - Generated HTTP SYN-ACK from h5:80 <- h3:56109 [len=54B]
2025-09-12 18:57:02 - [BENIGN] - DEBUG - Generated HTTP ACK from h3:56109 -> h5:80 [len=54B]
2025-09-12 18:57:02 - [BENIGN] - DEBUG - Generated HTTP data traffic from h3:56109 -> h5:80 [content='GET /index.html HTTP/1.1'] [Session 54] [len=584B]
2025-09-12 18:57:03 - [BENIGN] - DEBUG - Generated HTTP ACK reply from h5:80 <- h3:56109 [len=54B]
2025-09-12 18:57:04 - [BENIGN] - DEBUG - Generated HTTPS SYN from h3:57748 -> h5:443 [len=54B]
2025-09-12 18:57:04 - [BENIGN] - DEBUG - Generated HTTPS SYN-ACK from h5:443 <- h3:57748 [len=54B]
2025-09-12 18:57:05 - [BENIGN] - DEBUG - Generated HTTPS ACK from h3:57748 -> h5:443 [len=54B]
2025-09-12 18:57:05 - [BENIGN] - DEBUG - Generated HTTPS data traffic from h3:57748 -> h5:443 [content='Encrypted Application Data'] [Session 55] [len=254B]
2025-09-12 18:57:06 - [BENIGN] - DEBUG - Generated HTTPS ACK reply from h5:443 <- h3:57748 [len=54B]
2025-09-12 18:57:07 - [BENIGN] - DEBUG - Generated DNS query from h3:61610 -> h5:53 [qname='example.com'] [Session 56] [len=71B]
2025-09-12 18:57:07 - [BENIGN] - DEBUG - Generated ICMP traffic h2↔h5 7 [len=84B]
2025-09-12 18:57:07 - [BENIGN] - DEBUG - Generated TCP SYN from h3:6067 -> h5:12345 [len=54B]
2025-09-12 18:57:08 - [BENIGN] - DEBUG - Generated TCP SYN-ACK from h5:12345 <- h3:6067 [len=54B]
2025-09-12 18:57:09 - [BENIGN] - DEBUG - Generated TCP ACK from h3:6067 -> h5:12345 [len=54B]
2025-09-12 18:57:09 - [BENIGN] - DEBUG - Generated TCP data traffic from h3:6067 -> h5:12345 [content='TCP data'] [Session 57] [len=781B]
2025-09-12 18:57:10 - [BENIGN] - DEBUG - Generated TCP ACK reply from h5:12345 <- h3:6067 [len=54B]
2025-09-12 18:57:10 - [BENIGN] - DEBUG - Generated UDP traffic from h3:15302 -> h5:12346 [content='81fc7e126c35dc306a3fb705454d3d4b2dca1c0c...'] [Session 58] [len=568B]
2025-09-12 18:57:11 - [BENIGN] - DEBUG - Generated Telnet SYN from h3:27351 -> h5:23 [len=54B]
2025-09-12 18:57:12 - [BENIGN] - DEBUG - Generated Telnet SYN-ACK from h5:23 <- h3:27351 [len=54B]
2025-09-12 18:57:12 - [BENIGN] - DEBUG - Generated Telnet ACK from h3:27351 -> h5:23 [len=54B]
2025-09-12 18:57:13 - [BENIGN] - DEBUG - Generated Telnet data traffic from h3:27351 -> h5:23 [content='Telnet command'] [Session 59] [len=478B]
2025-09-12 18:57:14 - [BENIGN] - DEBUG - Generated Telnet ACK reply from h5:23 <- h3:27351 [len=54B]
2025-09-12 18:57:14 - [BENIGN] - DEBUG - Generated SSH SYN from h3:11450 -> h5:22 [len=54B]
2025-09-12 18:57:15 - [BENIGN] - DEBUG - Generated SSH SYN-ACK from h5:22 <- h3:11450 [len=54B]
2025-09-12 18:57:15 - [BENIGN] - DEBUG - Generated SSH ACK from h3:11450 -> h5:22 [len=54B]
2025-09-12 18:57:16 - [BENIGN] - DEBUG - Generated SSH data traffic from h3:11450 -> h5:22 [content='SSH encrypted data'] [Session 60] [len=373B]
2025-09-12 18:57:17 - [BENIGN] - DEBUG - Generated SSH ACK reply from h5:22 <- h3:11450 [len=54B]
2025-09-12 18:57:17 - [BENIGN] - DEBUG - Generated FTP SYN from h3:49588 -> h5:21 [len=54B]
2025-09-12 18:57:18 - [BENIGN] - DEBUG - Generated FTP SYN-ACK from h5:21 <- h3:49588 [len=54B]
2025-09-12 18:57:19 - [BENIGN] - DEBUG - Generated FTP ACK from h3:49588 -> h5:21 [len=54B]
2025-09-12 18:57:19 - [BENIGN] - DEBUG - Generated FTP data traffic from h3:49588 -> h5:21 [content='FTP file transfer'] [Session 61] [len=660B]
2025-09-12 18:57:20 - [BENIGN] - DEBUG - Generated FTP ACK reply from h5:21 <- h3:49588 [len=54B]
2025-09-12 18:57:20 - [BENIGN] - DEBUG - Generated HTTP SYN from h3:42858 -> h5:80 [len=54B]
2025-09-12 18:57:21 - [BENIGN] - DEBUG - Generated HTTP SYN-ACK from h5:80 <- h3:42858 [len=54B]
2025-09-12 18:57:22 - [BENIGN] - DEBUG - Generated HTTP ACK from h3:42858 -> h5:80 [len=54B]
2025-09-12 18:57:22 - [BENIGN] - DEBUG - Generated HTTP data traffic from h3:42858 -> h5:80 [content='GET /index.html HTTP/1.1'] [Session 62] [len=529B]
2025-09-12 18:57:23 - [BENIGN] - DEBUG - Generated HTTP ACK reply from h5:80 <- h3:42858 [len=54B]
2025-09-12 18:57:24 - [BENIGN] - DEBUG - Generated HTTPS SYN from h3:49745 -> h5:443 [len=54B]
2025-09-12 18:57:24 - [BENIGN] - DEBUG - Generated HTTPS SYN-ACK from h5:443 <- h3:49745 [len=54B]
2025-09-12 18:57:25 - [BENIGN] - DEBUG - Generated HTTPS ACK from h3:49745 -> h5:443 [len=54B]
2025-09-12 18:57:25 - [BENIGN] - DEBUG - Generated HTTPS data traffic from h3:49745 -> h5:443 [content='Encrypted Application Data'] [Session 63] [len=209B]
2025-09-12 18:57:26 - [BENIGN] - DEBUG - Generated HTTPS ACK reply from h5:443 <- h3:49745 [len=54B]
2025-09-12 18:57:27 - [BENIGN] - DEBUG - Generated DNS query from h3:11333 -> h5:53 [qname='example.com'] [Session 64] [len=71B]
2025-09-12 18:57:27 - [BENIGN] - DEBUG - Generated ICMP traffic h2↔h5 8 [len=84B]
2025-09-12 18:57:27 - [BENIGN] - DEBUG - Generated TCP SYN from h3:63165 -> h5:12345 [len=54B]
2025-09-12 18:57:28 - [BENIGN] - DEBUG - Generated TCP SYN-ACK from h5:12345 <- h3:63165 [len=54B]
2025-09-12 18:57:29 - [BENIGN] - DEBUG - Generated TCP ACK from h3:63165 -> h5:12345 [len=54B]
2025-09-12 18:57:29 - [BENIGN] - DEBUG - Generated TCP data traffic from h3:63165 -> h5:12345 [content='TCP data'] [Session 65] [len=1370B]
2025-09-12 18:57:30 - [BENIGN] - DEBUG - Generated TCP ACK reply from h5:12345 <- h3:63165 [len=54B]
2025-09-12 18:57:30 - [BENIGN] - DEBUG - Generated UDP traffic from h3:48629 -> h5:12346 [content='e03fcbe278772aeb73f8f4525a91a17af316b29d...'] [Session 66] [len=1098B]
2025-09-12 18:57:31 - [BENIGN] - DEBUG - Generated Telnet SYN from h3:32011 -> h5:23 [len=54B]
2025-09-12 18:57:32 - [BENIGN] - DEBUG - Generated Telnet SYN-ACK from h5:23 <- h3:32011 [len=54B]
2025-09-12 18:57:32 - [BENIGN] - DEBUG - Generated Telnet ACK from h3:32011 -> h5:23 [len=54B]
2025-09-12 18:57:33 - [BENIGN] - DEBUG - Generated Telnet data traffic from h3:32011 -> h5:23 [content='Telnet command'] [Session 67] [len=1458B]
2025-09-12 18:57:34 - [BENIGN] - DEBUG - Generated Telnet ACK reply from h5:23 <- h3:32011 [len=54B]
2025-09-12 18:57:34 - [BENIGN] - DEBUG - Generated SSH SYN from h3:53006 -> h5:22 [len=54B]
2025-09-12 18:57:35 - [BENIGN] - DEBUG - Generated SSH SYN-ACK from h5:22 <- h3:53006 [len=54B]
2025-09-12 18:57:35 - [BENIGN] - DEBUG - Generated SSH ACK from h3:53006 -> h5:22 [len=54B]
2025-09-12 18:57:36 - [BENIGN] - DEBUG - Generated SSH data traffic from h3:53006 -> h5:22 [content='SSH encrypted data'] [Session 68] [len=991B]
2025-09-12 18:57:37 - [BENIGN] - DEBUG - Generated SSH ACK reply from h5:22 <- h3:53006 [len=54B]
2025-09-12 18:57:37 - [BENIGN] - DEBUG - Generated FTP SYN from h3:35023 -> h5:21 [len=54B]
2025-09-12 18:57:38 - [BENIGN] - DEBUG - Generated FTP SYN-ACK from h5:21 <- h3:35023 [len=54B]
2025-09-12 18:57:39 - [BENIGN] - DEBUG - Generated FTP ACK from h3:35023 -> h5:21 [len=54B]
2025-09-12 18:57:39 - [BENIGN] - DEBUG - Generated FTP data traffic from h3:35023 -> h5:21 [content='FTP file transfer'] [Session 69] [len=557B]
2025-09-12 18:57:40 - [BENIGN] - DEBUG - Generated FTP ACK reply from h5:21 <- h3:35023 [len=54B]
2025-09-12 18:57:40 - [BENIGN] - DEBUG - Generated HTTP SYN from h3:15726 -> h5:80 [len=54B]
2025-09-12 18:57:41 - [BENIGN] - DEBUG - Generated HTTP SYN-ACK from h5:80 <- h3:15726 [len=54B]
2025-09-12 18:57:42 - [BENIGN] - DEBUG - Generated HTTP ACK from h3:15726 -> h5:80 [len=54B]
2025-09-12 18:57:42 - [BENIGN] - DEBUG - Generated HTTP data traffic from h3:15726 -> h5:80 [content='GET /index.html HTTP/1.1'] [Session 70] [len=269B]
2025-09-12 18:57:43 - [BENIGN] - DEBUG - Generated HTTP ACK reply from h5:80 <- h3:15726 [len=54B]
2025-09-12 18:57:44 - [BENIGN] - DEBUG - Generated HTTPS SYN from h3:2673 -> h5:443 [len=54B]
2025-09-12 18:57:44 - [BENIGN] - DEBUG - Generated HTTPS SYN-ACK from h5:443 <- h3:2673 [len=54B]
2025-09-12 18:57:45 - [BENIGN] - DEBUG - Generated HTTPS ACK from h3:2673 -> h5:443 [len=54B]
2025-09-12 18:57:45 - [BENIGN] - DEBUG - Generated HTTPS data traffic from h3:2673 -> h5:443 [content='Encrypted Application Data'] [Session 71] [len=277B]
2025-09-12 18:57:46 - [BENIGN] - DEBUG - Generated HTTPS ACK reply from h5:443 <- h3:2673 [len=54B]
2025-09-12 18:57:47 - [BENIGN] - DEBUG - Generated DNS query from h3:13367 -> h5:53 [qname='example.com'] [Session 72] [len=71B]
2025-09-12 18:57:47 - [BENIGN] - DEBUG - Generated ICMP traffic h2↔h5 9 [len=84B]
2025-09-12 18:57:47 - [BENIGN] - DEBUG - Generated TCP SYN from h3:51776 -> h5:12345 [len=54B]
2025-09-12 18:57:48 - [BENIGN] - DEBUG - Generated TCP SYN-ACK from h5:12345 <- h3:51776 [len=54B]
2025-09-12 18:57:49 - [BENIGN] - DEBUG - Generated TCP ACK from h3:51776 -> h5:12345 [len=54B]
2025-09-12 18:57:49 - [BENIGN] - DEBUG - Generated TCP data traffic from h3:51776 -> h5:12345 [content='TCP data'] [Session 73] [len=1204B]
2025-09-12 18:57:50 - [BENIGN] - DEBUG - Generated TCP ACK reply from h5:12345 <- h3:51776 [len=54B]
2025-09-12 18:57:51 - [BENIGN] - DEBUG - Generated UDP traffic from h3:58338 -> h5:12346 [content='d2286780b7f3bea8e3c11ac335443b69ac8a0beb...'] [Session 74] [len=970B]
2025-09-12 18:57:51 - [BENIGN] - DEBUG - Generated Telnet SYN from h3:60600 -> h5:23 [len=54B]
2025-09-12 18:57:52 - [BENIGN] - DEBUG - Generated Telnet SYN-ACK from h5:23 <- h3:60600 [len=54B]
2025-09-12 18:57:52 - [BENIGN] - DEBUG - Generated Telnet ACK from h3:60600 -> h5:23 [len=54B]
2025-09-12 18:57:53 - [BENIGN] - DEBUG - Generated Telnet data traffic from h3:60600 -> h5:23 [content='Telnet command'] [Session 75] [len=145B]
2025-09-12 18:57:54 - [BENIGN] - DEBUG - Generated Telnet ACK reply from h5:23 <- h3:60600 [len=54B]
2025-09-12 18:57:54 - [BENIGN] - DEBUG - Generated SSH SYN from h3:36959 -> h5:22 [len=54B]
2025-09-12 18:57:55 - [BENIGN] - DEBUG - Generated SSH SYN-ACK from h5:22 <- h3:36959 [len=54B]
2025-09-12 18:57:56 - [BENIGN] - DEBUG - Generated SSH ACK from h3:36959 -> h5:22 [len=54B]
2025-09-12 18:57:56 - [BENIGN] - DEBUG - Generated SSH data traffic from h3:36959 -> h5:22 [content='SSH encrypted data'] [Session 76] [len=790B]
2025-09-12 18:57:57 - [BENIGN] - DEBUG - Generated SSH ACK reply from h5:22 <- h3:36959 [len=54B]
2025-09-12 18:57:57 - [BENIGN] - DEBUG - Generated FTP SYN from h3:31841 -> h5:21 [len=54B]
2025-09-12 18:57:58 - [BENIGN] - DEBUG - Generated FTP SYN-ACK from h5:21 <- h3:31841 [len=54B]
2025-09-12 18:57:59 - [BENIGN] - DEBUG - Generated FTP ACK from h3:31841 -> h5:21 [len=54B]
2025-09-12 18:57:59 - [BENIGN] - DEBUG - Generated FTP data traffic from h3:31841 -> h5:21 [content='FTP file transfer'] [Session 77] [len=596B]
2025-09-12 18:58:00 - [BENIGN] - DEBUG - Generated FTP ACK reply from h5:21 <- h3:31841 [len=54B]
2025-09-12 18:58:00 - [BENIGN] - DEBUG - Generated HTTP SYN from h3:24391 -> h5:80 [len=54B]
2025-09-12 18:58:01 - [BENIGN] - DEBUG - Generated HTTP SYN-ACK from h5:80 <- h3:24391 [len=54B]
2025-09-12 18:58:02 - [BENIGN] - DEBUG - Generated HTTP ACK from h3:24391 -> h5:80 [len=54B]
2025-09-12 18:58:02 - [BENIGN] - DEBUG - Generated HTTP data traffic from h3:24391 -> h5:80 [content='GET /index.html HTTP/1.1'] [Session 78] [len=347B]
2025-09-12 18:58:03 - [BENIGN] - DEBUG - Generated HTTP ACK reply from h5:80 <- h3:24391 [len=54B]
2025-09-12 18:58:04 - [BENIGN] - DEBUG - Generated HTTPS SYN from h3:47836 -> h5:443 [len=54B]
2025-09-12 18:58:04 - [BENIGN] - DEBUG - Generated HTTPS SYN-ACK from h5:443 <- h3:47836 [len=54B]
2025-09-12 18:58:05 - [BENIGN] - DEBUG - Generated HTTPS ACK from h3:47836 -> h5:443 [len=54B]
2025-09-12 18:58:05 - [BENIGN] - DEBUG - Generated HTTPS data traffic from h3:47836 -> h5:443 [content='Encrypted Application Data'] [Session 79] [len=465B]
2025-09-12 18:58:06 - [BENIGN] - DEBUG - Generated HTTPS ACK reply from h5:443 <- h3:47836 [len=54B]
2025-09-12 18:58:07 - [BENIGN] - DEBUG - Generated DNS query from h3:15723 -> h5:53 [qname='example.com'] [Session 80] [len=71B]
2025-09-12 18:58:07 - [BENIGN] - INFO - Benign traffic finished.
2025-09-12 18:58:07 - [BENIGN] - INFO - Summary: 80 protocol sessions with protocol separation:
2025-09-12 18:58:07 - [BENIGN] - INFO -   - h2↔h5: ICMP ping traffic
2025-09-12 18:58:07 - [BENIGN] - INFO -   - h3↔h5: TCP/UDP traffic [TCP, UDP, Telnet, SSH, FTP, HTTP, HTTPS, DNS]
2025-09-12 18:58:07 - [BENIGN] - INFO - Total packets sent: 340
