2025-09-12 18:54:14 - [MAIN] - INFO - 🎯 30-FEATURE REAL-TIME DDOS DETECTION DATASET
2025-09-12 18:54:14 - [MAIN] - INFO - 📊 Feature Set: 24 pure live + 4 minimal calculation + 2 labels = 30 total
2025-09-12 18:54:14 - [MAIN] - INFO - ⚡ Optimized for <1ms real-time extraction latency
2025-09-12 18:54:14 - [MAIN] - INFO - 🏢 4-Subnet Enterprise Topology with Layer 3 Routing
2025-09-12 18:54:14 - [MAIN] - INFO - 🌐 Network Configuration:
2025-09-12 18:54:14 - [MAIN] - INFO -    • h1: 192.168.10.0/24 (Isolated/External Network)
2025-09-12 18:54:14 - [MAIN] - INFO -    • h2-h5: 192.168.20.0/24 (Corporate Internal Network)
2025-09-12 18:54:14 - [MAIN] - INFO -    • h6: 192.168.30.0/24 (Server/DMZ Network)
2025-09-12 18:54:14 - [MAIN] - INFO -    • Controller: 192.168.0.0/24 (Management Network)
2025-09-12 18:54:14 - [MAIN] - INFO - 🔧 CPU Affinity Optimization ENABLED
2025-09-12 18:54:14,590 - __main__ - INFO - 🔧 CPU Core Allocation:
2025-09-12 18:54:14,590 - __main__ - INFO -   System: Cores 0
2025-09-12 18:54:14,590 - __main__ - INFO -   Ryu: Cores 1
2025-09-12 18:54:14,590 - __main__ - INFO -   Mininet: Cores 2,3,4
2025-09-12 18:54:14,590 - __main__ - INFO -   Attacks: Cores 5,6,7,8,9,10
2025-09-12 18:54:14,590 - __main__ - INFO -   Background: Cores 11
2025-09-12 18:54:14,590 - __main__ - INFO -   Pcap: Cores 0-15 (all cores, post-simulation)
2025-09-12 18:54:14 - [MAIN] - INFO - Cleaning up any previous Mininet instances...
2025-09-12 18:54:15 - [MAIN] - INFO - Mininet cleanup complete.
2025-09-12 18:54:15,961 - __main__ - INFO - Verifying required tools...
2025-09-12 18:54:16,198 - __main__ - INFO - TShark version: Running as user "root" and group "root". This could be dangerous.
2025-09-12 18:54:16,198 - __main__ - INFO - All required tools are available.
2025-09-12 18:54:16 - [MAIN] - INFO - Using configuration file: /home/user/Desktop/dataset_generation/test_config.json
2025-09-12 18:54:16,199 - __main__ - INFO - Starting Ryu SDN controller with CPU affinity...
2025-09-12 18:54:16,199 - __main__ - INFO - 🚀 Starting ryu on cores [1]: ryu-manager --verbose /home/user/Desktop/dataset_generation/src/controller/ryu_l3_router_app.py
2025-09-12 18:54:16,205 - __main__ - INFO - ✅ Started ryu with PID 12287 on cores [1]
2025-09-12 18:54:16,206 - __main__ - INFO - Ryu controller started with PID: 12287. See main_output/v4/120925-30/ryu.log for logs.
2025-09-12 18:54:16,206 - __main__ - INFO - Checking for controller on port 6653 (timeout: 30s)...
2025-09-12 18:54:17,224 - __main__ - INFO - Controller is up and listening.
2025-09-12 18:54:17 - [MAIN] - INFO - Testing /hello endpoint...
2025-09-12 18:54:17 - [MAIN] - INFO - Response status code: 200
2025-09-12 18:54:17 - [MAIN] - INFO - Response headers: {'Content-Type': 'application/json; charset=utf-8', 'Content-Length': '51', 'Date': 'Fri, 12 Sep 2025 10:54:17 GMT', 'Connection': 'keep-alive'}
2025-09-12 18:54:17 - [MAIN] - INFO - Response text: {"message": "Hello from Ryu L3 Router Controller!"}...
2025-09-12 18:54:17 - [MAIN] - INFO - Test /hello endpoint: PASSED
2025-09-12 18:54:17,232 - __main__ - INFO - Setting up Mininet topology...
2025-09-12 18:54:17,478 - __main__ - INFO - Mininet version: 
2025-09-12 18:54:17,487 - __main__ - INFO - Connecting to remote controller at 127.0.0.1:6653
2025-09-12 18:54:17,788 - __main__ - INFO - Mininet network started successfully.
2025-09-12 18:54:17,788 - __main__ - INFO - Waiting for Layer 3 routing to stabilize...
2025-09-12 18:54:32,805 - __main__ - INFO - Testing gateway connectivity for debugging...
2025-09-12 18:54:32,805 - __main__ - INFO - h1 -> 192.168.10.1 (gateway): testing...
2025-09-12 18:54:32,815 - __main__ - INFO - SUCCESS
2025-09-12 18:54:32,815 - __main__ - INFO - h2 -> 192.168.20.1 (gateway): testing...
2025-09-12 18:54:32,820 - __main__ - INFO - SUCCESS
2025-09-12 18:54:32,820 - __main__ - INFO - Running Mininet pingall test...
2025-09-12 18:54:37,892 - __main__ - INFO - Mininet pingall test completed successfully. Packet loss: 0.0%
2025-09-12 18:54:37,892 - __main__ - INFO - Starting v4.0 traffic generation scenario with 30-feature extraction and 4-subnet topology...
2025-09-12 18:54:37,893 - __main__ - INFO - ✅ Set current process affinity to cores [5, 6, 7, 8, 9, 10] for attacks
2025-09-12 18:54:37,893 - __main__ - INFO - ✅ Set CPU affinity for attack generation processes
2025-09-12 18:54:37,893 - __main__ - INFO - Phase 1: Initialization (5s)...
2025-09-12 18:54:42,903 - __main__ - INFO - Timeline updated: normal phase started at 1757674482.903243
2025-09-12 18:54:42,903 - __main__ - INFO - Starting flow statistics collection for 389 seconds...
2025-09-12 18:54:42,903 - __main__ - INFO - Flow statistics collection started in background.
2025-09-12 18:54:42,904 - __main__ - INFO - Enhanced flow capture with 0.5s polling and flow timeout guarantees
2025-09-12 18:54:42,904 - __main__ - INFO - Phase 2: Normal Traffic (200s)...
2025-09-12 18:54:42,906 - __main__ - INFO - Starting packet capture. Output file: /home/user/Desktop/dataset_generation/main_output/v4/120925-30/normal.pcap
2025-09-12 18:54:42,906 - __main__ - INFO - Capturing on switch s1 interface any
2025-09-12 18:54:42,906 - __main__ - INFO - Starting tcpdump with command: tcpdump -i any -w /home/user/Desktop/dataset_generation/main_output/v4/120925-30/normal.pcap -s 0 ip and not ip6 and net 192.168.0.0/16
2025-09-12 18:54:44,921 - __main__ - INFO - tcpdump started successfully with PID: 12573
2025-09-12 18:58:07,267 - __main__ - INFO - Stopping packet capture (PID: 12573)...
2025-09-12 18:58:07,340 - __main__ - INFO - Packet capture stopped.
2025-09-12 18:58:07,341 - __main__ - INFO - Phase 3.1: Enhanced Traditional DDoS Attacks...
2025-09-12 18:58:07,341 - __main__ - INFO - Starting packet capture. Output file: /home/user/Desktop/dataset_generation/main_output/v4/120925-30/syn_flood.pcap
2025-09-12 18:58:07,341 - __main__ - INFO - Capturing on switch s1 interface any
2025-09-12 18:58:07,341 - __main__ - INFO - Starting tcpdump with command: tcpdump -i any -w /home/user/Desktop/dataset_generation/main_output/v4/120925-30/syn_flood.pcap -s 0 ip and not ip6 and net 192.168.0.0/16
2025-09-12 18:58:09,353 - __main__ - INFO - tcpdump started successfully with PID: 13881
2025-09-12 18:58:09,353 - __main__ - INFO - Timeline updated: syn_flood phase started at 1757674689.353834
2025-09-12 18:58:22,038 - __main__ - INFO - Stopping packet capture (PID: 13881)...
2025-09-12 18:58:22,074 - __main__ - INFO - Packet capture stopped.
2025-09-12 18:58:22,074 - __main__ - INFO - Starting packet capture. Output file: /home/user/Desktop/dataset_generation/main_output/v4/120925-30/udp_flood.pcap
2025-09-12 18:58:22,074 - __main__ - INFO - Capturing on switch s1 interface any
2025-09-12 18:58:22,074 - __main__ - INFO - Starting tcpdump with command: tcpdump -i any -w /home/user/Desktop/dataset_generation/main_output/v4/120925-30/udp_flood.pcap -s 0 ip and not ip6 and net 192.168.0.0/16
2025-09-12 18:58:24,087 - __main__ - INFO - tcpdump started successfully with PID: 13891
2025-09-12 18:58:24,087 - __main__ - INFO - Timeline updated: udp_flood phase started at 1757674704.0877948
2025-09-12 18:58:47,765 - __main__ - INFO - Stopping packet capture (PID: 13891)...
2025-09-12 18:58:47,841 - __main__ - INFO - Packet capture stopped.
2025-09-12 18:58:47,841 - __main__ - INFO - Starting packet capture. Output file: /home/user/Desktop/dataset_generation/main_output/v4/120925-30/icmp_flood.pcap
2025-09-12 18:58:47,841 - __main__ - INFO - Capturing on switch s1 interface any
2025-09-12 18:58:47,841 - __main__ - INFO - Starting tcpdump with command: tcpdump -i any -w /home/user/Desktop/dataset_generation/main_output/v4/120925-30/icmp_flood.pcap -s 0 ip and not ip6 and net 192.168.0.0/16
2025-09-12 18:58:49,853 - __main__ - INFO - tcpdump started successfully with PID: 13900
2025-09-12 18:58:49,853 - __main__ - INFO - Timeline updated: icmp_flood phase started at 1757674729.853936
2025-09-12 18:59:03,189 - __main__ - INFO - Stopping packet capture (PID: 13900)...
2025-09-12 18:59:03,263 - __main__ - INFO - Packet capture stopped.
2025-09-12 18:59:03,264 - __main__ - INFO - Phase 3.2: ENHANCED Adversarial DDoS Attacks...
2025-09-12 18:59:03,271 - __main__ - INFO - Started simple HTTP server on h6:80 for adversarial phases
2025-09-12 18:59:03,775 - __main__ - INFO - Starting packet capture. Output file: /home/user/Desktop/dataset_generation/main_output/v4/120925-30/ad_syn.pcap
2025-09-12 18:59:03,775 - __main__ - INFO - Capturing on switch s1 interface any
2025-09-12 18:59:03,775 - __main__ - INFO - Starting tcpdump with command: tcpdump -i any -w /home/user/Desktop/dataset_generation/main_output/v4/120925-30/ad_syn.pcap -s 0 ip and not ip6 and net 192.168.0.0/16
2025-09-12 18:59:05,787 - __main__ - INFO - tcpdump started successfully with PID: 13914
2025-09-12 18:59:05,787 - __main__ - INFO - Timeline updated: ad_syn phase started at 1757674745.787673
2025-09-12 18:59:14,919 - __main__ - INFO - Stopping packet capture (PID: 13914)...
2025-09-12 18:59:14,991 - __main__ - INFO - Packet capture stopped.
2025-09-12 18:59:14,992 - __main__ - INFO - Starting packet capture. Output file: /home/user/Desktop/dataset_generation/main_output/v4/120925-30/ad_udp.pcap
2025-09-12 18:59:14,992 - __main__ - INFO - Capturing on switch s1 interface any
2025-09-12 18:59:14,992 - __main__ - INFO - Starting tcpdump with command: tcpdump -i any -w /home/user/Desktop/dataset_generation/main_output/v4/120925-30/ad_udp.pcap -s 0 ip and not ip6 and net 192.168.0.0/16
2025-09-12 18:59:17,003 - __main__ - INFO - tcpdump started successfully with PID: 13920
2025-09-12 18:59:17,003 - __main__ - INFO - Timeline updated: ad_udp phase started at 1757674757.0032475
2025-09-12 18:59:21,186 - __main__ - INFO - Stopping packet capture (PID: 13920)...
2025-09-12 18:59:21,256 - __main__ - INFO - Packet capture stopped.
2025-09-12 18:59:21,257 - __main__ - INFO - Starting packet capture. Output file: /home/user/Desktop/dataset_generation/main_output/v4/120925-30/ad_slow.pcap
2025-09-12 18:59:21,257 - __main__ - INFO - Capturing on switch s1 interface any
2025-09-12 18:59:21,257 - __main__ - INFO - Starting tcpdump with command: tcpdump -i any -w /home/user/Desktop/dataset_generation/main_output/v4/120925-30/ad_slow.pcap -s 0 ip and not ip6 and net 192.168.0.0/16
2025-09-12 18:59:23,268 - __main__ - INFO - tcpdump started successfully with PID: 13927
2025-09-12 18:59:23,268 - __main__ - INFO - Timeline updated: ad_slow phase started at 1757674763.2689753
2025-09-12 18:59:23,770 - __main__ - INFO - Proceeding with ENHANCED adversarial slow attack
2025-09-12 18:59:23,770 - __main__ - INFO - Attack traffic will be captured via ad_slow.pcap
2025-09-12 18:59:33,460 - __main__ - INFO - Stopping packet capture (PID: 13927)...
2025-09-12 18:59:33,600 - __main__ - INFO - Packet capture stopped.
2025-09-12 18:59:33,601 - __main__ - INFO - Signaling flow collection thread to stop before cooldown...
2025-09-12 18:59:33,601 - __main__ - INFO - Waiting for flow collection thread to finish...
2025-09-12 18:59:33,903 - __main__ - INFO - Flow collection received stop signal, ending gracefully.
2025-09-12 18:59:33,903 - __main__ - INFO - Flow timeline collection completed.
2025-09-12 18:59:33,904 - __main__ - INFO - === Flow Capture Guarantee Report ===
2025-09-12 18:59:33,904 - __main__ - INFO - Total polling duration: 296.01s
2025-09-12 18:59:33,904 - __main__ - INFO - Total polls attempted: 593
2025-09-12 18:59:33,904 - __main__ - INFO - Successful polls: 593 (100.0%)
2025-09-12 18:59:33,904 - __main__ - INFO - Total flow entries captured: 4037
2025-09-12 18:59:33,904 - __main__ - INFO - Unique flows tracked: 7
2025-09-12 18:59:33,904 - __main__ - INFO - Average flows per poll: 6.81
2025-09-12 18:59:33,904 - __main__ - INFO - Polling interval: 0.5s (improved from 1.0s)
2025-09-12 18:59:33,904 - __main__ - INFO - Flow timeout settings: idle=30s, hard=300s
2025-09-12 18:59:33,956 - __main__ - INFO - Flow statistics saved to main_output/v4/120925-30/flow_features.csv
2025-09-12 18:59:33,957 - __main__ - INFO - Flow collection thread finished successfully
2025-09-12 18:59:33,958 - __main__ - INFO - Phase 4: Cooldown (5s)...
2025-09-12 18:59:33,958 - __main__ - INFO - Note: Flow collection stopped before cooldown to ensure dataset consistency
2025-09-12 18:59:38,964 - __main__ - INFO - Stopping HTTP server on h6
2025-09-12 18:59:38,964 - __main__ - INFO - ============================================================
2025-09-12 18:59:38,964 - __main__ - INFO - v4.0 30-FEATURE TIMING SUMMARY (4-Subnet Topology)
2025-09-12 18:59:38,964 - __main__ - INFO - ============================================================
2025-09-12 18:59:38,964 - __main__ - INFO - Configuration File: /home/user/Desktop/dataset_generation/test_config.json
2025-09-12 18:59:38,965 - __main__ - INFO - 
2025-09-12 18:59:38,965 - __main__ - INFO - Total Scenario Runtime: 301.07 seconds (5.02 minutes)
2025-09-12 18:59:38,965 - __main__ - INFO - 
2025-09-12 18:59:38,965 - __main__ - INFO - Phase-by-Phase Breakdown:
2025-09-12 18:59:38,965 - __main__ - INFO -   Enhanced Traditional Attacks:
2025-09-12 18:59:38,965 - __main__ - INFO -     Enhanced Syn Flood: 14.73s (configured: 11s)
2025-09-12 18:59:38,965 - __main__ - INFO -     Enhanced Udp Flood: 25.77s (configured: 22s)
2025-09-12 18:59:38,965 - __main__ - INFO -     Enhanced Icmp Flood: 15.42s (configured: 11s)
2025-09-12 18:59:38,965 - __main__ - INFO -   ENHANCED Adversarial Attacks:
2025-09-12 18:59:38,965 - __main__ - INFO -     ENHANCED TCP State Exhaustion: 11.22s (configured: 8s)
2025-09-12 18:59:38,965 - __main__ - INFO -     ENHANCED Application Layer: 6.27s (configured: 3s)
2025-09-12 18:59:38,965 - __main__ - INFO -     ENHANCED Slow Read: 12.34s (configured: 9s)
2025-09-12 18:59:38,965 - __main__ - INFO -   Initialization: 5.01s (configured: 5s)
2025-09-12 18:59:38,965 - __main__ - INFO -   Normal_Traffic: 204.44s (configured: 200s)
2025-09-12 18:59:38,965 - __main__ - INFO -   Cooldown: 5.01s (configured: 5s)
2025-09-12 18:59:38,965 - __main__ - INFO - ============================================================
2025-09-12 18:59:38,965 - __main__ - INFO - v4.0 30-feature 4-subnet traffic generation scenario finished.
2025-09-12 18:59:38 - [MAIN] - INFO - v4.0 PCAP generation complete.
2025-09-12 18:59:38 - [MAIN] - INFO - Processing 7 PCAP files using 4 CPU cores for 30-feature extraction...
2025-09-12 18:59:38,966 - __main__ - INFO - === PARALLEL PCAP PROCESSING START ===
2025-09-12 18:59:38,967 - __main__ - INFO - Files to process: 7
2025-09-12 18:59:38,967 - __main__ - INFO - Max workers: 4
2025-09-12 18:59:38,967 - __main__ - INFO - Output directory: /home/user/Desktop/dataset_generation/main_output/v4/120925-30
2025-09-12 18:59:38,967 - __main__ - INFO -   - normal.pcap -> normal
2025-09-12 18:59:38,967 - __main__ - INFO -   - syn_flood.pcap -> syn_flood
2025-09-12 18:59:38,967 - __main__ - INFO -   - udp_flood.pcap -> udp_flood
2025-09-12 18:59:38,967 - __main__ - INFO -   - icmp_flood.pcap -> icmp_flood
2025-09-12 18:59:38,967 - __main__ - INFO -   - ad_syn.pcap -> ad_syn
2025-09-12 18:59:38,967 - __main__ - INFO -   - ad_udp.pcap -> ad_udp
2025-09-12 18:59:38,967 - __main__ - INFO -   - ad_slow.pcap -> ad_slow
2025-09-12 18:59:38,967 - __main__ - INFO - ✅ Set current process affinity to cores [0, 1, 2, 3, 4, 5, 6, 7, 8, 9, 10, 11, 12, 13, 14, 15] for pcap
2025-09-12 18:59:38,967 - __main__ - INFO - ✅ Set CPU affinity for PCAP processing (all cores)
2025-09-12 18:59:38,969 - __main__ - INFO - Submitting processing jobs...
2025-09-12 18:59:38,984 - __main__ - INFO - ✓ Submitted job for normal.pcap
2025-09-12 18:59:38,985 - __main__ - INFO - ✓ Submitted job for syn_flood.pcap
2025-09-12 18:59:38,985 - __main__ - INFO - ✓ Submitted job for udp_flood.pcap
2025-09-12 18:59:38,986 - __main__ - INFO - ✓ Submitted job for icmp_flood.pcap
2025-09-12 18:59:38,986 - __main__ - INFO - ✓ Submitted job for ad_syn.pcap
2025-09-12 18:59:38,986 - __main__ - INFO - ✓ Submitted job for ad_udp.pcap
2025-09-12 18:59:38,986 - __main__ - INFO - ✓ Submitted job for ad_slow.pcap
2025-09-12 18:59:38,986 - __main__ - INFO - Processing 7 submitted jobs...
2025-09-12 18:59:38,989 - __main__ - INFO - Waiting for result from normal.pcap...
2025-09-12 18:59:40,062 - __main__ - INFO - ✓ Completed processing normal.pcap (1353 records with 32 features)
2025-09-12 18:59:40,062 - __main__ - INFO - Waiting for result from syn_flood.pcap...
2025-09-12 18:59:40,062 - __main__ - INFO - ✓ Completed processing syn_flood.pcap (432 records with 32 features)
2025-09-12 18:59:40,062 - __main__ - INFO - Waiting for result from udp_flood.pcap...
2025-09-12 18:59:40,062 - __main__ - INFO - ✓ Completed processing udp_flood.pcap (484 records with 32 features)
2025-09-12 18:59:40,062 - __main__ - INFO - Waiting for result from icmp_flood.pcap...
2025-09-12 18:59:40,062 - __main__ - INFO - ✓ Completed processing icmp_flood.pcap (380 records with 32 features)
2025-09-12 18:59:40,062 - __main__ - INFO - Waiting for result from ad_syn.pcap...
2025-09-12 18:59:40,062 - __main__ - INFO - ✓ Completed processing ad_syn.pcap (420 records with 32 features)
2025-09-12 18:59:40,062 - __main__ - INFO - Waiting for result from ad_udp.pcap...
2025-09-12 18:59:40,062 - __main__ - INFO - ✓ Completed processing ad_udp.pcap (624 records with 32 features)
2025-09-12 18:59:40,062 - __main__ - INFO - Waiting for result from ad_slow.pcap...
2025-09-12 18:59:40,062 - __main__ - INFO - ✓ Completed processing ad_slow.pcap (404 records with 32 features)
2025-09-12 18:59:40,071 - __main__ - INFO - === PARALLEL PROCESSING SUMMARY ===
2025-09-12 18:59:40,071 - __main__ - INFO - Total files submitted: 7
2025-09-12 18:59:40,071 - __main__ - INFO - Successful processing: 7
2025-09-12 18:59:40,071 - __main__ - INFO - Failed processing: 0
2025-09-12 18:59:40,071 - __main__ - INFO - Individual file results:
2025-09-12 18:59:40,071 - __main__ - INFO -   ✓ normal.pcap: SUCCESS (1353 rows)
2025-09-12 18:59:40,071 - __main__ - INFO -   ✓ syn_flood.pcap: SUCCESS (432 rows)
2025-09-12 18:59:40,071 - __main__ - INFO -   ✓ udp_flood.pcap: SUCCESS (484 rows)
2025-09-12 18:59:40,071 - __main__ - INFO -   ✓ icmp_flood.pcap: SUCCESS (380 rows)
2025-09-12 18:59:40,071 - __main__ - INFO -   ✓ ad_syn.pcap: SUCCESS (420 rows)
2025-09-12 18:59:40,071 - __main__ - INFO -   ✓ ad_udp.pcap: SUCCESS (624 rows)
2025-09-12 18:59:40,071 - __main__ - INFO -   ✓ ad_slow.pcap: SUCCESS (404 rows)
2025-09-12 18:59:40,071 - __main__ - INFO - ✓ Parallel PCAP processing completed. 7 files processed successfully.
2025-09-12 18:59:40,071 - __main__ - INFO - === PARALLEL PCAP PROCESSING END ===
2025-09-12 18:59:40 - [MAIN] - INFO - Parallel 30-feature PCAP processing completed in 1.11 seconds (0.02 minutes)
2025-09-12 18:59:40 - [MAIN] - INFO - v4.0 30-feature combined labeled CSV generated at: main_output/v4/120925-30/packet_features.csv
2025-09-12 18:59:40 - [MAIN] - INFO - v4.0 final 30-feature combined CSV created successfully.
2025-09-12 18:59:40 - [MAIN] - INFO - 
--- v4.0 30-Feature Packet Counts by Class (4-Subnet Topology) ---
2025-09-12 18:59:40 - [MAIN] - INFO -   normal: 1353 packets
2025-09-12 18:59:40 - [MAIN] - INFO -   ad_udp: 624 packets
2025-09-12 18:59:40 - [MAIN] - INFO -   udp_flood: 484 packets
2025-09-12 18:59:40 - [MAIN] - INFO -   syn_flood: 432 packets
2025-09-12 18:59:40 - [MAIN] - INFO -   ad_syn: 420 packets
2025-09-12 18:59:40 - [MAIN] - INFO -   ad_slow: 404 packets
2025-09-12 18:59:40 - [MAIN] - INFO -   icmp_flood: 380 packets
2025-09-12 18:59:40 - [MAIN] - INFO - v4.0 flow-level dataset generated at: main_output/v4/120925-30/flow_features.csv
2025-09-12 18:59:40 - [MAIN] - INFO - 
--- v4.0 Flow Feature Counts by Class (4-Subnet Topology) ---
2025-09-12 18:59:40 - [MAIN] - INFO -   normal: 2847 flows
2025-09-12 18:59:40 - [MAIN] - INFO -   udp_flood: 357 flows
2025-09-12 18:59:40 - [MAIN] - INFO -   icmp_flood: 224 flows
2025-09-12 18:59:40 - [MAIN] - INFO -   syn_flood: 210 flows
2025-09-12 18:59:40 - [MAIN] - INFO -   ad_syn: 161 flows
2025-09-12 18:59:40 - [MAIN] - INFO -   ad_slow: 154 flows
2025-09-12 18:59:40 - [MAIN] - INFO -   ad_udp: 84 flows
2025-09-12 18:59:40 - [MAIN] - INFO - Generating v4.0 dataset summary...
2025-09-12 18:59:40 - [MAIN] - INFO - Dataset generation summary displayed above
2025-09-12 18:59:40 - [MAIN] - INFO - Running v4.0 timeline analysis...
2025-09-12 18:59:40 - [MAIN] - INFO - Starting timeline analysis...
2025-09-12 18:59:40 - [MAIN] - INFO - Timeline Analysis Results:
2025-09-12 18:59:40 - [MAIN] - INFO -   Total attack types: 7
2025-09-12 18:59:40 - [MAIN] - INFO -   Good alignment: 6
2025-09-12 18:59:40 - [MAIN] - INFO -   Overall score: 85.7%
2025-09-12 18:59:40 - [MAIN] - INFO -   Status: 👍 GOOD: Timeline alignment is acceptable with minor issues.
2025-09-12 18:59:40 - [MAIN] - WARNING - Poor alignment: ad_slow
2025-09-12 18:59:40 - [MAIN] - INFO - ================================================================================
2025-09-12 18:59:40 - [MAIN] - INFO - v4.0 30-FEATURE FINAL EXECUTION SUMMARY (4-SUBNET TOPOLOGY)
2025-09-12 18:59:40 - [MAIN] - INFO - ================================================================================
2025-09-12 18:59:40 - [MAIN] - INFO - 🚀 Framework Version: v4.0 (4-Subnet Enterprise Topology)
2025-09-12 18:59:40 - [MAIN] - INFO - 📊 Feature Set: 30 features optimized for real-time DDoS detection
2025-09-12 18:59:40 - [MAIN] - INFO - 🎯 Target Latency: <1ms per packet extraction
2025-09-12 18:59:40 - [MAIN] - INFO - ⚡ CPU Affinity Optimization: ENABLED
2025-09-12 18:59:40 - [MAIN] - INFO - 🖥️  Total Cores Utilized: 16
2025-09-12 18:59:40 - [MAIN] - INFO - ⏱️  Total Execution Time: 325.67 seconds (5.43 minutes | 0.09 hours)
2025-09-12 18:59:40 - [MAIN] - INFO - 📅 v4.0 Dataset Generation Complete: 2025-09-12 18:59:40
2025-09-12 18:59:40 - [MAIN] - INFO - 📈 Timeline Alignment Score: 85.7%
2025-09-12 18:59:40 - [MAIN] - INFO - ✅ Timeline Quality: GOOD
2025-09-12 18:59:40 - [MAIN] - INFO - ================================================================================
2025-09-12 18:59:40 - [MAIN] - INFO - 🎉 v4.0 30-FEATURE REAL-TIME DDOS DETECTION DATASET COMPLETED (4-SUBNET TOPOLOGY)
2025-09-12 18:59:40 - [MAIN] - INFO - 📋 30-Feature Set:
2025-09-12 18:59:40 - [MAIN] - INFO -    • 24 Pure Live Extractable Features (direct packet header fields)
2025-09-12 18:59:40 - [MAIN] - INFO -    • 4 Minimal Calculation Features (lightweight processing)
2025-09-12 18:59:40 - [MAIN] - INFO -    • 2 Labels (multi-class + binary)
2025-09-12 18:59:40 - [MAIN] - INFO -    • Timeline-ordered for ML training compatibility
2025-09-12 18:59:40 - [MAIN] - INFO -    • Optimized for production real-time deployment
2025-09-12 18:59:40 - [MAIN] - INFO - 🏢 4-Subnet Enterprise Network Topology:
2025-09-12 18:59:40 - [MAIN] - INFO -    • Inter-subnet attack scenarios (cross-network DDoS)
2025-09-12 18:59:40 - [MAIN] - INFO -    • Realistic enterprise network segmentation
2025-09-12 18:59:40 - [MAIN] - INFO -    • Layer 3 routing with SDN controller
2025-09-12 18:59:40 - [MAIN] - INFO -    • Enhanced attack diversity and realism
2025-09-12 18:59:40 - [MAIN] - INFO - ================================================================================
2025-09-12 18:59:40,266 - __main__ - INFO - Cleaning up resources...
2025-09-12 18:59:40,266 - __main__ - INFO - Terminating Ryu controller (PID: 12287)...
2025-09-12 18:59:40,270 - __main__ - INFO - Cleaning up Mininet environment...
2025-09-12 18:59:41,916 - __main__ - INFO - Cleanup complete.
