2025-09-12 17:52:22,177 - attack_logger - INFO - Attack: Enhanced SYN Flood (11s) | h1 -> h6
2025-09-12 17:52:24,691 - attack_logger - INFO - [syn_flood] [Run ID: 31aa7857-5f5d-400e-a66d-7fcb7401a801] Starting Enhanced SYN Flood from h1 to 192.168.30.10 for 11 seconds.
2025-09-12 17:52:24,692 - attack_logger - INFO - [syn_flood] [Run ID: 31aa7857-5f5d-400e-a66d-7fcb7401a801] Attack Phase: Enhanced Traditional SYN Flood - Attacker: h1, Target: 192.168.30.10:80, Duration: 11s
2025-09-12 17:52:24,692 - attack_logger - INFO - [syn_flood] [Run ID: 31aa7857-5f5d-400e-a66d-7fcb7401a801] Enhanced Features: Human-like timing, protocol compliance, network delay simulation
2025-09-12 17:52:24,692 - attack_logger - INFO - [syn_flood] [Run ID: 31aa7857-5f5d-400e-a66d-7fcb7401a801] Session pattern: 1 phases, Circadian factor: 0.80, Workday factor: 0.96
2025-09-12 17:52:24,692 - attack_logger - DEBUG - [syn_flood] [Run ID: 31aa7857-5f5d-400e-a66d-7fcb7401a801] Starting enhanced SYN packet generation with human-like timing
2025-09-12 17:52:24,692 - attack_logger - INFO - [syn_flood] [Run ID: 31aa7857-5f5d-400e-a66d-7fcb7401a801] Stress phase: 3s, Advanced phase: 8s
2025-09-12 17:52:28,250 - attack_logger - INFO - [syn_flood] [Run ID: 31aa7857-5f5d-400e-a66d-7fcb7401a801] Stress phase completed
2025-09-12 17:52:28,258 - attack_logger - INFO - [syn_flood] [Run ID: 31aa7857-5f5d-400e-a66d-7fcb7401a801] Enhanced SYN flood process started (PID: 121801)
2025-09-12 17:52:29,297 - attack_logger - INFO - [syn_flood] [Run ID: 31aa7857-5f5d-400e-a66d-7fcb7401a801] Attack progress: 1.0s elapsed, ~14 packets sent, Rate: 13.4 pps, Phase: active (intensity: 0.75)
2025-09-12 17:52:29,297 - attack_logger - DEBUG - [syn_flood] [Run ID: 31aa7857-5f5d-400e-a66d-7fcb7401a801] Process stats - CPU: 0.0%, Memory: 60.0MB
2025-09-12 17:52:29,297 - attack_logger - DEBUG - [syn_flood] [Run ID: 31aa7857-5f5d-400e-a66d-7fcb7401a801] Timing factors - Circadian: 0.80, Workday: 0.96, Adjusted rate: 13.7 pps
2025-09-12 17:52:30,381 - attack_logger - INFO - [syn_flood] [Run ID: 31aa7857-5f5d-400e-a66d-7fcb7401a801] Attack progress: 2.1s elapsed, ~25 packets sent, Rate: 11.7 pps, Phase: active (intensity: 0.75)
2025-09-12 17:52:30,381 - attack_logger - DEBUG - [syn_flood] [Run ID: 31aa7857-5f5d-400e-a66d-7fcb7401a801] Process stats - CPU: 0.0%, Memory: 60.0MB
2025-09-12 17:52:30,381 - attack_logger - DEBUG - [syn_flood] [Run ID: 31aa7857-5f5d-400e-a66d-7fcb7401a801] Timing factors - Circadian: 0.80, Workday: 0.96, Adjusted rate: 11.9 pps
2025-09-12 17:52:31,467 - attack_logger - INFO - [syn_flood] [Run ID: 31aa7857-5f5d-400e-a66d-7fcb7401a801] Attack progress: 3.2s elapsed, ~48 packets sent, Rate: 14.9 pps, Phase: active (intensity: 0.75)
2025-09-12 17:52:31,467 - attack_logger - DEBUG - [syn_flood] [Run ID: 31aa7857-5f5d-400e-a66d-7fcb7401a801] Process stats - CPU: 0.0%, Memory: 60.0MB
2025-09-12 17:52:31,467 - attack_logger - DEBUG - [syn_flood] [Run ID: 31aa7857-5f5d-400e-a66d-7fcb7401a801] Timing factors - Circadian: 0.80, Workday: 0.96, Adjusted rate: 15.0 pps
2025-09-12 17:52:32,480 - attack_logger - INFO - [syn_flood] [Run ID: 31aa7857-5f5d-400e-a66d-7fcb7401a801] Attack progress: 4.2s elapsed, ~68 packets sent, Rate: 16.1 pps, Phase: active (intensity: 0.75)
2025-09-12 17:52:32,480 - attack_logger - DEBUG - [syn_flood] [Run ID: 31aa7857-5f5d-400e-a66d-7fcb7401a801] Process stats - CPU: 0.0%, Memory: 60.2MB
2025-09-12 17:52:32,480 - attack_logger - DEBUG - [syn_flood] [Run ID: 31aa7857-5f5d-400e-a66d-7fcb7401a801] Timing factors - Circadian: 0.80, Workday: 0.96, Adjusted rate: 16.3 pps
2025-09-12 17:52:33,578 - attack_logger - INFO - [syn_flood] [Run ID: 31aa7857-5f5d-400e-a66d-7fcb7401a801] Attack progress: 5.3s elapsed, ~61 packets sent, Rate: 11.5 pps, Phase: active (intensity: 0.75)
2025-09-12 17:52:33,578 - attack_logger - DEBUG - [syn_flood] [Run ID: 31aa7857-5f5d-400e-a66d-7fcb7401a801] Process stats - CPU: 0.0%, Memory: 60.2MB
2025-09-12 17:52:33,578 - attack_logger - DEBUG - [syn_flood] [Run ID: 31aa7857-5f5d-400e-a66d-7fcb7401a801] Timing factors - Circadian: 0.80, Workday: 0.96, Adjusted rate: 11.5 pps
2025-09-12 17:52:34,672 - attack_logger - INFO - [syn_flood] [Run ID: 31aa7857-5f5d-400e-a66d-7fcb7401a801] Attack progress: 6.4s elapsed, ~101 packets sent, Rate: 15.7 pps, Phase: active (intensity: 0.75)
2025-09-12 17:52:34,672 - attack_logger - DEBUG - [syn_flood] [Run ID: 31aa7857-5f5d-400e-a66d-7fcb7401a801] Process stats - CPU: 0.0%, Memory: 60.2MB
2025-09-12 17:52:34,672 - attack_logger - DEBUG - [syn_flood] [Run ID: 31aa7857-5f5d-400e-a66d-7fcb7401a801] Timing factors - Circadian: 0.80, Workday: 0.96, Adjusted rate: 15.9 pps
2025-09-12 17:52:35,728 - attack_logger - INFO - [syn_flood] [Run ID: 31aa7857-5f5d-400e-a66d-7fcb7401a801] Attack progress: 7.5s elapsed, ~122 packets sent, Rate: 16.3 pps, Phase: active (intensity: 0.75)
2025-09-12 17:52:35,728 - attack_logger - DEBUG - [syn_flood] [Run ID: 31aa7857-5f5d-400e-a66d-7fcb7401a801] Process stats - CPU: 0.0%, Memory: 60.2MB
2025-09-12 17:52:35,728 - attack_logger - DEBUG - [syn_flood] [Run ID: 31aa7857-5f5d-400e-a66d-7fcb7401a801] Timing factors - Circadian: 0.80, Workday: 0.96, Adjusted rate: 16.4 pps
2025-09-12 17:52:36,348 - attack_logger - DEBUG - [syn_flood] [Run ID: 31aa7857-5f5d-400e-a66d-7fcb7401a801] Sent SIGINT to SYN flood process 121801
2025-09-12 17:52:36,850 - attack_logger - INFO - [syn_flood] [Run ID: 31aa7857-5f5d-400e-a66d-7fcb7401a801] Enhanced SYN Flood from h1 to 192.168.30.10 finished.
2025-09-12 17:52:36,851 - attack_logger - INFO - [syn_flood] [Run ID: 31aa7857-5f5d-400e-a66d-7fcb7401a801] Attack completed. Total packets sent = 160, Average rate = 19.76 packets/sec.
2025-09-12 17:52:36,851 - attack_logger - INFO - [syn_flood] [Run ID: 31aa7857-5f5d-400e-a66d-7fcb7401a801] --- Enhanced Attack Summary ---
2025-09-12 17:52:36,851 - attack_logger - INFO - [syn_flood] [Run ID: 31aa7857-5f5d-400e-a66d-7fcb7401a801] Total packets sent: 160
2025-09-12 17:52:36,851 - attack_logger - INFO - [syn_flood] [Run ID: 31aa7857-5f5d-400e-a66d-7fcb7401a801] Actual duration: 8.10s
2025-09-12 17:52:36,851 - attack_logger - INFO - [syn_flood] [Run ID: 31aa7857-5f5d-400e-a66d-7fcb7401a801] Average rate: 19.76 packets/sec
2025-09-12 17:52:36,851 - attack_logger - INFO - [syn_flood] [Run ID: 31aa7857-5f5d-400e-a66d-7fcb7401a801] Base rate: 25.8 pps
2025-09-12 17:52:36,851 - attack_logger - INFO - [syn_flood] [Run ID: 31aa7857-5f5d-400e-a66d-7fcb7401a801] Circadian factor: 0.80
2025-09-12 17:52:36,851 - attack_logger - INFO - [syn_flood] [Run ID: 31aa7857-5f5d-400e-a66d-7fcb7401a801] Workday factor: 0.96
2025-09-12 17:52:36,851 - attack_logger - INFO - [syn_flood] [Run ID: 31aa7857-5f5d-400e-a66d-7fcb7401a801] Session phases: 1
2025-09-12 17:52:36,851 - attack_logger - INFO - [syn_flood] [Run ID: 31aa7857-5f5d-400e-a66d-7fcb7401a801] Target port: 80
2025-09-12 17:52:36,851 - attack_logger - INFO - [syn_flood] [Run ID: 31aa7857-5f5d-400e-a66d-7fcb7401a801] Attack method: Enhanced SYN Flood with Human-like Timing
2025-09-12 17:52:36,851 - attack_logger - INFO - [syn_flood] [Run ID: 31aa7857-5f5d-400e-a66d-7fcb7401a801] Enhancement features: Human timing patterns, protocol compliance, network delay simulation
2025-09-12 17:52:36,851 - attack_logger - INFO - [syn_flood] [Run ID: 31aa7857-5f5d-400e-a66d-7fcb7401a801] TCP options: MSS, WScale, Timestamp, SAckOK
2025-09-12 17:52:36,851 - attack_logger - INFO - [syn_flood] [Run ID: 31aa7857-5f5d-400e-a66d-7fcb7401a801] ----------------------------------------
2025-09-12 17:52:36,886 - attack_logger - INFO - Attack: Enhanced SYN Flood completed.
2025-09-12 17:52:36,886 - attack_logger - INFO - Attack: Enhanced UDP Flood (22s) | h1 -> h6
2025-09-12 17:52:39,400 - attack_logger - INFO - [udp_flood] [Run ID: 4f6688ba-07f3-4ffb-98ca-02279300b43e] Starting Enhanced UDP Flood from h1 to 192.168.30.10 for 22 seconds.
2025-09-12 17:52:39,400 - attack_logger - INFO - [udp_flood] [Run ID: 4f6688ba-07f3-4ffb-98ca-02279300b43e] Attack Phase: Enhanced Traditional UDP Flood - Attacker: h1, Target: 192.168.30.10:53, Duration: 22s
2025-09-12 17:52:39,400 - attack_logger - INFO - [udp_flood] [Run ID: 4f6688ba-07f3-4ffb-98ca-02279300b43e] Enhanced Features: Human-like timing, protocol compliance, network delay simulation
2025-09-12 17:52:39,400 - attack_logger - INFO - [udp_flood] [Run ID: 4f6688ba-07f3-4ffb-98ca-02279300b43e] Stress phase: 6s, Advanced phase: 16s
2025-09-12 17:52:46,014 - attack_logger - INFO - [udp_flood] [Run ID: 4f6688ba-07f3-4ffb-98ca-02279300b43e] Stress phase completed
2025-09-12 17:52:46,014 - attack_logger - INFO - [udp_flood] [Run ID: 4f6688ba-07f3-4ffb-98ca-02279300b43e] Session pattern: 2 phases, Circadian factor: 0.80, Workday factor: 0.96
2025-09-12 17:52:46,014 - attack_logger - DEBUG - [udp_flood] [Run ID: 4f6688ba-07f3-4ffb-98ca-02279300b43e] Starting enhanced UDP packet generation with human-like timing
2025-09-12 17:52:46,022 - attack_logger - INFO - [udp_flood] [Run ID: 4f6688ba-07f3-4ffb-98ca-02279300b43e] Enhanced UDP flood process started (PID: 121810)
2025-09-12 17:52:49,079 - attack_logger - INFO - [udp_flood] [Run ID: 4f6688ba-07f3-4ffb-98ca-02279300b43e] Attack progress: 3.1s elapsed, ~10 packets sent, Rate: 3.3 pps, Phase: break (intensity: 0.15)
2025-09-12 17:52:49,079 - attack_logger - DEBUG - [udp_flood] [Run ID: 4f6688ba-07f3-4ffb-98ca-02279300b43e] Process stats - CPU: 0.0%, Memory: 60.2MB
2025-09-12 17:52:49,079 - attack_logger - DEBUG - [udp_flood] [Run ID: 4f6688ba-07f3-4ffb-98ca-02279300b43e] Timing factors - Circadian: 0.80, Workday: 0.96, Adjusted rate: 3.3 pps
2025-09-12 17:52:52,167 - attack_logger - INFO - [udp_flood] [Run ID: 4f6688ba-07f3-4ffb-98ca-02279300b43e] Attack progress: 6.2s elapsed, ~19 packets sent, Rate: 3.1 pps, Phase: break (intensity: 0.15)
2025-09-12 17:52:52,167 - attack_logger - DEBUG - [udp_flood] [Run ID: 4f6688ba-07f3-4ffb-98ca-02279300b43e] Process stats - CPU: 0.0%, Memory: 60.4MB
2025-09-12 17:52:52,167 - attack_logger - DEBUG - [udp_flood] [Run ID: 4f6688ba-07f3-4ffb-98ca-02279300b43e] Timing factors - Circadian: 0.80, Workday: 0.96, Adjusted rate: 3.1 pps
2025-09-12 17:52:55,228 - attack_logger - INFO - [udp_flood] [Run ID: 4f6688ba-07f3-4ffb-98ca-02279300b43e] Attack progress: 9.2s elapsed, ~27 packets sent, Rate: 2.9 pps, Phase: break (intensity: 0.15)
2025-09-12 17:52:55,228 - attack_logger - DEBUG - [udp_flood] [Run ID: 4f6688ba-07f3-4ffb-98ca-02279300b43e] Process stats - CPU: 0.0%, Memory: 60.4MB
2025-09-12 17:52:55,228 - attack_logger - DEBUG - [udp_flood] [Run ID: 4f6688ba-07f3-4ffb-98ca-02279300b43e] Timing factors - Circadian: 0.80, Workday: 0.96, Adjusted rate: 3.0 pps
2025-09-12 17:52:58,301 - attack_logger - INFO - [udp_flood] [Run ID: 4f6688ba-07f3-4ffb-98ca-02279300b43e] Attack progress: 12.3s elapsed, ~29 packets sent, Rate: 2.4 pps, Phase: break (intensity: 0.15)
2025-09-12 17:52:58,301 - attack_logger - DEBUG - [udp_flood] [Run ID: 4f6688ba-07f3-4ffb-98ca-02279300b43e] Process stats - CPU: 0.0%, Memory: 60.4MB
2025-09-12 17:52:58,301 - attack_logger - DEBUG - [udp_flood] [Run ID: 4f6688ba-07f3-4ffb-98ca-02279300b43e] Timing factors - Circadian: 0.80, Workday: 0.96, Adjusted rate: 2.4 pps
2025-09-12 17:53:00,390 - attack_logger - DEBUG - [udp_flood] [Run ID: 4f6688ba-07f3-4ffb-98ca-02279300b43e] Entering break phase (intensity: 0.11)
2025-09-12 17:53:01,351 - attack_logger - INFO - [udp_flood] [Run ID: 4f6688ba-07f3-4ffb-98ca-02279300b43e] Attack progress: 15.3s elapsed, ~37 packets sent, Rate: 2.4 pps, Phase: break (intensity: 0.11)
2025-09-12 17:53:01,351 - attack_logger - DEBUG - [udp_flood] [Run ID: 4f6688ba-07f3-4ffb-98ca-02279300b43e] Process stats - CPU: 0.0%, Memory: 60.4MB
2025-09-12 17:53:01,351 - attack_logger - DEBUG - [udp_flood] [Run ID: 4f6688ba-07f3-4ffb-98ca-02279300b43e] Timing factors - Circadian: 0.80, Workday: 0.96, Adjusted rate: 2.5 pps
2025-09-12 17:53:02,032 - attack_logger - DEBUG - [udp_flood] [Run ID: 4f6688ba-07f3-4ffb-98ca-02279300b43e] Sent SIGINT to UDP flood process 121810
2025-09-12 17:53:02,533 - attack_logger - INFO - [udp_flood] [Run ID: 4f6688ba-07f3-4ffb-98ca-02279300b43e] Enhanced UDP Flood from h1 to 192.168.30.10 finished.
2025-09-12 17:53:02,533 - attack_logger - INFO - [udp_flood] [Run ID: 4f6688ba-07f3-4ffb-98ca-02279300b43e] Attack completed. Total packets sent = 339, Average rate = 21.16 packets/sec.
2025-09-12 17:53:02,533 - attack_logger - INFO - [udp_flood] [Run ID: 4f6688ba-07f3-4ffb-98ca-02279300b43e] --- Enhanced Attack Summary ---
2025-09-12 17:53:02,533 - attack_logger - INFO - [udp_flood] [Run ID: 4f6688ba-07f3-4ffb-98ca-02279300b43e] Total packets sent: 339
2025-09-12 17:53:02,533 - attack_logger - INFO - [udp_flood] [Run ID: 4f6688ba-07f3-4ffb-98ca-02279300b43e] Actual duration: 16.02s
2025-09-12 17:53:02,533 - attack_logger - INFO - [udp_flood] [Run ID: 4f6688ba-07f3-4ffb-98ca-02279300b43e] Average rate: 21.16 packets/sec
2025-09-12 17:53:02,533 - attack_logger - INFO - [udp_flood] [Run ID: 4f6688ba-07f3-4ffb-98ca-02279300b43e] Base rate: 27.6 pps
2025-09-12 17:53:02,533 - attack_logger - INFO - [udp_flood] [Run ID: 4f6688ba-07f3-4ffb-98ca-02279300b43e] Circadian factor: 0.80
2025-09-12 17:53:02,533 - attack_logger - INFO - [udp_flood] [Run ID: 4f6688ba-07f3-4ffb-98ca-02279300b43e] Workday factor: 0.96
2025-09-12 17:53:02,533 - attack_logger - INFO - [udp_flood] [Run ID: 4f6688ba-07f3-4ffb-98ca-02279300b43e] Session phases: 2
2025-09-12 17:53:02,533 - attack_logger - INFO - [udp_flood] [Run ID: 4f6688ba-07f3-4ffb-98ca-02279300b43e] Target port: 53 (DNS)
2025-09-12 17:53:02,533 - attack_logger - INFO - [udp_flood] [Run ID: 4f6688ba-07f3-4ffb-98ca-02279300b43e] Attack method: Enhanced UDP Flood with Human-like Timing
2025-09-12 17:53:02,533 - attack_logger - INFO - [udp_flood] [Run ID: 4f6688ba-07f3-4ffb-98ca-02279300b43e] Enhancement features: Human timing patterns, protocol compliance, network delay simulation
2025-09-12 17:53:02,533 - attack_logger - INFO - [udp_flood] [Run ID: 4f6688ba-07f3-4ffb-98ca-02279300b43e] DNS payloads: Realistic query patterns with varied domains
2025-09-12 17:53:02,533 - attack_logger - INFO - [udp_flood] [Run ID: 4f6688ba-07f3-4ffb-98ca-02279300b43e] ----------------------------------------
2025-09-12 17:53:02,613 - attack_logger - INFO - Attack: Enhanced UDP Flood completed.
2025-09-12 17:53:02,613 - attack_logger - INFO - Attack: Enhanced ICMP Flood (11s) | h1 -> h4
2025-09-12 17:53:05,130 - attack_logger - INFO - [icmp_flood] [Run ID: 0346cf7c-0035-4e1c-89e2-22baa7a41fa9] Starting Enhanced ICMP Flood with RFC 1918 IP Rotation from h1 to 192.168.20.12 for 11 seconds.
2025-09-12 17:53:05,130 - attack_logger - INFO - [icmp_flood] [Run ID: 0346cf7c-0035-4e1c-89e2-22baa7a41fa9] Attack Phase: Enhanced Traditional ICMP Flood - Attacker: h1, Target: 192.168.20.12, Duration: 11s
2025-09-12 17:53:05,130 - attack_logger - INFO - [icmp_flood] [Run ID: 0346cf7c-0035-4e1c-89e2-22baa7a41fa9] Enhanced Features: RFC 1918 IP rotation, human-like timing, protocol compliance, network delay simulation
2025-09-12 17:53:05,130 - attack_logger - INFO - [icmp_flood] [Run ID: 0346cf7c-0035-4e1c-89e2-22baa7a41fa9] IP Pool Size: 50 source IPs from RFC 1918 ranges (10.0.0.0/8, 172.16.0.0/12, 192.168.0.0/16)
2025-09-12 17:53:05,130 - attack_logger - INFO - [icmp_flood] [Run ID: 0346cf7c-0035-4e1c-89e2-22baa7a41fa9] Stress phase total: 3s (host: 1s, gateway: 2s), Advanced phase: 8s
2025-09-12 17:53:06,758 - attack_logger - INFO - [icmp_flood] [Run ID: 0346cf7c-0035-4e1c-89e2-22baa7a41fa9] Host stress sub-phase completed
2025-09-12 17:53:09,329 - attack_logger - INFO - [icmp_flood] [Run ID: 0346cf7c-0035-4e1c-89e2-22baa7a41fa9] Gateway stress sub-phase completed
2025-09-12 17:53:09,329 - attack_logger - INFO - [icmp_flood] [Run ID: 0346cf7c-0035-4e1c-89e2-22baa7a41fa9] Session pattern: 1 phases, Circadian factor: 0.80, Workday factor: 0.96
2025-09-12 17:53:09,329 - attack_logger - DEBUG - [icmp_flood] [Run ID: 0346cf7c-0035-4e1c-89e2-22baa7a41fa9] Starting enhanced ICMP packet generation with IP rotation and human-like timing
2025-09-12 17:53:09,339 - attack_logger - INFO - [icmp_flood] [Run ID: 0346cf7c-0035-4e1c-89e2-22baa7a41fa9] Enhanced ICMP flood with IP rotation process started (PID: 121823)
2025-09-12 17:53:10,446 - attack_logger - INFO - [icmp_flood] [Run ID: 0346cf7c-0035-4e1c-89e2-22baa7a41fa9] Attack progress: 1.1s elapsed, ~23 packets sent, Rate: 20.6 pps, IP rotations: ~1, Phase: active (intensity: 0.97)
2025-09-12 17:53:10,446 - attack_logger - DEBUG - [icmp_flood] [Run ID: 0346cf7c-0035-4e1c-89e2-22baa7a41fa9] Process stats - CPU: 0.0%, Memory: 60.3MB
2025-09-12 17:53:10,446 - attack_logger - DEBUG - [icmp_flood] [Run ID: 0346cf7c-0035-4e1c-89e2-22baa7a41fa9] Timing factors - Circadian: 0.80, Workday: 0.96, Adjusted rate: 20.9 pps
2025-09-12 17:53:11,478 - attack_logger - INFO - [icmp_flood] [Run ID: 0346cf7c-0035-4e1c-89e2-22baa7a41fa9] Attack progress: 2.1s elapsed, ~32 packets sent, Rate: 14.9 pps, IP rotations: ~2, Phase: active (intensity: 0.97)
2025-09-12 17:53:11,478 - attack_logger - DEBUG - [icmp_flood] [Run ID: 0346cf7c-0035-4e1c-89e2-22baa7a41fa9] Process stats - CPU: 0.0%, Memory: 60.3MB
2025-09-12 17:53:11,478 - attack_logger - DEBUG - [icmp_flood] [Run ID: 0346cf7c-0035-4e1c-89e2-22baa7a41fa9] Timing factors - Circadian: 0.80, Workday: 0.96, Adjusted rate: 15.3 pps
2025-09-12 17:53:12,583 - attack_logger - INFO - [icmp_flood] [Run ID: 0346cf7c-0035-4e1c-89e2-22baa7a41fa9] Attack progress: 3.3s elapsed, ~71 packets sent, Rate: 21.8 pps, IP rotations: ~4, Phase: active (intensity: 0.97)
2025-09-12 17:53:12,583 - attack_logger - DEBUG - [icmp_flood] [Run ID: 0346cf7c-0035-4e1c-89e2-22baa7a41fa9] Process stats - CPU: 0.0%, Memory: 60.5MB
2025-09-12 17:53:12,583 - attack_logger - DEBUG - [icmp_flood] [Run ID: 0346cf7c-0035-4e1c-89e2-22baa7a41fa9] Timing factors - Circadian: 0.80, Workday: 0.96, Adjusted rate: 22.0 pps
2025-09-12 17:53:13,621 - attack_logger - INFO - [icmp_flood] [Run ID: 0346cf7c-0035-4e1c-89e2-22baa7a41fa9] Attack progress: 4.3s elapsed, ~66 packets sent, Rate: 15.4 pps, IP rotations: ~4, Phase: active (intensity: 0.97)
2025-09-12 17:53:13,622 - attack_logger - DEBUG - [icmp_flood] [Run ID: 0346cf7c-0035-4e1c-89e2-22baa7a41fa9] Process stats - CPU: 0.0%, Memory: 60.5MB
2025-09-12 17:53:13,622 - attack_logger - DEBUG - [icmp_flood] [Run ID: 0346cf7c-0035-4e1c-89e2-22baa7a41fa9] Timing factors - Circadian: 0.80, Workday: 0.96, Adjusted rate: 15.5 pps
2025-09-12 17:53:14,700 - attack_logger - INFO - [icmp_flood] [Run ID: 0346cf7c-0035-4e1c-89e2-22baa7a41fa9] Attack progress: 5.4s elapsed, ~81 packets sent, Rate: 15.1 pps, IP rotations: ~5, Phase: active (intensity: 0.97)
2025-09-12 17:53:14,700 - attack_logger - DEBUG - [icmp_flood] [Run ID: 0346cf7c-0035-4e1c-89e2-22baa7a41fa9] Process stats - CPU: 0.0%, Memory: 60.5MB
2025-09-12 17:53:14,700 - attack_logger - DEBUG - [icmp_flood] [Run ID: 0346cf7c-0035-4e1c-89e2-22baa7a41fa9] Timing factors - Circadian: 0.80, Workday: 0.96, Adjusted rate: 15.2 pps
2025-09-12 17:53:15,796 - attack_logger - INFO - [icmp_flood] [Run ID: 0346cf7c-0035-4e1c-89e2-22baa7a41fa9] Attack progress: 6.5s elapsed, ~102 packets sent, Rate: 15.8 pps, IP rotations: ~6, Phase: active (intensity: 0.97)
2025-09-12 17:53:15,796 - attack_logger - DEBUG - [icmp_flood] [Run ID: 0346cf7c-0035-4e1c-89e2-22baa7a41fa9] Process stats - CPU: 0.0%, Memory: 60.5MB
2025-09-12 17:53:15,796 - attack_logger - DEBUG - [icmp_flood] [Run ID: 0346cf7c-0035-4e1c-89e2-22baa7a41fa9] Timing factors - Circadian: 0.80, Workday: 0.96, Adjusted rate: 15.8 pps
2025-09-12 17:53:16,845 - attack_logger - INFO - [icmp_flood] [Run ID: 0346cf7c-0035-4e1c-89e2-22baa7a41fa9] Attack progress: 7.5s elapsed, ~138 packets sent, Rate: 18.4 pps, IP rotations: ~9, Phase: active (intensity: 0.97)
2025-09-12 17:53:16,845 - attack_logger - DEBUG - [icmp_flood] [Run ID: 0346cf7c-0035-4e1c-89e2-22baa7a41fa9] Process stats - CPU: 0.0%, Memory: 60.5MB
2025-09-12 17:53:16,845 - attack_logger - DEBUG - [icmp_flood] [Run ID: 0346cf7c-0035-4e1c-89e2-22baa7a41fa9] Timing factors - Circadian: 0.80, Workday: 0.96, Adjusted rate: 18.4 pps
2025-09-12 17:53:17,332 - attack_logger - DEBUG - [icmp_flood] [Run ID: 0346cf7c-0035-4e1c-89e2-22baa7a41fa9] Sent SIGINT to ICMP flood process 121823
2025-09-12 17:53:17,833 - attack_logger - INFO - [icmp_flood] [Run ID: 0346cf7c-0035-4e1c-89e2-22baa7a41fa9] Enhanced ICMP Flood with RFC 1918 IP Rotation from h1 to 192.168.20.12 finished.
2025-09-12 17:53:17,833 - attack_logger - INFO - [icmp_flood] [Run ID: 0346cf7c-0035-4e1c-89e2-22baa7a41fa9] Attack completed. Total packets sent = 123, Average rate = 15.37 packets/sec.
2025-09-12 17:53:17,834 - attack_logger - INFO - [icmp_flood] [Run ID: 0346cf7c-0035-4e1c-89e2-22baa7a41fa9] --- Enhanced Attack Summary ---
2025-09-12 17:53:17,834 - attack_logger - INFO - [icmp_flood] [Run ID: 0346cf7c-0035-4e1c-89e2-22baa7a41fa9] Total packets sent: 123
2025-09-12 17:53:17,834 - attack_logger - INFO - [icmp_flood] [Run ID: 0346cf7c-0035-4e1c-89e2-22baa7a41fa9] Total IP rotations: ~8
2025-09-12 17:53:17,834 - attack_logger - INFO - [icmp_flood] [Run ID: 0346cf7c-0035-4e1c-89e2-22baa7a41fa9] RFC 1918 IP pool size: 50
2025-09-12 17:53:17,834 - attack_logger - INFO - [icmp_flood] [Run ID: 0346cf7c-0035-4e1c-89e2-22baa7a41fa9] IP ranges used: 10.0.0.0/8, 172.16.0.0/12, 192.168.0.0/16
2025-09-12 17:53:17,834 - attack_logger - INFO - [icmp_flood] [Run ID: 0346cf7c-0035-4e1c-89e2-22baa7a41fa9] Actual duration: 8.00s
2025-09-12 17:53:17,834 - attack_logger - INFO - [icmp_flood] [Run ID: 0346cf7c-0035-4e1c-89e2-22baa7a41fa9] Average rate: 15.37 packets/sec
2025-09-12 17:53:17,834 - attack_logger - INFO - [icmp_flood] [Run ID: 0346cf7c-0035-4e1c-89e2-22baa7a41fa9] Base rate: 20.1 pps
2025-09-12 17:53:17,834 - attack_logger - INFO - [icmp_flood] [Run ID: 0346cf7c-0035-4e1c-89e2-22baa7a41fa9] Circadian factor: 0.80
2025-09-12 17:53:17,834 - attack_logger - INFO - [icmp_flood] [Run ID: 0346cf7c-0035-4e1c-89e2-22baa7a41fa9] Workday factor: 0.96
2025-09-12 17:53:17,834 - attack_logger - INFO - [icmp_flood] [Run ID: 0346cf7c-0035-4e1c-89e2-22baa7a41fa9] Session phases: 1
2025-09-12 17:53:17,834 - attack_logger - INFO - [icmp_flood] [Run ID: 0346cf7c-0035-4e1c-89e2-22baa7a41fa9] ICMP type: Echo Request (8) with ID/Seq variations
2025-09-12 17:53:17,834 - attack_logger - INFO - [icmp_flood] [Run ID: 0346cf7c-0035-4e1c-89e2-22baa7a41fa9] Attack method: Enhanced ICMP Flood with RFC 1918 IP Rotation
2025-09-12 17:53:17,834 - attack_logger - INFO - [icmp_flood] [Run ID: 0346cf7c-0035-4e1c-89e2-22baa7a41fa9] Enhancement features: RFC 1918 IP rotation, human timing patterns, protocol compliance, network delay simulation
2025-09-12 17:53:17,834 - attack_logger - INFO - [icmp_flood] [Run ID: 0346cf7c-0035-4e1c-89e2-22baa7a41fa9] ----------------------------------------
2025-09-12 17:53:17,912 - attack_logger - INFO - Attack: Enhanced ICMP Flood completed.
2025-09-12 17:53:18,425 - attack_logger - INFO - Attack: ENHANCED Adversarial TCP State Exhaustion (8s) | h1 -> h6
2025-09-12 17:53:29,612 - attack_logger - INFO - Attack: ENHANCED Adversarial Application Layer (3s) | h1 -> h6
2025-09-12 17:53:35,814 - attack_logger - INFO - Attack: ENHANCED Adversarial Slow Read (9s) | h1 -> h6
2025-09-12 17:53:48,063 - attack_logger - INFO - Attack: ENHANCED Adversarial Slow Read completed.
