2025-09-12 17:49:00 - [BENIGN] - INFO - Starting benign traffic for 200 seconds...
2025-09-12 17:49:00 - [BENIGN] - INFO - Protocol separation: h2↔h5 (ICMP), h3↔h5 (TCP/UDP)
2025-09-12 17:49:00 - [BENIGN] - DEBUG - Generated ICMP traffic h2↔h5 0 [len=84B]
2025-09-12 17:49:00 - [BENIGN] - DEBUG - Generated TCP SYN from h3:35009 -> h5:12345 [len=54B]
2025-09-12 17:49:01 - [BENIGN] - DEBUG - Generated TCP SYN-ACK from h5:12345 <- h3:35009 [len=54B]
2025-09-12 17:49:02 - [BENIGN] - DEBUG - Generated TCP ACK from h3:35009 -> h5:12345 [len=54B]
2025-09-12 17:49:02 - [BENIGN] - DEBUG - Generated TCP data traffic from h3:35009 -> h5:12345 [content='TCP data'] [Session 1] [len=1268B]
2025-09-12 17:49:03 - [BENIGN] - DEBUG - Generated TCP ACK reply from h5:12345 <- h3:35009 [len=54B]
2025-09-12 17:49:04 - [BENIGN] - DEBUG - Generated UDP traffic from h3:10978 -> h5:12346 [content='5d3624b4cd92fae6c0826b3fa28bb6cfaf9093da...'] [Session 2] [len=604B]
2025-09-12 17:49:04 - [BENIGN] - DEBUG - Generated Telnet SYN from h3:58215 -> h5:23 [len=54B]
2025-09-12 17:49:05 - [BENIGN] - DEBUG - Generated Telnet SYN-ACK from h5:23 <- h3:58215 [len=54B]
2025-09-12 17:49:06 - [BENIGN] - DEBUG - Generated Telnet ACK from h3:58215 -> h5:23 [len=54B]
2025-09-12 17:49:06 - [BENIGN] - DEBUG - Generated Telnet data traffic from h3:58215 -> h5:23 [content='Telnet command'] [Session 3] [len=1543B]
2025-09-12 17:49:07 - [BENIGN] - DEBUG - Generated Telnet ACK reply from h5:23 <- h3:58215 [len=54B]
2025-09-12 17:49:08 - [BENIGN] - DEBUG - Generated SSH SYN from h3:37008 -> h5:22 [len=54B]
2025-09-12 17:49:08 - [BENIGN] - DEBUG - Generated SSH SYN-ACK from h5:22 <- h3:37008 [len=54B]
2025-09-12 17:49:09 - [BENIGN] - DEBUG - Generated SSH ACK from h3:37008 -> h5:22 [len=54B]
2025-09-12 17:49:10 - [BENIGN] - DEBUG - Generated SSH data traffic from h3:37008 -> h5:22 [content='SSH encrypted data'] [Session 4] [len=364B]
2025-09-12 17:49:10 - [BENIGN] - DEBUG - Generated SSH ACK reply from h5:22 <- h3:37008 [len=54B]
2025-09-12 17:49:11 - [BENIGN] - DEBUG - Generated FTP SYN from h3:5080 -> h5:21 [len=54B]
2025-09-12 17:49:12 - [BENIGN] - DEBUG - Generated FTP SYN-ACK from h5:21 <- h3:5080 [len=54B]
2025-09-12 17:49:12 - [BENIGN] - DEBUG - Generated FTP ACK from h3:5080 -> h5:21 [len=54B]
2025-09-12 17:49:13 - [BENIGN] - DEBUG - Generated FTP data traffic from h3:5080 -> h5:21 [content='FTP file transfer'] [Session 5] [len=932B]
2025-09-12 17:49:13 - [BENIGN] - DEBUG - Generated FTP ACK reply from h5:21 <- h3:5080 [len=54B]
2025-09-12 17:49:14 - [BENIGN] - DEBUG - Generated HTTP SYN from h3:46987 -> h5:80 [len=54B]
2025-09-12 17:49:15 - [BENIGN] - DEBUG - Generated HTTP SYN-ACK from h5:80 <- h3:46987 [len=54B]
2025-09-12 17:49:15 - [BENIGN] - DEBUG - Generated HTTP ACK from h3:46987 -> h5:80 [len=54B]
2025-09-12 17:49:16 - [BENIGN] - DEBUG - Generated HTTP data traffic from h3:46987 -> h5:80 [content='GET /index.html HTTP/1.1'] [Session 6] [len=607B]
2025-09-12 17:49:17 - [BENIGN] - DEBUG - Generated HTTP ACK reply from h5:80 <- h3:46987 [len=54B]
2025-09-12 17:49:17 - [BENIGN] - DEBUG - Generated HTTPS SYN from h3:30050 -> h5:443 [len=54B]
2025-09-12 17:49:18 - [BENIGN] - DEBUG - Generated HTTPS SYN-ACK from h5:443 <- h3:30050 [len=54B]
2025-09-12 17:49:19 - [BENIGN] - DEBUG - Generated HTTPS ACK from h3:30050 -> h5:443 [len=54B]
2025-09-12 17:49:19 - [BENIGN] - DEBUG - Generated HTTPS data traffic from h3:30050 -> h5:443 [content='Encrypted Application Data'] [Session 7] [len=463B]
2025-09-12 17:49:20 - [BENIGN] - DEBUG - Generated HTTPS ACK reply from h5:443 <- h3:30050 [len=54B]
2025-09-12 17:49:20 - [BENIGN] - DEBUG - Generated DNS query from h3:18423 -> h5:53 [qname='example.com'] [Session 8] [len=71B]
2025-09-12 17:49:21 - [BENIGN] - DEBUG - Generated ICMP traffic h2↔h5 1 [len=84B]
2025-09-12 17:49:21 - [BENIGN] - DEBUG - Generated TCP SYN from h3:7044 -> h5:12345 [len=54B]
2025-09-12 17:49:22 - [BENIGN] - DEBUG - Generated TCP SYN-ACK from h5:12345 <- h3:7044 [len=54B]
2025-09-12 17:49:22 - [BENIGN] - DEBUG - Generated TCP ACK from h3:7044 -> h5:12345 [len=54B]
2025-09-12 17:49:23 - [BENIGN] - DEBUG - Generated TCP data traffic from h3:7044 -> h5:12345 [content='TCP data'] [Session 9] [len=863B]
2025-09-12 17:49:24 - [BENIGN] - DEBUG - Generated TCP ACK reply from h5:12345 <- h3:7044 [len=54B]
2025-09-12 17:49:24 - [BENIGN] - DEBUG - Generated UDP traffic from h3:45895 -> h5:12346 [content='f106436fdcdc7fa0ee397f71cec7007692decb73...'] [Session 10] [len=1137B]
2025-09-12 17:49:25 - [BENIGN] - DEBUG - Generated Telnet SYN from h3:1126 -> h5:23 [len=54B]
2025-09-12 17:49:26 - [BENIGN] - DEBUG - Generated Telnet SYN-ACK from h5:23 <- h3:1126 [len=54B]
2025-09-12 17:49:26 - [BENIGN] - DEBUG - Generated Telnet ACK from h3:1126 -> h5:23 [len=54B]
2025-09-12 17:49:27 - [BENIGN] - DEBUG - Generated Telnet data traffic from h3:1126 -> h5:23 [content='Telnet command'] [Session 11] [len=255B]
2025-09-12 17:49:27 - [BENIGN] - DEBUG - Generated Telnet ACK reply from h5:23 <- h3:1126 [len=54B]
2025-09-12 17:49:28 - [BENIGN] - DEBUG - Generated SSH SYN from h3:2610 -> h5:22 [len=54B]
2025-09-12 17:49:29 - [BENIGN] - DEBUG - Generated SSH SYN-ACK from h5:22 <- h3:2610 [len=54B]
2025-09-12 17:49:29 - [BENIGN] - DEBUG - Generated SSH ACK from h3:2610 -> h5:22 [len=54B]
2025-09-12 17:49:30 - [BENIGN] - DEBUG - Generated SSH data traffic from h3:2610 -> h5:22 [content='SSH encrypted data'] [Session 12] [len=1391B]
2025-09-12 17:49:31 - [BENIGN] - DEBUG - Generated SSH ACK reply from h5:22 <- h3:2610 [len=54B]
2025-09-12 17:49:31 - [BENIGN] - DEBUG - Generated FTP SYN from h3:61053 -> h5:21 [len=54B]
2025-09-12 17:49:32 - [BENIGN] - DEBUG - Generated FTP SYN-ACK from h5:21 <- h3:61053 [len=54B]
2025-09-12 17:49:32 - [BENIGN] - DEBUG - Generated FTP ACK from h3:61053 -> h5:21 [len=54B]
2025-09-12 17:49:33 - [BENIGN] - DEBUG - Generated FTP data traffic from h3:61053 -> h5:21 [content='FTP file transfer'] [Session 13] [len=506B]
2025-09-12 17:49:34 - [BENIGN] - DEBUG - Generated FTP ACK reply from h5:21 <- h3:61053 [len=54B]
2025-09-12 17:49:34 - [BENIGN] - DEBUG - Generated HTTP SYN from h3:45949 -> h5:80 [len=54B]
2025-09-12 17:49:35 - [BENIGN] - DEBUG - Generated HTTP SYN-ACK from h5:80 <- h3:45949 [len=54B]
2025-09-12 17:49:36 - [BENIGN] - DEBUG - Generated HTTP ACK from h3:45949 -> h5:80 [len=54B]
2025-09-12 17:49:36 - [BENIGN] - DEBUG - Generated HTTP data traffic from h3:45949 -> h5:80 [content='GET /index.html HTTP/1.1'] [Session 14] [len=549B]
2025-09-12 17:49:37 - [BENIGN] - DEBUG - Generated HTTP ACK reply from h5:80 <- h3:45949 [len=54B]
2025-09-12 17:49:37 - [BENIGN] - DEBUG - Generated HTTPS SYN from h3:55694 -> h5:443 [len=54B]
2025-09-12 17:49:38 - [BENIGN] - DEBUG - Generated HTTPS SYN-ACK from h5:443 <- h3:55694 [len=54B]
2025-09-12 17:49:39 - [BENIGN] - DEBUG - Generated HTTPS ACK from h3:55694 -> h5:443 [len=54B]
2025-09-12 17:49:39 - [BENIGN] - DEBUG - Generated HTTPS data traffic from h3:55694 -> h5:443 [content='Encrypted Application Data'] [Session 15] [len=824B]
2025-09-12 17:49:40 - [BENIGN] - DEBUG - Generated HTTPS ACK reply from h5:443 <- h3:55694 [len=54B]
2025-09-12 17:49:41 - [BENIGN] - DEBUG - Generated DNS query from h3:47606 -> h5:53 [qname='example.com'] [Session 16] [len=71B]
2025-09-12 17:49:41 - [BENIGN] - DEBUG - Generated ICMP traffic h2↔h5 2 [len=84B]
2025-09-12 17:49:41 - [BENIGN] - DEBUG - Generated TCP SYN from h3:36234 -> h5:12345 [len=54B]
2025-09-12 17:49:42 - [BENIGN] - DEBUG - Generated TCP SYN-ACK from h5:12345 <- h3:36234 [len=54B]
2025-09-12 17:49:43 - [BENIGN] - DEBUG - Generated TCP ACK from h3:36234 -> h5:12345 [len=54B]
2025-09-12 17:49:43 - [BENIGN] - DEBUG - Generated TCP data traffic from h3:36234 -> h5:12345 [content='TCP data'] [Session 17] [len=1084B]
2025-09-12 17:49:44 - [BENIGN] - DEBUG - Generated TCP ACK reply from h5:12345 <- h3:36234 [len=54B]
2025-09-12 17:49:44 - [BENIGN] - DEBUG - Generated UDP traffic from h3:17793 -> h5:12346 [content='8ff999e4f38f6ea498409495e4b2dfdcfaff2071...'] [Session 18] [len=1285B]
2025-09-12 17:49:45 - [BENIGN] - DEBUG - Generated Telnet SYN from h3:64058 -> h5:23 [len=54B]
2025-09-12 17:49:46 - [BENIGN] - DEBUG - Generated Telnet SYN-ACK from h5:23 <- h3:64058 [len=54B]
2025-09-12 17:49:46 - [BENIGN] - DEBUG - Generated Telnet ACK from h3:64058 -> h5:23 [len=54B]
2025-09-12 17:49:47 - [BENIGN] - DEBUG - Generated Telnet data traffic from h3:64058 -> h5:23 [content='Telnet command'] [Session 19] [len=108B]
2025-09-12 17:49:48 - [BENIGN] - DEBUG - Generated Telnet ACK reply from h5:23 <- h3:64058 [len=54B]
2025-09-12 17:49:48 - [BENIGN] - DEBUG - Generated SSH SYN from h3:23376 -> h5:22 [len=54B]
2025-09-12 17:49:49 - [BENIGN] - DEBUG - Generated SSH SYN-ACK from h5:22 <- h3:23376 [len=54B]
2025-09-12 17:49:49 - [BENIGN] - DEBUG - Generated SSH ACK from h3:23376 -> h5:22 [len=54B]
2025-09-12 17:49:50 - [BENIGN] - DEBUG - Generated SSH data traffic from h3:23376 -> h5:22 [content='SSH encrypted data'] [Session 20] [len=261B]
2025-09-12 17:49:51 - [BENIGN] - DEBUG - Generated SSH ACK reply from h5:22 <- h3:23376 [len=54B]
2025-09-12 17:49:51 - [BENIGN] - DEBUG - Generated FTP SYN from h3:56385 -> h5:21 [len=54B]
2025-09-12 17:49:52 - [BENIGN] - DEBUG - Generated FTP SYN-ACK from h5:21 <- h3:56385 [len=54B]
2025-09-12 17:49:53 - [BENIGN] - DEBUG - Generated FTP ACK from h3:56385 -> h5:21 [len=54B]
2025-09-12 17:49:53 - [BENIGN] - DEBUG - Generated FTP data traffic from h3:56385 -> h5:21 [content='FTP file transfer'] [Session 21] [len=633B]
2025-09-12 17:49:54 - [BENIGN] - DEBUG - Generated FTP ACK reply from h5:21 <- h3:56385 [len=54B]
2025-09-12 17:49:54 - [BENIGN] - DEBUG - Generated HTTP SYN from h3:25070 -> h5:80 [len=54B]
2025-09-12 17:49:55 - [BENIGN] - DEBUG - Generated HTTP SYN-ACK from h5:80 <- h3:25070 [len=54B]
2025-09-12 17:49:56 - [BENIGN] - DEBUG - Generated HTTP ACK from h3:25070 -> h5:80 [len=54B]
2025-09-12 17:49:56 - [BENIGN] - DEBUG - Generated HTTP data traffic from h3:25070 -> h5:80 [content='GET /index.html HTTP/1.1'] [Session 22] [len=445B]
2025-09-12 17:49:57 - [BENIGN] - DEBUG - Generated HTTP ACK reply from h5:80 <- h3:25070 [len=54B]
2025-09-12 17:49:58 - [BENIGN] - DEBUG - Generated HTTPS SYN from h3:21613 -> h5:443 [len=54B]
2025-09-12 17:49:58 - [BENIGN] - DEBUG - Generated HTTPS SYN-ACK from h5:443 <- h3:21613 [len=54B]
2025-09-12 17:49:59 - [BENIGN] - DEBUG - Generated HTTPS ACK from h3:21613 -> h5:443 [len=54B]
2025-09-12 17:49:59 - [BENIGN] - DEBUG - Generated HTTPS data traffic from h3:21613 -> h5:443 [content='Encrypted Application Data'] [Session 23] [len=420B]
2025-09-12 17:50:00 - [BENIGN] - DEBUG - Generated HTTPS ACK reply from h5:443 <- h3:21613 [len=54B]
2025-09-12 17:50:01 - [BENIGN] - DEBUG - Generated DNS query from h3:15200 -> h5:53 [qname='example.com'] [Session 24] [len=71B]
2025-09-12 17:50:01 - [BENIGN] - DEBUG - Generated ICMP traffic h2↔h5 3 [len=84B]
2025-09-12 17:50:01 - [BENIGN] - DEBUG - Generated TCP SYN from h3:39006 -> h5:12345 [len=54B]
2025-09-12 17:50:02 - [BENIGN] - DEBUG - Generated TCP SYN-ACK from h5:12345 <- h3:39006 [len=54B]
2025-09-12 17:50:03 - [BENIGN] - DEBUG - Generated TCP ACK from h3:39006 -> h5:12345 [len=54B]
2025-09-12 17:50:03 - [BENIGN] - DEBUG - Generated TCP data traffic from h3:39006 -> h5:12345 [content='TCP data'] [Session 25] [len=1233B]
2025-09-12 17:50:04 - [BENIGN] - DEBUG - Generated TCP ACK reply from h5:12345 <- h3:39006 [len=54B]
2025-09-12 17:50:05 - [BENIGN] - DEBUG - Generated UDP traffic from h3:51405 -> h5:12346 [content='d660628b75e8bdfd77621361d665e6676264c27d...'] [Session 26] [len=856B]
2025-09-12 17:50:05 - [BENIGN] - DEBUG - Generated Telnet SYN from h3:14512 -> h5:23 [len=54B]
2025-09-12 17:50:06 - [BENIGN] - DEBUG - Generated Telnet SYN-ACK from h5:23 <- h3:14512 [len=54B]
2025-09-12 17:50:06 - [BENIGN] - DEBUG - Generated Telnet ACK from h3:14512 -> h5:23 [len=54B]
2025-09-12 17:50:07 - [BENIGN] - DEBUG - Generated Telnet data traffic from h3:14512 -> h5:23 [content='Telnet command'] [Session 27] [len=499B]
2025-09-12 17:50:08 - [BENIGN] - DEBUG - Generated Telnet ACK reply from h5:23 <- h3:14512 [len=54B]
2025-09-12 17:50:08 - [BENIGN] - DEBUG - Generated SSH SYN from h3:11800 -> h5:22 [len=54B]
2025-09-12 17:50:09 - [BENIGN] - DEBUG - Generated SSH SYN-ACK from h5:22 <- h3:11800 [len=54B]
2025-09-12 17:50:10 - [BENIGN] - DEBUG - Generated SSH ACK from h3:11800 -> h5:22 [len=54B]
2025-09-12 17:50:10 - [BENIGN] - DEBUG - Generated SSH data traffic from h3:11800 -> h5:22 [content='SSH encrypted data'] [Session 28] [len=148B]
2025-09-12 17:50:11 - [BENIGN] - DEBUG - Generated SSH ACK reply from h5:22 <- h3:11800 [len=54B]
2025-09-12 17:50:11 - [BENIGN] - DEBUG - Generated FTP SYN from h3:46788 -> h5:21 [len=54B]
2025-09-12 17:50:12 - [BENIGN] - DEBUG - Generated FTP SYN-ACK from h5:21 <- h3:46788 [len=54B]
2025-09-12 17:50:13 - [BENIGN] - DEBUG - Generated FTP ACK from h3:46788 -> h5:21 [len=54B]
2025-09-12 17:50:13 - [BENIGN] - DEBUG - Generated FTP data traffic from h3:46788 -> h5:21 [content='FTP file transfer'] [Session 29] [len=1043B]
2025-09-12 17:50:14 - [BENIGN] - DEBUG - Generated FTP ACK reply from h5:21 <- h3:46788 [len=54B]
2025-09-12 17:50:15 - [BENIGN] - DEBUG - Generated HTTP SYN from h3:55113 -> h5:80 [len=54B]
2025-09-12 17:50:15 - [BENIGN] - DEBUG - Generated HTTP SYN-ACK from h5:80 <- h3:55113 [len=54B]
2025-09-12 17:50:16 - [BENIGN] - DEBUG - Generated HTTP ACK from h3:55113 -> h5:80 [len=54B]
2025-09-12 17:50:16 - [BENIGN] - DEBUG - Generated HTTP data traffic from h3:55113 -> h5:80 [content='GET /index.html HTTP/1.1'] [Session 30] [len=515B]
2025-09-12 17:50:17 - [BENIGN] - DEBUG - Generated HTTP ACK reply from h5:80 <- h3:55113 [len=54B]
2025-09-12 17:50:18 - [BENIGN] - DEBUG - Generated HTTPS SYN from h3:3602 -> h5:443 [len=54B]
2025-09-12 17:50:18 - [BENIGN] - DEBUG - Generated HTTPS SYN-ACK from h5:443 <- h3:3602 [len=54B]
2025-09-12 17:50:19 - [BENIGN] - DEBUG - Generated HTTPS ACK from h3:3602 -> h5:443 [len=54B]
2025-09-12 17:50:20 - [BENIGN] - DEBUG - Generated HTTPS data traffic from h3:3602 -> h5:443 [content='Encrypted Application Data'] [Session 31] [len=523B]
2025-09-12 17:50:20 - [BENIGN] - DEBUG - Generated HTTPS ACK reply from h5:443 <- h3:3602 [len=54B]
2025-09-12 17:50:21 - [BENIGN] - DEBUG - Generated DNS query from h3:29509 -> h5:53 [qname='example.com'] [Session 32] [len=71B]
2025-09-12 17:50:21 - [BENIGN] - DEBUG - Generated ICMP traffic h2↔h5 4 [len=84B]
2025-09-12 17:50:21 - [BENIGN] - DEBUG - Generated TCP SYN from h3:5385 -> h5:12345 [len=54B]
2025-09-12 17:50:22 - [BENIGN] - DEBUG - Generated TCP SYN-ACK from h5:12345 <- h3:5385 [len=54B]
2025-09-12 17:50:23 - [BENIGN] - DEBUG - Generated TCP ACK from h3:5385 -> h5:12345 [len=54B]
2025-09-12 17:50:23 - [BENIGN] - DEBUG - Generated TCP data traffic from h3:5385 -> h5:12345 [content='TCP data'] [Session 33] [len=1234B]
2025-09-12 17:50:24 - [BENIGN] - DEBUG - Generated TCP ACK reply from h5:12345 <- h3:5385 [len=54B]
2025-09-12 17:50:25 - [BENIGN] - DEBUG - Generated UDP traffic from h3:59358 -> h5:12346 [content='7fe42f1cd45f0983538366e82f7fa31aea05f39b...'] [Session 34] [len=1157B]
2025-09-12 17:50:25 - [BENIGN] - DEBUG - Generated Telnet SYN from h3:8035 -> h5:23 [len=54B]
2025-09-12 17:50:26 - [BENIGN] - DEBUG - Generated Telnet SYN-ACK from h5:23 <- h3:8035 [len=54B]
2025-09-12 17:50:27 - [BENIGN] - DEBUG - Generated Telnet ACK from h3:8035 -> h5:23 [len=54B]
2025-09-12 17:50:27 - [BENIGN] - DEBUG - Generated Telnet data traffic from h3:8035 -> h5:23 [content='Telnet command'] [Session 35] [len=176B]
2025-09-12 17:50:28 - [BENIGN] - DEBUG - Generated Telnet ACK reply from h5:23 <- h3:8035 [len=54B]
2025-09-12 17:50:28 - [BENIGN] - DEBUG - Generated SSH SYN from h3:45382 -> h5:22 [len=54B]
2025-09-12 17:50:29 - [BENIGN] - DEBUG - Generated SSH SYN-ACK from h5:22 <- h3:45382 [len=54B]
2025-09-12 17:50:30 - [BENIGN] - DEBUG - Generated SSH ACK from h3:45382 -> h5:22 [len=54B]
2025-09-12 17:50:30 - [BENIGN] - DEBUG - Generated SSH data traffic from h3:45382 -> h5:22 [content='SSH encrypted data'] [Session 36] [len=989B]
2025-09-12 17:50:31 - [BENIGN] - DEBUG - Generated SSH ACK reply from h5:22 <- h3:45382 [len=54B]
2025-09-12 17:50:32 - [BENIGN] - DEBUG - Generated FTP SYN from h3:59403 -> h5:21 [len=54B]
2025-09-12 17:50:32 - [BENIGN] - DEBUG - Generated FTP SYN-ACK from h5:21 <- h3:59403 [len=54B]
2025-09-12 17:50:33 - [BENIGN] - DEBUG - Generated FTP ACK from h3:59403 -> h5:21 [len=54B]
2025-09-12 17:50:33 - [BENIGN] - DEBUG - Generated FTP data traffic from h3:59403 -> h5:21 [content='FTP file transfer'] [Session 37] [len=617B]
2025-09-12 17:50:34 - [BENIGN] - DEBUG - Generated FTP ACK reply from h5:21 <- h3:59403 [len=54B]
2025-09-12 17:50:35 - [BENIGN] - DEBUG - Generated HTTP SYN from h3:4797 -> h5:80 [len=54B]
2025-09-12 17:50:35 - [BENIGN] - DEBUG - Generated HTTP SYN-ACK from h5:80 <- h3:4797 [len=54B]
2025-09-12 17:50:36 - [BENIGN] - DEBUG - Generated HTTP ACK from h3:4797 -> h5:80 [len=54B]
2025-09-12 17:50:37 - [BENIGN] - DEBUG - Generated HTTP data traffic from h3:4797 -> h5:80 [content='GET /index.html HTTP/1.1'] [Session 38] [len=597B]
2025-09-12 17:50:37 - [BENIGN] - DEBUG - Generated HTTP ACK reply from h5:80 <- h3:4797 [len=54B]
2025-09-12 17:50:38 - [BENIGN] - DEBUG - Generated HTTPS SYN from h3:4141 -> h5:443 [len=54B]
2025-09-12 17:50:38 - [BENIGN] - DEBUG - Generated HTTPS SYN-ACK from h5:443 <- h3:4141 [len=54B]
2025-09-12 17:50:39 - [BENIGN] - DEBUG - Generated HTTPS ACK from h3:4141 -> h5:443 [len=54B]
2025-09-12 17:50:40 - [BENIGN] - DEBUG - Generated HTTPS data traffic from h3:4141 -> h5:443 [content='Encrypted Application Data'] [Session 39] [len=499B]
2025-09-12 17:50:40 - [BENIGN] - DEBUG - Generated HTTPS ACK reply from h5:443 <- h3:4141 [len=54B]
2025-09-12 17:50:41 - [BENIGN] - DEBUG - Generated DNS query from h3:2326 -> h5:53 [qname='example.com'] [Session 40] [len=71B]
2025-09-12 17:50:41 - [BENIGN] - DEBUG - Generated ICMP traffic h2↔h5 5 [len=84B]
2025-09-12 17:50:42 - [BENIGN] - DEBUG - Generated TCP SYN from h3:46674 -> h5:12345 [len=54B]
2025-09-12 17:50:42 - [BENIGN] - DEBUG - Generated TCP SYN-ACK from h5:12345 <- h3:46674 [len=54B]
2025-09-12 17:50:43 - [BENIGN] - DEBUG - Generated TCP ACK from h3:46674 -> h5:12345 [len=54B]
2025-09-12 17:50:44 - [BENIGN] - DEBUG - Generated TCP data traffic from h3:46674 -> h5:12345 [content='TCP data'] [Session 41] [len=309B]
2025-09-12 17:50:44 - [BENIGN] - DEBUG - Generated TCP ACK reply from h5:12345 <- h3:46674 [len=54B]
2025-09-12 17:50:45 - [BENIGN] - DEBUG - Generated UDP traffic from h3:20343 -> h5:12346 [content='bec0008bc16ed0617c79741ba512cdfa448d5f18...'] [Session 42] [len=245B]
2025-09-12 17:50:46 - [BENIGN] - DEBUG - Generated Telnet SYN from h3:54759 -> h5:23 [len=54B]
2025-09-12 17:50:46 - [BENIGN] - DEBUG - Generated Telnet SYN-ACK from h5:23 <- h3:54759 [len=54B]
2025-09-12 17:50:47 - [BENIGN] - DEBUG - Generated Telnet ACK from h3:54759 -> h5:23 [len=54B]
2025-09-12 17:50:47 - [BENIGN] - DEBUG - Generated Telnet data traffic from h3:54759 -> h5:23 [content='Telnet command'] [Session 43] [len=801B]
2025-09-12 17:50:48 - [BENIGN] - DEBUG - Generated Telnet ACK reply from h5:23 <- h3:54759 [len=54B]
2025-09-12 17:50:49 - [BENIGN] - DEBUG - Generated SSH SYN from h3:4537 -> h5:22 [len=54B]
2025-09-12 17:50:49 - [BENIGN] - DEBUG - Generated SSH SYN-ACK from h5:22 <- h3:4537 [len=54B]
2025-09-12 17:50:50 - [BENIGN] - DEBUG - Generated SSH ACK from h3:4537 -> h5:22 [len=54B]
2025-09-12 17:50:51 - [BENIGN] - DEBUG - Generated SSH data traffic from h3:4537 -> h5:22 [content='SSH encrypted data'] [Session 44] [len=1166B]
2025-09-12 17:50:51 - [BENIGN] - DEBUG - Generated SSH ACK reply from h5:22 <- h3:4537 [len=54B]
2025-09-12 17:50:52 - [BENIGN] - DEBUG - Generated FTP SYN from h3:51708 -> h5:21 [len=54B]
2025-09-12 17:50:52 - [BENIGN] - DEBUG - Generated FTP SYN-ACK from h5:21 <- h3:51708 [len=54B]
2025-09-12 17:50:53 - [BENIGN] - DEBUG - Generated FTP ACK from h3:51708 -> h5:21 [len=54B]
2025-09-12 17:50:54 - [BENIGN] - DEBUG - Generated FTP data traffic from h3:51708 -> h5:21 [content='FTP file transfer'] [Session 45] [len=106B]
2025-09-12 17:50:54 - [BENIGN] - DEBUG - Generated FTP ACK reply from h5:21 <- h3:51708 [len=54B]
2025-09-12 17:50:55 - [BENIGN] - DEBUG - Generated HTTP SYN from h3:23394 -> h5:80 [len=54B]
2025-09-12 17:50:56 - [BENIGN] - DEBUG - Generated HTTP SYN-ACK from h5:80 <- h3:23394 [len=54B]
2025-09-12 17:50:56 - [BENIGN] - DEBUG - Generated HTTP ACK from h3:23394 -> h5:80 [len=54B]
2025-09-12 17:50:57 - [BENIGN] - DEBUG - Generated HTTP data traffic from h3:23394 -> h5:80 [content='GET /index.html HTTP/1.1'] [Session 46] [len=358B]
2025-09-12 17:50:57 - [BENIGN] - DEBUG - Generated HTTP ACK reply from h5:80 <- h3:23394 [len=54B]
2025-09-12 17:50:58 - [BENIGN] - DEBUG - Generated HTTPS SYN from h3:55938 -> h5:443 [len=54B]
2025-09-12 17:50:59 - [BENIGN] - DEBUG - Generated HTTPS SYN-ACK from h5:443 <- h3:55938 [len=54B]
2025-09-12 17:50:59 - [BENIGN] - DEBUG - Generated HTTPS ACK from h3:55938 -> h5:443 [len=54B]
2025-09-12 17:51:00 - [BENIGN] - DEBUG - Generated HTTPS data traffic from h3:55938 -> h5:443 [content='Encrypted Application Data'] [Session 47] [len=424B]
2025-09-12 17:51:00 - [BENIGN] - DEBUG - Generated HTTPS ACK reply from h5:443 <- h3:55938 [len=54B]
2025-09-12 17:51:01 - [BENIGN] - DEBUG - Generated DNS query from h3:4045 -> h5:53 [qname='example.com'] [Session 48] [len=71B]
2025-09-12 17:51:01 - [BENIGN] - DEBUG - Generated ICMP traffic h2↔h5 6 [len=84B]
2025-09-12 17:51:02 - [BENIGN] - DEBUG - Generated TCP SYN from h3:25270 -> h5:12345 [len=54B]
2025-09-12 17:51:02 - [BENIGN] - DEBUG - Generated TCP SYN-ACK from h5:12345 <- h3:25270 [len=54B]
2025-09-12 17:51:03 - [BENIGN] - DEBUG - Generated TCP ACK from h3:25270 -> h5:12345 [len=54B]
2025-09-12 17:51:04 - [BENIGN] - DEBUG - Generated TCP data traffic from h3:25270 -> h5:12345 [content='TCP data'] [Session 49] [len=614B]
2025-09-12 17:51:04 - [BENIGN] - DEBUG - Generated TCP ACK reply from h5:12345 <- h3:25270 [len=54B]
2025-09-12 17:51:05 - [BENIGN] - DEBUG - Generated UDP traffic from h3:59788 -> h5:12346 [content='d2a82c6fcb8c2bdd6910468c6620756ca66f122a...'] [Session 50] [len=990B]
2025-09-12 17:51:06 - [BENIGN] - DEBUG - Generated Telnet SYN from h3:61891 -> h5:23 [len=54B]
2025-09-12 17:51:06 - [BENIGN] - DEBUG - Generated Telnet SYN-ACK from h5:23 <- h3:61891 [len=54B]
2025-09-12 17:51:07 - [BENIGN] - DEBUG - Generated Telnet ACK from h3:61891 -> h5:23 [len=54B]
2025-09-12 17:51:07 - [BENIGN] - DEBUG - Generated Telnet data traffic from h3:61891 -> h5:23 [content='Telnet command'] [Session 51] [len=684B]
2025-09-12 17:51:08 - [BENIGN] - DEBUG - Generated Telnet ACK reply from h5:23 <- h3:61891 [len=54B]
2025-09-12 17:51:09 - [BENIGN] - DEBUG - Generated SSH SYN from h3:40437 -> h5:22 [len=54B]
2025-09-12 17:51:09 - [BENIGN] - DEBUG - Generated SSH SYN-ACK from h5:22 <- h3:40437 [len=54B]
2025-09-12 17:51:10 - [BENIGN] - DEBUG - Generated SSH ACK from h3:40437 -> h5:22 [len=54B]
2025-09-12 17:51:11 - [BENIGN] - DEBUG - Generated SSH data traffic from h3:40437 -> h5:22 [content='SSH encrypted data'] [Session 52] [len=673B]
2025-09-12 17:51:11 - [BENIGN] - DEBUG - Generated SSH ACK reply from h5:22 <- h3:40437 [len=54B]
2025-09-12 17:51:12 - [BENIGN] - DEBUG - Generated FTP SYN from h3:41013 -> h5:21 [len=54B]
2025-09-12 17:51:12 - [BENIGN] - DEBUG - Generated FTP SYN-ACK from h5:21 <- h3:41013 [len=54B]
2025-09-12 17:51:13 - [BENIGN] - DEBUG - Generated FTP ACK from h3:41013 -> h5:21 [len=54B]
2025-09-12 17:51:14 - [BENIGN] - DEBUG - Generated FTP data traffic from h3:41013 -> h5:21 [content='FTP file transfer'] [Session 53] [len=1376B]
2025-09-12 17:51:14 - [BENIGN] - DEBUG - Generated FTP ACK reply from h5:21 <- h3:41013 [len=54B]
2025-09-12 17:51:15 - [BENIGN] - DEBUG - Generated HTTP SYN from h3:27811 -> h5:80 [len=54B]
2025-09-12 17:51:16 - [BENIGN] - DEBUG - Generated HTTP SYN-ACK from h5:80 <- h3:27811 [len=54B]
2025-09-12 17:51:16 - [BENIGN] - DEBUG - Generated HTTP ACK from h3:27811 -> h5:80 [len=54B]
2025-09-12 17:51:17 - [BENIGN] - DEBUG - Generated HTTP data traffic from h3:27811 -> h5:80 [content='GET /index.html HTTP/1.1'] [Session 54] [len=393B]
2025-09-12 17:51:17 - [BENIGN] - DEBUG - Generated HTTP ACK reply from h5:80 <- h3:27811 [len=54B]
2025-09-12 17:51:18 - [BENIGN] - DEBUG - Generated HTTPS SYN from h3:42864 -> h5:443 [len=54B]
2025-09-12 17:51:19 - [BENIGN] - DEBUG - Generated HTTPS SYN-ACK from h5:443 <- h3:42864 [len=54B]
2025-09-12 17:51:19 - [BENIGN] - DEBUG - Generated HTTPS ACK from h3:42864 -> h5:443 [len=54B]
2025-09-12 17:51:20 - [BENIGN] - DEBUG - Generated HTTPS data traffic from h3:42864 -> h5:443 [content='Encrypted Application Data'] [Session 55] [len=499B]
2025-09-12 17:51:20 - [BENIGN] - DEBUG - Generated HTTPS ACK reply from h5:443 <- h3:42864 [len=54B]
2025-09-12 17:51:21 - [BENIGN] - DEBUG - Generated DNS query from h3:10728 -> h5:53 [qname='example.com'] [Session 56] [len=71B]
2025-09-12 17:51:21 - [BENIGN] - DEBUG - Generated ICMP traffic h2↔h5 7 [len=84B]
2025-09-12 17:51:22 - [BENIGN] - DEBUG - Generated TCP SYN from h3:55583 -> h5:12345 [len=54B]
2025-09-12 17:51:22 - [BENIGN] - DEBUG - Generated TCP SYN-ACK from h5:12345 <- h3:55583 [len=54B]
2025-09-12 17:51:23 - [BENIGN] - DEBUG - Generated TCP ACK from h3:55583 -> h5:12345 [len=54B]
2025-09-12 17:51:24 - [BENIGN] - DEBUG - Generated TCP data traffic from h3:55583 -> h5:12345 [content='TCP data'] [Session 57] [len=1379B]
2025-09-12 17:51:24 - [BENIGN] - DEBUG - Generated TCP ACK reply from h5:12345 <- h3:55583 [len=54B]
2025-09-12 17:51:25 - [BENIGN] - DEBUG - Generated UDP traffic from h3:14737 -> h5:12346 [content='5333cb62a3ebf7d6a3bf9cfb12cefec5c619f655...'] [Session 58] [len=122B]
2025-09-12 17:51:26 - [BENIGN] - DEBUG - Generated Telnet SYN from h3:7756 -> h5:23 [len=54B]
2025-09-12 17:51:26 - [BENIGN] - DEBUG - Generated Telnet SYN-ACK from h5:23 <- h3:7756 [len=54B]
2025-09-12 17:51:27 - [BENIGN] - DEBUG - Generated Telnet ACK from h3:7756 -> h5:23 [len=54B]
2025-09-12 17:51:27 - [BENIGN] - DEBUG - Generated Telnet data traffic from h3:7756 -> h5:23 [content='Telnet command'] [Session 59] [len=648B]
2025-09-12 17:51:28 - [BENIGN] - DEBUG - Generated Telnet ACK reply from h5:23 <- h3:7756 [len=54B]
2025-09-12 17:51:29 - [BENIGN] - DEBUG - Generated SSH SYN from h3:51135 -> h5:22 [len=54B]
2025-09-12 17:51:29 - [BENIGN] - DEBUG - Generated SSH SYN-ACK from h5:22 <- h3:51135 [len=54B]
2025-09-12 17:51:30 - [BENIGN] - DEBUG - Generated SSH ACK from h3:51135 -> h5:22 [len=54B]
2025-09-12 17:51:31 - [BENIGN] - DEBUG - Generated SSH data traffic from h3:51135 -> h5:22 [content='SSH encrypted data'] [Session 60] [len=780B]
2025-09-12 17:51:31 - [BENIGN] - DEBUG - Generated SSH ACK reply from h5:22 <- h3:51135 [len=54B]
2025-09-12 17:51:32 - [BENIGN] - DEBUG - Generated FTP SYN from h3:46204 -> h5:21 [len=54B]
2025-09-12 17:51:32 - [BENIGN] - DEBUG - Generated FTP SYN-ACK from h5:21 <- h3:46204 [len=54B]
2025-09-12 17:51:33 - [BENIGN] - DEBUG - Generated FTP ACK from h3:46204 -> h5:21 [len=54B]
2025-09-12 17:51:34 - [BENIGN] - DEBUG - Generated FTP data traffic from h3:46204 -> h5:21 [content='FTP file transfer'] [Session 61] [len=335B]
2025-09-12 17:51:34 - [BENIGN] - DEBUG - Generated FTP ACK reply from h5:21 <- h3:46204 [len=54B]
2025-09-12 17:51:35 - [BENIGN] - DEBUG - Generated HTTP SYN from h3:26200 -> h5:80 [len=54B]
2025-09-12 17:51:36 - [BENIGN] - DEBUG - Generated HTTP SYN-ACK from h5:80 <- h3:26200 [len=54B]
2025-09-12 17:51:36 - [BENIGN] - DEBUG - Generated HTTP ACK from h3:26200 -> h5:80 [len=54B]
2025-09-12 17:51:37 - [BENIGN] - DEBUG - Generated HTTP data traffic from h3:26200 -> h5:80 [content='GET /index.html HTTP/1.1'] [Session 62] [len=452B]
2025-09-12 17:51:37 - [BENIGN] - DEBUG - Generated HTTP ACK reply from h5:80 <- h3:26200 [len=54B]
2025-09-12 17:51:38 - [BENIGN] - DEBUG - Generated HTTPS SYN from h3:57447 -> h5:443 [len=54B]
2025-09-12 17:51:39 - [BENIGN] - DEBUG - Generated HTTPS SYN-ACK from h5:443 <- h3:57447 [len=54B]
2025-09-12 17:51:39 - [BENIGN] - DEBUG - Generated HTTPS ACK from h3:57447 -> h5:443 [len=54B]
2025-09-12 17:51:40 - [BENIGN] - DEBUG - Generated HTTPS data traffic from h3:57447 -> h5:443 [content='Encrypted Application Data'] [Session 63] [len=697B]
2025-09-12 17:51:41 - [BENIGN] - DEBUG - Generated HTTPS ACK reply from h5:443 <- h3:57447 [len=54B]
2025-09-12 17:51:41 - [BENIGN] - DEBUG - Generated DNS query from h3:16358 -> h5:53 [qname='example.com'] [Session 64] [len=71B]
2025-09-12 17:51:41 - [BENIGN] - DEBUG - Generated ICMP traffic h2↔h5 8 [len=84B]
2025-09-12 17:51:42 - [BENIGN] - DEBUG - Generated TCP SYN from h3:18795 -> h5:12345 [len=54B]
2025-09-12 17:51:43 - [BENIGN] - DEBUG - Generated TCP SYN-ACK from h5:12345 <- h3:18795 [len=54B]
2025-09-12 17:51:43 - [BENIGN] - DEBUG - Generated TCP ACK from h3:18795 -> h5:12345 [len=54B]
2025-09-12 17:51:44 - [BENIGN] - DEBUG - Generated TCP data traffic from h3:18795 -> h5:12345 [content='TCP data'] [Session 65] [len=1240B]
2025-09-12 17:51:45 - [BENIGN] - DEBUG - Generated TCP ACK reply from h5:12345 <- h3:18795 [len=54B]
2025-09-12 17:51:45 - [BENIGN] - DEBUG - Generated UDP traffic from h3:44432 -> h5:12346 [content='56402e6325dffb0965586188eb03c5507d01748f...'] [Session 66] [len=241B]
2025-09-12 17:51:46 - [BENIGN] - DEBUG - Generated Telnet SYN from h3:17707 -> h5:23 [len=54B]
2025-09-12 17:51:46 - [BENIGN] - DEBUG - Generated Telnet SYN-ACK from h5:23 <- h3:17707 [len=54B]
2025-09-12 17:51:47 - [BENIGN] - DEBUG - Generated Telnet ACK from h3:17707 -> h5:23 [len=54B]
2025-09-12 17:51:48 - [BENIGN] - DEBUG - Generated Telnet data traffic from h3:17707 -> h5:23 [content='Telnet command'] [Session 67] [len=782B]
2025-09-12 17:51:48 - [BENIGN] - DEBUG - Generated Telnet ACK reply from h5:23 <- h3:17707 [len=54B]
2025-09-12 17:51:49 - [BENIGN] - DEBUG - Generated SSH SYN from h3:12152 -> h5:22 [len=54B]
2025-09-12 17:51:50 - [BENIGN] - DEBUG - Generated SSH SYN-ACK from h5:22 <- h3:12152 [len=54B]
2025-09-12 17:51:50 - [BENIGN] - DEBUG - Generated SSH ACK from h3:12152 -> h5:22 [len=54B]
2025-09-12 17:51:51 - [BENIGN] - DEBUG - Generated SSH data traffic from h3:12152 -> h5:22 [content='SSH encrypted data'] [Session 68] [len=134B]
2025-09-12 17:51:51 - [BENIGN] - DEBUG - Generated SSH ACK reply from h5:22 <- h3:12152 [len=54B]
2025-09-12 17:51:52 - [BENIGN] - DEBUG - Generated FTP SYN from h3:54837 -> h5:21 [len=54B]
2025-09-12 17:51:53 - [BENIGN] - DEBUG - Generated FTP SYN-ACK from h5:21 <- h3:54837 [len=54B]
2025-09-12 17:51:53 - [BENIGN] - DEBUG - Generated FTP ACK from h3:54837 -> h5:21 [len=54B]
2025-09-12 17:51:54 - [BENIGN] - DEBUG - Generated FTP data traffic from h3:54837 -> h5:21 [content='FTP file transfer'] [Session 69] [len=903B]
2025-09-12 17:51:55 - [BENIGN] - DEBUG - Generated FTP ACK reply from h5:21 <- h3:54837 [len=54B]
2025-09-12 17:51:55 - [BENIGN] - DEBUG - Generated HTTP SYN from h3:32563 -> h5:80 [len=54B]
2025-09-12 17:51:56 - [BENIGN] - DEBUG - Generated HTTP SYN-ACK from h5:80 <- h3:32563 [len=54B]
2025-09-12 17:51:56 - [BENIGN] - DEBUG - Generated HTTP ACK from h3:32563 -> h5:80 [len=54B]
2025-09-12 17:51:57 - [BENIGN] - DEBUG - Generated HTTP data traffic from h3:32563 -> h5:80 [content='GET /index.html HTTP/1.1'] [Session 70] [len=620B]
2025-09-12 17:51:58 - [BENIGN] - DEBUG - Generated HTTP ACK reply from h5:80 <- h3:32563 [len=54B]
2025-09-12 17:51:58 - [BENIGN] - DEBUG - Generated HTTPS SYN from h3:15089 -> h5:443 [len=54B]
2025-09-12 17:51:59 - [BENIGN] - DEBUG - Generated HTTPS SYN-ACK from h5:443 <- h3:15089 [len=54B]
2025-09-12 17:52:00 - [BENIGN] - DEBUG - Generated HTTPS ACK from h3:15089 -> h5:443 [len=54B]
2025-09-12 17:52:00 - [BENIGN] - DEBUG - Generated HTTPS data traffic from h3:15089 -> h5:443 [content='Encrypted Application Data'] [Session 71] [len=814B]
2025-09-12 17:52:01 - [BENIGN] - DEBUG - Generated HTTPS ACK reply from h5:443 <- h3:15089 [len=54B]
2025-09-12 17:52:01 - [BENIGN] - DEBUG - Generated DNS query from h3:19563 -> h5:53 [qname='example.com'] [Session 72] [len=71B]
2025-09-12 17:52:02 - [BENIGN] - DEBUG - Generated ICMP traffic h2↔h5 9 [len=84B]
2025-09-12 17:52:02 - [BENIGN] - DEBUG - Generated TCP SYN from h3:64477 -> h5:12345 [len=54B]
2025-09-12 17:52:03 - [BENIGN] - DEBUG - Generated TCP SYN-ACK from h5:12345 <- h3:64477 [len=54B]
2025-09-12 17:52:03 - [BENIGN] - DEBUG - Generated TCP ACK from h3:64477 -> h5:12345 [len=54B]
2025-09-12 17:52:04 - [BENIGN] - DEBUG - Generated TCP data traffic from h3:64477 -> h5:12345 [content='TCP data'] [Session 73] [len=1449B]
2025-09-12 17:52:05 - [BENIGN] - DEBUG - Generated TCP ACK reply from h5:12345 <- h3:64477 [len=54B]
2025-09-12 17:52:05 - [BENIGN] - DEBUG - Generated UDP traffic from h3:35538 -> h5:12346 [content='39c1e2b7e7bc67ab8e6dcd2c6b02cb26575cd812...'] [Session 74] [len=1106B]
2025-09-12 17:52:06 - [BENIGN] - DEBUG - Generated Telnet SYN from h3:63876 -> h5:23 [len=54B]
2025-09-12 17:52:07 - [BENIGN] - DEBUG - Generated Telnet SYN-ACK from h5:23 <- h3:63876 [len=54B]
2025-09-12 17:52:07 - [BENIGN] - DEBUG - Generated Telnet ACK from h3:63876 -> h5:23 [len=54B]
2025-09-12 17:52:08 - [BENIGN] - DEBUG - Generated Telnet data traffic from h3:63876 -> h5:23 [content='Telnet command'] [Session 75] [len=1180B]
2025-09-12 17:52:08 - [BENIGN] - DEBUG - Generated Telnet ACK reply from h5:23 <- h3:63876 [len=54B]
2025-09-12 17:52:09 - [BENIGN] - DEBUG - Generated SSH SYN from h3:14041 -> h5:22 [len=54B]
2025-09-12 17:52:10 - [BENIGN] - DEBUG - Generated SSH SYN-ACK from h5:22 <- h3:14041 [len=54B]
2025-09-12 17:52:10 - [BENIGN] - DEBUG - Generated SSH ACK from h3:14041 -> h5:22 [len=54B]
2025-09-12 17:52:11 - [BENIGN] - DEBUG - Generated SSH data traffic from h3:14041 -> h5:22 [content='SSH encrypted data'] [Session 76] [len=191B]
2025-09-12 17:52:12 - [BENIGN] - DEBUG - Generated SSH ACK reply from h5:22 <- h3:14041 [len=54B]
2025-09-12 17:52:12 - [BENIGN] - DEBUG - Generated FTP SYN from h3:25868 -> h5:21 [len=54B]
2025-09-12 17:52:13 - [BENIGN] - DEBUG - Generated FTP SYN-ACK from h5:21 <- h3:25868 [len=54B]
2025-09-12 17:52:13 - [BENIGN] - DEBUG - Generated FTP ACK from h3:25868 -> h5:21 [len=54B]
2025-09-12 17:52:14 - [BENIGN] - DEBUG - Generated FTP data traffic from h3:25868 -> h5:21 [content='FTP file transfer'] [Session 77] [len=465B]
2025-09-12 17:52:15 - [BENIGN] - DEBUG - Generated FTP ACK reply from h5:21 <- h3:25868 [len=54B]
2025-09-12 17:52:15 - [BENIGN] - DEBUG - Generated HTTP SYN from h3:26579 -> h5:80 [len=54B]
2025-09-12 17:52:16 - [BENIGN] - DEBUG - Generated HTTP SYN-ACK from h5:80 <- h3:26579 [len=54B]
2025-09-12 17:52:17 - [BENIGN] - DEBUG - Generated HTTP ACK from h3:26579 -> h5:80 [len=54B]
2025-09-12 17:52:17 - [BENIGN] - DEBUG - Generated HTTP data traffic from h3:26579 -> h5:80 [content='GET /index.html HTTP/1.1'] [Session 78] [len=435B]
2025-09-12 17:52:18 - [BENIGN] - DEBUG - Generated HTTP ACK reply from h5:80 <- h3:26579 [len=54B]
2025-09-12 17:52:18 - [BENIGN] - DEBUG - Generated HTTPS SYN from h3:6693 -> h5:443 [len=54B]
2025-09-12 17:52:19 - [BENIGN] - DEBUG - Generated HTTPS SYN-ACK from h5:443 <- h3:6693 [len=54B]
2025-09-12 17:52:20 - [BENIGN] - DEBUG - Generated HTTPS ACK from h3:6693 -> h5:443 [len=54B]
2025-09-12 17:52:20 - [BENIGN] - DEBUG - Generated HTTPS data traffic from h3:6693 -> h5:443 [content='Encrypted Application Data'] [Session 79] [len=229B]
2025-09-12 17:52:21 - [BENIGN] - DEBUG - Generated HTTPS ACK reply from h5:443 <- h3:6693 [len=54B]
2025-09-12 17:52:22 - [BENIGN] - DEBUG - Generated DNS query from h3:32330 -> h5:53 [qname='example.com'] [Session 80] [len=71B]
2025-09-12 17:52:22 - [BENIGN] - INFO - Benign traffic finished.
2025-09-12 17:52:22 - [BENIGN] - INFO - Summary: 80 protocol sessions with protocol separation:
2025-09-12 17:52:22 - [BENIGN] - INFO -   - h2↔h5: ICMP ping traffic
2025-09-12 17:52:22 - [BENIGN] - INFO -   - h3↔h5: TCP/UDP traffic [TCP, UDP, Telnet, SSH, FTP, HTTP, HTTPS, DNS]
2025-09-12 17:52:22 - [BENIGN] - INFO - Total packets sent: 340
