2025-09-12 16:24:08,622 - attack_logger - INFO - Attack: Enhanced SYN Flood (11s) | h1 -> h6
2025-09-12 16:24:11,140 - attack_logger - INFO - [syn_flood] [Run ID: 8bf9fb6f-b062-4c2e-933a-4c9927992cae] Starting Enhanced SYN Flood from h1 to 192.168.30.10 for 11 seconds.
2025-09-12 16:24:11,140 - attack_logger - INFO - [syn_flood] [Run ID: 8bf9fb6f-b062-4c2e-933a-4c9927992cae] Attack Phase: Enhanced Traditional SYN Flood - Attacker: h1, Target: 192.168.30.10:80, Duration: 11s
2025-09-12 16:24:11,140 - attack_logger - INFO - [syn_flood] [Run ID: 8bf9fb6f-b062-4c2e-933a-4c9927992cae] Enhanced Features: Human-like timing, protocol compliance, network delay simulation
2025-09-12 16:24:11,140 - attack_logger - INFO - [syn_flood] [Run ID: 8bf9fb6f-b062-4c2e-933a-4c9927992cae] Session pattern: 1 phases, Circadian factor: 0.90, Workday factor: 1.00
2025-09-12 16:24:11,140 - attack_logger - DEBUG - [syn_flood] [Run ID: 8bf9fb6f-b062-4c2e-933a-4c9927992cae] Starting enhanced SYN packet generation with human-like timing
2025-09-12 16:24:11,140 - attack_logger - INFO - [syn_flood] [Run ID: 8bf9fb6f-b062-4c2e-933a-4c9927992cae] Stress phase: 3s, Advanced phase: 8s
2025-09-12 16:24:14,738 - attack_logger - INFO - [syn_flood] [Run ID: 8bf9fb6f-b062-4c2e-933a-4c9927992cae] Stress phase completed
2025-09-12 16:24:14,746 - attack_logger - INFO - [syn_flood] [Run ID: 8bf9fb6f-b062-4c2e-933a-4c9927992cae] Enhanced SYN flood process started (PID: 91723)
2025-09-12 16:24:15,769 - attack_logger - INFO - [syn_flood] [Run ID: 8bf9fb6f-b062-4c2e-933a-4c9927992cae] Attack progress: 1.0s elapsed, ~17 packets sent, Rate: 16.5 pps, Phase: active (intensity: 0.94)
2025-09-12 16:24:15,770 - attack_logger - DEBUG - [syn_flood] [Run ID: 8bf9fb6f-b062-4c2e-933a-4c9927992cae] Process stats - CPU: 0.0%, Memory: 60.0MB
2025-09-12 16:24:15,770 - attack_logger - DEBUG - [syn_flood] [Run ID: 8bf9fb6f-b062-4c2e-933a-4c9927992cae] Timing factors - Circadian: 0.90, Workday: 1.00, Adjusted rate: 17.0 pps
2025-09-12 16:24:16,846 - attack_logger - INFO - [syn_flood] [Run ID: 8bf9fb6f-b062-4c2e-933a-4c9927992cae] Attack progress: 2.1s elapsed, ~39 packets sent, Rate: 18.5 pps, Phase: active (intensity: 0.94)
2025-09-12 16:24:16,846 - attack_logger - DEBUG - [syn_flood] [Run ID: 8bf9fb6f-b062-4c2e-933a-4c9927992cae] Process stats - CPU: 0.0%, Memory: 60.0MB
2025-09-12 16:24:16,846 - attack_logger - DEBUG - [syn_flood] [Run ID: 8bf9fb6f-b062-4c2e-933a-4c9927992cae] Timing factors - Circadian: 0.90, Workday: 1.00, Adjusted rate: 18.8 pps
2025-09-12 16:24:17,943 - attack_logger - INFO - [syn_flood] [Run ID: 8bf9fb6f-b062-4c2e-933a-4c9927992cae] Attack progress: 3.2s elapsed, ~69 packets sent, Rate: 21.5 pps, Phase: active (intensity: 0.94)
2025-09-12 16:24:17,944 - attack_logger - DEBUG - [syn_flood] [Run ID: 8bf9fb6f-b062-4c2e-933a-4c9927992cae] Process stats - CPU: 0.0%, Memory: 60.0MB
2025-09-12 16:24:17,944 - attack_logger - DEBUG - [syn_flood] [Run ID: 8bf9fb6f-b062-4c2e-933a-4c9927992cae] Timing factors - Circadian: 0.90, Workday: 1.00, Adjusted rate: 21.7 pps
2025-09-12 16:24:18,987 - attack_logger - INFO - [syn_flood] [Run ID: 8bf9fb6f-b062-4c2e-933a-4c9927992cae] Attack progress: 4.2s elapsed, ~107 packets sent, Rate: 25.2 pps, Phase: active (intensity: 0.94)
2025-09-12 16:24:18,988 - attack_logger - DEBUG - [syn_flood] [Run ID: 8bf9fb6f-b062-4c2e-933a-4c9927992cae] Process stats - CPU: 0.0%, Memory: 60.2MB
2025-09-12 16:24:18,988 - attack_logger - DEBUG - [syn_flood] [Run ID: 8bf9fb6f-b062-4c2e-933a-4c9927992cae] Timing factors - Circadian: 0.90, Workday: 1.00, Adjusted rate: 25.4 pps
2025-09-12 16:24:20,013 - attack_logger - INFO - [syn_flood] [Run ID: 8bf9fb6f-b062-4c2e-933a-4c9927992cae] Attack progress: 5.3s elapsed, ~91 packets sent, Rate: 17.3 pps, Phase: active (intensity: 0.94)
2025-09-12 16:24:20,013 - attack_logger - DEBUG - [syn_flood] [Run ID: 8bf9fb6f-b062-4c2e-933a-4c9927992cae] Process stats - CPU: 0.0%, Memory: 60.2MB
2025-09-12 16:24:20,013 - attack_logger - DEBUG - [syn_flood] [Run ID: 8bf9fb6f-b062-4c2e-933a-4c9927992cae] Timing factors - Circadian: 0.90, Workday: 1.00, Adjusted rate: 17.3 pps
2025-09-12 16:24:21,046 - attack_logger - INFO - [syn_flood] [Run ID: 8bf9fb6f-b062-4c2e-933a-4c9927992cae] Attack progress: 6.3s elapsed, ~157 packets sent, Rate: 24.9 pps, Phase: active (intensity: 0.94)
2025-09-12 16:24:21,046 - attack_logger - DEBUG - [syn_flood] [Run ID: 8bf9fb6f-b062-4c2e-933a-4c9927992cae] Process stats - CPU: 0.0%, Memory: 60.2MB
2025-09-12 16:24:21,046 - attack_logger - DEBUG - [syn_flood] [Run ID: 8bf9fb6f-b062-4c2e-933a-4c9927992cae] Timing factors - Circadian: 0.90, Workday: 1.00, Adjusted rate: 25.0 pps
2025-09-12 16:24:22,127 - attack_logger - INFO - [syn_flood] [Run ID: 8bf9fb6f-b062-4c2e-933a-4c9927992cae] Attack progress: 7.4s elapsed, ~162 packets sent, Rate: 21.9 pps, Phase: active (intensity: 0.94)
2025-09-12 16:24:22,127 - attack_logger - DEBUG - [syn_flood] [Run ID: 8bf9fb6f-b062-4c2e-933a-4c9927992cae] Process stats - CPU: 0.0%, Memory: 60.2MB
2025-09-12 16:24:22,127 - attack_logger - DEBUG - [syn_flood] [Run ID: 8bf9fb6f-b062-4c2e-933a-4c9927992cae] Timing factors - Circadian: 0.90, Workday: 1.00, Adjusted rate: 21.9 pps
2025-09-12 16:24:22,820 - attack_logger - DEBUG - [syn_flood] [Run ID: 8bf9fb6f-b062-4c2e-933a-4c9927992cae] Sent SIGINT to SYN flood process 91723
2025-09-12 16:24:23,321 - attack_logger - INFO - [syn_flood] [Run ID: 8bf9fb6f-b062-4c2e-933a-4c9927992cae] Enhanced SYN Flood from h1 to 192.168.30.10 finished.
2025-09-12 16:24:23,321 - attack_logger - INFO - [syn_flood] [Run ID: 8bf9fb6f-b062-4c2e-933a-4c9927992cae] Attack completed. Total packets sent = 192, Average rate = 23.76 packets/sec.
2025-09-12 16:24:23,321 - attack_logger - INFO - [syn_flood] [Run ID: 8bf9fb6f-b062-4c2e-933a-4c9927992cae] --- Enhanced Attack Summary ---
2025-09-12 16:24:23,321 - attack_logger - INFO - [syn_flood] [Run ID: 8bf9fb6f-b062-4c2e-933a-4c9927992cae] Total packets sent: 192
2025-09-12 16:24:23,321 - attack_logger - INFO - [syn_flood] [Run ID: 8bf9fb6f-b062-4c2e-933a-4c9927992cae] Actual duration: 8.08s
2025-09-12 16:24:23,321 - attack_logger - INFO - [syn_flood] [Run ID: 8bf9fb6f-b062-4c2e-933a-4c9927992cae] Average rate: 23.76 packets/sec
2025-09-12 16:24:23,321 - attack_logger - INFO - [syn_flood] [Run ID: 8bf9fb6f-b062-4c2e-933a-4c9927992cae] Base rate: 26.5 pps
2025-09-12 16:24:23,321 - attack_logger - INFO - [syn_flood] [Run ID: 8bf9fb6f-b062-4c2e-933a-4c9927992cae] Circadian factor: 0.90
2025-09-12 16:24:23,321 - attack_logger - INFO - [syn_flood] [Run ID: 8bf9fb6f-b062-4c2e-933a-4c9927992cae] Workday factor: 1.00
2025-09-12 16:24:23,321 - attack_logger - INFO - [syn_flood] [Run ID: 8bf9fb6f-b062-4c2e-933a-4c9927992cae] Session phases: 1
2025-09-12 16:24:23,321 - attack_logger - INFO - [syn_flood] [Run ID: 8bf9fb6f-b062-4c2e-933a-4c9927992cae] Target port: 80
2025-09-12 16:24:23,321 - attack_logger - INFO - [syn_flood] [Run ID: 8bf9fb6f-b062-4c2e-933a-4c9927992cae] Attack method: Enhanced SYN Flood with Human-like Timing
2025-09-12 16:24:23,321 - attack_logger - INFO - [syn_flood] [Run ID: 8bf9fb6f-b062-4c2e-933a-4c9927992cae] Enhancement features: Human timing patterns, protocol compliance, network delay simulation
2025-09-12 16:24:23,321 - attack_logger - INFO - [syn_flood] [Run ID: 8bf9fb6f-b062-4c2e-933a-4c9927992cae] TCP options: MSS, WScale, Timestamp, SAckOK
2025-09-12 16:24:23,321 - attack_logger - INFO - [syn_flood] [Run ID: 8bf9fb6f-b062-4c2e-933a-4c9927992cae] ----------------------------------------
2025-09-12 16:24:23,395 - attack_logger - INFO - Attack: Enhanced SYN Flood completed.
2025-09-12 16:24:23,395 - attack_logger - INFO - Attack: Enhanced UDP Flood (22s) | h1 -> h6
2025-09-12 16:24:25,910 - attack_logger - INFO - [udp_flood] [Run ID: 14c8bbc3-110d-4de2-90c6-62b989ccd103] Starting Enhanced UDP Flood from h1 to 192.168.30.10 for 22 seconds.
2025-09-12 16:24:25,910 - attack_logger - INFO - [udp_flood] [Run ID: 14c8bbc3-110d-4de2-90c6-62b989ccd103] Attack Phase: Enhanced Traditional UDP Flood - Attacker: h1, Target: 192.168.30.10:53, Duration: 22s
2025-09-12 16:24:25,910 - attack_logger - INFO - [udp_flood] [Run ID: 14c8bbc3-110d-4de2-90c6-62b989ccd103] Enhanced Features: Human-like timing, protocol compliance, network delay simulation
2025-09-12 16:24:25,910 - attack_logger - INFO - [udp_flood] [Run ID: 14c8bbc3-110d-4de2-90c6-62b989ccd103] Stress phase: 6s, Advanced phase: 16s
2025-09-12 16:24:32,509 - attack_logger - INFO - [udp_flood] [Run ID: 14c8bbc3-110d-4de2-90c6-62b989ccd103] Stress phase completed
2025-09-12 16:24:32,509 - attack_logger - INFO - [udp_flood] [Run ID: 14c8bbc3-110d-4de2-90c6-62b989ccd103] Session pattern: 1 phases, Circadian factor: 0.90, Workday factor: 1.00
2025-09-12 16:24:32,509 - attack_logger - DEBUG - [udp_flood] [Run ID: 14c8bbc3-110d-4de2-90c6-62b989ccd103] Starting enhanced UDP packet generation with human-like timing
2025-09-12 16:24:32,521 - attack_logger - INFO - [udp_flood] [Run ID: 14c8bbc3-110d-4de2-90c6-62b989ccd103] Enhanced UDP flood process started (PID: 91732)
2025-09-12 16:24:35,545 - attack_logger - INFO - [udp_flood] [Run ID: 14c8bbc3-110d-4de2-90c6-62b989ccd103] Attack progress: 3.0s elapsed, ~60 packets sent, Rate: 19.8 pps, Phase: active (intensity: 0.76)
2025-09-12 16:24:35,545 - attack_logger - DEBUG - [udp_flood] [Run ID: 14c8bbc3-110d-4de2-90c6-62b989ccd103] Process stats - CPU: 0.0%, Memory: 60.3MB
2025-09-12 16:24:35,545 - attack_logger - DEBUG - [udp_flood] [Run ID: 14c8bbc3-110d-4de2-90c6-62b989ccd103] Timing factors - Circadian: 0.90, Workday: 1.00, Adjusted rate: 20.1 pps
2025-09-12 16:24:38,633 - attack_logger - INFO - [udp_flood] [Run ID: 14c8bbc3-110d-4de2-90c6-62b989ccd103] Attack progress: 6.1s elapsed, ~118 packets sent, Rate: 19.3 pps, Phase: active (intensity: 0.76)
2025-09-12 16:24:38,633 - attack_logger - DEBUG - [udp_flood] [Run ID: 14c8bbc3-110d-4de2-90c6-62b989ccd103] Process stats - CPU: 0.0%, Memory: 60.3MB
2025-09-12 16:24:38,633 - attack_logger - DEBUG - [udp_flood] [Run ID: 14c8bbc3-110d-4de2-90c6-62b989ccd103] Timing factors - Circadian: 0.90, Workday: 1.00, Adjusted rate: 19.4 pps
2025-09-12 16:24:41,653 - attack_logger - INFO - [udp_flood] [Run ID: 14c8bbc3-110d-4de2-90c6-62b989ccd103] Attack progress: 9.1s elapsed, ~152 packets sent, Rate: 16.6 pps, Phase: active (intensity: 0.76)
2025-09-12 16:24:41,654 - attack_logger - DEBUG - [udp_flood] [Run ID: 14c8bbc3-110d-4de2-90c6-62b989ccd103] Process stats - CPU: 0.0%, Memory: 60.3MB
2025-09-12 16:24:41,654 - attack_logger - DEBUG - [udp_flood] [Run ID: 14c8bbc3-110d-4de2-90c6-62b989ccd103] Timing factors - Circadian: 0.90, Workday: 1.00, Adjusted rate: 16.7 pps
2025-09-12 16:24:44,707 - attack_logger - INFO - [udp_flood] [Run ID: 14c8bbc3-110d-4de2-90c6-62b989ccd103] Attack progress: 12.2s elapsed, ~246 packets sent, Rate: 20.2 pps, Phase: active (intensity: 0.76)
2025-09-12 16:24:44,707 - attack_logger - DEBUG - [udp_flood] [Run ID: 14c8bbc3-110d-4de2-90c6-62b989ccd103] Process stats - CPU: 0.0%, Memory: 60.3MB
2025-09-12 16:24:44,707 - attack_logger - DEBUG - [udp_flood] [Run ID: 14c8bbc3-110d-4de2-90c6-62b989ccd103] Timing factors - Circadian: 0.90, Workday: 1.00, Adjusted rate: 20.2 pps
2025-09-12 16:24:47,775 - attack_logger - INFO - [udp_flood] [Run ID: 14c8bbc3-110d-4de2-90c6-62b989ccd103] Attack progress: 15.3s elapsed, ~232 packets sent, Rate: 15.2 pps, Phase: active (intensity: 0.76)
2025-09-12 16:24:47,775 - attack_logger - DEBUG - [udp_flood] [Run ID: 14c8bbc3-110d-4de2-90c6-62b989ccd103] Process stats - CPU: 0.0%, Memory: 60.3MB
2025-09-12 16:24:47,775 - attack_logger - DEBUG - [udp_flood] [Run ID: 14c8bbc3-110d-4de2-90c6-62b989ccd103] Timing factors - Circadian: 0.90, Workday: 1.00, Adjusted rate: 15.2 pps
2025-09-12 16:24:48,514 - attack_logger - DEBUG - [udp_flood] [Run ID: 14c8bbc3-110d-4de2-90c6-62b989ccd103] Sent SIGINT to UDP flood process 91732
2025-09-12 16:24:49,015 - attack_logger - INFO - [udp_flood] [Run ID: 14c8bbc3-110d-4de2-90c6-62b989ccd103] Enhanced UDP Flood from h1 to 192.168.30.10 finished.
2025-09-12 16:24:49,015 - attack_logger - INFO - [udp_flood] [Run ID: 14c8bbc3-110d-4de2-90c6-62b989ccd103] Attack completed. Total packets sent = 406, Average rate = 25.37 packets/sec.
2025-09-12 16:24:49,015 - attack_logger - INFO - [udp_flood] [Run ID: 14c8bbc3-110d-4de2-90c6-62b989ccd103] --- Enhanced Attack Summary ---
2025-09-12 16:24:49,015 - attack_logger - INFO - [udp_flood] [Run ID: 14c8bbc3-110d-4de2-90c6-62b989ccd103] Total packets sent: 406
2025-09-12 16:24:49,015 - attack_logger - INFO - [udp_flood] [Run ID: 14c8bbc3-110d-4de2-90c6-62b989ccd103] Actual duration: 16.00s
2025-09-12 16:24:49,015 - attack_logger - INFO - [udp_flood] [Run ID: 14c8bbc3-110d-4de2-90c6-62b989ccd103] Average rate: 25.37 packets/sec
2025-09-12 16:24:49,015 - attack_logger - INFO - [udp_flood] [Run ID: 14c8bbc3-110d-4de2-90c6-62b989ccd103] Base rate: 28.2 pps
2025-09-12 16:24:49,015 - attack_logger - INFO - [udp_flood] [Run ID: 14c8bbc3-110d-4de2-90c6-62b989ccd103] Circadian factor: 0.90
2025-09-12 16:24:49,015 - attack_logger - INFO - [udp_flood] [Run ID: 14c8bbc3-110d-4de2-90c6-62b989ccd103] Workday factor: 1.00
2025-09-12 16:24:49,015 - attack_logger - INFO - [udp_flood] [Run ID: 14c8bbc3-110d-4de2-90c6-62b989ccd103] Session phases: 1
2025-09-12 16:24:49,015 - attack_logger - INFO - [udp_flood] [Run ID: 14c8bbc3-110d-4de2-90c6-62b989ccd103] Target port: 53 (DNS)
2025-09-12 16:24:49,015 - attack_logger - INFO - [udp_flood] [Run ID: 14c8bbc3-110d-4de2-90c6-62b989ccd103] Attack method: Enhanced UDP Flood with Human-like Timing
2025-09-12 16:24:49,015 - attack_logger - INFO - [udp_flood] [Run ID: 14c8bbc3-110d-4de2-90c6-62b989ccd103] Enhancement features: Human timing patterns, protocol compliance, network delay simulation
2025-09-12 16:24:49,015 - attack_logger - INFO - [udp_flood] [Run ID: 14c8bbc3-110d-4de2-90c6-62b989ccd103] DNS payloads: Realistic query patterns with varied domains
2025-09-12 16:24:49,015 - attack_logger - INFO - [udp_flood] [Run ID: 14c8bbc3-110d-4de2-90c6-62b989ccd103] ----------------------------------------
2025-09-12 16:24:49,099 - attack_logger - INFO - Attack: Enhanced UDP Flood completed.
2025-09-12 16:24:49,099 - attack_logger - INFO - Attack: Enhanced ICMP Flood (11s) | h1 -> h4
2025-09-12 16:24:51,617 - attack_logger - INFO - [icmp_flood] [Run ID: da14f6d7-0380-4afb-9606-8c57bd898a63] Starting Enhanced ICMP Flood with RFC 1918 IP Rotation from h1 to 192.168.20.12 for 11 seconds.
2025-09-12 16:24:51,617 - attack_logger - INFO - [icmp_flood] [Run ID: da14f6d7-0380-4afb-9606-8c57bd898a63] Attack Phase: Enhanced Traditional ICMP Flood - Attacker: h1, Target: 192.168.20.12, Duration: 11s
2025-09-12 16:24:51,617 - attack_logger - INFO - [icmp_flood] [Run ID: da14f6d7-0380-4afb-9606-8c57bd898a63] Enhanced Features: RFC 1918 IP rotation, human-like timing, protocol compliance, network delay simulation
2025-09-12 16:24:51,617 - attack_logger - INFO - [icmp_flood] [Run ID: da14f6d7-0380-4afb-9606-8c57bd898a63] IP Pool Size: 50 source IPs from RFC 1918 ranges (10.0.0.0/8, 172.16.0.0/12, 192.168.0.0/16)
2025-09-12 16:24:51,617 - attack_logger - INFO - [icmp_flood] [Run ID: da14f6d7-0380-4afb-9606-8c57bd898a63] Stress phase total: 3s (host: 1s, gateway: 2s), Advanced phase: 8s
2025-09-12 16:24:53,194 - attack_logger - INFO - [icmp_flood] [Run ID: da14f6d7-0380-4afb-9606-8c57bd898a63] Host stress sub-phase completed
2025-09-12 16:24:55,768 - attack_logger - INFO - [icmp_flood] [Run ID: da14f6d7-0380-4afb-9606-8c57bd898a63] Gateway stress sub-phase completed
2025-09-12 16:24:55,768 - attack_logger - INFO - [icmp_flood] [Run ID: da14f6d7-0380-4afb-9606-8c57bd898a63] Session pattern: 1 phases, Circadian factor: 0.90, Workday factor: 1.00
2025-09-12 16:24:55,768 - attack_logger - DEBUG - [icmp_flood] [Run ID: da14f6d7-0380-4afb-9606-8c57bd898a63] Starting enhanced ICMP packet generation with IP rotation and human-like timing
2025-09-12 16:24:55,776 - attack_logger - INFO - [icmp_flood] [Run ID: da14f6d7-0380-4afb-9606-8c57bd898a63] Enhanced ICMP flood with IP rotation process started (PID: 91746)
2025-09-12 16:24:56,859 - attack_logger - INFO - [icmp_flood] [Run ID: da14f6d7-0380-4afb-9606-8c57bd898a63] Attack progress: 1.1s elapsed, ~19 packets sent, Rate: 17.4 pps, IP rotations: ~1, Phase: active (intensity: 0.83)
2025-09-12 16:24:56,860 - attack_logger - DEBUG - [icmp_flood] [Run ID: da14f6d7-0380-4afb-9606-8c57bd898a63] Process stats - CPU: 0.0%, Memory: 60.2MB
2025-09-12 16:24:56,860 - attack_logger - DEBUG - [icmp_flood] [Run ID: da14f6d7-0380-4afb-9606-8c57bd898a63] Timing factors - Circadian: 0.90, Workday: 1.00, Adjusted rate: 18.1 pps
2025-09-12 16:24:57,949 - attack_logger - INFO - [icmp_flood] [Run ID: da14f6d7-0380-4afb-9606-8c57bd898a63] Attack progress: 2.2s elapsed, ~37 packets sent, Rate: 17.0 pps, IP rotations: ~2, Phase: active (intensity: 0.83)
2025-09-12 16:24:57,950 - attack_logger - DEBUG - [icmp_flood] [Run ID: da14f6d7-0380-4afb-9606-8c57bd898a63] Process stats - CPU: 0.0%, Memory: 60.2MB
2025-09-12 16:24:57,950 - attack_logger - DEBUG - [icmp_flood] [Run ID: da14f6d7-0380-4afb-9606-8c57bd898a63] Timing factors - Circadian: 0.90, Workday: 1.00, Adjusted rate: 17.2 pps
2025-09-12 16:24:58,994 - attack_logger - INFO - [icmp_flood] [Run ID: da14f6d7-0380-4afb-9606-8c57bd898a63] Attack progress: 3.2s elapsed, ~51 packets sent, Rate: 15.8 pps, IP rotations: ~3, Phase: active (intensity: 0.83)
2025-09-12 16:24:58,995 - attack_logger - DEBUG - [icmp_flood] [Run ID: da14f6d7-0380-4afb-9606-8c57bd898a63] Process stats - CPU: 0.0%, Memory: 60.2MB
2025-09-12 16:24:58,995 - attack_logger - DEBUG - [icmp_flood] [Run ID: da14f6d7-0380-4afb-9606-8c57bd898a63] Timing factors - Circadian: 0.90, Workday: 1.00, Adjusted rate: 15.9 pps
2025-09-12 16:24:59,998 - attack_logger - INFO - [icmp_flood] [Run ID: da14f6d7-0380-4afb-9606-8c57bd898a63] Attack progress: 4.2s elapsed, ~85 packets sent, Rate: 20.1 pps, IP rotations: ~5, Phase: active (intensity: 0.83)
2025-09-12 16:24:59,998 - attack_logger - DEBUG - [icmp_flood] [Run ID: da14f6d7-0380-4afb-9606-8c57bd898a63] Process stats - CPU: 0.0%, Memory: 60.2MB
2025-09-12 16:24:59,998 - attack_logger - DEBUG - [icmp_flood] [Run ID: da14f6d7-0380-4afb-9606-8c57bd898a63] Timing factors - Circadian: 0.90, Workday: 1.00, Adjusted rate: 20.2 pps
2025-09-12 16:25:01,045 - attack_logger - INFO - [icmp_flood] [Run ID: da14f6d7-0380-4afb-9606-8c57bd898a63] Attack progress: 5.3s elapsed, ~114 packets sent, Rate: 21.6 pps, IP rotations: ~7, Phase: active (intensity: 0.83)
2025-09-12 16:25:01,045 - attack_logger - DEBUG - [icmp_flood] [Run ID: da14f6d7-0380-4afb-9606-8c57bd898a63] Process stats - CPU: 0.0%, Memory: 60.2MB
2025-09-12 16:25:01,045 - attack_logger - DEBUG - [icmp_flood] [Run ID: da14f6d7-0380-4afb-9606-8c57bd898a63] Timing factors - Circadian: 0.90, Workday: 1.00, Adjusted rate: 21.7 pps
2025-09-12 16:25:02,156 - attack_logger - INFO - [icmp_flood] [Run ID: da14f6d7-0380-4afb-9606-8c57bd898a63] Attack progress: 6.4s elapsed, ~126 packets sent, Rate: 19.7 pps, IP rotations: ~8, Phase: active (intensity: 0.83)
2025-09-12 16:25:02,156 - attack_logger - DEBUG - [icmp_flood] [Run ID: da14f6d7-0380-4afb-9606-8c57bd898a63] Process stats - CPU: 0.0%, Memory: 60.2MB
2025-09-12 16:25:02,156 - attack_logger - DEBUG - [icmp_flood] [Run ID: da14f6d7-0380-4afb-9606-8c57bd898a63] Timing factors - Circadian: 0.90, Workday: 1.00, Adjusted rate: 19.7 pps
2025-09-12 16:25:03,192 - attack_logger - INFO - [icmp_flood] [Run ID: da14f6d7-0380-4afb-9606-8c57bd898a63] Attack progress: 7.4s elapsed, ~157 packets sent, Rate: 21.1 pps, IP rotations: ~10, Phase: active (intensity: 0.83)
2025-09-12 16:25:03,193 - attack_logger - DEBUG - [icmp_flood] [Run ID: da14f6d7-0380-4afb-9606-8c57bd898a63] Process stats - CPU: 0.0%, Memory: 60.2MB
2025-09-12 16:25:03,193 - attack_logger - DEBUG - [icmp_flood] [Run ID: da14f6d7-0380-4afb-9606-8c57bd898a63] Timing factors - Circadian: 0.90, Workday: 1.00, Adjusted rate: 21.2 pps
2025-09-12 16:25:03,884 - attack_logger - DEBUG - [icmp_flood] [Run ID: da14f6d7-0380-4afb-9606-8c57bd898a63] Sent SIGINT to ICMP flood process 91746
2025-09-12 16:25:04,386 - attack_logger - INFO - [icmp_flood] [Run ID: da14f6d7-0380-4afb-9606-8c57bd898a63] Enhanced ICMP Flood with RFC 1918 IP Rotation from h1 to 192.168.20.12 finished.
2025-09-12 16:25:04,386 - attack_logger - INFO - [icmp_flood] [Run ID: da14f6d7-0380-4afb-9606-8c57bd898a63] Attack completed. Total packets sent = 149, Average rate = 18.36 packets/sec.
2025-09-12 16:25:04,386 - attack_logger - INFO - [icmp_flood] [Run ID: da14f6d7-0380-4afb-9606-8c57bd898a63] --- Enhanced Attack Summary ---
2025-09-12 16:25:04,386 - attack_logger - INFO - [icmp_flood] [Run ID: da14f6d7-0380-4afb-9606-8c57bd898a63] Total packets sent: 149
2025-09-12 16:25:04,386 - attack_logger - INFO - [icmp_flood] [Run ID: da14f6d7-0380-4afb-9606-8c57bd898a63] Total IP rotations: ~9
2025-09-12 16:25:04,386 - attack_logger - INFO - [icmp_flood] [Run ID: da14f6d7-0380-4afb-9606-8c57bd898a63] RFC 1918 IP pool size: 50
2025-09-12 16:25:04,386 - attack_logger - INFO - [icmp_flood] [Run ID: da14f6d7-0380-4afb-9606-8c57bd898a63] IP ranges used: 10.0.0.0/8, 172.16.0.0/12, 192.168.0.0/16
2025-09-12 16:25:04,386 - attack_logger - INFO - [icmp_flood] [Run ID: da14f6d7-0380-4afb-9606-8c57bd898a63] Actual duration: 8.12s
2025-09-12 16:25:04,386 - attack_logger - INFO - [icmp_flood] [Run ID: da14f6d7-0380-4afb-9606-8c57bd898a63] Average rate: 18.36 packets/sec
2025-09-12 16:25:04,386 - attack_logger - INFO - [icmp_flood] [Run ID: da14f6d7-0380-4afb-9606-8c57bd898a63] Base rate: 20.5 pps
2025-09-12 16:25:04,386 - attack_logger - INFO - [icmp_flood] [Run ID: da14f6d7-0380-4afb-9606-8c57bd898a63] Circadian factor: 0.90
2025-09-12 16:25:04,386 - attack_logger - INFO - [icmp_flood] [Run ID: da14f6d7-0380-4afb-9606-8c57bd898a63] Workday factor: 1.00
2025-09-12 16:25:04,386 - attack_logger - INFO - [icmp_flood] [Run ID: da14f6d7-0380-4afb-9606-8c57bd898a63] Session phases: 1
2025-09-12 16:25:04,386 - attack_logger - INFO - [icmp_flood] [Run ID: da14f6d7-0380-4afb-9606-8c57bd898a63] ICMP type: Echo Request (8) with ID/Seq variations
2025-09-12 16:25:04,386 - attack_logger - INFO - [icmp_flood] [Run ID: da14f6d7-0380-4afb-9606-8c57bd898a63] Attack method: Enhanced ICMP Flood with RFC 1918 IP Rotation
2025-09-12 16:25:04,386 - attack_logger - INFO - [icmp_flood] [Run ID: da14f6d7-0380-4afb-9606-8c57bd898a63] Enhancement features: RFC 1918 IP rotation, human timing patterns, protocol compliance, network delay simulation
2025-09-12 16:25:04,386 - attack_logger - INFO - [icmp_flood] [Run ID: da14f6d7-0380-4afb-9606-8c57bd898a63] ----------------------------------------
2025-09-12 16:25:04,463 - attack_logger - INFO - Attack: Enhanced ICMP Flood completed.
2025-09-12 16:25:04,975 - attack_logger - INFO - Attack: ENHANCED Adversarial TCP State Exhaustion (8s) | h1 -> h6
2025-09-12 16:25:16,195 - attack_logger - INFO - Attack: ENHANCED Adversarial Application Layer (3s) | h1 -> h6
2025-09-12 16:25:22,511 - attack_logger - INFO - Attack: ENHANCED Adversarial Slow Read (9s) | h1 -> h6
2025-09-12 16:25:34,774 - attack_logger - INFO - Attack: ENHANCED Adversarial Slow Read completed.
