2025-09-12 16:20:44 - [BENIGN] - INFO - Starting benign traffic for 200 seconds...
2025-09-12 16:20:44 - [BENIGN] - INFO - Protocol separation: h2↔h5 (ICMP), h3↔h5 (TCP/UDP)
2025-09-12 16:20:44 - [BENIGN] - DEBUG - Generated ICMP traffic h2↔h5 0 [len=84B]
2025-09-12 16:20:45 - [BENIGN] - DEBUG - Generated TCP SYN from h3:7581 -> h5:12345 [len=54B]
2025-09-12 16:20:46 - [BENIGN] - DEBUG - Generated TCP SYN-ACK from h5:12345 <- h3:7581 [len=54B]
2025-09-12 16:20:46 - [BENIGN] - DEBUG - Generated TCP ACK from h3:7581 -> h5:12345 [len=54B]
2025-09-12 16:20:47 - [BENIGN] - DEBUG - Generated TCP data traffic from h3:7581 -> h5:12345 [content='TCP data'] [Session 1] [len=1228B]
2025-09-12 16:20:48 - [BENIGN] - DEBUG - Generated TCP ACK reply from h5:12345 <- h3:7581 [len=54B]
2025-09-12 16:20:48 - [BENIGN] - DEBUG - Generated UDP traffic from h3:27887 -> h5:12346 [content='80fb85d23e9d0b21416c66476da28b5ca03f6bfc...'] [Session 2] [len=1026B]
2025-09-12 16:20:49 - [BENIGN] - DEBUG - Generated Telnet SYN from h3:9348 -> h5:23 [len=54B]
2025-09-12 16:20:50 - [BENIGN] - DEBUG - Generated Telnet SYN-ACK from h5:23 <- h3:9348 [len=54B]
2025-09-12 16:20:50 - [BENIGN] - DEBUG - Generated Telnet ACK from h3:9348 -> h5:23 [len=54B]
2025-09-12 16:20:51 - [BENIGN] - DEBUG - Generated Telnet data traffic from h3:9348 -> h5:23 [content='Telnet command'] [Session 3] [len=201B]
2025-09-12 16:20:51 - [BENIGN] - DEBUG - Generated Telnet ACK reply from h5:23 <- h3:9348 [len=54B]
2025-09-12 16:20:52 - [BENIGN] - DEBUG - Generated SSH SYN from h3:53262 -> h5:22 [len=54B]
2025-09-12 16:20:53 - [BENIGN] - DEBUG - Generated SSH SYN-ACK from h5:22 <- h3:53262 [len=54B]
2025-09-12 16:20:53 - [BENIGN] - DEBUG - Generated SSH ACK from h3:53262 -> h5:22 [len=54B]
2025-09-12 16:20:54 - [BENIGN] - DEBUG - Generated SSH data traffic from h3:53262 -> h5:22 [content='SSH encrypted data'] [Session 4] [len=738B]
2025-09-12 16:20:55 - [BENIGN] - DEBUG - Generated SSH ACK reply from h5:22 <- h3:53262 [len=54B]
2025-09-12 16:20:55 - [BENIGN] - DEBUG - Generated FTP SYN from h3:53650 -> h5:21 [len=54B]
2025-09-12 16:20:56 - [BENIGN] - DEBUG - Generated FTP SYN-ACK from h5:21 <- h3:53650 [len=54B]
2025-09-12 16:20:57 - [BENIGN] - DEBUG - Generated FTP ACK from h3:53650 -> h5:21 [len=54B]
2025-09-12 16:20:57 - [BENIGN] - DEBUG - Generated FTP data traffic from h3:53650 -> h5:21 [content='FTP file transfer'] [Session 5] [len=1111B]
2025-09-12 16:20:58 - [BENIGN] - DEBUG - Generated FTP ACK reply from h5:21 <- h3:53650 [len=54B]
2025-09-12 16:20:59 - [BENIGN] - DEBUG - Generated HTTP SYN from h3:30049 -> h5:80 [len=54B]
2025-09-12 16:20:59 - [BENIGN] - DEBUG - Generated HTTP SYN-ACK from h5:80 <- h3:30049 [len=54B]
2025-09-12 16:21:00 - [BENIGN] - DEBUG - Generated HTTP ACK from h3:30049 -> h5:80 [len=54B]
2025-09-12 16:21:01 - [BENIGN] - DEBUG - Generated HTTP data traffic from h3:30049 -> h5:80 [content='GET /index.html HTTP/1.1'] [Session 6] [len=592B]
2025-09-12 16:21:01 - [BENIGN] - DEBUG - Generated HTTP ACK reply from h5:80 <- h3:30049 [len=54B]
2025-09-12 16:21:02 - [BENIGN] - DEBUG - Generated HTTPS SYN from h3:64700 -> h5:443 [len=54B]
2025-09-12 16:21:02 - [BENIGN] - DEBUG - Generated HTTPS SYN-ACK from h5:443 <- h3:64700 [len=54B]
2025-09-12 16:21:03 - [BENIGN] - DEBUG - Generated HTTPS ACK from h3:64700 -> h5:443 [len=54B]
2025-09-12 16:21:04 - [BENIGN] - DEBUG - Generated HTTPS data traffic from h3:64700 -> h5:443 [content='Encrypted Application Data'] [Session 7] [len=317B]
2025-09-12 16:21:04 - [BENIGN] - DEBUG - Generated HTTPS ACK reply from h5:443 <- h3:64700 [len=54B]
2025-09-12 16:21:05 - [BENIGN] - DEBUG - Generated DNS query from h3:50903 -> h5:53 [qname='example.com'] [Session 8] [len=71B]
2025-09-12 16:21:05 - [BENIGN] - DEBUG - Generated ICMP traffic h2↔h5 1 [len=84B]
2025-09-12 16:21:06 - [BENIGN] - DEBUG - Generated TCP SYN from h3:35387 -> h5:12345 [len=54B]
2025-09-12 16:21:06 - [BENIGN] - DEBUG - Generated TCP SYN-ACK from h5:12345 <- h3:35387 [len=54B]
2025-09-12 16:21:07 - [BENIGN] - DEBUG - Generated TCP ACK from h3:35387 -> h5:12345 [len=54B]
2025-09-12 16:21:07 - [BENIGN] - DEBUG - Generated TCP data traffic from h3:35387 -> h5:12345 [content='TCP data'] [Session 9] [len=1359B]
2025-09-12 16:21:08 - [BENIGN] - DEBUG - Generated TCP ACK reply from h5:12345 <- h3:35387 [len=54B]
2025-09-12 16:21:09 - [BENIGN] - DEBUG - Generated UDP traffic from h3:31371 -> h5:12346 [content='103ba87caff6d87e8ce03ac011a633f064fc35b7...'] [Session 10] [len=443B]
2025-09-12 16:21:09 - [BENIGN] - DEBUG - Generated Telnet SYN from h3:4932 -> h5:23 [len=54B]
2025-09-12 16:21:10 - [BENIGN] - DEBUG - Generated Telnet SYN-ACK from h5:23 <- h3:4932 [len=54B]
2025-09-12 16:21:11 - [BENIGN] - DEBUG - Generated Telnet ACK from h3:4932 -> h5:23 [len=54B]
2025-09-12 16:21:11 - [BENIGN] - DEBUG - Generated Telnet data traffic from h3:4932 -> h5:23 [content='Telnet command'] [Session 11] [len=328B]
2025-09-12 16:21:12 - [BENIGN] - DEBUG - Generated Telnet ACK reply from h5:23 <- h3:4932 [len=54B]
2025-09-12 16:21:13 - [BENIGN] - DEBUG - Generated SSH SYN from h3:31607 -> h5:22 [len=54B]
2025-09-12 16:21:13 - [BENIGN] - DEBUG - Generated SSH SYN-ACK from h5:22 <- h3:31607 [len=54B]
2025-09-12 16:21:14 - [BENIGN] - DEBUG - Generated SSH ACK from h3:31607 -> h5:22 [len=54B]
2025-09-12 16:21:15 - [BENIGN] - DEBUG - Generated SSH data traffic from h3:31607 -> h5:22 [content='SSH encrypted data'] [Session 12] [len=235B]
2025-09-12 16:21:15 - [BENIGN] - DEBUG - Generated SSH ACK reply from h5:22 <- h3:31607 [len=54B]
2025-09-12 16:21:16 - [BENIGN] - DEBUG - Generated FTP SYN from h3:10823 -> h5:21 [len=54B]
2025-09-12 16:21:17 - [BENIGN] - DEBUG - Generated FTP SYN-ACK from h5:21 <- h3:10823 [len=54B]
2025-09-12 16:21:17 - [BENIGN] - DEBUG - Generated FTP ACK from h3:10823 -> h5:21 [len=54B]
2025-09-12 16:21:18 - [BENIGN] - DEBUG - Generated FTP data traffic from h3:10823 -> h5:21 [content='FTP file transfer'] [Session 13] [len=773B]
2025-09-12 16:21:18 - [BENIGN] - DEBUG - Generated FTP ACK reply from h5:21 <- h3:10823 [len=54B]
2025-09-12 16:21:19 - [BENIGN] - DEBUG - Generated HTTP SYN from h3:45114 -> h5:80 [len=54B]
2025-09-12 16:21:20 - [BENIGN] - DEBUG - Generated HTTP SYN-ACK from h5:80 <- h3:45114 [len=54B]
2025-09-12 16:21:20 - [BENIGN] - DEBUG - Generated HTTP ACK from h3:45114 -> h5:80 [len=54B]
2025-09-12 16:21:21 - [BENIGN] - DEBUG - Generated HTTP data traffic from h3:45114 -> h5:80 [content='GET /index.html HTTP/1.1'] [Session 14] [len=512B]
2025-09-12 16:21:22 - [BENIGN] - DEBUG - Generated HTTP ACK reply from h5:80 <- h3:45114 [len=54B]
2025-09-12 16:21:22 - [BENIGN] - DEBUG - Generated HTTPS SYN from h3:12515 -> h5:443 [len=54B]
2025-09-12 16:21:23 - [BENIGN] - DEBUG - Generated HTTPS SYN-ACK from h5:443 <- h3:12515 [len=54B]
2025-09-12 16:21:23 - [BENIGN] - DEBUG - Generated HTTPS ACK from h3:12515 -> h5:443 [len=54B]
2025-09-12 16:21:24 - [BENIGN] - DEBUG - Generated HTTPS data traffic from h3:12515 -> h5:443 [content='Encrypted Application Data'] [Session 15] [len=661B]
2025-09-12 16:21:25 - [BENIGN] - DEBUG - Generated HTTPS ACK reply from h5:443 <- h3:12515 [len=54B]
2025-09-12 16:21:25 - [BENIGN] - DEBUG - Generated DNS query from h3:15078 -> h5:53 [qname='example.com'] [Session 16] [len=71B]
2025-09-12 16:21:26 - [BENIGN] - DEBUG - Generated ICMP traffic h2↔h5 2 [len=84B]
2025-09-12 16:21:26 - [BENIGN] - DEBUG - Generated TCP SYN from h3:11603 -> h5:12345 [len=54B]
2025-09-12 16:21:27 - [BENIGN] - DEBUG - Generated TCP SYN-ACK from h5:12345 <- h3:11603 [len=54B]
2025-09-12 16:21:27 - [BENIGN] - DEBUG - Generated TCP ACK from h3:11603 -> h5:12345 [len=54B]
2025-09-12 16:21:28 - [BENIGN] - DEBUG - Generated TCP data traffic from h3:11603 -> h5:12345 [content='TCP data'] [Session 17] [len=1324B]
2025-09-12 16:21:29 - [BENIGN] - DEBUG - Generated TCP ACK reply from h5:12345 <- h3:11603 [len=54B]
2025-09-12 16:21:29 - [BENIGN] - DEBUG - Generated UDP traffic from h3:38499 -> h5:12346 [content='1a66d66560f4d7a22aee7daa055d97baa1ffae93...'] [Session 18] [len=1427B]
2025-09-12 16:21:30 - [BENIGN] - DEBUG - Generated Telnet SYN from h3:31471 -> h5:23 [len=54B]
2025-09-12 16:21:31 - [BENIGN] - DEBUG - Generated Telnet SYN-ACK from h5:23 <- h3:31471 [len=54B]
2025-09-12 16:21:31 - [BENIGN] - DEBUG - Generated Telnet ACK from h3:31471 -> h5:23 [len=54B]
2025-09-12 16:21:32 - [BENIGN] - DEBUG - Generated Telnet data traffic from h3:31471 -> h5:23 [content='Telnet command'] [Session 19] [len=222B]
2025-09-12 16:21:32 - [BENIGN] - DEBUG - Generated Telnet ACK reply from h5:23 <- h3:31471 [len=54B]
2025-09-12 16:21:33 - [BENIGN] - DEBUG - Generated SSH SYN from h3:3796 -> h5:22 [len=54B]
2025-09-12 16:21:34 - [BENIGN] - DEBUG - Generated SSH SYN-ACK from h5:22 <- h3:3796 [len=54B]
2025-09-12 16:21:34 - [BENIGN] - DEBUG - Generated SSH ACK from h3:3796 -> h5:22 [len=54B]
2025-09-12 16:21:35 - [BENIGN] - DEBUG - Generated SSH data traffic from h3:3796 -> h5:22 [content='SSH encrypted data'] [Session 20] [len=773B]
2025-09-12 16:21:36 - [BENIGN] - DEBUG - Generated SSH ACK reply from h5:22 <- h3:3796 [len=54B]
2025-09-12 16:21:36 - [BENIGN] - DEBUG - Generated FTP SYN from h3:35261 -> h5:21 [len=54B]
2025-09-12 16:21:37 - [BENIGN] - DEBUG - Generated FTP SYN-ACK from h5:21 <- h3:35261 [len=54B]
2025-09-12 16:21:38 - [BENIGN] - DEBUG - Generated FTP ACK from h3:35261 -> h5:21 [len=54B]
2025-09-12 16:21:38 - [BENIGN] - DEBUG - Generated FTP data traffic from h3:35261 -> h5:21 [content='FTP file transfer'] [Session 21] [len=320B]
2025-09-12 16:21:39 - [BENIGN] - DEBUG - Generated FTP ACK reply from h5:21 <- h3:35261 [len=54B]
2025-09-12 16:21:39 - [BENIGN] - DEBUG - Generated HTTP SYN from h3:24221 -> h5:80 [len=54B]
2025-09-12 16:21:40 - [BENIGN] - DEBUG - Generated HTTP SYN-ACK from h5:80 <- h3:24221 [len=54B]
2025-09-12 16:21:41 - [BENIGN] - DEBUG - Generated HTTP ACK from h3:24221 -> h5:80 [len=54B]
2025-09-12 16:21:41 - [BENIGN] - DEBUG - Generated HTTP data traffic from h3:24221 -> h5:80 [content='GET /index.html HTTP/1.1'] [Session 22] [len=405B]
2025-09-12 16:21:42 - [BENIGN] - DEBUG - Generated HTTP ACK reply from h5:80 <- h3:24221 [len=54B]
2025-09-12 16:21:43 - [BENIGN] - DEBUG - Generated HTTPS SYN from h3:17617 -> h5:443 [len=54B]
2025-09-12 16:21:43 - [BENIGN] - DEBUG - Generated HTTPS SYN-ACK from h5:443 <- h3:17617 [len=54B]
2025-09-12 16:21:44 - [BENIGN] - DEBUG - Generated HTTPS ACK from h3:17617 -> h5:443 [len=54B]
2025-09-12 16:21:45 - [BENIGN] - DEBUG - Generated HTTPS data traffic from h3:17617 -> h5:443 [content='Encrypted Application Data'] [Session 23] [len=730B]
2025-09-12 16:21:45 - [BENIGN] - DEBUG - Generated HTTPS ACK reply from h5:443 <- h3:17617 [len=54B]
2025-09-12 16:21:46 - [BENIGN] - DEBUG - Generated DNS query from h3:39092 -> h5:53 [qname='example.com'] [Session 24] [len=71B]
2025-09-12 16:21:46 - [BENIGN] - DEBUG - Generated ICMP traffic h2↔h5 3 [len=84B]
2025-09-12 16:21:47 - [BENIGN] - DEBUG - Generated TCP SYN from h3:13772 -> h5:12345 [len=54B]
2025-09-12 16:21:47 - [BENIGN] - DEBUG - Generated TCP SYN-ACK from h5:12345 <- h3:13772 [len=54B]
2025-09-12 16:21:48 - [BENIGN] - DEBUG - Generated TCP ACK from h3:13772 -> h5:12345 [len=54B]
2025-09-12 16:21:48 - [BENIGN] - DEBUG - Generated TCP data traffic from h3:13772 -> h5:12345 [content='TCP data'] [Session 25] [len=122B]
2025-09-12 16:21:49 - [BENIGN] - DEBUG - Generated TCP ACK reply from h5:12345 <- h3:13772 [len=54B]
2025-09-12 16:21:50 - [BENIGN] - DEBUG - Generated UDP traffic from h3:48764 -> h5:12346 [content='41896daf2015a5f72ed53197a5359fef57bc5bd0...'] [Session 26] [len=541B]
2025-09-12 16:21:50 - [BENIGN] - DEBUG - Generated Telnet SYN from h3:28234 -> h5:23 [len=54B]
2025-09-12 16:21:51 - [BENIGN] - DEBUG - Generated Telnet SYN-ACK from h5:23 <- h3:28234 [len=54B]
2025-09-12 16:21:52 - [BENIGN] - DEBUG - Generated Telnet ACK from h3:28234 -> h5:23 [len=54B]
2025-09-12 16:21:52 - [BENIGN] - DEBUG - Generated Telnet data traffic from h3:28234 -> h5:23 [content='Telnet command'] [Session 27] [len=478B]
2025-09-12 16:21:53 - [BENIGN] - DEBUG - Generated Telnet ACK reply from h5:23 <- h3:28234 [len=54B]
2025-09-12 16:21:54 - [BENIGN] - DEBUG - Generated SSH SYN from h3:32465 -> h5:22 [len=54B]
2025-09-12 16:21:54 - [BENIGN] - DEBUG - Generated SSH SYN-ACK from h5:22 <- h3:32465 [len=54B]
2025-09-12 16:21:55 - [BENIGN] - DEBUG - Generated SSH ACK from h3:32465 -> h5:22 [len=54B]
2025-09-12 16:21:55 - [BENIGN] - DEBUG - Generated SSH data traffic from h3:32465 -> h5:22 [content='SSH encrypted data'] [Session 28] [len=801B]
2025-09-12 16:21:56 - [BENIGN] - DEBUG - Generated SSH ACK reply from h5:22 <- h3:32465 [len=54B]
2025-09-12 16:21:57 - [BENIGN] - DEBUG - Generated FTP SYN from h3:9779 -> h5:21 [len=54B]
2025-09-12 16:21:57 - [BENIGN] - DEBUG - Generated FTP SYN-ACK from h5:21 <- h3:9779 [len=54B]
2025-09-12 16:21:58 - [BENIGN] - DEBUG - Generated FTP ACK from h3:9779 -> h5:21 [len=54B]
2025-09-12 16:21:59 - [BENIGN] - DEBUG - Generated FTP data traffic from h3:9779 -> h5:21 [content='FTP file transfer'] [Session 29] [len=750B]
2025-09-12 16:21:59 - [BENIGN] - DEBUG - Generated FTP ACK reply from h5:21 <- h3:9779 [len=54B]
2025-09-12 16:22:00 - [BENIGN] - DEBUG - Generated HTTP SYN from h3:52903 -> h5:80 [len=54B]
2025-09-12 16:22:01 - [BENIGN] - DEBUG - Generated HTTP SYN-ACK from h5:80 <- h3:52903 [len=54B]
2025-09-12 16:22:01 - [BENIGN] - DEBUG - Generated HTTP ACK from h3:52903 -> h5:80 [len=54B]
2025-09-12 16:22:02 - [BENIGN] - DEBUG - Generated HTTP data traffic from h3:52903 -> h5:80 [content='GET /index.html HTTP/1.1'] [Session 30] [len=646B]
2025-09-12 16:22:03 - [BENIGN] - DEBUG - Generated HTTP ACK reply from h5:80 <- h3:52903 [len=54B]
2025-09-12 16:22:03 - [BENIGN] - DEBUG - Generated HTTPS SYN from h3:35836 -> h5:443 [len=54B]
2025-09-12 16:22:04 - [BENIGN] - DEBUG - Generated HTTPS SYN-ACK from h5:443 <- h3:35836 [len=54B]
2025-09-12 16:22:04 - [BENIGN] - DEBUG - Generated HTTPS ACK from h3:35836 -> h5:443 [len=54B]
2025-09-12 16:22:05 - [BENIGN] - DEBUG - Generated HTTPS data traffic from h3:35836 -> h5:443 [content='Encrypted Application Data'] [Session 31] [len=837B]
2025-09-12 16:22:06 - [BENIGN] - DEBUG - Generated HTTPS ACK reply from h5:443 <- h3:35836 [len=54B]
2025-09-12 16:22:06 - [BENIGN] - DEBUG - Generated DNS query from h3:51965 -> h5:53 [qname='example.com'] [Session 32] [len=71B]
2025-09-12 16:22:06 - [BENIGN] - DEBUG - Generated ICMP traffic h2↔h5 4 [len=84B]
2025-09-12 16:22:07 - [BENIGN] - DEBUG - Generated TCP SYN from h3:51034 -> h5:12345 [len=54B]
2025-09-12 16:22:08 - [BENIGN] - DEBUG - Generated TCP SYN-ACK from h5:12345 <- h3:51034 [len=54B]
2025-09-12 16:22:08 - [BENIGN] - DEBUG - Generated TCP ACK from h3:51034 -> h5:12345 [len=54B]
2025-09-12 16:22:09 - [BENIGN] - DEBUG - Generated TCP data traffic from h3:51034 -> h5:12345 [content='TCP data'] [Session 33] [len=1448B]
2025-09-12 16:22:10 - [BENIGN] - DEBUG - Generated TCP ACK reply from h5:12345 <- h3:51034 [len=54B]
2025-09-12 16:22:10 - [BENIGN] - DEBUG - Generated UDP traffic from h3:45112 -> h5:12346 [content='1c8e3d892e221b06e64979eadf94c90e9ec6b9be...'] [Session 34] [len=1093B]
2025-09-12 16:22:11 - [BENIGN] - DEBUG - Generated Telnet SYN from h3:12798 -> h5:23 [len=54B]
2025-09-12 16:22:11 - [BENIGN] - DEBUG - Generated Telnet SYN-ACK from h5:23 <- h3:12798 [len=54B]
2025-09-12 16:22:12 - [BENIGN] - DEBUG - Generated Telnet ACK from h3:12798 -> h5:23 [len=54B]
2025-09-12 16:22:13 - [BENIGN] - DEBUG - Generated Telnet data traffic from h3:12798 -> h5:23 [content='Telnet command'] [Session 35] [len=608B]
2025-09-12 16:22:13 - [BENIGN] - DEBUG - Generated Telnet ACK reply from h5:23 <- h3:12798 [len=54B]
2025-09-12 16:22:14 - [BENIGN] - DEBUG - Generated SSH SYN from h3:63470 -> h5:22 [len=54B]
2025-09-12 16:22:15 - [BENIGN] - DEBUG - Generated SSH SYN-ACK from h5:22 <- h3:63470 [len=54B]
2025-09-12 16:22:15 - [BENIGN] - DEBUG - Generated SSH ACK from h3:63470 -> h5:22 [len=54B]
2025-09-12 16:22:16 - [BENIGN] - DEBUG - Generated SSH data traffic from h3:63470 -> h5:22 [content='SSH encrypted data'] [Session 36] [len=1367B]
2025-09-12 16:22:16 - [BENIGN] - DEBUG - Generated SSH ACK reply from h5:22 <- h3:63470 [len=54B]
2025-09-12 16:22:17 - [BENIGN] - DEBUG - Generated FTP SYN from h3:48237 -> h5:21 [len=54B]
2025-09-12 16:22:18 - [BENIGN] - DEBUG - Generated FTP SYN-ACK from h5:21 <- h3:48237 [len=54B]
2025-09-12 16:22:18 - [BENIGN] - DEBUG - Generated FTP ACK from h3:48237 -> h5:21 [len=54B]
2025-09-12 16:22:19 - [BENIGN] - DEBUG - Generated FTP data traffic from h3:48237 -> h5:21 [content='FTP file transfer'] [Session 37] [len=762B]
2025-09-12 16:22:20 - [BENIGN] - DEBUG - Generated FTP ACK reply from h5:21 <- h3:48237 [len=54B]
2025-09-12 16:22:20 - [BENIGN] - DEBUG - Generated HTTP SYN from h3:16555 -> h5:80 [len=54B]
2025-09-12 16:22:21 - [BENIGN] - DEBUG - Generated HTTP SYN-ACK from h5:80 <- h3:16555 [len=54B]
2025-09-12 16:22:22 - [BENIGN] - DEBUG - Generated HTTP ACK from h3:16555 -> h5:80 [len=54B]
2025-09-12 16:22:22 - [BENIGN] - DEBUG - Generated HTTP data traffic from h3:16555 -> h5:80 [content='GET /index.html HTTP/1.1'] [Session 38] [len=256B]
2025-09-12 16:22:23 - [BENIGN] - DEBUG - Generated HTTP ACK reply from h5:80 <- h3:16555 [len=54B]
2025-09-12 16:22:23 - [BENIGN] - DEBUG - Generated HTTPS SYN from h3:35355 -> h5:443 [len=54B]
2025-09-12 16:22:24 - [BENIGN] - DEBUG - Generated HTTPS SYN-ACK from h5:443 <- h3:35355 [len=54B]
2025-09-12 16:22:25 - [BENIGN] - DEBUG - Generated HTTPS ACK from h3:35355 -> h5:443 [len=54B]
2025-09-12 16:22:25 - [BENIGN] - DEBUG - Generated HTTPS data traffic from h3:35355 -> h5:443 [content='Encrypted Application Data'] [Session 39] [len=480B]
2025-09-12 16:22:26 - [BENIGN] - DEBUG - Generated HTTPS ACK reply from h5:443 <- h3:35355 [len=54B]
2025-09-12 16:22:27 - [BENIGN] - DEBUG - Generated DNS query from h3:18163 -> h5:53 [qname='example.com'] [Session 40] [len=71B]
2025-09-12 16:22:27 - [BENIGN] - DEBUG - Generated ICMP traffic h2↔h5 5 [len=84B]
2025-09-12 16:22:27 - [BENIGN] - DEBUG - Generated TCP SYN from h3:16620 -> h5:12345 [len=54B]
2025-09-12 16:22:28 - [BENIGN] - DEBUG - Generated TCP SYN-ACK from h5:12345 <- h3:16620 [len=54B]
2025-09-12 16:22:29 - [BENIGN] - DEBUG - Generated TCP ACK from h3:16620 -> h5:12345 [len=54B]
2025-09-12 16:22:29 - [BENIGN] - DEBUG - Generated TCP data traffic from h3:16620 -> h5:12345 [content='TCP data'] [Session 41] [len=400B]
2025-09-12 16:22:30 - [BENIGN] - DEBUG - Generated TCP ACK reply from h5:12345 <- h3:16620 [len=54B]
2025-09-12 16:22:30 - [BENIGN] - DEBUG - Generated UDP traffic from h3:31755 -> h5:12346 [content='a82561ec2b6ac1cc378b6e30b428c18d8e798888...'] [Session 42] [len=150B]
2025-09-12 16:22:31 - [BENIGN] - DEBUG - Generated Telnet SYN from h3:36129 -> h5:23 [len=54B]
2025-09-12 16:22:32 - [BENIGN] - DEBUG - Generated Telnet SYN-ACK from h5:23 <- h3:36129 [len=54B]
2025-09-12 16:22:32 - [BENIGN] - DEBUG - Generated Telnet ACK from h3:36129 -> h5:23 [len=54B]
2025-09-12 16:22:33 - [BENIGN] - DEBUG - Generated Telnet data traffic from h3:36129 -> h5:23 [content='Telnet command'] [Session 43] [len=306B]
2025-09-12 16:22:34 - [BENIGN] - DEBUG - Generated Telnet ACK reply from h5:23 <- h3:36129 [len=54B]
2025-09-12 16:22:34 - [BENIGN] - DEBUG - Generated SSH SYN from h3:12695 -> h5:22 [len=54B]
2025-09-12 16:22:35 - [BENIGN] - DEBUG - Generated SSH SYN-ACK from h5:22 <- h3:12695 [len=54B]
2025-09-12 16:22:35 - [BENIGN] - DEBUG - Generated SSH ACK from h3:12695 -> h5:22 [len=54B]
2025-09-12 16:22:36 - [BENIGN] - DEBUG - Generated SSH data traffic from h3:12695 -> h5:22 [content='SSH encrypted data'] [Session 44] [len=144B]
2025-09-12 16:22:37 - [BENIGN] - DEBUG - Generated SSH ACK reply from h5:22 <- h3:12695 [len=54B]
2025-09-12 16:22:37 - [BENIGN] - DEBUG - Generated FTP SYN from h3:61167 -> h5:21 [len=54B]
2025-09-12 16:22:38 - [BENIGN] - DEBUG - Generated FTP SYN-ACK from h5:21 <- h3:61167 [len=54B]
2025-09-12 16:22:39 - [BENIGN] - DEBUG - Generated FTP ACK from h3:61167 -> h5:21 [len=54B]
2025-09-12 16:22:39 - [BENIGN] - DEBUG - Generated FTP data traffic from h3:61167 -> h5:21 [content='FTP file transfer'] [Session 45] [len=1159B]
2025-09-12 16:22:40 - [BENIGN] - DEBUG - Generated FTP ACK reply from h5:21 <- h3:61167 [len=54B]
2025-09-12 16:22:41 - [BENIGN] - DEBUG - Generated HTTP SYN from h3:40721 -> h5:80 [len=54B]
2025-09-12 16:22:41 - [BENIGN] - DEBUG - Generated HTTP SYN-ACK from h5:80 <- h3:40721 [len=54B]
2025-09-12 16:22:42 - [BENIGN] - DEBUG - Generated HTTP ACK from h3:40721 -> h5:80 [len=54B]
2025-09-12 16:22:42 - [BENIGN] - DEBUG - Generated HTTP data traffic from h3:40721 -> h5:80 [content='GET /index.html HTTP/1.1'] [Session 46] [len=573B]
2025-09-12 16:22:43 - [BENIGN] - DEBUG - Generated HTTP ACK reply from h5:80 <- h3:40721 [len=54B]
2025-09-12 16:22:44 - [BENIGN] - DEBUG - Generated HTTPS SYN from h3:60723 -> h5:443 [len=54B]
2025-09-12 16:22:44 - [BENIGN] - DEBUG - Generated HTTPS SYN-ACK from h5:443 <- h3:60723 [len=54B]
2025-09-12 16:22:45 - [BENIGN] - DEBUG - Generated HTTPS ACK from h3:60723 -> h5:443 [len=54B]
2025-09-12 16:22:46 - [BENIGN] - DEBUG - Generated HTTPS data traffic from h3:60723 -> h5:443 [content='Encrypted Application Data'] [Session 47] [len=316B]
2025-09-12 16:22:46 - [BENIGN] - DEBUG - Generated HTTPS ACK reply from h5:443 <- h3:60723 [len=54B]
2025-09-12 16:22:47 - [BENIGN] - DEBUG - Generated DNS query from h3:14962 -> h5:53 [qname='example.com'] [Session 48] [len=71B]
2025-09-12 16:22:47 - [BENIGN] - DEBUG - Generated ICMP traffic h2↔h5 6 [len=84B]
2025-09-12 16:22:48 - [BENIGN] - DEBUG - Generated TCP SYN from h3:17815 -> h5:12345 [len=54B]
2025-09-12 16:22:48 - [BENIGN] - DEBUG - Generated TCP SYN-ACK from h5:12345 <- h3:17815 [len=54B]
2025-09-12 16:22:49 - [BENIGN] - DEBUG - Generated TCP ACK from h3:17815 -> h5:12345 [len=54B]
2025-09-12 16:22:50 - [BENIGN] - DEBUG - Generated TCP data traffic from h3:17815 -> h5:12345 [content='TCP data'] [Session 49] [len=1525B]
2025-09-12 16:22:50 - [BENIGN] - DEBUG - Generated TCP ACK reply from h5:12345 <- h3:17815 [len=54B]
2025-09-12 16:22:51 - [BENIGN] - DEBUG - Generated UDP traffic from h3:11461 -> h5:12346 [content='b54bbc9b170473c0729b5040f688e16212ede6b0...'] [Session 50] [len=1005B]
2025-09-12 16:22:51 - [BENIGN] - DEBUG - Generated Telnet SYN from h3:10145 -> h5:23 [len=54B]
2025-09-12 16:22:52 - [BENIGN] - DEBUG - Generated Telnet SYN-ACK from h5:23 <- h3:10145 [len=54B]
2025-09-12 16:22:53 - [BENIGN] - DEBUG - Generated Telnet ACK from h3:10145 -> h5:23 [len=54B]
2025-09-12 16:22:53 - [BENIGN] - DEBUG - Generated Telnet data traffic from h3:10145 -> h5:23 [content='Telnet command'] [Session 51] [len=329B]
2025-09-12 16:22:54 - [BENIGN] - DEBUG - Generated Telnet ACK reply from h5:23 <- h3:10145 [len=54B]
2025-09-12 16:22:55 - [BENIGN] - DEBUG - Generated SSH SYN from h3:8612 -> h5:22 [len=54B]
2025-09-12 16:22:55 - [BENIGN] - DEBUG - Generated SSH SYN-ACK from h5:22 <- h3:8612 [len=54B]
2025-09-12 16:22:56 - [BENIGN] - DEBUG - Generated SSH ACK from h3:8612 -> h5:22 [len=54B]
2025-09-12 16:22:56 - [BENIGN] - DEBUG - Generated SSH data traffic from h3:8612 -> h5:22 [content='SSH encrypted data'] [Session 52] [len=1145B]
2025-09-12 16:22:57 - [BENIGN] - DEBUG - Generated SSH ACK reply from h5:22 <- h3:8612 [len=54B]
2025-09-12 16:22:58 - [BENIGN] - DEBUG - Generated FTP SYN from h3:49536 -> h5:21 [len=54B]
2025-09-12 16:22:58 - [BENIGN] - DEBUG - Generated FTP SYN-ACK from h5:21 <- h3:49536 [len=54B]
2025-09-12 16:22:59 - [BENIGN] - DEBUG - Generated FTP ACK from h3:49536 -> h5:21 [len=54B]
2025-09-12 16:23:00 - [BENIGN] - DEBUG - Generated FTP data traffic from h3:49536 -> h5:21 [content='FTP file transfer'] [Session 53] [len=1513B]
2025-09-12 16:23:00 - [BENIGN] - DEBUG - Generated FTP ACK reply from h5:21 <- h3:49536 [len=54B]
2025-09-12 16:23:01 - [BENIGN] - DEBUG - Generated HTTP SYN from h3:47139 -> h5:80 [len=54B]
2025-09-12 16:23:01 - [BENIGN] - DEBUG - Generated HTTP SYN-ACK from h5:80 <- h3:47139 [len=54B]
2025-09-12 16:23:02 - [BENIGN] - DEBUG - Generated HTTP ACK from h3:47139 -> h5:80 [len=54B]
2025-09-12 16:23:03 - [BENIGN] - DEBUG - Generated HTTP data traffic from h3:47139 -> h5:80 [content='GET /index.html HTTP/1.1'] [Session 54] [len=310B]
2025-09-12 16:23:03 - [BENIGN] - DEBUG - Generated HTTP ACK reply from h5:80 <- h3:47139 [len=54B]
2025-09-12 16:23:04 - [BENIGN] - DEBUG - Generated HTTPS SYN from h3:44704 -> h5:443 [len=54B]
2025-09-12 16:23:05 - [BENIGN] - DEBUG - Generated HTTPS SYN-ACK from h5:443 <- h3:44704 [len=54B]
2025-09-12 16:23:05 - [BENIGN] - DEBUG - Generated HTTPS ACK from h3:44704 -> h5:443 [len=54B]
2025-09-12 16:23:06 - [BENIGN] - DEBUG - Generated HTTPS data traffic from h3:44704 -> h5:443 [content='Encrypted Application Data'] [Session 55] [len=537B]
2025-09-12 16:23:07 - [BENIGN] - DEBUG - Generated HTTPS ACK reply from h5:443 <- h3:44704 [len=54B]
2025-09-12 16:23:07 - [BENIGN] - DEBUG - Generated DNS query from h3:60086 -> h5:53 [qname='example.com'] [Session 56] [len=71B]
2025-09-12 16:23:07 - [BENIGN] - DEBUG - Generated ICMP traffic h2↔h5 7 [len=84B]
2025-09-12 16:23:08 - [BENIGN] - DEBUG - Generated TCP SYN from h3:40626 -> h5:12345 [len=54B]
2025-09-12 16:23:09 - [BENIGN] - DEBUG - Generated TCP SYN-ACK from h5:12345 <- h3:40626 [len=54B]
2025-09-12 16:23:09 - [BENIGN] - DEBUG - Generated TCP ACK from h3:40626 -> h5:12345 [len=54B]
2025-09-12 16:23:10 - [BENIGN] - DEBUG - Generated TCP data traffic from h3:40626 -> h5:12345 [content='TCP data'] [Session 57] [len=269B]
2025-09-12 16:23:10 - [BENIGN] - DEBUG - Generated TCP ACK reply from h5:12345 <- h3:40626 [len=54B]
2025-09-12 16:23:11 - [BENIGN] - DEBUG - Generated UDP traffic from h3:18536 -> h5:12346 [content='d8f9b96adc6beb731e3d5a4c1a31351b1d427944...'] [Session 58] [len=844B]
2025-09-12 16:23:12 - [BENIGN] - DEBUG - Generated Telnet SYN from h3:16317 -> h5:23 [len=54B]
2025-09-12 16:23:12 - [BENIGN] - DEBUG - Generated Telnet SYN-ACK from h5:23 <- h3:16317 [len=54B]
2025-09-12 16:23:13 - [BENIGN] - DEBUG - Generated Telnet ACK from h3:16317 -> h5:23 [len=54B]
2025-09-12 16:23:14 - [BENIGN] - DEBUG - Generated Telnet data traffic from h3:16317 -> h5:23 [content='Telnet command'] [Session 59] [len=1207B]
2025-09-12 16:23:14 - [BENIGN] - DEBUG - Generated Telnet ACK reply from h5:23 <- h3:16317 [len=54B]
2025-09-12 16:23:15 - [BENIGN] - DEBUG - Generated SSH SYN from h3:36883 -> h5:22 [len=54B]
2025-09-12 16:23:15 - [BENIGN] - DEBUG - Generated SSH SYN-ACK from h5:22 <- h3:36883 [len=54B]
2025-09-12 16:23:16 - [BENIGN] - DEBUG - Generated SSH ACK from h3:36883 -> h5:22 [len=54B]
2025-09-12 16:23:17 - [BENIGN] - DEBUG - Generated SSH data traffic from h3:36883 -> h5:22 [content='SSH encrypted data'] [Session 60] [len=1483B]
2025-09-12 16:23:17 - [BENIGN] - DEBUG - Generated SSH ACK reply from h5:22 <- h3:36883 [len=54B]
2025-09-12 16:23:18 - [BENIGN] - DEBUG - Generated FTP SYN from h3:59910 -> h5:21 [len=54B]
2025-09-12 16:23:19 - [BENIGN] - DEBUG - Generated FTP SYN-ACK from h5:21 <- h3:59910 [len=54B]
2025-09-12 16:23:19 - [BENIGN] - DEBUG - Generated FTP ACK from h3:59910 -> h5:21 [len=54B]
2025-09-12 16:23:20 - [BENIGN] - DEBUG - Generated FTP data traffic from h3:59910 -> h5:21 [content='FTP file transfer'] [Session 61] [len=236B]
2025-09-12 16:23:20 - [BENIGN] - DEBUG - Generated FTP ACK reply from h5:21 <- h3:59910 [len=54B]
2025-09-12 16:23:21 - [BENIGN] - DEBUG - Generated HTTP SYN from h3:47318 -> h5:80 [len=54B]
2025-09-12 16:23:22 - [BENIGN] - DEBUG - Generated HTTP SYN-ACK from h5:80 <- h3:47318 [len=54B]
2025-09-12 16:23:22 - [BENIGN] - DEBUG - Generated HTTP ACK from h3:47318 -> h5:80 [len=54B]
2025-09-12 16:23:23 - [BENIGN] - DEBUG - Generated HTTP data traffic from h3:47318 -> h5:80 [content='GET /index.html HTTP/1.1'] [Session 62] [len=276B]
2025-09-12 16:23:24 - [BENIGN] - DEBUG - Generated HTTP ACK reply from h5:80 <- h3:47318 [len=54B]
2025-09-12 16:23:24 - [BENIGN] - DEBUG - Generated HTTPS SYN from h3:33082 -> h5:443 [len=54B]
2025-09-12 16:23:25 - [BENIGN] - DEBUG - Generated HTTPS SYN-ACK from h5:443 <- h3:33082 [len=54B]
2025-09-12 16:23:25 - [BENIGN] - DEBUG - Generated HTTPS ACK from h3:33082 -> h5:443 [len=54B]
2025-09-12 16:23:26 - [BENIGN] - DEBUG - Generated HTTPS data traffic from h3:33082 -> h5:443 [content='Encrypted Application Data'] [Session 63] [len=447B]
2025-09-12 16:23:27 - [BENIGN] - DEBUG - Generated HTTPS ACK reply from h5:443 <- h3:33082 [len=54B]
2025-09-12 16:23:27 - [BENIGN] - DEBUG - Generated DNS query from h3:30405 -> h5:53 [qname='example.com'] [Session 64] [len=71B]
2025-09-12 16:23:27 - [BENIGN] - DEBUG - Generated ICMP traffic h2↔h5 8 [len=84B]
2025-09-12 16:23:28 - [BENIGN] - DEBUG - Generated TCP SYN from h3:3624 -> h5:12345 [len=54B]
2025-09-12 16:23:29 - [BENIGN] - DEBUG - Generated TCP SYN-ACK from h5:12345 <- h3:3624 [len=54B]
2025-09-12 16:23:29 - [BENIGN] - DEBUG - Generated TCP ACK from h3:3624 -> h5:12345 [len=54B]
2025-09-12 16:23:30 - [BENIGN] - DEBUG - Generated TCP data traffic from h3:3624 -> h5:12345 [content='TCP data'] [Session 65] [len=897B]
2025-09-12 16:23:31 - [BENIGN] - DEBUG - Generated TCP ACK reply from h5:12345 <- h3:3624 [len=54B]
2025-09-12 16:23:31 - [BENIGN] - DEBUG - Generated UDP traffic from h3:7856 -> h5:12346 [content='7abee7229675052001a16d1ef154a12a06aea963...'] [Session 66] [len=225B]
2025-09-12 16:23:32 - [BENIGN] - DEBUG - Generated Telnet SYN from h3:35945 -> h5:23 [len=54B]
2025-09-12 16:23:32 - [BENIGN] - DEBUG - Generated Telnet SYN-ACK from h5:23 <- h3:35945 [len=54B]
2025-09-12 16:23:33 - [BENIGN] - DEBUG - Generated Telnet ACK from h3:35945 -> h5:23 [len=54B]
2025-09-12 16:23:34 - [BENIGN] - DEBUG - Generated Telnet data traffic from h3:35945 -> h5:23 [content='Telnet command'] [Session 67] [len=330B]
2025-09-12 16:23:34 - [BENIGN] - DEBUG - Generated Telnet ACK reply from h5:23 <- h3:35945 [len=54B]
2025-09-12 16:23:35 - [BENIGN] - DEBUG - Generated SSH SYN from h3:17824 -> h5:22 [len=54B]
2025-09-12 16:23:36 - [BENIGN] - DEBUG - Generated SSH SYN-ACK from h5:22 <- h3:17824 [len=54B]
2025-09-12 16:23:36 - [BENIGN] - DEBUG - Generated SSH ACK from h3:17824 -> h5:22 [len=54B]
2025-09-12 16:23:37 - [BENIGN] - DEBUG - Generated SSH data traffic from h3:17824 -> h5:22 [content='SSH encrypted data'] [Session 68] [len=1302B]
2025-09-12 16:23:38 - [BENIGN] - DEBUG - Generated SSH ACK reply from h5:22 <- h3:17824 [len=54B]
2025-09-12 16:23:38 - [BENIGN] - DEBUG - Generated FTP SYN from h3:10502 -> h5:21 [len=54B]
2025-09-12 16:23:39 - [BENIGN] - DEBUG - Generated FTP SYN-ACK from h5:21 <- h3:10502 [len=54B]
2025-09-12 16:23:39 - [BENIGN] - DEBUG - Generated FTP ACK from h3:10502 -> h5:21 [len=54B]
2025-09-12 16:23:40 - [BENIGN] - DEBUG - Generated FTP data traffic from h3:10502 -> h5:21 [content='FTP file transfer'] [Session 69] [len=1436B]
2025-09-12 16:23:41 - [BENIGN] - DEBUG - Generated FTP ACK reply from h5:21 <- h3:10502 [len=54B]
2025-09-12 16:23:41 - [BENIGN] - DEBUG - Generated HTTP SYN from h3:5926 -> h5:80 [len=54B]
2025-09-12 16:23:42 - [BENIGN] - DEBUG - Generated HTTP SYN-ACK from h5:80 <- h3:5926 [len=54B]
2025-09-12 16:23:43 - [BENIGN] - DEBUG - Generated HTTP ACK from h3:5926 -> h5:80 [len=54B]
2025-09-12 16:23:43 - [BENIGN] - DEBUG - Generated HTTP data traffic from h3:5926 -> h5:80 [content='GET /index.html HTTP/1.1'] [Session 70] [len=593B]
2025-09-12 16:23:44 - [BENIGN] - DEBUG - Generated HTTP ACK reply from h5:80 <- h3:5926 [len=54B]
2025-09-12 16:23:44 - [BENIGN] - DEBUG - Generated HTTPS SYN from h3:37071 -> h5:443 [len=54B]
2025-09-12 16:23:45 - [BENIGN] - DEBUG - Generated HTTPS SYN-ACK from h5:443 <- h3:37071 [len=54B]
2025-09-12 16:23:46 - [BENIGN] - DEBUG - Generated HTTPS ACK from h3:37071 -> h5:443 [len=54B]
2025-09-12 16:23:46 - [BENIGN] - DEBUG - Generated HTTPS data traffic from h3:37071 -> h5:443 [content='Encrypted Application Data'] [Session 71] [len=683B]
2025-09-12 16:23:47 - [BENIGN] - DEBUG - Generated HTTPS ACK reply from h5:443 <- h3:37071 [len=54B]
2025-09-12 16:23:48 - [BENIGN] - DEBUG - Generated DNS query from h3:9141 -> h5:53 [qname='example.com'] [Session 72] [len=71B]
2025-09-12 16:23:48 - [BENIGN] - DEBUG - Generated ICMP traffic h2↔h5 9 [len=84B]
2025-09-12 16:23:48 - [BENIGN] - DEBUG - Generated TCP SYN from h3:18475 -> h5:12345 [len=54B]
2025-09-12 16:23:49 - [BENIGN] - DEBUG - Generated TCP SYN-ACK from h5:12345 <- h3:18475 [len=54B]
2025-09-12 16:23:50 - [BENIGN] - DEBUG - Generated TCP ACK from h3:18475 -> h5:12345 [len=54B]
2025-09-12 16:23:50 - [BENIGN] - DEBUG - Generated TCP data traffic from h3:18475 -> h5:12345 [content='TCP data'] [Session 73] [len=1178B]
2025-09-12 16:23:51 - [BENIGN] - DEBUG - Generated TCP ACK reply from h5:12345 <- h3:18475 [len=54B]
2025-09-12 16:23:52 - [BENIGN] - DEBUG - Generated UDP traffic from h3:3430 -> h5:12346 [content='22ea1c43fd8d18e434b6e230ab4f41833711e8c2...'] [Session 74] [len=323B]
2025-09-12 16:23:52 - [BENIGN] - DEBUG - Generated Telnet SYN from h3:51204 -> h5:23 [len=54B]
2025-09-12 16:23:53 - [BENIGN] - DEBUG - Generated Telnet SYN-ACK from h5:23 <- h3:51204 [len=54B]
2025-09-12 16:23:53 - [BENIGN] - DEBUG - Generated Telnet ACK from h3:51204 -> h5:23 [len=54B]
2025-09-12 16:23:54 - [BENIGN] - DEBUG - Generated Telnet data traffic from h3:51204 -> h5:23 [content='Telnet command'] [Session 75] [len=616B]
2025-09-12 16:23:55 - [BENIGN] - DEBUG - Generated Telnet ACK reply from h5:23 <- h3:51204 [len=54B]
2025-09-12 16:23:55 - [BENIGN] - DEBUG - Generated SSH SYN from h3:19615 -> h5:22 [len=54B]
2025-09-12 16:23:56 - [BENIGN] - DEBUG - Generated SSH SYN-ACK from h5:22 <- h3:19615 [len=54B]
2025-09-12 16:23:57 - [BENIGN] - DEBUG - Generated SSH ACK from h3:19615 -> h5:22 [len=54B]
2025-09-12 16:23:57 - [BENIGN] - DEBUG - Generated SSH data traffic from h3:19615 -> h5:22 [content='SSH encrypted data'] [Session 76] [len=120B]
2025-09-12 16:23:58 - [BENIGN] - DEBUG - Generated SSH ACK reply from h5:22 <- h3:19615 [len=54B]
2025-09-12 16:23:58 - [BENIGN] - DEBUG - Generated FTP SYN from h3:21344 -> h5:21 [len=54B]
2025-09-12 16:23:59 - [BENIGN] - DEBUG - Generated FTP SYN-ACK from h5:21 <- h3:21344 [len=54B]
2025-09-12 16:24:00 - [BENIGN] - DEBUG - Generated FTP ACK from h3:21344 -> h5:21 [len=54B]
2025-09-12 16:24:00 - [BENIGN] - DEBUG - Generated FTP data traffic from h3:21344 -> h5:21 [content='FTP file transfer'] [Session 77] [len=1228B]
2025-09-12 16:24:01 - [BENIGN] - DEBUG - Generated FTP ACK reply from h5:21 <- h3:21344 [len=54B]
2025-09-12 16:24:02 - [BENIGN] - DEBUG - Generated HTTP SYN from h3:7666 -> h5:80 [len=54B]
2025-09-12 16:24:02 - [BENIGN] - DEBUG - Generated HTTP SYN-ACK from h5:80 <- h3:7666 [len=54B]
2025-09-12 16:24:03 - [BENIGN] - DEBUG - Generated HTTP ACK from h3:7666 -> h5:80 [len=54B]
2025-09-12 16:24:04 - [BENIGN] - DEBUG - Generated HTTP data traffic from h3:7666 -> h5:80 [content='GET /index.html HTTP/1.1'] [Session 78] [len=460B]
2025-09-12 16:24:04 - [BENIGN] - DEBUG - Generated HTTP ACK reply from h5:80 <- h3:7666 [len=54B]
2025-09-12 16:24:05 - [BENIGN] - DEBUG - Generated HTTPS SYN from h3:31974 -> h5:443 [len=54B]
2025-09-12 16:24:05 - [BENIGN] - DEBUG - Generated HTTPS SYN-ACK from h5:443 <- h3:31974 [len=54B]
2025-09-12 16:24:06 - [BENIGN] - DEBUG - Generated HTTPS ACK from h3:31974 -> h5:443 [len=54B]
2025-09-12 16:24:07 - [BENIGN] - DEBUG - Generated HTTPS data traffic from h3:31974 -> h5:443 [content='Encrypted Application Data'] [Session 79] [len=594B]
2025-09-12 16:24:07 - [BENIGN] - DEBUG - Generated HTTPS ACK reply from h5:443 <- h3:31974 [len=54B]
2025-09-12 16:24:08 - [BENIGN] - DEBUG - Generated DNS query from h3:26479 -> h5:53 [qname='example.com'] [Session 80] [len=71B]
2025-09-12 16:24:08 - [BENIGN] - INFO - Benign traffic finished.
2025-09-12 16:24:08 - [BENIGN] - INFO - Summary: 80 protocol sessions with protocol separation:
2025-09-12 16:24:08 - [BENIGN] - INFO -   - h2↔h5: ICMP ping traffic
2025-09-12 16:24:08 - [BENIGN] - INFO -   - h3↔h5: TCP/UDP traffic [TCP, UDP, Telnet, SSH, FTP, HTTP, HTTPS, DNS]
2025-09-12 16:24:08 - [BENIGN] - INFO - Total packets sent: 340
